[2022-01-12 12:49:51,461 I 13444 13444] core_worker.cc:132: Constructing CoreWorkerProcess. pid: 13444
[2022-01-12 12:49:51,467 I 13444 13444] grpc_server.cc:112: worker server started, listening on port 34967.
[2022-01-12 12:49:51,470 I 13444 13444] core_worker.cc:479: Initializing worker at address: 131.215.21.210:34967, worker ID 579cc361937ffe474e53a78e43287426f808ac4f7359930c15f2daa3, raylet 04d6931ffbe506b8c24a5f0a97a49854161b97e3d686d590974d9822
[2022-01-12 12:49:51,580 I 13444 13444] io_service_pool.cc:35: IOServicePool is running with 1 io_service.
[2022-01-12 12:49:51,588 I 13444 13733] accessor.cc:560: Received notification for node id = 04d6931ffbe506b8c24a5f0a97a49854161b97e3d686d590974d9822, IsAlive = 1
[2022-01-12 12:50:44,483 W 13444 13620] gcs_server_address_updater.cc:61: [1] Failed to get the gcs server address from raylet 1 times in a row. If it keeps failing to obtain the address, the worker might crash. Connection status IOError: 
[2022-01-12 12:50:45,482 I 13444 13733] raylet_client.cc:336: Error reporting task backlog information: IOError: 
[2022-01-12 12:50:45,586 I 13444 13733] raylet_client.cc:336: Error reporting task backlog information: IOError: 
[2022-01-12 12:50:46,586 I 13444 13733] raylet_client.cc:336: Error reporting task backlog information: IOError: 
[2022-01-12 12:50:47,586 I 13444 13733] raylet_client.cc:336: Error reporting task backlog information: IOError: 
[2022-01-12 12:50:48,586 I 13444 13733] raylet_client.cc:336: Error reporting task backlog information: IOError: 
[2022-01-12 12:50:49,586 I 13444 13733] raylet_client.cc:336: Error reporting task backlog information: IOError: 
[2022-01-12 12:50:50,586 I 13444 13733] raylet_client.cc:336: Error reporting task backlog information: IOError: 
[2022-01-12 12:50:51,586 I 13444 13733] raylet_client.cc:336: Error reporting task backlog information: IOError: 
[2022-01-12 12:50:51,642 W 13444 13734] metric_exporter.cc:206: Export metrics to agent failed: IOError: . This won't affect Ray, but you can lose metrics from the cluster.
[2022-01-12 12:50:52,586 I 13444 13733] raylet_client.cc:336: Error reporting task backlog information: IOError: 
[2022-01-12 12:50:53,587 I 13444 13733] raylet_client.cc:336: Error reporting task backlog information: IOError: 
[2022-01-12 12:50:54,587 I 13444 13733] raylet_client.cc:336: Error reporting task backlog information: IOError: 
[2022-01-12 12:50:55,587 I 13444 13733] raylet_client.cc:336: Error reporting task backlog information: IOError: 
[2022-01-12 12:50:56,587 I 13444 13733] raylet_client.cc:336: Error reporting task backlog information: IOError: 
[2022-01-12 12:50:57,587 I 13444 13733] raylet_client.cc:336: Error reporting task backlog information: IOError: 
[2022-01-12 12:50:58,587 I 13444 13733] raylet_client.cc:336: Error reporting task backlog information: IOError: 
[2022-01-12 12:50:59,587 I 13444 13733] raylet_client.cc:336: Error reporting task backlog information: IOError: 
[2022-01-12 12:51:00,587 I 13444 13733] raylet_client.cc:336: Error reporting task backlog information: IOError: 
[2022-01-12 12:51:01,587 I 13444 13733] raylet_client.cc:336: Error reporting task backlog information: IOError: 
[2022-01-12 12:51:01,650 W 13444 13734] metric_exporter.cc:206: Export metrics to agent failed: IOError: . This won't affect Ray, but you can lose metrics from the cluster.
[2022-01-12 12:51:02,587 I 13444 13733] raylet_client.cc:336: Error reporting task backlog information: IOError: 
[2022-01-12 12:51:03,587 I 13444 13733] raylet_client.cc:336: Error reporting task backlog information: IOError: 
[2022-01-12 12:51:04,587 I 13444 13733] raylet_client.cc:336: Error reporting task backlog information: IOError: 
[2022-01-12 12:51:05,587 I 13444 13733] raylet_client.cc:336: Error reporting task backlog information: IOError: 
[2022-01-12 12:51:06,587 I 13444 13733] raylet_client.cc:336: Error reporting task backlog information: IOError: 
[2022-01-12 12:51:07,587 I 13444 13733] raylet_client.cc:336: Error reporting task backlog information: IOError: 
[2022-01-12 12:51:08,588 I 13444 13733] raylet_client.cc:336: Error reporting task backlog information: IOError: 
[2022-01-12 12:51:09,588 I 13444 13733] raylet_client.cc:336: Error reporting task backlog information: IOError: 
[2022-01-12 12:51:10,588 I 13444 13733] raylet_client.cc:336: Error reporting task backlog information: IOError: 
[2022-01-12 12:51:11,588 I 13444 13733] raylet_client.cc:336: Error reporting task backlog information: IOError: 
[2022-01-12 12:51:11,656 W 13444 13734] metric_exporter.cc:206: Export metrics to agent failed: IOError: . This won't affect Ray, but you can lose metrics from the cluster.
[2022-01-12 12:51:12,588 I 13444 13733] raylet_client.cc:336: Error reporting task backlog information: IOError: 
[2022-01-12 12:51:13,588 I 13444 13733] raylet_client.cc:336: Error reporting task backlog information: IOError: 
[2022-01-12 12:51:14,588 I 13444 13733] raylet_client.cc:336: Error reporting task backlog information: IOError: 
[2022-01-12 12:51:15,588 I 13444 13733] raylet_client.cc:336: Error reporting task backlog information: IOError: 
[2022-01-12 12:51:16,588 I 13444 13733] raylet_client.cc:336: Error reporting task backlog information: IOError: 
[2022-01-12 12:51:17,588 I 13444 13733] raylet_client.cc:336: Error reporting task backlog information: IOError: 
[2022-01-12 12:51:18,588 I 13444 13733] raylet_client.cc:336: Error reporting task backlog information: IOError: 
[2022-01-12 12:51:19,588 I 13444 13733] raylet_client.cc:336: Error reporting task backlog information: IOError: 
[2022-01-12 12:51:20,588 I 13444 13733] raylet_client.cc:336: Error reporting task backlog information: IOError: 
[2022-01-12 12:51:21,588 I 13444 13733] raylet_client.cc:336: Error reporting task backlog information: IOError: 
[2022-01-12 12:51:21,663 W 13444 13734] metric_exporter.cc:206: Export metrics to agent failed: IOError: . This won't affect Ray, but you can lose metrics from the cluster.
[2022-01-12 12:51:22,589 I 13444 13733] raylet_client.cc:336: Error reporting task backlog information: IOError: 
[2022-01-12 12:51:23,589 I 13444 13733] raylet_client.cc:336: Error reporting task backlog information: IOError: 
[2022-01-12 12:51:24,589 I 13444 13733] raylet_client.cc:336: Error reporting task backlog information: IOError: 
[2022-01-12 12:51:25,589 I 13444 13733] raylet_client.cc:336: Error reporting task backlog information: IOError: 
[2022-01-12 12:51:26,589 I 13444 13733] raylet_client.cc:336: Error reporting task backlog information: IOError: 
[2022-01-12 12:51:27,589 I 13444 13733] raylet_client.cc:336: Error reporting task backlog information: IOError: 
[2022-01-12 12:51:28,589 I 13444 13733] raylet_client.cc:336: Error reporting task backlog information: IOError: 
[2022-01-12 12:51:29,589 I 13444 13733] raylet_client.cc:336: Error reporting task backlog information: IOError: 
[2022-01-12 12:51:30,589 I 13444 13733] raylet_client.cc:336: Error reporting task backlog information: IOError: 
[2022-01-12 12:51:31,589 I 13444 13733] raylet_client.cc:336: Error reporting task backlog information: IOError: 
[2022-01-12 12:51:31,674 W 13444 13734] metric_exporter.cc:206: Export metrics to agent failed: IOError: . This won't affect Ray, but you can lose metrics from the cluster.
[2022-01-12 12:51:32,589 I 13444 13733] raylet_client.cc:336: Error reporting task backlog information: IOError: 
[2022-01-12 12:51:33,590 I 13444 13733] raylet_client.cc:336: Error reporting task backlog information: IOError: 
[2022-01-12 12:51:34,590 I 13444 13733] raylet_client.cc:336: Error reporting task backlog information: IOError: 
[2022-01-12 12:51:35,590 I 13444 13733] raylet_client.cc:336: Error reporting task backlog information: IOError: 
[2022-01-12 12:51:36,590 I 13444 13733] raylet_client.cc:336: Error reporting task backlog information: IOError: 
[2022-01-12 12:51:37,590 I 13444 13733] raylet_client.cc:336: Error reporting task backlog information: IOError: 
[2022-01-12 12:51:38,590 I 13444 13733] raylet_client.cc:336: Error reporting task backlog information: IOError: 
[2022-01-12 12:51:39,590 I 13444 13733] raylet_client.cc:336: Error reporting task backlog information: IOError: 
[2022-01-12 12:51:40,590 I 13444 13733] raylet_client.cc:336: Error reporting task backlog information: IOError: 
[2022-01-12 12:51:41,590 I 13444 13733] raylet_client.cc:336: Error reporting task backlog information: IOError: 
[2022-01-12 12:51:41,681 W 13444 13734] metric_exporter.cc:206: Export metrics to agent failed: IOError: . This won't affect Ray, but you can lose metrics from the cluster.
[2022-01-12 12:51:42,590 I 13444 13733] raylet_client.cc:336: Error reporting task backlog information: IOError: 
[2022-01-12 12:51:43,590 I 13444 13733] raylet_client.cc:336: Error reporting task backlog information: IOError: 
[2022-01-12 12:51:44,591 I 13444 13733] raylet_client.cc:336: Error reporting task backlog information: IOError: 
[2022-01-12 12:51:45,591 I 13444 13733] raylet_client.cc:336: Error reporting task backlog information: IOError: 
[2022-01-12 12:51:46,591 I 13444 13733] raylet_client.cc:336: Error reporting task backlog information: IOError: 
[2022-01-12 12:51:47,591 I 13444 13733] raylet_client.cc:336: Error reporting task backlog information: IOError: 
[2022-01-12 12:51:48,591 I 13444 13733] raylet_client.cc:336: Error reporting task backlog information: IOError: 
[2022-01-12 12:51:49,591 I 13444 13733] raylet_client.cc:336: Error reporting task backlog information: IOError: 
[2022-01-12 12:51:50,591 I 13444 13733] raylet_client.cc:336: Error reporting task backlog information: IOError: 
[2022-01-12 12:51:51,591 I 13444 13733] raylet_client.cc:336: Error reporting task backlog information: IOError: 
[2022-01-12 12:51:51,689 W 13444 13734] metric_exporter.cc:206: Export metrics to agent failed: IOError: . This won't affect Ray, but you can lose metrics from the cluster.
[2022-01-12 12:51:52,591 I 13444 13733] raylet_client.cc:336: Error reporting task backlog information: IOError: 
[2022-01-12 12:51:53,591 I 13444 13733] raylet_client.cc:336: Error reporting task backlog information: IOError: 
[2022-01-12 12:51:54,591 I 13444 13733] raylet_client.cc:336: Error reporting task backlog information: IOError: 
[2022-01-12 12:51:55,592 I 13444 13733] raylet_client.cc:336: Error reporting task backlog information: IOError: 
[2022-01-12 12:51:56,592 I 13444 13733] raylet_client.cc:336: Error reporting task backlog information: IOError: 
[2022-01-12 12:51:57,592 I 13444 13733] raylet_client.cc:336: Error reporting task backlog information: IOError: 
[2022-01-12 12:51:58,592 I 13444 13733] raylet_client.cc:336: Error reporting task backlog information: IOError: 
[2022-01-12 12:51:59,592 I 13444 13733] raylet_client.cc:336: Error reporting task backlog information: IOError: 
[2022-01-12 12:52:00,592 I 13444 13733] raylet_client.cc:336: Error reporting task backlog information: IOError: 
[2022-01-12 12:52:01,592 I 13444 13733] raylet_client.cc:336: Error reporting task backlog information: IOError: 
[2022-01-12 12:52:01,695 W 13444 13734] metric_exporter.cc:206: Export metrics to agent failed: IOError: . This won't affect Ray, but you can lose metrics from the cluster.
[2022-01-12 12:52:02,592 I 13444 13733] raylet_client.cc:336: Error reporting task backlog information: IOError: 
[2022-01-12 12:52:03,592 I 13444 13733] raylet_client.cc:336: Error reporting task backlog information: IOError: 
[2022-01-12 12:52:04,592 I 13444 13733] raylet_client.cc:336: Error reporting task backlog information: IOError: 
[2022-01-12 12:52:05,592 I 13444 13733] raylet_client.cc:336: Error reporting task backlog information: IOError: 
[2022-01-12 12:52:06,592 I 13444 13733] raylet_client.cc:336: Error reporting task backlog information: IOError: 
[2022-01-12 12:52:07,592 I 13444 13733] raylet_client.cc:336: Error reporting task backlog information: IOError: 
[2022-01-12 12:52:08,593 I 13444 13733] raylet_client.cc:336: Error reporting task backlog information: IOError: 
[2022-01-12 12:52:09,593 I 13444 13733] raylet_client.cc:336: Error reporting task backlog information: IOError: 
[2022-01-12 12:52:10,593 I 13444 13733] raylet_client.cc:336: Error reporting task backlog information: IOError: 
[2022-01-12 12:52:11,593 I 13444 13733] raylet_client.cc:336: Error reporting task backlog information: IOError: 
[2022-01-12 12:52:11,704 W 13444 13734] metric_exporter.cc:206: Export metrics to agent failed: IOError: . This won't affect Ray, but you can lose metrics from the cluster.
[2022-01-12 12:52:12,593 I 13444 13733] raylet_client.cc:336: Error reporting task backlog information: IOError: 
[2022-01-12 12:52:13,593 I 13444 13733] raylet_client.cc:336: Error reporting task backlog information: IOError: 
[2022-01-12 12:52:14,593 I 13444 13733] raylet_client.cc:336: Error reporting task backlog information: IOError: 
[2022-01-12 12:52:15,593 I 13444 13733] raylet_client.cc:336: Error reporting task backlog information: IOError: 
[2022-01-12 12:52:16,593 I 13444 13733] raylet_client.cc:336: Error reporting task backlog information: IOError: 
[2022-01-12 12:52:17,593 I 13444 13733] raylet_client.cc:336: Error reporting task backlog information: IOError: 
[2022-01-12 12:52:18,593 I 13444 13733] raylet_client.cc:336: Error reporting task backlog information: IOError: 
[2022-01-12 12:52:19,594 I 13444 13733] raylet_client.cc:336: Error reporting task backlog information: IOError: 
[2022-01-12 12:52:20,594 I 13444 13733] raylet_client.cc:336: Error reporting task backlog information: IOError: 
[2022-01-12 12:52:21,594 I 13444 13733] raylet_client.cc:336: Error reporting task backlog information: IOError: 
[2022-01-12 12:52:21,710 W 13444 13734] metric_exporter.cc:206: Export metrics to agent failed: IOError: . This won't affect Ray, but you can lose metrics from the cluster.
[2022-01-12 12:52:22,594 I 13444 13733] raylet_client.cc:336: Error reporting task backlog information: IOError: 
[2022-01-12 12:52:23,594 I 13444 13733] raylet_client.cc:336: Error reporting task backlog information: IOError: 
[2022-01-12 12:52:24,594 I 13444 13733] raylet_client.cc:336: Error reporting task backlog information: IOError: 
[2022-01-12 12:52:25,594 I 13444 13733] raylet_client.cc:336: Error reporting task backlog information: IOError: 
[2022-01-12 12:52:26,594 I 13444 13733] raylet_client.cc:336: Error reporting task backlog information: IOError: 
[2022-01-12 12:52:27,594 I 13444 13733] raylet_client.cc:336: Error reporting task backlog information: IOError: 
[2022-01-12 12:52:28,594 I 13444 13733] raylet_client.cc:336: Error reporting task backlog information: IOError: 
[2022-01-12 12:52:29,595 I 13444 13733] raylet_client.cc:336: Error reporting task backlog information: IOError: 
[2022-01-12 12:52:30,595 I 13444 13733] raylet_client.cc:336: Error reporting task backlog information: IOError: 
[2022-01-12 12:52:31,595 I 13444 13733] raylet_client.cc:336: Error reporting task backlog information: IOError: 
[2022-01-12 12:52:31,718 W 13444 13734] metric_exporter.cc:206: Export metrics to agent failed: IOError: . This won't affect Ray, but you can lose metrics from the cluster.
[2022-01-12 12:52:32,595 I 13444 13733] raylet_client.cc:336: Error reporting task backlog information: IOError: 
[2022-01-12 12:52:33,595 I 13444 13733] raylet_client.cc:336: Error reporting task backlog information: IOError: 
[2022-01-12 12:52:34,595 I 13444 13733] raylet_client.cc:336: Error reporting task backlog information: IOError: 
[2022-01-12 12:52:35,595 I 13444 13733] raylet_client.cc:336: Error reporting task backlog information: IOError: 
[2022-01-12 12:52:36,595 I 13444 13733] raylet_client.cc:336: Error reporting task backlog information: IOError: 
[2022-01-12 12:52:37,595 I 13444 13733] raylet_client.cc:336: Error reporting task backlog information: IOError: 
[2022-01-12 12:52:38,595 I 13444 13733] raylet_client.cc:336: Error reporting task backlog information: IOError: 
[2022-01-12 12:52:39,596 I 13444 13733] raylet_client.cc:336: Error reporting task backlog information: IOError: 
[2022-01-12 12:52:40,596 I 13444 13733] raylet_client.cc:336: Error reporting task backlog information: IOError: 
[2022-01-12 12:52:41,596 I 13444 13733] raylet_client.cc:336: Error reporting task backlog information: IOError: 
[2022-01-12 12:52:41,725 W 13444 13734] metric_exporter.cc:206: Export metrics to agent failed: IOError: . This won't affect Ray, but you can lose metrics from the cluster.
[2022-01-12 12:52:42,596 I 13444 13733] raylet_client.cc:336: Error reporting task backlog information: IOError: 
[2022-01-12 12:52:43,596 I 13444 13733] raylet_client.cc:336: Error reporting task backlog information: IOError: 
[2022-01-12 12:52:44,596 I 13444 13733] raylet_client.cc:336: Error reporting task backlog information: IOError: 
[2022-01-12 12:52:45,596 I 13444 13733] raylet_client.cc:336: Error reporting task backlog information: IOError: 
[2022-01-12 12:52:46,596 I 13444 13733] raylet_client.cc:336: Error reporting task backlog information: IOError: 
[2022-01-12 12:52:47,596 I 13444 13733] raylet_client.cc:336: Error reporting task backlog information: IOError: 
[2022-01-12 12:52:48,596 I 13444 13733] raylet_client.cc:336: Error reporting task backlog information: IOError: 
[2022-01-12 12:52:49,596 I 13444 13733] raylet_client.cc:336: Error reporting task backlog information: IOError: 
[2022-01-12 12:52:50,596 I 13444 13733] raylet_client.cc:336: Error reporting task backlog information: IOError: 
[2022-01-12 12:52:51,596 I 13444 13733] raylet_client.cc:336: Error reporting task backlog information: IOError: 
[2022-01-12 12:52:51,732 W 13444 13734] metric_exporter.cc:206: Export metrics to agent failed: IOError: . This won't affect Ray, but you can lose metrics from the cluster.
[2022-01-12 12:52:52,597 I 13444 13733] raylet_client.cc:336: Error reporting task backlog information: IOError: 
[2022-01-12 12:52:53,597 I 13444 13733] raylet_client.cc:336: Error reporting task backlog information: IOError: 
[2022-01-12 12:52:54,597 I 13444 13733] raylet_client.cc:336: Error reporting task backlog information: IOError: 
[2022-01-12 12:52:55,597 I 13444 13733] raylet_client.cc:336: Error reporting task backlog information: IOError: 
[2022-01-12 12:52:56,597 I 13444 13733] raylet_client.cc:336: Error reporting task backlog information: IOError: 
[2022-01-12 12:52:57,597 I 13444 13733] raylet_client.cc:336: Error reporting task backlog information: IOError: 
[2022-01-12 12:52:58,597 I 13444 13733] raylet_client.cc:336: Error reporting task backlog information: IOError: 
[2022-01-12 12:52:59,597 I 13444 13733] raylet_client.cc:336: Error reporting task backlog information: IOError: 
[2022-01-12 12:53:00,597 I 13444 13733] raylet_client.cc:336: Error reporting task backlog information: IOError: 
[2022-01-12 12:53:01,597 I 13444 13733] raylet_client.cc:336: Error reporting task backlog information: IOError: 
[2022-01-12 12:53:01,738 W 13444 13734] metric_exporter.cc:206: Export metrics to agent failed: IOError: . This won't affect Ray, but you can lose metrics from the cluster.
[2022-01-12 12:53:02,597 I 13444 13733] raylet_client.cc:336: Error reporting task backlog information: IOError: 
[2022-01-12 12:53:03,597 I 13444 13733] raylet_client.cc:336: Error reporting task backlog information: IOError: 
[2022-01-12 12:53:04,598 I 13444 13733] raylet_client.cc:336: Error reporting task backlog information: IOError: 
[2022-01-12 12:53:05,598 I 13444 13733] raylet_client.cc:336: Error reporting task backlog information: IOError: 
[2022-01-12 12:53:06,598 I 13444 13733] raylet_client.cc:336: Error reporting task backlog information: IOError: 
[2022-01-12 12:53:07,598 I 13444 13733] raylet_client.cc:336: Error reporting task backlog information: IOError: 
[2022-01-12 12:53:08,598 I 13444 13733] raylet_client.cc:336: Error reporting task backlog information: IOError: 
[2022-01-12 12:53:09,598 I 13444 13733] raylet_client.cc:336: Error reporting task backlog information: IOError: 
[2022-01-12 12:53:10,598 I 13444 13733] raylet_client.cc:336: Error reporting task backlog information: IOError: 
[2022-01-12 12:53:11,598 I 13444 13733] raylet_client.cc:336: Error reporting task backlog information: IOError: 
[2022-01-12 12:53:11,745 W 13444 13734] metric_exporter.cc:206: Export metrics to agent failed: IOError: . This won't affect Ray, but you can lose metrics from the cluster.
[2022-01-12 12:53:12,598 I 13444 13733] raylet_client.cc:336: Error reporting task backlog information: IOError: 
[2022-01-12 12:53:13,598 I 13444 13733] raylet_client.cc:336: Error reporting task backlog information: IOError: 
[2022-01-12 12:53:14,598 I 13444 13733] raylet_client.cc:336: Error reporting task backlog information: IOError: 
[2022-01-12 12:53:15,598 I 13444 13733] raylet_client.cc:336: Error reporting task backlog information: IOError: 
[2022-01-12 12:53:16,599 I 13444 13733] raylet_client.cc:336: Error reporting task backlog information: IOError: 
[2022-01-12 12:53:17,599 I 13444 13733] raylet_client.cc:336: Error reporting task backlog information: IOError: 
[2022-01-12 12:53:18,599 I 13444 13733] raylet_client.cc:336: Error reporting task backlog information: IOError: 
[2022-01-12 12:53:19,599 I 13444 13733] raylet_client.cc:336: Error reporting task backlog information: IOError: 
[2022-01-12 12:53:20,599 I 13444 13733] raylet_client.cc:336: Error reporting task backlog information: IOError: 
[2022-01-12 12:53:21,599 I 13444 13733] raylet_client.cc:336: Error reporting task backlog information: IOError: 
[2022-01-12 12:53:21,752 W 13444 13734] metric_exporter.cc:206: Export metrics to agent failed: IOError: . This won't affect Ray, but you can lose metrics from the cluster.
[2022-01-12 12:53:22,599 I 13444 13733] raylet_client.cc:336: Error reporting task backlog information: IOError: 
[2022-01-12 12:53:23,599 I 13444 13733] raylet_client.cc:336: Error reporting task backlog information: IOError: 
[2022-01-12 12:53:24,599 I 13444 13733] raylet_client.cc:336: Error reporting task backlog information: IOError: 
[2022-01-12 12:53:25,599 I 13444 13733] raylet_client.cc:336: Error reporting task backlog information: IOError: 
[2022-01-12 12:53:26,599 I 13444 13733] raylet_client.cc:336: Error reporting task backlog information: IOError: 
[2022-01-12 12:53:27,600 I 13444 13733] raylet_client.cc:336: Error reporting task backlog information: IOError: 
[2022-01-12 12:53:28,600 I 13444 13733] raylet_client.cc:336: Error reporting task backlog information: IOError: 
[2022-01-12 12:53:29,600 I 13444 13733] raylet_client.cc:336: Error reporting task backlog information: IOError: 
[2022-01-12 12:53:30,600 I 13444 13733] raylet_client.cc:336: Error reporting task backlog information: IOError: 
[2022-01-12 12:53:31,600 I 13444 13733] raylet_client.cc:336: Error reporting task backlog information: IOError: 
[2022-01-12 12:53:31,758 W 13444 13734] metric_exporter.cc:206: Export metrics to agent failed: IOError: . This won't affect Ray, but you can lose metrics from the cluster.
[2022-01-12 12:53:32,600 I 13444 13733] raylet_client.cc:336: Error reporting task backlog information: IOError: 
[2022-01-12 12:53:33,600 I 13444 13733] raylet_client.cc:336: Error reporting task backlog information: IOError: 
[2022-01-12 12:53:34,600 I 13444 13733] raylet_client.cc:336: Error reporting task backlog information: IOError: 
[2022-01-12 12:53:35,600 I 13444 13733] raylet_client.cc:336: Error reporting task backlog information: IOError: 
[2022-01-12 12:53:36,600 I 13444 13733] raylet_client.cc:336: Error reporting task backlog information: IOError: 
[2022-01-12 12:53:37,600 I 13444 13733] raylet_client.cc:336: Error reporting task backlog information: IOError: 
[2022-01-12 12:53:38,600 I 13444 13733] raylet_client.cc:336: Error reporting task backlog information: IOError: 
[2022-01-12 12:53:39,601 I 13444 13733] raylet_client.cc:336: Error reporting task backlog information: IOError: 
[2022-01-12 12:53:40,601 I 13444 13733] raylet_client.cc:336: Error reporting task backlog information: IOError: 
[2022-01-12 12:53:41,601 I 13444 13733] raylet_client.cc:336: Error reporting task backlog information: IOError: 
[2022-01-12 12:53:41,765 W 13444 13734] metric_exporter.cc:206: Export metrics to agent failed: IOError: . This won't affect Ray, but you can lose metrics from the cluster.
[2022-01-12 12:53:42,601 I 13444 13733] raylet_client.cc:336: Error reporting task backlog information: IOError: 
[2022-01-12 12:53:43,601 I 13444 13733] raylet_client.cc:336: Error reporting task backlog information: IOError: 
[2022-01-12 12:53:44,601 I 13444 13733] raylet_client.cc:336: Error reporting task backlog information: IOError: 
[2022-01-12 12:53:45,601 I 13444 13733] raylet_client.cc:336: Error reporting task backlog information: IOError: 
[2022-01-12 12:53:46,601 I 13444 13733] raylet_client.cc:336: Error reporting task backlog information: IOError: 
[2022-01-12 12:53:47,601 I 13444 13733] raylet_client.cc:336: Error reporting task backlog information: IOError: 
[2022-01-12 12:53:48,601 I 13444 13733] raylet_client.cc:336: Error reporting task backlog information: IOError: 
[2022-01-12 12:53:49,601 I 13444 13733] raylet_client.cc:336: Error reporting task backlog information: IOError: 
[2022-01-12 12:53:50,601 I 13444 13733] raylet_client.cc:336: Error reporting task backlog information: IOError: 
[2022-01-12 12:53:51,602 I 13444 13733] raylet_client.cc:336: Error reporting task backlog information: IOError: 
[2022-01-12 12:53:51,772 W 13444 13734] metric_exporter.cc:206: Export metrics to agent failed: IOError: . This won't affect Ray, but you can lose metrics from the cluster.
[2022-01-12 12:53:52,602 I 13444 13733] raylet_client.cc:336: Error reporting task backlog information: IOError: 
[2022-01-12 12:53:53,602 I 13444 13733] raylet_client.cc:336: Error reporting task backlog information: IOError: 
[2022-01-12 12:53:54,602 I 13444 13733] raylet_client.cc:336: Error reporting task backlog information: IOError: 
[2022-01-12 12:53:55,602 I 13444 13733] raylet_client.cc:336: Error reporting task backlog information: IOError: 
[2022-01-12 12:53:56,605 I 13444 13733] raylet_client.cc:336: Error reporting task backlog information: IOError: 
[2022-01-12 12:53:57,605 I 13444 13733] raylet_client.cc:336: Error reporting task backlog information: IOError: 
[2022-01-12 12:53:58,605 I 13444 13733] raylet_client.cc:336: Error reporting task backlog information: IOError: 
[2022-01-12 12:53:59,605 I 13444 13733] raylet_client.cc:336: Error reporting task backlog information: IOError: 
[2022-01-12 12:54:00,605 I 13444 13733] raylet_client.cc:336: Error reporting task backlog information: IOError: 
[2022-01-12 12:54:01,605 I 13444 13733] raylet_client.cc:336: Error reporting task backlog information: IOError: 
[2022-01-12 12:54:01,779 W 13444 13734] metric_exporter.cc:206: Export metrics to agent failed: IOError: . This won't affect Ray, but you can lose metrics from the cluster.
[2022-01-12 12:54:02,606 I 13444 13733] raylet_client.cc:336: Error reporting task backlog information: IOError: 
[2022-01-12 12:54:03,606 I 13444 13733] raylet_client.cc:336: Error reporting task backlog information: IOError: 
[2022-01-12 12:54:04,606 I 13444 13733] raylet_client.cc:336: Error reporting task backlog information: IOError: 
[2022-01-12 12:54:05,606 I 13444 13733] raylet_client.cc:336: Error reporting task backlog information: IOError: 
[2022-01-12 12:54:06,606 I 13444 13733] raylet_client.cc:336: Error reporting task backlog information: IOError: 
[2022-01-12 12:54:07,606 I 13444 13733] raylet_client.cc:336: Error reporting task backlog information: IOError: 
[2022-01-12 12:54:08,606 I 13444 13733] raylet_client.cc:336: Error reporting task backlog information: IOError: 
[2022-01-12 12:54:09,606 I 13444 13733] raylet_client.cc:336: Error reporting task backlog information: IOError: 
[2022-01-12 12:54:10,606 I 13444 13733] raylet_client.cc:336: Error reporting task backlog information: IOError: 
[2022-01-12 12:54:11,606 I 13444 13733] raylet_client.cc:336: Error reporting task backlog information: IOError: 
[2022-01-12 12:54:11,786 W 13444 13734] metric_exporter.cc:206: Export metrics to agent failed: IOError: . This won't affect Ray, but you can lose metrics from the cluster.
[2022-01-12 12:54:12,606 I 13444 13733] raylet_client.cc:336: Error reporting task backlog information: IOError: 
[2022-01-12 12:54:13,606 I 13444 13733] raylet_client.cc:336: Error reporting task backlog information: IOError: 
[2022-01-12 12:54:14,607 I 13444 13733] raylet_client.cc:336: Error reporting task backlog information: IOError: 
[2022-01-12 12:54:15,607 I 13444 13733] raylet_client.cc:336: Error reporting task backlog information: IOError: 
[2022-01-12 12:54:16,607 I 13444 13733] raylet_client.cc:336: Error reporting task backlog information: IOError: 
[2022-01-12 12:54:17,607 I 13444 13733] raylet_client.cc:336: Error reporting task backlog information: IOError: 
[2022-01-12 12:54:18,607 I 13444 13733] raylet_client.cc:336: Error reporting task backlog information: IOError: 
[2022-01-12 12:54:19,607 I 13444 13733] raylet_client.cc:336: Error reporting task backlog information: IOError: 
[2022-01-12 12:54:20,607 I 13444 13733] raylet_client.cc:336: Error reporting task backlog information: IOError: 
[2022-01-12 12:54:21,607 I 13444 13733] raylet_client.cc:336: Error reporting task backlog information: IOError: 
[2022-01-12 12:54:21,793 W 13444 13734] metric_exporter.cc:206: Export metrics to agent failed: IOError: . This won't affect Ray, but you can lose metrics from the cluster.
[2022-01-12 12:54:22,607 I 13444 13733] raylet_client.cc:336: Error reporting task backlog information: IOError: 
[2022-01-12 12:54:23,607 I 13444 13733] raylet_client.cc:336: Error reporting task backlog information: IOError: 
[2022-01-12 12:54:24,607 I 13444 13733] raylet_client.cc:336: Error reporting task backlog information: IOError: 
[2022-01-12 12:54:25,607 I 13444 13733] raylet_client.cc:336: Error reporting task backlog information: IOError: 
[2022-01-12 12:54:26,607 I 13444 13733] raylet_client.cc:336: Error reporting task backlog information: IOError: 
[2022-01-12 12:54:27,607 I 13444 13733] raylet_client.cc:336: Error reporting task backlog information: IOError: 
[2022-01-12 12:54:28,608 I 13444 13733] raylet_client.cc:336: Error reporting task backlog information: IOError: 
[2022-01-12 12:54:29,608 I 13444 13733] raylet_client.cc:336: Error reporting task backlog information: IOError: 
[2022-01-12 12:54:30,608 I 13444 13733] raylet_client.cc:336: Error reporting task backlog information: IOError: 
[2022-01-12 12:54:31,608 I 13444 13733] raylet_client.cc:336: Error reporting task backlog information: IOError: 
[2022-01-12 12:54:31,801 W 13444 13734] metric_exporter.cc:206: Export metrics to agent failed: IOError: . This won't affect Ray, but you can lose metrics from the cluster.
[2022-01-12 12:54:32,608 I 13444 13733] raylet_client.cc:336: Error reporting task backlog information: IOError: 
[2022-01-12 12:54:33,608 I 13444 13733] raylet_client.cc:336: Error reporting task backlog information: IOError: 
[2022-01-12 12:54:34,608 I 13444 13733] raylet_client.cc:336: Error reporting task backlog information: IOError: 
[2022-01-12 12:54:35,608 I 13444 13733] raylet_client.cc:336: Error reporting task backlog information: IOError: 
[2022-01-12 12:54:36,608 I 13444 13733] raylet_client.cc:336: Error reporting task backlog information: IOError: 
[2022-01-12 12:54:37,608 I 13444 13733] raylet_client.cc:336: Error reporting task backlog information: IOError: 
[2022-01-12 12:54:38,608 I 13444 13733] raylet_client.cc:336: Error reporting task backlog information: IOError: 
[2022-01-12 12:54:39,608 I 13444 13733] raylet_client.cc:336: Error reporting task backlog information: IOError: 
[2022-01-12 12:54:40,608 I 13444 13733] raylet_client.cc:336: Error reporting task backlog information: IOError: 
[2022-01-12 12:54:41,609 I 13444 13733] raylet_client.cc:336: Error reporting task backlog information: IOError: 
[2022-01-12 12:54:41,808 W 13444 13734] metric_exporter.cc:206: Export metrics to agent failed: IOError: . This won't affect Ray, but you can lose metrics from the cluster.
[2022-01-12 12:54:42,609 I 13444 13733] raylet_client.cc:336: Error reporting task backlog information: IOError: 
[2022-01-12 12:54:43,609 I 13444 13733] raylet_client.cc:336: Error reporting task backlog information: IOError: 
[2022-01-12 12:54:44,609 I 13444 13733] raylet_client.cc:336: Error reporting task backlog information: IOError: 
[2022-01-12 12:54:45,609 I 13444 13733] raylet_client.cc:336: Error reporting task backlog information: IOError: 
[2022-01-12 12:54:46,609 I 13444 13733] raylet_client.cc:336: Error reporting task backlog information: IOError: 
[2022-01-12 12:54:47,609 I 13444 13733] raylet_client.cc:336: Error reporting task backlog information: IOError: 
[2022-01-12 12:54:48,609 I 13444 13733] raylet_client.cc:336: Error reporting task backlog information: IOError: 
[2022-01-12 12:54:49,609 I 13444 13733] raylet_client.cc:336: Error reporting task backlog information: IOError: 
[2022-01-12 12:54:50,609 I 13444 13733] raylet_client.cc:336: Error reporting task backlog information: IOError: 
[2022-01-12 12:54:51,609 I 13444 13733] raylet_client.cc:336: Error reporting task backlog information: IOError: 
[2022-01-12 12:54:51,814 W 13444 13734] metric_exporter.cc:206: Export metrics to agent failed: IOError: . This won't affect Ray, but you can lose metrics from the cluster.
[2022-01-12 12:54:52,609 I 13444 13733] raylet_client.cc:336: Error reporting task backlog information: IOError: 
[2022-01-12 12:54:53,609 I 13444 13733] raylet_client.cc:336: Error reporting task backlog information: IOError: 
[2022-01-12 12:54:54,610 I 13444 13733] raylet_client.cc:336: Error reporting task backlog information: IOError: 
[2022-01-12 12:54:55,610 I 13444 13733] raylet_client.cc:336: Error reporting task backlog information: IOError: 
[2022-01-12 12:54:56,610 I 13444 13733] raylet_client.cc:336: Error reporting task backlog information: IOError: 
[2022-01-12 12:54:57,610 I 13444 13733] raylet_client.cc:336: Error reporting task backlog information: IOError: 
[2022-01-12 12:54:58,610 I 13444 13733] raylet_client.cc:336: Error reporting task backlog information: IOError: 
[2022-01-12 12:54:59,610 I 13444 13733] raylet_client.cc:336: Error reporting task backlog information: IOError: 
[2022-01-12 12:55:00,610 I 13444 13733] raylet_client.cc:336: Error reporting task backlog information: IOError: 
[2022-01-12 12:55:01,610 I 13444 13733] raylet_client.cc:336: Error reporting task backlog information: IOError: 
[2022-01-12 12:55:01,821 W 13444 13734] metric_exporter.cc:206: Export metrics to agent failed: IOError: . This won't affect Ray, but you can lose metrics from the cluster.
[2022-01-12 12:55:02,610 I 13444 13733] raylet_client.cc:336: Error reporting task backlog information: IOError: 
[2022-01-12 12:55:03,610 I 13444 13733] raylet_client.cc:336: Error reporting task backlog information: IOError: 
[2022-01-12 12:55:04,610 I 13444 13733] raylet_client.cc:336: Error reporting task backlog information: IOError: 
[2022-01-12 12:55:05,610 I 13444 13733] raylet_client.cc:336: Error reporting task backlog information: IOError: 
[2022-01-12 12:55:06,611 I 13444 13733] raylet_client.cc:336: Error reporting task backlog information: IOError: 
[2022-01-12 12:55:07,611 I 13444 13733] raylet_client.cc:336: Error reporting task backlog information: IOError: 
[2022-01-12 12:55:08,611 I 13444 13733] raylet_client.cc:336: Error reporting task backlog information: IOError: 
[2022-01-12 12:55:09,611 I 13444 13733] raylet_client.cc:336: Error reporting task backlog information: IOError: 
[2022-01-12 12:55:10,611 I 13444 13733] raylet_client.cc:336: Error reporting task backlog information: IOError: 
[2022-01-12 12:55:11,611 I 13444 13733] raylet_client.cc:336: Error reporting task backlog information: IOError: 
[2022-01-12 12:55:11,827 W 13444 13734] metric_exporter.cc:206: Export metrics to agent failed: IOError: . This won't affect Ray, but you can lose metrics from the cluster.
[2022-01-12 12:55:12,611 I 13444 13733] raylet_client.cc:336: Error reporting task backlog information: IOError: 
[2022-01-12 12:55:13,611 I 13444 13733] raylet_client.cc:336: Error reporting task backlog information: IOError: 
[2022-01-12 12:55:14,611 I 13444 13733] raylet_client.cc:336: Error reporting task backlog information: IOError: 
[2022-01-12 12:55:15,611 I 13444 13733] raylet_client.cc:336: Error reporting task backlog information: IOError: 
[2022-01-12 12:55:16,611 I 13444 13733] raylet_client.cc:336: Error reporting task backlog information: IOError: 
[2022-01-12 12:55:17,611 I 13444 13733] raylet_client.cc:336: Error reporting task backlog information: IOError: 
[2022-01-12 12:55:18,611 I 13444 13733] raylet_client.cc:336: Error reporting task backlog information: IOError: 
[2022-01-12 12:55:19,611 I 13444 13733] raylet_client.cc:336: Error reporting task backlog information: IOError: 
[2022-01-12 12:55:20,612 I 13444 13733] raylet_client.cc:336: Error reporting task backlog information: IOError: 
[2022-01-12 12:55:21,612 I 13444 13733] raylet_client.cc:336: Error reporting task backlog information: IOError: 
[2022-01-12 12:55:21,834 W 13444 13734] metric_exporter.cc:206: Export metrics to agent failed: IOError: . This won't affect Ray, but you can lose metrics from the cluster.
[2022-01-12 12:55:22,612 I 13444 13733] raylet_client.cc:336: Error reporting task backlog information: IOError: 
[2022-01-12 12:55:23,612 I 13444 13733] raylet_client.cc:336: Error reporting task backlog information: IOError: 
[2022-01-12 12:55:24,612 I 13444 13733] raylet_client.cc:336: Error reporting task backlog information: IOError: 
[2022-01-12 12:55:25,612 I 13444 13733] raylet_client.cc:336: Error reporting task backlog information: IOError: 
[2022-01-12 12:55:26,612 I 13444 13733] raylet_client.cc:336: Error reporting task backlog information: IOError: 
[2022-01-12 12:55:27,612 I 13444 13733] raylet_client.cc:336: Error reporting task backlog information: IOError: 
[2022-01-12 12:55:28,612 I 13444 13733] raylet_client.cc:336: Error reporting task backlog information: IOError: 
[2022-01-12 12:55:29,612 I 13444 13733] raylet_client.cc:336: Error reporting task backlog information: IOError: 
[2022-01-12 12:55:30,612 I 13444 13733] raylet_client.cc:336: Error reporting task backlog information: IOError: 
[2022-01-12 12:55:31,612 I 13444 13733] raylet_client.cc:336: Error reporting task backlog information: IOError: 
[2022-01-12 12:55:31,840 W 13444 13734] metric_exporter.cc:206: Export metrics to agent failed: IOError: . This won't affect Ray, but you can lose metrics from the cluster.
[2022-01-12 12:55:32,612 I 13444 13733] raylet_client.cc:336: Error reporting task backlog information: IOError: 
[2022-01-12 12:55:33,612 I 13444 13733] raylet_client.cc:336: Error reporting task backlog information: IOError: 
[2022-01-12 12:55:34,612 I 13444 13733] raylet_client.cc:336: Error reporting task backlog information: IOError: 
[2022-01-12 12:55:35,613 I 13444 13733] raylet_client.cc:336: Error reporting task backlog information: IOError: 
[2022-01-12 12:55:36,613 I 13444 13733] raylet_client.cc:336: Error reporting task backlog information: IOError: 
[2022-01-12 12:55:37,613 I 13444 13733] raylet_client.cc:336: Error reporting task backlog information: IOError: 
[2022-01-12 12:55:38,613 I 13444 13733] raylet_client.cc:336: Error reporting task backlog information: IOError: 
[2022-01-12 12:55:39,613 I 13444 13733] raylet_client.cc:336: Error reporting task backlog information: IOError: 
[2022-01-12 12:55:40,613 I 13444 13733] raylet_client.cc:336: Error reporting task backlog information: IOError: 
[2022-01-12 12:55:41,613 I 13444 13733] raylet_client.cc:336: Error reporting task backlog information: IOError: 
[2022-01-12 12:55:41,847 W 13444 13734] metric_exporter.cc:206: Export metrics to agent failed: IOError: . This won't affect Ray, but you can lose metrics from the cluster.
[2022-01-12 12:55:42,613 I 13444 13733] raylet_client.cc:336: Error reporting task backlog information: IOError: 
[2022-01-12 12:55:43,613 I 13444 13733] raylet_client.cc:336: Error reporting task backlog information: IOError: 
[2022-01-12 12:55:44,506 W 13444 13620] gcs_server_address_updater.cc:61: [301] Failed to get the gcs server address from raylet 301 times in a row. If it keeps failing to obtain the address, the worker might crash. Connection status IOError: 
[2022-01-12 12:55:44,613 I 13444 13733] raylet_client.cc:336: Error reporting task backlog information: IOError: 
[2022-01-12 12:55:45,613 I 13444 13733] raylet_client.cc:336: Error reporting task backlog information: IOError: 
[2022-01-12 12:55:46,613 I 13444 13733] raylet_client.cc:336: Error reporting task backlog information: IOError: 
[2022-01-12 12:55:47,613 I 13444 13733] raylet_client.cc:336: Error reporting task backlog information: IOError: 
[2022-01-12 12:55:48,614 I 13444 13733] raylet_client.cc:336: Error reporting task backlog information: IOError: 
[2022-01-12 12:55:49,614 I 13444 13733] raylet_client.cc:336: Error reporting task backlog information: IOError: 
[2022-01-12 12:55:50,614 I 13444 13733] raylet_client.cc:336: Error reporting task backlog information: IOError: 
[2022-01-12 12:55:51,614 I 13444 13733] raylet_client.cc:336: Error reporting task backlog information: IOError: 
[2022-01-12 12:55:51,853 W 13444 13734] metric_exporter.cc:206: Export metrics to agent failed: IOError: . This won't affect Ray, but you can lose metrics from the cluster.
[2022-01-12 12:55:52,614 I 13444 13733] raylet_client.cc:336: Error reporting task backlog information: IOError: 
[2022-01-12 12:55:53,614 I 13444 13733] raylet_client.cc:336: Error reporting task backlog information: IOError: 
[2022-01-12 12:55:54,614 I 13444 13733] raylet_client.cc:336: Error reporting task backlog information: IOError: 
[2022-01-12 12:55:55,614 I 13444 13733] raylet_client.cc:336: Error reporting task backlog information: IOError: 
[2022-01-12 12:55:56,614 I 13444 13733] raylet_client.cc:336: Error reporting task backlog information: IOError: 
[2022-01-12 12:55:57,614 I 13444 13733] raylet_client.cc:336: Error reporting task backlog information: IOError: 
[2022-01-12 12:55:58,614 I 13444 13733] raylet_client.cc:336: Error reporting task backlog information: IOError: 
[2022-01-12 12:55:59,614 I 13444 13733] raylet_client.cc:336: Error reporting task backlog information: IOError: 
[2022-01-12 12:56:00,614 I 13444 13733] raylet_client.cc:336: Error reporting task backlog information: IOError: 
[2022-01-12 12:56:01,614 I 13444 13733] raylet_client.cc:336: Error reporting task backlog information: IOError: 
[2022-01-12 12:56:01,860 W 13444 13734] metric_exporter.cc:206: Export metrics to agent failed: IOError: . This won't affect Ray, but you can lose metrics from the cluster.
[2022-01-12 12:56:02,615 I 13444 13733] raylet_client.cc:336: Error reporting task backlog information: IOError: 
[2022-01-12 12:56:03,615 I 13444 13733] raylet_client.cc:336: Error reporting task backlog information: IOError: 
[2022-01-12 12:56:04,615 I 13444 13733] raylet_client.cc:336: Error reporting task backlog information: IOError: 
[2022-01-12 12:56:05,615 I 13444 13733] raylet_client.cc:336: Error reporting task backlog information: IOError: 
[2022-01-12 12:56:06,615 I 13444 13733] raylet_client.cc:336: Error reporting task backlog information: IOError: 
[2022-01-12 12:56:07,615 I 13444 13733] raylet_client.cc:336: Error reporting task backlog information: IOError: 
[2022-01-12 12:56:08,615 I 13444 13733] raylet_client.cc:336: Error reporting task backlog information: IOError: 
[2022-01-12 12:56:09,615 I 13444 13733] raylet_client.cc:336: Error reporting task backlog information: IOError: 
[2022-01-12 12:56:10,615 I 13444 13733] raylet_client.cc:336: Error reporting task backlog information: IOError: 
[2022-01-12 12:56:11,615 I 13444 13733] raylet_client.cc:336: Error reporting task backlog information: IOError: 
[2022-01-12 12:56:11,867 W 13444 13734] metric_exporter.cc:206: Export metrics to agent failed: IOError: . This won't affect Ray, but you can lose metrics from the cluster.
[2022-01-12 12:56:12,615 I 13444 13733] raylet_client.cc:336: Error reporting task backlog information: IOError: 
[2022-01-12 12:56:13,615 I 13444 13733] raylet_client.cc:336: Error reporting task backlog information: IOError: 
[2022-01-12 12:56:14,615 I 13444 13733] raylet_client.cc:336: Error reporting task backlog information: IOError: 
[2022-01-12 12:56:15,615 I 13444 13733] raylet_client.cc:336: Error reporting task backlog information: IOError: 
[2022-01-12 12:56:16,615 I 13444 13733] raylet_client.cc:336: Error reporting task backlog information: IOError: 
[2022-01-12 12:56:17,615 I 13444 13733] raylet_client.cc:336: Error reporting task backlog information: IOError: 
[2022-01-12 12:56:18,616 I 13444 13733] raylet_client.cc:336: Error reporting task backlog information: IOError: 
[2022-01-12 12:56:19,616 I 13444 13733] raylet_client.cc:336: Error reporting task backlog information: IOError: 
[2022-01-12 12:56:20,616 I 13444 13733] raylet_client.cc:336: Error reporting task backlog information: IOError: 
[2022-01-12 12:56:21,616 I 13444 13733] raylet_client.cc:336: Error reporting task backlog information: IOError: 
[2022-01-12 12:56:21,874 W 13444 13734] metric_exporter.cc:206: Export metrics to agent failed: IOError: . This won't affect Ray, but you can lose metrics from the cluster.
[2022-01-12 12:56:22,616 I 13444 13733] raylet_client.cc:336: Error reporting task backlog information: IOError: 
[2022-01-12 12:56:23,616 I 13444 13733] raylet_client.cc:336: Error reporting task backlog information: IOError: 
[2022-01-12 12:56:24,616 I 13444 13733] raylet_client.cc:336: Error reporting task backlog information: IOError: 
[2022-01-12 12:56:25,616 I 13444 13733] raylet_client.cc:336: Error reporting task backlog information: IOError: 
[2022-01-12 12:56:26,616 I 13444 13733] raylet_client.cc:336: Error reporting task backlog information: IOError: 
[2022-01-12 12:56:27,616 I 13444 13733] raylet_client.cc:336: Error reporting task backlog information: IOError: 
[2022-01-12 12:56:28,616 I 13444 13733] raylet_client.cc:336: Error reporting task backlog information: IOError: 
[2022-01-12 12:56:29,616 I 13444 13733] raylet_client.cc:336: Error reporting task backlog information: IOError: 
[2022-01-12 12:56:30,616 I 13444 13733] raylet_client.cc:336: Error reporting task backlog information: IOError: 
[2022-01-12 12:56:31,616 I 13444 13733] raylet_client.cc:336: Error reporting task backlog information: IOError: 
[2022-01-12 12:56:31,881 W 13444 13734] metric_exporter.cc:206: Export metrics to agent failed: IOError: . This won't affect Ray, but you can lose metrics from the cluster.
[2022-01-12 12:56:32,617 I 13444 13733] raylet_client.cc:336: Error reporting task backlog information: IOError: 
[2022-01-12 12:56:33,617 I 13444 13733] raylet_client.cc:336: Error reporting task backlog information: IOError: 
[2022-01-12 12:56:34,617 I 13444 13733] raylet_client.cc:336: Error reporting task backlog information: IOError: 
[2022-01-12 12:56:35,617 I 13444 13733] raylet_client.cc:336: Error reporting task backlog information: IOError: 
[2022-01-12 12:56:36,617 I 13444 13733] raylet_client.cc:336: Error reporting task backlog information: IOError: 
[2022-01-12 12:56:37,617 I 13444 13733] raylet_client.cc:336: Error reporting task backlog information: IOError: 
[2022-01-12 12:56:38,617 I 13444 13733] raylet_client.cc:336: Error reporting task backlog information: IOError: 
[2022-01-12 12:56:39,617 I 13444 13733] raylet_client.cc:336: Error reporting task backlog information: IOError: 
[2022-01-12 12:56:40,617 I 13444 13733] raylet_client.cc:336: Error reporting task backlog information: IOError: 
[2022-01-12 12:56:41,617 I 13444 13733] raylet_client.cc:336: Error reporting task backlog information: IOError: 
[2022-01-12 12:56:41,892 W 13444 13734] metric_exporter.cc:206: Export metrics to agent failed: IOError: . This won't affect Ray, but you can lose metrics from the cluster.
[2022-01-12 12:56:42,617 I 13444 13733] raylet_client.cc:336: Error reporting task backlog information: IOError: 
[2022-01-12 12:56:43,617 I 13444 13733] raylet_client.cc:336: Error reporting task backlog information: IOError: 
[2022-01-12 12:56:44,617 I 13444 13733] raylet_client.cc:336: Error reporting task backlog information: IOError: 
[2022-01-12 12:56:45,618 I 13444 13733] raylet_client.cc:336: Error reporting task backlog information: IOError: 
[2022-01-12 12:56:46,618 I 13444 13733] raylet_client.cc:336: Error reporting task backlog information: IOError: 
[2022-01-12 12:56:47,618 I 13444 13733] raylet_client.cc:336: Error reporting task backlog information: IOError: 
[2022-01-12 12:56:48,618 I 13444 13733] raylet_client.cc:336: Error reporting task backlog information: IOError: 
[2022-01-12 12:56:49,618 I 13444 13733] raylet_client.cc:336: Error reporting task backlog information: IOError: 
[2022-01-12 12:56:50,618 I 13444 13733] raylet_client.cc:336: Error reporting task backlog information: IOError: 
[2022-01-12 12:56:51,618 I 13444 13733] raylet_client.cc:336: Error reporting task backlog information: IOError: 
[2022-01-12 12:56:51,900 W 13444 13734] metric_exporter.cc:206: Export metrics to agent failed: IOError: . This won't affect Ray, but you can lose metrics from the cluster.
[2022-01-12 12:56:52,618 I 13444 13733] raylet_client.cc:336: Error reporting task backlog information: IOError: 
[2022-01-12 12:56:53,618 I 13444 13733] raylet_client.cc:336: Error reporting task backlog information: IOError: 
[2022-01-12 12:56:54,618 I 13444 13733] raylet_client.cc:336: Error reporting task backlog information: IOError: 
[2022-01-12 12:56:55,618 I 13444 13733] raylet_client.cc:336: Error reporting task backlog information: IOError: 
[2022-01-12 12:56:56,618 I 13444 13733] raylet_client.cc:336: Error reporting task backlog information: IOError: 
[2022-01-12 12:56:57,618 I 13444 13733] raylet_client.cc:336: Error reporting task backlog information: IOError: 
[2022-01-12 12:56:58,618 I 13444 13733] raylet_client.cc:336: Error reporting task backlog information: IOError: 
[2022-01-12 12:56:59,618 I 13444 13733] raylet_client.cc:336: Error reporting task backlog information: IOError: 
[2022-01-12 12:57:00,619 I 13444 13733] raylet_client.cc:336: Error reporting task backlog information: IOError: 
[2022-01-12 12:57:01,619 I 13444 13733] raylet_client.cc:336: Error reporting task backlog information: IOError: 
[2022-01-12 12:57:01,906 W 13444 13734] metric_exporter.cc:206: Export metrics to agent failed: IOError: . This won't affect Ray, but you can lose metrics from the cluster.
[2022-01-12 12:57:02,619 I 13444 13733] raylet_client.cc:336: Error reporting task backlog information: IOError: 
[2022-01-12 12:57:03,619 I 13444 13733] raylet_client.cc:336: Error reporting task backlog information: IOError: 
[2022-01-12 12:57:04,619 I 13444 13733] raylet_client.cc:336: Error reporting task backlog information: IOError: 
[2022-01-12 12:57:05,619 I 13444 13733] raylet_client.cc:336: Error reporting task backlog information: IOError: 
[2022-01-12 12:57:06,619 I 13444 13733] raylet_client.cc:336: Error reporting task backlog information: IOError: 
[2022-01-12 12:57:07,619 I 13444 13733] raylet_client.cc:336: Error reporting task backlog information: IOError: 
[2022-01-12 12:57:08,619 I 13444 13733] raylet_client.cc:336: Error reporting task backlog information: IOError: 
[2022-01-12 12:57:09,619 I 13444 13733] raylet_client.cc:336: Error reporting task backlog information: IOError: 
[2022-01-12 12:57:10,619 I 13444 13733] raylet_client.cc:336: Error reporting task backlog information: IOError: 
[2022-01-12 12:57:11,619 I 13444 13733] raylet_client.cc:336: Error reporting task backlog information: IOError: 
[2022-01-12 12:57:11,914 W 13444 13734] metric_exporter.cc:206: Export metrics to agent failed: IOError: . This won't affect Ray, but you can lose metrics from the cluster.
[2022-01-12 12:57:12,619 I 13444 13733] raylet_client.cc:336: Error reporting task backlog information: IOError: 
[2022-01-12 12:57:13,619 I 13444 13733] raylet_client.cc:336: Error reporting task backlog information: IOError: 
[2022-01-12 12:57:14,620 I 13444 13733] raylet_client.cc:336: Error reporting task backlog information: IOError: 
[2022-01-12 12:57:15,620 I 13444 13733] raylet_client.cc:336: Error reporting task backlog information: IOError: 
[2022-01-12 12:57:16,620 I 13444 13733] raylet_client.cc:336: Error reporting task backlog information: IOError: 
[2022-01-12 12:57:17,620 I 13444 13733] raylet_client.cc:336: Error reporting task backlog information: IOError: 
[2022-01-12 12:57:18,620 I 13444 13733] raylet_client.cc:336: Error reporting task backlog information: IOError: 
[2022-01-12 12:57:19,620 I 13444 13733] raylet_client.cc:336: Error reporting task backlog information: IOError: 
[2022-01-12 12:57:20,620 I 13444 13733] raylet_client.cc:336: Error reporting task backlog information: IOError: 
[2022-01-12 12:57:21,620 I 13444 13733] raylet_client.cc:336: Error reporting task backlog information: IOError: 
[2022-01-12 12:57:21,920 W 13444 13734] metric_exporter.cc:206: Export metrics to agent failed: IOError: . This won't affect Ray, but you can lose metrics from the cluster.
[2022-01-12 12:57:22,620 I 13444 13733] raylet_client.cc:336: Error reporting task backlog information: IOError: 
[2022-01-12 12:57:23,620 I 13444 13733] raylet_client.cc:336: Error reporting task backlog information: IOError: 
[2022-01-12 12:57:24,620 I 13444 13733] raylet_client.cc:336: Error reporting task backlog information: IOError: 
[2022-01-12 12:57:25,620 I 13444 13733] raylet_client.cc:336: Error reporting task backlog information: IOError: 
[2022-01-12 12:57:26,620 I 13444 13733] raylet_client.cc:336: Error reporting task backlog information: IOError: 
[2022-01-12 12:57:27,620 I 13444 13733] raylet_client.cc:336: Error reporting task backlog information: IOError: 
[2022-01-12 12:57:28,620 I 13444 13733] raylet_client.cc:336: Error reporting task backlog information: IOError: 
[2022-01-12 12:57:29,620 I 13444 13733] raylet_client.cc:336: Error reporting task backlog information: IOError: 
[2022-01-12 12:57:30,620 I 13444 13733] raylet_client.cc:336: Error reporting task backlog information: IOError: 
[2022-01-12 12:57:31,621 I 13444 13733] raylet_client.cc:336: Error reporting task backlog information: IOError: 
[2022-01-12 12:57:31,927 W 13444 13734] metric_exporter.cc:206: Export metrics to agent failed: IOError: . This won't affect Ray, but you can lose metrics from the cluster.
[2022-01-12 12:57:32,621 I 13444 13733] raylet_client.cc:336: Error reporting task backlog information: IOError: 
[2022-01-12 12:57:33,621 I 13444 13733] raylet_client.cc:336: Error reporting task backlog information: IOError: 
[2022-01-12 12:57:34,621 I 13444 13733] raylet_client.cc:336: Error reporting task backlog information: IOError: 
[2022-01-12 12:57:35,621 I 13444 13733] raylet_client.cc:336: Error reporting task backlog information: IOError: 
[2022-01-12 12:57:36,621 I 13444 13733] raylet_client.cc:336: Error reporting task backlog information: IOError: 
[2022-01-12 12:57:37,621 I 13444 13733] raylet_client.cc:336: Error reporting task backlog information: IOError: 
[2022-01-12 12:57:38,621 I 13444 13733] raylet_client.cc:336: Error reporting task backlog information: IOError: 
[2022-01-12 12:57:39,621 I 13444 13733] raylet_client.cc:336: Error reporting task backlog information: IOError: 
[2022-01-12 12:57:40,621 I 13444 13733] raylet_client.cc:336: Error reporting task backlog information: IOError: 
[2022-01-12 12:57:41,621 I 13444 13733] raylet_client.cc:336: Error reporting task backlog information: IOError: 
[2022-01-12 12:57:41,934 W 13444 13734] metric_exporter.cc:206: Export metrics to agent failed: IOError: . This won't affect Ray, but you can lose metrics from the cluster.
[2022-01-12 12:57:42,621 I 13444 13733] raylet_client.cc:336: Error reporting task backlog information: IOError: 
[2022-01-12 12:57:43,621 I 13444 13733] raylet_client.cc:336: Error reporting task backlog information: IOError: 
[2022-01-12 12:57:44,621 I 13444 13733] raylet_client.cc:336: Error reporting task backlog information: IOError: 
[2022-01-12 12:57:45,621 I 13444 13733] raylet_client.cc:336: Error reporting task backlog information: IOError: 
[2022-01-12 12:57:46,624 I 13444 13733] raylet_client.cc:336: Error reporting task backlog information: IOError: 
[2022-01-12 12:57:47,624 I 13444 13733] raylet_client.cc:336: Error reporting task backlog information: IOError: 
[2022-01-12 12:57:48,624 I 13444 13733] raylet_client.cc:336: Error reporting task backlog information: IOError: 
[2022-01-12 12:57:49,624 I 13444 13733] raylet_client.cc:336: Error reporting task backlog information: IOError: 
[2022-01-12 12:57:50,624 I 13444 13733] raylet_client.cc:336: Error reporting task backlog information: IOError: 
[2022-01-12 12:57:51,624 I 13444 13733] raylet_client.cc:336: Error reporting task backlog information: IOError: 
[2022-01-12 12:57:51,940 W 13444 13734] metric_exporter.cc:206: Export metrics to agent failed: IOError: . This won't affect Ray, but you can lose metrics from the cluster.
[2022-01-12 12:57:52,624 I 13444 13733] raylet_client.cc:336: Error reporting task backlog information: IOError: 
[2022-01-12 12:57:53,624 I 13444 13733] raylet_client.cc:336: Error reporting task backlog information: IOError: 
[2022-01-12 12:57:54,624 I 13444 13733] raylet_client.cc:336: Error reporting task backlog information: IOError: 
[2022-01-12 12:57:55,624 I 13444 13733] raylet_client.cc:336: Error reporting task backlog information: IOError: 
[2022-01-12 12:57:56,624 I 13444 13733] raylet_client.cc:336: Error reporting task backlog information: IOError: 
[2022-01-12 12:57:57,625 I 13444 13733] raylet_client.cc:336: Error reporting task backlog information: IOError: 
[2022-01-12 12:57:58,625 I 13444 13733] raylet_client.cc:336: Error reporting task backlog information: IOError: 
[2022-01-12 12:57:59,625 I 13444 13733] raylet_client.cc:336: Error reporting task backlog information: IOError: 
[2022-01-12 12:58:00,625 I 13444 13733] raylet_client.cc:336: Error reporting task backlog information: IOError: 
[2022-01-12 12:58:01,625 I 13444 13733] raylet_client.cc:336: Error reporting task backlog information: IOError: 
[2022-01-12 12:58:01,950 W 13444 13734] metric_exporter.cc:206: Export metrics to agent failed: IOError: . This won't affect Ray, but you can lose metrics from the cluster.
[2022-01-12 12:58:02,625 I 13444 13733] raylet_client.cc:336: Error reporting task backlog information: IOError: 
[2022-01-12 12:58:03,625 I 13444 13733] raylet_client.cc:336: Error reporting task backlog information: IOError: 
[2022-01-12 12:58:04,625 I 13444 13733] raylet_client.cc:336: Error reporting task backlog information: IOError: 
[2022-01-12 12:58:05,625 I 13444 13733] raylet_client.cc:336: Error reporting task backlog information: IOError: 
[2022-01-12 12:58:06,625 I 13444 13733] raylet_client.cc:336: Error reporting task backlog information: IOError: 
[2022-01-12 12:58:07,625 I 13444 13733] raylet_client.cc:336: Error reporting task backlog information: IOError: 
[2022-01-12 12:58:08,625 I 13444 13733] raylet_client.cc:336: Error reporting task backlog information: IOError: 
[2022-01-12 12:58:09,625 I 13444 13733] raylet_client.cc:336: Error reporting task backlog information: IOError: 
[2022-01-12 12:58:10,626 I 13444 13733] raylet_client.cc:336: Error reporting task backlog information: IOError: 
[2022-01-12 12:58:11,626 I 13444 13733] raylet_client.cc:336: Error reporting task backlog information: IOError: 
[2022-01-12 12:58:11,958 W 13444 13734] metric_exporter.cc:206: Export metrics to agent failed: IOError: . This won't affect Ray, but you can lose metrics from the cluster.
[2022-01-12 12:58:12,626 I 13444 13733] raylet_client.cc:336: Error reporting task backlog information: IOError: 
[2022-01-12 12:58:13,626 I 13444 13733] raylet_client.cc:336: Error reporting task backlog information: IOError: 
[2022-01-12 12:58:14,626 I 13444 13733] raylet_client.cc:336: Error reporting task backlog information: IOError: 
[2022-01-12 12:58:15,626 I 13444 13733] raylet_client.cc:336: Error reporting task backlog information: IOError: 
[2022-01-12 12:58:16,626 I 13444 13733] raylet_client.cc:336: Error reporting task backlog information: IOError: 
[2022-01-12 12:58:17,626 I 13444 13733] raylet_client.cc:336: Error reporting task backlog information: IOError: 
[2022-01-12 12:58:18,626 I 13444 13733] raylet_client.cc:336: Error reporting task backlog information: IOError: 
[2022-01-12 12:58:19,626 I 13444 13733] raylet_client.cc:336: Error reporting task backlog information: IOError: 
[2022-01-12 12:58:20,626 I 13444 13733] raylet_client.cc:336: Error reporting task backlog information: IOError: 
[2022-01-12 12:58:21,626 I 13444 13733] raylet_client.cc:336: Error reporting task backlog information: IOError: 
[2022-01-12 12:58:21,964 W 13444 13734] metric_exporter.cc:206: Export metrics to agent failed: IOError: . This won't affect Ray, but you can lose metrics from the cluster.
[2022-01-12 12:58:22,626 I 13444 13733] raylet_client.cc:336: Error reporting task backlog information: IOError: 
[2022-01-12 12:58:23,626 I 13444 13733] raylet_client.cc:336: Error reporting task backlog information: IOError: 
[2022-01-12 12:58:24,627 I 13444 13733] raylet_client.cc:336: Error reporting task backlog information: IOError: 
[2022-01-12 12:58:25,627 I 13444 13733] raylet_client.cc:336: Error reporting task backlog information: IOError: 
[2022-01-12 12:58:26,627 I 13444 13733] raylet_client.cc:336: Error reporting task backlog information: IOError: 
[2022-01-12 12:58:27,627 I 13444 13733] raylet_client.cc:336: Error reporting task backlog information: IOError: 
[2022-01-12 12:58:28,627 I 13444 13733] raylet_client.cc:336: Error reporting task backlog information: IOError: 
[2022-01-12 12:58:29,627 I 13444 13733] raylet_client.cc:336: Error reporting task backlog information: IOError: 
[2022-01-12 12:58:30,628 I 13444 13733] raylet_client.cc:336: Error reporting task backlog information: IOError: 
[2022-01-12 12:58:31,628 I 13444 13733] raylet_client.cc:336: Error reporting task backlog information: IOError: 
[2022-01-12 12:58:31,973 W 13444 13734] metric_exporter.cc:206: Export metrics to agent failed: IOError: . This won't affect Ray, but you can lose metrics from the cluster.
[2022-01-12 12:58:32,628 I 13444 13733] raylet_client.cc:336: Error reporting task backlog information: IOError: 
[2022-01-12 12:58:33,628 I 13444 13733] raylet_client.cc:336: Error reporting task backlog information: IOError: 
[2022-01-12 12:58:34,628 I 13444 13733] raylet_client.cc:336: Error reporting task backlog information: IOError: 
[2022-01-12 12:58:35,628 I 13444 13733] raylet_client.cc:336: Error reporting task backlog information: IOError: 
[2022-01-12 12:58:36,628 I 13444 13733] raylet_client.cc:336: Error reporting task backlog information: IOError: 
[2022-01-12 12:58:37,629 I 13444 13733] raylet_client.cc:336: Error reporting task backlog information: IOError: 
[2022-01-12 12:58:38,629 I 13444 13733] raylet_client.cc:336: Error reporting task backlog information: IOError: 
[2022-01-12 12:58:39,629 I 13444 13733] raylet_client.cc:336: Error reporting task backlog information: IOError: 
[2022-01-12 12:58:40,629 I 13444 13733] raylet_client.cc:336: Error reporting task backlog information: IOError: 
[2022-01-12 12:58:41,630 I 13444 13733] raylet_client.cc:336: Error reporting task backlog information: IOError: 
[2022-01-12 12:58:41,983 W 13444 13734] metric_exporter.cc:206: Export metrics to agent failed: IOError: . This won't affect Ray, but you can lose metrics from the cluster.
[2022-01-12 12:58:42,630 I 13444 13733] raylet_client.cc:336: Error reporting task backlog information: IOError: 
[2022-01-12 12:58:43,630 I 13444 13733] raylet_client.cc:336: Error reporting task backlog information: IOError: 
[2022-01-12 12:58:44,630 I 13444 13733] raylet_client.cc:336: Error reporting task backlog information: IOError: 
[2022-01-12 12:58:45,631 I 13444 13733] raylet_client.cc:336: Error reporting task backlog information: IOError: 
[2022-01-12 12:58:46,631 I 13444 13733] raylet_client.cc:336: Error reporting task backlog information: IOError: 
[2022-01-12 12:58:47,631 I 13444 13733] raylet_client.cc:336: Error reporting task backlog information: IOError: 
[2022-01-12 12:58:48,631 I 13444 13733] raylet_client.cc:336: Error reporting task backlog information: IOError: 
[2022-01-12 12:58:49,631 I 13444 13733] raylet_client.cc:336: Error reporting task backlog information: IOError: 
[2022-01-12 12:58:50,632 I 13444 13733] raylet_client.cc:336: Error reporting task backlog information: IOError: 
[2022-01-12 12:58:51,632 I 13444 13733] raylet_client.cc:336: Error reporting task backlog information: IOError: 
[2022-01-12 12:58:51,994 W 13444 13734] metric_exporter.cc:206: Export metrics to agent failed: IOError: . This won't affect Ray, but you can lose metrics from the cluster.
[2022-01-12 12:58:52,632 I 13444 13733] raylet_client.cc:336: Error reporting task backlog information: IOError: 
[2022-01-12 12:58:53,632 I 13444 13733] raylet_client.cc:336: Error reporting task backlog information: IOError: 
[2022-01-12 12:58:54,632 I 13444 13733] raylet_client.cc:336: Error reporting task backlog information: IOError: 
[2022-01-12 12:58:55,632 I 13444 13733] raylet_client.cc:336: Error reporting task backlog information: IOError: 
[2022-01-12 12:58:56,632 I 13444 13733] raylet_client.cc:336: Error reporting task backlog information: IOError: 
[2022-01-12 12:58:57,633 I 13444 13733] raylet_client.cc:336: Error reporting task backlog information: IOError: 
[2022-01-12 12:58:58,633 I 13444 13733] raylet_client.cc:336: Error reporting task backlog information: IOError: 
[2022-01-12 12:58:59,633 I 13444 13733] raylet_client.cc:336: Error reporting task backlog information: IOError: 
[2022-01-12 12:59:00,633 I 13444 13733] raylet_client.cc:336: Error reporting task backlog information: IOError: 
[2022-01-12 12:59:01,634 I 13444 13733] raylet_client.cc:336: Error reporting task backlog information: IOError: 
[2022-01-12 12:59:02,004 W 13444 13734] metric_exporter.cc:206: Export metrics to agent failed: IOError: . This won't affect Ray, but you can lose metrics from the cluster.
[2022-01-12 12:59:02,634 I 13444 13733] raylet_client.cc:336: Error reporting task backlog information: IOError: 
[2022-01-12 12:59:03,634 I 13444 13733] raylet_client.cc:336: Error reporting task backlog information: IOError: 
[2022-01-12 12:59:04,634 I 13444 13733] raylet_client.cc:336: Error reporting task backlog information: IOError: 
[2022-01-12 12:59:05,634 I 13444 13733] raylet_client.cc:336: Error reporting task backlog information: IOError: 
[2022-01-12 12:59:06,634 I 13444 13733] raylet_client.cc:336: Error reporting task backlog information: IOError: 
[2022-01-12 12:59:07,635 I 13444 13733] raylet_client.cc:336: Error reporting task backlog information: IOError: 
[2022-01-12 12:59:08,635 I 13444 13733] raylet_client.cc:336: Error reporting task backlog information: IOError: 
[2022-01-12 12:59:09,635 I 13444 13733] raylet_client.cc:336: Error reporting task backlog information: IOError: 
[2022-01-12 12:59:10,636 I 13444 13733] raylet_client.cc:336: Error reporting task backlog information: IOError: 
[2022-01-12 12:59:11,636 I 13444 13733] raylet_client.cc:336: Error reporting task backlog information: IOError: 
[2022-01-12 12:59:12,015 W 13444 13734] metric_exporter.cc:206: Export metrics to agent failed: IOError: . This won't affect Ray, but you can lose metrics from the cluster.
[2022-01-12 12:59:12,636 I 13444 13733] raylet_client.cc:336: Error reporting task backlog information: IOError: 
[2022-01-12 12:59:13,636 I 13444 13733] raylet_client.cc:336: Error reporting task backlog information: IOError: 
[2022-01-12 12:59:14,636 I 13444 13733] raylet_client.cc:336: Error reporting task backlog information: IOError: 
[2022-01-12 12:59:15,637 I 13444 13733] raylet_client.cc:336: Error reporting task backlog information: IOError: 
[2022-01-12 12:59:16,637 I 13444 13733] raylet_client.cc:336: Error reporting task backlog information: IOError: 
[2022-01-12 12:59:17,637 I 13444 13733] raylet_client.cc:336: Error reporting task backlog information: IOError: 
[2022-01-12 12:59:18,637 I 13444 13733] raylet_client.cc:336: Error reporting task backlog information: IOError: 
[2022-01-12 12:59:19,638 I 13444 13733] raylet_client.cc:336: Error reporting task backlog information: IOError: 
[2022-01-12 12:59:20,638 I 13444 13733] raylet_client.cc:336: Error reporting task backlog information: IOError: 
[2022-01-12 12:59:21,638 I 13444 13733] raylet_client.cc:336: Error reporting task backlog information: IOError: 
[2022-01-12 12:59:22,026 W 13444 13734] metric_exporter.cc:206: Export metrics to agent failed: IOError: . This won't affect Ray, but you can lose metrics from the cluster.
[2022-01-12 12:59:22,638 I 13444 13733] raylet_client.cc:336: Error reporting task backlog information: IOError: 
[2022-01-12 12:59:23,638 I 13444 13733] raylet_client.cc:336: Error reporting task backlog information: IOError: 
[2022-01-12 12:59:24,639 I 13444 13733] raylet_client.cc:336: Error reporting task backlog information: IOError: 
[2022-01-12 12:59:25,639 I 13444 13733] raylet_client.cc:336: Error reporting task backlog information: IOError: 
[2022-01-12 12:59:26,639 I 13444 13733] raylet_client.cc:336: Error reporting task backlog information: IOError: 
[2022-01-12 12:59:27,639 I 13444 13733] raylet_client.cc:336: Error reporting task backlog information: IOError: 
[2022-01-12 12:59:28,640 I 13444 13733] raylet_client.cc:336: Error reporting task backlog information: IOError: 
[2022-01-12 12:59:29,640 I 13444 13733] raylet_client.cc:336: Error reporting task backlog information: IOError: 
[2022-01-12 12:59:30,640 I 13444 13733] raylet_client.cc:336: Error reporting task backlog information: IOError: 
[2022-01-12 12:59:31,640 I 13444 13733] raylet_client.cc:336: Error reporting task backlog information: IOError: 
[2022-01-12 12:59:32,036 W 13444 13734] metric_exporter.cc:206: Export metrics to agent failed: IOError: . This won't affect Ray, but you can lose metrics from the cluster.
[2022-01-12 12:59:32,641 I 13444 13733] raylet_client.cc:336: Error reporting task backlog information: IOError: 
[2022-01-12 12:59:33,641 I 13444 13733] raylet_client.cc:336: Error reporting task backlog information: IOError: 
[2022-01-12 12:59:34,641 I 13444 13733] raylet_client.cc:336: Error reporting task backlog information: IOError: 
[2022-01-12 12:59:35,641 I 13444 13733] raylet_client.cc:336: Error reporting task backlog information: IOError: 
[2022-01-12 12:59:36,641 I 13444 13733] raylet_client.cc:336: Error reporting task backlog information: IOError: 
[2022-01-12 12:59:37,642 I 13444 13733] raylet_client.cc:336: Error reporting task backlog information: IOError: 
[2022-01-12 12:59:38,642 I 13444 13733] raylet_client.cc:336: Error reporting task backlog information: IOError: 
[2022-01-12 12:59:39,642 I 13444 13733] raylet_client.cc:336: Error reporting task backlog information: IOError: 
[2022-01-12 12:59:40,642 I 13444 13733] raylet_client.cc:336: Error reporting task backlog information: IOError: 
[2022-01-12 12:59:41,642 I 13444 13733] raylet_client.cc:336: Error reporting task backlog information: IOError: 
[2022-01-12 12:59:42,048 W 13444 13734] metric_exporter.cc:206: Export metrics to agent failed: IOError: . This won't affect Ray, but you can lose metrics from the cluster.
[2022-01-12 12:59:42,643 I 13444 13733] raylet_client.cc:336: Error reporting task backlog information: IOError: 
[2022-01-12 12:59:43,643 I 13444 13733] raylet_client.cc:336: Error reporting task backlog information: IOError: 
[2022-01-12 12:59:44,643 I 13444 13733] raylet_client.cc:336: Error reporting task backlog information: IOError: 
[2022-01-12 12:59:45,643 I 13444 13733] raylet_client.cc:336: Error reporting task backlog information: IOError: 
[2022-01-12 12:59:46,643 I 13444 13733] raylet_client.cc:336: Error reporting task backlog information: IOError: 
[2022-01-12 12:59:47,644 I 13444 13733] raylet_client.cc:336: Error reporting task backlog information: IOError: 
[2022-01-12 12:59:48,644 I 13444 13733] raylet_client.cc:336: Error reporting task backlog information: IOError: 
[2022-01-12 12:59:49,644 I 13444 13733] raylet_client.cc:336: Error reporting task backlog information: IOError: 
[2022-01-12 12:59:50,644 I 13444 13733] raylet_client.cc:336: Error reporting task backlog information: IOError: 
[2022-01-12 12:59:51,644 I 13444 13733] raylet_client.cc:336: Error reporting task backlog information: IOError: 
[2022-01-12 12:59:52,059 W 13444 13734] metric_exporter.cc:206: Export metrics to agent failed: IOError: . This won't affect Ray, but you can lose metrics from the cluster.
[2022-01-12 12:59:52,644 I 13444 13733] raylet_client.cc:336: Error reporting task backlog information: IOError: 
[2022-01-12 12:59:53,645 I 13444 13733] raylet_client.cc:336: Error reporting task backlog information: IOError: 
[2022-01-12 12:59:54,644 I 13444 13733] raylet_client.cc:336: Error reporting task backlog information: IOError: 
[2022-01-12 12:59:55,645 I 13444 13733] raylet_client.cc:336: Error reporting task backlog information: IOError: 
[2022-01-12 12:59:56,645 I 13444 13733] raylet_client.cc:336: Error reporting task backlog information: IOError: 
[2022-01-12 12:59:57,645 I 13444 13733] raylet_client.cc:336: Error reporting task backlog information: IOError: 
[2022-01-12 12:59:58,646 I 13444 13733] raylet_client.cc:336: Error reporting task backlog information: IOError: 
[2022-01-12 12:59:59,646 I 13444 13733] raylet_client.cc:336: Error reporting task backlog information: IOError: 
[2022-01-12 13:00:00,646 I 13444 13733] raylet_client.cc:336: Error reporting task backlog information: IOError: 
[2022-01-12 13:00:01,646 I 13444 13733] raylet_client.cc:336: Error reporting task backlog information: IOError: 
[2022-01-12 13:00:02,068 W 13444 13734] metric_exporter.cc:206: Export metrics to agent failed: IOError: . This won't affect Ray, but you can lose metrics from the cluster.
[2022-01-12 13:00:02,646 I 13444 13733] raylet_client.cc:336: Error reporting task backlog information: IOError: 
[2022-01-12 13:00:03,647 I 13444 13733] raylet_client.cc:336: Error reporting task backlog information: IOError: 
[2022-01-12 13:00:04,647 I 13444 13733] raylet_client.cc:336: Error reporting task backlog information: IOError: 
[2022-01-12 13:00:05,647 I 13444 13733] raylet_client.cc:336: Error reporting task backlog information: IOError: 
[2022-01-12 13:00:06,647 I 13444 13733] raylet_client.cc:336: Error reporting task backlog information: IOError: 
[2022-01-12 13:00:07,648 I 13444 13733] raylet_client.cc:336: Error reporting task backlog information: IOError: 
[2022-01-12 13:00:08,648 I 13444 13733] raylet_client.cc:336: Error reporting task backlog information: IOError: 
[2022-01-12 13:00:09,648 I 13444 13733] raylet_client.cc:336: Error reporting task backlog information: IOError: 
[2022-01-12 13:00:10,648 I 13444 13733] raylet_client.cc:336: Error reporting task backlog information: IOError: 
[2022-01-12 13:00:11,649 I 13444 13733] raylet_client.cc:336: Error reporting task backlog information: IOError: 
[2022-01-12 13:00:12,080 W 13444 13734] metric_exporter.cc:206: Export metrics to agent failed: IOError: . This won't affect Ray, but you can lose metrics from the cluster.
[2022-01-12 13:00:12,649 I 13444 13733] raylet_client.cc:336: Error reporting task backlog information: IOError: 
[2022-01-12 13:00:13,649 I 13444 13733] raylet_client.cc:336: Error reporting task backlog information: IOError: 
[2022-01-12 13:00:14,649 I 13444 13733] raylet_client.cc:336: Error reporting task backlog information: IOError: 
[2022-01-12 13:00:15,649 I 13444 13733] raylet_client.cc:336: Error reporting task backlog information: IOError: 
[2022-01-12 13:00:16,650 I 13444 13733] raylet_client.cc:336: Error reporting task backlog information: IOError: 
[2022-01-12 13:00:17,650 I 13444 13733] raylet_client.cc:336: Error reporting task backlog information: IOError: 
[2022-01-12 13:00:18,650 I 13444 13733] raylet_client.cc:336: Error reporting task backlog information: IOError: 
[2022-01-12 13:00:19,650 I 13444 13733] raylet_client.cc:336: Error reporting task backlog information: IOError: 
[2022-01-12 13:00:20,650 I 13444 13733] raylet_client.cc:336: Error reporting task backlog information: IOError: 
[2022-01-12 13:00:21,651 I 13444 13733] raylet_client.cc:336: Error reporting task backlog information: IOError: 
[2022-01-12 13:00:22,091 W 13444 13734] metric_exporter.cc:206: Export metrics to agent failed: IOError: . This won't affect Ray, but you can lose metrics from the cluster.
[2022-01-12 13:00:22,651 I 13444 13733] raylet_client.cc:336: Error reporting task backlog information: IOError: 
[2022-01-12 13:00:23,651 I 13444 13733] raylet_client.cc:336: Error reporting task backlog information: IOError: 
[2022-01-12 13:00:24,651 I 13444 13733] raylet_client.cc:336: Error reporting task backlog information: IOError: 
[2022-01-12 13:00:25,652 I 13444 13733] raylet_client.cc:336: Error reporting task backlog information: IOError: 
[2022-01-12 13:00:26,652 I 13444 13733] raylet_client.cc:336: Error reporting task backlog information: IOError: 
[2022-01-12 13:00:27,652 I 13444 13733] raylet_client.cc:336: Error reporting task backlog information: IOError: 
[2022-01-12 13:00:28,652 I 13444 13733] raylet_client.cc:336: Error reporting task backlog information: IOError: 
[2022-01-12 13:00:29,653 I 13444 13733] raylet_client.cc:336: Error reporting task backlog information: IOError: 
[2022-01-12 13:00:30,653 I 13444 13733] raylet_client.cc:336: Error reporting task backlog information: IOError: 
[2022-01-12 13:00:31,653 I 13444 13733] raylet_client.cc:336: Error reporting task backlog information: IOError: 
[2022-01-12 13:00:32,102 W 13444 13734] metric_exporter.cc:206: Export metrics to agent failed: IOError: . This won't affect Ray, but you can lose metrics from the cluster.
[2022-01-12 13:00:32,653 I 13444 13733] raylet_client.cc:336: Error reporting task backlog information: IOError: 
[2022-01-12 13:00:33,654 I 13444 13733] raylet_client.cc:336: Error reporting task backlog information: IOError: 
[2022-01-12 13:00:34,654 I 13444 13733] raylet_client.cc:336: Error reporting task backlog information: IOError: 
[2022-01-12 13:00:35,654 I 13444 13733] raylet_client.cc:336: Error reporting task backlog information: IOError: 
[2022-01-12 13:00:36,655 I 13444 13733] raylet_client.cc:336: Error reporting task backlog information: IOError: 
[2022-01-12 13:00:37,655 I 13444 13733] raylet_client.cc:336: Error reporting task backlog information: IOError: 
[2022-01-12 13:00:38,655 I 13444 13733] raylet_client.cc:336: Error reporting task backlog information: IOError: 
[2022-01-12 13:00:39,656 I 13444 13733] raylet_client.cc:336: Error reporting task backlog information: IOError: 
[2022-01-12 13:00:40,656 I 13444 13733] raylet_client.cc:336: Error reporting task backlog information: IOError: 
