2022-01-12 12:48:19,250	INFO log_monitor.py:190 -- Beginning to track file raylet.err
2022-01-12 12:48:19,251	INFO log_monitor.py:190 -- Beginning to track file gcs_server.err
2022-01-12 12:48:19,252	INFO log_monitor.py:190 -- Beginning to track file monitor.log
2022-01-12 12:48:19,555	INFO log_monitor.py:190 -- Beginning to track file worker-38c65aa7d475dcc720364afa4e2849c0671e17609f27e5184f6da013-01000000-12649.err
2022-01-12 12:48:19,555	INFO log_monitor.py:190 -- Beginning to track file worker-bdc965f1c37b1163d6238ca72129894c86f92da383077468f97d26d6-01000000-12647.err
2022-01-12 12:48:19,555	INFO log_monitor.py:190 -- Beginning to track file worker-826689020b999cb3c583234acacc5525feb8df7a218c5e4ccc813054-01000000-12646.err
2022-01-12 12:48:19,555	INFO log_monitor.py:190 -- Beginning to track file worker-f04b6f0a2181457da88e5216318fe4ed5e9718ac7019400d5d6480ef-01000000-12648.out
2022-01-12 12:48:19,555	INFO log_monitor.py:190 -- Beginning to track file worker-bdc965f1c37b1163d6238ca72129894c86f92da383077468f97d26d6-01000000-12647.out
2022-01-12 12:48:19,556	INFO log_monitor.py:190 -- Beginning to track file worker-f04b6f0a2181457da88e5216318fe4ed5e9718ac7019400d5d6480ef-01000000-12648.err
2022-01-12 12:48:19,556	INFO log_monitor.py:190 -- Beginning to track file worker-38c65aa7d475dcc720364afa4e2849c0671e17609f27e5184f6da013-01000000-12649.out
2022-01-12 12:48:19,556	INFO log_monitor.py:190 -- Beginning to track file worker-826689020b999cb3c583234acacc5525feb8df7a218c5e4ccc813054-01000000-12646.out
2022-01-12 12:48:19,656	INFO log_monitor.py:190 -- Beginning to track file worker-95d1c475d87dc9f8e859808b00979f4653e7146517081537129d96be-01000000-12650.err
2022-01-12 12:48:19,656	INFO log_monitor.py:190 -- Beginning to track file worker-c5a9a918acb7bd01de8c39a8a3b2d4d702f1b7e4caabe7dbd4242d51-01000000-12651.err
2022-01-12 12:48:19,656	INFO log_monitor.py:190 -- Beginning to track file worker-c5a9a918acb7bd01de8c39a8a3b2d4d702f1b7e4caabe7dbd4242d51-01000000-12651.out
2022-01-12 12:48:19,657	INFO log_monitor.py:190 -- Beginning to track file worker-0f03329c9307b34da2359b49ba762c5ba556363a9e11af94c1f4980e-01000000-12656.err
2022-01-12 12:48:19,657	INFO log_monitor.py:190 -- Beginning to track file worker-aaa29bc22b9fecb7492078438c4a1c6076b8d5c5f11250f47531e6ba-01000000-12652.out
2022-01-12 12:48:19,657	INFO log_monitor.py:190 -- Beginning to track file worker-39f21783ef18156a7c5e2210e3d5f1c6f9662075039bebf5af007264-01000000-12663.out
2022-01-12 12:48:19,657	INFO log_monitor.py:190 -- Beginning to track file worker-aaa29bc22b9fecb7492078438c4a1c6076b8d5c5f11250f47531e6ba-01000000-12652.err
2022-01-12 12:48:19,657	INFO log_monitor.py:190 -- Beginning to track file worker-95d1c475d87dc9f8e859808b00979f4653e7146517081537129d96be-01000000-12650.out
2022-01-12 12:48:19,657	INFO log_monitor.py:190 -- Beginning to track file worker-39f21783ef18156a7c5e2210e3d5f1c6f9662075039bebf5af007264-01000000-12663.err
2022-01-12 12:48:19,657	INFO log_monitor.py:190 -- Beginning to track file worker-0f03329c9307b34da2359b49ba762c5ba556363a9e11af94c1f4980e-01000000-12656.out
2022-01-12 12:48:19,757	INFO log_monitor.py:190 -- Beginning to track file worker-82bc1bdee3b5e2e2b84fda28130a7e4c23577b56bf802f64acdcd6ca-01000000-12654.err
2022-01-12 12:48:19,758	INFO log_monitor.py:190 -- Beginning to track file worker-9ecdea5495a3e740062c994ba8346b5496ffb8652d4409f8fe8deb26-01000000-12653.err
2022-01-12 12:48:19,758	INFO log_monitor.py:190 -- Beginning to track file worker-9ecdea5495a3e740062c994ba8346b5496ffb8652d4409f8fe8deb26-01000000-12653.out
2022-01-12 12:48:19,758	INFO log_monitor.py:190 -- Beginning to track file worker-6d9ecca4f8bb010b4185142d0bbef1fc937d718e6b6f8a2ef4ba617f-01000000-12655.out
2022-01-12 12:48:19,758	INFO log_monitor.py:190 -- Beginning to track file worker-6d9ecca4f8bb010b4185142d0bbef1fc937d718e6b6f8a2ef4ba617f-01000000-12655.err
2022-01-12 12:48:19,758	INFO log_monitor.py:190 -- Beginning to track file worker-82bc1bdee3b5e2e2b84fda28130a7e4c23577b56bf802f64acdcd6ca-01000000-12654.out
