2022-01-12 12:48:18,144	INFO monitor.py:527 -- Starting monitor using ray installation: /home/reza/anaconda3/lib/python3.8/site-packages/ray/__init__.py
2022-01-12 12:48:18,145	INFO monitor.py:528 -- Ray version: 1.9.0
2022-01-12 12:48:18,145	INFO monitor.py:529 -- Ray commit: 92599d9127e228fe8d0a2d94ca75754ec21c4ae4
2022-01-12 12:48:18,145	INFO monitor.py:530 -- Monitor started with command: ['/home/reza/anaconda3/lib/python3.8/site-packages/ray/autoscaler/_private/monitor.py', '--logs-dir=/home/reza/Dropbox/Prog/MERA/temp/session_2022-01-12_12-48-16_622071_12468/logs', '--redis-address=131.215.21.210:6379', '--logging-rotate-bytes=536870912', '--logging-rotate-backup-count=5', '--redis-password=5241590000000000', '--monitor-ip=131.215.21.210']
2022-01-12 12:48:18,148	INFO monitor.py:192 -- Starting autoscaler metrics server on port 44217
2022-01-12 12:48:18,149	INFO monitor.py:206 -- Monitor: Started
2022-01-12 12:48:18,172	INFO autoscaler.py:214 -- StandardAutoscaler: {'cluster_name': 'default', 'max_workers': 0, 'upscaling_speed': 1.0, 'docker': {}, 'idle_timeout_minutes': 0, 'provider': {'type': 'readonly', 'use_node_id_as_ip': True}, 'auth': {}, 'available_node_types': {'ray.head.default': {'resources': {}, 'node_config': {}, 'max_workers': 0}}, 'head_node_type': 'ray.head.default', 'file_mounts': {}, 'cluster_synced_files': [], 'file_mounts_sync_continuously': False, 'rsync_exclude': [], 'rsync_filter': [], 'initialization_commands': [], 'setup_commands': [], 'head_setup_commands': [], 'worker_setup_commands': [], 'head_start_ray_commands': [], 'worker_start_ray_commands': [], 'head_node': {}, 'worker_nodes': {}}
2022-01-12 12:48:18,174	INFO autoscaler.py:278 -- 
======== Autoscaler status: 2022-01-12 12:48:18.173971 ========
Node status
---------------------------------------------------------------
Healthy:

Pending:
 (no pending nodes)
Recent failures:
 (no failures)

Resources
---------------------------------------------------------------
Usage:


Demands:
 (no resource demands)
2022-01-12 12:48:23,177	INFO autoscaler.py:278 -- 
======== Autoscaler status: 2022-01-12 12:48:23.177274 ========
Node status
---------------------------------------------------------------
Healthy:
 1 node_ac66381a9c2b8e5ae78c53aeaf462af6fd0d65cb0e82832bb16134fd
Pending:
 (no pending nodes)
Recent failures:
 (no failures)

Resources
---------------------------------------------------------------
Usage:
 0.0/12.0 CPU
 0.0/1.0 GPU
 0.0/1.0 accelerator_type:GTX
 0.00/10.794 GiB memory
 0.00/5.397 GiB object_store_memory

Demands:
 (no resource demands)
2022-01-12 12:48:28,183	INFO autoscaler.py:278 -- 
======== Autoscaler status: 2022-01-12 12:48:28.183867 ========
Node status
---------------------------------------------------------------
Healthy:
 1 node_ac66381a9c2b8e5ae78c53aeaf462af6fd0d65cb0e82832bb16134fd
Pending:
 (no pending nodes)
Recent failures:
 (no failures)

Resources
---------------------------------------------------------------
Usage:
 0.0/12.0 CPU
 0.0/1.0 GPU
 0.0/1.0 accelerator_type:GTX
 0.00/10.794 GiB memory
 0.00/5.397 GiB object_store_memory

Demands:
 (no resource demands)
2022-01-12 12:48:33,191	INFO autoscaler.py:278 -- 
======== Autoscaler status: 2022-01-12 12:48:33.191686 ========
Node status
---------------------------------------------------------------
Healthy:
 1 node_ac66381a9c2b8e5ae78c53aeaf462af6fd0d65cb0e82832bb16134fd
Pending:
 (no pending nodes)
Recent failures:
 (no failures)

Resources
---------------------------------------------------------------
Usage:
 0.0/12.0 CPU
 0.0/1.0 GPU
 0.0/1.0 accelerator_type:GTX
 0.00/10.794 GiB memory
 0.00/5.397 GiB object_store_memory

Demands:
 (no resource demands)
2022-01-12 12:48:38,198	INFO autoscaler.py:278 -- 
======== Autoscaler status: 2022-01-12 12:48:38.198043 ========
Node status
---------------------------------------------------------------
Healthy:
 1 node_ac66381a9c2b8e5ae78c53aeaf462af6fd0d65cb0e82832bb16134fd
Pending:
 (no pending nodes)
Recent failures:
 (no failures)

Resources
---------------------------------------------------------------
Usage:
 0.0/12.0 CPU
 0.0/1.0 GPU
 0.0/1.0 accelerator_type:GTX
 0.00/10.794 GiB memory
 0.00/5.397 GiB object_store_memory

Demands:
 (no resource demands)
2022-01-12 12:48:43,207	INFO autoscaler.py:278 -- 
======== Autoscaler status: 2022-01-12 12:48:43.207464 ========
Node status
---------------------------------------------------------------
Healthy:
 1 node_ac66381a9c2b8e5ae78c53aeaf462af6fd0d65cb0e82832bb16134fd
Pending:
 (no pending nodes)
Recent failures:
 (no failures)

Resources
---------------------------------------------------------------
Usage:
 0.0/12.0 CPU
 0.0/1.0 GPU
 0.0/1.0 accelerator_type:GTX
 0.00/10.794 GiB memory
 0.00/5.397 GiB object_store_memory

Demands:
 (no resource demands)
2022-01-12 12:48:48,215	INFO autoscaler.py:278 -- 
======== Autoscaler status: 2022-01-12 12:48:48.214931 ========
Node status
---------------------------------------------------------------
Healthy:
 1 node_ac66381a9c2b8e5ae78c53aeaf462af6fd0d65cb0e82832bb16134fd
Pending:
 (no pending nodes)
Recent failures:
 (no failures)

Resources
---------------------------------------------------------------
Usage:
 0.0/12.0 CPU
 0.0/1.0 GPU
 0.0/1.0 accelerator_type:GTX
 0.00/10.794 GiB memory
 0.00/5.397 GiB object_store_memory

Demands:
 (no resource demands)
2022-01-12 12:48:53,221	INFO autoscaler.py:278 -- 
======== Autoscaler status: 2022-01-12 12:48:53.221609 ========
Node status
---------------------------------------------------------------
Healthy:
 1 node_ac66381a9c2b8e5ae78c53aeaf462af6fd0d65cb0e82832bb16134fd
Pending:
 (no pending nodes)
Recent failures:
 (no failures)

Resources
---------------------------------------------------------------
Usage:
 0.0/12.0 CPU
 0.0/1.0 GPU
 0.0/1.0 accelerator_type:GTX
 0.00/10.794 GiB memory
 0.00/5.397 GiB object_store_memory

Demands:
 (no resource demands)
2022-01-12 12:48:58,225	INFO autoscaler.py:278 -- 
======== Autoscaler status: 2022-01-12 12:48:58.225904 ========
Node status
---------------------------------------------------------------
Healthy:
 1 node_ac66381a9c2b8e5ae78c53aeaf462af6fd0d65cb0e82832bb16134fd
Pending:
 (no pending nodes)
Recent failures:
 (no failures)

Resources
---------------------------------------------------------------
Usage:
 0.0/12.0 CPU
 0.0/1.0 GPU
 0.0/1.0 accelerator_type:GTX
 0.00/10.794 GiB memory
 0.00/5.397 GiB object_store_memory

Demands:
 (no resource demands)
2022-01-12 12:49:03,238	INFO autoscaler.py:278 -- 
======== Autoscaler status: 2022-01-12 12:49:03.238154 ========
Node status
---------------------------------------------------------------
Healthy:
 1 node_ac66381a9c2b8e5ae78c53aeaf462af6fd0d65cb0e82832bb16134fd
Pending:
 (no pending nodes)
Recent failures:
 (no failures)

Resources
---------------------------------------------------------------
Usage:
 0.0/12.0 CPU
 0.0/1.0 GPU
 0.0/1.0 accelerator_type:GTX
 0.00/10.794 GiB memory
 0.00/5.397 GiB object_store_memory

Demands:
 (no resource demands)
2022-01-12 12:49:08,246	INFO autoscaler.py:278 -- 
======== Autoscaler status: 2022-01-12 12:49:08.246169 ========
Node status
---------------------------------------------------------------
Healthy:
 1 node_ac66381a9c2b8e5ae78c53aeaf462af6fd0d65cb0e82832bb16134fd
Pending:
 (no pending nodes)
Recent failures:
 (no failures)

Resources
---------------------------------------------------------------
Usage:
 0.0/12.0 CPU
 0.0/1.0 GPU
 0.0/1.0 accelerator_type:GTX
 0.00/10.794 GiB memory
 0.00/5.397 GiB object_store_memory

Demands:
 (no resource demands)
2022-01-12 12:49:13,254	INFO autoscaler.py:278 -- 
======== Autoscaler status: 2022-01-12 12:49:13.253979 ========
Node status
---------------------------------------------------------------
Healthy:
 1 node_ac66381a9c2b8e5ae78c53aeaf462af6fd0d65cb0e82832bb16134fd
Pending:
 (no pending nodes)
Recent failures:
 (no failures)

Resources
---------------------------------------------------------------
Usage:
 0.0/12.0 CPU
 0.0/1.0 GPU
 0.0/1.0 accelerator_type:GTX
 0.00/10.794 GiB memory
 0.00/5.397 GiB object_store_memory

Demands:
 (no resource demands)
2022-01-12 12:49:18,261	INFO autoscaler.py:278 -- 
======== Autoscaler status: 2022-01-12 12:49:18.261492 ========
Node status
---------------------------------------------------------------
Healthy:
 1 node_ac66381a9c2b8e5ae78c53aeaf462af6fd0d65cb0e82832bb16134fd
Pending:
 (no pending nodes)
Recent failures:
 (no failures)

Resources
---------------------------------------------------------------
Usage:
 0.0/12.0 CPU
 0.0/1.0 GPU
 0.0/1.0 accelerator_type:GTX
 0.00/10.794 GiB memory
 0.00/5.397 GiB object_store_memory

Demands:
 (no resource demands)
2022-01-12 12:49:23,265	INFO autoscaler.py:278 -- 
======== Autoscaler status: 2022-01-12 12:49:23.265312 ========
Node status
---------------------------------------------------------------
Healthy:
 1 node_ac66381a9c2b8e5ae78c53aeaf462af6fd0d65cb0e82832bb16134fd
Pending:
 (no pending nodes)
Recent failures:
 (no failures)

Resources
---------------------------------------------------------------
Usage:
 0.0/12.0 CPU
 0.0/1.0 GPU
 0.0/1.0 accelerator_type:GTX
 0.00/10.794 GiB memory
 0.00/5.397 GiB object_store_memory

Demands:
 (no resource demands)
2022-01-12 12:49:28,269	INFO autoscaler.py:278 -- 
======== Autoscaler status: 2022-01-12 12:49:28.269610 ========
Node status
---------------------------------------------------------------
Healthy:
 1 node_ac66381a9c2b8e5ae78c53aeaf462af6fd0d65cb0e82832bb16134fd
Pending:
 (no pending nodes)
Recent failures:
 (no failures)

Resources
---------------------------------------------------------------
Usage:
 0.0/12.0 CPU
 0.0/1.0 GPU
 0.0/1.0 accelerator_type:GTX
 0.00/10.794 GiB memory
 0.00/5.397 GiB object_store_memory

Demands:
 (no resource demands)
