[2022-01-12 12:48:19,542 I 12653 12653] core_worker.cc:132: Constructing CoreWorkerProcess. pid: 12653
[2022-01-12 12:48:19,545 I 12653 12653] grpc_server.cc:112: worker server started, listening on port 41473.
[2022-01-12 12:48:19,547 I 12653 12653] core_worker.cc:479: Initializing worker at address: 131.215.21.210:41473, worker ID 9ecdea5495a3e740062c994ba8346b5496ffb8652d4409f8fe8deb26, raylet ac66381a9c2b8e5ae78c53aeaf462af6fd0d65cb0e82832bb16134fd
[2022-01-12 12:48:19,657 I 12653 12653] io_service_pool.cc:35: IOServicePool is running with 1 io_service.
[2022-01-12 12:48:19,696 I 12653 12966] accessor.cc:560: Received notification for node id = ac66381a9c2b8e5ae78c53aeaf462af6fd0d65cb0e82832bb16134fd, IsAlive = 1
[2022-01-12 12:49:31,559 W 12653 12906] gcs_server_address_updater.cc:61: [1] Failed to get the gcs server address from raylet 1 times in a row. If it keeps failing to obtain the address, the worker might crash. Connection status IOError: 
[2022-01-12 12:49:32,559 I 12653 12966] raylet_client.cc:336: Error reporting task backlog information: IOError: 
[2022-01-12 12:49:32,710 I 12653 12966] raylet_client.cc:336: Error reporting task backlog information: IOError: 
[2022-01-12 12:49:33,710 I 12653 12966] raylet_client.cc:336: Error reporting task backlog information: IOError: 
[2022-01-12 12:49:34,710 I 12653 12966] raylet_client.cc:336: Error reporting task backlog information: IOError: 
[2022-01-12 12:49:35,711 I 12653 12966] raylet_client.cc:336: Error reporting task backlog information: IOError: 
[2022-01-12 12:49:36,711 I 12653 12966] raylet_client.cc:336: Error reporting task backlog information: IOError: 
[2022-01-12 12:49:37,711 I 12653 12966] raylet_client.cc:336: Error reporting task backlog information: IOError: 
[2022-01-12 12:49:38,711 I 12653 12966] raylet_client.cc:336: Error reporting task backlog information: IOError: 
[2022-01-12 12:49:39,711 I 12653 12966] raylet_client.cc:336: Error reporting task backlog information: IOError: 
[2022-01-12 12:49:39,722 W 12653 12967] metric_exporter.cc:206: Export metrics to agent failed: IOError: . This won't affect Ray, but you can lose metrics from the cluster.
[2022-01-12 12:49:40,711 I 12653 12966] raylet_client.cc:336: Error reporting task backlog information: IOError: 
[2022-01-12 12:49:41,711 I 12653 12966] raylet_client.cc:336: Error reporting task backlog information: IOError: 
[2022-01-12 12:49:42,711 I 12653 12966] raylet_client.cc:336: Error reporting task backlog information: IOError: 
[2022-01-12 12:49:43,711 I 12653 12966] raylet_client.cc:336: Error reporting task backlog information: IOError: 
[2022-01-12 12:49:44,711 I 12653 12966] raylet_client.cc:336: Error reporting task backlog information: IOError: 
[2022-01-12 12:49:45,712 I 12653 12966] raylet_client.cc:336: Error reporting task backlog information: IOError: 
[2022-01-12 12:49:46,712 I 12653 12966] raylet_client.cc:336: Error reporting task backlog information: IOError: 
[2022-01-12 12:49:47,712 I 12653 12966] raylet_client.cc:336: Error reporting task backlog information: IOError: 
[2022-01-12 12:49:48,712 I 12653 12966] raylet_client.cc:336: Error reporting task backlog information: IOError: 
[2022-01-12 12:49:49,712 I 12653 12966] raylet_client.cc:336: Error reporting task backlog information: IOError: 
[2022-01-12 12:49:49,729 W 12653 12967] metric_exporter.cc:206: Export metrics to agent failed: IOError: . This won't affect Ray, but you can lose metrics from the cluster.
[2022-01-12 12:49:50,712 I 12653 12966] raylet_client.cc:336: Error reporting task backlog information: IOError: 
[2022-01-12 12:49:51,712 I 12653 12966] raylet_client.cc:336: Error reporting task backlog information: IOError: 
[2022-01-12 12:49:52,712 I 12653 12966] raylet_client.cc:336: Error reporting task backlog information: IOError: 
[2022-01-12 12:49:53,712 I 12653 12966] raylet_client.cc:336: Error reporting task backlog information: IOError: 
[2022-01-12 12:49:54,712 I 12653 12966] raylet_client.cc:336: Error reporting task backlog information: IOError: 
[2022-01-12 12:49:55,712 I 12653 12966] raylet_client.cc:336: Error reporting task backlog information: IOError: 
[2022-01-12 12:49:56,712 I 12653 12966] raylet_client.cc:336: Error reporting task backlog information: IOError: 
[2022-01-12 12:49:57,713 I 12653 12966] raylet_client.cc:336: Error reporting task backlog information: IOError: 
[2022-01-12 12:49:58,713 I 12653 12966] raylet_client.cc:336: Error reporting task backlog information: IOError: 
[2022-01-12 12:49:59,713 I 12653 12966] raylet_client.cc:336: Error reporting task backlog information: IOError: 
[2022-01-12 12:49:59,746 W 12653 12967] metric_exporter.cc:206: Export metrics to agent failed: IOError: . This won't affect Ray, but you can lose metrics from the cluster.
[2022-01-12 12:50:00,713 I 12653 12966] raylet_client.cc:336: Error reporting task backlog information: IOError: 
[2022-01-12 12:50:01,713 I 12653 12966] raylet_client.cc:336: Error reporting task backlog information: IOError: 
[2022-01-12 12:50:02,713 I 12653 12966] raylet_client.cc:336: Error reporting task backlog information: IOError: 
[2022-01-12 12:50:03,713 I 12653 12966] raylet_client.cc:336: Error reporting task backlog information: IOError: 
[2022-01-12 12:50:04,720 I 12653 12966] raylet_client.cc:336: Error reporting task backlog information: IOError: 
[2022-01-12 12:50:05,713 I 12653 12966] raylet_client.cc:336: Error reporting task backlog information: IOError: 
[2022-01-12 12:50:06,713 I 12653 12966] raylet_client.cc:336: Error reporting task backlog information: IOError: 
[2022-01-12 12:50:07,713 I 12653 12966] raylet_client.cc:336: Error reporting task backlog information: IOError: 
[2022-01-12 12:50:08,714 I 12653 12966] raylet_client.cc:336: Error reporting task backlog information: IOError: 
[2022-01-12 12:50:09,714 I 12653 12966] raylet_client.cc:336: Error reporting task backlog information: IOError: 
[2022-01-12 12:50:09,752 W 12653 12967] metric_exporter.cc:206: Export metrics to agent failed: IOError: . This won't affect Ray, but you can lose metrics from the cluster.
[2022-01-12 12:50:10,714 I 12653 12966] raylet_client.cc:336: Error reporting task backlog information: IOError: 
[2022-01-12 12:50:11,714 I 12653 12966] raylet_client.cc:336: Error reporting task backlog information: IOError: 
[2022-01-12 12:50:12,714 I 12653 12966] raylet_client.cc:336: Error reporting task backlog information: IOError: 
[2022-01-12 12:50:13,714 I 12653 12966] raylet_client.cc:336: Error reporting task backlog information: IOError: 
[2022-01-12 12:50:14,714 I 12653 12966] raylet_client.cc:336: Error reporting task backlog information: IOError: 
[2022-01-12 12:50:15,714 I 12653 12966] raylet_client.cc:336: Error reporting task backlog information: IOError: 
[2022-01-12 12:50:16,715 I 12653 12966] raylet_client.cc:336: Error reporting task backlog information: IOError: 
[2022-01-12 12:50:17,715 I 12653 12966] raylet_client.cc:336: Error reporting task backlog information: IOError: 
[2022-01-12 12:50:18,715 I 12653 12966] raylet_client.cc:336: Error reporting task backlog information: IOError: 
[2022-01-12 12:50:19,715 I 12653 12966] raylet_client.cc:336: Error reporting task backlog information: IOError: 
[2022-01-12 12:50:19,760 W 12653 12967] metric_exporter.cc:206: Export metrics to agent failed: IOError: . This won't affect Ray, but you can lose metrics from the cluster.
[2022-01-12 12:50:20,715 I 12653 12966] raylet_client.cc:336: Error reporting task backlog information: IOError: 
[2022-01-12 12:50:21,715 I 12653 12966] raylet_client.cc:336: Error reporting task backlog information: IOError: 
[2022-01-12 12:50:22,715 I 12653 12966] raylet_client.cc:336: Error reporting task backlog information: IOError: 
[2022-01-12 12:50:23,715 I 12653 12966] raylet_client.cc:336: Error reporting task backlog information: IOError: 
[2022-01-12 12:50:24,715 I 12653 12966] raylet_client.cc:336: Error reporting task backlog information: IOError: 
[2022-01-12 12:50:25,715 I 12653 12966] raylet_client.cc:336: Error reporting task backlog information: IOError: 
[2022-01-12 12:50:26,715 I 12653 12966] raylet_client.cc:336: Error reporting task backlog information: IOError: 
[2022-01-12 12:50:27,715 I 12653 12966] raylet_client.cc:336: Error reporting task backlog information: IOError: 
[2022-01-12 12:50:28,716 I 12653 12966] raylet_client.cc:336: Error reporting task backlog information: IOError: 
[2022-01-12 12:50:29,716 I 12653 12966] raylet_client.cc:336: Error reporting task backlog information: IOError: 
[2022-01-12 12:50:29,766 W 12653 12967] metric_exporter.cc:206: Export metrics to agent failed: IOError: . This won't affect Ray, but you can lose metrics from the cluster.
[2022-01-12 12:50:30,716 I 12653 12966] raylet_client.cc:336: Error reporting task backlog information: IOError: 
[2022-01-12 12:50:31,717 I 12653 12966] raylet_client.cc:336: Error reporting task backlog information: IOError: 
[2022-01-12 12:50:32,717 I 12653 12966] raylet_client.cc:336: Error reporting task backlog information: IOError: 
[2022-01-12 12:50:33,717 I 12653 12966] raylet_client.cc:336: Error reporting task backlog information: IOError: 
[2022-01-12 12:50:34,717 I 12653 12966] raylet_client.cc:336: Error reporting task backlog information: IOError: 
[2022-01-12 12:50:35,717 I 12653 12966] raylet_client.cc:336: Error reporting task backlog information: IOError: 
[2022-01-12 12:50:36,718 I 12653 12966] raylet_client.cc:336: Error reporting task backlog information: IOError: 
[2022-01-12 12:50:37,718 I 12653 12966] raylet_client.cc:336: Error reporting task backlog information: IOError: 
[2022-01-12 12:50:38,718 I 12653 12966] raylet_client.cc:336: Error reporting task backlog information: IOError: 
[2022-01-12 12:50:39,718 I 12653 12966] raylet_client.cc:336: Error reporting task backlog information: IOError: 
[2022-01-12 12:50:39,773 W 12653 12967] metric_exporter.cc:206: Export metrics to agent failed: IOError: . This won't affect Ray, but you can lose metrics from the cluster.
[2022-01-12 12:50:40,718 I 12653 12966] raylet_client.cc:336: Error reporting task backlog information: IOError: 
[2022-01-12 12:50:41,718 I 12653 12966] raylet_client.cc:336: Error reporting task backlog information: IOError: 
[2022-01-12 12:50:42,719 I 12653 12966] raylet_client.cc:336: Error reporting task backlog information: IOError: 
[2022-01-12 12:50:43,719 I 12653 12966] raylet_client.cc:336: Error reporting task backlog information: IOError: 
[2022-01-12 12:50:44,719 I 12653 12966] raylet_client.cc:336: Error reporting task backlog information: IOError: 
[2022-01-12 12:50:45,719 I 12653 12966] raylet_client.cc:336: Error reporting task backlog information: IOError: 
[2022-01-12 12:50:46,719 I 12653 12966] raylet_client.cc:336: Error reporting task backlog information: IOError: 
[2022-01-12 12:50:47,719 I 12653 12966] raylet_client.cc:336: Error reporting task backlog information: IOError: 
[2022-01-12 12:50:48,719 I 12653 12966] raylet_client.cc:336: Error reporting task backlog information: IOError: 
[2022-01-12 12:50:49,719 I 12653 12966] raylet_client.cc:336: Error reporting task backlog information: IOError: 
[2022-01-12 12:50:49,781 W 12653 12967] metric_exporter.cc:206: Export metrics to agent failed: IOError: . This won't affect Ray, but you can lose metrics from the cluster.
[2022-01-12 12:50:50,719 I 12653 12966] raylet_client.cc:336: Error reporting task backlog information: IOError: 
[2022-01-12 12:50:51,719 I 12653 12966] raylet_client.cc:336: Error reporting task backlog information: IOError: 
[2022-01-12 12:50:52,719 I 12653 12966] raylet_client.cc:336: Error reporting task backlog information: IOError: 
[2022-01-12 12:50:53,720 I 12653 12966] raylet_client.cc:336: Error reporting task backlog information: IOError: 
[2022-01-12 12:50:54,720 I 12653 12966] raylet_client.cc:336: Error reporting task backlog information: IOError: 
[2022-01-12 12:50:55,720 I 12653 12966] raylet_client.cc:336: Error reporting task backlog information: IOError: 
[2022-01-12 12:50:56,720 I 12653 12966] raylet_client.cc:336: Error reporting task backlog information: IOError: 
[2022-01-12 12:50:57,720 I 12653 12966] raylet_client.cc:336: Error reporting task backlog information: IOError: 
[2022-01-12 12:50:58,720 I 12653 12966] raylet_client.cc:336: Error reporting task backlog information: IOError: 
[2022-01-12 12:50:59,720 I 12653 12966] raylet_client.cc:336: Error reporting task backlog information: IOError: 
[2022-01-12 12:50:59,789 W 12653 12967] metric_exporter.cc:206: Export metrics to agent failed: IOError: . This won't affect Ray, but you can lose metrics from the cluster.
[2022-01-12 12:51:00,720 I 12653 12966] raylet_client.cc:336: Error reporting task backlog information: IOError: 
[2022-01-12 12:51:01,720 I 12653 12966] raylet_client.cc:336: Error reporting task backlog information: IOError: 
[2022-01-12 12:51:02,720 I 12653 12966] raylet_client.cc:336: Error reporting task backlog information: IOError: 
[2022-01-12 12:51:03,720 I 12653 12966] raylet_client.cc:336: Error reporting task backlog information: IOError: 
[2022-01-12 12:51:04,721 I 12653 12966] raylet_client.cc:336: Error reporting task backlog information: IOError: 
[2022-01-12 12:51:05,721 I 12653 12966] raylet_client.cc:336: Error reporting task backlog information: IOError: 
[2022-01-12 12:51:06,721 I 12653 12966] raylet_client.cc:336: Error reporting task backlog information: IOError: 
[2022-01-12 12:51:07,721 I 12653 12966] raylet_client.cc:336: Error reporting task backlog information: IOError: 
[2022-01-12 12:51:08,721 I 12653 12966] raylet_client.cc:336: Error reporting task backlog information: IOError: 
[2022-01-12 12:51:09,721 I 12653 12966] raylet_client.cc:336: Error reporting task backlog information: IOError: 
[2022-01-12 12:51:09,796 W 12653 12967] metric_exporter.cc:206: Export metrics to agent failed: IOError: . This won't affect Ray, but you can lose metrics from the cluster.
[2022-01-12 12:51:10,721 I 12653 12966] raylet_client.cc:336: Error reporting task backlog information: IOError: 
[2022-01-12 12:51:11,721 I 12653 12966] raylet_client.cc:336: Error reporting task backlog information: IOError: 
[2022-01-12 12:51:12,721 I 12653 12966] raylet_client.cc:336: Error reporting task backlog information: IOError: 
[2022-01-12 12:51:13,721 I 12653 12966] raylet_client.cc:336: Error reporting task backlog information: IOError: 
[2022-01-12 12:51:14,721 I 12653 12966] raylet_client.cc:336: Error reporting task backlog information: IOError: 
[2022-01-12 12:51:15,722 I 12653 12966] raylet_client.cc:336: Error reporting task backlog information: IOError: 
[2022-01-12 12:51:16,722 I 12653 12966] raylet_client.cc:336: Error reporting task backlog information: IOError: 
[2022-01-12 12:51:17,722 I 12653 12966] raylet_client.cc:336: Error reporting task backlog information: IOError: 
[2022-01-12 12:51:18,722 I 12653 12966] raylet_client.cc:336: Error reporting task backlog information: IOError: 
[2022-01-12 12:51:19,722 I 12653 12966] raylet_client.cc:336: Error reporting task backlog information: IOError: 
[2022-01-12 12:51:19,805 W 12653 12967] metric_exporter.cc:206: Export metrics to agent failed: IOError: . This won't affect Ray, but you can lose metrics from the cluster.
[2022-01-12 12:51:20,722 I 12653 12966] raylet_client.cc:336: Error reporting task backlog information: IOError: 
[2022-01-12 12:51:21,722 I 12653 12966] raylet_client.cc:336: Error reporting task backlog information: IOError: 
[2022-01-12 12:51:22,722 I 12653 12966] raylet_client.cc:336: Error reporting task backlog information: IOError: 
[2022-01-12 12:51:23,722 I 12653 12966] raylet_client.cc:336: Error reporting task backlog information: IOError: 
[2022-01-12 12:51:24,722 I 12653 12966] raylet_client.cc:336: Error reporting task backlog information: IOError: 
[2022-01-12 12:51:25,723 I 12653 12966] raylet_client.cc:336: Error reporting task backlog information: IOError: 
[2022-01-12 12:51:26,723 I 12653 12966] raylet_client.cc:336: Error reporting task backlog information: IOError: 
[2022-01-12 12:51:27,723 I 12653 12966] raylet_client.cc:336: Error reporting task backlog information: IOError: 
[2022-01-12 12:51:28,723 I 12653 12966] raylet_client.cc:336: Error reporting task backlog information: IOError: 
[2022-01-12 12:51:29,723 I 12653 12966] raylet_client.cc:336: Error reporting task backlog information: IOError: 
[2022-01-12 12:51:29,812 W 12653 12967] metric_exporter.cc:206: Export metrics to agent failed: IOError: . This won't affect Ray, but you can lose metrics from the cluster.
[2022-01-12 12:51:30,723 I 12653 12966] raylet_client.cc:336: Error reporting task backlog information: IOError: 
[2022-01-12 12:51:31,723 I 12653 12966] raylet_client.cc:336: Error reporting task backlog information: IOError: 
[2022-01-12 12:51:32,723 I 12653 12966] raylet_client.cc:336: Error reporting task backlog information: IOError: 
[2022-01-12 12:51:33,723 I 12653 12966] raylet_client.cc:336: Error reporting task backlog information: IOError: 
[2022-01-12 12:51:34,723 I 12653 12966] raylet_client.cc:336: Error reporting task backlog information: IOError: 
[2022-01-12 12:51:35,723 I 12653 12966] raylet_client.cc:336: Error reporting task backlog information: IOError: 
[2022-01-12 12:51:36,724 I 12653 12966] raylet_client.cc:336: Error reporting task backlog information: IOError: 
[2022-01-12 12:51:37,724 I 12653 12966] raylet_client.cc:336: Error reporting task backlog information: IOError: 
[2022-01-12 12:51:38,724 I 12653 12966] raylet_client.cc:336: Error reporting task backlog information: IOError: 
[2022-01-12 12:51:39,724 I 12653 12966] raylet_client.cc:336: Error reporting task backlog information: IOError: 
[2022-01-12 12:51:39,820 W 12653 12967] metric_exporter.cc:206: Export metrics to agent failed: IOError: . This won't affect Ray, but you can lose metrics from the cluster.
[2022-01-12 12:51:40,724 I 12653 12966] raylet_client.cc:336: Error reporting task backlog information: IOError: 
[2022-01-12 12:51:41,724 I 12653 12966] raylet_client.cc:336: Error reporting task backlog information: IOError: 
[2022-01-12 12:51:42,724 I 12653 12966] raylet_client.cc:336: Error reporting task backlog information: IOError: 
[2022-01-12 12:51:43,724 I 12653 12966] raylet_client.cc:336: Error reporting task backlog information: IOError: 
[2022-01-12 12:51:44,724 I 12653 12966] raylet_client.cc:336: Error reporting task backlog information: IOError: 
[2022-01-12 12:51:45,724 I 12653 12966] raylet_client.cc:336: Error reporting task backlog information: IOError: 
[2022-01-12 12:51:46,724 I 12653 12966] raylet_client.cc:336: Error reporting task backlog information: IOError: 
[2022-01-12 12:51:47,725 I 12653 12966] raylet_client.cc:336: Error reporting task backlog information: IOError: 
[2022-01-12 12:51:48,725 I 12653 12966] raylet_client.cc:336: Error reporting task backlog information: IOError: 
[2022-01-12 12:51:49,725 I 12653 12966] raylet_client.cc:336: Error reporting task backlog information: IOError: 
[2022-01-12 12:51:49,826 W 12653 12967] metric_exporter.cc:206: Export metrics to agent failed: IOError: . This won't affect Ray, but you can lose metrics from the cluster.
[2022-01-12 12:51:50,725 I 12653 12966] raylet_client.cc:336: Error reporting task backlog information: IOError: 
[2022-01-12 12:51:51,725 I 12653 12966] raylet_client.cc:336: Error reporting task backlog information: IOError: 
[2022-01-12 12:51:52,725 I 12653 12966] raylet_client.cc:336: Error reporting task backlog information: IOError: 
[2022-01-12 12:51:53,725 I 12653 12966] raylet_client.cc:336: Error reporting task backlog information: IOError: 
[2022-01-12 12:51:54,725 I 12653 12966] raylet_client.cc:336: Error reporting task backlog information: IOError: 
[2022-01-12 12:51:55,725 I 12653 12966] raylet_client.cc:336: Error reporting task backlog information: IOError: 
[2022-01-12 12:51:56,725 I 12653 12966] raylet_client.cc:336: Error reporting task backlog information: IOError: 
[2022-01-12 12:51:57,725 I 12653 12966] raylet_client.cc:336: Error reporting task backlog information: IOError: 
[2022-01-12 12:51:58,726 I 12653 12966] raylet_client.cc:336: Error reporting task backlog information: IOError: 
[2022-01-12 12:51:59,726 I 12653 12966] raylet_client.cc:336: Error reporting task backlog information: IOError: 
[2022-01-12 12:51:59,837 W 12653 12967] metric_exporter.cc:206: Export metrics to agent failed: IOError: . This won't affect Ray, but you can lose metrics from the cluster.
[2022-01-12 12:52:00,726 I 12653 12966] raylet_client.cc:336: Error reporting task backlog information: IOError: 
[2022-01-12 12:52:01,726 I 12653 12966] raylet_client.cc:336: Error reporting task backlog information: IOError: 
[2022-01-12 12:52:02,726 I 12653 12966] raylet_client.cc:336: Error reporting task backlog information: IOError: 
[2022-01-12 12:52:03,726 I 12653 12966] raylet_client.cc:336: Error reporting task backlog information: IOError: 
[2022-01-12 12:52:04,726 I 12653 12966] raylet_client.cc:336: Error reporting task backlog information: IOError: 
[2022-01-12 12:52:05,726 I 12653 12966] raylet_client.cc:336: Error reporting task backlog information: IOError: 
[2022-01-12 12:52:06,726 I 12653 12966] raylet_client.cc:336: Error reporting task backlog information: IOError: 
[2022-01-12 12:52:07,726 I 12653 12966] raylet_client.cc:336: Error reporting task backlog information: IOError: 
[2022-01-12 12:52:08,726 I 12653 12966] raylet_client.cc:336: Error reporting task backlog information: IOError: 
[2022-01-12 12:52:09,727 I 12653 12966] raylet_client.cc:336: Error reporting task backlog information: IOError: 
[2022-01-12 12:52:09,844 W 12653 12967] metric_exporter.cc:206: Export metrics to agent failed: IOError: . This won't affect Ray, but you can lose metrics from the cluster.
[2022-01-12 12:52:10,727 I 12653 12966] raylet_client.cc:336: Error reporting task backlog information: IOError: 
[2022-01-12 12:52:11,727 I 12653 12966] raylet_client.cc:336: Error reporting task backlog information: IOError: 
[2022-01-12 12:52:12,727 I 12653 12966] raylet_client.cc:336: Error reporting task backlog information: IOError: 
[2022-01-12 12:52:13,727 I 12653 12966] raylet_client.cc:336: Error reporting task backlog information: IOError: 
[2022-01-12 12:52:14,727 I 12653 12966] raylet_client.cc:336: Error reporting task backlog information: IOError: 
[2022-01-12 12:52:15,727 I 12653 12966] raylet_client.cc:336: Error reporting task backlog information: IOError: 
[2022-01-12 12:52:16,727 I 12653 12966] raylet_client.cc:336: Error reporting task backlog information: IOError: 
[2022-01-12 12:52:17,727 I 12653 12966] raylet_client.cc:336: Error reporting task backlog information: IOError: 
[2022-01-12 12:52:18,727 I 12653 12966] raylet_client.cc:336: Error reporting task backlog information: IOError: 
[2022-01-12 12:52:19,727 I 12653 12966] raylet_client.cc:336: Error reporting task backlog information: IOError: 
[2022-01-12 12:52:19,852 W 12653 12967] metric_exporter.cc:206: Export metrics to agent failed: IOError: . This won't affect Ray, but you can lose metrics from the cluster.
[2022-01-12 12:52:20,727 I 12653 12966] raylet_client.cc:336: Error reporting task backlog information: IOError: 
[2022-01-12 12:52:21,728 I 12653 12966] raylet_client.cc:336: Error reporting task backlog information: IOError: 
[2022-01-12 12:52:22,728 I 12653 12966] raylet_client.cc:336: Error reporting task backlog information: IOError: 
[2022-01-12 12:52:23,728 I 12653 12966] raylet_client.cc:336: Error reporting task backlog information: IOError: 
[2022-01-12 12:52:24,728 I 12653 12966] raylet_client.cc:336: Error reporting task backlog information: IOError: 
[2022-01-12 12:52:25,728 I 12653 12966] raylet_client.cc:336: Error reporting task backlog information: IOError: 
[2022-01-12 12:52:26,728 I 12653 12966] raylet_client.cc:336: Error reporting task backlog information: IOError: 
[2022-01-12 12:52:27,728 I 12653 12966] raylet_client.cc:336: Error reporting task backlog information: IOError: 
[2022-01-12 12:52:28,728 I 12653 12966] raylet_client.cc:336: Error reporting task backlog information: IOError: 
[2022-01-12 12:52:29,728 I 12653 12966] raylet_client.cc:336: Error reporting task backlog information: IOError: 
[2022-01-12 12:52:29,859 W 12653 12967] metric_exporter.cc:206: Export metrics to agent failed: IOError: . This won't affect Ray, but you can lose metrics from the cluster.
[2022-01-12 12:52:30,728 I 12653 12966] raylet_client.cc:336: Error reporting task backlog information: IOError: 
[2022-01-12 12:52:31,729 I 12653 12966] raylet_client.cc:336: Error reporting task backlog information: IOError: 
[2022-01-12 12:52:32,729 I 12653 12966] raylet_client.cc:336: Error reporting task backlog information: IOError: 
[2022-01-12 12:52:33,729 I 12653 12966] raylet_client.cc:336: Error reporting task backlog information: IOError: 
[2022-01-12 12:52:34,729 I 12653 12966] raylet_client.cc:336: Error reporting task backlog information: IOError: 
[2022-01-12 12:52:35,729 I 12653 12966] raylet_client.cc:336: Error reporting task backlog information: IOError: 
[2022-01-12 12:52:36,729 I 12653 12966] raylet_client.cc:336: Error reporting task backlog information: IOError: 
[2022-01-12 12:52:37,729 I 12653 12966] raylet_client.cc:336: Error reporting task backlog information: IOError: 
[2022-01-12 12:52:38,729 I 12653 12966] raylet_client.cc:336: Error reporting task backlog information: IOError: 
[2022-01-12 12:52:39,729 I 12653 12966] raylet_client.cc:336: Error reporting task backlog information: IOError: 
[2022-01-12 12:52:39,867 W 12653 12967] metric_exporter.cc:206: Export metrics to agent failed: IOError: . This won't affect Ray, but you can lose metrics from the cluster.
[2022-01-12 12:52:40,729 I 12653 12966] raylet_client.cc:336: Error reporting task backlog information: IOError: 
[2022-01-12 12:52:41,729 I 12653 12966] raylet_client.cc:336: Error reporting task backlog information: IOError: 
[2022-01-12 12:52:42,730 I 12653 12966] raylet_client.cc:336: Error reporting task backlog information: IOError: 
[2022-01-12 12:52:43,730 I 12653 12966] raylet_client.cc:336: Error reporting task backlog information: IOError: 
[2022-01-12 12:52:44,730 I 12653 12966] raylet_client.cc:336: Error reporting task backlog information: IOError: 
[2022-01-12 12:52:45,730 I 12653 12966] raylet_client.cc:336: Error reporting task backlog information: IOError: 
[2022-01-12 12:52:46,730 I 12653 12966] raylet_client.cc:336: Error reporting task backlog information: IOError: 
[2022-01-12 12:52:47,730 I 12653 12966] raylet_client.cc:336: Error reporting task backlog information: IOError: 
[2022-01-12 12:52:48,730 I 12653 12966] raylet_client.cc:336: Error reporting task backlog information: IOError: 
[2022-01-12 12:52:49,730 I 12653 12966] raylet_client.cc:336: Error reporting task backlog information: IOError: 
[2022-01-12 12:52:49,874 W 12653 12967] metric_exporter.cc:206: Export metrics to agent failed: IOError: . This won't affect Ray, but you can lose metrics from the cluster.
[2022-01-12 12:52:50,730 I 12653 12966] raylet_client.cc:336: Error reporting task backlog information: IOError: 
[2022-01-12 12:52:51,730 I 12653 12966] raylet_client.cc:336: Error reporting task backlog information: IOError: 
[2022-01-12 12:52:52,730 I 12653 12966] raylet_client.cc:336: Error reporting task backlog information: IOError: 
[2022-01-12 12:52:53,731 I 12653 12966] raylet_client.cc:336: Error reporting task backlog information: IOError: 
[2022-01-12 12:52:54,731 I 12653 12966] raylet_client.cc:336: Error reporting task backlog information: IOError: 
[2022-01-12 12:52:55,731 I 12653 12966] raylet_client.cc:336: Error reporting task backlog information: IOError: 
[2022-01-12 12:52:56,731 I 12653 12966] raylet_client.cc:336: Error reporting task backlog information: IOError: 
[2022-01-12 12:52:57,731 I 12653 12966] raylet_client.cc:336: Error reporting task backlog information: IOError: 
[2022-01-12 12:52:58,731 I 12653 12966] raylet_client.cc:336: Error reporting task backlog information: IOError: 
[2022-01-12 12:52:59,731 I 12653 12966] raylet_client.cc:336: Error reporting task backlog information: IOError: 
[2022-01-12 12:52:59,881 W 12653 12967] metric_exporter.cc:206: Export metrics to agent failed: IOError: . This won't affect Ray, but you can lose metrics from the cluster.
[2022-01-12 12:53:00,731 I 12653 12966] raylet_client.cc:336: Error reporting task backlog information: IOError: 
[2022-01-12 12:53:01,731 I 12653 12966] raylet_client.cc:336: Error reporting task backlog information: IOError: 
[2022-01-12 12:53:02,731 I 12653 12966] raylet_client.cc:336: Error reporting task backlog information: IOError: 
[2022-01-12 12:53:03,731 I 12653 12966] raylet_client.cc:336: Error reporting task backlog information: IOError: 
[2022-01-12 12:53:04,732 I 12653 12966] raylet_client.cc:336: Error reporting task backlog information: IOError: 
[2022-01-12 12:53:05,732 I 12653 12966] raylet_client.cc:336: Error reporting task backlog information: IOError: 
[2022-01-12 12:53:06,732 I 12653 12966] raylet_client.cc:336: Error reporting task backlog information: IOError: 
[2022-01-12 12:53:07,732 I 12653 12966] raylet_client.cc:336: Error reporting task backlog information: IOError: 
[2022-01-12 12:53:08,732 I 12653 12966] raylet_client.cc:336: Error reporting task backlog information: IOError: 
[2022-01-12 12:53:09,732 I 12653 12966] raylet_client.cc:336: Error reporting task backlog information: IOError: 
[2022-01-12 12:53:09,887 W 12653 12967] metric_exporter.cc:206: Export metrics to agent failed: IOError: . This won't affect Ray, but you can lose metrics from the cluster.
[2022-01-12 12:53:10,732 I 12653 12966] raylet_client.cc:336: Error reporting task backlog information: IOError: 
[2022-01-12 12:53:11,732 I 12653 12966] raylet_client.cc:336: Error reporting task backlog information: IOError: 
[2022-01-12 12:53:12,732 I 12653 12966] raylet_client.cc:336: Error reporting task backlog information: IOError: 
[2022-01-12 12:53:13,732 I 12653 12966] raylet_client.cc:336: Error reporting task backlog information: IOError: 
[2022-01-12 12:53:14,732 I 12653 12966] raylet_client.cc:336: Error reporting task backlog information: IOError: 
[2022-01-12 12:53:15,733 I 12653 12966] raylet_client.cc:336: Error reporting task backlog information: IOError: 
[2022-01-12 12:53:16,733 I 12653 12966] raylet_client.cc:336: Error reporting task backlog information: IOError: 
[2022-01-12 12:53:17,733 I 12653 12966] raylet_client.cc:336: Error reporting task backlog information: IOError: 
[2022-01-12 12:53:18,733 I 12653 12966] raylet_client.cc:336: Error reporting task backlog information: IOError: 
[2022-01-12 12:53:19,733 I 12653 12966] raylet_client.cc:336: Error reporting task backlog information: IOError: 
[2022-01-12 12:53:19,894 W 12653 12967] metric_exporter.cc:206: Export metrics to agent failed: IOError: . This won't affect Ray, but you can lose metrics from the cluster.
[2022-01-12 12:53:20,733 I 12653 12966] raylet_client.cc:336: Error reporting task backlog information: IOError: 
[2022-01-12 12:53:21,733 I 12653 12966] raylet_client.cc:336: Error reporting task backlog information: IOError: 
[2022-01-12 12:53:22,733 I 12653 12966] raylet_client.cc:336: Error reporting task backlog information: IOError: 
[2022-01-12 12:53:23,733 I 12653 12966] raylet_client.cc:336: Error reporting task backlog information: IOError: 
[2022-01-12 12:53:24,733 I 12653 12966] raylet_client.cc:336: Error reporting task backlog information: IOError: 
[2022-01-12 12:53:25,733 I 12653 12966] raylet_client.cc:336: Error reporting task backlog information: IOError: 
[2022-01-12 12:53:26,734 I 12653 12966] raylet_client.cc:336: Error reporting task backlog information: IOError: 
[2022-01-12 12:53:27,734 I 12653 12966] raylet_client.cc:336: Error reporting task backlog information: IOError: 
[2022-01-12 12:53:28,734 I 12653 12966] raylet_client.cc:336: Error reporting task backlog information: IOError: 
[2022-01-12 12:53:29,734 I 12653 12966] raylet_client.cc:336: Error reporting task backlog information: IOError: 
[2022-01-12 12:53:29,900 W 12653 12967] metric_exporter.cc:206: Export metrics to agent failed: IOError: . This won't affect Ray, but you can lose metrics from the cluster.
[2022-01-12 12:53:30,734 I 12653 12966] raylet_client.cc:336: Error reporting task backlog information: IOError: 
[2022-01-12 12:53:31,734 I 12653 12966] raylet_client.cc:336: Error reporting task backlog information: IOError: 
[2022-01-12 12:53:32,734 I 12653 12966] raylet_client.cc:336: Error reporting task backlog information: IOError: 
[2022-01-12 12:53:33,734 I 12653 12966] raylet_client.cc:336: Error reporting task backlog information: IOError: 
[2022-01-12 12:53:34,734 I 12653 12966] raylet_client.cc:336: Error reporting task backlog information: IOError: 
[2022-01-12 12:53:35,734 I 12653 12966] raylet_client.cc:336: Error reporting task backlog information: IOError: 
[2022-01-12 12:53:36,734 I 12653 12966] raylet_client.cc:336: Error reporting task backlog information: IOError: 
[2022-01-12 12:53:37,734 I 12653 12966] raylet_client.cc:336: Error reporting task backlog information: IOError: 
[2022-01-12 12:53:38,735 I 12653 12966] raylet_client.cc:336: Error reporting task backlog information: IOError: 
[2022-01-12 12:53:39,735 I 12653 12966] raylet_client.cc:336: Error reporting task backlog information: IOError: 
[2022-01-12 12:53:39,907 W 12653 12967] metric_exporter.cc:206: Export metrics to agent failed: IOError: . This won't affect Ray, but you can lose metrics from the cluster.
[2022-01-12 12:53:40,735 I 12653 12966] raylet_client.cc:336: Error reporting task backlog information: IOError: 
[2022-01-12 12:53:41,735 I 12653 12966] raylet_client.cc:336: Error reporting task backlog information: IOError: 
[2022-01-12 12:53:42,735 I 12653 12966] raylet_client.cc:336: Error reporting task backlog information: IOError: 
[2022-01-12 12:53:43,735 I 12653 12966] raylet_client.cc:336: Error reporting task backlog information: IOError: 
[2022-01-12 12:53:44,735 I 12653 12966] raylet_client.cc:336: Error reporting task backlog information: IOError: 
[2022-01-12 12:53:45,735 I 12653 12966] raylet_client.cc:336: Error reporting task backlog information: IOError: 
[2022-01-12 12:53:46,735 I 12653 12966] raylet_client.cc:336: Error reporting task backlog information: IOError: 
[2022-01-12 12:53:47,735 I 12653 12966] raylet_client.cc:336: Error reporting task backlog information: IOError: 
[2022-01-12 12:53:48,735 I 12653 12966] raylet_client.cc:336: Error reporting task backlog information: IOError: 
[2022-01-12 12:53:49,736 I 12653 12966] raylet_client.cc:336: Error reporting task backlog information: IOError: 
[2022-01-12 12:53:49,913 W 12653 12967] metric_exporter.cc:206: Export metrics to agent failed: IOError: . This won't affect Ray, but you can lose metrics from the cluster.
[2022-01-12 12:53:50,736 I 12653 12966] raylet_client.cc:336: Error reporting task backlog information: IOError: 
[2022-01-12 12:53:51,736 I 12653 12966] raylet_client.cc:336: Error reporting task backlog information: IOError: 
[2022-01-12 12:53:52,736 I 12653 12966] raylet_client.cc:336: Error reporting task backlog information: IOError: 
[2022-01-12 12:53:53,736 I 12653 12966] raylet_client.cc:336: Error reporting task backlog information: IOError: 
[2022-01-12 12:53:54,736 I 12653 12966] raylet_client.cc:336: Error reporting task backlog information: IOError: 
[2022-01-12 12:53:55,736 I 12653 12966] raylet_client.cc:336: Error reporting task backlog information: IOError: 
[2022-01-12 12:53:56,736 I 12653 12966] raylet_client.cc:336: Error reporting task backlog information: IOError: 
[2022-01-12 12:53:57,736 I 12653 12966] raylet_client.cc:336: Error reporting task backlog information: IOError: 
[2022-01-12 12:53:58,736 I 12653 12966] raylet_client.cc:336: Error reporting task backlog information: IOError: 
[2022-01-12 12:53:59,736 I 12653 12966] raylet_client.cc:336: Error reporting task backlog information: IOError: 
[2022-01-12 12:53:59,920 W 12653 12967] metric_exporter.cc:206: Export metrics to agent failed: IOError: . This won't affect Ray, but you can lose metrics from the cluster.
[2022-01-12 12:54:00,736 I 12653 12966] raylet_client.cc:336: Error reporting task backlog information: IOError: 
[2022-01-12 12:54:01,737 I 12653 12966] raylet_client.cc:336: Error reporting task backlog information: IOError: 
[2022-01-12 12:54:02,737 I 12653 12966] raylet_client.cc:336: Error reporting task backlog information: IOError: 
[2022-01-12 12:54:03,737 I 12653 12966] raylet_client.cc:336: Error reporting task backlog information: IOError: 
[2022-01-12 12:54:04,737 I 12653 12966] raylet_client.cc:336: Error reporting task backlog information: IOError: 
[2022-01-12 12:54:05,737 I 12653 12966] raylet_client.cc:336: Error reporting task backlog information: IOError: 
[2022-01-12 12:54:06,737 I 12653 12966] raylet_client.cc:336: Error reporting task backlog information: IOError: 
[2022-01-12 12:54:07,737 I 12653 12966] raylet_client.cc:336: Error reporting task backlog information: IOError: 
[2022-01-12 12:54:08,737 I 12653 12966] raylet_client.cc:336: Error reporting task backlog information: IOError: 
[2022-01-12 12:54:09,737 I 12653 12966] raylet_client.cc:336: Error reporting task backlog information: IOError: 
[2022-01-12 12:54:09,926 W 12653 12967] metric_exporter.cc:206: Export metrics to agent failed: IOError: . This won't affect Ray, but you can lose metrics from the cluster.
[2022-01-12 12:54:10,737 I 12653 12966] raylet_client.cc:336: Error reporting task backlog information: IOError: 
[2022-01-12 12:54:11,737 I 12653 12966] raylet_client.cc:336: Error reporting task backlog information: IOError: 
[2022-01-12 12:54:12,738 I 12653 12966] raylet_client.cc:336: Error reporting task backlog information: IOError: 
[2022-01-12 12:54:13,738 I 12653 12966] raylet_client.cc:336: Error reporting task backlog information: IOError: 
[2022-01-12 12:54:14,738 I 12653 12966] raylet_client.cc:336: Error reporting task backlog information: IOError: 
[2022-01-12 12:54:15,738 I 12653 12966] raylet_client.cc:336: Error reporting task backlog information: IOError: 
[2022-01-12 12:54:16,738 I 12653 12966] raylet_client.cc:336: Error reporting task backlog information: IOError: 
[2022-01-12 12:54:17,738 I 12653 12966] raylet_client.cc:336: Error reporting task backlog information: IOError: 
[2022-01-12 12:54:18,738 I 12653 12966] raylet_client.cc:336: Error reporting task backlog information: IOError: 
[2022-01-12 12:54:19,738 I 12653 12966] raylet_client.cc:336: Error reporting task backlog information: IOError: 
[2022-01-12 12:54:19,933 W 12653 12967] metric_exporter.cc:206: Export metrics to agent failed: IOError: . This won't affect Ray, but you can lose metrics from the cluster.
[2022-01-12 12:54:20,738 I 12653 12966] raylet_client.cc:336: Error reporting task backlog information: IOError: 
[2022-01-12 12:54:21,738 I 12653 12966] raylet_client.cc:336: Error reporting task backlog information: IOError: 
[2022-01-12 12:54:22,738 I 12653 12966] raylet_client.cc:336: Error reporting task backlog information: IOError: 
[2022-01-12 12:54:23,738 I 12653 12966] raylet_client.cc:336: Error reporting task backlog information: IOError: 
[2022-01-12 12:54:24,739 I 12653 12966] raylet_client.cc:336: Error reporting task backlog information: IOError: 
[2022-01-12 12:54:25,739 I 12653 12966] raylet_client.cc:336: Error reporting task backlog information: IOError: 
[2022-01-12 12:54:26,739 I 12653 12966] raylet_client.cc:336: Error reporting task backlog information: IOError: 
[2022-01-12 12:54:27,739 I 12653 12966] raylet_client.cc:336: Error reporting task backlog information: IOError: 
[2022-01-12 12:54:28,739 I 12653 12966] raylet_client.cc:336: Error reporting task backlog information: IOError: 
[2022-01-12 12:54:29,739 I 12653 12966] raylet_client.cc:336: Error reporting task backlog information: IOError: 
[2022-01-12 12:54:29,940 W 12653 12967] metric_exporter.cc:206: Export metrics to agent failed: IOError: . This won't affect Ray, but you can lose metrics from the cluster.
[2022-01-12 12:54:30,739 I 12653 12966] raylet_client.cc:336: Error reporting task backlog information: IOError: 
[2022-01-12 12:54:31,584 W 12653 12906] gcs_server_address_updater.cc:61: [301] Failed to get the gcs server address from raylet 301 times in a row. If it keeps failing to obtain the address, the worker might crash. Connection status IOError: 
[2022-01-12 12:54:31,739 I 12653 12966] raylet_client.cc:336: Error reporting task backlog information: IOError: 
[2022-01-12 12:54:32,739 I 12653 12966] raylet_client.cc:336: Error reporting task backlog information: IOError: 
[2022-01-12 12:54:33,739 I 12653 12966] raylet_client.cc:336: Error reporting task backlog information: IOError: 
[2022-01-12 12:54:34,740 I 12653 12966] raylet_client.cc:336: Error reporting task backlog information: IOError: 
[2022-01-12 12:54:35,740 I 12653 12966] raylet_client.cc:336: Error reporting task backlog information: IOError: 
[2022-01-12 12:54:36,740 I 12653 12966] raylet_client.cc:336: Error reporting task backlog information: IOError: 
[2022-01-12 12:54:37,740 I 12653 12966] raylet_client.cc:336: Error reporting task backlog information: IOError: 
[2022-01-12 12:54:38,740 I 12653 12966] raylet_client.cc:336: Error reporting task backlog information: IOError: 
[2022-01-12 12:54:39,740 I 12653 12966] raylet_client.cc:336: Error reporting task backlog information: IOError: 
[2022-01-12 12:54:39,946 W 12653 12967] metric_exporter.cc:206: Export metrics to agent failed: IOError: . This won't affect Ray, but you can lose metrics from the cluster.
[2022-01-12 12:54:40,740 I 12653 12966] raylet_client.cc:336: Error reporting task backlog information: IOError: 
[2022-01-12 12:54:41,740 I 12653 12966] raylet_client.cc:336: Error reporting task backlog information: IOError: 
[2022-01-12 12:54:42,740 I 12653 12966] raylet_client.cc:336: Error reporting task backlog information: IOError: 
[2022-01-12 12:54:43,740 I 12653 12966] raylet_client.cc:336: Error reporting task backlog information: IOError: 
[2022-01-12 12:54:44,740 I 12653 12966] raylet_client.cc:336: Error reporting task backlog information: IOError: 
[2022-01-12 12:54:45,740 I 12653 12966] raylet_client.cc:336: Error reporting task backlog information: IOError: 
[2022-01-12 12:54:46,741 I 12653 12966] raylet_client.cc:336: Error reporting task backlog information: IOError: 
[2022-01-12 12:54:47,741 I 12653 12966] raylet_client.cc:336: Error reporting task backlog information: IOError: 
[2022-01-12 12:54:48,741 I 12653 12966] raylet_client.cc:336: Error reporting task backlog information: IOError: 
[2022-01-12 12:54:49,741 I 12653 12966] raylet_client.cc:336: Error reporting task backlog information: IOError: 
[2022-01-12 12:54:49,953 W 12653 12967] metric_exporter.cc:206: Export metrics to agent failed: IOError: . This won't affect Ray, but you can lose metrics from the cluster.
[2022-01-12 12:54:50,741 I 12653 12966] raylet_client.cc:336: Error reporting task backlog information: IOError: 
[2022-01-12 12:54:51,741 I 12653 12966] raylet_client.cc:336: Error reporting task backlog information: IOError: 
[2022-01-12 12:54:52,741 I 12653 12966] raylet_client.cc:336: Error reporting task backlog information: IOError: 
[2022-01-12 12:54:53,741 I 12653 12966] raylet_client.cc:336: Error reporting task backlog information: IOError: 
[2022-01-12 12:54:54,741 I 12653 12966] raylet_client.cc:336: Error reporting task backlog information: IOError: 
[2022-01-12 12:54:55,741 I 12653 12966] raylet_client.cc:336: Error reporting task backlog information: IOError: 
[2022-01-12 12:54:56,741 I 12653 12966] raylet_client.cc:336: Error reporting task backlog information: IOError: 
[2022-01-12 12:54:57,742 I 12653 12966] raylet_client.cc:336: Error reporting task backlog information: IOError: 
[2022-01-12 12:54:58,742 I 12653 12966] raylet_client.cc:336: Error reporting task backlog information: IOError: 
[2022-01-12 12:54:59,742 I 12653 12966] raylet_client.cc:336: Error reporting task backlog information: IOError: 
[2022-01-12 12:54:59,960 W 12653 12967] metric_exporter.cc:206: Export metrics to agent failed: IOError: . This won't affect Ray, but you can lose metrics from the cluster.
[2022-01-12 12:55:00,742 I 12653 12966] raylet_client.cc:336: Error reporting task backlog information: IOError: 
[2022-01-12 12:55:01,742 I 12653 12966] raylet_client.cc:336: Error reporting task backlog information: IOError: 
[2022-01-12 12:55:02,742 I 12653 12966] raylet_client.cc:336: Error reporting task backlog information: IOError: 
[2022-01-12 12:55:03,742 I 12653 12966] raylet_client.cc:336: Error reporting task backlog information: IOError: 
[2022-01-12 12:55:04,742 I 12653 12966] raylet_client.cc:336: Error reporting task backlog information: IOError: 
[2022-01-12 12:55:05,742 I 12653 12966] raylet_client.cc:336: Error reporting task backlog information: IOError: 
[2022-01-12 12:55:06,742 I 12653 12966] raylet_client.cc:336: Error reporting task backlog information: IOError: 
[2022-01-12 12:55:07,742 I 12653 12966] raylet_client.cc:336: Error reporting task backlog information: IOError: 
[2022-01-12 12:55:08,743 I 12653 12966] raylet_client.cc:336: Error reporting task backlog information: IOError: 
[2022-01-12 12:55:09,743 I 12653 12966] raylet_client.cc:336: Error reporting task backlog information: IOError: 
[2022-01-12 12:55:09,966 W 12653 12967] metric_exporter.cc:206: Export metrics to agent failed: IOError: . This won't affect Ray, but you can lose metrics from the cluster.
[2022-01-12 12:55:10,743 I 12653 12966] raylet_client.cc:336: Error reporting task backlog information: IOError: 
[2022-01-12 12:55:11,743 I 12653 12966] raylet_client.cc:336: Error reporting task backlog information: IOError: 
[2022-01-12 12:55:12,743 I 12653 12966] raylet_client.cc:336: Error reporting task backlog information: IOError: 
[2022-01-12 12:55:13,743 I 12653 12966] raylet_client.cc:336: Error reporting task backlog information: IOError: 
[2022-01-12 12:55:14,743 I 12653 12966] raylet_client.cc:336: Error reporting task backlog information: IOError: 
[2022-01-12 12:55:15,743 I 12653 12966] raylet_client.cc:336: Error reporting task backlog information: IOError: 
[2022-01-12 12:55:16,743 I 12653 12966] raylet_client.cc:336: Error reporting task backlog information: IOError: 
[2022-01-12 12:55:17,743 I 12653 12966] raylet_client.cc:336: Error reporting task backlog information: IOError: 
[2022-01-12 12:55:18,743 I 12653 12966] raylet_client.cc:336: Error reporting task backlog information: IOError: 
[2022-01-12 12:55:19,743 I 12653 12966] raylet_client.cc:336: Error reporting task backlog information: IOError: 
[2022-01-12 12:55:19,973 W 12653 12967] metric_exporter.cc:206: Export metrics to agent failed: IOError: . This won't affect Ray, but you can lose metrics from the cluster.
[2022-01-12 12:55:20,744 I 12653 12966] raylet_client.cc:336: Error reporting task backlog information: IOError: 
[2022-01-12 12:55:21,744 I 12653 12966] raylet_client.cc:336: Error reporting task backlog information: IOError: 
[2022-01-12 12:55:22,744 I 12653 12966] raylet_client.cc:336: Error reporting task backlog information: IOError: 
[2022-01-12 12:55:23,744 I 12653 12966] raylet_client.cc:336: Error reporting task backlog information: IOError: 
[2022-01-12 12:55:24,744 I 12653 12966] raylet_client.cc:336: Error reporting task backlog information: IOError: 
[2022-01-12 12:55:25,744 I 12653 12966] raylet_client.cc:336: Error reporting task backlog information: IOError: 
[2022-01-12 12:55:26,744 I 12653 12966] raylet_client.cc:336: Error reporting task backlog information: IOError: 
[2022-01-12 12:55:27,744 I 12653 12966] raylet_client.cc:336: Error reporting task backlog information: IOError: 
[2022-01-12 12:55:28,744 I 12653 12966] raylet_client.cc:336: Error reporting task backlog information: IOError: 
[2022-01-12 12:55:29,744 I 12653 12966] raylet_client.cc:336: Error reporting task backlog information: IOError: 
[2022-01-12 12:55:29,979 W 12653 12967] metric_exporter.cc:206: Export metrics to agent failed: IOError: . This won't affect Ray, but you can lose metrics from the cluster.
[2022-01-12 12:55:30,744 I 12653 12966] raylet_client.cc:336: Error reporting task backlog information: IOError: 
[2022-01-12 12:55:31,744 I 12653 12966] raylet_client.cc:336: Error reporting task backlog information: IOError: 
[2022-01-12 12:55:32,744 I 12653 12966] raylet_client.cc:336: Error reporting task backlog information: IOError: 
[2022-01-12 12:55:33,745 I 12653 12966] raylet_client.cc:336: Error reporting task backlog information: IOError: 
[2022-01-12 12:55:34,745 I 12653 12966] raylet_client.cc:336: Error reporting task backlog information: IOError: 
[2022-01-12 12:55:35,745 I 12653 12966] raylet_client.cc:336: Error reporting task backlog information: IOError: 
[2022-01-12 12:55:36,745 I 12653 12966] raylet_client.cc:336: Error reporting task backlog information: IOError: 
[2022-01-12 12:55:37,745 I 12653 12966] raylet_client.cc:336: Error reporting task backlog information: IOError: 
[2022-01-12 12:55:38,745 I 12653 12966] raylet_client.cc:336: Error reporting task backlog information: IOError: 
[2022-01-12 12:55:39,745 I 12653 12966] raylet_client.cc:336: Error reporting task backlog information: IOError: 
[2022-01-12 12:55:39,986 W 12653 12967] metric_exporter.cc:206: Export metrics to agent failed: IOError: . This won't affect Ray, but you can lose metrics from the cluster.
[2022-01-12 12:55:40,745 I 12653 12966] raylet_client.cc:336: Error reporting task backlog information: IOError: 
[2022-01-12 12:55:41,745 I 12653 12966] raylet_client.cc:336: Error reporting task backlog information: IOError: 
[2022-01-12 12:55:42,745 I 12653 12966] raylet_client.cc:336: Error reporting task backlog information: IOError: 
[2022-01-12 12:55:43,746 I 12653 12966] raylet_client.cc:336: Error reporting task backlog information: IOError: 
[2022-01-12 12:55:44,746 I 12653 12966] raylet_client.cc:336: Error reporting task backlog information: IOError: 
[2022-01-12 12:55:45,746 I 12653 12966] raylet_client.cc:336: Error reporting task backlog information: IOError: 
[2022-01-12 12:55:46,746 I 12653 12966] raylet_client.cc:336: Error reporting task backlog information: IOError: 
[2022-01-12 12:55:47,746 I 12653 12966] raylet_client.cc:336: Error reporting task backlog information: IOError: 
[2022-01-12 12:55:48,746 I 12653 12966] raylet_client.cc:336: Error reporting task backlog information: IOError: 
[2022-01-12 12:55:49,746 I 12653 12966] raylet_client.cc:336: Error reporting task backlog information: IOError: 
[2022-01-12 12:55:49,993 W 12653 12967] metric_exporter.cc:206: Export metrics to agent failed: IOError: . This won't affect Ray, but you can lose metrics from the cluster.
[2022-01-12 12:55:50,746 I 12653 12966] raylet_client.cc:336: Error reporting task backlog information: IOError: 
[2022-01-12 12:55:51,746 I 12653 12966] raylet_client.cc:336: Error reporting task backlog information: IOError: 
[2022-01-12 12:55:52,746 I 12653 12966] raylet_client.cc:336: Error reporting task backlog information: IOError: 
[2022-01-12 12:55:53,746 I 12653 12966] raylet_client.cc:336: Error reporting task backlog information: IOError: 
[2022-01-12 12:55:54,746 I 12653 12966] raylet_client.cc:336: Error reporting task backlog information: IOError: 
[2022-01-12 12:55:55,747 I 12653 12966] raylet_client.cc:336: Error reporting task backlog information: IOError: 
[2022-01-12 12:55:56,747 I 12653 12966] raylet_client.cc:336: Error reporting task backlog information: IOError: 
[2022-01-12 12:55:57,747 I 12653 12966] raylet_client.cc:336: Error reporting task backlog information: IOError: 
[2022-01-12 12:55:58,747 I 12653 12966] raylet_client.cc:336: Error reporting task backlog information: IOError: 
[2022-01-12 12:55:59,747 I 12653 12966] raylet_client.cc:336: Error reporting task backlog information: IOError: 
[2022-01-12 12:56:00,008 W 12653 12967] metric_exporter.cc:206: Export metrics to agent failed: IOError: . This won't affect Ray, but you can lose metrics from the cluster.
[2022-01-12 12:56:00,747 I 12653 12966] raylet_client.cc:336: Error reporting task backlog information: IOError: 
[2022-01-12 12:56:01,747 I 12653 12966] raylet_client.cc:336: Error reporting task backlog information: IOError: 
[2022-01-12 12:56:02,747 I 12653 12966] raylet_client.cc:336: Error reporting task backlog information: IOError: 
[2022-01-12 12:56:03,747 I 12653 12966] raylet_client.cc:336: Error reporting task backlog information: IOError: 
[2022-01-12 12:56:04,747 I 12653 12966] raylet_client.cc:336: Error reporting task backlog information: IOError: 
[2022-01-12 12:56:05,747 I 12653 12966] raylet_client.cc:336: Error reporting task backlog information: IOError: 
[2022-01-12 12:56:06,748 I 12653 12966] raylet_client.cc:336: Error reporting task backlog information: IOError: 
[2022-01-12 12:56:07,748 I 12653 12966] raylet_client.cc:336: Error reporting task backlog information: IOError: 
[2022-01-12 12:56:08,748 I 12653 12966] raylet_client.cc:336: Error reporting task backlog information: IOError: 
[2022-01-12 12:56:09,748 I 12653 12966] raylet_client.cc:336: Error reporting task backlog information: IOError: 
[2022-01-12 12:56:10,015 W 12653 12967] metric_exporter.cc:206: Export metrics to agent failed: IOError: . This won't affect Ray, but you can lose metrics from the cluster.
[2022-01-12 12:56:10,748 I 12653 12966] raylet_client.cc:336: Error reporting task backlog information: IOError: 
[2022-01-12 12:56:11,748 I 12653 12966] raylet_client.cc:336: Error reporting task backlog information: IOError: 
[2022-01-12 12:56:12,748 I 12653 12966] raylet_client.cc:336: Error reporting task backlog information: IOError: 
[2022-01-12 12:56:13,748 I 12653 12966] raylet_client.cc:336: Error reporting task backlog information: IOError: 
[2022-01-12 12:56:14,748 I 12653 12966] raylet_client.cc:336: Error reporting task backlog information: IOError: 
[2022-01-12 12:56:15,748 I 12653 12966] raylet_client.cc:336: Error reporting task backlog information: IOError: 
[2022-01-12 12:56:16,748 I 12653 12966] raylet_client.cc:336: Error reporting task backlog information: IOError: 
[2022-01-12 12:56:17,749 I 12653 12966] raylet_client.cc:336: Error reporting task backlog information: IOError: 
[2022-01-12 12:56:18,749 I 12653 12966] raylet_client.cc:336: Error reporting task backlog information: IOError: 
[2022-01-12 12:56:19,749 I 12653 12966] raylet_client.cc:336: Error reporting task backlog information: IOError: 
[2022-01-12 12:56:20,022 W 12653 12967] metric_exporter.cc:206: Export metrics to agent failed: IOError: . This won't affect Ray, but you can lose metrics from the cluster.
[2022-01-12 12:56:20,749 I 12653 12966] raylet_client.cc:336: Error reporting task backlog information: IOError: 
[2022-01-12 12:56:21,749 I 12653 12966] raylet_client.cc:336: Error reporting task backlog information: IOError: 
[2022-01-12 12:56:22,749 I 12653 12966] raylet_client.cc:336: Error reporting task backlog information: IOError: 
[2022-01-12 12:56:23,749 I 12653 12966] raylet_client.cc:336: Error reporting task backlog information: IOError: 
[2022-01-12 12:56:24,749 I 12653 12966] raylet_client.cc:336: Error reporting task backlog information: IOError: 
[2022-01-12 12:56:25,749 I 12653 12966] raylet_client.cc:336: Error reporting task backlog information: IOError: 
[2022-01-12 12:56:26,749 I 12653 12966] raylet_client.cc:336: Error reporting task backlog information: IOError: 
[2022-01-12 12:56:27,749 I 12653 12966] raylet_client.cc:336: Error reporting task backlog information: IOError: 
[2022-01-12 12:56:28,749 I 12653 12966] raylet_client.cc:336: Error reporting task backlog information: IOError: 
[2022-01-12 12:56:29,749 I 12653 12966] raylet_client.cc:336: Error reporting task backlog information: IOError: 
[2022-01-12 12:56:30,028 W 12653 12967] metric_exporter.cc:206: Export metrics to agent failed: IOError: . This won't affect Ray, but you can lose metrics from the cluster.
[2022-01-12 12:56:30,750 I 12653 12966] raylet_client.cc:336: Error reporting task backlog information: IOError: 
[2022-01-12 12:56:31,750 I 12653 12966] raylet_client.cc:336: Error reporting task backlog information: IOError: 
[2022-01-12 12:56:32,750 I 12653 12966] raylet_client.cc:336: Error reporting task backlog information: IOError: 
[2022-01-12 12:56:33,750 I 12653 12966] raylet_client.cc:336: Error reporting task backlog information: IOError: 
[2022-01-12 12:56:34,750 I 12653 12966] raylet_client.cc:336: Error reporting task backlog information: IOError: 
[2022-01-12 12:56:35,750 I 12653 12966] raylet_client.cc:336: Error reporting task backlog information: IOError: 
[2022-01-12 12:56:36,750 I 12653 12966] raylet_client.cc:336: Error reporting task backlog information: IOError: 
[2022-01-12 12:56:37,750 I 12653 12966] raylet_client.cc:336: Error reporting task backlog information: IOError: 
[2022-01-12 12:56:38,750 I 12653 12966] raylet_client.cc:336: Error reporting task backlog information: IOError: 
[2022-01-12 12:56:39,750 I 12653 12966] raylet_client.cc:336: Error reporting task backlog information: IOError: 
[2022-01-12 12:56:40,035 W 12653 12967] metric_exporter.cc:206: Export metrics to agent failed: IOError: . This won't affect Ray, but you can lose metrics from the cluster.
[2022-01-12 12:56:40,750 I 12653 12966] raylet_client.cc:336: Error reporting task backlog information: IOError: 
[2022-01-12 12:56:41,750 I 12653 12966] raylet_client.cc:336: Error reporting task backlog information: IOError: 
[2022-01-12 12:56:42,750 I 12653 12966] raylet_client.cc:336: Error reporting task backlog information: IOError: 
[2022-01-12 12:56:43,751 I 12653 12966] raylet_client.cc:336: Error reporting task backlog information: IOError: 
[2022-01-12 12:56:44,751 I 12653 12966] raylet_client.cc:336: Error reporting task backlog information: IOError: 
[2022-01-12 12:56:45,751 I 12653 12966] raylet_client.cc:336: Error reporting task backlog information: IOError: 
[2022-01-12 12:56:46,751 I 12653 12966] raylet_client.cc:336: Error reporting task backlog information: IOError: 
[2022-01-12 12:56:47,751 I 12653 12966] raylet_client.cc:336: Error reporting task backlog information: IOError: 
[2022-01-12 12:56:48,751 I 12653 12966] raylet_client.cc:336: Error reporting task backlog information: IOError: 
[2022-01-12 12:56:49,751 I 12653 12966] raylet_client.cc:336: Error reporting task backlog information: IOError: 
[2022-01-12 12:56:50,043 W 12653 12967] metric_exporter.cc:206: Export metrics to agent failed: IOError: . This won't affect Ray, but you can lose metrics from the cluster.
[2022-01-12 12:56:50,751 I 12653 12966] raylet_client.cc:336: Error reporting task backlog information: IOError: 
[2022-01-12 12:56:51,751 I 12653 12966] raylet_client.cc:336: Error reporting task backlog information: IOError: 
[2022-01-12 12:56:52,751 I 12653 12966] raylet_client.cc:336: Error reporting task backlog information: IOError: 
[2022-01-12 12:56:53,751 I 12653 12966] raylet_client.cc:336: Error reporting task backlog information: IOError: 
[2022-01-12 12:56:54,752 I 12653 12966] raylet_client.cc:336: Error reporting task backlog information: IOError: 
[2022-01-12 12:56:55,752 I 12653 12966] raylet_client.cc:336: Error reporting task backlog information: IOError: 
[2022-01-12 12:56:56,752 I 12653 12966] raylet_client.cc:336: Error reporting task backlog information: IOError: 
[2022-01-12 12:56:57,752 I 12653 12966] raylet_client.cc:336: Error reporting task backlog information: IOError: 
[2022-01-12 12:56:58,752 I 12653 12966] raylet_client.cc:336: Error reporting task backlog information: IOError: 
[2022-01-12 12:56:59,752 I 12653 12966] raylet_client.cc:336: Error reporting task backlog information: IOError: 
[2022-01-12 12:57:00,050 W 12653 12967] metric_exporter.cc:206: Export metrics to agent failed: IOError: . This won't affect Ray, but you can lose metrics from the cluster.
[2022-01-12 12:57:00,752 I 12653 12966] raylet_client.cc:336: Error reporting task backlog information: IOError: 
[2022-01-12 12:57:01,752 I 12653 12966] raylet_client.cc:336: Error reporting task backlog information: IOError: 
[2022-01-12 12:57:02,752 I 12653 12966] raylet_client.cc:336: Error reporting task backlog information: IOError: 
[2022-01-12 12:57:03,752 I 12653 12966] raylet_client.cc:336: Error reporting task backlog information: IOError: 
[2022-01-12 12:57:04,752 I 12653 12966] raylet_client.cc:336: Error reporting task backlog information: IOError: 
[2022-01-12 12:57:05,753 I 12653 12966] raylet_client.cc:336: Error reporting task backlog information: IOError: 
[2022-01-12 12:57:06,753 I 12653 12966] raylet_client.cc:336: Error reporting task backlog information: IOError: 
[2022-01-12 12:57:07,753 I 12653 12966] raylet_client.cc:336: Error reporting task backlog information: IOError: 
[2022-01-12 12:57:08,753 I 12653 12966] raylet_client.cc:336: Error reporting task backlog information: IOError: 
[2022-01-12 12:57:09,753 I 12653 12966] raylet_client.cc:336: Error reporting task backlog information: IOError: 
[2022-01-12 12:57:10,057 W 12653 12967] metric_exporter.cc:206: Export metrics to agent failed: IOError: . This won't affect Ray, but you can lose metrics from the cluster.
[2022-01-12 12:57:10,753 I 12653 12966] raylet_client.cc:336: Error reporting task backlog information: IOError: 
[2022-01-12 12:57:11,753 I 12653 12966] raylet_client.cc:336: Error reporting task backlog information: IOError: 
[2022-01-12 12:57:12,753 I 12653 12966] raylet_client.cc:336: Error reporting task backlog information: IOError: 
[2022-01-12 12:57:13,753 I 12653 12966] raylet_client.cc:336: Error reporting task backlog information: IOError: 
[2022-01-12 12:57:14,753 I 12653 12966] raylet_client.cc:336: Error reporting task backlog information: IOError: 
[2022-01-12 12:57:15,753 I 12653 12966] raylet_client.cc:336: Error reporting task backlog information: IOError: 
[2022-01-12 12:57:16,753 I 12653 12966] raylet_client.cc:336: Error reporting task backlog information: IOError: 
[2022-01-12 12:57:17,753 I 12653 12966] raylet_client.cc:336: Error reporting task backlog information: IOError: 
[2022-01-12 12:57:18,753 I 12653 12966] raylet_client.cc:336: Error reporting task backlog information: IOError: 
[2022-01-12 12:57:19,754 I 12653 12966] raylet_client.cc:336: Error reporting task backlog information: IOError: 
[2022-01-12 12:57:20,064 W 12653 12967] metric_exporter.cc:206: Export metrics to agent failed: IOError: . This won't affect Ray, but you can lose metrics from the cluster.
[2022-01-12 12:57:20,754 I 12653 12966] raylet_client.cc:336: Error reporting task backlog information: IOError: 
[2022-01-12 12:57:21,754 I 12653 12966] raylet_client.cc:336: Error reporting task backlog information: IOError: 
[2022-01-12 12:57:22,754 I 12653 12966] raylet_client.cc:336: Error reporting task backlog information: IOError: 
[2022-01-12 12:57:23,754 I 12653 12966] raylet_client.cc:336: Error reporting task backlog information: IOError: 
[2022-01-12 12:57:24,754 I 12653 12966] raylet_client.cc:336: Error reporting task backlog information: IOError: 
[2022-01-12 12:57:25,754 I 12653 12966] raylet_client.cc:336: Error reporting task backlog information: IOError: 
[2022-01-12 12:57:26,754 I 12653 12966] raylet_client.cc:336: Error reporting task backlog information: IOError: 
[2022-01-12 12:57:27,754 I 12653 12966] raylet_client.cc:336: Error reporting task backlog information: IOError: 
[2022-01-12 12:57:28,754 I 12653 12966] raylet_client.cc:336: Error reporting task backlog information: IOError: 
[2022-01-12 12:57:29,754 I 12653 12966] raylet_client.cc:336: Error reporting task backlog information: IOError: 
[2022-01-12 12:57:30,071 W 12653 12967] metric_exporter.cc:206: Export metrics to agent failed: IOError: . This won't affect Ray, but you can lose metrics from the cluster.
[2022-01-12 12:57:30,754 I 12653 12966] raylet_client.cc:336: Error reporting task backlog information: IOError: 
[2022-01-12 12:57:31,754 I 12653 12966] raylet_client.cc:336: Error reporting task backlog information: IOError: 
[2022-01-12 12:57:32,754 I 12653 12966] raylet_client.cc:336: Error reporting task backlog information: IOError: 
[2022-01-12 12:57:33,755 I 12653 12966] raylet_client.cc:336: Error reporting task backlog information: IOError: 
[2022-01-12 12:57:34,755 I 12653 12966] raylet_client.cc:336: Error reporting task backlog information: IOError: 
[2022-01-12 12:57:35,755 I 12653 12966] raylet_client.cc:336: Error reporting task backlog information: IOError: 
[2022-01-12 12:57:36,755 I 12653 12966] raylet_client.cc:336: Error reporting task backlog information: IOError: 
[2022-01-12 12:57:37,755 I 12653 12966] raylet_client.cc:336: Error reporting task backlog information: IOError: 
[2022-01-12 12:57:38,755 I 12653 12966] raylet_client.cc:336: Error reporting task backlog information: IOError: 
[2022-01-12 12:57:39,755 I 12653 12966] raylet_client.cc:336: Error reporting task backlog information: IOError: 
[2022-01-12 12:57:40,078 W 12653 12967] metric_exporter.cc:206: Export metrics to agent failed: IOError: . This won't affect Ray, but you can lose metrics from the cluster.
[2022-01-12 12:57:40,755 I 12653 12966] raylet_client.cc:336: Error reporting task backlog information: IOError: 
[2022-01-12 12:57:41,755 I 12653 12966] raylet_client.cc:336: Error reporting task backlog information: IOError: 
[2022-01-12 12:57:42,755 I 12653 12966] raylet_client.cc:336: Error reporting task backlog information: IOError: 
[2022-01-12 12:57:43,755 I 12653 12966] raylet_client.cc:336: Error reporting task backlog information: IOError: 
[2022-01-12 12:57:44,755 I 12653 12966] raylet_client.cc:336: Error reporting task backlog information: IOError: 
[2022-01-12 12:57:45,756 I 12653 12966] raylet_client.cc:336: Error reporting task backlog information: IOError: 
[2022-01-12 12:57:46,756 I 12653 12966] raylet_client.cc:336: Error reporting task backlog information: IOError: 
[2022-01-12 12:57:47,756 I 12653 12966] raylet_client.cc:336: Error reporting task backlog information: IOError: 
[2022-01-12 12:57:48,756 I 12653 12966] raylet_client.cc:336: Error reporting task backlog information: IOError: 
[2022-01-12 12:57:49,756 I 12653 12966] raylet_client.cc:336: Error reporting task backlog information: IOError: 
[2022-01-12 12:57:50,085 W 12653 12967] metric_exporter.cc:206: Export metrics to agent failed: IOError: . This won't affect Ray, but you can lose metrics from the cluster.
[2022-01-12 12:57:50,756 I 12653 12966] raylet_client.cc:336: Error reporting task backlog information: IOError: 
[2022-01-12 12:57:51,756 I 12653 12966] raylet_client.cc:336: Error reporting task backlog information: IOError: 
[2022-01-12 12:57:52,756 I 12653 12966] raylet_client.cc:336: Error reporting task backlog information: IOError: 
[2022-01-12 12:57:53,756 I 12653 12966] raylet_client.cc:336: Error reporting task backlog information: IOError: 
[2022-01-12 12:57:54,756 I 12653 12966] raylet_client.cc:336: Error reporting task backlog information: IOError: 
[2022-01-12 12:57:55,756 I 12653 12966] raylet_client.cc:336: Error reporting task backlog information: IOError: 
[2022-01-12 12:57:56,756 I 12653 12966] raylet_client.cc:336: Error reporting task backlog information: IOError: 
[2022-01-12 12:57:57,757 I 12653 12966] raylet_client.cc:336: Error reporting task backlog information: IOError: 
[2022-01-12 12:57:58,757 I 12653 12966] raylet_client.cc:336: Error reporting task backlog information: IOError: 
[2022-01-12 12:57:59,757 I 12653 12966] raylet_client.cc:336: Error reporting task backlog information: IOError: 
[2022-01-12 12:58:00,092 W 12653 12967] metric_exporter.cc:206: Export metrics to agent failed: IOError: . This won't affect Ray, but you can lose metrics from the cluster.
[2022-01-12 12:58:00,757 I 12653 12966] raylet_client.cc:336: Error reporting task backlog information: IOError: 
[2022-01-12 12:58:01,757 I 12653 12966] raylet_client.cc:336: Error reporting task backlog information: IOError: 
[2022-01-12 12:58:02,757 I 12653 12966] raylet_client.cc:336: Error reporting task backlog information: IOError: 
[2022-01-12 12:58:03,757 I 12653 12966] raylet_client.cc:336: Error reporting task backlog information: IOError: 
[2022-01-12 12:58:04,757 I 12653 12966] raylet_client.cc:336: Error reporting task backlog information: IOError: 
[2022-01-12 12:58:05,757 I 12653 12966] raylet_client.cc:336: Error reporting task backlog information: IOError: 
[2022-01-12 12:58:06,757 I 12653 12966] raylet_client.cc:336: Error reporting task backlog information: IOError: 
[2022-01-12 12:58:07,757 I 12653 12966] raylet_client.cc:336: Error reporting task backlog information: IOError: 
[2022-01-12 12:58:08,757 I 12653 12966] raylet_client.cc:336: Error reporting task backlog information: IOError: 
[2022-01-12 12:58:09,757 I 12653 12966] raylet_client.cc:336: Error reporting task backlog information: IOError: 
[2022-01-12 12:58:10,098 W 12653 12967] metric_exporter.cc:206: Export metrics to agent failed: IOError: . This won't affect Ray, but you can lose metrics from the cluster.
[2022-01-12 12:58:10,757 I 12653 12966] raylet_client.cc:336: Error reporting task backlog information: IOError: 
[2022-01-12 12:58:11,757 I 12653 12966] raylet_client.cc:336: Error reporting task backlog information: IOError: 
[2022-01-12 12:58:12,758 I 12653 12966] raylet_client.cc:336: Error reporting task backlog information: IOError: 
[2022-01-12 12:58:13,758 I 12653 12966] raylet_client.cc:336: Error reporting task backlog information: IOError: 
[2022-01-12 12:58:14,758 I 12653 12966] raylet_client.cc:336: Error reporting task backlog information: IOError: 
[2022-01-12 12:58:15,758 I 12653 12966] raylet_client.cc:336: Error reporting task backlog information: IOError: 
[2022-01-12 12:58:16,758 I 12653 12966] raylet_client.cc:336: Error reporting task backlog information: IOError: 
[2022-01-12 12:58:17,758 I 12653 12966] raylet_client.cc:336: Error reporting task backlog information: IOError: 
[2022-01-12 12:58:18,758 I 12653 12966] raylet_client.cc:336: Error reporting task backlog information: IOError: 
[2022-01-12 12:58:19,758 I 12653 12966] raylet_client.cc:336: Error reporting task backlog information: IOError: 
[2022-01-12 12:58:20,105 W 12653 12967] metric_exporter.cc:206: Export metrics to agent failed: IOError: . This won't affect Ray, but you can lose metrics from the cluster.
[2022-01-12 12:58:20,758 I 12653 12966] raylet_client.cc:336: Error reporting task backlog information: IOError: 
[2022-01-12 12:58:21,758 I 12653 12966] raylet_client.cc:336: Error reporting task backlog information: IOError: 
[2022-01-12 12:58:22,758 I 12653 12966] raylet_client.cc:336: Error reporting task backlog information: IOError: 
[2022-01-12 12:58:23,758 I 12653 12966] raylet_client.cc:336: Error reporting task backlog information: IOError: 
[2022-01-12 12:58:24,758 I 12653 12966] raylet_client.cc:336: Error reporting task backlog information: IOError: 
[2022-01-12 12:58:25,758 I 12653 12966] raylet_client.cc:336: Error reporting task backlog information: IOError: 
[2022-01-12 12:58:26,758 I 12653 12966] raylet_client.cc:336: Error reporting task backlog information: IOError: 
[2022-01-12 12:58:27,759 I 12653 12966] raylet_client.cc:336: Error reporting task backlog information: IOError: 
[2022-01-12 12:58:28,759 I 12653 12966] raylet_client.cc:336: Error reporting task backlog information: IOError: 
[2022-01-12 12:58:29,759 I 12653 12966] raylet_client.cc:336: Error reporting task backlog information: IOError: 
[2022-01-12 12:58:30,114 W 12653 12967] metric_exporter.cc:206: Export metrics to agent failed: IOError: . This won't affect Ray, but you can lose metrics from the cluster.
[2022-01-12 12:58:30,760 I 12653 12966] raylet_client.cc:336: Error reporting task backlog information: IOError: 
[2022-01-12 12:58:31,760 I 12653 12966] raylet_client.cc:336: Error reporting task backlog information: IOError: 
[2022-01-12 12:58:32,760 I 12653 12966] raylet_client.cc:336: Error reporting task backlog information: IOError: 
[2022-01-12 12:58:33,760 I 12653 12966] raylet_client.cc:336: Error reporting task backlog information: IOError: 
[2022-01-12 12:58:34,760 I 12653 12966] raylet_client.cc:336: Error reporting task backlog information: IOError: 
[2022-01-12 12:58:35,760 I 12653 12966] raylet_client.cc:336: Error reporting task backlog information: IOError: 
[2022-01-12 12:58:36,760 I 12653 12966] raylet_client.cc:336: Error reporting task backlog information: IOError: 
[2022-01-12 12:58:37,761 I 12653 12966] raylet_client.cc:336: Error reporting task backlog information: IOError: 
[2022-01-12 12:58:38,761 I 12653 12966] raylet_client.cc:336: Error reporting task backlog information: IOError: 
[2022-01-12 12:58:39,761 I 12653 12966] raylet_client.cc:336: Error reporting task backlog information: IOError: 
[2022-01-12 12:58:40,124 W 12653 12967] metric_exporter.cc:206: Export metrics to agent failed: IOError: . This won't affect Ray, but you can lose metrics from the cluster.
[2022-01-12 12:58:40,761 I 12653 12966] raylet_client.cc:336: Error reporting task backlog information: IOError: 
[2022-01-12 12:58:41,762 I 12653 12966] raylet_client.cc:336: Error reporting task backlog information: IOError: 
[2022-01-12 12:58:42,762 I 12653 12966] raylet_client.cc:336: Error reporting task backlog information: IOError: 
[2022-01-12 12:58:43,762 I 12653 12966] raylet_client.cc:336: Error reporting task backlog information: IOError: 
[2022-01-12 12:58:44,763 I 12653 12966] raylet_client.cc:336: Error reporting task backlog information: IOError: 
[2022-01-12 12:58:45,763 I 12653 12966] raylet_client.cc:336: Error reporting task backlog information: IOError: 
[2022-01-12 12:58:46,763 I 12653 12966] raylet_client.cc:336: Error reporting task backlog information: IOError: 
[2022-01-12 12:58:47,763 I 12653 12966] raylet_client.cc:336: Error reporting task backlog information: IOError: 
[2022-01-12 12:58:48,764 I 12653 12966] raylet_client.cc:336: Error reporting task backlog information: IOError: 
[2022-01-12 12:58:49,764 I 12653 12966] raylet_client.cc:336: Error reporting task backlog information: IOError: 
[2022-01-12 12:58:50,135 W 12653 12967] metric_exporter.cc:206: Export metrics to agent failed: IOError: . This won't affect Ray, but you can lose metrics from the cluster.
[2022-01-12 12:58:50,764 I 12653 12966] raylet_client.cc:336: Error reporting task backlog information: IOError: 
[2022-01-12 12:58:51,765 I 12653 12966] raylet_client.cc:336: Error reporting task backlog information: IOError: 
[2022-01-12 12:58:52,764 I 12653 12966] raylet_client.cc:336: Error reporting task backlog information: IOError: 
[2022-01-12 12:58:53,765 I 12653 12966] raylet_client.cc:336: Error reporting task backlog information: IOError: 
[2022-01-12 12:58:54,765 I 12653 12966] raylet_client.cc:336: Error reporting task backlog information: IOError: 
[2022-01-12 12:58:55,765 I 12653 12966] raylet_client.cc:336: Error reporting task backlog information: IOError: 
[2022-01-12 12:58:56,765 I 12653 12966] raylet_client.cc:336: Error reporting task backlog information: IOError: 
[2022-01-12 12:58:57,765 I 12653 12966] raylet_client.cc:336: Error reporting task backlog information: IOError: 
[2022-01-12 12:58:58,766 I 12653 12966] raylet_client.cc:336: Error reporting task backlog information: IOError: 
[2022-01-12 12:58:59,766 I 12653 12966] raylet_client.cc:336: Error reporting task backlog information: IOError: 
[2022-01-12 12:59:00,145 W 12653 12967] metric_exporter.cc:206: Export metrics to agent failed: IOError: . This won't affect Ray, but you can lose metrics from the cluster.
[2022-01-12 12:59:00,766 I 12653 12966] raylet_client.cc:336: Error reporting task backlog information: IOError: 
[2022-01-12 12:59:01,766 I 12653 12966] raylet_client.cc:336: Error reporting task backlog information: IOError: 
[2022-01-12 12:59:02,766 I 12653 12966] raylet_client.cc:336: Error reporting task backlog information: IOError: 
[2022-01-12 12:59:03,767 I 12653 12966] raylet_client.cc:336: Error reporting task backlog information: IOError: 
[2022-01-12 12:59:04,767 I 12653 12966] raylet_client.cc:336: Error reporting task backlog information: IOError: 
[2022-01-12 12:59:05,767 I 12653 12966] raylet_client.cc:336: Error reporting task backlog information: IOError: 
[2022-01-12 12:59:06,767 I 12653 12966] raylet_client.cc:336: Error reporting task backlog information: IOError: 
[2022-01-12 12:59:07,768 I 12653 12966] raylet_client.cc:336: Error reporting task backlog information: IOError: 
[2022-01-12 12:59:08,768 I 12653 12966] raylet_client.cc:336: Error reporting task backlog information: IOError: 
[2022-01-12 12:59:09,768 I 12653 12966] raylet_client.cc:336: Error reporting task backlog information: IOError: 
[2022-01-12 12:59:10,155 W 12653 12967] metric_exporter.cc:206: Export metrics to agent failed: IOError: . This won't affect Ray, but you can lose metrics from the cluster.
[2022-01-12 12:59:10,768 I 12653 12966] raylet_client.cc:336: Error reporting task backlog information: IOError: 
[2022-01-12 12:59:11,769 I 12653 12966] raylet_client.cc:336: Error reporting task backlog information: IOError: 
[2022-01-12 12:59:12,769 I 12653 12966] raylet_client.cc:336: Error reporting task backlog information: IOError: 
[2022-01-12 12:59:13,769 I 12653 12966] raylet_client.cc:336: Error reporting task backlog information: IOError: 
[2022-01-12 12:59:14,769 I 12653 12966] raylet_client.cc:336: Error reporting task backlog information: IOError: 
[2022-01-12 12:59:15,770 I 12653 12966] raylet_client.cc:336: Error reporting task backlog information: IOError: 
[2022-01-12 12:59:16,770 I 12653 12966] raylet_client.cc:336: Error reporting task backlog information: IOError: 
[2022-01-12 12:59:17,770 I 12653 12966] raylet_client.cc:336: Error reporting task backlog information: IOError: 
[2022-01-12 12:59:18,770 I 12653 12966] raylet_client.cc:336: Error reporting task backlog information: IOError: 
[2022-01-12 12:59:19,771 I 12653 12966] raylet_client.cc:336: Error reporting task backlog information: IOError: 
[2022-01-12 12:59:20,166 W 12653 12967] metric_exporter.cc:206: Export metrics to agent failed: IOError: . This won't affect Ray, but you can lose metrics from the cluster.
[2022-01-12 12:59:20,771 I 12653 12966] raylet_client.cc:336: Error reporting task backlog information: IOError: 
[2022-01-12 12:59:21,771 I 12653 12966] raylet_client.cc:336: Error reporting task backlog information: IOError: 
[2022-01-12 12:59:22,771 I 12653 12966] raylet_client.cc:336: Error reporting task backlog information: IOError: 
[2022-01-12 12:59:23,772 I 12653 12966] raylet_client.cc:336: Error reporting task backlog information: IOError: 
[2022-01-12 12:59:24,772 I 12653 12966] raylet_client.cc:336: Error reporting task backlog information: IOError: 
[2022-01-12 12:59:25,772 I 12653 12966] raylet_client.cc:336: Error reporting task backlog information: IOError: 
[2022-01-12 12:59:26,772 I 12653 12966] raylet_client.cc:336: Error reporting task backlog information: IOError: 
[2022-01-12 12:59:27,773 I 12653 12966] raylet_client.cc:336: Error reporting task backlog information: IOError: 
[2022-01-12 12:59:28,773 I 12653 12966] raylet_client.cc:336: Error reporting task backlog information: IOError: 
[2022-01-12 12:59:29,773 I 12653 12966] raylet_client.cc:336: Error reporting task backlog information: IOError: 
[2022-01-12 12:59:30,177 W 12653 12967] metric_exporter.cc:206: Export metrics to agent failed: IOError: . This won't affect Ray, but you can lose metrics from the cluster.
[2022-01-12 12:59:30,613 E 12653 12906] gcs_server_address_updater.cc:76: Failed to receive the GCS address for 600 times without success. The worker will exit ungracefully. It is because GCS has died. It could be because there was an issue that kills GCS, such as high memory usage triggering OOM killer to kill GCS. Cluster will be highly likely unavailable if you see this log. Please check the log from gcs_server.err.
