[2022-01-12 12:48:19,503 I 12655 12655] core_worker.cc:132: Constructing CoreWorkerProcess. pid: 12655
[2022-01-12 12:48:19,513 I 12655 12655] grpc_server.cc:112: worker server started, listening on port 37111.
[2022-01-12 12:48:19,516 I 12655 12655] core_worker.cc:479: Initializing worker at address: 131.215.21.210:37111, worker ID 6d9ecca4f8bb010b4185142d0bbef1fc937d718e6b6f8a2ef4ba617f, raylet ac66381a9c2b8e5ae78c53aeaf462af6fd0d65cb0e82832bb16134fd
[2022-01-12 12:48:19,672 I 12655 12655] io_service_pool.cc:35: IOServicePool is running with 1 io_service.
[2022-01-12 12:48:19,673 I 12655 12972] accessor.cc:560: Received notification for node id = ac66381a9c2b8e5ae78c53aeaf462af6fd0d65cb0e82832bb16134fd, IsAlive = 1
[2022-01-12 12:49:31,526 W 12655 12859] gcs_server_address_updater.cc:61: [1] Failed to get the gcs server address from raylet 1 times in a row. If it keeps failing to obtain the address, the worker might crash. Connection status IOError: 
[2022-01-12 12:49:32,526 I 12655 12972] raylet_client.cc:336: Error reporting task backlog information: IOError: 
[2022-01-12 12:49:32,683 I 12655 12972] raylet_client.cc:336: Error reporting task backlog information: IOError: 
[2022-01-12 12:49:33,683 I 12655 12972] raylet_client.cc:336: Error reporting task backlog information: IOError: 
[2022-01-12 12:49:34,683 I 12655 12972] raylet_client.cc:336: Error reporting task backlog information: IOError: 
[2022-01-12 12:49:35,683 I 12655 12972] raylet_client.cc:336: Error reporting task backlog information: IOError: 
[2022-01-12 12:49:36,683 I 12655 12972] raylet_client.cc:336: Error reporting task backlog information: IOError: 
[2022-01-12 12:49:37,683 I 12655 12972] raylet_client.cc:336: Error reporting task backlog information: IOError: 
[2022-01-12 12:49:38,684 I 12655 12972] raylet_client.cc:336: Error reporting task backlog information: IOError: 
[2022-01-12 12:49:39,684 I 12655 12972] raylet_client.cc:336: Error reporting task backlog information: IOError: 
[2022-01-12 12:49:39,749 W 12655 12973] metric_exporter.cc:206: Export metrics to agent failed: IOError: . This won't affect Ray, but you can lose metrics from the cluster.
[2022-01-12 12:49:40,684 I 12655 12972] raylet_client.cc:336: Error reporting task backlog information: IOError: 
[2022-01-12 12:49:41,684 I 12655 12972] raylet_client.cc:336: Error reporting task backlog information: IOError: 
[2022-01-12 12:49:42,684 I 12655 12972] raylet_client.cc:336: Error reporting task backlog information: IOError: 
[2022-01-12 12:49:43,684 I 12655 12972] raylet_client.cc:336: Error reporting task backlog information: IOError: 
[2022-01-12 12:49:44,684 I 12655 12972] raylet_client.cc:336: Error reporting task backlog information: IOError: 
[2022-01-12 12:49:45,684 I 12655 12972] raylet_client.cc:336: Error reporting task backlog information: IOError: 
[2022-01-12 12:49:46,684 I 12655 12972] raylet_client.cc:336: Error reporting task backlog information: IOError: 
[2022-01-12 12:49:47,684 I 12655 12972] raylet_client.cc:336: Error reporting task backlog information: IOError: 
[2022-01-12 12:49:48,684 I 12655 12972] raylet_client.cc:336: Error reporting task backlog information: IOError: 
[2022-01-12 12:49:49,684 I 12655 12972] raylet_client.cc:336: Error reporting task backlog information: IOError: 
[2022-01-12 12:49:49,757 W 12655 12973] metric_exporter.cc:206: Export metrics to agent failed: IOError: . This won't affect Ray, but you can lose metrics from the cluster.
[2022-01-12 12:49:50,685 I 12655 12972] raylet_client.cc:336: Error reporting task backlog information: IOError: 
[2022-01-12 12:49:51,685 I 12655 12972] raylet_client.cc:336: Error reporting task backlog information: IOError: 
[2022-01-12 12:49:52,685 I 12655 12972] raylet_client.cc:336: Error reporting task backlog information: IOError: 
[2022-01-12 12:49:53,685 I 12655 12972] raylet_client.cc:336: Error reporting task backlog information: IOError: 
[2022-01-12 12:49:54,685 I 12655 12972] raylet_client.cc:336: Error reporting task backlog information: IOError: 
[2022-01-12 12:49:55,685 I 12655 12972] raylet_client.cc:336: Error reporting task backlog information: IOError: 
[2022-01-12 12:49:56,685 I 12655 12972] raylet_client.cc:336: Error reporting task backlog information: IOError: 
[2022-01-12 12:49:57,685 I 12655 12972] raylet_client.cc:336: Error reporting task backlog information: IOError: 
[2022-01-12 12:49:58,685 I 12655 12972] raylet_client.cc:336: Error reporting task backlog information: IOError: 
[2022-01-12 12:49:59,685 I 12655 12972] raylet_client.cc:336: Error reporting task backlog information: IOError: 
[2022-01-12 12:49:59,763 W 12655 12973] metric_exporter.cc:206: Export metrics to agent failed: IOError: . This won't affect Ray, but you can lose metrics from the cluster.
[2022-01-12 12:50:00,685 I 12655 12972] raylet_client.cc:336: Error reporting task backlog information: IOError: 
[2022-01-12 12:50:01,686 I 12655 12972] raylet_client.cc:336: Error reporting task backlog information: IOError: 
[2022-01-12 12:50:02,686 I 12655 12972] raylet_client.cc:336: Error reporting task backlog information: IOError: 
[2022-01-12 12:50:03,686 I 12655 12972] raylet_client.cc:336: Error reporting task backlog information: IOError: 
[2022-01-12 12:50:04,686 I 12655 12972] raylet_client.cc:336: Error reporting task backlog information: IOError: 
[2022-01-12 12:50:05,686 I 12655 12972] raylet_client.cc:336: Error reporting task backlog information: IOError: 
[2022-01-12 12:50:06,686 I 12655 12972] raylet_client.cc:336: Error reporting task backlog information: IOError: 
[2022-01-12 12:50:07,686 I 12655 12972] raylet_client.cc:336: Error reporting task backlog information: IOError: 
[2022-01-12 12:50:08,686 I 12655 12972] raylet_client.cc:336: Error reporting task backlog information: IOError: 
[2022-01-12 12:50:09,686 I 12655 12972] raylet_client.cc:336: Error reporting task backlog information: IOError: 
[2022-01-12 12:50:09,770 W 12655 12973] metric_exporter.cc:206: Export metrics to agent failed: IOError: . This won't affect Ray, but you can lose metrics from the cluster.
[2022-01-12 12:50:10,686 I 12655 12972] raylet_client.cc:336: Error reporting task backlog information: IOError: 
[2022-01-12 12:50:11,686 I 12655 12972] raylet_client.cc:336: Error reporting task backlog information: IOError: 
[2022-01-12 12:50:12,687 I 12655 12972] raylet_client.cc:336: Error reporting task backlog information: IOError: 
[2022-01-12 12:50:13,687 I 12655 12972] raylet_client.cc:336: Error reporting task backlog information: IOError: 
[2022-01-12 12:50:14,687 I 12655 12972] raylet_client.cc:336: Error reporting task backlog information: IOError: 
[2022-01-12 12:50:15,687 I 12655 12972] raylet_client.cc:336: Error reporting task backlog information: IOError: 
[2022-01-12 12:50:16,687 I 12655 12972] raylet_client.cc:336: Error reporting task backlog information: IOError: 
[2022-01-12 12:50:17,687 I 12655 12972] raylet_client.cc:336: Error reporting task backlog information: IOError: 
[2022-01-12 12:50:18,687 I 12655 12972] raylet_client.cc:336: Error reporting task backlog information: IOError: 
[2022-01-12 12:50:19,687 I 12655 12972] raylet_client.cc:336: Error reporting task backlog information: IOError: 
[2022-01-12 12:50:19,778 W 12655 12973] metric_exporter.cc:206: Export metrics to agent failed: IOError: . This won't affect Ray, but you can lose metrics from the cluster.
[2022-01-12 12:50:20,687 I 12655 12972] raylet_client.cc:336: Error reporting task backlog information: IOError: 
[2022-01-12 12:50:21,688 I 12655 12972] raylet_client.cc:336: Error reporting task backlog information: IOError: 
[2022-01-12 12:50:22,688 I 12655 12972] raylet_client.cc:336: Error reporting task backlog information: IOError: 
[2022-01-12 12:50:23,688 I 12655 12972] raylet_client.cc:336: Error reporting task backlog information: IOError: 
[2022-01-12 12:50:24,688 I 12655 12972] raylet_client.cc:336: Error reporting task backlog information: IOError: 
[2022-01-12 12:50:25,688 I 12655 12972] raylet_client.cc:336: Error reporting task backlog information: IOError: 
[2022-01-12 12:50:26,688 I 12655 12972] raylet_client.cc:336: Error reporting task backlog information: IOError: 
[2022-01-12 12:50:27,688 I 12655 12972] raylet_client.cc:336: Error reporting task backlog information: IOError: 
[2022-01-12 12:50:28,688 I 12655 12972] raylet_client.cc:336: Error reporting task backlog information: IOError: 
[2022-01-12 12:50:29,688 I 12655 12972] raylet_client.cc:336: Error reporting task backlog information: IOError: 
[2022-01-12 12:50:29,786 W 12655 12973] metric_exporter.cc:206: Export metrics to agent failed: IOError: . This won't affect Ray, but you can lose metrics from the cluster.
[2022-01-12 12:50:30,688 I 12655 12972] raylet_client.cc:336: Error reporting task backlog information: IOError: 
[2022-01-12 12:50:31,689 I 12655 12972] raylet_client.cc:336: Error reporting task backlog information: IOError: 
[2022-01-12 12:50:32,689 I 12655 12972] raylet_client.cc:336: Error reporting task backlog information: IOError: 
[2022-01-12 12:50:33,689 I 12655 12972] raylet_client.cc:336: Error reporting task backlog information: IOError: 
[2022-01-12 12:50:34,689 I 12655 12972] raylet_client.cc:336: Error reporting task backlog information: IOError: 
[2022-01-12 12:50:35,689 I 12655 12972] raylet_client.cc:336: Error reporting task backlog information: IOError: 
[2022-01-12 12:50:36,689 I 12655 12972] raylet_client.cc:336: Error reporting task backlog information: IOError: 
[2022-01-12 12:50:37,689 I 12655 12972] raylet_client.cc:336: Error reporting task backlog information: IOError: 
[2022-01-12 12:50:38,689 I 12655 12972] raylet_client.cc:336: Error reporting task backlog information: IOError: 
[2022-01-12 12:50:39,689 I 12655 12972] raylet_client.cc:336: Error reporting task backlog information: IOError: 
[2022-01-12 12:50:39,794 W 12655 12973] metric_exporter.cc:206: Export metrics to agent failed: IOError: . This won't affect Ray, but you can lose metrics from the cluster.
[2022-01-12 12:50:40,690 I 12655 12972] raylet_client.cc:336: Error reporting task backlog information: IOError: 
[2022-01-12 12:50:41,690 I 12655 12972] raylet_client.cc:336: Error reporting task backlog information: IOError: 
[2022-01-12 12:50:42,690 I 12655 12972] raylet_client.cc:336: Error reporting task backlog information: IOError: 
[2022-01-12 12:50:43,690 I 12655 12972] raylet_client.cc:336: Error reporting task backlog information: IOError: 
[2022-01-12 12:50:44,690 I 12655 12972] raylet_client.cc:336: Error reporting task backlog information: IOError: 
[2022-01-12 12:50:45,690 I 12655 12972] raylet_client.cc:336: Error reporting task backlog information: IOError: 
[2022-01-12 12:50:46,690 I 12655 12972] raylet_client.cc:336: Error reporting task backlog information: IOError: 
[2022-01-12 12:50:47,690 I 12655 12972] raylet_client.cc:336: Error reporting task backlog information: IOError: 
[2022-01-12 12:50:48,690 I 12655 12972] raylet_client.cc:336: Error reporting task backlog information: IOError: 
[2022-01-12 12:50:49,690 I 12655 12972] raylet_client.cc:336: Error reporting task backlog information: IOError: 
[2022-01-12 12:50:49,803 W 12655 12973] metric_exporter.cc:206: Export metrics to agent failed: IOError: . This won't affect Ray, but you can lose metrics from the cluster.
[2022-01-12 12:50:50,691 I 12655 12972] raylet_client.cc:336: Error reporting task backlog information: IOError: 
[2022-01-12 12:50:51,691 I 12655 12972] raylet_client.cc:336: Error reporting task backlog information: IOError: 
[2022-01-12 12:50:52,691 I 12655 12972] raylet_client.cc:336: Error reporting task backlog information: IOError: 
[2022-01-12 12:50:53,691 I 12655 12972] raylet_client.cc:336: Error reporting task backlog information: IOError: 
[2022-01-12 12:50:54,691 I 12655 12972] raylet_client.cc:336: Error reporting task backlog information: IOError: 
[2022-01-12 12:50:55,691 I 12655 12972] raylet_client.cc:336: Error reporting task backlog information: IOError: 
[2022-01-12 12:50:56,691 I 12655 12972] raylet_client.cc:336: Error reporting task backlog information: IOError: 
[2022-01-12 12:50:57,691 I 12655 12972] raylet_client.cc:336: Error reporting task backlog information: IOError: 
[2022-01-12 12:50:58,691 I 12655 12972] raylet_client.cc:336: Error reporting task backlog information: IOError: 
[2022-01-12 12:50:59,691 I 12655 12972] raylet_client.cc:336: Error reporting task backlog information: IOError: 
[2022-01-12 12:50:59,810 W 12655 12973] metric_exporter.cc:206: Export metrics to agent failed: IOError: . This won't affect Ray, but you can lose metrics from the cluster.
[2022-01-12 12:51:00,692 I 12655 12972] raylet_client.cc:336: Error reporting task backlog information: IOError: 
[2022-01-12 12:51:01,692 I 12655 12972] raylet_client.cc:336: Error reporting task backlog information: IOError: 
[2022-01-12 12:51:02,692 I 12655 12972] raylet_client.cc:336: Error reporting task backlog information: IOError: 
[2022-01-12 12:51:03,692 I 12655 12972] raylet_client.cc:336: Error reporting task backlog information: IOError: 
[2022-01-12 12:51:04,692 I 12655 12972] raylet_client.cc:336: Error reporting task backlog information: IOError: 
[2022-01-12 12:51:05,692 I 12655 12972] raylet_client.cc:336: Error reporting task backlog information: IOError: 
[2022-01-12 12:51:06,692 I 12655 12972] raylet_client.cc:336: Error reporting task backlog information: IOError: 
[2022-01-12 12:51:07,692 I 12655 12972] raylet_client.cc:336: Error reporting task backlog information: IOError: 
[2022-01-12 12:51:08,692 I 12655 12972] raylet_client.cc:336: Error reporting task backlog information: IOError: 
[2022-01-12 12:51:09,693 I 12655 12972] raylet_client.cc:336: Error reporting task backlog information: IOError: 
[2022-01-12 12:51:09,818 W 12655 12973] metric_exporter.cc:206: Export metrics to agent failed: IOError: . This won't affect Ray, but you can lose metrics from the cluster.
[2022-01-12 12:51:10,693 I 12655 12972] raylet_client.cc:336: Error reporting task backlog information: IOError: 
[2022-01-12 12:51:11,693 I 12655 12972] raylet_client.cc:336: Error reporting task backlog information: IOError: 
[2022-01-12 12:51:12,693 I 12655 12972] raylet_client.cc:336: Error reporting task backlog information: IOError: 
[2022-01-12 12:51:13,693 I 12655 12972] raylet_client.cc:336: Error reporting task backlog information: IOError: 
[2022-01-12 12:51:14,693 I 12655 12972] raylet_client.cc:336: Error reporting task backlog information: IOError: 
[2022-01-12 12:51:15,693 I 12655 12972] raylet_client.cc:336: Error reporting task backlog information: IOError: 
[2022-01-12 12:51:16,693 I 12655 12972] raylet_client.cc:336: Error reporting task backlog information: IOError: 
[2022-01-12 12:51:17,693 I 12655 12972] raylet_client.cc:336: Error reporting task backlog information: IOError: 
[2022-01-12 12:51:18,693 I 12655 12972] raylet_client.cc:336: Error reporting task backlog information: IOError: 
[2022-01-12 12:51:19,693 I 12655 12972] raylet_client.cc:336: Error reporting task backlog information: IOError: 
[2022-01-12 12:51:19,825 W 12655 12973] metric_exporter.cc:206: Export metrics to agent failed: IOError: . This won't affect Ray, but you can lose metrics from the cluster.
[2022-01-12 12:51:20,693 I 12655 12972] raylet_client.cc:336: Error reporting task backlog information: IOError: 
[2022-01-12 12:51:21,693 I 12655 12972] raylet_client.cc:336: Error reporting task backlog information: IOError: 
[2022-01-12 12:51:22,694 I 12655 12972] raylet_client.cc:336: Error reporting task backlog information: IOError: 
[2022-01-12 12:51:23,694 I 12655 12972] raylet_client.cc:336: Error reporting task backlog information: IOError: 
[2022-01-12 12:51:24,694 I 12655 12972] raylet_client.cc:336: Error reporting task backlog information: IOError: 
[2022-01-12 12:51:25,694 I 12655 12972] raylet_client.cc:336: Error reporting task backlog information: IOError: 
[2022-01-12 12:51:26,694 I 12655 12972] raylet_client.cc:336: Error reporting task backlog information: IOError: 
[2022-01-12 12:51:27,694 I 12655 12972] raylet_client.cc:336: Error reporting task backlog information: IOError: 
[2022-01-12 12:51:28,694 I 12655 12972] raylet_client.cc:336: Error reporting task backlog information: IOError: 
[2022-01-12 12:51:29,694 I 12655 12972] raylet_client.cc:336: Error reporting task backlog information: IOError: 
[2022-01-12 12:51:29,832 W 12655 12973] metric_exporter.cc:206: Export metrics to agent failed: IOError: . This won't affect Ray, but you can lose metrics from the cluster.
[2022-01-12 12:51:30,694 I 12655 12972] raylet_client.cc:336: Error reporting task backlog information: IOError: 
[2022-01-12 12:51:31,694 I 12655 12972] raylet_client.cc:336: Error reporting task backlog information: IOError: 
[2022-01-12 12:51:32,694 I 12655 12972] raylet_client.cc:336: Error reporting task backlog information: IOError: 
[2022-01-12 12:51:33,695 I 12655 12972] raylet_client.cc:336: Error reporting task backlog information: IOError: 
[2022-01-12 12:51:34,695 I 12655 12972] raylet_client.cc:336: Error reporting task backlog information: IOError: 
[2022-01-12 12:51:35,695 I 12655 12972] raylet_client.cc:336: Error reporting task backlog information: IOError: 
[2022-01-12 12:51:36,695 I 12655 12972] raylet_client.cc:336: Error reporting task backlog information: IOError: 
[2022-01-12 12:51:37,695 I 12655 12972] raylet_client.cc:336: Error reporting task backlog information: IOError: 
[2022-01-12 12:51:38,695 I 12655 12972] raylet_client.cc:336: Error reporting task backlog information: IOError: 
[2022-01-12 12:51:39,695 I 12655 12972] raylet_client.cc:336: Error reporting task backlog information: IOError: 
[2022-01-12 12:51:39,839 W 12655 12973] metric_exporter.cc:206: Export metrics to agent failed: IOError: . This won't affect Ray, but you can lose metrics from the cluster.
[2022-01-12 12:51:40,695 I 12655 12972] raylet_client.cc:336: Error reporting task backlog information: IOError: 
[2022-01-12 12:51:41,695 I 12655 12972] raylet_client.cc:336: Error reporting task backlog information: IOError: 
[2022-01-12 12:51:42,695 I 12655 12972] raylet_client.cc:336: Error reporting task backlog information: IOError: 
[2022-01-12 12:51:43,695 I 12655 12972] raylet_client.cc:336: Error reporting task backlog information: IOError: 
[2022-01-12 12:51:44,695 I 12655 12972] raylet_client.cc:336: Error reporting task backlog information: IOError: 
[2022-01-12 12:51:45,696 I 12655 12972] raylet_client.cc:336: Error reporting task backlog information: IOError: 
[2022-01-12 12:51:46,696 I 12655 12972] raylet_client.cc:336: Error reporting task backlog information: IOError: 
[2022-01-12 12:51:47,696 I 12655 12972] raylet_client.cc:336: Error reporting task backlog information: IOError: 
[2022-01-12 12:51:48,696 I 12655 12972] raylet_client.cc:336: Error reporting task backlog information: IOError: 
[2022-01-12 12:51:49,696 I 12655 12972] raylet_client.cc:336: Error reporting task backlog information: IOError: 
[2022-01-12 12:51:49,848 W 12655 12973] metric_exporter.cc:206: Export metrics to agent failed: IOError: . This won't affect Ray, but you can lose metrics from the cluster.
[2022-01-12 12:51:50,696 I 12655 12972] raylet_client.cc:336: Error reporting task backlog information: IOError: 
[2022-01-12 12:51:51,696 I 12655 12972] raylet_client.cc:336: Error reporting task backlog information: IOError: 
[2022-01-12 12:51:52,696 I 12655 12972] raylet_client.cc:336: Error reporting task backlog information: IOError: 
[2022-01-12 12:51:53,696 I 12655 12972] raylet_client.cc:336: Error reporting task backlog information: IOError: 
[2022-01-12 12:51:54,696 I 12655 12972] raylet_client.cc:336: Error reporting task backlog information: IOError: 
[2022-01-12 12:51:55,696 I 12655 12972] raylet_client.cc:336: Error reporting task backlog information: IOError: 
[2022-01-12 12:51:56,697 I 12655 12972] raylet_client.cc:336: Error reporting task backlog information: IOError: 
[2022-01-12 12:51:57,697 I 12655 12972] raylet_client.cc:336: Error reporting task backlog information: IOError: 
[2022-01-12 12:51:58,697 I 12655 12972] raylet_client.cc:336: Error reporting task backlog information: IOError: 
[2022-01-12 12:51:59,697 I 12655 12972] raylet_client.cc:336: Error reporting task backlog information: IOError: 
[2022-01-12 12:51:59,855 W 12655 12973] metric_exporter.cc:206: Export metrics to agent failed: IOError: . This won't affect Ray, but you can lose metrics from the cluster.
[2022-01-12 12:52:00,697 I 12655 12972] raylet_client.cc:336: Error reporting task backlog information: IOError: 
[2022-01-12 12:52:01,697 I 12655 12972] raylet_client.cc:336: Error reporting task backlog information: IOError: 
[2022-01-12 12:52:02,697 I 12655 12972] raylet_client.cc:336: Error reporting task backlog information: IOError: 
[2022-01-12 12:52:03,697 I 12655 12972] raylet_client.cc:336: Error reporting task backlog information: IOError: 
[2022-01-12 12:52:04,697 I 12655 12972] raylet_client.cc:336: Error reporting task backlog information: IOError: 
[2022-01-12 12:52:05,697 I 12655 12972] raylet_client.cc:336: Error reporting task backlog information: IOError: 
[2022-01-12 12:52:06,698 I 12655 12972] raylet_client.cc:336: Error reporting task backlog information: IOError: 
[2022-01-12 12:52:07,698 I 12655 12972] raylet_client.cc:336: Error reporting task backlog information: IOError: 
[2022-01-12 12:52:08,698 I 12655 12972] raylet_client.cc:336: Error reporting task backlog information: IOError: 
[2022-01-12 12:52:09,698 I 12655 12972] raylet_client.cc:336: Error reporting task backlog information: IOError: 
[2022-01-12 12:52:09,862 W 12655 12973] metric_exporter.cc:206: Export metrics to agent failed: IOError: . This won't affect Ray, but you can lose metrics from the cluster.
[2022-01-12 12:52:10,698 I 12655 12972] raylet_client.cc:336: Error reporting task backlog information: IOError: 
[2022-01-12 12:52:11,698 I 12655 12972] raylet_client.cc:336: Error reporting task backlog information: IOError: 
[2022-01-12 12:52:12,698 I 12655 12972] raylet_client.cc:336: Error reporting task backlog information: IOError: 
[2022-01-12 12:52:13,698 I 12655 12972] raylet_client.cc:336: Error reporting task backlog information: IOError: 
[2022-01-12 12:52:14,698 I 12655 12972] raylet_client.cc:336: Error reporting task backlog information: IOError: 
[2022-01-12 12:52:15,698 I 12655 12972] raylet_client.cc:336: Error reporting task backlog information: IOError: 
[2022-01-12 12:52:16,698 I 12655 12972] raylet_client.cc:336: Error reporting task backlog information: IOError: 
[2022-01-12 12:52:17,698 I 12655 12972] raylet_client.cc:336: Error reporting task backlog information: IOError: 
[2022-01-12 12:52:18,699 I 12655 12972] raylet_client.cc:336: Error reporting task backlog information: IOError: 
[2022-01-12 12:52:19,699 I 12655 12972] raylet_client.cc:336: Error reporting task backlog information: IOError: 
[2022-01-12 12:52:19,869 W 12655 12973] metric_exporter.cc:206: Export metrics to agent failed: IOError: . This won't affect Ray, but you can lose metrics from the cluster.
[2022-01-12 12:52:20,699 I 12655 12972] raylet_client.cc:336: Error reporting task backlog information: IOError: 
[2022-01-12 12:52:21,699 I 12655 12972] raylet_client.cc:336: Error reporting task backlog information: IOError: 
[2022-01-12 12:52:22,699 I 12655 12972] raylet_client.cc:336: Error reporting task backlog information: IOError: 
[2022-01-12 12:52:23,699 I 12655 12972] raylet_client.cc:336: Error reporting task backlog information: IOError: 
[2022-01-12 12:52:24,699 I 12655 12972] raylet_client.cc:336: Error reporting task backlog information: IOError: 
[2022-01-12 12:52:25,699 I 12655 12972] raylet_client.cc:336: Error reporting task backlog information: IOError: 
[2022-01-12 12:52:26,699 I 12655 12972] raylet_client.cc:336: Error reporting task backlog information: IOError: 
[2022-01-12 12:52:27,699 I 12655 12972] raylet_client.cc:336: Error reporting task backlog information: IOError: 
[2022-01-12 12:52:28,699 I 12655 12972] raylet_client.cc:336: Error reporting task backlog information: IOError: 
[2022-01-12 12:52:29,699 I 12655 12972] raylet_client.cc:336: Error reporting task backlog information: IOError: 
[2022-01-12 12:52:29,875 W 12655 12973] metric_exporter.cc:206: Export metrics to agent failed: IOError: . This won't affect Ray, but you can lose metrics from the cluster.
[2022-01-12 12:52:30,700 I 12655 12972] raylet_client.cc:336: Error reporting task backlog information: IOError: 
[2022-01-12 12:52:31,700 I 12655 12972] raylet_client.cc:336: Error reporting task backlog information: IOError: 
[2022-01-12 12:52:32,700 I 12655 12972] raylet_client.cc:336: Error reporting task backlog information: IOError: 
[2022-01-12 12:52:33,700 I 12655 12972] raylet_client.cc:336: Error reporting task backlog information: IOError: 
[2022-01-12 12:52:34,700 I 12655 12972] raylet_client.cc:336: Error reporting task backlog information: IOError: 
[2022-01-12 12:52:35,700 I 12655 12972] raylet_client.cc:336: Error reporting task backlog information: IOError: 
[2022-01-12 12:52:36,700 I 12655 12972] raylet_client.cc:336: Error reporting task backlog information: IOError: 
[2022-01-12 12:52:37,700 I 12655 12972] raylet_client.cc:336: Error reporting task backlog information: IOError: 
[2022-01-12 12:52:38,700 I 12655 12972] raylet_client.cc:336: Error reporting task backlog information: IOError: 
[2022-01-12 12:52:39,700 I 12655 12972] raylet_client.cc:336: Error reporting task backlog information: IOError: 
[2022-01-12 12:52:39,882 W 12655 12973] metric_exporter.cc:206: Export metrics to agent failed: IOError: . This won't affect Ray, but you can lose metrics from the cluster.
[2022-01-12 12:52:40,700 I 12655 12972] raylet_client.cc:336: Error reporting task backlog information: IOError: 
[2022-01-12 12:52:41,701 I 12655 12972] raylet_client.cc:336: Error reporting task backlog information: IOError: 
[2022-01-12 12:52:42,701 I 12655 12972] raylet_client.cc:336: Error reporting task backlog information: IOError: 
[2022-01-12 12:52:43,701 I 12655 12972] raylet_client.cc:336: Error reporting task backlog information: IOError: 
[2022-01-12 12:52:44,701 I 12655 12972] raylet_client.cc:336: Error reporting task backlog information: IOError: 
[2022-01-12 12:52:45,701 I 12655 12972] raylet_client.cc:336: Error reporting task backlog information: IOError: 
[2022-01-12 12:52:46,701 I 12655 12972] raylet_client.cc:336: Error reporting task backlog information: IOError: 
[2022-01-12 12:52:47,701 I 12655 12972] raylet_client.cc:336: Error reporting task backlog information: IOError: 
[2022-01-12 12:52:48,701 I 12655 12972] raylet_client.cc:336: Error reporting task backlog information: IOError: 
[2022-01-12 12:52:49,701 I 12655 12972] raylet_client.cc:336: Error reporting task backlog information: IOError: 
[2022-01-12 12:52:49,892 W 12655 12973] metric_exporter.cc:206: Export metrics to agent failed: IOError: . This won't affect Ray, but you can lose metrics from the cluster.
[2022-01-12 12:52:50,702 I 12655 12972] raylet_client.cc:336: Error reporting task backlog information: IOError: 
[2022-01-12 12:52:51,702 I 12655 12972] raylet_client.cc:336: Error reporting task backlog information: IOError: 
[2022-01-12 12:52:52,702 I 12655 12972] raylet_client.cc:336: Error reporting task backlog information: IOError: 
[2022-01-12 12:52:53,702 I 12655 12972] raylet_client.cc:336: Error reporting task backlog information: IOError: 
[2022-01-12 12:52:54,702 I 12655 12972] raylet_client.cc:336: Error reporting task backlog information: IOError: 
[2022-01-12 12:52:55,702 I 12655 12972] raylet_client.cc:336: Error reporting task backlog information: IOError: 
[2022-01-12 12:52:56,702 I 12655 12972] raylet_client.cc:336: Error reporting task backlog information: IOError: 
[2022-01-12 12:52:57,702 I 12655 12972] raylet_client.cc:336: Error reporting task backlog information: IOError: 
[2022-01-12 12:52:58,702 I 12655 12972] raylet_client.cc:336: Error reporting task backlog information: IOError: 
[2022-01-12 12:52:59,702 I 12655 12972] raylet_client.cc:336: Error reporting task backlog information: IOError: 
[2022-01-12 12:52:59,899 W 12655 12973] metric_exporter.cc:206: Export metrics to agent failed: IOError: . This won't affect Ray, but you can lose metrics from the cluster.
[2022-01-12 12:53:00,702 I 12655 12972] raylet_client.cc:336: Error reporting task backlog information: IOError: 
[2022-01-12 12:53:01,703 I 12655 12972] raylet_client.cc:336: Error reporting task backlog information: IOError: 
[2022-01-12 12:53:02,703 I 12655 12972] raylet_client.cc:336: Error reporting task backlog information: IOError: 
[2022-01-12 12:53:03,703 I 12655 12972] raylet_client.cc:336: Error reporting task backlog information: IOError: 
[2022-01-12 12:53:04,703 I 12655 12972] raylet_client.cc:336: Error reporting task backlog information: IOError: 
[2022-01-12 12:53:05,703 I 12655 12972] raylet_client.cc:336: Error reporting task backlog information: IOError: 
[2022-01-12 12:53:06,703 I 12655 12972] raylet_client.cc:336: Error reporting task backlog information: IOError: 
[2022-01-12 12:53:07,703 I 12655 12972] raylet_client.cc:336: Error reporting task backlog information: IOError: 
[2022-01-12 12:53:08,703 I 12655 12972] raylet_client.cc:336: Error reporting task backlog information: IOError: 
[2022-01-12 12:53:09,703 I 12655 12972] raylet_client.cc:336: Error reporting task backlog information: IOError: 
[2022-01-12 12:53:09,906 W 12655 12973] metric_exporter.cc:206: Export metrics to agent failed: IOError: . This won't affect Ray, but you can lose metrics from the cluster.
[2022-01-12 12:53:10,703 I 12655 12972] raylet_client.cc:336: Error reporting task backlog information: IOError: 
[2022-01-12 12:53:11,704 I 12655 12972] raylet_client.cc:336: Error reporting task backlog information: IOError: 
[2022-01-12 12:53:12,704 I 12655 12972] raylet_client.cc:336: Error reporting task backlog information: IOError: 
[2022-01-12 12:53:13,704 I 12655 12972] raylet_client.cc:336: Error reporting task backlog information: IOError: 
[2022-01-12 12:53:14,704 I 12655 12972] raylet_client.cc:336: Error reporting task backlog information: IOError: 
[2022-01-12 12:53:15,704 I 12655 12972] raylet_client.cc:336: Error reporting task backlog information: IOError: 
[2022-01-12 12:53:16,704 I 12655 12972] raylet_client.cc:336: Error reporting task backlog information: IOError: 
[2022-01-12 12:53:17,704 I 12655 12972] raylet_client.cc:336: Error reporting task backlog information: IOError: 
[2022-01-12 12:53:18,704 I 12655 12972] raylet_client.cc:336: Error reporting task backlog information: IOError: 
[2022-01-12 12:53:19,704 I 12655 12972] raylet_client.cc:336: Error reporting task backlog information: IOError: 
[2022-01-12 12:53:19,912 W 12655 12973] metric_exporter.cc:206: Export metrics to agent failed: IOError: . This won't affect Ray, but you can lose metrics from the cluster.
[2022-01-12 12:53:20,704 I 12655 12972] raylet_client.cc:336: Error reporting task backlog information: IOError: 
[2022-01-12 12:53:21,704 I 12655 12972] raylet_client.cc:336: Error reporting task backlog information: IOError: 
[2022-01-12 12:53:22,704 I 12655 12972] raylet_client.cc:336: Error reporting task backlog information: IOError: 
[2022-01-12 12:53:23,704 I 12655 12972] raylet_client.cc:336: Error reporting task backlog information: IOError: 
[2022-01-12 12:53:24,705 I 12655 12972] raylet_client.cc:336: Error reporting task backlog information: IOError: 
[2022-01-12 12:53:25,705 I 12655 12972] raylet_client.cc:336: Error reporting task backlog information: IOError: 
[2022-01-12 12:53:26,705 I 12655 12972] raylet_client.cc:336: Error reporting task backlog information: IOError: 
[2022-01-12 12:53:27,705 I 12655 12972] raylet_client.cc:336: Error reporting task backlog information: IOError: 
[2022-01-12 12:53:28,705 I 12655 12972] raylet_client.cc:336: Error reporting task backlog information: IOError: 
[2022-01-12 12:53:29,705 I 12655 12972] raylet_client.cc:336: Error reporting task backlog information: IOError: 
[2022-01-12 12:53:29,919 W 12655 12973] metric_exporter.cc:206: Export metrics to agent failed: IOError: . This won't affect Ray, but you can lose metrics from the cluster.
[2022-01-12 12:53:30,705 I 12655 12972] raylet_client.cc:336: Error reporting task backlog information: IOError: 
[2022-01-12 12:53:31,705 I 12655 12972] raylet_client.cc:336: Error reporting task backlog information: IOError: 
[2022-01-12 12:53:32,705 I 12655 12972] raylet_client.cc:336: Error reporting task backlog information: IOError: 
[2022-01-12 12:53:33,705 I 12655 12972] raylet_client.cc:336: Error reporting task backlog information: IOError: 
[2022-01-12 12:53:34,705 I 12655 12972] raylet_client.cc:336: Error reporting task backlog information: IOError: 
[2022-01-12 12:53:35,705 I 12655 12972] raylet_client.cc:336: Error reporting task backlog information: IOError: 
[2022-01-12 12:53:36,706 I 12655 12972] raylet_client.cc:336: Error reporting task backlog information: IOError: 
[2022-01-12 12:53:37,706 I 12655 12972] raylet_client.cc:336: Error reporting task backlog information: IOError: 
[2022-01-12 12:53:38,706 I 12655 12972] raylet_client.cc:336: Error reporting task backlog information: IOError: 
[2022-01-12 12:53:39,706 I 12655 12972] raylet_client.cc:336: Error reporting task backlog information: IOError: 
[2022-01-12 12:53:39,926 W 12655 12973] metric_exporter.cc:206: Export metrics to agent failed: IOError: . This won't affect Ray, but you can lose metrics from the cluster.
[2022-01-12 12:53:40,706 I 12655 12972] raylet_client.cc:336: Error reporting task backlog information: IOError: 
[2022-01-12 12:53:41,706 I 12655 12972] raylet_client.cc:336: Error reporting task backlog information: IOError: 
[2022-01-12 12:53:42,706 I 12655 12972] raylet_client.cc:336: Error reporting task backlog information: IOError: 
[2022-01-12 12:53:43,706 I 12655 12972] raylet_client.cc:336: Error reporting task backlog information: IOError: 
[2022-01-12 12:53:44,706 I 12655 12972] raylet_client.cc:336: Error reporting task backlog information: IOError: 
[2022-01-12 12:53:45,706 I 12655 12972] raylet_client.cc:336: Error reporting task backlog information: IOError: 
[2022-01-12 12:53:46,706 I 12655 12972] raylet_client.cc:336: Error reporting task backlog information: IOError: 
[2022-01-12 12:53:47,707 I 12655 12972] raylet_client.cc:336: Error reporting task backlog information: IOError: 
[2022-01-12 12:53:48,707 I 12655 12972] raylet_client.cc:336: Error reporting task backlog information: IOError: 
[2022-01-12 12:53:49,707 I 12655 12972] raylet_client.cc:336: Error reporting task backlog information: IOError: 
[2022-01-12 12:53:49,933 W 12655 12973] metric_exporter.cc:206: Export metrics to agent failed: IOError: . This won't affect Ray, but you can lose metrics from the cluster.
[2022-01-12 12:53:50,707 I 12655 12972] raylet_client.cc:336: Error reporting task backlog information: IOError: 
[2022-01-12 12:53:51,707 I 12655 12972] raylet_client.cc:336: Error reporting task backlog information: IOError: 
[2022-01-12 12:53:52,707 I 12655 12972] raylet_client.cc:336: Error reporting task backlog information: IOError: 
[2022-01-12 12:53:53,707 I 12655 12972] raylet_client.cc:336: Error reporting task backlog information: IOError: 
[2022-01-12 12:53:54,707 I 12655 12972] raylet_client.cc:336: Error reporting task backlog information: IOError: 
[2022-01-12 12:53:55,707 I 12655 12972] raylet_client.cc:336: Error reporting task backlog information: IOError: 
[2022-01-12 12:53:56,707 I 12655 12972] raylet_client.cc:336: Error reporting task backlog information: IOError: 
[2022-01-12 12:53:57,707 I 12655 12972] raylet_client.cc:336: Error reporting task backlog information: IOError: 
[2022-01-12 12:53:58,707 I 12655 12972] raylet_client.cc:336: Error reporting task backlog information: IOError: 
[2022-01-12 12:53:59,708 I 12655 12972] raylet_client.cc:336: Error reporting task backlog information: IOError: 
[2022-01-12 12:53:59,939 W 12655 12973] metric_exporter.cc:206: Export metrics to agent failed: IOError: . This won't affect Ray, but you can lose metrics from the cluster.
[2022-01-12 12:54:00,708 I 12655 12972] raylet_client.cc:336: Error reporting task backlog information: IOError: 
[2022-01-12 12:54:01,708 I 12655 12972] raylet_client.cc:336: Error reporting task backlog information: IOError: 
[2022-01-12 12:54:02,708 I 12655 12972] raylet_client.cc:336: Error reporting task backlog information: IOError: 
[2022-01-12 12:54:03,708 I 12655 12972] raylet_client.cc:336: Error reporting task backlog information: IOError: 
[2022-01-12 12:54:04,708 I 12655 12972] raylet_client.cc:336: Error reporting task backlog information: IOError: 
[2022-01-12 12:54:05,708 I 12655 12972] raylet_client.cc:336: Error reporting task backlog information: IOError: 
[2022-01-12 12:54:06,708 I 12655 12972] raylet_client.cc:336: Error reporting task backlog information: IOError: 
[2022-01-12 12:54:07,708 I 12655 12972] raylet_client.cc:336: Error reporting task backlog information: IOError: 
[2022-01-12 12:54:08,708 I 12655 12972] raylet_client.cc:336: Error reporting task backlog information: IOError: 
[2022-01-12 12:54:09,708 I 12655 12972] raylet_client.cc:336: Error reporting task backlog information: IOError: 
[2022-01-12 12:54:09,946 W 12655 12973] metric_exporter.cc:206: Export metrics to agent failed: IOError: . This won't affect Ray, but you can lose metrics from the cluster.
[2022-01-12 12:54:10,708 I 12655 12972] raylet_client.cc:336: Error reporting task backlog information: IOError: 
[2022-01-12 12:54:11,708 I 12655 12972] raylet_client.cc:336: Error reporting task backlog information: IOError: 
[2022-01-12 12:54:12,709 I 12655 12972] raylet_client.cc:336: Error reporting task backlog information: IOError: 
[2022-01-12 12:54:13,709 I 12655 12972] raylet_client.cc:336: Error reporting task backlog information: IOError: 
[2022-01-12 12:54:14,709 I 12655 12972] raylet_client.cc:336: Error reporting task backlog information: IOError: 
[2022-01-12 12:54:15,709 I 12655 12972] raylet_client.cc:336: Error reporting task backlog information: IOError: 
[2022-01-12 12:54:16,709 I 12655 12972] raylet_client.cc:336: Error reporting task backlog information: IOError: 
[2022-01-12 12:54:17,709 I 12655 12972] raylet_client.cc:336: Error reporting task backlog information: IOError: 
[2022-01-12 12:54:18,709 I 12655 12972] raylet_client.cc:336: Error reporting task backlog information: IOError: 
[2022-01-12 12:54:19,709 I 12655 12972] raylet_client.cc:336: Error reporting task backlog information: IOError: 
[2022-01-12 12:54:19,953 W 12655 12973] metric_exporter.cc:206: Export metrics to agent failed: IOError: . This won't affect Ray, but you can lose metrics from the cluster.
[2022-01-12 12:54:20,709 I 12655 12972] raylet_client.cc:336: Error reporting task backlog information: IOError: 
[2022-01-12 12:54:21,709 I 12655 12972] raylet_client.cc:336: Error reporting task backlog information: IOError: 
[2022-01-12 12:54:22,709 I 12655 12972] raylet_client.cc:336: Error reporting task backlog information: IOError: 
[2022-01-12 12:54:23,710 I 12655 12972] raylet_client.cc:336: Error reporting task backlog information: IOError: 
[2022-01-12 12:54:24,710 I 12655 12972] raylet_client.cc:336: Error reporting task backlog information: IOError: 
[2022-01-12 12:54:25,710 I 12655 12972] raylet_client.cc:336: Error reporting task backlog information: IOError: 
[2022-01-12 12:54:26,710 I 12655 12972] raylet_client.cc:336: Error reporting task backlog information: IOError: 
[2022-01-12 12:54:27,710 I 12655 12972] raylet_client.cc:336: Error reporting task backlog information: IOError: 
[2022-01-12 12:54:28,710 I 12655 12972] raylet_client.cc:336: Error reporting task backlog information: IOError: 
[2022-01-12 12:54:29,710 I 12655 12972] raylet_client.cc:336: Error reporting task backlog information: IOError: 
[2022-01-12 12:54:29,959 W 12655 12973] metric_exporter.cc:206: Export metrics to agent failed: IOError: . This won't affect Ray, but you can lose metrics from the cluster.
[2022-01-12 12:54:30,710 I 12655 12972] raylet_client.cc:336: Error reporting task backlog information: IOError: 
[2022-01-12 12:54:31,553 W 12655 12859] gcs_server_address_updater.cc:61: [301] Failed to get the gcs server address from raylet 301 times in a row. If it keeps failing to obtain the address, the worker might crash. Connection status IOError: 
[2022-01-12 12:54:31,710 I 12655 12972] raylet_client.cc:336: Error reporting task backlog information: IOError: 
[2022-01-12 12:54:32,710 I 12655 12972] raylet_client.cc:336: Error reporting task backlog information: IOError: 
[2022-01-12 12:54:33,711 I 12655 12972] raylet_client.cc:336: Error reporting task backlog information: IOError: 
[2022-01-12 12:54:34,711 I 12655 12972] raylet_client.cc:336: Error reporting task backlog information: IOError: 
[2022-01-12 12:54:35,711 I 12655 12972] raylet_client.cc:336: Error reporting task backlog information: IOError: 
[2022-01-12 12:54:36,711 I 12655 12972] raylet_client.cc:336: Error reporting task backlog information: IOError: 
[2022-01-12 12:54:37,711 I 12655 12972] raylet_client.cc:336: Error reporting task backlog information: IOError: 
[2022-01-12 12:54:38,711 I 12655 12972] raylet_client.cc:336: Error reporting task backlog information: IOError: 
[2022-01-12 12:54:39,711 I 12655 12972] raylet_client.cc:336: Error reporting task backlog information: IOError: 
[2022-01-12 12:54:39,965 W 12655 12973] metric_exporter.cc:206: Export metrics to agent failed: IOError: . This won't affect Ray, but you can lose metrics from the cluster.
[2022-01-12 12:54:40,711 I 12655 12972] raylet_client.cc:336: Error reporting task backlog information: IOError: 
[2022-01-12 12:54:41,711 I 12655 12972] raylet_client.cc:336: Error reporting task backlog information: IOError: 
[2022-01-12 12:54:42,711 I 12655 12972] raylet_client.cc:336: Error reporting task backlog information: IOError: 
[2022-01-12 12:54:43,711 I 12655 12972] raylet_client.cc:336: Error reporting task backlog information: IOError: 
[2022-01-12 12:54:44,711 I 12655 12972] raylet_client.cc:336: Error reporting task backlog information: IOError: 
[2022-01-12 12:54:45,711 I 12655 12972] raylet_client.cc:336: Error reporting task backlog information: IOError: 
[2022-01-12 12:54:46,712 I 12655 12972] raylet_client.cc:336: Error reporting task backlog information: IOError: 
[2022-01-12 12:54:47,712 I 12655 12972] raylet_client.cc:336: Error reporting task backlog information: IOError: 
[2022-01-12 12:54:48,712 I 12655 12972] raylet_client.cc:336: Error reporting task backlog information: IOError: 
[2022-01-12 12:54:49,712 I 12655 12972] raylet_client.cc:336: Error reporting task backlog information: IOError: 
[2022-01-12 12:54:49,972 W 12655 12973] metric_exporter.cc:206: Export metrics to agent failed: IOError: . This won't affect Ray, but you can lose metrics from the cluster.
[2022-01-12 12:54:50,712 I 12655 12972] raylet_client.cc:336: Error reporting task backlog information: IOError: 
[2022-01-12 12:54:51,712 I 12655 12972] raylet_client.cc:336: Error reporting task backlog information: IOError: 
[2022-01-12 12:54:52,712 I 12655 12972] raylet_client.cc:336: Error reporting task backlog information: IOError: 
[2022-01-12 12:54:53,712 I 12655 12972] raylet_client.cc:336: Error reporting task backlog information: IOError: 
[2022-01-12 12:54:54,712 I 12655 12972] raylet_client.cc:336: Error reporting task backlog information: IOError: 
[2022-01-12 12:54:55,712 I 12655 12972] raylet_client.cc:336: Error reporting task backlog information: IOError: 
[2022-01-12 12:54:56,712 I 12655 12972] raylet_client.cc:336: Error reporting task backlog information: IOError: 
[2022-01-12 12:54:57,712 I 12655 12972] raylet_client.cc:336: Error reporting task backlog information: IOError: 
[2022-01-12 12:54:58,713 I 12655 12972] raylet_client.cc:336: Error reporting task backlog information: IOError: 
[2022-01-12 12:54:59,713 I 12655 12972] raylet_client.cc:336: Error reporting task backlog information: IOError: 
[2022-01-12 12:54:59,978 W 12655 12973] metric_exporter.cc:206: Export metrics to agent failed: IOError: . This won't affect Ray, but you can lose metrics from the cluster.
[2022-01-12 12:55:00,713 I 12655 12972] raylet_client.cc:336: Error reporting task backlog information: IOError: 
[2022-01-12 12:55:01,713 I 12655 12972] raylet_client.cc:336: Error reporting task backlog information: IOError: 
[2022-01-12 12:55:02,713 I 12655 12972] raylet_client.cc:336: Error reporting task backlog information: IOError: 
[2022-01-12 12:55:03,713 I 12655 12972] raylet_client.cc:336: Error reporting task backlog information: IOError: 
[2022-01-12 12:55:04,713 I 12655 12972] raylet_client.cc:336: Error reporting task backlog information: IOError: 
[2022-01-12 12:55:05,713 I 12655 12972] raylet_client.cc:336: Error reporting task backlog information: IOError: 
[2022-01-12 12:55:06,713 I 12655 12972] raylet_client.cc:336: Error reporting task backlog information: IOError: 
[2022-01-12 12:55:07,713 I 12655 12972] raylet_client.cc:336: Error reporting task backlog information: IOError: 
[2022-01-12 12:55:08,713 I 12655 12972] raylet_client.cc:336: Error reporting task backlog information: IOError: 
[2022-01-12 12:55:09,714 I 12655 12972] raylet_client.cc:336: Error reporting task backlog information: IOError: 
[2022-01-12 12:55:09,984 W 12655 12973] metric_exporter.cc:206: Export metrics to agent failed: IOError: . This won't affect Ray, but you can lose metrics from the cluster.
[2022-01-12 12:55:10,714 I 12655 12972] raylet_client.cc:336: Error reporting task backlog information: IOError: 
[2022-01-12 12:55:11,714 I 12655 12972] raylet_client.cc:336: Error reporting task backlog information: IOError: 
[2022-01-12 12:55:12,714 I 12655 12972] raylet_client.cc:336: Error reporting task backlog information: IOError: 
[2022-01-12 12:55:13,714 I 12655 12972] raylet_client.cc:336: Error reporting task backlog information: IOError: 
[2022-01-12 12:55:14,714 I 12655 12972] raylet_client.cc:336: Error reporting task backlog information: IOError: 
[2022-01-12 12:55:15,714 I 12655 12972] raylet_client.cc:336: Error reporting task backlog information: IOError: 
[2022-01-12 12:55:16,714 I 12655 12972] raylet_client.cc:336: Error reporting task backlog information: IOError: 
[2022-01-12 12:55:17,714 I 12655 12972] raylet_client.cc:336: Error reporting task backlog information: IOError: 
[2022-01-12 12:55:18,714 I 12655 12972] raylet_client.cc:336: Error reporting task backlog information: IOError: 
[2022-01-12 12:55:19,715 I 12655 12972] raylet_client.cc:336: Error reporting task backlog information: IOError: 
[2022-01-12 12:55:19,991 W 12655 12973] metric_exporter.cc:206: Export metrics to agent failed: IOError: . This won't affect Ray, but you can lose metrics from the cluster.
[2022-01-12 12:55:20,715 I 12655 12972] raylet_client.cc:336: Error reporting task backlog information: IOError: 
[2022-01-12 12:55:21,715 I 12655 12972] raylet_client.cc:336: Error reporting task backlog information: IOError: 
[2022-01-12 12:55:22,715 I 12655 12972] raylet_client.cc:336: Error reporting task backlog information: IOError: 
[2022-01-12 12:55:23,715 I 12655 12972] raylet_client.cc:336: Error reporting task backlog information: IOError: 
[2022-01-12 12:55:24,715 I 12655 12972] raylet_client.cc:336: Error reporting task backlog information: IOError: 
[2022-01-12 12:55:25,715 I 12655 12972] raylet_client.cc:336: Error reporting task backlog information: IOError: 
[2022-01-12 12:55:26,715 I 12655 12972] raylet_client.cc:336: Error reporting task backlog information: IOError: 
[2022-01-12 12:55:27,715 I 12655 12972] raylet_client.cc:336: Error reporting task backlog information: IOError: 
[2022-01-12 12:55:28,715 I 12655 12972] raylet_client.cc:336: Error reporting task backlog information: IOError: 
[2022-01-12 12:55:29,715 I 12655 12972] raylet_client.cc:336: Error reporting task backlog information: IOError: 
[2022-01-12 12:55:29,997 W 12655 12973] metric_exporter.cc:206: Export metrics to agent failed: IOError: . This won't affect Ray, but you can lose metrics from the cluster.
[2022-01-12 12:55:30,715 I 12655 12972] raylet_client.cc:336: Error reporting task backlog information: IOError: 
[2022-01-12 12:55:31,716 I 12655 12972] raylet_client.cc:336: Error reporting task backlog information: IOError: 
[2022-01-12 12:55:32,716 I 12655 12972] raylet_client.cc:336: Error reporting task backlog information: IOError: 
[2022-01-12 12:55:33,716 I 12655 12972] raylet_client.cc:336: Error reporting task backlog information: IOError: 
[2022-01-12 12:55:34,716 I 12655 12972] raylet_client.cc:336: Error reporting task backlog information: IOError: 
[2022-01-12 12:55:35,716 I 12655 12972] raylet_client.cc:336: Error reporting task backlog information: IOError: 
[2022-01-12 12:55:36,716 I 12655 12972] raylet_client.cc:336: Error reporting task backlog information: IOError: 
[2022-01-12 12:55:37,716 I 12655 12972] raylet_client.cc:336: Error reporting task backlog information: IOError: 
[2022-01-12 12:55:38,716 I 12655 12972] raylet_client.cc:336: Error reporting task backlog information: IOError: 
[2022-01-12 12:55:39,716 I 12655 12972] raylet_client.cc:336: Error reporting task backlog information: IOError: 
[2022-01-12 12:55:40,004 W 12655 12973] metric_exporter.cc:206: Export metrics to agent failed: IOError: . This won't affect Ray, but you can lose metrics from the cluster.
[2022-01-12 12:55:40,716 I 12655 12972] raylet_client.cc:336: Error reporting task backlog information: IOError: 
[2022-01-12 12:55:41,716 I 12655 12972] raylet_client.cc:336: Error reporting task backlog information: IOError: 
[2022-01-12 12:55:42,716 I 12655 12972] raylet_client.cc:336: Error reporting task backlog information: IOError: 
[2022-01-12 12:55:43,716 I 12655 12972] raylet_client.cc:336: Error reporting task backlog information: IOError: 
[2022-01-12 12:55:44,716 I 12655 12972] raylet_client.cc:336: Error reporting task backlog information: IOError: 
[2022-01-12 12:55:45,717 I 12655 12972] raylet_client.cc:336: Error reporting task backlog information: IOError: 
[2022-01-12 12:55:46,717 I 12655 12972] raylet_client.cc:336: Error reporting task backlog information: IOError: 
[2022-01-12 12:55:47,717 I 12655 12972] raylet_client.cc:336: Error reporting task backlog information: IOError: 
[2022-01-12 12:55:48,717 I 12655 12972] raylet_client.cc:336: Error reporting task backlog information: IOError: 
[2022-01-12 12:55:49,717 I 12655 12972] raylet_client.cc:336: Error reporting task backlog information: IOError: 
[2022-01-12 12:55:50,010 W 12655 12973] metric_exporter.cc:206: Export metrics to agent failed: IOError: . This won't affect Ray, but you can lose metrics from the cluster.
[2022-01-12 12:55:50,717 I 12655 12972] raylet_client.cc:336: Error reporting task backlog information: IOError: 
[2022-01-12 12:55:51,717 I 12655 12972] raylet_client.cc:336: Error reporting task backlog information: IOError: 
[2022-01-12 12:55:52,717 I 12655 12972] raylet_client.cc:336: Error reporting task backlog information: IOError: 
[2022-01-12 12:55:53,717 I 12655 12972] raylet_client.cc:336: Error reporting task backlog information: IOError: 
[2022-01-12 12:55:54,717 I 12655 12972] raylet_client.cc:336: Error reporting task backlog information: IOError: 
[2022-01-12 12:55:55,717 I 12655 12972] raylet_client.cc:336: Error reporting task backlog information: IOError: 
[2022-01-12 12:55:56,717 I 12655 12972] raylet_client.cc:336: Error reporting task backlog information: IOError: 
[2022-01-12 12:55:57,718 I 12655 12972] raylet_client.cc:336: Error reporting task backlog information: IOError: 
[2022-01-12 12:55:58,718 I 12655 12972] raylet_client.cc:336: Error reporting task backlog information: IOError: 
[2022-01-12 12:55:59,718 I 12655 12972] raylet_client.cc:336: Error reporting task backlog information: IOError: 
[2022-01-12 12:56:00,017 W 12655 12973] metric_exporter.cc:206: Export metrics to agent failed: IOError: . This won't affect Ray, but you can lose metrics from the cluster.
[2022-01-12 12:56:00,718 I 12655 12972] raylet_client.cc:336: Error reporting task backlog information: IOError: 
[2022-01-12 12:56:01,718 I 12655 12972] raylet_client.cc:336: Error reporting task backlog information: IOError: 
[2022-01-12 12:56:02,718 I 12655 12972] raylet_client.cc:336: Error reporting task backlog information: IOError: 
[2022-01-12 12:56:03,718 I 12655 12972] raylet_client.cc:336: Error reporting task backlog information: IOError: 
[2022-01-12 12:56:04,718 I 12655 12972] raylet_client.cc:336: Error reporting task backlog information: IOError: 
[2022-01-12 12:56:05,718 I 12655 12972] raylet_client.cc:336: Error reporting task backlog information: IOError: 
[2022-01-12 12:56:06,718 I 12655 12972] raylet_client.cc:336: Error reporting task backlog information: IOError: 
[2022-01-12 12:56:07,718 I 12655 12972] raylet_client.cc:336: Error reporting task backlog information: IOError: 
[2022-01-12 12:56:08,719 I 12655 12972] raylet_client.cc:336: Error reporting task backlog information: IOError: 
[2022-01-12 12:56:09,719 I 12655 12972] raylet_client.cc:336: Error reporting task backlog information: IOError: 
[2022-01-12 12:56:10,024 W 12655 12973] metric_exporter.cc:206: Export metrics to agent failed: IOError: . This won't affect Ray, but you can lose metrics from the cluster.
[2022-01-12 12:56:10,719 I 12655 12972] raylet_client.cc:336: Error reporting task backlog information: IOError: 
[2022-01-12 12:56:11,719 I 12655 12972] raylet_client.cc:336: Error reporting task backlog information: IOError: 
[2022-01-12 12:56:12,719 I 12655 12972] raylet_client.cc:336: Error reporting task backlog information: IOError: 
[2022-01-12 12:56:13,719 I 12655 12972] raylet_client.cc:336: Error reporting task backlog information: IOError: 
[2022-01-12 12:56:14,719 I 12655 12972] raylet_client.cc:336: Error reporting task backlog information: IOError: 
[2022-01-12 12:56:15,719 I 12655 12972] raylet_client.cc:336: Error reporting task backlog information: IOError: 
[2022-01-12 12:56:16,719 I 12655 12972] raylet_client.cc:336: Error reporting task backlog information: IOError: 
[2022-01-12 12:56:17,719 I 12655 12972] raylet_client.cc:336: Error reporting task backlog information: IOError: 
[2022-01-12 12:56:18,719 I 12655 12972] raylet_client.cc:336: Error reporting task backlog information: IOError: 
[2022-01-12 12:56:19,720 I 12655 12972] raylet_client.cc:336: Error reporting task backlog information: IOError: 
[2022-01-12 12:56:20,031 W 12655 12973] metric_exporter.cc:206: Export metrics to agent failed: IOError: . This won't affect Ray, but you can lose metrics from the cluster.
[2022-01-12 12:56:20,720 I 12655 12972] raylet_client.cc:336: Error reporting task backlog information: IOError: 
[2022-01-12 12:56:21,720 I 12655 12972] raylet_client.cc:336: Error reporting task backlog information: IOError: 
[2022-01-12 12:56:22,720 I 12655 12972] raylet_client.cc:336: Error reporting task backlog information: IOError: 
[2022-01-12 12:56:23,720 I 12655 12972] raylet_client.cc:336: Error reporting task backlog information: IOError: 
[2022-01-12 12:56:24,720 I 12655 12972] raylet_client.cc:336: Error reporting task backlog information: IOError: 
[2022-01-12 12:56:25,720 I 12655 12972] raylet_client.cc:336: Error reporting task backlog information: IOError: 
[2022-01-12 12:56:26,720 I 12655 12972] raylet_client.cc:336: Error reporting task backlog information: IOError: 
[2022-01-12 12:56:27,720 I 12655 12972] raylet_client.cc:336: Error reporting task backlog information: IOError: 
[2022-01-12 12:56:28,720 I 12655 12972] raylet_client.cc:336: Error reporting task backlog information: IOError: 
[2022-01-12 12:56:29,720 I 12655 12972] raylet_client.cc:336: Error reporting task backlog information: IOError: 
[2022-01-12 12:56:30,039 W 12655 12973] metric_exporter.cc:206: Export metrics to agent failed: IOError: . This won't affect Ray, but you can lose metrics from the cluster.
[2022-01-12 12:56:30,721 I 12655 12972] raylet_client.cc:336: Error reporting task backlog information: IOError: 
[2022-01-12 12:56:31,721 I 12655 12972] raylet_client.cc:336: Error reporting task backlog information: IOError: 
[2022-01-12 12:56:32,721 I 12655 12972] raylet_client.cc:336: Error reporting task backlog information: IOError: 
[2022-01-12 12:56:33,721 I 12655 12972] raylet_client.cc:336: Error reporting task backlog information: IOError: 
[2022-01-12 12:56:34,721 I 12655 12972] raylet_client.cc:336: Error reporting task backlog information: IOError: 
[2022-01-12 12:56:35,721 I 12655 12972] raylet_client.cc:336: Error reporting task backlog information: IOError: 
[2022-01-12 12:56:36,721 I 12655 12972] raylet_client.cc:336: Error reporting task backlog information: IOError: 
[2022-01-12 12:56:37,721 I 12655 12972] raylet_client.cc:336: Error reporting task backlog information: IOError: 
[2022-01-12 12:56:38,721 I 12655 12972] raylet_client.cc:336: Error reporting task backlog information: IOError: 
[2022-01-12 12:56:39,721 I 12655 12972] raylet_client.cc:336: Error reporting task backlog information: IOError: 
[2022-01-12 12:56:40,045 W 12655 12973] metric_exporter.cc:206: Export metrics to agent failed: IOError: . This won't affect Ray, but you can lose metrics from the cluster.
[2022-01-12 12:56:40,721 I 12655 12972] raylet_client.cc:336: Error reporting task backlog information: IOError: 
[2022-01-12 12:56:41,721 I 12655 12972] raylet_client.cc:336: Error reporting task backlog information: IOError: 
[2022-01-12 12:56:42,722 I 12655 12972] raylet_client.cc:336: Error reporting task backlog information: IOError: 
[2022-01-12 12:56:43,722 I 12655 12972] raylet_client.cc:336: Error reporting task backlog information: IOError: 
[2022-01-12 12:56:44,722 I 12655 12972] raylet_client.cc:336: Error reporting task backlog information: IOError: 
[2022-01-12 12:56:45,722 I 12655 12972] raylet_client.cc:336: Error reporting task backlog information: IOError: 
[2022-01-12 12:56:46,722 I 12655 12972] raylet_client.cc:336: Error reporting task backlog information: IOError: 
[2022-01-12 12:56:47,722 I 12655 12972] raylet_client.cc:336: Error reporting task backlog information: IOError: 
[2022-01-12 12:56:48,722 I 12655 12972] raylet_client.cc:336: Error reporting task backlog information: IOError: 
[2022-01-12 12:56:49,722 I 12655 12972] raylet_client.cc:336: Error reporting task backlog information: IOError: 
[2022-01-12 12:56:50,052 W 12655 12973] metric_exporter.cc:206: Export metrics to agent failed: IOError: . This won't affect Ray, but you can lose metrics from the cluster.
[2022-01-12 12:56:50,722 I 12655 12972] raylet_client.cc:336: Error reporting task backlog information: IOError: 
[2022-01-12 12:56:51,722 I 12655 12972] raylet_client.cc:336: Error reporting task backlog information: IOError: 
[2022-01-12 12:56:52,722 I 12655 12972] raylet_client.cc:336: Error reporting task backlog information: IOError: 
[2022-01-12 12:56:53,722 I 12655 12972] raylet_client.cc:336: Error reporting task backlog information: IOError: 
[2022-01-12 12:56:54,723 I 12655 12972] raylet_client.cc:336: Error reporting task backlog information: IOError: 
[2022-01-12 12:56:55,723 I 12655 12972] raylet_client.cc:336: Error reporting task backlog information: IOError: 
[2022-01-12 12:56:56,723 I 12655 12972] raylet_client.cc:336: Error reporting task backlog information: IOError: 
[2022-01-12 12:56:57,723 I 12655 12972] raylet_client.cc:336: Error reporting task backlog information: IOError: 
[2022-01-12 12:56:58,723 I 12655 12972] raylet_client.cc:336: Error reporting task backlog information: IOError: 
[2022-01-12 12:56:59,723 I 12655 12972] raylet_client.cc:336: Error reporting task backlog information: IOError: 
[2022-01-12 12:57:00,060 W 12655 12973] metric_exporter.cc:206: Export metrics to agent failed: IOError: . This won't affect Ray, but you can lose metrics from the cluster.
[2022-01-12 12:57:00,723 I 12655 12972] raylet_client.cc:336: Error reporting task backlog information: IOError: 
[2022-01-12 12:57:01,723 I 12655 12972] raylet_client.cc:336: Error reporting task backlog information: IOError: 
[2022-01-12 12:57:02,723 I 12655 12972] raylet_client.cc:336: Error reporting task backlog information: IOError: 
[2022-01-12 12:57:03,723 I 12655 12972] raylet_client.cc:336: Error reporting task backlog information: IOError: 
[2022-01-12 12:57:04,723 I 12655 12972] raylet_client.cc:336: Error reporting task backlog information: IOError: 
[2022-01-12 12:57:05,723 I 12655 12972] raylet_client.cc:336: Error reporting task backlog information: IOError: 
[2022-01-12 12:57:06,723 I 12655 12972] raylet_client.cc:336: Error reporting task backlog information: IOError: 
[2022-01-12 12:57:07,724 I 12655 12972] raylet_client.cc:336: Error reporting task backlog information: IOError: 
[2022-01-12 12:57:08,724 I 12655 12972] raylet_client.cc:336: Error reporting task backlog information: IOError: 
[2022-01-12 12:57:09,724 I 12655 12972] raylet_client.cc:336: Error reporting task backlog information: IOError: 
[2022-01-12 12:57:10,068 W 12655 12973] metric_exporter.cc:206: Export metrics to agent failed: IOError: . This won't affect Ray, but you can lose metrics from the cluster.
[2022-01-12 12:57:10,724 I 12655 12972] raylet_client.cc:336: Error reporting task backlog information: IOError: 
[2022-01-12 12:57:11,724 I 12655 12972] raylet_client.cc:336: Error reporting task backlog information: IOError: 
[2022-01-12 12:57:12,724 I 12655 12972] raylet_client.cc:336: Error reporting task backlog information: IOError: 
[2022-01-12 12:57:13,724 I 12655 12972] raylet_client.cc:336: Error reporting task backlog information: IOError: 
[2022-01-12 12:57:14,724 I 12655 12972] raylet_client.cc:336: Error reporting task backlog information: IOError: 
[2022-01-12 12:57:15,724 I 12655 12972] raylet_client.cc:336: Error reporting task backlog information: IOError: 
[2022-01-12 12:57:16,724 I 12655 12972] raylet_client.cc:336: Error reporting task backlog information: IOError: 
[2022-01-12 12:57:17,724 I 12655 12972] raylet_client.cc:336: Error reporting task backlog information: IOError: 
[2022-01-12 12:57:18,724 I 12655 12972] raylet_client.cc:336: Error reporting task backlog information: IOError: 
[2022-01-12 12:57:19,724 I 12655 12972] raylet_client.cc:336: Error reporting task backlog information: IOError: 
[2022-01-12 12:57:20,076 W 12655 12973] metric_exporter.cc:206: Export metrics to agent failed: IOError: . This won't affect Ray, but you can lose metrics from the cluster.
[2022-01-12 12:57:20,725 I 12655 12972] raylet_client.cc:336: Error reporting task backlog information: IOError: 
[2022-01-12 12:57:21,725 I 12655 12972] raylet_client.cc:336: Error reporting task backlog information: IOError: 
[2022-01-12 12:57:22,725 I 12655 12972] raylet_client.cc:336: Error reporting task backlog information: IOError: 
[2022-01-12 12:57:23,725 I 12655 12972] raylet_client.cc:336: Error reporting task backlog information: IOError: 
[2022-01-12 12:57:24,725 I 12655 12972] raylet_client.cc:336: Error reporting task backlog information: IOError: 
[2022-01-12 12:57:25,725 I 12655 12972] raylet_client.cc:336: Error reporting task backlog information: IOError: 
[2022-01-12 12:57:26,725 I 12655 12972] raylet_client.cc:336: Error reporting task backlog information: IOError: 
[2022-01-12 12:57:27,725 I 12655 12972] raylet_client.cc:336: Error reporting task backlog information: IOError: 
[2022-01-12 12:57:28,725 I 12655 12972] raylet_client.cc:336: Error reporting task backlog information: IOError: 
[2022-01-12 12:57:29,725 I 12655 12972] raylet_client.cc:336: Error reporting task backlog information: IOError: 
[2022-01-12 12:57:30,082 W 12655 12973] metric_exporter.cc:206: Export metrics to agent failed: IOError: . This won't affect Ray, but you can lose metrics from the cluster.
[2022-01-12 12:57:30,725 I 12655 12972] raylet_client.cc:336: Error reporting task backlog information: IOError: 
[2022-01-12 12:57:31,725 I 12655 12972] raylet_client.cc:336: Error reporting task backlog information: IOError: 
[2022-01-12 12:57:32,725 I 12655 12972] raylet_client.cc:336: Error reporting task backlog information: IOError: 
[2022-01-12 12:57:33,725 I 12655 12972] raylet_client.cc:336: Error reporting task backlog information: IOError: 
[2022-01-12 12:57:34,725 I 12655 12972] raylet_client.cc:336: Error reporting task backlog information: IOError: 
[2022-01-12 12:57:35,726 I 12655 12972] raylet_client.cc:336: Error reporting task backlog information: IOError: 
[2022-01-12 12:57:36,726 I 12655 12972] raylet_client.cc:336: Error reporting task backlog information: IOError: 
[2022-01-12 12:57:37,726 I 12655 12972] raylet_client.cc:336: Error reporting task backlog information: IOError: 
[2022-01-12 12:57:38,726 I 12655 12972] raylet_client.cc:336: Error reporting task backlog information: IOError: 
[2022-01-12 12:57:39,726 I 12655 12972] raylet_client.cc:336: Error reporting task backlog information: IOError: 
[2022-01-12 12:57:40,089 W 12655 12973] metric_exporter.cc:206: Export metrics to agent failed: IOError: . This won't affect Ray, but you can lose metrics from the cluster.
[2022-01-12 12:57:40,726 I 12655 12972] raylet_client.cc:336: Error reporting task backlog information: IOError: 
[2022-01-12 12:57:41,726 I 12655 12972] raylet_client.cc:336: Error reporting task backlog information: IOError: 
[2022-01-12 12:57:42,726 I 12655 12972] raylet_client.cc:336: Error reporting task backlog information: IOError: 
[2022-01-12 12:57:43,726 I 12655 12972] raylet_client.cc:336: Error reporting task backlog information: IOError: 
[2022-01-12 12:57:44,726 I 12655 12972] raylet_client.cc:336: Error reporting task backlog information: IOError: 
[2022-01-12 12:57:45,726 I 12655 12972] raylet_client.cc:336: Error reporting task backlog information: IOError: 
[2022-01-12 12:57:46,726 I 12655 12972] raylet_client.cc:336: Error reporting task backlog information: IOError: 
[2022-01-12 12:57:47,727 I 12655 12972] raylet_client.cc:336: Error reporting task backlog information: IOError: 
[2022-01-12 12:57:48,727 I 12655 12972] raylet_client.cc:336: Error reporting task backlog information: IOError: 
[2022-01-12 12:57:49,727 I 12655 12972] raylet_client.cc:336: Error reporting task backlog information: IOError: 
[2022-01-12 12:57:50,096 W 12655 12973] metric_exporter.cc:206: Export metrics to agent failed: IOError: . This won't affect Ray, but you can lose metrics from the cluster.
[2022-01-12 12:57:50,727 I 12655 12972] raylet_client.cc:336: Error reporting task backlog information: IOError: 
[2022-01-12 12:57:51,727 I 12655 12972] raylet_client.cc:336: Error reporting task backlog information: IOError: 
[2022-01-12 12:57:52,727 I 12655 12972] raylet_client.cc:336: Error reporting task backlog information: IOError: 
[2022-01-12 12:57:53,727 I 12655 12972] raylet_client.cc:336: Error reporting task backlog information: IOError: 
[2022-01-12 12:57:54,727 I 12655 12972] raylet_client.cc:336: Error reporting task backlog information: IOError: 
[2022-01-12 12:57:55,727 I 12655 12972] raylet_client.cc:336: Error reporting task backlog information: IOError: 
[2022-01-12 12:57:56,727 I 12655 12972] raylet_client.cc:336: Error reporting task backlog information: IOError: 
[2022-01-12 12:57:57,727 I 12655 12972] raylet_client.cc:336: Error reporting task backlog information: IOError: 
[2022-01-12 12:57:58,727 I 12655 12972] raylet_client.cc:336: Error reporting task backlog information: IOError: 
[2022-01-12 12:57:59,727 I 12655 12972] raylet_client.cc:336: Error reporting task backlog information: IOError: 
[2022-01-12 12:58:00,103 W 12655 12973] metric_exporter.cc:206: Export metrics to agent failed: IOError: . This won't affect Ray, but you can lose metrics from the cluster.
[2022-01-12 12:58:00,728 I 12655 12972] raylet_client.cc:336: Error reporting task backlog information: IOError: 
[2022-01-12 12:58:01,728 I 12655 12972] raylet_client.cc:336: Error reporting task backlog information: IOError: 
[2022-01-12 12:58:02,728 I 12655 12972] raylet_client.cc:336: Error reporting task backlog information: IOError: 
[2022-01-12 12:58:03,728 I 12655 12972] raylet_client.cc:336: Error reporting task backlog information: IOError: 
[2022-01-12 12:58:04,728 I 12655 12972] raylet_client.cc:336: Error reporting task backlog information: IOError: 
[2022-01-12 12:58:05,728 I 12655 12972] raylet_client.cc:336: Error reporting task backlog information: IOError: 
[2022-01-12 12:58:06,728 I 12655 12972] raylet_client.cc:336: Error reporting task backlog information: IOError: 
[2022-01-12 12:58:07,728 I 12655 12972] raylet_client.cc:336: Error reporting task backlog information: IOError: 
[2022-01-12 12:58:08,728 I 12655 12972] raylet_client.cc:336: Error reporting task backlog information: IOError: 
[2022-01-12 12:58:09,728 I 12655 12972] raylet_client.cc:336: Error reporting task backlog information: IOError: 
[2022-01-12 12:58:10,110 W 12655 12973] metric_exporter.cc:206: Export metrics to agent failed: IOError: . This won't affect Ray, but you can lose metrics from the cluster.
[2022-01-12 12:58:10,728 I 12655 12972] raylet_client.cc:336: Error reporting task backlog information: IOError: 
[2022-01-12 12:58:11,728 I 12655 12972] raylet_client.cc:336: Error reporting task backlog information: IOError: 
[2022-01-12 12:58:12,728 I 12655 12972] raylet_client.cc:336: Error reporting task backlog information: IOError: 
[2022-01-12 12:58:13,728 I 12655 12972] raylet_client.cc:336: Error reporting task backlog information: IOError: 
[2022-01-12 12:58:14,728 I 12655 12972] raylet_client.cc:336: Error reporting task backlog information: IOError: 
[2022-01-12 12:58:15,728 I 12655 12972] raylet_client.cc:336: Error reporting task backlog information: IOError: 
[2022-01-12 12:58:16,729 I 12655 12972] raylet_client.cc:336: Error reporting task backlog information: IOError: 
[2022-01-12 12:58:17,729 I 12655 12972] raylet_client.cc:336: Error reporting task backlog information: IOError: 
[2022-01-12 12:58:18,729 I 12655 12972] raylet_client.cc:336: Error reporting task backlog information: IOError: 
[2022-01-12 12:58:19,729 I 12655 12972] raylet_client.cc:336: Error reporting task backlog information: IOError: 
[2022-01-12 12:58:20,116 W 12655 12973] metric_exporter.cc:206: Export metrics to agent failed: IOError: . This won't affect Ray, but you can lose metrics from the cluster.
[2022-01-12 12:58:20,729 I 12655 12972] raylet_client.cc:336: Error reporting task backlog information: IOError: 
[2022-01-12 12:58:21,729 I 12655 12972] raylet_client.cc:336: Error reporting task backlog information: IOError: 
[2022-01-12 12:58:22,729 I 12655 12972] raylet_client.cc:336: Error reporting task backlog information: IOError: 
[2022-01-12 12:58:23,729 I 12655 12972] raylet_client.cc:336: Error reporting task backlog information: IOError: 
[2022-01-12 12:58:24,729 I 12655 12972] raylet_client.cc:336: Error reporting task backlog information: IOError: 
[2022-01-12 12:58:25,729 I 12655 12972] raylet_client.cc:336: Error reporting task backlog information: IOError: 
[2022-01-12 12:58:26,729 I 12655 12972] raylet_client.cc:336: Error reporting task backlog information: IOError: 
[2022-01-12 12:58:27,730 I 12655 12972] raylet_client.cc:336: Error reporting task backlog information: IOError: 
[2022-01-12 12:58:28,730 I 12655 12972] raylet_client.cc:336: Error reporting task backlog information: IOError: 
[2022-01-12 12:58:29,730 I 12655 12972] raylet_client.cc:336: Error reporting task backlog information: IOError: 
[2022-01-12 12:58:30,124 W 12655 12973] metric_exporter.cc:206: Export metrics to agent failed: IOError: . This won't affect Ray, but you can lose metrics from the cluster.
[2022-01-12 12:58:30,730 I 12655 12972] raylet_client.cc:336: Error reporting task backlog information: IOError: 
[2022-01-12 12:58:31,731 I 12655 12972] raylet_client.cc:336: Error reporting task backlog information: IOError: 
[2022-01-12 12:58:32,731 I 12655 12972] raylet_client.cc:336: Error reporting task backlog information: IOError: 
[2022-01-12 12:58:33,731 I 12655 12972] raylet_client.cc:336: Error reporting task backlog information: IOError: 
[2022-01-12 12:58:34,731 I 12655 12972] raylet_client.cc:336: Error reporting task backlog information: IOError: 
[2022-01-12 12:58:35,731 I 12655 12972] raylet_client.cc:336: Error reporting task backlog information: IOError: 
[2022-01-12 12:58:36,731 I 12655 12972] raylet_client.cc:336: Error reporting task backlog information: IOError: 
[2022-01-12 12:58:37,731 I 12655 12972] raylet_client.cc:336: Error reporting task backlog information: IOError: 
[2022-01-12 12:58:38,732 I 12655 12972] raylet_client.cc:336: Error reporting task backlog information: IOError: 
[2022-01-12 12:58:39,732 I 12655 12972] raylet_client.cc:336: Error reporting task backlog information: IOError: 
[2022-01-12 12:58:40,134 W 12655 12973] metric_exporter.cc:206: Export metrics to agent failed: IOError: . This won't affect Ray, but you can lose metrics from the cluster.
[2022-01-12 12:58:40,732 I 12655 12972] raylet_client.cc:336: Error reporting task backlog information: IOError: 
[2022-01-12 12:58:41,732 I 12655 12972] raylet_client.cc:336: Error reporting task backlog information: IOError: 
[2022-01-12 12:58:42,733 I 12655 12972] raylet_client.cc:336: Error reporting task backlog information: IOError: 
[2022-01-12 12:58:43,733 I 12655 12972] raylet_client.cc:336: Error reporting task backlog information: IOError: 
[2022-01-12 12:58:44,733 I 12655 12972] raylet_client.cc:336: Error reporting task backlog information: IOError: 
[2022-01-12 12:58:45,733 I 12655 12972] raylet_client.cc:336: Error reporting task backlog information: IOError: 
[2022-01-12 12:58:46,734 I 12655 12972] raylet_client.cc:336: Error reporting task backlog information: IOError: 
[2022-01-12 12:58:47,734 I 12655 12972] raylet_client.cc:336: Error reporting task backlog information: IOError: 
[2022-01-12 12:58:48,734 I 12655 12972] raylet_client.cc:336: Error reporting task backlog information: IOError: 
[2022-01-12 12:58:49,735 I 12655 12972] raylet_client.cc:336: Error reporting task backlog information: IOError: 
[2022-01-12 12:58:50,146 W 12655 12973] metric_exporter.cc:206: Export metrics to agent failed: IOError: . This won't affect Ray, but you can lose metrics from the cluster.
[2022-01-12 12:58:50,735 I 12655 12972] raylet_client.cc:336: Error reporting task backlog information: IOError: 
[2022-01-12 12:58:51,735 I 12655 12972] raylet_client.cc:336: Error reporting task backlog information: IOError: 
[2022-01-12 12:58:52,735 I 12655 12972] raylet_client.cc:336: Error reporting task backlog information: IOError: 
[2022-01-12 12:58:53,735 I 12655 12972] raylet_client.cc:336: Error reporting task backlog information: IOError: 
[2022-01-12 12:58:54,735 I 12655 12972] raylet_client.cc:336: Error reporting task backlog information: IOError: 
[2022-01-12 12:58:55,735 I 12655 12972] raylet_client.cc:336: Error reporting task backlog information: IOError: 
[2022-01-12 12:58:56,736 I 12655 12972] raylet_client.cc:336: Error reporting task backlog information: IOError: 
[2022-01-12 12:58:57,736 I 12655 12972] raylet_client.cc:336: Error reporting task backlog information: IOError: 
[2022-01-12 12:58:58,736 I 12655 12972] raylet_client.cc:336: Error reporting task backlog information: IOError: 
[2022-01-12 12:58:59,737 I 12655 12972] raylet_client.cc:336: Error reporting task backlog information: IOError: 
[2022-01-12 12:59:00,156 W 12655 12973] metric_exporter.cc:206: Export metrics to agent failed: IOError: . This won't affect Ray, but you can lose metrics from the cluster.
[2022-01-12 12:59:00,737 I 12655 12972] raylet_client.cc:336: Error reporting task backlog information: IOError: 
[2022-01-12 12:59:01,737 I 12655 12972] raylet_client.cc:336: Error reporting task backlog information: IOError: 
[2022-01-12 12:59:02,737 I 12655 12972] raylet_client.cc:336: Error reporting task backlog information: IOError: 
[2022-01-12 12:59:03,737 I 12655 12972] raylet_client.cc:336: Error reporting task backlog information: IOError: 
[2022-01-12 12:59:04,738 I 12655 12972] raylet_client.cc:336: Error reporting task backlog information: IOError: 
[2022-01-12 12:59:05,738 I 12655 12972] raylet_client.cc:336: Error reporting task backlog information: IOError: 
[2022-01-12 12:59:06,738 I 12655 12972] raylet_client.cc:336: Error reporting task backlog information: IOError: 
[2022-01-12 12:59:07,738 I 12655 12972] raylet_client.cc:336: Error reporting task backlog information: IOError: 
[2022-01-12 12:59:08,739 I 12655 12972] raylet_client.cc:336: Error reporting task backlog information: IOError: 
[2022-01-12 12:59:09,739 I 12655 12972] raylet_client.cc:336: Error reporting task backlog information: IOError: 
[2022-01-12 12:59:10,167 W 12655 12973] metric_exporter.cc:206: Export metrics to agent failed: IOError: . This won't affect Ray, but you can lose metrics from the cluster.
[2022-01-12 12:59:10,739 I 12655 12972] raylet_client.cc:336: Error reporting task backlog information: IOError: 
[2022-01-12 12:59:11,739 I 12655 12972] raylet_client.cc:336: Error reporting task backlog information: IOError: 
[2022-01-12 12:59:12,740 I 12655 12972] raylet_client.cc:336: Error reporting task backlog information: IOError: 
[2022-01-12 12:59:13,740 I 12655 12972] raylet_client.cc:336: Error reporting task backlog information: IOError: 
[2022-01-12 12:59:14,740 I 12655 12972] raylet_client.cc:336: Error reporting task backlog information: IOError: 
[2022-01-12 12:59:15,741 I 12655 12972] raylet_client.cc:336: Error reporting task backlog information: IOError: 
[2022-01-12 12:59:16,741 I 12655 12972] raylet_client.cc:336: Error reporting task backlog information: IOError: 
[2022-01-12 12:59:17,741 I 12655 12972] raylet_client.cc:336: Error reporting task backlog information: IOError: 
[2022-01-12 12:59:18,741 I 12655 12972] raylet_client.cc:336: Error reporting task backlog information: IOError: 
[2022-01-12 12:59:19,742 I 12655 12972] raylet_client.cc:336: Error reporting task backlog information: IOError: 
[2022-01-12 12:59:20,179 W 12655 12973] metric_exporter.cc:206: Export metrics to agent failed: IOError: . This won't affect Ray, but you can lose metrics from the cluster.
[2022-01-12 12:59:20,742 I 12655 12972] raylet_client.cc:336: Error reporting task backlog information: IOError: 
[2022-01-12 12:59:21,742 I 12655 12972] raylet_client.cc:336: Error reporting task backlog information: IOError: 
[2022-01-12 12:59:22,742 I 12655 12972] raylet_client.cc:336: Error reporting task backlog information: IOError: 
[2022-01-12 12:59:23,742 I 12655 12972] raylet_client.cc:336: Error reporting task backlog information: IOError: 
[2022-01-12 12:59:24,743 I 12655 12972] raylet_client.cc:336: Error reporting task backlog information: IOError: 
[2022-01-12 12:59:25,743 I 12655 12972] raylet_client.cc:336: Error reporting task backlog information: IOError: 
[2022-01-12 12:59:26,743 I 12655 12972] raylet_client.cc:336: Error reporting task backlog information: IOError: 
[2022-01-12 12:59:27,743 I 12655 12972] raylet_client.cc:336: Error reporting task backlog information: IOError: 
[2022-01-12 12:59:28,744 I 12655 12972] raylet_client.cc:336: Error reporting task backlog information: IOError: 
[2022-01-12 12:59:29,744 I 12655 12972] raylet_client.cc:336: Error reporting task backlog information: IOError: 
[2022-01-12 12:59:30,190 W 12655 12973] metric_exporter.cc:206: Export metrics to agent failed: IOError: . This won't affect Ray, but you can lose metrics from the cluster.
[2022-01-12 12:59:30,581 E 12655 12859] gcs_server_address_updater.cc:76: Failed to receive the GCS address for 600 times without success. The worker will exit ungracefully. It is because GCS has died. It could be because there was an issue that kills GCS, such as high memory usage triggering OOM killer to kill GCS. Cluster will be highly likely unavailable if you see this log. Please check the log from gcs_server.err.
