[2022-01-12 12:48:19,508 I 12663 12663] core_worker.cc:132: Constructing CoreWorkerProcess. pid: 12663
[2022-01-12 12:48:19,509 I 12663 12663] grpc_server.cc:112: worker server started, listening on port 33919.
[2022-01-12 12:48:19,512 I 12663 12663] core_worker.cc:479: Initializing worker at address: 131.215.21.210:33919, worker ID 39f21783ef18156a7c5e2210e3d5f1c6f9662075039bebf5af007264, raylet ac66381a9c2b8e5ae78c53aeaf462af6fd0d65cb0e82832bb16134fd
[2022-01-12 12:48:19,644 I 12663 12663] io_service_pool.cc:35: IOServicePool is running with 1 io_service.
[2022-01-12 12:48:19,648 I 12663 12952] accessor.cc:560: Received notification for node id = ac66381a9c2b8e5ae78c53aeaf462af6fd0d65cb0e82832bb16134fd, IsAlive = 1
[2022-01-12 12:49:31,528 W 12663 12850] gcs_server_address_updater.cc:61: [1] Failed to get the gcs server address from raylet 1 times in a row. If it keeps failing to obtain the address, the worker might crash. Connection status IOError: 
[2022-01-12 12:49:32,527 I 12663 12952] raylet_client.cc:336: Error reporting task backlog information: IOError: 
[2022-01-12 12:49:32,659 I 12663 12952] raylet_client.cc:336: Error reporting task backlog information: IOError: 
[2022-01-12 12:49:33,659 I 12663 12952] raylet_client.cc:336: Error reporting task backlog information: IOError: 
[2022-01-12 12:49:34,659 I 12663 12952] raylet_client.cc:336: Error reporting task backlog information: IOError: 
[2022-01-12 12:49:35,659 I 12663 12952] raylet_client.cc:336: Error reporting task backlog information: IOError: 
[2022-01-12 12:49:36,659 I 12663 12952] raylet_client.cc:336: Error reporting task backlog information: IOError: 
[2022-01-12 12:49:37,659 I 12663 12952] raylet_client.cc:336: Error reporting task backlog information: IOError: 
[2022-01-12 12:49:38,659 I 12663 12952] raylet_client.cc:336: Error reporting task backlog information: IOError: 
[2022-01-12 12:49:39,659 I 12663 12952] raylet_client.cc:336: Error reporting task backlog information: IOError: 
[2022-01-12 12:49:39,715 W 12663 12953] metric_exporter.cc:206: Export metrics to agent failed: IOError: . This won't affect Ray, but you can lose metrics from the cluster.
[2022-01-12 12:49:40,659 I 12663 12952] raylet_client.cc:336: Error reporting task backlog information: IOError: 
[2022-01-12 12:49:41,660 I 12663 12952] raylet_client.cc:336: Error reporting task backlog information: IOError: 
[2022-01-12 12:49:42,660 I 12663 12952] raylet_client.cc:336: Error reporting task backlog information: IOError: 
[2022-01-12 12:49:43,660 I 12663 12952] raylet_client.cc:336: Error reporting task backlog information: IOError: 
[2022-01-12 12:49:44,660 I 12663 12952] raylet_client.cc:336: Error reporting task backlog information: IOError: 
[2022-01-12 12:49:45,660 I 12663 12952] raylet_client.cc:336: Error reporting task backlog information: IOError: 
[2022-01-12 12:49:46,660 I 12663 12952] raylet_client.cc:336: Error reporting task backlog information: IOError: 
[2022-01-12 12:49:47,660 I 12663 12952] raylet_client.cc:336: Error reporting task backlog information: IOError: 
[2022-01-12 12:49:48,660 I 12663 12952] raylet_client.cc:336: Error reporting task backlog information: IOError: 
[2022-01-12 12:49:49,660 I 12663 12952] raylet_client.cc:336: Error reporting task backlog information: IOError: 
[2022-01-12 12:49:49,722 W 12663 12953] metric_exporter.cc:206: Export metrics to agent failed: IOError: . This won't affect Ray, but you can lose metrics from the cluster.
[2022-01-12 12:49:50,660 I 12663 12952] raylet_client.cc:336: Error reporting task backlog information: IOError: 
[2022-01-12 12:49:51,660 I 12663 12952] raylet_client.cc:336: Error reporting task backlog information: IOError: 
[2022-01-12 12:49:52,660 I 12663 12952] raylet_client.cc:336: Error reporting task backlog information: IOError: 
[2022-01-12 12:49:53,660 I 12663 12952] raylet_client.cc:336: Error reporting task backlog information: IOError: 
[2022-01-12 12:49:54,661 I 12663 12952] raylet_client.cc:336: Error reporting task backlog information: IOError: 
[2022-01-12 12:49:55,661 I 12663 12952] raylet_client.cc:336: Error reporting task backlog information: IOError: 
[2022-01-12 12:49:56,661 I 12663 12952] raylet_client.cc:336: Error reporting task backlog information: IOError: 
[2022-01-12 12:49:57,661 I 12663 12952] raylet_client.cc:336: Error reporting task backlog information: IOError: 
[2022-01-12 12:49:58,661 I 12663 12952] raylet_client.cc:336: Error reporting task backlog information: IOError: 
[2022-01-12 12:49:59,661 I 12663 12952] raylet_client.cc:336: Error reporting task backlog information: IOError: 
[2022-01-12 12:49:59,729 W 12663 12953] metric_exporter.cc:206: Export metrics to agent failed: IOError: . This won't affect Ray, but you can lose metrics from the cluster.
[2022-01-12 12:50:00,661 I 12663 12952] raylet_client.cc:336: Error reporting task backlog information: IOError: 
[2022-01-12 12:50:01,661 I 12663 12952] raylet_client.cc:336: Error reporting task backlog information: IOError: 
[2022-01-12 12:50:02,661 I 12663 12952] raylet_client.cc:336: Error reporting task backlog information: IOError: 
[2022-01-12 12:50:03,661 I 12663 12952] raylet_client.cc:336: Error reporting task backlog information: IOError: 
[2022-01-12 12:50:04,661 I 12663 12952] raylet_client.cc:336: Error reporting task backlog information: IOError: 
[2022-01-12 12:50:05,661 I 12663 12952] raylet_client.cc:336: Error reporting task backlog information: IOError: 
[2022-01-12 12:50:06,662 I 12663 12952] raylet_client.cc:336: Error reporting task backlog information: IOError: 
[2022-01-12 12:50:07,662 I 12663 12952] raylet_client.cc:336: Error reporting task backlog information: IOError: 
[2022-01-12 12:50:08,662 I 12663 12952] raylet_client.cc:336: Error reporting task backlog information: IOError: 
[2022-01-12 12:50:09,662 I 12663 12952] raylet_client.cc:336: Error reporting task backlog information: IOError: 
[2022-01-12 12:50:09,736 W 12663 12953] metric_exporter.cc:206: Export metrics to agent failed: IOError: . This won't affect Ray, but you can lose metrics from the cluster.
[2022-01-12 12:50:10,662 I 12663 12952] raylet_client.cc:336: Error reporting task backlog information: IOError: 
[2022-01-12 12:50:11,662 I 12663 12952] raylet_client.cc:336: Error reporting task backlog information: IOError: 
[2022-01-12 12:50:12,662 I 12663 12952] raylet_client.cc:336: Error reporting task backlog information: IOError: 
[2022-01-12 12:50:13,662 I 12663 12952] raylet_client.cc:336: Error reporting task backlog information: IOError: 
[2022-01-12 12:50:14,662 I 12663 12952] raylet_client.cc:336: Error reporting task backlog information: IOError: 
[2022-01-12 12:50:15,662 I 12663 12952] raylet_client.cc:336: Error reporting task backlog information: IOError: 
[2022-01-12 12:50:16,662 I 12663 12952] raylet_client.cc:336: Error reporting task backlog information: IOError: 
[2022-01-12 12:50:17,663 I 12663 12952] raylet_client.cc:336: Error reporting task backlog information: IOError: 
[2022-01-12 12:50:18,663 I 12663 12952] raylet_client.cc:336: Error reporting task backlog information: IOError: 
[2022-01-12 12:50:19,663 I 12663 12952] raylet_client.cc:336: Error reporting task backlog information: IOError: 
[2022-01-12 12:50:19,742 W 12663 12953] metric_exporter.cc:206: Export metrics to agent failed: IOError: . This won't affect Ray, but you can lose metrics from the cluster.
[2022-01-12 12:50:20,663 I 12663 12952] raylet_client.cc:336: Error reporting task backlog information: IOError: 
[2022-01-12 12:50:21,663 I 12663 12952] raylet_client.cc:336: Error reporting task backlog information: IOError: 
[2022-01-12 12:50:22,663 I 12663 12952] raylet_client.cc:336: Error reporting task backlog information: IOError: 
[2022-01-12 12:50:23,663 I 12663 12952] raylet_client.cc:336: Error reporting task backlog information: IOError: 
[2022-01-12 12:50:24,663 I 12663 12952] raylet_client.cc:336: Error reporting task backlog information: IOError: 
[2022-01-12 12:50:25,663 I 12663 12952] raylet_client.cc:336: Error reporting task backlog information: IOError: 
[2022-01-12 12:50:26,663 I 12663 12952] raylet_client.cc:336: Error reporting task backlog information: IOError: 
[2022-01-12 12:50:27,663 I 12663 12952] raylet_client.cc:336: Error reporting task backlog information: IOError: 
[2022-01-12 12:50:28,663 I 12663 12952] raylet_client.cc:336: Error reporting task backlog information: IOError: 
[2022-01-12 12:50:29,664 I 12663 12952] raylet_client.cc:336: Error reporting task backlog information: IOError: 
[2022-01-12 12:50:29,751 W 12663 12953] metric_exporter.cc:206: Export metrics to agent failed: IOError: . This won't affect Ray, but you can lose metrics from the cluster.
[2022-01-12 12:50:30,664 I 12663 12952] raylet_client.cc:336: Error reporting task backlog information: IOError: 
[2022-01-12 12:50:31,664 I 12663 12952] raylet_client.cc:336: Error reporting task backlog information: IOError: 
[2022-01-12 12:50:32,664 I 12663 12952] raylet_client.cc:336: Error reporting task backlog information: IOError: 
[2022-01-12 12:50:33,664 I 12663 12952] raylet_client.cc:336: Error reporting task backlog information: IOError: 
[2022-01-12 12:50:34,664 I 12663 12952] raylet_client.cc:336: Error reporting task backlog information: IOError: 
[2022-01-12 12:50:35,664 I 12663 12952] raylet_client.cc:336: Error reporting task backlog information: IOError: 
[2022-01-12 12:50:36,664 I 12663 12952] raylet_client.cc:336: Error reporting task backlog information: IOError: 
[2022-01-12 12:50:37,664 I 12663 12952] raylet_client.cc:336: Error reporting task backlog information: IOError: 
[2022-01-12 12:50:38,665 I 12663 12952] raylet_client.cc:336: Error reporting task backlog information: IOError: 
[2022-01-12 12:50:39,665 I 12663 12952] raylet_client.cc:336: Error reporting task backlog information: IOError: 
[2022-01-12 12:50:39,758 W 12663 12953] metric_exporter.cc:206: Export metrics to agent failed: IOError: . This won't affect Ray, but you can lose metrics from the cluster.
[2022-01-12 12:50:40,665 I 12663 12952] raylet_client.cc:336: Error reporting task backlog information: IOError: 
[2022-01-12 12:50:41,665 I 12663 12952] raylet_client.cc:336: Error reporting task backlog information: IOError: 
[2022-01-12 12:50:42,665 I 12663 12952] raylet_client.cc:336: Error reporting task backlog information: IOError: 
[2022-01-12 12:50:43,665 I 12663 12952] raylet_client.cc:336: Error reporting task backlog information: IOError: 
[2022-01-12 12:50:44,665 I 12663 12952] raylet_client.cc:336: Error reporting task backlog information: IOError: 
[2022-01-12 12:50:45,665 I 12663 12952] raylet_client.cc:336: Error reporting task backlog information: IOError: 
[2022-01-12 12:50:46,665 I 12663 12952] raylet_client.cc:336: Error reporting task backlog information: IOError: 
[2022-01-12 12:50:47,666 I 12663 12952] raylet_client.cc:336: Error reporting task backlog information: IOError: 
[2022-01-12 12:50:48,666 I 12663 12952] raylet_client.cc:336: Error reporting task backlog information: IOError: 
[2022-01-12 12:50:49,666 I 12663 12952] raylet_client.cc:336: Error reporting task backlog information: IOError: 
[2022-01-12 12:50:49,773 W 12663 12953] metric_exporter.cc:206: Export metrics to agent failed: IOError: . This won't affect Ray, but you can lose metrics from the cluster.
[2022-01-12 12:50:50,666 I 12663 12952] raylet_client.cc:336: Error reporting task backlog information: IOError: 
[2022-01-12 12:50:51,666 I 12663 12952] raylet_client.cc:336: Error reporting task backlog information: IOError: 
[2022-01-12 12:50:52,666 I 12663 12952] raylet_client.cc:336: Error reporting task backlog information: IOError: 
[2022-01-12 12:50:53,666 I 12663 12952] raylet_client.cc:336: Error reporting task backlog information: IOError: 
[2022-01-12 12:50:54,666 I 12663 12952] raylet_client.cc:336: Error reporting task backlog information: IOError: 
[2022-01-12 12:50:55,666 I 12663 12952] raylet_client.cc:336: Error reporting task backlog information: IOError: 
[2022-01-12 12:50:56,666 I 12663 12952] raylet_client.cc:336: Error reporting task backlog information: IOError: 
[2022-01-12 12:50:57,666 I 12663 12952] raylet_client.cc:336: Error reporting task backlog information: IOError: 
[2022-01-12 12:50:58,666 I 12663 12952] raylet_client.cc:336: Error reporting task backlog information: IOError: 
[2022-01-12 12:50:59,666 I 12663 12952] raylet_client.cc:336: Error reporting task backlog information: IOError: 
[2022-01-12 12:50:59,781 W 12663 12953] metric_exporter.cc:206: Export metrics to agent failed: IOError: . This won't affect Ray, but you can lose metrics from the cluster.
[2022-01-12 12:51:00,666 I 12663 12952] raylet_client.cc:336: Error reporting task backlog information: IOError: 
[2022-01-12 12:51:01,667 I 12663 12952] raylet_client.cc:336: Error reporting task backlog information: IOError: 
[2022-01-12 12:51:02,667 I 12663 12952] raylet_client.cc:336: Error reporting task backlog information: IOError: 
[2022-01-12 12:51:03,667 I 12663 12952] raylet_client.cc:336: Error reporting task backlog information: IOError: 
[2022-01-12 12:51:04,667 I 12663 12952] raylet_client.cc:336: Error reporting task backlog information: IOError: 
[2022-01-12 12:51:05,667 I 12663 12952] raylet_client.cc:336: Error reporting task backlog information: IOError: 
[2022-01-12 12:51:06,667 I 12663 12952] raylet_client.cc:336: Error reporting task backlog information: IOError: 
[2022-01-12 12:51:07,667 I 12663 12952] raylet_client.cc:336: Error reporting task backlog information: IOError: 
[2022-01-12 12:51:08,667 I 12663 12952] raylet_client.cc:336: Error reporting task backlog information: IOError: 
[2022-01-12 12:51:09,667 I 12663 12952] raylet_client.cc:336: Error reporting task backlog information: IOError: 
[2022-01-12 12:51:09,788 W 12663 12953] metric_exporter.cc:206: Export metrics to agent failed: IOError: . This won't affect Ray, but you can lose metrics from the cluster.
[2022-01-12 12:51:10,667 I 12663 12952] raylet_client.cc:336: Error reporting task backlog information: IOError: 
[2022-01-12 12:51:11,667 I 12663 12952] raylet_client.cc:336: Error reporting task backlog information: IOError: 
[2022-01-12 12:51:12,667 I 12663 12952] raylet_client.cc:336: Error reporting task backlog information: IOError: 
[2022-01-12 12:51:13,668 I 12663 12952] raylet_client.cc:336: Error reporting task backlog information: IOError: 
[2022-01-12 12:51:14,668 I 12663 12952] raylet_client.cc:336: Error reporting task backlog information: IOError: 
[2022-01-12 12:51:15,668 I 12663 12952] raylet_client.cc:336: Error reporting task backlog information: IOError: 
[2022-01-12 12:51:16,668 I 12663 12952] raylet_client.cc:336: Error reporting task backlog information: IOError: 
[2022-01-12 12:51:17,668 I 12663 12952] raylet_client.cc:336: Error reporting task backlog information: IOError: 
[2022-01-12 12:51:18,668 I 12663 12952] raylet_client.cc:336: Error reporting task backlog information: IOError: 
[2022-01-12 12:51:19,668 I 12663 12952] raylet_client.cc:336: Error reporting task backlog information: IOError: 
[2022-01-12 12:51:19,794 W 12663 12953] metric_exporter.cc:206: Export metrics to agent failed: IOError: . This won't affect Ray, but you can lose metrics from the cluster.
[2022-01-12 12:51:20,668 I 12663 12952] raylet_client.cc:336: Error reporting task backlog information: IOError: 
[2022-01-12 12:51:21,668 I 12663 12952] raylet_client.cc:336: Error reporting task backlog information: IOError: 
[2022-01-12 12:51:22,668 I 12663 12952] raylet_client.cc:336: Error reporting task backlog information: IOError: 
[2022-01-12 12:51:23,668 I 12663 12952] raylet_client.cc:336: Error reporting task backlog information: IOError: 
[2022-01-12 12:51:24,668 I 12663 12952] raylet_client.cc:336: Error reporting task backlog information: IOError: 
[2022-01-12 12:51:25,668 I 12663 12952] raylet_client.cc:336: Error reporting task backlog information: IOError: 
[2022-01-12 12:51:26,668 I 12663 12952] raylet_client.cc:336: Error reporting task backlog information: IOError: 
[2022-01-12 12:51:27,668 I 12663 12952] raylet_client.cc:336: Error reporting task backlog information: IOError: 
[2022-01-12 12:51:28,669 I 12663 12952] raylet_client.cc:336: Error reporting task backlog information: IOError: 
[2022-01-12 12:51:29,669 I 12663 12952] raylet_client.cc:336: Error reporting task backlog information: IOError: 
[2022-01-12 12:51:29,801 W 12663 12953] metric_exporter.cc:206: Export metrics to agent failed: IOError: . This won't affect Ray, but you can lose metrics from the cluster.
[2022-01-12 12:51:30,669 I 12663 12952] raylet_client.cc:336: Error reporting task backlog information: IOError: 
[2022-01-12 12:51:31,669 I 12663 12952] raylet_client.cc:336: Error reporting task backlog information: IOError: 
[2022-01-12 12:51:32,669 I 12663 12952] raylet_client.cc:336: Error reporting task backlog information: IOError: 
[2022-01-12 12:51:33,669 I 12663 12952] raylet_client.cc:336: Error reporting task backlog information: IOError: 
[2022-01-12 12:51:34,669 I 12663 12952] raylet_client.cc:336: Error reporting task backlog information: IOError: 
[2022-01-12 12:51:35,669 I 12663 12952] raylet_client.cc:336: Error reporting task backlog information: IOError: 
[2022-01-12 12:51:36,669 I 12663 12952] raylet_client.cc:336: Error reporting task backlog information: IOError: 
[2022-01-12 12:51:37,669 I 12663 12952] raylet_client.cc:336: Error reporting task backlog information: IOError: 
[2022-01-12 12:51:38,669 I 12663 12952] raylet_client.cc:336: Error reporting task backlog information: IOError: 
[2022-01-12 12:51:39,669 I 12663 12952] raylet_client.cc:336: Error reporting task backlog information: IOError: 
[2022-01-12 12:51:39,809 W 12663 12953] metric_exporter.cc:206: Export metrics to agent failed: IOError: . This won't affect Ray, but you can lose metrics from the cluster.
[2022-01-12 12:51:40,670 I 12663 12952] raylet_client.cc:336: Error reporting task backlog information: IOError: 
[2022-01-12 12:51:41,670 I 12663 12952] raylet_client.cc:336: Error reporting task backlog information: IOError: 
[2022-01-12 12:51:42,670 I 12663 12952] raylet_client.cc:336: Error reporting task backlog information: IOError: 
[2022-01-12 12:51:43,670 I 12663 12952] raylet_client.cc:336: Error reporting task backlog information: IOError: 
[2022-01-12 12:51:44,670 I 12663 12952] raylet_client.cc:336: Error reporting task backlog information: IOError: 
[2022-01-12 12:51:45,670 I 12663 12952] raylet_client.cc:336: Error reporting task backlog information: IOError: 
[2022-01-12 12:51:46,670 I 12663 12952] raylet_client.cc:336: Error reporting task backlog information: IOError: 
[2022-01-12 12:51:47,670 I 12663 12952] raylet_client.cc:336: Error reporting task backlog information: IOError: 
[2022-01-12 12:51:48,670 I 12663 12952] raylet_client.cc:336: Error reporting task backlog information: IOError: 
[2022-01-12 12:51:49,670 I 12663 12952] raylet_client.cc:336: Error reporting task backlog information: IOError: 
[2022-01-12 12:51:49,815 W 12663 12953] metric_exporter.cc:206: Export metrics to agent failed: IOError: . This won't affect Ray, but you can lose metrics from the cluster.
[2022-01-12 12:51:50,670 I 12663 12952] raylet_client.cc:336: Error reporting task backlog information: IOError: 
[2022-01-12 12:51:51,670 I 12663 12952] raylet_client.cc:336: Error reporting task backlog information: IOError: 
[2022-01-12 12:51:52,671 I 12663 12952] raylet_client.cc:336: Error reporting task backlog information: IOError: 
[2022-01-12 12:51:53,671 I 12663 12952] raylet_client.cc:336: Error reporting task backlog information: IOError: 
[2022-01-12 12:51:54,671 I 12663 12952] raylet_client.cc:336: Error reporting task backlog information: IOError: 
[2022-01-12 12:51:55,671 I 12663 12952] raylet_client.cc:336: Error reporting task backlog information: IOError: 
[2022-01-12 12:51:56,671 I 12663 12952] raylet_client.cc:336: Error reporting task backlog information: IOError: 
[2022-01-12 12:51:57,671 I 12663 12952] raylet_client.cc:336: Error reporting task backlog information: IOError: 
[2022-01-12 12:51:58,671 I 12663 12952] raylet_client.cc:336: Error reporting task backlog information: IOError: 
[2022-01-12 12:51:59,671 I 12663 12952] raylet_client.cc:336: Error reporting task backlog information: IOError: 
[2022-01-12 12:51:59,823 W 12663 12953] metric_exporter.cc:206: Export metrics to agent failed: IOError: . This won't affect Ray, but you can lose metrics from the cluster.
[2022-01-12 12:52:00,671 I 12663 12952] raylet_client.cc:336: Error reporting task backlog information: IOError: 
[2022-01-12 12:52:01,671 I 12663 12952] raylet_client.cc:336: Error reporting task backlog information: IOError: 
[2022-01-12 12:52:02,671 I 12663 12952] raylet_client.cc:336: Error reporting task backlog information: IOError: 
[2022-01-12 12:52:03,671 I 12663 12952] raylet_client.cc:336: Error reporting task backlog information: IOError: 
[2022-01-12 12:52:04,671 I 12663 12952] raylet_client.cc:336: Error reporting task backlog information: IOError: 
[2022-01-12 12:52:05,672 I 12663 12952] raylet_client.cc:336: Error reporting task backlog information: IOError: 
[2022-01-12 12:52:06,672 I 12663 12952] raylet_client.cc:336: Error reporting task backlog information: IOError: 
[2022-01-12 12:52:07,672 I 12663 12952] raylet_client.cc:336: Error reporting task backlog information: IOError: 
[2022-01-12 12:52:08,672 I 12663 12952] raylet_client.cc:336: Error reporting task backlog information: IOError: 
[2022-01-12 12:52:09,672 I 12663 12952] raylet_client.cc:336: Error reporting task backlog information: IOError: 
[2022-01-12 12:52:09,833 W 12663 12953] metric_exporter.cc:206: Export metrics to agent failed: IOError: . This won't affect Ray, but you can lose metrics from the cluster.
[2022-01-12 12:52:10,672 I 12663 12952] raylet_client.cc:336: Error reporting task backlog information: IOError: 
[2022-01-12 12:52:11,672 I 12663 12952] raylet_client.cc:336: Error reporting task backlog information: IOError: 
[2022-01-12 12:52:12,672 I 12663 12952] raylet_client.cc:336: Error reporting task backlog information: IOError: 
[2022-01-12 12:52:13,672 I 12663 12952] raylet_client.cc:336: Error reporting task backlog information: IOError: 
[2022-01-12 12:52:14,672 I 12663 12952] raylet_client.cc:336: Error reporting task backlog information: IOError: 
[2022-01-12 12:52:15,672 I 12663 12952] raylet_client.cc:336: Error reporting task backlog information: IOError: 
[2022-01-12 12:52:16,673 I 12663 12952] raylet_client.cc:336: Error reporting task backlog information: IOError: 
[2022-01-12 12:52:17,673 I 12663 12952] raylet_client.cc:336: Error reporting task backlog information: IOError: 
[2022-01-12 12:52:18,673 I 12663 12952] raylet_client.cc:336: Error reporting task backlog information: IOError: 
[2022-01-12 12:52:19,673 I 12663 12952] raylet_client.cc:336: Error reporting task backlog information: IOError: 
[2022-01-12 12:52:19,841 W 12663 12953] metric_exporter.cc:206: Export metrics to agent failed: IOError: . This won't affect Ray, but you can lose metrics from the cluster.
[2022-01-12 12:52:20,673 I 12663 12952] raylet_client.cc:336: Error reporting task backlog information: IOError: 
[2022-01-12 12:52:21,673 I 12663 12952] raylet_client.cc:336: Error reporting task backlog information: IOError: 
[2022-01-12 12:52:22,673 I 12663 12952] raylet_client.cc:336: Error reporting task backlog information: IOError: 
[2022-01-12 12:52:23,673 I 12663 12952] raylet_client.cc:336: Error reporting task backlog information: IOError: 
[2022-01-12 12:52:24,673 I 12663 12952] raylet_client.cc:336: Error reporting task backlog information: IOError: 
[2022-01-12 12:52:25,673 I 12663 12952] raylet_client.cc:336: Error reporting task backlog information: IOError: 
[2022-01-12 12:52:26,673 I 12663 12952] raylet_client.cc:336: Error reporting task backlog information: IOError: 
[2022-01-12 12:52:27,673 I 12663 12952] raylet_client.cc:336: Error reporting task backlog information: IOError: 
[2022-01-12 12:52:28,674 I 12663 12952] raylet_client.cc:336: Error reporting task backlog information: IOError: 
[2022-01-12 12:52:29,674 I 12663 12952] raylet_client.cc:336: Error reporting task backlog information: IOError: 
[2022-01-12 12:52:29,853 W 12663 12953] metric_exporter.cc:206: Export metrics to agent failed: IOError: . This won't affect Ray, but you can lose metrics from the cluster.
[2022-01-12 12:52:30,674 I 12663 12952] raylet_client.cc:336: Error reporting task backlog information: IOError: 
[2022-01-12 12:52:31,674 I 12663 12952] raylet_client.cc:336: Error reporting task backlog information: IOError: 
[2022-01-12 12:52:32,674 I 12663 12952] raylet_client.cc:336: Error reporting task backlog information: IOError: 
[2022-01-12 12:52:33,674 I 12663 12952] raylet_client.cc:336: Error reporting task backlog information: IOError: 
[2022-01-12 12:52:34,674 I 12663 12952] raylet_client.cc:336: Error reporting task backlog information: IOError: 
[2022-01-12 12:52:35,674 I 12663 12952] raylet_client.cc:336: Error reporting task backlog information: IOError: 
[2022-01-12 12:52:36,674 I 12663 12952] raylet_client.cc:336: Error reporting task backlog information: IOError: 
[2022-01-12 12:52:37,674 I 12663 12952] raylet_client.cc:336: Error reporting task backlog information: IOError: 
[2022-01-12 12:52:38,674 I 12663 12952] raylet_client.cc:336: Error reporting task backlog information: IOError: 
[2022-01-12 12:52:39,675 I 12663 12952] raylet_client.cc:336: Error reporting task backlog information: IOError: 
[2022-01-12 12:52:39,862 W 12663 12953] metric_exporter.cc:206: Export metrics to agent failed: IOError: . This won't affect Ray, but you can lose metrics from the cluster.
[2022-01-12 12:52:40,675 I 12663 12952] raylet_client.cc:336: Error reporting task backlog information: IOError: 
[2022-01-12 12:52:41,675 I 12663 12952] raylet_client.cc:336: Error reporting task backlog information: IOError: 
[2022-01-12 12:52:42,675 I 12663 12952] raylet_client.cc:336: Error reporting task backlog information: IOError: 
[2022-01-12 12:52:43,675 I 12663 12952] raylet_client.cc:336: Error reporting task backlog information: IOError: 
[2022-01-12 12:52:44,675 I 12663 12952] raylet_client.cc:336: Error reporting task backlog information: IOError: 
[2022-01-12 12:52:45,675 I 12663 12952] raylet_client.cc:336: Error reporting task backlog information: IOError: 
[2022-01-12 12:52:46,675 I 12663 12952] raylet_client.cc:336: Error reporting task backlog information: IOError: 
[2022-01-12 12:52:47,675 I 12663 12952] raylet_client.cc:336: Error reporting task backlog information: IOError: 
[2022-01-12 12:52:48,675 I 12663 12952] raylet_client.cc:336: Error reporting task backlog information: IOError: 
[2022-01-12 12:52:49,675 I 12663 12952] raylet_client.cc:336: Error reporting task backlog information: IOError: 
[2022-01-12 12:52:49,868 W 12663 12953] metric_exporter.cc:206: Export metrics to agent failed: IOError: . This won't affect Ray, but you can lose metrics from the cluster.
[2022-01-12 12:52:50,675 I 12663 12952] raylet_client.cc:336: Error reporting task backlog information: IOError: 
[2022-01-12 12:52:51,676 I 12663 12952] raylet_client.cc:336: Error reporting task backlog information: IOError: 
[2022-01-12 12:52:52,676 I 12663 12952] raylet_client.cc:336: Error reporting task backlog information: IOError: 
[2022-01-12 12:52:53,676 I 12663 12952] raylet_client.cc:336: Error reporting task backlog information: IOError: 
[2022-01-12 12:52:54,676 I 12663 12952] raylet_client.cc:336: Error reporting task backlog information: IOError: 
[2022-01-12 12:52:55,676 I 12663 12952] raylet_client.cc:336: Error reporting task backlog information: IOError: 
[2022-01-12 12:52:56,676 I 12663 12952] raylet_client.cc:336: Error reporting task backlog information: IOError: 
[2022-01-12 12:52:57,676 I 12663 12952] raylet_client.cc:336: Error reporting task backlog information: IOError: 
[2022-01-12 12:52:58,676 I 12663 12952] raylet_client.cc:336: Error reporting task backlog information: IOError: 
[2022-01-12 12:52:59,676 I 12663 12952] raylet_client.cc:336: Error reporting task backlog information: IOError: 
[2022-01-12 12:52:59,881 W 12663 12953] metric_exporter.cc:206: Export metrics to agent failed: IOError: . This won't affect Ray, but you can lose metrics from the cluster.
[2022-01-12 12:53:00,676 I 12663 12952] raylet_client.cc:336: Error reporting task backlog information: IOError: 
[2022-01-12 12:53:01,677 I 12663 12952] raylet_client.cc:336: Error reporting task backlog information: IOError: 
[2022-01-12 12:53:02,677 I 12663 12952] raylet_client.cc:336: Error reporting task backlog information: IOError: 
[2022-01-12 12:53:03,677 I 12663 12952] raylet_client.cc:336: Error reporting task backlog information: IOError: 
[2022-01-12 12:53:04,677 I 12663 12952] raylet_client.cc:336: Error reporting task backlog information: IOError: 
[2022-01-12 12:53:05,677 I 12663 12952] raylet_client.cc:336: Error reporting task backlog information: IOError: 
[2022-01-12 12:53:06,677 I 12663 12952] raylet_client.cc:336: Error reporting task backlog information: IOError: 
[2022-01-12 12:53:07,677 I 12663 12952] raylet_client.cc:336: Error reporting task backlog information: IOError: 
[2022-01-12 12:53:08,677 I 12663 12952] raylet_client.cc:336: Error reporting task backlog information: IOError: 
[2022-01-12 12:53:09,677 I 12663 12952] raylet_client.cc:336: Error reporting task backlog information: IOError: 
[2022-01-12 12:53:09,888 W 12663 12953] metric_exporter.cc:206: Export metrics to agent failed: IOError: . This won't affect Ray, but you can lose metrics from the cluster.
[2022-01-12 12:53:10,677 I 12663 12952] raylet_client.cc:336: Error reporting task backlog information: IOError: 
[2022-01-12 12:53:11,677 I 12663 12952] raylet_client.cc:336: Error reporting task backlog information: IOError: 
[2022-01-12 12:53:12,677 I 12663 12952] raylet_client.cc:336: Error reporting task backlog information: IOError: 
[2022-01-12 12:53:13,677 I 12663 12952] raylet_client.cc:336: Error reporting task backlog information: IOError: 
[2022-01-12 12:53:14,678 I 12663 12952] raylet_client.cc:336: Error reporting task backlog information: IOError: 
[2022-01-12 12:53:15,678 I 12663 12952] raylet_client.cc:336: Error reporting task backlog information: IOError: 
[2022-01-12 12:53:16,678 I 12663 12952] raylet_client.cc:336: Error reporting task backlog information: IOError: 
[2022-01-12 12:53:17,678 I 12663 12952] raylet_client.cc:336: Error reporting task backlog information: IOError: 
[2022-01-12 12:53:18,678 I 12663 12952] raylet_client.cc:336: Error reporting task backlog information: IOError: 
[2022-01-12 12:53:19,678 I 12663 12952] raylet_client.cc:336: Error reporting task backlog information: IOError: 
[2022-01-12 12:53:19,895 W 12663 12953] metric_exporter.cc:206: Export metrics to agent failed: IOError: . This won't affect Ray, but you can lose metrics from the cluster.
[2022-01-12 12:53:20,678 I 12663 12952] raylet_client.cc:336: Error reporting task backlog information: IOError: 
[2022-01-12 12:53:21,678 I 12663 12952] raylet_client.cc:336: Error reporting task backlog information: IOError: 
[2022-01-12 12:53:22,678 I 12663 12952] raylet_client.cc:336: Error reporting task backlog information: IOError: 
[2022-01-12 12:53:23,678 I 12663 12952] raylet_client.cc:336: Error reporting task backlog information: IOError: 
[2022-01-12 12:53:24,678 I 12663 12952] raylet_client.cc:336: Error reporting task backlog information: IOError: 
[2022-01-12 12:53:25,678 I 12663 12952] raylet_client.cc:336: Error reporting task backlog information: IOError: 
[2022-01-12 12:53:26,678 I 12663 12952] raylet_client.cc:336: Error reporting task backlog information: IOError: 
[2022-01-12 12:53:27,679 I 12663 12952] raylet_client.cc:336: Error reporting task backlog information: IOError: 
[2022-01-12 12:53:28,679 I 12663 12952] raylet_client.cc:336: Error reporting task backlog information: IOError: 
[2022-01-12 12:53:29,679 I 12663 12952] raylet_client.cc:336: Error reporting task backlog information: IOError: 
[2022-01-12 12:53:29,902 W 12663 12953] metric_exporter.cc:206: Export metrics to agent failed: IOError: . This won't affect Ray, but you can lose metrics from the cluster.
[2022-01-12 12:53:30,679 I 12663 12952] raylet_client.cc:336: Error reporting task backlog information: IOError: 
[2022-01-12 12:53:31,679 I 12663 12952] raylet_client.cc:336: Error reporting task backlog information: IOError: 
[2022-01-12 12:53:32,679 I 12663 12952] raylet_client.cc:336: Error reporting task backlog information: IOError: 
[2022-01-12 12:53:33,679 I 12663 12952] raylet_client.cc:336: Error reporting task backlog information: IOError: 
[2022-01-12 12:53:34,679 I 12663 12952] raylet_client.cc:336: Error reporting task backlog information: IOError: 
[2022-01-12 12:53:35,679 I 12663 12952] raylet_client.cc:336: Error reporting task backlog information: IOError: 
[2022-01-12 12:53:36,679 I 12663 12952] raylet_client.cc:336: Error reporting task backlog information: IOError: 
[2022-01-12 12:53:37,679 I 12663 12952] raylet_client.cc:336: Error reporting task backlog information: IOError: 
[2022-01-12 12:53:38,679 I 12663 12952] raylet_client.cc:336: Error reporting task backlog information: IOError: 
[2022-01-12 12:53:39,680 I 12663 12952] raylet_client.cc:336: Error reporting task backlog information: IOError: 
[2022-01-12 12:53:39,908 W 12663 12953] metric_exporter.cc:206: Export metrics to agent failed: IOError: . This won't affect Ray, but you can lose metrics from the cluster.
[2022-01-12 12:53:40,680 I 12663 12952] raylet_client.cc:336: Error reporting task backlog information: IOError: 
[2022-01-12 12:53:41,680 I 12663 12952] raylet_client.cc:336: Error reporting task backlog information: IOError: 
[2022-01-12 12:53:42,680 I 12663 12952] raylet_client.cc:336: Error reporting task backlog information: IOError: 
[2022-01-12 12:53:43,680 I 12663 12952] raylet_client.cc:336: Error reporting task backlog information: IOError: 
[2022-01-12 12:53:44,680 I 12663 12952] raylet_client.cc:336: Error reporting task backlog information: IOError: 
[2022-01-12 12:53:45,680 I 12663 12952] raylet_client.cc:336: Error reporting task backlog information: IOError: 
[2022-01-12 12:53:46,680 I 12663 12952] raylet_client.cc:336: Error reporting task backlog information: IOError: 
[2022-01-12 12:53:47,680 I 12663 12952] raylet_client.cc:336: Error reporting task backlog information: IOError: 
[2022-01-12 12:53:48,680 I 12663 12952] raylet_client.cc:336: Error reporting task backlog information: IOError: 
[2022-01-12 12:53:49,680 I 12663 12952] raylet_client.cc:336: Error reporting task backlog information: IOError: 
[2022-01-12 12:53:49,915 W 12663 12953] metric_exporter.cc:206: Export metrics to agent failed: IOError: . This won't affect Ray, but you can lose metrics from the cluster.
[2022-01-12 12:53:50,680 I 12663 12952] raylet_client.cc:336: Error reporting task backlog information: IOError: 
[2022-01-12 12:53:51,680 I 12663 12952] raylet_client.cc:336: Error reporting task backlog information: IOError: 
[2022-01-12 12:53:52,681 I 12663 12952] raylet_client.cc:336: Error reporting task backlog information: IOError: 
[2022-01-12 12:53:53,681 I 12663 12952] raylet_client.cc:336: Error reporting task backlog information: IOError: 
[2022-01-12 12:53:54,681 I 12663 12952] raylet_client.cc:336: Error reporting task backlog information: IOError: 
[2022-01-12 12:53:55,681 I 12663 12952] raylet_client.cc:336: Error reporting task backlog information: IOError: 
[2022-01-12 12:53:56,681 I 12663 12952] raylet_client.cc:336: Error reporting task backlog information: IOError: 
[2022-01-12 12:53:57,681 I 12663 12952] raylet_client.cc:336: Error reporting task backlog information: IOError: 
[2022-01-12 12:53:58,681 I 12663 12952] raylet_client.cc:336: Error reporting task backlog information: IOError: 
[2022-01-12 12:53:59,681 I 12663 12952] raylet_client.cc:336: Error reporting task backlog information: IOError: 
[2022-01-12 12:53:59,922 W 12663 12953] metric_exporter.cc:206: Export metrics to agent failed: IOError: . This won't affect Ray, but you can lose metrics from the cluster.
[2022-01-12 12:54:00,681 I 12663 12952] raylet_client.cc:336: Error reporting task backlog information: IOError: 
[2022-01-12 12:54:01,681 I 12663 12952] raylet_client.cc:336: Error reporting task backlog information: IOError: 
[2022-01-12 12:54:02,681 I 12663 12952] raylet_client.cc:336: Error reporting task backlog information: IOError: 
[2022-01-12 12:54:03,681 I 12663 12952] raylet_client.cc:336: Error reporting task backlog information: IOError: 
[2022-01-12 12:54:04,682 I 12663 12952] raylet_client.cc:336: Error reporting task backlog information: IOError: 
[2022-01-12 12:54:05,682 I 12663 12952] raylet_client.cc:336: Error reporting task backlog information: IOError: 
[2022-01-12 12:54:06,682 I 12663 12952] raylet_client.cc:336: Error reporting task backlog information: IOError: 
[2022-01-12 12:54:07,682 I 12663 12952] raylet_client.cc:336: Error reporting task backlog information: IOError: 
[2022-01-12 12:54:08,682 I 12663 12952] raylet_client.cc:336: Error reporting task backlog information: IOError: 
[2022-01-12 12:54:09,682 I 12663 12952] raylet_client.cc:336: Error reporting task backlog information: IOError: 
[2022-01-12 12:54:09,929 W 12663 12953] metric_exporter.cc:206: Export metrics to agent failed: IOError: . This won't affect Ray, but you can lose metrics from the cluster.
[2022-01-12 12:54:10,682 I 12663 12952] raylet_client.cc:336: Error reporting task backlog information: IOError: 
[2022-01-12 12:54:11,682 I 12663 12952] raylet_client.cc:336: Error reporting task backlog information: IOError: 
[2022-01-12 12:54:12,682 I 12663 12952] raylet_client.cc:336: Error reporting task backlog information: IOError: 
[2022-01-12 12:54:13,682 I 12663 12952] raylet_client.cc:336: Error reporting task backlog information: IOError: 
[2022-01-12 12:54:14,682 I 12663 12952] raylet_client.cc:336: Error reporting task backlog information: IOError: 
[2022-01-12 12:54:15,683 I 12663 12952] raylet_client.cc:336: Error reporting task backlog information: IOError: 
[2022-01-12 12:54:16,683 I 12663 12952] raylet_client.cc:336: Error reporting task backlog information: IOError: 
[2022-01-12 12:54:17,683 I 12663 12952] raylet_client.cc:336: Error reporting task backlog information: IOError: 
[2022-01-12 12:54:18,683 I 12663 12952] raylet_client.cc:336: Error reporting task backlog information: IOError: 
[2022-01-12 12:54:19,683 I 12663 12952] raylet_client.cc:336: Error reporting task backlog information: IOError: 
[2022-01-12 12:54:19,936 W 12663 12953] metric_exporter.cc:206: Export metrics to agent failed: IOError: . This won't affect Ray, but you can lose metrics from the cluster.
[2022-01-12 12:54:20,683 I 12663 12952] raylet_client.cc:336: Error reporting task backlog information: IOError: 
[2022-01-12 12:54:21,683 I 12663 12952] raylet_client.cc:336: Error reporting task backlog information: IOError: 
[2022-01-12 12:54:22,683 I 12663 12952] raylet_client.cc:336: Error reporting task backlog information: IOError: 
[2022-01-12 12:54:23,683 I 12663 12952] raylet_client.cc:336: Error reporting task backlog information: IOError: 
[2022-01-12 12:54:24,683 I 12663 12952] raylet_client.cc:336: Error reporting task backlog information: IOError: 
[2022-01-12 12:54:25,683 I 12663 12952] raylet_client.cc:336: Error reporting task backlog information: IOError: 
[2022-01-12 12:54:26,683 I 12663 12952] raylet_client.cc:336: Error reporting task backlog information: IOError: 
[2022-01-12 12:54:27,683 I 12663 12952] raylet_client.cc:336: Error reporting task backlog information: IOError: 
[2022-01-12 12:54:28,684 I 12663 12952] raylet_client.cc:336: Error reporting task backlog information: IOError: 
[2022-01-12 12:54:29,684 I 12663 12952] raylet_client.cc:336: Error reporting task backlog information: IOError: 
[2022-01-12 12:54:29,943 W 12663 12953] metric_exporter.cc:206: Export metrics to agent failed: IOError: . This won't affect Ray, but you can lose metrics from the cluster.
[2022-01-12 12:54:30,684 I 12663 12952] raylet_client.cc:336: Error reporting task backlog information: IOError: 
[2022-01-12 12:54:31,553 W 12663 12850] gcs_server_address_updater.cc:61: [301] Failed to get the gcs server address from raylet 301 times in a row. If it keeps failing to obtain the address, the worker might crash. Connection status IOError: 
[2022-01-12 12:54:31,684 I 12663 12952] raylet_client.cc:336: Error reporting task backlog information: IOError: 
[2022-01-12 12:54:32,684 I 12663 12952] raylet_client.cc:336: Error reporting task backlog information: IOError: 
[2022-01-12 12:54:33,684 I 12663 12952] raylet_client.cc:336: Error reporting task backlog information: IOError: 
[2022-01-12 12:54:34,684 I 12663 12952] raylet_client.cc:336: Error reporting task backlog information: IOError: 
[2022-01-12 12:54:35,684 I 12663 12952] raylet_client.cc:336: Error reporting task backlog information: IOError: 
[2022-01-12 12:54:36,684 I 12663 12952] raylet_client.cc:336: Error reporting task backlog information: IOError: 
[2022-01-12 12:54:37,684 I 12663 12952] raylet_client.cc:336: Error reporting task backlog information: IOError: 
[2022-01-12 12:54:38,684 I 12663 12952] raylet_client.cc:336: Error reporting task backlog information: IOError: 
[2022-01-12 12:54:39,684 I 12663 12952] raylet_client.cc:336: Error reporting task backlog information: IOError: 
[2022-01-12 12:54:39,950 W 12663 12953] metric_exporter.cc:206: Export metrics to agent failed: IOError: . This won't affect Ray, but you can lose metrics from the cluster.
[2022-01-12 12:54:40,685 I 12663 12952] raylet_client.cc:336: Error reporting task backlog information: IOError: 
[2022-01-12 12:54:41,685 I 12663 12952] raylet_client.cc:336: Error reporting task backlog information: IOError: 
[2022-01-12 12:54:42,685 I 12663 12952] raylet_client.cc:336: Error reporting task backlog information: IOError: 
[2022-01-12 12:54:43,685 I 12663 12952] raylet_client.cc:336: Error reporting task backlog information: IOError: 
[2022-01-12 12:54:44,685 I 12663 12952] raylet_client.cc:336: Error reporting task backlog information: IOError: 
[2022-01-12 12:54:45,685 I 12663 12952] raylet_client.cc:336: Error reporting task backlog information: IOError: 
[2022-01-12 12:54:46,685 I 12663 12952] raylet_client.cc:336: Error reporting task backlog information: IOError: 
[2022-01-12 12:54:47,685 I 12663 12952] raylet_client.cc:336: Error reporting task backlog information: IOError: 
[2022-01-12 12:54:48,685 I 12663 12952] raylet_client.cc:336: Error reporting task backlog information: IOError: 
[2022-01-12 12:54:49,685 I 12663 12952] raylet_client.cc:336: Error reporting task backlog information: IOError: 
[2022-01-12 12:54:49,956 W 12663 12953] metric_exporter.cc:206: Export metrics to agent failed: IOError: . This won't affect Ray, but you can lose metrics from the cluster.
[2022-01-12 12:54:50,685 I 12663 12952] raylet_client.cc:336: Error reporting task backlog information: IOError: 
[2022-01-12 12:54:51,685 I 12663 12952] raylet_client.cc:336: Error reporting task backlog information: IOError: 
[2022-01-12 12:54:52,685 I 12663 12952] raylet_client.cc:336: Error reporting task backlog information: IOError: 
[2022-01-12 12:54:53,686 I 12663 12952] raylet_client.cc:336: Error reporting task backlog information: IOError: 
[2022-01-12 12:54:54,686 I 12663 12952] raylet_client.cc:336: Error reporting task backlog information: IOError: 
[2022-01-12 12:54:55,686 I 12663 12952] raylet_client.cc:336: Error reporting task backlog information: IOError: 
[2022-01-12 12:54:56,686 I 12663 12952] raylet_client.cc:336: Error reporting task backlog information: IOError: 
[2022-01-12 12:54:57,686 I 12663 12952] raylet_client.cc:336: Error reporting task backlog information: IOError: 
[2022-01-12 12:54:58,686 I 12663 12952] raylet_client.cc:336: Error reporting task backlog information: IOError: 
[2022-01-12 12:54:59,686 I 12663 12952] raylet_client.cc:336: Error reporting task backlog information: IOError: 
[2022-01-12 12:54:59,963 W 12663 12953] metric_exporter.cc:206: Export metrics to agent failed: IOError: . This won't affect Ray, but you can lose metrics from the cluster.
[2022-01-12 12:55:00,686 I 12663 12952] raylet_client.cc:336: Error reporting task backlog information: IOError: 
[2022-01-12 12:55:01,686 I 12663 12952] raylet_client.cc:336: Error reporting task backlog information: IOError: 
[2022-01-12 12:55:02,686 I 12663 12952] raylet_client.cc:336: Error reporting task backlog information: IOError: 
[2022-01-12 12:55:03,686 I 12663 12952] raylet_client.cc:336: Error reporting task backlog information: IOError: 
[2022-01-12 12:55:04,686 I 12663 12952] raylet_client.cc:336: Error reporting task backlog information: IOError: 
[2022-01-12 12:55:05,687 I 12663 12952] raylet_client.cc:336: Error reporting task backlog information: IOError: 
[2022-01-12 12:55:06,687 I 12663 12952] raylet_client.cc:336: Error reporting task backlog information: IOError: 
[2022-01-12 12:55:07,687 I 12663 12952] raylet_client.cc:336: Error reporting task backlog information: IOError: 
[2022-01-12 12:55:08,687 I 12663 12952] raylet_client.cc:336: Error reporting task backlog information: IOError: 
[2022-01-12 12:55:09,687 I 12663 12952] raylet_client.cc:336: Error reporting task backlog information: IOError: 
[2022-01-12 12:55:09,969 W 12663 12953] metric_exporter.cc:206: Export metrics to agent failed: IOError: . This won't affect Ray, but you can lose metrics from the cluster.
[2022-01-12 12:55:10,687 I 12663 12952] raylet_client.cc:336: Error reporting task backlog information: IOError: 
[2022-01-12 12:55:11,687 I 12663 12952] raylet_client.cc:336: Error reporting task backlog information: IOError: 
[2022-01-12 12:55:12,687 I 12663 12952] raylet_client.cc:336: Error reporting task backlog information: IOError: 
[2022-01-12 12:55:13,687 I 12663 12952] raylet_client.cc:336: Error reporting task backlog information: IOError: 
[2022-01-12 12:55:14,687 I 12663 12952] raylet_client.cc:336: Error reporting task backlog information: IOError: 
[2022-01-12 12:55:15,687 I 12663 12952] raylet_client.cc:336: Error reporting task backlog information: IOError: 
[2022-01-12 12:55:16,687 I 12663 12952] raylet_client.cc:336: Error reporting task backlog information: IOError: 
[2022-01-12 12:55:17,688 I 12663 12952] raylet_client.cc:336: Error reporting task backlog information: IOError: 
[2022-01-12 12:55:18,688 I 12663 12952] raylet_client.cc:336: Error reporting task backlog information: IOError: 
[2022-01-12 12:55:19,688 I 12663 12952] raylet_client.cc:336: Error reporting task backlog information: IOError: 
[2022-01-12 12:55:19,976 W 12663 12953] metric_exporter.cc:206: Export metrics to agent failed: IOError: . This won't affect Ray, but you can lose metrics from the cluster.
[2022-01-12 12:55:20,688 I 12663 12952] raylet_client.cc:336: Error reporting task backlog information: IOError: 
[2022-01-12 12:55:21,688 I 12663 12952] raylet_client.cc:336: Error reporting task backlog information: IOError: 
[2022-01-12 12:55:22,688 I 12663 12952] raylet_client.cc:336: Error reporting task backlog information: IOError: 
[2022-01-12 12:55:23,688 I 12663 12952] raylet_client.cc:336: Error reporting task backlog information: IOError: 
[2022-01-12 12:55:24,688 I 12663 12952] raylet_client.cc:336: Error reporting task backlog information: IOError: 
[2022-01-12 12:55:25,688 I 12663 12952] raylet_client.cc:336: Error reporting task backlog information: IOError: 
[2022-01-12 12:55:26,688 I 12663 12952] raylet_client.cc:336: Error reporting task backlog information: IOError: 
[2022-01-12 12:55:27,688 I 12663 12952] raylet_client.cc:336: Error reporting task backlog information: IOError: 
[2022-01-12 12:55:28,688 I 12663 12952] raylet_client.cc:336: Error reporting task backlog information: IOError: 
[2022-01-12 12:55:29,688 I 12663 12952] raylet_client.cc:336: Error reporting task backlog information: IOError: 
[2022-01-12 12:55:29,983 W 12663 12953] metric_exporter.cc:206: Export metrics to agent failed: IOError: . This won't affect Ray, but you can lose metrics from the cluster.
[2022-01-12 12:55:30,689 I 12663 12952] raylet_client.cc:336: Error reporting task backlog information: IOError: 
[2022-01-12 12:55:31,689 I 12663 12952] raylet_client.cc:336: Error reporting task backlog information: IOError: 
[2022-01-12 12:55:32,689 I 12663 12952] raylet_client.cc:336: Error reporting task backlog information: IOError: 
[2022-01-12 12:55:33,689 I 12663 12952] raylet_client.cc:336: Error reporting task backlog information: IOError: 
[2022-01-12 12:55:34,689 I 12663 12952] raylet_client.cc:336: Error reporting task backlog information: IOError: 
[2022-01-12 12:55:35,689 I 12663 12952] raylet_client.cc:336: Error reporting task backlog information: IOError: 
[2022-01-12 12:55:36,689 I 12663 12952] raylet_client.cc:336: Error reporting task backlog information: IOError: 
[2022-01-12 12:55:37,689 I 12663 12952] raylet_client.cc:336: Error reporting task backlog information: IOError: 
[2022-01-12 12:55:38,689 I 12663 12952] raylet_client.cc:336: Error reporting task backlog information: IOError: 
[2022-01-12 12:55:39,689 I 12663 12952] raylet_client.cc:336: Error reporting task backlog information: IOError: 
[2022-01-12 12:55:39,990 W 12663 12953] metric_exporter.cc:206: Export metrics to agent failed: IOError: . This won't affect Ray, but you can lose metrics from the cluster.
[2022-01-12 12:55:40,689 I 12663 12952] raylet_client.cc:336: Error reporting task backlog information: IOError: 
[2022-01-12 12:55:41,689 I 12663 12952] raylet_client.cc:336: Error reporting task backlog information: IOError: 
[2022-01-12 12:55:42,689 I 12663 12952] raylet_client.cc:336: Error reporting task backlog information: IOError: 
[2022-01-12 12:55:43,689 I 12663 12952] raylet_client.cc:336: Error reporting task backlog information: IOError: 
[2022-01-12 12:55:44,690 I 12663 12952] raylet_client.cc:336: Error reporting task backlog information: IOError: 
[2022-01-12 12:55:45,690 I 12663 12952] raylet_client.cc:336: Error reporting task backlog information: IOError: 
[2022-01-12 12:55:46,690 I 12663 12952] raylet_client.cc:336: Error reporting task backlog information: IOError: 
[2022-01-12 12:55:47,690 I 12663 12952] raylet_client.cc:336: Error reporting task backlog information: IOError: 
[2022-01-12 12:55:48,690 I 12663 12952] raylet_client.cc:336: Error reporting task backlog information: IOError: 
[2022-01-12 12:55:49,690 I 12663 12952] raylet_client.cc:336: Error reporting task backlog information: IOError: 
[2022-01-12 12:55:49,996 W 12663 12953] metric_exporter.cc:206: Export metrics to agent failed: IOError: . This won't affect Ray, but you can lose metrics from the cluster.
[2022-01-12 12:55:50,690 I 12663 12952] raylet_client.cc:336: Error reporting task backlog information: IOError: 
[2022-01-12 12:55:51,690 I 12663 12952] raylet_client.cc:336: Error reporting task backlog information: IOError: 
[2022-01-12 12:55:52,690 I 12663 12952] raylet_client.cc:336: Error reporting task backlog information: IOError: 
[2022-01-12 12:55:53,690 I 12663 12952] raylet_client.cc:336: Error reporting task backlog information: IOError: 
[2022-01-12 12:55:54,690 I 12663 12952] raylet_client.cc:336: Error reporting task backlog information: IOError: 
[2022-01-12 12:55:55,690 I 12663 12952] raylet_client.cc:336: Error reporting task backlog information: IOError: 
[2022-01-12 12:55:56,691 I 12663 12952] raylet_client.cc:336: Error reporting task backlog information: IOError: 
[2022-01-12 12:55:57,691 I 12663 12952] raylet_client.cc:336: Error reporting task backlog information: IOError: 
[2022-01-12 12:55:58,691 I 12663 12952] raylet_client.cc:336: Error reporting task backlog information: IOError: 
[2022-01-12 12:55:59,691 I 12663 12952] raylet_client.cc:336: Error reporting task backlog information: IOError: 
[2022-01-12 12:56:00,009 W 12663 12953] metric_exporter.cc:206: Export metrics to agent failed: IOError: . This won't affect Ray, but you can lose metrics from the cluster.
[2022-01-12 12:56:00,691 I 12663 12952] raylet_client.cc:336: Error reporting task backlog information: IOError: 
[2022-01-12 12:56:01,691 I 12663 12952] raylet_client.cc:336: Error reporting task backlog information: IOError: 
[2022-01-12 12:56:02,691 I 12663 12952] raylet_client.cc:336: Error reporting task backlog information: IOError: 
[2022-01-12 12:56:03,691 I 12663 12952] raylet_client.cc:336: Error reporting task backlog information: IOError: 
[2022-01-12 12:56:04,691 I 12663 12952] raylet_client.cc:336: Error reporting task backlog information: IOError: 
[2022-01-12 12:56:05,691 I 12663 12952] raylet_client.cc:336: Error reporting task backlog information: IOError: 
[2022-01-12 12:56:06,691 I 12663 12952] raylet_client.cc:336: Error reporting task backlog information: IOError: 
[2022-01-12 12:56:07,692 I 12663 12952] raylet_client.cc:336: Error reporting task backlog information: IOError: 
[2022-01-12 12:56:08,692 I 12663 12952] raylet_client.cc:336: Error reporting task backlog information: IOError: 
[2022-01-12 12:56:09,692 I 12663 12952] raylet_client.cc:336: Error reporting task backlog information: IOError: 
[2022-01-12 12:56:10,015 W 12663 12953] metric_exporter.cc:206: Export metrics to agent failed: IOError: . This won't affect Ray, but you can lose metrics from the cluster.
[2022-01-12 12:56:10,692 I 12663 12952] raylet_client.cc:336: Error reporting task backlog information: IOError: 
[2022-01-12 12:56:11,692 I 12663 12952] raylet_client.cc:336: Error reporting task backlog information: IOError: 
[2022-01-12 12:56:12,692 I 12663 12952] raylet_client.cc:336: Error reporting task backlog information: IOError: 
[2022-01-12 12:56:13,692 I 12663 12952] raylet_client.cc:336: Error reporting task backlog information: IOError: 
[2022-01-12 12:56:14,692 I 12663 12952] raylet_client.cc:336: Error reporting task backlog information: IOError: 
[2022-01-12 12:56:15,692 I 12663 12952] raylet_client.cc:336: Error reporting task backlog information: IOError: 
[2022-01-12 12:56:16,692 I 12663 12952] raylet_client.cc:336: Error reporting task backlog information: IOError: 
[2022-01-12 12:56:17,692 I 12663 12952] raylet_client.cc:336: Error reporting task backlog information: IOError: 
[2022-01-12 12:56:18,692 I 12663 12952] raylet_client.cc:336: Error reporting task backlog information: IOError: 
[2022-01-12 12:56:19,693 I 12663 12952] raylet_client.cc:336: Error reporting task backlog information: IOError: 
[2022-01-12 12:56:20,022 W 12663 12953] metric_exporter.cc:206: Export metrics to agent failed: IOError: . This won't affect Ray, but you can lose metrics from the cluster.
[2022-01-12 12:56:20,693 I 12663 12952] raylet_client.cc:336: Error reporting task backlog information: IOError: 
[2022-01-12 12:56:21,693 I 12663 12952] raylet_client.cc:336: Error reporting task backlog information: IOError: 
[2022-01-12 12:56:22,693 I 12663 12952] raylet_client.cc:336: Error reporting task backlog information: IOError: 
[2022-01-12 12:56:23,693 I 12663 12952] raylet_client.cc:336: Error reporting task backlog information: IOError: 
[2022-01-12 12:56:24,693 I 12663 12952] raylet_client.cc:336: Error reporting task backlog information: IOError: 
[2022-01-12 12:56:25,693 I 12663 12952] raylet_client.cc:336: Error reporting task backlog information: IOError: 
[2022-01-12 12:56:26,693 I 12663 12952] raylet_client.cc:336: Error reporting task backlog information: IOError: 
[2022-01-12 12:56:27,693 I 12663 12952] raylet_client.cc:336: Error reporting task backlog information: IOError: 
[2022-01-12 12:56:28,693 I 12663 12952] raylet_client.cc:336: Error reporting task backlog information: IOError: 
[2022-01-12 12:56:29,693 I 12663 12952] raylet_client.cc:336: Error reporting task backlog information: IOError: 
[2022-01-12 12:56:30,029 W 12663 12953] metric_exporter.cc:206: Export metrics to agent failed: IOError: . This won't affect Ray, but you can lose metrics from the cluster.
[2022-01-12 12:56:30,693 I 12663 12952] raylet_client.cc:336: Error reporting task backlog information: IOError: 
[2022-01-12 12:56:31,696 I 12663 12952] raylet_client.cc:336: Error reporting task backlog information: IOError: 
[2022-01-12 12:56:32,696 I 12663 12952] raylet_client.cc:336: Error reporting task backlog information: IOError: 
[2022-01-12 12:56:33,696 I 12663 12952] raylet_client.cc:336: Error reporting task backlog information: IOError: 
[2022-01-12 12:56:34,696 I 12663 12952] raylet_client.cc:336: Error reporting task backlog information: IOError: 
[2022-01-12 12:56:35,696 I 12663 12952] raylet_client.cc:336: Error reporting task backlog information: IOError: 
[2022-01-12 12:56:36,696 I 12663 12952] raylet_client.cc:336: Error reporting task backlog information: IOError: 
[2022-01-12 12:56:37,696 I 12663 12952] raylet_client.cc:336: Error reporting task backlog information: IOError: 
[2022-01-12 12:56:38,696 I 12663 12952] raylet_client.cc:336: Error reporting task backlog information: IOError: 
[2022-01-12 12:56:39,696 I 12663 12952] raylet_client.cc:336: Error reporting task backlog information: IOError: 
[2022-01-12 12:56:40,036 W 12663 12953] metric_exporter.cc:206: Export metrics to agent failed: IOError: . This won't affect Ray, but you can lose metrics from the cluster.
[2022-01-12 12:56:40,696 I 12663 12952] raylet_client.cc:336: Error reporting task backlog information: IOError: 
[2022-01-12 12:56:41,696 I 12663 12952] raylet_client.cc:336: Error reporting task backlog information: IOError: 
[2022-01-12 12:56:42,696 I 12663 12952] raylet_client.cc:336: Error reporting task backlog information: IOError: 
[2022-01-12 12:56:43,696 I 12663 12952] raylet_client.cc:336: Error reporting task backlog information: IOError: 
[2022-01-12 12:56:44,696 I 12663 12952] raylet_client.cc:336: Error reporting task backlog information: IOError: 
[2022-01-12 12:56:45,697 I 12663 12952] raylet_client.cc:336: Error reporting task backlog information: IOError: 
[2022-01-12 12:56:46,697 I 12663 12952] raylet_client.cc:336: Error reporting task backlog information: IOError: 
[2022-01-12 12:56:47,697 I 12663 12952] raylet_client.cc:336: Error reporting task backlog information: IOError: 
[2022-01-12 12:56:48,697 I 12663 12952] raylet_client.cc:336: Error reporting task backlog information: IOError: 
[2022-01-12 12:56:49,697 I 12663 12952] raylet_client.cc:336: Error reporting task backlog information: IOError: 
[2022-01-12 12:56:50,044 W 12663 12953] metric_exporter.cc:206: Export metrics to agent failed: IOError: . This won't affect Ray, but you can lose metrics from the cluster.
[2022-01-12 12:56:50,697 I 12663 12952] raylet_client.cc:336: Error reporting task backlog information: IOError: 
[2022-01-12 12:56:51,697 I 12663 12952] raylet_client.cc:336: Error reporting task backlog information: IOError: 
[2022-01-12 12:56:52,697 I 12663 12952] raylet_client.cc:336: Error reporting task backlog information: IOError: 
[2022-01-12 12:56:53,697 I 12663 12952] raylet_client.cc:336: Error reporting task backlog information: IOError: 
[2022-01-12 12:56:54,697 I 12663 12952] raylet_client.cc:336: Error reporting task backlog information: IOError: 
[2022-01-12 12:56:55,697 I 12663 12952] raylet_client.cc:336: Error reporting task backlog information: IOError: 
[2022-01-12 12:56:56,697 I 12663 12952] raylet_client.cc:336: Error reporting task backlog information: IOError: 
[2022-01-12 12:56:57,697 I 12663 12952] raylet_client.cc:336: Error reporting task backlog information: IOError: 
[2022-01-12 12:56:58,698 I 12663 12952] raylet_client.cc:336: Error reporting task backlog information: IOError: 
[2022-01-12 12:56:59,698 I 12663 12952] raylet_client.cc:336: Error reporting task backlog information: IOError: 
[2022-01-12 12:57:00,051 W 12663 12953] metric_exporter.cc:206: Export metrics to agent failed: IOError: . This won't affect Ray, but you can lose metrics from the cluster.
[2022-01-12 12:57:00,698 I 12663 12952] raylet_client.cc:336: Error reporting task backlog information: IOError: 
[2022-01-12 12:57:01,698 I 12663 12952] raylet_client.cc:336: Error reporting task backlog information: IOError: 
[2022-01-12 12:57:02,698 I 12663 12952] raylet_client.cc:336: Error reporting task backlog information: IOError: 
[2022-01-12 12:57:03,698 I 12663 12952] raylet_client.cc:336: Error reporting task backlog information: IOError: 
[2022-01-12 12:57:04,698 I 12663 12952] raylet_client.cc:336: Error reporting task backlog information: IOError: 
[2022-01-12 12:57:05,698 I 12663 12952] raylet_client.cc:336: Error reporting task backlog information: IOError: 
[2022-01-12 12:57:06,698 I 12663 12952] raylet_client.cc:336: Error reporting task backlog information: IOError: 
[2022-01-12 12:57:07,698 I 12663 12952] raylet_client.cc:336: Error reporting task backlog information: IOError: 
[2022-01-12 12:57:08,698 I 12663 12952] raylet_client.cc:336: Error reporting task backlog information: IOError: 
[2022-01-12 12:57:09,699 I 12663 12952] raylet_client.cc:336: Error reporting task backlog information: IOError: 
[2022-01-12 12:57:10,058 W 12663 12953] metric_exporter.cc:206: Export metrics to agent failed: IOError: . This won't affect Ray, but you can lose metrics from the cluster.
[2022-01-12 12:57:10,699 I 12663 12952] raylet_client.cc:336: Error reporting task backlog information: IOError: 
[2022-01-12 12:57:11,699 I 12663 12952] raylet_client.cc:336: Error reporting task backlog information: IOError: 
[2022-01-12 12:57:12,699 I 12663 12952] raylet_client.cc:336: Error reporting task backlog information: IOError: 
[2022-01-12 12:57:13,699 I 12663 12952] raylet_client.cc:336: Error reporting task backlog information: IOError: 
[2022-01-12 12:57:14,699 I 12663 12952] raylet_client.cc:336: Error reporting task backlog information: IOError: 
[2022-01-12 12:57:15,699 I 12663 12952] raylet_client.cc:336: Error reporting task backlog information: IOError: 
[2022-01-12 12:57:16,699 I 12663 12952] raylet_client.cc:336: Error reporting task backlog information: IOError: 
[2022-01-12 12:57:17,699 I 12663 12952] raylet_client.cc:336: Error reporting task backlog information: IOError: 
[2022-01-12 12:57:18,699 I 12663 12952] raylet_client.cc:336: Error reporting task backlog information: IOError: 
[2022-01-12 12:57:19,699 I 12663 12952] raylet_client.cc:336: Error reporting task backlog information: IOError: 
[2022-01-12 12:57:20,069 W 12663 12953] metric_exporter.cc:206: Export metrics to agent failed: IOError: . This won't affect Ray, but you can lose metrics from the cluster.
[2022-01-12 12:57:20,699 I 12663 12952] raylet_client.cc:336: Error reporting task backlog information: IOError: 
[2022-01-12 12:57:21,699 I 12663 12952] raylet_client.cc:336: Error reporting task backlog information: IOError: 
[2022-01-12 12:57:22,699 I 12663 12952] raylet_client.cc:336: Error reporting task backlog information: IOError: 
[2022-01-12 12:57:23,699 I 12663 12952] raylet_client.cc:336: Error reporting task backlog information: IOError: 
[2022-01-12 12:57:24,699 I 12663 12952] raylet_client.cc:336: Error reporting task backlog information: IOError: 
[2022-01-12 12:57:25,700 I 12663 12952] raylet_client.cc:336: Error reporting task backlog information: IOError: 
[2022-01-12 12:57:26,700 I 12663 12952] raylet_client.cc:336: Error reporting task backlog information: IOError: 
[2022-01-12 12:57:27,700 I 12663 12952] raylet_client.cc:336: Error reporting task backlog information: IOError: 
[2022-01-12 12:57:28,700 I 12663 12952] raylet_client.cc:336: Error reporting task backlog information: IOError: 
[2022-01-12 12:57:29,700 I 12663 12952] raylet_client.cc:336: Error reporting task backlog information: IOError: 
[2022-01-12 12:57:30,076 W 12663 12953] metric_exporter.cc:206: Export metrics to agent failed: IOError: . This won't affect Ray, but you can lose metrics from the cluster.
[2022-01-12 12:57:30,700 I 12663 12952] raylet_client.cc:336: Error reporting task backlog information: IOError: 
[2022-01-12 12:57:31,700 I 12663 12952] raylet_client.cc:336: Error reporting task backlog information: IOError: 
[2022-01-12 12:57:32,700 I 12663 12952] raylet_client.cc:336: Error reporting task backlog information: IOError: 
[2022-01-12 12:57:33,700 I 12663 12952] raylet_client.cc:336: Error reporting task backlog information: IOError: 
[2022-01-12 12:57:34,700 I 12663 12952] raylet_client.cc:336: Error reporting task backlog information: IOError: 
[2022-01-12 12:57:35,700 I 12663 12952] raylet_client.cc:336: Error reporting task backlog information: IOError: 
[2022-01-12 12:57:36,700 I 12663 12952] raylet_client.cc:336: Error reporting task backlog information: IOError: 
[2022-01-12 12:57:37,700 I 12663 12952] raylet_client.cc:336: Error reporting task backlog information: IOError: 
[2022-01-12 12:57:38,700 I 12663 12952] raylet_client.cc:336: Error reporting task backlog information: IOError: 
[2022-01-12 12:57:39,700 I 12663 12952] raylet_client.cc:336: Error reporting task backlog information: IOError: 
[2022-01-12 12:57:40,083 W 12663 12953] metric_exporter.cc:206: Export metrics to agent failed: IOError: . This won't affect Ray, but you can lose metrics from the cluster.
[2022-01-12 12:57:40,700 I 12663 12952] raylet_client.cc:336: Error reporting task backlog information: IOError: 
[2022-01-12 12:57:41,701 I 12663 12952] raylet_client.cc:336: Error reporting task backlog information: IOError: 
[2022-01-12 12:57:42,701 I 12663 12952] raylet_client.cc:336: Error reporting task backlog information: IOError: 
[2022-01-12 12:57:43,701 I 12663 12952] raylet_client.cc:336: Error reporting task backlog information: IOError: 
[2022-01-12 12:57:44,701 I 12663 12952] raylet_client.cc:336: Error reporting task backlog information: IOError: 
[2022-01-12 12:57:45,701 I 12663 12952] raylet_client.cc:336: Error reporting task backlog information: IOError: 
[2022-01-12 12:57:46,701 I 12663 12952] raylet_client.cc:336: Error reporting task backlog information: IOError: 
[2022-01-12 12:57:47,701 I 12663 12952] raylet_client.cc:336: Error reporting task backlog information: IOError: 
[2022-01-12 12:57:48,701 I 12663 12952] raylet_client.cc:336: Error reporting task backlog information: IOError: 
[2022-01-12 12:57:49,701 I 12663 12952] raylet_client.cc:336: Error reporting task backlog information: IOError: 
[2022-01-12 12:57:50,089 W 12663 12953] metric_exporter.cc:206: Export metrics to agent failed: IOError: . This won't affect Ray, but you can lose metrics from the cluster.
[2022-01-12 12:57:50,701 I 12663 12952] raylet_client.cc:336: Error reporting task backlog information: IOError: 
[2022-01-12 12:57:51,701 I 12663 12952] raylet_client.cc:336: Error reporting task backlog information: IOError: 
[2022-01-12 12:57:52,701 I 12663 12952] raylet_client.cc:336: Error reporting task backlog information: IOError: 
[2022-01-12 12:57:53,701 I 12663 12952] raylet_client.cc:336: Error reporting task backlog information: IOError: 
[2022-01-12 12:57:54,701 I 12663 12952] raylet_client.cc:336: Error reporting task backlog information: IOError: 
[2022-01-12 12:57:55,702 I 12663 12952] raylet_client.cc:336: Error reporting task backlog information: IOError: 
[2022-01-12 12:57:56,702 I 12663 12952] raylet_client.cc:336: Error reporting task backlog information: IOError: 
[2022-01-12 12:57:57,702 I 12663 12952] raylet_client.cc:336: Error reporting task backlog information: IOError: 
[2022-01-12 12:57:58,702 I 12663 12952] raylet_client.cc:336: Error reporting task backlog information: IOError: 
[2022-01-12 12:57:59,702 I 12663 12952] raylet_client.cc:336: Error reporting task backlog information: IOError: 
[2022-01-12 12:58:00,096 W 12663 12953] metric_exporter.cc:206: Export metrics to agent failed: IOError: . This won't affect Ray, but you can lose metrics from the cluster.
[2022-01-12 12:58:00,702 I 12663 12952] raylet_client.cc:336: Error reporting task backlog information: IOError: 
[2022-01-12 12:58:01,702 I 12663 12952] raylet_client.cc:336: Error reporting task backlog information: IOError: 
[2022-01-12 12:58:02,702 I 12663 12952] raylet_client.cc:336: Error reporting task backlog information: IOError: 
[2022-01-12 12:58:03,702 I 12663 12952] raylet_client.cc:336: Error reporting task backlog information: IOError: 
[2022-01-12 12:58:04,702 I 12663 12952] raylet_client.cc:336: Error reporting task backlog information: IOError: 
[2022-01-12 12:58:05,702 I 12663 12952] raylet_client.cc:336: Error reporting task backlog information: IOError: 
[2022-01-12 12:58:06,702 I 12663 12952] raylet_client.cc:336: Error reporting task backlog information: IOError: 
[2022-01-12 12:58:07,702 I 12663 12952] raylet_client.cc:336: Error reporting task backlog information: IOError: 
[2022-01-12 12:58:08,702 I 12663 12952] raylet_client.cc:336: Error reporting task backlog information: IOError: 
[2022-01-12 12:58:09,702 I 12663 12952] raylet_client.cc:336: Error reporting task backlog information: IOError: 
[2022-01-12 12:58:10,103 W 12663 12953] metric_exporter.cc:206: Export metrics to agent failed: IOError: . This won't affect Ray, but you can lose metrics from the cluster.
[2022-01-12 12:58:10,702 I 12663 12952] raylet_client.cc:336: Error reporting task backlog information: IOError: 
[2022-01-12 12:58:11,703 I 12663 12952] raylet_client.cc:336: Error reporting task backlog information: IOError: 
[2022-01-12 12:58:12,703 I 12663 12952] raylet_client.cc:336: Error reporting task backlog information: IOError: 
[2022-01-12 12:58:13,703 I 12663 12952] raylet_client.cc:336: Error reporting task backlog information: IOError: 
[2022-01-12 12:58:14,703 I 12663 12952] raylet_client.cc:336: Error reporting task backlog information: IOError: 
[2022-01-12 12:58:15,703 I 12663 12952] raylet_client.cc:336: Error reporting task backlog information: IOError: 
[2022-01-12 12:58:16,703 I 12663 12952] raylet_client.cc:336: Error reporting task backlog information: IOError: 
[2022-01-12 12:58:17,703 I 12663 12952] raylet_client.cc:336: Error reporting task backlog information: IOError: 
[2022-01-12 12:58:18,703 I 12663 12952] raylet_client.cc:336: Error reporting task backlog information: IOError: 
[2022-01-12 12:58:19,703 I 12663 12952] raylet_client.cc:336: Error reporting task backlog information: IOError: 
[2022-01-12 12:58:20,109 W 12663 12953] metric_exporter.cc:206: Export metrics to agent failed: IOError: . This won't affect Ray, but you can lose metrics from the cluster.
[2022-01-12 12:58:20,703 I 12663 12952] raylet_client.cc:336: Error reporting task backlog information: IOError: 
[2022-01-12 12:58:21,703 I 12663 12952] raylet_client.cc:336: Error reporting task backlog information: IOError: 
[2022-01-12 12:58:22,703 I 12663 12952] raylet_client.cc:336: Error reporting task backlog information: IOError: 
[2022-01-12 12:58:23,703 I 12663 12952] raylet_client.cc:336: Error reporting task backlog information: IOError: 
[2022-01-12 12:58:24,703 I 12663 12952] raylet_client.cc:336: Error reporting task backlog information: IOError: 
[2022-01-12 12:58:25,703 I 12663 12952] raylet_client.cc:336: Error reporting task backlog information: IOError: 
[2022-01-12 12:58:26,704 I 12663 12952] raylet_client.cc:336: Error reporting task backlog information: IOError: 
[2022-01-12 12:58:27,704 I 12663 12952] raylet_client.cc:336: Error reporting task backlog information: IOError: 
[2022-01-12 12:58:28,704 I 12663 12952] raylet_client.cc:336: Error reporting task backlog information: IOError: 
[2022-01-12 12:58:29,704 I 12663 12952] raylet_client.cc:336: Error reporting task backlog information: IOError: 
[2022-01-12 12:58:30,117 W 12663 12953] metric_exporter.cc:206: Export metrics to agent failed: IOError: . This won't affect Ray, but you can lose metrics from the cluster.
[2022-01-12 12:58:30,705 I 12663 12952] raylet_client.cc:336: Error reporting task backlog information: IOError: 
[2022-01-12 12:58:31,705 I 12663 12952] raylet_client.cc:336: Error reporting task backlog information: IOError: 
[2022-01-12 12:58:32,705 I 12663 12952] raylet_client.cc:336: Error reporting task backlog information: IOError: 
[2022-01-12 12:58:33,705 I 12663 12952] raylet_client.cc:336: Error reporting task backlog information: IOError: 
[2022-01-12 12:58:34,705 I 12663 12952] raylet_client.cc:336: Error reporting task backlog information: IOError: 
[2022-01-12 12:58:35,705 I 12663 12952] raylet_client.cc:336: Error reporting task backlog information: IOError: 
[2022-01-12 12:58:36,705 I 12663 12952] raylet_client.cc:336: Error reporting task backlog information: IOError: 
[2022-01-12 12:58:37,705 I 12663 12952] raylet_client.cc:336: Error reporting task backlog information: IOError: 
[2022-01-12 12:58:38,706 I 12663 12952] raylet_client.cc:336: Error reporting task backlog information: IOError: 
[2022-01-12 12:58:39,706 I 12663 12952] raylet_client.cc:336: Error reporting task backlog information: IOError: 
[2022-01-12 12:58:40,127 W 12663 12953] metric_exporter.cc:206: Export metrics to agent failed: IOError: . This won't affect Ray, but you can lose metrics from the cluster.
[2022-01-12 12:58:40,706 I 12663 12952] raylet_client.cc:336: Error reporting task backlog information: IOError: 
[2022-01-12 12:58:41,706 I 12663 12952] raylet_client.cc:336: Error reporting task backlog information: IOError: 
[2022-01-12 12:58:42,706 I 12663 12952] raylet_client.cc:336: Error reporting task backlog information: IOError: 
[2022-01-12 12:58:43,707 I 12663 12952] raylet_client.cc:336: Error reporting task backlog information: IOError: 
[2022-01-12 12:58:44,707 I 12663 12952] raylet_client.cc:336: Error reporting task backlog information: IOError: 
[2022-01-12 12:58:45,707 I 12663 12952] raylet_client.cc:336: Error reporting task backlog information: IOError: 
[2022-01-12 12:58:46,707 I 12663 12952] raylet_client.cc:336: Error reporting task backlog information: IOError: 
[2022-01-12 12:58:47,708 I 12663 12952] raylet_client.cc:336: Error reporting task backlog information: IOError: 
[2022-01-12 12:58:48,708 I 12663 12952] raylet_client.cc:336: Error reporting task backlog information: IOError: 
[2022-01-12 12:58:49,708 I 12663 12952] raylet_client.cc:336: Error reporting task backlog information: IOError: 
[2022-01-12 12:58:50,138 W 12663 12953] metric_exporter.cc:206: Export metrics to agent failed: IOError: . This won't affect Ray, but you can lose metrics from the cluster.
[2022-01-12 12:58:50,708 I 12663 12952] raylet_client.cc:336: Error reporting task backlog information: IOError: 
[2022-01-12 12:58:51,709 I 12663 12952] raylet_client.cc:336: Error reporting task backlog information: IOError: 
[2022-01-12 12:58:52,709 I 12663 12952] raylet_client.cc:336: Error reporting task backlog information: IOError: 
[2022-01-12 12:58:53,709 I 12663 12952] raylet_client.cc:336: Error reporting task backlog information: IOError: 
[2022-01-12 12:58:54,709 I 12663 12952] raylet_client.cc:336: Error reporting task backlog information: IOError: 
[2022-01-12 12:58:55,709 I 12663 12952] raylet_client.cc:336: Error reporting task backlog information: IOError: 
[2022-01-12 12:58:56,709 I 12663 12952] raylet_client.cc:336: Error reporting task backlog information: IOError: 
[2022-01-12 12:58:57,710 I 12663 12952] raylet_client.cc:336: Error reporting task backlog information: IOError: 
[2022-01-12 12:58:58,710 I 12663 12952] raylet_client.cc:336: Error reporting task backlog information: IOError: 
[2022-01-12 12:58:59,710 I 12663 12952] raylet_client.cc:336: Error reporting task backlog information: IOError: 
[2022-01-12 12:59:00,148 W 12663 12953] metric_exporter.cc:206: Export metrics to agent failed: IOError: . This won't affect Ray, but you can lose metrics from the cluster.
[2022-01-12 12:59:00,710 I 12663 12952] raylet_client.cc:336: Error reporting task backlog information: IOError: 
[2022-01-12 12:59:01,711 I 12663 12952] raylet_client.cc:336: Error reporting task backlog information: IOError: 
[2022-01-12 12:59:02,711 I 12663 12952] raylet_client.cc:336: Error reporting task backlog information: IOError: 
[2022-01-12 12:59:03,711 I 12663 12952] raylet_client.cc:336: Error reporting task backlog information: IOError: 
[2022-01-12 12:59:04,711 I 12663 12952] raylet_client.cc:336: Error reporting task backlog information: IOError: 
[2022-01-12 12:59:05,712 I 12663 12952] raylet_client.cc:336: Error reporting task backlog information: IOError: 
[2022-01-12 12:59:06,712 I 12663 12952] raylet_client.cc:336: Error reporting task backlog information: IOError: 
[2022-01-12 12:59:07,712 I 12663 12952] raylet_client.cc:336: Error reporting task backlog information: IOError: 
[2022-01-12 12:59:08,712 I 12663 12952] raylet_client.cc:336: Error reporting task backlog information: IOError: 
[2022-01-12 12:59:09,713 I 12663 12952] raylet_client.cc:336: Error reporting task backlog information: IOError: 
[2022-01-12 12:59:10,159 W 12663 12953] metric_exporter.cc:206: Export metrics to agent failed: IOError: . This won't affect Ray, but you can lose metrics from the cluster.
[2022-01-12 12:59:10,713 I 12663 12952] raylet_client.cc:336: Error reporting task backlog information: IOError: 
[2022-01-12 12:59:11,713 I 12663 12952] raylet_client.cc:336: Error reporting task backlog information: IOError: 
[2022-01-12 12:59:12,713 I 12663 12952] raylet_client.cc:336: Error reporting task backlog information: IOError: 
[2022-01-12 12:59:13,714 I 12663 12952] raylet_client.cc:336: Error reporting task backlog information: IOError: 
[2022-01-12 12:59:14,714 I 12663 12952] raylet_client.cc:336: Error reporting task backlog information: IOError: 
[2022-01-12 12:59:15,714 I 12663 12952] raylet_client.cc:336: Error reporting task backlog information: IOError: 
[2022-01-12 12:59:16,714 I 12663 12952] raylet_client.cc:336: Error reporting task backlog information: IOError: 
[2022-01-12 12:59:17,715 I 12663 12952] raylet_client.cc:336: Error reporting task backlog information: IOError: 
[2022-01-12 12:59:18,715 I 12663 12952] raylet_client.cc:336: Error reporting task backlog information: IOError: 
[2022-01-12 12:59:19,715 I 12663 12952] raylet_client.cc:336: Error reporting task backlog information: IOError: 
[2022-01-12 12:59:20,170 W 12663 12953] metric_exporter.cc:206: Export metrics to agent failed: IOError: . This won't affect Ray, but you can lose metrics from the cluster.
[2022-01-12 12:59:20,716 I 12663 12952] raylet_client.cc:336: Error reporting task backlog information: IOError: 
[2022-01-12 12:59:21,716 I 12663 12952] raylet_client.cc:336: Error reporting task backlog information: IOError: 
[2022-01-12 12:59:22,716 I 12663 12952] raylet_client.cc:336: Error reporting task backlog information: IOError: 
[2022-01-12 12:59:23,716 I 12663 12952] raylet_client.cc:336: Error reporting task backlog information: IOError: 
[2022-01-12 12:59:24,717 I 12663 12952] raylet_client.cc:336: Error reporting task backlog information: IOError: 
[2022-01-12 12:59:25,717 I 12663 12952] raylet_client.cc:336: Error reporting task backlog information: IOError: 
[2022-01-12 12:59:26,717 I 12663 12952] raylet_client.cc:336: Error reporting task backlog information: IOError: 
[2022-01-12 12:59:27,717 I 12663 12952] raylet_client.cc:336: Error reporting task backlog information: IOError: 
[2022-01-12 12:59:28,718 I 12663 12952] raylet_client.cc:336: Error reporting task backlog information: IOError: 
[2022-01-12 12:59:29,718 I 12663 12952] raylet_client.cc:336: Error reporting task backlog information: IOError: 
[2022-01-12 12:59:30,181 W 12663 12953] metric_exporter.cc:206: Export metrics to agent failed: IOError: . This won't affect Ray, but you can lose metrics from the cluster.
[2022-01-12 12:59:30,581 E 12663 12850] gcs_server_address_updater.cc:76: Failed to receive the GCS address for 600 times without success. The worker will exit ungracefully. It is because GCS has died. It could be because there was an issue that kills GCS, such as high memory usage triggering OOM killer to kill GCS. Cluster will be highly likely unavailable if you see this log. Please check the log from gcs_server.err.
