[2022-01-12 12:48:19,466 I 12652 12652] core_worker.cc:132: Constructing CoreWorkerProcess. pid: 12652
[2022-01-12 12:48:19,481 I 12652 12652] grpc_server.cc:112: worker server started, listening on port 41871.
[2022-01-12 12:48:19,484 I 12652 12652] core_worker.cc:479: Initializing worker at address: 131.215.21.210:41871, worker ID aaa29bc22b9fecb7492078438c4a1c6076b8d5c5f11250f47531e6ba, raylet ac66381a9c2b8e5ae78c53aeaf462af6fd0d65cb0e82832bb16134fd
[2022-01-12 12:48:19,594 I 12652 12652] io_service_pool.cc:35: IOServicePool is running with 1 io_service.
[2022-01-12 12:48:19,640 I 12652 12930] accessor.cc:560: Received notification for node id = ac66381a9c2b8e5ae78c53aeaf462af6fd0d65cb0e82832bb16134fd, IsAlive = 1
[2022-01-12 12:49:31,502 W 12652 12804] gcs_server_address_updater.cc:61: [1] Failed to get the gcs server address from raylet 1 times in a row. If it keeps failing to obtain the address, the worker might crash. Connection status IOError: 
[2022-01-12 12:49:32,502 I 12652 12930] raylet_client.cc:336: Error reporting task backlog information: IOError: 
[2022-01-12 12:49:32,657 I 12652 12930] raylet_client.cc:336: Error reporting task backlog information: IOError: 
[2022-01-12 12:49:33,657 I 12652 12930] raylet_client.cc:336: Error reporting task backlog information: IOError: 
[2022-01-12 12:49:34,657 I 12652 12930] raylet_client.cc:336: Error reporting task backlog information: IOError: 
[2022-01-12 12:49:35,657 I 12652 12930] raylet_client.cc:336: Error reporting task backlog information: IOError: 
[2022-01-12 12:49:36,657 I 12652 12930] raylet_client.cc:336: Error reporting task backlog information: IOError: 
[2022-01-12 12:49:37,657 I 12652 12930] raylet_client.cc:336: Error reporting task backlog information: IOError: 
[2022-01-12 12:49:38,657 I 12652 12930] raylet_client.cc:336: Error reporting task backlog information: IOError: 
[2022-01-12 12:49:39,657 I 12652 12930] raylet_client.cc:336: Error reporting task backlog information: IOError: 
[2022-01-12 12:49:39,660 W 12652 12931] metric_exporter.cc:206: Export metrics to agent failed: IOError: . This won't affect Ray, but you can lose metrics from the cluster.
[2022-01-12 12:49:40,657 I 12652 12930] raylet_client.cc:336: Error reporting task backlog information: IOError: 
[2022-01-12 12:49:41,657 I 12652 12930] raylet_client.cc:336: Error reporting task backlog information: IOError: 
[2022-01-12 12:49:42,657 I 12652 12930] raylet_client.cc:336: Error reporting task backlog information: IOError: 
[2022-01-12 12:49:43,657 I 12652 12930] raylet_client.cc:336: Error reporting task backlog information: IOError: 
[2022-01-12 12:49:44,658 I 12652 12930] raylet_client.cc:336: Error reporting task backlog information: IOError: 
[2022-01-12 12:49:45,658 I 12652 12930] raylet_client.cc:336: Error reporting task backlog information: IOError: 
[2022-01-12 12:49:46,658 I 12652 12930] raylet_client.cc:336: Error reporting task backlog information: IOError: 
[2022-01-12 12:49:47,658 I 12652 12930] raylet_client.cc:336: Error reporting task backlog information: IOError: 
[2022-01-12 12:49:48,658 I 12652 12930] raylet_client.cc:336: Error reporting task backlog information: IOError: 
[2022-01-12 12:49:49,658 I 12652 12930] raylet_client.cc:336: Error reporting task backlog information: IOError: 
[2022-01-12 12:49:49,668 W 12652 12931] metric_exporter.cc:206: Export metrics to agent failed: IOError: . This won't affect Ray, but you can lose metrics from the cluster.
[2022-01-12 12:49:50,658 I 12652 12930] raylet_client.cc:336: Error reporting task backlog information: IOError: 
[2022-01-12 12:49:51,658 I 12652 12930] raylet_client.cc:336: Error reporting task backlog information: IOError: 
[2022-01-12 12:49:52,658 I 12652 12930] raylet_client.cc:336: Error reporting task backlog information: IOError: 
[2022-01-12 12:49:53,658 I 12652 12930] raylet_client.cc:336: Error reporting task backlog information: IOError: 
[2022-01-12 12:49:54,658 I 12652 12930] raylet_client.cc:336: Error reporting task backlog information: IOError: 
[2022-01-12 12:49:55,659 I 12652 12930] raylet_client.cc:336: Error reporting task backlog information: IOError: 
[2022-01-12 12:49:56,659 I 12652 12930] raylet_client.cc:336: Error reporting task backlog information: IOError: 
[2022-01-12 12:49:57,659 I 12652 12930] raylet_client.cc:336: Error reporting task backlog information: IOError: 
[2022-01-12 12:49:58,659 I 12652 12930] raylet_client.cc:336: Error reporting task backlog information: IOError: 
[2022-01-12 12:49:59,659 I 12652 12930] raylet_client.cc:336: Error reporting task backlog information: IOError: 
[2022-01-12 12:49:59,674 W 12652 12931] metric_exporter.cc:206: Export metrics to agent failed: IOError: . This won't affect Ray, but you can lose metrics from the cluster.
[2022-01-12 12:50:00,659 I 12652 12930] raylet_client.cc:336: Error reporting task backlog information: IOError: 
[2022-01-12 12:50:01,659 I 12652 12930] raylet_client.cc:336: Error reporting task backlog information: IOError: 
[2022-01-12 12:50:02,659 I 12652 12930] raylet_client.cc:336: Error reporting task backlog information: IOError: 
[2022-01-12 12:50:03,659 I 12652 12930] raylet_client.cc:336: Error reporting task backlog information: IOError: 
[2022-01-12 12:50:04,659 I 12652 12930] raylet_client.cc:336: Error reporting task backlog information: IOError: 
[2022-01-12 12:50:05,659 I 12652 12930] raylet_client.cc:336: Error reporting task backlog information: IOError: 
[2022-01-12 12:50:06,659 I 12652 12930] raylet_client.cc:336: Error reporting task backlog information: IOError: 
[2022-01-12 12:50:07,660 I 12652 12930] raylet_client.cc:336: Error reporting task backlog information: IOError: 
[2022-01-12 12:50:08,660 I 12652 12930] raylet_client.cc:336: Error reporting task backlog information: IOError: 
[2022-01-12 12:50:09,660 I 12652 12930] raylet_client.cc:336: Error reporting task backlog information: IOError: 
[2022-01-12 12:50:09,683 W 12652 12931] metric_exporter.cc:206: Export metrics to agent failed: IOError: . This won't affect Ray, but you can lose metrics from the cluster.
[2022-01-12 12:50:10,660 I 12652 12930] raylet_client.cc:336: Error reporting task backlog information: IOError: 
[2022-01-12 12:50:11,660 I 12652 12930] raylet_client.cc:336: Error reporting task backlog information: IOError: 
[2022-01-12 12:50:12,660 I 12652 12930] raylet_client.cc:336: Error reporting task backlog information: IOError: 
[2022-01-12 12:50:13,660 I 12652 12930] raylet_client.cc:336: Error reporting task backlog information: IOError: 
[2022-01-12 12:50:14,660 I 12652 12930] raylet_client.cc:336: Error reporting task backlog information: IOError: 
[2022-01-12 12:50:15,660 I 12652 12930] raylet_client.cc:336: Error reporting task backlog information: IOError: 
[2022-01-12 12:50:16,660 I 12652 12930] raylet_client.cc:336: Error reporting task backlog information: IOError: 
[2022-01-12 12:50:17,660 I 12652 12930] raylet_client.cc:336: Error reporting task backlog information: IOError: 
[2022-01-12 12:50:18,661 I 12652 12930] raylet_client.cc:336: Error reporting task backlog information: IOError: 
[2022-01-12 12:50:19,661 I 12652 12930] raylet_client.cc:336: Error reporting task backlog information: IOError: 
[2022-01-12 12:50:19,690 W 12652 12931] metric_exporter.cc:206: Export metrics to agent failed: IOError: . This won't affect Ray, but you can lose metrics from the cluster.
[2022-01-12 12:50:20,661 I 12652 12930] raylet_client.cc:336: Error reporting task backlog information: IOError: 
[2022-01-12 12:50:21,661 I 12652 12930] raylet_client.cc:336: Error reporting task backlog information: IOError: 
[2022-01-12 12:50:22,661 I 12652 12930] raylet_client.cc:336: Error reporting task backlog information: IOError: 
[2022-01-12 12:50:23,661 I 12652 12930] raylet_client.cc:336: Error reporting task backlog information: IOError: 
[2022-01-12 12:50:24,661 I 12652 12930] raylet_client.cc:336: Error reporting task backlog information: IOError: 
[2022-01-12 12:50:25,661 I 12652 12930] raylet_client.cc:336: Error reporting task backlog information: IOError: 
[2022-01-12 12:50:26,661 I 12652 12930] raylet_client.cc:336: Error reporting task backlog information: IOError: 
[2022-01-12 12:50:27,661 I 12652 12930] raylet_client.cc:336: Error reporting task backlog information: IOError: 
[2022-01-12 12:50:28,661 I 12652 12930] raylet_client.cc:336: Error reporting task backlog information: IOError: 
[2022-01-12 12:50:29,662 I 12652 12930] raylet_client.cc:336: Error reporting task backlog information: IOError: 
[2022-01-12 12:50:29,696 W 12652 12931] metric_exporter.cc:206: Export metrics to agent failed: IOError: . This won't affect Ray, but you can lose metrics from the cluster.
[2022-01-12 12:50:30,662 I 12652 12930] raylet_client.cc:336: Error reporting task backlog information: IOError: 
[2022-01-12 12:50:31,662 I 12652 12930] raylet_client.cc:336: Error reporting task backlog information: IOError: 
[2022-01-12 12:50:32,662 I 12652 12930] raylet_client.cc:336: Error reporting task backlog information: IOError: 
[2022-01-12 12:50:33,662 I 12652 12930] raylet_client.cc:336: Error reporting task backlog information: IOError: 
[2022-01-12 12:50:34,662 I 12652 12930] raylet_client.cc:336: Error reporting task backlog information: IOError: 
[2022-01-12 12:50:35,662 I 12652 12930] raylet_client.cc:336: Error reporting task backlog information: IOError: 
[2022-01-12 12:50:36,662 I 12652 12930] raylet_client.cc:336: Error reporting task backlog information: IOError: 
[2022-01-12 12:50:37,662 I 12652 12930] raylet_client.cc:336: Error reporting task backlog information: IOError: 
[2022-01-12 12:50:38,663 I 12652 12930] raylet_client.cc:336: Error reporting task backlog information: IOError: 
[2022-01-12 12:50:39,663 I 12652 12930] raylet_client.cc:336: Error reporting task backlog information: IOError: 
[2022-01-12 12:50:39,703 W 12652 12931] metric_exporter.cc:206: Export metrics to agent failed: IOError: . This won't affect Ray, but you can lose metrics from the cluster.
[2022-01-12 12:50:40,663 I 12652 12930] raylet_client.cc:336: Error reporting task backlog information: IOError: 
[2022-01-12 12:50:41,663 I 12652 12930] raylet_client.cc:336: Error reporting task backlog information: IOError: 
[2022-01-12 12:50:42,663 I 12652 12930] raylet_client.cc:336: Error reporting task backlog information: IOError: 
[2022-01-12 12:50:43,663 I 12652 12930] raylet_client.cc:336: Error reporting task backlog information: IOError: 
[2022-01-12 12:50:44,664 I 12652 12930] raylet_client.cc:336: Error reporting task backlog information: IOError: 
[2022-01-12 12:50:45,664 I 12652 12930] raylet_client.cc:336: Error reporting task backlog information: IOError: 
[2022-01-12 12:50:46,664 I 12652 12930] raylet_client.cc:336: Error reporting task backlog information: IOError: 
[2022-01-12 12:50:47,664 I 12652 12930] raylet_client.cc:336: Error reporting task backlog information: IOError: 
[2022-01-12 12:50:48,664 I 12652 12930] raylet_client.cc:336: Error reporting task backlog information: IOError: 
[2022-01-12 12:50:49,664 I 12652 12930] raylet_client.cc:336: Error reporting task backlog information: IOError: 
[2022-01-12 12:50:49,713 W 12652 12931] metric_exporter.cc:206: Export metrics to agent failed: IOError: . This won't affect Ray, but you can lose metrics from the cluster.
[2022-01-12 12:50:50,664 I 12652 12930] raylet_client.cc:336: Error reporting task backlog information: IOError: 
[2022-01-12 12:50:51,664 I 12652 12930] raylet_client.cc:336: Error reporting task backlog information: IOError: 
[2022-01-12 12:50:52,664 I 12652 12930] raylet_client.cc:336: Error reporting task backlog information: IOError: 
[2022-01-12 12:50:53,664 I 12652 12930] raylet_client.cc:336: Error reporting task backlog information: IOError: 
[2022-01-12 12:50:54,664 I 12652 12930] raylet_client.cc:336: Error reporting task backlog information: IOError: 
[2022-01-12 12:50:55,665 I 12652 12930] raylet_client.cc:336: Error reporting task backlog information: IOError: 
[2022-01-12 12:50:56,665 I 12652 12930] raylet_client.cc:336: Error reporting task backlog information: IOError: 
[2022-01-12 12:50:57,665 I 12652 12930] raylet_client.cc:336: Error reporting task backlog information: IOError: 
[2022-01-12 12:50:58,665 I 12652 12930] raylet_client.cc:336: Error reporting task backlog information: IOError: 
[2022-01-12 12:50:59,665 I 12652 12930] raylet_client.cc:336: Error reporting task backlog information: IOError: 
[2022-01-12 12:50:59,720 W 12652 12931] metric_exporter.cc:206: Export metrics to agent failed: IOError: . This won't affect Ray, but you can lose metrics from the cluster.
[2022-01-12 12:51:00,665 I 12652 12930] raylet_client.cc:336: Error reporting task backlog information: IOError: 
[2022-01-12 12:51:01,665 I 12652 12930] raylet_client.cc:336: Error reporting task backlog information: IOError: 
[2022-01-12 12:51:02,665 I 12652 12930] raylet_client.cc:336: Error reporting task backlog information: IOError: 
[2022-01-12 12:51:03,665 I 12652 12930] raylet_client.cc:336: Error reporting task backlog information: IOError: 
[2022-01-12 12:51:04,666 I 12652 12930] raylet_client.cc:336: Error reporting task backlog information: IOError: 
[2022-01-12 12:51:05,666 I 12652 12930] raylet_client.cc:336: Error reporting task backlog information: IOError: 
[2022-01-12 12:51:06,666 I 12652 12930] raylet_client.cc:336: Error reporting task backlog information: IOError: 
[2022-01-12 12:51:07,666 I 12652 12930] raylet_client.cc:336: Error reporting task backlog information: IOError: 
[2022-01-12 12:51:08,666 I 12652 12930] raylet_client.cc:336: Error reporting task backlog information: IOError: 
[2022-01-12 12:51:09,666 I 12652 12930] raylet_client.cc:336: Error reporting task backlog information: IOError: 
[2022-01-12 12:51:09,727 W 12652 12931] metric_exporter.cc:206: Export metrics to agent failed: IOError: . This won't affect Ray, but you can lose metrics from the cluster.
[2022-01-12 12:51:10,666 I 12652 12930] raylet_client.cc:336: Error reporting task backlog information: IOError: 
[2022-01-12 12:51:11,666 I 12652 12930] raylet_client.cc:336: Error reporting task backlog information: IOError: 
[2022-01-12 12:51:12,666 I 12652 12930] raylet_client.cc:336: Error reporting task backlog information: IOError: 
[2022-01-12 12:51:13,666 I 12652 12930] raylet_client.cc:336: Error reporting task backlog information: IOError: 
[2022-01-12 12:51:14,666 I 12652 12930] raylet_client.cc:336: Error reporting task backlog information: IOError: 
[2022-01-12 12:51:15,666 I 12652 12930] raylet_client.cc:336: Error reporting task backlog information: IOError: 
[2022-01-12 12:51:16,667 I 12652 12930] raylet_client.cc:336: Error reporting task backlog information: IOError: 
[2022-01-12 12:51:17,667 I 12652 12930] raylet_client.cc:336: Error reporting task backlog information: IOError: 
[2022-01-12 12:51:18,667 I 12652 12930] raylet_client.cc:336: Error reporting task backlog information: IOError: 
[2022-01-12 12:51:19,667 I 12652 12930] raylet_client.cc:336: Error reporting task backlog information: IOError: 
[2022-01-12 12:51:19,734 W 12652 12931] metric_exporter.cc:206: Export metrics to agent failed: IOError: . This won't affect Ray, but you can lose metrics from the cluster.
[2022-01-12 12:51:20,667 I 12652 12930] raylet_client.cc:336: Error reporting task backlog information: IOError: 
[2022-01-12 12:51:21,667 I 12652 12930] raylet_client.cc:336: Error reporting task backlog information: IOError: 
[2022-01-12 12:51:22,667 I 12652 12930] raylet_client.cc:336: Error reporting task backlog information: IOError: 
[2022-01-12 12:51:23,667 I 12652 12930] raylet_client.cc:336: Error reporting task backlog information: IOError: 
[2022-01-12 12:51:24,667 I 12652 12930] raylet_client.cc:336: Error reporting task backlog information: IOError: 
[2022-01-12 12:51:25,667 I 12652 12930] raylet_client.cc:336: Error reporting task backlog information: IOError: 
[2022-01-12 12:51:26,667 I 12652 12930] raylet_client.cc:336: Error reporting task backlog information: IOError: 
[2022-01-12 12:51:27,668 I 12652 12930] raylet_client.cc:336: Error reporting task backlog information: IOError: 
[2022-01-12 12:51:28,668 I 12652 12930] raylet_client.cc:336: Error reporting task backlog information: IOError: 
[2022-01-12 12:51:29,668 I 12652 12930] raylet_client.cc:336: Error reporting task backlog information: IOError: 
[2022-01-12 12:51:29,740 W 12652 12931] metric_exporter.cc:206: Export metrics to agent failed: IOError: . This won't affect Ray, but you can lose metrics from the cluster.
[2022-01-12 12:51:30,668 I 12652 12930] raylet_client.cc:336: Error reporting task backlog information: IOError: 
[2022-01-12 12:51:31,668 I 12652 12930] raylet_client.cc:336: Error reporting task backlog information: IOError: 
[2022-01-12 12:51:32,668 I 12652 12930] raylet_client.cc:336: Error reporting task backlog information: IOError: 
[2022-01-12 12:51:33,668 I 12652 12930] raylet_client.cc:336: Error reporting task backlog information: IOError: 
[2022-01-12 12:51:34,668 I 12652 12930] raylet_client.cc:336: Error reporting task backlog information: IOError: 
[2022-01-12 12:51:35,668 I 12652 12930] raylet_client.cc:336: Error reporting task backlog information: IOError: 
[2022-01-12 12:51:36,668 I 12652 12930] raylet_client.cc:336: Error reporting task backlog information: IOError: 
[2022-01-12 12:51:37,669 I 12652 12930] raylet_client.cc:336: Error reporting task backlog information: IOError: 
[2022-01-12 12:51:38,669 I 12652 12930] raylet_client.cc:336: Error reporting task backlog information: IOError: 
[2022-01-12 12:51:39,669 I 12652 12930] raylet_client.cc:336: Error reporting task backlog information: IOError: 
[2022-01-12 12:51:39,747 W 12652 12931] metric_exporter.cc:206: Export metrics to agent failed: IOError: . This won't affect Ray, but you can lose metrics from the cluster.
[2022-01-12 12:51:40,669 I 12652 12930] raylet_client.cc:336: Error reporting task backlog information: IOError: 
[2022-01-12 12:51:41,669 I 12652 12930] raylet_client.cc:336: Error reporting task backlog information: IOError: 
[2022-01-12 12:51:42,669 I 12652 12930] raylet_client.cc:336: Error reporting task backlog information: IOError: 
[2022-01-12 12:51:43,669 I 12652 12930] raylet_client.cc:336: Error reporting task backlog information: IOError: 
[2022-01-12 12:51:44,669 I 12652 12930] raylet_client.cc:336: Error reporting task backlog information: IOError: 
[2022-01-12 12:51:45,669 I 12652 12930] raylet_client.cc:336: Error reporting task backlog information: IOError: 
[2022-01-12 12:51:46,669 I 12652 12930] raylet_client.cc:336: Error reporting task backlog information: IOError: 
[2022-01-12 12:51:47,669 I 12652 12930] raylet_client.cc:336: Error reporting task backlog information: IOError: 
[2022-01-12 12:51:48,669 I 12652 12930] raylet_client.cc:336: Error reporting task backlog information: IOError: 
[2022-01-12 12:51:49,670 I 12652 12930] raylet_client.cc:336: Error reporting task backlog information: IOError: 
[2022-01-12 12:51:49,754 W 12652 12931] metric_exporter.cc:206: Export metrics to agent failed: IOError: . This won't affect Ray, but you can lose metrics from the cluster.
[2022-01-12 12:51:50,670 I 12652 12930] raylet_client.cc:336: Error reporting task backlog information: IOError: 
[2022-01-12 12:51:51,670 I 12652 12930] raylet_client.cc:336: Error reporting task backlog information: IOError: 
[2022-01-12 12:51:52,670 I 12652 12930] raylet_client.cc:336: Error reporting task backlog information: IOError: 
[2022-01-12 12:51:53,670 I 12652 12930] raylet_client.cc:336: Error reporting task backlog information: IOError: 
[2022-01-12 12:51:54,670 I 12652 12930] raylet_client.cc:336: Error reporting task backlog information: IOError: 
[2022-01-12 12:51:55,670 I 12652 12930] raylet_client.cc:336: Error reporting task backlog information: IOError: 
[2022-01-12 12:51:56,670 I 12652 12930] raylet_client.cc:336: Error reporting task backlog information: IOError: 
[2022-01-12 12:51:57,670 I 12652 12930] raylet_client.cc:336: Error reporting task backlog information: IOError: 
[2022-01-12 12:51:58,670 I 12652 12930] raylet_client.cc:336: Error reporting task backlog information: IOError: 
[2022-01-12 12:51:59,672 I 12652 12930] raylet_client.cc:336: Error reporting task backlog information: IOError: 
[2022-01-12 12:51:59,761 W 12652 12931] metric_exporter.cc:206: Export metrics to agent failed: IOError: . This won't affect Ray, but you can lose metrics from the cluster.
[2022-01-12 12:52:00,672 I 12652 12930] raylet_client.cc:336: Error reporting task backlog information: IOError: 
[2022-01-12 12:52:01,672 I 12652 12930] raylet_client.cc:336: Error reporting task backlog information: IOError: 
[2022-01-12 12:52:02,672 I 12652 12930] raylet_client.cc:336: Error reporting task backlog information: IOError: 
[2022-01-12 12:52:03,673 I 12652 12930] raylet_client.cc:336: Error reporting task backlog information: IOError: 
[2022-01-12 12:52:04,673 I 12652 12930] raylet_client.cc:336: Error reporting task backlog information: IOError: 
[2022-01-12 12:52:05,673 I 12652 12930] raylet_client.cc:336: Error reporting task backlog information: IOError: 
[2022-01-12 12:52:06,673 I 12652 12930] raylet_client.cc:336: Error reporting task backlog information: IOError: 
[2022-01-12 12:52:07,673 I 12652 12930] raylet_client.cc:336: Error reporting task backlog information: IOError: 
[2022-01-12 12:52:08,673 I 12652 12930] raylet_client.cc:336: Error reporting task backlog information: IOError: 
[2022-01-12 12:52:09,673 I 12652 12930] raylet_client.cc:336: Error reporting task backlog information: IOError: 
[2022-01-12 12:52:09,767 W 12652 12931] metric_exporter.cc:206: Export metrics to agent failed: IOError: . This won't affect Ray, but you can lose metrics from the cluster.
[2022-01-12 12:52:10,673 I 12652 12930] raylet_client.cc:336: Error reporting task backlog information: IOError: 
[2022-01-12 12:52:11,673 I 12652 12930] raylet_client.cc:336: Error reporting task backlog information: IOError: 
[2022-01-12 12:52:12,673 I 12652 12930] raylet_client.cc:336: Error reporting task backlog information: IOError: 
[2022-01-12 12:52:13,673 I 12652 12930] raylet_client.cc:336: Error reporting task backlog information: IOError: 
[2022-01-12 12:52:14,673 I 12652 12930] raylet_client.cc:336: Error reporting task backlog information: IOError: 
[2022-01-12 12:52:15,673 I 12652 12930] raylet_client.cc:336: Error reporting task backlog information: IOError: 
[2022-01-12 12:52:16,673 I 12652 12930] raylet_client.cc:336: Error reporting task backlog information: IOError: 
[2022-01-12 12:52:17,674 I 12652 12930] raylet_client.cc:336: Error reporting task backlog information: IOError: 
[2022-01-12 12:52:18,674 I 12652 12930] raylet_client.cc:336: Error reporting task backlog information: IOError: 
[2022-01-12 12:52:19,674 I 12652 12930] raylet_client.cc:336: Error reporting task backlog information: IOError: 
[2022-01-12 12:52:19,775 W 12652 12931] metric_exporter.cc:206: Export metrics to agent failed: IOError: . This won't affect Ray, but you can lose metrics from the cluster.
[2022-01-12 12:52:20,674 I 12652 12930] raylet_client.cc:336: Error reporting task backlog information: IOError: 
[2022-01-12 12:52:21,674 I 12652 12930] raylet_client.cc:336: Error reporting task backlog information: IOError: 
[2022-01-12 12:52:22,674 I 12652 12930] raylet_client.cc:336: Error reporting task backlog information: IOError: 
[2022-01-12 12:52:23,674 I 12652 12930] raylet_client.cc:336: Error reporting task backlog information: IOError: 
[2022-01-12 12:52:24,674 I 12652 12930] raylet_client.cc:336: Error reporting task backlog information: IOError: 
[2022-01-12 12:52:25,674 I 12652 12930] raylet_client.cc:336: Error reporting task backlog information: IOError: 
[2022-01-12 12:52:26,674 I 12652 12930] raylet_client.cc:336: Error reporting task backlog information: IOError: 
[2022-01-12 12:52:27,674 I 12652 12930] raylet_client.cc:336: Error reporting task backlog information: IOError: 
[2022-01-12 12:52:28,674 I 12652 12930] raylet_client.cc:336: Error reporting task backlog information: IOError: 
[2022-01-12 12:52:29,675 I 12652 12930] raylet_client.cc:336: Error reporting task backlog information: IOError: 
[2022-01-12 12:52:29,782 W 12652 12931] metric_exporter.cc:206: Export metrics to agent failed: IOError: . This won't affect Ray, but you can lose metrics from the cluster.
[2022-01-12 12:52:30,675 I 12652 12930] raylet_client.cc:336: Error reporting task backlog information: IOError: 
[2022-01-12 12:52:31,675 I 12652 12930] raylet_client.cc:336: Error reporting task backlog information: IOError: 
[2022-01-12 12:52:32,675 I 12652 12930] raylet_client.cc:336: Error reporting task backlog information: IOError: 
[2022-01-12 12:52:33,675 I 12652 12930] raylet_client.cc:336: Error reporting task backlog information: IOError: 
[2022-01-12 12:52:34,675 I 12652 12930] raylet_client.cc:336: Error reporting task backlog information: IOError: 
[2022-01-12 12:52:35,675 I 12652 12930] raylet_client.cc:336: Error reporting task backlog information: IOError: 
[2022-01-12 12:52:36,675 I 12652 12930] raylet_client.cc:336: Error reporting task backlog information: IOError: 
[2022-01-12 12:52:37,675 I 12652 12930] raylet_client.cc:336: Error reporting task backlog information: IOError: 
[2022-01-12 12:52:38,675 I 12652 12930] raylet_client.cc:336: Error reporting task backlog information: IOError: 
[2022-01-12 12:52:39,675 I 12652 12930] raylet_client.cc:336: Error reporting task backlog information: IOError: 
[2022-01-12 12:52:39,789 W 12652 12931] metric_exporter.cc:206: Export metrics to agent failed: IOError: . This won't affect Ray, but you can lose metrics from the cluster.
[2022-01-12 12:52:40,675 I 12652 12930] raylet_client.cc:336: Error reporting task backlog information: IOError: 
[2022-01-12 12:52:41,675 I 12652 12930] raylet_client.cc:336: Error reporting task backlog information: IOError: 
[2022-01-12 12:52:42,675 I 12652 12930] raylet_client.cc:336: Error reporting task backlog information: IOError: 
[2022-01-12 12:52:43,675 I 12652 12930] raylet_client.cc:336: Error reporting task backlog information: IOError: 
[2022-01-12 12:52:44,676 I 12652 12930] raylet_client.cc:336: Error reporting task backlog information: IOError: 
[2022-01-12 12:52:45,676 I 12652 12930] raylet_client.cc:336: Error reporting task backlog information: IOError: 
[2022-01-12 12:52:46,676 I 12652 12930] raylet_client.cc:336: Error reporting task backlog information: IOError: 
[2022-01-12 12:52:47,676 I 12652 12930] raylet_client.cc:336: Error reporting task backlog information: IOError: 
[2022-01-12 12:52:48,676 I 12652 12930] raylet_client.cc:336: Error reporting task backlog information: IOError: 
[2022-01-12 12:52:49,676 I 12652 12930] raylet_client.cc:336: Error reporting task backlog information: IOError: 
[2022-01-12 12:52:49,796 W 12652 12931] metric_exporter.cc:206: Export metrics to agent failed: IOError: . This won't affect Ray, but you can lose metrics from the cluster.
[2022-01-12 12:52:50,676 I 12652 12930] raylet_client.cc:336: Error reporting task backlog information: IOError: 
[2022-01-12 12:52:51,676 I 12652 12930] raylet_client.cc:336: Error reporting task backlog information: IOError: 
[2022-01-12 12:52:52,676 I 12652 12930] raylet_client.cc:336: Error reporting task backlog information: IOError: 
[2022-01-12 12:52:53,676 I 12652 12930] raylet_client.cc:336: Error reporting task backlog information: IOError: 
[2022-01-12 12:52:54,676 I 12652 12930] raylet_client.cc:336: Error reporting task backlog information: IOError: 
[2022-01-12 12:52:55,676 I 12652 12930] raylet_client.cc:336: Error reporting task backlog information: IOError: 
[2022-01-12 12:52:56,676 I 12652 12930] raylet_client.cc:336: Error reporting task backlog information: IOError: 
[2022-01-12 12:52:57,676 I 12652 12930] raylet_client.cc:336: Error reporting task backlog information: IOError: 
[2022-01-12 12:52:58,676 I 12652 12930] raylet_client.cc:336: Error reporting task backlog information: IOError: 
[2022-01-12 12:52:59,676 I 12652 12930] raylet_client.cc:336: Error reporting task backlog information: IOError: 
[2022-01-12 12:52:59,803 W 12652 12931] metric_exporter.cc:206: Export metrics to agent failed: IOError: . This won't affect Ray, but you can lose metrics from the cluster.
[2022-01-12 12:53:00,677 I 12652 12930] raylet_client.cc:336: Error reporting task backlog information: IOError: 
[2022-01-12 12:53:01,677 I 12652 12930] raylet_client.cc:336: Error reporting task backlog information: IOError: 
[2022-01-12 12:53:02,677 I 12652 12930] raylet_client.cc:336: Error reporting task backlog information: IOError: 
[2022-01-12 12:53:03,677 I 12652 12930] raylet_client.cc:336: Error reporting task backlog information: IOError: 
[2022-01-12 12:53:04,677 I 12652 12930] raylet_client.cc:336: Error reporting task backlog information: IOError: 
[2022-01-12 12:53:05,677 I 12652 12930] raylet_client.cc:336: Error reporting task backlog information: IOError: 
[2022-01-12 12:53:06,677 I 12652 12930] raylet_client.cc:336: Error reporting task backlog information: IOError: 
[2022-01-12 12:53:07,677 I 12652 12930] raylet_client.cc:336: Error reporting task backlog information: IOError: 
[2022-01-12 12:53:08,677 I 12652 12930] raylet_client.cc:336: Error reporting task backlog information: IOError: 
[2022-01-12 12:53:09,677 I 12652 12930] raylet_client.cc:336: Error reporting task backlog information: IOError: 
[2022-01-12 12:53:09,809 W 12652 12931] metric_exporter.cc:206: Export metrics to agent failed: IOError: . This won't affect Ray, but you can lose metrics from the cluster.
[2022-01-12 12:53:10,677 I 12652 12930] raylet_client.cc:336: Error reporting task backlog information: IOError: 
[2022-01-12 12:53:11,677 I 12652 12930] raylet_client.cc:336: Error reporting task backlog information: IOError: 
[2022-01-12 12:53:12,677 I 12652 12930] raylet_client.cc:336: Error reporting task backlog information: IOError: 
[2022-01-12 12:53:13,677 I 12652 12930] raylet_client.cc:336: Error reporting task backlog information: IOError: 
[2022-01-12 12:53:14,677 I 12652 12930] raylet_client.cc:336: Error reporting task backlog information: IOError: 
[2022-01-12 12:53:15,678 I 12652 12930] raylet_client.cc:336: Error reporting task backlog information: IOError: 
[2022-01-12 12:53:16,678 I 12652 12930] raylet_client.cc:336: Error reporting task backlog information: IOError: 
[2022-01-12 12:53:17,678 I 12652 12930] raylet_client.cc:336: Error reporting task backlog information: IOError: 
[2022-01-12 12:53:18,678 I 12652 12930] raylet_client.cc:336: Error reporting task backlog information: IOError: 
[2022-01-12 12:53:19,678 I 12652 12930] raylet_client.cc:336: Error reporting task backlog information: IOError: 
[2022-01-12 12:53:19,816 W 12652 12931] metric_exporter.cc:206: Export metrics to agent failed: IOError: . This won't affect Ray, but you can lose metrics from the cluster.
[2022-01-12 12:53:20,678 I 12652 12930] raylet_client.cc:336: Error reporting task backlog information: IOError: 
[2022-01-12 12:53:21,678 I 12652 12930] raylet_client.cc:336: Error reporting task backlog information: IOError: 
[2022-01-12 12:53:22,678 I 12652 12930] raylet_client.cc:336: Error reporting task backlog information: IOError: 
[2022-01-12 12:53:23,678 I 12652 12930] raylet_client.cc:336: Error reporting task backlog information: IOError: 
[2022-01-12 12:53:24,678 I 12652 12930] raylet_client.cc:336: Error reporting task backlog information: IOError: 
[2022-01-12 12:53:25,678 I 12652 12930] raylet_client.cc:336: Error reporting task backlog information: IOError: 
[2022-01-12 12:53:26,678 I 12652 12930] raylet_client.cc:336: Error reporting task backlog information: IOError: 
[2022-01-12 12:53:27,679 I 12652 12930] raylet_client.cc:336: Error reporting task backlog information: IOError: 
[2022-01-12 12:53:28,679 I 12652 12930] raylet_client.cc:336: Error reporting task backlog information: IOError: 
[2022-01-12 12:53:29,679 I 12652 12930] raylet_client.cc:336: Error reporting task backlog information: IOError: 
[2022-01-12 12:53:29,823 W 12652 12931] metric_exporter.cc:206: Export metrics to agent failed: IOError: . This won't affect Ray, but you can lose metrics from the cluster.
[2022-01-12 12:53:30,679 I 12652 12930] raylet_client.cc:336: Error reporting task backlog information: IOError: 
[2022-01-12 12:53:31,679 I 12652 12930] raylet_client.cc:336: Error reporting task backlog information: IOError: 
[2022-01-12 12:53:32,679 I 12652 12930] raylet_client.cc:336: Error reporting task backlog information: IOError: 
[2022-01-12 12:53:33,679 I 12652 12930] raylet_client.cc:336: Error reporting task backlog information: IOError: 
[2022-01-12 12:53:34,679 I 12652 12930] raylet_client.cc:336: Error reporting task backlog information: IOError: 
[2022-01-12 12:53:35,679 I 12652 12930] raylet_client.cc:336: Error reporting task backlog information: IOError: 
[2022-01-12 12:53:36,679 I 12652 12930] raylet_client.cc:336: Error reporting task backlog information: IOError: 
[2022-01-12 12:53:37,679 I 12652 12930] raylet_client.cc:336: Error reporting task backlog information: IOError: 
[2022-01-12 12:53:38,679 I 12652 12930] raylet_client.cc:336: Error reporting task backlog information: IOError: 
[2022-01-12 12:53:39,679 I 12652 12930] raylet_client.cc:336: Error reporting task backlog information: IOError: 
[2022-01-12 12:53:39,829 W 12652 12931] metric_exporter.cc:206: Export metrics to agent failed: IOError: . This won't affect Ray, but you can lose metrics from the cluster.
[2022-01-12 12:53:40,680 I 12652 12930] raylet_client.cc:336: Error reporting task backlog information: IOError: 
[2022-01-12 12:53:41,680 I 12652 12930] raylet_client.cc:336: Error reporting task backlog information: IOError: 
[2022-01-12 12:53:42,680 I 12652 12930] raylet_client.cc:336: Error reporting task backlog information: IOError: 
[2022-01-12 12:53:43,680 I 12652 12930] raylet_client.cc:336: Error reporting task backlog information: IOError: 
[2022-01-12 12:53:44,680 I 12652 12930] raylet_client.cc:336: Error reporting task backlog information: IOError: 
[2022-01-12 12:53:45,680 I 12652 12930] raylet_client.cc:336: Error reporting task backlog information: IOError: 
[2022-01-12 12:53:46,680 I 12652 12930] raylet_client.cc:336: Error reporting task backlog information: IOError: 
[2022-01-12 12:53:47,680 I 12652 12930] raylet_client.cc:336: Error reporting task backlog information: IOError: 
[2022-01-12 12:53:48,680 I 12652 12930] raylet_client.cc:336: Error reporting task backlog information: IOError: 
[2022-01-12 12:53:49,680 I 12652 12930] raylet_client.cc:336: Error reporting task backlog information: IOError: 
[2022-01-12 12:53:49,836 W 12652 12931] metric_exporter.cc:206: Export metrics to agent failed: IOError: . This won't affect Ray, but you can lose metrics from the cluster.
[2022-01-12 12:53:50,680 I 12652 12930] raylet_client.cc:336: Error reporting task backlog information: IOError: 
[2022-01-12 12:53:51,680 I 12652 12930] raylet_client.cc:336: Error reporting task backlog information: IOError: 
[2022-01-12 12:53:52,681 I 12652 12930] raylet_client.cc:336: Error reporting task backlog information: IOError: 
[2022-01-12 12:53:53,681 I 12652 12930] raylet_client.cc:336: Error reporting task backlog information: IOError: 
[2022-01-12 12:53:54,681 I 12652 12930] raylet_client.cc:336: Error reporting task backlog information: IOError: 
[2022-01-12 12:53:55,681 I 12652 12930] raylet_client.cc:336: Error reporting task backlog information: IOError: 
[2022-01-12 12:53:56,681 I 12652 12930] raylet_client.cc:336: Error reporting task backlog information: IOError: 
[2022-01-12 12:53:57,681 I 12652 12930] raylet_client.cc:336: Error reporting task backlog information: IOError: 
[2022-01-12 12:53:58,681 I 12652 12930] raylet_client.cc:336: Error reporting task backlog information: IOError: 
[2022-01-12 12:53:59,681 I 12652 12930] raylet_client.cc:336: Error reporting task backlog information: IOError: 
[2022-01-12 12:53:59,842 W 12652 12931] metric_exporter.cc:206: Export metrics to agent failed: IOError: . This won't affect Ray, but you can lose metrics from the cluster.
[2022-01-12 12:54:00,681 I 12652 12930] raylet_client.cc:336: Error reporting task backlog information: IOError: 
[2022-01-12 12:54:01,681 I 12652 12930] raylet_client.cc:336: Error reporting task backlog information: IOError: 
[2022-01-12 12:54:02,681 I 12652 12930] raylet_client.cc:336: Error reporting task backlog information: IOError: 
[2022-01-12 12:54:03,681 I 12652 12930] raylet_client.cc:336: Error reporting task backlog information: IOError: 
[2022-01-12 12:54:04,682 I 12652 12930] raylet_client.cc:336: Error reporting task backlog information: IOError: 
[2022-01-12 12:54:05,682 I 12652 12930] raylet_client.cc:336: Error reporting task backlog information: IOError: 
[2022-01-12 12:54:06,682 I 12652 12930] raylet_client.cc:336: Error reporting task backlog information: IOError: 
[2022-01-12 12:54:07,682 I 12652 12930] raylet_client.cc:336: Error reporting task backlog information: IOError: 
[2022-01-12 12:54:08,682 I 12652 12930] raylet_client.cc:336: Error reporting task backlog information: IOError: 
[2022-01-12 12:54:09,682 I 12652 12930] raylet_client.cc:336: Error reporting task backlog information: IOError: 
[2022-01-12 12:54:09,849 W 12652 12931] metric_exporter.cc:206: Export metrics to agent failed: IOError: . This won't affect Ray, but you can lose metrics from the cluster.
[2022-01-12 12:54:10,682 I 12652 12930] raylet_client.cc:336: Error reporting task backlog information: IOError: 
[2022-01-12 12:54:11,682 I 12652 12930] raylet_client.cc:336: Error reporting task backlog information: IOError: 
[2022-01-12 12:54:12,682 I 12652 12930] raylet_client.cc:336: Error reporting task backlog information: IOError: 
[2022-01-12 12:54:13,682 I 12652 12930] raylet_client.cc:336: Error reporting task backlog information: IOError: 
[2022-01-12 12:54:14,682 I 12652 12930] raylet_client.cc:336: Error reporting task backlog information: IOError: 
[2022-01-12 12:54:15,682 I 12652 12930] raylet_client.cc:336: Error reporting task backlog information: IOError: 
[2022-01-12 12:54:16,683 I 12652 12930] raylet_client.cc:336: Error reporting task backlog information: IOError: 
[2022-01-12 12:54:17,683 I 12652 12930] raylet_client.cc:336: Error reporting task backlog information: IOError: 
[2022-01-12 12:54:18,683 I 12652 12930] raylet_client.cc:336: Error reporting task backlog information: IOError: 
[2022-01-12 12:54:19,683 I 12652 12930] raylet_client.cc:336: Error reporting task backlog information: IOError: 
[2022-01-12 12:54:19,855 W 12652 12931] metric_exporter.cc:206: Export metrics to agent failed: IOError: . This won't affect Ray, but you can lose metrics from the cluster.
[2022-01-12 12:54:20,683 I 12652 12930] raylet_client.cc:336: Error reporting task backlog information: IOError: 
[2022-01-12 12:54:21,683 I 12652 12930] raylet_client.cc:336: Error reporting task backlog information: IOError: 
[2022-01-12 12:54:22,683 I 12652 12930] raylet_client.cc:336: Error reporting task backlog information: IOError: 
[2022-01-12 12:54:23,683 I 12652 12930] raylet_client.cc:336: Error reporting task backlog information: IOError: 
[2022-01-12 12:54:24,683 I 12652 12930] raylet_client.cc:336: Error reporting task backlog information: IOError: 
[2022-01-12 12:54:25,683 I 12652 12930] raylet_client.cc:336: Error reporting task backlog information: IOError: 
[2022-01-12 12:54:26,683 I 12652 12930] raylet_client.cc:336: Error reporting task backlog information: IOError: 
[2022-01-12 12:54:27,683 I 12652 12930] raylet_client.cc:336: Error reporting task backlog information: IOError: 
[2022-01-12 12:54:28,684 I 12652 12930] raylet_client.cc:336: Error reporting task backlog information: IOError: 
[2022-01-12 12:54:29,684 I 12652 12930] raylet_client.cc:336: Error reporting task backlog information: IOError: 
[2022-01-12 12:54:29,861 W 12652 12931] metric_exporter.cc:206: Export metrics to agent failed: IOError: . This won't affect Ray, but you can lose metrics from the cluster.
[2022-01-12 12:54:30,684 I 12652 12930] raylet_client.cc:336: Error reporting task backlog information: IOError: 
[2022-01-12 12:54:31,528 W 12652 12804] gcs_server_address_updater.cc:61: [301] Failed to get the gcs server address from raylet 301 times in a row. If it keeps failing to obtain the address, the worker might crash. Connection status IOError: 
[2022-01-12 12:54:31,684 I 12652 12930] raylet_client.cc:336: Error reporting task backlog information: IOError: 
[2022-01-12 12:54:32,684 I 12652 12930] raylet_client.cc:336: Error reporting task backlog information: IOError: 
[2022-01-12 12:54:33,684 I 12652 12930] raylet_client.cc:336: Error reporting task backlog information: IOError: 
[2022-01-12 12:54:34,684 I 12652 12930] raylet_client.cc:336: Error reporting task backlog information: IOError: 
[2022-01-12 12:54:35,684 I 12652 12930] raylet_client.cc:336: Error reporting task backlog information: IOError: 
[2022-01-12 12:54:36,684 I 12652 12930] raylet_client.cc:336: Error reporting task backlog information: IOError: 
[2022-01-12 12:54:37,684 I 12652 12930] raylet_client.cc:336: Error reporting task backlog information: IOError: 
[2022-01-12 12:54:38,684 I 12652 12930] raylet_client.cc:336: Error reporting task backlog information: IOError: 
[2022-01-12 12:54:39,684 I 12652 12930] raylet_client.cc:336: Error reporting task backlog information: IOError: 
[2022-01-12 12:54:39,867 W 12652 12931] metric_exporter.cc:206: Export metrics to agent failed: IOError: . This won't affect Ray, but you can lose metrics from the cluster.
[2022-01-12 12:54:40,685 I 12652 12930] raylet_client.cc:336: Error reporting task backlog information: IOError: 
[2022-01-12 12:54:41,685 I 12652 12930] raylet_client.cc:336: Error reporting task backlog information: IOError: 
[2022-01-12 12:54:42,685 I 12652 12930] raylet_client.cc:336: Error reporting task backlog information: IOError: 
[2022-01-12 12:54:43,685 I 12652 12930] raylet_client.cc:336: Error reporting task backlog information: IOError: 
[2022-01-12 12:54:44,685 I 12652 12930] raylet_client.cc:336: Error reporting task backlog information: IOError: 
[2022-01-12 12:54:45,685 I 12652 12930] raylet_client.cc:336: Error reporting task backlog information: IOError: 
[2022-01-12 12:54:46,685 I 12652 12930] raylet_client.cc:336: Error reporting task backlog information: IOError: 
[2022-01-12 12:54:47,685 I 12652 12930] raylet_client.cc:336: Error reporting task backlog information: IOError: 
[2022-01-12 12:54:48,685 I 12652 12930] raylet_client.cc:336: Error reporting task backlog information: IOError: 
[2022-01-12 12:54:49,685 I 12652 12930] raylet_client.cc:336: Error reporting task backlog information: IOError: 
[2022-01-12 12:54:49,874 W 12652 12931] metric_exporter.cc:206: Export metrics to agent failed: IOError: . This won't affect Ray, but you can lose metrics from the cluster.
[2022-01-12 12:54:50,685 I 12652 12930] raylet_client.cc:336: Error reporting task backlog information: IOError: 
[2022-01-12 12:54:51,685 I 12652 12930] raylet_client.cc:336: Error reporting task backlog information: IOError: 
[2022-01-12 12:54:52,685 I 12652 12930] raylet_client.cc:336: Error reporting task backlog information: IOError: 
[2022-01-12 12:54:53,686 I 12652 12930] raylet_client.cc:336: Error reporting task backlog information: IOError: 
[2022-01-12 12:54:54,686 I 12652 12930] raylet_client.cc:336: Error reporting task backlog information: IOError: 
[2022-01-12 12:54:55,686 I 12652 12930] raylet_client.cc:336: Error reporting task backlog information: IOError: 
[2022-01-12 12:54:56,686 I 12652 12930] raylet_client.cc:336: Error reporting task backlog information: IOError: 
[2022-01-12 12:54:57,686 I 12652 12930] raylet_client.cc:336: Error reporting task backlog information: IOError: 
[2022-01-12 12:54:58,686 I 12652 12930] raylet_client.cc:336: Error reporting task backlog information: IOError: 
[2022-01-12 12:54:59,686 I 12652 12930] raylet_client.cc:336: Error reporting task backlog information: IOError: 
[2022-01-12 12:54:59,880 W 12652 12931] metric_exporter.cc:206: Export metrics to agent failed: IOError: . This won't affect Ray, but you can lose metrics from the cluster.
[2022-01-12 12:55:00,686 I 12652 12930] raylet_client.cc:336: Error reporting task backlog information: IOError: 
[2022-01-12 12:55:01,686 I 12652 12930] raylet_client.cc:336: Error reporting task backlog information: IOError: 
[2022-01-12 12:55:02,686 I 12652 12930] raylet_client.cc:336: Error reporting task backlog information: IOError: 
[2022-01-12 12:55:03,686 I 12652 12930] raylet_client.cc:336: Error reporting task backlog information: IOError: 
[2022-01-12 12:55:04,686 I 12652 12930] raylet_client.cc:336: Error reporting task backlog information: IOError: 
[2022-01-12 12:55:05,686 I 12652 12930] raylet_client.cc:336: Error reporting task backlog information: IOError: 
[2022-01-12 12:55:06,687 I 12652 12930] raylet_client.cc:336: Error reporting task backlog information: IOError: 
[2022-01-12 12:55:07,687 I 12652 12930] raylet_client.cc:336: Error reporting task backlog information: IOError: 
[2022-01-12 12:55:08,687 I 12652 12930] raylet_client.cc:336: Error reporting task backlog information: IOError: 
[2022-01-12 12:55:09,687 I 12652 12930] raylet_client.cc:336: Error reporting task backlog information: IOError: 
[2022-01-12 12:55:09,886 W 12652 12931] metric_exporter.cc:206: Export metrics to agent failed: IOError: . This won't affect Ray, but you can lose metrics from the cluster.
[2022-01-12 12:55:10,687 I 12652 12930] raylet_client.cc:336: Error reporting task backlog information: IOError: 
[2022-01-12 12:55:11,687 I 12652 12930] raylet_client.cc:336: Error reporting task backlog information: IOError: 
[2022-01-12 12:55:12,687 I 12652 12930] raylet_client.cc:336: Error reporting task backlog information: IOError: 
[2022-01-12 12:55:13,687 I 12652 12930] raylet_client.cc:336: Error reporting task backlog information: IOError: 
[2022-01-12 12:55:14,687 I 12652 12930] raylet_client.cc:336: Error reporting task backlog information: IOError: 
[2022-01-12 12:55:15,687 I 12652 12930] raylet_client.cc:336: Error reporting task backlog information: IOError: 
[2022-01-12 12:55:16,687 I 12652 12930] raylet_client.cc:336: Error reporting task backlog information: IOError: 
[2022-01-12 12:55:17,687 I 12652 12930] raylet_client.cc:336: Error reporting task backlog information: IOError: 
[2022-01-12 12:55:18,688 I 12652 12930] raylet_client.cc:336: Error reporting task backlog information: IOError: 
[2022-01-12 12:55:19,688 I 12652 12930] raylet_client.cc:336: Error reporting task backlog information: IOError: 
[2022-01-12 12:55:19,893 W 12652 12931] metric_exporter.cc:206: Export metrics to agent failed: IOError: . This won't affect Ray, but you can lose metrics from the cluster.
[2022-01-12 12:55:20,688 I 12652 12930] raylet_client.cc:336: Error reporting task backlog information: IOError: 
[2022-01-12 12:55:21,688 I 12652 12930] raylet_client.cc:336: Error reporting task backlog information: IOError: 
[2022-01-12 12:55:22,688 I 12652 12930] raylet_client.cc:336: Error reporting task backlog information: IOError: 
[2022-01-12 12:55:23,688 I 12652 12930] raylet_client.cc:336: Error reporting task backlog information: IOError: 
[2022-01-12 12:55:24,688 I 12652 12930] raylet_client.cc:336: Error reporting task backlog information: IOError: 
[2022-01-12 12:55:25,688 I 12652 12930] raylet_client.cc:336: Error reporting task backlog information: IOError: 
[2022-01-12 12:55:26,688 I 12652 12930] raylet_client.cc:336: Error reporting task backlog information: IOError: 
[2022-01-12 12:55:27,688 I 12652 12930] raylet_client.cc:336: Error reporting task backlog information: IOError: 
[2022-01-12 12:55:28,688 I 12652 12930] raylet_client.cc:336: Error reporting task backlog information: IOError: 
[2022-01-12 12:55:29,688 I 12652 12930] raylet_client.cc:336: Error reporting task backlog information: IOError: 
[2022-01-12 12:55:29,899 W 12652 12931] metric_exporter.cc:206: Export metrics to agent failed: IOError: . This won't affect Ray, but you can lose metrics from the cluster.
[2022-01-12 12:55:30,688 I 12652 12930] raylet_client.cc:336: Error reporting task backlog information: IOError: 
[2022-01-12 12:55:31,689 I 12652 12930] raylet_client.cc:336: Error reporting task backlog information: IOError: 
[2022-01-12 12:55:32,689 I 12652 12930] raylet_client.cc:336: Error reporting task backlog information: IOError: 
[2022-01-12 12:55:33,689 I 12652 12930] raylet_client.cc:336: Error reporting task backlog information: IOError: 
[2022-01-12 12:55:34,689 I 12652 12930] raylet_client.cc:336: Error reporting task backlog information: IOError: 
[2022-01-12 12:55:35,689 I 12652 12930] raylet_client.cc:336: Error reporting task backlog information: IOError: 
[2022-01-12 12:55:36,689 I 12652 12930] raylet_client.cc:336: Error reporting task backlog information: IOError: 
[2022-01-12 12:55:37,689 I 12652 12930] raylet_client.cc:336: Error reporting task backlog information: IOError: 
[2022-01-12 12:55:38,689 I 12652 12930] raylet_client.cc:336: Error reporting task backlog information: IOError: 
[2022-01-12 12:55:39,689 I 12652 12930] raylet_client.cc:336: Error reporting task backlog information: IOError: 
[2022-01-12 12:55:39,906 W 12652 12931] metric_exporter.cc:206: Export metrics to agent failed: IOError: . This won't affect Ray, but you can lose metrics from the cluster.
[2022-01-12 12:55:40,689 I 12652 12930] raylet_client.cc:336: Error reporting task backlog information: IOError: 
[2022-01-12 12:55:41,689 I 12652 12930] raylet_client.cc:336: Error reporting task backlog information: IOError: 
[2022-01-12 12:55:42,689 I 12652 12930] raylet_client.cc:336: Error reporting task backlog information: IOError: 
[2022-01-12 12:55:43,689 I 12652 12930] raylet_client.cc:336: Error reporting task backlog information: IOError: 
[2022-01-12 12:55:44,690 I 12652 12930] raylet_client.cc:336: Error reporting task backlog information: IOError: 
[2022-01-12 12:55:45,690 I 12652 12930] raylet_client.cc:336: Error reporting task backlog information: IOError: 
[2022-01-12 12:55:46,690 I 12652 12930] raylet_client.cc:336: Error reporting task backlog information: IOError: 
[2022-01-12 12:55:47,690 I 12652 12930] raylet_client.cc:336: Error reporting task backlog information: IOError: 
[2022-01-12 12:55:48,690 I 12652 12930] raylet_client.cc:336: Error reporting task backlog information: IOError: 
[2022-01-12 12:55:49,690 I 12652 12930] raylet_client.cc:336: Error reporting task backlog information: IOError: 
[2022-01-12 12:55:49,912 W 12652 12931] metric_exporter.cc:206: Export metrics to agent failed: IOError: . This won't affect Ray, but you can lose metrics from the cluster.
[2022-01-12 12:55:50,690 I 12652 12930] raylet_client.cc:336: Error reporting task backlog information: IOError: 
[2022-01-12 12:55:51,690 I 12652 12930] raylet_client.cc:336: Error reporting task backlog information: IOError: 
[2022-01-12 12:55:52,690 I 12652 12930] raylet_client.cc:336: Error reporting task backlog information: IOError: 
[2022-01-12 12:55:53,690 I 12652 12930] raylet_client.cc:336: Error reporting task backlog information: IOError: 
[2022-01-12 12:55:54,690 I 12652 12930] raylet_client.cc:336: Error reporting task backlog information: IOError: 
[2022-01-12 12:55:55,691 I 12652 12930] raylet_client.cc:336: Error reporting task backlog information: IOError: 
[2022-01-12 12:55:56,691 I 12652 12930] raylet_client.cc:336: Error reporting task backlog information: IOError: 
[2022-01-12 12:55:57,691 I 12652 12930] raylet_client.cc:336: Error reporting task backlog information: IOError: 
[2022-01-12 12:55:58,691 I 12652 12930] raylet_client.cc:336: Error reporting task backlog information: IOError: 
[2022-01-12 12:55:59,691 I 12652 12930] raylet_client.cc:336: Error reporting task backlog information: IOError: 
[2022-01-12 12:55:59,919 W 12652 12931] metric_exporter.cc:206: Export metrics to agent failed: IOError: . This won't affect Ray, but you can lose metrics from the cluster.
[2022-01-12 12:56:00,691 I 12652 12930] raylet_client.cc:336: Error reporting task backlog information: IOError: 
[2022-01-12 12:56:01,691 I 12652 12930] raylet_client.cc:336: Error reporting task backlog information: IOError: 
[2022-01-12 12:56:02,691 I 12652 12930] raylet_client.cc:336: Error reporting task backlog information: IOError: 
[2022-01-12 12:56:03,691 I 12652 12930] raylet_client.cc:336: Error reporting task backlog information: IOError: 
[2022-01-12 12:56:04,691 I 12652 12930] raylet_client.cc:336: Error reporting task backlog information: IOError: 
[2022-01-12 12:56:05,691 I 12652 12930] raylet_client.cc:336: Error reporting task backlog information: IOError: 
[2022-01-12 12:56:06,691 I 12652 12930] raylet_client.cc:336: Error reporting task backlog information: IOError: 
[2022-01-12 12:56:07,691 I 12652 12930] raylet_client.cc:336: Error reporting task backlog information: IOError: 
[2022-01-12 12:56:08,692 I 12652 12930] raylet_client.cc:336: Error reporting task backlog information: IOError: 
[2022-01-12 12:56:09,692 I 12652 12930] raylet_client.cc:336: Error reporting task backlog information: IOError: 
[2022-01-12 12:56:09,925 W 12652 12931] metric_exporter.cc:206: Export metrics to agent failed: IOError: . This won't affect Ray, but you can lose metrics from the cluster.
[2022-01-12 12:56:10,692 I 12652 12930] raylet_client.cc:336: Error reporting task backlog information: IOError: 
[2022-01-12 12:56:11,692 I 12652 12930] raylet_client.cc:336: Error reporting task backlog information: IOError: 
[2022-01-12 12:56:12,692 I 12652 12930] raylet_client.cc:336: Error reporting task backlog information: IOError: 
[2022-01-12 12:56:13,692 I 12652 12930] raylet_client.cc:336: Error reporting task backlog information: IOError: 
[2022-01-12 12:56:14,692 I 12652 12930] raylet_client.cc:336: Error reporting task backlog information: IOError: 
[2022-01-12 12:56:15,692 I 12652 12930] raylet_client.cc:336: Error reporting task backlog information: IOError: 
[2022-01-12 12:56:16,692 I 12652 12930] raylet_client.cc:336: Error reporting task backlog information: IOError: 
[2022-01-12 12:56:17,692 I 12652 12930] raylet_client.cc:336: Error reporting task backlog information: IOError: 
[2022-01-12 12:56:18,692 I 12652 12930] raylet_client.cc:336: Error reporting task backlog information: IOError: 
[2022-01-12 12:56:19,693 I 12652 12930] raylet_client.cc:336: Error reporting task backlog information: IOError: 
[2022-01-12 12:56:19,933 W 12652 12931] metric_exporter.cc:206: Export metrics to agent failed: IOError: . This won't affect Ray, but you can lose metrics from the cluster.
[2022-01-12 12:56:20,693 I 12652 12930] raylet_client.cc:336: Error reporting task backlog information: IOError: 
[2022-01-12 12:56:21,693 I 12652 12930] raylet_client.cc:336: Error reporting task backlog information: IOError: 
[2022-01-12 12:56:22,693 I 12652 12930] raylet_client.cc:336: Error reporting task backlog information: IOError: 
[2022-01-12 12:56:23,693 I 12652 12930] raylet_client.cc:336: Error reporting task backlog information: IOError: 
[2022-01-12 12:56:24,693 I 12652 12930] raylet_client.cc:336: Error reporting task backlog information: IOError: 
[2022-01-12 12:56:25,693 I 12652 12930] raylet_client.cc:336: Error reporting task backlog information: IOError: 
[2022-01-12 12:56:26,693 I 12652 12930] raylet_client.cc:336: Error reporting task backlog information: IOError: 
[2022-01-12 12:56:27,693 I 12652 12930] raylet_client.cc:336: Error reporting task backlog information: IOError: 
[2022-01-12 12:56:28,693 I 12652 12930] raylet_client.cc:336: Error reporting task backlog information: IOError: 
[2022-01-12 12:56:29,693 I 12652 12930] raylet_client.cc:336: Error reporting task backlog information: IOError: 
[2022-01-12 12:56:29,940 W 12652 12931] metric_exporter.cc:206: Export metrics to agent failed: IOError: . This won't affect Ray, but you can lose metrics from the cluster.
[2022-01-12 12:56:30,693 I 12652 12930] raylet_client.cc:336: Error reporting task backlog information: IOError: 
[2022-01-12 12:56:31,694 I 12652 12930] raylet_client.cc:336: Error reporting task backlog information: IOError: 
[2022-01-12 12:56:32,694 I 12652 12930] raylet_client.cc:336: Error reporting task backlog information: IOError: 
[2022-01-12 12:56:33,694 I 12652 12930] raylet_client.cc:336: Error reporting task backlog information: IOError: 
[2022-01-12 12:56:34,694 I 12652 12930] raylet_client.cc:336: Error reporting task backlog information: IOError: 
[2022-01-12 12:56:35,694 I 12652 12930] raylet_client.cc:336: Error reporting task backlog information: IOError: 
[2022-01-12 12:56:36,694 I 12652 12930] raylet_client.cc:336: Error reporting task backlog information: IOError: 
[2022-01-12 12:56:37,694 I 12652 12930] raylet_client.cc:336: Error reporting task backlog information: IOError: 
[2022-01-12 12:56:38,694 I 12652 12930] raylet_client.cc:336: Error reporting task backlog information: IOError: 
[2022-01-12 12:56:39,694 I 12652 12930] raylet_client.cc:336: Error reporting task backlog information: IOError: 
[2022-01-12 12:56:39,947 W 12652 12931] metric_exporter.cc:206: Export metrics to agent failed: IOError: . This won't affect Ray, but you can lose metrics from the cluster.
[2022-01-12 12:56:40,694 I 12652 12930] raylet_client.cc:336: Error reporting task backlog information: IOError: 
[2022-01-12 12:56:41,694 I 12652 12930] raylet_client.cc:336: Error reporting task backlog information: IOError: 
[2022-01-12 12:56:42,695 I 12652 12930] raylet_client.cc:336: Error reporting task backlog information: IOError: 
[2022-01-12 12:56:43,695 I 12652 12930] raylet_client.cc:336: Error reporting task backlog information: IOError: 
[2022-01-12 12:56:44,695 I 12652 12930] raylet_client.cc:336: Error reporting task backlog information: IOError: 
[2022-01-12 12:56:45,695 I 12652 12930] raylet_client.cc:336: Error reporting task backlog information: IOError: 
[2022-01-12 12:56:46,695 I 12652 12930] raylet_client.cc:336: Error reporting task backlog information: IOError: 
[2022-01-12 12:56:47,695 I 12652 12930] raylet_client.cc:336: Error reporting task backlog information: IOError: 
[2022-01-12 12:56:48,695 I 12652 12930] raylet_client.cc:336: Error reporting task backlog information: IOError: 
[2022-01-12 12:56:49,695 I 12652 12930] raylet_client.cc:336: Error reporting task backlog information: IOError: 
[2022-01-12 12:56:49,954 W 12652 12931] metric_exporter.cc:206: Export metrics to agent failed: IOError: . This won't affect Ray, but you can lose metrics from the cluster.
[2022-01-12 12:56:50,695 I 12652 12930] raylet_client.cc:336: Error reporting task backlog information: IOError: 
[2022-01-12 12:56:51,695 I 12652 12930] raylet_client.cc:336: Error reporting task backlog information: IOError: 
[2022-01-12 12:56:52,696 I 12652 12930] raylet_client.cc:336: Error reporting task backlog information: IOError: 
[2022-01-12 12:56:53,696 I 12652 12930] raylet_client.cc:336: Error reporting task backlog information: IOError: 
[2022-01-12 12:56:54,696 I 12652 12930] raylet_client.cc:336: Error reporting task backlog information: IOError: 
[2022-01-12 12:56:55,696 I 12652 12930] raylet_client.cc:336: Error reporting task backlog information: IOError: 
[2022-01-12 12:56:56,696 I 12652 12930] raylet_client.cc:336: Error reporting task backlog information: IOError: 
[2022-01-12 12:56:57,696 I 12652 12930] raylet_client.cc:336: Error reporting task backlog information: IOError: 
[2022-01-12 12:56:58,696 I 12652 12930] raylet_client.cc:336: Error reporting task backlog information: IOError: 
[2022-01-12 12:56:59,696 I 12652 12930] raylet_client.cc:336: Error reporting task backlog information: IOError: 
[2022-01-12 12:56:59,961 W 12652 12931] metric_exporter.cc:206: Export metrics to agent failed: IOError: . This won't affect Ray, but you can lose metrics from the cluster.
[2022-01-12 12:57:00,696 I 12652 12930] raylet_client.cc:336: Error reporting task backlog information: IOError: 
[2022-01-12 12:57:01,696 I 12652 12930] raylet_client.cc:336: Error reporting task backlog information: IOError: 
[2022-01-12 12:57:02,696 I 12652 12930] raylet_client.cc:336: Error reporting task backlog information: IOError: 
[2022-01-12 12:57:03,696 I 12652 12930] raylet_client.cc:336: Error reporting task backlog information: IOError: 
[2022-01-12 12:57:04,697 I 12652 12930] raylet_client.cc:336: Error reporting task backlog information: IOError: 
[2022-01-12 12:57:05,697 I 12652 12930] raylet_client.cc:336: Error reporting task backlog information: IOError: 
[2022-01-12 12:57:06,697 I 12652 12930] raylet_client.cc:336: Error reporting task backlog information: IOError: 
[2022-01-12 12:57:07,697 I 12652 12930] raylet_client.cc:336: Error reporting task backlog information: IOError: 
[2022-01-12 12:57:08,697 I 12652 12930] raylet_client.cc:336: Error reporting task backlog information: IOError: 
[2022-01-12 12:57:09,697 I 12652 12930] raylet_client.cc:336: Error reporting task backlog information: IOError: 
[2022-01-12 12:57:09,968 W 12652 12931] metric_exporter.cc:206: Export metrics to agent failed: IOError: . This won't affect Ray, but you can lose metrics from the cluster.
[2022-01-12 12:57:10,697 I 12652 12930] raylet_client.cc:336: Error reporting task backlog information: IOError: 
[2022-01-12 12:57:11,697 I 12652 12930] raylet_client.cc:336: Error reporting task backlog information: IOError: 
[2022-01-12 12:57:12,697 I 12652 12930] raylet_client.cc:336: Error reporting task backlog information: IOError: 
[2022-01-12 12:57:13,697 I 12652 12930] raylet_client.cc:336: Error reporting task backlog information: IOError: 
[2022-01-12 12:57:14,697 I 12652 12930] raylet_client.cc:336: Error reporting task backlog information: IOError: 
[2022-01-12 12:57:15,697 I 12652 12930] raylet_client.cc:336: Error reporting task backlog information: IOError: 
[2022-01-12 12:57:16,697 I 12652 12930] raylet_client.cc:336: Error reporting task backlog information: IOError: 
[2022-01-12 12:57:17,697 I 12652 12930] raylet_client.cc:336: Error reporting task backlog information: IOError: 
[2022-01-12 12:57:18,698 I 12652 12930] raylet_client.cc:336: Error reporting task backlog information: IOError: 
[2022-01-12 12:57:19,698 I 12652 12930] raylet_client.cc:336: Error reporting task backlog information: IOError: 
[2022-01-12 12:57:19,975 W 12652 12931] metric_exporter.cc:206: Export metrics to agent failed: IOError: . This won't affect Ray, but you can lose metrics from the cluster.
[2022-01-12 12:57:20,698 I 12652 12930] raylet_client.cc:336: Error reporting task backlog information: IOError: 
[2022-01-12 12:57:21,698 I 12652 12930] raylet_client.cc:336: Error reporting task backlog information: IOError: 
[2022-01-12 12:57:22,698 I 12652 12930] raylet_client.cc:336: Error reporting task backlog information: IOError: 
[2022-01-12 12:57:23,698 I 12652 12930] raylet_client.cc:336: Error reporting task backlog information: IOError: 
[2022-01-12 12:57:24,698 I 12652 12930] raylet_client.cc:336: Error reporting task backlog information: IOError: 
[2022-01-12 12:57:25,698 I 12652 12930] raylet_client.cc:336: Error reporting task backlog information: IOError: 
[2022-01-12 12:57:26,698 I 12652 12930] raylet_client.cc:336: Error reporting task backlog information: IOError: 
[2022-01-12 12:57:27,698 I 12652 12930] raylet_client.cc:336: Error reporting task backlog information: IOError: 
[2022-01-12 12:57:28,698 I 12652 12930] raylet_client.cc:336: Error reporting task backlog information: IOError: 
[2022-01-12 12:57:29,698 I 12652 12930] raylet_client.cc:336: Error reporting task backlog information: IOError: 
[2022-01-12 12:57:29,989 W 12652 12931] metric_exporter.cc:206: Export metrics to agent failed: IOError: . This won't affect Ray, but you can lose metrics from the cluster.
[2022-01-12 12:57:30,698 I 12652 12930] raylet_client.cc:336: Error reporting task backlog information: IOError: 
[2022-01-12 12:57:31,699 I 12652 12930] raylet_client.cc:336: Error reporting task backlog information: IOError: 
[2022-01-12 12:57:32,699 I 12652 12930] raylet_client.cc:336: Error reporting task backlog information: IOError: 
[2022-01-12 12:57:33,699 I 12652 12930] raylet_client.cc:336: Error reporting task backlog information: IOError: 
[2022-01-12 12:57:34,699 I 12652 12930] raylet_client.cc:336: Error reporting task backlog information: IOError: 
[2022-01-12 12:57:35,699 I 12652 12930] raylet_client.cc:336: Error reporting task backlog information: IOError: 
[2022-01-12 12:57:36,699 I 12652 12930] raylet_client.cc:336: Error reporting task backlog information: IOError: 
[2022-01-12 12:57:37,699 I 12652 12930] raylet_client.cc:336: Error reporting task backlog information: IOError: 
[2022-01-12 12:57:38,699 I 12652 12930] raylet_client.cc:336: Error reporting task backlog information: IOError: 
[2022-01-12 12:57:39,699 I 12652 12930] raylet_client.cc:336: Error reporting task backlog information: IOError: 
[2022-01-12 12:57:39,996 W 12652 12931] metric_exporter.cc:206: Export metrics to agent failed: IOError: . This won't affect Ray, but you can lose metrics from the cluster.
[2022-01-12 12:57:40,699 I 12652 12930] raylet_client.cc:336: Error reporting task backlog information: IOError: 
[2022-01-12 12:57:41,699 I 12652 12930] raylet_client.cc:336: Error reporting task backlog information: IOError: 
[2022-01-12 12:57:42,699 I 12652 12930] raylet_client.cc:336: Error reporting task backlog information: IOError: 
[2022-01-12 12:57:43,699 I 12652 12930] raylet_client.cc:336: Error reporting task backlog information: IOError: 
[2022-01-12 12:57:44,699 I 12652 12930] raylet_client.cc:336: Error reporting task backlog information: IOError: 
[2022-01-12 12:57:45,700 I 12652 12930] raylet_client.cc:336: Error reporting task backlog information: IOError: 
[2022-01-12 12:57:46,700 I 12652 12930] raylet_client.cc:336: Error reporting task backlog information: IOError: 
[2022-01-12 12:57:47,700 I 12652 12930] raylet_client.cc:336: Error reporting task backlog information: IOError: 
[2022-01-12 12:57:48,700 I 12652 12930] raylet_client.cc:336: Error reporting task backlog information: IOError: 
[2022-01-12 12:57:49,700 I 12652 12930] raylet_client.cc:336: Error reporting task backlog information: IOError: 
[2022-01-12 12:57:50,003 W 12652 12931] metric_exporter.cc:206: Export metrics to agent failed: IOError: . This won't affect Ray, but you can lose metrics from the cluster.
[2022-01-12 12:57:50,700 I 12652 12930] raylet_client.cc:336: Error reporting task backlog information: IOError: 
[2022-01-12 12:57:51,700 I 12652 12930] raylet_client.cc:336: Error reporting task backlog information: IOError: 
[2022-01-12 12:57:52,700 I 12652 12930] raylet_client.cc:336: Error reporting task backlog information: IOError: 
[2022-01-12 12:57:53,700 I 12652 12930] raylet_client.cc:336: Error reporting task backlog information: IOError: 
[2022-01-12 12:57:54,700 I 12652 12930] raylet_client.cc:336: Error reporting task backlog information: IOError: 
[2022-01-12 12:57:55,700 I 12652 12930] raylet_client.cc:336: Error reporting task backlog information: IOError: 
[2022-01-12 12:57:56,700 I 12652 12930] raylet_client.cc:336: Error reporting task backlog information: IOError: 
[2022-01-12 12:57:57,700 I 12652 12930] raylet_client.cc:336: Error reporting task backlog information: IOError: 
[2022-01-12 12:57:58,701 I 12652 12930] raylet_client.cc:336: Error reporting task backlog information: IOError: 
[2022-01-12 12:57:59,701 I 12652 12930] raylet_client.cc:336: Error reporting task backlog information: IOError: 
[2022-01-12 12:58:00,010 W 12652 12931] metric_exporter.cc:206: Export metrics to agent failed: IOError: . This won't affect Ray, but you can lose metrics from the cluster.
[2022-01-12 12:58:00,701 I 12652 12930] raylet_client.cc:336: Error reporting task backlog information: IOError: 
[2022-01-12 12:58:01,701 I 12652 12930] raylet_client.cc:336: Error reporting task backlog information: IOError: 
[2022-01-12 12:58:02,701 I 12652 12930] raylet_client.cc:336: Error reporting task backlog information: IOError: 
[2022-01-12 12:58:03,701 I 12652 12930] raylet_client.cc:336: Error reporting task backlog information: IOError: 
[2022-01-12 12:58:04,701 I 12652 12930] raylet_client.cc:336: Error reporting task backlog information: IOError: 
[2022-01-12 12:58:05,701 I 12652 12930] raylet_client.cc:336: Error reporting task backlog information: IOError: 
[2022-01-12 12:58:06,701 I 12652 12930] raylet_client.cc:336: Error reporting task backlog information: IOError: 
[2022-01-12 12:58:07,701 I 12652 12930] raylet_client.cc:336: Error reporting task backlog information: IOError: 
[2022-01-12 12:58:08,701 I 12652 12930] raylet_client.cc:336: Error reporting task backlog information: IOError: 
[2022-01-12 12:58:09,701 I 12652 12930] raylet_client.cc:336: Error reporting task backlog information: IOError: 
[2022-01-12 12:58:10,017 W 12652 12931] metric_exporter.cc:206: Export metrics to agent failed: IOError: . This won't affect Ray, but you can lose metrics from the cluster.
[2022-01-12 12:58:10,701 I 12652 12930] raylet_client.cc:336: Error reporting task backlog information: IOError: 
[2022-01-12 12:58:11,702 I 12652 12930] raylet_client.cc:336: Error reporting task backlog information: IOError: 
[2022-01-12 12:58:12,702 I 12652 12930] raylet_client.cc:336: Error reporting task backlog information: IOError: 
[2022-01-12 12:58:13,702 I 12652 12930] raylet_client.cc:336: Error reporting task backlog information: IOError: 
[2022-01-12 12:58:14,702 I 12652 12930] raylet_client.cc:336: Error reporting task backlog information: IOError: 
[2022-01-12 12:58:15,702 I 12652 12930] raylet_client.cc:336: Error reporting task backlog information: IOError: 
[2022-01-12 12:58:16,702 I 12652 12930] raylet_client.cc:336: Error reporting task backlog information: IOError: 
[2022-01-12 12:58:17,702 I 12652 12930] raylet_client.cc:336: Error reporting task backlog information: IOError: 
[2022-01-12 12:58:18,702 I 12652 12930] raylet_client.cc:336: Error reporting task backlog information: IOError: 
[2022-01-12 12:58:19,702 I 12652 12930] raylet_client.cc:336: Error reporting task backlog information: IOError: 
[2022-01-12 12:58:20,024 W 12652 12931] metric_exporter.cc:206: Export metrics to agent failed: IOError: . This won't affect Ray, but you can lose metrics from the cluster.
[2022-01-12 12:58:20,702 I 12652 12930] raylet_client.cc:336: Error reporting task backlog information: IOError: 
[2022-01-12 12:58:21,702 I 12652 12930] raylet_client.cc:336: Error reporting task backlog information: IOError: 
[2022-01-12 12:58:22,702 I 12652 12930] raylet_client.cc:336: Error reporting task backlog information: IOError: 
[2022-01-12 12:58:23,702 I 12652 12930] raylet_client.cc:336: Error reporting task backlog information: IOError: 
[2022-01-12 12:58:24,703 I 12652 12930] raylet_client.cc:336: Error reporting task backlog information: IOError: 
[2022-01-12 12:58:25,703 I 12652 12930] raylet_client.cc:336: Error reporting task backlog information: IOError: 
[2022-01-12 12:58:26,703 I 12652 12930] raylet_client.cc:336: Error reporting task backlog information: IOError: 
[2022-01-12 12:58:27,703 I 12652 12930] raylet_client.cc:336: Error reporting task backlog information: IOError: 
[2022-01-12 12:58:28,703 I 12652 12930] raylet_client.cc:336: Error reporting task backlog information: IOError: 
[2022-01-12 12:58:29,703 I 12652 12930] raylet_client.cc:336: Error reporting task backlog information: IOError: 
[2022-01-12 12:58:30,032 W 12652 12931] metric_exporter.cc:206: Export metrics to agent failed: IOError: . This won't affect Ray, but you can lose metrics from the cluster.
[2022-01-12 12:58:30,704 I 12652 12930] raylet_client.cc:336: Error reporting task backlog information: IOError: 
[2022-01-12 12:58:31,704 I 12652 12930] raylet_client.cc:336: Error reporting task backlog information: IOError: 
[2022-01-12 12:58:32,704 I 12652 12930] raylet_client.cc:336: Error reporting task backlog information: IOError: 
[2022-01-12 12:58:33,704 I 12652 12930] raylet_client.cc:336: Error reporting task backlog information: IOError: 
[2022-01-12 12:58:34,704 I 12652 12930] raylet_client.cc:336: Error reporting task backlog information: IOError: 
[2022-01-12 12:58:35,704 I 12652 12930] raylet_client.cc:336: Error reporting task backlog information: IOError: 
[2022-01-12 12:58:36,704 I 12652 12930] raylet_client.cc:336: Error reporting task backlog information: IOError: 
[2022-01-12 12:58:37,705 I 12652 12930] raylet_client.cc:336: Error reporting task backlog information: IOError: 
[2022-01-12 12:58:38,705 I 12652 12930] raylet_client.cc:336: Error reporting task backlog information: IOError: 
[2022-01-12 12:58:39,705 I 12652 12930] raylet_client.cc:336: Error reporting task backlog information: IOError: 
[2022-01-12 12:58:40,042 W 12652 12931] metric_exporter.cc:206: Export metrics to agent failed: IOError: . This won't affect Ray, but you can lose metrics from the cluster.
[2022-01-12 12:58:40,705 I 12652 12930] raylet_client.cc:336: Error reporting task backlog information: IOError: 
[2022-01-12 12:58:41,706 I 12652 12930] raylet_client.cc:336: Error reporting task backlog information: IOError: 
[2022-01-12 12:58:42,706 I 12652 12930] raylet_client.cc:336: Error reporting task backlog information: IOError: 
[2022-01-12 12:58:43,706 I 12652 12930] raylet_client.cc:336: Error reporting task backlog information: IOError: 
[2022-01-12 12:58:44,706 I 12652 12930] raylet_client.cc:336: Error reporting task backlog information: IOError: 
[2022-01-12 12:58:45,707 I 12652 12930] raylet_client.cc:336: Error reporting task backlog information: IOError: 
[2022-01-12 12:58:46,707 I 12652 12930] raylet_client.cc:336: Error reporting task backlog information: IOError: 
[2022-01-12 12:58:47,708 I 12652 12930] raylet_client.cc:336: Error reporting task backlog information: IOError: 
[2022-01-12 12:58:48,708 I 12652 12930] raylet_client.cc:336: Error reporting task backlog information: IOError: 
[2022-01-12 12:58:49,708 I 12652 12930] raylet_client.cc:336: Error reporting task backlog information: IOError: 
[2022-01-12 12:58:50,054 W 12652 12931] metric_exporter.cc:206: Export metrics to agent failed: IOError: . This won't affect Ray, but you can lose metrics from the cluster.
[2022-01-12 12:58:50,708 I 12652 12930] raylet_client.cc:336: Error reporting task backlog information: IOError: 
[2022-01-12 12:58:51,709 I 12652 12930] raylet_client.cc:336: Error reporting task backlog information: IOError: 
[2022-01-12 12:58:52,709 I 12652 12930] raylet_client.cc:336: Error reporting task backlog information: IOError: 
[2022-01-12 12:58:53,709 I 12652 12930] raylet_client.cc:336: Error reporting task backlog information: IOError: 
[2022-01-12 12:58:54,709 I 12652 12930] raylet_client.cc:336: Error reporting task backlog information: IOError: 
[2022-01-12 12:58:55,709 I 12652 12930] raylet_client.cc:336: Error reporting task backlog information: IOError: 
[2022-01-12 12:58:56,709 I 12652 12930] raylet_client.cc:336: Error reporting task backlog information: IOError: 
[2022-01-12 12:58:57,710 I 12652 12930] raylet_client.cc:336: Error reporting task backlog information: IOError: 
[2022-01-12 12:58:58,710 I 12652 12930] raylet_client.cc:336: Error reporting task backlog information: IOError: 
[2022-01-12 12:58:59,710 I 12652 12930] raylet_client.cc:336: Error reporting task backlog information: IOError: 
[2022-01-12 12:59:00,064 W 12652 12931] metric_exporter.cc:206: Export metrics to agent failed: IOError: . This won't affect Ray, but you can lose metrics from the cluster.
[2022-01-12 12:59:00,710 I 12652 12930] raylet_client.cc:336: Error reporting task backlog information: IOError: 
[2022-01-12 12:59:01,711 I 12652 12930] raylet_client.cc:336: Error reporting task backlog information: IOError: 
[2022-01-12 12:59:02,711 I 12652 12930] raylet_client.cc:336: Error reporting task backlog information: IOError: 
[2022-01-12 12:59:03,711 I 12652 12930] raylet_client.cc:336: Error reporting task backlog information: IOError: 
[2022-01-12 12:59:04,711 I 12652 12930] raylet_client.cc:336: Error reporting task backlog information: IOError: 
[2022-01-12 12:59:05,712 I 12652 12930] raylet_client.cc:336: Error reporting task backlog information: IOError: 
[2022-01-12 12:59:06,712 I 12652 12930] raylet_client.cc:336: Error reporting task backlog information: IOError: 
[2022-01-12 12:59:07,712 I 12652 12930] raylet_client.cc:336: Error reporting task backlog information: IOError: 
[2022-01-12 12:59:08,712 I 12652 12930] raylet_client.cc:336: Error reporting task backlog information: IOError: 
[2022-01-12 12:59:09,713 I 12652 12930] raylet_client.cc:336: Error reporting task backlog information: IOError: 
[2022-01-12 12:59:10,075 W 12652 12931] metric_exporter.cc:206: Export metrics to agent failed: IOError: . This won't affect Ray, but you can lose metrics from the cluster.
[2022-01-12 12:59:10,713 I 12652 12930] raylet_client.cc:336: Error reporting task backlog information: IOError: 
[2022-01-12 12:59:11,713 I 12652 12930] raylet_client.cc:336: Error reporting task backlog information: IOError: 
[2022-01-12 12:59:12,713 I 12652 12930] raylet_client.cc:336: Error reporting task backlog information: IOError: 
[2022-01-12 12:59:13,714 I 12652 12930] raylet_client.cc:336: Error reporting task backlog information: IOError: 
[2022-01-12 12:59:14,714 I 12652 12930] raylet_client.cc:336: Error reporting task backlog information: IOError: 
[2022-01-12 12:59:15,714 I 12652 12930] raylet_client.cc:336: Error reporting task backlog information: IOError: 
[2022-01-12 12:59:16,714 I 12652 12930] raylet_client.cc:336: Error reporting task backlog information: IOError: 
[2022-01-12 12:59:17,715 I 12652 12930] raylet_client.cc:336: Error reporting task backlog information: IOError: 
[2022-01-12 12:59:18,715 I 12652 12930] raylet_client.cc:336: Error reporting task backlog information: IOError: 
[2022-01-12 12:59:19,715 I 12652 12930] raylet_client.cc:336: Error reporting task backlog information: IOError: 
[2022-01-12 12:59:20,086 W 12652 12931] metric_exporter.cc:206: Export metrics to agent failed: IOError: . This won't affect Ray, but you can lose metrics from the cluster.
[2022-01-12 12:59:20,716 I 12652 12930] raylet_client.cc:336: Error reporting task backlog information: IOError: 
[2022-01-12 12:59:21,716 I 12652 12930] raylet_client.cc:336: Error reporting task backlog information: IOError: 
[2022-01-12 12:59:22,716 I 12652 12930] raylet_client.cc:336: Error reporting task backlog information: IOError: 
[2022-01-12 12:59:23,716 I 12652 12930] raylet_client.cc:336: Error reporting task backlog information: IOError: 
[2022-01-12 12:59:24,717 I 12652 12930] raylet_client.cc:336: Error reporting task backlog information: IOError: 
[2022-01-12 12:59:25,717 I 12652 12930] raylet_client.cc:336: Error reporting task backlog information: IOError: 
[2022-01-12 12:59:26,717 I 12652 12930] raylet_client.cc:336: Error reporting task backlog information: IOError: 
[2022-01-12 12:59:27,717 I 12652 12930] raylet_client.cc:336: Error reporting task backlog information: IOError: 
[2022-01-12 12:59:28,718 I 12652 12930] raylet_client.cc:336: Error reporting task backlog information: IOError: 
[2022-01-12 12:59:29,718 I 12652 12930] raylet_client.cc:336: Error reporting task backlog information: IOError: 
[2022-01-12 12:59:30,096 W 12652 12931] metric_exporter.cc:206: Export metrics to agent failed: IOError: . This won't affect Ray, but you can lose metrics from the cluster.
[2022-01-12 12:59:30,557 E 12652 12804] gcs_server_address_updater.cc:76: Failed to receive the GCS address for 600 times without success. The worker will exit ungracefully. It is because GCS has died. It could be because there was an issue that kills GCS, such as high memory usage triggering OOM killer to kill GCS. Cluster will be highly likely unavailable if you see this log. Please check the log from gcs_server.err.
