2022-01-12 12:31:51,518	INFO log_monitor.py:190 -- Beginning to track file raylet.err
2022-01-12 12:31:51,518	INFO log_monitor.py:190 -- Beginning to track file gcs_server.err
2022-01-12 12:31:51,518	INFO log_monitor.py:190 -- Beginning to track file monitor.log
2022-01-12 12:31:51,821	INFO log_monitor.py:190 -- Beginning to track file worker-5e9c4634950f445c601b8c2bcbe110234f8bb8575705f73907d4c939-01000000-166386.err
2022-01-12 12:31:51,821	INFO log_monitor.py:190 -- Beginning to track file worker-5e9c4634950f445c601b8c2bcbe110234f8bb8575705f73907d4c939-01000000-166386.out
2022-01-12 12:31:51,922	INFO log_monitor.py:190 -- Beginning to track file worker-84a9042f80acf3aa4fab8c8f00caa815f3b64f8e05ad236b32c5262b-01000000-166388.out
2022-01-12 12:31:51,922	INFO log_monitor.py:190 -- Beginning to track file worker-84a9042f80acf3aa4fab8c8f00caa815f3b64f8e05ad236b32c5262b-01000000-166388.err
2022-01-12 12:31:51,922	INFO log_monitor.py:190 -- Beginning to track file worker-600c6feb4937aef111bcc44855e7b48d03ba4fc523c34895f16d782e-01000000-166400.out
2022-01-12 12:31:51,922	INFO log_monitor.py:190 -- Beginning to track file worker-f696c3ab124133a5236818bbfffb2599048ec0f89dbff79feaec1a99-01000000-166391.out
2022-01-12 12:31:51,922	INFO log_monitor.py:190 -- Beginning to track file worker-a74e11abb3cdf69b903001cee0b9c14ccbce3c44c997db127e9c76fd-01000000-166394.err
2022-01-12 12:31:51,922	INFO log_monitor.py:190 -- Beginning to track file worker-67859b5183945767bd6df61ebb28cfce8b8218f48522d1fbc44660b8-01000000-166387.out
2022-01-12 12:31:51,922	INFO log_monitor.py:190 -- Beginning to track file worker-07e3637155933485f9ef68455fe661b5932644b99a28bd1ebb4dc58a-01000000-166385.err
2022-01-12 12:31:51,922	INFO log_monitor.py:190 -- Beginning to track file worker-88ce7f2a666e4876ac00c90fd959ba7d5b623d87ed98a79f67d7626b-01000000-166389.err
2022-01-12 12:31:51,922	INFO log_monitor.py:190 -- Beginning to track file worker-600c6feb4937aef111bcc44855e7b48d03ba4fc523c34895f16d782e-01000000-166400.err
2022-01-12 12:31:51,922	INFO log_monitor.py:190 -- Beginning to track file worker-f696c3ab124133a5236818bbfffb2599048ec0f89dbff79feaec1a99-01000000-166391.err
2022-01-12 12:31:51,922	INFO log_monitor.py:190 -- Beginning to track file worker-88ce7f2a666e4876ac00c90fd959ba7d5b623d87ed98a79f67d7626b-01000000-166389.out
2022-01-12 12:31:51,922	INFO log_monitor.py:190 -- Beginning to track file worker-07e3637155933485f9ef68455fe661b5932644b99a28bd1ebb4dc58a-01000000-166385.out
2022-01-12 12:31:51,922	INFO log_monitor.py:190 -- Beginning to track file worker-a74e11abb3cdf69b903001cee0b9c14ccbce3c44c997db127e9c76fd-01000000-166394.out
2022-01-12 12:31:51,923	INFO log_monitor.py:190 -- Beginning to track file worker-67859b5183945767bd6df61ebb28cfce8b8218f48522d1fbc44660b8-01000000-166387.err
2022-01-12 12:31:52,023	INFO log_monitor.py:190 -- Beginning to track file worker-622afcd5d2bd05aa1e8dd51ec8004951414202bff940f2a3eb3cd76f-01000000-166390.out
2022-01-12 12:31:52,023	INFO log_monitor.py:190 -- Beginning to track file worker-1896ca905f1bebeaa2d22af03c1768a98892c40642dd9e1e889359c8-01000000-166397.out
2022-01-12 12:31:52,024	INFO log_monitor.py:190 -- Beginning to track file worker-622afcd5d2bd05aa1e8dd51ec8004951414202bff940f2a3eb3cd76f-01000000-166390.err
2022-01-12 12:31:52,024	INFO log_monitor.py:190 -- Beginning to track file worker-0e092e5320c473d271c717bc70f33dcb00073970efcf4dea1b57577f-01000000-166392.out
2022-01-12 12:31:52,024	INFO log_monitor.py:190 -- Beginning to track file worker-0e092e5320c473d271c717bc70f33dcb00073970efcf4dea1b57577f-01000000-166392.err
2022-01-12 12:31:52,024	INFO log_monitor.py:190 -- Beginning to track file worker-0b1502677f47192bc1dc7e89dc9f8b225b8947594c72d73d1648f735-01000000-166393.out
2022-01-12 12:31:52,024	INFO log_monitor.py:190 -- Beginning to track file worker-1896ca905f1bebeaa2d22af03c1768a98892c40642dd9e1e889359c8-01000000-166397.err
2022-01-12 12:31:52,024	INFO log_monitor.py:190 -- Beginning to track file worker-0b1502677f47192bc1dc7e89dc9f8b225b8947594c72d73d1648f735-01000000-166393.err
