[2022-01-12 12:51:05,318 I 14163 14163] core_worker.cc:132: Constructing CoreWorkerProcess. pid: 14163
[2022-01-12 12:51:05,320 I 14163 14163] grpc_server.cc:112: worker server started, listening on port 44797.
[2022-01-12 12:51:05,324 I 14163 14163] core_worker.cc:479: Initializing worker at address: 131.215.21.210:44797, worker ID 5d89e0df14da832248d8962ae7f81152e3b3a193bebbae6fcb5bf4af, raylet a687a93d7b36d8f816467cc4bdb39544aa3d9b26963e6e16af31676e
[2022-01-12 12:51:05,480 I 14163 14163] io_service_pool.cc:35: IOServicePool is running with 1 io_service.
[2022-01-12 12:51:05,481 I 14163 14474] accessor.cc:560: Received notification for node id = a687a93d7b36d8f816467cc4bdb39544aa3d9b26963e6e16af31676e, IsAlive = 1
[2022-01-12 12:52:23,332 W 14163 14366] gcs_server_address_updater.cc:61: [1] Failed to get the gcs server address from raylet 1 times in a row. If it keeps failing to obtain the address, the worker might crash. Connection status IOError: 
[2022-01-12 12:52:24,332 I 14163 14474] raylet_client.cc:336: Error reporting task backlog information: IOError: 
[2022-01-12 12:52:24,490 I 14163 14474] raylet_client.cc:336: Error reporting task backlog information: IOError: 
[2022-01-12 12:52:25,490 I 14163 14474] raylet_client.cc:336: Error reporting task backlog information: IOError: 
[2022-01-12 12:52:25,538 W 14163 14475] metric_exporter.cc:206: Export metrics to agent failed: IOError: . This won't affect Ray, but you can lose metrics from the cluster.
[2022-01-12 12:52:26,490 I 14163 14474] raylet_client.cc:336: Error reporting task backlog information: IOError: 
[2022-01-12 12:52:27,490 I 14163 14474] raylet_client.cc:336: Error reporting task backlog information: IOError: 
[2022-01-12 12:52:28,490 I 14163 14474] raylet_client.cc:336: Error reporting task backlog information: IOError: 
[2022-01-12 12:52:29,490 I 14163 14474] raylet_client.cc:336: Error reporting task backlog information: IOError: 
[2022-01-12 12:52:30,490 I 14163 14474] raylet_client.cc:336: Error reporting task backlog information: IOError: 
[2022-01-12 12:52:31,490 I 14163 14474] raylet_client.cc:336: Error reporting task backlog information: IOError: 
[2022-01-12 12:52:32,490 I 14163 14474] raylet_client.cc:336: Error reporting task backlog information: IOError: 
[2022-01-12 12:52:33,491 I 14163 14474] raylet_client.cc:336: Error reporting task backlog information: IOError: 
[2022-01-12 12:52:34,491 I 14163 14474] raylet_client.cc:336: Error reporting task backlog information: IOError: 
[2022-01-12 12:52:35,491 I 14163 14474] raylet_client.cc:336: Error reporting task backlog information: IOError: 
[2022-01-12 12:52:35,545 W 14163 14475] metric_exporter.cc:206: Export metrics to agent failed: IOError: . This won't affect Ray, but you can lose metrics from the cluster.
[2022-01-12 12:52:36,491 I 14163 14474] raylet_client.cc:336: Error reporting task backlog information: IOError: 
[2022-01-12 12:52:37,491 I 14163 14474] raylet_client.cc:336: Error reporting task backlog information: IOError: 
[2022-01-12 12:52:38,491 I 14163 14474] raylet_client.cc:336: Error reporting task backlog information: IOError: 
[2022-01-12 12:52:39,491 I 14163 14474] raylet_client.cc:336: Error reporting task backlog information: IOError: 
[2022-01-12 12:52:40,491 I 14163 14474] raylet_client.cc:336: Error reporting task backlog information: IOError: 
[2022-01-12 12:52:41,491 I 14163 14474] raylet_client.cc:336: Error reporting task backlog information: IOError: 
[2022-01-12 12:52:42,491 I 14163 14474] raylet_client.cc:336: Error reporting task backlog information: IOError: 
[2022-01-12 12:52:43,491 I 14163 14474] raylet_client.cc:336: Error reporting task backlog information: IOError: 
[2022-01-12 12:52:44,491 I 14163 14474] raylet_client.cc:336: Error reporting task backlog information: IOError: 
[2022-01-12 12:52:45,492 I 14163 14474] raylet_client.cc:336: Error reporting task backlog information: IOError: 
[2022-01-12 12:52:45,552 W 14163 14475] metric_exporter.cc:206: Export metrics to agent failed: IOError: . This won't affect Ray, but you can lose metrics from the cluster.
[2022-01-12 12:52:46,492 I 14163 14474] raylet_client.cc:336: Error reporting task backlog information: IOError: 
[2022-01-12 12:52:47,492 I 14163 14474] raylet_client.cc:336: Error reporting task backlog information: IOError: 
[2022-01-12 12:52:48,492 I 14163 14474] raylet_client.cc:336: Error reporting task backlog information: IOError: 
[2022-01-12 12:52:49,492 I 14163 14474] raylet_client.cc:336: Error reporting task backlog information: IOError: 
[2022-01-12 12:52:50,492 I 14163 14474] raylet_client.cc:336: Error reporting task backlog information: IOError: 
[2022-01-12 12:52:51,492 I 14163 14474] raylet_client.cc:336: Error reporting task backlog information: IOError: 
[2022-01-12 12:52:52,492 I 14163 14474] raylet_client.cc:336: Error reporting task backlog information: IOError: 
[2022-01-12 12:52:53,492 I 14163 14474] raylet_client.cc:336: Error reporting task backlog information: IOError: 
[2022-01-12 12:52:54,493 I 14163 14474] raylet_client.cc:336: Error reporting task backlog information: IOError: 
[2022-01-12 12:52:55,493 I 14163 14474] raylet_client.cc:336: Error reporting task backlog information: IOError: 
[2022-01-12 12:52:55,563 W 14163 14475] metric_exporter.cc:206: Export metrics to agent failed: IOError: . This won't affect Ray, but you can lose metrics from the cluster.
[2022-01-12 12:52:56,493 I 14163 14474] raylet_client.cc:336: Error reporting task backlog information: IOError: 
[2022-01-12 12:52:57,493 I 14163 14474] raylet_client.cc:336: Error reporting task backlog information: IOError: 
[2022-01-12 12:52:58,493 I 14163 14474] raylet_client.cc:336: Error reporting task backlog information: IOError: 
[2022-01-12 12:52:59,493 I 14163 14474] raylet_client.cc:336: Error reporting task backlog information: IOError: 
[2022-01-12 12:53:00,493 I 14163 14474] raylet_client.cc:336: Error reporting task backlog information: IOError: 
[2022-01-12 12:53:01,493 I 14163 14474] raylet_client.cc:336: Error reporting task backlog information: IOError: 
[2022-01-12 12:53:02,493 I 14163 14474] raylet_client.cc:336: Error reporting task backlog information: IOError: 
[2022-01-12 12:53:03,493 I 14163 14474] raylet_client.cc:336: Error reporting task backlog information: IOError: 
[2022-01-12 12:53:04,493 I 14163 14474] raylet_client.cc:336: Error reporting task backlog information: IOError: 
[2022-01-12 12:53:05,493 I 14163 14474] raylet_client.cc:336: Error reporting task backlog information: IOError: 
[2022-01-12 12:53:05,570 W 14163 14475] metric_exporter.cc:206: Export metrics to agent failed: IOError: . This won't affect Ray, but you can lose metrics from the cluster.
[2022-01-12 12:53:06,494 I 14163 14474] raylet_client.cc:336: Error reporting task backlog information: IOError: 
[2022-01-12 12:53:07,494 I 14163 14474] raylet_client.cc:336: Error reporting task backlog information: IOError: 
[2022-01-12 12:53:08,494 I 14163 14474] raylet_client.cc:336: Error reporting task backlog information: IOError: 
[2022-01-12 12:53:09,494 I 14163 14474] raylet_client.cc:336: Error reporting task backlog information: IOError: 
[2022-01-12 12:53:10,494 I 14163 14474] raylet_client.cc:336: Error reporting task backlog information: IOError: 
[2022-01-12 12:53:11,494 I 14163 14474] raylet_client.cc:336: Error reporting task backlog information: IOError: 
[2022-01-12 12:53:12,494 I 14163 14474] raylet_client.cc:336: Error reporting task backlog information: IOError: 
[2022-01-12 12:53:13,494 I 14163 14474] raylet_client.cc:336: Error reporting task backlog information: IOError: 
[2022-01-12 12:53:14,494 I 14163 14474] raylet_client.cc:336: Error reporting task backlog information: IOError: 
[2022-01-12 12:53:15,494 I 14163 14474] raylet_client.cc:336: Error reporting task backlog information: IOError: 
[2022-01-12 12:53:15,576 W 14163 14475] metric_exporter.cc:206: Export metrics to agent failed: IOError: . This won't affect Ray, but you can lose metrics from the cluster.
[2022-01-12 12:53:16,494 I 14163 14474] raylet_client.cc:336: Error reporting task backlog information: IOError: 
[2022-01-12 12:53:17,494 I 14163 14474] raylet_client.cc:336: Error reporting task backlog information: IOError: 
[2022-01-12 12:53:18,495 I 14163 14474] raylet_client.cc:336: Error reporting task backlog information: IOError: 
[2022-01-12 12:53:19,495 I 14163 14474] raylet_client.cc:336: Error reporting task backlog information: IOError: 
[2022-01-12 12:53:20,495 I 14163 14474] raylet_client.cc:336: Error reporting task backlog information: IOError: 
[2022-01-12 12:53:21,495 I 14163 14474] raylet_client.cc:336: Error reporting task backlog information: IOError: 
[2022-01-12 12:53:22,495 I 14163 14474] raylet_client.cc:336: Error reporting task backlog information: IOError: 
[2022-01-12 12:53:23,495 I 14163 14474] raylet_client.cc:336: Error reporting task backlog information: IOError: 
[2022-01-12 12:53:24,495 I 14163 14474] raylet_client.cc:336: Error reporting task backlog information: IOError: 
[2022-01-12 12:53:25,495 I 14163 14474] raylet_client.cc:336: Error reporting task backlog information: IOError: 
[2022-01-12 12:53:25,583 W 14163 14475] metric_exporter.cc:206: Export metrics to agent failed: IOError: . This won't affect Ray, but you can lose metrics from the cluster.
[2022-01-12 12:53:26,495 I 14163 14474] raylet_client.cc:336: Error reporting task backlog information: IOError: 
[2022-01-12 12:53:27,495 I 14163 14474] raylet_client.cc:336: Error reporting task backlog information: IOError: 
[2022-01-12 12:53:28,495 I 14163 14474] raylet_client.cc:336: Error reporting task backlog information: IOError: 
[2022-01-12 12:53:29,495 I 14163 14474] raylet_client.cc:336: Error reporting task backlog information: IOError: 
[2022-01-12 12:53:30,496 I 14163 14474] raylet_client.cc:336: Error reporting task backlog information: IOError: 
[2022-01-12 12:53:31,496 I 14163 14474] raylet_client.cc:336: Error reporting task backlog information: IOError: 
[2022-01-12 12:53:32,496 I 14163 14474] raylet_client.cc:336: Error reporting task backlog information: IOError: 
[2022-01-12 12:53:33,496 I 14163 14474] raylet_client.cc:336: Error reporting task backlog information: IOError: 
[2022-01-12 12:53:34,496 I 14163 14474] raylet_client.cc:336: Error reporting task backlog information: IOError: 
[2022-01-12 12:53:35,496 I 14163 14474] raylet_client.cc:336: Error reporting task backlog information: IOError: 
[2022-01-12 12:53:35,590 W 14163 14475] metric_exporter.cc:206: Export metrics to agent failed: IOError: . This won't affect Ray, but you can lose metrics from the cluster.
[2022-01-12 12:53:36,496 I 14163 14474] raylet_client.cc:336: Error reporting task backlog information: IOError: 
[2022-01-12 12:53:37,496 I 14163 14474] raylet_client.cc:336: Error reporting task backlog information: IOError: 
[2022-01-12 12:53:38,496 I 14163 14474] raylet_client.cc:336: Error reporting task backlog information: IOError: 
[2022-01-12 12:53:39,496 I 14163 14474] raylet_client.cc:336: Error reporting task backlog information: IOError: 
[2022-01-12 12:53:40,496 I 14163 14474] raylet_client.cc:336: Error reporting task backlog information: IOError: 
[2022-01-12 12:53:41,497 I 14163 14474] raylet_client.cc:336: Error reporting task backlog information: IOError: 
[2022-01-12 12:53:42,497 I 14163 14474] raylet_client.cc:336: Error reporting task backlog information: IOError: 
[2022-01-12 12:53:43,504 I 14163 14474] raylet_client.cc:336: Error reporting task backlog information: IOError: 
[2022-01-12 12:53:44,497 I 14163 14474] raylet_client.cc:336: Error reporting task backlog information: IOError: 
[2022-01-12 12:53:45,497 I 14163 14474] raylet_client.cc:336: Error reporting task backlog information: IOError: 
[2022-01-12 12:53:45,598 W 14163 14475] metric_exporter.cc:206: Export metrics to agent failed: IOError: . This won't affect Ray, but you can lose metrics from the cluster.
[2022-01-12 12:53:46,497 I 14163 14474] raylet_client.cc:336: Error reporting task backlog information: IOError: 
[2022-01-12 12:53:47,497 I 14163 14474] raylet_client.cc:336: Error reporting task backlog information: IOError: 
[2022-01-12 12:53:48,497 I 14163 14474] raylet_client.cc:336: Error reporting task backlog information: IOError: 
[2022-01-12 12:53:49,497 I 14163 14474] raylet_client.cc:336: Error reporting task backlog information: IOError: 
[2022-01-12 12:53:50,497 I 14163 14474] raylet_client.cc:336: Error reporting task backlog information: IOError: 
[2022-01-12 12:53:51,497 I 14163 14474] raylet_client.cc:336: Error reporting task backlog information: IOError: 
[2022-01-12 12:53:52,497 I 14163 14474] raylet_client.cc:336: Error reporting task backlog information: IOError: 
[2022-01-12 12:53:53,497 I 14163 14474] raylet_client.cc:336: Error reporting task backlog information: IOError: 
[2022-01-12 12:53:54,498 I 14163 14474] raylet_client.cc:336: Error reporting task backlog information: IOError: 
[2022-01-12 12:53:55,498 I 14163 14474] raylet_client.cc:336: Error reporting task backlog information: IOError: 
[2022-01-12 12:53:55,604 W 14163 14475] metric_exporter.cc:206: Export metrics to agent failed: IOError: . This won't affect Ray, but you can lose metrics from the cluster.
[2022-01-12 12:53:56,498 I 14163 14474] raylet_client.cc:336: Error reporting task backlog information: IOError: 
[2022-01-12 12:53:57,498 I 14163 14474] raylet_client.cc:336: Error reporting task backlog information: IOError: 
[2022-01-12 12:53:58,498 I 14163 14474] raylet_client.cc:336: Error reporting task backlog information: IOError: 
[2022-01-12 12:53:59,498 I 14163 14474] raylet_client.cc:336: Error reporting task backlog information: IOError: 
[2022-01-12 12:54:00,498 I 14163 14474] raylet_client.cc:336: Error reporting task backlog information: IOError: 
[2022-01-12 12:54:01,498 I 14163 14474] raylet_client.cc:336: Error reporting task backlog information: IOError: 
[2022-01-12 12:54:02,498 I 14163 14474] raylet_client.cc:336: Error reporting task backlog information: IOError: 
[2022-01-12 12:54:03,498 I 14163 14474] raylet_client.cc:336: Error reporting task backlog information: IOError: 
[2022-01-12 12:54:04,498 I 14163 14474] raylet_client.cc:336: Error reporting task backlog information: IOError: 
[2022-01-12 12:54:05,498 I 14163 14474] raylet_client.cc:336: Error reporting task backlog information: IOError: 
[2022-01-12 12:54:05,611 W 14163 14475] metric_exporter.cc:206: Export metrics to agent failed: IOError: . This won't affect Ray, but you can lose metrics from the cluster.
[2022-01-12 12:54:06,499 I 14163 14474] raylet_client.cc:336: Error reporting task backlog information: IOError: 
[2022-01-12 12:54:07,499 I 14163 14474] raylet_client.cc:336: Error reporting task backlog information: IOError: 
[2022-01-12 12:54:08,499 I 14163 14474] raylet_client.cc:336: Error reporting task backlog information: IOError: 
[2022-01-12 12:54:09,499 I 14163 14474] raylet_client.cc:336: Error reporting task backlog information: IOError: 
[2022-01-12 12:54:10,499 I 14163 14474] raylet_client.cc:336: Error reporting task backlog information: IOError: 
[2022-01-12 12:54:11,499 I 14163 14474] raylet_client.cc:336: Error reporting task backlog information: IOError: 
[2022-01-12 12:54:12,499 I 14163 14474] raylet_client.cc:336: Error reporting task backlog information: IOError: 
[2022-01-12 12:54:13,499 I 14163 14474] raylet_client.cc:336: Error reporting task backlog information: IOError: 
[2022-01-12 12:54:14,499 I 14163 14474] raylet_client.cc:336: Error reporting task backlog information: IOError: 
[2022-01-12 12:54:15,499 I 14163 14474] raylet_client.cc:336: Error reporting task backlog information: IOError: 
[2022-01-12 12:54:15,618 W 14163 14475] metric_exporter.cc:206: Export metrics to agent failed: IOError: . This won't affect Ray, but you can lose metrics from the cluster.
[2022-01-12 12:54:16,499 I 14163 14474] raylet_client.cc:336: Error reporting task backlog information: IOError: 
[2022-01-12 12:54:17,499 I 14163 14474] raylet_client.cc:336: Error reporting task backlog information: IOError: 
[2022-01-12 12:54:18,499 I 14163 14474] raylet_client.cc:336: Error reporting task backlog information: IOError: 
[2022-01-12 12:54:19,500 I 14163 14474] raylet_client.cc:336: Error reporting task backlog information: IOError: 
[2022-01-12 12:54:20,500 I 14163 14474] raylet_client.cc:336: Error reporting task backlog information: IOError: 
[2022-01-12 12:54:21,500 I 14163 14474] raylet_client.cc:336: Error reporting task backlog information: IOError: 
[2022-01-12 12:54:22,500 I 14163 14474] raylet_client.cc:336: Error reporting task backlog information: IOError: 
[2022-01-12 12:54:23,500 I 14163 14474] raylet_client.cc:336: Error reporting task backlog information: IOError: 
[2022-01-12 12:54:24,500 I 14163 14474] raylet_client.cc:336: Error reporting task backlog information: IOError: 
[2022-01-12 12:54:25,500 I 14163 14474] raylet_client.cc:336: Error reporting task backlog information: IOError: 
[2022-01-12 12:54:25,625 W 14163 14475] metric_exporter.cc:206: Export metrics to agent failed: IOError: . This won't affect Ray, but you can lose metrics from the cluster.
[2022-01-12 12:54:26,500 I 14163 14474] raylet_client.cc:336: Error reporting task backlog information: IOError: 
[2022-01-12 12:54:27,500 I 14163 14474] raylet_client.cc:336: Error reporting task backlog information: IOError: 
[2022-01-12 12:54:28,500 I 14163 14474] raylet_client.cc:336: Error reporting task backlog information: IOError: 
[2022-01-12 12:54:29,500 I 14163 14474] raylet_client.cc:336: Error reporting task backlog information: IOError: 
[2022-01-12 12:54:30,500 I 14163 14474] raylet_client.cc:336: Error reporting task backlog information: IOError: 
[2022-01-12 12:54:31,500 I 14163 14474] raylet_client.cc:336: Error reporting task backlog information: IOError: 
[2022-01-12 12:54:32,501 I 14163 14474] raylet_client.cc:336: Error reporting task backlog information: IOError: 
[2022-01-12 12:54:33,501 I 14163 14474] raylet_client.cc:336: Error reporting task backlog information: IOError: 
[2022-01-12 12:54:34,501 I 14163 14474] raylet_client.cc:336: Error reporting task backlog information: IOError: 
[2022-01-12 12:54:35,501 I 14163 14474] raylet_client.cc:336: Error reporting task backlog information: IOError: 
[2022-01-12 12:54:35,632 W 14163 14475] metric_exporter.cc:206: Export metrics to agent failed: IOError: . This won't affect Ray, but you can lose metrics from the cluster.
[2022-01-12 12:54:36,501 I 14163 14474] raylet_client.cc:336: Error reporting task backlog information: IOError: 
[2022-01-12 12:54:37,501 I 14163 14474] raylet_client.cc:336: Error reporting task backlog information: IOError: 
[2022-01-12 12:54:38,503 I 14163 14474] raylet_client.cc:336: Error reporting task backlog information: IOError: 
[2022-01-12 12:54:39,503 I 14163 14474] raylet_client.cc:336: Error reporting task backlog information: IOError: 
[2022-01-12 12:54:40,503 I 14163 14474] raylet_client.cc:336: Error reporting task backlog information: IOError: 
[2022-01-12 12:54:41,503 I 14163 14474] raylet_client.cc:336: Error reporting task backlog information: IOError: 
[2022-01-12 12:54:42,503 I 14163 14474] raylet_client.cc:336: Error reporting task backlog information: IOError: 
[2022-01-12 12:54:43,503 I 14163 14474] raylet_client.cc:336: Error reporting task backlog information: IOError: 
[2022-01-12 12:54:44,503 I 14163 14474] raylet_client.cc:336: Error reporting task backlog information: IOError: 
[2022-01-12 12:54:45,503 I 14163 14474] raylet_client.cc:336: Error reporting task backlog information: IOError: 
[2022-01-12 12:54:45,639 W 14163 14475] metric_exporter.cc:206: Export metrics to agent failed: IOError: . This won't affect Ray, but you can lose metrics from the cluster.
[2022-01-12 12:54:46,503 I 14163 14474] raylet_client.cc:336: Error reporting task backlog information: IOError: 
[2022-01-12 12:54:47,503 I 14163 14474] raylet_client.cc:336: Error reporting task backlog information: IOError: 
[2022-01-12 12:54:48,503 I 14163 14474] raylet_client.cc:336: Error reporting task backlog information: IOError: 
[2022-01-12 12:54:49,503 I 14163 14474] raylet_client.cc:336: Error reporting task backlog information: IOError: 
[2022-01-12 12:54:50,503 I 14163 14474] raylet_client.cc:336: Error reporting task backlog information: IOError: 
[2022-01-12 12:54:51,503 I 14163 14474] raylet_client.cc:336: Error reporting task backlog information: IOError: 
[2022-01-12 12:54:52,504 I 14163 14474] raylet_client.cc:336: Error reporting task backlog information: IOError: 
[2022-01-12 12:54:53,504 I 14163 14474] raylet_client.cc:336: Error reporting task backlog information: IOError: 
[2022-01-12 12:54:54,504 I 14163 14474] raylet_client.cc:336: Error reporting task backlog information: IOError: 
[2022-01-12 12:54:55,504 I 14163 14474] raylet_client.cc:336: Error reporting task backlog information: IOError: 
[2022-01-12 12:54:55,645 W 14163 14475] metric_exporter.cc:206: Export metrics to agent failed: IOError: . This won't affect Ray, but you can lose metrics from the cluster.
[2022-01-12 12:54:56,504 I 14163 14474] raylet_client.cc:336: Error reporting task backlog information: IOError: 
[2022-01-12 12:54:57,504 I 14163 14474] raylet_client.cc:336: Error reporting task backlog information: IOError: 
[2022-01-12 12:54:58,504 I 14163 14474] raylet_client.cc:336: Error reporting task backlog information: IOError: 
[2022-01-12 12:54:59,504 I 14163 14474] raylet_client.cc:336: Error reporting task backlog information: IOError: 
[2022-01-12 12:55:00,504 I 14163 14474] raylet_client.cc:336: Error reporting task backlog information: IOError: 
[2022-01-12 12:55:01,504 I 14163 14474] raylet_client.cc:336: Error reporting task backlog information: IOError: 
[2022-01-12 12:55:02,504 I 14163 14474] raylet_client.cc:336: Error reporting task backlog information: IOError: 
[2022-01-12 12:55:03,504 I 14163 14474] raylet_client.cc:336: Error reporting task backlog information: IOError: 
[2022-01-12 12:55:04,504 I 14163 14474] raylet_client.cc:336: Error reporting task backlog information: IOError: 
[2022-01-12 12:55:05,504 I 14163 14474] raylet_client.cc:336: Error reporting task backlog information: IOError: 
[2022-01-12 12:55:05,652 W 14163 14475] metric_exporter.cc:206: Export metrics to agent failed: IOError: . This won't affect Ray, but you can lose metrics from the cluster.
[2022-01-12 12:55:06,505 I 14163 14474] raylet_client.cc:336: Error reporting task backlog information: IOError: 
[2022-01-12 12:55:07,505 I 14163 14474] raylet_client.cc:336: Error reporting task backlog information: IOError: 
[2022-01-12 12:55:08,505 I 14163 14474] raylet_client.cc:336: Error reporting task backlog information: IOError: 
[2022-01-12 12:55:09,505 I 14163 14474] raylet_client.cc:336: Error reporting task backlog information: IOError: 
[2022-01-12 12:55:10,505 I 14163 14474] raylet_client.cc:336: Error reporting task backlog information: IOError: 
[2022-01-12 12:55:11,505 I 14163 14474] raylet_client.cc:336: Error reporting task backlog information: IOError: 
[2022-01-12 12:55:12,505 I 14163 14474] raylet_client.cc:336: Error reporting task backlog information: IOError: 
[2022-01-12 12:55:13,505 I 14163 14474] raylet_client.cc:336: Error reporting task backlog information: IOError: 
[2022-01-12 12:55:14,505 I 14163 14474] raylet_client.cc:336: Error reporting task backlog information: IOError: 
[2022-01-12 12:55:15,505 I 14163 14474] raylet_client.cc:336: Error reporting task backlog information: IOError: 
[2022-01-12 12:55:15,659 W 14163 14475] metric_exporter.cc:206: Export metrics to agent failed: IOError: . This won't affect Ray, but you can lose metrics from the cluster.
[2022-01-12 12:55:16,505 I 14163 14474] raylet_client.cc:336: Error reporting task backlog information: IOError: 
[2022-01-12 12:55:17,505 I 14163 14474] raylet_client.cc:336: Error reporting task backlog information: IOError: 
[2022-01-12 12:55:18,505 I 14163 14474] raylet_client.cc:336: Error reporting task backlog information: IOError: 
[2022-01-12 12:55:19,505 I 14163 14474] raylet_client.cc:336: Error reporting task backlog information: IOError: 
[2022-01-12 12:55:20,505 I 14163 14474] raylet_client.cc:336: Error reporting task backlog information: IOError: 
[2022-01-12 12:55:21,506 I 14163 14474] raylet_client.cc:336: Error reporting task backlog information: IOError: 
[2022-01-12 12:55:22,506 I 14163 14474] raylet_client.cc:336: Error reporting task backlog information: IOError: 
[2022-01-12 12:55:23,506 I 14163 14474] raylet_client.cc:336: Error reporting task backlog information: IOError: 
[2022-01-12 12:55:24,506 I 14163 14474] raylet_client.cc:336: Error reporting task backlog information: IOError: 
[2022-01-12 12:55:25,506 I 14163 14474] raylet_client.cc:336: Error reporting task backlog information: IOError: 
[2022-01-12 12:55:25,665 W 14163 14475] metric_exporter.cc:206: Export metrics to agent failed: IOError: . This won't affect Ray, but you can lose metrics from the cluster.
[2022-01-12 12:55:26,506 I 14163 14474] raylet_client.cc:336: Error reporting task backlog information: IOError: 
[2022-01-12 12:55:27,506 I 14163 14474] raylet_client.cc:336: Error reporting task backlog information: IOError: 
[2022-01-12 12:55:28,506 I 14163 14474] raylet_client.cc:336: Error reporting task backlog information: IOError: 
[2022-01-12 12:55:29,506 I 14163 14474] raylet_client.cc:336: Error reporting task backlog information: IOError: 
[2022-01-12 12:55:30,506 I 14163 14474] raylet_client.cc:336: Error reporting task backlog information: IOError: 
[2022-01-12 12:55:31,506 I 14163 14474] raylet_client.cc:336: Error reporting task backlog information: IOError: 
[2022-01-12 12:55:32,506 I 14163 14474] raylet_client.cc:336: Error reporting task backlog information: IOError: 
[2022-01-12 12:55:33,506 I 14163 14474] raylet_client.cc:336: Error reporting task backlog information: IOError: 
[2022-01-12 12:55:34,506 I 14163 14474] raylet_client.cc:336: Error reporting task backlog information: IOError: 
[2022-01-12 12:55:35,507 I 14163 14474] raylet_client.cc:336: Error reporting task backlog information: IOError: 
[2022-01-12 12:55:35,672 W 14163 14475] metric_exporter.cc:206: Export metrics to agent failed: IOError: . This won't affect Ray, but you can lose metrics from the cluster.
[2022-01-12 12:55:36,507 I 14163 14474] raylet_client.cc:336: Error reporting task backlog information: IOError: 
[2022-01-12 12:55:37,507 I 14163 14474] raylet_client.cc:336: Error reporting task backlog information: IOError: 
[2022-01-12 12:55:38,507 I 14163 14474] raylet_client.cc:336: Error reporting task backlog information: IOError: 
[2022-01-12 12:55:39,507 I 14163 14474] raylet_client.cc:336: Error reporting task backlog information: IOError: 
[2022-01-12 12:55:40,507 I 14163 14474] raylet_client.cc:336: Error reporting task backlog information: IOError: 
[2022-01-12 12:55:41,507 I 14163 14474] raylet_client.cc:336: Error reporting task backlog information: IOError: 
[2022-01-12 12:55:42,507 I 14163 14474] raylet_client.cc:336: Error reporting task backlog information: IOError: 
[2022-01-12 12:55:43,507 I 14163 14474] raylet_client.cc:336: Error reporting task backlog information: IOError: 
[2022-01-12 12:55:44,507 I 14163 14474] raylet_client.cc:336: Error reporting task backlog information: IOError: 
[2022-01-12 12:55:45,507 I 14163 14474] raylet_client.cc:336: Error reporting task backlog information: IOError: 
[2022-01-12 12:55:45,678 W 14163 14475] metric_exporter.cc:206: Export metrics to agent failed: IOError: . This won't affect Ray, but you can lose metrics from the cluster.
[2022-01-12 12:55:46,507 I 14163 14474] raylet_client.cc:336: Error reporting task backlog information: IOError: 
[2022-01-12 12:55:47,507 I 14163 14474] raylet_client.cc:336: Error reporting task backlog information: IOError: 
[2022-01-12 12:55:48,507 I 14163 14474] raylet_client.cc:336: Error reporting task backlog information: IOError: 
[2022-01-12 12:55:49,507 I 14163 14474] raylet_client.cc:336: Error reporting task backlog information: IOError: 
[2022-01-12 12:55:50,507 I 14163 14474] raylet_client.cc:336: Error reporting task backlog information: IOError: 
[2022-01-12 12:55:51,508 I 14163 14474] raylet_client.cc:336: Error reporting task backlog information: IOError: 
[2022-01-12 12:55:52,508 I 14163 14474] raylet_client.cc:336: Error reporting task backlog information: IOError: 
[2022-01-12 12:55:53,508 I 14163 14474] raylet_client.cc:336: Error reporting task backlog information: IOError: 
[2022-01-12 12:55:54,508 I 14163 14474] raylet_client.cc:336: Error reporting task backlog information: IOError: 
[2022-01-12 12:55:55,508 I 14163 14474] raylet_client.cc:336: Error reporting task backlog information: IOError: 
[2022-01-12 12:55:55,685 W 14163 14475] metric_exporter.cc:206: Export metrics to agent failed: IOError: . This won't affect Ray, but you can lose metrics from the cluster.
[2022-01-12 12:55:56,508 I 14163 14474] raylet_client.cc:336: Error reporting task backlog information: IOError: 
[2022-01-12 12:55:57,508 I 14163 14474] raylet_client.cc:336: Error reporting task backlog information: IOError: 
[2022-01-12 12:55:58,508 I 14163 14474] raylet_client.cc:336: Error reporting task backlog information: IOError: 
[2022-01-12 12:55:59,508 I 14163 14474] raylet_client.cc:336: Error reporting task backlog information: IOError: 
[2022-01-12 12:56:00,508 I 14163 14474] raylet_client.cc:336: Error reporting task backlog information: IOError: 
[2022-01-12 12:56:01,508 I 14163 14474] raylet_client.cc:336: Error reporting task backlog information: IOError: 
[2022-01-12 12:56:02,508 I 14163 14474] raylet_client.cc:336: Error reporting task backlog information: IOError: 
[2022-01-12 12:56:03,508 I 14163 14474] raylet_client.cc:336: Error reporting task backlog information: IOError: 
[2022-01-12 12:56:04,508 I 14163 14474] raylet_client.cc:336: Error reporting task backlog information: IOError: 
[2022-01-12 12:56:05,509 I 14163 14474] raylet_client.cc:336: Error reporting task backlog information: IOError: 
[2022-01-12 12:56:05,691 W 14163 14475] metric_exporter.cc:206: Export metrics to agent failed: IOError: . This won't affect Ray, but you can lose metrics from the cluster.
[2022-01-12 12:56:06,509 I 14163 14474] raylet_client.cc:336: Error reporting task backlog information: IOError: 
[2022-01-12 12:56:07,509 I 14163 14474] raylet_client.cc:336: Error reporting task backlog information: IOError: 
[2022-01-12 12:56:08,509 I 14163 14474] raylet_client.cc:336: Error reporting task backlog information: IOError: 
[2022-01-12 12:56:09,509 I 14163 14474] raylet_client.cc:336: Error reporting task backlog information: IOError: 
[2022-01-12 12:56:10,509 I 14163 14474] raylet_client.cc:336: Error reporting task backlog information: IOError: 
[2022-01-12 12:56:11,509 I 14163 14474] raylet_client.cc:336: Error reporting task backlog information: IOError: 
[2022-01-12 12:56:12,509 I 14163 14474] raylet_client.cc:336: Error reporting task backlog information: IOError: 
[2022-01-12 12:56:13,509 I 14163 14474] raylet_client.cc:336: Error reporting task backlog information: IOError: 
[2022-01-12 12:56:14,509 I 14163 14474] raylet_client.cc:336: Error reporting task backlog information: IOError: 
[2022-01-12 12:56:15,509 I 14163 14474] raylet_client.cc:336: Error reporting task backlog information: IOError: 
[2022-01-12 12:56:15,698 W 14163 14475] metric_exporter.cc:206: Export metrics to agent failed: IOError: . This won't affect Ray, but you can lose metrics from the cluster.
[2022-01-12 12:56:16,509 I 14163 14474] raylet_client.cc:336: Error reporting task backlog information: IOError: 
[2022-01-12 12:56:17,509 I 14163 14474] raylet_client.cc:336: Error reporting task backlog information: IOError: 
[2022-01-12 12:56:18,509 I 14163 14474] raylet_client.cc:336: Error reporting task backlog information: IOError: 
[2022-01-12 12:56:19,510 I 14163 14474] raylet_client.cc:336: Error reporting task backlog information: IOError: 
[2022-01-12 12:56:20,510 I 14163 14474] raylet_client.cc:336: Error reporting task backlog information: IOError: 
[2022-01-12 12:56:21,510 I 14163 14474] raylet_client.cc:336: Error reporting task backlog information: IOError: 
[2022-01-12 12:56:22,510 I 14163 14474] raylet_client.cc:336: Error reporting task backlog information: IOError: 
[2022-01-12 12:56:23,510 I 14163 14474] raylet_client.cc:336: Error reporting task backlog information: IOError: 
[2022-01-12 12:56:24,510 I 14163 14474] raylet_client.cc:336: Error reporting task backlog information: IOError: 
[2022-01-12 12:56:25,510 I 14163 14474] raylet_client.cc:336: Error reporting task backlog information: IOError: 
[2022-01-12 12:56:25,705 W 14163 14475] metric_exporter.cc:206: Export metrics to agent failed: IOError: . This won't affect Ray, but you can lose metrics from the cluster.
[2022-01-12 12:56:26,510 I 14163 14474] raylet_client.cc:336: Error reporting task backlog information: IOError: 
[2022-01-12 12:56:27,510 I 14163 14474] raylet_client.cc:336: Error reporting task backlog information: IOError: 
[2022-01-12 12:56:28,510 I 14163 14474] raylet_client.cc:336: Error reporting task backlog information: IOError: 
[2022-01-12 12:56:29,510 I 14163 14474] raylet_client.cc:336: Error reporting task backlog information: IOError: 
[2022-01-12 12:56:30,510 I 14163 14474] raylet_client.cc:336: Error reporting task backlog information: IOError: 
[2022-01-12 12:56:31,511 I 14163 14474] raylet_client.cc:336: Error reporting task backlog information: IOError: 
[2022-01-12 12:56:32,511 I 14163 14474] raylet_client.cc:336: Error reporting task backlog information: IOError: 
[2022-01-12 12:56:33,511 I 14163 14474] raylet_client.cc:336: Error reporting task backlog information: IOError: 
[2022-01-12 12:56:34,511 I 14163 14474] raylet_client.cc:336: Error reporting task backlog information: IOError: 
[2022-01-12 12:56:35,511 I 14163 14474] raylet_client.cc:336: Error reporting task backlog information: IOError: 
[2022-01-12 12:56:35,711 W 14163 14475] metric_exporter.cc:206: Export metrics to agent failed: IOError: . This won't affect Ray, but you can lose metrics from the cluster.
[2022-01-12 12:56:36,511 I 14163 14474] raylet_client.cc:336: Error reporting task backlog information: IOError: 
[2022-01-12 12:56:37,511 I 14163 14474] raylet_client.cc:336: Error reporting task backlog information: IOError: 
[2022-01-12 12:56:38,511 I 14163 14474] raylet_client.cc:336: Error reporting task backlog information: IOError: 
[2022-01-12 12:56:39,511 I 14163 14474] raylet_client.cc:336: Error reporting task backlog information: IOError: 
[2022-01-12 12:56:40,511 I 14163 14474] raylet_client.cc:336: Error reporting task backlog information: IOError: 
[2022-01-12 12:56:41,511 I 14163 14474] raylet_client.cc:336: Error reporting task backlog information: IOError: 
[2022-01-12 12:56:42,511 I 14163 14474] raylet_client.cc:336: Error reporting task backlog information: IOError: 
[2022-01-12 12:56:43,511 I 14163 14474] raylet_client.cc:336: Error reporting task backlog information: IOError: 
[2022-01-12 12:56:44,512 I 14163 14474] raylet_client.cc:336: Error reporting task backlog information: IOError: 
[2022-01-12 12:56:45,512 I 14163 14474] raylet_client.cc:336: Error reporting task backlog information: IOError: 
[2022-01-12 12:56:45,725 W 14163 14475] metric_exporter.cc:206: Export metrics to agent failed: IOError: . This won't affect Ray, but you can lose metrics from the cluster.
[2022-01-12 12:56:46,512 I 14163 14474] raylet_client.cc:336: Error reporting task backlog information: IOError: 
[2022-01-12 12:56:47,512 I 14163 14474] raylet_client.cc:336: Error reporting task backlog information: IOError: 
[2022-01-12 12:56:48,512 I 14163 14474] raylet_client.cc:336: Error reporting task backlog information: IOError: 
[2022-01-12 12:56:49,512 I 14163 14474] raylet_client.cc:336: Error reporting task backlog information: IOError: 
[2022-01-12 12:56:50,512 I 14163 14474] raylet_client.cc:336: Error reporting task backlog information: IOError: 
[2022-01-12 12:56:51,512 I 14163 14474] raylet_client.cc:336: Error reporting task backlog information: IOError: 
[2022-01-12 12:56:52,512 I 14163 14474] raylet_client.cc:336: Error reporting task backlog information: IOError: 
[2022-01-12 12:56:53,512 I 14163 14474] raylet_client.cc:336: Error reporting task backlog information: IOError: 
[2022-01-12 12:56:54,512 I 14163 14474] raylet_client.cc:336: Error reporting task backlog information: IOError: 
[2022-01-12 12:56:55,512 I 14163 14474] raylet_client.cc:336: Error reporting task backlog information: IOError: 
[2022-01-12 12:56:55,733 W 14163 14475] metric_exporter.cc:206: Export metrics to agent failed: IOError: . This won't affect Ray, but you can lose metrics from the cluster.
[2022-01-12 12:56:56,512 I 14163 14474] raylet_client.cc:336: Error reporting task backlog information: IOError: 
[2022-01-12 12:56:57,512 I 14163 14474] raylet_client.cc:336: Error reporting task backlog information: IOError: 
[2022-01-12 12:56:58,513 I 14163 14474] raylet_client.cc:336: Error reporting task backlog information: IOError: 
[2022-01-12 12:56:59,513 I 14163 14474] raylet_client.cc:336: Error reporting task backlog information: IOError: 
[2022-01-12 12:57:00,513 I 14163 14474] raylet_client.cc:336: Error reporting task backlog information: IOError: 
[2022-01-12 12:57:01,513 I 14163 14474] raylet_client.cc:336: Error reporting task backlog information: IOError: 
[2022-01-12 12:57:02,513 I 14163 14474] raylet_client.cc:336: Error reporting task backlog information: IOError: 
[2022-01-12 12:57:03,513 I 14163 14474] raylet_client.cc:336: Error reporting task backlog information: IOError: 
[2022-01-12 12:57:04,513 I 14163 14474] raylet_client.cc:336: Error reporting task backlog information: IOError: 
[2022-01-12 12:57:05,513 I 14163 14474] raylet_client.cc:336: Error reporting task backlog information: IOError: 
[2022-01-12 12:57:05,740 W 14163 14475] metric_exporter.cc:206: Export metrics to agent failed: IOError: . This won't affect Ray, but you can lose metrics from the cluster.
[2022-01-12 12:57:06,513 I 14163 14474] raylet_client.cc:336: Error reporting task backlog information: IOError: 
[2022-01-12 12:57:07,513 I 14163 14474] raylet_client.cc:336: Error reporting task backlog information: IOError: 
[2022-01-12 12:57:08,513 I 14163 14474] raylet_client.cc:336: Error reporting task backlog information: IOError: 
[2022-01-12 12:57:09,513 I 14163 14474] raylet_client.cc:336: Error reporting task backlog information: IOError: 
[2022-01-12 12:57:10,513 I 14163 14474] raylet_client.cc:336: Error reporting task backlog information: IOError: 
[2022-01-12 12:57:11,514 I 14163 14474] raylet_client.cc:336: Error reporting task backlog information: IOError: 
[2022-01-12 12:57:12,514 I 14163 14474] raylet_client.cc:336: Error reporting task backlog information: IOError: 
[2022-01-12 12:57:13,514 I 14163 14474] raylet_client.cc:336: Error reporting task backlog information: IOError: 
[2022-01-12 12:57:14,514 I 14163 14474] raylet_client.cc:336: Error reporting task backlog information: IOError: 
[2022-01-12 12:57:15,514 I 14163 14474] raylet_client.cc:336: Error reporting task backlog information: IOError: 
[2022-01-12 12:57:15,747 W 14163 14475] metric_exporter.cc:206: Export metrics to agent failed: IOError: . This won't affect Ray, but you can lose metrics from the cluster.
[2022-01-12 12:57:16,514 I 14163 14474] raylet_client.cc:336: Error reporting task backlog information: IOError: 
[2022-01-12 12:57:17,514 I 14163 14474] raylet_client.cc:336: Error reporting task backlog information: IOError: 
[2022-01-12 12:57:18,514 I 14163 14474] raylet_client.cc:336: Error reporting task backlog information: IOError: 
[2022-01-12 12:57:19,514 I 14163 14474] raylet_client.cc:336: Error reporting task backlog information: IOError: 
[2022-01-12 12:57:20,514 I 14163 14474] raylet_client.cc:336: Error reporting task backlog information: IOError: 
[2022-01-12 12:57:21,514 I 14163 14474] raylet_client.cc:336: Error reporting task backlog information: IOError: 
[2022-01-12 12:57:22,514 I 14163 14474] raylet_client.cc:336: Error reporting task backlog information: IOError: 
[2022-01-12 12:57:23,357 W 14163 14366] gcs_server_address_updater.cc:61: [301] Failed to get the gcs server address from raylet 301 times in a row. If it keeps failing to obtain the address, the worker might crash. Connection status IOError: 
[2022-01-12 12:57:23,514 I 14163 14474] raylet_client.cc:336: Error reporting task backlog information: IOError: 
[2022-01-12 12:57:24,514 I 14163 14474] raylet_client.cc:336: Error reporting task backlog information: IOError: 
[2022-01-12 12:57:25,515 I 14163 14474] raylet_client.cc:336: Error reporting task backlog information: IOError: 
[2022-01-12 12:57:25,754 W 14163 14475] metric_exporter.cc:206: Export metrics to agent failed: IOError: . This won't affect Ray, but you can lose metrics from the cluster.
[2022-01-12 12:57:26,515 I 14163 14474] raylet_client.cc:336: Error reporting task backlog information: IOError: 
[2022-01-12 12:57:27,515 I 14163 14474] raylet_client.cc:336: Error reporting task backlog information: IOError: 
[2022-01-12 12:57:28,515 I 14163 14474] raylet_client.cc:336: Error reporting task backlog information: IOError: 
[2022-01-12 12:57:29,515 I 14163 14474] raylet_client.cc:336: Error reporting task backlog information: IOError: 
[2022-01-12 12:57:30,515 I 14163 14474] raylet_client.cc:336: Error reporting task backlog information: IOError: 
[2022-01-12 12:57:31,515 I 14163 14474] raylet_client.cc:336: Error reporting task backlog information: IOError: 
[2022-01-12 12:57:32,515 I 14163 14474] raylet_client.cc:336: Error reporting task backlog information: IOError: 
[2022-01-12 12:57:33,515 I 14163 14474] raylet_client.cc:336: Error reporting task backlog information: IOError: 
[2022-01-12 12:57:34,515 I 14163 14474] raylet_client.cc:336: Error reporting task backlog information: IOError: 
[2022-01-12 12:57:35,515 I 14163 14474] raylet_client.cc:336: Error reporting task backlog information: IOError: 
[2022-01-12 12:57:35,760 W 14163 14475] metric_exporter.cc:206: Export metrics to agent failed: IOError: . This won't affect Ray, but you can lose metrics from the cluster.
[2022-01-12 12:57:36,515 I 14163 14474] raylet_client.cc:336: Error reporting task backlog information: IOError: 
[2022-01-12 12:57:37,515 I 14163 14474] raylet_client.cc:336: Error reporting task backlog information: IOError: 
[2022-01-12 12:57:38,515 I 14163 14474] raylet_client.cc:336: Error reporting task backlog information: IOError: 
[2022-01-12 12:57:39,516 I 14163 14474] raylet_client.cc:336: Error reporting task backlog information: IOError: 
[2022-01-12 12:57:40,516 I 14163 14474] raylet_client.cc:336: Error reporting task backlog information: IOError: 
[2022-01-12 12:57:41,516 I 14163 14474] raylet_client.cc:336: Error reporting task backlog information: IOError: 
[2022-01-12 12:57:42,516 I 14163 14474] raylet_client.cc:336: Error reporting task backlog information: IOError: 
[2022-01-12 12:57:43,516 I 14163 14474] raylet_client.cc:336: Error reporting task backlog information: IOError: 
[2022-01-12 12:57:44,516 I 14163 14474] raylet_client.cc:336: Error reporting task backlog information: IOError: 
[2022-01-12 12:57:45,516 I 14163 14474] raylet_client.cc:336: Error reporting task backlog information: IOError: 
[2022-01-12 12:57:45,767 W 14163 14475] metric_exporter.cc:206: Export metrics to agent failed: IOError: . This won't affect Ray, but you can lose metrics from the cluster.
[2022-01-12 12:57:46,516 I 14163 14474] raylet_client.cc:336: Error reporting task backlog information: IOError: 
[2022-01-12 12:57:47,516 I 14163 14474] raylet_client.cc:336: Error reporting task backlog information: IOError: 
[2022-01-12 12:57:48,516 I 14163 14474] raylet_client.cc:336: Error reporting task backlog information: IOError: 
[2022-01-12 12:57:49,516 I 14163 14474] raylet_client.cc:336: Error reporting task backlog information: IOError: 
[2022-01-12 12:57:50,516 I 14163 14474] raylet_client.cc:336: Error reporting task backlog information: IOError: 
[2022-01-12 12:57:51,516 I 14163 14474] raylet_client.cc:336: Error reporting task backlog information: IOError: 
[2022-01-12 12:57:52,516 I 14163 14474] raylet_client.cc:336: Error reporting task backlog information: IOError: 
[2022-01-12 12:57:53,516 I 14163 14474] raylet_client.cc:336: Error reporting task backlog information: IOError: 
[2022-01-12 12:57:54,517 I 14163 14474] raylet_client.cc:336: Error reporting task backlog information: IOError: 
[2022-01-12 12:57:55,517 I 14163 14474] raylet_client.cc:336: Error reporting task backlog information: IOError: 
[2022-01-12 12:57:55,774 W 14163 14475] metric_exporter.cc:206: Export metrics to agent failed: IOError: . This won't affect Ray, but you can lose metrics from the cluster.
[2022-01-12 12:57:56,517 I 14163 14474] raylet_client.cc:336: Error reporting task backlog information: IOError: 
[2022-01-12 12:57:57,517 I 14163 14474] raylet_client.cc:336: Error reporting task backlog information: IOError: 
[2022-01-12 12:57:58,517 I 14163 14474] raylet_client.cc:336: Error reporting task backlog information: IOError: 
[2022-01-12 12:57:59,517 I 14163 14474] raylet_client.cc:336: Error reporting task backlog information: IOError: 
[2022-01-12 12:58:00,517 I 14163 14474] raylet_client.cc:336: Error reporting task backlog information: IOError: 
[2022-01-12 12:58:01,517 I 14163 14474] raylet_client.cc:336: Error reporting task backlog information: IOError: 
[2022-01-12 12:58:02,517 I 14163 14474] raylet_client.cc:336: Error reporting task backlog information: IOError: 
[2022-01-12 12:58:03,517 I 14163 14474] raylet_client.cc:336: Error reporting task backlog information: IOError: 
[2022-01-12 12:58:04,517 I 14163 14474] raylet_client.cc:336: Error reporting task backlog information: IOError: 
[2022-01-12 12:58:05,517 I 14163 14474] raylet_client.cc:336: Error reporting task backlog information: IOError: 
[2022-01-12 12:58:05,781 W 14163 14475] metric_exporter.cc:206: Export metrics to agent failed: IOError: . This won't affect Ray, but you can lose metrics from the cluster.
[2022-01-12 12:58:06,517 I 14163 14474] raylet_client.cc:336: Error reporting task backlog information: IOError: 
[2022-01-12 12:58:07,517 I 14163 14474] raylet_client.cc:336: Error reporting task backlog information: IOError: 
[2022-01-12 12:58:08,518 I 14163 14474] raylet_client.cc:336: Error reporting task backlog information: IOError: 
[2022-01-12 12:58:09,518 I 14163 14474] raylet_client.cc:336: Error reporting task backlog information: IOError: 
[2022-01-12 12:58:10,518 I 14163 14474] raylet_client.cc:336: Error reporting task backlog information: IOError: 
[2022-01-12 12:58:11,518 I 14163 14474] raylet_client.cc:336: Error reporting task backlog information: IOError: 
[2022-01-12 12:58:12,518 I 14163 14474] raylet_client.cc:336: Error reporting task backlog information: IOError: 
[2022-01-12 12:58:13,518 I 14163 14474] raylet_client.cc:336: Error reporting task backlog information: IOError: 
[2022-01-12 12:58:14,518 I 14163 14474] raylet_client.cc:336: Error reporting task backlog information: IOError: 
[2022-01-12 12:58:15,518 I 14163 14474] raylet_client.cc:336: Error reporting task backlog information: IOError: 
[2022-01-12 12:58:15,788 W 14163 14475] metric_exporter.cc:206: Export metrics to agent failed: IOError: . This won't affect Ray, but you can lose metrics from the cluster.
[2022-01-12 12:58:16,518 I 14163 14474] raylet_client.cc:336: Error reporting task backlog information: IOError: 
[2022-01-12 12:58:17,518 I 14163 14474] raylet_client.cc:336: Error reporting task backlog information: IOError: 
[2022-01-12 12:58:18,518 I 14163 14474] raylet_client.cc:336: Error reporting task backlog information: IOError: 
[2022-01-12 12:58:19,518 I 14163 14474] raylet_client.cc:336: Error reporting task backlog information: IOError: 
[2022-01-12 12:58:20,518 I 14163 14474] raylet_client.cc:336: Error reporting task backlog information: IOError: 
[2022-01-12 12:58:21,518 I 14163 14474] raylet_client.cc:336: Error reporting task backlog information: IOError: 
[2022-01-12 12:58:22,518 I 14163 14474] raylet_client.cc:336: Error reporting task backlog information: IOError: 
[2022-01-12 12:58:23,519 I 14163 14474] raylet_client.cc:336: Error reporting task backlog information: IOError: 
[2022-01-12 12:58:24,519 I 14163 14474] raylet_client.cc:336: Error reporting task backlog information: IOError: 
[2022-01-12 12:58:25,519 I 14163 14474] raylet_client.cc:336: Error reporting task backlog information: IOError: 
[2022-01-12 12:58:25,795 W 14163 14475] metric_exporter.cc:206: Export metrics to agent failed: IOError: . This won't affect Ray, but you can lose metrics from the cluster.
[2022-01-12 12:58:26,519 I 14163 14474] raylet_client.cc:336: Error reporting task backlog information: IOError: 
[2022-01-12 12:58:27,519 I 14163 14474] raylet_client.cc:336: Error reporting task backlog information: IOError: 
[2022-01-12 12:58:28,519 I 14163 14474] raylet_client.cc:336: Error reporting task backlog information: IOError: 
[2022-01-12 12:58:29,519 I 14163 14474] raylet_client.cc:336: Error reporting task backlog information: IOError: 
[2022-01-12 12:58:30,520 I 14163 14474] raylet_client.cc:336: Error reporting task backlog information: IOError: 
[2022-01-12 12:58:31,520 I 14163 14474] raylet_client.cc:336: Error reporting task backlog information: IOError: 
[2022-01-12 12:58:32,520 I 14163 14474] raylet_client.cc:336: Error reporting task backlog information: IOError: 
[2022-01-12 12:58:33,520 I 14163 14474] raylet_client.cc:336: Error reporting task backlog information: IOError: 
[2022-01-12 12:58:34,520 I 14163 14474] raylet_client.cc:336: Error reporting task backlog information: IOError: 
[2022-01-12 12:58:35,520 I 14163 14474] raylet_client.cc:336: Error reporting task backlog information: IOError: 
[2022-01-12 12:58:35,805 W 14163 14475] metric_exporter.cc:206: Export metrics to agent failed: IOError: . This won't affect Ray, but you can lose metrics from the cluster.
[2022-01-12 12:58:36,520 I 14163 14474] raylet_client.cc:336: Error reporting task backlog information: IOError: 
[2022-01-12 12:58:37,520 I 14163 14474] raylet_client.cc:336: Error reporting task backlog information: IOError: 
[2022-01-12 12:58:38,521 I 14163 14474] raylet_client.cc:336: Error reporting task backlog information: IOError: 
[2022-01-12 12:58:39,521 I 14163 14474] raylet_client.cc:336: Error reporting task backlog information: IOError: 
[2022-01-12 12:58:40,521 I 14163 14474] raylet_client.cc:336: Error reporting task backlog information: IOError: 
[2022-01-12 12:58:41,521 I 14163 14474] raylet_client.cc:336: Error reporting task backlog information: IOError: 
[2022-01-12 12:58:42,521 I 14163 14474] raylet_client.cc:336: Error reporting task backlog information: IOError: 
[2022-01-12 12:58:43,522 I 14163 14474] raylet_client.cc:336: Error reporting task backlog information: IOError: 
[2022-01-12 12:58:44,522 I 14163 14474] raylet_client.cc:336: Error reporting task backlog information: IOError: 
[2022-01-12 12:58:45,522 I 14163 14474] raylet_client.cc:336: Error reporting task backlog information: IOError: 
[2022-01-12 12:58:45,816 W 14163 14475] metric_exporter.cc:206: Export metrics to agent failed: IOError: . This won't affect Ray, but you can lose metrics from the cluster.
[2022-01-12 12:58:46,523 I 14163 14474] raylet_client.cc:336: Error reporting task backlog information: IOError: 
[2022-01-12 12:58:47,523 I 14163 14474] raylet_client.cc:336: Error reporting task backlog information: IOError: 
[2022-01-12 12:58:48,523 I 14163 14474] raylet_client.cc:336: Error reporting task backlog information: IOError: 
[2022-01-12 12:58:49,523 I 14163 14474] raylet_client.cc:336: Error reporting task backlog information: IOError: 
[2022-01-12 12:58:50,523 I 14163 14474] raylet_client.cc:336: Error reporting task backlog information: IOError: 
[2022-01-12 12:58:51,524 I 14163 14474] raylet_client.cc:336: Error reporting task backlog information: IOError: 
[2022-01-12 12:58:52,524 I 14163 14474] raylet_client.cc:336: Error reporting task backlog information: IOError: 
[2022-01-12 12:58:53,524 I 14163 14474] raylet_client.cc:336: Error reporting task backlog information: IOError: 
[2022-01-12 12:58:54,524 I 14163 14474] raylet_client.cc:336: Error reporting task backlog information: IOError: 
[2022-01-12 12:58:55,524 I 14163 14474] raylet_client.cc:336: Error reporting task backlog information: IOError: 
[2022-01-12 12:58:55,827 W 14163 14475] metric_exporter.cc:206: Export metrics to agent failed: IOError: . This won't affect Ray, but you can lose metrics from the cluster.
[2022-01-12 12:58:56,524 I 14163 14474] raylet_client.cc:336: Error reporting task backlog information: IOError: 
[2022-01-12 12:58:57,524 I 14163 14474] raylet_client.cc:336: Error reporting task backlog information: IOError: 
[2022-01-12 12:58:58,524 I 14163 14474] raylet_client.cc:336: Error reporting task backlog information: IOError: 
[2022-01-12 12:58:59,524 I 14163 14474] raylet_client.cc:336: Error reporting task backlog information: IOError: 
[2022-01-12 12:59:00,524 I 14163 14474] raylet_client.cc:336: Error reporting task backlog information: IOError: 
[2022-01-12 12:59:01,525 I 14163 14474] raylet_client.cc:336: Error reporting task backlog information: IOError: 
[2022-01-12 12:59:02,525 I 14163 14474] raylet_client.cc:336: Error reporting task backlog information: IOError: 
[2022-01-12 12:59:03,525 I 14163 14474] raylet_client.cc:336: Error reporting task backlog information: IOError: 
[2022-01-12 12:59:04,525 I 14163 14474] raylet_client.cc:336: Error reporting task backlog information: IOError: 
[2022-01-12 12:59:05,525 I 14163 14474] raylet_client.cc:336: Error reporting task backlog information: IOError: 
[2022-01-12 12:59:05,837 W 14163 14475] metric_exporter.cc:206: Export metrics to agent failed: IOError: . This won't affect Ray, but you can lose metrics from the cluster.
[2022-01-12 12:59:06,525 I 14163 14474] raylet_client.cc:336: Error reporting task backlog information: IOError: 
[2022-01-12 12:59:07,526 I 14163 14474] raylet_client.cc:336: Error reporting task backlog information: IOError: 
[2022-01-12 12:59:08,526 I 14163 14474] raylet_client.cc:336: Error reporting task backlog information: IOError: 
[2022-01-12 12:59:09,526 I 14163 14474] raylet_client.cc:336: Error reporting task backlog information: IOError: 
[2022-01-12 12:59:10,526 I 14163 14474] raylet_client.cc:336: Error reporting task backlog information: IOError: 
[2022-01-12 12:59:11,526 I 14163 14474] raylet_client.cc:336: Error reporting task backlog information: IOError: 
[2022-01-12 12:59:12,527 I 14163 14474] raylet_client.cc:336: Error reporting task backlog information: IOError: 
[2022-01-12 12:59:13,527 I 14163 14474] raylet_client.cc:336: Error reporting task backlog information: IOError: 
[2022-01-12 12:59:14,527 I 14163 14474] raylet_client.cc:336: Error reporting task backlog information: IOError: 
[2022-01-12 12:59:15,527 I 14163 14474] raylet_client.cc:336: Error reporting task backlog information: IOError: 
[2022-01-12 12:59:15,848 W 14163 14475] metric_exporter.cc:206: Export metrics to agent failed: IOError: . This won't affect Ray, but you can lose metrics from the cluster.
[2022-01-12 12:59:16,527 I 14163 14474] raylet_client.cc:336: Error reporting task backlog information: IOError: 
[2022-01-12 12:59:17,528 I 14163 14474] raylet_client.cc:336: Error reporting task backlog information: IOError: 
[2022-01-12 12:59:18,528 I 14163 14474] raylet_client.cc:336: Error reporting task backlog information: IOError: 
[2022-01-12 12:59:19,528 I 14163 14474] raylet_client.cc:336: Error reporting task backlog information: IOError: 
[2022-01-12 12:59:20,528 I 14163 14474] raylet_client.cc:336: Error reporting task backlog information: IOError: 
[2022-01-12 12:59:21,528 I 14163 14474] raylet_client.cc:336: Error reporting task backlog information: IOError: 
[2022-01-12 12:59:22,528 I 14163 14474] raylet_client.cc:336: Error reporting task backlog information: IOError: 
[2022-01-12 12:59:23,529 I 14163 14474] raylet_client.cc:336: Error reporting task backlog information: IOError: 
[2022-01-12 12:59:24,529 I 14163 14474] raylet_client.cc:336: Error reporting task backlog information: IOError: 
[2022-01-12 12:59:25,529 I 14163 14474] raylet_client.cc:336: Error reporting task backlog information: IOError: 
[2022-01-12 12:59:25,859 W 14163 14475] metric_exporter.cc:206: Export metrics to agent failed: IOError: . This won't affect Ray, but you can lose metrics from the cluster.
[2022-01-12 12:59:26,529 I 14163 14474] raylet_client.cc:336: Error reporting task backlog information: IOError: 
[2022-01-12 12:59:27,529 I 14163 14474] raylet_client.cc:336: Error reporting task backlog information: IOError: 
[2022-01-12 12:59:28,530 I 14163 14474] raylet_client.cc:336: Error reporting task backlog information: IOError: 
[2022-01-12 12:59:29,530 I 14163 14474] raylet_client.cc:336: Error reporting task backlog information: IOError: 
[2022-01-12 12:59:30,530 I 14163 14474] raylet_client.cc:336: Error reporting task backlog information: IOError: 
[2022-01-12 12:59:31,530 I 14163 14474] raylet_client.cc:336: Error reporting task backlog information: IOError: 
[2022-01-12 12:59:32,530 I 14163 14474] raylet_client.cc:336: Error reporting task backlog information: IOError: 
[2022-01-12 12:59:33,531 I 14163 14474] raylet_client.cc:336: Error reporting task backlog information: IOError: 
[2022-01-12 12:59:34,531 I 14163 14474] raylet_client.cc:336: Error reporting task backlog information: IOError: 
[2022-01-12 12:59:35,531 I 14163 14474] raylet_client.cc:336: Error reporting task backlog information: IOError: 
[2022-01-12 12:59:35,870 W 14163 14475] metric_exporter.cc:206: Export metrics to agent failed: IOError: . This won't affect Ray, but you can lose metrics from the cluster.
[2022-01-12 12:59:36,531 I 14163 14474] raylet_client.cc:336: Error reporting task backlog information: IOError: 
[2022-01-12 12:59:37,531 I 14163 14474] raylet_client.cc:336: Error reporting task backlog information: IOError: 
[2022-01-12 12:59:38,532 I 14163 14474] raylet_client.cc:336: Error reporting task backlog information: IOError: 
[2022-01-12 12:59:39,532 I 14163 14474] raylet_client.cc:336: Error reporting task backlog information: IOError: 
[2022-01-12 12:59:40,532 I 14163 14474] raylet_client.cc:336: Error reporting task backlog information: IOError: 
[2022-01-12 12:59:41,532 I 14163 14474] raylet_client.cc:336: Error reporting task backlog information: IOError: 
[2022-01-12 12:59:42,532 I 14163 14474] raylet_client.cc:336: Error reporting task backlog information: IOError: 
[2022-01-12 12:59:43,532 I 14163 14474] raylet_client.cc:336: Error reporting task backlog information: IOError: 
[2022-01-12 12:59:44,532 I 14163 14474] raylet_client.cc:336: Error reporting task backlog information: IOError: 
[2022-01-12 12:59:45,533 I 14163 14474] raylet_client.cc:336: Error reporting task backlog information: IOError: 
[2022-01-12 12:59:45,882 W 14163 14475] metric_exporter.cc:206: Export metrics to agent failed: IOError: . This won't affect Ray, but you can lose metrics from the cluster.
[2022-01-12 12:59:46,533 I 14163 14474] raylet_client.cc:336: Error reporting task backlog information: IOError: 
[2022-01-12 12:59:47,533 I 14163 14474] raylet_client.cc:336: Error reporting task backlog information: IOError: 
[2022-01-12 12:59:48,533 I 14163 14474] raylet_client.cc:336: Error reporting task backlog information: IOError: 
[2022-01-12 12:59:49,533 I 14163 14474] raylet_client.cc:336: Error reporting task backlog information: IOError: 
[2022-01-12 12:59:50,533 I 14163 14474] raylet_client.cc:336: Error reporting task backlog information: IOError: 
[2022-01-12 12:59:51,534 I 14163 14474] raylet_client.cc:336: Error reporting task backlog information: IOError: 
[2022-01-12 12:59:52,534 I 14163 14474] raylet_client.cc:336: Error reporting task backlog information: IOError: 
[2022-01-12 12:59:53,534 I 14163 14474] raylet_client.cc:336: Error reporting task backlog information: IOError: 
[2022-01-12 12:59:54,534 I 14163 14474] raylet_client.cc:336: Error reporting task backlog information: IOError: 
[2022-01-12 12:59:55,534 I 14163 14474] raylet_client.cc:336: Error reporting task backlog information: IOError: 
[2022-01-12 12:59:55,891 W 14163 14475] metric_exporter.cc:206: Export metrics to agent failed: IOError: . This won't affect Ray, but you can lose metrics from the cluster.
[2022-01-12 12:59:56,534 I 14163 14474] raylet_client.cc:336: Error reporting task backlog information: IOError: 
[2022-01-12 12:59:57,534 I 14163 14474] raylet_client.cc:336: Error reporting task backlog information: IOError: 
[2022-01-12 12:59:58,534 I 14163 14474] raylet_client.cc:336: Error reporting task backlog information: IOError: 
[2022-01-12 12:59:59,535 I 14163 14474] raylet_client.cc:336: Error reporting task backlog information: IOError: 
[2022-01-12 13:00:00,535 I 14163 14474] raylet_client.cc:336: Error reporting task backlog information: IOError: 
[2022-01-12 13:00:01,535 I 14163 14474] raylet_client.cc:336: Error reporting task backlog information: IOError: 
[2022-01-12 13:00:02,535 I 14163 14474] raylet_client.cc:336: Error reporting task backlog information: IOError: 
[2022-01-12 13:00:03,535 I 14163 14474] raylet_client.cc:336: Error reporting task backlog information: IOError: 
[2022-01-12 13:00:04,535 I 14163 14474] raylet_client.cc:336: Error reporting task backlog information: IOError: 
[2022-01-12 13:00:05,535 I 14163 14474] raylet_client.cc:336: Error reporting task backlog information: IOError: 
[2022-01-12 13:00:05,902 W 14163 14475] metric_exporter.cc:206: Export metrics to agent failed: IOError: . This won't affect Ray, but you can lose metrics from the cluster.
[2022-01-12 13:00:06,536 I 14163 14474] raylet_client.cc:336: Error reporting task backlog information: IOError: 
[2022-01-12 13:00:07,536 I 14163 14474] raylet_client.cc:336: Error reporting task backlog information: IOError: 
[2022-01-12 13:00:08,536 I 14163 14474] raylet_client.cc:336: Error reporting task backlog information: IOError: 
[2022-01-12 13:00:09,536 I 14163 14474] raylet_client.cc:336: Error reporting task backlog information: IOError: 
[2022-01-12 13:00:10,536 I 14163 14474] raylet_client.cc:336: Error reporting task backlog information: IOError: 
[2022-01-12 13:00:11,537 I 14163 14474] raylet_client.cc:336: Error reporting task backlog information: IOError: 
[2022-01-12 13:00:12,537 I 14163 14474] raylet_client.cc:336: Error reporting task backlog information: IOError: 
[2022-01-12 13:00:13,537 I 14163 14474] raylet_client.cc:336: Error reporting task backlog information: IOError: 
[2022-01-12 13:00:14,537 I 14163 14474] raylet_client.cc:336: Error reporting task backlog information: IOError: 
[2022-01-12 13:00:15,537 I 14163 14474] raylet_client.cc:336: Error reporting task backlog information: IOError: 
[2022-01-12 13:00:15,914 W 14163 14475] metric_exporter.cc:206: Export metrics to agent failed: IOError: . This won't affect Ray, but you can lose metrics from the cluster.
[2022-01-12 13:00:16,538 I 14163 14474] raylet_client.cc:336: Error reporting task backlog information: IOError: 
[2022-01-12 13:00:17,538 I 14163 14474] raylet_client.cc:336: Error reporting task backlog information: IOError: 
[2022-01-12 13:00:18,538 I 14163 14474] raylet_client.cc:336: Error reporting task backlog information: IOError: 
[2022-01-12 13:00:19,538 I 14163 14474] raylet_client.cc:336: Error reporting task backlog information: IOError: 
[2022-01-12 13:00:20,538 I 14163 14474] raylet_client.cc:336: Error reporting task backlog information: IOError: 
[2022-01-12 13:00:21,539 I 14163 14474] raylet_client.cc:336: Error reporting task backlog information: IOError: 
[2022-01-12 13:00:22,539 I 14163 14474] raylet_client.cc:336: Error reporting task backlog information: IOError: 
[2022-01-12 13:00:23,539 I 14163 14474] raylet_client.cc:336: Error reporting task backlog information: IOError: 
[2022-01-12 13:00:24,539 I 14163 14474] raylet_client.cc:336: Error reporting task backlog information: IOError: 
[2022-01-12 13:00:25,539 I 14163 14474] raylet_client.cc:336: Error reporting task backlog information: IOError: 
[2022-01-12 13:00:25,925 W 14163 14475] metric_exporter.cc:206: Export metrics to agent failed: IOError: . This won't affect Ray, but you can lose metrics from the cluster.
[2022-01-12 13:00:26,540 I 14163 14474] raylet_client.cc:336: Error reporting task backlog information: IOError: 
[2022-01-12 13:00:27,540 I 14163 14474] raylet_client.cc:336: Error reporting task backlog information: IOError: 
[2022-01-12 13:00:28,540 I 14163 14474] raylet_client.cc:336: Error reporting task backlog information: IOError: 
[2022-01-12 13:00:29,540 I 14163 14474] raylet_client.cc:336: Error reporting task backlog information: IOError: 
[2022-01-12 13:00:30,540 I 14163 14474] raylet_client.cc:336: Error reporting task backlog information: IOError: 
[2022-01-12 13:00:31,541 I 14163 14474] raylet_client.cc:336: Error reporting task backlog information: IOError: 
[2022-01-12 13:00:32,541 I 14163 14474] raylet_client.cc:336: Error reporting task backlog information: IOError: 
[2022-01-12 13:00:33,541 I 14163 14474] raylet_client.cc:336: Error reporting task backlog information: IOError: 
[2022-01-12 13:00:34,541 I 14163 14474] raylet_client.cc:336: Error reporting task backlog information: IOError: 
[2022-01-12 13:00:35,542 I 14163 14474] raylet_client.cc:336: Error reporting task backlog information: IOError: 
[2022-01-12 13:00:35,937 W 14163 14475] metric_exporter.cc:206: Export metrics to agent failed: IOError: . This won't affect Ray, but you can lose metrics from the cluster.
[2022-01-12 13:00:36,542 I 14163 14474] raylet_client.cc:336: Error reporting task backlog information: IOError: 
[2022-01-12 13:00:37,542 I 14163 14474] raylet_client.cc:336: Error reporting task backlog information: IOError: 
[2022-01-12 13:00:38,542 I 14163 14474] raylet_client.cc:336: Error reporting task backlog information: IOError: 
[2022-01-12 13:00:39,542 I 14163 14474] raylet_client.cc:336: Error reporting task backlog information: IOError: 
[2022-01-12 13:00:40,542 I 14163 14474] raylet_client.cc:336: Error reporting task backlog information: IOError: 
