[2022-01-12 12:51:05,312 I 14164 14164] core_worker.cc:132: Constructing CoreWorkerProcess. pid: 14164
[2022-01-12 12:51:05,320 I 14164 14164] grpc_server.cc:112: worker server started, listening on port 46037.
[2022-01-12 12:51:05,324 I 14164 14164] core_worker.cc:479: Initializing worker at address: 131.215.21.210:46037, worker ID 23750288d448fb6c7611235d30913476fd0d34e0a620743fb4c944d2, raylet a687a93d7b36d8f816467cc4bdb39544aa3d9b26963e6e16af31676e
[2022-01-12 12:51:05,464 I 14164 14164] io_service_pool.cc:35: IOServicePool is running with 1 io_service.
[2022-01-12 12:51:05,468 I 14164 14467] accessor.cc:560: Received notification for node id = a687a93d7b36d8f816467cc4bdb39544aa3d9b26963e6e16af31676e, IsAlive = 1
[2022-01-12 12:52:23,332 W 14164 14363] gcs_server_address_updater.cc:61: [1] Failed to get the gcs server address from raylet 1 times in a row. If it keeps failing to obtain the address, the worker might crash. Connection status IOError: 
[2022-01-12 12:52:24,331 I 14164 14467] raylet_client.cc:336: Error reporting task backlog information: IOError: 
[2022-01-12 12:52:24,478 I 14164 14467] raylet_client.cc:336: Error reporting task backlog information: IOError: 
[2022-01-12 12:52:25,478 I 14164 14467] raylet_client.cc:336: Error reporting task backlog information: IOError: 
[2022-01-12 12:52:25,527 W 14164 14468] metric_exporter.cc:206: Export metrics to agent failed: IOError: . This won't affect Ray, but you can lose metrics from the cluster.
[2022-01-12 12:52:26,478 I 14164 14467] raylet_client.cc:336: Error reporting task backlog information: IOError: 
[2022-01-12 12:52:27,478 I 14164 14467] raylet_client.cc:336: Error reporting task backlog information: IOError: 
[2022-01-12 12:52:28,478 I 14164 14467] raylet_client.cc:336: Error reporting task backlog information: IOError: 
[2022-01-12 12:52:29,478 I 14164 14467] raylet_client.cc:336: Error reporting task backlog information: IOError: 
[2022-01-12 12:52:30,478 I 14164 14467] raylet_client.cc:336: Error reporting task backlog information: IOError: 
[2022-01-12 12:52:31,478 I 14164 14467] raylet_client.cc:336: Error reporting task backlog information: IOError: 
[2022-01-12 12:52:32,478 I 14164 14467] raylet_client.cc:336: Error reporting task backlog information: IOError: 
[2022-01-12 12:52:33,478 I 14164 14467] raylet_client.cc:336: Error reporting task backlog information: IOError: 
[2022-01-12 12:52:34,479 I 14164 14467] raylet_client.cc:336: Error reporting task backlog information: IOError: 
[2022-01-12 12:52:35,479 I 14164 14467] raylet_client.cc:336: Error reporting task backlog information: IOError: 
[2022-01-12 12:52:35,534 W 14164 14468] metric_exporter.cc:206: Export metrics to agent failed: IOError: . This won't affect Ray, but you can lose metrics from the cluster.
[2022-01-12 12:52:36,479 I 14164 14467] raylet_client.cc:336: Error reporting task backlog information: IOError: 
[2022-01-12 12:52:37,479 I 14164 14467] raylet_client.cc:336: Error reporting task backlog information: IOError: 
[2022-01-12 12:52:38,479 I 14164 14467] raylet_client.cc:336: Error reporting task backlog information: IOError: 
[2022-01-12 12:52:39,479 I 14164 14467] raylet_client.cc:336: Error reporting task backlog information: IOError: 
[2022-01-12 12:52:40,479 I 14164 14467] raylet_client.cc:336: Error reporting task backlog information: IOError: 
[2022-01-12 12:52:41,479 I 14164 14467] raylet_client.cc:336: Error reporting task backlog information: IOError: 
[2022-01-12 12:52:42,479 I 14164 14467] raylet_client.cc:336: Error reporting task backlog information: IOError: 
[2022-01-12 12:52:43,479 I 14164 14467] raylet_client.cc:336: Error reporting task backlog information: IOError: 
[2022-01-12 12:52:44,479 I 14164 14467] raylet_client.cc:336: Error reporting task backlog information: IOError: 
[2022-01-12 12:52:45,479 I 14164 14467] raylet_client.cc:336: Error reporting task backlog information: IOError: 
[2022-01-12 12:52:45,540 W 14164 14468] metric_exporter.cc:206: Export metrics to agent failed: IOError: . This won't affect Ray, but you can lose metrics from the cluster.
[2022-01-12 12:52:46,479 I 14164 14467] raylet_client.cc:336: Error reporting task backlog information: IOError: 
[2022-01-12 12:52:47,479 I 14164 14467] raylet_client.cc:336: Error reporting task backlog information: IOError: 
[2022-01-12 12:52:48,479 I 14164 14467] raylet_client.cc:336: Error reporting task backlog information: IOError: 
[2022-01-12 12:52:49,480 I 14164 14467] raylet_client.cc:336: Error reporting task backlog information: IOError: 
[2022-01-12 12:52:50,480 I 14164 14467] raylet_client.cc:336: Error reporting task backlog information: IOError: 
[2022-01-12 12:52:51,480 I 14164 14467] raylet_client.cc:336: Error reporting task backlog information: IOError: 
[2022-01-12 12:52:52,480 I 14164 14467] raylet_client.cc:336: Error reporting task backlog information: IOError: 
[2022-01-12 12:52:53,480 I 14164 14467] raylet_client.cc:336: Error reporting task backlog information: IOError: 
[2022-01-12 12:52:54,480 I 14164 14467] raylet_client.cc:336: Error reporting task backlog information: IOError: 
[2022-01-12 12:52:55,480 I 14164 14467] raylet_client.cc:336: Error reporting task backlog information: IOError: 
[2022-01-12 12:52:55,546 W 14164 14468] metric_exporter.cc:206: Export metrics to agent failed: IOError: . This won't affect Ray, but you can lose metrics from the cluster.
[2022-01-12 12:52:56,480 I 14164 14467] raylet_client.cc:336: Error reporting task backlog information: IOError: 
[2022-01-12 12:52:57,480 I 14164 14467] raylet_client.cc:336: Error reporting task backlog information: IOError: 
[2022-01-12 12:52:58,480 I 14164 14467] raylet_client.cc:336: Error reporting task backlog information: IOError: 
[2022-01-12 12:52:59,480 I 14164 14467] raylet_client.cc:336: Error reporting task backlog information: IOError: 
[2022-01-12 12:53:00,481 I 14164 14467] raylet_client.cc:336: Error reporting task backlog information: IOError: 
[2022-01-12 12:53:01,481 I 14164 14467] raylet_client.cc:336: Error reporting task backlog information: IOError: 
[2022-01-12 12:53:02,481 I 14164 14467] raylet_client.cc:336: Error reporting task backlog information: IOError: 
[2022-01-12 12:53:03,481 I 14164 14467] raylet_client.cc:336: Error reporting task backlog information: IOError: 
[2022-01-12 12:53:04,481 I 14164 14467] raylet_client.cc:336: Error reporting task backlog information: IOError: 
[2022-01-12 12:53:05,481 I 14164 14467] raylet_client.cc:336: Error reporting task backlog information: IOError: 
[2022-01-12 12:53:05,553 W 14164 14468] metric_exporter.cc:206: Export metrics to agent failed: IOError: . This won't affect Ray, but you can lose metrics from the cluster.
[2022-01-12 12:53:06,481 I 14164 14467] raylet_client.cc:336: Error reporting task backlog information: IOError: 
[2022-01-12 12:53:07,481 I 14164 14467] raylet_client.cc:336: Error reporting task backlog information: IOError: 
[2022-01-12 12:53:08,481 I 14164 14467] raylet_client.cc:336: Error reporting task backlog information: IOError: 
[2022-01-12 12:53:09,481 I 14164 14467] raylet_client.cc:336: Error reporting task backlog information: IOError: 
[2022-01-12 12:53:10,481 I 14164 14467] raylet_client.cc:336: Error reporting task backlog information: IOError: 
[2022-01-12 12:53:11,481 I 14164 14467] raylet_client.cc:336: Error reporting task backlog information: IOError: 
[2022-01-12 12:53:12,481 I 14164 14467] raylet_client.cc:336: Error reporting task backlog information: IOError: 
[2022-01-12 12:53:13,482 I 14164 14467] raylet_client.cc:336: Error reporting task backlog information: IOError: 
[2022-01-12 12:53:14,482 I 14164 14467] raylet_client.cc:336: Error reporting task backlog information: IOError: 
[2022-01-12 12:53:15,482 I 14164 14467] raylet_client.cc:336: Error reporting task backlog information: IOError: 
[2022-01-12 12:53:15,560 W 14164 14468] metric_exporter.cc:206: Export metrics to agent failed: IOError: . This won't affect Ray, but you can lose metrics from the cluster.
[2022-01-12 12:53:16,482 I 14164 14467] raylet_client.cc:336: Error reporting task backlog information: IOError: 
[2022-01-12 12:53:17,482 I 14164 14467] raylet_client.cc:336: Error reporting task backlog information: IOError: 
[2022-01-12 12:53:18,482 I 14164 14467] raylet_client.cc:336: Error reporting task backlog information: IOError: 
[2022-01-12 12:53:19,482 I 14164 14467] raylet_client.cc:336: Error reporting task backlog information: IOError: 
[2022-01-12 12:53:20,482 I 14164 14467] raylet_client.cc:336: Error reporting task backlog information: IOError: 
[2022-01-12 12:53:21,482 I 14164 14467] raylet_client.cc:336: Error reporting task backlog information: IOError: 
[2022-01-12 12:53:22,482 I 14164 14467] raylet_client.cc:336: Error reporting task backlog information: IOError: 
[2022-01-12 12:53:23,482 I 14164 14467] raylet_client.cc:336: Error reporting task backlog information: IOError: 
[2022-01-12 12:53:24,483 I 14164 14467] raylet_client.cc:336: Error reporting task backlog information: IOError: 
[2022-01-12 12:53:25,483 I 14164 14467] raylet_client.cc:336: Error reporting task backlog information: IOError: 
[2022-01-12 12:53:25,566 W 14164 14468] metric_exporter.cc:206: Export metrics to agent failed: IOError: . This won't affect Ray, but you can lose metrics from the cluster.
[2022-01-12 12:53:26,483 I 14164 14467] raylet_client.cc:336: Error reporting task backlog information: IOError: 
[2022-01-12 12:53:27,483 I 14164 14467] raylet_client.cc:336: Error reporting task backlog information: IOError: 
[2022-01-12 12:53:28,483 I 14164 14467] raylet_client.cc:336: Error reporting task backlog information: IOError: 
[2022-01-12 12:53:29,483 I 14164 14467] raylet_client.cc:336: Error reporting task backlog information: IOError: 
[2022-01-12 12:53:30,483 I 14164 14467] raylet_client.cc:336: Error reporting task backlog information: IOError: 
[2022-01-12 12:53:31,483 I 14164 14467] raylet_client.cc:336: Error reporting task backlog information: IOError: 
[2022-01-12 12:53:32,483 I 14164 14467] raylet_client.cc:336: Error reporting task backlog information: IOError: 
[2022-01-12 12:53:33,483 I 14164 14467] raylet_client.cc:336: Error reporting task backlog information: IOError: 
[2022-01-12 12:53:34,483 I 14164 14467] raylet_client.cc:336: Error reporting task backlog information: IOError: 
[2022-01-12 12:53:35,484 I 14164 14467] raylet_client.cc:336: Error reporting task backlog information: IOError: 
[2022-01-12 12:53:35,573 W 14164 14468] metric_exporter.cc:206: Export metrics to agent failed: IOError: . This won't affect Ray, but you can lose metrics from the cluster.
[2022-01-12 12:53:36,484 I 14164 14467] raylet_client.cc:336: Error reporting task backlog information: IOError: 
[2022-01-12 12:53:37,484 I 14164 14467] raylet_client.cc:336: Error reporting task backlog information: IOError: 
[2022-01-12 12:53:38,484 I 14164 14467] raylet_client.cc:336: Error reporting task backlog information: IOError: 
[2022-01-12 12:53:39,484 I 14164 14467] raylet_client.cc:336: Error reporting task backlog information: IOError: 
[2022-01-12 12:53:40,484 I 14164 14467] raylet_client.cc:336: Error reporting task backlog information: IOError: 
[2022-01-12 12:53:41,484 I 14164 14467] raylet_client.cc:336: Error reporting task backlog information: IOError: 
[2022-01-12 12:53:42,484 I 14164 14467] raylet_client.cc:336: Error reporting task backlog information: IOError: 
[2022-01-12 12:53:43,484 I 14164 14467] raylet_client.cc:336: Error reporting task backlog information: IOError: 
[2022-01-12 12:53:44,484 I 14164 14467] raylet_client.cc:336: Error reporting task backlog information: IOError: 
[2022-01-12 12:53:45,484 I 14164 14467] raylet_client.cc:336: Error reporting task backlog information: IOError: 
[2022-01-12 12:53:45,580 W 14164 14468] metric_exporter.cc:206: Export metrics to agent failed: IOError: . This won't affect Ray, but you can lose metrics from the cluster.
[2022-01-12 12:53:46,484 I 14164 14467] raylet_client.cc:336: Error reporting task backlog information: IOError: 
[2022-01-12 12:53:47,485 I 14164 14467] raylet_client.cc:336: Error reporting task backlog information: IOError: 
[2022-01-12 12:53:48,485 I 14164 14467] raylet_client.cc:336: Error reporting task backlog information: IOError: 
[2022-01-12 12:53:49,485 I 14164 14467] raylet_client.cc:336: Error reporting task backlog information: IOError: 
[2022-01-12 12:53:50,485 I 14164 14467] raylet_client.cc:336: Error reporting task backlog information: IOError: 
[2022-01-12 12:53:51,485 I 14164 14467] raylet_client.cc:336: Error reporting task backlog information: IOError: 
[2022-01-12 12:53:52,485 I 14164 14467] raylet_client.cc:336: Error reporting task backlog information: IOError: 
[2022-01-12 12:53:53,485 I 14164 14467] raylet_client.cc:336: Error reporting task backlog information: IOError: 
[2022-01-12 12:53:54,485 I 14164 14467] raylet_client.cc:336: Error reporting task backlog information: IOError: 
[2022-01-12 12:53:55,485 I 14164 14467] raylet_client.cc:336: Error reporting task backlog information: IOError: 
[2022-01-12 12:53:55,586 W 14164 14468] metric_exporter.cc:206: Export metrics to agent failed: IOError: . This won't affect Ray, but you can lose metrics from the cluster.
[2022-01-12 12:53:56,485 I 14164 14467] raylet_client.cc:336: Error reporting task backlog information: IOError: 
[2022-01-12 12:53:57,485 I 14164 14467] raylet_client.cc:336: Error reporting task backlog information: IOError: 
[2022-01-12 12:53:58,485 I 14164 14467] raylet_client.cc:336: Error reporting task backlog information: IOError: 
[2022-01-12 12:53:59,486 I 14164 14467] raylet_client.cc:336: Error reporting task backlog information: IOError: 
[2022-01-12 12:54:00,486 I 14164 14467] raylet_client.cc:336: Error reporting task backlog information: IOError: 
[2022-01-12 12:54:01,486 I 14164 14467] raylet_client.cc:336: Error reporting task backlog information: IOError: 
[2022-01-12 12:54:02,486 I 14164 14467] raylet_client.cc:336: Error reporting task backlog information: IOError: 
[2022-01-12 12:54:03,486 I 14164 14467] raylet_client.cc:336: Error reporting task backlog information: IOError: 
[2022-01-12 12:54:04,486 I 14164 14467] raylet_client.cc:336: Error reporting task backlog information: IOError: 
[2022-01-12 12:54:05,486 I 14164 14467] raylet_client.cc:336: Error reporting task backlog information: IOError: 
[2022-01-12 12:54:05,593 W 14164 14468] metric_exporter.cc:206: Export metrics to agent failed: IOError: . This won't affect Ray, but you can lose metrics from the cluster.
[2022-01-12 12:54:06,486 I 14164 14467] raylet_client.cc:336: Error reporting task backlog information: IOError: 
[2022-01-12 12:54:07,486 I 14164 14467] raylet_client.cc:336: Error reporting task backlog information: IOError: 
[2022-01-12 12:54:08,486 I 14164 14467] raylet_client.cc:336: Error reporting task backlog information: IOError: 
[2022-01-12 12:54:09,486 I 14164 14467] raylet_client.cc:336: Error reporting task backlog information: IOError: 
[2022-01-12 12:54:10,486 I 14164 14467] raylet_client.cc:336: Error reporting task backlog information: IOError: 
[2022-01-12 12:54:11,487 I 14164 14467] raylet_client.cc:336: Error reporting task backlog information: IOError: 
[2022-01-12 12:54:12,487 I 14164 14467] raylet_client.cc:336: Error reporting task backlog information: IOError: 
[2022-01-12 12:54:13,487 I 14164 14467] raylet_client.cc:336: Error reporting task backlog information: IOError: 
[2022-01-12 12:54:14,487 I 14164 14467] raylet_client.cc:336: Error reporting task backlog information: IOError: 
[2022-01-12 12:54:15,487 I 14164 14467] raylet_client.cc:336: Error reporting task backlog information: IOError: 
[2022-01-12 12:54:15,602 W 14164 14468] metric_exporter.cc:206: Export metrics to agent failed: IOError: . This won't affect Ray, but you can lose metrics from the cluster.
[2022-01-12 12:54:16,487 I 14164 14467] raylet_client.cc:336: Error reporting task backlog information: IOError: 
[2022-01-12 12:54:17,487 I 14164 14467] raylet_client.cc:336: Error reporting task backlog information: IOError: 
[2022-01-12 12:54:18,487 I 14164 14467] raylet_client.cc:336: Error reporting task backlog information: IOError: 
[2022-01-12 12:54:19,487 I 14164 14467] raylet_client.cc:336: Error reporting task backlog information: IOError: 
[2022-01-12 12:54:20,487 I 14164 14467] raylet_client.cc:336: Error reporting task backlog information: IOError: 
[2022-01-12 12:54:21,488 I 14164 14467] raylet_client.cc:336: Error reporting task backlog information: IOError: 
[2022-01-12 12:54:22,488 I 14164 14467] raylet_client.cc:336: Error reporting task backlog information: IOError: 
[2022-01-12 12:54:23,488 I 14164 14467] raylet_client.cc:336: Error reporting task backlog information: IOError: 
[2022-01-12 12:54:24,488 I 14164 14467] raylet_client.cc:336: Error reporting task backlog information: IOError: 
[2022-01-12 12:54:25,488 I 14164 14467] raylet_client.cc:336: Error reporting task backlog information: IOError: 
[2022-01-12 12:54:25,609 W 14164 14468] metric_exporter.cc:206: Export metrics to agent failed: IOError: . This won't affect Ray, but you can lose metrics from the cluster.
[2022-01-12 12:54:26,488 I 14164 14467] raylet_client.cc:336: Error reporting task backlog information: IOError: 
[2022-01-12 12:54:27,488 I 14164 14467] raylet_client.cc:336: Error reporting task backlog information: IOError: 
[2022-01-12 12:54:28,488 I 14164 14467] raylet_client.cc:336: Error reporting task backlog information: IOError: 
[2022-01-12 12:54:29,488 I 14164 14467] raylet_client.cc:336: Error reporting task backlog information: IOError: 
[2022-01-12 12:54:30,488 I 14164 14467] raylet_client.cc:336: Error reporting task backlog information: IOError: 
[2022-01-12 12:54:31,488 I 14164 14467] raylet_client.cc:336: Error reporting task backlog information: IOError: 
[2022-01-12 12:54:32,488 I 14164 14467] raylet_client.cc:336: Error reporting task backlog information: IOError: 
[2022-01-12 12:54:33,488 I 14164 14467] raylet_client.cc:336: Error reporting task backlog information: IOError: 
[2022-01-12 12:54:34,489 I 14164 14467] raylet_client.cc:336: Error reporting task backlog information: IOError: 
[2022-01-12 12:54:35,489 I 14164 14467] raylet_client.cc:336: Error reporting task backlog information: IOError: 
[2022-01-12 12:54:35,615 W 14164 14468] metric_exporter.cc:206: Export metrics to agent failed: IOError: . This won't affect Ray, but you can lose metrics from the cluster.
[2022-01-12 12:54:36,489 I 14164 14467] raylet_client.cc:336: Error reporting task backlog information: IOError: 
[2022-01-12 12:54:37,489 I 14164 14467] raylet_client.cc:336: Error reporting task backlog information: IOError: 
[2022-01-12 12:54:38,489 I 14164 14467] raylet_client.cc:336: Error reporting task backlog information: IOError: 
[2022-01-12 12:54:39,489 I 14164 14467] raylet_client.cc:336: Error reporting task backlog information: IOError: 
[2022-01-12 12:54:40,489 I 14164 14467] raylet_client.cc:336: Error reporting task backlog information: IOError: 
[2022-01-12 12:54:41,489 I 14164 14467] raylet_client.cc:336: Error reporting task backlog information: IOError: 
[2022-01-12 12:54:42,489 I 14164 14467] raylet_client.cc:336: Error reporting task backlog information: IOError: 
[2022-01-12 12:54:43,489 I 14164 14467] raylet_client.cc:336: Error reporting task backlog information: IOError: 
[2022-01-12 12:54:44,489 I 14164 14467] raylet_client.cc:336: Error reporting task backlog information: IOError: 
[2022-01-12 12:54:45,489 I 14164 14467] raylet_client.cc:336: Error reporting task backlog information: IOError: 
[2022-01-12 12:54:45,622 W 14164 14468] metric_exporter.cc:206: Export metrics to agent failed: IOError: . This won't affect Ray, but you can lose metrics from the cluster.
[2022-01-12 12:54:46,490 I 14164 14467] raylet_client.cc:336: Error reporting task backlog information: IOError: 
[2022-01-12 12:54:47,490 I 14164 14467] raylet_client.cc:336: Error reporting task backlog information: IOError: 
[2022-01-12 12:54:48,490 I 14164 14467] raylet_client.cc:336: Error reporting task backlog information: IOError: 
[2022-01-12 12:54:49,490 I 14164 14467] raylet_client.cc:336: Error reporting task backlog information: IOError: 
[2022-01-12 12:54:50,490 I 14164 14467] raylet_client.cc:336: Error reporting task backlog information: IOError: 
[2022-01-12 12:54:51,490 I 14164 14467] raylet_client.cc:336: Error reporting task backlog information: IOError: 
[2022-01-12 12:54:52,490 I 14164 14467] raylet_client.cc:336: Error reporting task backlog information: IOError: 
[2022-01-12 12:54:53,490 I 14164 14467] raylet_client.cc:336: Error reporting task backlog information: IOError: 
[2022-01-12 12:54:54,490 I 14164 14467] raylet_client.cc:336: Error reporting task backlog information: IOError: 
[2022-01-12 12:54:55,490 I 14164 14467] raylet_client.cc:336: Error reporting task backlog information: IOError: 
[2022-01-12 12:54:55,628 W 14164 14468] metric_exporter.cc:206: Export metrics to agent failed: IOError: . This won't affect Ray, but you can lose metrics from the cluster.
[2022-01-12 12:54:56,490 I 14164 14467] raylet_client.cc:336: Error reporting task backlog information: IOError: 
[2022-01-12 12:54:57,490 I 14164 14467] raylet_client.cc:336: Error reporting task backlog information: IOError: 
[2022-01-12 12:54:58,490 I 14164 14467] raylet_client.cc:336: Error reporting task backlog information: IOError: 
[2022-01-12 12:54:59,491 I 14164 14467] raylet_client.cc:336: Error reporting task backlog information: IOError: 
[2022-01-12 12:55:00,491 I 14164 14467] raylet_client.cc:336: Error reporting task backlog information: IOError: 
[2022-01-12 12:55:01,491 I 14164 14467] raylet_client.cc:336: Error reporting task backlog information: IOError: 
[2022-01-12 12:55:02,491 I 14164 14467] raylet_client.cc:336: Error reporting task backlog information: IOError: 
[2022-01-12 12:55:03,491 I 14164 14467] raylet_client.cc:336: Error reporting task backlog information: IOError: 
[2022-01-12 12:55:04,491 I 14164 14467] raylet_client.cc:336: Error reporting task backlog information: IOError: 
[2022-01-12 12:55:05,491 I 14164 14467] raylet_client.cc:336: Error reporting task backlog information: IOError: 
[2022-01-12 12:55:05,635 W 14164 14468] metric_exporter.cc:206: Export metrics to agent failed: IOError: . This won't affect Ray, but you can lose metrics from the cluster.
[2022-01-12 12:55:06,491 I 14164 14467] raylet_client.cc:336: Error reporting task backlog information: IOError: 
[2022-01-12 12:55:07,491 I 14164 14467] raylet_client.cc:336: Error reporting task backlog information: IOError: 
[2022-01-12 12:55:08,491 I 14164 14467] raylet_client.cc:336: Error reporting task backlog information: IOError: 
[2022-01-12 12:55:09,491 I 14164 14467] raylet_client.cc:336: Error reporting task backlog information: IOError: 
[2022-01-12 12:55:10,491 I 14164 14467] raylet_client.cc:336: Error reporting task backlog information: IOError: 
[2022-01-12 12:55:11,492 I 14164 14467] raylet_client.cc:336: Error reporting task backlog information: IOError: 
[2022-01-12 12:55:12,492 I 14164 14467] raylet_client.cc:336: Error reporting task backlog information: IOError: 
[2022-01-12 12:55:13,492 I 14164 14467] raylet_client.cc:336: Error reporting task backlog information: IOError: 
[2022-01-12 12:55:14,492 I 14164 14467] raylet_client.cc:336: Error reporting task backlog information: IOError: 
[2022-01-12 12:55:15,492 I 14164 14467] raylet_client.cc:336: Error reporting task backlog information: IOError: 
[2022-01-12 12:55:15,642 W 14164 14468] metric_exporter.cc:206: Export metrics to agent failed: IOError: . This won't affect Ray, but you can lose metrics from the cluster.
[2022-01-12 12:55:16,492 I 14164 14467] raylet_client.cc:336: Error reporting task backlog information: IOError: 
[2022-01-12 12:55:17,492 I 14164 14467] raylet_client.cc:336: Error reporting task backlog information: IOError: 
[2022-01-12 12:55:18,492 I 14164 14467] raylet_client.cc:336: Error reporting task backlog information: IOError: 
[2022-01-12 12:55:19,492 I 14164 14467] raylet_client.cc:336: Error reporting task backlog information: IOError: 
[2022-01-12 12:55:20,492 I 14164 14467] raylet_client.cc:336: Error reporting task backlog information: IOError: 
[2022-01-12 12:55:21,492 I 14164 14467] raylet_client.cc:336: Error reporting task backlog information: IOError: 
[2022-01-12 12:55:22,492 I 14164 14467] raylet_client.cc:336: Error reporting task backlog information: IOError: 
[2022-01-12 12:55:23,492 I 14164 14467] raylet_client.cc:336: Error reporting task backlog information: IOError: 
[2022-01-12 12:55:24,493 I 14164 14467] raylet_client.cc:336: Error reporting task backlog information: IOError: 
[2022-01-12 12:55:25,493 I 14164 14467] raylet_client.cc:336: Error reporting task backlog information: IOError: 
[2022-01-12 12:55:25,648 W 14164 14468] metric_exporter.cc:206: Export metrics to agent failed: IOError: . This won't affect Ray, but you can lose metrics from the cluster.
[2022-01-12 12:55:26,493 I 14164 14467] raylet_client.cc:336: Error reporting task backlog information: IOError: 
[2022-01-12 12:55:27,493 I 14164 14467] raylet_client.cc:336: Error reporting task backlog information: IOError: 
[2022-01-12 12:55:28,493 I 14164 14467] raylet_client.cc:336: Error reporting task backlog information: IOError: 
[2022-01-12 12:55:29,493 I 14164 14467] raylet_client.cc:336: Error reporting task backlog information: IOError: 
[2022-01-12 12:55:30,493 I 14164 14467] raylet_client.cc:336: Error reporting task backlog information: IOError: 
[2022-01-12 12:55:31,493 I 14164 14467] raylet_client.cc:336: Error reporting task backlog information: IOError: 
[2022-01-12 12:55:32,493 I 14164 14467] raylet_client.cc:336: Error reporting task backlog information: IOError: 
[2022-01-12 12:55:33,493 I 14164 14467] raylet_client.cc:336: Error reporting task backlog information: IOError: 
[2022-01-12 12:55:34,493 I 14164 14467] raylet_client.cc:336: Error reporting task backlog information: IOError: 
[2022-01-12 12:55:35,493 I 14164 14467] raylet_client.cc:336: Error reporting task backlog information: IOError: 
[2022-01-12 12:55:35,658 W 14164 14468] metric_exporter.cc:206: Export metrics to agent failed: IOError: . This won't affect Ray, but you can lose metrics from the cluster.
[2022-01-12 12:55:36,494 I 14164 14467] raylet_client.cc:336: Error reporting task backlog information: IOError: 
[2022-01-12 12:55:37,494 I 14164 14467] raylet_client.cc:336: Error reporting task backlog information: IOError: 
[2022-01-12 12:55:38,494 I 14164 14467] raylet_client.cc:336: Error reporting task backlog information: IOError: 
[2022-01-12 12:55:39,494 I 14164 14467] raylet_client.cc:336: Error reporting task backlog information: IOError: 
[2022-01-12 12:55:40,494 I 14164 14467] raylet_client.cc:336: Error reporting task backlog information: IOError: 
[2022-01-12 12:55:41,494 I 14164 14467] raylet_client.cc:336: Error reporting task backlog information: IOError: 
[2022-01-12 12:55:42,494 I 14164 14467] raylet_client.cc:336: Error reporting task backlog information: IOError: 
[2022-01-12 12:55:43,494 I 14164 14467] raylet_client.cc:336: Error reporting task backlog information: IOError: 
[2022-01-12 12:55:44,494 I 14164 14467] raylet_client.cc:336: Error reporting task backlog information: IOError: 
[2022-01-12 12:55:45,494 I 14164 14467] raylet_client.cc:336: Error reporting task backlog information: IOError: 
[2022-01-12 12:55:45,665 W 14164 14468] metric_exporter.cc:206: Export metrics to agent failed: IOError: . This won't affect Ray, but you can lose metrics from the cluster.
[2022-01-12 12:55:46,494 I 14164 14467] raylet_client.cc:336: Error reporting task backlog information: IOError: 
[2022-01-12 12:55:47,495 I 14164 14467] raylet_client.cc:336: Error reporting task backlog information: IOError: 
[2022-01-12 12:55:48,495 I 14164 14467] raylet_client.cc:336: Error reporting task backlog information: IOError: 
[2022-01-12 12:55:49,495 I 14164 14467] raylet_client.cc:336: Error reporting task backlog information: IOError: 
[2022-01-12 12:55:50,495 I 14164 14467] raylet_client.cc:336: Error reporting task backlog information: IOError: 
[2022-01-12 12:55:51,495 I 14164 14467] raylet_client.cc:336: Error reporting task backlog information: IOError: 
[2022-01-12 12:55:52,495 I 14164 14467] raylet_client.cc:336: Error reporting task backlog information: IOError: 
[2022-01-12 12:55:53,495 I 14164 14467] raylet_client.cc:336: Error reporting task backlog information: IOError: 
[2022-01-12 12:55:54,495 I 14164 14467] raylet_client.cc:336: Error reporting task backlog information: IOError: 
[2022-01-12 12:55:55,495 I 14164 14467] raylet_client.cc:336: Error reporting task backlog information: IOError: 
[2022-01-12 12:55:55,672 W 14164 14468] metric_exporter.cc:206: Export metrics to agent failed: IOError: . This won't affect Ray, but you can lose metrics from the cluster.
[2022-01-12 12:55:56,495 I 14164 14467] raylet_client.cc:336: Error reporting task backlog information: IOError: 
[2022-01-12 12:55:57,495 I 14164 14467] raylet_client.cc:336: Error reporting task backlog information: IOError: 
[2022-01-12 12:55:58,496 I 14164 14467] raylet_client.cc:336: Error reporting task backlog information: IOError: 
[2022-01-12 12:55:59,496 I 14164 14467] raylet_client.cc:336: Error reporting task backlog information: IOError: 
[2022-01-12 12:56:00,496 I 14164 14467] raylet_client.cc:336: Error reporting task backlog information: IOError: 
[2022-01-12 12:56:01,496 I 14164 14467] raylet_client.cc:336: Error reporting task backlog information: IOError: 
[2022-01-12 12:56:02,496 I 14164 14467] raylet_client.cc:336: Error reporting task backlog information: IOError: 
[2022-01-12 12:56:03,496 I 14164 14467] raylet_client.cc:336: Error reporting task backlog information: IOError: 
[2022-01-12 12:56:04,496 I 14164 14467] raylet_client.cc:336: Error reporting task backlog information: IOError: 
[2022-01-12 12:56:05,496 I 14164 14467] raylet_client.cc:336: Error reporting task backlog information: IOError: 
[2022-01-12 12:56:05,678 W 14164 14468] metric_exporter.cc:206: Export metrics to agent failed: IOError: . This won't affect Ray, but you can lose metrics from the cluster.
[2022-01-12 12:56:06,496 I 14164 14467] raylet_client.cc:336: Error reporting task backlog information: IOError: 
[2022-01-12 12:56:07,496 I 14164 14467] raylet_client.cc:336: Error reporting task backlog information: IOError: 
[2022-01-12 12:56:08,496 I 14164 14467] raylet_client.cc:336: Error reporting task backlog information: IOError: 
[2022-01-12 12:56:09,496 I 14164 14467] raylet_client.cc:336: Error reporting task backlog information: IOError: 
[2022-01-12 12:56:10,497 I 14164 14467] raylet_client.cc:336: Error reporting task backlog information: IOError: 
[2022-01-12 12:56:11,497 I 14164 14467] raylet_client.cc:336: Error reporting task backlog information: IOError: 
[2022-01-12 12:56:12,497 I 14164 14467] raylet_client.cc:336: Error reporting task backlog information: IOError: 
[2022-01-12 12:56:13,497 I 14164 14467] raylet_client.cc:336: Error reporting task backlog information: IOError: 
[2022-01-12 12:56:14,497 I 14164 14467] raylet_client.cc:336: Error reporting task backlog information: IOError: 
[2022-01-12 12:56:15,497 I 14164 14467] raylet_client.cc:336: Error reporting task backlog information: IOError: 
[2022-01-12 12:56:15,692 W 14164 14468] metric_exporter.cc:206: Export metrics to agent failed: IOError: . This won't affect Ray, but you can lose metrics from the cluster.
[2022-01-12 12:56:16,497 I 14164 14467] raylet_client.cc:336: Error reporting task backlog information: IOError: 
[2022-01-12 12:56:17,497 I 14164 14467] raylet_client.cc:336: Error reporting task backlog information: IOError: 
[2022-01-12 12:56:18,497 I 14164 14467] raylet_client.cc:336: Error reporting task backlog information: IOError: 
[2022-01-12 12:56:19,497 I 14164 14467] raylet_client.cc:336: Error reporting task backlog information: IOError: 
[2022-01-12 12:56:20,498 I 14164 14467] raylet_client.cc:336: Error reporting task backlog information: IOError: 
[2022-01-12 12:56:21,498 I 14164 14467] raylet_client.cc:336: Error reporting task backlog information: IOError: 
[2022-01-12 12:56:22,498 I 14164 14467] raylet_client.cc:336: Error reporting task backlog information: IOError: 
[2022-01-12 12:56:23,498 I 14164 14467] raylet_client.cc:336: Error reporting task backlog information: IOError: 
[2022-01-12 12:56:24,498 I 14164 14467] raylet_client.cc:336: Error reporting task backlog information: IOError: 
[2022-01-12 12:56:25,498 I 14164 14467] raylet_client.cc:336: Error reporting task backlog information: IOError: 
[2022-01-12 12:56:25,700 W 14164 14468] metric_exporter.cc:206: Export metrics to agent failed: IOError: . This won't affect Ray, but you can lose metrics from the cluster.
[2022-01-12 12:56:26,498 I 14164 14467] raylet_client.cc:336: Error reporting task backlog information: IOError: 
[2022-01-12 12:56:27,498 I 14164 14467] raylet_client.cc:336: Error reporting task backlog information: IOError: 
[2022-01-12 12:56:28,498 I 14164 14467] raylet_client.cc:336: Error reporting task backlog information: IOError: 
[2022-01-12 12:56:29,498 I 14164 14467] raylet_client.cc:336: Error reporting task backlog information: IOError: 
[2022-01-12 12:56:30,498 I 14164 14467] raylet_client.cc:336: Error reporting task backlog information: IOError: 
[2022-01-12 12:56:31,498 I 14164 14467] raylet_client.cc:336: Error reporting task backlog information: IOError: 
[2022-01-12 12:56:32,499 I 14164 14467] raylet_client.cc:336: Error reporting task backlog information: IOError: 
[2022-01-12 12:56:33,499 I 14164 14467] raylet_client.cc:336: Error reporting task backlog information: IOError: 
[2022-01-12 12:56:34,499 I 14164 14467] raylet_client.cc:336: Error reporting task backlog information: IOError: 
[2022-01-12 12:56:35,499 I 14164 14467] raylet_client.cc:336: Error reporting task backlog information: IOError: 
[2022-01-12 12:56:35,706 W 14164 14468] metric_exporter.cc:206: Export metrics to agent failed: IOError: . This won't affect Ray, but you can lose metrics from the cluster.
[2022-01-12 12:56:36,499 I 14164 14467] raylet_client.cc:336: Error reporting task backlog information: IOError: 
[2022-01-12 12:56:37,499 I 14164 14467] raylet_client.cc:336: Error reporting task backlog information: IOError: 
[2022-01-12 12:56:38,499 I 14164 14467] raylet_client.cc:336: Error reporting task backlog information: IOError: 
[2022-01-12 12:56:39,499 I 14164 14467] raylet_client.cc:336: Error reporting task backlog information: IOError: 
[2022-01-12 12:56:40,499 I 14164 14467] raylet_client.cc:336: Error reporting task backlog information: IOError: 
[2022-01-12 12:56:41,499 I 14164 14467] raylet_client.cc:336: Error reporting task backlog information: IOError: 
[2022-01-12 12:56:42,499 I 14164 14467] raylet_client.cc:336: Error reporting task backlog information: IOError: 
[2022-01-12 12:56:43,499 I 14164 14467] raylet_client.cc:336: Error reporting task backlog information: IOError: 
[2022-01-12 12:56:44,500 I 14164 14467] raylet_client.cc:336: Error reporting task backlog information: IOError: 
[2022-01-12 12:56:45,500 I 14164 14467] raylet_client.cc:336: Error reporting task backlog information: IOError: 
[2022-01-12 12:56:45,713 W 14164 14468] metric_exporter.cc:206: Export metrics to agent failed: IOError: . This won't affect Ray, but you can lose metrics from the cluster.
[2022-01-12 12:56:46,500 I 14164 14467] raylet_client.cc:336: Error reporting task backlog information: IOError: 
[2022-01-12 12:56:47,500 I 14164 14467] raylet_client.cc:336: Error reporting task backlog information: IOError: 
[2022-01-12 12:56:48,500 I 14164 14467] raylet_client.cc:336: Error reporting task backlog information: IOError: 
[2022-01-12 12:56:49,500 I 14164 14467] raylet_client.cc:336: Error reporting task backlog information: IOError: 
[2022-01-12 12:56:50,500 I 14164 14467] raylet_client.cc:336: Error reporting task backlog information: IOError: 
[2022-01-12 12:56:51,500 I 14164 14467] raylet_client.cc:336: Error reporting task backlog information: IOError: 
[2022-01-12 12:56:52,500 I 14164 14467] raylet_client.cc:336: Error reporting task backlog information: IOError: 
[2022-01-12 12:56:53,500 I 14164 14467] raylet_client.cc:336: Error reporting task backlog information: IOError: 
[2022-01-12 12:56:54,500 I 14164 14467] raylet_client.cc:336: Error reporting task backlog information: IOError: 
[2022-01-12 12:56:55,500 I 14164 14467] raylet_client.cc:336: Error reporting task backlog information: IOError: 
[2022-01-12 12:56:55,720 W 14164 14468] metric_exporter.cc:206: Export metrics to agent failed: IOError: . This won't affect Ray, but you can lose metrics from the cluster.
[2022-01-12 12:56:56,501 I 14164 14467] raylet_client.cc:336: Error reporting task backlog information: IOError: 
[2022-01-12 12:56:57,501 I 14164 14467] raylet_client.cc:336: Error reporting task backlog information: IOError: 
[2022-01-12 12:56:58,501 I 14164 14467] raylet_client.cc:336: Error reporting task backlog information: IOError: 
[2022-01-12 12:56:59,501 I 14164 14467] raylet_client.cc:336: Error reporting task backlog information: IOError: 
[2022-01-12 12:57:00,501 I 14164 14467] raylet_client.cc:336: Error reporting task backlog information: IOError: 
[2022-01-12 12:57:01,501 I 14164 14467] raylet_client.cc:336: Error reporting task backlog information: IOError: 
[2022-01-12 12:57:02,501 I 14164 14467] raylet_client.cc:336: Error reporting task backlog information: IOError: 
[2022-01-12 12:57:03,501 I 14164 14467] raylet_client.cc:336: Error reporting task backlog information: IOError: 
[2022-01-12 12:57:04,501 I 14164 14467] raylet_client.cc:336: Error reporting task backlog information: IOError: 
[2022-01-12 12:57:05,501 I 14164 14467] raylet_client.cc:336: Error reporting task backlog information: IOError: 
[2022-01-12 12:57:05,727 W 14164 14468] metric_exporter.cc:206: Export metrics to agent failed: IOError: . This won't affect Ray, but you can lose metrics from the cluster.
[2022-01-12 12:57:06,501 I 14164 14467] raylet_client.cc:336: Error reporting task backlog information: IOError: 
[2022-01-12 12:57:07,501 I 14164 14467] raylet_client.cc:336: Error reporting task backlog information: IOError: 
[2022-01-12 12:57:08,502 I 14164 14467] raylet_client.cc:336: Error reporting task backlog information: IOError: 
[2022-01-12 12:57:09,502 I 14164 14467] raylet_client.cc:336: Error reporting task backlog information: IOError: 
[2022-01-12 12:57:10,502 I 14164 14467] raylet_client.cc:336: Error reporting task backlog information: IOError: 
[2022-01-12 12:57:11,502 I 14164 14467] raylet_client.cc:336: Error reporting task backlog information: IOError: 
[2022-01-12 12:57:12,502 I 14164 14467] raylet_client.cc:336: Error reporting task backlog information: IOError: 
[2022-01-12 12:57:13,502 I 14164 14467] raylet_client.cc:336: Error reporting task backlog information: IOError: 
[2022-01-12 12:57:14,502 I 14164 14467] raylet_client.cc:336: Error reporting task backlog information: IOError: 
[2022-01-12 12:57:15,502 I 14164 14467] raylet_client.cc:336: Error reporting task backlog information: IOError: 
[2022-01-12 12:57:15,734 W 14164 14468] metric_exporter.cc:206: Export metrics to agent failed: IOError: . This won't affect Ray, but you can lose metrics from the cluster.
[2022-01-12 12:57:16,502 I 14164 14467] raylet_client.cc:336: Error reporting task backlog information: IOError: 
[2022-01-12 12:57:17,502 I 14164 14467] raylet_client.cc:336: Error reporting task backlog information: IOError: 
[2022-01-12 12:57:18,502 I 14164 14467] raylet_client.cc:336: Error reporting task backlog information: IOError: 
[2022-01-12 12:57:19,502 I 14164 14467] raylet_client.cc:336: Error reporting task backlog information: IOError: 
[2022-01-12 12:57:20,502 I 14164 14467] raylet_client.cc:336: Error reporting task backlog information: IOError: 
[2022-01-12 12:57:21,502 I 14164 14467] raylet_client.cc:336: Error reporting task backlog information: IOError: 
[2022-01-12 12:57:22,503 I 14164 14467] raylet_client.cc:336: Error reporting task backlog information: IOError: 
[2022-01-12 12:57:23,356 W 14164 14363] gcs_server_address_updater.cc:61: [301] Failed to get the gcs server address from raylet 301 times in a row. If it keeps failing to obtain the address, the worker might crash. Connection status IOError: 
[2022-01-12 12:57:23,503 I 14164 14467] raylet_client.cc:336: Error reporting task backlog information: IOError: 
[2022-01-12 12:57:24,503 I 14164 14467] raylet_client.cc:336: Error reporting task backlog information: IOError: 
[2022-01-12 12:57:25,503 I 14164 14467] raylet_client.cc:336: Error reporting task backlog information: IOError: 
[2022-01-12 12:57:25,741 W 14164 14468] metric_exporter.cc:206: Export metrics to agent failed: IOError: . This won't affect Ray, but you can lose metrics from the cluster.
[2022-01-12 12:57:26,503 I 14164 14467] raylet_client.cc:336: Error reporting task backlog information: IOError: 
[2022-01-12 12:57:27,503 I 14164 14467] raylet_client.cc:336: Error reporting task backlog information: IOError: 
[2022-01-12 12:57:28,503 I 14164 14467] raylet_client.cc:336: Error reporting task backlog information: IOError: 
[2022-01-12 12:57:29,503 I 14164 14467] raylet_client.cc:336: Error reporting task backlog information: IOError: 
[2022-01-12 12:57:30,503 I 14164 14467] raylet_client.cc:336: Error reporting task backlog information: IOError: 
[2022-01-12 12:57:31,503 I 14164 14467] raylet_client.cc:336: Error reporting task backlog information: IOError: 
[2022-01-12 12:57:32,503 I 14164 14467] raylet_client.cc:336: Error reporting task backlog information: IOError: 
[2022-01-12 12:57:33,504 I 14164 14467] raylet_client.cc:336: Error reporting task backlog information: IOError: 
[2022-01-12 12:57:34,504 I 14164 14467] raylet_client.cc:336: Error reporting task backlog information: IOError: 
[2022-01-12 12:57:35,504 I 14164 14467] raylet_client.cc:336: Error reporting task backlog information: IOError: 
[2022-01-12 12:57:35,750 W 14164 14468] metric_exporter.cc:206: Export metrics to agent failed: IOError: . This won't affect Ray, but you can lose metrics from the cluster.
[2022-01-12 12:57:36,504 I 14164 14467] raylet_client.cc:336: Error reporting task backlog information: IOError: 
[2022-01-12 12:57:37,504 I 14164 14467] raylet_client.cc:336: Error reporting task backlog information: IOError: 
[2022-01-12 12:57:38,504 I 14164 14467] raylet_client.cc:336: Error reporting task backlog information: IOError: 
[2022-01-12 12:57:39,504 I 14164 14467] raylet_client.cc:336: Error reporting task backlog information: IOError: 
[2022-01-12 12:57:40,504 I 14164 14467] raylet_client.cc:336: Error reporting task backlog information: IOError: 
[2022-01-12 12:57:41,504 I 14164 14467] raylet_client.cc:336: Error reporting task backlog information: IOError: 
[2022-01-12 12:57:42,504 I 14164 14467] raylet_client.cc:336: Error reporting task backlog information: IOError: 
[2022-01-12 12:57:43,504 I 14164 14467] raylet_client.cc:336: Error reporting task backlog information: IOError: 
[2022-01-12 12:57:44,504 I 14164 14467] raylet_client.cc:336: Error reporting task backlog information: IOError: 
[2022-01-12 12:57:45,504 I 14164 14467] raylet_client.cc:336: Error reporting task backlog information: IOError: 
[2022-01-12 12:57:45,756 W 14164 14468] metric_exporter.cc:206: Export metrics to agent failed: IOError: . This won't affect Ray, but you can lose metrics from the cluster.
[2022-01-12 12:57:46,504 I 14164 14467] raylet_client.cc:336: Error reporting task backlog information: IOError: 
[2022-01-12 12:57:47,504 I 14164 14467] raylet_client.cc:336: Error reporting task backlog information: IOError: 
[2022-01-12 12:57:48,504 I 14164 14467] raylet_client.cc:336: Error reporting task backlog information: IOError: 
[2022-01-12 12:57:49,504 I 14164 14467] raylet_client.cc:336: Error reporting task backlog information: IOError: 
[2022-01-12 12:57:50,505 I 14164 14467] raylet_client.cc:336: Error reporting task backlog information: IOError: 
[2022-01-12 12:57:51,505 I 14164 14467] raylet_client.cc:336: Error reporting task backlog information: IOError: 
[2022-01-12 12:57:52,505 I 14164 14467] raylet_client.cc:336: Error reporting task backlog information: IOError: 
[2022-01-12 12:57:53,507 I 14164 14467] raylet_client.cc:336: Error reporting task backlog information: IOError: 
[2022-01-12 12:57:54,505 I 14164 14467] raylet_client.cc:336: Error reporting task backlog information: IOError: 
[2022-01-12 12:57:55,505 I 14164 14467] raylet_client.cc:336: Error reporting task backlog information: IOError: 
[2022-01-12 12:57:55,763 W 14164 14468] metric_exporter.cc:206: Export metrics to agent failed: IOError: . This won't affect Ray, but you can lose metrics from the cluster.
[2022-01-12 12:57:56,505 I 14164 14467] raylet_client.cc:336: Error reporting task backlog information: IOError: 
[2022-01-12 12:57:57,505 I 14164 14467] raylet_client.cc:336: Error reporting task backlog information: IOError: 
[2022-01-12 12:57:58,505 I 14164 14467] raylet_client.cc:336: Error reporting task backlog information: IOError: 
[2022-01-12 12:57:59,505 I 14164 14467] raylet_client.cc:336: Error reporting task backlog information: IOError: 
[2022-01-12 12:58:00,505 I 14164 14467] raylet_client.cc:336: Error reporting task backlog information: IOError: 
[2022-01-12 12:58:01,505 I 14164 14467] raylet_client.cc:336: Error reporting task backlog information: IOError: 
[2022-01-12 12:58:02,505 I 14164 14467] raylet_client.cc:336: Error reporting task backlog information: IOError: 
[2022-01-12 12:58:03,505 I 14164 14467] raylet_client.cc:336: Error reporting task backlog information: IOError: 
[2022-01-12 12:58:04,506 I 14164 14467] raylet_client.cc:336: Error reporting task backlog information: IOError: 
[2022-01-12 12:58:05,506 I 14164 14467] raylet_client.cc:336: Error reporting task backlog information: IOError: 
[2022-01-12 12:58:05,769 W 14164 14468] metric_exporter.cc:206: Export metrics to agent failed: IOError: . This won't affect Ray, but you can lose metrics from the cluster.
[2022-01-12 12:58:06,506 I 14164 14467] raylet_client.cc:336: Error reporting task backlog information: IOError: 
[2022-01-12 12:58:07,506 I 14164 14467] raylet_client.cc:336: Error reporting task backlog information: IOError: 
[2022-01-12 12:58:08,506 I 14164 14467] raylet_client.cc:336: Error reporting task backlog information: IOError: 
[2022-01-12 12:58:09,506 I 14164 14467] raylet_client.cc:336: Error reporting task backlog information: IOError: 
[2022-01-12 12:58:10,506 I 14164 14467] raylet_client.cc:336: Error reporting task backlog information: IOError: 
[2022-01-12 12:58:11,506 I 14164 14467] raylet_client.cc:336: Error reporting task backlog information: IOError: 
[2022-01-12 12:58:12,506 I 14164 14467] raylet_client.cc:336: Error reporting task backlog information: IOError: 
[2022-01-12 12:58:13,506 I 14164 14467] raylet_client.cc:336: Error reporting task backlog information: IOError: 
[2022-01-12 12:58:14,506 I 14164 14467] raylet_client.cc:336: Error reporting task backlog information: IOError: 
[2022-01-12 12:58:15,506 I 14164 14467] raylet_client.cc:336: Error reporting task backlog information: IOError: 
[2022-01-12 12:58:15,776 W 14164 14468] metric_exporter.cc:206: Export metrics to agent failed: IOError: . This won't affect Ray, but you can lose metrics from the cluster.
[2022-01-12 12:58:16,506 I 14164 14467] raylet_client.cc:336: Error reporting task backlog information: IOError: 
[2022-01-12 12:58:17,506 I 14164 14467] raylet_client.cc:336: Error reporting task backlog information: IOError: 
[2022-01-12 12:58:18,506 I 14164 14467] raylet_client.cc:336: Error reporting task backlog information: IOError: 
[2022-01-12 12:58:19,507 I 14164 14467] raylet_client.cc:336: Error reporting task backlog information: IOError: 
[2022-01-12 12:58:20,507 I 14164 14467] raylet_client.cc:336: Error reporting task backlog information: IOError: 
[2022-01-12 12:58:21,507 I 14164 14467] raylet_client.cc:336: Error reporting task backlog information: IOError: 
[2022-01-12 12:58:22,507 I 14164 14467] raylet_client.cc:336: Error reporting task backlog information: IOError: 
[2022-01-12 12:58:23,507 I 14164 14467] raylet_client.cc:336: Error reporting task backlog information: IOError: 
[2022-01-12 12:58:24,507 I 14164 14467] raylet_client.cc:336: Error reporting task backlog information: IOError: 
[2022-01-12 12:58:25,507 I 14164 14467] raylet_client.cc:336: Error reporting task backlog information: IOError: 
[2022-01-12 12:58:25,783 W 14164 14468] metric_exporter.cc:206: Export metrics to agent failed: IOError: . This won't affect Ray, but you can lose metrics from the cluster.
[2022-01-12 12:58:26,507 I 14164 14467] raylet_client.cc:336: Error reporting task backlog information: IOError: 
[2022-01-12 12:58:27,507 I 14164 14467] raylet_client.cc:336: Error reporting task backlog information: IOError: 
[2022-01-12 12:58:28,508 I 14164 14467] raylet_client.cc:336: Error reporting task backlog information: IOError: 
[2022-01-12 12:58:29,508 I 14164 14467] raylet_client.cc:336: Error reporting task backlog information: IOError: 
[2022-01-12 12:58:30,508 I 14164 14467] raylet_client.cc:336: Error reporting task backlog information: IOError: 
[2022-01-12 12:58:31,508 I 14164 14467] raylet_client.cc:336: Error reporting task backlog information: IOError: 
[2022-01-12 12:58:32,508 I 14164 14467] raylet_client.cc:336: Error reporting task backlog information: IOError: 
[2022-01-12 12:58:33,508 I 14164 14467] raylet_client.cc:336: Error reporting task backlog information: IOError: 
[2022-01-12 12:58:34,508 I 14164 14467] raylet_client.cc:336: Error reporting task backlog information: IOError: 
[2022-01-12 12:58:35,509 I 14164 14467] raylet_client.cc:336: Error reporting task backlog information: IOError: 
[2022-01-12 12:58:35,791 W 14164 14468] metric_exporter.cc:206: Export metrics to agent failed: IOError: . This won't affect Ray, but you can lose metrics from the cluster.
[2022-01-12 12:58:36,509 I 14164 14467] raylet_client.cc:336: Error reporting task backlog information: IOError: 
[2022-01-12 12:58:37,509 I 14164 14467] raylet_client.cc:336: Error reporting task backlog information: IOError: 
[2022-01-12 12:58:38,509 I 14164 14467] raylet_client.cc:336: Error reporting task backlog information: IOError: 
[2022-01-12 12:58:39,509 I 14164 14467] raylet_client.cc:336: Error reporting task backlog information: IOError: 
[2022-01-12 12:58:40,509 I 14164 14467] raylet_client.cc:336: Error reporting task backlog information: IOError: 
[2022-01-12 12:58:41,510 I 14164 14467] raylet_client.cc:336: Error reporting task backlog information: IOError: 
[2022-01-12 12:58:42,510 I 14164 14467] raylet_client.cc:336: Error reporting task backlog information: IOError: 
[2022-01-12 12:58:43,510 I 14164 14467] raylet_client.cc:336: Error reporting task backlog information: IOError: 
[2022-01-12 12:58:44,511 I 14164 14467] raylet_client.cc:336: Error reporting task backlog information: IOError: 
[2022-01-12 12:58:45,511 I 14164 14467] raylet_client.cc:336: Error reporting task backlog information: IOError: 
[2022-01-12 12:58:45,801 W 14164 14468] metric_exporter.cc:206: Export metrics to agent failed: IOError: . This won't affect Ray, but you can lose metrics from the cluster.
[2022-01-12 12:58:46,511 I 14164 14467] raylet_client.cc:336: Error reporting task backlog information: IOError: 
[2022-01-12 12:58:47,511 I 14164 14467] raylet_client.cc:336: Error reporting task backlog information: IOError: 
[2022-01-12 12:58:48,512 I 14164 14467] raylet_client.cc:336: Error reporting task backlog information: IOError: 
[2022-01-12 12:58:49,512 I 14164 14467] raylet_client.cc:336: Error reporting task backlog information: IOError: 
[2022-01-12 12:58:50,512 I 14164 14467] raylet_client.cc:336: Error reporting task backlog information: IOError: 
[2022-01-12 12:58:51,512 I 14164 14467] raylet_client.cc:336: Error reporting task backlog information: IOError: 
[2022-01-12 12:58:52,512 I 14164 14467] raylet_client.cc:336: Error reporting task backlog information: IOError: 
[2022-01-12 12:58:53,512 I 14164 14467] raylet_client.cc:336: Error reporting task backlog information: IOError: 
[2022-01-12 12:58:54,512 I 14164 14467] raylet_client.cc:336: Error reporting task backlog information: IOError: 
[2022-01-12 12:58:55,512 I 14164 14467] raylet_client.cc:336: Error reporting task backlog information: IOError: 
[2022-01-12 12:58:55,810 W 14164 14468] metric_exporter.cc:206: Export metrics to agent failed: IOError: . This won't affect Ray, but you can lose metrics from the cluster.
[2022-01-12 12:58:56,513 I 14164 14467] raylet_client.cc:336: Error reporting task backlog information: IOError: 
[2022-01-12 12:58:57,513 I 14164 14467] raylet_client.cc:336: Error reporting task backlog information: IOError: 
[2022-01-12 12:58:58,513 I 14164 14467] raylet_client.cc:336: Error reporting task backlog information: IOError: 
[2022-01-12 12:58:59,513 I 14164 14467] raylet_client.cc:336: Error reporting task backlog information: IOError: 
[2022-01-12 12:59:00,513 I 14164 14467] raylet_client.cc:336: Error reporting task backlog information: IOError: 
[2022-01-12 12:59:01,513 I 14164 14467] raylet_client.cc:336: Error reporting task backlog information: IOError: 
[2022-01-12 12:59:02,513 I 14164 14467] raylet_client.cc:336: Error reporting task backlog information: IOError: 
[2022-01-12 12:59:03,513 I 14164 14467] raylet_client.cc:336: Error reporting task backlog information: IOError: 
[2022-01-12 12:59:04,513 I 14164 14467] raylet_client.cc:336: Error reporting task backlog information: IOError: 
[2022-01-12 12:59:05,514 I 14164 14467] raylet_client.cc:336: Error reporting task backlog information: IOError: 
[2022-01-12 12:59:05,820 W 14164 14468] metric_exporter.cc:206: Export metrics to agent failed: IOError: . This won't affect Ray, but you can lose metrics from the cluster.
[2022-01-12 12:59:06,514 I 14164 14467] raylet_client.cc:336: Error reporting task backlog information: IOError: 
[2022-01-12 12:59:07,514 I 14164 14467] raylet_client.cc:336: Error reporting task backlog information: IOError: 
[2022-01-12 12:59:08,514 I 14164 14467] raylet_client.cc:336: Error reporting task backlog information: IOError: 
[2022-01-12 12:59:09,515 I 14164 14467] raylet_client.cc:336: Error reporting task backlog information: IOError: 
[2022-01-12 12:59:10,515 I 14164 14467] raylet_client.cc:336: Error reporting task backlog information: IOError: 
[2022-01-12 12:59:11,515 I 14164 14467] raylet_client.cc:336: Error reporting task backlog information: IOError: 
[2022-01-12 12:59:12,515 I 14164 14467] raylet_client.cc:336: Error reporting task backlog information: IOError: 
[2022-01-12 12:59:13,516 I 14164 14467] raylet_client.cc:336: Error reporting task backlog information: IOError: 
[2022-01-12 12:59:14,516 I 14164 14467] raylet_client.cc:336: Error reporting task backlog information: IOError: 
[2022-01-12 12:59:15,516 I 14164 14467] raylet_client.cc:336: Error reporting task backlog information: IOError: 
[2022-01-12 12:59:15,831 W 14164 14468] metric_exporter.cc:206: Export metrics to agent failed: IOError: . This won't affect Ray, but you can lose metrics from the cluster.
[2022-01-12 12:59:16,516 I 14164 14467] raylet_client.cc:336: Error reporting task backlog information: IOError: 
[2022-01-12 12:59:17,517 I 14164 14467] raylet_client.cc:336: Error reporting task backlog information: IOError: 
[2022-01-12 12:59:18,517 I 14164 14467] raylet_client.cc:336: Error reporting task backlog information: IOError: 
[2022-01-12 12:59:19,517 I 14164 14467] raylet_client.cc:336: Error reporting task backlog information: IOError: 
[2022-01-12 12:59:20,517 I 14164 14467] raylet_client.cc:336: Error reporting task backlog information: IOError: 
[2022-01-12 12:59:21,517 I 14164 14467] raylet_client.cc:336: Error reporting task backlog information: IOError: 
[2022-01-12 12:59:22,517 I 14164 14467] raylet_client.cc:336: Error reporting task backlog information: IOError: 
[2022-01-12 12:59:23,518 I 14164 14467] raylet_client.cc:336: Error reporting task backlog information: IOError: 
[2022-01-12 12:59:24,518 I 14164 14467] raylet_client.cc:336: Error reporting task backlog information: IOError: 
[2022-01-12 12:59:25,518 I 14164 14467] raylet_client.cc:336: Error reporting task backlog information: IOError: 
[2022-01-12 12:59:25,841 W 14164 14468] metric_exporter.cc:206: Export metrics to agent failed: IOError: . This won't affect Ray, but you can lose metrics from the cluster.
[2022-01-12 12:59:26,518 I 14164 14467] raylet_client.cc:336: Error reporting task backlog information: IOError: 
[2022-01-12 12:59:27,518 I 14164 14467] raylet_client.cc:336: Error reporting task backlog information: IOError: 
[2022-01-12 12:59:28,518 I 14164 14467] raylet_client.cc:336: Error reporting task backlog information: IOError: 
[2022-01-12 12:59:29,519 I 14164 14467] raylet_client.cc:336: Error reporting task backlog information: IOError: 
[2022-01-12 12:59:30,519 I 14164 14467] raylet_client.cc:336: Error reporting task backlog information: IOError: 
[2022-01-12 12:59:31,519 I 14164 14467] raylet_client.cc:336: Error reporting task backlog information: IOError: 
[2022-01-12 12:59:32,519 I 14164 14467] raylet_client.cc:336: Error reporting task backlog information: IOError: 
[2022-01-12 12:59:33,519 I 14164 14467] raylet_client.cc:336: Error reporting task backlog information: IOError: 
[2022-01-12 12:59:34,520 I 14164 14467] raylet_client.cc:336: Error reporting task backlog information: IOError: 
[2022-01-12 12:59:35,520 I 14164 14467] raylet_client.cc:336: Error reporting task backlog information: IOError: 
[2022-01-12 12:59:35,851 W 14164 14468] metric_exporter.cc:206: Export metrics to agent failed: IOError: . This won't affect Ray, but you can lose metrics from the cluster.
[2022-01-12 12:59:36,520 I 14164 14467] raylet_client.cc:336: Error reporting task backlog information: IOError: 
[2022-01-12 12:59:37,520 I 14164 14467] raylet_client.cc:336: Error reporting task backlog information: IOError: 
[2022-01-12 12:59:38,520 I 14164 14467] raylet_client.cc:336: Error reporting task backlog information: IOError: 
[2022-01-12 12:59:39,520 I 14164 14467] raylet_client.cc:336: Error reporting task backlog information: IOError: 
[2022-01-12 12:59:40,521 I 14164 14467] raylet_client.cc:336: Error reporting task backlog information: IOError: 
[2022-01-12 12:59:41,521 I 14164 14467] raylet_client.cc:336: Error reporting task backlog information: IOError: 
[2022-01-12 12:59:42,521 I 14164 14467] raylet_client.cc:336: Error reporting task backlog information: IOError: 
[2022-01-12 12:59:43,521 I 14164 14467] raylet_client.cc:336: Error reporting task backlog information: IOError: 
[2022-01-12 12:59:44,521 I 14164 14467] raylet_client.cc:336: Error reporting task backlog information: IOError: 
[2022-01-12 12:59:45,522 I 14164 14467] raylet_client.cc:336: Error reporting task backlog information: IOError: 
[2022-01-12 12:59:45,862 W 14164 14468] metric_exporter.cc:206: Export metrics to agent failed: IOError: . This won't affect Ray, but you can lose metrics from the cluster.
[2022-01-12 12:59:46,522 I 14164 14467] raylet_client.cc:336: Error reporting task backlog information: IOError: 
[2022-01-12 12:59:47,522 I 14164 14467] raylet_client.cc:336: Error reporting task backlog information: IOError: 
[2022-01-12 12:59:48,522 I 14164 14467] raylet_client.cc:336: Error reporting task backlog information: IOError: 
[2022-01-12 12:59:49,522 I 14164 14467] raylet_client.cc:336: Error reporting task backlog information: IOError: 
[2022-01-12 12:59:50,522 I 14164 14467] raylet_client.cc:336: Error reporting task backlog information: IOError: 
[2022-01-12 12:59:51,523 I 14164 14467] raylet_client.cc:336: Error reporting task backlog information: IOError: 
[2022-01-12 12:59:52,523 I 14164 14467] raylet_client.cc:336: Error reporting task backlog information: IOError: 
[2022-01-12 12:59:53,523 I 14164 14467] raylet_client.cc:336: Error reporting task backlog information: IOError: 
[2022-01-12 12:59:54,523 I 14164 14467] raylet_client.cc:336: Error reporting task backlog information: IOError: 
[2022-01-12 12:59:55,523 I 14164 14467] raylet_client.cc:336: Error reporting task backlog information: IOError: 
[2022-01-12 12:59:55,872 W 14164 14468] metric_exporter.cc:206: Export metrics to agent failed: IOError: . This won't affect Ray, but you can lose metrics from the cluster.
[2022-01-12 12:59:56,523 I 14164 14467] raylet_client.cc:336: Error reporting task backlog information: IOError: 
[2022-01-12 12:59:57,523 I 14164 14467] raylet_client.cc:336: Error reporting task backlog information: IOError: 
[2022-01-12 12:59:58,523 I 14164 14467] raylet_client.cc:336: Error reporting task backlog information: IOError: 
[2022-01-12 12:59:59,523 I 14164 14467] raylet_client.cc:336: Error reporting task backlog information: IOError: 
[2022-01-12 13:00:00,523 I 14164 14467] raylet_client.cc:336: Error reporting task backlog information: IOError: 
[2022-01-12 13:00:01,524 I 14164 14467] raylet_client.cc:336: Error reporting task backlog information: IOError: 
[2022-01-12 13:00:02,524 I 14164 14467] raylet_client.cc:336: Error reporting task backlog information: IOError: 
[2022-01-12 13:00:03,524 I 14164 14467] raylet_client.cc:336: Error reporting task backlog information: IOError: 
[2022-01-12 13:00:04,524 I 14164 14467] raylet_client.cc:336: Error reporting task backlog information: IOError: 
[2022-01-12 13:00:05,524 I 14164 14467] raylet_client.cc:336: Error reporting task backlog information: IOError: 
[2022-01-12 13:00:05,883 W 14164 14468] metric_exporter.cc:206: Export metrics to agent failed: IOError: . This won't affect Ray, but you can lose metrics from the cluster.
[2022-01-12 13:00:06,524 I 14164 14467] raylet_client.cc:336: Error reporting task backlog information: IOError: 
[2022-01-12 13:00:07,525 I 14164 14467] raylet_client.cc:336: Error reporting task backlog information: IOError: 
[2022-01-12 13:00:08,525 I 14164 14467] raylet_client.cc:336: Error reporting task backlog information: IOError: 
[2022-01-12 13:00:09,525 I 14164 14467] raylet_client.cc:336: Error reporting task backlog information: IOError: 
[2022-01-12 13:00:10,525 I 14164 14467] raylet_client.cc:336: Error reporting task backlog information: IOError: 
[2022-01-12 13:00:11,525 I 14164 14467] raylet_client.cc:336: Error reporting task backlog information: IOError: 
[2022-01-12 13:00:12,526 I 14164 14467] raylet_client.cc:336: Error reporting task backlog information: IOError: 
[2022-01-12 13:00:13,526 I 14164 14467] raylet_client.cc:336: Error reporting task backlog information: IOError: 
[2022-01-12 13:00:14,526 I 14164 14467] raylet_client.cc:336: Error reporting task backlog information: IOError: 
[2022-01-12 13:00:15,526 I 14164 14467] raylet_client.cc:336: Error reporting task backlog information: IOError: 
[2022-01-12 13:00:15,896 W 14164 14468] metric_exporter.cc:206: Export metrics to agent failed: IOError: . This won't affect Ray, but you can lose metrics from the cluster.
[2022-01-12 13:00:16,526 I 14164 14467] raylet_client.cc:336: Error reporting task backlog information: IOError: 
[2022-01-12 13:00:17,527 I 14164 14467] raylet_client.cc:336: Error reporting task backlog information: IOError: 
[2022-01-12 13:00:18,527 I 14164 14467] raylet_client.cc:336: Error reporting task backlog information: IOError: 
[2022-01-12 13:00:19,527 I 14164 14467] raylet_client.cc:336: Error reporting task backlog information: IOError: 
[2022-01-12 13:00:20,527 I 14164 14467] raylet_client.cc:336: Error reporting task backlog information: IOError: 
[2022-01-12 13:00:21,527 I 14164 14467] raylet_client.cc:336: Error reporting task backlog information: IOError: 
[2022-01-12 13:00:22,528 I 14164 14467] raylet_client.cc:336: Error reporting task backlog information: IOError: 
[2022-01-12 13:00:23,528 I 14164 14467] raylet_client.cc:336: Error reporting task backlog information: IOError: 
[2022-01-12 13:00:24,528 I 14164 14467] raylet_client.cc:336: Error reporting task backlog information: IOError: 
[2022-01-12 13:00:25,528 I 14164 14467] raylet_client.cc:336: Error reporting task backlog information: IOError: 
[2022-01-12 13:00:25,908 W 14164 14468] metric_exporter.cc:206: Export metrics to agent failed: IOError: . This won't affect Ray, but you can lose metrics from the cluster.
[2022-01-12 13:00:26,528 I 14164 14467] raylet_client.cc:336: Error reporting task backlog information: IOError: 
[2022-01-12 13:00:27,529 I 14164 14467] raylet_client.cc:336: Error reporting task backlog information: IOError: 
[2022-01-12 13:00:28,529 I 14164 14467] raylet_client.cc:336: Error reporting task backlog information: IOError: 
[2022-01-12 13:00:29,529 I 14164 14467] raylet_client.cc:336: Error reporting task backlog information: IOError: 
[2022-01-12 13:00:30,529 I 14164 14467] raylet_client.cc:336: Error reporting task backlog information: IOError: 
[2022-01-12 13:00:31,529 I 14164 14467] raylet_client.cc:336: Error reporting task backlog information: IOError: 
[2022-01-12 13:00:32,529 I 14164 14467] raylet_client.cc:336: Error reporting task backlog information: IOError: 
[2022-01-12 13:00:33,530 I 14164 14467] raylet_client.cc:336: Error reporting task backlog information: IOError: 
[2022-01-12 13:00:34,530 I 14164 14467] raylet_client.cc:336: Error reporting task backlog information: IOError: 
[2022-01-12 13:00:35,530 I 14164 14467] raylet_client.cc:336: Error reporting task backlog information: IOError: 
[2022-01-12 13:00:35,919 W 14164 14468] metric_exporter.cc:206: Export metrics to agent failed: IOError: . This won't affect Ray, but you can lose metrics from the cluster.
[2022-01-12 13:00:36,530 I 14164 14467] raylet_client.cc:336: Error reporting task backlog information: IOError: 
[2022-01-12 13:00:37,530 I 14164 14467] raylet_client.cc:336: Error reporting task backlog information: IOError: 
[2022-01-12 13:00:38,531 I 14164 14467] raylet_client.cc:336: Error reporting task backlog information: IOError: 
[2022-01-12 13:00:39,531 I 14164 14467] raylet_client.cc:336: Error reporting task backlog information: IOError: 
[2022-01-12 13:00:40,531 I 14164 14467] raylet_client.cc:336: Error reporting task backlog information: IOError: 
