[2022-01-10 13:14:19,666 I 24825 24825] io_service_pool.cc:35: IOServicePool is running with 1 io_service.
[2022-01-10 13:14:19,667 I 24825 24825] gcs_redis_failure_detector.cc:30: Starting redis failure detector.
[2022-01-10 13:14:19,667 I 24825 24825] gcs_init_data.cc:42: Loading job table data.
[2022-01-10 13:14:19,667 I 24825 24825] gcs_init_data.cc:54: Loading node table data.
[2022-01-10 13:14:19,667 I 24825 24825] gcs_init_data.cc:66: Loading cluster resources table data.
[2022-01-10 13:14:19,667 I 24825 24825] gcs_init_data.cc:93: Loading actor table data.
[2022-01-10 13:14:19,667 I 24825 24825] gcs_init_data.cc:79: Loading placement group table data.
[2022-01-10 13:14:19,667 I 24825 24825] gcs_init_data.cc:46: Finished loading job table data, size = 0
[2022-01-10 13:14:19,667 I 24825 24825] gcs_init_data.cc:58: Finished loading node table data, size = 0
[2022-01-10 13:14:19,667 I 24825 24825] gcs_init_data.cc:70: Finished loading cluster resources table data, size = 0
[2022-01-10 13:14:19,667 I 24825 24825] gcs_init_data.cc:97: Finished loading actor table data, size = 0
[2022-01-10 13:14:19,667 I 24825 24825] gcs_init_data.cc:84: Finished loading placement group table data, size = 0
[2022-01-10 13:14:19,667 I 24825 24825] gcs_heartbeat_manager.cc:30: GcsHeartbeatManager start, num_heartbeats_timeout=30
[2022-01-10 13:14:19,681 I 24825 24825] grpc_server.cc:112: GcsServer server started, listening on port 37539.
[2022-01-10 13:14:19,690 I 24825 24825] gcs_server.cc:339: Gcs server address = 131.215.21.210:37539
[2022-01-10 13:14:19,690 I 24825 24825] gcs_server.cc:343: Finished setting gcs server address: 131.215.21.210:37539
[2022-01-10 13:14:19,690 I 24825 24825] gcs_server.cc:531: GcsNodeManager: {RegisterNode request count: 0, DrainNode request count: 0, GetAllNodeInfo request count: 0, GetInternalConfig request count: 0}
GcsActorManager: {RegisterActor request count: 0, CreateActor request count: 0, GetActorInfo request count: 0, GetNamedActorInfo request count: 0, GetAllActorInfo request count: 0, KillActor request count: 0, ListNamedActors request count: 0, Registered actors count: 0, Destroyed actors count: 0, Named actors count: 0, Unresolved actors count: 0, Pending actors count: 0, Created actors count: 0}
GcsPlacementGroupManager: {CreatePlacementGroup request count: 0, RemovePlacementGroup request count: 0, GetPlacementGroup request count: 0, GetAllPlacementGroup request count: 0, WaitPlacementGroupUntilReady request count: 0, GetNamedPlacementGroup request count: 0, Scheduling pending placement group count: 0, Registered placement groups count: 0, Named placement group count: 0, Pending placement groups count: 0}
GcsPubSub:
- num channels subscribed to: 0
- total commands queued: 0
DefaultTaskInfoHandler: {AddTask request count: 0, GetTask request count: 0, AddTaskLease request count: 0, GetTaskLease request count: 0, AttemptTaskReconstruction request count: 0}
GrpcBasedResourceBroadcaster: {Tracked nodes: 0}
[2022-01-10 13:14:21,598 I 24825 24825] gcs_node_manager.cc:42: Registering node info, node id = 1890a6c4b2f3e05cc7cb4f49f02697687574c309aef4d8f13add88a5, address = 131.215.21.210
[2022-01-10 13:14:21,598 I 24825 24825] gcs_node_manager.cc:47: Finished registering node info, node id = 1890a6c4b2f3e05cc7cb4f49f02697687574c309aef4d8f13add88a5, address = 131.215.21.210
[2022-01-10 13:14:21,598 I 24825 24825] gcs_placement_group_manager.cc:722: A new node: 1890a6c4b2f3e05cc7cb4f49f02697687574c309aef4d8f13add88a5 registered, will try to reschedule all the infeasible placement groups.
[2022-01-10 13:14:21,600 I 24825 24825] gcs_job_manager.cc:140: Getting all job info.
[2022-01-10 13:14:21,600 I 24825 24825] gcs_job_manager.cc:146: Finished getting all job info.
[2022-01-10 13:14:22,607 I 24825 24825] gcs_job_manager.cc:40: Adding job, job id = 01000000, driver pid = 24770
[2022-01-10 13:14:22,607 I 24825 24825] gcs_job_manager.cc:54: Finished adding job, job id = 01000000, driver pid = 24770
[2022-01-10 13:15:19,690 I 24825 24825] gcs_server.cc:531: GcsNodeManager: {RegisterNode request count: 1, DrainNode request count: 0, GetAllNodeInfo request count: 41, GetInternalConfig request count: 1}
GcsActorManager: {RegisterActor request count: 0, CreateActor request count: 0, GetActorInfo request count: 0, GetNamedActorInfo request count: 0, GetAllActorInfo request count: 1, KillActor request count: 0, ListNamedActors request count: 0, Registered actors count: 0, Destroyed actors count: 0, Named actors count: 0, Unresolved actors count: 0, Pending actors count: 0, Created actors count: 0}
GcsPlacementGroupManager: {CreatePlacementGroup request count: 0, RemovePlacementGroup request count: 0, GetPlacementGroup request count: 0, GetAllPlacementGroup request count: 0, WaitPlacementGroupUntilReady request count: 0, GetNamedPlacementGroup request count: 0, Scheduling pending placement group count: 0, Registered placement groups count: 0, Named placement group count: 0, Pending placement groups count: 0}
GcsPubSub:
- num channels subscribed to: 0
- total commands queued: 0
DefaultTaskInfoHandler: {AddTask request count: 0, GetTask request count: 0, AddTaskLease request count: 0, GetTaskLease request count: 0, AttemptTaskReconstruction request count: 0}
GrpcBasedResourceBroadcaster: {Tracked nodes: 1}
[2022-01-10 13:16:19,690 I 24825 24825] gcs_server.cc:531: GcsNodeManager: {RegisterNode request count: 1, DrainNode request count: 0, GetAllNodeInfo request count: 65, GetInternalConfig request count: 1}
GcsActorManager: {RegisterActor request count: 0, CreateActor request count: 0, GetActorInfo request count: 0, GetNamedActorInfo request count: 0, GetAllActorInfo request count: 1, KillActor request count: 0, ListNamedActors request count: 0, Registered actors count: 0, Destroyed actors count: 0, Named actors count: 0, Unresolved actors count: 0, Pending actors count: 0, Created actors count: 0}
GcsPlacementGroupManager: {CreatePlacementGroup request count: 0, RemovePlacementGroup request count: 0, GetPlacementGroup request count: 0, GetAllPlacementGroup request count: 0, WaitPlacementGroupUntilReady request count: 0, GetNamedPlacementGroup request count: 0, Scheduling pending placement group count: 0, Registered placement groups count: 0, Named placement group count: 0, Pending placement groups count: 0}
GcsPubSub:
- num channels subscribed to: 0
- total commands queued: 0
DefaultTaskInfoHandler: {AddTask request count: 0, GetTask request count: 0, AddTaskLease request count: 0, GetTaskLease request count: 0, AttemptTaskReconstruction request count: 0}
GrpcBasedResourceBroadcaster: {Tracked nodes: 1}
[2022-01-10 13:17:19,690 I 24825 24825] gcs_server.cc:531: GcsNodeManager: {RegisterNode request count: 1, DrainNode request count: 0, GetAllNodeInfo request count: 89, GetInternalConfig request count: 1}
GcsActorManager: {RegisterActor request count: 0, CreateActor request count: 0, GetActorInfo request count: 0, GetNamedActorInfo request count: 0, GetAllActorInfo request count: 1, KillActor request count: 0, ListNamedActors request count: 0, Registered actors count: 0, Destroyed actors count: 0, Named actors count: 0, Unresolved actors count: 0, Pending actors count: 0, Created actors count: 0}
GcsPlacementGroupManager: {CreatePlacementGroup request count: 0, RemovePlacementGroup request count: 0, GetPlacementGroup request count: 0, GetAllPlacementGroup request count: 0, WaitPlacementGroupUntilReady request count: 0, GetNamedPlacementGroup request count: 0, Scheduling pending placement group count: 0, Registered placement groups count: 0, Named placement group count: 0, Pending placement groups count: 0}
GcsPubSub:
- num channels subscribed to: 0
- total commands queued: 0
DefaultTaskInfoHandler: {AddTask request count: 0, GetTask request count: 0, AddTaskLease request count: 0, GetTaskLease request count: 0, AttemptTaskReconstruction request count: 0}
GrpcBasedResourceBroadcaster: {Tracked nodes: 1}
[2022-01-10 13:18:19,690 I 24825 24825] gcs_server.cc:531: GcsNodeManager: {RegisterNode request count: 1, DrainNode request count: 0, GetAllNodeInfo request count: 113, GetInternalConfig request count: 1}
GcsActorManager: {RegisterActor request count: 0, CreateActor request count: 0, GetActorInfo request count: 0, GetNamedActorInfo request count: 0, GetAllActorInfo request count: 1, KillActor request count: 0, ListNamedActors request count: 0, Registered actors count: 0, Destroyed actors count: 0, Named actors count: 0, Unresolved actors count: 0, Pending actors count: 0, Created actors count: 0}
GcsPlacementGroupManager: {CreatePlacementGroup request count: 0, RemovePlacementGroup request count: 0, GetPlacementGroup request count: 0, GetAllPlacementGroup request count: 0, WaitPlacementGroupUntilReady request count: 0, GetNamedPlacementGroup request count: 0, Scheduling pending placement group count: 0, Registered placement groups count: 0, Named placement group count: 0, Pending placement groups count: 0}
GcsPubSub:
- num channels subscribed to: 0
- total commands queued: 0
DefaultTaskInfoHandler: {AddTask request count: 0, GetTask request count: 0, AddTaskLease request count: 0, GetTaskLease request count: 0, AttemptTaskReconstruction request count: 0}
GrpcBasedResourceBroadcaster: {Tracked nodes: 1}
[2022-01-10 13:19:19,690 I 24825 24825] gcs_server.cc:531: GcsNodeManager: {RegisterNode request count: 1, DrainNode request count: 0, GetAllNodeInfo request count: 137, GetInternalConfig request count: 1}
GcsActorManager: {RegisterActor request count: 0, CreateActor request count: 0, GetActorInfo request count: 0, GetNamedActorInfo request count: 0, GetAllActorInfo request count: 1, KillActor request count: 0, ListNamedActors request count: 0, Registered actors count: 0, Destroyed actors count: 0, Named actors count: 0, Unresolved actors count: 0, Pending actors count: 0, Created actors count: 0}
GcsPlacementGroupManager: {CreatePlacementGroup request count: 0, RemovePlacementGroup request count: 0, GetPlacementGroup request count: 0, GetAllPlacementGroup request count: 0, WaitPlacementGroupUntilReady request count: 0, GetNamedPlacementGroup request count: 0, Scheduling pending placement group count: 0, Registered placement groups count: 0, Named placement group count: 0, Pending placement groups count: 0}
GcsPubSub:
- num channels subscribed to: 0
- total commands queued: 0
DefaultTaskInfoHandler: {AddTask request count: 0, GetTask request count: 0, AddTaskLease request count: 0, GetTaskLease request count: 0, AttemptTaskReconstruction request count: 0}
GrpcBasedResourceBroadcaster: {Tracked nodes: 1}
[2022-01-10 13:20:19,691 I 24825 24825] gcs_server.cc:531: GcsNodeManager: {RegisterNode request count: 1, DrainNode request count: 0, GetAllNodeInfo request count: 161, GetInternalConfig request count: 1}
GcsActorManager: {RegisterActor request count: 0, CreateActor request count: 0, GetActorInfo request count: 0, GetNamedActorInfo request count: 0, GetAllActorInfo request count: 1, KillActor request count: 0, ListNamedActors request count: 0, Registered actors count: 0, Destroyed actors count: 0, Named actors count: 0, Unresolved actors count: 0, Pending actors count: 0, Created actors count: 0}
GcsPlacementGroupManager: {CreatePlacementGroup request count: 0, RemovePlacementGroup request count: 0, GetPlacementGroup request count: 0, GetAllPlacementGroup request count: 0, WaitPlacementGroupUntilReady request count: 0, GetNamedPlacementGroup request count: 0, Scheduling pending placement group count: 0, Registered placement groups count: 0, Named placement group count: 0, Pending placement groups count: 0}
GcsPubSub:
- num channels subscribed to: 0
- total commands queued: 0
DefaultTaskInfoHandler: {AddTask request count: 0, GetTask request count: 0, AddTaskLease request count: 0, GetTaskLease request count: 0, AttemptTaskReconstruction request count: 0}
GrpcBasedResourceBroadcaster: {Tracked nodes: 1}
[2022-01-10 13:21:19,691 I 24825 24825] gcs_server.cc:531: GcsNodeManager: {RegisterNode request count: 1, DrainNode request count: 0, GetAllNodeInfo request count: 185, GetInternalConfig request count: 1}
GcsActorManager: {RegisterActor request count: 0, CreateActor request count: 0, GetActorInfo request count: 0, GetNamedActorInfo request count: 0, GetAllActorInfo request count: 1, KillActor request count: 0, ListNamedActors request count: 0, Registered actors count: 0, Destroyed actors count: 0, Named actors count: 0, Unresolved actors count: 0, Pending actors count: 0, Created actors count: 0}
GcsPlacementGroupManager: {CreatePlacementGroup request count: 0, RemovePlacementGroup request count: 0, GetPlacementGroup request count: 0, GetAllPlacementGroup request count: 0, WaitPlacementGroupUntilReady request count: 0, GetNamedPlacementGroup request count: 0, Scheduling pending placement group count: 0, Registered placement groups count: 0, Named placement group count: 0, Pending placement groups count: 0}
GcsPubSub:
- num channels subscribed to: 0
- total commands queued: 0
DefaultTaskInfoHandler: {AddTask request count: 0, GetTask request count: 0, AddTaskLease request count: 0, GetTaskLease request count: 0, AttemptTaskReconstruction request count: 0}
GrpcBasedResourceBroadcaster: {Tracked nodes: 1}
[2022-01-10 13:22:19,691 I 24825 24825] gcs_server.cc:531: GcsNodeManager: {RegisterNode request count: 1, DrainNode request count: 0, GetAllNodeInfo request count: 209, GetInternalConfig request count: 1}
GcsActorManager: {RegisterActor request count: 0, CreateActor request count: 0, GetActorInfo request count: 0, GetNamedActorInfo request count: 0, GetAllActorInfo request count: 1, KillActor request count: 0, ListNamedActors request count: 0, Registered actors count: 0, Destroyed actors count: 0, Named actors count: 0, Unresolved actors count: 0, Pending actors count: 0, Created actors count: 0}
GcsPlacementGroupManager: {CreatePlacementGroup request count: 0, RemovePlacementGroup request count: 0, GetPlacementGroup request count: 0, GetAllPlacementGroup request count: 0, WaitPlacementGroupUntilReady request count: 0, GetNamedPlacementGroup request count: 0, Scheduling pending placement group count: 0, Registered placement groups count: 0, Named placement group count: 0, Pending placement groups count: 0}
GcsPubSub:
- num channels subscribed to: 0
- total commands queued: 0
DefaultTaskInfoHandler: {AddTask request count: 0, GetTask request count: 0, AddTaskLease request count: 0, GetTaskLease request count: 0, AttemptTaskReconstruction request count: 0}
GrpcBasedResourceBroadcaster: {Tracked nodes: 1}
[2022-01-10 13:23:19,691 I 24825 24825] gcs_server.cc:531: GcsNodeManager: {RegisterNode request count: 1, DrainNode request count: 0, GetAllNodeInfo request count: 233, GetInternalConfig request count: 1}
GcsActorManager: {RegisterActor request count: 0, CreateActor request count: 0, GetActorInfo request count: 0, GetNamedActorInfo request count: 0, GetAllActorInfo request count: 1, KillActor request count: 0, ListNamedActors request count: 0, Registered actors count: 0, Destroyed actors count: 0, Named actors count: 0, Unresolved actors count: 0, Pending actors count: 0, Created actors count: 0}
GcsPlacementGroupManager: {CreatePlacementGroup request count: 0, RemovePlacementGroup request count: 0, GetPlacementGroup request count: 0, GetAllPlacementGroup request count: 0, WaitPlacementGroupUntilReady request count: 0, GetNamedPlacementGroup request count: 0, Scheduling pending placement group count: 0, Registered placement groups count: 0, Named placement group count: 0, Pending placement groups count: 0}
GcsPubSub:
- num channels subscribed to: 0
- total commands queued: 0
DefaultTaskInfoHandler: {AddTask request count: 0, GetTask request count: 0, AddTaskLease request count: 0, GetTaskLease request count: 0, AttemptTaskReconstruction request count: 0}
GrpcBasedResourceBroadcaster: {Tracked nodes: 1}
[2022-01-10 13:24:19,691 I 24825 24825] gcs_server.cc:531: GcsNodeManager: {RegisterNode request count: 1, DrainNode request count: 0, GetAllNodeInfo request count: 257, GetInternalConfig request count: 1}
GcsActorManager: {RegisterActor request count: 0, CreateActor request count: 0, GetActorInfo request count: 0, GetNamedActorInfo request count: 0, GetAllActorInfo request count: 1, KillActor request count: 0, ListNamedActors request count: 0, Registered actors count: 0, Destroyed actors count: 0, Named actors count: 0, Unresolved actors count: 0, Pending actors count: 0, Created actors count: 0}
GcsPlacementGroupManager: {CreatePlacementGroup request count: 0, RemovePlacementGroup request count: 0, GetPlacementGroup request count: 0, GetAllPlacementGroup request count: 0, WaitPlacementGroupUntilReady request count: 0, GetNamedPlacementGroup request count: 0, Scheduling pending placement group count: 0, Registered placement groups count: 0, Named placement group count: 0, Pending placement groups count: 0}
GcsPubSub:
- num channels subscribed to: 0
- total commands queued: 0
DefaultTaskInfoHandler: {AddTask request count: 0, GetTask request count: 0, AddTaskLease request count: 0, GetTaskLease request count: 0, AttemptTaskReconstruction request count: 0}
GrpcBasedResourceBroadcaster: {Tracked nodes: 1}
[2022-01-10 13:25:19,691 I 24825 24825] gcs_server.cc:531: GcsNodeManager: {RegisterNode request count: 1, DrainNode request count: 0, GetAllNodeInfo request count: 281, GetInternalConfig request count: 1}
GcsActorManager: {RegisterActor request count: 0, CreateActor request count: 0, GetActorInfo request count: 0, GetNamedActorInfo request count: 0, GetAllActorInfo request count: 1, KillActor request count: 0, ListNamedActors request count: 0, Registered actors count: 0, Destroyed actors count: 0, Named actors count: 0, Unresolved actors count: 0, Pending actors count: 0, Created actors count: 0}
GcsPlacementGroupManager: {CreatePlacementGroup request count: 0, RemovePlacementGroup request count: 0, GetPlacementGroup request count: 0, GetAllPlacementGroup request count: 0, WaitPlacementGroupUntilReady request count: 0, GetNamedPlacementGroup request count: 0, Scheduling pending placement group count: 0, Registered placement groups count: 0, Named placement group count: 0, Pending placement groups count: 0}
GcsPubSub:
- num channels subscribed to: 0
- total commands queued: 0
DefaultTaskInfoHandler: {AddTask request count: 0, GetTask request count: 0, AddTaskLease request count: 0, GetTaskLease request count: 0, AttemptTaskReconstruction request count: 0}
GrpcBasedResourceBroadcaster: {Tracked nodes: 1}
[2022-01-10 13:26:19,691 I 24825 24825] gcs_server.cc:531: GcsNodeManager: {RegisterNode request count: 1, DrainNode request count: 0, GetAllNodeInfo request count: 305, GetInternalConfig request count: 1}
GcsActorManager: {RegisterActor request count: 0, CreateActor request count: 0, GetActorInfo request count: 0, GetNamedActorInfo request count: 0, GetAllActorInfo request count: 1, KillActor request count: 0, ListNamedActors request count: 0, Registered actors count: 0, Destroyed actors count: 0, Named actors count: 0, Unresolved actors count: 0, Pending actors count: 0, Created actors count: 0}
GcsPlacementGroupManager: {CreatePlacementGroup request count: 0, RemovePlacementGroup request count: 0, GetPlacementGroup request count: 0, GetAllPlacementGroup request count: 0, WaitPlacementGroupUntilReady request count: 0, GetNamedPlacementGroup request count: 0, Scheduling pending placement group count: 0, Registered placement groups count: 0, Named placement group count: 0, Pending placement groups count: 0}
GcsPubSub:
- num channels subscribed to: 0
- total commands queued: 0
DefaultTaskInfoHandler: {AddTask request count: 0, GetTask request count: 0, AddTaskLease request count: 0, GetTaskLease request count: 0, AttemptTaskReconstruction request count: 0}
GrpcBasedResourceBroadcaster: {Tracked nodes: 1}
[2022-01-10 13:27:19,692 I 24825 24825] gcs_server.cc:531: GcsNodeManager: {RegisterNode request count: 1, DrainNode request count: 0, GetAllNodeInfo request count: 329, GetInternalConfig request count: 1}
GcsActorManager: {RegisterActor request count: 0, CreateActor request count: 0, GetActorInfo request count: 0, GetNamedActorInfo request count: 0, GetAllActorInfo request count: 1, KillActor request count: 0, ListNamedActors request count: 0, Registered actors count: 0, Destroyed actors count: 0, Named actors count: 0, Unresolved actors count: 0, Pending actors count: 0, Created actors count: 0}
GcsPlacementGroupManager: {CreatePlacementGroup request count: 0, RemovePlacementGroup request count: 0, GetPlacementGroup request count: 0, GetAllPlacementGroup request count: 0, WaitPlacementGroupUntilReady request count: 0, GetNamedPlacementGroup request count: 0, Scheduling pending placement group count: 0, Registered placement groups count: 0, Named placement group count: 0, Pending placement groups count: 0}
GcsPubSub:
- num channels subscribed to: 0
- total commands queued: 0
DefaultTaskInfoHandler: {AddTask request count: 0, GetTask request count: 0, AddTaskLease request count: 0, GetTaskLease request count: 0, AttemptTaskReconstruction request count: 0}
GrpcBasedResourceBroadcaster: {Tracked nodes: 1}
[2022-01-10 13:28:19,692 I 24825 24825] gcs_server.cc:531: GcsNodeManager: {RegisterNode request count: 1, DrainNode request count: 0, GetAllNodeInfo request count: 353, GetInternalConfig request count: 1}
GcsActorManager: {RegisterActor request count: 0, CreateActor request count: 0, GetActorInfo request count: 0, GetNamedActorInfo request count: 0, GetAllActorInfo request count: 1, KillActor request count: 0, ListNamedActors request count: 0, Registered actors count: 0, Destroyed actors count: 0, Named actors count: 0, Unresolved actors count: 0, Pending actors count: 0, Created actors count: 0}
GcsPlacementGroupManager: {CreatePlacementGroup request count: 0, RemovePlacementGroup request count: 0, GetPlacementGroup request count: 0, GetAllPlacementGroup request count: 0, WaitPlacementGroupUntilReady request count: 0, GetNamedPlacementGroup request count: 0, Scheduling pending placement group count: 0, Registered placement groups count: 0, Named placement group count: 0, Pending placement groups count: 0}
GcsPubSub:
- num channels subscribed to: 0
- total commands queued: 0
DefaultTaskInfoHandler: {AddTask request count: 0, GetTask request count: 0, AddTaskLease request count: 0, GetTaskLease request count: 0, AttemptTaskReconstruction request count: 0}
GrpcBasedResourceBroadcaster: {Tracked nodes: 1}
[2022-01-10 13:29:19,692 I 24825 24825] gcs_server.cc:531: GcsNodeManager: {RegisterNode request count: 1, DrainNode request count: 0, GetAllNodeInfo request count: 377, GetInternalConfig request count: 1}
GcsActorManager: {RegisterActor request count: 0, CreateActor request count: 0, GetActorInfo request count: 0, GetNamedActorInfo request count: 0, GetAllActorInfo request count: 1, KillActor request count: 0, ListNamedActors request count: 0, Registered actors count: 0, Destroyed actors count: 0, Named actors count: 0, Unresolved actors count: 0, Pending actors count: 0, Created actors count: 0}
GcsPlacementGroupManager: {CreatePlacementGroup request count: 0, RemovePlacementGroup request count: 0, GetPlacementGroup request count: 0, GetAllPlacementGroup request count: 0, WaitPlacementGroupUntilReady request count: 0, GetNamedPlacementGroup request count: 0, Scheduling pending placement group count: 0, Registered placement groups count: 0, Named placement group count: 0, Pending placement groups count: 0}
GcsPubSub:
- num channels subscribed to: 0
- total commands queued: 0
DefaultTaskInfoHandler: {AddTask request count: 0, GetTask request count: 0, AddTaskLease request count: 0, GetTaskLease request count: 0, AttemptTaskReconstruction request count: 0}
GrpcBasedResourceBroadcaster: {Tracked nodes: 1}
[2022-01-10 13:30:19,692 I 24825 24825] gcs_server.cc:531: GcsNodeManager: {RegisterNode request count: 1, DrainNode request count: 0, GetAllNodeInfo request count: 401, GetInternalConfig request count: 1}
GcsActorManager: {RegisterActor request count: 0, CreateActor request count: 0, GetActorInfo request count: 0, GetNamedActorInfo request count: 0, GetAllActorInfo request count: 1, KillActor request count: 0, ListNamedActors request count: 0, Registered actors count: 0, Destroyed actors count: 0, Named actors count: 0, Unresolved actors count: 0, Pending actors count: 0, Created actors count: 0}
GcsPlacementGroupManager: {CreatePlacementGroup request count: 0, RemovePlacementGroup request count: 0, GetPlacementGroup request count: 0, GetAllPlacementGroup request count: 0, WaitPlacementGroupUntilReady request count: 0, GetNamedPlacementGroup request count: 0, Scheduling pending placement group count: 0, Registered placement groups count: 0, Named placement group count: 0, Pending placement groups count: 0}
GcsPubSub:
- num channels subscribed to: 0
- total commands queued: 0
DefaultTaskInfoHandler: {AddTask request count: 0, GetTask request count: 0, AddTaskLease request count: 0, GetTaskLease request count: 0, AttemptTaskReconstruction request count: 0}
GrpcBasedResourceBroadcaster: {Tracked nodes: 1}
[2022-01-10 13:31:19,692 I 24825 24825] gcs_server.cc:531: GcsNodeManager: {RegisterNode request count: 1, DrainNode request count: 0, GetAllNodeInfo request count: 425, GetInternalConfig request count: 1}
GcsActorManager: {RegisterActor request count: 0, CreateActor request count: 0, GetActorInfo request count: 0, GetNamedActorInfo request count: 0, GetAllActorInfo request count: 1, KillActor request count: 0, ListNamedActors request count: 0, Registered actors count: 0, Destroyed actors count: 0, Named actors count: 0, Unresolved actors count: 0, Pending actors count: 0, Created actors count: 0}
GcsPlacementGroupManager: {CreatePlacementGroup request count: 0, RemovePlacementGroup request count: 0, GetPlacementGroup request count: 0, GetAllPlacementGroup request count: 0, WaitPlacementGroupUntilReady request count: 0, GetNamedPlacementGroup request count: 0, Scheduling pending placement group count: 0, Registered placement groups count: 0, Named placement group count: 0, Pending placement groups count: 0}
GcsPubSub:
- num channels subscribed to: 0
- total commands queued: 0
DefaultTaskInfoHandler: {AddTask request count: 0, GetTask request count: 0, AddTaskLease request count: 0, GetTaskLease request count: 0, AttemptTaskReconstruction request count: 0}
GrpcBasedResourceBroadcaster: {Tracked nodes: 1}
[2022-01-10 13:32:19,692 I 24825 24825] gcs_server.cc:531: GcsNodeManager: {RegisterNode request count: 1, DrainNode request count: 0, GetAllNodeInfo request count: 449, GetInternalConfig request count: 1}
GcsActorManager: {RegisterActor request count: 0, CreateActor request count: 0, GetActorInfo request count: 0, GetNamedActorInfo request count: 0, GetAllActorInfo request count: 1, KillActor request count: 0, ListNamedActors request count: 0, Registered actors count: 0, Destroyed actors count: 0, Named actors count: 0, Unresolved actors count: 0, Pending actors count: 0, Created actors count: 0}
GcsPlacementGroupManager: {CreatePlacementGroup request count: 0, RemovePlacementGroup request count: 0, GetPlacementGroup request count: 0, GetAllPlacementGroup request count: 0, WaitPlacementGroupUntilReady request count: 0, GetNamedPlacementGroup request count: 0, Scheduling pending placement group count: 0, Registered placement groups count: 0, Named placement group count: 0, Pending placement groups count: 0}
GcsPubSub:
- num channels subscribed to: 0
- total commands queued: 0
DefaultTaskInfoHandler: {AddTask request count: 0, GetTask request count: 0, AddTaskLease request count: 0, GetTaskLease request count: 0, AttemptTaskReconstruction request count: 0}
GrpcBasedResourceBroadcaster: {Tracked nodes: 1}
[2022-01-10 13:33:19,692 I 24825 24825] gcs_server.cc:531: GcsNodeManager: {RegisterNode request count: 1, DrainNode request count: 0, GetAllNodeInfo request count: 473, GetInternalConfig request count: 1}
GcsActorManager: {RegisterActor request count: 0, CreateActor request count: 0, GetActorInfo request count: 0, GetNamedActorInfo request count: 0, GetAllActorInfo request count: 1, KillActor request count: 0, ListNamedActors request count: 0, Registered actors count: 0, Destroyed actors count: 0, Named actors count: 0, Unresolved actors count: 0, Pending actors count: 0, Created actors count: 0}
GcsPlacementGroupManager: {CreatePlacementGroup request count: 0, RemovePlacementGroup request count: 0, GetPlacementGroup request count: 0, GetAllPlacementGroup request count: 0, WaitPlacementGroupUntilReady request count: 0, GetNamedPlacementGroup request count: 0, Scheduling pending placement group count: 0, Registered placement groups count: 0, Named placement group count: 0, Pending placement groups count: 0}
GcsPubSub:
- num channels subscribed to: 0
- total commands queued: 0
DefaultTaskInfoHandler: {AddTask request count: 0, GetTask request count: 0, AddTaskLease request count: 0, GetTaskLease request count: 0, AttemptTaskReconstruction request count: 0}
GrpcBasedResourceBroadcaster: {Tracked nodes: 1}
[2022-01-10 13:34:19,693 I 24825 24825] gcs_server.cc:531: GcsNodeManager: {RegisterNode request count: 1, DrainNode request count: 0, GetAllNodeInfo request count: 497, GetInternalConfig request count: 1}
GcsActorManager: {RegisterActor request count: 0, CreateActor request count: 0, GetActorInfo request count: 0, GetNamedActorInfo request count: 0, GetAllActorInfo request count: 1, KillActor request count: 0, ListNamedActors request count: 0, Registered actors count: 0, Destroyed actors count: 0, Named actors count: 0, Unresolved actors count: 0, Pending actors count: 0, Created actors count: 0}
GcsPlacementGroupManager: {CreatePlacementGroup request count: 0, RemovePlacementGroup request count: 0, GetPlacementGroup request count: 0, GetAllPlacementGroup request count: 0, WaitPlacementGroupUntilReady request count: 0, GetNamedPlacementGroup request count: 0, Scheduling pending placement group count: 0, Registered placement groups count: 0, Named placement group count: 0, Pending placement groups count: 0}
GcsPubSub:
- num channels subscribed to: 0
- total commands queued: 0
DefaultTaskInfoHandler: {AddTask request count: 0, GetTask request count: 0, AddTaskLease request count: 0, GetTaskLease request count: 0, AttemptTaskReconstruction request count: 0}
GrpcBasedResourceBroadcaster: {Tracked nodes: 1}
[2022-01-10 13:35:19,693 I 24825 24825] gcs_server.cc:531: GcsNodeManager: {RegisterNode request count: 1, DrainNode request count: 0, GetAllNodeInfo request count: 521, GetInternalConfig request count: 1}
GcsActorManager: {RegisterActor request count: 0, CreateActor request count: 0, GetActorInfo request count: 0, GetNamedActorInfo request count: 0, GetAllActorInfo request count: 1, KillActor request count: 0, ListNamedActors request count: 0, Registered actors count: 0, Destroyed actors count: 0, Named actors count: 0, Unresolved actors count: 0, Pending actors count: 0, Created actors count: 0}
GcsPlacementGroupManager: {CreatePlacementGroup request count: 0, RemovePlacementGroup request count: 0, GetPlacementGroup request count: 0, GetAllPlacementGroup request count: 0, WaitPlacementGroupUntilReady request count: 0, GetNamedPlacementGroup request count: 0, Scheduling pending placement group count: 0, Registered placement groups count: 0, Named placement group count: 0, Pending placement groups count: 0}
GcsPubSub:
- num channels subscribed to: 0
- total commands queued: 0
DefaultTaskInfoHandler: {AddTask request count: 0, GetTask request count: 0, AddTaskLease request count: 0, GetTaskLease request count: 0, AttemptTaskReconstruction request count: 0}
GrpcBasedResourceBroadcaster: {Tracked nodes: 1}
[2022-01-10 13:36:19,693 I 24825 24825] gcs_server.cc:531: GcsNodeManager: {RegisterNode request count: 1, DrainNode request count: 0, GetAllNodeInfo request count: 545, GetInternalConfig request count: 1}
GcsActorManager: {RegisterActor request count: 0, CreateActor request count: 0, GetActorInfo request count: 0, GetNamedActorInfo request count: 0, GetAllActorInfo request count: 1, KillActor request count: 0, ListNamedActors request count: 0, Registered actors count: 0, Destroyed actors count: 0, Named actors count: 0, Unresolved actors count: 0, Pending actors count: 0, Created actors count: 0}
GcsPlacementGroupManager: {CreatePlacementGroup request count: 0, RemovePlacementGroup request count: 0, GetPlacementGroup request count: 0, GetAllPlacementGroup request count: 0, WaitPlacementGroupUntilReady request count: 0, GetNamedPlacementGroup request count: 0, Scheduling pending placement group count: 0, Registered placement groups count: 0, Named placement group count: 0, Pending placement groups count: 0}
GcsPubSub:
- num channels subscribed to: 0
- total commands queued: 0
DefaultTaskInfoHandler: {AddTask request count: 0, GetTask request count: 0, AddTaskLease request count: 0, GetTaskLease request count: 0, AttemptTaskReconstruction request count: 0}
GrpcBasedResourceBroadcaster: {Tracked nodes: 1}
[2022-01-10 13:37:19,693 I 24825 24825] gcs_server.cc:531: GcsNodeManager: {RegisterNode request count: 1, DrainNode request count: 0, GetAllNodeInfo request count: 569, GetInternalConfig request count: 1}
GcsActorManager: {RegisterActor request count: 0, CreateActor request count: 0, GetActorInfo request count: 0, GetNamedActorInfo request count: 0, GetAllActorInfo request count: 1, KillActor request count: 0, ListNamedActors request count: 0, Registered actors count: 0, Destroyed actors count: 0, Named actors count: 0, Unresolved actors count: 0, Pending actors count: 0, Created actors count: 0}
GcsPlacementGroupManager: {CreatePlacementGroup request count: 0, RemovePlacementGroup request count: 0, GetPlacementGroup request count: 0, GetAllPlacementGroup request count: 0, WaitPlacementGroupUntilReady request count: 0, GetNamedPlacementGroup request count: 0, Scheduling pending placement group count: 0, Registered placement groups count: 0, Named placement group count: 0, Pending placement groups count: 0}
GcsPubSub:
- num channels subscribed to: 0
- total commands queued: 0
DefaultTaskInfoHandler: {AddTask request count: 0, GetTask request count: 0, AddTaskLease request count: 0, GetTaskLease request count: 0, AttemptTaskReconstruction request count: 0}
GrpcBasedResourceBroadcaster: {Tracked nodes: 1}
[2022-01-10 13:38:19,693 I 24825 24825] gcs_server.cc:531: GcsNodeManager: {RegisterNode request count: 1, DrainNode request count: 0, GetAllNodeInfo request count: 593, GetInternalConfig request count: 1}
GcsActorManager: {RegisterActor request count: 0, CreateActor request count: 0, GetActorInfo request count: 0, GetNamedActorInfo request count: 0, GetAllActorInfo request count: 1, KillActor request count: 0, ListNamedActors request count: 0, Registered actors count: 0, Destroyed actors count: 0, Named actors count: 0, Unresolved actors count: 0, Pending actors count: 0, Created actors count: 0}
GcsPlacementGroupManager: {CreatePlacementGroup request count: 0, RemovePlacementGroup request count: 0, GetPlacementGroup request count: 0, GetAllPlacementGroup request count: 0, WaitPlacementGroupUntilReady request count: 0, GetNamedPlacementGroup request count: 0, Scheduling pending placement group count: 0, Registered placement groups count: 0, Named placement group count: 0, Pending placement groups count: 0}
GcsPubSub:
- num channels subscribed to: 0
- total commands queued: 0
DefaultTaskInfoHandler: {AddTask request count: 0, GetTask request count: 0, AddTaskLease request count: 0, GetTaskLease request count: 0, AttemptTaskReconstruction request count: 0}
GrpcBasedResourceBroadcaster: {Tracked nodes: 1}
[2022-01-10 13:39:19,696 I 24825 24825] gcs_server.cc:531: GcsNodeManager: {RegisterNode request count: 1, DrainNode request count: 0, GetAllNodeInfo request count: 617, GetInternalConfig request count: 1}
GcsActorManager: {RegisterActor request count: 0, CreateActor request count: 0, GetActorInfo request count: 0, GetNamedActorInfo request count: 0, GetAllActorInfo request count: 1, KillActor request count: 0, ListNamedActors request count: 0, Registered actors count: 0, Destroyed actors count: 0, Named actors count: 0, Unresolved actors count: 0, Pending actors count: 0, Created actors count: 0}
GcsPlacementGroupManager: {CreatePlacementGroup request count: 0, RemovePlacementGroup request count: 0, GetPlacementGroup request count: 0, GetAllPlacementGroup request count: 0, WaitPlacementGroupUntilReady request count: 0, GetNamedPlacementGroup request count: 0, Scheduling pending placement group count: 0, Registered placement groups count: 0, Named placement group count: 0, Pending placement groups count: 0}
GcsPubSub:
- num channels subscribed to: 0
- total commands queued: 0
DefaultTaskInfoHandler: {AddTask request count: 0, GetTask request count: 0, AddTaskLease request count: 0, GetTaskLease request count: 0, AttemptTaskReconstruction request count: 0}
GrpcBasedResourceBroadcaster: {Tracked nodes: 1}
[2022-01-10 13:40:23,082 I 24825 24825] gcs_server.cc:531: GcsNodeManager: {RegisterNode request count: 1, DrainNode request count: 0, GetAllNodeInfo request count: 642, GetInternalConfig request count: 1}
GcsActorManager: {RegisterActor request count: 0, CreateActor request count: 0, GetActorInfo request count: 0, GetNamedActorInfo request count: 0, GetAllActorInfo request count: 1, KillActor request count: 0, ListNamedActors request count: 0, Registered actors count: 0, Destroyed actors count: 0, Named actors count: 0, Unresolved actors count: 0, Pending actors count: 0, Created actors count: 0}
GcsPlacementGroupManager: {CreatePlacementGroup request count: 0, RemovePlacementGroup request count: 0, GetPlacementGroup request count: 0, GetAllPlacementGroup request count: 0, WaitPlacementGroupUntilReady request count: 0, GetNamedPlacementGroup request count: 0, Scheduling pending placement group count: 0, Registered placement groups count: 0, Named placement group count: 0, Pending placement groups count: 0}
GcsPubSub:
- num channels subscribed to: 0
- total commands queued: 0
DefaultTaskInfoHandler: {AddTask request count: 0, GetTask request count: 0, AddTaskLease request count: 0, GetTaskLease request count: 0, AttemptTaskReconstruction request count: 0}
GrpcBasedResourceBroadcaster: {Tracked nodes: 1}
[2022-01-10 13:41:48,660 I 24825 24825] gcs_server.cc:531: GcsNodeManager: {RegisterNode request count: 1, DrainNode request count: 0, GetAllNodeInfo request count: 645, GetInternalConfig request count: 1}
GcsActorManager: {RegisterActor request count: 0, CreateActor request count: 0, GetActorInfo request count: 0, GetNamedActorInfo request count: 0, GetAllActorInfo request count: 1, KillActor request count: 0, ListNamedActors request count: 0, Registered actors count: 0, Destroyed actors count: 0, Named actors count: 0, Unresolved actors count: 0, Pending actors count: 0, Created actors count: 0}
GcsPlacementGroupManager: {CreatePlacementGroup request count: 0, RemovePlacementGroup request count: 0, GetPlacementGroup request count: 0, GetAllPlacementGroup request count: 0, WaitPlacementGroupUntilReady request count: 0, GetNamedPlacementGroup request count: 0, Scheduling pending placement group count: 0, Registered placement groups count: 0, Named placement group count: 0, Pending placement groups count: 0}
GcsPubSub:
- num channels subscribed to: 0
- total commands queued: 0
DefaultTaskInfoHandler: {AddTask request count: 0, GetTask request count: 0, AddTaskLease request count: 0, GetTaskLease request count: 0, AttemptTaskReconstruction request count: 0}
GrpcBasedResourceBroadcaster: {Tracked nodes: 1}
