[2022-01-12 10:14:35,866 I 146043 146043] core_worker.cc:132: Constructing CoreWorkerProcess. pid: 146043
[2022-01-12 10:14:35,867 I 146043 146043] grpc_server.cc:112: worker server started, listening on port 44043.
[2022-01-12 10:14:35,870 I 146043 146043] core_worker.cc:479: Initializing worker at address: 131.215.21.210:44043, worker ID acd9204f76eeee6083c79c412b95f3c0070dfd226ade55c77e8f5e4d, raylet 2ba7ac85ac3f1b1b6cfecc75161ad6c1177bf159917a9bfd282644c3
[2022-01-12 10:14:35,979 I 146043 146043] io_service_pool.cc:35: IOServicePool is running with 1 io_service.
[2022-01-12 10:14:35,980 I 146043 146362] accessor.cc:560: Received notification for node id = 2ba7ac85ac3f1b1b6cfecc75161ad6c1177bf159917a9bfd282644c3, IsAlive = 1
[2022-01-12 10:15:20,988 I 146043 146362] raylet_client.cc:336: Error reporting task backlog information: IOError: 
[2022-01-12 10:15:21,878 W 146043 146267] gcs_server_address_updater.cc:61: [1] Failed to get the gcs server address from raylet 1 times in a row. If it keeps failing to obtain the address, the worker might crash. Connection status IOError: 
[2022-01-12 10:15:22,878 I 146043 146362] raylet_client.cc:336: Error reporting task backlog information: IOError: 
[2022-01-12 10:15:22,986 I 146043 146362] raylet_client.cc:336: Error reporting task backlog information: IOError: 
[2022-01-12 10:15:23,986 I 146043 146362] raylet_client.cc:336: Error reporting task backlog information: IOError: 
[2022-01-12 10:15:24,987 I 146043 146362] raylet_client.cc:336: Error reporting task backlog information: IOError: 
[2022-01-12 10:15:25,987 I 146043 146362] raylet_client.cc:336: Error reporting task backlog information: IOError: 
[2022-01-12 10:15:26,237 W 146043 146363] metric_exporter.cc:206: Export metrics to agent failed: IOError: . This won't affect Ray, but you can lose metrics from the cluster.
[2022-01-12 10:15:26,987 I 146043 146362] raylet_client.cc:336: Error reporting task backlog information: IOError: 
[2022-01-12 10:15:27,987 I 146043 146362] raylet_client.cc:336: Error reporting task backlog information: IOError: 
[2022-01-12 10:15:28,987 I 146043 146362] raylet_client.cc:336: Error reporting task backlog information: IOError: 
[2022-01-12 10:15:29,987 I 146043 146362] raylet_client.cc:336: Error reporting task backlog information: IOError: 
[2022-01-12 10:15:30,988 I 146043 146362] raylet_client.cc:336: Error reporting task backlog information: IOError: 
[2022-01-12 10:15:31,988 I 146043 146362] raylet_client.cc:336: Error reporting task backlog information: IOError: 
[2022-01-12 10:15:32,988 I 146043 146362] raylet_client.cc:336: Error reporting task backlog information: IOError: 
[2022-01-12 10:15:33,988 I 146043 146362] raylet_client.cc:336: Error reporting task backlog information: IOError: 
[2022-01-12 10:15:34,988 I 146043 146362] raylet_client.cc:336: Error reporting task backlog information: IOError: 
[2022-01-12 10:15:35,988 I 146043 146362] raylet_client.cc:336: Error reporting task backlog information: IOError: 
[2022-01-12 10:15:36,062 W 146043 146363] metric_exporter.cc:206: Export metrics to agent failed: IOError: . This won't affect Ray, but you can lose metrics from the cluster.
[2022-01-12 10:15:36,988 I 146043 146362] raylet_client.cc:336: Error reporting task backlog information: IOError: 
[2022-01-12 10:15:37,989 I 146043 146362] raylet_client.cc:336: Error reporting task backlog information: IOError: 
[2022-01-12 10:15:38,989 I 146043 146362] raylet_client.cc:336: Error reporting task backlog information: IOError: 
[2022-01-12 10:15:39,989 I 146043 146362] raylet_client.cc:336: Error reporting task backlog information: IOError: 
[2022-01-12 10:15:40,989 I 146043 146362] raylet_client.cc:336: Error reporting task backlog information: IOError: 
[2022-01-12 10:15:41,989 I 146043 146362] raylet_client.cc:336: Error reporting task backlog information: IOError: 
[2022-01-12 10:15:42,990 I 146043 146362] raylet_client.cc:336: Error reporting task backlog information: IOError: 
[2022-01-12 10:15:43,990 I 146043 146362] raylet_client.cc:336: Error reporting task backlog information: IOError: 
[2022-01-12 10:15:44,990 I 146043 146362] raylet_client.cc:336: Error reporting task backlog information: IOError: 
[2022-01-12 10:15:45,990 I 146043 146362] raylet_client.cc:336: Error reporting task backlog information: IOError: 
[2022-01-12 10:15:46,075 W 146043 146363] metric_exporter.cc:206: Export metrics to agent failed: IOError: . This won't affect Ray, but you can lose metrics from the cluster.
[2022-01-12 10:15:46,990 I 146043 146362] raylet_client.cc:336: Error reporting task backlog information: IOError: 
[2022-01-12 10:15:47,990 I 146043 146362] raylet_client.cc:336: Error reporting task backlog information: IOError: 
[2022-01-12 10:15:48,991 I 146043 146362] raylet_client.cc:336: Error reporting task backlog information: IOError: 
[2022-01-12 10:15:49,991 I 146043 146362] raylet_client.cc:336: Error reporting task backlog information: IOError: 
[2022-01-12 10:15:50,991 I 146043 146362] raylet_client.cc:336: Error reporting task backlog information: IOError: 
[2022-01-12 10:15:51,991 I 146043 146362] raylet_client.cc:336: Error reporting task backlog information: IOError: 
[2022-01-12 10:15:52,991 I 146043 146362] raylet_client.cc:336: Error reporting task backlog information: IOError: 
[2022-01-12 10:15:53,992 I 146043 146362] raylet_client.cc:336: Error reporting task backlog information: IOError: 
[2022-01-12 10:15:54,992 I 146043 146362] raylet_client.cc:336: Error reporting task backlog information: IOError: 
[2022-01-12 10:15:55,992 I 146043 146362] raylet_client.cc:336: Error reporting task backlog information: IOError: 
[2022-01-12 10:15:56,087 W 146043 146363] metric_exporter.cc:206: Export metrics to agent failed: IOError: . This won't affect Ray, but you can lose metrics from the cluster.
[2022-01-12 10:15:56,992 I 146043 146362] raylet_client.cc:336: Error reporting task backlog information: IOError: 
[2022-01-12 10:15:57,992 I 146043 146362] raylet_client.cc:336: Error reporting task backlog information: IOError: 
[2022-01-12 10:15:58,992 I 146043 146362] raylet_client.cc:336: Error reporting task backlog information: IOError: 
[2022-01-12 10:15:59,992 I 146043 146362] raylet_client.cc:336: Error reporting task backlog information: IOError: 
[2022-01-12 10:16:00,993 I 146043 146362] raylet_client.cc:336: Error reporting task backlog information: IOError: 
[2022-01-12 10:16:01,993 I 146043 146362] raylet_client.cc:336: Error reporting task backlog information: IOError: 
[2022-01-12 10:16:02,993 I 146043 146362] raylet_client.cc:336: Error reporting task backlog information: IOError: 
[2022-01-12 10:16:03,993 I 146043 146362] raylet_client.cc:336: Error reporting task backlog information: IOError: 
[2022-01-12 10:16:04,993 I 146043 146362] raylet_client.cc:336: Error reporting task backlog information: IOError: 
[2022-01-12 10:16:05,993 I 146043 146362] raylet_client.cc:336: Error reporting task backlog information: IOError: 
[2022-01-12 10:16:06,100 W 146043 146363] metric_exporter.cc:206: Export metrics to agent failed: IOError: . This won't affect Ray, but you can lose metrics from the cluster.
[2022-01-12 10:16:06,994 I 146043 146362] raylet_client.cc:336: Error reporting task backlog information: IOError: 
[2022-01-12 10:16:07,994 I 146043 146362] raylet_client.cc:336: Error reporting task backlog information: IOError: 
[2022-01-12 10:16:08,994 I 146043 146362] raylet_client.cc:336: Error reporting task backlog information: IOError: 
[2022-01-12 10:16:09,994 I 146043 146362] raylet_client.cc:336: Error reporting task backlog information: IOError: 
[2022-01-12 10:16:10,994 I 146043 146362] raylet_client.cc:336: Error reporting task backlog information: IOError: 
[2022-01-12 10:16:11,995 I 146043 146362] raylet_client.cc:336: Error reporting task backlog information: IOError: 
[2022-01-12 10:16:12,995 I 146043 146362] raylet_client.cc:336: Error reporting task backlog information: IOError: 
[2022-01-12 10:16:13,995 I 146043 146362] raylet_client.cc:336: Error reporting task backlog information: IOError: 
[2022-01-12 10:16:14,995 I 146043 146362] raylet_client.cc:336: Error reporting task backlog information: IOError: 
[2022-01-12 10:16:15,996 I 146043 146362] raylet_client.cc:336: Error reporting task backlog information: IOError: 
[2022-01-12 10:16:16,113 W 146043 146363] metric_exporter.cc:206: Export metrics to agent failed: IOError: . This won't affect Ray, but you can lose metrics from the cluster.
[2022-01-12 10:16:16,996 I 146043 146362] raylet_client.cc:336: Error reporting task backlog information: IOError: 
[2022-01-12 10:16:17,996 I 146043 146362] raylet_client.cc:336: Error reporting task backlog information: IOError: 
[2022-01-12 10:16:18,996 I 146043 146362] raylet_client.cc:336: Error reporting task backlog information: IOError: 
[2022-01-12 10:16:19,997 I 146043 146362] raylet_client.cc:336: Error reporting task backlog information: IOError: 
[2022-01-12 10:16:20,997 I 146043 146362] raylet_client.cc:336: Error reporting task backlog information: IOError: 
[2022-01-12 10:16:21,997 I 146043 146362] raylet_client.cc:336: Error reporting task backlog information: IOError: 
[2022-01-12 10:16:22,997 I 146043 146362] raylet_client.cc:336: Error reporting task backlog information: IOError: 
[2022-01-12 10:16:23,997 I 146043 146362] raylet_client.cc:336: Error reporting task backlog information: IOError: 
[2022-01-12 10:16:24,998 I 146043 146362] raylet_client.cc:336: Error reporting task backlog information: IOError: 
[2022-01-12 10:16:25,998 I 146043 146362] raylet_client.cc:336: Error reporting task backlog information: IOError: 
[2022-01-12 10:16:26,125 W 146043 146363] metric_exporter.cc:206: Export metrics to agent failed: IOError: . This won't affect Ray, but you can lose metrics from the cluster.
[2022-01-12 10:16:26,998 I 146043 146362] raylet_client.cc:336: Error reporting task backlog information: IOError: 
[2022-01-12 10:16:27,998 I 146043 146362] raylet_client.cc:336: Error reporting task backlog information: IOError: 
[2022-01-12 10:16:28,998 I 146043 146362] raylet_client.cc:336: Error reporting task backlog information: IOError: 
[2022-01-12 10:16:29,998 I 146043 146362] raylet_client.cc:336: Error reporting task backlog information: IOError: 
[2022-01-12 10:16:30,999 I 146043 146362] raylet_client.cc:336: Error reporting task backlog information: IOError: 
[2022-01-12 10:16:31,999 I 146043 146362] raylet_client.cc:336: Error reporting task backlog information: IOError: 
[2022-01-12 10:16:32,999 I 146043 146362] raylet_client.cc:336: Error reporting task backlog information: IOError: 
[2022-01-12 10:16:33,999 I 146043 146362] raylet_client.cc:336: Error reporting task backlog information: IOError: 
[2022-01-12 10:16:35,000 I 146043 146362] raylet_client.cc:336: Error reporting task backlog information: IOError: 
[2022-01-12 10:16:36,000 I 146043 146362] raylet_client.cc:336: Error reporting task backlog information: IOError: 
[2022-01-12 10:16:36,139 W 146043 146363] metric_exporter.cc:206: Export metrics to agent failed: IOError: . This won't affect Ray, but you can lose metrics from the cluster.
[2022-01-12 10:16:37,000 I 146043 146362] raylet_client.cc:336: Error reporting task backlog information: IOError: 
[2022-01-12 10:16:38,000 I 146043 146362] raylet_client.cc:336: Error reporting task backlog information: IOError: 
[2022-01-12 10:16:39,000 I 146043 146362] raylet_client.cc:336: Error reporting task backlog information: IOError: 
[2022-01-12 10:16:40,001 I 146043 146362] raylet_client.cc:336: Error reporting task backlog information: IOError: 
[2022-01-12 10:16:41,001 I 146043 146362] raylet_client.cc:336: Error reporting task backlog information: IOError: 
[2022-01-12 10:16:42,001 I 146043 146362] raylet_client.cc:336: Error reporting task backlog information: IOError: 
[2022-01-12 10:16:43,001 I 146043 146362] raylet_client.cc:336: Error reporting task backlog information: IOError: 
[2022-01-12 10:16:44,002 I 146043 146362] raylet_client.cc:336: Error reporting task backlog information: IOError: 
[2022-01-12 10:16:45,002 I 146043 146362] raylet_client.cc:336: Error reporting task backlog information: IOError: 
[2022-01-12 10:16:46,002 I 146043 146362] raylet_client.cc:336: Error reporting task backlog information: IOError: 
[2022-01-12 10:16:46,151 W 146043 146363] metric_exporter.cc:206: Export metrics to agent failed: IOError: . This won't affect Ray, but you can lose metrics from the cluster.
[2022-01-12 10:16:47,002 I 146043 146362] raylet_client.cc:336: Error reporting task backlog information: IOError: 
[2022-01-12 10:16:48,002 I 146043 146362] raylet_client.cc:336: Error reporting task backlog information: IOError: 
[2022-01-12 10:16:49,003 I 146043 146362] raylet_client.cc:336: Error reporting task backlog information: IOError: 
[2022-01-12 10:16:50,003 I 146043 146362] raylet_client.cc:336: Error reporting task backlog information: IOError: 
[2022-01-12 10:16:51,003 I 146043 146362] raylet_client.cc:336: Error reporting task backlog information: IOError: 
[2022-01-12 10:16:52,003 I 146043 146362] raylet_client.cc:336: Error reporting task backlog information: IOError: 
[2022-01-12 10:16:53,003 I 146043 146362] raylet_client.cc:336: Error reporting task backlog information: IOError: 
[2022-01-12 10:16:54,004 I 146043 146362] raylet_client.cc:336: Error reporting task backlog information: IOError: 
[2022-01-12 10:16:55,004 I 146043 146362] raylet_client.cc:336: Error reporting task backlog information: IOError: 
[2022-01-12 10:16:56,004 I 146043 146362] raylet_client.cc:336: Error reporting task backlog information: IOError: 
[2022-01-12 10:16:56,164 W 146043 146363] metric_exporter.cc:206: Export metrics to agent failed: IOError: . This won't affect Ray, but you can lose metrics from the cluster.
[2022-01-12 10:16:57,004 I 146043 146362] raylet_client.cc:336: Error reporting task backlog information: IOError: 
[2022-01-12 10:16:58,004 I 146043 146362] raylet_client.cc:336: Error reporting task backlog information: IOError: 
[2022-01-12 10:16:59,005 I 146043 146362] raylet_client.cc:336: Error reporting task backlog information: IOError: 
[2022-01-12 10:17:00,005 I 146043 146362] raylet_client.cc:336: Error reporting task backlog information: IOError: 
[2022-01-12 10:17:01,005 I 146043 146362] raylet_client.cc:336: Error reporting task backlog information: IOError: 
[2022-01-12 10:17:02,005 I 146043 146362] raylet_client.cc:336: Error reporting task backlog information: IOError: 
[2022-01-12 10:17:03,005 I 146043 146362] raylet_client.cc:336: Error reporting task backlog information: IOError: 
[2022-01-12 10:17:04,005 I 146043 146362] raylet_client.cc:336: Error reporting task backlog information: IOError: 
[2022-01-12 10:17:05,005 I 146043 146362] raylet_client.cc:336: Error reporting task backlog information: IOError: 
[2022-01-12 10:17:06,006 I 146043 146362] raylet_client.cc:336: Error reporting task backlog information: IOError: 
[2022-01-12 10:17:06,177 W 146043 146363] metric_exporter.cc:206: Export metrics to agent failed: IOError: . This won't affect Ray, but you can lose metrics from the cluster.
[2022-01-12 10:17:07,006 I 146043 146362] raylet_client.cc:336: Error reporting task backlog information: IOError: 
[2022-01-12 10:17:08,006 I 146043 146362] raylet_client.cc:336: Error reporting task backlog information: IOError: 
[2022-01-12 10:17:09,006 I 146043 146362] raylet_client.cc:336: Error reporting task backlog information: IOError: 
[2022-01-12 10:17:10,007 I 146043 146362] raylet_client.cc:336: Error reporting task backlog information: IOError: 
[2022-01-12 10:17:11,007 I 146043 146362] raylet_client.cc:336: Error reporting task backlog information: IOError: 
[2022-01-12 10:17:12,007 I 146043 146362] raylet_client.cc:336: Error reporting task backlog information: IOError: 
[2022-01-12 10:17:13,007 I 146043 146362] raylet_client.cc:336: Error reporting task backlog information: IOError: 
[2022-01-12 10:17:14,007 I 146043 146362] raylet_client.cc:336: Error reporting task backlog information: IOError: 
[2022-01-12 10:17:15,008 I 146043 146362] raylet_client.cc:336: Error reporting task backlog information: IOError: 
[2022-01-12 10:17:16,008 I 146043 146362] raylet_client.cc:336: Error reporting task backlog information: IOError: 
[2022-01-12 10:17:16,189 W 146043 146363] metric_exporter.cc:206: Export metrics to agent failed: IOError: . This won't affect Ray, but you can lose metrics from the cluster.
[2022-01-12 10:17:17,008 I 146043 146362] raylet_client.cc:336: Error reporting task backlog information: IOError: 
[2022-01-12 10:17:18,008 I 146043 146362] raylet_client.cc:336: Error reporting task backlog information: IOError: 
[2022-01-12 10:17:19,009 I 146043 146362] raylet_client.cc:336: Error reporting task backlog information: IOError: 
[2022-01-12 10:17:20,009 I 146043 146362] raylet_client.cc:336: Error reporting task backlog information: IOError: 
[2022-01-12 10:17:21,009 I 146043 146362] raylet_client.cc:336: Error reporting task backlog information: IOError: 
[2022-01-12 10:17:22,009 I 146043 146362] raylet_client.cc:336: Error reporting task backlog information: IOError: 
[2022-01-12 10:17:23,009 I 146043 146362] raylet_client.cc:336: Error reporting task backlog information: IOError: 
[2022-01-12 10:17:24,010 I 146043 146362] raylet_client.cc:336: Error reporting task backlog information: IOError: 
[2022-01-12 10:17:25,010 I 146043 146362] raylet_client.cc:336: Error reporting task backlog information: IOError: 
[2022-01-12 10:17:26,010 I 146043 146362] raylet_client.cc:336: Error reporting task backlog information: IOError: 
[2022-01-12 10:17:26,201 W 146043 146363] metric_exporter.cc:206: Export metrics to agent failed: IOError: . This won't affect Ray, but you can lose metrics from the cluster.
[2022-01-12 10:17:27,010 I 146043 146362] raylet_client.cc:336: Error reporting task backlog information: IOError: 
[2022-01-12 10:17:28,010 I 146043 146362] raylet_client.cc:336: Error reporting task backlog information: IOError: 
[2022-01-12 10:17:29,010 I 146043 146362] raylet_client.cc:336: Error reporting task backlog information: IOError: 
[2022-01-12 10:17:30,011 I 146043 146362] raylet_client.cc:336: Error reporting task backlog information: IOError: 
[2022-01-12 10:17:31,011 I 146043 146362] raylet_client.cc:336: Error reporting task backlog information: IOError: 
[2022-01-12 10:17:32,011 I 146043 146362] raylet_client.cc:336: Error reporting task backlog information: IOError: 
[2022-01-12 10:17:33,011 I 146043 146362] raylet_client.cc:336: Error reporting task backlog information: IOError: 
[2022-01-12 10:17:34,011 I 146043 146362] raylet_client.cc:336: Error reporting task backlog information: IOError: 
[2022-01-12 10:17:35,011 I 146043 146362] raylet_client.cc:336: Error reporting task backlog information: IOError: 
[2022-01-12 10:17:36,012 I 146043 146362] raylet_client.cc:336: Error reporting task backlog information: IOError: 
[2022-01-12 10:17:36,221 W 146043 146363] metric_exporter.cc:206: Export metrics to agent failed: IOError: . This won't affect Ray, but you can lose metrics from the cluster.
[2022-01-12 10:17:37,012 I 146043 146362] raylet_client.cc:336: Error reporting task backlog information: IOError: 
[2022-01-12 10:17:38,012 I 146043 146362] raylet_client.cc:336: Error reporting task backlog information: IOError: 
[2022-01-12 10:17:39,012 I 146043 146362] raylet_client.cc:336: Error reporting task backlog information: IOError: 
[2022-01-12 10:17:40,012 I 146043 146362] raylet_client.cc:336: Error reporting task backlog information: IOError: 
[2022-01-12 10:17:41,012 I 146043 146362] raylet_client.cc:336: Error reporting task backlog information: IOError: 
[2022-01-12 10:17:42,013 I 146043 146362] raylet_client.cc:336: Error reporting task backlog information: IOError: 
[2022-01-12 10:17:43,013 I 146043 146362] raylet_client.cc:336: Error reporting task backlog information: IOError: 
[2022-01-12 10:17:44,013 I 146043 146362] raylet_client.cc:336: Error reporting task backlog information: IOError: 
[2022-01-12 10:17:45,013 I 146043 146362] raylet_client.cc:336: Error reporting task backlog information: IOError: 
[2022-01-12 10:17:46,013 I 146043 146362] raylet_client.cc:336: Error reporting task backlog information: IOError: 
[2022-01-12 10:17:46,232 W 146043 146363] metric_exporter.cc:206: Export metrics to agent failed: IOError: . This won't affect Ray, but you can lose metrics from the cluster.
[2022-01-12 10:17:47,013 I 146043 146362] raylet_client.cc:336: Error reporting task backlog information: IOError: 
[2022-01-12 10:17:48,014 I 146043 146362] raylet_client.cc:336: Error reporting task backlog information: IOError: 
[2022-01-12 10:17:49,014 I 146043 146362] raylet_client.cc:336: Error reporting task backlog information: IOError: 
[2022-01-12 10:17:50,014 I 146043 146362] raylet_client.cc:336: Error reporting task backlog information: IOError: 
[2022-01-12 10:17:51,014 I 146043 146362] raylet_client.cc:336: Error reporting task backlog information: IOError: 
[2022-01-12 10:17:52,014 I 146043 146362] raylet_client.cc:336: Error reporting task backlog information: IOError: 
[2022-01-12 10:17:53,015 I 146043 146362] raylet_client.cc:336: Error reporting task backlog information: IOError: 
[2022-01-12 10:17:54,015 I 146043 146362] raylet_client.cc:336: Error reporting task backlog information: IOError: 
[2022-01-12 10:17:55,015 I 146043 146362] raylet_client.cc:336: Error reporting task backlog information: IOError: 
[2022-01-12 10:17:56,015 I 146043 146362] raylet_client.cc:336: Error reporting task backlog information: IOError: 
[2022-01-12 10:17:56,245 W 146043 146363] metric_exporter.cc:206: Export metrics to agent failed: IOError: . This won't affect Ray, but you can lose metrics from the cluster.
[2022-01-12 10:17:57,015 I 146043 146362] raylet_client.cc:336: Error reporting task backlog information: IOError: 
[2022-01-12 10:17:58,015 I 146043 146362] raylet_client.cc:336: Error reporting task backlog information: IOError: 
[2022-01-12 10:17:59,015 I 146043 146362] raylet_client.cc:336: Error reporting task backlog information: IOError: 
[2022-01-12 10:18:00,016 I 146043 146362] raylet_client.cc:336: Error reporting task backlog information: IOError: 
[2022-01-12 10:18:01,016 I 146043 146362] raylet_client.cc:336: Error reporting task backlog information: IOError: 
[2022-01-12 10:18:02,016 I 146043 146362] raylet_client.cc:336: Error reporting task backlog information: IOError: 
[2022-01-12 10:18:03,016 I 146043 146362] raylet_client.cc:336: Error reporting task backlog information: IOError: 
[2022-01-12 10:18:04,016 I 146043 146362] raylet_client.cc:336: Error reporting task backlog information: IOError: 
[2022-01-12 10:18:05,016 I 146043 146362] raylet_client.cc:336: Error reporting task backlog information: IOError: 
[2022-01-12 10:18:06,016 I 146043 146362] raylet_client.cc:336: Error reporting task backlog information: IOError: 
[2022-01-12 10:18:06,257 W 146043 146363] metric_exporter.cc:206: Export metrics to agent failed: IOError: . This won't affect Ray, but you can lose metrics from the cluster.
[2022-01-12 10:18:07,017 I 146043 146362] raylet_client.cc:336: Error reporting task backlog information: IOError: 
[2022-01-12 10:18:08,017 I 146043 146362] raylet_client.cc:336: Error reporting task backlog information: IOError: 
[2022-01-12 10:18:09,017 I 146043 146362] raylet_client.cc:336: Error reporting task backlog information: IOError: 
[2022-01-12 10:18:10,017 I 146043 146362] raylet_client.cc:336: Error reporting task backlog information: IOError: 
[2022-01-12 10:18:11,017 I 146043 146362] raylet_client.cc:336: Error reporting task backlog information: IOError: 
[2022-01-12 10:18:12,018 I 146043 146362] raylet_client.cc:336: Error reporting task backlog information: IOError: 
[2022-01-12 10:18:13,018 I 146043 146362] raylet_client.cc:336: Error reporting task backlog information: IOError: 
[2022-01-12 10:18:14,018 I 146043 146362] raylet_client.cc:336: Error reporting task backlog information: IOError: 
[2022-01-12 10:18:15,018 I 146043 146362] raylet_client.cc:336: Error reporting task backlog information: IOError: 
[2022-01-12 10:18:16,018 I 146043 146362] raylet_client.cc:336: Error reporting task backlog information: IOError: 
[2022-01-12 10:18:16,271 W 146043 146363] metric_exporter.cc:206: Export metrics to agent failed: IOError: . This won't affect Ray, but you can lose metrics from the cluster.
[2022-01-12 10:18:17,018 I 146043 146362] raylet_client.cc:336: Error reporting task backlog information: IOError: 
[2022-01-12 10:18:18,019 I 146043 146362] raylet_client.cc:336: Error reporting task backlog information: IOError: 
[2022-01-12 10:18:19,019 I 146043 146362] raylet_client.cc:336: Error reporting task backlog information: IOError: 
[2022-01-12 10:18:20,019 I 146043 146362] raylet_client.cc:336: Error reporting task backlog information: IOError: 
[2022-01-12 10:18:21,019 I 146043 146362] raylet_client.cc:336: Error reporting task backlog information: IOError: 
[2022-01-12 10:18:22,019 I 146043 146362] raylet_client.cc:336: Error reporting task backlog information: IOError: 
[2022-01-12 10:18:23,019 I 146043 146362] raylet_client.cc:336: Error reporting task backlog information: IOError: 
[2022-01-12 10:18:24,020 I 146043 146362] raylet_client.cc:336: Error reporting task backlog information: IOError: 
[2022-01-12 10:18:25,020 I 146043 146362] raylet_client.cc:336: Error reporting task backlog information: IOError: 
[2022-01-12 10:18:26,020 I 146043 146362] raylet_client.cc:336: Error reporting task backlog information: IOError: 
[2022-01-12 10:18:26,285 W 146043 146363] metric_exporter.cc:206: Export metrics to agent failed: IOError: . This won't affect Ray, but you can lose metrics from the cluster.
[2022-01-12 10:18:27,020 I 146043 146362] raylet_client.cc:336: Error reporting task backlog information: IOError: 
[2022-01-12 10:18:28,021 I 146043 146362] raylet_client.cc:336: Error reporting task backlog information: IOError: 
[2022-01-12 10:18:29,021 I 146043 146362] raylet_client.cc:336: Error reporting task backlog information: IOError: 
[2022-01-12 10:18:30,021 I 146043 146362] raylet_client.cc:336: Error reporting task backlog information: IOError: 
[2022-01-12 10:18:31,021 I 146043 146362] raylet_client.cc:336: Error reporting task backlog information: IOError: 
[2022-01-12 10:18:32,021 I 146043 146362] raylet_client.cc:336: Error reporting task backlog information: IOError: 
[2022-01-12 10:18:33,021 I 146043 146362] raylet_client.cc:336: Error reporting task backlog information: IOError: 
[2022-01-12 10:18:34,022 I 146043 146362] raylet_client.cc:336: Error reporting task backlog information: IOError: 
[2022-01-12 10:18:35,022 I 146043 146362] raylet_client.cc:336: Error reporting task backlog information: IOError: 
[2022-01-12 10:18:36,022 I 146043 146362] raylet_client.cc:336: Error reporting task backlog information: IOError: 
[2022-01-12 10:18:36,297 W 146043 146363] metric_exporter.cc:206: Export metrics to agent failed: IOError: . This won't affect Ray, but you can lose metrics from the cluster.
[2022-01-12 10:18:37,022 I 146043 146362] raylet_client.cc:336: Error reporting task backlog information: IOError: 
[2022-01-12 10:18:38,022 I 146043 146362] raylet_client.cc:336: Error reporting task backlog information: IOError: 
[2022-01-12 10:18:39,023 I 146043 146362] raylet_client.cc:336: Error reporting task backlog information: IOError: 
[2022-01-12 10:18:40,023 I 146043 146362] raylet_client.cc:336: Error reporting task backlog information: IOError: 
[2022-01-12 10:18:41,023 I 146043 146362] raylet_client.cc:336: Error reporting task backlog information: IOError: 
[2022-01-12 10:18:42,023 I 146043 146362] raylet_client.cc:336: Error reporting task backlog information: IOError: 
[2022-01-12 10:18:43,023 I 146043 146362] raylet_client.cc:336: Error reporting task backlog information: IOError: 
[2022-01-12 10:18:44,024 I 146043 146362] raylet_client.cc:336: Error reporting task backlog information: IOError: 
[2022-01-12 10:18:45,024 I 146043 146362] raylet_client.cc:336: Error reporting task backlog information: IOError: 
[2022-01-12 10:18:46,024 I 146043 146362] raylet_client.cc:336: Error reporting task backlog information: IOError: 
[2022-01-12 10:18:46,310 W 146043 146363] metric_exporter.cc:206: Export metrics to agent failed: IOError: . This won't affect Ray, but you can lose metrics from the cluster.
[2022-01-12 10:18:47,024 I 146043 146362] raylet_client.cc:336: Error reporting task backlog information: IOError: 
[2022-01-12 10:18:48,024 I 146043 146362] raylet_client.cc:336: Error reporting task backlog information: IOError: 
[2022-01-12 10:18:49,025 I 146043 146362] raylet_client.cc:336: Error reporting task backlog information: IOError: 
[2022-01-12 10:18:50,025 I 146043 146362] raylet_client.cc:336: Error reporting task backlog information: IOError: 
[2022-01-12 10:18:51,025 I 146043 146362] raylet_client.cc:336: Error reporting task backlog information: IOError: 
[2022-01-12 10:18:52,025 I 146043 146362] raylet_client.cc:336: Error reporting task backlog information: IOError: 
[2022-01-12 10:18:53,025 I 146043 146362] raylet_client.cc:336: Error reporting task backlog information: IOError: 
[2022-01-12 10:18:54,025 I 146043 146362] raylet_client.cc:336: Error reporting task backlog information: IOError: 
[2022-01-12 10:18:55,026 I 146043 146362] raylet_client.cc:336: Error reporting task backlog information: IOError: 
[2022-01-12 10:18:56,026 I 146043 146362] raylet_client.cc:336: Error reporting task backlog information: IOError: 
[2022-01-12 10:18:56,325 W 146043 146363] metric_exporter.cc:206: Export metrics to agent failed: IOError: . This won't affect Ray, but you can lose metrics from the cluster.
[2022-01-12 10:18:57,026 I 146043 146362] raylet_client.cc:336: Error reporting task backlog information: IOError: 
[2022-01-12 10:18:58,026 I 146043 146362] raylet_client.cc:336: Error reporting task backlog information: IOError: 
[2022-01-12 10:18:59,026 I 146043 146362] raylet_client.cc:336: Error reporting task backlog information: IOError: 
[2022-01-12 10:19:00,027 I 146043 146362] raylet_client.cc:336: Error reporting task backlog information: IOError: 
[2022-01-12 10:19:01,027 I 146043 146362] raylet_client.cc:336: Error reporting task backlog information: IOError: 
[2022-01-12 10:19:02,027 I 146043 146362] raylet_client.cc:336: Error reporting task backlog information: IOError: 
[2022-01-12 10:19:03,027 I 146043 146362] raylet_client.cc:336: Error reporting task backlog information: IOError: 
[2022-01-12 10:19:04,027 I 146043 146362] raylet_client.cc:336: Error reporting task backlog information: IOError: 
[2022-01-12 10:19:05,027 I 146043 146362] raylet_client.cc:336: Error reporting task backlog information: IOError: 
[2022-01-12 10:19:06,027 I 146043 146362] raylet_client.cc:336: Error reporting task backlog information: IOError: 
[2022-01-12 10:19:06,337 W 146043 146363] metric_exporter.cc:206: Export metrics to agent failed: IOError: . This won't affect Ray, but you can lose metrics from the cluster.
[2022-01-12 10:19:07,027 I 146043 146362] raylet_client.cc:336: Error reporting task backlog information: IOError: 
[2022-01-12 10:19:08,028 I 146043 146362] raylet_client.cc:336: Error reporting task backlog information: IOError: 
[2022-01-12 10:19:09,028 I 146043 146362] raylet_client.cc:336: Error reporting task backlog information: IOError: 
[2022-01-12 10:19:10,028 I 146043 146362] raylet_client.cc:336: Error reporting task backlog information: IOError: 
[2022-01-12 10:19:11,028 I 146043 146362] raylet_client.cc:336: Error reporting task backlog information: IOError: 
[2022-01-12 10:19:12,028 I 146043 146362] raylet_client.cc:336: Error reporting task backlog information: IOError: 
[2022-01-12 10:19:13,028 I 146043 146362] raylet_client.cc:336: Error reporting task backlog information: IOError: 
[2022-01-12 10:19:14,028 I 146043 146362] raylet_client.cc:336: Error reporting task backlog information: IOError: 
[2022-01-12 10:19:15,029 I 146043 146362] raylet_client.cc:336: Error reporting task backlog information: IOError: 
[2022-01-12 10:19:16,029 I 146043 146362] raylet_client.cc:336: Error reporting task backlog information: IOError: 
[2022-01-12 10:19:16,350 W 146043 146363] metric_exporter.cc:206: Export metrics to agent failed: IOError: . This won't affect Ray, but you can lose metrics from the cluster.
[2022-01-12 10:19:17,029 I 146043 146362] raylet_client.cc:336: Error reporting task backlog information: IOError: 
[2022-01-12 10:19:18,029 I 146043 146362] raylet_client.cc:336: Error reporting task backlog information: IOError: 
[2022-01-12 10:19:19,029 I 146043 146362] raylet_client.cc:336: Error reporting task backlog information: IOError: 
[2022-01-12 10:19:20,030 I 146043 146362] raylet_client.cc:336: Error reporting task backlog information: IOError: 
[2022-01-12 10:19:21,030 I 146043 146362] raylet_client.cc:336: Error reporting task backlog information: IOError: 
[2022-01-12 10:19:22,030 I 146043 146362] raylet_client.cc:336: Error reporting task backlog information: IOError: 
[2022-01-12 10:19:23,030 I 146043 146362] raylet_client.cc:336: Error reporting task backlog information: IOError: 
[2022-01-12 10:19:24,030 I 146043 146362] raylet_client.cc:336: Error reporting task backlog information: IOError: 
[2022-01-12 10:19:25,030 I 146043 146362] raylet_client.cc:336: Error reporting task backlog information: IOError: 
[2022-01-12 10:19:26,030 I 146043 146362] raylet_client.cc:336: Error reporting task backlog information: IOError: 
[2022-01-12 10:19:26,365 W 146043 146363] metric_exporter.cc:206: Export metrics to agent failed: IOError: . This won't affect Ray, but you can lose metrics from the cluster.
[2022-01-12 10:19:27,031 I 146043 146362] raylet_client.cc:336: Error reporting task backlog information: IOError: 
[2022-01-12 10:19:28,031 I 146043 146362] raylet_client.cc:336: Error reporting task backlog information: IOError: 
[2022-01-12 10:19:29,031 I 146043 146362] raylet_client.cc:336: Error reporting task backlog information: IOError: 
[2022-01-12 10:19:30,031 I 146043 146362] raylet_client.cc:336: Error reporting task backlog information: IOError: 
[2022-01-12 10:19:31,032 I 146043 146362] raylet_client.cc:336: Error reporting task backlog information: IOError: 
[2022-01-12 10:19:32,032 I 146043 146362] raylet_client.cc:336: Error reporting task backlog information: IOError: 
[2022-01-12 10:19:33,032 I 146043 146362] raylet_client.cc:336: Error reporting task backlog information: IOError: 
[2022-01-12 10:19:34,032 I 146043 146362] raylet_client.cc:336: Error reporting task backlog information: IOError: 
[2022-01-12 10:19:35,033 I 146043 146362] raylet_client.cc:336: Error reporting task backlog information: IOError: 
[2022-01-12 10:19:36,033 I 146043 146362] raylet_client.cc:336: Error reporting task backlog information: IOError: 
[2022-01-12 10:19:36,379 W 146043 146363] metric_exporter.cc:206: Export metrics to agent failed: IOError: . This won't affect Ray, but you can lose metrics from the cluster.
[2022-01-12 10:19:37,033 I 146043 146362] raylet_client.cc:336: Error reporting task backlog information: IOError: 
[2022-01-12 10:19:38,033 I 146043 146362] raylet_client.cc:336: Error reporting task backlog information: IOError: 
[2022-01-12 10:19:39,033 I 146043 146362] raylet_client.cc:336: Error reporting task backlog information: IOError: 
[2022-01-12 10:19:40,033 I 146043 146362] raylet_client.cc:336: Error reporting task backlog information: IOError: 
[2022-01-12 10:19:41,033 I 146043 146362] raylet_client.cc:336: Error reporting task backlog information: IOError: 
[2022-01-12 10:19:42,034 I 146043 146362] raylet_client.cc:336: Error reporting task backlog information: IOError: 
[2022-01-12 10:19:43,034 I 146043 146362] raylet_client.cc:336: Error reporting task backlog information: IOError: 
[2022-01-12 10:19:44,034 I 146043 146362] raylet_client.cc:336: Error reporting task backlog information: IOError: 
[2022-01-12 10:19:45,034 I 146043 146362] raylet_client.cc:336: Error reporting task backlog information: IOError: 
[2022-01-12 10:19:46,034 I 146043 146362] raylet_client.cc:336: Error reporting task backlog information: IOError: 
[2022-01-12 10:19:46,395 W 146043 146363] metric_exporter.cc:206: Export metrics to agent failed: IOError: . This won't affect Ray, but you can lose metrics from the cluster.
[2022-01-12 10:19:47,034 I 146043 146362] raylet_client.cc:336: Error reporting task backlog information: IOError: 
[2022-01-12 10:19:48,035 I 146043 146362] raylet_client.cc:336: Error reporting task backlog information: IOError: 
[2022-01-12 10:19:49,035 I 146043 146362] raylet_client.cc:336: Error reporting task backlog information: IOError: 
[2022-01-12 10:19:50,035 I 146043 146362] raylet_client.cc:336: Error reporting task backlog information: IOError: 
[2022-01-12 10:19:51,035 I 146043 146362] raylet_client.cc:336: Error reporting task backlog information: IOError: 
[2022-01-12 10:19:52,036 I 146043 146362] raylet_client.cc:336: Error reporting task backlog information: IOError: 
[2022-01-12 10:19:53,036 I 146043 146362] raylet_client.cc:336: Error reporting task backlog information: IOError: 
[2022-01-12 10:19:54,036 I 146043 146362] raylet_client.cc:336: Error reporting task backlog information: IOError: 
[2022-01-12 10:19:55,036 I 146043 146362] raylet_client.cc:336: Error reporting task backlog information: IOError: 
[2022-01-12 10:19:56,036 I 146043 146362] raylet_client.cc:336: Error reporting task backlog information: IOError: 
[2022-01-12 10:19:56,409 W 146043 146363] metric_exporter.cc:206: Export metrics to agent failed: IOError: . This won't affect Ray, but you can lose metrics from the cluster.
[2022-01-12 10:19:57,036 I 146043 146362] raylet_client.cc:336: Error reporting task backlog information: IOError: 
[2022-01-12 10:19:58,037 I 146043 146362] raylet_client.cc:336: Error reporting task backlog information: IOError: 
[2022-01-12 10:19:59,037 I 146043 146362] raylet_client.cc:336: Error reporting task backlog information: IOError: 
[2022-01-12 10:20:00,037 I 146043 146362] raylet_client.cc:336: Error reporting task backlog information: IOError: 
[2022-01-12 10:20:01,037 I 146043 146362] raylet_client.cc:336: Error reporting task backlog information: IOError: 
[2022-01-12 10:20:02,037 I 146043 146362] raylet_client.cc:336: Error reporting task backlog information: IOError: 
[2022-01-12 10:20:03,037 I 146043 146362] raylet_client.cc:336: Error reporting task backlog information: IOError: 
[2022-01-12 10:20:04,038 I 146043 146362] raylet_client.cc:336: Error reporting task backlog information: IOError: 
[2022-01-12 10:20:05,038 I 146043 146362] raylet_client.cc:336: Error reporting task backlog information: IOError: 
[2022-01-12 10:20:06,038 I 146043 146362] raylet_client.cc:336: Error reporting task backlog information: IOError: 
[2022-01-12 10:20:06,423 W 146043 146363] metric_exporter.cc:206: Export metrics to agent failed: IOError: . This won't affect Ray, but you can lose metrics from the cluster.
[2022-01-12 10:20:07,038 I 146043 146362] raylet_client.cc:336: Error reporting task backlog information: IOError: 
[2022-01-12 10:20:08,038 I 146043 146362] raylet_client.cc:336: Error reporting task backlog information: IOError: 
[2022-01-12 10:20:09,039 I 146043 146362] raylet_client.cc:336: Error reporting task backlog information: IOError: 
[2022-01-12 10:20:10,039 I 146043 146362] raylet_client.cc:336: Error reporting task backlog information: IOError: 
[2022-01-12 10:20:11,039 I 146043 146362] raylet_client.cc:336: Error reporting task backlog information: IOError: 
[2022-01-12 10:20:12,039 I 146043 146362] raylet_client.cc:336: Error reporting task backlog information: IOError: 
[2022-01-12 10:20:13,040 I 146043 146362] raylet_client.cc:336: Error reporting task backlog information: IOError: 
[2022-01-12 10:20:14,040 I 146043 146362] raylet_client.cc:336: Error reporting task backlog information: IOError: 
[2022-01-12 10:20:15,040 I 146043 146362] raylet_client.cc:336: Error reporting task backlog information: IOError: 
[2022-01-12 10:20:16,040 I 146043 146362] raylet_client.cc:336: Error reporting task backlog information: IOError: 
[2022-01-12 10:20:16,437 W 146043 146363] metric_exporter.cc:206: Export metrics to agent failed: IOError: . This won't affect Ray, but you can lose metrics from the cluster.
[2022-01-12 10:20:17,041 I 146043 146362] raylet_client.cc:336: Error reporting task backlog information: IOError: 
[2022-01-12 10:20:18,041 I 146043 146362] raylet_client.cc:336: Error reporting task backlog information: IOError: 
[2022-01-12 10:20:19,041 I 146043 146362] raylet_client.cc:336: Error reporting task backlog information: IOError: 
[2022-01-12 10:20:20,041 I 146043 146362] raylet_client.cc:336: Error reporting task backlog information: IOError: 
[2022-01-12 10:20:21,041 I 146043 146362] raylet_client.cc:336: Error reporting task backlog information: IOError: 
[2022-01-12 10:20:21,953 W 146043 146267] gcs_server_address_updater.cc:61: [301] Failed to get the gcs server address from raylet 301 times in a row. If it keeps failing to obtain the address, the worker might crash. Connection status IOError: 
[2022-01-12 10:20:22,041 I 146043 146362] raylet_client.cc:336: Error reporting task backlog information: IOError: 
[2022-01-12 10:20:23,042 I 146043 146362] raylet_client.cc:336: Error reporting task backlog information: IOError: 
[2022-01-12 10:20:24,042 I 146043 146362] raylet_client.cc:336: Error reporting task backlog information: IOError: 
[2022-01-12 10:20:25,042 I 146043 146362] raylet_client.cc:336: Error reporting task backlog information: IOError: 
[2022-01-12 10:20:26,042 I 146043 146362] raylet_client.cc:336: Error reporting task backlog information: IOError: 
[2022-01-12 10:20:26,452 W 146043 146363] metric_exporter.cc:206: Export metrics to agent failed: IOError: . This won't affect Ray, but you can lose metrics from the cluster.
[2022-01-12 10:20:27,043 I 146043 146362] raylet_client.cc:336: Error reporting task backlog information: IOError: 
[2022-01-12 10:20:28,043 I 146043 146362] raylet_client.cc:336: Error reporting task backlog information: IOError: 
[2022-01-12 10:20:29,043 I 146043 146362] raylet_client.cc:336: Error reporting task backlog information: IOError: 
[2022-01-12 10:20:30,043 I 146043 146362] raylet_client.cc:336: Error reporting task backlog information: IOError: 
[2022-01-12 10:20:31,043 I 146043 146362] raylet_client.cc:336: Error reporting task backlog information: IOError: 
[2022-01-12 10:20:32,044 I 146043 146362] raylet_client.cc:336: Error reporting task backlog information: IOError: 
[2022-01-12 10:20:33,044 I 146043 146362] raylet_client.cc:336: Error reporting task backlog information: IOError: 
[2022-01-12 10:20:34,044 I 146043 146362] raylet_client.cc:336: Error reporting task backlog information: IOError: 
[2022-01-12 10:20:35,044 I 146043 146362] raylet_client.cc:336: Error reporting task backlog information: IOError: 
[2022-01-12 10:20:36,045 I 146043 146362] raylet_client.cc:336: Error reporting task backlog information: IOError: 
[2022-01-12 10:20:36,465 W 146043 146363] metric_exporter.cc:206: Export metrics to agent failed: IOError: . This won't affect Ray, but you can lose metrics from the cluster.
[2022-01-12 10:20:37,045 I 146043 146362] raylet_client.cc:336: Error reporting task backlog information: IOError: 
[2022-01-12 10:20:38,045 I 146043 146362] raylet_client.cc:336: Error reporting task backlog information: IOError: 
[2022-01-12 10:20:39,045 I 146043 146362] raylet_client.cc:336: Error reporting task backlog information: IOError: 
[2022-01-12 10:20:40,045 I 146043 146362] raylet_client.cc:336: Error reporting task backlog information: IOError: 
[2022-01-12 10:20:41,046 I 146043 146362] raylet_client.cc:336: Error reporting task backlog information: IOError: 
[2022-01-12 10:20:42,046 I 146043 146362] raylet_client.cc:336: Error reporting task backlog information: IOError: 
[2022-01-12 10:20:43,046 I 146043 146362] raylet_client.cc:336: Error reporting task backlog information: IOError: 
[2022-01-12 10:20:44,046 I 146043 146362] raylet_client.cc:336: Error reporting task backlog information: IOError: 
[2022-01-12 10:20:45,046 I 146043 146362] raylet_client.cc:336: Error reporting task backlog information: IOError: 
[2022-01-12 10:20:46,047 I 146043 146362] raylet_client.cc:336: Error reporting task backlog information: IOError: 
[2022-01-12 10:20:46,479 W 146043 146363] metric_exporter.cc:206: Export metrics to agent failed: IOError: . This won't affect Ray, but you can lose metrics from the cluster.
[2022-01-12 10:20:47,047 I 146043 146362] raylet_client.cc:336: Error reporting task backlog information: IOError: 
[2022-01-12 10:20:48,047 I 146043 146362] raylet_client.cc:336: Error reporting task backlog information: IOError: 
[2022-01-12 10:20:49,047 I 146043 146362] raylet_client.cc:336: Error reporting task backlog information: IOError: 
[2022-01-12 10:20:50,047 I 146043 146362] raylet_client.cc:336: Error reporting task backlog information: IOError: 
[2022-01-12 10:20:51,047 I 146043 146362] raylet_client.cc:336: Error reporting task backlog information: IOError: 
[2022-01-12 10:20:52,048 I 146043 146362] raylet_client.cc:336: Error reporting task backlog information: IOError: 
[2022-01-12 10:20:53,048 I 146043 146362] raylet_client.cc:336: Error reporting task backlog information: IOError: 
[2022-01-12 10:20:54,048 I 146043 146362] raylet_client.cc:336: Error reporting task backlog information: IOError: 
[2022-01-12 10:20:55,048 I 146043 146362] raylet_client.cc:336: Error reporting task backlog information: IOError: 
[2022-01-12 10:20:56,048 I 146043 146362] raylet_client.cc:336: Error reporting task backlog information: IOError: 
[2022-01-12 10:20:56,493 W 146043 146363] metric_exporter.cc:206: Export metrics to agent failed: IOError: . This won't affect Ray, but you can lose metrics from the cluster.
[2022-01-12 10:20:57,048 I 146043 146362] raylet_client.cc:336: Error reporting task backlog information: IOError: 
[2022-01-12 10:20:58,049 I 146043 146362] raylet_client.cc:336: Error reporting task backlog information: IOError: 
[2022-01-12 10:20:59,049 I 146043 146362] raylet_client.cc:336: Error reporting task backlog information: IOError: 
[2022-01-12 10:21:00,049 I 146043 146362] raylet_client.cc:336: Error reporting task backlog information: IOError: 
[2022-01-12 10:21:01,049 I 146043 146362] raylet_client.cc:336: Error reporting task backlog information: IOError: 
[2022-01-12 10:21:02,049 I 146043 146362] raylet_client.cc:336: Error reporting task backlog information: IOError: 
[2022-01-12 10:21:03,049 I 146043 146362] raylet_client.cc:336: Error reporting task backlog information: IOError: 
[2022-01-12 10:21:04,050 I 146043 146362] raylet_client.cc:336: Error reporting task backlog information: IOError: 
[2022-01-12 10:21:05,050 I 146043 146362] raylet_client.cc:336: Error reporting task backlog information: IOError: 
[2022-01-12 10:21:06,050 I 146043 146362] raylet_client.cc:336: Error reporting task backlog information: IOError: 
[2022-01-12 10:21:06,506 W 146043 146363] metric_exporter.cc:206: Export metrics to agent failed: IOError: . This won't affect Ray, but you can lose metrics from the cluster.
[2022-01-12 10:21:07,050 I 146043 146362] raylet_client.cc:336: Error reporting task backlog information: IOError: 
[2022-01-12 10:21:08,051 I 146043 146362] raylet_client.cc:336: Error reporting task backlog information: IOError: 
[2022-01-12 10:21:09,051 I 146043 146362] raylet_client.cc:336: Error reporting task backlog information: IOError: 
[2022-01-12 10:21:10,051 I 146043 146362] raylet_client.cc:336: Error reporting task backlog information: IOError: 
[2022-01-12 10:21:11,051 I 146043 146362] raylet_client.cc:336: Error reporting task backlog information: IOError: 
[2022-01-12 10:21:12,051 I 146043 146362] raylet_client.cc:336: Error reporting task backlog information: IOError: 
[2022-01-12 10:21:13,051 I 146043 146362] raylet_client.cc:336: Error reporting task backlog information: IOError: 
[2022-01-12 10:21:14,052 I 146043 146362] raylet_client.cc:336: Error reporting task backlog information: IOError: 
[2022-01-12 10:21:15,052 I 146043 146362] raylet_client.cc:336: Error reporting task backlog information: IOError: 
[2022-01-12 10:21:16,052 I 146043 146362] raylet_client.cc:336: Error reporting task backlog information: IOError: 
[2022-01-12 10:21:16,521 W 146043 146363] metric_exporter.cc:206: Export metrics to agent failed: IOError: . This won't affect Ray, but you can lose metrics from the cluster.
[2022-01-12 10:21:17,052 I 146043 146362] raylet_client.cc:336: Error reporting task backlog information: IOError: 
[2022-01-12 10:21:18,053 I 146043 146362] raylet_client.cc:336: Error reporting task backlog information: IOError: 
[2022-01-12 10:21:19,053 I 146043 146362] raylet_client.cc:336: Error reporting task backlog information: IOError: 
[2022-01-12 10:21:20,053 I 146043 146362] raylet_client.cc:336: Error reporting task backlog information: IOError: 
[2022-01-12 10:21:21,053 I 146043 146362] raylet_client.cc:336: Error reporting task backlog information: IOError: 
[2022-01-12 10:21:22,053 I 146043 146362] raylet_client.cc:336: Error reporting task backlog information: IOError: 
[2022-01-12 10:21:23,054 I 146043 146362] raylet_client.cc:336: Error reporting task backlog information: IOError: 
[2022-01-12 10:21:24,054 I 146043 146362] raylet_client.cc:336: Error reporting task backlog information: IOError: 
[2022-01-12 10:21:25,054 I 146043 146362] raylet_client.cc:336: Error reporting task backlog information: IOError: 
[2022-01-12 10:21:26,054 I 146043 146362] raylet_client.cc:336: Error reporting task backlog information: IOError: 
[2022-01-12 10:21:26,535 W 146043 146363] metric_exporter.cc:206: Export metrics to agent failed: IOError: . This won't affect Ray, but you can lose metrics from the cluster.
[2022-01-12 10:21:27,054 I 146043 146362] raylet_client.cc:336: Error reporting task backlog information: IOError: 
[2022-01-12 10:21:28,055 I 146043 146362] raylet_client.cc:336: Error reporting task backlog information: IOError: 
[2022-01-12 10:21:29,055 I 146043 146362] raylet_client.cc:336: Error reporting task backlog information: IOError: 
[2022-01-12 10:21:30,055 I 146043 146362] raylet_client.cc:336: Error reporting task backlog information: IOError: 
[2022-01-12 10:21:31,055 I 146043 146362] raylet_client.cc:336: Error reporting task backlog information: IOError: 
[2022-01-12 10:21:32,056 I 146043 146362] raylet_client.cc:336: Error reporting task backlog information: IOError: 
[2022-01-12 10:21:33,056 I 146043 146362] raylet_client.cc:336: Error reporting task backlog information: IOError: 
[2022-01-12 10:21:34,056 I 146043 146362] raylet_client.cc:336: Error reporting task backlog information: IOError: 
[2022-01-12 10:21:35,056 I 146043 146362] raylet_client.cc:336: Error reporting task backlog information: IOError: 
[2022-01-12 10:21:36,056 I 146043 146362] raylet_client.cc:336: Error reporting task backlog information: IOError: 
[2022-01-12 10:21:36,548 W 146043 146363] metric_exporter.cc:206: Export metrics to agent failed: IOError: . This won't affect Ray, but you can lose metrics from the cluster.
[2022-01-12 10:21:37,056 I 146043 146362] raylet_client.cc:336: Error reporting task backlog information: IOError: 
[2022-01-12 10:21:38,056 I 146043 146362] raylet_client.cc:336: Error reporting task backlog information: IOError: 
[2022-01-12 10:21:39,056 I 146043 146362] raylet_client.cc:336: Error reporting task backlog information: IOError: 
[2022-01-12 10:21:40,057 I 146043 146362] raylet_client.cc:336: Error reporting task backlog information: IOError: 
[2022-01-12 10:21:41,057 I 146043 146362] raylet_client.cc:336: Error reporting task backlog information: IOError: 
[2022-01-12 10:21:42,057 I 146043 146362] raylet_client.cc:336: Error reporting task backlog information: IOError: 
[2022-01-12 10:21:43,057 I 146043 146362] raylet_client.cc:336: Error reporting task backlog information: IOError: 
[2022-01-12 10:21:44,058 I 146043 146362] raylet_client.cc:336: Error reporting task backlog information: IOError: 
[2022-01-12 10:21:45,058 I 146043 146362] raylet_client.cc:336: Error reporting task backlog information: IOError: 
[2022-01-12 10:21:46,058 I 146043 146362] raylet_client.cc:336: Error reporting task backlog information: IOError: 
[2022-01-12 10:21:46,563 W 146043 146363] metric_exporter.cc:206: Export metrics to agent failed: IOError: . This won't affect Ray, but you can lose metrics from the cluster.
[2022-01-12 10:21:47,058 I 146043 146362] raylet_client.cc:336: Error reporting task backlog information: IOError: 
[2022-01-12 10:21:48,058 I 146043 146362] raylet_client.cc:336: Error reporting task backlog information: IOError: 
[2022-01-12 10:21:49,058 I 146043 146362] raylet_client.cc:336: Error reporting task backlog information: IOError: 
[2022-01-12 10:21:50,058 I 146043 146362] raylet_client.cc:336: Error reporting task backlog information: IOError: 
[2022-01-12 10:21:51,059 I 146043 146362] raylet_client.cc:336: Error reporting task backlog information: IOError: 
[2022-01-12 10:21:52,059 I 146043 146362] raylet_client.cc:336: Error reporting task backlog information: IOError: 
[2022-01-12 10:21:53,059 I 146043 146362] raylet_client.cc:336: Error reporting task backlog information: IOError: 
[2022-01-12 10:21:54,059 I 146043 146362] raylet_client.cc:336: Error reporting task backlog information: IOError: 
[2022-01-12 10:21:55,059 I 146043 146362] raylet_client.cc:336: Error reporting task backlog information: IOError: 
[2022-01-12 10:21:56,059 I 146043 146362] raylet_client.cc:336: Error reporting task backlog information: IOError: 
[2022-01-12 10:21:56,579 W 146043 146363] metric_exporter.cc:206: Export metrics to agent failed: IOError: . This won't affect Ray, but you can lose metrics from the cluster.
[2022-01-12 10:21:57,060 I 146043 146362] raylet_client.cc:336: Error reporting task backlog information: IOError: 
[2022-01-12 10:21:58,060 I 146043 146362] raylet_client.cc:336: Error reporting task backlog information: IOError: 
[2022-01-12 10:21:59,060 I 146043 146362] raylet_client.cc:336: Error reporting task backlog information: IOError: 
[2022-01-12 10:22:00,060 I 146043 146362] raylet_client.cc:336: Error reporting task backlog information: IOError: 
[2022-01-12 10:22:01,060 I 146043 146362] raylet_client.cc:336: Error reporting task backlog information: IOError: 
[2022-01-12 10:22:02,061 I 146043 146362] raylet_client.cc:336: Error reporting task backlog information: IOError: 
[2022-01-12 10:22:03,061 I 146043 146362] raylet_client.cc:336: Error reporting task backlog information: IOError: 
[2022-01-12 10:22:04,061 I 146043 146362] raylet_client.cc:336: Error reporting task backlog information: IOError: 
[2022-01-12 10:22:05,061 I 146043 146362] raylet_client.cc:336: Error reporting task backlog information: IOError: 
[2022-01-12 10:22:06,061 I 146043 146362] raylet_client.cc:336: Error reporting task backlog information: IOError: 
[2022-01-12 10:22:06,593 W 146043 146363] metric_exporter.cc:206: Export metrics to agent failed: IOError: . This won't affect Ray, but you can lose metrics from the cluster.
[2022-01-12 10:22:07,062 I 146043 146362] raylet_client.cc:336: Error reporting task backlog information: IOError: 
[2022-01-12 10:22:08,062 I 146043 146362] raylet_client.cc:336: Error reporting task backlog information: IOError: 
[2022-01-12 10:22:09,062 I 146043 146362] raylet_client.cc:336: Error reporting task backlog information: IOError: 
[2022-01-12 10:22:10,062 I 146043 146362] raylet_client.cc:336: Error reporting task backlog information: IOError: 
[2022-01-12 10:22:11,062 I 146043 146362] raylet_client.cc:336: Error reporting task backlog information: IOError: 
[2022-01-12 10:22:12,062 I 146043 146362] raylet_client.cc:336: Error reporting task backlog information: IOError: 
[2022-01-12 10:22:13,062 I 146043 146362] raylet_client.cc:336: Error reporting task backlog information: IOError: 
[2022-01-12 10:22:14,063 I 146043 146362] raylet_client.cc:336: Error reporting task backlog information: IOError: 
[2022-01-12 10:22:15,063 I 146043 146362] raylet_client.cc:336: Error reporting task backlog information: IOError: 
[2022-01-12 10:22:16,063 I 146043 146362] raylet_client.cc:336: Error reporting task backlog information: IOError: 
[2022-01-12 10:22:16,606 W 146043 146363] metric_exporter.cc:206: Export metrics to agent failed: IOError: . This won't affect Ray, but you can lose metrics from the cluster.
[2022-01-12 10:22:17,063 I 146043 146362] raylet_client.cc:336: Error reporting task backlog information: IOError: 
[2022-01-12 10:22:18,063 I 146043 146362] raylet_client.cc:336: Error reporting task backlog information: IOError: 
[2022-01-12 10:22:19,063 I 146043 146362] raylet_client.cc:336: Error reporting task backlog information: IOError: 
[2022-01-12 10:22:20,063 I 146043 146362] raylet_client.cc:336: Error reporting task backlog information: IOError: 
[2022-01-12 10:22:21,064 I 146043 146362] raylet_client.cc:336: Error reporting task backlog information: IOError: 
[2022-01-12 10:22:22,064 I 146043 146362] raylet_client.cc:336: Error reporting task backlog information: IOError: 
[2022-01-12 10:22:23,064 I 146043 146362] raylet_client.cc:336: Error reporting task backlog information: IOError: 
[2022-01-12 10:22:24,064 I 146043 146362] raylet_client.cc:336: Error reporting task backlog information: IOError: 
[2022-01-12 10:22:25,065 I 146043 146362] raylet_client.cc:336: Error reporting task backlog information: IOError: 
[2022-01-12 10:22:26,065 I 146043 146362] raylet_client.cc:336: Error reporting task backlog information: IOError: 
[2022-01-12 10:22:26,621 W 146043 146363] metric_exporter.cc:206: Export metrics to agent failed: IOError: . This won't affect Ray, but you can lose metrics from the cluster.
[2022-01-12 10:22:27,065 I 146043 146362] raylet_client.cc:336: Error reporting task backlog information: IOError: 
[2022-01-12 10:22:28,065 I 146043 146362] raylet_client.cc:336: Error reporting task backlog information: IOError: 
[2022-01-12 10:22:29,065 I 146043 146362] raylet_client.cc:336: Error reporting task backlog information: IOError: 
[2022-01-12 10:22:30,066 I 146043 146362] raylet_client.cc:336: Error reporting task backlog information: IOError: 
[2022-01-12 10:22:31,066 I 146043 146362] raylet_client.cc:336: Error reporting task backlog information: IOError: 
[2022-01-12 10:22:32,066 I 146043 146362] raylet_client.cc:336: Error reporting task backlog information: IOError: 
[2022-01-12 10:22:33,066 I 146043 146362] raylet_client.cc:336: Error reporting task backlog information: IOError: 
[2022-01-12 10:22:34,066 I 146043 146362] raylet_client.cc:336: Error reporting task backlog information: IOError: 
[2022-01-12 10:22:35,066 I 146043 146362] raylet_client.cc:336: Error reporting task backlog information: IOError: 
[2022-01-12 10:22:36,066 I 146043 146362] raylet_client.cc:336: Error reporting task backlog information: IOError: 
[2022-01-12 10:22:36,638 W 146043 146363] metric_exporter.cc:206: Export metrics to agent failed: IOError: . This won't affect Ray, but you can lose metrics from the cluster.
[2022-01-12 10:22:37,066 I 146043 146362] raylet_client.cc:336: Error reporting task backlog information: IOError: 
[2022-01-12 10:22:38,067 I 146043 146362] raylet_client.cc:336: Error reporting task backlog information: IOError: 
[2022-01-12 10:22:39,067 I 146043 146362] raylet_client.cc:336: Error reporting task backlog information: IOError: 
[2022-01-12 10:22:40,067 I 146043 146362] raylet_client.cc:336: Error reporting task backlog information: IOError: 
[2022-01-12 10:22:41,067 I 146043 146362] raylet_client.cc:336: Error reporting task backlog information: IOError: 
[2022-01-12 10:22:42,068 I 146043 146362] raylet_client.cc:336: Error reporting task backlog information: IOError: 
[2022-01-12 10:22:43,068 I 146043 146362] raylet_client.cc:336: Error reporting task backlog information: IOError: 
[2022-01-12 10:22:44,068 I 146043 146362] raylet_client.cc:336: Error reporting task backlog information: IOError: 
[2022-01-12 10:22:45,068 I 146043 146362] raylet_client.cc:336: Error reporting task backlog information: IOError: 
[2022-01-12 10:22:46,068 I 146043 146362] raylet_client.cc:336: Error reporting task backlog information: IOError: 
[2022-01-12 10:22:46,652 W 146043 146363] metric_exporter.cc:206: Export metrics to agent failed: IOError: . This won't affect Ray, but you can lose metrics from the cluster.
[2022-01-12 10:22:47,069 I 146043 146362] raylet_client.cc:336: Error reporting task backlog information: IOError: 
[2022-01-12 10:22:48,069 I 146043 146362] raylet_client.cc:336: Error reporting task backlog information: IOError: 
[2022-01-12 10:22:49,069 I 146043 146362] raylet_client.cc:336: Error reporting task backlog information: IOError: 
[2022-01-12 10:22:50,069 I 146043 146362] raylet_client.cc:336: Error reporting task backlog information: IOError: 
[2022-01-12 10:22:51,069 I 146043 146362] raylet_client.cc:336: Error reporting task backlog information: IOError: 
[2022-01-12 10:22:52,069 I 146043 146362] raylet_client.cc:336: Error reporting task backlog information: IOError: 
[2022-01-12 10:22:53,070 I 146043 146362] raylet_client.cc:336: Error reporting task backlog information: IOError: 
[2022-01-12 10:22:54,070 I 146043 146362] raylet_client.cc:336: Error reporting task backlog information: IOError: 
[2022-01-12 10:22:55,070 I 146043 146362] raylet_client.cc:336: Error reporting task backlog information: IOError: 
[2022-01-12 10:22:56,070 I 146043 146362] raylet_client.cc:336: Error reporting task backlog information: IOError: 
[2022-01-12 10:22:56,666 W 146043 146363] metric_exporter.cc:206: Export metrics to agent failed: IOError: . This won't affect Ray, but you can lose metrics from the cluster.
[2022-01-12 10:22:57,070 I 146043 146362] raylet_client.cc:336: Error reporting task backlog information: IOError: 
[2022-01-12 10:22:58,070 I 146043 146362] raylet_client.cc:336: Error reporting task backlog information: IOError: 
[2022-01-12 10:22:59,071 I 146043 146362] raylet_client.cc:336: Error reporting task backlog information: IOError: 
[2022-01-12 10:23:00,071 I 146043 146362] raylet_client.cc:336: Error reporting task backlog information: IOError: 
[2022-01-12 10:23:01,071 I 146043 146362] raylet_client.cc:336: Error reporting task backlog information: IOError: 
[2022-01-12 10:23:02,071 I 146043 146362] raylet_client.cc:336: Error reporting task backlog information: IOError: 
[2022-01-12 10:23:03,071 I 146043 146362] raylet_client.cc:336: Error reporting task backlog information: IOError: 
[2022-01-12 10:23:04,072 I 146043 146362] raylet_client.cc:336: Error reporting task backlog information: IOError: 
[2022-01-12 10:23:05,072 I 146043 146362] raylet_client.cc:336: Error reporting task backlog information: IOError: 
[2022-01-12 10:23:06,072 I 146043 146362] raylet_client.cc:336: Error reporting task backlog information: IOError: 
[2022-01-12 10:23:06,679 W 146043 146363] metric_exporter.cc:206: Export metrics to agent failed: IOError: . This won't affect Ray, but you can lose metrics from the cluster.
[2022-01-12 10:23:07,072 I 146043 146362] raylet_client.cc:336: Error reporting task backlog information: IOError: 
[2022-01-12 10:23:08,072 I 146043 146362] raylet_client.cc:336: Error reporting task backlog information: IOError: 
[2022-01-12 10:23:09,072 I 146043 146362] raylet_client.cc:336: Error reporting task backlog information: IOError: 
[2022-01-12 10:23:10,073 I 146043 146362] raylet_client.cc:336: Error reporting task backlog information: IOError: 
[2022-01-12 10:23:11,073 I 146043 146362] raylet_client.cc:336: Error reporting task backlog information: IOError: 
[2022-01-12 10:23:12,073 I 146043 146362] raylet_client.cc:336: Error reporting task backlog information: IOError: 
[2022-01-12 10:23:13,073 I 146043 146362] raylet_client.cc:336: Error reporting task backlog information: IOError: 
[2022-01-12 10:23:14,074 I 146043 146362] raylet_client.cc:336: Error reporting task backlog information: IOError: 
[2022-01-12 10:23:15,074 I 146043 146362] raylet_client.cc:336: Error reporting task backlog information: IOError: 
[2022-01-12 10:23:16,074 I 146043 146362] raylet_client.cc:336: Error reporting task backlog information: IOError: 
[2022-01-12 10:23:16,693 W 146043 146363] metric_exporter.cc:206: Export metrics to agent failed: IOError: . This won't affect Ray, but you can lose metrics from the cluster.
[2022-01-12 10:23:17,074 I 146043 146362] raylet_client.cc:336: Error reporting task backlog information: IOError: 
[2022-01-12 10:23:18,074 I 146043 146362] raylet_client.cc:336: Error reporting task backlog information: IOError: 
[2022-01-12 10:23:19,074 I 146043 146362] raylet_client.cc:336: Error reporting task backlog information: IOError: 
[2022-01-12 10:23:20,074 I 146043 146362] raylet_client.cc:336: Error reporting task backlog information: IOError: 
[2022-01-12 10:23:21,075 I 146043 146362] raylet_client.cc:336: Error reporting task backlog information: IOError: 
[2022-01-12 10:23:22,075 I 146043 146362] raylet_client.cc:336: Error reporting task backlog information: IOError: 
[2022-01-12 10:23:23,075 I 146043 146362] raylet_client.cc:336: Error reporting task backlog information: IOError: 
[2022-01-12 10:23:24,075 I 146043 146362] raylet_client.cc:336: Error reporting task backlog information: IOError: 
[2022-01-12 10:23:25,075 I 146043 146362] raylet_client.cc:336: Error reporting task backlog information: IOError: 
[2022-01-12 10:23:26,076 I 146043 146362] raylet_client.cc:336: Error reporting task backlog information: IOError: 
[2022-01-12 10:23:26,709 W 146043 146363] metric_exporter.cc:206: Export metrics to agent failed: IOError: . This won't affect Ray, but you can lose metrics from the cluster.
[2022-01-12 10:23:27,076 I 146043 146362] raylet_client.cc:336: Error reporting task backlog information: IOError: 
[2022-01-12 10:23:28,076 I 146043 146362] raylet_client.cc:336: Error reporting task backlog information: IOError: 
[2022-01-12 10:23:29,076 I 146043 146362] raylet_client.cc:336: Error reporting task backlog information: IOError: 
[2022-01-12 10:23:30,077 I 146043 146362] raylet_client.cc:336: Error reporting task backlog information: IOError: 
[2022-01-12 10:23:31,077 I 146043 146362] raylet_client.cc:336: Error reporting task backlog information: IOError: 
[2022-01-12 10:23:32,077 I 146043 146362] raylet_client.cc:336: Error reporting task backlog information: IOError: 
[2022-01-12 10:23:33,077 I 146043 146362] raylet_client.cc:336: Error reporting task backlog information: IOError: 
[2022-01-12 10:23:34,077 I 146043 146362] raylet_client.cc:336: Error reporting task backlog information: IOError: 
[2022-01-12 10:23:35,077 I 146043 146362] raylet_client.cc:336: Error reporting task backlog information: IOError: 
[2022-01-12 10:23:36,078 I 146043 146362] raylet_client.cc:336: Error reporting task backlog information: IOError: 
[2022-01-12 10:23:36,723 W 146043 146363] metric_exporter.cc:206: Export metrics to agent failed: IOError: . This won't affect Ray, but you can lose metrics from the cluster.
[2022-01-12 10:23:37,078 I 146043 146362] raylet_client.cc:336: Error reporting task backlog information: IOError: 
[2022-01-12 10:23:38,078 I 146043 146362] raylet_client.cc:336: Error reporting task backlog information: IOError: 
[2022-01-12 10:23:39,078 I 146043 146362] raylet_client.cc:336: Error reporting task backlog information: IOError: 
[2022-01-12 10:23:40,078 I 146043 146362] raylet_client.cc:336: Error reporting task backlog information: IOError: 
[2022-01-12 10:23:41,078 I 146043 146362] raylet_client.cc:336: Error reporting task backlog information: IOError: 
[2022-01-12 10:23:42,079 I 146043 146362] raylet_client.cc:336: Error reporting task backlog information: IOError: 
[2022-01-12 10:23:43,079 I 146043 146362] raylet_client.cc:336: Error reporting task backlog information: IOError: 
[2022-01-12 10:23:44,079 I 146043 146362] raylet_client.cc:336: Error reporting task backlog information: IOError: 
[2022-01-12 10:23:45,080 I 146043 146362] raylet_client.cc:336: Error reporting task backlog information: IOError: 
[2022-01-12 10:23:46,080 I 146043 146362] raylet_client.cc:336: Error reporting task backlog information: IOError: 
[2022-01-12 10:23:46,738 W 146043 146363] metric_exporter.cc:206: Export metrics to agent failed: IOError: . This won't affect Ray, but you can lose metrics from the cluster.
[2022-01-12 10:23:47,080 I 146043 146362] raylet_client.cc:336: Error reporting task backlog information: IOError: 
[2022-01-12 10:23:48,080 I 146043 146362] raylet_client.cc:336: Error reporting task backlog information: IOError: 
[2022-01-12 10:23:49,081 I 146043 146362] raylet_client.cc:336: Error reporting task backlog information: IOError: 
[2022-01-12 10:23:50,080 I 146043 146362] raylet_client.cc:336: Error reporting task backlog information: IOError: 
[2022-01-12 10:23:51,080 I 146043 146362] raylet_client.cc:336: Error reporting task backlog information: IOError: 
[2022-01-12 10:23:52,081 I 146043 146362] raylet_client.cc:336: Error reporting task backlog information: IOError: 
[2022-01-12 10:23:53,081 I 146043 146362] raylet_client.cc:336: Error reporting task backlog information: IOError: 
[2022-01-12 10:23:54,081 I 146043 146362] raylet_client.cc:336: Error reporting task backlog information: IOError: 
[2022-01-12 10:23:55,081 I 146043 146362] raylet_client.cc:336: Error reporting task backlog information: IOError: 
[2022-01-12 10:23:56,081 I 146043 146362] raylet_client.cc:336: Error reporting task backlog information: IOError: 
[2022-01-12 10:23:56,751 W 146043 146363] metric_exporter.cc:206: Export metrics to agent failed: IOError: . This won't affect Ray, but you can lose metrics from the cluster.
[2022-01-12 10:23:57,082 I 146043 146362] raylet_client.cc:336: Error reporting task backlog information: IOError: 
[2022-01-12 10:23:58,082 I 146043 146362] raylet_client.cc:336: Error reporting task backlog information: IOError: 
[2022-01-12 10:23:59,082 I 146043 146362] raylet_client.cc:336: Error reporting task backlog information: IOError: 
[2022-01-12 10:24:00,082 I 146043 146362] raylet_client.cc:336: Error reporting task backlog information: IOError: 
[2022-01-12 10:24:01,082 I 146043 146362] raylet_client.cc:336: Error reporting task backlog information: IOError: 
[2022-01-12 10:24:02,082 I 146043 146362] raylet_client.cc:336: Error reporting task backlog information: IOError: 
[2022-01-12 10:24:03,083 I 146043 146362] raylet_client.cc:336: Error reporting task backlog information: IOError: 
[2022-01-12 10:24:04,083 I 146043 146362] raylet_client.cc:336: Error reporting task backlog information: IOError: 
[2022-01-12 10:24:05,083 I 146043 146362] raylet_client.cc:336: Error reporting task backlog information: IOError: 
[2022-01-12 10:24:06,084 I 146043 146362] raylet_client.cc:336: Error reporting task backlog information: IOError: 
[2022-01-12 10:24:06,766 W 146043 146363] metric_exporter.cc:206: Export metrics to agent failed: IOError: . This won't affect Ray, but you can lose metrics from the cluster.
[2022-01-12 10:24:07,084 I 146043 146362] raylet_client.cc:336: Error reporting task backlog information: IOError: 
[2022-01-12 10:24:08,084 I 146043 146362] raylet_client.cc:336: Error reporting task backlog information: IOError: 
[2022-01-12 10:24:09,084 I 146043 146362] raylet_client.cc:336: Error reporting task backlog information: IOError: 
[2022-01-12 10:24:10,085 I 146043 146362] raylet_client.cc:336: Error reporting task backlog information: IOError: 
[2022-01-12 10:24:11,085 I 146043 146362] raylet_client.cc:336: Error reporting task backlog information: IOError: 
[2022-01-12 10:24:12,085 I 146043 146362] raylet_client.cc:336: Error reporting task backlog information: IOError: 
[2022-01-12 10:24:13,085 I 146043 146362] raylet_client.cc:336: Error reporting task backlog information: IOError: 
[2022-01-12 10:24:14,086 I 146043 146362] raylet_client.cc:336: Error reporting task backlog information: IOError: 
[2022-01-12 10:24:15,086 I 146043 146362] raylet_client.cc:336: Error reporting task backlog information: IOError: 
[2022-01-12 10:24:16,086 I 146043 146362] raylet_client.cc:336: Error reporting task backlog information: IOError: 
[2022-01-12 10:24:16,781 W 146043 146363] metric_exporter.cc:206: Export metrics to agent failed: IOError: . This won't affect Ray, but you can lose metrics from the cluster.
[2022-01-12 10:24:17,086 I 146043 146362] raylet_client.cc:336: Error reporting task backlog information: IOError: 
[2022-01-12 10:24:18,087 I 146043 146362] raylet_client.cc:336: Error reporting task backlog information: IOError: 
[2022-01-12 10:24:19,087 I 146043 146362] raylet_client.cc:336: Error reporting task backlog information: IOError: 
[2022-01-12 10:24:20,087 I 146043 146362] raylet_client.cc:336: Error reporting task backlog information: IOError: 
[2022-01-12 10:24:21,087 I 146043 146362] raylet_client.cc:336: Error reporting task backlog information: IOError: 
[2022-01-12 10:24:22,087 I 146043 146362] raylet_client.cc:336: Error reporting task backlog information: IOError: 
[2022-01-12 10:24:23,088 I 146043 146362] raylet_client.cc:336: Error reporting task backlog information: IOError: 
[2022-01-12 10:24:24,088 I 146043 146362] raylet_client.cc:336: Error reporting task backlog information: IOError: 
[2022-01-12 10:24:25,088 I 146043 146362] raylet_client.cc:336: Error reporting task backlog information: IOError: 
[2022-01-12 10:24:26,088 I 146043 146362] raylet_client.cc:336: Error reporting task backlog information: IOError: 
[2022-01-12 10:24:26,795 W 146043 146363] metric_exporter.cc:206: Export metrics to agent failed: IOError: . This won't affect Ray, but you can lose metrics from the cluster.
[2022-01-12 10:24:27,089 I 146043 146362] raylet_client.cc:336: Error reporting task backlog information: IOError: 
[2022-01-12 10:24:28,089 I 146043 146362] raylet_client.cc:336: Error reporting task backlog information: IOError: 
[2022-01-12 10:24:29,089 I 146043 146362] raylet_client.cc:336: Error reporting task backlog information: IOError: 
[2022-01-12 10:24:30,089 I 146043 146362] raylet_client.cc:336: Error reporting task backlog information: IOError: 
[2022-01-12 10:24:31,090 I 146043 146362] raylet_client.cc:336: Error reporting task backlog information: IOError: 
[2022-01-12 10:24:32,090 I 146043 146362] raylet_client.cc:336: Error reporting task backlog information: IOError: 
[2022-01-12 10:24:33,090 I 146043 146362] raylet_client.cc:336: Error reporting task backlog information: IOError: 
[2022-01-12 10:24:34,090 I 146043 146362] raylet_client.cc:336: Error reporting task backlog information: IOError: 
[2022-01-12 10:24:35,091 I 146043 146362] raylet_client.cc:336: Error reporting task backlog information: IOError: 
[2022-01-12 10:24:36,091 I 146043 146362] raylet_client.cc:336: Error reporting task backlog information: IOError: 
[2022-01-12 10:24:36,809 W 146043 146363] metric_exporter.cc:206: Export metrics to agent failed: IOError: . This won't affect Ray, but you can lose metrics from the cluster.
[2022-01-12 10:24:37,091 I 146043 146362] raylet_client.cc:336: Error reporting task backlog information: IOError: 
[2022-01-12 10:24:38,092 I 146043 146362] raylet_client.cc:336: Error reporting task backlog information: IOError: 
[2022-01-12 10:24:39,092 I 146043 146362] raylet_client.cc:336: Error reporting task backlog information: IOError: 
[2022-01-12 10:24:40,092 I 146043 146362] raylet_client.cc:336: Error reporting task backlog information: IOError: 
[2022-01-12 10:24:41,092 I 146043 146362] raylet_client.cc:336: Error reporting task backlog information: IOError: 
[2022-01-12 10:24:42,093 I 146043 146362] raylet_client.cc:336: Error reporting task backlog information: IOError: 
[2022-01-12 10:24:43,093 I 146043 146362] raylet_client.cc:336: Error reporting task backlog information: IOError: 
[2022-01-12 10:24:44,093 I 146043 146362] raylet_client.cc:336: Error reporting task backlog information: IOError: 
[2022-01-12 10:24:45,093 I 146043 146362] raylet_client.cc:336: Error reporting task backlog information: IOError: 
[2022-01-12 10:24:46,094 I 146043 146362] raylet_client.cc:336: Error reporting task backlog information: IOError: 
[2022-01-12 10:24:46,825 W 146043 146363] metric_exporter.cc:206: Export metrics to agent failed: IOError: . This won't affect Ray, but you can lose metrics from the cluster.
[2022-01-12 10:24:47,094 I 146043 146362] raylet_client.cc:336: Error reporting task backlog information: IOError: 
[2022-01-12 10:24:48,094 I 146043 146362] raylet_client.cc:336: Error reporting task backlog information: IOError: 
[2022-01-12 10:24:49,094 I 146043 146362] raylet_client.cc:336: Error reporting task backlog information: IOError: 
[2022-01-12 10:24:50,095 I 146043 146362] raylet_client.cc:336: Error reporting task backlog information: IOError: 
[2022-01-12 10:24:51,095 I 146043 146362] raylet_client.cc:336: Error reporting task backlog information: IOError: 
[2022-01-12 10:24:52,095 I 146043 146362] raylet_client.cc:336: Error reporting task backlog information: IOError: 
[2022-01-12 10:24:53,096 I 146043 146362] raylet_client.cc:336: Error reporting task backlog information: IOError: 
[2022-01-12 10:24:54,096 I 146043 146362] raylet_client.cc:336: Error reporting task backlog information: IOError: 
[2022-01-12 10:24:55,096 I 146043 146362] raylet_client.cc:336: Error reporting task backlog information: IOError: 
[2022-01-12 10:24:56,096 I 146043 146362] raylet_client.cc:336: Error reporting task backlog information: IOError: 
[2022-01-12 10:24:56,840 W 146043 146363] metric_exporter.cc:206: Export metrics to agent failed: IOError: . This won't affect Ray, but you can lose metrics from the cluster.
[2022-01-12 10:24:57,096 I 146043 146362] raylet_client.cc:336: Error reporting task backlog information: IOError: 
[2022-01-12 10:24:58,097 I 146043 146362] raylet_client.cc:336: Error reporting task backlog information: IOError: 
[2022-01-12 10:24:59,097 I 146043 146362] raylet_client.cc:336: Error reporting task backlog information: IOError: 
[2022-01-12 10:25:00,097 I 146043 146362] raylet_client.cc:336: Error reporting task backlog information: IOError: 
[2022-01-12 10:25:01,098 I 146043 146362] raylet_client.cc:336: Error reporting task backlog information: IOError: 
[2022-01-12 10:25:02,098 I 146043 146362] raylet_client.cc:336: Error reporting task backlog information: IOError: 
[2022-01-12 10:25:03,098 I 146043 146362] raylet_client.cc:336: Error reporting task backlog information: IOError: 
[2022-01-12 10:25:04,098 I 146043 146362] raylet_client.cc:336: Error reporting task backlog information: IOError: 
[2022-01-12 10:25:05,098 I 146043 146362] raylet_client.cc:336: Error reporting task backlog information: IOError: 
[2022-01-12 10:25:06,099 I 146043 146362] raylet_client.cc:336: Error reporting task backlog information: IOError: 
[2022-01-12 10:25:06,856 W 146043 146363] metric_exporter.cc:206: Export metrics to agent failed: IOError: . This won't affect Ray, but you can lose metrics from the cluster.
[2022-01-12 10:25:07,099 I 146043 146362] raylet_client.cc:336: Error reporting task backlog information: IOError: 
[2022-01-12 10:25:08,099 I 146043 146362] raylet_client.cc:336: Error reporting task backlog information: IOError: 
[2022-01-12 10:25:09,100 I 146043 146362] raylet_client.cc:336: Error reporting task backlog information: IOError: 
[2022-01-12 10:25:10,100 I 146043 146362] raylet_client.cc:336: Error reporting task backlog information: IOError: 
[2022-01-12 10:25:11,100 I 146043 146362] raylet_client.cc:336: Error reporting task backlog information: IOError: 
[2022-01-12 10:25:12,100 I 146043 146362] raylet_client.cc:336: Error reporting task backlog information: IOError: 
[2022-01-12 10:25:13,101 I 146043 146362] raylet_client.cc:336: Error reporting task backlog information: IOError: 
[2022-01-12 10:25:14,101 I 146043 146362] raylet_client.cc:336: Error reporting task backlog information: IOError: 
[2022-01-12 10:25:15,101 I 146043 146362] raylet_client.cc:336: Error reporting task backlog information: IOError: 
[2022-01-12 10:25:16,102 I 146043 146362] raylet_client.cc:336: Error reporting task backlog information: IOError: 
[2022-01-12 10:25:16,871 W 146043 146363] metric_exporter.cc:206: Export metrics to agent failed: IOError: . This won't affect Ray, but you can lose metrics from the cluster.
[2022-01-12 10:25:17,102 I 146043 146362] raylet_client.cc:336: Error reporting task backlog information: IOError: 
[2022-01-12 10:25:18,103 I 146043 146362] raylet_client.cc:336: Error reporting task backlog information: IOError: 
[2022-01-12 10:25:19,103 I 146043 146362] raylet_client.cc:336: Error reporting task backlog information: IOError: 
[2022-01-12 10:25:20,103 I 146043 146362] raylet_client.cc:336: Error reporting task backlog information: IOError: 
[2022-01-12 10:25:21,040 E 146043 146267] gcs_server_address_updater.cc:76: Failed to receive the GCS address for 600 times without success. The worker will exit ungracefully. It is because GCS has died. It could be because there was an issue that kills GCS, such as high memory usage triggering OOM killer to kill GCS. Cluster will be highly likely unavailable if you see this log. Please check the log from gcs_server.err.
