[2022-01-10 14:02:32,254 I 11759 11759] core_worker.cc:132: Constructing CoreWorkerProcess. pid: 11759
[2022-01-10 14:02:32,280 I 11759 11759] grpc_server.cc:112: worker server started, listening on port 44021.
[2022-01-10 14:02:32,284 I 11759 11759] core_worker.cc:479: Initializing worker at address: 131.215.21.210:44021, worker ID a86b03a2bd5d2d9a5685f2f2ccbf6133703f40465deb5e9f79c282dd, raylet 67f5a9d96c5cfce5b67ff73a4aa5e45685dd778eddaebca97d586e0e
[2022-01-10 14:02:32,394 I 11759 11759] io_service_pool.cc:35: IOServicePool is running with 1 io_service.
[2022-01-10 14:02:32,508 I 11759 11909] accessor.cc:560: Received notification for node id = 67f5a9d96c5cfce5b67ff73a4aa5e45685dd778eddaebca97d586e0e, IsAlive = 1
[2022-01-10 14:02:46,292 W 11759 11809] gcs_server_address_updater.cc:61: [1] Failed to get the gcs server address from raylet 1 times in a row. If it keeps failing to obtain the address, the worker might crash. Connection status IOError: 
[2022-01-10 14:02:47,292 I 11759 11909] raylet_client.cc:336: Error reporting task backlog information: IOError: 
[2022-01-10 14:02:47,457 I 11759 11909] raylet_client.cc:336: Error reporting task backlog information: IOError: 
[2022-01-10 14:02:48,457 I 11759 11909] raylet_client.cc:336: Error reporting task backlog information: IOError: 
[2022-01-10 14:02:49,458 I 11759 11909] raylet_client.cc:336: Error reporting task backlog information: IOError: 
[2022-01-10 14:02:50,458 I 11759 11909] raylet_client.cc:336: Error reporting task backlog information: IOError: 
[2022-01-10 14:02:51,458 I 11759 11909] raylet_client.cc:336: Error reporting task backlog information: IOError: 
[2022-01-10 14:02:52,413 W 11759 11910] metric_exporter.cc:206: Export metrics to agent failed: IOError: . This won't affect Ray, but you can lose metrics from the cluster.
[2022-01-10 14:02:52,458 I 11759 11909] raylet_client.cc:336: Error reporting task backlog information: IOError: 
[2022-01-10 14:02:53,459 I 11759 11909] raylet_client.cc:336: Error reporting task backlog information: IOError: 
[2022-01-10 14:02:54,459 I 11759 11909] raylet_client.cc:336: Error reporting task backlog information: IOError: 
[2022-01-10 14:02:55,459 I 11759 11909] raylet_client.cc:336: Error reporting task backlog information: IOError: 
[2022-01-10 14:02:56,459 I 11759 11909] raylet_client.cc:336: Error reporting task backlog information: IOError: 
[2022-01-10 14:02:57,459 I 11759 11909] raylet_client.cc:336: Error reporting task backlog information: IOError: 
[2022-01-10 14:02:58,460 I 11759 11909] raylet_client.cc:336: Error reporting task backlog information: IOError: 
[2022-01-10 14:02:59,460 I 11759 11909] raylet_client.cc:336: Error reporting task backlog information: IOError: 
[2022-01-10 14:03:00,460 I 11759 11909] raylet_client.cc:336: Error reporting task backlog information: IOError: 
[2022-01-10 14:03:01,460 I 11759 11909] raylet_client.cc:336: Error reporting task backlog information: IOError: 
[2022-01-10 14:03:02,426 W 11759 11910] metric_exporter.cc:206: Export metrics to agent failed: IOError: . This won't affect Ray, but you can lose metrics from the cluster.
[2022-01-10 14:03:02,461 I 11759 11909] raylet_client.cc:336: Error reporting task backlog information: IOError: 
[2022-01-10 14:03:03,461 I 11759 11909] raylet_client.cc:336: Error reporting task backlog information: IOError: 
[2022-01-10 14:03:04,461 I 11759 11909] raylet_client.cc:336: Error reporting task backlog information: IOError: 
[2022-01-10 14:03:05,461 I 11759 11909] raylet_client.cc:336: Error reporting task backlog information: IOError: 
[2022-01-10 14:03:06,461 I 11759 11909] raylet_client.cc:336: Error reporting task backlog information: IOError: 
[2022-01-10 14:03:07,462 I 11759 11909] raylet_client.cc:336: Error reporting task backlog information: IOError: 
[2022-01-10 14:03:08,462 I 11759 11909] raylet_client.cc:336: Error reporting task backlog information: IOError: 
[2022-01-10 14:03:09,462 I 11759 11909] raylet_client.cc:336: Error reporting task backlog information: IOError: 
[2022-01-10 14:03:10,462 I 11759 11909] raylet_client.cc:336: Error reporting task backlog information: IOError: 
[2022-01-10 14:03:11,463 I 11759 11909] raylet_client.cc:336: Error reporting task backlog information: IOError: 
[2022-01-10 14:03:12,441 W 11759 11910] metric_exporter.cc:206: Export metrics to agent failed: IOError: . This won't affect Ray, but you can lose metrics from the cluster.
[2022-01-10 14:03:12,463 I 11759 11909] raylet_client.cc:336: Error reporting task backlog information: IOError: 
[2022-01-10 14:03:13,463 I 11759 11909] raylet_client.cc:336: Error reporting task backlog information: IOError: 
[2022-01-10 14:03:14,463 I 11759 11909] raylet_client.cc:336: Error reporting task backlog information: IOError: 
[2022-01-10 14:03:15,463 I 11759 11909] raylet_client.cc:336: Error reporting task backlog information: IOError: 
[2022-01-10 14:03:16,464 I 11759 11909] raylet_client.cc:336: Error reporting task backlog information: IOError: 
[2022-01-10 14:03:17,464 I 11759 11909] raylet_client.cc:336: Error reporting task backlog information: IOError: 
[2022-01-10 14:03:18,464 I 11759 11909] raylet_client.cc:336: Error reporting task backlog information: IOError: 
[2022-01-10 14:03:19,464 I 11759 11909] raylet_client.cc:336: Error reporting task backlog information: IOError: 
[2022-01-10 14:03:20,464 I 11759 11909] raylet_client.cc:336: Error reporting task backlog information: IOError: 
[2022-01-10 14:03:21,464 I 11759 11909] raylet_client.cc:336: Error reporting task backlog information: IOError: 
[2022-01-10 14:03:22,452 W 11759 11910] metric_exporter.cc:206: Export metrics to agent failed: IOError: . This won't affect Ray, but you can lose metrics from the cluster.
[2022-01-10 14:03:22,465 I 11759 11909] raylet_client.cc:336: Error reporting task backlog information: IOError: 
[2022-01-10 14:03:23,465 I 11759 11909] raylet_client.cc:336: Error reporting task backlog information: IOError: 
[2022-01-10 14:03:24,465 I 11759 11909] raylet_client.cc:336: Error reporting task backlog information: IOError: 
[2022-01-10 14:03:25,465 I 11759 11909] raylet_client.cc:336: Error reporting task backlog information: IOError: 
[2022-01-10 14:03:26,465 I 11759 11909] raylet_client.cc:336: Error reporting task backlog information: IOError: 
[2022-01-10 14:03:27,466 I 11759 11909] raylet_client.cc:336: Error reporting task backlog information: IOError: 
[2022-01-10 14:03:28,466 I 11759 11909] raylet_client.cc:336: Error reporting task backlog information: IOError: 
[2022-01-10 14:03:29,466 I 11759 11909] raylet_client.cc:336: Error reporting task backlog information: IOError: 
[2022-01-10 14:03:30,466 I 11759 11909] raylet_client.cc:336: Error reporting task backlog information: IOError: 
[2022-01-10 14:03:31,466 I 11759 11909] raylet_client.cc:336: Error reporting task backlog information: IOError: 
[2022-01-10 14:03:32,464 W 11759 11910] metric_exporter.cc:206: Export metrics to agent failed: IOError: . This won't affect Ray, but you can lose metrics from the cluster.
[2022-01-10 14:03:32,466 I 11759 11909] raylet_client.cc:336: Error reporting task backlog information: IOError: 
[2022-01-10 14:03:33,466 I 11759 11909] raylet_client.cc:336: Error reporting task backlog information: IOError: 
[2022-01-10 14:03:34,466 I 11759 11909] raylet_client.cc:336: Error reporting task backlog information: IOError: 
[2022-01-10 14:03:35,466 I 11759 11909] raylet_client.cc:336: Error reporting task backlog information: IOError: 
[2022-01-10 14:03:36,466 I 11759 11909] raylet_client.cc:336: Error reporting task backlog information: IOError: 
[2022-01-10 14:03:37,467 I 11759 11909] raylet_client.cc:336: Error reporting task backlog information: IOError: 
[2022-01-10 14:03:38,467 I 11759 11909] raylet_client.cc:336: Error reporting task backlog information: IOError: 
[2022-01-10 14:03:39,467 I 11759 11909] raylet_client.cc:336: Error reporting task backlog information: IOError: 
[2022-01-10 14:03:40,467 I 11759 11909] raylet_client.cc:336: Error reporting task backlog information: IOError: 
[2022-01-10 14:03:41,467 I 11759 11909] raylet_client.cc:336: Error reporting task backlog information: IOError: 
[2022-01-10 14:03:42,467 I 11759 11909] raylet_client.cc:336: Error reporting task backlog information: IOError: 
[2022-01-10 14:03:42,471 W 11759 11910] metric_exporter.cc:206: Export metrics to agent failed: IOError: . This won't affect Ray, but you can lose metrics from the cluster.
[2022-01-10 14:03:43,467 I 11759 11909] raylet_client.cc:336: Error reporting task backlog information: IOError: 
[2022-01-10 14:03:44,467 I 11759 11909] raylet_client.cc:336: Error reporting task backlog information: IOError: 
[2022-01-10 14:03:45,467 I 11759 11909] raylet_client.cc:336: Error reporting task backlog information: IOError: 
[2022-01-10 14:03:46,467 I 11759 11909] raylet_client.cc:336: Error reporting task backlog information: IOError: 
[2022-01-10 14:03:47,467 I 11759 11909] raylet_client.cc:336: Error reporting task backlog information: IOError: 
[2022-01-10 14:03:48,467 I 11759 11909] raylet_client.cc:336: Error reporting task backlog information: IOError: 
[2022-01-10 14:03:49,467 I 11759 11909] raylet_client.cc:336: Error reporting task backlog information: IOError: 
[2022-01-10 14:03:50,467 I 11759 11909] raylet_client.cc:336: Error reporting task backlog information: IOError: 
[2022-01-10 14:03:51,467 I 11759 11909] raylet_client.cc:336: Error reporting task backlog information: IOError: 
[2022-01-10 14:03:52,468 I 11759 11909] raylet_client.cc:336: Error reporting task backlog information: IOError: 
[2022-01-10 14:03:52,478 W 11759 11910] metric_exporter.cc:206: Export metrics to agent failed: IOError: . This won't affect Ray, but you can lose metrics from the cluster.
[2022-01-10 14:03:53,468 I 11759 11909] raylet_client.cc:336: Error reporting task backlog information: IOError: 
[2022-01-10 14:03:54,468 I 11759 11909] raylet_client.cc:336: Error reporting task backlog information: IOError: 
[2022-01-10 14:03:55,468 I 11759 11909] raylet_client.cc:336: Error reporting task backlog information: IOError: 
[2022-01-10 14:03:56,468 I 11759 11909] raylet_client.cc:336: Error reporting task backlog information: IOError: 
[2022-01-10 14:03:57,468 I 11759 11909] raylet_client.cc:336: Error reporting task backlog information: IOError: 
[2022-01-10 14:03:58,468 I 11759 11909] raylet_client.cc:336: Error reporting task backlog information: IOError: 
[2022-01-10 14:03:59,468 I 11759 11909] raylet_client.cc:336: Error reporting task backlog information: IOError: 
[2022-01-10 14:04:00,468 I 11759 11909] raylet_client.cc:336: Error reporting task backlog information: IOError: 
[2022-01-10 14:04:01,468 I 11759 11909] raylet_client.cc:336: Error reporting task backlog information: IOError: 
[2022-01-10 14:04:02,468 I 11759 11909] raylet_client.cc:336: Error reporting task backlog information: IOError: 
[2022-01-10 14:04:02,485 W 11759 11910] metric_exporter.cc:206: Export metrics to agent failed: IOError: . This won't affect Ray, but you can lose metrics from the cluster.
[2022-01-10 14:04:03,468 I 11759 11909] raylet_client.cc:336: Error reporting task backlog information: IOError: 
[2022-01-10 14:04:04,468 I 11759 11909] raylet_client.cc:336: Error reporting task backlog information: IOError: 
[2022-01-10 14:04:05,468 I 11759 11909] raylet_client.cc:336: Error reporting task backlog information: IOError: 
[2022-01-10 14:04:06,469 I 11759 11909] raylet_client.cc:336: Error reporting task backlog information: IOError: 
[2022-01-10 14:04:07,469 I 11759 11909] raylet_client.cc:336: Error reporting task backlog information: IOError: 
[2022-01-10 14:04:08,469 I 11759 11909] raylet_client.cc:336: Error reporting task backlog information: IOError: 
[2022-01-10 14:04:09,469 I 11759 11909] raylet_client.cc:336: Error reporting task backlog information: IOError: 
[2022-01-10 14:04:10,469 I 11759 11909] raylet_client.cc:336: Error reporting task backlog information: IOError: 
[2022-01-10 14:04:11,469 I 11759 11909] raylet_client.cc:336: Error reporting task backlog information: IOError: 
[2022-01-10 14:04:12,469 I 11759 11909] raylet_client.cc:336: Error reporting task backlog information: IOError: 
[2022-01-10 14:04:12,492 W 11759 11910] metric_exporter.cc:206: Export metrics to agent failed: IOError: . This won't affect Ray, but you can lose metrics from the cluster.
[2022-01-10 14:04:13,469 I 11759 11909] raylet_client.cc:336: Error reporting task backlog information: IOError: 
[2022-01-10 14:04:14,469 I 11759 11909] raylet_client.cc:336: Error reporting task backlog information: IOError: 
[2022-01-10 14:04:15,469 I 11759 11909] raylet_client.cc:336: Error reporting task backlog information: IOError: 
[2022-01-10 14:04:16,469 I 11759 11909] raylet_client.cc:336: Error reporting task backlog information: IOError: 
[2022-01-10 14:04:17,469 I 11759 11909] raylet_client.cc:336: Error reporting task backlog information: IOError: 
[2022-01-10 14:04:18,469 I 11759 11909] raylet_client.cc:336: Error reporting task backlog information: IOError: 
[2022-01-10 14:04:19,470 I 11759 11909] raylet_client.cc:336: Error reporting task backlog information: IOError: 
[2022-01-10 14:04:20,470 I 11759 11909] raylet_client.cc:336: Error reporting task backlog information: IOError: 
[2022-01-10 14:04:21,470 I 11759 11909] raylet_client.cc:336: Error reporting task backlog information: IOError: 
[2022-01-10 14:04:22,470 I 11759 11909] raylet_client.cc:336: Error reporting task backlog information: IOError: 
[2022-01-10 14:04:22,500 W 11759 11910] metric_exporter.cc:206: Export metrics to agent failed: IOError: . This won't affect Ray, but you can lose metrics from the cluster.
[2022-01-10 14:04:23,470 I 11759 11909] raylet_client.cc:336: Error reporting task backlog information: IOError: 
[2022-01-10 14:04:24,470 I 11759 11909] raylet_client.cc:336: Error reporting task backlog information: IOError: 
[2022-01-10 14:04:25,470 I 11759 11909] raylet_client.cc:336: Error reporting task backlog information: IOError: 
[2022-01-10 14:04:26,470 I 11759 11909] raylet_client.cc:336: Error reporting task backlog information: IOError: 
[2022-01-10 14:04:27,470 I 11759 11909] raylet_client.cc:336: Error reporting task backlog information: IOError: 
[2022-01-10 14:04:28,470 I 11759 11909] raylet_client.cc:336: Error reporting task backlog information: IOError: 
[2022-01-10 14:04:29,470 I 11759 11909] raylet_client.cc:336: Error reporting task backlog information: IOError: 
[2022-01-10 14:04:30,470 I 11759 11909] raylet_client.cc:336: Error reporting task backlog information: IOError: 
[2022-01-10 14:04:31,471 I 11759 11909] raylet_client.cc:336: Error reporting task backlog information: IOError: 
[2022-01-10 14:04:32,471 I 11759 11909] raylet_client.cc:336: Error reporting task backlog information: IOError: 
[2022-01-10 14:04:32,507 W 11759 11910] metric_exporter.cc:206: Export metrics to agent failed: IOError: . This won't affect Ray, but you can lose metrics from the cluster.
[2022-01-10 14:04:33,471 I 11759 11909] raylet_client.cc:336: Error reporting task backlog information: IOError: 
[2022-01-10 14:04:34,471 I 11759 11909] raylet_client.cc:336: Error reporting task backlog information: IOError: 
[2022-01-10 14:04:35,471 I 11759 11909] raylet_client.cc:336: Error reporting task backlog information: IOError: 
[2022-01-10 14:04:36,471 I 11759 11909] raylet_client.cc:336: Error reporting task backlog information: IOError: 
[2022-01-10 14:04:37,473 I 11759 11909] raylet_client.cc:336: Error reporting task backlog information: IOError: 
[2022-01-10 14:04:38,473 I 11759 11909] raylet_client.cc:336: Error reporting task backlog information: IOError: 
[2022-01-10 14:04:39,473 I 11759 11909] raylet_client.cc:336: Error reporting task backlog information: IOError: 
[2022-01-10 14:04:40,473 I 11759 11909] raylet_client.cc:336: Error reporting task backlog information: IOError: 
[2022-01-10 14:04:41,473 I 11759 11909] raylet_client.cc:336: Error reporting task backlog information: IOError: 
[2022-01-10 14:04:42,473 I 11759 11909] raylet_client.cc:336: Error reporting task backlog information: IOError: 
[2022-01-10 14:04:42,514 W 11759 11910] metric_exporter.cc:206: Export metrics to agent failed: IOError: . This won't affect Ray, but you can lose metrics from the cluster.
[2022-01-10 14:04:43,473 I 11759 11909] raylet_client.cc:336: Error reporting task backlog information: IOError: 
[2022-01-10 14:04:44,473 I 11759 11909] raylet_client.cc:336: Error reporting task backlog information: IOError: 
[2022-01-10 14:04:45,473 I 11759 11909] raylet_client.cc:336: Error reporting task backlog information: IOError: 
[2022-01-10 14:04:46,474 I 11759 11909] raylet_client.cc:336: Error reporting task backlog information: IOError: 
[2022-01-10 14:04:47,474 I 11759 11909] raylet_client.cc:336: Error reporting task backlog information: IOError: 
[2022-01-10 14:04:48,474 I 11759 11909] raylet_client.cc:336: Error reporting task backlog information: IOError: 
[2022-01-10 14:04:49,474 I 11759 11909] raylet_client.cc:336: Error reporting task backlog information: IOError: 
[2022-01-10 14:04:50,474 I 11759 11909] raylet_client.cc:336: Error reporting task backlog information: IOError: 
[2022-01-10 14:04:51,474 I 11759 11909] raylet_client.cc:336: Error reporting task backlog information: IOError: 
[2022-01-10 14:04:52,474 I 11759 11909] raylet_client.cc:336: Error reporting task backlog information: IOError: 
[2022-01-10 14:04:52,522 W 11759 11910] metric_exporter.cc:206: Export metrics to agent failed: IOError: . This won't affect Ray, but you can lose metrics from the cluster.
[2022-01-10 14:04:53,474 I 11759 11909] raylet_client.cc:336: Error reporting task backlog information: IOError: 
[2022-01-10 14:04:54,474 I 11759 11909] raylet_client.cc:336: Error reporting task backlog information: IOError: 
[2022-01-10 14:04:55,474 I 11759 11909] raylet_client.cc:336: Error reporting task backlog information: IOError: 
[2022-01-10 14:04:56,474 I 11759 11909] raylet_client.cc:336: Error reporting task backlog information: IOError: 
[2022-01-10 14:04:57,474 I 11759 11909] raylet_client.cc:336: Error reporting task backlog information: IOError: 
[2022-01-10 14:04:58,474 I 11759 11909] raylet_client.cc:336: Error reporting task backlog information: IOError: 
[2022-01-10 14:04:59,474 I 11759 11909] raylet_client.cc:336: Error reporting task backlog information: IOError: 
[2022-01-10 14:05:00,475 I 11759 11909] raylet_client.cc:336: Error reporting task backlog information: IOError: 
[2022-01-10 14:05:01,475 I 11759 11909] raylet_client.cc:336: Error reporting task backlog information: IOError: 
[2022-01-10 14:05:02,475 I 11759 11909] raylet_client.cc:336: Error reporting task backlog information: IOError: 
[2022-01-10 14:05:02,528 W 11759 11910] metric_exporter.cc:206: Export metrics to agent failed: IOError: . This won't affect Ray, but you can lose metrics from the cluster.
[2022-01-10 14:05:03,475 I 11759 11909] raylet_client.cc:336: Error reporting task backlog information: IOError: 
[2022-01-10 14:05:04,475 I 11759 11909] raylet_client.cc:336: Error reporting task backlog information: IOError: 
[2022-01-10 14:05:05,475 I 11759 11909] raylet_client.cc:336: Error reporting task backlog information: IOError: 
[2022-01-10 14:05:06,475 I 11759 11909] raylet_client.cc:336: Error reporting task backlog information: IOError: 
[2022-01-10 14:05:07,475 I 11759 11909] raylet_client.cc:336: Error reporting task backlog information: IOError: 
[2022-01-10 14:05:08,475 I 11759 11909] raylet_client.cc:336: Error reporting task backlog information: IOError: 
[2022-01-10 14:05:09,475 I 11759 11909] raylet_client.cc:336: Error reporting task backlog information: IOError: 
[2022-01-10 14:05:10,476 I 11759 11909] raylet_client.cc:336: Error reporting task backlog information: IOError: 
[2022-01-10 14:05:11,476 I 11759 11909] raylet_client.cc:336: Error reporting task backlog information: IOError: 
[2022-01-10 14:05:12,476 I 11759 11909] raylet_client.cc:336: Error reporting task backlog information: IOError: 
[2022-01-10 14:05:12,536 W 11759 11910] metric_exporter.cc:206: Export metrics to agent failed: IOError: . This won't affect Ray, but you can lose metrics from the cluster.
[2022-01-10 14:05:13,476 I 11759 11909] raylet_client.cc:336: Error reporting task backlog information: IOError: 
[2022-01-10 14:05:14,476 I 11759 11909] raylet_client.cc:336: Error reporting task backlog information: IOError: 
[2022-01-10 14:05:15,476 I 11759 11909] raylet_client.cc:336: Error reporting task backlog information: IOError: 
[2022-01-10 14:05:16,476 I 11759 11909] raylet_client.cc:336: Error reporting task backlog information: IOError: 
[2022-01-10 14:05:17,476 I 11759 11909] raylet_client.cc:336: Error reporting task backlog information: IOError: 
[2022-01-10 14:05:18,476 I 11759 11909] raylet_client.cc:336: Error reporting task backlog information: IOError: 
[2022-01-10 14:05:19,476 I 11759 11909] raylet_client.cc:336: Error reporting task backlog information: IOError: 
[2022-01-10 14:05:20,476 I 11759 11909] raylet_client.cc:336: Error reporting task backlog information: IOError: 
[2022-01-10 14:05:21,476 I 11759 11909] raylet_client.cc:336: Error reporting task backlog information: IOError: 
[2022-01-10 14:05:22,476 I 11759 11909] raylet_client.cc:336: Error reporting task backlog information: IOError: 
[2022-01-10 14:05:22,543 W 11759 11910] metric_exporter.cc:206: Export metrics to agent failed: IOError: . This won't affect Ray, but you can lose metrics from the cluster.
[2022-01-10 14:05:23,477 I 11759 11909] raylet_client.cc:336: Error reporting task backlog information: IOError: 
[2022-01-10 14:05:24,477 I 11759 11909] raylet_client.cc:336: Error reporting task backlog information: IOError: 
[2022-01-10 14:05:25,477 I 11759 11909] raylet_client.cc:336: Error reporting task backlog information: IOError: 
[2022-01-10 14:05:26,477 I 11759 11909] raylet_client.cc:336: Error reporting task backlog information: IOError: 
[2022-01-10 14:05:27,477 I 11759 11909] raylet_client.cc:336: Error reporting task backlog information: IOError: 
[2022-01-10 14:05:28,477 I 11759 11909] raylet_client.cc:336: Error reporting task backlog information: IOError: 
[2022-01-10 14:05:29,477 I 11759 11909] raylet_client.cc:336: Error reporting task backlog information: IOError: 
[2022-01-10 14:05:30,477 I 11759 11909] raylet_client.cc:336: Error reporting task backlog information: IOError: 
[2022-01-10 14:05:31,477 I 11759 11909] raylet_client.cc:336: Error reporting task backlog information: IOError: 
[2022-01-10 14:05:32,477 I 11759 11909] raylet_client.cc:336: Error reporting task backlog information: IOError: 
[2022-01-10 14:05:32,550 W 11759 11910] metric_exporter.cc:206: Export metrics to agent failed: IOError: . This won't affect Ray, but you can lose metrics from the cluster.
[2022-01-10 14:05:33,477 I 11759 11909] raylet_client.cc:336: Error reporting task backlog information: IOError: 
[2022-01-10 14:05:34,477 I 11759 11909] raylet_client.cc:336: Error reporting task backlog information: IOError: 
[2022-01-10 14:05:35,477 I 11759 11909] raylet_client.cc:336: Error reporting task backlog information: IOError: 
[2022-01-10 14:05:36,477 I 11759 11909] raylet_client.cc:336: Error reporting task backlog information: IOError: 
[2022-01-10 14:05:37,477 I 11759 11909] raylet_client.cc:336: Error reporting task backlog information: IOError: 
[2022-01-10 14:05:38,477 I 11759 11909] raylet_client.cc:336: Error reporting task backlog information: IOError: 
[2022-01-10 14:05:39,478 I 11759 11909] raylet_client.cc:336: Error reporting task backlog information: IOError: 
[2022-01-10 14:05:40,478 I 11759 11909] raylet_client.cc:336: Error reporting task backlog information: IOError: 
[2022-01-10 14:05:41,478 I 11759 11909] raylet_client.cc:336: Error reporting task backlog information: IOError: 
[2022-01-10 14:05:42,478 I 11759 11909] raylet_client.cc:336: Error reporting task backlog information: IOError: 
[2022-01-10 14:05:42,556 W 11759 11910] metric_exporter.cc:206: Export metrics to agent failed: IOError: . This won't affect Ray, but you can lose metrics from the cluster.
[2022-01-10 14:05:43,478 I 11759 11909] raylet_client.cc:336: Error reporting task backlog information: IOError: 
[2022-01-10 14:05:44,478 I 11759 11909] raylet_client.cc:336: Error reporting task backlog information: IOError: 
[2022-01-10 14:05:45,478 I 11759 11909] raylet_client.cc:336: Error reporting task backlog information: IOError: 
[2022-01-10 14:05:46,478 I 11759 11909] raylet_client.cc:336: Error reporting task backlog information: IOError: 
[2022-01-10 14:05:47,478 I 11759 11909] raylet_client.cc:336: Error reporting task backlog information: IOError: 
[2022-01-10 14:05:48,478 I 11759 11909] raylet_client.cc:336: Error reporting task backlog information: IOError: 
[2022-01-10 14:05:49,478 I 11759 11909] raylet_client.cc:336: Error reporting task backlog information: IOError: 
[2022-01-10 14:05:50,479 I 11759 11909] raylet_client.cc:336: Error reporting task backlog information: IOError: 
[2022-01-10 14:05:51,479 I 11759 11909] raylet_client.cc:336: Error reporting task backlog information: IOError: 
[2022-01-10 14:05:52,479 I 11759 11909] raylet_client.cc:336: Error reporting task backlog information: IOError: 
[2022-01-10 14:05:52,563 W 11759 11910] metric_exporter.cc:206: Export metrics to agent failed: IOError: . This won't affect Ray, but you can lose metrics from the cluster.
[2022-01-10 14:05:53,479 I 11759 11909] raylet_client.cc:336: Error reporting task backlog information: IOError: 
[2022-01-10 14:05:54,479 I 11759 11909] raylet_client.cc:336: Error reporting task backlog information: IOError: 
[2022-01-10 14:05:55,479 I 11759 11909] raylet_client.cc:336: Error reporting task backlog information: IOError: 
[2022-01-10 14:05:56,479 I 11759 11909] raylet_client.cc:336: Error reporting task backlog information: IOError: 
[2022-01-10 14:05:57,479 I 11759 11909] raylet_client.cc:336: Error reporting task backlog information: IOError: 
[2022-01-10 14:05:58,479 I 11759 11909] raylet_client.cc:336: Error reporting task backlog information: IOError: 
[2022-01-10 14:05:59,479 I 11759 11909] raylet_client.cc:336: Error reporting task backlog information: IOError: 
[2022-01-10 14:06:00,479 I 11759 11909] raylet_client.cc:336: Error reporting task backlog information: IOError: 
[2022-01-10 14:06:01,479 I 11759 11909] raylet_client.cc:336: Error reporting task backlog information: IOError: 
[2022-01-10 14:06:02,479 I 11759 11909] raylet_client.cc:336: Error reporting task backlog information: IOError: 
[2022-01-10 14:06:02,571 W 11759 11910] metric_exporter.cc:206: Export metrics to agent failed: IOError: . This won't affect Ray, but you can lose metrics from the cluster.
[2022-01-10 14:06:03,479 I 11759 11909] raylet_client.cc:336: Error reporting task backlog information: IOError: 
[2022-01-10 14:06:04,480 I 11759 11909] raylet_client.cc:336: Error reporting task backlog information: IOError: 
[2022-01-10 14:06:05,480 I 11759 11909] raylet_client.cc:336: Error reporting task backlog information: IOError: 
[2022-01-10 14:06:06,480 I 11759 11909] raylet_client.cc:336: Error reporting task backlog information: IOError: 
[2022-01-10 14:06:07,480 I 11759 11909] raylet_client.cc:336: Error reporting task backlog information: IOError: 
[2022-01-10 14:06:08,480 I 11759 11909] raylet_client.cc:336: Error reporting task backlog information: IOError: 
[2022-01-10 14:06:09,480 I 11759 11909] raylet_client.cc:336: Error reporting task backlog information: IOError: 
[2022-01-10 14:06:10,480 I 11759 11909] raylet_client.cc:336: Error reporting task backlog information: IOError: 
[2022-01-10 14:06:11,480 I 11759 11909] raylet_client.cc:336: Error reporting task backlog information: IOError: 
[2022-01-10 14:06:12,480 I 11759 11909] raylet_client.cc:336: Error reporting task backlog information: IOError: 
[2022-01-10 14:06:12,579 W 11759 11910] metric_exporter.cc:206: Export metrics to agent failed: IOError: . This won't affect Ray, but you can lose metrics from the cluster.
[2022-01-10 14:06:13,480 I 11759 11909] raylet_client.cc:336: Error reporting task backlog information: IOError: 
[2022-01-10 14:06:14,480 I 11759 11909] raylet_client.cc:336: Error reporting task backlog information: IOError: 
[2022-01-10 14:06:15,480 I 11759 11909] raylet_client.cc:336: Error reporting task backlog information: IOError: 
[2022-01-10 14:06:16,480 I 11759 11909] raylet_client.cc:336: Error reporting task backlog information: IOError: 
[2022-01-10 14:06:17,481 I 11759 11909] raylet_client.cc:336: Error reporting task backlog information: IOError: 
[2022-01-10 14:06:18,481 I 11759 11909] raylet_client.cc:336: Error reporting task backlog information: IOError: 
[2022-01-10 14:06:19,481 I 11759 11909] raylet_client.cc:336: Error reporting task backlog information: IOError: 
[2022-01-10 14:06:20,481 I 11759 11909] raylet_client.cc:336: Error reporting task backlog information: IOError: 
[2022-01-10 14:06:21,481 I 11759 11909] raylet_client.cc:336: Error reporting task backlog information: IOError: 
[2022-01-10 14:06:22,481 I 11759 11909] raylet_client.cc:336: Error reporting task backlog information: IOError: 
[2022-01-10 14:06:22,586 W 11759 11910] metric_exporter.cc:206: Export metrics to agent failed: IOError: . This won't affect Ray, but you can lose metrics from the cluster.
[2022-01-10 14:06:23,481 I 11759 11909] raylet_client.cc:336: Error reporting task backlog information: IOError: 
[2022-01-10 14:06:24,481 I 11759 11909] raylet_client.cc:336: Error reporting task backlog information: IOError: 
[2022-01-10 14:06:25,481 I 11759 11909] raylet_client.cc:336: Error reporting task backlog information: IOError: 
[2022-01-10 14:06:26,481 I 11759 11909] raylet_client.cc:336: Error reporting task backlog information: IOError: 
[2022-01-10 14:06:27,481 I 11759 11909] raylet_client.cc:336: Error reporting task backlog information: IOError: 
[2022-01-10 14:06:28,481 I 11759 11909] raylet_client.cc:336: Error reporting task backlog information: IOError: 
[2022-01-10 14:06:29,481 I 11759 11909] raylet_client.cc:336: Error reporting task backlog information: IOError: 
[2022-01-10 14:06:30,481 I 11759 11909] raylet_client.cc:336: Error reporting task backlog information: IOError: 
[2022-01-10 14:06:31,481 I 11759 11909] raylet_client.cc:336: Error reporting task backlog information: IOError: 
[2022-01-10 14:06:32,482 I 11759 11909] raylet_client.cc:336: Error reporting task backlog information: IOError: 
[2022-01-10 14:06:32,593 W 11759 11910] metric_exporter.cc:206: Export metrics to agent failed: IOError: . This won't affect Ray, but you can lose metrics from the cluster.
[2022-01-10 14:06:33,482 I 11759 11909] raylet_client.cc:336: Error reporting task backlog information: IOError: 
[2022-01-10 14:06:34,482 I 11759 11909] raylet_client.cc:336: Error reporting task backlog information: IOError: 
[2022-01-10 14:06:35,482 I 11759 11909] raylet_client.cc:336: Error reporting task backlog information: IOError: 
[2022-01-10 14:06:36,482 I 11759 11909] raylet_client.cc:336: Error reporting task backlog information: IOError: 
[2022-01-10 14:06:37,482 I 11759 11909] raylet_client.cc:336: Error reporting task backlog information: IOError: 
[2022-01-10 14:06:38,482 I 11759 11909] raylet_client.cc:336: Error reporting task backlog information: IOError: 
[2022-01-10 14:06:39,482 I 11759 11909] raylet_client.cc:336: Error reporting task backlog information: IOError: 
[2022-01-10 14:06:40,482 I 11759 11909] raylet_client.cc:336: Error reporting task backlog information: IOError: 
[2022-01-10 14:06:41,482 I 11759 11909] raylet_client.cc:336: Error reporting task backlog information: IOError: 
[2022-01-10 14:06:42,482 I 11759 11909] raylet_client.cc:336: Error reporting task backlog information: IOError: 
[2022-01-10 14:06:42,599 W 11759 11910] metric_exporter.cc:206: Export metrics to agent failed: IOError: . This won't affect Ray, but you can lose metrics from the cluster.
[2022-01-10 14:06:43,482 I 11759 11909] raylet_client.cc:336: Error reporting task backlog information: IOError: 
[2022-01-10 14:06:44,488 I 11759 11909] raylet_client.cc:336: Error reporting task backlog information: IOError: 
[2022-01-10 14:06:45,488 I 11759 11909] raylet_client.cc:336: Error reporting task backlog information: IOError: 
[2022-01-10 14:06:46,488 I 11759 11909] raylet_client.cc:336: Error reporting task backlog information: IOError: 
[2022-01-10 14:06:47,488 I 11759 11909] raylet_client.cc:336: Error reporting task backlog information: IOError: 
[2022-01-10 14:06:48,488 I 11759 11909] raylet_client.cc:336: Error reporting task backlog information: IOError: 
[2022-01-10 14:06:49,488 I 11759 11909] raylet_client.cc:336: Error reporting task backlog information: IOError: 
[2022-01-10 14:06:50,488 I 11759 11909] raylet_client.cc:336: Error reporting task backlog information: IOError: 
[2022-01-10 14:06:51,488 I 11759 11909] raylet_client.cc:336: Error reporting task backlog information: IOError: 
[2022-01-10 14:06:52,488 I 11759 11909] raylet_client.cc:336: Error reporting task backlog information: IOError: 
[2022-01-10 14:06:52,606 W 11759 11910] metric_exporter.cc:206: Export metrics to agent failed: IOError: . This won't affect Ray, but you can lose metrics from the cluster.
[2022-01-10 14:06:53,488 I 11759 11909] raylet_client.cc:336: Error reporting task backlog information: IOError: 
[2022-01-10 14:06:54,488 I 11759 11909] raylet_client.cc:336: Error reporting task backlog information: IOError: 
[2022-01-10 14:06:55,489 I 11759 11909] raylet_client.cc:336: Error reporting task backlog information: IOError: 
[2022-01-10 14:06:56,489 I 11759 11909] raylet_client.cc:336: Error reporting task backlog information: IOError: 
[2022-01-10 14:06:57,489 I 11759 11909] raylet_client.cc:336: Error reporting task backlog information: IOError: 
[2022-01-10 14:06:58,489 I 11759 11909] raylet_client.cc:336: Error reporting task backlog information: IOError: 
[2022-01-10 14:06:59,489 I 11759 11909] raylet_client.cc:336: Error reporting task backlog information: IOError: 
[2022-01-10 14:07:00,489 I 11759 11909] raylet_client.cc:336: Error reporting task backlog information: IOError: 
[2022-01-10 14:07:01,489 I 11759 11909] raylet_client.cc:336: Error reporting task backlog information: IOError: 
[2022-01-10 14:07:02,489 I 11759 11909] raylet_client.cc:336: Error reporting task backlog information: IOError: 
[2022-01-10 14:07:02,614 W 11759 11910] metric_exporter.cc:206: Export metrics to agent failed: IOError: . This won't affect Ray, but you can lose metrics from the cluster.
[2022-01-10 14:07:03,490 I 11759 11909] raylet_client.cc:336: Error reporting task backlog information: IOError: 
[2022-01-10 14:07:04,490 I 11759 11909] raylet_client.cc:336: Error reporting task backlog information: IOError: 
[2022-01-10 14:07:05,490 I 11759 11909] raylet_client.cc:336: Error reporting task backlog information: IOError: 
[2022-01-10 14:07:06,490 I 11759 11909] raylet_client.cc:336: Error reporting task backlog information: IOError: 
[2022-01-10 14:07:07,490 I 11759 11909] raylet_client.cc:336: Error reporting task backlog information: IOError: 
[2022-01-10 14:07:08,490 I 11759 11909] raylet_client.cc:336: Error reporting task backlog information: IOError: 
[2022-01-10 14:07:09,490 I 11759 11909] raylet_client.cc:336: Error reporting task backlog information: IOError: 
[2022-01-10 14:07:10,490 I 11759 11909] raylet_client.cc:336: Error reporting task backlog information: IOError: 
[2022-01-10 14:07:11,490 I 11759 11909] raylet_client.cc:336: Error reporting task backlog information: IOError: 
[2022-01-10 14:07:12,490 I 11759 11909] raylet_client.cc:336: Error reporting task backlog information: IOError: 
[2022-01-10 14:07:12,621 W 11759 11910] metric_exporter.cc:206: Export metrics to agent failed: IOError: . This won't affect Ray, but you can lose metrics from the cluster.
[2022-01-10 14:07:13,490 I 11759 11909] raylet_client.cc:336: Error reporting task backlog information: IOError: 
[2022-01-10 14:07:14,490 I 11759 11909] raylet_client.cc:336: Error reporting task backlog information: IOError: 
[2022-01-10 14:07:15,490 I 11759 11909] raylet_client.cc:336: Error reporting task backlog information: IOError: 
[2022-01-10 14:07:16,490 I 11759 11909] raylet_client.cc:336: Error reporting task backlog information: IOError: 
[2022-01-10 14:07:17,491 I 11759 11909] raylet_client.cc:336: Error reporting task backlog information: IOError: 
[2022-01-10 14:07:18,491 I 11759 11909] raylet_client.cc:336: Error reporting task backlog information: IOError: 
[2022-01-10 14:07:19,491 I 11759 11909] raylet_client.cc:336: Error reporting task backlog information: IOError: 
[2022-01-10 14:07:20,491 I 11759 11909] raylet_client.cc:336: Error reporting task backlog information: IOError: 
[2022-01-10 14:07:21,491 I 11759 11909] raylet_client.cc:336: Error reporting task backlog information: IOError: 
[2022-01-10 14:07:22,491 I 11759 11909] raylet_client.cc:336: Error reporting task backlog information: IOError: 
[2022-01-10 14:07:22,634 W 11759 11910] metric_exporter.cc:206: Export metrics to agent failed: IOError: . This won't affect Ray, but you can lose metrics from the cluster.
[2022-01-10 14:07:23,491 I 11759 11909] raylet_client.cc:336: Error reporting task backlog information: IOError: 
[2022-01-10 14:07:24,491 I 11759 11909] raylet_client.cc:336: Error reporting task backlog information: IOError: 
[2022-01-10 14:07:25,491 I 11759 11909] raylet_client.cc:336: Error reporting task backlog information: IOError: 
[2022-01-10 14:07:26,491 I 11759 11909] raylet_client.cc:336: Error reporting task backlog information: IOError: 
[2022-01-10 14:07:27,491 I 11759 11909] raylet_client.cc:336: Error reporting task backlog information: IOError: 
[2022-01-10 14:07:28,491 I 11759 11909] raylet_client.cc:336: Error reporting task backlog information: IOError: 
[2022-01-10 14:07:29,491 I 11759 11909] raylet_client.cc:336: Error reporting task backlog information: IOError: 
[2022-01-10 14:07:30,491 I 11759 11909] raylet_client.cc:336: Error reporting task backlog information: IOError: 
[2022-01-10 14:07:31,491 I 11759 11909] raylet_client.cc:336: Error reporting task backlog information: IOError: 
[2022-01-10 14:07:32,492 I 11759 11909] raylet_client.cc:336: Error reporting task backlog information: IOError: 
[2022-01-10 14:07:32,641 W 11759 11910] metric_exporter.cc:206: Export metrics to agent failed: IOError: . This won't affect Ray, but you can lose metrics from the cluster.
[2022-01-10 14:07:33,492 I 11759 11909] raylet_client.cc:336: Error reporting task backlog information: IOError: 
[2022-01-10 14:07:34,492 I 11759 11909] raylet_client.cc:336: Error reporting task backlog information: IOError: 
[2022-01-10 14:07:35,492 I 11759 11909] raylet_client.cc:336: Error reporting task backlog information: IOError: 
[2022-01-10 14:07:36,492 I 11759 11909] raylet_client.cc:336: Error reporting task backlog information: IOError: 
[2022-01-10 14:07:37,492 I 11759 11909] raylet_client.cc:336: Error reporting task backlog information: IOError: 
[2022-01-10 14:07:38,492 I 11759 11909] raylet_client.cc:336: Error reporting task backlog information: IOError: 
[2022-01-10 14:07:39,492 I 11759 11909] raylet_client.cc:336: Error reporting task backlog information: IOError: 
[2022-01-10 14:07:40,492 I 11759 11909] raylet_client.cc:336: Error reporting task backlog information: IOError: 
[2022-01-10 14:07:41,492 I 11759 11909] raylet_client.cc:336: Error reporting task backlog information: IOError: 
[2022-01-10 14:07:42,492 I 11759 11909] raylet_client.cc:336: Error reporting task backlog information: IOError: 
[2022-01-10 14:07:42,652 W 11759 11910] metric_exporter.cc:206: Export metrics to agent failed: IOError: . This won't affect Ray, but you can lose metrics from the cluster.
[2022-01-10 14:07:43,492 I 11759 11909] raylet_client.cc:336: Error reporting task backlog information: IOError: 
[2022-01-10 14:07:44,492 I 11759 11909] raylet_client.cc:336: Error reporting task backlog information: IOError: 
[2022-01-10 14:07:45,493 I 11759 11909] raylet_client.cc:336: Error reporting task backlog information: IOError: 
[2022-01-10 14:07:46,324 W 11759 11809] gcs_server_address_updater.cc:61: [301] Failed to get the gcs server address from raylet 301 times in a row. If it keeps failing to obtain the address, the worker might crash. Connection status IOError: 
[2022-01-10 14:07:46,493 I 11759 11909] raylet_client.cc:336: Error reporting task backlog information: IOError: 
[2022-01-10 14:07:47,493 I 11759 11909] raylet_client.cc:336: Error reporting task backlog information: IOError: 
[2022-01-10 14:07:48,493 I 11759 11909] raylet_client.cc:336: Error reporting task backlog information: IOError: 
[2022-01-10 14:07:49,493 I 11759 11909] raylet_client.cc:336: Error reporting task backlog information: IOError: 
[2022-01-10 14:07:50,493 I 11759 11909] raylet_client.cc:336: Error reporting task backlog information: IOError: 
[2022-01-10 14:07:51,493 I 11759 11909] raylet_client.cc:336: Error reporting task backlog information: IOError: 
[2022-01-10 14:07:52,493 I 11759 11909] raylet_client.cc:336: Error reporting task backlog information: IOError: 
[2022-01-10 14:07:52,659 W 11759 11910] metric_exporter.cc:206: Export metrics to agent failed: IOError: . This won't affect Ray, but you can lose metrics from the cluster.
[2022-01-10 14:07:53,493 I 11759 11909] raylet_client.cc:336: Error reporting task backlog information: IOError: 
[2022-01-10 14:07:54,493 I 11759 11909] raylet_client.cc:336: Error reporting task backlog information: IOError: 
[2022-01-10 14:07:55,493 I 11759 11909] raylet_client.cc:336: Error reporting task backlog information: IOError: 
[2022-01-10 14:07:56,495 I 11759 11909] raylet_client.cc:336: Error reporting task backlog information: IOError: 
[2022-01-10 14:07:57,495 I 11759 11909] raylet_client.cc:336: Error reporting task backlog information: IOError: 
[2022-01-10 14:07:58,495 I 11759 11909] raylet_client.cc:336: Error reporting task backlog information: IOError: 
[2022-01-10 14:07:59,495 I 11759 11909] raylet_client.cc:336: Error reporting task backlog information: IOError: 
[2022-01-10 14:08:00,495 I 11759 11909] raylet_client.cc:336: Error reporting task backlog information: IOError: 
[2022-01-10 14:08:01,495 I 11759 11909] raylet_client.cc:336: Error reporting task backlog information: IOError: 
[2022-01-10 14:08:02,495 I 11759 11909] raylet_client.cc:336: Error reporting task backlog information: IOError: 
[2022-01-10 14:08:02,665 W 11759 11910] metric_exporter.cc:206: Export metrics to agent failed: IOError: . This won't affect Ray, but you can lose metrics from the cluster.
[2022-01-10 14:08:03,495 I 11759 11909] raylet_client.cc:336: Error reporting task backlog information: IOError: 
[2022-01-10 14:08:04,495 I 11759 11909] raylet_client.cc:336: Error reporting task backlog information: IOError: 
[2022-01-10 14:08:05,495 I 11759 11909] raylet_client.cc:336: Error reporting task backlog information: IOError: 
[2022-01-10 14:08:06,495 I 11759 11909] raylet_client.cc:336: Error reporting task backlog information: IOError: 
[2022-01-10 14:08:07,495 I 11759 11909] raylet_client.cc:336: Error reporting task backlog information: IOError: 
[2022-01-10 14:08:08,495 I 11759 11909] raylet_client.cc:336: Error reporting task backlog information: IOError: 
[2022-01-10 14:08:09,495 I 11759 11909] raylet_client.cc:336: Error reporting task backlog information: IOError: 
[2022-01-10 14:08:10,496 I 11759 11909] raylet_client.cc:336: Error reporting task backlog information: IOError: 
[2022-01-10 14:08:11,496 I 11759 11909] raylet_client.cc:336: Error reporting task backlog information: IOError: 
[2022-01-10 14:08:12,496 I 11759 11909] raylet_client.cc:336: Error reporting task backlog information: IOError: 
[2022-01-10 14:08:12,672 W 11759 11910] metric_exporter.cc:206: Export metrics to agent failed: IOError: . This won't affect Ray, but you can lose metrics from the cluster.
[2022-01-10 14:08:13,496 I 11759 11909] raylet_client.cc:336: Error reporting task backlog information: IOError: 
[2022-01-10 14:08:14,496 I 11759 11909] raylet_client.cc:336: Error reporting task backlog information: IOError: 
[2022-01-10 14:08:15,496 I 11759 11909] raylet_client.cc:336: Error reporting task backlog information: IOError: 
[2022-01-10 14:08:16,496 I 11759 11909] raylet_client.cc:336: Error reporting task backlog information: IOError: 
[2022-01-10 14:08:17,496 I 11759 11909] raylet_client.cc:336: Error reporting task backlog information: IOError: 
[2022-01-10 14:08:18,496 I 11759 11909] raylet_client.cc:336: Error reporting task backlog information: IOError: 
[2022-01-10 14:08:19,496 I 11759 11909] raylet_client.cc:336: Error reporting task backlog information: IOError: 
[2022-01-10 14:08:20,496 I 11759 11909] raylet_client.cc:336: Error reporting task backlog information: IOError: 
[2022-01-10 14:08:21,496 I 11759 11909] raylet_client.cc:336: Error reporting task backlog information: IOError: 
[2022-01-10 14:08:22,496 I 11759 11909] raylet_client.cc:336: Error reporting task backlog information: IOError: 
[2022-01-10 14:08:22,680 W 11759 11910] metric_exporter.cc:206: Export metrics to agent failed: IOError: . This won't affect Ray, but you can lose metrics from the cluster.
[2022-01-10 14:08:23,496 I 11759 11909] raylet_client.cc:336: Error reporting task backlog information: IOError: 
[2022-01-10 14:08:24,497 I 11759 11909] raylet_client.cc:336: Error reporting task backlog information: IOError: 
[2022-01-10 14:08:25,497 I 11759 11909] raylet_client.cc:336: Error reporting task backlog information: IOError: 
[2022-01-10 14:08:26,497 I 11759 11909] raylet_client.cc:336: Error reporting task backlog information: IOError: 
[2022-01-10 14:08:27,497 I 11759 11909] raylet_client.cc:336: Error reporting task backlog information: IOError: 
[2022-01-10 14:08:28,497 I 11759 11909] raylet_client.cc:336: Error reporting task backlog information: IOError: 
[2022-01-10 14:08:29,497 I 11759 11909] raylet_client.cc:336: Error reporting task backlog information: IOError: 
[2022-01-10 14:08:30,497 I 11759 11909] raylet_client.cc:336: Error reporting task backlog information: IOError: 
[2022-01-10 14:08:31,497 I 11759 11909] raylet_client.cc:336: Error reporting task backlog information: IOError: 
[2022-01-10 14:08:32,497 I 11759 11909] raylet_client.cc:336: Error reporting task backlog information: IOError: 
[2022-01-10 14:08:32,687 W 11759 11910] metric_exporter.cc:206: Export metrics to agent failed: IOError: . This won't affect Ray, but you can lose metrics from the cluster.
[2022-01-10 14:08:33,497 I 11759 11909] raylet_client.cc:336: Error reporting task backlog information: IOError: 
[2022-01-10 14:08:34,497 I 11759 11909] raylet_client.cc:336: Error reporting task backlog information: IOError: 
[2022-01-10 14:08:35,497 I 11759 11909] raylet_client.cc:336: Error reporting task backlog information: IOError: 
[2022-01-10 14:08:36,498 I 11759 11909] raylet_client.cc:336: Error reporting task backlog information: IOError: 
[2022-01-10 14:08:37,498 I 11759 11909] raylet_client.cc:336: Error reporting task backlog information: IOError: 
[2022-01-10 14:08:38,498 I 11759 11909] raylet_client.cc:336: Error reporting task backlog information: IOError: 
[2022-01-10 14:08:39,498 I 11759 11909] raylet_client.cc:336: Error reporting task backlog information: IOError: 
[2022-01-10 14:08:40,498 I 11759 11909] raylet_client.cc:336: Error reporting task backlog information: IOError: 
[2022-01-10 14:08:41,498 I 11759 11909] raylet_client.cc:336: Error reporting task backlog information: IOError: 
[2022-01-10 14:08:42,498 I 11759 11909] raylet_client.cc:336: Error reporting task backlog information: IOError: 
[2022-01-10 14:08:42,701 W 11759 11910] metric_exporter.cc:206: Export metrics to agent failed: IOError: . This won't affect Ray, but you can lose metrics from the cluster.
[2022-01-10 14:08:43,498 I 11759 11909] raylet_client.cc:336: Error reporting task backlog information: IOError: 
[2022-01-10 14:08:44,498 I 11759 11909] raylet_client.cc:336: Error reporting task backlog information: IOError: 
[2022-01-10 14:08:45,498 I 11759 11909] raylet_client.cc:336: Error reporting task backlog information: IOError: 
[2022-01-10 14:08:46,498 I 11759 11909] raylet_client.cc:336: Error reporting task backlog information: IOError: 
[2022-01-10 14:08:47,498 I 11759 11909] raylet_client.cc:336: Error reporting task backlog information: IOError: 
[2022-01-10 14:08:48,498 I 11759 11909] raylet_client.cc:336: Error reporting task backlog information: IOError: 
[2022-01-10 14:08:49,499 I 11759 11909] raylet_client.cc:336: Error reporting task backlog information: IOError: 
[2022-01-10 14:08:50,499 I 11759 11909] raylet_client.cc:336: Error reporting task backlog information: IOError: 
[2022-01-10 14:08:51,499 I 11759 11909] raylet_client.cc:336: Error reporting task backlog information: IOError: 
[2022-01-10 14:08:52,499 I 11759 11909] raylet_client.cc:336: Error reporting task backlog information: IOError: 
[2022-01-10 14:08:52,709 W 11759 11910] metric_exporter.cc:206: Export metrics to agent failed: IOError: . This won't affect Ray, but you can lose metrics from the cluster.
[2022-01-10 14:08:53,499 I 11759 11909] raylet_client.cc:336: Error reporting task backlog information: IOError: 
[2022-01-10 14:08:54,499 I 11759 11909] raylet_client.cc:336: Error reporting task backlog information: IOError: 
[2022-01-10 14:08:55,499 I 11759 11909] raylet_client.cc:336: Error reporting task backlog information: IOError: 
[2022-01-10 14:08:56,499 I 11759 11909] raylet_client.cc:336: Error reporting task backlog information: IOError: 
[2022-01-10 14:08:57,499 I 11759 11909] raylet_client.cc:336: Error reporting task backlog information: IOError: 
[2022-01-10 14:08:58,499 I 11759 11909] raylet_client.cc:336: Error reporting task backlog information: IOError: 
[2022-01-10 14:08:59,499 I 11759 11909] raylet_client.cc:336: Error reporting task backlog information: IOError: 
[2022-01-10 14:09:00,499 I 11759 11909] raylet_client.cc:336: Error reporting task backlog information: IOError: 
[2022-01-10 14:09:01,500 I 11759 11909] raylet_client.cc:336: Error reporting task backlog information: IOError: 
[2022-01-10 14:09:02,500 I 11759 11909] raylet_client.cc:336: Error reporting task backlog information: IOError: 
[2022-01-10 14:09:02,716 W 11759 11910] metric_exporter.cc:206: Export metrics to agent failed: IOError: . This won't affect Ray, but you can lose metrics from the cluster.
[2022-01-10 14:09:03,500 I 11759 11909] raylet_client.cc:336: Error reporting task backlog information: IOError: 
[2022-01-10 14:09:04,500 I 11759 11909] raylet_client.cc:336: Error reporting task backlog information: IOError: 
[2022-01-10 14:09:05,500 I 11759 11909] raylet_client.cc:336: Error reporting task backlog information: IOError: 
[2022-01-10 14:09:06,500 I 11759 11909] raylet_client.cc:336: Error reporting task backlog information: IOError: 
[2022-01-10 14:09:07,500 I 11759 11909] raylet_client.cc:336: Error reporting task backlog information: IOError: 
[2022-01-10 14:09:08,500 I 11759 11909] raylet_client.cc:336: Error reporting task backlog information: IOError: 
[2022-01-10 14:09:09,500 I 11759 11909] raylet_client.cc:336: Error reporting task backlog information: IOError: 
[2022-01-10 14:09:10,501 I 11759 11909] raylet_client.cc:336: Error reporting task backlog information: IOError: 
[2022-01-10 14:09:11,501 I 11759 11909] raylet_client.cc:336: Error reporting task backlog information: IOError: 
[2022-01-10 14:09:12,501 I 11759 11909] raylet_client.cc:336: Error reporting task backlog information: IOError: 
[2022-01-10 14:09:12,734 W 11759 11910] metric_exporter.cc:206: Export metrics to agent failed: IOError: . This won't affect Ray, but you can lose metrics from the cluster.
[2022-01-10 14:09:13,501 I 11759 11909] raylet_client.cc:336: Error reporting task backlog information: IOError: 
[2022-01-10 14:09:14,501 I 11759 11909] raylet_client.cc:336: Error reporting task backlog information: IOError: 
[2022-01-10 14:09:15,501 I 11759 11909] raylet_client.cc:336: Error reporting task backlog information: IOError: 
[2022-01-10 14:09:16,501 I 11759 11909] raylet_client.cc:336: Error reporting task backlog information: IOError: 
[2022-01-10 14:09:17,501 I 11759 11909] raylet_client.cc:336: Error reporting task backlog information: IOError: 
[2022-01-10 14:09:18,501 I 11759 11909] raylet_client.cc:336: Error reporting task backlog information: IOError: 
[2022-01-10 14:09:19,501 I 11759 11909] raylet_client.cc:336: Error reporting task backlog information: IOError: 
[2022-01-10 14:09:20,501 I 11759 11909] raylet_client.cc:336: Error reporting task backlog information: IOError: 
[2022-01-10 14:09:21,501 I 11759 11909] raylet_client.cc:336: Error reporting task backlog information: IOError: 
[2022-01-10 14:09:22,501 I 11759 11909] raylet_client.cc:336: Error reporting task backlog information: IOError: 
[2022-01-10 14:09:22,744 W 11759 11910] metric_exporter.cc:206: Export metrics to agent failed: IOError: . This won't affect Ray, but you can lose metrics from the cluster.
[2022-01-10 14:09:23,501 I 11759 11909] raylet_client.cc:336: Error reporting task backlog information: IOError: 
[2022-01-10 14:09:24,501 I 11759 11909] raylet_client.cc:336: Error reporting task backlog information: IOError: 
[2022-01-10 14:09:25,502 I 11759 11909] raylet_client.cc:336: Error reporting task backlog information: IOError: 
[2022-01-10 14:09:26,502 I 11759 11909] raylet_client.cc:336: Error reporting task backlog information: IOError: 
[2022-01-10 14:09:27,502 I 11759 11909] raylet_client.cc:336: Error reporting task backlog information: IOError: 
[2022-01-10 14:09:28,502 I 11759 11909] raylet_client.cc:336: Error reporting task backlog information: IOError: 
[2022-01-10 14:09:29,502 I 11759 11909] raylet_client.cc:336: Error reporting task backlog information: IOError: 
[2022-01-10 14:09:30,502 I 11759 11909] raylet_client.cc:336: Error reporting task backlog information: IOError: 
[2022-01-10 14:09:31,502 I 11759 11909] raylet_client.cc:336: Error reporting task backlog information: IOError: 
[2022-01-10 14:09:32,502 I 11759 11909] raylet_client.cc:336: Error reporting task backlog information: IOError: 
[2022-01-10 14:09:32,751 W 11759 11910] metric_exporter.cc:206: Export metrics to agent failed: IOError: . This won't affect Ray, but you can lose metrics from the cluster.
[2022-01-10 14:09:33,502 I 11759 11909] raylet_client.cc:336: Error reporting task backlog information: IOError: 
[2022-01-10 14:09:34,502 I 11759 11909] raylet_client.cc:336: Error reporting task backlog information: IOError: 
[2022-01-10 14:09:35,502 I 11759 11909] raylet_client.cc:336: Error reporting task backlog information: IOError: 
[2022-01-10 14:09:36,502 I 11759 11909] raylet_client.cc:336: Error reporting task backlog information: IOError: 
[2022-01-10 14:09:37,502 I 11759 11909] raylet_client.cc:336: Error reporting task backlog information: IOError: 
[2022-01-10 14:09:38,503 I 11759 11909] raylet_client.cc:336: Error reporting task backlog information: IOError: 
[2022-01-10 14:09:39,503 I 11759 11909] raylet_client.cc:336: Error reporting task backlog information: IOError: 
[2022-01-10 14:09:40,503 I 11759 11909] raylet_client.cc:336: Error reporting task backlog information: IOError: 
[2022-01-10 14:09:41,503 I 11759 11909] raylet_client.cc:336: Error reporting task backlog information: IOError: 
[2022-01-10 14:09:42,503 I 11759 11909] raylet_client.cc:336: Error reporting task backlog information: IOError: 
[2022-01-10 14:09:42,758 W 11759 11910] metric_exporter.cc:206: Export metrics to agent failed: IOError: . This won't affect Ray, but you can lose metrics from the cluster.
[2022-01-10 14:09:43,503 I 11759 11909] raylet_client.cc:336: Error reporting task backlog information: IOError: 
[2022-01-10 14:09:44,503 I 11759 11909] raylet_client.cc:336: Error reporting task backlog information: IOError: 
[2022-01-10 14:09:45,503 I 11759 11909] raylet_client.cc:336: Error reporting task backlog information: IOError: 
[2022-01-10 14:09:46,503 I 11759 11909] raylet_client.cc:336: Error reporting task backlog information: IOError: 
[2022-01-10 14:09:47,503 I 11759 11909] raylet_client.cc:336: Error reporting task backlog information: IOError: 
[2022-01-10 14:09:48,503 I 11759 11909] raylet_client.cc:336: Error reporting task backlog information: IOError: 
[2022-01-10 14:09:49,503 I 11759 11909] raylet_client.cc:336: Error reporting task backlog information: IOError: 
[2022-01-10 14:09:50,503 I 11759 11909] raylet_client.cc:336: Error reporting task backlog information: IOError: 
[2022-01-10 14:09:51,504 I 11759 11909] raylet_client.cc:336: Error reporting task backlog information: IOError: 
[2022-01-10 14:09:52,504 I 11759 11909] raylet_client.cc:336: Error reporting task backlog information: IOError: 
[2022-01-10 14:09:52,764 W 11759 11910] metric_exporter.cc:206: Export metrics to agent failed: IOError: . This won't affect Ray, but you can lose metrics from the cluster.
[2022-01-10 14:09:53,504 I 11759 11909] raylet_client.cc:336: Error reporting task backlog information: IOError: 
[2022-01-10 14:09:54,504 I 11759 11909] raylet_client.cc:336: Error reporting task backlog information: IOError: 
[2022-01-10 14:09:55,504 I 11759 11909] raylet_client.cc:336: Error reporting task backlog information: IOError: 
[2022-01-10 14:09:56,504 I 11759 11909] raylet_client.cc:336: Error reporting task backlog information: IOError: 
[2022-01-10 14:09:57,504 I 11759 11909] raylet_client.cc:336: Error reporting task backlog information: IOError: 
[2022-01-10 14:09:58,504 I 11759 11909] raylet_client.cc:336: Error reporting task backlog information: IOError: 
[2022-01-10 14:09:59,504 I 11759 11909] raylet_client.cc:336: Error reporting task backlog information: IOError: 
[2022-01-10 14:10:00,504 I 11759 11909] raylet_client.cc:336: Error reporting task backlog information: IOError: 
[2022-01-10 14:10:01,504 I 11759 11909] raylet_client.cc:336: Error reporting task backlog information: IOError: 
[2022-01-10 14:10:02,504 I 11759 11909] raylet_client.cc:336: Error reporting task backlog information: IOError: 
[2022-01-10 14:10:02,772 W 11759 11910] metric_exporter.cc:206: Export metrics to agent failed: IOError: . This won't affect Ray, but you can lose metrics from the cluster.
[2022-01-10 14:10:03,504 I 11759 11909] raylet_client.cc:336: Error reporting task backlog information: IOError: 
[2022-01-10 14:10:04,504 I 11759 11909] raylet_client.cc:336: Error reporting task backlog information: IOError: 
[2022-01-10 14:10:05,505 I 11759 11909] raylet_client.cc:336: Error reporting task backlog information: IOError: 
[2022-01-10 14:10:06,505 I 11759 11909] raylet_client.cc:336: Error reporting task backlog information: IOError: 
[2022-01-10 14:10:07,505 I 11759 11909] raylet_client.cc:336: Error reporting task backlog information: IOError: 
[2022-01-10 14:10:08,505 I 11759 11909] raylet_client.cc:336: Error reporting task backlog information: IOError: 
[2022-01-10 14:10:09,505 I 11759 11909] raylet_client.cc:336: Error reporting task backlog information: IOError: 
[2022-01-10 14:10:10,505 I 11759 11909] raylet_client.cc:336: Error reporting task backlog information: IOError: 
[2022-01-10 14:10:11,505 I 11759 11909] raylet_client.cc:336: Error reporting task backlog information: IOError: 
[2022-01-10 14:10:12,505 I 11759 11909] raylet_client.cc:336: Error reporting task backlog information: IOError: 
[2022-01-10 14:10:12,780 W 11759 11910] metric_exporter.cc:206: Export metrics to agent failed: IOError: . This won't affect Ray, but you can lose metrics from the cluster.
[2022-01-10 14:10:13,505 I 11759 11909] raylet_client.cc:336: Error reporting task backlog information: IOError: 
[2022-01-10 14:10:14,505 I 11759 11909] raylet_client.cc:336: Error reporting task backlog information: IOError: 
[2022-01-10 14:10:15,505 I 11759 11909] raylet_client.cc:336: Error reporting task backlog information: IOError: 
[2022-01-10 14:10:16,505 I 11759 11909] raylet_client.cc:336: Error reporting task backlog information: IOError: 
[2022-01-10 14:10:17,505 I 11759 11909] raylet_client.cc:336: Error reporting task backlog information: IOError: 
[2022-01-10 14:10:18,505 I 11759 11909] raylet_client.cc:336: Error reporting task backlog information: IOError: 
[2022-01-10 14:10:19,505 I 11759 11909] raylet_client.cc:336: Error reporting task backlog information: IOError: 
[2022-01-10 14:10:20,505 I 11759 11909] raylet_client.cc:336: Error reporting task backlog information: IOError: 
[2022-01-10 14:10:21,506 I 11759 11909] raylet_client.cc:336: Error reporting task backlog information: IOError: 
[2022-01-10 14:10:22,506 I 11759 11909] raylet_client.cc:336: Error reporting task backlog information: IOError: 
[2022-01-10 14:10:22,787 W 11759 11910] metric_exporter.cc:206: Export metrics to agent failed: IOError: . This won't affect Ray, but you can lose metrics from the cluster.
[2022-01-10 14:10:23,506 I 11759 11909] raylet_client.cc:336: Error reporting task backlog information: IOError: 
[2022-01-10 14:10:24,506 I 11759 11909] raylet_client.cc:336: Error reporting task backlog information: IOError: 
[2022-01-10 14:10:25,506 I 11759 11909] raylet_client.cc:336: Error reporting task backlog information: IOError: 
[2022-01-10 14:10:26,506 I 11759 11909] raylet_client.cc:336: Error reporting task backlog information: IOError: 
[2022-01-10 14:10:27,506 I 11759 11909] raylet_client.cc:336: Error reporting task backlog information: IOError: 
[2022-01-10 14:10:28,506 I 11759 11909] raylet_client.cc:336: Error reporting task backlog information: IOError: 
[2022-01-10 14:10:29,506 I 11759 11909] raylet_client.cc:336: Error reporting task backlog information: IOError: 
[2022-01-10 14:10:30,506 I 11759 11909] raylet_client.cc:336: Error reporting task backlog information: IOError: 
[2022-01-10 14:10:31,506 I 11759 11909] raylet_client.cc:336: Error reporting task backlog information: IOError: 
[2022-01-10 14:10:32,506 I 11759 11909] raylet_client.cc:336: Error reporting task backlog information: IOError: 
[2022-01-10 14:10:32,797 W 11759 11910] metric_exporter.cc:206: Export metrics to agent failed: IOError: . This won't affect Ray, but you can lose metrics from the cluster.
[2022-01-10 14:10:33,506 I 11759 11909] raylet_client.cc:336: Error reporting task backlog information: IOError: 
[2022-01-10 14:10:34,506 I 11759 11909] raylet_client.cc:336: Error reporting task backlog information: IOError: 
[2022-01-10 14:10:35,506 I 11759 11909] raylet_client.cc:336: Error reporting task backlog information: IOError: 
[2022-01-10 14:10:36,507 I 11759 11909] raylet_client.cc:336: Error reporting task backlog information: IOError: 
[2022-01-10 14:10:37,507 I 11759 11909] raylet_client.cc:336: Error reporting task backlog information: IOError: 
[2022-01-10 14:10:38,511 I 11759 11909] raylet_client.cc:336: Error reporting task backlog information: IOError: 
[2022-01-10 14:10:39,511 I 11759 11909] raylet_client.cc:336: Error reporting task backlog information: IOError: 
[2022-01-10 14:10:40,511 I 11759 11909] raylet_client.cc:336: Error reporting task backlog information: IOError: 
[2022-01-10 14:10:41,511 I 11759 11909] raylet_client.cc:336: Error reporting task backlog information: IOError: 
[2022-01-10 14:10:42,511 I 11759 11909] raylet_client.cc:336: Error reporting task backlog information: IOError: 
[2022-01-10 14:10:42,806 W 11759 11910] metric_exporter.cc:206: Export metrics to agent failed: IOError: . This won't affect Ray, but you can lose metrics from the cluster.
[2022-01-10 14:10:43,511 I 11759 11909] raylet_client.cc:336: Error reporting task backlog information: IOError: 
[2022-01-10 14:10:44,511 I 11759 11909] raylet_client.cc:336: Error reporting task backlog information: IOError: 
[2022-01-10 14:10:45,512 I 11759 11909] raylet_client.cc:336: Error reporting task backlog information: IOError: 
[2022-01-10 14:10:46,512 I 11759 11909] raylet_client.cc:336: Error reporting task backlog information: IOError: 
[2022-01-10 14:10:47,512 I 11759 11909] raylet_client.cc:336: Error reporting task backlog information: IOError: 
[2022-01-10 14:10:48,512 I 11759 11909] raylet_client.cc:336: Error reporting task backlog information: IOError: 
[2022-01-10 14:10:49,512 I 11759 11909] raylet_client.cc:336: Error reporting task backlog information: IOError: 
[2022-01-10 14:10:50,512 I 11759 11909] raylet_client.cc:336: Error reporting task backlog information: IOError: 
[2022-01-10 14:10:51,512 I 11759 11909] raylet_client.cc:336: Error reporting task backlog information: IOError: 
[2022-01-10 14:10:52,512 I 11759 11909] raylet_client.cc:336: Error reporting task backlog information: IOError: 
[2022-01-10 14:10:52,813 W 11759 11910] metric_exporter.cc:206: Export metrics to agent failed: IOError: . This won't affect Ray, but you can lose metrics from the cluster.
[2022-01-10 14:10:53,512 I 11759 11909] raylet_client.cc:336: Error reporting task backlog information: IOError: 
[2022-01-10 14:10:54,512 I 11759 11909] raylet_client.cc:336: Error reporting task backlog information: IOError: 
[2022-01-10 14:10:55,512 I 11759 11909] raylet_client.cc:336: Error reporting task backlog information: IOError: 
[2022-01-10 14:10:56,512 I 11759 11909] raylet_client.cc:336: Error reporting task backlog information: IOError: 
[2022-01-10 14:10:57,512 I 11759 11909] raylet_client.cc:336: Error reporting task backlog information: IOError: 
[2022-01-10 14:10:58,513 I 11759 11909] raylet_client.cc:336: Error reporting task backlog information: IOError: 
[2022-01-10 14:10:59,513 I 11759 11909] raylet_client.cc:336: Error reporting task backlog information: IOError: 
[2022-01-10 14:11:00,513 I 11759 11909] raylet_client.cc:336: Error reporting task backlog information: IOError: 
[2022-01-10 14:11:01,513 I 11759 11909] raylet_client.cc:336: Error reporting task backlog information: IOError: 
[2022-01-10 14:11:02,513 I 11759 11909] raylet_client.cc:336: Error reporting task backlog information: IOError: 
[2022-01-10 14:11:02,825 W 11759 11910] metric_exporter.cc:206: Export metrics to agent failed: IOError: . This won't affect Ray, but you can lose metrics from the cluster.
[2022-01-10 14:11:03,513 I 11759 11909] raylet_client.cc:336: Error reporting task backlog information: IOError: 
[2022-01-10 14:11:04,513 I 11759 11909] raylet_client.cc:336: Error reporting task backlog information: IOError: 
[2022-01-10 14:11:05,513 I 11759 11909] raylet_client.cc:336: Error reporting task backlog information: IOError: 
[2022-01-10 14:11:06,513 I 11759 11909] raylet_client.cc:336: Error reporting task backlog information: IOError: 
[2022-01-10 14:11:07,513 I 11759 11909] raylet_client.cc:336: Error reporting task backlog information: IOError: 
[2022-01-10 14:11:08,513 I 11759 11909] raylet_client.cc:336: Error reporting task backlog information: IOError: 
[2022-01-10 14:11:09,513 I 11759 11909] raylet_client.cc:336: Error reporting task backlog information: IOError: 
[2022-01-10 14:11:10,513 I 11759 11909] raylet_client.cc:336: Error reporting task backlog information: IOError: 
[2022-01-10 14:11:11,513 I 11759 11909] raylet_client.cc:336: Error reporting task backlog information: IOError: 
[2022-01-10 14:11:12,514 I 11759 11909] raylet_client.cc:336: Error reporting task backlog information: IOError: 
[2022-01-10 14:11:12,834 W 11759 11910] metric_exporter.cc:206: Export metrics to agent failed: IOError: . This won't affect Ray, but you can lose metrics from the cluster.
[2022-01-10 14:11:13,514 I 11759 11909] raylet_client.cc:336: Error reporting task backlog information: IOError: 
[2022-01-10 14:11:14,514 I 11759 11909] raylet_client.cc:336: Error reporting task backlog information: IOError: 
[2022-01-10 14:11:15,514 I 11759 11909] raylet_client.cc:336: Error reporting task backlog information: IOError: 
[2022-01-10 14:11:16,514 I 11759 11909] raylet_client.cc:336: Error reporting task backlog information: IOError: 
[2022-01-10 14:11:17,514 I 11759 11909] raylet_client.cc:336: Error reporting task backlog information: IOError: 
[2022-01-10 14:11:18,514 I 11759 11909] raylet_client.cc:336: Error reporting task backlog information: IOError: 
[2022-01-10 14:11:19,514 I 11759 11909] raylet_client.cc:336: Error reporting task backlog information: IOError: 
[2022-01-10 14:11:20,514 I 11759 11909] raylet_client.cc:336: Error reporting task backlog information: IOError: 
[2022-01-10 14:11:21,514 I 11759 11909] raylet_client.cc:336: Error reporting task backlog information: IOError: 
[2022-01-10 14:11:22,514 I 11759 11909] raylet_client.cc:336: Error reporting task backlog information: IOError: 
[2022-01-10 14:11:22,841 W 11759 11910] metric_exporter.cc:206: Export metrics to agent failed: IOError: . This won't affect Ray, but you can lose metrics from the cluster.
[2022-01-10 14:11:23,514 I 11759 11909] raylet_client.cc:336: Error reporting task backlog information: IOError: 
[2022-01-10 14:11:24,515 I 11759 11909] raylet_client.cc:336: Error reporting task backlog information: IOError: 
[2022-01-10 14:11:25,515 I 11759 11909] raylet_client.cc:336: Error reporting task backlog information: IOError: 
[2022-01-10 14:11:26,515 I 11759 11909] raylet_client.cc:336: Error reporting task backlog information: IOError: 
[2022-01-10 14:11:27,515 I 11759 11909] raylet_client.cc:336: Error reporting task backlog information: IOError: 
[2022-01-10 14:11:28,515 I 11759 11909] raylet_client.cc:336: Error reporting task backlog information: IOError: 
[2022-01-10 14:11:29,515 I 11759 11909] raylet_client.cc:336: Error reporting task backlog information: IOError: 
[2022-01-10 14:11:30,515 I 11759 11909] raylet_client.cc:336: Error reporting task backlog information: IOError: 
[2022-01-10 14:11:31,515 I 11759 11909] raylet_client.cc:336: Error reporting task backlog information: IOError: 
[2022-01-10 14:11:32,515 I 11759 11909] raylet_client.cc:336: Error reporting task backlog information: IOError: 
[2022-01-10 14:11:32,853 W 11759 11910] metric_exporter.cc:206: Export metrics to agent failed: IOError: . This won't affect Ray, but you can lose metrics from the cluster.
[2022-01-10 14:11:33,515 I 11759 11909] raylet_client.cc:336: Error reporting task backlog information: IOError: 
[2022-01-10 14:11:34,515 I 11759 11909] raylet_client.cc:336: Error reporting task backlog information: IOError: 
[2022-01-10 14:11:35,515 I 11759 11909] raylet_client.cc:336: Error reporting task backlog information: IOError: 
[2022-01-10 14:11:36,516 I 11759 11909] raylet_client.cc:336: Error reporting task backlog information: IOError: 
[2022-01-10 14:11:37,516 I 11759 11909] raylet_client.cc:336: Error reporting task backlog information: IOError: 
[2022-01-10 14:11:38,516 I 11759 11909] raylet_client.cc:336: Error reporting task backlog information: IOError: 
[2022-01-10 14:11:39,516 I 11759 11909] raylet_client.cc:336: Error reporting task backlog information: IOError: 
[2022-01-10 14:11:40,516 I 11759 11909] raylet_client.cc:336: Error reporting task backlog information: IOError: 
[2022-01-10 14:11:41,516 I 11759 11909] raylet_client.cc:336: Error reporting task backlog information: IOError: 
[2022-01-10 14:11:42,516 I 11759 11909] raylet_client.cc:336: Error reporting task backlog information: IOError: 
[2022-01-10 14:11:42,866 W 11759 11910] metric_exporter.cc:206: Export metrics to agent failed: IOError: . This won't affect Ray, but you can lose metrics from the cluster.
[2022-01-10 14:11:43,516 I 11759 11909] raylet_client.cc:336: Error reporting task backlog information: IOError: 
[2022-01-10 14:11:44,516 I 11759 11909] raylet_client.cc:336: Error reporting task backlog information: IOError: 
[2022-01-10 14:11:45,516 I 11759 11909] raylet_client.cc:336: Error reporting task backlog information: IOError: 
[2022-01-10 14:11:46,516 I 11759 11909] raylet_client.cc:336: Error reporting task backlog information: IOError: 
[2022-01-10 14:11:47,516 I 11759 11909] raylet_client.cc:336: Error reporting task backlog information: IOError: 
[2022-01-10 14:11:48,517 I 11759 11909] raylet_client.cc:336: Error reporting task backlog information: IOError: 
[2022-01-10 14:11:49,521 I 11759 11909] raylet_client.cc:336: Error reporting task backlog information: IOError: 
[2022-01-10 14:11:50,521 I 11759 11909] raylet_client.cc:336: Error reporting task backlog information: IOError: 
[2022-01-10 14:11:51,521 I 11759 11909] raylet_client.cc:336: Error reporting task backlog information: IOError: 
[2022-01-10 14:11:52,521 I 11759 11909] raylet_client.cc:336: Error reporting task backlog information: IOError: 
[2022-01-10 14:11:52,873 W 11759 11910] metric_exporter.cc:206: Export metrics to agent failed: IOError: . This won't affect Ray, but you can lose metrics from the cluster.
[2022-01-10 14:11:53,521 I 11759 11909] raylet_client.cc:336: Error reporting task backlog information: IOError: 
[2022-01-10 14:11:54,521 I 11759 11909] raylet_client.cc:336: Error reporting task backlog information: IOError: 
[2022-01-10 14:11:55,521 I 11759 11909] raylet_client.cc:336: Error reporting task backlog information: IOError: 
[2022-01-10 14:11:56,521 I 11759 11909] raylet_client.cc:336: Error reporting task backlog information: IOError: 
[2022-01-10 14:11:57,521 I 11759 11909] raylet_client.cc:336: Error reporting task backlog information: IOError: 
[2022-01-10 14:11:58,521 I 11759 11909] raylet_client.cc:336: Error reporting task backlog information: IOError: 
[2022-01-10 14:11:59,522 I 11759 11909] raylet_client.cc:336: Error reporting task backlog information: IOError: 
[2022-01-10 14:12:00,522 I 11759 11909] raylet_client.cc:336: Error reporting task backlog information: IOError: 
[2022-01-10 14:12:01,522 I 11759 11909] raylet_client.cc:336: Error reporting task backlog information: IOError: 
[2022-01-10 14:12:02,522 I 11759 11909] raylet_client.cc:336: Error reporting task backlog information: IOError: 
[2022-01-10 14:12:02,882 W 11759 11910] metric_exporter.cc:206: Export metrics to agent failed: IOError: . This won't affect Ray, but you can lose metrics from the cluster.
[2022-01-10 14:12:03,522 I 11759 11909] raylet_client.cc:336: Error reporting task backlog information: IOError: 
[2022-01-10 14:12:04,522 I 11759 11909] raylet_client.cc:336: Error reporting task backlog information: IOError: 
[2022-01-10 14:12:05,522 I 11759 11909] raylet_client.cc:336: Error reporting task backlog information: IOError: 
[2022-01-10 14:12:06,522 I 11759 11909] raylet_client.cc:336: Error reporting task backlog information: IOError: 
[2022-01-10 14:12:07,522 I 11759 11909] raylet_client.cc:336: Error reporting task backlog information: IOError: 
[2022-01-10 14:12:08,522 I 11759 11909] raylet_client.cc:336: Error reporting task backlog information: IOError: 
[2022-01-10 14:12:09,522 I 11759 11909] raylet_client.cc:336: Error reporting task backlog information: IOError: 
[2022-01-10 14:12:10,522 I 11759 11909] raylet_client.cc:336: Error reporting task backlog information: IOError: 
[2022-01-10 14:12:11,522 I 11759 11909] raylet_client.cc:336: Error reporting task backlog information: IOError: 
[2022-01-10 14:12:12,522 I 11759 11909] raylet_client.cc:336: Error reporting task backlog information: IOError: 
[2022-01-10 14:12:12,889 W 11759 11910] metric_exporter.cc:206: Export metrics to agent failed: IOError: . This won't affect Ray, but you can lose metrics from the cluster.
[2022-01-10 14:12:13,522 I 11759 11909] raylet_client.cc:336: Error reporting task backlog information: IOError: 
[2022-01-10 14:12:14,523 I 11759 11909] raylet_client.cc:336: Error reporting task backlog information: IOError: 
[2022-01-10 14:12:15,523 I 11759 11909] raylet_client.cc:336: Error reporting task backlog information: IOError: 
[2022-01-10 14:12:16,523 I 11759 11909] raylet_client.cc:336: Error reporting task backlog information: IOError: 
[2022-01-10 14:12:17,523 I 11759 11909] raylet_client.cc:336: Error reporting task backlog information: IOError: 
[2022-01-10 14:12:18,523 I 11759 11909] raylet_client.cc:336: Error reporting task backlog information: IOError: 
[2022-01-10 14:12:19,523 I 11759 11909] raylet_client.cc:336: Error reporting task backlog information: IOError: 
[2022-01-10 14:12:20,523 I 11759 11909] raylet_client.cc:336: Error reporting task backlog information: IOError: 
[2022-01-10 14:12:21,523 I 11759 11909] raylet_client.cc:336: Error reporting task backlog information: IOError: 
[2022-01-10 14:12:22,523 I 11759 11909] raylet_client.cc:336: Error reporting task backlog information: IOError: 
[2022-01-10 14:12:22,896 W 11759 11910] metric_exporter.cc:206: Export metrics to agent failed: IOError: . This won't affect Ray, but you can lose metrics from the cluster.
[2022-01-10 14:12:23,523 I 11759 11909] raylet_client.cc:336: Error reporting task backlog information: IOError: 
[2022-01-10 14:12:24,523 I 11759 11909] raylet_client.cc:336: Error reporting task backlog information: IOError: 
[2022-01-10 14:12:25,528 I 11759 11909] raylet_client.cc:336: Error reporting task backlog information: IOError: 
[2022-01-10 14:12:26,523 I 11759 11909] raylet_client.cc:336: Error reporting task backlog information: IOError: 
[2022-01-10 14:12:27,523 I 11759 11909] raylet_client.cc:336: Error reporting task backlog information: IOError: 
[2022-01-10 14:12:28,524 I 11759 11909] raylet_client.cc:336: Error reporting task backlog information: IOError: 
[2022-01-10 14:12:29,524 I 11759 11909] raylet_client.cc:336: Error reporting task backlog information: IOError: 
[2022-01-10 14:12:30,524 I 11759 11909] raylet_client.cc:336: Error reporting task backlog information: IOError: 
[2022-01-10 14:12:31,524 I 11759 11909] raylet_client.cc:336: Error reporting task backlog information: IOError: 
[2022-01-10 14:12:32,524 I 11759 11909] raylet_client.cc:336: Error reporting task backlog information: IOError: 
[2022-01-10 14:12:32,903 W 11759 11910] metric_exporter.cc:206: Export metrics to agent failed: IOError: . This won't affect Ray, but you can lose metrics from the cluster.
[2022-01-10 14:12:33,524 I 11759 11909] raylet_client.cc:336: Error reporting task backlog information: IOError: 
[2022-01-10 14:12:34,524 I 11759 11909] raylet_client.cc:336: Error reporting task backlog information: IOError: 
[2022-01-10 14:12:35,524 I 11759 11909] raylet_client.cc:336: Error reporting task backlog information: IOError: 
[2022-01-10 14:12:36,524 I 11759 11909] raylet_client.cc:336: Error reporting task backlog information: IOError: 
[2022-01-10 14:12:37,524 I 11759 11909] raylet_client.cc:336: Error reporting task backlog information: IOError: 
[2022-01-10 14:12:38,524 I 11759 11909] raylet_client.cc:336: Error reporting task backlog information: IOError: 
[2022-01-10 14:12:39,524 I 11759 11909] raylet_client.cc:336: Error reporting task backlog information: IOError: 
[2022-01-10 14:12:40,524 I 11759 11909] raylet_client.cc:336: Error reporting task backlog information: IOError: 
[2022-01-10 14:12:41,524 I 11759 11909] raylet_client.cc:336: Error reporting task backlog information: IOError: 
[2022-01-10 14:12:42,524 I 11759 11909] raylet_client.cc:336: Error reporting task backlog information: IOError: 
[2022-01-10 14:12:42,911 W 11759 11910] metric_exporter.cc:206: Export metrics to agent failed: IOError: . This won't affect Ray, but you can lose metrics from the cluster.
[2022-01-10 14:12:43,525 I 11759 11909] raylet_client.cc:336: Error reporting task backlog information: IOError: 
[2022-01-10 14:12:44,525 I 11759 11909] raylet_client.cc:336: Error reporting task backlog information: IOError: 
[2022-01-10 14:12:45,348 E 11759 11809] gcs_server_address_updater.cc:76: Failed to receive the GCS address for 600 times without success. The worker will exit ungracefully. It is because GCS has died. It could be because there was an issue that kills GCS, such as high memory usage triggering OOM killer to kill GCS. Cluster will be highly likely unavailable if you see this log. Please check the log from gcs_server.err.
