[2022-01-10 14:02:32,415 I 11763 11763] core_worker.cc:132: Constructing CoreWorkerProcess. pid: 11763
[2022-01-10 14:02:32,428 I 11763 11763] grpc_server.cc:112: worker server started, listening on port 39613.
[2022-01-10 14:02:32,431 I 11763 11763] core_worker.cc:479: Initializing worker at address: 131.215.21.210:39613, worker ID f58a4bbd1e1291a364262cab425339534125ebc1b603331fd35e2b35, raylet 67f5a9d96c5cfce5b67ff73a4aa5e45685dd778eddaebca97d586e0e
[2022-01-10 14:02:32,591 I 11763 11763] io_service_pool.cc:35: IOServicePool is running with 1 io_service.
[2022-01-10 14:02:32,595 I 11763 12081] accessor.cc:560: Received notification for node id = 67f5a9d96c5cfce5b67ff73a4aa5e45685dd778eddaebca97d586e0e, IsAlive = 1
[2022-01-10 14:02:46,434 W 11763 11964] gcs_server_address_updater.cc:61: [1] Failed to get the gcs server address from raylet 1 times in a row. If it keeps failing to obtain the address, the worker might crash. Connection status IOError: 
[2022-01-10 14:02:47,433 I 11763 12081] raylet_client.cc:336: Error reporting task backlog information: IOError: 
[2022-01-10 14:02:47,596 I 11763 12081] raylet_client.cc:336: Error reporting task backlog information: IOError: 
[2022-01-10 14:02:48,596 I 11763 12081] raylet_client.cc:336: Error reporting task backlog information: IOError: 
[2022-01-10 14:02:49,596 I 11763 12081] raylet_client.cc:336: Error reporting task backlog information: IOError: 
[2022-01-10 14:02:50,596 I 11763 12081] raylet_client.cc:336: Error reporting task backlog information: IOError: 
[2022-01-10 14:02:51,597 I 11763 12081] raylet_client.cc:336: Error reporting task backlog information: IOError: 
[2022-01-10 14:02:52,597 I 11763 12081] raylet_client.cc:336: Error reporting task backlog information: IOError: 
[2022-01-10 14:02:52,610 W 11763 12082] metric_exporter.cc:206: Export metrics to agent failed: IOError: . This won't affect Ray, but you can lose metrics from the cluster.
[2022-01-10 14:02:53,597 I 11763 12081] raylet_client.cc:336: Error reporting task backlog information: IOError: 
[2022-01-10 14:02:54,597 I 11763 12081] raylet_client.cc:336: Error reporting task backlog information: IOError: 
[2022-01-10 14:02:55,597 I 11763 12081] raylet_client.cc:336: Error reporting task backlog information: IOError: 
[2022-01-10 14:02:56,598 I 11763 12081] raylet_client.cc:336: Error reporting task backlog information: IOError: 
[2022-01-10 14:02:57,598 I 11763 12081] raylet_client.cc:336: Error reporting task backlog information: IOError: 
[2022-01-10 14:02:58,598 I 11763 12081] raylet_client.cc:336: Error reporting task backlog information: IOError: 
[2022-01-10 14:02:59,598 I 11763 12081] raylet_client.cc:336: Error reporting task backlog information: IOError: 
[2022-01-10 14:03:00,598 I 11763 12081] raylet_client.cc:336: Error reporting task backlog information: IOError: 
[2022-01-10 14:03:01,599 I 11763 12081] raylet_client.cc:336: Error reporting task backlog information: IOError: 
[2022-01-10 14:03:02,599 I 11763 12081] raylet_client.cc:336: Error reporting task backlog information: IOError: 
[2022-01-10 14:03:02,624 W 11763 12082] metric_exporter.cc:206: Export metrics to agent failed: IOError: . This won't affect Ray, but you can lose metrics from the cluster.
[2022-01-10 14:03:03,599 I 11763 12081] raylet_client.cc:336: Error reporting task backlog information: IOError: 
[2022-01-10 14:03:04,599 I 11763 12081] raylet_client.cc:336: Error reporting task backlog information: IOError: 
[2022-01-10 14:03:05,599 I 11763 12081] raylet_client.cc:336: Error reporting task backlog information: IOError: 
[2022-01-10 14:03:06,600 I 11763 12081] raylet_client.cc:336: Error reporting task backlog information: IOError: 
[2022-01-10 14:03:07,600 I 11763 12081] raylet_client.cc:336: Error reporting task backlog information: IOError: 
[2022-01-10 14:03:08,600 I 11763 12081] raylet_client.cc:336: Error reporting task backlog information: IOError: 
[2022-01-10 14:03:09,600 I 11763 12081] raylet_client.cc:336: Error reporting task backlog information: IOError: 
[2022-01-10 14:03:10,600 I 11763 12081] raylet_client.cc:336: Error reporting task backlog information: IOError: 
[2022-01-10 14:03:11,600 I 11763 12081] raylet_client.cc:336: Error reporting task backlog information: IOError: 
[2022-01-10 14:03:12,601 I 11763 12081] raylet_client.cc:336: Error reporting task backlog information: IOError: 
[2022-01-10 14:03:12,638 W 11763 12082] metric_exporter.cc:206: Export metrics to agent failed: IOError: . This won't affect Ray, but you can lose metrics from the cluster.
[2022-01-10 14:03:13,601 I 11763 12081] raylet_client.cc:336: Error reporting task backlog information: IOError: 
[2022-01-10 14:03:14,601 I 11763 12081] raylet_client.cc:336: Error reporting task backlog information: IOError: 
[2022-01-10 14:03:15,601 I 11763 12081] raylet_client.cc:336: Error reporting task backlog information: IOError: 
[2022-01-10 14:03:16,601 I 11763 12081] raylet_client.cc:336: Error reporting task backlog information: IOError: 
[2022-01-10 14:03:17,601 I 11763 12081] raylet_client.cc:336: Error reporting task backlog information: IOError: 
[2022-01-10 14:03:18,602 I 11763 12081] raylet_client.cc:336: Error reporting task backlog information: IOError: 
[2022-01-10 14:03:19,602 I 11763 12081] raylet_client.cc:336: Error reporting task backlog information: IOError: 
[2022-01-10 14:03:20,602 I 11763 12081] raylet_client.cc:336: Error reporting task backlog information: IOError: 
[2022-01-10 14:03:21,602 I 11763 12081] raylet_client.cc:336: Error reporting task backlog information: IOError: 
[2022-01-10 14:03:22,602 I 11763 12081] raylet_client.cc:336: Error reporting task backlog information: IOError: 
[2022-01-10 14:03:22,650 W 11763 12082] metric_exporter.cc:206: Export metrics to agent failed: IOError: . This won't affect Ray, but you can lose metrics from the cluster.
[2022-01-10 14:03:23,603 I 11763 12081] raylet_client.cc:336: Error reporting task backlog information: IOError: 
[2022-01-10 14:03:24,603 I 11763 12081] raylet_client.cc:336: Error reporting task backlog information: IOError: 
[2022-01-10 14:03:25,603 I 11763 12081] raylet_client.cc:336: Error reporting task backlog information: IOError: 
[2022-01-10 14:03:26,603 I 11763 12081] raylet_client.cc:336: Error reporting task backlog information: IOError: 
[2022-01-10 14:03:27,603 I 11763 12081] raylet_client.cc:336: Error reporting task backlog information: IOError: 
[2022-01-10 14:03:28,603 I 11763 12081] raylet_client.cc:336: Error reporting task backlog information: IOError: 
[2022-01-10 14:03:29,603 I 11763 12081] raylet_client.cc:336: Error reporting task backlog information: IOError: 
[2022-01-10 14:03:30,604 I 11763 12081] raylet_client.cc:336: Error reporting task backlog information: IOError: 
[2022-01-10 14:03:31,604 I 11763 12081] raylet_client.cc:336: Error reporting task backlog information: IOError: 
[2022-01-10 14:03:32,604 I 11763 12081] raylet_client.cc:336: Error reporting task backlog information: IOError: 
[2022-01-10 14:03:32,660 W 11763 12082] metric_exporter.cc:206: Export metrics to agent failed: IOError: . This won't affect Ray, but you can lose metrics from the cluster.
[2022-01-10 14:03:33,604 I 11763 12081] raylet_client.cc:336: Error reporting task backlog information: IOError: 
[2022-01-10 14:03:34,604 I 11763 12081] raylet_client.cc:336: Error reporting task backlog information: IOError: 
[2022-01-10 14:03:35,604 I 11763 12081] raylet_client.cc:336: Error reporting task backlog information: IOError: 
[2022-01-10 14:03:36,604 I 11763 12081] raylet_client.cc:336: Error reporting task backlog information: IOError: 
[2022-01-10 14:03:37,604 I 11763 12081] raylet_client.cc:336: Error reporting task backlog information: IOError: 
[2022-01-10 14:03:38,604 I 11763 12081] raylet_client.cc:336: Error reporting task backlog information: IOError: 
[2022-01-10 14:03:39,604 I 11763 12081] raylet_client.cc:336: Error reporting task backlog information: IOError: 
[2022-01-10 14:03:40,604 I 11763 12081] raylet_client.cc:336: Error reporting task backlog information: IOError: 
[2022-01-10 14:03:41,604 I 11763 12081] raylet_client.cc:336: Error reporting task backlog information: IOError: 
[2022-01-10 14:03:42,605 I 11763 12081] raylet_client.cc:336: Error reporting task backlog information: IOError: 
[2022-01-10 14:03:42,668 W 11763 12082] metric_exporter.cc:206: Export metrics to agent failed: IOError: . This won't affect Ray, but you can lose metrics from the cluster.
[2022-01-10 14:03:43,605 I 11763 12081] raylet_client.cc:336: Error reporting task backlog information: IOError: 
[2022-01-10 14:03:44,605 I 11763 12081] raylet_client.cc:336: Error reporting task backlog information: IOError: 
[2022-01-10 14:03:45,605 I 11763 12081] raylet_client.cc:336: Error reporting task backlog information: IOError: 
[2022-01-10 14:03:46,605 I 11763 12081] raylet_client.cc:336: Error reporting task backlog information: IOError: 
[2022-01-10 14:03:47,605 I 11763 12081] raylet_client.cc:336: Error reporting task backlog information: IOError: 
[2022-01-10 14:03:48,605 I 11763 12081] raylet_client.cc:336: Error reporting task backlog information: IOError: 
[2022-01-10 14:03:49,605 I 11763 12081] raylet_client.cc:336: Error reporting task backlog information: IOError: 
[2022-01-10 14:03:50,605 I 11763 12081] raylet_client.cc:336: Error reporting task backlog information: IOError: 
[2022-01-10 14:03:51,605 I 11763 12081] raylet_client.cc:336: Error reporting task backlog information: IOError: 
[2022-01-10 14:03:52,605 I 11763 12081] raylet_client.cc:336: Error reporting task backlog information: IOError: 
[2022-01-10 14:03:52,675 W 11763 12082] metric_exporter.cc:206: Export metrics to agent failed: IOError: . This won't affect Ray, but you can lose metrics from the cluster.
[2022-01-10 14:03:53,605 I 11763 12081] raylet_client.cc:336: Error reporting task backlog information: IOError: 
[2022-01-10 14:03:54,605 I 11763 12081] raylet_client.cc:336: Error reporting task backlog information: IOError: 
[2022-01-10 14:03:55,605 I 11763 12081] raylet_client.cc:336: Error reporting task backlog information: IOError: 
[2022-01-10 14:03:56,605 I 11763 12081] raylet_client.cc:336: Error reporting task backlog information: IOError: 
[2022-01-10 14:03:57,605 I 11763 12081] raylet_client.cc:336: Error reporting task backlog information: IOError: 
[2022-01-10 14:03:58,605 I 11763 12081] raylet_client.cc:336: Error reporting task backlog information: IOError: 
[2022-01-10 14:03:59,605 I 11763 12081] raylet_client.cc:336: Error reporting task backlog information: IOError: 
[2022-01-10 14:04:00,605 I 11763 12081] raylet_client.cc:336: Error reporting task backlog information: IOError: 
[2022-01-10 14:04:01,605 I 11763 12081] raylet_client.cc:336: Error reporting task backlog information: IOError: 
[2022-01-10 14:04:02,606 I 11763 12081] raylet_client.cc:336: Error reporting task backlog information: IOError: 
[2022-01-10 14:04:02,682 W 11763 12082] metric_exporter.cc:206: Export metrics to agent failed: IOError: . This won't affect Ray, but you can lose metrics from the cluster.
[2022-01-10 14:04:03,606 I 11763 12081] raylet_client.cc:336: Error reporting task backlog information: IOError: 
[2022-01-10 14:04:04,606 I 11763 12081] raylet_client.cc:336: Error reporting task backlog information: IOError: 
[2022-01-10 14:04:05,606 I 11763 12081] raylet_client.cc:336: Error reporting task backlog information: IOError: 
[2022-01-10 14:04:06,606 I 11763 12081] raylet_client.cc:336: Error reporting task backlog information: IOError: 
[2022-01-10 14:04:07,606 I 11763 12081] raylet_client.cc:336: Error reporting task backlog information: IOError: 
[2022-01-10 14:04:08,606 I 11763 12081] raylet_client.cc:336: Error reporting task backlog information: IOError: 
[2022-01-10 14:04:09,606 I 11763 12081] raylet_client.cc:336: Error reporting task backlog information: IOError: 
[2022-01-10 14:04:10,606 I 11763 12081] raylet_client.cc:336: Error reporting task backlog information: IOError: 
[2022-01-10 14:04:11,606 I 11763 12081] raylet_client.cc:336: Error reporting task backlog information: IOError: 
[2022-01-10 14:04:12,606 I 11763 12081] raylet_client.cc:336: Error reporting task backlog information: IOError: 
[2022-01-10 14:04:12,689 W 11763 12082] metric_exporter.cc:206: Export metrics to agent failed: IOError: . This won't affect Ray, but you can lose metrics from the cluster.
[2022-01-10 14:04:13,606 I 11763 12081] raylet_client.cc:336: Error reporting task backlog information: IOError: 
[2022-01-10 14:04:14,606 I 11763 12081] raylet_client.cc:336: Error reporting task backlog information: IOError: 
[2022-01-10 14:04:15,607 I 11763 12081] raylet_client.cc:336: Error reporting task backlog information: IOError: 
[2022-01-10 14:04:16,607 I 11763 12081] raylet_client.cc:336: Error reporting task backlog information: IOError: 
[2022-01-10 14:04:17,607 I 11763 12081] raylet_client.cc:336: Error reporting task backlog information: IOError: 
[2022-01-10 14:04:18,607 I 11763 12081] raylet_client.cc:336: Error reporting task backlog information: IOError: 
[2022-01-10 14:04:19,607 I 11763 12081] raylet_client.cc:336: Error reporting task backlog information: IOError: 
[2022-01-10 14:04:20,607 I 11763 12081] raylet_client.cc:336: Error reporting task backlog information: IOError: 
[2022-01-10 14:04:21,607 I 11763 12081] raylet_client.cc:336: Error reporting task backlog information: IOError: 
[2022-01-10 14:04:22,607 I 11763 12081] raylet_client.cc:336: Error reporting task backlog information: IOError: 
[2022-01-10 14:04:22,696 W 11763 12082] metric_exporter.cc:206: Export metrics to agent failed: IOError: . This won't affect Ray, but you can lose metrics from the cluster.
[2022-01-10 14:04:23,607 I 11763 12081] raylet_client.cc:336: Error reporting task backlog information: IOError: 
[2022-01-10 14:04:24,607 I 11763 12081] raylet_client.cc:336: Error reporting task backlog information: IOError: 
[2022-01-10 14:04:25,607 I 11763 12081] raylet_client.cc:336: Error reporting task backlog information: IOError: 
[2022-01-10 14:04:26,607 I 11763 12081] raylet_client.cc:336: Error reporting task backlog information: IOError: 
[2022-01-10 14:04:27,608 I 11763 12081] raylet_client.cc:336: Error reporting task backlog information: IOError: 
[2022-01-10 14:04:28,608 I 11763 12081] raylet_client.cc:336: Error reporting task backlog information: IOError: 
[2022-01-10 14:04:29,608 I 11763 12081] raylet_client.cc:336: Error reporting task backlog information: IOError: 
[2022-01-10 14:04:30,608 I 11763 12081] raylet_client.cc:336: Error reporting task backlog information: IOError: 
[2022-01-10 14:04:31,608 I 11763 12081] raylet_client.cc:336: Error reporting task backlog information: IOError: 
[2022-01-10 14:04:32,608 I 11763 12081] raylet_client.cc:336: Error reporting task backlog information: IOError: 
[2022-01-10 14:04:32,703 W 11763 12082] metric_exporter.cc:206: Export metrics to agent failed: IOError: . This won't affect Ray, but you can lose metrics from the cluster.
[2022-01-10 14:04:33,608 I 11763 12081] raylet_client.cc:336: Error reporting task backlog information: IOError: 
[2022-01-10 14:04:34,608 I 11763 12081] raylet_client.cc:336: Error reporting task backlog information: IOError: 
[2022-01-10 14:04:35,608 I 11763 12081] raylet_client.cc:336: Error reporting task backlog information: IOError: 
[2022-01-10 14:04:36,608 I 11763 12081] raylet_client.cc:336: Error reporting task backlog information: IOError: 
[2022-01-10 14:04:37,608 I 11763 12081] raylet_client.cc:336: Error reporting task backlog information: IOError: 
[2022-01-10 14:04:38,608 I 11763 12081] raylet_client.cc:336: Error reporting task backlog information: IOError: 
[2022-01-10 14:04:39,609 I 11763 12081] raylet_client.cc:336: Error reporting task backlog information: IOError: 
[2022-01-10 14:04:40,609 I 11763 12081] raylet_client.cc:336: Error reporting task backlog information: IOError: 
[2022-01-10 14:04:41,609 I 11763 12081] raylet_client.cc:336: Error reporting task backlog information: IOError: 
[2022-01-10 14:04:42,609 I 11763 12081] raylet_client.cc:336: Error reporting task backlog information: IOError: 
[2022-01-10 14:04:42,711 W 11763 12082] metric_exporter.cc:206: Export metrics to agent failed: IOError: . This won't affect Ray, but you can lose metrics from the cluster.
[2022-01-10 14:04:43,609 I 11763 12081] raylet_client.cc:336: Error reporting task backlog information: IOError: 
[2022-01-10 14:04:44,609 I 11763 12081] raylet_client.cc:336: Error reporting task backlog information: IOError: 
[2022-01-10 14:04:45,609 I 11763 12081] raylet_client.cc:336: Error reporting task backlog information: IOError: 
[2022-01-10 14:04:46,609 I 11763 12081] raylet_client.cc:336: Error reporting task backlog information: IOError: 
[2022-01-10 14:04:47,609 I 11763 12081] raylet_client.cc:336: Error reporting task backlog information: IOError: 
[2022-01-10 14:04:48,609 I 11763 12081] raylet_client.cc:336: Error reporting task backlog information: IOError: 
[2022-01-10 14:04:49,609 I 11763 12081] raylet_client.cc:336: Error reporting task backlog information: IOError: 
[2022-01-10 14:04:50,609 I 11763 12081] raylet_client.cc:336: Error reporting task backlog information: IOError: 
[2022-01-10 14:04:51,609 I 11763 12081] raylet_client.cc:336: Error reporting task backlog information: IOError: 
[2022-01-10 14:04:52,609 I 11763 12081] raylet_client.cc:336: Error reporting task backlog information: IOError: 
[2022-01-10 14:04:52,718 W 11763 12082] metric_exporter.cc:206: Export metrics to agent failed: IOError: . This won't affect Ray, but you can lose metrics from the cluster.
[2022-01-10 14:04:53,610 I 11763 12081] raylet_client.cc:336: Error reporting task backlog information: IOError: 
[2022-01-10 14:04:54,610 I 11763 12081] raylet_client.cc:336: Error reporting task backlog information: IOError: 
[2022-01-10 14:04:55,610 I 11763 12081] raylet_client.cc:336: Error reporting task backlog information: IOError: 
[2022-01-10 14:04:56,610 I 11763 12081] raylet_client.cc:336: Error reporting task backlog information: IOError: 
[2022-01-10 14:04:57,610 I 11763 12081] raylet_client.cc:336: Error reporting task backlog information: IOError: 
[2022-01-10 14:04:58,610 I 11763 12081] raylet_client.cc:336: Error reporting task backlog information: IOError: 
[2022-01-10 14:04:59,610 I 11763 12081] raylet_client.cc:336: Error reporting task backlog information: IOError: 
[2022-01-10 14:05:00,610 I 11763 12081] raylet_client.cc:336: Error reporting task backlog information: IOError: 
[2022-01-10 14:05:01,610 I 11763 12081] raylet_client.cc:336: Error reporting task backlog information: IOError: 
[2022-01-10 14:05:02,610 I 11763 12081] raylet_client.cc:336: Error reporting task backlog information: IOError: 
[2022-01-10 14:05:02,727 W 11763 12082] metric_exporter.cc:206: Export metrics to agent failed: IOError: . This won't affect Ray, but you can lose metrics from the cluster.
[2022-01-10 14:05:03,610 I 11763 12081] raylet_client.cc:336: Error reporting task backlog information: IOError: 
[2022-01-10 14:05:04,610 I 11763 12081] raylet_client.cc:336: Error reporting task backlog information: IOError: 
[2022-01-10 14:05:05,610 I 11763 12081] raylet_client.cc:336: Error reporting task backlog information: IOError: 
[2022-01-10 14:05:06,611 I 11763 12081] raylet_client.cc:336: Error reporting task backlog information: IOError: 
[2022-01-10 14:05:07,611 I 11763 12081] raylet_client.cc:336: Error reporting task backlog information: IOError: 
[2022-01-10 14:05:08,611 I 11763 12081] raylet_client.cc:336: Error reporting task backlog information: IOError: 
[2022-01-10 14:05:09,611 I 11763 12081] raylet_client.cc:336: Error reporting task backlog information: IOError: 
[2022-01-10 14:05:10,611 I 11763 12081] raylet_client.cc:336: Error reporting task backlog information: IOError: 
[2022-01-10 14:05:11,611 I 11763 12081] raylet_client.cc:336: Error reporting task backlog information: IOError: 
[2022-01-10 14:05:12,611 I 11763 12081] raylet_client.cc:336: Error reporting task backlog information: IOError: 
[2022-01-10 14:05:12,735 W 11763 12082] metric_exporter.cc:206: Export metrics to agent failed: IOError: . This won't affect Ray, but you can lose metrics from the cluster.
[2022-01-10 14:05:13,611 I 11763 12081] raylet_client.cc:336: Error reporting task backlog information: IOError: 
[2022-01-10 14:05:14,611 I 11763 12081] raylet_client.cc:336: Error reporting task backlog information: IOError: 
[2022-01-10 14:05:15,611 I 11763 12081] raylet_client.cc:336: Error reporting task backlog information: IOError: 
[2022-01-10 14:05:16,611 I 11763 12081] raylet_client.cc:336: Error reporting task backlog information: IOError: 
[2022-01-10 14:05:17,611 I 11763 12081] raylet_client.cc:336: Error reporting task backlog information: IOError: 
[2022-01-10 14:05:18,611 I 11763 12081] raylet_client.cc:336: Error reporting task backlog information: IOError: 
[2022-01-10 14:05:19,611 I 11763 12081] raylet_client.cc:336: Error reporting task backlog information: IOError: 
[2022-01-10 14:05:20,612 I 11763 12081] raylet_client.cc:336: Error reporting task backlog information: IOError: 
[2022-01-10 14:05:21,612 I 11763 12081] raylet_client.cc:336: Error reporting task backlog information: IOError: 
[2022-01-10 14:05:22,612 I 11763 12081] raylet_client.cc:336: Error reporting task backlog information: IOError: 
[2022-01-10 14:05:22,742 W 11763 12082] metric_exporter.cc:206: Export metrics to agent failed: IOError: . This won't affect Ray, but you can lose metrics from the cluster.
[2022-01-10 14:05:23,612 I 11763 12081] raylet_client.cc:336: Error reporting task backlog information: IOError: 
[2022-01-10 14:05:24,612 I 11763 12081] raylet_client.cc:336: Error reporting task backlog information: IOError: 
[2022-01-10 14:05:25,612 I 11763 12081] raylet_client.cc:336: Error reporting task backlog information: IOError: 
[2022-01-10 14:05:26,612 I 11763 12081] raylet_client.cc:336: Error reporting task backlog information: IOError: 
[2022-01-10 14:05:27,612 I 11763 12081] raylet_client.cc:336: Error reporting task backlog information: IOError: 
[2022-01-10 14:05:28,612 I 11763 12081] raylet_client.cc:336: Error reporting task backlog information: IOError: 
[2022-01-10 14:05:29,612 I 11763 12081] raylet_client.cc:336: Error reporting task backlog information: IOError: 
[2022-01-10 14:05:30,615 I 11763 12081] raylet_client.cc:336: Error reporting task backlog information: IOError: 
[2022-01-10 14:05:31,615 I 11763 12081] raylet_client.cc:336: Error reporting task backlog information: IOError: 
[2022-01-10 14:05:32,615 I 11763 12081] raylet_client.cc:336: Error reporting task backlog information: IOError: 
[2022-01-10 14:05:32,752 W 11763 12082] metric_exporter.cc:206: Export metrics to agent failed: IOError: . This won't affect Ray, but you can lose metrics from the cluster.
[2022-01-10 14:05:33,615 I 11763 12081] raylet_client.cc:336: Error reporting task backlog information: IOError: 
[2022-01-10 14:05:34,615 I 11763 12081] raylet_client.cc:336: Error reporting task backlog information: IOError: 
[2022-01-10 14:05:35,615 I 11763 12081] raylet_client.cc:336: Error reporting task backlog information: IOError: 
[2022-01-10 14:05:36,615 I 11763 12081] raylet_client.cc:336: Error reporting task backlog information: IOError: 
[2022-01-10 14:05:37,615 I 11763 12081] raylet_client.cc:336: Error reporting task backlog information: IOError: 
[2022-01-10 14:05:38,616 I 11763 12081] raylet_client.cc:336: Error reporting task backlog information: IOError: 
[2022-01-10 14:05:39,616 I 11763 12081] raylet_client.cc:336: Error reporting task backlog information: IOError: 
[2022-01-10 14:05:40,616 I 11763 12081] raylet_client.cc:336: Error reporting task backlog information: IOError: 
[2022-01-10 14:05:41,616 I 11763 12081] raylet_client.cc:336: Error reporting task backlog information: IOError: 
[2022-01-10 14:05:42,616 I 11763 12081] raylet_client.cc:336: Error reporting task backlog information: IOError: 
[2022-01-10 14:05:42,763 W 11763 12082] metric_exporter.cc:206: Export metrics to agent failed: IOError: . This won't affect Ray, but you can lose metrics from the cluster.
[2022-01-10 14:05:43,616 I 11763 12081] raylet_client.cc:336: Error reporting task backlog information: IOError: 
[2022-01-10 14:05:44,616 I 11763 12081] raylet_client.cc:336: Error reporting task backlog information: IOError: 
[2022-01-10 14:05:45,616 I 11763 12081] raylet_client.cc:336: Error reporting task backlog information: IOError: 
[2022-01-10 14:05:46,616 I 11763 12081] raylet_client.cc:336: Error reporting task backlog information: IOError: 
[2022-01-10 14:05:47,616 I 11763 12081] raylet_client.cc:336: Error reporting task backlog information: IOError: 
[2022-01-10 14:05:48,616 I 11763 12081] raylet_client.cc:336: Error reporting task backlog information: IOError: 
[2022-01-10 14:05:49,616 I 11763 12081] raylet_client.cc:336: Error reporting task backlog information: IOError: 
[2022-01-10 14:05:50,616 I 11763 12081] raylet_client.cc:336: Error reporting task backlog information: IOError: 
[2022-01-10 14:05:51,616 I 11763 12081] raylet_client.cc:336: Error reporting task backlog information: IOError: 
[2022-01-10 14:05:52,617 I 11763 12081] raylet_client.cc:336: Error reporting task backlog information: IOError: 
[2022-01-10 14:05:52,770 W 11763 12082] metric_exporter.cc:206: Export metrics to agent failed: IOError: . This won't affect Ray, but you can lose metrics from the cluster.
[2022-01-10 14:05:53,617 I 11763 12081] raylet_client.cc:336: Error reporting task backlog information: IOError: 
[2022-01-10 14:05:54,617 I 11763 12081] raylet_client.cc:336: Error reporting task backlog information: IOError: 
[2022-01-10 14:05:55,617 I 11763 12081] raylet_client.cc:336: Error reporting task backlog information: IOError: 
[2022-01-10 14:05:56,617 I 11763 12081] raylet_client.cc:336: Error reporting task backlog information: IOError: 
[2022-01-10 14:05:57,617 I 11763 12081] raylet_client.cc:336: Error reporting task backlog information: IOError: 
[2022-01-10 14:05:58,617 I 11763 12081] raylet_client.cc:336: Error reporting task backlog information: IOError: 
[2022-01-10 14:05:59,617 I 11763 12081] raylet_client.cc:336: Error reporting task backlog information: IOError: 
[2022-01-10 14:06:00,617 I 11763 12081] raylet_client.cc:336: Error reporting task backlog information: IOError: 
[2022-01-10 14:06:01,617 I 11763 12081] raylet_client.cc:336: Error reporting task backlog information: IOError: 
[2022-01-10 14:06:02,617 I 11763 12081] raylet_client.cc:336: Error reporting task backlog information: IOError: 
[2022-01-10 14:06:02,777 W 11763 12082] metric_exporter.cc:206: Export metrics to agent failed: IOError: . This won't affect Ray, but you can lose metrics from the cluster.
[2022-01-10 14:06:03,617 I 11763 12081] raylet_client.cc:336: Error reporting task backlog information: IOError: 
[2022-01-10 14:06:04,617 I 11763 12081] raylet_client.cc:336: Error reporting task backlog information: IOError: 
[2022-01-10 14:06:05,617 I 11763 12081] raylet_client.cc:336: Error reporting task backlog information: IOError: 
[2022-01-10 14:06:06,618 I 11763 12081] raylet_client.cc:336: Error reporting task backlog information: IOError: 
[2022-01-10 14:06:07,618 I 11763 12081] raylet_client.cc:336: Error reporting task backlog information: IOError: 
[2022-01-10 14:06:08,618 I 11763 12081] raylet_client.cc:336: Error reporting task backlog information: IOError: 
[2022-01-10 14:06:09,618 I 11763 12081] raylet_client.cc:336: Error reporting task backlog information: IOError: 
[2022-01-10 14:06:10,618 I 11763 12081] raylet_client.cc:336: Error reporting task backlog information: IOError: 
[2022-01-10 14:06:11,618 I 11763 12081] raylet_client.cc:336: Error reporting task backlog information: IOError: 
[2022-01-10 14:06:12,618 I 11763 12081] raylet_client.cc:336: Error reporting task backlog information: IOError: 
[2022-01-10 14:06:12,784 W 11763 12082] metric_exporter.cc:206: Export metrics to agent failed: IOError: . This won't affect Ray, but you can lose metrics from the cluster.
[2022-01-10 14:06:13,618 I 11763 12081] raylet_client.cc:336: Error reporting task backlog information: IOError: 
[2022-01-10 14:06:14,618 I 11763 12081] raylet_client.cc:336: Error reporting task backlog information: IOError: 
[2022-01-10 14:06:15,618 I 11763 12081] raylet_client.cc:336: Error reporting task backlog information: IOError: 
[2022-01-10 14:06:16,618 I 11763 12081] raylet_client.cc:336: Error reporting task backlog information: IOError: 
[2022-01-10 14:06:17,618 I 11763 12081] raylet_client.cc:336: Error reporting task backlog information: IOError: 
[2022-01-10 14:06:18,618 I 11763 12081] raylet_client.cc:336: Error reporting task backlog information: IOError: 
[2022-01-10 14:06:19,618 I 11763 12081] raylet_client.cc:336: Error reporting task backlog information: IOError: 
[2022-01-10 14:06:20,618 I 11763 12081] raylet_client.cc:336: Error reporting task backlog information: IOError: 
[2022-01-10 14:06:21,618 I 11763 12081] raylet_client.cc:336: Error reporting task backlog information: IOError: 
[2022-01-10 14:06:22,619 I 11763 12081] raylet_client.cc:336: Error reporting task backlog information: IOError: 
[2022-01-10 14:06:22,804 W 11763 12082] metric_exporter.cc:206: Export metrics to agent failed: IOError: . This won't affect Ray, but you can lose metrics from the cluster.
[2022-01-10 14:06:23,619 I 11763 12081] raylet_client.cc:336: Error reporting task backlog information: IOError: 
[2022-01-10 14:06:24,619 I 11763 12081] raylet_client.cc:336: Error reporting task backlog information: IOError: 
[2022-01-10 14:06:25,619 I 11763 12081] raylet_client.cc:336: Error reporting task backlog information: IOError: 
[2022-01-10 14:06:26,619 I 11763 12081] raylet_client.cc:336: Error reporting task backlog information: IOError: 
[2022-01-10 14:06:27,619 I 11763 12081] raylet_client.cc:336: Error reporting task backlog information: IOError: 
[2022-01-10 14:06:28,619 I 11763 12081] raylet_client.cc:336: Error reporting task backlog information: IOError: 
[2022-01-10 14:06:29,619 I 11763 12081] raylet_client.cc:336: Error reporting task backlog information: IOError: 
[2022-01-10 14:06:30,619 I 11763 12081] raylet_client.cc:336: Error reporting task backlog information: IOError: 
[2022-01-10 14:06:31,619 I 11763 12081] raylet_client.cc:336: Error reporting task backlog information: IOError: 
[2022-01-10 14:06:32,619 I 11763 12081] raylet_client.cc:336: Error reporting task backlog information: IOError: 
[2022-01-10 14:06:32,813 W 11763 12082] metric_exporter.cc:206: Export metrics to agent failed: IOError: . This won't affect Ray, but you can lose metrics from the cluster.
[2022-01-10 14:06:33,619 I 11763 12081] raylet_client.cc:336: Error reporting task backlog information: IOError: 
[2022-01-10 14:06:34,619 I 11763 12081] raylet_client.cc:336: Error reporting task backlog information: IOError: 
[2022-01-10 14:06:35,619 I 11763 12081] raylet_client.cc:336: Error reporting task backlog information: IOError: 
[2022-01-10 14:06:36,619 I 11763 12081] raylet_client.cc:336: Error reporting task backlog information: IOError: 
[2022-01-10 14:06:37,620 I 11763 12081] raylet_client.cc:336: Error reporting task backlog information: IOError: 
[2022-01-10 14:06:38,620 I 11763 12081] raylet_client.cc:336: Error reporting task backlog information: IOError: 
[2022-01-10 14:06:39,620 I 11763 12081] raylet_client.cc:336: Error reporting task backlog information: IOError: 
[2022-01-10 14:06:40,620 I 11763 12081] raylet_client.cc:336: Error reporting task backlog information: IOError: 
[2022-01-10 14:06:41,620 I 11763 12081] raylet_client.cc:336: Error reporting task backlog information: IOError: 
[2022-01-10 14:06:42,620 I 11763 12081] raylet_client.cc:336: Error reporting task backlog information: IOError: 
[2022-01-10 14:06:42,819 W 11763 12082] metric_exporter.cc:206: Export metrics to agent failed: IOError: . This won't affect Ray, but you can lose metrics from the cluster.
[2022-01-10 14:06:43,620 I 11763 12081] raylet_client.cc:336: Error reporting task backlog information: IOError: 
[2022-01-10 14:06:44,620 I 11763 12081] raylet_client.cc:336: Error reporting task backlog information: IOError: 
[2022-01-10 14:06:45,620 I 11763 12081] raylet_client.cc:336: Error reporting task backlog information: IOError: 
[2022-01-10 14:06:46,620 I 11763 12081] raylet_client.cc:336: Error reporting task backlog information: IOError: 
[2022-01-10 14:06:47,620 I 11763 12081] raylet_client.cc:336: Error reporting task backlog information: IOError: 
[2022-01-10 14:06:48,620 I 11763 12081] raylet_client.cc:336: Error reporting task backlog information: IOError: 
[2022-01-10 14:06:49,621 I 11763 12081] raylet_client.cc:336: Error reporting task backlog information: IOError: 
[2022-01-10 14:06:50,621 I 11763 12081] raylet_client.cc:336: Error reporting task backlog information: IOError: 
[2022-01-10 14:06:51,621 I 11763 12081] raylet_client.cc:336: Error reporting task backlog information: IOError: 
[2022-01-10 14:06:52,621 I 11763 12081] raylet_client.cc:336: Error reporting task backlog information: IOError: 
[2022-01-10 14:06:52,826 W 11763 12082] metric_exporter.cc:206: Export metrics to agent failed: IOError: . This won't affect Ray, but you can lose metrics from the cluster.
[2022-01-10 14:06:53,621 I 11763 12081] raylet_client.cc:336: Error reporting task backlog information: IOError: 
[2022-01-10 14:06:54,621 I 11763 12081] raylet_client.cc:336: Error reporting task backlog information: IOError: 
[2022-01-10 14:06:55,621 I 11763 12081] raylet_client.cc:336: Error reporting task backlog information: IOError: 
[2022-01-10 14:06:56,621 I 11763 12081] raylet_client.cc:336: Error reporting task backlog information: IOError: 
[2022-01-10 14:06:57,621 I 11763 12081] raylet_client.cc:336: Error reporting task backlog information: IOError: 
[2022-01-10 14:06:58,621 I 11763 12081] raylet_client.cc:336: Error reporting task backlog information: IOError: 
[2022-01-10 14:06:59,622 I 11763 12081] raylet_client.cc:336: Error reporting task backlog information: IOError: 
[2022-01-10 14:07:00,622 I 11763 12081] raylet_client.cc:336: Error reporting task backlog information: IOError: 
[2022-01-10 14:07:01,622 I 11763 12081] raylet_client.cc:336: Error reporting task backlog information: IOError: 
[2022-01-10 14:07:02,622 I 11763 12081] raylet_client.cc:336: Error reporting task backlog information: IOError: 
[2022-01-10 14:07:02,835 W 11763 12082] metric_exporter.cc:206: Export metrics to agent failed: IOError: . This won't affect Ray, but you can lose metrics from the cluster.
[2022-01-10 14:07:03,622 I 11763 12081] raylet_client.cc:336: Error reporting task backlog information: IOError: 
[2022-01-10 14:07:04,622 I 11763 12081] raylet_client.cc:336: Error reporting task backlog information: IOError: 
[2022-01-10 14:07:05,622 I 11763 12081] raylet_client.cc:336: Error reporting task backlog information: IOError: 
[2022-01-10 14:07:06,622 I 11763 12081] raylet_client.cc:336: Error reporting task backlog information: IOError: 
[2022-01-10 14:07:07,622 I 11763 12081] raylet_client.cc:336: Error reporting task backlog information: IOError: 
[2022-01-10 14:07:08,622 I 11763 12081] raylet_client.cc:336: Error reporting task backlog information: IOError: 
[2022-01-10 14:07:09,622 I 11763 12081] raylet_client.cc:336: Error reporting task backlog information: IOError: 
[2022-01-10 14:07:10,622 I 11763 12081] raylet_client.cc:336: Error reporting task backlog information: IOError: 
[2022-01-10 14:07:11,622 I 11763 12081] raylet_client.cc:336: Error reporting task backlog information: IOError: 
[2022-01-10 14:07:12,623 I 11763 12081] raylet_client.cc:336: Error reporting task backlog information: IOError: 
[2022-01-10 14:07:12,842 W 11763 12082] metric_exporter.cc:206: Export metrics to agent failed: IOError: . This won't affect Ray, but you can lose metrics from the cluster.
[2022-01-10 14:07:13,623 I 11763 12081] raylet_client.cc:336: Error reporting task backlog information: IOError: 
[2022-01-10 14:07:14,623 I 11763 12081] raylet_client.cc:336: Error reporting task backlog information: IOError: 
[2022-01-10 14:07:15,623 I 11763 12081] raylet_client.cc:336: Error reporting task backlog information: IOError: 
[2022-01-10 14:07:16,623 I 11763 12081] raylet_client.cc:336: Error reporting task backlog information: IOError: 
[2022-01-10 14:07:17,623 I 11763 12081] raylet_client.cc:336: Error reporting task backlog information: IOError: 
[2022-01-10 14:07:18,623 I 11763 12081] raylet_client.cc:336: Error reporting task backlog information: IOError: 
[2022-01-10 14:07:19,623 I 11763 12081] raylet_client.cc:336: Error reporting task backlog information: IOError: 
[2022-01-10 14:07:20,623 I 11763 12081] raylet_client.cc:336: Error reporting task backlog information: IOError: 
[2022-01-10 14:07:21,623 I 11763 12081] raylet_client.cc:336: Error reporting task backlog information: IOError: 
[2022-01-10 14:07:22,623 I 11763 12081] raylet_client.cc:336: Error reporting task backlog information: IOError: 
[2022-01-10 14:07:22,848 W 11763 12082] metric_exporter.cc:206: Export metrics to agent failed: IOError: . This won't affect Ray, but you can lose metrics from the cluster.
[2022-01-10 14:07:23,623 I 11763 12081] raylet_client.cc:336: Error reporting task backlog information: IOError: 
[2022-01-10 14:07:24,623 I 11763 12081] raylet_client.cc:336: Error reporting task backlog information: IOError: 
[2022-01-10 14:07:25,623 I 11763 12081] raylet_client.cc:336: Error reporting task backlog information: IOError: 
[2022-01-10 14:07:26,623 I 11763 12081] raylet_client.cc:336: Error reporting task backlog information: IOError: 
[2022-01-10 14:07:27,624 I 11763 12081] raylet_client.cc:336: Error reporting task backlog information: IOError: 
[2022-01-10 14:07:28,624 I 11763 12081] raylet_client.cc:336: Error reporting task backlog information: IOError: 
[2022-01-10 14:07:29,624 I 11763 12081] raylet_client.cc:336: Error reporting task backlog information: IOError: 
[2022-01-10 14:07:30,624 I 11763 12081] raylet_client.cc:336: Error reporting task backlog information: IOError: 
[2022-01-10 14:07:31,624 I 11763 12081] raylet_client.cc:336: Error reporting task backlog information: IOError: 
[2022-01-10 14:07:32,624 I 11763 12081] raylet_client.cc:336: Error reporting task backlog information: IOError: 
[2022-01-10 14:07:32,861 W 11763 12082] metric_exporter.cc:206: Export metrics to agent failed: IOError: . This won't affect Ray, but you can lose metrics from the cluster.
[2022-01-10 14:07:33,624 I 11763 12081] raylet_client.cc:336: Error reporting task backlog information: IOError: 
[2022-01-10 14:07:34,624 I 11763 12081] raylet_client.cc:336: Error reporting task backlog information: IOError: 
[2022-01-10 14:07:35,624 I 11763 12081] raylet_client.cc:336: Error reporting task backlog information: IOError: 
[2022-01-10 14:07:36,624 I 11763 12081] raylet_client.cc:336: Error reporting task backlog information: IOError: 
[2022-01-10 14:07:37,624 I 11763 12081] raylet_client.cc:336: Error reporting task backlog information: IOError: 
[2022-01-10 14:07:38,624 I 11763 12081] raylet_client.cc:336: Error reporting task backlog information: IOError: 
[2022-01-10 14:07:39,624 I 11763 12081] raylet_client.cc:336: Error reporting task backlog information: IOError: 
[2022-01-10 14:07:40,625 I 11763 12081] raylet_client.cc:336: Error reporting task backlog information: IOError: 
[2022-01-10 14:07:41,625 I 11763 12081] raylet_client.cc:336: Error reporting task backlog information: IOError: 
[2022-01-10 14:07:42,625 I 11763 12081] raylet_client.cc:336: Error reporting task backlog information: IOError: 
[2022-01-10 14:07:42,867 W 11763 12082] metric_exporter.cc:206: Export metrics to agent failed: IOError: . This won't affect Ray, but you can lose metrics from the cluster.
[2022-01-10 14:07:43,625 I 11763 12081] raylet_client.cc:336: Error reporting task backlog information: IOError: 
[2022-01-10 14:07:44,625 I 11763 12081] raylet_client.cc:336: Error reporting task backlog information: IOError: 
[2022-01-10 14:07:45,625 I 11763 12081] raylet_client.cc:336: Error reporting task backlog information: IOError: 
[2022-01-10 14:07:46,464 W 11763 11964] gcs_server_address_updater.cc:61: [301] Failed to get the gcs server address from raylet 301 times in a row. If it keeps failing to obtain the address, the worker might crash. Connection status IOError: 
[2022-01-10 14:07:46,625 I 11763 12081] raylet_client.cc:336: Error reporting task backlog information: IOError: 
[2022-01-10 14:07:47,625 I 11763 12081] raylet_client.cc:336: Error reporting task backlog information: IOError: 
[2022-01-10 14:07:48,625 I 11763 12081] raylet_client.cc:336: Error reporting task backlog information: IOError: 
[2022-01-10 14:07:49,625 I 11763 12081] raylet_client.cc:336: Error reporting task backlog information: IOError: 
[2022-01-10 14:07:50,625 I 11763 12081] raylet_client.cc:336: Error reporting task backlog information: IOError: 
[2022-01-10 14:07:51,625 I 11763 12081] raylet_client.cc:336: Error reporting task backlog information: IOError: 
[2022-01-10 14:07:52,625 I 11763 12081] raylet_client.cc:336: Error reporting task backlog information: IOError: 
[2022-01-10 14:07:52,878 W 11763 12082] metric_exporter.cc:206: Export metrics to agent failed: IOError: . This won't affect Ray, but you can lose metrics from the cluster.
[2022-01-10 14:07:53,625 I 11763 12081] raylet_client.cc:336: Error reporting task backlog information: IOError: 
[2022-01-10 14:07:54,626 I 11763 12081] raylet_client.cc:336: Error reporting task backlog information: IOError: 
[2022-01-10 14:07:55,626 I 11763 12081] raylet_client.cc:336: Error reporting task backlog information: IOError: 
[2022-01-10 14:07:56,626 I 11763 12081] raylet_client.cc:336: Error reporting task backlog information: IOError: 
[2022-01-10 14:07:57,626 I 11763 12081] raylet_client.cc:336: Error reporting task backlog information: IOError: 
[2022-01-10 14:07:58,626 I 11763 12081] raylet_client.cc:336: Error reporting task backlog information: IOError: 
[2022-01-10 14:07:59,626 I 11763 12081] raylet_client.cc:336: Error reporting task backlog information: IOError: 
[2022-01-10 14:08:00,626 I 11763 12081] raylet_client.cc:336: Error reporting task backlog information: IOError: 
[2022-01-10 14:08:01,626 I 11763 12081] raylet_client.cc:336: Error reporting task backlog information: IOError: 
[2022-01-10 14:08:02,626 I 11763 12081] raylet_client.cc:336: Error reporting task backlog information: IOError: 
[2022-01-10 14:08:02,884 W 11763 12082] metric_exporter.cc:206: Export metrics to agent failed: IOError: . This won't affect Ray, but you can lose metrics from the cluster.
[2022-01-10 14:08:03,626 I 11763 12081] raylet_client.cc:336: Error reporting task backlog information: IOError: 
[2022-01-10 14:08:04,626 I 11763 12081] raylet_client.cc:336: Error reporting task backlog information: IOError: 
[2022-01-10 14:08:05,626 I 11763 12081] raylet_client.cc:336: Error reporting task backlog information: IOError: 
[2022-01-10 14:08:06,626 I 11763 12081] raylet_client.cc:336: Error reporting task backlog information: IOError: 
[2022-01-10 14:08:07,626 I 11763 12081] raylet_client.cc:336: Error reporting task backlog information: IOError: 
[2022-01-10 14:08:08,626 I 11763 12081] raylet_client.cc:336: Error reporting task backlog information: IOError: 
[2022-01-10 14:08:09,626 I 11763 12081] raylet_client.cc:336: Error reporting task backlog information: IOError: 
[2022-01-10 14:08:10,627 I 11763 12081] raylet_client.cc:336: Error reporting task backlog information: IOError: 
[2022-01-10 14:08:11,627 I 11763 12081] raylet_client.cc:336: Error reporting task backlog information: IOError: 
[2022-01-10 14:08:12,627 I 11763 12081] raylet_client.cc:336: Error reporting task backlog information: IOError: 
[2022-01-10 14:08:12,891 W 11763 12082] metric_exporter.cc:206: Export metrics to agent failed: IOError: . This won't affect Ray, but you can lose metrics from the cluster.
[2022-01-10 14:08:13,627 I 11763 12081] raylet_client.cc:336: Error reporting task backlog information: IOError: 
[2022-01-10 14:08:14,627 I 11763 12081] raylet_client.cc:336: Error reporting task backlog information: IOError: 
[2022-01-10 14:08:15,627 I 11763 12081] raylet_client.cc:336: Error reporting task backlog information: IOError: 
[2022-01-10 14:08:16,627 I 11763 12081] raylet_client.cc:336: Error reporting task backlog information: IOError: 
[2022-01-10 14:08:17,627 I 11763 12081] raylet_client.cc:336: Error reporting task backlog information: IOError: 
[2022-01-10 14:08:18,627 I 11763 12081] raylet_client.cc:336: Error reporting task backlog information: IOError: 
[2022-01-10 14:08:19,627 I 11763 12081] raylet_client.cc:336: Error reporting task backlog information: IOError: 
[2022-01-10 14:08:20,627 I 11763 12081] raylet_client.cc:336: Error reporting task backlog information: IOError: 
[2022-01-10 14:08:21,627 I 11763 12081] raylet_client.cc:336: Error reporting task backlog information: IOError: 
[2022-01-10 14:08:22,627 I 11763 12081] raylet_client.cc:336: Error reporting task backlog information: IOError: 
[2022-01-10 14:08:22,898 W 11763 12082] metric_exporter.cc:206: Export metrics to agent failed: IOError: . This won't affect Ray, but you can lose metrics from the cluster.
[2022-01-10 14:08:23,627 I 11763 12081] raylet_client.cc:336: Error reporting task backlog information: IOError: 
[2022-01-10 14:08:24,628 I 11763 12081] raylet_client.cc:336: Error reporting task backlog information: IOError: 
[2022-01-10 14:08:25,628 I 11763 12081] raylet_client.cc:336: Error reporting task backlog information: IOError: 
[2022-01-10 14:08:26,628 I 11763 12081] raylet_client.cc:336: Error reporting task backlog information: IOError: 
[2022-01-10 14:08:27,628 I 11763 12081] raylet_client.cc:336: Error reporting task backlog information: IOError: 
[2022-01-10 14:08:28,628 I 11763 12081] raylet_client.cc:336: Error reporting task backlog information: IOError: 
[2022-01-10 14:08:29,628 I 11763 12081] raylet_client.cc:336: Error reporting task backlog information: IOError: 
[2022-01-10 14:08:30,628 I 11763 12081] raylet_client.cc:336: Error reporting task backlog information: IOError: 
[2022-01-10 14:08:31,628 I 11763 12081] raylet_client.cc:336: Error reporting task backlog information: IOError: 
[2022-01-10 14:08:32,628 I 11763 12081] raylet_client.cc:336: Error reporting task backlog information: IOError: 
[2022-01-10 14:08:32,905 W 11763 12082] metric_exporter.cc:206: Export metrics to agent failed: IOError: . This won't affect Ray, but you can lose metrics from the cluster.
[2022-01-10 14:08:33,628 I 11763 12081] raylet_client.cc:336: Error reporting task backlog information: IOError: 
[2022-01-10 14:08:34,628 I 11763 12081] raylet_client.cc:336: Error reporting task backlog information: IOError: 
[2022-01-10 14:08:35,628 I 11763 12081] raylet_client.cc:336: Error reporting task backlog information: IOError: 
[2022-01-10 14:08:36,628 I 11763 12081] raylet_client.cc:336: Error reporting task backlog information: IOError: 
[2022-01-10 14:08:37,629 I 11763 12081] raylet_client.cc:336: Error reporting task backlog information: IOError: 
[2022-01-10 14:08:38,629 I 11763 12081] raylet_client.cc:336: Error reporting task backlog information: IOError: 
[2022-01-10 14:08:39,629 I 11763 12081] raylet_client.cc:336: Error reporting task backlog information: IOError: 
[2022-01-10 14:08:40,629 I 11763 12081] raylet_client.cc:336: Error reporting task backlog information: IOError: 
[2022-01-10 14:08:41,629 I 11763 12081] raylet_client.cc:336: Error reporting task backlog information: IOError: 
[2022-01-10 14:08:42,629 I 11763 12081] raylet_client.cc:336: Error reporting task backlog information: IOError: 
[2022-01-10 14:08:42,912 W 11763 12082] metric_exporter.cc:206: Export metrics to agent failed: IOError: . This won't affect Ray, but you can lose metrics from the cluster.
[2022-01-10 14:08:43,629 I 11763 12081] raylet_client.cc:336: Error reporting task backlog information: IOError: 
[2022-01-10 14:08:44,629 I 11763 12081] raylet_client.cc:336: Error reporting task backlog information: IOError: 
[2022-01-10 14:08:45,629 I 11763 12081] raylet_client.cc:336: Error reporting task backlog information: IOError: 
[2022-01-10 14:08:46,629 I 11763 12081] raylet_client.cc:336: Error reporting task backlog information: IOError: 
[2022-01-10 14:08:47,629 I 11763 12081] raylet_client.cc:336: Error reporting task backlog information: IOError: 
[2022-01-10 14:08:48,629 I 11763 12081] raylet_client.cc:336: Error reporting task backlog information: IOError: 
[2022-01-10 14:08:49,629 I 11763 12081] raylet_client.cc:336: Error reporting task backlog information: IOError: 
[2022-01-10 14:08:50,629 I 11763 12081] raylet_client.cc:336: Error reporting task backlog information: IOError: 
[2022-01-10 14:08:51,630 I 11763 12081] raylet_client.cc:336: Error reporting task backlog information: IOError: 
[2022-01-10 14:08:52,630 I 11763 12081] raylet_client.cc:336: Error reporting task backlog information: IOError: 
[2022-01-10 14:08:52,919 W 11763 12082] metric_exporter.cc:206: Export metrics to agent failed: IOError: . This won't affect Ray, but you can lose metrics from the cluster.
[2022-01-10 14:08:53,630 I 11763 12081] raylet_client.cc:336: Error reporting task backlog information: IOError: 
[2022-01-10 14:08:54,630 I 11763 12081] raylet_client.cc:336: Error reporting task backlog information: IOError: 
[2022-01-10 14:08:55,630 I 11763 12081] raylet_client.cc:336: Error reporting task backlog information: IOError: 
[2022-01-10 14:08:56,630 I 11763 12081] raylet_client.cc:336: Error reporting task backlog information: IOError: 
[2022-01-10 14:08:57,630 I 11763 12081] raylet_client.cc:336: Error reporting task backlog information: IOError: 
[2022-01-10 14:08:58,630 I 11763 12081] raylet_client.cc:336: Error reporting task backlog information: IOError: 
[2022-01-10 14:08:59,630 I 11763 12081] raylet_client.cc:336: Error reporting task backlog information: IOError: 
[2022-01-10 14:09:00,630 I 11763 12081] raylet_client.cc:336: Error reporting task backlog information: IOError: 
[2022-01-10 14:09:01,630 I 11763 12081] raylet_client.cc:336: Error reporting task backlog information: IOError: 
[2022-01-10 14:09:02,630 I 11763 12081] raylet_client.cc:336: Error reporting task backlog information: IOError: 
[2022-01-10 14:09:02,925 W 11763 12082] metric_exporter.cc:206: Export metrics to agent failed: IOError: . This won't affect Ray, but you can lose metrics from the cluster.
[2022-01-10 14:09:03,630 I 11763 12081] raylet_client.cc:336: Error reporting task backlog information: IOError: 
[2022-01-10 14:09:04,631 I 11763 12081] raylet_client.cc:336: Error reporting task backlog information: IOError: 
[2022-01-10 14:09:05,631 I 11763 12081] raylet_client.cc:336: Error reporting task backlog information: IOError: 
[2022-01-10 14:09:06,631 I 11763 12081] raylet_client.cc:336: Error reporting task backlog information: IOError: 
[2022-01-10 14:09:07,631 I 11763 12081] raylet_client.cc:336: Error reporting task backlog information: IOError: 
[2022-01-10 14:09:08,631 I 11763 12081] raylet_client.cc:336: Error reporting task backlog information: IOError: 
[2022-01-10 14:09:09,631 I 11763 12081] raylet_client.cc:336: Error reporting task backlog information: IOError: 
[2022-01-10 14:09:10,631 I 11763 12081] raylet_client.cc:336: Error reporting task backlog information: IOError: 
[2022-01-10 14:09:11,631 I 11763 12081] raylet_client.cc:336: Error reporting task backlog information: IOError: 
[2022-01-10 14:09:12,631 I 11763 12081] raylet_client.cc:336: Error reporting task backlog information: IOError: 
[2022-01-10 14:09:12,934 W 11763 12082] metric_exporter.cc:206: Export metrics to agent failed: IOError: . This won't affect Ray, but you can lose metrics from the cluster.
[2022-01-10 14:09:13,631 I 11763 12081] raylet_client.cc:336: Error reporting task backlog information: IOError: 
[2022-01-10 14:09:14,631 I 11763 12081] raylet_client.cc:336: Error reporting task backlog information: IOError: 
[2022-01-10 14:09:15,631 I 11763 12081] raylet_client.cc:336: Error reporting task backlog information: IOError: 
[2022-01-10 14:09:16,631 I 11763 12081] raylet_client.cc:336: Error reporting task backlog information: IOError: 
[2022-01-10 14:09:17,631 I 11763 12081] raylet_client.cc:336: Error reporting task backlog information: IOError: 
[2022-01-10 14:09:18,632 I 11763 12081] raylet_client.cc:336: Error reporting task backlog information: IOError: 
[2022-01-10 14:09:19,632 I 11763 12081] raylet_client.cc:336: Error reporting task backlog information: IOError: 
[2022-01-10 14:09:20,632 I 11763 12081] raylet_client.cc:336: Error reporting task backlog information: IOError: 
[2022-01-10 14:09:21,632 I 11763 12081] raylet_client.cc:336: Error reporting task backlog information: IOError: 
[2022-01-10 14:09:22,632 I 11763 12081] raylet_client.cc:336: Error reporting task backlog information: IOError: 
[2022-01-10 14:09:22,941 W 11763 12082] metric_exporter.cc:206: Export metrics to agent failed: IOError: . This won't affect Ray, but you can lose metrics from the cluster.
[2022-01-10 14:09:23,632 I 11763 12081] raylet_client.cc:336: Error reporting task backlog information: IOError: 
[2022-01-10 14:09:24,633 I 11763 12081] raylet_client.cc:336: Error reporting task backlog information: IOError: 
[2022-01-10 14:09:25,633 I 11763 12081] raylet_client.cc:336: Error reporting task backlog information: IOError: 
[2022-01-10 14:09:26,633 I 11763 12081] raylet_client.cc:336: Error reporting task backlog information: IOError: 
[2022-01-10 14:09:27,633 I 11763 12081] raylet_client.cc:336: Error reporting task backlog information: IOError: 
[2022-01-10 14:09:28,633 I 11763 12081] raylet_client.cc:336: Error reporting task backlog information: IOError: 
[2022-01-10 14:09:29,633 I 11763 12081] raylet_client.cc:336: Error reporting task backlog information: IOError: 
[2022-01-10 14:09:30,633 I 11763 12081] raylet_client.cc:336: Error reporting task backlog information: IOError: 
[2022-01-10 14:09:31,633 I 11763 12081] raylet_client.cc:336: Error reporting task backlog information: IOError: 
[2022-01-10 14:09:32,633 I 11763 12081] raylet_client.cc:336: Error reporting task backlog information: IOError: 
[2022-01-10 14:09:32,947 W 11763 12082] metric_exporter.cc:206: Export metrics to agent failed: IOError: . This won't affect Ray, but you can lose metrics from the cluster.
[2022-01-10 14:09:33,633 I 11763 12081] raylet_client.cc:336: Error reporting task backlog information: IOError: 
[2022-01-10 14:09:34,633 I 11763 12081] raylet_client.cc:336: Error reporting task backlog information: IOError: 
[2022-01-10 14:09:35,633 I 11763 12081] raylet_client.cc:336: Error reporting task backlog information: IOError: 
[2022-01-10 14:09:36,633 I 11763 12081] raylet_client.cc:336: Error reporting task backlog information: IOError: 
[2022-01-10 14:09:37,633 I 11763 12081] raylet_client.cc:336: Error reporting task backlog information: IOError: 
[2022-01-10 14:09:38,633 I 11763 12081] raylet_client.cc:336: Error reporting task backlog information: IOError: 
[2022-01-10 14:09:39,633 I 11763 12081] raylet_client.cc:336: Error reporting task backlog information: IOError: 
[2022-01-10 14:09:40,634 I 11763 12081] raylet_client.cc:336: Error reporting task backlog information: IOError: 
[2022-01-10 14:09:41,634 I 11763 12081] raylet_client.cc:336: Error reporting task backlog information: IOError: 
[2022-01-10 14:09:42,634 I 11763 12081] raylet_client.cc:336: Error reporting task backlog information: IOError: 
[2022-01-10 14:09:42,954 W 11763 12082] metric_exporter.cc:206: Export metrics to agent failed: IOError: . This won't affect Ray, but you can lose metrics from the cluster.
[2022-01-10 14:09:43,634 I 11763 12081] raylet_client.cc:336: Error reporting task backlog information: IOError: 
[2022-01-10 14:09:44,634 I 11763 12081] raylet_client.cc:336: Error reporting task backlog information: IOError: 
[2022-01-10 14:09:45,634 I 11763 12081] raylet_client.cc:336: Error reporting task backlog information: IOError: 
[2022-01-10 14:09:46,634 I 11763 12081] raylet_client.cc:336: Error reporting task backlog information: IOError: 
[2022-01-10 14:09:47,634 I 11763 12081] raylet_client.cc:336: Error reporting task backlog information: IOError: 
[2022-01-10 14:09:48,634 I 11763 12081] raylet_client.cc:336: Error reporting task backlog information: IOError: 
[2022-01-10 14:09:49,634 I 11763 12081] raylet_client.cc:336: Error reporting task backlog information: IOError: 
[2022-01-10 14:09:50,634 I 11763 12081] raylet_client.cc:336: Error reporting task backlog information: IOError: 
[2022-01-10 14:09:51,634 I 11763 12081] raylet_client.cc:336: Error reporting task backlog information: IOError: 
[2022-01-10 14:09:52,634 I 11763 12081] raylet_client.cc:336: Error reporting task backlog information: IOError: 
[2022-01-10 14:09:52,964 W 11763 12082] metric_exporter.cc:206: Export metrics to agent failed: IOError: . This won't affect Ray, but you can lose metrics from the cluster.
[2022-01-10 14:09:53,634 I 11763 12081] raylet_client.cc:336: Error reporting task backlog information: IOError: 
[2022-01-10 14:09:54,634 I 11763 12081] raylet_client.cc:336: Error reporting task backlog information: IOError: 
[2022-01-10 14:09:55,634 I 11763 12081] raylet_client.cc:336: Error reporting task backlog information: IOError: 
[2022-01-10 14:09:56,635 I 11763 12081] raylet_client.cc:336: Error reporting task backlog information: IOError: 
[2022-01-10 14:09:57,635 I 11763 12081] raylet_client.cc:336: Error reporting task backlog information: IOError: 
[2022-01-10 14:09:58,635 I 11763 12081] raylet_client.cc:336: Error reporting task backlog information: IOError: 
[2022-01-10 14:09:59,635 I 11763 12081] raylet_client.cc:336: Error reporting task backlog information: IOError: 
[2022-01-10 14:10:00,635 I 11763 12081] raylet_client.cc:336: Error reporting task backlog information: IOError: 
[2022-01-10 14:10:01,635 I 11763 12081] raylet_client.cc:336: Error reporting task backlog information: IOError: 
[2022-01-10 14:10:02,635 I 11763 12081] raylet_client.cc:336: Error reporting task backlog information: IOError: 
[2022-01-10 14:10:02,971 W 11763 12082] metric_exporter.cc:206: Export metrics to agent failed: IOError: . This won't affect Ray, but you can lose metrics from the cluster.
[2022-01-10 14:10:03,635 I 11763 12081] raylet_client.cc:336: Error reporting task backlog information: IOError: 
[2022-01-10 14:10:04,635 I 11763 12081] raylet_client.cc:336: Error reporting task backlog information: IOError: 
[2022-01-10 14:10:05,635 I 11763 12081] raylet_client.cc:336: Error reporting task backlog information: IOError: 
[2022-01-10 14:10:06,635 I 11763 12081] raylet_client.cc:336: Error reporting task backlog information: IOError: 
[2022-01-10 14:10:07,635 I 11763 12081] raylet_client.cc:336: Error reporting task backlog information: IOError: 
[2022-01-10 14:10:08,635 I 11763 12081] raylet_client.cc:336: Error reporting task backlog information: IOError: 
[2022-01-10 14:10:09,635 I 11763 12081] raylet_client.cc:336: Error reporting task backlog information: IOError: 
[2022-01-10 14:10:10,635 I 11763 12081] raylet_client.cc:336: Error reporting task backlog information: IOError: 
[2022-01-10 14:10:11,635 I 11763 12081] raylet_client.cc:336: Error reporting task backlog information: IOError: 
[2022-01-10 14:10:12,636 I 11763 12081] raylet_client.cc:336: Error reporting task backlog information: IOError: 
[2022-01-10 14:10:12,979 W 11763 12082] metric_exporter.cc:206: Export metrics to agent failed: IOError: . This won't affect Ray, but you can lose metrics from the cluster.
[2022-01-10 14:10:13,636 I 11763 12081] raylet_client.cc:336: Error reporting task backlog information: IOError: 
[2022-01-10 14:10:14,636 I 11763 12081] raylet_client.cc:336: Error reporting task backlog information: IOError: 
[2022-01-10 14:10:15,636 I 11763 12081] raylet_client.cc:336: Error reporting task backlog information: IOError: 
[2022-01-10 14:10:16,636 I 11763 12081] raylet_client.cc:336: Error reporting task backlog information: IOError: 
[2022-01-10 14:10:17,636 I 11763 12081] raylet_client.cc:336: Error reporting task backlog information: IOError: 
[2022-01-10 14:10:18,636 I 11763 12081] raylet_client.cc:336: Error reporting task backlog information: IOError: 
[2022-01-10 14:10:19,636 I 11763 12081] raylet_client.cc:336: Error reporting task backlog information: IOError: 
[2022-01-10 14:10:20,636 I 11763 12081] raylet_client.cc:336: Error reporting task backlog information: IOError: 
[2022-01-10 14:10:21,636 I 11763 12081] raylet_client.cc:336: Error reporting task backlog information: IOError: 
[2022-01-10 14:10:22,636 I 11763 12081] raylet_client.cc:336: Error reporting task backlog information: IOError: 
[2022-01-10 14:10:22,986 W 11763 12082] metric_exporter.cc:206: Export metrics to agent failed: IOError: . This won't affect Ray, but you can lose metrics from the cluster.
[2022-01-10 14:10:23,636 I 11763 12081] raylet_client.cc:336: Error reporting task backlog information: IOError: 
[2022-01-10 14:10:24,636 I 11763 12081] raylet_client.cc:336: Error reporting task backlog information: IOError: 
[2022-01-10 14:10:25,636 I 11763 12081] raylet_client.cc:336: Error reporting task backlog information: IOError: 
[2022-01-10 14:10:26,636 I 11763 12081] raylet_client.cc:336: Error reporting task backlog information: IOError: 
[2022-01-10 14:10:27,636 I 11763 12081] raylet_client.cc:336: Error reporting task backlog information: IOError: 
[2022-01-10 14:10:28,637 I 11763 12081] raylet_client.cc:336: Error reporting task backlog information: IOError: 
[2022-01-10 14:10:29,637 I 11763 12081] raylet_client.cc:336: Error reporting task backlog information: IOError: 
[2022-01-10 14:10:30,637 I 11763 12081] raylet_client.cc:336: Error reporting task backlog information: IOError: 
[2022-01-10 14:10:31,637 I 11763 12081] raylet_client.cc:336: Error reporting task backlog information: IOError: 
[2022-01-10 14:10:32,637 I 11763 12081] raylet_client.cc:336: Error reporting task backlog information: IOError: 
[2022-01-10 14:10:32,993 W 11763 12082] metric_exporter.cc:206: Export metrics to agent failed: IOError: . This won't affect Ray, but you can lose metrics from the cluster.
[2022-01-10 14:10:33,637 I 11763 12081] raylet_client.cc:336: Error reporting task backlog information: IOError: 
[2022-01-10 14:10:34,637 I 11763 12081] raylet_client.cc:336: Error reporting task backlog information: IOError: 
[2022-01-10 14:10:35,637 I 11763 12081] raylet_client.cc:336: Error reporting task backlog information: IOError: 
[2022-01-10 14:10:36,637 I 11763 12081] raylet_client.cc:336: Error reporting task backlog information: IOError: 
[2022-01-10 14:10:37,637 I 11763 12081] raylet_client.cc:336: Error reporting task backlog information: IOError: 
[2022-01-10 14:10:38,637 I 11763 12081] raylet_client.cc:336: Error reporting task backlog information: IOError: 
[2022-01-10 14:10:39,637 I 11763 12081] raylet_client.cc:336: Error reporting task backlog information: IOError: 
[2022-01-10 14:10:40,637 I 11763 12081] raylet_client.cc:336: Error reporting task backlog information: IOError: 
[2022-01-10 14:10:41,638 I 11763 12081] raylet_client.cc:336: Error reporting task backlog information: IOError: 
[2022-01-10 14:10:42,638 I 11763 12081] raylet_client.cc:336: Error reporting task backlog information: IOError: 
[2022-01-10 14:10:43,000 W 11763 12082] metric_exporter.cc:206: Export metrics to agent failed: IOError: . This won't affect Ray, but you can lose metrics from the cluster.
[2022-01-10 14:10:43,638 I 11763 12081] raylet_client.cc:336: Error reporting task backlog information: IOError: 
[2022-01-10 14:10:44,638 I 11763 12081] raylet_client.cc:336: Error reporting task backlog information: IOError: 
[2022-01-10 14:10:45,638 I 11763 12081] raylet_client.cc:336: Error reporting task backlog information: IOError: 
[2022-01-10 14:10:46,638 I 11763 12081] raylet_client.cc:336: Error reporting task backlog information: IOError: 
[2022-01-10 14:10:47,638 I 11763 12081] raylet_client.cc:336: Error reporting task backlog information: IOError: 
[2022-01-10 14:10:48,638 I 11763 12081] raylet_client.cc:336: Error reporting task backlog information: IOError: 
[2022-01-10 14:10:49,638 I 11763 12081] raylet_client.cc:336: Error reporting task backlog information: IOError: 
[2022-01-10 14:10:50,638 I 11763 12081] raylet_client.cc:336: Error reporting task backlog information: IOError: 
[2022-01-10 14:10:51,638 I 11763 12081] raylet_client.cc:336: Error reporting task backlog information: IOError: 
[2022-01-10 14:10:52,638 I 11763 12081] raylet_client.cc:336: Error reporting task backlog information: IOError: 
[2022-01-10 14:10:53,007 W 11763 12082] metric_exporter.cc:206: Export metrics to agent failed: IOError: . This won't affect Ray, but you can lose metrics from the cluster.
[2022-01-10 14:10:53,638 I 11763 12081] raylet_client.cc:336: Error reporting task backlog information: IOError: 
[2022-01-10 14:10:54,639 I 11763 12081] raylet_client.cc:336: Error reporting task backlog information: IOError: 
[2022-01-10 14:10:55,639 I 11763 12081] raylet_client.cc:336: Error reporting task backlog information: IOError: 
[2022-01-10 14:10:56,639 I 11763 12081] raylet_client.cc:336: Error reporting task backlog information: IOError: 
[2022-01-10 14:10:57,639 I 11763 12081] raylet_client.cc:336: Error reporting task backlog information: IOError: 
[2022-01-10 14:10:58,639 I 11763 12081] raylet_client.cc:336: Error reporting task backlog information: IOError: 
[2022-01-10 14:10:59,639 I 11763 12081] raylet_client.cc:336: Error reporting task backlog information: IOError: 
[2022-01-10 14:11:00,639 I 11763 12081] raylet_client.cc:336: Error reporting task backlog information: IOError: 
[2022-01-10 14:11:01,639 I 11763 12081] raylet_client.cc:336: Error reporting task backlog information: IOError: 
[2022-01-10 14:11:02,639 I 11763 12081] raylet_client.cc:336: Error reporting task backlog information: IOError: 
[2022-01-10 14:11:03,021 W 11763 12082] metric_exporter.cc:206: Export metrics to agent failed: IOError: . This won't affect Ray, but you can lose metrics from the cluster.
[2022-01-10 14:11:03,639 I 11763 12081] raylet_client.cc:336: Error reporting task backlog information: IOError: 
[2022-01-10 14:11:04,639 I 11763 12081] raylet_client.cc:336: Error reporting task backlog information: IOError: 
[2022-01-10 14:11:05,640 I 11763 12081] raylet_client.cc:336: Error reporting task backlog information: IOError: 
[2022-01-10 14:11:06,641 I 11763 12081] raylet_client.cc:336: Error reporting task backlog information: IOError: 
[2022-01-10 14:11:07,640 I 11763 12081] raylet_client.cc:336: Error reporting task backlog information: IOError: 
[2022-01-10 14:11:08,640 I 11763 12081] raylet_client.cc:336: Error reporting task backlog information: IOError: 
[2022-01-10 14:11:09,640 I 11763 12081] raylet_client.cc:336: Error reporting task backlog information: IOError: 
[2022-01-10 14:11:10,640 I 11763 12081] raylet_client.cc:336: Error reporting task backlog information: IOError: 
[2022-01-10 14:11:11,640 I 11763 12081] raylet_client.cc:336: Error reporting task backlog information: IOError: 
[2022-01-10 14:11:12,640 I 11763 12081] raylet_client.cc:336: Error reporting task backlog information: IOError: 
[2022-01-10 14:11:13,028 W 11763 12082] metric_exporter.cc:206: Export metrics to agent failed: IOError: . This won't affect Ray, but you can lose metrics from the cluster.
[2022-01-10 14:11:13,640 I 11763 12081] raylet_client.cc:336: Error reporting task backlog information: IOError: 
[2022-01-10 14:11:14,640 I 11763 12081] raylet_client.cc:336: Error reporting task backlog information: IOError: 
[2022-01-10 14:11:15,640 I 11763 12081] raylet_client.cc:336: Error reporting task backlog information: IOError: 
[2022-01-10 14:11:16,640 I 11763 12081] raylet_client.cc:336: Error reporting task backlog information: IOError: 
[2022-01-10 14:11:17,640 I 11763 12081] raylet_client.cc:336: Error reporting task backlog information: IOError: 
[2022-01-10 14:11:18,640 I 11763 12081] raylet_client.cc:336: Error reporting task backlog information: IOError: 
[2022-01-10 14:11:19,641 I 11763 12081] raylet_client.cc:336: Error reporting task backlog information: IOError: 
[2022-01-10 14:11:20,641 I 11763 12081] raylet_client.cc:336: Error reporting task backlog information: IOError: 
[2022-01-10 14:11:21,641 I 11763 12081] raylet_client.cc:336: Error reporting task backlog information: IOError: 
[2022-01-10 14:11:22,641 I 11763 12081] raylet_client.cc:336: Error reporting task backlog information: IOError: 
[2022-01-10 14:11:23,036 W 11763 12082] metric_exporter.cc:206: Export metrics to agent failed: IOError: . This won't affect Ray, but you can lose metrics from the cluster.
[2022-01-10 14:11:23,641 I 11763 12081] raylet_client.cc:336: Error reporting task backlog information: IOError: 
[2022-01-10 14:11:24,641 I 11763 12081] raylet_client.cc:336: Error reporting task backlog information: IOError: 
[2022-01-10 14:11:25,641 I 11763 12081] raylet_client.cc:336: Error reporting task backlog information: IOError: 
[2022-01-10 14:11:26,642 I 11763 12081] raylet_client.cc:336: Error reporting task backlog information: IOError: 
[2022-01-10 14:11:27,641 I 11763 12081] raylet_client.cc:336: Error reporting task backlog information: IOError: 
[2022-01-10 14:11:28,641 I 11763 12081] raylet_client.cc:336: Error reporting task backlog information: IOError: 
[2022-01-10 14:11:29,641 I 11763 12081] raylet_client.cc:336: Error reporting task backlog information: IOError: 
[2022-01-10 14:11:30,642 I 11763 12081] raylet_client.cc:336: Error reporting task backlog information: IOError: 
[2022-01-10 14:11:31,642 I 11763 12081] raylet_client.cc:336: Error reporting task backlog information: IOError: 
[2022-01-10 14:11:32,642 I 11763 12081] raylet_client.cc:336: Error reporting task backlog information: IOError: 
[2022-01-10 14:11:33,043 W 11763 12082] metric_exporter.cc:206: Export metrics to agent failed: IOError: . This won't affect Ray, but you can lose metrics from the cluster.
[2022-01-10 14:11:33,642 I 11763 12081] raylet_client.cc:336: Error reporting task backlog information: IOError: 
[2022-01-10 14:11:34,642 I 11763 12081] raylet_client.cc:336: Error reporting task backlog information: IOError: 
[2022-01-10 14:11:35,642 I 11763 12081] raylet_client.cc:336: Error reporting task backlog information: IOError: 
[2022-01-10 14:11:36,642 I 11763 12081] raylet_client.cc:336: Error reporting task backlog information: IOError: 
[2022-01-10 14:11:37,642 I 11763 12081] raylet_client.cc:336: Error reporting task backlog information: IOError: 
[2022-01-10 14:11:38,642 I 11763 12081] raylet_client.cc:336: Error reporting task backlog information: IOError: 
[2022-01-10 14:11:39,643 I 11763 12081] raylet_client.cc:336: Error reporting task backlog information: IOError: 
[2022-01-10 14:11:40,642 I 11763 12081] raylet_client.cc:336: Error reporting task backlog information: IOError: 
[2022-01-10 14:11:41,642 I 11763 12081] raylet_client.cc:336: Error reporting task backlog information: IOError: 
[2022-01-10 14:11:42,643 I 11763 12081] raylet_client.cc:336: Error reporting task backlog information: IOError: 
[2022-01-10 14:11:43,049 W 11763 12082] metric_exporter.cc:206: Export metrics to agent failed: IOError: . This won't affect Ray, but you can lose metrics from the cluster.
[2022-01-10 14:11:43,643 I 11763 12081] raylet_client.cc:336: Error reporting task backlog information: IOError: 
[2022-01-10 14:11:44,643 I 11763 12081] raylet_client.cc:336: Error reporting task backlog information: IOError: 
[2022-01-10 14:11:45,643 I 11763 12081] raylet_client.cc:336: Error reporting task backlog information: IOError: 
[2022-01-10 14:11:46,643 I 11763 12081] raylet_client.cc:336: Error reporting task backlog information: IOError: 
[2022-01-10 14:11:47,643 I 11763 12081] raylet_client.cc:336: Error reporting task backlog information: IOError: 
[2022-01-10 14:11:48,643 I 11763 12081] raylet_client.cc:336: Error reporting task backlog information: IOError: 
[2022-01-10 14:11:49,643 I 11763 12081] raylet_client.cc:336: Error reporting task backlog information: IOError: 
[2022-01-10 14:11:50,643 I 11763 12081] raylet_client.cc:336: Error reporting task backlog information: IOError: 
[2022-01-10 14:11:51,643 I 11763 12081] raylet_client.cc:336: Error reporting task backlog information: IOError: 
[2022-01-10 14:11:52,643 I 11763 12081] raylet_client.cc:336: Error reporting task backlog information: IOError: 
[2022-01-10 14:11:53,056 W 11763 12082] metric_exporter.cc:206: Export metrics to agent failed: IOError: . This won't affect Ray, but you can lose metrics from the cluster.
[2022-01-10 14:11:53,644 I 11763 12081] raylet_client.cc:336: Error reporting task backlog information: IOError: 
[2022-01-10 14:11:54,644 I 11763 12081] raylet_client.cc:336: Error reporting task backlog information: IOError: 
[2022-01-10 14:11:55,644 I 11763 12081] raylet_client.cc:336: Error reporting task backlog information: IOError: 
[2022-01-10 14:11:56,644 I 11763 12081] raylet_client.cc:336: Error reporting task backlog information: IOError: 
[2022-01-10 14:11:57,644 I 11763 12081] raylet_client.cc:336: Error reporting task backlog information: IOError: 
[2022-01-10 14:11:58,644 I 11763 12081] raylet_client.cc:336: Error reporting task backlog information: IOError: 
[2022-01-10 14:11:59,644 I 11763 12081] raylet_client.cc:336: Error reporting task backlog information: IOError: 
[2022-01-10 14:12:00,644 I 11763 12081] raylet_client.cc:336: Error reporting task backlog information: IOError: 
[2022-01-10 14:12:01,645 I 11763 12081] raylet_client.cc:336: Error reporting task backlog information: IOError: 
[2022-01-10 14:12:02,645 I 11763 12081] raylet_client.cc:336: Error reporting task backlog information: IOError: 
[2022-01-10 14:12:03,063 W 11763 12082] metric_exporter.cc:206: Export metrics to agent failed: IOError: . This won't affect Ray, but you can lose metrics from the cluster.
[2022-01-10 14:12:03,645 I 11763 12081] raylet_client.cc:336: Error reporting task backlog information: IOError: 
[2022-01-10 14:12:04,645 I 11763 12081] raylet_client.cc:336: Error reporting task backlog information: IOError: 
[2022-01-10 14:12:05,645 I 11763 12081] raylet_client.cc:336: Error reporting task backlog information: IOError: 
[2022-01-10 14:12:06,645 I 11763 12081] raylet_client.cc:336: Error reporting task backlog information: IOError: 
[2022-01-10 14:12:07,645 I 11763 12081] raylet_client.cc:336: Error reporting task backlog information: IOError: 
[2022-01-10 14:12:08,645 I 11763 12081] raylet_client.cc:336: Error reporting task backlog information: IOError: 
[2022-01-10 14:12:09,645 I 11763 12081] raylet_client.cc:336: Error reporting task backlog information: IOError: 
[2022-01-10 14:12:10,645 I 11763 12081] raylet_client.cc:336: Error reporting task backlog information: IOError: 
[2022-01-10 14:12:11,645 I 11763 12081] raylet_client.cc:336: Error reporting task backlog information: IOError: 
[2022-01-10 14:12:12,645 I 11763 12081] raylet_client.cc:336: Error reporting task backlog information: IOError: 
[2022-01-10 14:12:13,070 W 11763 12082] metric_exporter.cc:206: Export metrics to agent failed: IOError: . This won't affect Ray, but you can lose metrics from the cluster.
[2022-01-10 14:12:13,646 I 11763 12081] raylet_client.cc:336: Error reporting task backlog information: IOError: 
[2022-01-10 14:12:14,646 I 11763 12081] raylet_client.cc:336: Error reporting task backlog information: IOError: 
[2022-01-10 14:12:15,646 I 11763 12081] raylet_client.cc:336: Error reporting task backlog information: IOError: 
[2022-01-10 14:12:16,646 I 11763 12081] raylet_client.cc:336: Error reporting task backlog information: IOError: 
[2022-01-10 14:12:17,646 I 11763 12081] raylet_client.cc:336: Error reporting task backlog information: IOError: 
[2022-01-10 14:12:18,646 I 11763 12081] raylet_client.cc:336: Error reporting task backlog information: IOError: 
[2022-01-10 14:12:19,646 I 11763 12081] raylet_client.cc:336: Error reporting task backlog information: IOError: 
[2022-01-10 14:12:20,646 I 11763 12081] raylet_client.cc:336: Error reporting task backlog information: IOError: 
[2022-01-10 14:12:21,646 I 11763 12081] raylet_client.cc:336: Error reporting task backlog information: IOError: 
[2022-01-10 14:12:22,646 I 11763 12081] raylet_client.cc:336: Error reporting task backlog information: IOError: 
[2022-01-10 14:12:23,076 W 11763 12082] metric_exporter.cc:206: Export metrics to agent failed: IOError: . This won't affect Ray, but you can lose metrics from the cluster.
[2022-01-10 14:12:23,646 I 11763 12081] raylet_client.cc:336: Error reporting task backlog information: IOError: 
[2022-01-10 14:12:24,646 I 11763 12081] raylet_client.cc:336: Error reporting task backlog information: IOError: 
[2022-01-10 14:12:25,647 I 11763 12081] raylet_client.cc:336: Error reporting task backlog information: IOError: 
[2022-01-10 14:12:26,647 I 11763 12081] raylet_client.cc:336: Error reporting task backlog information: IOError: 
[2022-01-10 14:12:27,647 I 11763 12081] raylet_client.cc:336: Error reporting task backlog information: IOError: 
[2022-01-10 14:12:28,647 I 11763 12081] raylet_client.cc:336: Error reporting task backlog information: IOError: 
[2022-01-10 14:12:29,647 I 11763 12081] raylet_client.cc:336: Error reporting task backlog information: IOError: 
[2022-01-10 14:12:30,647 I 11763 12081] raylet_client.cc:336: Error reporting task backlog information: IOError: 
[2022-01-10 14:12:31,647 I 11763 12081] raylet_client.cc:336: Error reporting task backlog information: IOError: 
[2022-01-10 14:12:32,647 I 11763 12081] raylet_client.cc:336: Error reporting task backlog information: IOError: 
[2022-01-10 14:12:33,083 W 11763 12082] metric_exporter.cc:206: Export metrics to agent failed: IOError: . This won't affect Ray, but you can lose metrics from the cluster.
[2022-01-10 14:12:33,647 I 11763 12081] raylet_client.cc:336: Error reporting task backlog information: IOError: 
[2022-01-10 14:12:34,647 I 11763 12081] raylet_client.cc:336: Error reporting task backlog information: IOError: 
[2022-01-10 14:12:35,647 I 11763 12081] raylet_client.cc:336: Error reporting task backlog information: IOError: 
[2022-01-10 14:12:36,647 I 11763 12081] raylet_client.cc:336: Error reporting task backlog information: IOError: 
[2022-01-10 14:12:37,648 I 11763 12081] raylet_client.cc:336: Error reporting task backlog information: IOError: 
[2022-01-10 14:12:38,648 I 11763 12081] raylet_client.cc:336: Error reporting task backlog information: IOError: 
[2022-01-10 14:12:39,648 I 11763 12081] raylet_client.cc:336: Error reporting task backlog information: IOError: 
[2022-01-10 14:12:40,648 I 11763 12081] raylet_client.cc:336: Error reporting task backlog information: IOError: 
[2022-01-10 14:12:41,648 I 11763 12081] raylet_client.cc:336: Error reporting task backlog information: IOError: 
[2022-01-10 14:12:42,648 I 11763 12081] raylet_client.cc:336: Error reporting task backlog information: IOError: 
[2022-01-10 14:12:43,090 W 11763 12082] metric_exporter.cc:206: Export metrics to agent failed: IOError: . This won't affect Ray, but you can lose metrics from the cluster.
[2022-01-10 14:12:43,648 I 11763 12081] raylet_client.cc:336: Error reporting task backlog information: IOError: 
[2022-01-10 14:12:44,648 I 11763 12081] raylet_client.cc:336: Error reporting task backlog information: IOError: 
[2022-01-10 14:12:45,492 E 11763 11964] gcs_server_address_updater.cc:76: Failed to receive the GCS address for 600 times without success. The worker will exit ungracefully. It is because GCS has died. It could be because there was an issue that kills GCS, such as high memory usage triggering OOM killer to kill GCS. Cluster will be highly likely unavailable if you see this log. Please check the log from gcs_server.err.
