[2022-01-10 12:32:24,283 I 17688 17688] core_worker.cc:132: Constructing CoreWorkerProcess. pid: 17688
[2022-01-10 12:32:24,287 I 17688 17688] grpc_server.cc:112: worker server started, listening on port 39713.
[2022-01-10 12:32:24,290 I 17688 17688] core_worker.cc:479: Initializing worker at address: 131.215.21.210:39713, worker ID 22ba33d3030af080a4a3f9851c6be9bb31253def454aefb602c136fd, raylet a73cdcc1932be5e29bf83013b8fe7585bf1281373fc43077f508e422
[2022-01-10 12:32:24,399 I 17688 17688] io_service_pool.cc:35: IOServicePool is running with 1 io_service.
[2022-01-10 12:32:24,399 I 17688 17996] accessor.cc:560: Received notification for node id = a73cdcc1932be5e29bf83013b8fe7585bf1281373fc43077f508e422, IsAlive = 1
[2022-01-10 12:36:33,327 W 17688 17913] gcs_server_address_updater.cc:61: [1] Failed to get the gcs server address from raylet 1 times in a row. If it keeps failing to obtain the address, the worker might crash. Connection status IOError: 
[2022-01-10 12:36:34,326 I 17688 17996] raylet_client.cc:336: Error reporting task backlog information: IOError: 
[2022-01-10 12:36:34,442 I 17688 17996] raylet_client.cc:336: Error reporting task backlog information: IOError: 
[2022-01-10 12:36:34,731 W 17688 17997] metric_exporter.cc:206: Export metrics to agent failed: IOError: . This won't affect Ray, but you can lose metrics from the cluster.
[2022-01-10 12:36:35,442 I 17688 17996] raylet_client.cc:336: Error reporting task backlog information: IOError: 
[2022-01-10 12:36:36,442 I 17688 17996] raylet_client.cc:336: Error reporting task backlog information: IOError: 
[2022-01-10 12:36:37,442 I 17688 17996] raylet_client.cc:336: Error reporting task backlog information: IOError: 
[2022-01-10 12:36:38,442 I 17688 17996] raylet_client.cc:336: Error reporting task backlog information: IOError: 
[2022-01-10 12:36:39,442 I 17688 17996] raylet_client.cc:336: Error reporting task backlog information: IOError: 
[2022-01-10 12:36:40,442 I 17688 17996] raylet_client.cc:336: Error reporting task backlog information: IOError: 
[2022-01-10 12:36:41,442 I 17688 17996] raylet_client.cc:336: Error reporting task backlog information: IOError: 
[2022-01-10 12:36:42,442 I 17688 17996] raylet_client.cc:336: Error reporting task backlog information: IOError: 
[2022-01-10 12:36:43,442 I 17688 17996] raylet_client.cc:336: Error reporting task backlog information: IOError: 
[2022-01-10 12:36:44,442 I 17688 17996] raylet_client.cc:336: Error reporting task backlog information: IOError: 
[2022-01-10 12:36:44,738 W 17688 17997] metric_exporter.cc:206: Export metrics to agent failed: IOError: . This won't affect Ray, but you can lose metrics from the cluster.
[2022-01-10 12:36:45,443 I 17688 17996] raylet_client.cc:336: Error reporting task backlog information: IOError: 
[2022-01-10 12:36:46,443 I 17688 17996] raylet_client.cc:336: Error reporting task backlog information: IOError: 
[2022-01-10 12:36:47,443 I 17688 17996] raylet_client.cc:336: Error reporting task backlog information: IOError: 
[2022-01-10 12:36:48,443 I 17688 17996] raylet_client.cc:336: Error reporting task backlog information: IOError: 
[2022-01-10 12:36:49,443 I 17688 17996] raylet_client.cc:336: Error reporting task backlog information: IOError: 
[2022-01-10 12:36:50,443 I 17688 17996] raylet_client.cc:336: Error reporting task backlog information: IOError: 
[2022-01-10 12:36:51,443 I 17688 17996] raylet_client.cc:336: Error reporting task backlog information: IOError: 
[2022-01-10 12:36:52,443 I 17688 17996] raylet_client.cc:336: Error reporting task backlog information: IOError: 
[2022-01-10 12:36:53,443 I 17688 17996] raylet_client.cc:336: Error reporting task backlog information: IOError: 
[2022-01-10 12:36:54,443 I 17688 17996] raylet_client.cc:336: Error reporting task backlog information: IOError: 
[2022-01-10 12:36:54,746 W 17688 17997] metric_exporter.cc:206: Export metrics to agent failed: IOError: . This won't affect Ray, but you can lose metrics from the cluster.
[2022-01-10 12:36:55,443 I 17688 17996] raylet_client.cc:336: Error reporting task backlog information: IOError: 
[2022-01-10 12:36:56,444 I 17688 17996] raylet_client.cc:336: Error reporting task backlog information: IOError: 
[2022-01-10 12:36:57,444 I 17688 17996] raylet_client.cc:336: Error reporting task backlog information: IOError: 
[2022-01-10 12:36:58,444 I 17688 17996] raylet_client.cc:336: Error reporting task backlog information: IOError: 
[2022-01-10 12:36:59,444 I 17688 17996] raylet_client.cc:336: Error reporting task backlog information: IOError: 
[2022-01-10 12:37:00,444 I 17688 17996] raylet_client.cc:336: Error reporting task backlog information: IOError: 
[2022-01-10 12:37:01,444 I 17688 17996] raylet_client.cc:336: Error reporting task backlog information: IOError: 
[2022-01-10 12:37:02,444 I 17688 17996] raylet_client.cc:336: Error reporting task backlog information: IOError: 
[2022-01-10 12:37:03,444 I 17688 17996] raylet_client.cc:336: Error reporting task backlog information: IOError: 
[2022-01-10 12:37:04,444 I 17688 17996] raylet_client.cc:336: Error reporting task backlog information: IOError: 
[2022-01-10 12:37:04,752 W 17688 17997] metric_exporter.cc:206: Export metrics to agent failed: IOError: . This won't affect Ray, but you can lose metrics from the cluster.
[2022-01-10 12:37:05,444 I 17688 17996] raylet_client.cc:336: Error reporting task backlog information: IOError: 
[2022-01-10 12:37:06,444 I 17688 17996] raylet_client.cc:336: Error reporting task backlog information: IOError: 
[2022-01-10 12:37:07,444 I 17688 17996] raylet_client.cc:336: Error reporting task backlog information: IOError: 
[2022-01-10 12:37:08,445 I 17688 17996] raylet_client.cc:336: Error reporting task backlog information: IOError: 
[2022-01-10 12:37:09,445 I 17688 17996] raylet_client.cc:336: Error reporting task backlog information: IOError: 
[2022-01-10 12:37:10,445 I 17688 17996] raylet_client.cc:336: Error reporting task backlog information: IOError: 
[2022-01-10 12:37:11,445 I 17688 17996] raylet_client.cc:336: Error reporting task backlog information: IOError: 
[2022-01-10 12:37:12,445 I 17688 17996] raylet_client.cc:336: Error reporting task backlog information: IOError: 
[2022-01-10 12:37:13,450 I 17688 17996] raylet_client.cc:336: Error reporting task backlog information: IOError: 
[2022-01-10 12:37:14,450 I 17688 17996] raylet_client.cc:336: Error reporting task backlog information: IOError: 
[2022-01-10 12:37:14,760 W 17688 17997] metric_exporter.cc:206: Export metrics to agent failed: IOError: . This won't affect Ray, but you can lose metrics from the cluster.
[2022-01-10 12:37:15,450 I 17688 17996] raylet_client.cc:336: Error reporting task backlog information: IOError: 
[2022-01-10 12:37:16,450 I 17688 17996] raylet_client.cc:336: Error reporting task backlog information: IOError: 
[2022-01-10 12:37:17,450 I 17688 17996] raylet_client.cc:336: Error reporting task backlog information: IOError: 
[2022-01-10 12:37:18,450 I 17688 17996] raylet_client.cc:336: Error reporting task backlog information: IOError: 
[2022-01-10 12:37:19,450 I 17688 17996] raylet_client.cc:336: Error reporting task backlog information: IOError: 
[2022-01-10 12:37:20,450 I 17688 17996] raylet_client.cc:336: Error reporting task backlog information: IOError: 
[2022-01-10 12:37:21,451 I 17688 17996] raylet_client.cc:336: Error reporting task backlog information: IOError: 
[2022-01-10 12:37:22,451 I 17688 17996] raylet_client.cc:336: Error reporting task backlog information: IOError: 
[2022-01-10 12:37:23,451 I 17688 17996] raylet_client.cc:336: Error reporting task backlog information: IOError: 
[2022-01-10 12:37:24,451 I 17688 17996] raylet_client.cc:336: Error reporting task backlog information: IOError: 
[2022-01-10 12:37:24,769 W 17688 17997] metric_exporter.cc:206: Export metrics to agent failed: IOError: . This won't affect Ray, but you can lose metrics from the cluster.
[2022-01-10 12:37:25,451 I 17688 17996] raylet_client.cc:336: Error reporting task backlog information: IOError: 
[2022-01-10 12:37:26,451 I 17688 17996] raylet_client.cc:336: Error reporting task backlog information: IOError: 
[2022-01-10 12:37:27,451 I 17688 17996] raylet_client.cc:336: Error reporting task backlog information: IOError: 
[2022-01-10 12:37:28,451 I 17688 17996] raylet_client.cc:336: Error reporting task backlog information: IOError: 
[2022-01-10 12:37:29,451 I 17688 17996] raylet_client.cc:336: Error reporting task backlog information: IOError: 
[2022-01-10 12:37:30,451 I 17688 17996] raylet_client.cc:336: Error reporting task backlog information: IOError: 
[2022-01-10 12:37:31,451 I 17688 17996] raylet_client.cc:336: Error reporting task backlog information: IOError: 
[2022-01-10 12:37:32,451 I 17688 17996] raylet_client.cc:336: Error reporting task backlog information: IOError: 
[2022-01-10 12:37:33,451 I 17688 17996] raylet_client.cc:336: Error reporting task backlog information: IOError: 
[2022-01-10 12:37:34,452 I 17688 17996] raylet_client.cc:336: Error reporting task backlog information: IOError: 
[2022-01-10 12:37:34,776 W 17688 17997] metric_exporter.cc:206: Export metrics to agent failed: IOError: . This won't affect Ray, but you can lose metrics from the cluster.
[2022-01-10 12:37:35,452 I 17688 17996] raylet_client.cc:336: Error reporting task backlog information: IOError: 
[2022-01-10 12:37:36,452 I 17688 17996] raylet_client.cc:336: Error reporting task backlog information: IOError: 
[2022-01-10 12:37:37,452 I 17688 17996] raylet_client.cc:336: Error reporting task backlog information: IOError: 
[2022-01-10 12:37:38,452 I 17688 17996] raylet_client.cc:336: Error reporting task backlog information: IOError: 
[2022-01-10 12:37:39,452 I 17688 17996] raylet_client.cc:336: Error reporting task backlog information: IOError: 
[2022-01-10 12:37:40,452 I 17688 17996] raylet_client.cc:336: Error reporting task backlog information: IOError: 
[2022-01-10 12:37:41,452 I 17688 17996] raylet_client.cc:336: Error reporting task backlog information: IOError: 
[2022-01-10 12:37:42,452 I 17688 17996] raylet_client.cc:336: Error reporting task backlog information: IOError: 
[2022-01-10 12:37:43,452 I 17688 17996] raylet_client.cc:336: Error reporting task backlog information: IOError: 
[2022-01-10 12:37:44,452 I 17688 17996] raylet_client.cc:336: Error reporting task backlog information: IOError: 
[2022-01-10 12:37:44,783 W 17688 17997] metric_exporter.cc:206: Export metrics to agent failed: IOError: . This won't affect Ray, but you can lose metrics from the cluster.
[2022-01-10 12:37:45,453 I 17688 17996] raylet_client.cc:336: Error reporting task backlog information: IOError: 
[2022-01-10 12:37:46,453 I 17688 17996] raylet_client.cc:336: Error reporting task backlog information: IOError: 
[2022-01-10 12:37:47,453 I 17688 17996] raylet_client.cc:336: Error reporting task backlog information: IOError: 
[2022-01-10 12:37:48,453 I 17688 17996] raylet_client.cc:336: Error reporting task backlog information: IOError: 
[2022-01-10 12:37:49,453 I 17688 17996] raylet_client.cc:336: Error reporting task backlog information: IOError: 
[2022-01-10 12:37:50,453 I 17688 17996] raylet_client.cc:336: Error reporting task backlog information: IOError: 
[2022-01-10 12:37:51,453 I 17688 17996] raylet_client.cc:336: Error reporting task backlog information: IOError: 
[2022-01-10 12:37:52,453 I 17688 17996] raylet_client.cc:336: Error reporting task backlog information: IOError: 
[2022-01-10 12:37:53,453 I 17688 17996] raylet_client.cc:336: Error reporting task backlog information: IOError: 
[2022-01-10 12:37:54,453 I 17688 17996] raylet_client.cc:336: Error reporting task backlog information: IOError: 
[2022-01-10 12:37:54,790 W 17688 17997] metric_exporter.cc:206: Export metrics to agent failed: IOError: . This won't affect Ray, but you can lose metrics from the cluster.
[2022-01-10 12:37:55,453 I 17688 17996] raylet_client.cc:336: Error reporting task backlog information: IOError: 
[2022-01-10 12:37:56,453 I 17688 17996] raylet_client.cc:336: Error reporting task backlog information: IOError: 
[2022-01-10 12:37:57,453 I 17688 17996] raylet_client.cc:336: Error reporting task backlog information: IOError: 
[2022-01-10 12:37:58,453 I 17688 17996] raylet_client.cc:336: Error reporting task backlog information: IOError: 
[2022-01-10 12:37:59,454 I 17688 17996] raylet_client.cc:336: Error reporting task backlog information: IOError: 
[2022-01-10 12:38:00,454 I 17688 17996] raylet_client.cc:336: Error reporting task backlog information: IOError: 
[2022-01-10 12:38:01,454 I 17688 17996] raylet_client.cc:336: Error reporting task backlog information: IOError: 
[2022-01-10 12:38:02,454 I 17688 17996] raylet_client.cc:336: Error reporting task backlog information: IOError: 
[2022-01-10 12:38:03,454 I 17688 17996] raylet_client.cc:336: Error reporting task backlog information: IOError: 
[2022-01-10 12:38:04,454 I 17688 17996] raylet_client.cc:336: Error reporting task backlog information: IOError: 
[2022-01-10 12:38:04,797 W 17688 17997] metric_exporter.cc:206: Export metrics to agent failed: IOError: . This won't affect Ray, but you can lose metrics from the cluster.
[2022-01-10 12:38:05,454 I 17688 17996] raylet_client.cc:336: Error reporting task backlog information: IOError: 
[2022-01-10 12:38:06,454 I 17688 17996] raylet_client.cc:336: Error reporting task backlog information: IOError: 
[2022-01-10 12:38:07,454 I 17688 17996] raylet_client.cc:336: Error reporting task backlog information: IOError: 
[2022-01-10 12:38:08,454 I 17688 17996] raylet_client.cc:336: Error reporting task backlog information: IOError: 
[2022-01-10 12:38:09,454 I 17688 17996] raylet_client.cc:336: Error reporting task backlog information: IOError: 
[2022-01-10 12:38:10,454 I 17688 17996] raylet_client.cc:336: Error reporting task backlog information: IOError: 
[2022-01-10 12:38:11,454 I 17688 17996] raylet_client.cc:336: Error reporting task backlog information: IOError: 
[2022-01-10 12:38:12,455 I 17688 17996] raylet_client.cc:336: Error reporting task backlog information: IOError: 
[2022-01-10 12:38:13,455 I 17688 17996] raylet_client.cc:336: Error reporting task backlog information: IOError: 
[2022-01-10 12:38:14,456 I 17688 17996] raylet_client.cc:336: Error reporting task backlog information: IOError: 
[2022-01-10 12:38:14,804 W 17688 17997] metric_exporter.cc:206: Export metrics to agent failed: IOError: . This won't affect Ray, but you can lose metrics from the cluster.
[2022-01-10 12:38:15,456 I 17688 17996] raylet_client.cc:336: Error reporting task backlog information: IOError: 
[2022-01-10 12:38:16,456 I 17688 17996] raylet_client.cc:336: Error reporting task backlog information: IOError: 
[2022-01-10 12:38:17,456 I 17688 17996] raylet_client.cc:336: Error reporting task backlog information: IOError: 
[2022-01-10 12:38:18,456 I 17688 17996] raylet_client.cc:336: Error reporting task backlog information: IOError: 
[2022-01-10 12:38:19,456 I 17688 17996] raylet_client.cc:336: Error reporting task backlog information: IOError: 
[2022-01-10 12:38:20,456 I 17688 17996] raylet_client.cc:336: Error reporting task backlog information: IOError: 
[2022-01-10 12:38:21,456 I 17688 17996] raylet_client.cc:336: Error reporting task backlog information: IOError: 
[2022-01-10 12:38:22,456 I 17688 17996] raylet_client.cc:336: Error reporting task backlog information: IOError: 
[2022-01-10 12:38:23,456 I 17688 17996] raylet_client.cc:336: Error reporting task backlog information: IOError: 
[2022-01-10 12:38:24,456 I 17688 17996] raylet_client.cc:336: Error reporting task backlog information: IOError: 
[2022-01-10 12:38:24,811 W 17688 17997] metric_exporter.cc:206: Export metrics to agent failed: IOError: . This won't affect Ray, but you can lose metrics from the cluster.
[2022-01-10 12:38:25,456 I 17688 17996] raylet_client.cc:336: Error reporting task backlog information: IOError: 
[2022-01-10 12:38:26,456 I 17688 17996] raylet_client.cc:336: Error reporting task backlog information: IOError: 
[2022-01-10 12:38:27,457 I 17688 17996] raylet_client.cc:336: Error reporting task backlog information: IOError: 
[2022-01-10 12:38:28,457 I 17688 17996] raylet_client.cc:336: Error reporting task backlog information: IOError: 
[2022-01-10 12:38:29,457 I 17688 17996] raylet_client.cc:336: Error reporting task backlog information: IOError: 
[2022-01-10 12:38:30,457 I 17688 17996] raylet_client.cc:336: Error reporting task backlog information: IOError: 
[2022-01-10 12:38:31,457 I 17688 17996] raylet_client.cc:336: Error reporting task backlog information: IOError: 
[2022-01-10 12:38:32,457 I 17688 17996] raylet_client.cc:336: Error reporting task backlog information: IOError: 
[2022-01-10 12:38:33,457 I 17688 17996] raylet_client.cc:336: Error reporting task backlog information: IOError: 
[2022-01-10 12:38:34,457 I 17688 17996] raylet_client.cc:336: Error reporting task backlog information: IOError: 
[2022-01-10 12:38:34,821 W 17688 17997] metric_exporter.cc:206: Export metrics to agent failed: IOError: . This won't affect Ray, but you can lose metrics from the cluster.
[2022-01-10 12:38:35,457 I 17688 17996] raylet_client.cc:336: Error reporting task backlog information: IOError: 
[2022-01-10 12:38:36,457 I 17688 17996] raylet_client.cc:336: Error reporting task backlog information: IOError: 
[2022-01-10 12:38:37,457 I 17688 17996] raylet_client.cc:336: Error reporting task backlog information: IOError: 
[2022-01-10 12:38:38,457 I 17688 17996] raylet_client.cc:336: Error reporting task backlog information: IOError: 
[2022-01-10 12:38:39,457 I 17688 17996] raylet_client.cc:336: Error reporting task backlog information: IOError: 
[2022-01-10 12:38:40,457 I 17688 17996] raylet_client.cc:336: Error reporting task backlog information: IOError: 
[2022-01-10 12:38:41,458 I 17688 17996] raylet_client.cc:336: Error reporting task backlog information: IOError: 
[2022-01-10 12:38:42,458 I 17688 17996] raylet_client.cc:336: Error reporting task backlog information: IOError: 
[2022-01-10 12:38:43,458 I 17688 17996] raylet_client.cc:336: Error reporting task backlog information: IOError: 
[2022-01-10 12:38:44,458 I 17688 17996] raylet_client.cc:336: Error reporting task backlog information: IOError: 
[2022-01-10 12:38:44,830 W 17688 17997] metric_exporter.cc:206: Export metrics to agent failed: IOError: . This won't affect Ray, but you can lose metrics from the cluster.
[2022-01-10 12:38:45,458 I 17688 17996] raylet_client.cc:336: Error reporting task backlog information: IOError: 
[2022-01-10 12:38:46,458 I 17688 17996] raylet_client.cc:336: Error reporting task backlog information: IOError: 
[2022-01-10 12:38:47,458 I 17688 17996] raylet_client.cc:336: Error reporting task backlog information: IOError: 
[2022-01-10 12:38:48,458 I 17688 17996] raylet_client.cc:336: Error reporting task backlog information: IOError: 
[2022-01-10 12:38:49,458 I 17688 17996] raylet_client.cc:336: Error reporting task backlog information: IOError: 
[2022-01-10 12:38:50,459 I 17688 17996] raylet_client.cc:336: Error reporting task backlog information: IOError: 
[2022-01-10 12:38:51,459 I 17688 17996] raylet_client.cc:336: Error reporting task backlog information: IOError: 
[2022-01-10 12:38:52,459 I 17688 17996] raylet_client.cc:336: Error reporting task backlog information: IOError: 
[2022-01-10 12:38:53,459 I 17688 17996] raylet_client.cc:336: Error reporting task backlog information: IOError: 
[2022-01-10 12:38:54,459 I 17688 17996] raylet_client.cc:336: Error reporting task backlog information: IOError: 
[2022-01-10 12:38:54,837 W 17688 17997] metric_exporter.cc:206: Export metrics to agent failed: IOError: . This won't affect Ray, but you can lose metrics from the cluster.
[2022-01-10 12:38:55,459 I 17688 17996] raylet_client.cc:336: Error reporting task backlog information: IOError: 
[2022-01-10 12:38:56,459 I 17688 17996] raylet_client.cc:336: Error reporting task backlog information: IOError: 
[2022-01-10 12:38:57,459 I 17688 17996] raylet_client.cc:336: Error reporting task backlog information: IOError: 
[2022-01-10 12:38:58,459 I 17688 17996] raylet_client.cc:336: Error reporting task backlog information: IOError: 
[2022-01-10 12:38:59,459 I 17688 17996] raylet_client.cc:336: Error reporting task backlog information: IOError: 
[2022-01-10 12:39:00,459 I 17688 17996] raylet_client.cc:336: Error reporting task backlog information: IOError: 
[2022-01-10 12:39:01,459 I 17688 17996] raylet_client.cc:336: Error reporting task backlog information: IOError: 
[2022-01-10 12:39:02,459 I 17688 17996] raylet_client.cc:336: Error reporting task backlog information: IOError: 
[2022-01-10 12:39:03,460 I 17688 17996] raylet_client.cc:336: Error reporting task backlog information: IOError: 
[2022-01-10 12:39:04,460 I 17688 17996] raylet_client.cc:336: Error reporting task backlog information: IOError: 
[2022-01-10 12:39:04,844 W 17688 17997] metric_exporter.cc:206: Export metrics to agent failed: IOError: . This won't affect Ray, but you can lose metrics from the cluster.
[2022-01-10 12:39:05,460 I 17688 17996] raylet_client.cc:336: Error reporting task backlog information: IOError: 
[2022-01-10 12:39:06,460 I 17688 17996] raylet_client.cc:336: Error reporting task backlog information: IOError: 
[2022-01-10 12:39:07,460 I 17688 17996] raylet_client.cc:336: Error reporting task backlog information: IOError: 
[2022-01-10 12:39:08,460 I 17688 17996] raylet_client.cc:336: Error reporting task backlog information: IOError: 
[2022-01-10 12:39:09,460 I 17688 17996] raylet_client.cc:336: Error reporting task backlog information: IOError: 
[2022-01-10 12:39:10,460 I 17688 17996] raylet_client.cc:336: Error reporting task backlog information: IOError: 
[2022-01-10 12:39:11,461 I 17688 17996] raylet_client.cc:336: Error reporting task backlog information: IOError: 
[2022-01-10 12:39:12,461 I 17688 17996] raylet_client.cc:336: Error reporting task backlog information: IOError: 
[2022-01-10 12:39:13,461 I 17688 17996] raylet_client.cc:336: Error reporting task backlog information: IOError: 
[2022-01-10 12:39:14,461 I 17688 17996] raylet_client.cc:336: Error reporting task backlog information: IOError: 
[2022-01-10 12:39:14,852 W 17688 17997] metric_exporter.cc:206: Export metrics to agent failed: IOError: . This won't affect Ray, but you can lose metrics from the cluster.
[2022-01-10 12:39:15,461 I 17688 17996] raylet_client.cc:336: Error reporting task backlog information: IOError: 
[2022-01-10 12:39:16,461 I 17688 17996] raylet_client.cc:336: Error reporting task backlog information: IOError: 
[2022-01-10 12:39:17,462 I 17688 17996] raylet_client.cc:336: Error reporting task backlog information: IOError: 
[2022-01-10 12:39:18,462 I 17688 17996] raylet_client.cc:336: Error reporting task backlog information: IOError: 
[2022-01-10 12:39:19,462 I 17688 17996] raylet_client.cc:336: Error reporting task backlog information: IOError: 
[2022-01-10 12:39:20,463 I 17688 17996] raylet_client.cc:336: Error reporting task backlog information: IOError: 
[2022-01-10 12:39:21,463 I 17688 17996] raylet_client.cc:336: Error reporting task backlog information: IOError: 
[2022-01-10 12:39:22,463 I 17688 17996] raylet_client.cc:336: Error reporting task backlog information: IOError: 
[2022-01-10 12:39:23,463 I 17688 17996] raylet_client.cc:336: Error reporting task backlog information: IOError: 
[2022-01-10 12:39:24,464 I 17688 17996] raylet_client.cc:336: Error reporting task backlog information: IOError: 
[2022-01-10 12:39:24,867 W 17688 17997] metric_exporter.cc:206: Export metrics to agent failed: IOError: . This won't affect Ray, but you can lose metrics from the cluster.
[2022-01-10 12:39:25,464 I 17688 17996] raylet_client.cc:336: Error reporting task backlog information: IOError: 
[2022-01-10 12:39:26,464 I 17688 17996] raylet_client.cc:336: Error reporting task backlog information: IOError: 
[2022-01-10 12:39:27,465 I 17688 17996] raylet_client.cc:336: Error reporting task backlog information: IOError: 
[2022-01-10 12:39:28,465 I 17688 17996] raylet_client.cc:336: Error reporting task backlog information: IOError: 
[2022-01-10 12:39:29,465 I 17688 17996] raylet_client.cc:336: Error reporting task backlog information: IOError: 
[2022-01-10 12:39:30,466 I 17688 17996] raylet_client.cc:336: Error reporting task backlog information: IOError: 
[2022-01-10 12:39:31,466 I 17688 17996] raylet_client.cc:336: Error reporting task backlog information: IOError: 
[2022-01-10 12:39:32,466 I 17688 17996] raylet_client.cc:336: Error reporting task backlog information: IOError: 
[2022-01-10 12:39:33,467 I 17688 17996] raylet_client.cc:336: Error reporting task backlog information: IOError: 
[2022-01-10 12:39:34,467 I 17688 17996] raylet_client.cc:336: Error reporting task backlog information: IOError: 
[2022-01-10 12:39:34,883 W 17688 17997] metric_exporter.cc:206: Export metrics to agent failed: IOError: . This won't affect Ray, but you can lose metrics from the cluster.
[2022-01-10 12:39:35,467 I 17688 17996] raylet_client.cc:336: Error reporting task backlog information: IOError: 
[2022-01-10 12:39:36,467 I 17688 17996] raylet_client.cc:336: Error reporting task backlog information: IOError: 
[2022-01-10 12:39:37,468 I 17688 17996] raylet_client.cc:336: Error reporting task backlog information: IOError: 
[2022-01-10 12:39:38,468 I 17688 17996] raylet_client.cc:336: Error reporting task backlog information: IOError: 
[2022-01-10 12:39:39,468 I 17688 17996] raylet_client.cc:336: Error reporting task backlog information: IOError: 
[2022-01-10 12:39:40,468 I 17688 17996] raylet_client.cc:336: Error reporting task backlog information: IOError: 
[2022-01-10 12:39:41,469 I 17688 17996] raylet_client.cc:336: Error reporting task backlog information: IOError: 
[2022-01-10 12:39:42,469 I 17688 17996] raylet_client.cc:336: Error reporting task backlog information: IOError: 
[2022-01-10 12:39:43,470 I 17688 17996] raylet_client.cc:336: Error reporting task backlog information: IOError: 
[2022-01-10 12:39:44,470 I 17688 17996] raylet_client.cc:336: Error reporting task backlog information: IOError: 
[2022-01-10 12:39:44,896 W 17688 17997] metric_exporter.cc:206: Export metrics to agent failed: IOError: . This won't affect Ray, but you can lose metrics from the cluster.
[2022-01-10 12:39:45,470 I 17688 17996] raylet_client.cc:336: Error reporting task backlog information: IOError: 
[2022-01-10 12:39:46,470 I 17688 17996] raylet_client.cc:336: Error reporting task backlog information: IOError: 
[2022-01-10 12:39:47,470 I 17688 17996] raylet_client.cc:336: Error reporting task backlog information: IOError: 
[2022-01-10 12:39:48,470 I 17688 17996] raylet_client.cc:336: Error reporting task backlog information: IOError: 
[2022-01-10 12:39:49,470 I 17688 17996] raylet_client.cc:336: Error reporting task backlog information: IOError: 
[2022-01-10 12:39:50,471 I 17688 17996] raylet_client.cc:336: Error reporting task backlog information: IOError: 
[2022-01-10 12:39:51,471 I 17688 17996] raylet_client.cc:336: Error reporting task backlog information: IOError: 
[2022-01-10 12:39:52,471 I 17688 17996] raylet_client.cc:336: Error reporting task backlog information: IOError: 
[2022-01-10 12:39:53,471 I 17688 17996] raylet_client.cc:336: Error reporting task backlog information: IOError: 
[2022-01-10 12:39:54,472 I 17688 17996] raylet_client.cc:336: Error reporting task backlog information: IOError: 
[2022-01-10 12:39:54,910 W 17688 17997] metric_exporter.cc:206: Export metrics to agent failed: IOError: . This won't affect Ray, but you can lose metrics from the cluster.
[2022-01-10 12:39:55,472 I 17688 17996] raylet_client.cc:336: Error reporting task backlog information: IOError: 
[2022-01-10 12:39:56,472 I 17688 17996] raylet_client.cc:336: Error reporting task backlog information: IOError: 
[2022-01-10 12:39:57,472 I 17688 17996] raylet_client.cc:336: Error reporting task backlog information: IOError: 
[2022-01-10 12:39:58,473 I 17688 17996] raylet_client.cc:336: Error reporting task backlog information: IOError: 
[2022-01-10 12:39:59,473 I 17688 17996] raylet_client.cc:336: Error reporting task backlog information: IOError: 
[2022-01-10 12:40:00,473 I 17688 17996] raylet_client.cc:336: Error reporting task backlog information: IOError: 
[2022-01-10 12:40:01,474 I 17688 17996] raylet_client.cc:336: Error reporting task backlog information: IOError: 
[2022-01-10 12:40:02,474 I 17688 17996] raylet_client.cc:336: Error reporting task backlog information: IOError: 
[2022-01-10 12:40:03,474 I 17688 17996] raylet_client.cc:336: Error reporting task backlog information: IOError: 
[2022-01-10 12:40:04,474 I 17688 17996] raylet_client.cc:336: Error reporting task backlog information: IOError: 
[2022-01-10 12:40:04,925 W 17688 17997] metric_exporter.cc:206: Export metrics to agent failed: IOError: . This won't affect Ray, but you can lose metrics from the cluster.
[2022-01-10 12:40:05,475 I 17688 17996] raylet_client.cc:336: Error reporting task backlog information: IOError: 
[2022-01-10 12:40:06,475 I 17688 17996] raylet_client.cc:336: Error reporting task backlog information: IOError: 
[2022-01-10 12:40:07,475 I 17688 17996] raylet_client.cc:336: Error reporting task backlog information: IOError: 
[2022-01-10 12:40:08,476 I 17688 17996] raylet_client.cc:336: Error reporting task backlog information: IOError: 
[2022-01-10 12:40:09,476 I 17688 17996] raylet_client.cc:336: Error reporting task backlog information: IOError: 
[2022-01-10 12:40:10,476 I 17688 17996] raylet_client.cc:336: Error reporting task backlog information: IOError: 
[2022-01-10 12:40:11,476 I 17688 17996] raylet_client.cc:336: Error reporting task backlog information: IOError: 
[2022-01-10 12:40:12,477 I 17688 17996] raylet_client.cc:336: Error reporting task backlog information: IOError: 
[2022-01-10 12:40:13,477 I 17688 17996] raylet_client.cc:336: Error reporting task backlog information: IOError: 
[2022-01-10 12:40:14,477 I 17688 17996] raylet_client.cc:336: Error reporting task backlog information: IOError: 
[2022-01-10 12:40:14,944 W 17688 17997] metric_exporter.cc:206: Export metrics to agent failed: IOError: . This won't affect Ray, but you can lose metrics from the cluster.
[2022-01-10 12:40:15,478 I 17688 17996] raylet_client.cc:336: Error reporting task backlog information: IOError: 
[2022-01-10 12:40:16,478 I 17688 17996] raylet_client.cc:336: Error reporting task backlog information: IOError: 
[2022-01-10 12:40:17,478 I 17688 17996] raylet_client.cc:336: Error reporting task backlog information: IOError: 
[2022-01-10 12:40:18,479 I 17688 17996] raylet_client.cc:336: Error reporting task backlog information: IOError: 
[2022-01-10 12:40:19,479 I 17688 17996] raylet_client.cc:336: Error reporting task backlog information: IOError: 
[2022-01-10 12:40:20,479 I 17688 17996] raylet_client.cc:336: Error reporting task backlog information: IOError: 
[2022-01-10 12:40:21,480 I 17688 17996] raylet_client.cc:336: Error reporting task backlog information: IOError: 
[2022-01-10 12:40:22,480 I 17688 17996] raylet_client.cc:336: Error reporting task backlog information: IOError: 
[2022-01-10 12:40:23,481 I 17688 17996] raylet_client.cc:336: Error reporting task backlog information: IOError: 
[2022-01-10 12:40:24,481 I 17688 17996] raylet_client.cc:336: Error reporting task backlog information: IOError: 
[2022-01-10 12:40:24,962 W 17688 17997] metric_exporter.cc:206: Export metrics to agent failed: IOError: . This won't affect Ray, but you can lose metrics from the cluster.
[2022-01-10 12:40:25,481 I 17688 17996] raylet_client.cc:336: Error reporting task backlog information: IOError: 
[2022-01-10 12:40:26,482 I 17688 17996] raylet_client.cc:336: Error reporting task backlog information: IOError: 
[2022-01-10 12:40:27,482 I 17688 17996] raylet_client.cc:336: Error reporting task backlog information: IOError: 
[2022-01-10 12:40:28,482 I 17688 17996] raylet_client.cc:336: Error reporting task backlog information: IOError: 
[2022-01-10 12:40:29,483 I 17688 17996] raylet_client.cc:336: Error reporting task backlog information: IOError: 
[2022-01-10 12:40:30,483 I 17688 17996] raylet_client.cc:336: Error reporting task backlog information: IOError: 
[2022-01-10 12:40:31,483 I 17688 17996] raylet_client.cc:336: Error reporting task backlog information: IOError: 
[2022-01-10 12:40:32,483 I 17688 17996] raylet_client.cc:336: Error reporting task backlog information: IOError: 
[2022-01-10 12:40:33,484 I 17688 17996] raylet_client.cc:336: Error reporting task backlog information: IOError: 
[2022-01-10 12:40:34,484 I 17688 17996] raylet_client.cc:336: Error reporting task backlog information: IOError: 
[2022-01-10 12:40:34,979 W 17688 17997] metric_exporter.cc:206: Export metrics to agent failed: IOError: . This won't affect Ray, but you can lose metrics from the cluster.
[2022-01-10 12:40:35,484 I 17688 17996] raylet_client.cc:336: Error reporting task backlog information: IOError: 
[2022-01-10 12:40:36,485 I 17688 17996] raylet_client.cc:336: Error reporting task backlog information: IOError: 
[2022-01-10 12:40:37,485 I 17688 17996] raylet_client.cc:336: Error reporting task backlog information: IOError: 
[2022-01-10 12:40:38,486 I 17688 17996] raylet_client.cc:336: Error reporting task backlog information: IOError: 
[2022-01-10 12:40:39,486 I 17688 17996] raylet_client.cc:336: Error reporting task backlog information: IOError: 
[2022-01-10 12:40:40,486 I 17688 17996] raylet_client.cc:336: Error reporting task backlog information: IOError: 
[2022-01-10 12:40:41,486 I 17688 17996] raylet_client.cc:336: Error reporting task backlog information: IOError: 
[2022-01-10 12:40:42,487 I 17688 17996] raylet_client.cc:336: Error reporting task backlog information: IOError: 
[2022-01-10 12:40:43,487 I 17688 17996] raylet_client.cc:336: Error reporting task backlog information: IOError: 
[2022-01-10 12:40:44,487 I 17688 17996] raylet_client.cc:336: Error reporting task backlog information: IOError: 
[2022-01-10 12:40:44,998 W 17688 17997] metric_exporter.cc:206: Export metrics to agent failed: IOError: . This won't affect Ray, but you can lose metrics from the cluster.
[2022-01-10 12:40:45,488 I 17688 17996] raylet_client.cc:336: Error reporting task backlog information: IOError: 
[2022-01-10 12:40:46,488 I 17688 17996] raylet_client.cc:336: Error reporting task backlog information: IOError: 
[2022-01-10 12:40:47,489 I 17688 17996] raylet_client.cc:336: Error reporting task backlog information: IOError: 
[2022-01-10 12:40:48,489 I 17688 17996] raylet_client.cc:336: Error reporting task backlog information: IOError: 
[2022-01-10 12:40:49,489 I 17688 17996] raylet_client.cc:336: Error reporting task backlog information: IOError: 
[2022-01-10 12:40:50,489 I 17688 17996] raylet_client.cc:336: Error reporting task backlog information: IOError: 
[2022-01-10 12:40:51,490 I 17688 17996] raylet_client.cc:336: Error reporting task backlog information: IOError: 
[2022-01-10 12:40:52,490 I 17688 17996] raylet_client.cc:336: Error reporting task backlog information: IOError: 
[2022-01-10 12:40:53,491 I 17688 17996] raylet_client.cc:336: Error reporting task backlog information: IOError: 
[2022-01-10 12:40:54,491 I 17688 17996] raylet_client.cc:336: Error reporting task backlog information: IOError: 
[2022-01-10 12:40:55,016 W 17688 17997] metric_exporter.cc:206: Export metrics to agent failed: IOError: . This won't affect Ray, but you can lose metrics from the cluster.
[2022-01-10 12:40:55,491 I 17688 17996] raylet_client.cc:336: Error reporting task backlog information: IOError: 
[2022-01-10 12:40:56,491 I 17688 17996] raylet_client.cc:336: Error reporting task backlog information: IOError: 
[2022-01-10 12:40:57,492 I 17688 17996] raylet_client.cc:336: Error reporting task backlog information: IOError: 
[2022-01-10 12:40:58,492 I 17688 17996] raylet_client.cc:336: Error reporting task backlog information: IOError: 
[2022-01-10 12:40:59,492 I 17688 17996] raylet_client.cc:336: Error reporting task backlog information: IOError: 
[2022-01-10 12:41:00,493 I 17688 17996] raylet_client.cc:336: Error reporting task backlog information: IOError: 
[2022-01-10 12:41:01,493 I 17688 17996] raylet_client.cc:336: Error reporting task backlog information: IOError: 
[2022-01-10 12:41:02,493 I 17688 17996] raylet_client.cc:336: Error reporting task backlog information: IOError: 
[2022-01-10 12:41:03,494 I 17688 17996] raylet_client.cc:336: Error reporting task backlog information: IOError: 
[2022-01-10 12:41:04,494 I 17688 17996] raylet_client.cc:336: Error reporting task backlog information: IOError: 
[2022-01-10 12:41:05,033 W 17688 17997] metric_exporter.cc:206: Export metrics to agent failed: IOError: . This won't affect Ray, but you can lose metrics from the cluster.
[2022-01-10 12:41:05,494 I 17688 17996] raylet_client.cc:336: Error reporting task backlog information: IOError: 
[2022-01-10 12:41:06,495 I 17688 17996] raylet_client.cc:336: Error reporting task backlog information: IOError: 
[2022-01-10 12:41:07,495 I 17688 17996] raylet_client.cc:336: Error reporting task backlog information: IOError: 
[2022-01-10 12:41:08,496 I 17688 17996] raylet_client.cc:336: Error reporting task backlog information: IOError: 
[2022-01-10 12:41:09,496 I 17688 17996] raylet_client.cc:336: Error reporting task backlog information: IOError: 
[2022-01-10 12:41:10,496 I 17688 17996] raylet_client.cc:336: Error reporting task backlog information: IOError: 
[2022-01-10 12:41:11,497 I 17688 17996] raylet_client.cc:336: Error reporting task backlog information: IOError: 
[2022-01-10 12:41:12,497 I 17688 17996] raylet_client.cc:336: Error reporting task backlog information: IOError: 
[2022-01-10 12:41:13,497 I 17688 17996] raylet_client.cc:336: Error reporting task backlog information: IOError: 
[2022-01-10 12:41:14,498 I 17688 17996] raylet_client.cc:336: Error reporting task backlog information: IOError: 
[2022-01-10 12:41:15,051 W 17688 17997] metric_exporter.cc:206: Export metrics to agent failed: IOError: . This won't affect Ray, but you can lose metrics from the cluster.
[2022-01-10 12:41:15,498 I 17688 17996] raylet_client.cc:336: Error reporting task backlog information: IOError: 
[2022-01-10 12:41:16,499 I 17688 17996] raylet_client.cc:336: Error reporting task backlog information: IOError: 
[2022-01-10 12:41:17,499 I 17688 17996] raylet_client.cc:336: Error reporting task backlog information: IOError: 
[2022-01-10 12:41:18,499 I 17688 17996] raylet_client.cc:336: Error reporting task backlog information: IOError: 
[2022-01-10 12:41:19,500 I 17688 17996] raylet_client.cc:336: Error reporting task backlog information: IOError: 
[2022-01-10 12:41:20,500 I 17688 17996] raylet_client.cc:336: Error reporting task backlog information: IOError: 
[2022-01-10 12:41:21,500 I 17688 17996] raylet_client.cc:336: Error reporting task backlog information: IOError: 
[2022-01-10 12:41:22,500 I 17688 17996] raylet_client.cc:336: Error reporting task backlog information: IOError: 
[2022-01-10 12:41:23,501 I 17688 17996] raylet_client.cc:336: Error reporting task backlog information: IOError: 
[2022-01-10 12:41:24,501 I 17688 17996] raylet_client.cc:336: Error reporting task backlog information: IOError: 
[2022-01-10 12:41:25,069 W 17688 17997] metric_exporter.cc:206: Export metrics to agent failed: IOError: . This won't affect Ray, but you can lose metrics from the cluster.
[2022-01-10 12:41:25,501 I 17688 17996] raylet_client.cc:336: Error reporting task backlog information: IOError: 
[2022-01-10 12:41:26,502 I 17688 17996] raylet_client.cc:336: Error reporting task backlog information: IOError: 
[2022-01-10 12:41:27,502 I 17688 17996] raylet_client.cc:336: Error reporting task backlog information: IOError: 
[2022-01-10 12:41:28,502 I 17688 17996] raylet_client.cc:336: Error reporting task backlog information: IOError: 
[2022-01-10 12:41:29,503 I 17688 17996] raylet_client.cc:336: Error reporting task backlog information: IOError: 
[2022-01-10 12:41:30,503 I 17688 17996] raylet_client.cc:336: Error reporting task backlog information: IOError: 
[2022-01-10 12:41:31,503 I 17688 17996] raylet_client.cc:336: Error reporting task backlog information: IOError: 
[2022-01-10 12:41:32,504 I 17688 17996] raylet_client.cc:336: Error reporting task backlog information: IOError: 
[2022-01-10 12:41:33,375 W 17688 17913] gcs_server_address_updater.cc:61: [301] Failed to get the gcs server address from raylet 301 times in a row. If it keeps failing to obtain the address, the worker might crash. Connection status IOError: 
[2022-01-10 12:41:33,504 I 17688 17996] raylet_client.cc:336: Error reporting task backlog information: IOError: 
[2022-01-10 12:41:34,505 I 17688 17996] raylet_client.cc:336: Error reporting task backlog information: IOError: 
[2022-01-10 12:41:35,085 W 17688 17997] metric_exporter.cc:206: Export metrics to agent failed: IOError: . This won't affect Ray, but you can lose metrics from the cluster.
[2022-01-10 12:41:35,505 I 17688 17996] raylet_client.cc:336: Error reporting task backlog information: IOError: 
[2022-01-10 12:41:36,505 I 17688 17996] raylet_client.cc:336: Error reporting task backlog information: IOError: 
[2022-01-10 12:41:37,506 I 17688 17996] raylet_client.cc:336: Error reporting task backlog information: IOError: 
[2022-01-10 12:41:38,506 I 17688 17996] raylet_client.cc:336: Error reporting task backlog information: IOError: 
[2022-01-10 12:41:39,506 I 17688 17996] raylet_client.cc:336: Error reporting task backlog information: IOError: 
[2022-01-10 12:41:40,507 I 17688 17996] raylet_client.cc:336: Error reporting task backlog information: IOError: 
[2022-01-10 12:41:41,507 I 17688 17996] raylet_client.cc:336: Error reporting task backlog information: IOError: 
[2022-01-10 12:41:42,507 I 17688 17996] raylet_client.cc:336: Error reporting task backlog information: IOError: 
[2022-01-10 12:41:43,507 I 17688 17996] raylet_client.cc:336: Error reporting task backlog information: IOError: 
[2022-01-10 12:41:44,508 I 17688 17996] raylet_client.cc:336: Error reporting task backlog information: IOError: 
[2022-01-10 12:41:45,103 W 17688 17997] metric_exporter.cc:206: Export metrics to agent failed: IOError: . This won't affect Ray, but you can lose metrics from the cluster.
[2022-01-10 12:41:45,508 I 17688 17996] raylet_client.cc:336: Error reporting task backlog information: IOError: 
[2022-01-10 12:41:46,508 I 17688 17996] raylet_client.cc:336: Error reporting task backlog information: IOError: 
[2022-01-10 12:41:47,509 I 17688 17996] raylet_client.cc:336: Error reporting task backlog information: IOError: 
[2022-01-10 12:41:48,509 I 17688 17996] raylet_client.cc:336: Error reporting task backlog information: IOError: 
[2022-01-10 12:41:49,509 I 17688 17996] raylet_client.cc:336: Error reporting task backlog information: IOError: 
[2022-01-10 12:41:50,510 I 17688 17996] raylet_client.cc:336: Error reporting task backlog information: IOError: 
[2022-01-10 12:41:51,510 I 17688 17996] raylet_client.cc:336: Error reporting task backlog information: IOError: 
[2022-01-10 12:41:52,510 I 17688 17996] raylet_client.cc:336: Error reporting task backlog information: IOError: 
[2022-01-10 12:41:53,510 I 17688 17996] raylet_client.cc:336: Error reporting task backlog information: IOError: 
[2022-01-10 12:41:54,511 I 17688 17996] raylet_client.cc:336: Error reporting task backlog information: IOError: 
[2022-01-10 12:41:55,116 W 17688 17997] metric_exporter.cc:206: Export metrics to agent failed: IOError: . This won't affect Ray, but you can lose metrics from the cluster.
[2022-01-10 12:41:55,511 I 17688 17996] raylet_client.cc:336: Error reporting task backlog information: IOError: 
[2022-01-10 12:41:56,511 I 17688 17996] raylet_client.cc:336: Error reporting task backlog information: IOError: 
[2022-01-10 12:41:57,511 I 17688 17996] raylet_client.cc:336: Error reporting task backlog information: IOError: 
[2022-01-10 12:41:58,511 I 17688 17996] raylet_client.cc:336: Error reporting task backlog information: IOError: 
[2022-01-10 12:41:59,511 I 17688 17996] raylet_client.cc:336: Error reporting task backlog information: IOError: 
[2022-01-10 12:42:00,512 I 17688 17996] raylet_client.cc:336: Error reporting task backlog information: IOError: 
[2022-01-10 12:42:01,512 I 17688 17996] raylet_client.cc:336: Error reporting task backlog information: IOError: 
[2022-01-10 12:42:02,512 I 17688 17996] raylet_client.cc:336: Error reporting task backlog information: IOError: 
[2022-01-10 12:42:03,513 I 17688 17996] raylet_client.cc:336: Error reporting task backlog information: IOError: 
[2022-01-10 12:42:04,513 I 17688 17996] raylet_client.cc:336: Error reporting task backlog information: IOError: 
[2022-01-10 12:42:05,127 W 17688 17997] metric_exporter.cc:206: Export metrics to agent failed: IOError: . This won't affect Ray, but you can lose metrics from the cluster.
[2022-01-10 12:42:05,513 I 17688 17996] raylet_client.cc:336: Error reporting task backlog information: IOError: 
[2022-01-10 12:42:06,513 I 17688 17996] raylet_client.cc:336: Error reporting task backlog information: IOError: 
[2022-01-10 12:42:07,513 I 17688 17996] raylet_client.cc:336: Error reporting task backlog information: IOError: 
[2022-01-10 12:42:08,514 I 17688 17996] raylet_client.cc:336: Error reporting task backlog information: IOError: 
[2022-01-10 12:42:09,514 I 17688 17996] raylet_client.cc:336: Error reporting task backlog information: IOError: 
[2022-01-10 12:42:10,514 I 17688 17996] raylet_client.cc:336: Error reporting task backlog information: IOError: 
[2022-01-10 12:42:11,514 I 17688 17996] raylet_client.cc:336: Error reporting task backlog information: IOError: 
[2022-01-10 12:42:12,515 I 17688 17996] raylet_client.cc:336: Error reporting task backlog information: IOError: 
[2022-01-10 12:42:13,515 I 17688 17996] raylet_client.cc:336: Error reporting task backlog information: IOError: 
[2022-01-10 12:42:14,515 I 17688 17996] raylet_client.cc:336: Error reporting task backlog information: IOError: 
[2022-01-10 12:42:15,142 W 17688 17997] metric_exporter.cc:206: Export metrics to agent failed: IOError: . This won't affect Ray, but you can lose metrics from the cluster.
[2022-01-10 12:42:15,516 I 17688 17996] raylet_client.cc:336: Error reporting task backlog information: IOError: 
[2022-01-10 12:42:16,516 I 17688 17996] raylet_client.cc:336: Error reporting task backlog information: IOError: 
[2022-01-10 12:42:17,516 I 17688 17996] raylet_client.cc:336: Error reporting task backlog information: IOError: 
[2022-01-10 12:42:18,517 I 17688 17996] raylet_client.cc:336: Error reporting task backlog information: IOError: 
[2022-01-10 12:42:19,517 I 17688 17996] raylet_client.cc:336: Error reporting task backlog information: IOError: 
[2022-01-10 12:42:20,517 I 17688 17996] raylet_client.cc:336: Error reporting task backlog information: IOError: 
[2022-01-10 12:42:21,518 I 17688 17996] raylet_client.cc:336: Error reporting task backlog information: IOError: 
[2022-01-10 12:42:22,518 I 17688 17996] raylet_client.cc:336: Error reporting task backlog information: IOError: 
[2022-01-10 12:42:23,518 I 17688 17996] raylet_client.cc:336: Error reporting task backlog information: IOError: 
[2022-01-10 12:42:24,519 I 17688 17996] raylet_client.cc:336: Error reporting task backlog information: IOError: 
[2022-01-10 12:42:25,161 W 17688 17997] metric_exporter.cc:206: Export metrics to agent failed: IOError: . This won't affect Ray, but you can lose metrics from the cluster.
[2022-01-10 12:42:25,519 I 17688 17996] raylet_client.cc:336: Error reporting task backlog information: IOError: 
[2022-01-10 12:42:26,519 I 17688 17996] raylet_client.cc:336: Error reporting task backlog information: IOError: 
[2022-01-10 12:42:27,520 I 17688 17996] raylet_client.cc:336: Error reporting task backlog information: IOError: 
[2022-01-10 12:42:28,520 I 17688 17996] raylet_client.cc:336: Error reporting task backlog information: IOError: 
[2022-01-10 12:42:29,520 I 17688 17996] raylet_client.cc:336: Error reporting task backlog information: IOError: 
[2022-01-10 12:42:30,521 I 17688 17996] raylet_client.cc:336: Error reporting task backlog information: IOError: 
[2022-01-10 12:42:31,521 I 17688 17996] raylet_client.cc:336: Error reporting task backlog information: IOError: 
[2022-01-10 12:42:32,522 I 17688 17996] raylet_client.cc:336: Error reporting task backlog information: IOError: 
[2022-01-10 12:42:33,522 I 17688 17996] raylet_client.cc:336: Error reporting task backlog information: IOError: 
[2022-01-10 12:42:34,522 I 17688 17996] raylet_client.cc:336: Error reporting task backlog information: IOError: 
[2022-01-10 12:42:35,178 W 17688 17997] metric_exporter.cc:206: Export metrics to agent failed: IOError: . This won't affect Ray, but you can lose metrics from the cluster.
[2022-01-10 12:42:35,522 I 17688 17996] raylet_client.cc:336: Error reporting task backlog information: IOError: 
[2022-01-10 12:42:36,523 I 17688 17996] raylet_client.cc:336: Error reporting task backlog information: IOError: 
[2022-01-10 12:42:37,523 I 17688 17996] raylet_client.cc:336: Error reporting task backlog information: IOError: 
[2022-01-10 12:42:38,523 I 17688 17996] raylet_client.cc:336: Error reporting task backlog information: IOError: 
[2022-01-10 12:42:39,524 I 17688 17996] raylet_client.cc:336: Error reporting task backlog information: IOError: 
[2022-01-10 12:42:40,524 I 17688 17996] raylet_client.cc:336: Error reporting task backlog information: IOError: 
[2022-01-10 12:42:41,524 I 17688 17996] raylet_client.cc:336: Error reporting task backlog information: IOError: 
[2022-01-10 12:42:42,525 I 17688 17996] raylet_client.cc:336: Error reporting task backlog information: IOError: 
[2022-01-10 12:42:43,525 I 17688 17996] raylet_client.cc:336: Error reporting task backlog information: IOError: 
[2022-01-10 12:42:44,526 I 17688 17996] raylet_client.cc:336: Error reporting task backlog information: IOError: 
[2022-01-10 12:42:45,197 W 17688 17997] metric_exporter.cc:206: Export metrics to agent failed: IOError: . This won't affect Ray, but you can lose metrics from the cluster.
[2022-01-10 12:42:45,526 I 17688 17996] raylet_client.cc:336: Error reporting task backlog information: IOError: 
[2022-01-10 12:42:46,526 I 17688 17996] raylet_client.cc:336: Error reporting task backlog information: IOError: 
[2022-01-10 12:42:47,527 I 17688 17996] raylet_client.cc:336: Error reporting task backlog information: IOError: 
[2022-01-10 12:42:48,527 I 17688 17996] raylet_client.cc:336: Error reporting task backlog information: IOError: 
[2022-01-10 12:42:49,528 I 17688 17996] raylet_client.cc:336: Error reporting task backlog information: IOError: 
[2022-01-10 12:42:50,528 I 17688 17996] raylet_client.cc:336: Error reporting task backlog information: IOError: 
[2022-01-10 12:42:51,528 I 17688 17996] raylet_client.cc:336: Error reporting task backlog information: IOError: 
[2022-01-10 12:42:52,528 I 17688 17996] raylet_client.cc:336: Error reporting task backlog information: IOError: 
[2022-01-10 12:42:53,529 I 17688 17996] raylet_client.cc:336: Error reporting task backlog information: IOError: 
[2022-01-10 12:42:54,529 I 17688 17996] raylet_client.cc:336: Error reporting task backlog information: IOError: 
[2022-01-10 12:42:55,215 W 17688 17997] metric_exporter.cc:206: Export metrics to agent failed: IOError: . This won't affect Ray, but you can lose metrics from the cluster.
[2022-01-10 12:42:55,529 I 17688 17996] raylet_client.cc:336: Error reporting task backlog information: IOError: 
[2022-01-10 12:42:56,530 I 17688 17996] raylet_client.cc:336: Error reporting task backlog information: IOError: 
[2022-01-10 12:42:57,530 I 17688 17996] raylet_client.cc:336: Error reporting task backlog information: IOError: 
[2022-01-10 12:42:58,530 I 17688 17996] raylet_client.cc:336: Error reporting task backlog information: IOError: 
[2022-01-10 12:42:59,531 I 17688 17996] raylet_client.cc:336: Error reporting task backlog information: IOError: 
[2022-01-10 12:43:00,531 I 17688 17996] raylet_client.cc:336: Error reporting task backlog information: IOError: 
[2022-01-10 12:43:01,531 I 17688 17996] raylet_client.cc:336: Error reporting task backlog information: IOError: 
[2022-01-10 12:43:02,532 I 17688 17996] raylet_client.cc:336: Error reporting task backlog information: IOError: 
[2022-01-10 12:43:03,532 I 17688 17996] raylet_client.cc:336: Error reporting task backlog information: IOError: 
[2022-01-10 12:43:04,532 I 17688 17996] raylet_client.cc:336: Error reporting task backlog information: IOError: 
[2022-01-10 12:43:05,230 W 17688 17997] metric_exporter.cc:206: Export metrics to agent failed: IOError: . This won't affect Ray, but you can lose metrics from the cluster.
[2022-01-10 12:43:05,532 I 17688 17996] raylet_client.cc:336: Error reporting task backlog information: IOError: 
[2022-01-10 12:43:06,533 I 17688 17996] raylet_client.cc:336: Error reporting task backlog information: IOError: 
[2022-01-10 12:43:07,533 I 17688 17996] raylet_client.cc:336: Error reporting task backlog information: IOError: 
[2022-01-10 12:43:08,533 I 17688 17996] raylet_client.cc:336: Error reporting task backlog information: IOError: 
[2022-01-10 12:43:09,534 I 17688 17996] raylet_client.cc:336: Error reporting task backlog information: IOError: 
[2022-01-10 12:43:10,534 I 17688 17996] raylet_client.cc:336: Error reporting task backlog information: IOError: 
[2022-01-10 12:43:11,534 I 17688 17996] raylet_client.cc:336: Error reporting task backlog information: IOError: 
[2022-01-10 12:43:12,535 I 17688 17996] raylet_client.cc:336: Error reporting task backlog information: IOError: 
[2022-01-10 12:43:13,535 I 17688 17996] raylet_client.cc:336: Error reporting task backlog information: IOError: 
[2022-01-10 12:43:14,535 I 17688 17996] raylet_client.cc:336: Error reporting task backlog information: IOError: 
[2022-01-10 12:43:15,242 W 17688 17997] metric_exporter.cc:206: Export metrics to agent failed: IOError: . This won't affect Ray, but you can lose metrics from the cluster.
[2022-01-10 12:43:15,535 I 17688 17996] raylet_client.cc:336: Error reporting task backlog information: IOError: 
[2022-01-10 12:43:16,536 I 17688 17996] raylet_client.cc:336: Error reporting task backlog information: IOError: 
[2022-01-10 12:43:17,536 I 17688 17996] raylet_client.cc:336: Error reporting task backlog information: IOError: 
[2022-01-10 12:43:18,536 I 17688 17996] raylet_client.cc:336: Error reporting task backlog information: IOError: 
[2022-01-10 12:43:19,536 I 17688 17996] raylet_client.cc:336: Error reporting task backlog information: IOError: 
[2022-01-10 12:43:20,537 I 17688 17996] raylet_client.cc:336: Error reporting task backlog information: IOError: 
[2022-01-10 12:43:21,537 I 17688 17996] raylet_client.cc:336: Error reporting task backlog information: IOError: 
[2022-01-10 12:43:22,538 I 17688 17996] raylet_client.cc:336: Error reporting task backlog information: IOError: 
[2022-01-10 12:43:23,538 I 17688 17996] raylet_client.cc:336: Error reporting task backlog information: IOError: 
[2022-01-10 12:43:24,538 I 17688 17996] raylet_client.cc:336: Error reporting task backlog information: IOError: 
[2022-01-10 12:43:25,258 W 17688 17997] metric_exporter.cc:206: Export metrics to agent failed: IOError: . This won't affect Ray, but you can lose metrics from the cluster.
[2022-01-10 12:43:25,538 I 17688 17996] raylet_client.cc:336: Error reporting task backlog information: IOError: 
[2022-01-10 12:43:26,539 I 17688 17996] raylet_client.cc:336: Error reporting task backlog information: IOError: 
[2022-01-10 12:43:27,539 I 17688 17996] raylet_client.cc:336: Error reporting task backlog information: IOError: 
[2022-01-10 12:43:28,539 I 17688 17996] raylet_client.cc:336: Error reporting task backlog information: IOError: 
[2022-01-10 12:43:29,540 I 17688 17996] raylet_client.cc:336: Error reporting task backlog information: IOError: 
[2022-01-10 12:43:30,540 I 17688 17996] raylet_client.cc:336: Error reporting task backlog information: IOError: 
[2022-01-10 12:43:31,540 I 17688 17996] raylet_client.cc:336: Error reporting task backlog information: IOError: 
[2022-01-10 12:43:32,540 I 17688 17996] raylet_client.cc:336: Error reporting task backlog information: IOError: 
[2022-01-10 12:43:33,541 I 17688 17996] raylet_client.cc:336: Error reporting task backlog information: IOError: 
[2022-01-10 12:43:34,541 I 17688 17996] raylet_client.cc:336: Error reporting task backlog information: IOError: 
[2022-01-10 12:43:35,276 W 17688 17997] metric_exporter.cc:206: Export metrics to agent failed: IOError: . This won't affect Ray, but you can lose metrics from the cluster.
[2022-01-10 12:43:35,541 I 17688 17996] raylet_client.cc:336: Error reporting task backlog information: IOError: 
[2022-01-10 12:43:36,542 I 17688 17996] raylet_client.cc:336: Error reporting task backlog information: IOError: 
[2022-01-10 12:43:37,542 I 17688 17996] raylet_client.cc:336: Error reporting task backlog information: IOError: 
[2022-01-10 12:43:38,543 I 17688 17996] raylet_client.cc:336: Error reporting task backlog information: IOError: 
[2022-01-10 12:43:39,543 I 17688 17996] raylet_client.cc:336: Error reporting task backlog information: IOError: 
[2022-01-10 12:43:40,543 I 17688 17996] raylet_client.cc:336: Error reporting task backlog information: IOError: 
[2022-01-10 12:43:41,543 I 17688 17996] raylet_client.cc:336: Error reporting task backlog information: IOError: 
[2022-01-10 12:43:42,544 I 17688 17996] raylet_client.cc:336: Error reporting task backlog information: IOError: 
[2022-01-10 12:43:43,544 I 17688 17996] raylet_client.cc:336: Error reporting task backlog information: IOError: 
[2022-01-10 12:43:44,544 I 17688 17996] raylet_client.cc:336: Error reporting task backlog information: IOError: 
[2022-01-10 12:43:45,290 W 17688 17997] metric_exporter.cc:206: Export metrics to agent failed: IOError: . This won't affect Ray, but you can lose metrics from the cluster.
[2022-01-10 12:43:45,545 I 17688 17996] raylet_client.cc:336: Error reporting task backlog information: IOError: 
[2022-01-10 12:43:46,545 I 17688 17996] raylet_client.cc:336: Error reporting task backlog information: IOError: 
[2022-01-10 12:43:47,545 I 17688 17996] raylet_client.cc:336: Error reporting task backlog information: IOError: 
[2022-01-10 12:43:48,546 I 17688 17996] raylet_client.cc:336: Error reporting task backlog information: IOError: 
[2022-01-10 12:43:49,546 I 17688 17996] raylet_client.cc:336: Error reporting task backlog information: IOError: 
[2022-01-10 12:43:50,546 I 17688 17996] raylet_client.cc:336: Error reporting task backlog information: IOError: 
[2022-01-10 12:43:51,547 I 17688 17996] raylet_client.cc:336: Error reporting task backlog information: IOError: 
[2022-01-10 12:43:52,547 I 17688 17996] raylet_client.cc:336: Error reporting task backlog information: IOError: 
[2022-01-10 12:43:53,547 I 17688 17996] raylet_client.cc:336: Error reporting task backlog information: IOError: 
[2022-01-10 12:43:54,547 I 17688 17996] raylet_client.cc:336: Error reporting task backlog information: IOError: 
[2022-01-10 12:43:55,309 W 17688 17997] metric_exporter.cc:206: Export metrics to agent failed: IOError: . This won't affect Ray, but you can lose metrics from the cluster.
[2022-01-10 12:43:55,548 I 17688 17996] raylet_client.cc:336: Error reporting task backlog information: IOError: 
[2022-01-10 12:43:56,548 I 17688 17996] raylet_client.cc:336: Error reporting task backlog information: IOError: 
[2022-01-10 12:43:57,548 I 17688 17996] raylet_client.cc:336: Error reporting task backlog information: IOError: 
[2022-01-10 12:43:58,549 I 17688 17996] raylet_client.cc:336: Error reporting task backlog information: IOError: 
[2022-01-10 12:43:59,549 I 17688 17996] raylet_client.cc:336: Error reporting task backlog information: IOError: 
[2022-01-10 12:44:00,549 I 17688 17996] raylet_client.cc:336: Error reporting task backlog information: IOError: 
[2022-01-10 12:44:01,550 I 17688 17996] raylet_client.cc:336: Error reporting task backlog information: IOError: 
[2022-01-10 12:44:02,550 I 17688 17996] raylet_client.cc:336: Error reporting task backlog information: IOError: 
[2022-01-10 12:44:03,550 I 17688 17996] raylet_client.cc:336: Error reporting task backlog information: IOError: 
[2022-01-10 12:44:04,550 I 17688 17996] raylet_client.cc:336: Error reporting task backlog information: IOError: 
[2022-01-10 12:44:05,324 W 17688 17997] metric_exporter.cc:206: Export metrics to agent failed: IOError: . This won't affect Ray, but you can lose metrics from the cluster.
[2022-01-10 12:44:05,551 I 17688 17996] raylet_client.cc:336: Error reporting task backlog information: IOError: 
[2022-01-10 12:44:06,551 I 17688 17996] raylet_client.cc:336: Error reporting task backlog information: IOError: 
[2022-01-10 12:44:07,551 I 17688 17996] raylet_client.cc:336: Error reporting task backlog information: IOError: 
[2022-01-10 12:44:08,552 I 17688 17996] raylet_client.cc:336: Error reporting task backlog information: IOError: 
[2022-01-10 12:44:09,552 I 17688 17996] raylet_client.cc:336: Error reporting task backlog information: IOError: 
[2022-01-10 12:44:10,552 I 17688 17996] raylet_client.cc:336: Error reporting task backlog information: IOError: 
[2022-01-10 12:44:11,553 I 17688 17996] raylet_client.cc:336: Error reporting task backlog information: IOError: 
[2022-01-10 12:44:12,553 I 17688 17996] raylet_client.cc:336: Error reporting task backlog information: IOError: 
[2022-01-10 12:44:13,553 I 17688 17996] raylet_client.cc:336: Error reporting task backlog information: IOError: 
[2022-01-10 12:44:14,553 I 17688 17996] raylet_client.cc:336: Error reporting task backlog information: IOError: 
[2022-01-10 12:44:15,343 W 17688 17997] metric_exporter.cc:206: Export metrics to agent failed: IOError: . This won't affect Ray, but you can lose metrics from the cluster.
[2022-01-10 12:44:15,554 I 17688 17996] raylet_client.cc:336: Error reporting task backlog information: IOError: 
[2022-01-10 12:44:16,554 I 17688 17996] raylet_client.cc:336: Error reporting task backlog information: IOError: 
[2022-01-10 12:44:17,554 I 17688 17996] raylet_client.cc:336: Error reporting task backlog information: IOError: 
[2022-01-10 12:44:18,554 I 17688 17996] raylet_client.cc:336: Error reporting task backlog information: IOError: 
[2022-01-10 12:44:19,555 I 17688 17996] raylet_client.cc:336: Error reporting task backlog information: IOError: 
[2022-01-10 12:44:20,555 I 17688 17996] raylet_client.cc:336: Error reporting task backlog information: IOError: 
[2022-01-10 12:44:21,555 I 17688 17996] raylet_client.cc:336: Error reporting task backlog information: IOError: 
[2022-01-10 12:44:22,556 I 17688 17996] raylet_client.cc:336: Error reporting task backlog information: IOError: 
[2022-01-10 12:44:23,556 I 17688 17996] raylet_client.cc:336: Error reporting task backlog information: IOError: 
[2022-01-10 12:44:24,556 I 17688 17996] raylet_client.cc:336: Error reporting task backlog information: IOError: 
[2022-01-10 12:44:25,363 W 17688 17997] metric_exporter.cc:206: Export metrics to agent failed: IOError: . This won't affect Ray, but you can lose metrics from the cluster.
[2022-01-10 12:44:25,557 I 17688 17996] raylet_client.cc:336: Error reporting task backlog information: IOError: 
[2022-01-10 12:44:26,557 I 17688 17996] raylet_client.cc:336: Error reporting task backlog information: IOError: 
[2022-01-10 12:44:27,557 I 17688 17996] raylet_client.cc:336: Error reporting task backlog information: IOError: 
[2022-01-10 12:44:28,558 I 17688 17996] raylet_client.cc:336: Error reporting task backlog information: IOError: 
[2022-01-10 12:44:29,558 I 17688 17996] raylet_client.cc:336: Error reporting task backlog information: IOError: 
[2022-01-10 12:44:30,558 I 17688 17996] raylet_client.cc:336: Error reporting task backlog information: IOError: 
[2022-01-10 12:44:31,558 I 17688 17996] raylet_client.cc:336: Error reporting task backlog information: IOError: 
[2022-01-10 12:44:32,558 I 17688 17996] raylet_client.cc:336: Error reporting task backlog information: IOError: 
[2022-01-10 12:44:33,558 I 17688 17996] raylet_client.cc:336: Error reporting task backlog information: IOError: 
[2022-01-10 12:44:34,559 I 17688 17996] raylet_client.cc:336: Error reporting task backlog information: IOError: 
[2022-01-10 12:44:35,377 W 17688 17997] metric_exporter.cc:206: Export metrics to agent failed: IOError: . This won't affect Ray, but you can lose metrics from the cluster.
[2022-01-10 12:44:35,559 I 17688 17996] raylet_client.cc:336: Error reporting task backlog information: IOError: 
[2022-01-10 12:44:36,559 I 17688 17996] raylet_client.cc:336: Error reporting task backlog information: IOError: 
[2022-01-10 12:44:37,559 I 17688 17996] raylet_client.cc:336: Error reporting task backlog information: IOError: 
[2022-01-10 12:44:38,559 I 17688 17996] raylet_client.cc:336: Error reporting task backlog information: IOError: 
[2022-01-10 12:44:39,559 I 17688 17996] raylet_client.cc:336: Error reporting task backlog information: IOError: 
[2022-01-10 12:44:40,559 I 17688 17996] raylet_client.cc:336: Error reporting task backlog information: IOError: 
[2022-01-10 12:44:41,559 I 17688 17996] raylet_client.cc:336: Error reporting task backlog information: IOError: 
[2022-01-10 12:44:42,559 I 17688 17996] raylet_client.cc:336: Error reporting task backlog information: IOError: 
[2022-01-10 12:44:43,559 I 17688 17996] raylet_client.cc:336: Error reporting task backlog information: IOError: 
[2022-01-10 12:44:44,560 I 17688 17996] raylet_client.cc:336: Error reporting task backlog information: IOError: 
[2022-01-10 12:44:45,387 W 17688 17997] metric_exporter.cc:206: Export metrics to agent failed: IOError: . This won't affect Ray, but you can lose metrics from the cluster.
[2022-01-10 12:44:45,560 I 17688 17996] raylet_client.cc:336: Error reporting task backlog information: IOError: 
[2022-01-10 12:44:46,561 I 17688 17996] raylet_client.cc:336: Error reporting task backlog information: IOError: 
[2022-01-10 12:44:47,561 I 17688 17996] raylet_client.cc:336: Error reporting task backlog information: IOError: 
[2022-01-10 12:44:48,561 I 17688 17996] raylet_client.cc:336: Error reporting task backlog information: IOError: 
[2022-01-10 12:44:49,561 I 17688 17996] raylet_client.cc:336: Error reporting task backlog information: IOError: 
[2022-01-10 12:44:50,562 I 17688 17996] raylet_client.cc:336: Error reporting task backlog information: IOError: 
[2022-01-10 12:44:51,562 I 17688 17996] raylet_client.cc:336: Error reporting task backlog information: IOError: 
[2022-01-10 12:44:52,562 I 17688 17996] raylet_client.cc:336: Error reporting task backlog information: IOError: 
[2022-01-10 12:44:53,562 I 17688 17996] raylet_client.cc:336: Error reporting task backlog information: IOError: 
[2022-01-10 12:44:54,563 I 17688 17996] raylet_client.cc:336: Error reporting task backlog information: IOError: 
[2022-01-10 12:44:55,403 W 17688 17997] metric_exporter.cc:206: Export metrics to agent failed: IOError: . This won't affect Ray, but you can lose metrics from the cluster.
[2022-01-10 12:44:55,563 I 17688 17996] raylet_client.cc:336: Error reporting task backlog information: IOError: 
[2022-01-10 12:44:56,563 I 17688 17996] raylet_client.cc:336: Error reporting task backlog information: IOError: 
[2022-01-10 12:44:57,563 I 17688 17996] raylet_client.cc:336: Error reporting task backlog information: IOError: 
[2022-01-10 12:44:58,564 I 17688 17996] raylet_client.cc:336: Error reporting task backlog information: IOError: 
[2022-01-10 12:44:59,564 I 17688 17996] raylet_client.cc:336: Error reporting task backlog information: IOError: 
[2022-01-10 12:45:00,564 I 17688 17996] raylet_client.cc:336: Error reporting task backlog information: IOError: 
[2022-01-10 12:45:01,565 I 17688 17996] raylet_client.cc:336: Error reporting task backlog information: IOError: 
[2022-01-10 12:45:02,565 I 17688 17996] raylet_client.cc:336: Error reporting task backlog information: IOError: 
[2022-01-10 12:45:03,565 I 17688 17996] raylet_client.cc:336: Error reporting task backlog information: IOError: 
[2022-01-10 12:45:04,565 I 17688 17996] raylet_client.cc:336: Error reporting task backlog information: IOError: 
[2022-01-10 12:45:05,419 W 17688 17997] metric_exporter.cc:206: Export metrics to agent failed: IOError: . This won't affect Ray, but you can lose metrics from the cluster.
[2022-01-10 12:45:05,566 I 17688 17996] raylet_client.cc:336: Error reporting task backlog information: IOError: 
[2022-01-10 12:45:06,566 I 17688 17996] raylet_client.cc:336: Error reporting task backlog information: IOError: 
[2022-01-10 12:45:07,566 I 17688 17996] raylet_client.cc:336: Error reporting task backlog information: IOError: 
[2022-01-10 12:45:08,567 I 17688 17996] raylet_client.cc:336: Error reporting task backlog information: IOError: 
[2022-01-10 12:45:09,567 I 17688 17996] raylet_client.cc:336: Error reporting task backlog information: IOError: 
[2022-01-10 12:45:10,567 I 17688 17996] raylet_client.cc:336: Error reporting task backlog information: IOError: 
[2022-01-10 12:45:11,567 I 17688 17996] raylet_client.cc:336: Error reporting task backlog information: IOError: 
[2022-01-10 12:45:12,567 I 17688 17996] raylet_client.cc:336: Error reporting task backlog information: IOError: 
[2022-01-10 12:45:13,568 I 17688 17996] raylet_client.cc:336: Error reporting task backlog information: IOError: 
[2022-01-10 12:45:14,568 I 17688 17996] raylet_client.cc:336: Error reporting task backlog information: IOError: 
[2022-01-10 12:45:15,435 W 17688 17997] metric_exporter.cc:206: Export metrics to agent failed: IOError: . This won't affect Ray, but you can lose metrics from the cluster.
[2022-01-10 12:45:15,568 I 17688 17996] raylet_client.cc:336: Error reporting task backlog information: IOError: 
[2022-01-10 12:45:16,569 I 17688 17996] raylet_client.cc:336: Error reporting task backlog information: IOError: 
[2022-01-10 12:45:17,569 I 17688 17996] raylet_client.cc:336: Error reporting task backlog information: IOError: 
[2022-01-10 12:45:18,569 I 17688 17996] raylet_client.cc:336: Error reporting task backlog information: IOError: 
[2022-01-10 12:45:19,569 I 17688 17996] raylet_client.cc:336: Error reporting task backlog information: IOError: 
[2022-01-10 12:45:20,570 I 17688 17996] raylet_client.cc:336: Error reporting task backlog information: IOError: 
[2022-01-10 12:45:21,570 I 17688 17996] raylet_client.cc:336: Error reporting task backlog information: IOError: 
[2022-01-10 12:45:22,570 I 17688 17996] raylet_client.cc:336: Error reporting task backlog information: IOError: 
[2022-01-10 12:45:23,570 I 17688 17996] raylet_client.cc:336: Error reporting task backlog information: IOError: 
[2022-01-10 12:45:24,571 I 17688 17996] raylet_client.cc:336: Error reporting task backlog information: IOError: 
[2022-01-10 12:45:25,453 W 17688 17997] metric_exporter.cc:206: Export metrics to agent failed: IOError: . This won't affect Ray, but you can lose metrics from the cluster.
[2022-01-10 12:45:25,571 I 17688 17996] raylet_client.cc:336: Error reporting task backlog information: IOError: 
[2022-01-10 12:45:26,571 I 17688 17996] raylet_client.cc:336: Error reporting task backlog information: IOError: 
[2022-01-10 12:45:27,571 I 17688 17996] raylet_client.cc:336: Error reporting task backlog information: IOError: 
[2022-01-10 12:45:28,572 I 17688 17996] raylet_client.cc:336: Error reporting task backlog information: IOError: 
[2022-01-10 12:45:29,572 I 17688 17996] raylet_client.cc:336: Error reporting task backlog information: IOError: 
[2022-01-10 12:45:30,572 I 17688 17996] raylet_client.cc:336: Error reporting task backlog information: IOError: 
[2022-01-10 12:45:31,573 I 17688 17996] raylet_client.cc:336: Error reporting task backlog information: IOError: 
[2022-01-10 12:45:32,573 I 17688 17996] raylet_client.cc:336: Error reporting task backlog information: IOError: 
[2022-01-10 12:45:33,573 I 17688 17996] raylet_client.cc:336: Error reporting task backlog information: IOError: 
[2022-01-10 12:45:34,573 I 17688 17996] raylet_client.cc:336: Error reporting task backlog information: IOError: 
[2022-01-10 12:45:35,469 W 17688 17997] metric_exporter.cc:206: Export metrics to agent failed: IOError: . This won't affect Ray, but you can lose metrics from the cluster.
[2022-01-10 12:45:35,574 I 17688 17996] raylet_client.cc:336: Error reporting task backlog information: IOError: 
[2022-01-10 12:45:36,574 I 17688 17996] raylet_client.cc:336: Error reporting task backlog information: IOError: 
[2022-01-10 12:45:37,574 I 17688 17996] raylet_client.cc:336: Error reporting task backlog information: IOError: 
[2022-01-10 12:45:38,575 I 17688 17996] raylet_client.cc:336: Error reporting task backlog information: IOError: 
[2022-01-10 12:45:39,575 I 17688 17996] raylet_client.cc:336: Error reporting task backlog information: IOError: 
[2022-01-10 12:45:40,575 I 17688 17996] raylet_client.cc:336: Error reporting task backlog information: IOError: 
[2022-01-10 12:45:41,575 I 17688 17996] raylet_client.cc:336: Error reporting task backlog information: IOError: 
[2022-01-10 12:45:42,576 I 17688 17996] raylet_client.cc:336: Error reporting task backlog information: IOError: 
[2022-01-10 12:45:43,576 I 17688 17996] raylet_client.cc:336: Error reporting task backlog information: IOError: 
[2022-01-10 12:45:44,576 I 17688 17996] raylet_client.cc:336: Error reporting task backlog information: IOError: 
[2022-01-10 12:45:45,485 W 17688 17997] metric_exporter.cc:206: Export metrics to agent failed: IOError: . This won't affect Ray, but you can lose metrics from the cluster.
[2022-01-10 12:45:45,576 I 17688 17996] raylet_client.cc:336: Error reporting task backlog information: IOError: 
[2022-01-10 12:45:46,577 I 17688 17996] raylet_client.cc:336: Error reporting task backlog information: IOError: 
[2022-01-10 12:45:47,577 I 17688 17996] raylet_client.cc:336: Error reporting task backlog information: IOError: 
[2022-01-10 12:45:48,577 I 17688 17996] raylet_client.cc:336: Error reporting task backlog information: IOError: 
[2022-01-10 12:45:49,578 I 17688 17996] raylet_client.cc:336: Error reporting task backlog information: IOError: 
[2022-01-10 12:45:50,578 I 17688 17996] raylet_client.cc:336: Error reporting task backlog information: IOError: 
[2022-01-10 12:45:51,578 I 17688 17996] raylet_client.cc:336: Error reporting task backlog information: IOError: 
[2022-01-10 12:45:52,578 I 17688 17996] raylet_client.cc:336: Error reporting task backlog information: IOError: 
[2022-01-10 12:45:53,579 I 17688 17996] raylet_client.cc:336: Error reporting task backlog information: IOError: 
[2022-01-10 12:45:54,579 I 17688 17996] raylet_client.cc:336: Error reporting task backlog information: IOError: 
[2022-01-10 12:45:55,503 W 17688 17997] metric_exporter.cc:206: Export metrics to agent failed: IOError: . This won't affect Ray, but you can lose metrics from the cluster.
[2022-01-10 12:45:55,579 I 17688 17996] raylet_client.cc:336: Error reporting task backlog information: IOError: 
[2022-01-10 12:45:56,580 I 17688 17996] raylet_client.cc:336: Error reporting task backlog information: IOError: 
[2022-01-10 12:45:57,580 I 17688 17996] raylet_client.cc:336: Error reporting task backlog information: IOError: 
[2022-01-10 12:45:58,580 I 17688 17996] raylet_client.cc:336: Error reporting task backlog information: IOError: 
[2022-01-10 12:45:59,581 I 17688 17996] raylet_client.cc:336: Error reporting task backlog information: IOError: 
[2022-01-10 12:46:00,581 I 17688 17996] raylet_client.cc:336: Error reporting task backlog information: IOError: 
[2022-01-10 12:46:01,581 I 17688 17996] raylet_client.cc:336: Error reporting task backlog information: IOError: 
[2022-01-10 12:46:02,582 I 17688 17996] raylet_client.cc:336: Error reporting task backlog information: IOError: 
[2022-01-10 12:46:03,582 I 17688 17996] raylet_client.cc:336: Error reporting task backlog information: IOError: 
[2022-01-10 12:46:04,582 I 17688 17996] raylet_client.cc:336: Error reporting task backlog information: IOError: 
[2022-01-10 12:46:05,521 W 17688 17997] metric_exporter.cc:206: Export metrics to agent failed: IOError: . This won't affect Ray, but you can lose metrics from the cluster.
[2022-01-10 12:46:05,582 I 17688 17996] raylet_client.cc:336: Error reporting task backlog information: IOError: 
[2022-01-10 12:46:06,583 I 17688 17996] raylet_client.cc:336: Error reporting task backlog information: IOError: 
[2022-01-10 12:46:07,583 I 17688 17996] raylet_client.cc:336: Error reporting task backlog information: IOError: 
[2022-01-10 12:46:08,583 I 17688 17996] raylet_client.cc:336: Error reporting task backlog information: IOError: 
[2022-01-10 12:46:09,583 I 17688 17996] raylet_client.cc:336: Error reporting task backlog information: IOError: 
[2022-01-10 12:46:10,584 I 17688 17996] raylet_client.cc:336: Error reporting task backlog information: IOError: 
[2022-01-10 12:46:11,584 I 17688 17996] raylet_client.cc:336: Error reporting task backlog information: IOError: 
[2022-01-10 12:46:12,584 I 17688 17996] raylet_client.cc:336: Error reporting task backlog information: IOError: 
[2022-01-10 12:46:13,585 I 17688 17996] raylet_client.cc:336: Error reporting task backlog information: IOError: 
[2022-01-10 12:46:14,585 I 17688 17996] raylet_client.cc:336: Error reporting task backlog information: IOError: 
[2022-01-10 12:46:15,538 W 17688 17997] metric_exporter.cc:206: Export metrics to agent failed: IOError: . This won't affect Ray, but you can lose metrics from the cluster.
[2022-01-10 12:46:15,585 I 17688 17996] raylet_client.cc:336: Error reporting task backlog information: IOError: 
[2022-01-10 12:46:16,586 I 17688 17996] raylet_client.cc:336: Error reporting task backlog information: IOError: 
[2022-01-10 12:46:17,586 I 17688 17996] raylet_client.cc:336: Error reporting task backlog information: IOError: 
[2022-01-10 12:46:18,586 I 17688 17996] raylet_client.cc:336: Error reporting task backlog information: IOError: 
[2022-01-10 12:46:19,587 I 17688 17996] raylet_client.cc:336: Error reporting task backlog information: IOError: 
[2022-01-10 12:46:20,587 I 17688 17996] raylet_client.cc:336: Error reporting task backlog information: IOError: 
[2022-01-10 12:46:21,587 I 17688 17996] raylet_client.cc:336: Error reporting task backlog information: IOError: 
[2022-01-10 12:46:22,587 I 17688 17996] raylet_client.cc:336: Error reporting task backlog information: IOError: 
[2022-01-10 12:46:23,587 I 17688 17996] raylet_client.cc:336: Error reporting task backlog information: IOError: 
[2022-01-10 12:46:24,588 I 17688 17996] raylet_client.cc:336: Error reporting task backlog information: IOError: 
[2022-01-10 12:46:25,556 W 17688 17997] metric_exporter.cc:206: Export metrics to agent failed: IOError: . This won't affect Ray, but you can lose metrics from the cluster.
[2022-01-10 12:46:25,588 I 17688 17996] raylet_client.cc:336: Error reporting task backlog information: IOError: 
[2022-01-10 12:46:26,588 I 17688 17996] raylet_client.cc:336: Error reporting task backlog information: IOError: 
[2022-01-10 12:46:27,588 I 17688 17996] raylet_client.cc:336: Error reporting task backlog information: IOError: 
[2022-01-10 12:46:28,589 I 17688 17996] raylet_client.cc:336: Error reporting task backlog information: IOError: 
[2022-01-10 12:46:29,589 I 17688 17996] raylet_client.cc:336: Error reporting task backlog information: IOError: 
[2022-01-10 12:46:30,589 I 17688 17996] raylet_client.cc:336: Error reporting task backlog information: IOError: 
[2022-01-10 12:46:31,590 I 17688 17996] raylet_client.cc:336: Error reporting task backlog information: IOError: 
[2022-01-10 12:46:32,457 E 17688 17913] gcs_server_address_updater.cc:76: Failed to receive the GCS address for 600 times without success. The worker will exit ungracefully. It is because GCS has died. It could be because there was an issue that kills GCS, such as high memory usage triggering OOM killer to kill GCS. Cluster will be highly likely unavailable if you see this log. Please check the log from gcs_server.err.
