[2022-01-10 12:32:24,239 I 17691 17691] core_worker.cc:132: Constructing CoreWorkerProcess. pid: 17691
[2022-01-10 12:32:24,264 I 17691 17691] grpc_server.cc:112: worker server started, listening on port 41077.
[2022-01-10 12:32:24,268 I 17691 17691] core_worker.cc:479: Initializing worker at address: 131.215.21.210:41077, worker ID e5c10b56f072f48bd231b29b76dc0e8762cf763265e3047c95cf58db, raylet a73cdcc1932be5e29bf83013b8fe7585bf1281373fc43077f508e422
[2022-01-10 12:32:24,377 I 17691 17691] io_service_pool.cc:35: IOServicePool is running with 1 io_service.
[2022-01-10 12:32:24,398 I 17691 17977] accessor.cc:560: Received notification for node id = a73cdcc1932be5e29bf83013b8fe7585bf1281373fc43077f508e422, IsAlive = 1
[2022-01-10 12:36:33,320 W 17691 17860] gcs_server_address_updater.cc:61: [1] Failed to get the gcs server address from raylet 1 times in a row. If it keeps failing to obtain the address, the worker might crash. Connection status IOError: 
[2022-01-10 12:36:34,320 I 17691 17977] raylet_client.cc:336: Error reporting task backlog information: IOError: 
[2022-01-10 12:36:34,419 I 17691 17977] raylet_client.cc:336: Error reporting task backlog information: IOError: 
[2022-01-10 12:36:34,610 W 17691 17978] metric_exporter.cc:206: Export metrics to agent failed: IOError: . This won't affect Ray, but you can lose metrics from the cluster.
[2022-01-10 12:36:35,419 I 17691 17977] raylet_client.cc:336: Error reporting task backlog information: IOError: 
[2022-01-10 12:36:36,419 I 17691 17977] raylet_client.cc:336: Error reporting task backlog information: IOError: 
[2022-01-10 12:36:37,419 I 17691 17977] raylet_client.cc:336: Error reporting task backlog information: IOError: 
[2022-01-10 12:36:38,419 I 17691 17977] raylet_client.cc:336: Error reporting task backlog information: IOError: 
[2022-01-10 12:36:39,419 I 17691 17977] raylet_client.cc:336: Error reporting task backlog information: IOError: 
[2022-01-10 12:36:40,419 I 17691 17977] raylet_client.cc:336: Error reporting task backlog information: IOError: 
[2022-01-10 12:36:41,419 I 17691 17977] raylet_client.cc:336: Error reporting task backlog information: IOError: 
[2022-01-10 12:36:42,419 I 17691 17977] raylet_client.cc:336: Error reporting task backlog information: IOError: 
[2022-01-10 12:36:43,419 I 17691 17977] raylet_client.cc:336: Error reporting task backlog information: IOError: 
[2022-01-10 12:36:44,419 I 17691 17977] raylet_client.cc:336: Error reporting task backlog information: IOError: 
[2022-01-10 12:36:44,622 W 17691 17978] metric_exporter.cc:206: Export metrics to agent failed: IOError: . This won't affect Ray, but you can lose metrics from the cluster.
[2022-01-10 12:36:45,419 I 17691 17977] raylet_client.cc:336: Error reporting task backlog information: IOError: 
[2022-01-10 12:36:46,420 I 17691 17977] raylet_client.cc:336: Error reporting task backlog information: IOError: 
[2022-01-10 12:36:47,420 I 17691 17977] raylet_client.cc:336: Error reporting task backlog information: IOError: 
[2022-01-10 12:36:48,420 I 17691 17977] raylet_client.cc:336: Error reporting task backlog information: IOError: 
[2022-01-10 12:36:49,420 I 17691 17977] raylet_client.cc:336: Error reporting task backlog information: IOError: 
[2022-01-10 12:36:50,420 I 17691 17977] raylet_client.cc:336: Error reporting task backlog information: IOError: 
[2022-01-10 12:36:51,420 I 17691 17977] raylet_client.cc:336: Error reporting task backlog information: IOError: 
[2022-01-10 12:36:52,420 I 17691 17977] raylet_client.cc:336: Error reporting task backlog information: IOError: 
[2022-01-10 12:36:53,420 I 17691 17977] raylet_client.cc:336: Error reporting task backlog information: IOError: 
[2022-01-10 12:36:54,420 I 17691 17977] raylet_client.cc:336: Error reporting task backlog information: IOError: 
[2022-01-10 12:36:54,636 W 17691 17978] metric_exporter.cc:206: Export metrics to agent failed: IOError: . This won't affect Ray, but you can lose metrics from the cluster.
[2022-01-10 12:36:55,420 I 17691 17977] raylet_client.cc:336: Error reporting task backlog information: IOError: 
[2022-01-10 12:36:56,420 I 17691 17977] raylet_client.cc:336: Error reporting task backlog information: IOError: 
[2022-01-10 12:36:57,420 I 17691 17977] raylet_client.cc:336: Error reporting task backlog information: IOError: 
[2022-01-10 12:36:58,421 I 17691 17977] raylet_client.cc:336: Error reporting task backlog information: IOError: 
[2022-01-10 12:36:59,421 I 17691 17977] raylet_client.cc:336: Error reporting task backlog information: IOError: 
[2022-01-10 12:37:00,421 I 17691 17977] raylet_client.cc:336: Error reporting task backlog information: IOError: 
[2022-01-10 12:37:01,421 I 17691 17977] raylet_client.cc:336: Error reporting task backlog information: IOError: 
[2022-01-10 12:37:02,421 I 17691 17977] raylet_client.cc:336: Error reporting task backlog information: IOError: 
[2022-01-10 12:37:03,421 I 17691 17977] raylet_client.cc:336: Error reporting task backlog information: IOError: 
[2022-01-10 12:37:04,421 I 17691 17977] raylet_client.cc:336: Error reporting task backlog information: IOError: 
[2022-01-10 12:37:04,643 W 17691 17978] metric_exporter.cc:206: Export metrics to agent failed: IOError: . This won't affect Ray, but you can lose metrics from the cluster.
[2022-01-10 12:37:05,421 I 17691 17977] raylet_client.cc:336: Error reporting task backlog information: IOError: 
[2022-01-10 12:37:06,421 I 17691 17977] raylet_client.cc:336: Error reporting task backlog information: IOError: 
[2022-01-10 12:37:07,421 I 17691 17977] raylet_client.cc:336: Error reporting task backlog information: IOError: 
[2022-01-10 12:37:08,421 I 17691 17977] raylet_client.cc:336: Error reporting task backlog information: IOError: 
[2022-01-10 12:37:09,421 I 17691 17977] raylet_client.cc:336: Error reporting task backlog information: IOError: 
[2022-01-10 12:37:10,422 I 17691 17977] raylet_client.cc:336: Error reporting task backlog information: IOError: 
[2022-01-10 12:37:11,422 I 17691 17977] raylet_client.cc:336: Error reporting task backlog information: IOError: 
[2022-01-10 12:37:12,422 I 17691 17977] raylet_client.cc:336: Error reporting task backlog information: IOError: 
[2022-01-10 12:37:13,422 I 17691 17977] raylet_client.cc:336: Error reporting task backlog information: IOError: 
[2022-01-10 12:37:14,422 I 17691 17977] raylet_client.cc:336: Error reporting task backlog information: IOError: 
[2022-01-10 12:37:14,650 W 17691 17978] metric_exporter.cc:206: Export metrics to agent failed: IOError: . This won't affect Ray, but you can lose metrics from the cluster.
[2022-01-10 12:37:15,422 I 17691 17977] raylet_client.cc:336: Error reporting task backlog information: IOError: 
[2022-01-10 12:37:16,422 I 17691 17977] raylet_client.cc:336: Error reporting task backlog information: IOError: 
[2022-01-10 12:37:17,431 I 17691 17977] raylet_client.cc:336: Error reporting task backlog information: IOError: 
[2022-01-10 12:37:18,422 I 17691 17977] raylet_client.cc:336: Error reporting task backlog information: IOError: 
[2022-01-10 12:37:19,422 I 17691 17977] raylet_client.cc:336: Error reporting task backlog information: IOError: 
[2022-01-10 12:37:20,422 I 17691 17977] raylet_client.cc:336: Error reporting task backlog information: IOError: 
[2022-01-10 12:37:21,422 I 17691 17977] raylet_client.cc:336: Error reporting task backlog information: IOError: 
[2022-01-10 12:37:22,423 I 17691 17977] raylet_client.cc:336: Error reporting task backlog information: IOError: 
[2022-01-10 12:37:23,423 I 17691 17977] raylet_client.cc:336: Error reporting task backlog information: IOError: 
[2022-01-10 12:37:24,423 I 17691 17977] raylet_client.cc:336: Error reporting task backlog information: IOError: 
[2022-01-10 12:37:24,656 W 17691 17978] metric_exporter.cc:206: Export metrics to agent failed: IOError: . This won't affect Ray, but you can lose metrics from the cluster.
[2022-01-10 12:37:25,423 I 17691 17977] raylet_client.cc:336: Error reporting task backlog information: IOError: 
[2022-01-10 12:37:26,423 I 17691 17977] raylet_client.cc:336: Error reporting task backlog information: IOError: 
[2022-01-10 12:37:27,423 I 17691 17977] raylet_client.cc:336: Error reporting task backlog information: IOError: 
[2022-01-10 12:37:28,423 I 17691 17977] raylet_client.cc:336: Error reporting task backlog information: IOError: 
[2022-01-10 12:37:29,423 I 17691 17977] raylet_client.cc:336: Error reporting task backlog information: IOError: 
[2022-01-10 12:37:30,423 I 17691 17977] raylet_client.cc:336: Error reporting task backlog information: IOError: 
[2022-01-10 12:37:31,423 I 17691 17977] raylet_client.cc:336: Error reporting task backlog information: IOError: 
[2022-01-10 12:37:32,423 I 17691 17977] raylet_client.cc:336: Error reporting task backlog information: IOError: 
[2022-01-10 12:37:33,423 I 17691 17977] raylet_client.cc:336: Error reporting task backlog information: IOError: 
[2022-01-10 12:37:34,423 I 17691 17977] raylet_client.cc:336: Error reporting task backlog information: IOError: 
[2022-01-10 12:37:34,663 W 17691 17978] metric_exporter.cc:206: Export metrics to agent failed: IOError: . This won't affect Ray, but you can lose metrics from the cluster.
[2022-01-10 12:37:35,424 I 17691 17977] raylet_client.cc:336: Error reporting task backlog information: IOError: 
[2022-01-10 12:37:36,424 I 17691 17977] raylet_client.cc:336: Error reporting task backlog information: IOError: 
[2022-01-10 12:37:37,424 I 17691 17977] raylet_client.cc:336: Error reporting task backlog information: IOError: 
[2022-01-10 12:37:38,424 I 17691 17977] raylet_client.cc:336: Error reporting task backlog information: IOError: 
[2022-01-10 12:37:39,424 I 17691 17977] raylet_client.cc:336: Error reporting task backlog information: IOError: 
[2022-01-10 12:37:40,424 I 17691 17977] raylet_client.cc:336: Error reporting task backlog information: IOError: 
[2022-01-10 12:37:41,424 I 17691 17977] raylet_client.cc:336: Error reporting task backlog information: IOError: 
[2022-01-10 12:37:42,424 I 17691 17977] raylet_client.cc:336: Error reporting task backlog information: IOError: 
[2022-01-10 12:37:43,424 I 17691 17977] raylet_client.cc:336: Error reporting task backlog information: IOError: 
[2022-01-10 12:37:44,424 I 17691 17977] raylet_client.cc:336: Error reporting task backlog information: IOError: 
[2022-01-10 12:37:44,669 W 17691 17978] metric_exporter.cc:206: Export metrics to agent failed: IOError: . This won't affect Ray, but you can lose metrics from the cluster.
[2022-01-10 12:37:45,424 I 17691 17977] raylet_client.cc:336: Error reporting task backlog information: IOError: 
[2022-01-10 12:37:46,425 I 17691 17977] raylet_client.cc:336: Error reporting task backlog information: IOError: 
[2022-01-10 12:37:47,425 I 17691 17977] raylet_client.cc:336: Error reporting task backlog information: IOError: 
[2022-01-10 12:37:48,425 I 17691 17977] raylet_client.cc:336: Error reporting task backlog information: IOError: 
[2022-01-10 12:37:49,425 I 17691 17977] raylet_client.cc:336: Error reporting task backlog information: IOError: 
[2022-01-10 12:37:50,425 I 17691 17977] raylet_client.cc:336: Error reporting task backlog information: IOError: 
[2022-01-10 12:37:51,425 I 17691 17977] raylet_client.cc:336: Error reporting task backlog information: IOError: 
[2022-01-10 12:37:52,425 I 17691 17977] raylet_client.cc:336: Error reporting task backlog information: IOError: 
[2022-01-10 12:37:53,425 I 17691 17977] raylet_client.cc:336: Error reporting task backlog information: IOError: 
[2022-01-10 12:37:54,425 I 17691 17977] raylet_client.cc:336: Error reporting task backlog information: IOError: 
[2022-01-10 12:37:54,676 W 17691 17978] metric_exporter.cc:206: Export metrics to agent failed: IOError: . This won't affect Ray, but you can lose metrics from the cluster.
[2022-01-10 12:37:55,425 I 17691 17977] raylet_client.cc:336: Error reporting task backlog information: IOError: 
[2022-01-10 12:37:56,425 I 17691 17977] raylet_client.cc:336: Error reporting task backlog information: IOError: 
[2022-01-10 12:37:57,425 I 17691 17977] raylet_client.cc:336: Error reporting task backlog information: IOError: 
[2022-01-10 12:37:58,425 I 17691 17977] raylet_client.cc:336: Error reporting task backlog information: IOError: 
[2022-01-10 12:37:59,426 I 17691 17977] raylet_client.cc:336: Error reporting task backlog information: IOError: 
[2022-01-10 12:38:00,426 I 17691 17977] raylet_client.cc:336: Error reporting task backlog information: IOError: 
[2022-01-10 12:38:01,426 I 17691 17977] raylet_client.cc:336: Error reporting task backlog information: IOError: 
[2022-01-10 12:38:02,426 I 17691 17977] raylet_client.cc:336: Error reporting task backlog information: IOError: 
[2022-01-10 12:38:03,426 I 17691 17977] raylet_client.cc:336: Error reporting task backlog information: IOError: 
[2022-01-10 12:38:04,426 I 17691 17977] raylet_client.cc:336: Error reporting task backlog information: IOError: 
[2022-01-10 12:38:04,683 W 17691 17978] metric_exporter.cc:206: Export metrics to agent failed: IOError: . This won't affect Ray, but you can lose metrics from the cluster.
[2022-01-10 12:38:05,426 I 17691 17977] raylet_client.cc:336: Error reporting task backlog information: IOError: 
[2022-01-10 12:38:06,432 I 17691 17977] raylet_client.cc:336: Error reporting task backlog information: IOError: 
[2022-01-10 12:38:07,432 I 17691 17977] raylet_client.cc:336: Error reporting task backlog information: IOError: 
[2022-01-10 12:38:08,432 I 17691 17977] raylet_client.cc:336: Error reporting task backlog information: IOError: 
[2022-01-10 12:38:09,432 I 17691 17977] raylet_client.cc:336: Error reporting task backlog information: IOError: 
[2022-01-10 12:38:10,432 I 17691 17977] raylet_client.cc:336: Error reporting task backlog information: IOError: 
[2022-01-10 12:38:11,432 I 17691 17977] raylet_client.cc:336: Error reporting task backlog information: IOError: 
[2022-01-10 12:38:12,432 I 17691 17977] raylet_client.cc:336: Error reporting task backlog information: IOError: 
[2022-01-10 12:38:13,432 I 17691 17977] raylet_client.cc:336: Error reporting task backlog information: IOError: 
[2022-01-10 12:38:14,432 I 17691 17977] raylet_client.cc:336: Error reporting task backlog information: IOError: 
[2022-01-10 12:38:14,690 W 17691 17978] metric_exporter.cc:206: Export metrics to agent failed: IOError: . This won't affect Ray, but you can lose metrics from the cluster.
[2022-01-10 12:38:15,432 I 17691 17977] raylet_client.cc:336: Error reporting task backlog information: IOError: 
[2022-01-10 12:38:16,432 I 17691 17977] raylet_client.cc:336: Error reporting task backlog information: IOError: 
[2022-01-10 12:38:17,432 I 17691 17977] raylet_client.cc:336: Error reporting task backlog information: IOError: 
[2022-01-10 12:38:18,432 I 17691 17977] raylet_client.cc:336: Error reporting task backlog information: IOError: 
[2022-01-10 12:38:19,433 I 17691 17977] raylet_client.cc:336: Error reporting task backlog information: IOError: 
[2022-01-10 12:38:20,433 I 17691 17977] raylet_client.cc:336: Error reporting task backlog information: IOError: 
[2022-01-10 12:38:21,433 I 17691 17977] raylet_client.cc:336: Error reporting task backlog information: IOError: 
[2022-01-10 12:38:22,433 I 17691 17977] raylet_client.cc:336: Error reporting task backlog information: IOError: 
[2022-01-10 12:38:23,433 I 17691 17977] raylet_client.cc:336: Error reporting task backlog information: IOError: 
[2022-01-10 12:38:24,433 I 17691 17977] raylet_client.cc:336: Error reporting task backlog information: IOError: 
[2022-01-10 12:38:24,697 W 17691 17978] metric_exporter.cc:206: Export metrics to agent failed: IOError: . This won't affect Ray, but you can lose metrics from the cluster.
[2022-01-10 12:38:25,433 I 17691 17977] raylet_client.cc:336: Error reporting task backlog information: IOError: 
[2022-01-10 12:38:26,433 I 17691 17977] raylet_client.cc:336: Error reporting task backlog information: IOError: 
[2022-01-10 12:38:27,433 I 17691 17977] raylet_client.cc:336: Error reporting task backlog information: IOError: 
[2022-01-10 12:38:28,433 I 17691 17977] raylet_client.cc:336: Error reporting task backlog information: IOError: 
[2022-01-10 12:38:29,433 I 17691 17977] raylet_client.cc:336: Error reporting task backlog information: IOError: 
[2022-01-10 12:38:30,433 I 17691 17977] raylet_client.cc:336: Error reporting task backlog information: IOError: 
[2022-01-10 12:38:31,433 I 17691 17977] raylet_client.cc:336: Error reporting task backlog information: IOError: 
[2022-01-10 12:38:32,434 I 17691 17977] raylet_client.cc:336: Error reporting task backlog information: IOError: 
[2022-01-10 12:38:33,434 I 17691 17977] raylet_client.cc:336: Error reporting task backlog information: IOError: 
[2022-01-10 12:38:34,434 I 17691 17977] raylet_client.cc:336: Error reporting task backlog information: IOError: 
[2022-01-10 12:38:34,704 W 17691 17978] metric_exporter.cc:206: Export metrics to agent failed: IOError: . This won't affect Ray, but you can lose metrics from the cluster.
[2022-01-10 12:38:35,434 I 17691 17977] raylet_client.cc:336: Error reporting task backlog information: IOError: 
[2022-01-10 12:38:36,434 I 17691 17977] raylet_client.cc:336: Error reporting task backlog information: IOError: 
[2022-01-10 12:38:37,434 I 17691 17977] raylet_client.cc:336: Error reporting task backlog information: IOError: 
[2022-01-10 12:38:38,434 I 17691 17977] raylet_client.cc:336: Error reporting task backlog information: IOError: 
[2022-01-10 12:38:39,434 I 17691 17977] raylet_client.cc:336: Error reporting task backlog information: IOError: 
[2022-01-10 12:38:40,434 I 17691 17977] raylet_client.cc:336: Error reporting task backlog information: IOError: 
[2022-01-10 12:38:41,434 I 17691 17977] raylet_client.cc:336: Error reporting task backlog information: IOError: 
[2022-01-10 12:38:42,434 I 17691 17977] raylet_client.cc:336: Error reporting task backlog information: IOError: 
[2022-01-10 12:38:43,434 I 17691 17977] raylet_client.cc:336: Error reporting task backlog information: IOError: 
[2022-01-10 12:38:44,434 I 17691 17977] raylet_client.cc:336: Error reporting task backlog information: IOError: 
[2022-01-10 12:38:44,714 W 17691 17978] metric_exporter.cc:206: Export metrics to agent failed: IOError: . This won't affect Ray, but you can lose metrics from the cluster.
[2022-01-10 12:38:45,434 I 17691 17977] raylet_client.cc:336: Error reporting task backlog information: IOError: 
[2022-01-10 12:38:46,435 I 17691 17977] raylet_client.cc:336: Error reporting task backlog information: IOError: 
[2022-01-10 12:38:47,435 I 17691 17977] raylet_client.cc:336: Error reporting task backlog information: IOError: 
[2022-01-10 12:38:48,435 I 17691 17977] raylet_client.cc:336: Error reporting task backlog information: IOError: 
[2022-01-10 12:38:49,435 I 17691 17977] raylet_client.cc:336: Error reporting task backlog information: IOError: 
[2022-01-10 12:38:50,435 I 17691 17977] raylet_client.cc:336: Error reporting task backlog information: IOError: 
[2022-01-10 12:38:51,435 I 17691 17977] raylet_client.cc:336: Error reporting task backlog information: IOError: 
[2022-01-10 12:38:52,435 I 17691 17977] raylet_client.cc:336: Error reporting task backlog information: IOError: 
[2022-01-10 12:38:53,435 I 17691 17977] raylet_client.cc:336: Error reporting task backlog information: IOError: 
[2022-01-10 12:38:54,435 I 17691 17977] raylet_client.cc:336: Error reporting task backlog information: IOError: 
[2022-01-10 12:38:54,721 W 17691 17978] metric_exporter.cc:206: Export metrics to agent failed: IOError: . This won't affect Ray, but you can lose metrics from the cluster.
[2022-01-10 12:38:55,435 I 17691 17977] raylet_client.cc:336: Error reporting task backlog information: IOError: 
[2022-01-10 12:38:56,435 I 17691 17977] raylet_client.cc:336: Error reporting task backlog information: IOError: 
[2022-01-10 12:38:57,435 I 17691 17977] raylet_client.cc:336: Error reporting task backlog information: IOError: 
[2022-01-10 12:38:58,435 I 17691 17977] raylet_client.cc:336: Error reporting task backlog information: IOError: 
[2022-01-10 12:38:59,435 I 17691 17977] raylet_client.cc:336: Error reporting task backlog information: IOError: 
[2022-01-10 12:39:00,435 I 17691 17977] raylet_client.cc:336: Error reporting task backlog information: IOError: 
[2022-01-10 12:39:01,436 I 17691 17977] raylet_client.cc:336: Error reporting task backlog information: IOError: 
[2022-01-10 12:39:02,436 I 17691 17977] raylet_client.cc:336: Error reporting task backlog information: IOError: 
[2022-01-10 12:39:03,436 I 17691 17977] raylet_client.cc:336: Error reporting task backlog information: IOError: 
[2022-01-10 12:39:04,436 I 17691 17977] raylet_client.cc:336: Error reporting task backlog information: IOError: 
[2022-01-10 12:39:04,727 W 17691 17978] metric_exporter.cc:206: Export metrics to agent failed: IOError: . This won't affect Ray, but you can lose metrics from the cluster.
[2022-01-10 12:39:05,436 I 17691 17977] raylet_client.cc:336: Error reporting task backlog information: IOError: 
[2022-01-10 12:39:06,436 I 17691 17977] raylet_client.cc:336: Error reporting task backlog information: IOError: 
[2022-01-10 12:39:07,436 I 17691 17977] raylet_client.cc:336: Error reporting task backlog information: IOError: 
[2022-01-10 12:39:08,436 I 17691 17977] raylet_client.cc:336: Error reporting task backlog information: IOError: 
[2022-01-10 12:39:09,436 I 17691 17977] raylet_client.cc:336: Error reporting task backlog information: IOError: 
[2022-01-10 12:39:10,436 I 17691 17977] raylet_client.cc:336: Error reporting task backlog information: IOError: 
[2022-01-10 12:39:11,437 I 17691 17977] raylet_client.cc:336: Error reporting task backlog information: IOError: 
[2022-01-10 12:39:12,437 I 17691 17977] raylet_client.cc:336: Error reporting task backlog information: IOError: 
[2022-01-10 12:39:13,437 I 17691 17977] raylet_client.cc:336: Error reporting task backlog information: IOError: 
[2022-01-10 12:39:14,437 I 17691 17977] raylet_client.cc:336: Error reporting task backlog information: IOError: 
[2022-01-10 12:39:14,735 W 17691 17978] metric_exporter.cc:206: Export metrics to agent failed: IOError: . This won't affect Ray, but you can lose metrics from the cluster.
[2022-01-10 12:39:15,437 I 17691 17977] raylet_client.cc:336: Error reporting task backlog information: IOError: 
[2022-01-10 12:39:16,437 I 17691 17977] raylet_client.cc:336: Error reporting task backlog information: IOError: 
[2022-01-10 12:39:17,438 I 17691 17977] raylet_client.cc:336: Error reporting task backlog information: IOError: 
[2022-01-10 12:39:18,438 I 17691 17977] raylet_client.cc:336: Error reporting task backlog information: IOError: 
[2022-01-10 12:39:19,438 I 17691 17977] raylet_client.cc:336: Error reporting task backlog information: IOError: 
[2022-01-10 12:39:20,439 I 17691 17977] raylet_client.cc:336: Error reporting task backlog information: IOError: 
[2022-01-10 12:39:21,439 I 17691 17977] raylet_client.cc:336: Error reporting task backlog information: IOError: 
[2022-01-10 12:39:22,439 I 17691 17977] raylet_client.cc:336: Error reporting task backlog information: IOError: 
[2022-01-10 12:39:23,439 I 17691 17977] raylet_client.cc:336: Error reporting task backlog information: IOError: 
[2022-01-10 12:39:24,440 I 17691 17977] raylet_client.cc:336: Error reporting task backlog information: IOError: 
[2022-01-10 12:39:24,749 W 17691 17978] metric_exporter.cc:206: Export metrics to agent failed: IOError: . This won't affect Ray, but you can lose metrics from the cluster.
[2022-01-10 12:39:25,440 I 17691 17977] raylet_client.cc:336: Error reporting task backlog information: IOError: 
[2022-01-10 12:39:26,440 I 17691 17977] raylet_client.cc:336: Error reporting task backlog information: IOError: 
[2022-01-10 12:39:27,441 I 17691 17977] raylet_client.cc:336: Error reporting task backlog information: IOError: 
[2022-01-10 12:39:28,441 I 17691 17977] raylet_client.cc:336: Error reporting task backlog information: IOError: 
[2022-01-10 12:39:29,441 I 17691 17977] raylet_client.cc:336: Error reporting task backlog information: IOError: 
[2022-01-10 12:39:30,441 I 17691 17977] raylet_client.cc:336: Error reporting task backlog information: IOError: 
[2022-01-10 12:39:31,442 I 17691 17977] raylet_client.cc:336: Error reporting task backlog information: IOError: 
[2022-01-10 12:39:32,442 I 17691 17977] raylet_client.cc:336: Error reporting task backlog information: IOError: 
[2022-01-10 12:39:33,442 I 17691 17977] raylet_client.cc:336: Error reporting task backlog information: IOError: 
[2022-01-10 12:39:34,443 I 17691 17977] raylet_client.cc:336: Error reporting task backlog information: IOError: 
[2022-01-10 12:39:34,763 W 17691 17978] metric_exporter.cc:206: Export metrics to agent failed: IOError: . This won't affect Ray, but you can lose metrics from the cluster.
[2022-01-10 12:39:35,443 I 17691 17977] raylet_client.cc:336: Error reporting task backlog information: IOError: 
[2022-01-10 12:39:36,443 I 17691 17977] raylet_client.cc:336: Error reporting task backlog information: IOError: 
[2022-01-10 12:39:37,443 I 17691 17977] raylet_client.cc:336: Error reporting task backlog information: IOError: 
[2022-01-10 12:39:38,444 I 17691 17977] raylet_client.cc:336: Error reporting task backlog information: IOError: 
[2022-01-10 12:39:39,444 I 17691 17977] raylet_client.cc:336: Error reporting task backlog information: IOError: 
[2022-01-10 12:39:40,444 I 17691 17977] raylet_client.cc:336: Error reporting task backlog information: IOError: 
[2022-01-10 12:39:41,444 I 17691 17977] raylet_client.cc:336: Error reporting task backlog information: IOError: 
[2022-01-10 12:39:42,445 I 17691 17977] raylet_client.cc:336: Error reporting task backlog information: IOError: 
[2022-01-10 12:39:43,445 I 17691 17977] raylet_client.cc:336: Error reporting task backlog information: IOError: 
[2022-01-10 12:39:44,445 I 17691 17977] raylet_client.cc:336: Error reporting task backlog information: IOError: 
[2022-01-10 12:39:44,776 W 17691 17978] metric_exporter.cc:206: Export metrics to agent failed: IOError: . This won't affect Ray, but you can lose metrics from the cluster.
[2022-01-10 12:39:45,445 I 17691 17977] raylet_client.cc:336: Error reporting task backlog information: IOError: 
[2022-01-10 12:39:46,445 I 17691 17977] raylet_client.cc:336: Error reporting task backlog information: IOError: 
[2022-01-10 12:39:47,446 I 17691 17977] raylet_client.cc:336: Error reporting task backlog information: IOError: 
[2022-01-10 12:39:48,446 I 17691 17977] raylet_client.cc:336: Error reporting task backlog information: IOError: 
[2022-01-10 12:39:49,446 I 17691 17977] raylet_client.cc:336: Error reporting task backlog information: IOError: 
[2022-01-10 12:39:50,447 I 17691 17977] raylet_client.cc:336: Error reporting task backlog information: IOError: 
[2022-01-10 12:39:51,447 I 17691 17977] raylet_client.cc:336: Error reporting task backlog information: IOError: 
[2022-01-10 12:39:52,447 I 17691 17977] raylet_client.cc:336: Error reporting task backlog information: IOError: 
[2022-01-10 12:39:53,447 I 17691 17977] raylet_client.cc:336: Error reporting task backlog information: IOError: 
[2022-01-10 12:39:54,447 I 17691 17977] raylet_client.cc:336: Error reporting task backlog information: IOError: 
[2022-01-10 12:39:54,790 W 17691 17978] metric_exporter.cc:206: Export metrics to agent failed: IOError: . This won't affect Ray, but you can lose metrics from the cluster.
[2022-01-10 12:39:55,447 I 17691 17977] raylet_client.cc:336: Error reporting task backlog information: IOError: 
[2022-01-10 12:39:56,448 I 17691 17977] raylet_client.cc:336: Error reporting task backlog information: IOError: 
[2022-01-10 12:39:57,448 I 17691 17977] raylet_client.cc:336: Error reporting task backlog information: IOError: 
[2022-01-10 12:39:58,449 I 17691 17977] raylet_client.cc:336: Error reporting task backlog information: IOError: 
[2022-01-10 12:39:59,449 I 17691 17977] raylet_client.cc:336: Error reporting task backlog information: IOError: 
[2022-01-10 12:40:00,449 I 17691 17977] raylet_client.cc:336: Error reporting task backlog information: IOError: 
[2022-01-10 12:40:01,450 I 17691 17977] raylet_client.cc:336: Error reporting task backlog information: IOError: 
[2022-01-10 12:40:02,450 I 17691 17977] raylet_client.cc:336: Error reporting task backlog information: IOError: 
[2022-01-10 12:40:03,450 I 17691 17977] raylet_client.cc:336: Error reporting task backlog information: IOError: 
[2022-01-10 12:40:04,451 I 17691 17977] raylet_client.cc:336: Error reporting task backlog information: IOError: 
[2022-01-10 12:40:04,803 W 17691 17978] metric_exporter.cc:206: Export metrics to agent failed: IOError: . This won't affect Ray, but you can lose metrics from the cluster.
[2022-01-10 12:40:05,451 I 17691 17977] raylet_client.cc:336: Error reporting task backlog information: IOError: 
[2022-01-10 12:40:06,451 I 17691 17977] raylet_client.cc:336: Error reporting task backlog information: IOError: 
[2022-01-10 12:40:07,451 I 17691 17977] raylet_client.cc:336: Error reporting task backlog information: IOError: 
[2022-01-10 12:40:08,452 I 17691 17977] raylet_client.cc:336: Error reporting task backlog information: IOError: 
[2022-01-10 12:40:09,452 I 17691 17977] raylet_client.cc:336: Error reporting task backlog information: IOError: 
[2022-01-10 12:40:10,452 I 17691 17977] raylet_client.cc:336: Error reporting task backlog information: IOError: 
[2022-01-10 12:40:11,453 I 17691 17977] raylet_client.cc:336: Error reporting task backlog information: IOError: 
[2022-01-10 12:40:12,453 I 17691 17977] raylet_client.cc:336: Error reporting task backlog information: IOError: 
[2022-01-10 12:40:13,453 I 17691 17977] raylet_client.cc:336: Error reporting task backlog information: IOError: 
[2022-01-10 12:40:14,454 I 17691 17977] raylet_client.cc:336: Error reporting task backlog information: IOError: 
[2022-01-10 12:40:14,820 W 17691 17978] metric_exporter.cc:206: Export metrics to agent failed: IOError: . This won't affect Ray, but you can lose metrics from the cluster.
[2022-01-10 12:40:15,454 I 17691 17977] raylet_client.cc:336: Error reporting task backlog information: IOError: 
[2022-01-10 12:40:16,454 I 17691 17977] raylet_client.cc:336: Error reporting task backlog information: IOError: 
[2022-01-10 12:40:17,455 I 17691 17977] raylet_client.cc:336: Error reporting task backlog information: IOError: 
[2022-01-10 12:40:18,455 I 17691 17977] raylet_client.cc:336: Error reporting task backlog information: IOError: 
[2022-01-10 12:40:19,456 I 17691 17977] raylet_client.cc:336: Error reporting task backlog information: IOError: 
[2022-01-10 12:40:20,456 I 17691 17977] raylet_client.cc:336: Error reporting task backlog information: IOError: 
[2022-01-10 12:40:21,456 I 17691 17977] raylet_client.cc:336: Error reporting task backlog information: IOError: 
[2022-01-10 12:40:22,457 I 17691 17977] raylet_client.cc:336: Error reporting task backlog information: IOError: 
[2022-01-10 12:40:23,457 I 17691 17977] raylet_client.cc:336: Error reporting task backlog information: IOError: 
[2022-01-10 12:40:24,457 I 17691 17977] raylet_client.cc:336: Error reporting task backlog information: IOError: 
[2022-01-10 12:40:24,837 W 17691 17978] metric_exporter.cc:206: Export metrics to agent failed: IOError: . This won't affect Ray, but you can lose metrics from the cluster.
[2022-01-10 12:40:25,458 I 17691 17977] raylet_client.cc:336: Error reporting task backlog information: IOError: 
[2022-01-10 12:40:26,458 I 17691 17977] raylet_client.cc:336: Error reporting task backlog information: IOError: 
[2022-01-10 12:40:27,458 I 17691 17977] raylet_client.cc:336: Error reporting task backlog information: IOError: 
[2022-01-10 12:40:28,459 I 17691 17977] raylet_client.cc:336: Error reporting task backlog information: IOError: 
[2022-01-10 12:40:29,459 I 17691 17977] raylet_client.cc:336: Error reporting task backlog information: IOError: 
[2022-01-10 12:40:30,460 I 17691 17977] raylet_client.cc:336: Error reporting task backlog information: IOError: 
[2022-01-10 12:40:31,460 I 17691 17977] raylet_client.cc:336: Error reporting task backlog information: IOError: 
[2022-01-10 12:40:32,460 I 17691 17977] raylet_client.cc:336: Error reporting task backlog information: IOError: 
[2022-01-10 12:40:33,461 I 17691 17977] raylet_client.cc:336: Error reporting task backlog information: IOError: 
[2022-01-10 12:40:34,461 I 17691 17977] raylet_client.cc:336: Error reporting task backlog information: IOError: 
[2022-01-10 12:40:34,854 W 17691 17978] metric_exporter.cc:206: Export metrics to agent failed: IOError: . This won't affect Ray, but you can lose metrics from the cluster.
[2022-01-10 12:40:35,461 I 17691 17977] raylet_client.cc:336: Error reporting task backlog information: IOError: 
[2022-01-10 12:40:36,461 I 17691 17977] raylet_client.cc:336: Error reporting task backlog information: IOError: 
[2022-01-10 12:40:37,461 I 17691 17977] raylet_client.cc:336: Error reporting task backlog information: IOError: 
[2022-01-10 12:40:38,462 I 17691 17977] raylet_client.cc:336: Error reporting task backlog information: IOError: 
[2022-01-10 12:40:39,462 I 17691 17977] raylet_client.cc:336: Error reporting task backlog information: IOError: 
[2022-01-10 12:40:40,462 I 17691 17977] raylet_client.cc:336: Error reporting task backlog information: IOError: 
[2022-01-10 12:40:41,462 I 17691 17977] raylet_client.cc:336: Error reporting task backlog information: IOError: 
[2022-01-10 12:40:42,463 I 17691 17977] raylet_client.cc:336: Error reporting task backlog information: IOError: 
[2022-01-10 12:40:43,463 I 17691 17977] raylet_client.cc:336: Error reporting task backlog information: IOError: 
[2022-01-10 12:40:44,463 I 17691 17977] raylet_client.cc:336: Error reporting task backlog information: IOError: 
[2022-01-10 12:40:44,870 W 17691 17978] metric_exporter.cc:206: Export metrics to agent failed: IOError: . This won't affect Ray, but you can lose metrics from the cluster.
[2022-01-10 12:40:45,463 I 17691 17977] raylet_client.cc:336: Error reporting task backlog information: IOError: 
[2022-01-10 12:40:46,464 I 17691 17977] raylet_client.cc:336: Error reporting task backlog information: IOError: 
[2022-01-10 12:40:47,464 I 17691 17977] raylet_client.cc:336: Error reporting task backlog information: IOError: 
[2022-01-10 12:40:48,465 I 17691 17977] raylet_client.cc:336: Error reporting task backlog information: IOError: 
[2022-01-10 12:40:49,465 I 17691 17977] raylet_client.cc:336: Error reporting task backlog information: IOError: 
[2022-01-10 12:40:50,466 I 17691 17977] raylet_client.cc:336: Error reporting task backlog information: IOError: 
[2022-01-10 12:40:51,466 I 17691 17977] raylet_client.cc:336: Error reporting task backlog information: IOError: 
[2022-01-10 12:40:52,466 I 17691 17977] raylet_client.cc:336: Error reporting task backlog information: IOError: 
[2022-01-10 12:40:53,466 I 17691 17977] raylet_client.cc:336: Error reporting task backlog information: IOError: 
[2022-01-10 12:40:54,467 I 17691 17977] raylet_client.cc:336: Error reporting task backlog information: IOError: 
[2022-01-10 12:40:54,886 W 17691 17978] metric_exporter.cc:206: Export metrics to agent failed: IOError: . This won't affect Ray, but you can lose metrics from the cluster.
[2022-01-10 12:40:55,467 I 17691 17977] raylet_client.cc:336: Error reporting task backlog information: IOError: 
[2022-01-10 12:40:56,467 I 17691 17977] raylet_client.cc:336: Error reporting task backlog information: IOError: 
[2022-01-10 12:40:57,468 I 17691 17977] raylet_client.cc:336: Error reporting task backlog information: IOError: 
[2022-01-10 12:40:58,468 I 17691 17977] raylet_client.cc:336: Error reporting task backlog information: IOError: 
[2022-01-10 12:40:59,468 I 17691 17977] raylet_client.cc:336: Error reporting task backlog information: IOError: 
[2022-01-10 12:41:00,468 I 17691 17977] raylet_client.cc:336: Error reporting task backlog information: IOError: 
[2022-01-10 12:41:01,469 I 17691 17977] raylet_client.cc:336: Error reporting task backlog information: IOError: 
[2022-01-10 12:41:02,469 I 17691 17977] raylet_client.cc:336: Error reporting task backlog information: IOError: 
[2022-01-10 12:41:03,469 I 17691 17977] raylet_client.cc:336: Error reporting task backlog information: IOError: 
[2022-01-10 12:41:04,470 I 17691 17977] raylet_client.cc:336: Error reporting task backlog information: IOError: 
[2022-01-10 12:41:04,903 W 17691 17978] metric_exporter.cc:206: Export metrics to agent failed: IOError: . This won't affect Ray, but you can lose metrics from the cluster.
[2022-01-10 12:41:05,470 I 17691 17977] raylet_client.cc:336: Error reporting task backlog information: IOError: 
[2022-01-10 12:41:06,470 I 17691 17977] raylet_client.cc:336: Error reporting task backlog information: IOError: 
[2022-01-10 12:41:07,471 I 17691 17977] raylet_client.cc:336: Error reporting task backlog information: IOError: 
[2022-01-10 12:41:08,471 I 17691 17977] raylet_client.cc:336: Error reporting task backlog information: IOError: 
[2022-01-10 12:41:09,471 I 17691 17977] raylet_client.cc:336: Error reporting task backlog information: IOError: 
[2022-01-10 12:41:10,472 I 17691 17977] raylet_client.cc:336: Error reporting task backlog information: IOError: 
[2022-01-10 12:41:11,472 I 17691 17977] raylet_client.cc:336: Error reporting task backlog information: IOError: 
[2022-01-10 12:41:12,472 I 17691 17977] raylet_client.cc:336: Error reporting task backlog information: IOError: 
[2022-01-10 12:41:13,473 I 17691 17977] raylet_client.cc:336: Error reporting task backlog information: IOError: 
[2022-01-10 12:41:14,473 I 17691 17977] raylet_client.cc:336: Error reporting task backlog information: IOError: 
[2022-01-10 12:41:14,920 W 17691 17978] metric_exporter.cc:206: Export metrics to agent failed: IOError: . This won't affect Ray, but you can lose metrics from the cluster.
[2022-01-10 12:41:15,473 I 17691 17977] raylet_client.cc:336: Error reporting task backlog information: IOError: 
[2022-01-10 12:41:16,474 I 17691 17977] raylet_client.cc:336: Error reporting task backlog information: IOError: 
[2022-01-10 12:41:17,474 I 17691 17977] raylet_client.cc:336: Error reporting task backlog information: IOError: 
[2022-01-10 12:41:18,475 I 17691 17977] raylet_client.cc:336: Error reporting task backlog information: IOError: 
[2022-01-10 12:41:19,475 I 17691 17977] raylet_client.cc:336: Error reporting task backlog information: IOError: 
[2022-01-10 12:41:20,475 I 17691 17977] raylet_client.cc:336: Error reporting task backlog information: IOError: 
[2022-01-10 12:41:21,476 I 17691 17977] raylet_client.cc:336: Error reporting task backlog information: IOError: 
[2022-01-10 12:41:22,476 I 17691 17977] raylet_client.cc:336: Error reporting task backlog information: IOError: 
[2022-01-10 12:41:23,476 I 17691 17977] raylet_client.cc:336: Error reporting task backlog information: IOError: 
[2022-01-10 12:41:24,476 I 17691 17977] raylet_client.cc:336: Error reporting task backlog information: IOError: 
[2022-01-10 12:41:24,937 W 17691 17978] metric_exporter.cc:206: Export metrics to agent failed: IOError: . This won't affect Ray, but you can lose metrics from the cluster.
[2022-01-10 12:41:25,477 I 17691 17977] raylet_client.cc:336: Error reporting task backlog information: IOError: 
[2022-01-10 12:41:26,477 I 17691 17977] raylet_client.cc:336: Error reporting task backlog information: IOError: 
[2022-01-10 12:41:27,477 I 17691 17977] raylet_client.cc:336: Error reporting task backlog information: IOError: 
[2022-01-10 12:41:28,478 I 17691 17977] raylet_client.cc:336: Error reporting task backlog information: IOError: 
[2022-01-10 12:41:29,478 I 17691 17977] raylet_client.cc:336: Error reporting task backlog information: IOError: 
[2022-01-10 12:41:30,478 I 17691 17977] raylet_client.cc:336: Error reporting task backlog information: IOError: 
[2022-01-10 12:41:31,479 I 17691 17977] raylet_client.cc:336: Error reporting task backlog information: IOError: 
[2022-01-10 12:41:32,479 I 17691 17977] raylet_client.cc:336: Error reporting task backlog information: IOError: 
[2022-01-10 12:41:33,375 W 17691 17860] gcs_server_address_updater.cc:61: [301] Failed to get the gcs server address from raylet 301 times in a row. If it keeps failing to obtain the address, the worker might crash. Connection status IOError: 
[2022-01-10 12:41:33,479 I 17691 17977] raylet_client.cc:336: Error reporting task backlog information: IOError: 
[2022-01-10 12:41:34,479 I 17691 17977] raylet_client.cc:336: Error reporting task backlog information: IOError: 
[2022-01-10 12:41:34,952 W 17691 17978] metric_exporter.cc:206: Export metrics to agent failed: IOError: . This won't affect Ray, but you can lose metrics from the cluster.
[2022-01-10 12:41:35,480 I 17691 17977] raylet_client.cc:336: Error reporting task backlog information: IOError: 
[2022-01-10 12:41:36,480 I 17691 17977] raylet_client.cc:336: Error reporting task backlog information: IOError: 
[2022-01-10 12:41:37,480 I 17691 17977] raylet_client.cc:336: Error reporting task backlog information: IOError: 
[2022-01-10 12:41:38,481 I 17691 17977] raylet_client.cc:336: Error reporting task backlog information: IOError: 
[2022-01-10 12:41:39,481 I 17691 17977] raylet_client.cc:336: Error reporting task backlog information: IOError: 
[2022-01-10 12:41:40,481 I 17691 17977] raylet_client.cc:336: Error reporting task backlog information: IOError: 
[2022-01-10 12:41:41,482 I 17691 17977] raylet_client.cc:336: Error reporting task backlog information: IOError: 
[2022-01-10 12:41:42,482 I 17691 17977] raylet_client.cc:336: Error reporting task backlog information: IOError: 
[2022-01-10 12:41:43,482 I 17691 17977] raylet_client.cc:336: Error reporting task backlog information: IOError: 
[2022-01-10 12:41:44,483 I 17691 17977] raylet_client.cc:336: Error reporting task backlog information: IOError: 
[2022-01-10 12:41:44,969 W 17691 17978] metric_exporter.cc:206: Export metrics to agent failed: IOError: . This won't affect Ray, but you can lose metrics from the cluster.
[2022-01-10 12:41:45,483 I 17691 17977] raylet_client.cc:336: Error reporting task backlog information: IOError: 
[2022-01-10 12:41:46,483 I 17691 17977] raylet_client.cc:336: Error reporting task backlog information: IOError: 
[2022-01-10 12:41:47,484 I 17691 17977] raylet_client.cc:336: Error reporting task backlog information: IOError: 
[2022-01-10 12:41:48,484 I 17691 17977] raylet_client.cc:336: Error reporting task backlog information: IOError: 
[2022-01-10 12:41:49,484 I 17691 17977] raylet_client.cc:336: Error reporting task backlog information: IOError: 
[2022-01-10 12:41:50,485 I 17691 17977] raylet_client.cc:336: Error reporting task backlog information: IOError: 
[2022-01-10 12:41:51,485 I 17691 17977] raylet_client.cc:336: Error reporting task backlog information: IOError: 
[2022-01-10 12:41:52,485 I 17691 17977] raylet_client.cc:336: Error reporting task backlog information: IOError: 
[2022-01-10 12:41:53,485 I 17691 17977] raylet_client.cc:336: Error reporting task backlog information: IOError: 
[2022-01-10 12:41:54,485 I 17691 17977] raylet_client.cc:336: Error reporting task backlog information: IOError: 
[2022-01-10 12:41:54,980 W 17691 17978] metric_exporter.cc:206: Export metrics to agent failed: IOError: . This won't affect Ray, but you can lose metrics from the cluster.
[2022-01-10 12:41:55,486 I 17691 17977] raylet_client.cc:336: Error reporting task backlog information: IOError: 
[2022-01-10 12:41:56,486 I 17691 17977] raylet_client.cc:336: Error reporting task backlog information: IOError: 
[2022-01-10 12:41:57,486 I 17691 17977] raylet_client.cc:336: Error reporting task backlog information: IOError: 
[2022-01-10 12:41:58,486 I 17691 17977] raylet_client.cc:336: Error reporting task backlog information: IOError: 
[2022-01-10 12:41:59,486 I 17691 17977] raylet_client.cc:336: Error reporting task backlog information: IOError: 
[2022-01-10 12:42:00,486 I 17691 17977] raylet_client.cc:336: Error reporting task backlog information: IOError: 
[2022-01-10 12:42:01,486 I 17691 17977] raylet_client.cc:336: Error reporting task backlog information: IOError: 
[2022-01-10 12:42:02,487 I 17691 17977] raylet_client.cc:336: Error reporting task backlog information: IOError: 
[2022-01-10 12:42:03,487 I 17691 17977] raylet_client.cc:336: Error reporting task backlog information: IOError: 
[2022-01-10 12:42:04,487 I 17691 17977] raylet_client.cc:336: Error reporting task backlog information: IOError: 
[2022-01-10 12:42:04,990 W 17691 17978] metric_exporter.cc:206: Export metrics to agent failed: IOError: . This won't affect Ray, but you can lose metrics from the cluster.
[2022-01-10 12:42:05,488 I 17691 17977] raylet_client.cc:336: Error reporting task backlog information: IOError: 
[2022-01-10 12:42:06,488 I 17691 17977] raylet_client.cc:336: Error reporting task backlog information: IOError: 
[2022-01-10 12:42:07,488 I 17691 17977] raylet_client.cc:336: Error reporting task backlog information: IOError: 
[2022-01-10 12:42:08,488 I 17691 17977] raylet_client.cc:336: Error reporting task backlog information: IOError: 
[2022-01-10 12:42:09,488 I 17691 17977] raylet_client.cc:336: Error reporting task backlog information: IOError: 
[2022-01-10 12:42:10,489 I 17691 17977] raylet_client.cc:336: Error reporting task backlog information: IOError: 
[2022-01-10 12:42:11,489 I 17691 17977] raylet_client.cc:336: Error reporting task backlog information: IOError: 
[2022-01-10 12:42:12,489 I 17691 17977] raylet_client.cc:336: Error reporting task backlog information: IOError: 
[2022-01-10 12:42:13,490 I 17691 17977] raylet_client.cc:336: Error reporting task backlog information: IOError: 
[2022-01-10 12:42:14,490 I 17691 17977] raylet_client.cc:336: Error reporting task backlog information: IOError: 
[2022-01-10 12:42:15,004 W 17691 17978] metric_exporter.cc:206: Export metrics to agent failed: IOError: . This won't affect Ray, but you can lose metrics from the cluster.
[2022-01-10 12:42:15,491 I 17691 17977] raylet_client.cc:336: Error reporting task backlog information: IOError: 
[2022-01-10 12:42:16,491 I 17691 17977] raylet_client.cc:336: Error reporting task backlog information: IOError: 
[2022-01-10 12:42:17,491 I 17691 17977] raylet_client.cc:336: Error reporting task backlog information: IOError: 
[2022-01-10 12:42:18,492 I 17691 17977] raylet_client.cc:336: Error reporting task backlog information: IOError: 
[2022-01-10 12:42:19,492 I 17691 17977] raylet_client.cc:336: Error reporting task backlog information: IOError: 
[2022-01-10 12:42:20,492 I 17691 17977] raylet_client.cc:336: Error reporting task backlog information: IOError: 
[2022-01-10 12:42:21,493 I 17691 17977] raylet_client.cc:336: Error reporting task backlog information: IOError: 
[2022-01-10 12:42:22,493 I 17691 17977] raylet_client.cc:336: Error reporting task backlog information: IOError: 
[2022-01-10 12:42:23,494 I 17691 17977] raylet_client.cc:336: Error reporting task backlog information: IOError: 
[2022-01-10 12:42:24,494 I 17691 17977] raylet_client.cc:336: Error reporting task backlog information: IOError: 
[2022-01-10 12:42:25,023 W 17691 17978] metric_exporter.cc:206: Export metrics to agent failed: IOError: . This won't affect Ray, but you can lose metrics from the cluster.
[2022-01-10 12:42:25,494 I 17691 17977] raylet_client.cc:336: Error reporting task backlog information: IOError: 
[2022-01-10 12:42:26,495 I 17691 17977] raylet_client.cc:336: Error reporting task backlog information: IOError: 
[2022-01-10 12:42:27,495 I 17691 17977] raylet_client.cc:336: Error reporting task backlog information: IOError: 
[2022-01-10 12:42:28,495 I 17691 17977] raylet_client.cc:336: Error reporting task backlog information: IOError: 
[2022-01-10 12:42:29,496 I 17691 17977] raylet_client.cc:336: Error reporting task backlog information: IOError: 
[2022-01-10 12:42:30,496 I 17691 17977] raylet_client.cc:336: Error reporting task backlog information: IOError: 
[2022-01-10 12:42:31,497 I 17691 17977] raylet_client.cc:336: Error reporting task backlog information: IOError: 
[2022-01-10 12:42:32,497 I 17691 17977] raylet_client.cc:336: Error reporting task backlog information: IOError: 
[2022-01-10 12:42:33,497 I 17691 17977] raylet_client.cc:336: Error reporting task backlog information: IOError: 
[2022-01-10 12:42:34,497 I 17691 17977] raylet_client.cc:336: Error reporting task backlog information: IOError: 
[2022-01-10 12:42:35,040 W 17691 17978] metric_exporter.cc:206: Export metrics to agent failed: IOError: . This won't affect Ray, but you can lose metrics from the cluster.
[2022-01-10 12:42:35,498 I 17691 17977] raylet_client.cc:336: Error reporting task backlog information: IOError: 
[2022-01-10 12:42:36,498 I 17691 17977] raylet_client.cc:336: Error reporting task backlog information: IOError: 
[2022-01-10 12:42:37,499 I 17691 17977] raylet_client.cc:336: Error reporting task backlog information: IOError: 
[2022-01-10 12:42:38,499 I 17691 17977] raylet_client.cc:336: Error reporting task backlog information: IOError: 
[2022-01-10 12:42:39,499 I 17691 17977] raylet_client.cc:336: Error reporting task backlog information: IOError: 
[2022-01-10 12:42:40,500 I 17691 17977] raylet_client.cc:336: Error reporting task backlog information: IOError: 
[2022-01-10 12:42:41,500 I 17691 17977] raylet_client.cc:336: Error reporting task backlog information: IOError: 
[2022-01-10 12:42:42,500 I 17691 17977] raylet_client.cc:336: Error reporting task backlog information: IOError: 
[2022-01-10 12:42:43,501 I 17691 17977] raylet_client.cc:336: Error reporting task backlog information: IOError: 
[2022-01-10 12:42:44,501 I 17691 17977] raylet_client.cc:336: Error reporting task backlog information: IOError: 
[2022-01-10 12:42:45,058 W 17691 17978] metric_exporter.cc:206: Export metrics to agent failed: IOError: . This won't affect Ray, but you can lose metrics from the cluster.
[2022-01-10 12:42:45,502 I 17691 17977] raylet_client.cc:336: Error reporting task backlog information: IOError: 
[2022-01-10 12:42:46,502 I 17691 17977] raylet_client.cc:336: Error reporting task backlog information: IOError: 
[2022-01-10 12:42:47,502 I 17691 17977] raylet_client.cc:336: Error reporting task backlog information: IOError: 
[2022-01-10 12:42:48,502 I 17691 17977] raylet_client.cc:336: Error reporting task backlog information: IOError: 
[2022-01-10 12:42:49,503 I 17691 17977] raylet_client.cc:336: Error reporting task backlog information: IOError: 
[2022-01-10 12:42:50,503 I 17691 17977] raylet_client.cc:336: Error reporting task backlog information: IOError: 
[2022-01-10 12:42:51,503 I 17691 17977] raylet_client.cc:336: Error reporting task backlog information: IOError: 
[2022-01-10 12:42:52,503 I 17691 17977] raylet_client.cc:336: Error reporting task backlog information: IOError: 
[2022-01-10 12:42:53,504 I 17691 17977] raylet_client.cc:336: Error reporting task backlog information: IOError: 
[2022-01-10 12:42:54,504 I 17691 17977] raylet_client.cc:336: Error reporting task backlog information: IOError: 
[2022-01-10 12:42:55,073 W 17691 17978] metric_exporter.cc:206: Export metrics to agent failed: IOError: . This won't affect Ray, but you can lose metrics from the cluster.
[2022-01-10 12:42:55,504 I 17691 17977] raylet_client.cc:336: Error reporting task backlog information: IOError: 
[2022-01-10 12:42:56,505 I 17691 17977] raylet_client.cc:336: Error reporting task backlog information: IOError: 
[2022-01-10 12:42:57,505 I 17691 17977] raylet_client.cc:336: Error reporting task backlog information: IOError: 
[2022-01-10 12:42:58,505 I 17691 17977] raylet_client.cc:336: Error reporting task backlog information: IOError: 
[2022-01-10 12:42:59,506 I 17691 17977] raylet_client.cc:336: Error reporting task backlog information: IOError: 
[2022-01-10 12:43:00,506 I 17691 17977] raylet_client.cc:336: Error reporting task backlog information: IOError: 
[2022-01-10 12:43:01,506 I 17691 17977] raylet_client.cc:336: Error reporting task backlog information: IOError: 
[2022-01-10 12:43:02,507 I 17691 17977] raylet_client.cc:336: Error reporting task backlog information: IOError: 
[2022-01-10 12:43:03,507 I 17691 17977] raylet_client.cc:336: Error reporting task backlog information: IOError: 
[2022-01-10 12:43:04,507 I 17691 17977] raylet_client.cc:336: Error reporting task backlog information: IOError: 
[2022-01-10 12:43:05,086 W 17691 17978] metric_exporter.cc:206: Export metrics to agent failed: IOError: . This won't affect Ray, but you can lose metrics from the cluster.
[2022-01-10 12:43:05,507 I 17691 17977] raylet_client.cc:336: Error reporting task backlog information: IOError: 
[2022-01-10 12:43:06,508 I 17691 17977] raylet_client.cc:336: Error reporting task backlog information: IOError: 
[2022-01-10 12:43:07,508 I 17691 17977] raylet_client.cc:336: Error reporting task backlog information: IOError: 
[2022-01-10 12:43:08,508 I 17691 17977] raylet_client.cc:336: Error reporting task backlog information: IOError: 
[2022-01-10 12:43:09,509 I 17691 17977] raylet_client.cc:336: Error reporting task backlog information: IOError: 
[2022-01-10 12:43:10,509 I 17691 17977] raylet_client.cc:336: Error reporting task backlog information: IOError: 
[2022-01-10 12:43:11,509 I 17691 17977] raylet_client.cc:336: Error reporting task backlog information: IOError: 
[2022-01-10 12:43:12,509 I 17691 17977] raylet_client.cc:336: Error reporting task backlog information: IOError: 
[2022-01-10 12:43:13,510 I 17691 17977] raylet_client.cc:336: Error reporting task backlog information: IOError: 
[2022-01-10 12:43:14,510 I 17691 17977] raylet_client.cc:336: Error reporting task backlog information: IOError: 
[2022-01-10 12:43:15,097 W 17691 17978] metric_exporter.cc:206: Export metrics to agent failed: IOError: . This won't affect Ray, but you can lose metrics from the cluster.
[2022-01-10 12:43:15,510 I 17691 17977] raylet_client.cc:336: Error reporting task backlog information: IOError: 
[2022-01-10 12:43:16,510 I 17691 17977] raylet_client.cc:336: Error reporting task backlog information: IOError: 
[2022-01-10 12:43:17,511 I 17691 17977] raylet_client.cc:336: Error reporting task backlog information: IOError: 
[2022-01-10 12:43:18,511 I 17691 17977] raylet_client.cc:336: Error reporting task backlog information: IOError: 
[2022-01-10 12:43:19,511 I 17691 17977] raylet_client.cc:336: Error reporting task backlog information: IOError: 
[2022-01-10 12:43:20,511 I 17691 17977] raylet_client.cc:336: Error reporting task backlog information: IOError: 
[2022-01-10 12:43:21,512 I 17691 17977] raylet_client.cc:336: Error reporting task backlog information: IOError: 
[2022-01-10 12:43:22,512 I 17691 17977] raylet_client.cc:336: Error reporting task backlog information: IOError: 
[2022-01-10 12:43:23,512 I 17691 17977] raylet_client.cc:336: Error reporting task backlog information: IOError: 
[2022-01-10 12:43:24,512 I 17691 17977] raylet_client.cc:336: Error reporting task backlog information: IOError: 
[2022-01-10 12:43:25,110 W 17691 17978] metric_exporter.cc:206: Export metrics to agent failed: IOError: . This won't affect Ray, but you can lose metrics from the cluster.
[2022-01-10 12:43:25,513 I 17691 17977] raylet_client.cc:336: Error reporting task backlog information: IOError: 
[2022-01-10 12:43:26,513 I 17691 17977] raylet_client.cc:336: Error reporting task backlog information: IOError: 
[2022-01-10 12:43:27,513 I 17691 17977] raylet_client.cc:336: Error reporting task backlog information: IOError: 
[2022-01-10 12:43:28,513 I 17691 17977] raylet_client.cc:336: Error reporting task backlog information: IOError: 
[2022-01-10 12:43:29,514 I 17691 17977] raylet_client.cc:336: Error reporting task backlog information: IOError: 
[2022-01-10 12:43:30,514 I 17691 17977] raylet_client.cc:336: Error reporting task backlog information: IOError: 
[2022-01-10 12:43:31,514 I 17691 17977] raylet_client.cc:336: Error reporting task backlog information: IOError: 
[2022-01-10 12:43:32,514 I 17691 17977] raylet_client.cc:336: Error reporting task backlog information: IOError: 
[2022-01-10 12:43:33,515 I 17691 17977] raylet_client.cc:336: Error reporting task backlog information: IOError: 
[2022-01-10 12:43:34,515 I 17691 17977] raylet_client.cc:336: Error reporting task backlog information: IOError: 
[2022-01-10 12:43:35,127 W 17691 17978] metric_exporter.cc:206: Export metrics to agent failed: IOError: . This won't affect Ray, but you can lose metrics from the cluster.
[2022-01-10 12:43:35,515 I 17691 17977] raylet_client.cc:336: Error reporting task backlog information: IOError: 
[2022-01-10 12:43:36,516 I 17691 17977] raylet_client.cc:336: Error reporting task backlog information: IOError: 
[2022-01-10 12:43:37,516 I 17691 17977] raylet_client.cc:336: Error reporting task backlog information: IOError: 
[2022-01-10 12:43:38,516 I 17691 17977] raylet_client.cc:336: Error reporting task backlog information: IOError: 
[2022-01-10 12:43:39,517 I 17691 17977] raylet_client.cc:336: Error reporting task backlog information: IOError: 
[2022-01-10 12:43:40,517 I 17691 17977] raylet_client.cc:336: Error reporting task backlog information: IOError: 
[2022-01-10 12:43:41,517 I 17691 17977] raylet_client.cc:336: Error reporting task backlog information: IOError: 
[2022-01-10 12:43:42,518 I 17691 17977] raylet_client.cc:336: Error reporting task backlog information: IOError: 
[2022-01-10 12:43:43,518 I 17691 17977] raylet_client.cc:336: Error reporting task backlog information: IOError: 
[2022-01-10 12:43:44,518 I 17691 17977] raylet_client.cc:336: Error reporting task backlog information: IOError: 
[2022-01-10 12:43:45,141 W 17691 17978] metric_exporter.cc:206: Export metrics to agent failed: IOError: . This won't affect Ray, but you can lose metrics from the cluster.
[2022-01-10 12:43:45,518 I 17691 17977] raylet_client.cc:336: Error reporting task backlog information: IOError: 
[2022-01-10 12:43:46,519 I 17691 17977] raylet_client.cc:336: Error reporting task backlog information: IOError: 
[2022-01-10 12:43:47,519 I 17691 17977] raylet_client.cc:336: Error reporting task backlog information: IOError: 
[2022-01-10 12:43:48,519 I 17691 17977] raylet_client.cc:336: Error reporting task backlog information: IOError: 
[2022-01-10 12:43:49,520 I 17691 17977] raylet_client.cc:336: Error reporting task backlog information: IOError: 
[2022-01-10 12:43:50,520 I 17691 17977] raylet_client.cc:336: Error reporting task backlog information: IOError: 
[2022-01-10 12:43:51,521 I 17691 17977] raylet_client.cc:336: Error reporting task backlog information: IOError: 
[2022-01-10 12:43:52,521 I 17691 17977] raylet_client.cc:336: Error reporting task backlog information: IOError: 
[2022-01-10 12:43:53,521 I 17691 17977] raylet_client.cc:336: Error reporting task backlog information: IOError: 
[2022-01-10 12:43:54,521 I 17691 17977] raylet_client.cc:336: Error reporting task backlog information: IOError: 
[2022-01-10 12:43:55,157 W 17691 17978] metric_exporter.cc:206: Export metrics to agent failed: IOError: . This won't affect Ray, but you can lose metrics from the cluster.
[2022-01-10 12:43:55,522 I 17691 17977] raylet_client.cc:336: Error reporting task backlog information: IOError: 
[2022-01-10 12:43:56,522 I 17691 17977] raylet_client.cc:336: Error reporting task backlog information: IOError: 
[2022-01-10 12:43:57,523 I 17691 17977] raylet_client.cc:336: Error reporting task backlog information: IOError: 
[2022-01-10 12:43:58,523 I 17691 17977] raylet_client.cc:336: Error reporting task backlog information: IOError: 
[2022-01-10 12:43:59,523 I 17691 17977] raylet_client.cc:336: Error reporting task backlog information: IOError: 
[2022-01-10 12:44:00,524 I 17691 17977] raylet_client.cc:336: Error reporting task backlog information: IOError: 
[2022-01-10 12:44:01,524 I 17691 17977] raylet_client.cc:336: Error reporting task backlog information: IOError: 
[2022-01-10 12:44:02,524 I 17691 17977] raylet_client.cc:336: Error reporting task backlog information: IOError: 
[2022-01-10 12:44:03,524 I 17691 17977] raylet_client.cc:336: Error reporting task backlog information: IOError: 
[2022-01-10 12:44:04,525 I 17691 17977] raylet_client.cc:336: Error reporting task backlog information: IOError: 
[2022-01-10 12:44:05,172 W 17691 17978] metric_exporter.cc:206: Export metrics to agent failed: IOError: . This won't affect Ray, but you can lose metrics from the cluster.
[2022-01-10 12:44:05,525 I 17691 17977] raylet_client.cc:336: Error reporting task backlog information: IOError: 
[2022-01-10 12:44:06,525 I 17691 17977] raylet_client.cc:336: Error reporting task backlog information: IOError: 
[2022-01-10 12:44:07,526 I 17691 17977] raylet_client.cc:336: Error reporting task backlog information: IOError: 
[2022-01-10 12:44:08,526 I 17691 17977] raylet_client.cc:336: Error reporting task backlog information: IOError: 
[2022-01-10 12:44:09,526 I 17691 17977] raylet_client.cc:336: Error reporting task backlog information: IOError: 
[2022-01-10 12:44:10,527 I 17691 17977] raylet_client.cc:336: Error reporting task backlog information: IOError: 
[2022-01-10 12:44:11,527 I 17691 17977] raylet_client.cc:336: Error reporting task backlog information: IOError: 
[2022-01-10 12:44:12,527 I 17691 17977] raylet_client.cc:336: Error reporting task backlog information: IOError: 
[2022-01-10 12:44:13,527 I 17691 17977] raylet_client.cc:336: Error reporting task backlog information: IOError: 
[2022-01-10 12:44:14,528 I 17691 17977] raylet_client.cc:336: Error reporting task backlog information: IOError: 
[2022-01-10 12:44:15,189 W 17691 17978] metric_exporter.cc:206: Export metrics to agent failed: IOError: . This won't affect Ray, but you can lose metrics from the cluster.
[2022-01-10 12:44:15,528 I 17691 17977] raylet_client.cc:336: Error reporting task backlog information: IOError: 
[2022-01-10 12:44:16,528 I 17691 17977] raylet_client.cc:336: Error reporting task backlog information: IOError: 
[2022-01-10 12:44:17,529 I 17691 17977] raylet_client.cc:336: Error reporting task backlog information: IOError: 
[2022-01-10 12:44:18,529 I 17691 17977] raylet_client.cc:336: Error reporting task backlog information: IOError: 
[2022-01-10 12:44:19,530 I 17691 17977] raylet_client.cc:336: Error reporting task backlog information: IOError: 
[2022-01-10 12:44:20,530 I 17691 17977] raylet_client.cc:336: Error reporting task backlog information: IOError: 
[2022-01-10 12:44:21,530 I 17691 17977] raylet_client.cc:336: Error reporting task backlog information: IOError: 
[2022-01-10 12:44:22,531 I 17691 17977] raylet_client.cc:336: Error reporting task backlog information: IOError: 
[2022-01-10 12:44:23,531 I 17691 17977] raylet_client.cc:336: Error reporting task backlog information: IOError: 
[2022-01-10 12:44:24,531 I 17691 17977] raylet_client.cc:336: Error reporting task backlog information: IOError: 
[2022-01-10 12:44:25,204 W 17691 17978] metric_exporter.cc:206: Export metrics to agent failed: IOError: . This won't affect Ray, but you can lose metrics from the cluster.
[2022-01-10 12:44:25,532 I 17691 17977] raylet_client.cc:336: Error reporting task backlog information: IOError: 
[2022-01-10 12:44:26,532 I 17691 17977] raylet_client.cc:336: Error reporting task backlog information: IOError: 
[2022-01-10 12:44:27,533 I 17691 17977] raylet_client.cc:336: Error reporting task backlog information: IOError: 
[2022-01-10 12:44:28,533 I 17691 17977] raylet_client.cc:336: Error reporting task backlog information: IOError: 
[2022-01-10 12:44:29,533 I 17691 17977] raylet_client.cc:336: Error reporting task backlog information: IOError: 
[2022-01-10 12:44:30,534 I 17691 17977] raylet_client.cc:336: Error reporting task backlog information: IOError: 
[2022-01-10 12:44:31,534 I 17691 17977] raylet_client.cc:336: Error reporting task backlog information: IOError: 
[2022-01-10 12:44:32,534 I 17691 17977] raylet_client.cc:336: Error reporting task backlog information: IOError: 
[2022-01-10 12:44:33,534 I 17691 17977] raylet_client.cc:336: Error reporting task backlog information: IOError: 
[2022-01-10 12:44:34,534 I 17691 17977] raylet_client.cc:336: Error reporting task backlog information: IOError: 
[2022-01-10 12:44:35,218 W 17691 17978] metric_exporter.cc:206: Export metrics to agent failed: IOError: . This won't affect Ray, but you can lose metrics from the cluster.
[2022-01-10 12:44:35,534 I 17691 17977] raylet_client.cc:336: Error reporting task backlog information: IOError: 
[2022-01-10 12:44:36,534 I 17691 17977] raylet_client.cc:336: Error reporting task backlog information: IOError: 
[2022-01-10 12:44:37,534 I 17691 17977] raylet_client.cc:336: Error reporting task backlog information: IOError: 
[2022-01-10 12:44:38,534 I 17691 17977] raylet_client.cc:336: Error reporting task backlog information: IOError: 
[2022-01-10 12:44:39,534 I 17691 17977] raylet_client.cc:336: Error reporting task backlog information: IOError: 
[2022-01-10 12:44:40,535 I 17691 17977] raylet_client.cc:336: Error reporting task backlog information: IOError: 
[2022-01-10 12:44:41,535 I 17691 17977] raylet_client.cc:336: Error reporting task backlog information: IOError: 
[2022-01-10 12:44:42,535 I 17691 17977] raylet_client.cc:336: Error reporting task backlog information: IOError: 
[2022-01-10 12:44:43,535 I 17691 17977] raylet_client.cc:336: Error reporting task backlog information: IOError: 
[2022-01-10 12:44:44,535 I 17691 17977] raylet_client.cc:336: Error reporting task backlog information: IOError: 
[2022-01-10 12:44:45,228 W 17691 17978] metric_exporter.cc:206: Export metrics to agent failed: IOError: . This won't affect Ray, but you can lose metrics from the cluster.
[2022-01-10 12:44:45,536 I 17691 17977] raylet_client.cc:336: Error reporting task backlog information: IOError: 
[2022-01-10 12:44:46,536 I 17691 17977] raylet_client.cc:336: Error reporting task backlog information: IOError: 
[2022-01-10 12:44:47,536 I 17691 17977] raylet_client.cc:336: Error reporting task backlog information: IOError: 
[2022-01-10 12:44:48,536 I 17691 17977] raylet_client.cc:336: Error reporting task backlog information: IOError: 
[2022-01-10 12:44:49,536 I 17691 17977] raylet_client.cc:336: Error reporting task backlog information: IOError: 
[2022-01-10 12:44:50,537 I 17691 17977] raylet_client.cc:336: Error reporting task backlog information: IOError: 
[2022-01-10 12:44:51,537 I 17691 17977] raylet_client.cc:336: Error reporting task backlog information: IOError: 
[2022-01-10 12:44:52,538 I 17691 17977] raylet_client.cc:336: Error reporting task backlog information: IOError: 
[2022-01-10 12:44:53,538 I 17691 17977] raylet_client.cc:336: Error reporting task backlog information: IOError: 
[2022-01-10 12:44:54,538 I 17691 17977] raylet_client.cc:336: Error reporting task backlog information: IOError: 
[2022-01-10 12:44:55,241 W 17691 17978] metric_exporter.cc:206: Export metrics to agent failed: IOError: . This won't affect Ray, but you can lose metrics from the cluster.
[2022-01-10 12:44:55,538 I 17691 17977] raylet_client.cc:336: Error reporting task backlog information: IOError: 
[2022-01-10 12:44:56,539 I 17691 17977] raylet_client.cc:336: Error reporting task backlog information: IOError: 
[2022-01-10 12:44:57,539 I 17691 17977] raylet_client.cc:336: Error reporting task backlog information: IOError: 
[2022-01-10 12:44:58,539 I 17691 17977] raylet_client.cc:336: Error reporting task backlog information: IOError: 
[2022-01-10 12:44:59,540 I 17691 17977] raylet_client.cc:336: Error reporting task backlog information: IOError: 
[2022-01-10 12:45:00,540 I 17691 17977] raylet_client.cc:336: Error reporting task backlog information: IOError: 
[2022-01-10 12:45:01,540 I 17691 17977] raylet_client.cc:336: Error reporting task backlog information: IOError: 
[2022-01-10 12:45:02,541 I 17691 17977] raylet_client.cc:336: Error reporting task backlog information: IOError: 
[2022-01-10 12:45:03,541 I 17691 17977] raylet_client.cc:336: Error reporting task backlog information: IOError: 
[2022-01-10 12:45:04,541 I 17691 17977] raylet_client.cc:336: Error reporting task backlog information: IOError: 
[2022-01-10 12:45:05,258 W 17691 17978] metric_exporter.cc:206: Export metrics to agent failed: IOError: . This won't affect Ray, but you can lose metrics from the cluster.
[2022-01-10 12:45:05,542 I 17691 17977] raylet_client.cc:336: Error reporting task backlog information: IOError: 
[2022-01-10 12:45:06,542 I 17691 17977] raylet_client.cc:336: Error reporting task backlog information: IOError: 
[2022-01-10 12:45:07,542 I 17691 17977] raylet_client.cc:336: Error reporting task backlog information: IOError: 
[2022-01-10 12:45:08,543 I 17691 17977] raylet_client.cc:336: Error reporting task backlog information: IOError: 
[2022-01-10 12:45:09,543 I 17691 17977] raylet_client.cc:336: Error reporting task backlog information: IOError: 
[2022-01-10 12:45:10,543 I 17691 17977] raylet_client.cc:336: Error reporting task backlog information: IOError: 
[2022-01-10 12:45:11,543 I 17691 17977] raylet_client.cc:336: Error reporting task backlog information: IOError: 
[2022-01-10 12:45:12,544 I 17691 17977] raylet_client.cc:336: Error reporting task backlog information: IOError: 
[2022-01-10 12:45:13,544 I 17691 17977] raylet_client.cc:336: Error reporting task backlog information: IOError: 
[2022-01-10 12:45:14,544 I 17691 17977] raylet_client.cc:336: Error reporting task backlog information: IOError: 
[2022-01-10 12:45:15,274 W 17691 17978] metric_exporter.cc:206: Export metrics to agent failed: IOError: . This won't affect Ray, but you can lose metrics from the cluster.
[2022-01-10 12:45:15,545 I 17691 17977] raylet_client.cc:336: Error reporting task backlog information: IOError: 
[2022-01-10 12:45:16,545 I 17691 17977] raylet_client.cc:336: Error reporting task backlog information: IOError: 
[2022-01-10 12:45:17,545 I 17691 17977] raylet_client.cc:336: Error reporting task backlog information: IOError: 
[2022-01-10 12:45:18,546 I 17691 17977] raylet_client.cc:336: Error reporting task backlog information: IOError: 
[2022-01-10 12:45:19,546 I 17691 17977] raylet_client.cc:336: Error reporting task backlog information: IOError: 
[2022-01-10 12:45:20,547 I 17691 17977] raylet_client.cc:336: Error reporting task backlog information: IOError: 
[2022-01-10 12:45:21,547 I 17691 17977] raylet_client.cc:336: Error reporting task backlog information: IOError: 
[2022-01-10 12:45:22,547 I 17691 17977] raylet_client.cc:336: Error reporting task backlog information: IOError: 
[2022-01-10 12:45:23,547 I 17691 17977] raylet_client.cc:336: Error reporting task backlog information: IOError: 
[2022-01-10 12:45:24,548 I 17691 17977] raylet_client.cc:336: Error reporting task backlog information: IOError: 
[2022-01-10 12:45:25,291 W 17691 17978] metric_exporter.cc:206: Export metrics to agent failed: IOError: . This won't affect Ray, but you can lose metrics from the cluster.
[2022-01-10 12:45:25,548 I 17691 17977] raylet_client.cc:336: Error reporting task backlog information: IOError: 
[2022-01-10 12:45:26,549 I 17691 17977] raylet_client.cc:336: Error reporting task backlog information: IOError: 
[2022-01-10 12:45:27,549 I 17691 17977] raylet_client.cc:336: Error reporting task backlog information: IOError: 
[2022-01-10 12:45:28,550 I 17691 17977] raylet_client.cc:336: Error reporting task backlog information: IOError: 
[2022-01-10 12:45:29,550 I 17691 17977] raylet_client.cc:336: Error reporting task backlog information: IOError: 
[2022-01-10 12:45:30,550 I 17691 17977] raylet_client.cc:336: Error reporting task backlog information: IOError: 
[2022-01-10 12:45:31,551 I 17691 17977] raylet_client.cc:336: Error reporting task backlog information: IOError: 
[2022-01-10 12:45:32,551 I 17691 17977] raylet_client.cc:336: Error reporting task backlog information: IOError: 
[2022-01-10 12:45:33,551 I 17691 17977] raylet_client.cc:336: Error reporting task backlog information: IOError: 
[2022-01-10 12:45:34,552 I 17691 17977] raylet_client.cc:336: Error reporting task backlog information: IOError: 
[2022-01-10 12:45:35,307 W 17691 17978] metric_exporter.cc:206: Export metrics to agent failed: IOError: . This won't affect Ray, but you can lose metrics from the cluster.
[2022-01-10 12:45:35,552 I 17691 17977] raylet_client.cc:336: Error reporting task backlog information: IOError: 
[2022-01-10 12:45:36,552 I 17691 17977] raylet_client.cc:336: Error reporting task backlog information: IOError: 
[2022-01-10 12:45:37,553 I 17691 17977] raylet_client.cc:336: Error reporting task backlog information: IOError: 
[2022-01-10 12:45:38,553 I 17691 17977] raylet_client.cc:336: Error reporting task backlog information: IOError: 
[2022-01-10 12:45:39,554 I 17691 17977] raylet_client.cc:336: Error reporting task backlog information: IOError: 
[2022-01-10 12:45:40,554 I 17691 17977] raylet_client.cc:336: Error reporting task backlog information: IOError: 
[2022-01-10 12:45:41,554 I 17691 17977] raylet_client.cc:336: Error reporting task backlog information: IOError: 
[2022-01-10 12:45:42,555 I 17691 17977] raylet_client.cc:336: Error reporting task backlog information: IOError: 
[2022-01-10 12:45:43,555 I 17691 17977] raylet_client.cc:336: Error reporting task backlog information: IOError: 
[2022-01-10 12:45:44,555 I 17691 17977] raylet_client.cc:336: Error reporting task backlog information: IOError: 
[2022-01-10 12:45:45,321 W 17691 17978] metric_exporter.cc:206: Export metrics to agent failed: IOError: . This won't affect Ray, but you can lose metrics from the cluster.
[2022-01-10 12:45:45,555 I 17691 17977] raylet_client.cc:336: Error reporting task backlog information: IOError: 
[2022-01-10 12:45:46,556 I 17691 17977] raylet_client.cc:336: Error reporting task backlog information: IOError: 
[2022-01-10 12:45:47,556 I 17691 17977] raylet_client.cc:336: Error reporting task backlog information: IOError: 
[2022-01-10 12:45:48,556 I 17691 17977] raylet_client.cc:336: Error reporting task backlog information: IOError: 
[2022-01-10 12:45:49,557 I 17691 17977] raylet_client.cc:336: Error reporting task backlog information: IOError: 
[2022-01-10 12:45:50,557 I 17691 17977] raylet_client.cc:336: Error reporting task backlog information: IOError: 
[2022-01-10 12:45:51,557 I 17691 17977] raylet_client.cc:336: Error reporting task backlog information: IOError: 
[2022-01-10 12:45:52,558 I 17691 17977] raylet_client.cc:336: Error reporting task backlog information: IOError: 
[2022-01-10 12:45:53,558 I 17691 17977] raylet_client.cc:336: Error reporting task backlog information: IOError: 
[2022-01-10 12:45:54,558 I 17691 17977] raylet_client.cc:336: Error reporting task backlog information: IOError: 
[2022-01-10 12:45:55,339 W 17691 17978] metric_exporter.cc:206: Export metrics to agent failed: IOError: . This won't affect Ray, but you can lose metrics from the cluster.
[2022-01-10 12:45:55,559 I 17691 17977] raylet_client.cc:336: Error reporting task backlog information: IOError: 
[2022-01-10 12:45:56,559 I 17691 17977] raylet_client.cc:336: Error reporting task backlog information: IOError: 
[2022-01-10 12:45:57,560 I 17691 17977] raylet_client.cc:336: Error reporting task backlog information: IOError: 
[2022-01-10 12:45:58,560 I 17691 17977] raylet_client.cc:336: Error reporting task backlog information: IOError: 
[2022-01-10 12:45:59,560 I 17691 17977] raylet_client.cc:336: Error reporting task backlog information: IOError: 
[2022-01-10 12:46:00,561 I 17691 17977] raylet_client.cc:336: Error reporting task backlog information: IOError: 
[2022-01-10 12:46:01,561 I 17691 17977] raylet_client.cc:336: Error reporting task backlog information: IOError: 
[2022-01-10 12:46:02,562 I 17691 17977] raylet_client.cc:336: Error reporting task backlog information: IOError: 
[2022-01-10 12:46:03,562 I 17691 17977] raylet_client.cc:336: Error reporting task backlog information: IOError: 
[2022-01-10 12:46:04,562 I 17691 17977] raylet_client.cc:336: Error reporting task backlog information: IOError: 
[2022-01-10 12:46:05,356 W 17691 17978] metric_exporter.cc:206: Export metrics to agent failed: IOError: . This won't affect Ray, but you can lose metrics from the cluster.
[2022-01-10 12:46:05,562 I 17691 17977] raylet_client.cc:336: Error reporting task backlog information: IOError: 
[2022-01-10 12:46:06,563 I 17691 17977] raylet_client.cc:336: Error reporting task backlog information: IOError: 
[2022-01-10 12:46:07,563 I 17691 17977] raylet_client.cc:336: Error reporting task backlog information: IOError: 
[2022-01-10 12:46:08,563 I 17691 17977] raylet_client.cc:336: Error reporting task backlog information: IOError: 
[2022-01-10 12:46:09,564 I 17691 17977] raylet_client.cc:336: Error reporting task backlog information: IOError: 
[2022-01-10 12:46:10,564 I 17691 17977] raylet_client.cc:336: Error reporting task backlog information: IOError: 
[2022-01-10 12:46:11,564 I 17691 17977] raylet_client.cc:336: Error reporting task backlog information: IOError: 
[2022-01-10 12:46:12,565 I 17691 17977] raylet_client.cc:336: Error reporting task backlog information: IOError: 
[2022-01-10 12:46:13,565 I 17691 17977] raylet_client.cc:336: Error reporting task backlog information: IOError: 
[2022-01-10 12:46:14,565 I 17691 17977] raylet_client.cc:336: Error reporting task backlog information: IOError: 
[2022-01-10 12:46:15,373 W 17691 17978] metric_exporter.cc:206: Export metrics to agent failed: IOError: . This won't affect Ray, but you can lose metrics from the cluster.
[2022-01-10 12:46:15,566 I 17691 17977] raylet_client.cc:336: Error reporting task backlog information: IOError: 
[2022-01-10 12:46:16,566 I 17691 17977] raylet_client.cc:336: Error reporting task backlog information: IOError: 
[2022-01-10 12:46:17,566 I 17691 17977] raylet_client.cc:336: Error reporting task backlog information: IOError: 
[2022-01-10 12:46:18,567 I 17691 17977] raylet_client.cc:336: Error reporting task backlog information: IOError: 
[2022-01-10 12:46:19,567 I 17691 17977] raylet_client.cc:336: Error reporting task backlog information: IOError: 
[2022-01-10 12:46:20,567 I 17691 17977] raylet_client.cc:336: Error reporting task backlog information: IOError: 
[2022-01-10 12:46:21,568 I 17691 17977] raylet_client.cc:336: Error reporting task backlog information: IOError: 
[2022-01-10 12:46:22,568 I 17691 17977] raylet_client.cc:336: Error reporting task backlog information: IOError: 
[2022-01-10 12:46:23,568 I 17691 17977] raylet_client.cc:336: Error reporting task backlog information: IOError: 
[2022-01-10 12:46:24,568 I 17691 17977] raylet_client.cc:336: Error reporting task backlog information: IOError: 
[2022-01-10 12:46:25,388 W 17691 17978] metric_exporter.cc:206: Export metrics to agent failed: IOError: . This won't affect Ray, but you can lose metrics from the cluster.
[2022-01-10 12:46:25,569 I 17691 17977] raylet_client.cc:336: Error reporting task backlog information: IOError: 
[2022-01-10 12:46:26,569 I 17691 17977] raylet_client.cc:336: Error reporting task backlog information: IOError: 
[2022-01-10 12:46:27,569 I 17691 17977] raylet_client.cc:336: Error reporting task backlog information: IOError: 
[2022-01-10 12:46:28,570 I 17691 17977] raylet_client.cc:336: Error reporting task backlog information: IOError: 
[2022-01-10 12:46:29,570 I 17691 17977] raylet_client.cc:336: Error reporting task backlog information: IOError: 
[2022-01-10 12:46:30,570 I 17691 17977] raylet_client.cc:336: Error reporting task backlog information: IOError: 
[2022-01-10 12:46:31,571 I 17691 17977] raylet_client.cc:336: Error reporting task backlog information: IOError: 
[2022-01-10 12:46:32,457 E 17691 17860] gcs_server_address_updater.cc:76: Failed to receive the GCS address for 600 times without success. The worker will exit ungracefully. It is because GCS has died. It could be because there was an issue that kills GCS, such as high memory usage triggering OOM killer to kill GCS. Cluster will be highly likely unavailable if you see this log. Please check the log from gcs_server.err.
