2022-01-12 12:56:20,275	INFO log_monitor.py:190 -- Beginning to track file raylet.err
2022-01-12 12:56:20,277	INFO log_monitor.py:190 -- Beginning to track file gcs_server.err
2022-01-12 12:56:20,278	INFO log_monitor.py:190 -- Beginning to track file monitor.log
2022-01-12 12:56:20,585	INFO log_monitor.py:190 -- Beginning to track file worker-f80248b9e8e99e3c0fd6f16f39295c5509e4fe5cd5d13af4787c847e-01000000-15743.err
2022-01-12 12:56:20,585	INFO log_monitor.py:190 -- Beginning to track file worker-013c9b8fc9431ae48daa9b757d76def82586a759d5bf3620deca076c-01000000-15742.err
2022-01-12 12:56:20,585	INFO log_monitor.py:190 -- Beginning to track file worker-f80248b9e8e99e3c0fd6f16f39295c5509e4fe5cd5d13af4787c847e-01000000-15743.out
2022-01-12 12:56:20,585	INFO log_monitor.py:190 -- Beginning to track file worker-013c9b8fc9431ae48daa9b757d76def82586a759d5bf3620deca076c-01000000-15742.out
2022-01-12 12:56:20,686	INFO log_monitor.py:190 -- Beginning to track file worker-e1450809e6a57d84e71be3b6f4c5a1ceefaa12aa750ff419f842451b-01000000-15748.err
2022-01-12 12:56:20,686	INFO log_monitor.py:190 -- Beginning to track file worker-42f8999d67afd75b9ff78071328795a5186249221c0a726b49a3526b-01000000-15747.err
2022-01-12 12:56:20,686	INFO log_monitor.py:190 -- Beginning to track file worker-8bbdd767cf7ba6bf69bb33824659c32f063f71cfecdab7795cc35906-01000000-15746.err
2022-01-12 12:56:20,686	INFO log_monitor.py:190 -- Beginning to track file worker-3d1021e68c9b8b623f2260a42848dbb70c73619320fe2c491f12c524-01000000-15752.err
2022-01-12 12:56:20,686	INFO log_monitor.py:190 -- Beginning to track file worker-3d1021e68c9b8b623f2260a42848dbb70c73619320fe2c491f12c524-01000000-15752.out
2022-01-12 12:56:20,686	INFO log_monitor.py:190 -- Beginning to track file worker-09121b07f3e77c1cf5b533361c6474e219c2925732b131d96d000842-01000000-15749.out
2022-01-12 12:56:20,687	INFO log_monitor.py:190 -- Beginning to track file worker-42f8999d67afd75b9ff78071328795a5186249221c0a726b49a3526b-01000000-15747.out
2022-01-12 12:56:20,687	INFO log_monitor.py:190 -- Beginning to track file worker-8bbdd767cf7ba6bf69bb33824659c32f063f71cfecdab7795cc35906-01000000-15746.out
2022-01-12 12:56:20,687	INFO log_monitor.py:190 -- Beginning to track file worker-09121b07f3e77c1cf5b533361c6474e219c2925732b131d96d000842-01000000-15749.err
2022-01-12 12:56:20,687	INFO log_monitor.py:190 -- Beginning to track file worker-bbec0765976f634bd9e75e0a991a280b2f25a6d692166bb2e7a638b1-01000000-15745.out
2022-01-12 12:56:20,687	INFO log_monitor.py:190 -- Beginning to track file worker-e1450809e6a57d84e71be3b6f4c5a1ceefaa12aa750ff419f842451b-01000000-15748.out
2022-01-12 12:56:20,687	INFO log_monitor.py:190 -- Beginning to track file worker-a9a8a9fbc74805da4ab99f620d7cfbafbc0bae658caa44a55706bbf5-01000000-15750.out
2022-01-12 12:56:20,687	INFO log_monitor.py:190 -- Beginning to track file worker-a9a8a9fbc74805da4ab99f620d7cfbafbc0bae658caa44a55706bbf5-01000000-15750.err
2022-01-12 12:56:20,687	INFO log_monitor.py:190 -- Beginning to track file worker-bbec0765976f634bd9e75e0a991a280b2f25a6d692166bb2e7a638b1-01000000-15745.err
2022-01-12 12:56:20,788	INFO log_monitor.py:190 -- Beginning to track file worker-b381e26f6d9fb613b4bb2eabb643eee9f458cbf0705756dc4ccf9ec5-01000000-15751.err
2022-01-12 12:56:20,788	INFO log_monitor.py:190 -- Beginning to track file worker-e7211c475733c9396aa692864333be33053d56304e865b0285a7d32d-01000000-15754.err
2022-01-12 12:56:20,788	INFO log_monitor.py:190 -- Beginning to track file worker-e7211c475733c9396aa692864333be33053d56304e865b0285a7d32d-01000000-15754.out
2022-01-12 12:56:20,788	INFO log_monitor.py:190 -- Beginning to track file worker-4213639268ec1966711f3f6857bc9c8e318834a094bb8ec762fe3203-01000000-15753.err
2022-01-12 12:56:20,788	INFO log_monitor.py:190 -- Beginning to track file worker-4213639268ec1966711f3f6857bc9c8e318834a094bb8ec762fe3203-01000000-15753.out
2022-01-12 12:56:20,788	INFO log_monitor.py:190 -- Beginning to track file worker-b381e26f6d9fb613b4bb2eabb643eee9f458cbf0705756dc4ccf9ec5-01000000-15751.out
