[2022-01-12 12:56:20,390 I 15743 15743] core_worker.cc:132: Constructing CoreWorkerProcess. pid: 15743
[2022-01-12 12:56:20,462 I 15743 15743] grpc_server.cc:112: worker server started, listening on port 41603.
[2022-01-12 12:56:20,465 I 15743 15743] core_worker.cc:479: Initializing worker at address: 131.215.21.210:41603, worker ID f80248b9e8e99e3c0fd6f16f39295c5509e4fe5cd5d13af4787c847e, raylet de4dff694b4a6b2b18dd96ecc909baf1cc71cf76c545a3900431ae78
[2022-01-12 12:56:20,575 I 15743 15743] io_service_pool.cc:35: IOServicePool is running with 1 io_service.
[2022-01-12 12:56:20,576 I 15743 15966] accessor.cc:560: Received notification for node id = de4dff694b4a6b2b18dd96ecc909baf1cc71cf76c545a3900431ae78, IsAlive = 1
[2022-01-12 12:56:46,474 W 15743 15830] gcs_server_address_updater.cc:61: [1] Failed to get the gcs server address from raylet 1 times in a row. If it keeps failing to obtain the address, the worker might crash. Connection status IOError: 
[2022-01-12 12:56:47,474 I 15743 15966] raylet_client.cc:336: Error reporting task backlog information: IOError: 
[2022-01-12 12:56:47,578 I 15743 15966] raylet_client.cc:336: Error reporting task backlog information: IOError: 
[2022-01-12 12:56:48,578 I 15743 15966] raylet_client.cc:336: Error reporting task backlog information: IOError: 
[2022-01-12 12:56:49,578 I 15743 15966] raylet_client.cc:336: Error reporting task backlog information: IOError: 
[2022-01-12 12:56:50,578 I 15743 15966] raylet_client.cc:336: Error reporting task backlog information: IOError: 
[2022-01-12 12:56:50,599 W 15743 15967] metric_exporter.cc:206: Export metrics to agent failed: IOError: . This won't affect Ray, but you can lose metrics from the cluster.
[2022-01-12 12:56:51,578 I 15743 15966] raylet_client.cc:336: Error reporting task backlog information: IOError: 
[2022-01-12 12:56:52,578 I 15743 15966] raylet_client.cc:336: Error reporting task backlog information: IOError: 
[2022-01-12 12:56:53,578 I 15743 15966] raylet_client.cc:336: Error reporting task backlog information: IOError: 
[2022-01-12 12:56:54,578 I 15743 15966] raylet_client.cc:336: Error reporting task backlog information: IOError: 
[2022-01-12 12:56:55,579 I 15743 15966] raylet_client.cc:336: Error reporting task backlog information: IOError: 
[2022-01-12 12:56:56,579 I 15743 15966] raylet_client.cc:336: Error reporting task backlog information: IOError: 
[2022-01-12 12:56:57,579 I 15743 15966] raylet_client.cc:336: Error reporting task backlog information: IOError: 
[2022-01-12 12:56:58,579 I 15743 15966] raylet_client.cc:336: Error reporting task backlog information: IOError: 
[2022-01-12 12:56:59,579 I 15743 15966] raylet_client.cc:336: Error reporting task backlog information: IOError: 
[2022-01-12 12:57:00,579 I 15743 15966] raylet_client.cc:336: Error reporting task backlog information: IOError: 
[2022-01-12 12:57:00,607 W 15743 15967] metric_exporter.cc:206: Export metrics to agent failed: IOError: . This won't affect Ray, but you can lose metrics from the cluster.
[2022-01-12 12:57:01,579 I 15743 15966] raylet_client.cc:336: Error reporting task backlog information: IOError: 
[2022-01-12 12:57:02,579 I 15743 15966] raylet_client.cc:336: Error reporting task backlog information: IOError: 
[2022-01-12 12:57:03,579 I 15743 15966] raylet_client.cc:336: Error reporting task backlog information: IOError: 
[2022-01-12 12:57:04,579 I 15743 15966] raylet_client.cc:336: Error reporting task backlog information: IOError: 
[2022-01-12 12:57:05,579 I 15743 15966] raylet_client.cc:336: Error reporting task backlog information: IOError: 
[2022-01-12 12:57:06,579 I 15743 15966] raylet_client.cc:336: Error reporting task backlog information: IOError: 
[2022-01-12 12:57:07,580 I 15743 15966] raylet_client.cc:336: Error reporting task backlog information: IOError: 
[2022-01-12 12:57:08,580 I 15743 15966] raylet_client.cc:336: Error reporting task backlog information: IOError: 
[2022-01-12 12:57:09,580 I 15743 15966] raylet_client.cc:336: Error reporting task backlog information: IOError: 
[2022-01-12 12:57:10,580 I 15743 15966] raylet_client.cc:336: Error reporting task backlog information: IOError: 
[2022-01-12 12:57:10,614 W 15743 15967] metric_exporter.cc:206: Export metrics to agent failed: IOError: . This won't affect Ray, but you can lose metrics from the cluster.
[2022-01-12 12:57:11,581 I 15743 15966] raylet_client.cc:336: Error reporting task backlog information: IOError: 
[2022-01-12 12:57:12,581 I 15743 15966] raylet_client.cc:336: Error reporting task backlog information: IOError: 
[2022-01-12 12:57:13,581 I 15743 15966] raylet_client.cc:336: Error reporting task backlog information: IOError: 
[2022-01-12 12:57:14,581 I 15743 15966] raylet_client.cc:336: Error reporting task backlog information: IOError: 
[2022-01-12 12:57:15,581 I 15743 15966] raylet_client.cc:336: Error reporting task backlog information: IOError: 
[2022-01-12 12:57:16,581 I 15743 15966] raylet_client.cc:336: Error reporting task backlog information: IOError: 
[2022-01-12 12:57:17,581 I 15743 15966] raylet_client.cc:336: Error reporting task backlog information: IOError: 
[2022-01-12 12:57:18,581 I 15743 15966] raylet_client.cc:336: Error reporting task backlog information: IOError: 
[2022-01-12 12:57:19,581 I 15743 15966] raylet_client.cc:336: Error reporting task backlog information: IOError: 
[2022-01-12 12:57:20,581 I 15743 15966] raylet_client.cc:336: Error reporting task backlog information: IOError: 
[2022-01-12 12:57:20,621 W 15743 15967] metric_exporter.cc:206: Export metrics to agent failed: IOError: . This won't affect Ray, but you can lose metrics from the cluster.
[2022-01-12 12:57:21,581 I 15743 15966] raylet_client.cc:336: Error reporting task backlog information: IOError: 
[2022-01-12 12:57:22,581 I 15743 15966] raylet_client.cc:336: Error reporting task backlog information: IOError: 
[2022-01-12 12:57:23,581 I 15743 15966] raylet_client.cc:336: Error reporting task backlog information: IOError: 
[2022-01-12 12:57:24,582 I 15743 15966] raylet_client.cc:336: Error reporting task backlog information: IOError: 
[2022-01-12 12:57:25,582 I 15743 15966] raylet_client.cc:336: Error reporting task backlog information: IOError: 
[2022-01-12 12:57:26,582 I 15743 15966] raylet_client.cc:336: Error reporting task backlog information: IOError: 
[2022-01-12 12:57:27,582 I 15743 15966] raylet_client.cc:336: Error reporting task backlog information: IOError: 
[2022-01-12 12:57:28,582 I 15743 15966] raylet_client.cc:336: Error reporting task backlog information: IOError: 
[2022-01-12 12:57:29,582 I 15743 15966] raylet_client.cc:336: Error reporting task backlog information: IOError: 
[2022-01-12 12:57:30,582 I 15743 15966] raylet_client.cc:336: Error reporting task backlog information: IOError: 
[2022-01-12 12:57:30,628 W 15743 15967] metric_exporter.cc:206: Export metrics to agent failed: IOError: . This won't affect Ray, but you can lose metrics from the cluster.
[2022-01-12 12:57:31,582 I 15743 15966] raylet_client.cc:336: Error reporting task backlog information: IOError: 
[2022-01-12 12:57:32,582 I 15743 15966] raylet_client.cc:336: Error reporting task backlog information: IOError: 
[2022-01-12 12:57:33,582 I 15743 15966] raylet_client.cc:336: Error reporting task backlog information: IOError: 
[2022-01-12 12:57:34,582 I 15743 15966] raylet_client.cc:336: Error reporting task backlog information: IOError: 
[2022-01-12 12:57:35,582 I 15743 15966] raylet_client.cc:336: Error reporting task backlog information: IOError: 
[2022-01-12 12:57:36,582 I 15743 15966] raylet_client.cc:336: Error reporting task backlog information: IOError: 
[2022-01-12 12:57:37,582 I 15743 15966] raylet_client.cc:336: Error reporting task backlog information: IOError: 
[2022-01-12 12:57:38,582 I 15743 15966] raylet_client.cc:336: Error reporting task backlog information: IOError: 
[2022-01-12 12:57:39,582 I 15743 15966] raylet_client.cc:336: Error reporting task backlog information: IOError: 
[2022-01-12 12:57:40,583 I 15743 15966] raylet_client.cc:336: Error reporting task backlog information: IOError: 
[2022-01-12 12:57:40,634 W 15743 15967] metric_exporter.cc:206: Export metrics to agent failed: IOError: . This won't affect Ray, but you can lose metrics from the cluster.
[2022-01-12 12:57:41,583 I 15743 15966] raylet_client.cc:336: Error reporting task backlog information: IOError: 
[2022-01-12 12:57:42,583 I 15743 15966] raylet_client.cc:336: Error reporting task backlog information: IOError: 
[2022-01-12 12:57:43,583 I 15743 15966] raylet_client.cc:336: Error reporting task backlog information: IOError: 
[2022-01-12 12:57:44,583 I 15743 15966] raylet_client.cc:336: Error reporting task backlog information: IOError: 
[2022-01-12 12:57:45,583 I 15743 15966] raylet_client.cc:336: Error reporting task backlog information: IOError: 
[2022-01-12 12:57:46,583 I 15743 15966] raylet_client.cc:336: Error reporting task backlog information: IOError: 
[2022-01-12 12:57:47,583 I 15743 15966] raylet_client.cc:336: Error reporting task backlog information: IOError: 
[2022-01-12 12:57:48,583 I 15743 15966] raylet_client.cc:336: Error reporting task backlog information: IOError: 
[2022-01-12 12:57:49,583 I 15743 15966] raylet_client.cc:336: Error reporting task backlog information: IOError: 
[2022-01-12 12:57:50,583 I 15743 15966] raylet_client.cc:336: Error reporting task backlog information: IOError: 
[2022-01-12 12:57:50,641 W 15743 15967] metric_exporter.cc:206: Export metrics to agent failed: IOError: . This won't affect Ray, but you can lose metrics from the cluster.
[2022-01-12 12:57:51,583 I 15743 15966] raylet_client.cc:336: Error reporting task backlog information: IOError: 
[2022-01-12 12:57:52,583 I 15743 15966] raylet_client.cc:336: Error reporting task backlog information: IOError: 
[2022-01-12 12:57:53,583 I 15743 15966] raylet_client.cc:336: Error reporting task backlog information: IOError: 
[2022-01-12 12:57:54,583 I 15743 15966] raylet_client.cc:336: Error reporting task backlog information: IOError: 
[2022-01-12 12:57:55,583 I 15743 15966] raylet_client.cc:336: Error reporting task backlog information: IOError: 
[2022-01-12 12:57:56,583 I 15743 15966] raylet_client.cc:336: Error reporting task backlog information: IOError: 
[2022-01-12 12:57:57,584 I 15743 15966] raylet_client.cc:336: Error reporting task backlog information: IOError: 
[2022-01-12 12:57:58,584 I 15743 15966] raylet_client.cc:336: Error reporting task backlog information: IOError: 
[2022-01-12 12:57:59,584 I 15743 15966] raylet_client.cc:336: Error reporting task backlog information: IOError: 
[2022-01-12 12:58:00,584 I 15743 15966] raylet_client.cc:336: Error reporting task backlog information: IOError: 
[2022-01-12 12:58:00,649 W 15743 15967] metric_exporter.cc:206: Export metrics to agent failed: IOError: . This won't affect Ray, but you can lose metrics from the cluster.
[2022-01-12 12:58:01,584 I 15743 15966] raylet_client.cc:336: Error reporting task backlog information: IOError: 
[2022-01-12 12:58:02,584 I 15743 15966] raylet_client.cc:336: Error reporting task backlog information: IOError: 
[2022-01-12 12:58:03,584 I 15743 15966] raylet_client.cc:336: Error reporting task backlog information: IOError: 
[2022-01-12 12:58:04,584 I 15743 15966] raylet_client.cc:336: Error reporting task backlog information: IOError: 
[2022-01-12 12:58:05,584 I 15743 15966] raylet_client.cc:336: Error reporting task backlog information: IOError: 
[2022-01-12 12:58:06,584 I 15743 15966] raylet_client.cc:336: Error reporting task backlog information: IOError: 
[2022-01-12 12:58:07,584 I 15743 15966] raylet_client.cc:336: Error reporting task backlog information: IOError: 
[2022-01-12 12:58:08,584 I 15743 15966] raylet_client.cc:336: Error reporting task backlog information: IOError: 
[2022-01-12 12:58:09,584 I 15743 15966] raylet_client.cc:336: Error reporting task backlog information: IOError: 
[2022-01-12 12:58:10,584 I 15743 15966] raylet_client.cc:336: Error reporting task backlog information: IOError: 
[2022-01-12 12:58:10,655 W 15743 15967] metric_exporter.cc:206: Export metrics to agent failed: IOError: . This won't affect Ray, but you can lose metrics from the cluster.
[2022-01-12 12:58:11,584 I 15743 15966] raylet_client.cc:336: Error reporting task backlog information: IOError: 
[2022-01-12 12:58:12,584 I 15743 15966] raylet_client.cc:336: Error reporting task backlog information: IOError: 
[2022-01-12 12:58:13,585 I 15743 15966] raylet_client.cc:336: Error reporting task backlog information: IOError: 
[2022-01-12 12:58:14,585 I 15743 15966] raylet_client.cc:336: Error reporting task backlog information: IOError: 
[2022-01-12 12:58:15,585 I 15743 15966] raylet_client.cc:336: Error reporting task backlog information: IOError: 
[2022-01-12 12:58:16,585 I 15743 15966] raylet_client.cc:336: Error reporting task backlog information: IOError: 
[2022-01-12 12:58:17,585 I 15743 15966] raylet_client.cc:336: Error reporting task backlog information: IOError: 
[2022-01-12 12:58:18,585 I 15743 15966] raylet_client.cc:336: Error reporting task backlog information: IOError: 
[2022-01-12 12:58:19,585 I 15743 15966] raylet_client.cc:336: Error reporting task backlog information: IOError: 
[2022-01-12 12:58:20,585 I 15743 15966] raylet_client.cc:336: Error reporting task backlog information: IOError: 
[2022-01-12 12:58:20,662 W 15743 15967] metric_exporter.cc:206: Export metrics to agent failed: IOError: . This won't affect Ray, but you can lose metrics from the cluster.
[2022-01-12 12:58:21,585 I 15743 15966] raylet_client.cc:336: Error reporting task backlog information: IOError: 
[2022-01-12 12:58:22,585 I 15743 15966] raylet_client.cc:336: Error reporting task backlog information: IOError: 
[2022-01-12 12:58:23,585 I 15743 15966] raylet_client.cc:336: Error reporting task backlog information: IOError: 
[2022-01-12 12:58:24,585 I 15743 15966] raylet_client.cc:336: Error reporting task backlog information: IOError: 
[2022-01-12 12:58:25,585 I 15743 15966] raylet_client.cc:336: Error reporting task backlog information: IOError: 
[2022-01-12 12:58:26,585 I 15743 15966] raylet_client.cc:336: Error reporting task backlog information: IOError: 
[2022-01-12 12:58:27,586 I 15743 15966] raylet_client.cc:336: Error reporting task backlog information: IOError: 
[2022-01-12 12:58:28,586 I 15743 15966] raylet_client.cc:336: Error reporting task backlog information: IOError: 
[2022-01-12 12:58:29,586 I 15743 15966] raylet_client.cc:336: Error reporting task backlog information: IOError: 
[2022-01-12 12:58:30,586 I 15743 15966] raylet_client.cc:336: Error reporting task backlog information: IOError: 
[2022-01-12 12:58:30,671 W 15743 15967] metric_exporter.cc:206: Export metrics to agent failed: IOError: . This won't affect Ray, but you can lose metrics from the cluster.
[2022-01-12 12:58:31,586 I 15743 15966] raylet_client.cc:336: Error reporting task backlog information: IOError: 
[2022-01-12 12:58:32,586 I 15743 15966] raylet_client.cc:336: Error reporting task backlog information: IOError: 
[2022-01-12 12:58:33,586 I 15743 15966] raylet_client.cc:336: Error reporting task backlog information: IOError: 
[2022-01-12 12:58:34,586 I 15743 15966] raylet_client.cc:336: Error reporting task backlog information: IOError: 
[2022-01-12 12:58:35,587 I 15743 15966] raylet_client.cc:336: Error reporting task backlog information: IOError: 
[2022-01-12 12:58:36,587 I 15743 15966] raylet_client.cc:336: Error reporting task backlog information: IOError: 
[2022-01-12 12:58:37,587 I 15743 15966] raylet_client.cc:336: Error reporting task backlog information: IOError: 
[2022-01-12 12:58:38,587 I 15743 15966] raylet_client.cc:336: Error reporting task backlog information: IOError: 
[2022-01-12 12:58:39,588 I 15743 15966] raylet_client.cc:336: Error reporting task backlog information: IOError: 
[2022-01-12 12:58:40,588 I 15743 15966] raylet_client.cc:336: Error reporting task backlog information: IOError: 
[2022-01-12 12:58:40,680 W 15743 15967] metric_exporter.cc:206: Export metrics to agent failed: IOError: . This won't affect Ray, but you can lose metrics from the cluster.
[2022-01-12 12:58:41,588 I 15743 15966] raylet_client.cc:336: Error reporting task backlog information: IOError: 
[2022-01-12 12:58:42,588 I 15743 15966] raylet_client.cc:336: Error reporting task backlog information: IOError: 
[2022-01-12 12:58:43,588 I 15743 15966] raylet_client.cc:336: Error reporting task backlog information: IOError: 
[2022-01-12 12:58:44,589 I 15743 15966] raylet_client.cc:336: Error reporting task backlog information: IOError: 
[2022-01-12 12:58:45,589 I 15743 15966] raylet_client.cc:336: Error reporting task backlog information: IOError: 
[2022-01-12 12:58:46,589 I 15743 15966] raylet_client.cc:336: Error reporting task backlog information: IOError: 
[2022-01-12 12:58:47,589 I 15743 15966] raylet_client.cc:336: Error reporting task backlog information: IOError: 
[2022-01-12 12:58:48,589 I 15743 15966] raylet_client.cc:336: Error reporting task backlog information: IOError: 
[2022-01-12 12:58:49,590 I 15743 15966] raylet_client.cc:336: Error reporting task backlog information: IOError: 
[2022-01-12 12:58:50,590 I 15743 15966] raylet_client.cc:336: Error reporting task backlog information: IOError: 
[2022-01-12 12:58:50,691 W 15743 15967] metric_exporter.cc:206: Export metrics to agent failed: IOError: . This won't affect Ray, but you can lose metrics from the cluster.
[2022-01-12 12:58:51,590 I 15743 15966] raylet_client.cc:336: Error reporting task backlog information: IOError: 
[2022-01-12 12:58:52,590 I 15743 15966] raylet_client.cc:336: Error reporting task backlog information: IOError: 
[2022-01-12 12:58:53,590 I 15743 15966] raylet_client.cc:336: Error reporting task backlog information: IOError: 
[2022-01-12 12:58:54,590 I 15743 15966] raylet_client.cc:336: Error reporting task backlog information: IOError: 
[2022-01-12 12:58:55,590 I 15743 15966] raylet_client.cc:336: Error reporting task backlog information: IOError: 
[2022-01-12 12:58:56,590 I 15743 15966] raylet_client.cc:336: Error reporting task backlog information: IOError: 
[2022-01-12 12:58:57,591 I 15743 15966] raylet_client.cc:336: Error reporting task backlog information: IOError: 
[2022-01-12 12:58:58,591 I 15743 15966] raylet_client.cc:336: Error reporting task backlog information: IOError: 
[2022-01-12 12:58:59,591 I 15743 15966] raylet_client.cc:336: Error reporting task backlog information: IOError: 
[2022-01-12 12:59:00,591 I 15743 15966] raylet_client.cc:336: Error reporting task backlog information: IOError: 
[2022-01-12 12:59:00,701 W 15743 15967] metric_exporter.cc:206: Export metrics to agent failed: IOError: . This won't affect Ray, but you can lose metrics from the cluster.
[2022-01-12 12:59:01,592 I 15743 15966] raylet_client.cc:336: Error reporting task backlog information: IOError: 
[2022-01-12 12:59:02,592 I 15743 15966] raylet_client.cc:336: Error reporting task backlog information: IOError: 
[2022-01-12 12:59:03,592 I 15743 15966] raylet_client.cc:336: Error reporting task backlog information: IOError: 
[2022-01-12 12:59:04,592 I 15743 15966] raylet_client.cc:336: Error reporting task backlog information: IOError: 
[2022-01-12 12:59:05,592 I 15743 15966] raylet_client.cc:336: Error reporting task backlog information: IOError: 
[2022-01-12 12:59:06,592 I 15743 15966] raylet_client.cc:336: Error reporting task backlog information: IOError: 
[2022-01-12 12:59:07,593 I 15743 15966] raylet_client.cc:336: Error reporting task backlog information: IOError: 
[2022-01-12 12:59:08,593 I 15743 15966] raylet_client.cc:336: Error reporting task backlog information: IOError: 
[2022-01-12 12:59:09,593 I 15743 15966] raylet_client.cc:336: Error reporting task backlog information: IOError: 
[2022-01-12 12:59:10,593 I 15743 15966] raylet_client.cc:336: Error reporting task backlog information: IOError: 
[2022-01-12 12:59:10,711 W 15743 15967] metric_exporter.cc:206: Export metrics to agent failed: IOError: . This won't affect Ray, but you can lose metrics from the cluster.
[2022-01-12 12:59:11,593 I 15743 15966] raylet_client.cc:336: Error reporting task backlog information: IOError: 
[2022-01-12 12:59:12,593 I 15743 15966] raylet_client.cc:336: Error reporting task backlog information: IOError: 
[2022-01-12 12:59:13,594 I 15743 15966] raylet_client.cc:336: Error reporting task backlog information: IOError: 
[2022-01-12 12:59:14,594 I 15743 15966] raylet_client.cc:336: Error reporting task backlog information: IOError: 
[2022-01-12 12:59:15,594 I 15743 15966] raylet_client.cc:336: Error reporting task backlog information: IOError: 
[2022-01-12 12:59:16,594 I 15743 15966] raylet_client.cc:336: Error reporting task backlog information: IOError: 
[2022-01-12 12:59:17,595 I 15743 15966] raylet_client.cc:336: Error reporting task backlog information: IOError: 
[2022-01-12 12:59:18,595 I 15743 15966] raylet_client.cc:336: Error reporting task backlog information: IOError: 
[2022-01-12 12:59:19,595 I 15743 15966] raylet_client.cc:336: Error reporting task backlog information: IOError: 
[2022-01-12 12:59:20,595 I 15743 15966] raylet_client.cc:336: Error reporting task backlog information: IOError: 
[2022-01-12 12:59:20,721 W 15743 15967] metric_exporter.cc:206: Export metrics to agent failed: IOError: . This won't affect Ray, but you can lose metrics from the cluster.
[2022-01-12 12:59:21,595 I 15743 15966] raylet_client.cc:336: Error reporting task backlog information: IOError: 
[2022-01-12 12:59:22,596 I 15743 15966] raylet_client.cc:336: Error reporting task backlog information: IOError: 
[2022-01-12 12:59:23,596 I 15743 15966] raylet_client.cc:336: Error reporting task backlog information: IOError: 
[2022-01-12 12:59:24,596 I 15743 15966] raylet_client.cc:336: Error reporting task backlog information: IOError: 
[2022-01-12 12:59:25,596 I 15743 15966] raylet_client.cc:336: Error reporting task backlog information: IOError: 
[2022-01-12 12:59:26,597 I 15743 15966] raylet_client.cc:336: Error reporting task backlog information: IOError: 
[2022-01-12 12:59:27,597 I 15743 15966] raylet_client.cc:336: Error reporting task backlog information: IOError: 
[2022-01-12 12:59:28,597 I 15743 15966] raylet_client.cc:336: Error reporting task backlog information: IOError: 
[2022-01-12 12:59:29,597 I 15743 15966] raylet_client.cc:336: Error reporting task backlog information: IOError: 
[2022-01-12 12:59:30,597 I 15743 15966] raylet_client.cc:336: Error reporting task backlog information: IOError: 
[2022-01-12 12:59:30,732 W 15743 15967] metric_exporter.cc:206: Export metrics to agent failed: IOError: . This won't affect Ray, but you can lose metrics from the cluster.
[2022-01-12 12:59:31,598 I 15743 15966] raylet_client.cc:336: Error reporting task backlog information: IOError: 
[2022-01-12 12:59:32,598 I 15743 15966] raylet_client.cc:336: Error reporting task backlog information: IOError: 
[2022-01-12 12:59:33,598 I 15743 15966] raylet_client.cc:336: Error reporting task backlog information: IOError: 
[2022-01-12 12:59:34,598 I 15743 15966] raylet_client.cc:336: Error reporting task backlog information: IOError: 
[2022-01-12 12:59:35,599 I 15743 15966] raylet_client.cc:336: Error reporting task backlog information: IOError: 
[2022-01-12 12:59:36,599 I 15743 15966] raylet_client.cc:336: Error reporting task backlog information: IOError: 
[2022-01-12 12:59:37,599 I 15743 15966] raylet_client.cc:336: Error reporting task backlog information: IOError: 
[2022-01-12 12:59:38,599 I 15743 15966] raylet_client.cc:336: Error reporting task backlog information: IOError: 
[2022-01-12 12:59:39,599 I 15743 15966] raylet_client.cc:336: Error reporting task backlog information: IOError: 
[2022-01-12 12:59:40,600 I 15743 15966] raylet_client.cc:336: Error reporting task backlog information: IOError: 
[2022-01-12 12:59:40,743 W 15743 15967] metric_exporter.cc:206: Export metrics to agent failed: IOError: . This won't affect Ray, but you can lose metrics from the cluster.
[2022-01-12 12:59:41,600 I 15743 15966] raylet_client.cc:336: Error reporting task backlog information: IOError: 
[2022-01-12 12:59:42,600 I 15743 15966] raylet_client.cc:336: Error reporting task backlog information: IOError: 
[2022-01-12 12:59:43,601 I 15743 15966] raylet_client.cc:336: Error reporting task backlog information: IOError: 
[2022-01-12 12:59:44,601 I 15743 15966] raylet_client.cc:336: Error reporting task backlog information: IOError: 
[2022-01-12 12:59:45,601 I 15743 15966] raylet_client.cc:336: Error reporting task backlog information: IOError: 
[2022-01-12 12:59:46,601 I 15743 15966] raylet_client.cc:336: Error reporting task backlog information: IOError: 
[2022-01-12 12:59:47,601 I 15743 15966] raylet_client.cc:336: Error reporting task backlog information: IOError: 
[2022-01-12 12:59:48,601 I 15743 15966] raylet_client.cc:336: Error reporting task backlog information: IOError: 
[2022-01-12 12:59:49,601 I 15743 15966] raylet_client.cc:336: Error reporting task backlog information: IOError: 
[2022-01-12 12:59:50,601 I 15743 15966] raylet_client.cc:336: Error reporting task backlog information: IOError: 
[2022-01-12 12:59:50,754 W 15743 15967] metric_exporter.cc:206: Export metrics to agent failed: IOError: . This won't affect Ray, but you can lose metrics from the cluster.
[2022-01-12 12:59:51,602 I 15743 15966] raylet_client.cc:336: Error reporting task backlog information: IOError: 
[2022-01-12 12:59:52,602 I 15743 15966] raylet_client.cc:336: Error reporting task backlog information: IOError: 
[2022-01-12 12:59:53,602 I 15743 15966] raylet_client.cc:336: Error reporting task backlog information: IOError: 
[2022-01-12 12:59:54,602 I 15743 15966] raylet_client.cc:336: Error reporting task backlog information: IOError: 
[2022-01-12 12:59:55,602 I 15743 15966] raylet_client.cc:336: Error reporting task backlog information: IOError: 
[2022-01-12 12:59:56,602 I 15743 15966] raylet_client.cc:336: Error reporting task backlog information: IOError: 
[2022-01-12 12:59:57,603 I 15743 15966] raylet_client.cc:336: Error reporting task backlog information: IOError: 
[2022-01-12 12:59:58,603 I 15743 15966] raylet_client.cc:336: Error reporting task backlog information: IOError: 
[2022-01-12 12:59:59,603 I 15743 15966] raylet_client.cc:336: Error reporting task backlog information: IOError: 
[2022-01-12 13:00:00,603 I 15743 15966] raylet_client.cc:336: Error reporting task backlog information: IOError: 
[2022-01-12 13:00:00,764 W 15743 15967] metric_exporter.cc:206: Export metrics to agent failed: IOError: . This won't affect Ray, but you can lose metrics from the cluster.
[2022-01-12 13:00:01,604 I 15743 15966] raylet_client.cc:336: Error reporting task backlog information: IOError: 
[2022-01-12 13:00:02,604 I 15743 15966] raylet_client.cc:336: Error reporting task backlog information: IOError: 
[2022-01-12 13:00:03,604 I 15743 15966] raylet_client.cc:336: Error reporting task backlog information: IOError: 
[2022-01-12 13:00:04,604 I 15743 15966] raylet_client.cc:336: Error reporting task backlog information: IOError: 
[2022-01-12 13:00:05,605 I 15743 15966] raylet_client.cc:336: Error reporting task backlog information: IOError: 
[2022-01-12 13:00:06,605 I 15743 15966] raylet_client.cc:336: Error reporting task backlog information: IOError: 
[2022-01-12 13:00:07,605 I 15743 15966] raylet_client.cc:336: Error reporting task backlog information: IOError: 
[2022-01-12 13:00:08,605 I 15743 15966] raylet_client.cc:336: Error reporting task backlog information: IOError: 
[2022-01-12 13:00:09,606 I 15743 15966] raylet_client.cc:336: Error reporting task backlog information: IOError: 
[2022-01-12 13:00:10,606 I 15743 15966] raylet_client.cc:336: Error reporting task backlog information: IOError: 
[2022-01-12 13:00:10,775 W 15743 15967] metric_exporter.cc:206: Export metrics to agent failed: IOError: . This won't affect Ray, but you can lose metrics from the cluster.
[2022-01-12 13:00:11,606 I 15743 15966] raylet_client.cc:336: Error reporting task backlog information: IOError: 
[2022-01-12 13:00:12,606 I 15743 15966] raylet_client.cc:336: Error reporting task backlog information: IOError: 
[2022-01-12 13:00:13,607 I 15743 15966] raylet_client.cc:336: Error reporting task backlog information: IOError: 
[2022-01-12 13:00:14,607 I 15743 15966] raylet_client.cc:336: Error reporting task backlog information: IOError: 
[2022-01-12 13:00:15,607 I 15743 15966] raylet_client.cc:336: Error reporting task backlog information: IOError: 
[2022-01-12 13:00:16,607 I 15743 15966] raylet_client.cc:336: Error reporting task backlog information: IOError: 
[2022-01-12 13:00:17,607 I 15743 15966] raylet_client.cc:336: Error reporting task backlog information: IOError: 
[2022-01-12 13:00:18,608 I 15743 15966] raylet_client.cc:336: Error reporting task backlog information: IOError: 
[2022-01-12 13:00:19,608 I 15743 15966] raylet_client.cc:336: Error reporting task backlog information: IOError: 
[2022-01-12 13:00:20,608 I 15743 15966] raylet_client.cc:336: Error reporting task backlog information: IOError: 
[2022-01-12 13:00:20,786 W 15743 15967] metric_exporter.cc:206: Export metrics to agent failed: IOError: . This won't affect Ray, but you can lose metrics from the cluster.
[2022-01-12 13:00:21,608 I 15743 15966] raylet_client.cc:336: Error reporting task backlog information: IOError: 
[2022-01-12 13:00:22,609 I 15743 15966] raylet_client.cc:336: Error reporting task backlog information: IOError: 
[2022-01-12 13:00:23,609 I 15743 15966] raylet_client.cc:336: Error reporting task backlog information: IOError: 
[2022-01-12 13:00:24,609 I 15743 15966] raylet_client.cc:336: Error reporting task backlog information: IOError: 
[2022-01-12 13:00:25,610 I 15743 15966] raylet_client.cc:336: Error reporting task backlog information: IOError: 
[2022-01-12 13:00:26,610 I 15743 15966] raylet_client.cc:336: Error reporting task backlog information: IOError: 
[2022-01-12 13:00:27,610 I 15743 15966] raylet_client.cc:336: Error reporting task backlog information: IOError: 
[2022-01-12 13:00:28,610 I 15743 15966] raylet_client.cc:336: Error reporting task backlog information: IOError: 
[2022-01-12 13:00:29,611 I 15743 15966] raylet_client.cc:336: Error reporting task backlog information: IOError: 
[2022-01-12 13:00:30,611 I 15743 15966] raylet_client.cc:336: Error reporting task backlog information: IOError: 
[2022-01-12 13:00:30,797 W 15743 15967] metric_exporter.cc:206: Export metrics to agent failed: IOError: . This won't affect Ray, but you can lose metrics from the cluster.
[2022-01-12 13:00:31,611 I 15743 15966] raylet_client.cc:336: Error reporting task backlog information: IOError: 
[2022-01-12 13:00:32,611 I 15743 15966] raylet_client.cc:336: Error reporting task backlog information: IOError: 
[2022-01-12 13:00:33,612 I 15743 15966] raylet_client.cc:336: Error reporting task backlog information: IOError: 
[2022-01-12 13:00:34,612 I 15743 15966] raylet_client.cc:336: Error reporting task backlog information: IOError: 
[2022-01-12 13:00:35,612 I 15743 15966] raylet_client.cc:336: Error reporting task backlog information: IOError: 
[2022-01-12 13:00:36,613 I 15743 15966] raylet_client.cc:336: Error reporting task backlog information: IOError: 
[2022-01-12 13:00:37,613 I 15743 15966] raylet_client.cc:336: Error reporting task backlog information: IOError: 
[2022-01-12 13:00:38,613 I 15743 15966] raylet_client.cc:336: Error reporting task backlog information: IOError: 
[2022-01-12 13:00:39,613 I 15743 15966] raylet_client.cc:336: Error reporting task backlog information: IOError: 
[2022-01-12 13:00:40,613 I 15743 15966] raylet_client.cc:336: Error reporting task backlog information: IOError: 
