[2022-01-12 12:56:20,497 I 15749 15749] core_worker.cc:132: Constructing CoreWorkerProcess. pid: 15749
[2022-01-12 12:56:20,514 I 15749 15749] grpc_server.cc:112: worker server started, listening on port 46311.
[2022-01-12 12:56:20,518 I 15749 15749] core_worker.cc:479: Initializing worker at address: 131.215.21.210:46311, worker ID 09121b07f3e77c1cf5b533361c6474e219c2925732b131d96d000842, raylet de4dff694b4a6b2b18dd96ecc909baf1cc71cf76c545a3900431ae78
[2022-01-12 12:56:20,627 I 15749 15749] io_service_pool.cc:35: IOServicePool is running with 1 io_service.
[2022-01-12 12:56:20,644 I 15749 16028] accessor.cc:560: Received notification for node id = de4dff694b4a6b2b18dd96ecc909baf1cc71cf76c545a3900431ae78, IsAlive = 1
[2022-01-12 12:56:46,527 W 15749 15917] gcs_server_address_updater.cc:61: [1] Failed to get the gcs server address from raylet 1 times in a row. If it keeps failing to obtain the address, the worker might crash. Connection status IOError: 
[2022-01-12 12:56:47,527 I 15749 16028] raylet_client.cc:336: Error reporting task backlog information: IOError: 
[2022-01-12 12:56:47,630 I 15749 16028] raylet_client.cc:336: Error reporting task backlog information: IOError: 
[2022-01-12 12:56:48,630 I 15749 16028] raylet_client.cc:336: Error reporting task backlog information: IOError: 
[2022-01-12 12:56:49,630 I 15749 16028] raylet_client.cc:336: Error reporting task backlog information: IOError: 
[2022-01-12 12:56:50,630 I 15749 16028] raylet_client.cc:336: Error reporting task backlog information: IOError: 
[2022-01-12 12:56:50,648 W 15749 16029] metric_exporter.cc:206: Export metrics to agent failed: IOError: . This won't affect Ray, but you can lose metrics from the cluster.
[2022-01-12 12:56:51,630 I 15749 16028] raylet_client.cc:336: Error reporting task backlog information: IOError: 
[2022-01-12 12:56:52,630 I 15749 16028] raylet_client.cc:336: Error reporting task backlog information: IOError: 
[2022-01-12 12:56:53,630 I 15749 16028] raylet_client.cc:336: Error reporting task backlog information: IOError: 
[2022-01-12 12:56:54,631 I 15749 16028] raylet_client.cc:336: Error reporting task backlog information: IOError: 
[2022-01-12 12:56:55,631 I 15749 16028] raylet_client.cc:336: Error reporting task backlog information: IOError: 
[2022-01-12 12:56:56,631 I 15749 16028] raylet_client.cc:336: Error reporting task backlog information: IOError: 
[2022-01-12 12:56:57,631 I 15749 16028] raylet_client.cc:336: Error reporting task backlog information: IOError: 
[2022-01-12 12:56:58,631 I 15749 16028] raylet_client.cc:336: Error reporting task backlog information: IOError: 
[2022-01-12 12:56:59,631 I 15749 16028] raylet_client.cc:336: Error reporting task backlog information: IOError: 
[2022-01-12 12:57:00,631 I 15749 16028] raylet_client.cc:336: Error reporting task backlog information: IOError: 
[2022-01-12 12:57:00,657 W 15749 16029] metric_exporter.cc:206: Export metrics to agent failed: IOError: . This won't affect Ray, but you can lose metrics from the cluster.
[2022-01-12 12:57:01,631 I 15749 16028] raylet_client.cc:336: Error reporting task backlog information: IOError: 
[2022-01-12 12:57:02,631 I 15749 16028] raylet_client.cc:336: Error reporting task backlog information: IOError: 
[2022-01-12 12:57:03,631 I 15749 16028] raylet_client.cc:336: Error reporting task backlog information: IOError: 
[2022-01-12 12:57:04,631 I 15749 16028] raylet_client.cc:336: Error reporting task backlog information: IOError: 
[2022-01-12 12:57:05,631 I 15749 16028] raylet_client.cc:336: Error reporting task backlog information: IOError: 
[2022-01-12 12:57:06,631 I 15749 16028] raylet_client.cc:336: Error reporting task backlog information: IOError: 
[2022-01-12 12:57:07,631 I 15749 16028] raylet_client.cc:336: Error reporting task backlog information: IOError: 
[2022-01-12 12:57:08,631 I 15749 16028] raylet_client.cc:336: Error reporting task backlog information: IOError: 
[2022-01-12 12:57:09,632 I 15749 16028] raylet_client.cc:336: Error reporting task backlog information: IOError: 
[2022-01-12 12:57:10,632 I 15749 16028] raylet_client.cc:336: Error reporting task backlog information: IOError: 
[2022-01-12 12:57:10,664 W 15749 16029] metric_exporter.cc:206: Export metrics to agent failed: IOError: . This won't affect Ray, but you can lose metrics from the cluster.
[2022-01-12 12:57:11,632 I 15749 16028] raylet_client.cc:336: Error reporting task backlog information: IOError: 
[2022-01-12 12:57:12,632 I 15749 16028] raylet_client.cc:336: Error reporting task backlog information: IOError: 
[2022-01-12 12:57:13,632 I 15749 16028] raylet_client.cc:336: Error reporting task backlog information: IOError: 
[2022-01-12 12:57:14,632 I 15749 16028] raylet_client.cc:336: Error reporting task backlog information: IOError: 
[2022-01-12 12:57:15,632 I 15749 16028] raylet_client.cc:336: Error reporting task backlog information: IOError: 
[2022-01-12 12:57:16,632 I 15749 16028] raylet_client.cc:336: Error reporting task backlog information: IOError: 
[2022-01-12 12:57:17,632 I 15749 16028] raylet_client.cc:336: Error reporting task backlog information: IOError: 
[2022-01-12 12:57:18,632 I 15749 16028] raylet_client.cc:336: Error reporting task backlog information: IOError: 
[2022-01-12 12:57:19,632 I 15749 16028] raylet_client.cc:336: Error reporting task backlog information: IOError: 
[2022-01-12 12:57:20,632 I 15749 16028] raylet_client.cc:336: Error reporting task backlog information: IOError: 
[2022-01-12 12:57:20,670 W 15749 16029] metric_exporter.cc:206: Export metrics to agent failed: IOError: . This won't affect Ray, but you can lose metrics from the cluster.
[2022-01-12 12:57:21,632 I 15749 16028] raylet_client.cc:336: Error reporting task backlog information: IOError: 
[2022-01-12 12:57:22,632 I 15749 16028] raylet_client.cc:336: Error reporting task backlog information: IOError: 
[2022-01-12 12:57:23,633 I 15749 16028] raylet_client.cc:336: Error reporting task backlog information: IOError: 
[2022-01-12 12:57:24,633 I 15749 16028] raylet_client.cc:336: Error reporting task backlog information: IOError: 
[2022-01-12 12:57:25,633 I 15749 16028] raylet_client.cc:336: Error reporting task backlog information: IOError: 
[2022-01-12 12:57:26,633 I 15749 16028] raylet_client.cc:336: Error reporting task backlog information: IOError: 
[2022-01-12 12:57:27,633 I 15749 16028] raylet_client.cc:336: Error reporting task backlog information: IOError: 
[2022-01-12 12:57:28,633 I 15749 16028] raylet_client.cc:336: Error reporting task backlog information: IOError: 
[2022-01-12 12:57:29,633 I 15749 16028] raylet_client.cc:336: Error reporting task backlog information: IOError: 
[2022-01-12 12:57:30,633 I 15749 16028] raylet_client.cc:336: Error reporting task backlog information: IOError: 
[2022-01-12 12:57:30,677 W 15749 16029] metric_exporter.cc:206: Export metrics to agent failed: IOError: . This won't affect Ray, but you can lose metrics from the cluster.
[2022-01-12 12:57:31,633 I 15749 16028] raylet_client.cc:336: Error reporting task backlog information: IOError: 
[2022-01-12 12:57:32,633 I 15749 16028] raylet_client.cc:336: Error reporting task backlog information: IOError: 
[2022-01-12 12:57:33,633 I 15749 16028] raylet_client.cc:336: Error reporting task backlog information: IOError: 
[2022-01-12 12:57:34,633 I 15749 16028] raylet_client.cc:336: Error reporting task backlog information: IOError: 
[2022-01-12 12:57:35,633 I 15749 16028] raylet_client.cc:336: Error reporting task backlog information: IOError: 
[2022-01-12 12:57:36,634 I 15749 16028] raylet_client.cc:336: Error reporting task backlog information: IOError: 
[2022-01-12 12:57:37,634 I 15749 16028] raylet_client.cc:336: Error reporting task backlog information: IOError: 
[2022-01-12 12:57:38,634 I 15749 16028] raylet_client.cc:336: Error reporting task backlog information: IOError: 
[2022-01-12 12:57:39,634 I 15749 16028] raylet_client.cc:336: Error reporting task backlog information: IOError: 
[2022-01-12 12:57:40,634 I 15749 16028] raylet_client.cc:336: Error reporting task backlog information: IOError: 
[2022-01-12 12:57:40,684 W 15749 16029] metric_exporter.cc:206: Export metrics to agent failed: IOError: . This won't affect Ray, but you can lose metrics from the cluster.
[2022-01-12 12:57:41,634 I 15749 16028] raylet_client.cc:336: Error reporting task backlog information: IOError: 
[2022-01-12 12:57:42,634 I 15749 16028] raylet_client.cc:336: Error reporting task backlog information: IOError: 
[2022-01-12 12:57:43,634 I 15749 16028] raylet_client.cc:336: Error reporting task backlog information: IOError: 
[2022-01-12 12:57:44,634 I 15749 16028] raylet_client.cc:336: Error reporting task backlog information: IOError: 
[2022-01-12 12:57:45,634 I 15749 16028] raylet_client.cc:336: Error reporting task backlog information: IOError: 
[2022-01-12 12:57:46,634 I 15749 16028] raylet_client.cc:336: Error reporting task backlog information: IOError: 
[2022-01-12 12:57:47,634 I 15749 16028] raylet_client.cc:336: Error reporting task backlog information: IOError: 
[2022-01-12 12:57:48,634 I 15749 16028] raylet_client.cc:336: Error reporting task backlog information: IOError: 
[2022-01-12 12:57:49,634 I 15749 16028] raylet_client.cc:336: Error reporting task backlog information: IOError: 
[2022-01-12 12:57:50,634 I 15749 16028] raylet_client.cc:336: Error reporting task backlog information: IOError: 
[2022-01-12 12:57:50,691 W 15749 16029] metric_exporter.cc:206: Export metrics to agent failed: IOError: . This won't affect Ray, but you can lose metrics from the cluster.
[2022-01-12 12:57:51,635 I 15749 16028] raylet_client.cc:336: Error reporting task backlog information: IOError: 
[2022-01-12 12:57:52,635 I 15749 16028] raylet_client.cc:336: Error reporting task backlog information: IOError: 
[2022-01-12 12:57:53,635 I 15749 16028] raylet_client.cc:336: Error reporting task backlog information: IOError: 
[2022-01-12 12:57:54,635 I 15749 16028] raylet_client.cc:336: Error reporting task backlog information: IOError: 
[2022-01-12 12:57:55,635 I 15749 16028] raylet_client.cc:336: Error reporting task backlog information: IOError: 
[2022-01-12 12:57:56,635 I 15749 16028] raylet_client.cc:336: Error reporting task backlog information: IOError: 
[2022-01-12 12:57:57,635 I 15749 16028] raylet_client.cc:336: Error reporting task backlog information: IOError: 
[2022-01-12 12:57:58,635 I 15749 16028] raylet_client.cc:336: Error reporting task backlog information: IOError: 
[2022-01-12 12:57:59,635 I 15749 16028] raylet_client.cc:336: Error reporting task backlog information: IOError: 
[2022-01-12 12:58:00,635 I 15749 16028] raylet_client.cc:336: Error reporting task backlog information: IOError: 
[2022-01-12 12:58:00,697 W 15749 16029] metric_exporter.cc:206: Export metrics to agent failed: IOError: . This won't affect Ray, but you can lose metrics from the cluster.
[2022-01-12 12:58:01,635 I 15749 16028] raylet_client.cc:336: Error reporting task backlog information: IOError: 
[2022-01-12 12:58:02,635 I 15749 16028] raylet_client.cc:336: Error reporting task backlog information: IOError: 
[2022-01-12 12:58:03,635 I 15749 16028] raylet_client.cc:336: Error reporting task backlog information: IOError: 
[2022-01-12 12:58:04,635 I 15749 16028] raylet_client.cc:336: Error reporting task backlog information: IOError: 
[2022-01-12 12:58:05,636 I 15749 16028] raylet_client.cc:336: Error reporting task backlog information: IOError: 
[2022-01-12 12:58:06,636 I 15749 16028] raylet_client.cc:336: Error reporting task backlog information: IOError: 
[2022-01-12 12:58:07,636 I 15749 16028] raylet_client.cc:336: Error reporting task backlog information: IOError: 
[2022-01-12 12:58:08,636 I 15749 16028] raylet_client.cc:336: Error reporting task backlog information: IOError: 
[2022-01-12 12:58:09,636 I 15749 16028] raylet_client.cc:336: Error reporting task backlog information: IOError: 
[2022-01-12 12:58:10,636 I 15749 16028] raylet_client.cc:336: Error reporting task backlog information: IOError: 
[2022-01-12 12:58:10,704 W 15749 16029] metric_exporter.cc:206: Export metrics to agent failed: IOError: . This won't affect Ray, but you can lose metrics from the cluster.
[2022-01-12 12:58:11,636 I 15749 16028] raylet_client.cc:336: Error reporting task backlog information: IOError: 
[2022-01-12 12:58:12,636 I 15749 16028] raylet_client.cc:336: Error reporting task backlog information: IOError: 
[2022-01-12 12:58:13,636 I 15749 16028] raylet_client.cc:336: Error reporting task backlog information: IOError: 
[2022-01-12 12:58:14,636 I 15749 16028] raylet_client.cc:336: Error reporting task backlog information: IOError: 
[2022-01-12 12:58:15,636 I 15749 16028] raylet_client.cc:336: Error reporting task backlog information: IOError: 
[2022-01-12 12:58:16,636 I 15749 16028] raylet_client.cc:336: Error reporting task backlog information: IOError: 
[2022-01-12 12:58:17,636 I 15749 16028] raylet_client.cc:336: Error reporting task backlog information: IOError: 
[2022-01-12 12:58:18,636 I 15749 16028] raylet_client.cc:336: Error reporting task backlog information: IOError: 
[2022-01-12 12:58:19,636 I 15749 16028] raylet_client.cc:336: Error reporting task backlog information: IOError: 
[2022-01-12 12:58:20,636 I 15749 16028] raylet_client.cc:336: Error reporting task backlog information: IOError: 
[2022-01-12 12:58:20,711 W 15749 16029] metric_exporter.cc:206: Export metrics to agent failed: IOError: . This won't affect Ray, but you can lose metrics from the cluster.
[2022-01-12 12:58:21,637 I 15749 16028] raylet_client.cc:336: Error reporting task backlog information: IOError: 
[2022-01-12 12:58:22,637 I 15749 16028] raylet_client.cc:336: Error reporting task backlog information: IOError: 
[2022-01-12 12:58:23,637 I 15749 16028] raylet_client.cc:336: Error reporting task backlog information: IOError: 
[2022-01-12 12:58:24,637 I 15749 16028] raylet_client.cc:336: Error reporting task backlog information: IOError: 
[2022-01-12 12:58:25,637 I 15749 16028] raylet_client.cc:336: Error reporting task backlog information: IOError: 
[2022-01-12 12:58:26,637 I 15749 16028] raylet_client.cc:336: Error reporting task backlog information: IOError: 
[2022-01-12 12:58:27,637 I 15749 16028] raylet_client.cc:336: Error reporting task backlog information: IOError: 
[2022-01-12 12:58:28,637 I 15749 16028] raylet_client.cc:336: Error reporting task backlog information: IOError: 
[2022-01-12 12:58:29,638 I 15749 16028] raylet_client.cc:336: Error reporting task backlog information: IOError: 
[2022-01-12 12:58:30,638 I 15749 16028] raylet_client.cc:336: Error reporting task backlog information: IOError: 
[2022-01-12 12:58:30,720 W 15749 16029] metric_exporter.cc:206: Export metrics to agent failed: IOError: . This won't affect Ray, but you can lose metrics from the cluster.
[2022-01-12 12:58:31,638 I 15749 16028] raylet_client.cc:336: Error reporting task backlog information: IOError: 
[2022-01-12 12:58:32,638 I 15749 16028] raylet_client.cc:336: Error reporting task backlog information: IOError: 
[2022-01-12 12:58:33,638 I 15749 16028] raylet_client.cc:336: Error reporting task backlog information: IOError: 
[2022-01-12 12:58:34,638 I 15749 16028] raylet_client.cc:336: Error reporting task backlog information: IOError: 
[2022-01-12 12:58:35,638 I 15749 16028] raylet_client.cc:336: Error reporting task backlog information: IOError: 
[2022-01-12 12:58:36,639 I 15749 16028] raylet_client.cc:336: Error reporting task backlog information: IOError: 
[2022-01-12 12:58:37,639 I 15749 16028] raylet_client.cc:336: Error reporting task backlog information: IOError: 
[2022-01-12 12:58:38,639 I 15749 16028] raylet_client.cc:336: Error reporting task backlog information: IOError: 
[2022-01-12 12:58:39,639 I 15749 16028] raylet_client.cc:336: Error reporting task backlog information: IOError: 
[2022-01-12 12:58:40,639 I 15749 16028] raylet_client.cc:336: Error reporting task backlog information: IOError: 
[2022-01-12 12:58:40,730 W 15749 16029] metric_exporter.cc:206: Export metrics to agent failed: IOError: . This won't affect Ray, but you can lose metrics from the cluster.
[2022-01-12 12:58:41,640 I 15749 16028] raylet_client.cc:336: Error reporting task backlog information: IOError: 
[2022-01-12 12:58:42,640 I 15749 16028] raylet_client.cc:336: Error reporting task backlog information: IOError: 
[2022-01-12 12:58:43,640 I 15749 16028] raylet_client.cc:336: Error reporting task backlog information: IOError: 
[2022-01-12 12:58:44,640 I 15749 16028] raylet_client.cc:336: Error reporting task backlog information: IOError: 
[2022-01-12 12:58:45,641 I 15749 16028] raylet_client.cc:336: Error reporting task backlog information: IOError: 
[2022-01-12 12:58:46,641 I 15749 16028] raylet_client.cc:336: Error reporting task backlog information: IOError: 
[2022-01-12 12:58:47,641 I 15749 16028] raylet_client.cc:336: Error reporting task backlog information: IOError: 
[2022-01-12 12:58:48,641 I 15749 16028] raylet_client.cc:336: Error reporting task backlog information: IOError: 
[2022-01-12 12:58:49,642 I 15749 16028] raylet_client.cc:336: Error reporting task backlog information: IOError: 
[2022-01-12 12:58:50,642 I 15749 16028] raylet_client.cc:336: Error reporting task backlog information: IOError: 
[2022-01-12 12:58:50,742 W 15749 16029] metric_exporter.cc:206: Export metrics to agent failed: IOError: . This won't affect Ray, but you can lose metrics from the cluster.
[2022-01-12 12:58:51,642 I 15749 16028] raylet_client.cc:336: Error reporting task backlog information: IOError: 
[2022-01-12 12:58:52,643 I 15749 16028] raylet_client.cc:336: Error reporting task backlog information: IOError: 
[2022-01-12 12:58:53,643 I 15749 16028] raylet_client.cc:336: Error reporting task backlog information: IOError: 
[2022-01-12 12:58:54,643 I 15749 16028] raylet_client.cc:336: Error reporting task backlog information: IOError: 
[2022-01-12 12:58:55,643 I 15749 16028] raylet_client.cc:336: Error reporting task backlog information: IOError: 
[2022-01-12 12:58:56,643 I 15749 16028] raylet_client.cc:336: Error reporting task backlog information: IOError: 
[2022-01-12 12:58:57,643 I 15749 16028] raylet_client.cc:336: Error reporting task backlog information: IOError: 
[2022-01-12 12:58:58,643 I 15749 16028] raylet_client.cc:336: Error reporting task backlog information: IOError: 
[2022-01-12 12:58:59,644 I 15749 16028] raylet_client.cc:336: Error reporting task backlog information: IOError: 
[2022-01-12 12:59:00,644 I 15749 16028] raylet_client.cc:336: Error reporting task backlog information: IOError: 
[2022-01-12 12:59:00,752 W 15749 16029] metric_exporter.cc:206: Export metrics to agent failed: IOError: . This won't affect Ray, but you can lose metrics from the cluster.
[2022-01-12 12:59:01,644 I 15749 16028] raylet_client.cc:336: Error reporting task backlog information: IOError: 
[2022-01-12 12:59:02,644 I 15749 16028] raylet_client.cc:336: Error reporting task backlog information: IOError: 
[2022-01-12 12:59:03,644 I 15749 16028] raylet_client.cc:336: Error reporting task backlog information: IOError: 
[2022-01-12 12:59:04,645 I 15749 16028] raylet_client.cc:336: Error reporting task backlog information: IOError: 
[2022-01-12 12:59:05,645 I 15749 16028] raylet_client.cc:336: Error reporting task backlog information: IOError: 
[2022-01-12 12:59:06,645 I 15749 16028] raylet_client.cc:336: Error reporting task backlog information: IOError: 
[2022-01-12 12:59:07,645 I 15749 16028] raylet_client.cc:336: Error reporting task backlog information: IOError: 
[2022-01-12 12:59:08,645 I 15749 16028] raylet_client.cc:336: Error reporting task backlog information: IOError: 
[2022-01-12 12:59:09,646 I 15749 16028] raylet_client.cc:336: Error reporting task backlog information: IOError: 
[2022-01-12 12:59:10,646 I 15749 16028] raylet_client.cc:336: Error reporting task backlog information: IOError: 
[2022-01-12 12:59:10,763 W 15749 16029] metric_exporter.cc:206: Export metrics to agent failed: IOError: . This won't affect Ray, but you can lose metrics from the cluster.
[2022-01-12 12:59:11,646 I 15749 16028] raylet_client.cc:336: Error reporting task backlog information: IOError: 
[2022-01-12 12:59:12,647 I 15749 16028] raylet_client.cc:336: Error reporting task backlog information: IOError: 
[2022-01-12 12:59:13,647 I 15749 16028] raylet_client.cc:336: Error reporting task backlog information: IOError: 
[2022-01-12 12:59:14,647 I 15749 16028] raylet_client.cc:336: Error reporting task backlog information: IOError: 
[2022-01-12 12:59:15,647 I 15749 16028] raylet_client.cc:336: Error reporting task backlog information: IOError: 
[2022-01-12 12:59:16,648 I 15749 16028] raylet_client.cc:336: Error reporting task backlog information: IOError: 
[2022-01-12 12:59:17,648 I 15749 16028] raylet_client.cc:336: Error reporting task backlog information: IOError: 
[2022-01-12 12:59:18,648 I 15749 16028] raylet_client.cc:336: Error reporting task backlog information: IOError: 
[2022-01-12 12:59:19,649 I 15749 16028] raylet_client.cc:336: Error reporting task backlog information: IOError: 
[2022-01-12 12:59:20,649 I 15749 16028] raylet_client.cc:336: Error reporting task backlog information: IOError: 
[2022-01-12 12:59:20,774 W 15749 16029] metric_exporter.cc:206: Export metrics to agent failed: IOError: . This won't affect Ray, but you can lose metrics from the cluster.
[2022-01-12 12:59:21,649 I 15749 16028] raylet_client.cc:336: Error reporting task backlog information: IOError: 
[2022-01-12 12:59:22,649 I 15749 16028] raylet_client.cc:336: Error reporting task backlog information: IOError: 
[2022-01-12 12:59:23,649 I 15749 16028] raylet_client.cc:336: Error reporting task backlog information: IOError: 
[2022-01-12 12:59:24,650 I 15749 16028] raylet_client.cc:336: Error reporting task backlog information: IOError: 
[2022-01-12 12:59:25,650 I 15749 16028] raylet_client.cc:336: Error reporting task backlog information: IOError: 
[2022-01-12 12:59:26,650 I 15749 16028] raylet_client.cc:336: Error reporting task backlog information: IOError: 
[2022-01-12 12:59:27,650 I 15749 16028] raylet_client.cc:336: Error reporting task backlog information: IOError: 
[2022-01-12 12:59:28,651 I 15749 16028] raylet_client.cc:336: Error reporting task backlog information: IOError: 
[2022-01-12 12:59:29,651 I 15749 16028] raylet_client.cc:336: Error reporting task backlog information: IOError: 
[2022-01-12 12:59:30,651 I 15749 16028] raylet_client.cc:336: Error reporting task backlog information: IOError: 
[2022-01-12 12:59:30,784 W 15749 16029] metric_exporter.cc:206: Export metrics to agent failed: IOError: . This won't affect Ray, but you can lose metrics from the cluster.
[2022-01-12 12:59:31,651 I 15749 16028] raylet_client.cc:336: Error reporting task backlog information: IOError: 
[2022-01-12 12:59:32,652 I 15749 16028] raylet_client.cc:336: Error reporting task backlog information: IOError: 
[2022-01-12 12:59:33,652 I 15749 16028] raylet_client.cc:336: Error reporting task backlog information: IOError: 
[2022-01-12 12:59:34,652 I 15749 16028] raylet_client.cc:336: Error reporting task backlog information: IOError: 
[2022-01-12 12:59:35,652 I 15749 16028] raylet_client.cc:336: Error reporting task backlog information: IOError: 
[2022-01-12 12:59:36,653 I 15749 16028] raylet_client.cc:336: Error reporting task backlog information: IOError: 
[2022-01-12 12:59:37,653 I 15749 16028] raylet_client.cc:336: Error reporting task backlog information: IOError: 
[2022-01-12 12:59:38,653 I 15749 16028] raylet_client.cc:336: Error reporting task backlog information: IOError: 
[2022-01-12 12:59:39,653 I 15749 16028] raylet_client.cc:336: Error reporting task backlog information: IOError: 
[2022-01-12 12:59:40,654 I 15749 16028] raylet_client.cc:336: Error reporting task backlog information: IOError: 
[2022-01-12 12:59:40,794 W 15749 16029] metric_exporter.cc:206: Export metrics to agent failed: IOError: . This won't affect Ray, but you can lose metrics from the cluster.
[2022-01-12 12:59:41,654 I 15749 16028] raylet_client.cc:336: Error reporting task backlog information: IOError: 
[2022-01-12 12:59:42,654 I 15749 16028] raylet_client.cc:336: Error reporting task backlog information: IOError: 
[2022-01-12 12:59:43,654 I 15749 16028] raylet_client.cc:336: Error reporting task backlog information: IOError: 
[2022-01-12 12:59:44,654 I 15749 16028] raylet_client.cc:336: Error reporting task backlog information: IOError: 
[2022-01-12 12:59:45,655 I 15749 16028] raylet_client.cc:336: Error reporting task backlog information: IOError: 
[2022-01-12 12:59:46,655 I 15749 16028] raylet_client.cc:336: Error reporting task backlog information: IOError: 
[2022-01-12 12:59:47,655 I 15749 16028] raylet_client.cc:336: Error reporting task backlog information: IOError: 
[2022-01-12 12:59:48,655 I 15749 16028] raylet_client.cc:336: Error reporting task backlog information: IOError: 
[2022-01-12 12:59:49,655 I 15749 16028] raylet_client.cc:336: Error reporting task backlog information: IOError: 
[2022-01-12 12:59:50,656 I 15749 16028] raylet_client.cc:336: Error reporting task backlog information: IOError: 
[2022-01-12 12:59:50,803 W 15749 16029] metric_exporter.cc:206: Export metrics to agent failed: IOError: . This won't affect Ray, but you can lose metrics from the cluster.
[2022-01-12 12:59:51,656 I 15749 16028] raylet_client.cc:336: Error reporting task backlog information: IOError: 
[2022-01-12 12:59:52,656 I 15749 16028] raylet_client.cc:336: Error reporting task backlog information: IOError: 
[2022-01-12 12:59:53,656 I 15749 16028] raylet_client.cc:336: Error reporting task backlog information: IOError: 
[2022-01-12 12:59:54,656 I 15749 16028] raylet_client.cc:336: Error reporting task backlog information: IOError: 
[2022-01-12 12:59:55,656 I 15749 16028] raylet_client.cc:336: Error reporting task backlog information: IOError: 
[2022-01-12 12:59:56,657 I 15749 16028] raylet_client.cc:336: Error reporting task backlog information: IOError: 
[2022-01-12 12:59:57,657 I 15749 16028] raylet_client.cc:336: Error reporting task backlog information: IOError: 
[2022-01-12 12:59:58,657 I 15749 16028] raylet_client.cc:336: Error reporting task backlog information: IOError: 
[2022-01-12 12:59:59,657 I 15749 16028] raylet_client.cc:336: Error reporting task backlog information: IOError: 
[2022-01-12 13:00:00,658 I 15749 16028] raylet_client.cc:336: Error reporting task backlog information: IOError: 
[2022-01-12 13:00:00,814 W 15749 16029] metric_exporter.cc:206: Export metrics to agent failed: IOError: . This won't affect Ray, but you can lose metrics from the cluster.
[2022-01-12 13:00:01,658 I 15749 16028] raylet_client.cc:336: Error reporting task backlog information: IOError: 
[2022-01-12 13:00:02,658 I 15749 16028] raylet_client.cc:336: Error reporting task backlog information: IOError: 
[2022-01-12 13:00:03,658 I 15749 16028] raylet_client.cc:336: Error reporting task backlog information: IOError: 
[2022-01-12 13:00:04,659 I 15749 16028] raylet_client.cc:336: Error reporting task backlog information: IOError: 
[2022-01-12 13:00:05,659 I 15749 16028] raylet_client.cc:336: Error reporting task backlog information: IOError: 
[2022-01-12 13:00:06,659 I 15749 16028] raylet_client.cc:336: Error reporting task backlog information: IOError: 
[2022-01-12 13:00:07,659 I 15749 16028] raylet_client.cc:336: Error reporting task backlog information: IOError: 
[2022-01-12 13:00:08,660 I 15749 16028] raylet_client.cc:336: Error reporting task backlog information: IOError: 
[2022-01-12 13:00:09,660 I 15749 16028] raylet_client.cc:336: Error reporting task backlog information: IOError: 
[2022-01-12 13:00:10,660 I 15749 16028] raylet_client.cc:336: Error reporting task backlog information: IOError: 
[2022-01-12 13:00:10,825 W 15749 16029] metric_exporter.cc:206: Export metrics to agent failed: IOError: . This won't affect Ray, but you can lose metrics from the cluster.
[2022-01-12 13:00:11,660 I 15749 16028] raylet_client.cc:336: Error reporting task backlog information: IOError: 
[2022-01-12 13:00:12,661 I 15749 16028] raylet_client.cc:336: Error reporting task backlog information: IOError: 
[2022-01-12 13:00:13,661 I 15749 16028] raylet_client.cc:336: Error reporting task backlog information: IOError: 
[2022-01-12 13:00:14,661 I 15749 16028] raylet_client.cc:336: Error reporting task backlog information: IOError: 
[2022-01-12 13:00:15,661 I 15749 16028] raylet_client.cc:336: Error reporting task backlog information: IOError: 
[2022-01-12 13:00:16,662 I 15749 16028] raylet_client.cc:336: Error reporting task backlog information: IOError: 
[2022-01-12 13:00:17,662 I 15749 16028] raylet_client.cc:336: Error reporting task backlog information: IOError: 
[2022-01-12 13:00:18,662 I 15749 16028] raylet_client.cc:336: Error reporting task backlog information: IOError: 
[2022-01-12 13:00:19,662 I 15749 16028] raylet_client.cc:336: Error reporting task backlog information: IOError: 
[2022-01-12 13:00:20,663 I 15749 16028] raylet_client.cc:336: Error reporting task backlog information: IOError: 
[2022-01-12 13:00:20,835 W 15749 16029] metric_exporter.cc:206: Export metrics to agent failed: IOError: . This won't affect Ray, but you can lose metrics from the cluster.
[2022-01-12 13:00:21,663 I 15749 16028] raylet_client.cc:336: Error reporting task backlog information: IOError: 
[2022-01-12 13:00:22,663 I 15749 16028] raylet_client.cc:336: Error reporting task backlog information: IOError: 
[2022-01-12 13:00:23,663 I 15749 16028] raylet_client.cc:336: Error reporting task backlog information: IOError: 
[2022-01-12 13:00:24,664 I 15749 16028] raylet_client.cc:336: Error reporting task backlog information: IOError: 
[2022-01-12 13:00:25,664 I 15749 16028] raylet_client.cc:336: Error reporting task backlog information: IOError: 
[2022-01-12 13:00:26,664 I 15749 16028] raylet_client.cc:336: Error reporting task backlog information: IOError: 
[2022-01-12 13:00:27,665 I 15749 16028] raylet_client.cc:336: Error reporting task backlog information: IOError: 
[2022-01-12 13:00:28,665 I 15749 16028] raylet_client.cc:336: Error reporting task backlog information: IOError: 
[2022-01-12 13:00:29,665 I 15749 16028] raylet_client.cc:336: Error reporting task backlog information: IOError: 
[2022-01-12 13:00:30,665 I 15749 16028] raylet_client.cc:336: Error reporting task backlog information: IOError: 
[2022-01-12 13:00:30,845 W 15749 16029] metric_exporter.cc:206: Export metrics to agent failed: IOError: . This won't affect Ray, but you can lose metrics from the cluster.
[2022-01-12 13:00:31,666 I 15749 16028] raylet_client.cc:336: Error reporting task backlog information: IOError: 
[2022-01-12 13:00:32,666 I 15749 16028] raylet_client.cc:336: Error reporting task backlog information: IOError: 
[2022-01-12 13:00:33,666 I 15749 16028] raylet_client.cc:336: Error reporting task backlog information: IOError: 
[2022-01-12 13:00:34,666 I 15749 16028] raylet_client.cc:336: Error reporting task backlog information: IOError: 
[2022-01-12 13:00:35,667 I 15749 16028] raylet_client.cc:336: Error reporting task backlog information: IOError: 
[2022-01-12 13:00:36,667 I 15749 16028] raylet_client.cc:336: Error reporting task backlog information: IOError: 
[2022-01-12 13:00:37,667 I 15749 16028] raylet_client.cc:336: Error reporting task backlog information: IOError: 
[2022-01-12 13:00:38,667 I 15749 16028] raylet_client.cc:336: Error reporting task backlog information: IOError: 
[2022-01-12 13:00:39,668 I 15749 16028] raylet_client.cc:336: Error reporting task backlog information: IOError: 
[2022-01-12 13:00:40,668 I 15749 16028] raylet_client.cc:336: Error reporting task backlog information: IOError: 
