[2022-01-12 12:56:20,484 I 15748 15748] core_worker.cc:132: Constructing CoreWorkerProcess. pid: 15748
[2022-01-12 12:56:20,502 I 15748 15748] grpc_server.cc:112: worker server started, listening on port 39717.
[2022-01-12 12:56:20,505 I 15748 15748] core_worker.cc:479: Initializing worker at address: 131.215.21.210:39717, worker ID e1450809e6a57d84e71be3b6f4c5a1ceefaa12aa750ff419f842451b, raylet de4dff694b4a6b2b18dd96ecc909baf1cc71cf76c545a3900431ae78
[2022-01-12 12:56:20,614 I 15748 15748] io_service_pool.cc:35: IOServicePool is running with 1 io_service.
[2022-01-12 12:56:20,648 I 15748 16018] accessor.cc:560: Received notification for node id = de4dff694b4a6b2b18dd96ecc909baf1cc71cf76c545a3900431ae78, IsAlive = 1
[2022-01-12 12:56:46,508 W 15748 15899] gcs_server_address_updater.cc:61: [1] Failed to get the gcs server address from raylet 1 times in a row. If it keeps failing to obtain the address, the worker might crash. Connection status IOError: 
[2022-01-12 12:56:47,507 I 15748 16018] raylet_client.cc:336: Error reporting task backlog information: IOError: 
[2022-01-12 12:56:47,617 I 15748 16018] raylet_client.cc:336: Error reporting task backlog information: IOError: 
[2022-01-12 12:56:48,617 I 15748 16018] raylet_client.cc:336: Error reporting task backlog information: IOError: 
[2022-01-12 12:56:49,617 I 15748 16018] raylet_client.cc:336: Error reporting task backlog information: IOError: 
[2022-01-12 12:56:50,617 I 15748 16018] raylet_client.cc:336: Error reporting task backlog information: IOError: 
[2022-01-12 12:56:50,643 W 15748 16020] metric_exporter.cc:206: Export metrics to agent failed: IOError: . This won't affect Ray, but you can lose metrics from the cluster.
[2022-01-12 12:56:51,617 I 15748 16018] raylet_client.cc:336: Error reporting task backlog information: IOError: 
[2022-01-12 12:56:52,617 I 15748 16018] raylet_client.cc:336: Error reporting task backlog information: IOError: 
[2022-01-12 12:56:53,617 I 15748 16018] raylet_client.cc:336: Error reporting task backlog information: IOError: 
[2022-01-12 12:56:54,617 I 15748 16018] raylet_client.cc:336: Error reporting task backlog information: IOError: 
[2022-01-12 12:56:55,617 I 15748 16018] raylet_client.cc:336: Error reporting task backlog information: IOError: 
[2022-01-12 12:56:56,618 I 15748 16018] raylet_client.cc:336: Error reporting task backlog information: IOError: 
[2022-01-12 12:56:57,618 I 15748 16018] raylet_client.cc:336: Error reporting task backlog information: IOError: 
[2022-01-12 12:56:58,618 I 15748 16018] raylet_client.cc:336: Error reporting task backlog information: IOError: 
[2022-01-12 12:56:59,618 I 15748 16018] raylet_client.cc:336: Error reporting task backlog information: IOError: 
[2022-01-12 12:57:00,618 I 15748 16018] raylet_client.cc:336: Error reporting task backlog information: IOError: 
[2022-01-12 12:57:00,651 W 15748 16020] metric_exporter.cc:206: Export metrics to agent failed: IOError: . This won't affect Ray, but you can lose metrics from the cluster.
[2022-01-12 12:57:01,618 I 15748 16018] raylet_client.cc:336: Error reporting task backlog information: IOError: 
[2022-01-12 12:57:02,618 I 15748 16018] raylet_client.cc:336: Error reporting task backlog information: IOError: 
[2022-01-12 12:57:03,618 I 15748 16018] raylet_client.cc:336: Error reporting task backlog information: IOError: 
[2022-01-12 12:57:04,618 I 15748 16018] raylet_client.cc:336: Error reporting task backlog information: IOError: 
[2022-01-12 12:57:05,618 I 15748 16018] raylet_client.cc:336: Error reporting task backlog information: IOError: 
[2022-01-12 12:57:06,618 I 15748 16018] raylet_client.cc:336: Error reporting task backlog information: IOError: 
[2022-01-12 12:57:07,619 I 15748 16018] raylet_client.cc:336: Error reporting task backlog information: IOError: 
[2022-01-12 12:57:08,619 I 15748 16018] raylet_client.cc:336: Error reporting task backlog information: IOError: 
[2022-01-12 12:57:09,619 I 15748 16018] raylet_client.cc:336: Error reporting task backlog information: IOError: 
[2022-01-12 12:57:10,619 I 15748 16018] raylet_client.cc:336: Error reporting task backlog information: IOError: 
[2022-01-12 12:57:10,658 W 15748 16020] metric_exporter.cc:206: Export metrics to agent failed: IOError: . This won't affect Ray, but you can lose metrics from the cluster.
[2022-01-12 12:57:11,619 I 15748 16018] raylet_client.cc:336: Error reporting task backlog information: IOError: 
[2022-01-12 12:57:12,619 I 15748 16018] raylet_client.cc:336: Error reporting task backlog information: IOError: 
[2022-01-12 12:57:13,619 I 15748 16018] raylet_client.cc:336: Error reporting task backlog information: IOError: 
[2022-01-12 12:57:14,619 I 15748 16018] raylet_client.cc:336: Error reporting task backlog information: IOError: 
[2022-01-12 12:57:15,619 I 15748 16018] raylet_client.cc:336: Error reporting task backlog information: IOError: 
[2022-01-12 12:57:16,619 I 15748 16018] raylet_client.cc:336: Error reporting task backlog information: IOError: 
[2022-01-12 12:57:17,619 I 15748 16018] raylet_client.cc:336: Error reporting task backlog information: IOError: 
[2022-01-12 12:57:18,619 I 15748 16018] raylet_client.cc:336: Error reporting task backlog information: IOError: 
[2022-01-12 12:57:19,619 I 15748 16018] raylet_client.cc:336: Error reporting task backlog information: IOError: 
[2022-01-12 12:57:20,619 I 15748 16018] raylet_client.cc:336: Error reporting task backlog information: IOError: 
[2022-01-12 12:57:20,665 W 15748 16020] metric_exporter.cc:206: Export metrics to agent failed: IOError: . This won't affect Ray, but you can lose metrics from the cluster.
[2022-01-12 12:57:21,619 I 15748 16018] raylet_client.cc:336: Error reporting task backlog information: IOError: 
[2022-01-12 12:57:22,620 I 15748 16018] raylet_client.cc:336: Error reporting task backlog information: IOError: 
[2022-01-12 12:57:23,620 I 15748 16018] raylet_client.cc:336: Error reporting task backlog information: IOError: 
[2022-01-12 12:57:24,620 I 15748 16018] raylet_client.cc:336: Error reporting task backlog information: IOError: 
[2022-01-12 12:57:25,620 I 15748 16018] raylet_client.cc:336: Error reporting task backlog information: IOError: 
[2022-01-12 12:57:26,620 I 15748 16018] raylet_client.cc:336: Error reporting task backlog information: IOError: 
[2022-01-12 12:57:27,620 I 15748 16018] raylet_client.cc:336: Error reporting task backlog information: IOError: 
[2022-01-12 12:57:28,620 I 15748 16018] raylet_client.cc:336: Error reporting task backlog information: IOError: 
[2022-01-12 12:57:29,620 I 15748 16018] raylet_client.cc:336: Error reporting task backlog information: IOError: 
[2022-01-12 12:57:30,620 I 15748 16018] raylet_client.cc:336: Error reporting task backlog information: IOError: 
[2022-01-12 12:57:30,671 W 15748 16020] metric_exporter.cc:206: Export metrics to agent failed: IOError: . This won't affect Ray, but you can lose metrics from the cluster.
[2022-01-12 12:57:31,620 I 15748 16018] raylet_client.cc:336: Error reporting task backlog information: IOError: 
[2022-01-12 12:57:32,620 I 15748 16018] raylet_client.cc:336: Error reporting task backlog information: IOError: 
[2022-01-12 12:57:33,620 I 15748 16018] raylet_client.cc:336: Error reporting task backlog information: IOError: 
[2022-01-12 12:57:34,620 I 15748 16018] raylet_client.cc:336: Error reporting task backlog information: IOError: 
[2022-01-12 12:57:35,621 I 15748 16018] raylet_client.cc:336: Error reporting task backlog information: IOError: 
[2022-01-12 12:57:36,621 I 15748 16018] raylet_client.cc:336: Error reporting task backlog information: IOError: 
[2022-01-12 12:57:37,621 I 15748 16018] raylet_client.cc:336: Error reporting task backlog information: IOError: 
[2022-01-12 12:57:38,621 I 15748 16018] raylet_client.cc:336: Error reporting task backlog information: IOError: 
[2022-01-12 12:57:39,621 I 15748 16018] raylet_client.cc:336: Error reporting task backlog information: IOError: 
[2022-01-12 12:57:40,621 I 15748 16018] raylet_client.cc:336: Error reporting task backlog information: IOError: 
[2022-01-12 12:57:40,679 W 15748 16020] metric_exporter.cc:206: Export metrics to agent failed: IOError: . This won't affect Ray, but you can lose metrics from the cluster.
[2022-01-12 12:57:41,621 I 15748 16018] raylet_client.cc:336: Error reporting task backlog information: IOError: 
[2022-01-12 12:57:42,621 I 15748 16018] raylet_client.cc:336: Error reporting task backlog information: IOError: 
[2022-01-12 12:57:43,621 I 15748 16018] raylet_client.cc:336: Error reporting task backlog information: IOError: 
[2022-01-12 12:57:44,621 I 15748 16018] raylet_client.cc:336: Error reporting task backlog information: IOError: 
[2022-01-12 12:57:45,621 I 15748 16018] raylet_client.cc:336: Error reporting task backlog information: IOError: 
[2022-01-12 12:57:46,622 I 15748 16018] raylet_client.cc:336: Error reporting task backlog information: IOError: 
[2022-01-12 12:57:47,622 I 15748 16018] raylet_client.cc:336: Error reporting task backlog information: IOError: 
[2022-01-12 12:57:48,622 I 15748 16018] raylet_client.cc:336: Error reporting task backlog information: IOError: 
[2022-01-12 12:57:49,622 I 15748 16018] raylet_client.cc:336: Error reporting task backlog information: IOError: 
[2022-01-12 12:57:50,622 I 15748 16018] raylet_client.cc:336: Error reporting task backlog information: IOError: 
[2022-01-12 12:57:50,686 W 15748 16020] metric_exporter.cc:206: Export metrics to agent failed: IOError: . This won't affect Ray, but you can lose metrics from the cluster.
[2022-01-12 12:57:51,622 I 15748 16018] raylet_client.cc:336: Error reporting task backlog information: IOError: 
[2022-01-12 12:57:52,622 I 15748 16018] raylet_client.cc:336: Error reporting task backlog information: IOError: 
[2022-01-12 12:57:53,622 I 15748 16018] raylet_client.cc:336: Error reporting task backlog information: IOError: 
[2022-01-12 12:57:54,622 I 15748 16018] raylet_client.cc:336: Error reporting task backlog information: IOError: 
[2022-01-12 12:57:55,622 I 15748 16018] raylet_client.cc:336: Error reporting task backlog information: IOError: 
[2022-01-12 12:57:56,622 I 15748 16018] raylet_client.cc:336: Error reporting task backlog information: IOError: 
[2022-01-12 12:57:57,622 I 15748 16018] raylet_client.cc:336: Error reporting task backlog information: IOError: 
[2022-01-12 12:57:58,622 I 15748 16018] raylet_client.cc:336: Error reporting task backlog information: IOError: 
[2022-01-12 12:57:59,622 I 15748 16018] raylet_client.cc:336: Error reporting task backlog information: IOError: 
[2022-01-12 12:58:00,622 I 15748 16018] raylet_client.cc:336: Error reporting task backlog information: IOError: 
[2022-01-12 12:58:00,696 W 15748 16020] metric_exporter.cc:206: Export metrics to agent failed: IOError: . This won't affect Ray, but you can lose metrics from the cluster.
[2022-01-12 12:58:01,622 I 15748 16018] raylet_client.cc:336: Error reporting task backlog information: IOError: 
[2022-01-12 12:58:02,622 I 15748 16018] raylet_client.cc:336: Error reporting task backlog information: IOError: 
[2022-01-12 12:58:03,623 I 15748 16018] raylet_client.cc:336: Error reporting task backlog information: IOError: 
[2022-01-12 12:58:04,623 I 15748 16018] raylet_client.cc:336: Error reporting task backlog information: IOError: 
[2022-01-12 12:58:05,623 I 15748 16018] raylet_client.cc:336: Error reporting task backlog information: IOError: 
[2022-01-12 12:58:06,623 I 15748 16018] raylet_client.cc:336: Error reporting task backlog information: IOError: 
[2022-01-12 12:58:07,623 I 15748 16018] raylet_client.cc:336: Error reporting task backlog information: IOError: 
[2022-01-12 12:58:08,623 I 15748 16018] raylet_client.cc:336: Error reporting task backlog information: IOError: 
[2022-01-12 12:58:09,623 I 15748 16018] raylet_client.cc:336: Error reporting task backlog information: IOError: 
[2022-01-12 12:58:10,623 I 15748 16018] raylet_client.cc:336: Error reporting task backlog information: IOError: 
[2022-01-12 12:58:10,703 W 15748 16020] metric_exporter.cc:206: Export metrics to agent failed: IOError: . This won't affect Ray, but you can lose metrics from the cluster.
[2022-01-12 12:58:11,623 I 15748 16018] raylet_client.cc:336: Error reporting task backlog information: IOError: 
[2022-01-12 12:58:12,623 I 15748 16018] raylet_client.cc:336: Error reporting task backlog information: IOError: 
[2022-01-12 12:58:13,623 I 15748 16018] raylet_client.cc:336: Error reporting task backlog information: IOError: 
[2022-01-12 12:58:14,623 I 15748 16018] raylet_client.cc:336: Error reporting task backlog information: IOError: 
[2022-01-12 12:58:15,623 I 15748 16018] raylet_client.cc:336: Error reporting task backlog information: IOError: 
[2022-01-12 12:58:16,623 I 15748 16018] raylet_client.cc:336: Error reporting task backlog information: IOError: 
[2022-01-12 12:58:17,624 I 15748 16018] raylet_client.cc:336: Error reporting task backlog information: IOError: 
[2022-01-12 12:58:18,624 I 15748 16018] raylet_client.cc:336: Error reporting task backlog information: IOError: 
[2022-01-12 12:58:19,624 I 15748 16018] raylet_client.cc:336: Error reporting task backlog information: IOError: 
[2022-01-12 12:58:20,624 I 15748 16018] raylet_client.cc:336: Error reporting task backlog information: IOError: 
[2022-01-12 12:58:20,710 W 15748 16020] metric_exporter.cc:206: Export metrics to agent failed: IOError: . This won't affect Ray, but you can lose metrics from the cluster.
[2022-01-12 12:58:21,624 I 15748 16018] raylet_client.cc:336: Error reporting task backlog information: IOError: 
[2022-01-12 12:58:22,624 I 15748 16018] raylet_client.cc:336: Error reporting task backlog information: IOError: 
[2022-01-12 12:58:23,624 I 15748 16018] raylet_client.cc:336: Error reporting task backlog information: IOError: 
[2022-01-12 12:58:24,624 I 15748 16018] raylet_client.cc:336: Error reporting task backlog information: IOError: 
[2022-01-12 12:58:25,624 I 15748 16018] raylet_client.cc:336: Error reporting task backlog information: IOError: 
[2022-01-12 12:58:26,624 I 15748 16018] raylet_client.cc:336: Error reporting task backlog information: IOError: 
[2022-01-12 12:58:27,624 I 15748 16018] raylet_client.cc:336: Error reporting task backlog information: IOError: 
[2022-01-12 12:58:28,625 I 15748 16018] raylet_client.cc:336: Error reporting task backlog information: IOError: 
[2022-01-12 12:58:29,625 I 15748 16018] raylet_client.cc:336: Error reporting task backlog information: IOError: 
[2022-01-12 12:58:30,625 I 15748 16018] raylet_client.cc:336: Error reporting task backlog information: IOError: 
[2022-01-12 12:58:30,718 W 15748 16020] metric_exporter.cc:206: Export metrics to agent failed: IOError: . This won't affect Ray, but you can lose metrics from the cluster.
[2022-01-12 12:58:31,625 I 15748 16018] raylet_client.cc:336: Error reporting task backlog information: IOError: 
[2022-01-12 12:58:32,625 I 15748 16018] raylet_client.cc:336: Error reporting task backlog information: IOError: 
[2022-01-12 12:58:33,625 I 15748 16018] raylet_client.cc:336: Error reporting task backlog information: IOError: 
[2022-01-12 12:58:34,626 I 15748 16018] raylet_client.cc:336: Error reporting task backlog information: IOError: 
[2022-01-12 12:58:35,626 I 15748 16018] raylet_client.cc:336: Error reporting task backlog information: IOError: 
[2022-01-12 12:58:36,626 I 15748 16018] raylet_client.cc:336: Error reporting task backlog information: IOError: 
[2022-01-12 12:58:37,626 I 15748 16018] raylet_client.cc:336: Error reporting task backlog information: IOError: 
[2022-01-12 12:58:38,626 I 15748 16018] raylet_client.cc:336: Error reporting task backlog information: IOError: 
[2022-01-12 12:58:39,627 I 15748 16018] raylet_client.cc:336: Error reporting task backlog information: IOError: 
[2022-01-12 12:58:40,627 I 15748 16018] raylet_client.cc:336: Error reporting task backlog information: IOError: 
[2022-01-12 12:58:40,727 W 15748 16020] metric_exporter.cc:206: Export metrics to agent failed: IOError: . This won't affect Ray, but you can lose metrics from the cluster.
[2022-01-12 12:58:41,627 I 15748 16018] raylet_client.cc:336: Error reporting task backlog information: IOError: 
[2022-01-12 12:58:42,627 I 15748 16018] raylet_client.cc:336: Error reporting task backlog information: IOError: 
[2022-01-12 12:58:43,628 I 15748 16018] raylet_client.cc:336: Error reporting task backlog information: IOError: 
[2022-01-12 12:58:44,628 I 15748 16018] raylet_client.cc:336: Error reporting task backlog information: IOError: 
[2022-01-12 12:58:45,628 I 15748 16018] raylet_client.cc:336: Error reporting task backlog information: IOError: 
[2022-01-12 12:58:46,628 I 15748 16018] raylet_client.cc:336: Error reporting task backlog information: IOError: 
[2022-01-12 12:58:47,629 I 15748 16018] raylet_client.cc:336: Error reporting task backlog information: IOError: 
[2022-01-12 12:58:48,629 I 15748 16018] raylet_client.cc:336: Error reporting task backlog information: IOError: 
[2022-01-12 12:58:49,629 I 15748 16018] raylet_client.cc:336: Error reporting task backlog information: IOError: 
[2022-01-12 12:58:50,629 I 15748 16018] raylet_client.cc:336: Error reporting task backlog information: IOError: 
[2022-01-12 12:58:50,738 W 15748 16020] metric_exporter.cc:206: Export metrics to agent failed: IOError: . This won't affect Ray, but you can lose metrics from the cluster.
[2022-01-12 12:58:51,630 I 15748 16018] raylet_client.cc:336: Error reporting task backlog information: IOError: 
[2022-01-12 12:58:52,630 I 15748 16018] raylet_client.cc:336: Error reporting task backlog information: IOError: 
[2022-01-12 12:58:53,630 I 15748 16018] raylet_client.cc:336: Error reporting task backlog information: IOError: 
[2022-01-12 12:58:54,630 I 15748 16018] raylet_client.cc:336: Error reporting task backlog information: IOError: 
[2022-01-12 12:58:55,630 I 15748 16018] raylet_client.cc:336: Error reporting task backlog information: IOError: 
[2022-01-12 12:58:56,630 I 15748 16018] raylet_client.cc:336: Error reporting task backlog information: IOError: 
[2022-01-12 12:58:57,631 I 15748 16018] raylet_client.cc:336: Error reporting task backlog information: IOError: 
[2022-01-12 12:58:58,631 I 15748 16018] raylet_client.cc:336: Error reporting task backlog information: IOError: 
[2022-01-12 12:58:59,631 I 15748 16018] raylet_client.cc:336: Error reporting task backlog information: IOError: 
[2022-01-12 12:59:00,631 I 15748 16018] raylet_client.cc:336: Error reporting task backlog information: IOError: 
[2022-01-12 12:59:00,748 W 15748 16020] metric_exporter.cc:206: Export metrics to agent failed: IOError: . This won't affect Ray, but you can lose metrics from the cluster.
[2022-01-12 12:59:01,632 I 15748 16018] raylet_client.cc:336: Error reporting task backlog information: IOError: 
[2022-01-12 12:59:02,632 I 15748 16018] raylet_client.cc:336: Error reporting task backlog information: IOError: 
[2022-01-12 12:59:03,632 I 15748 16018] raylet_client.cc:336: Error reporting task backlog information: IOError: 
[2022-01-12 12:59:04,632 I 15748 16018] raylet_client.cc:336: Error reporting task backlog information: IOError: 
[2022-01-12 12:59:05,632 I 15748 16018] raylet_client.cc:336: Error reporting task backlog information: IOError: 
[2022-01-12 12:59:06,633 I 15748 16018] raylet_client.cc:336: Error reporting task backlog information: IOError: 
[2022-01-12 12:59:07,633 I 15748 16018] raylet_client.cc:336: Error reporting task backlog information: IOError: 
[2022-01-12 12:59:08,633 I 15748 16018] raylet_client.cc:336: Error reporting task backlog information: IOError: 
[2022-01-12 12:59:09,633 I 15748 16018] raylet_client.cc:336: Error reporting task backlog information: IOError: 
[2022-01-12 12:59:10,634 I 15748 16018] raylet_client.cc:336: Error reporting task backlog information: IOError: 
[2022-01-12 12:59:10,760 W 15748 16020] metric_exporter.cc:206: Export metrics to agent failed: IOError: . This won't affect Ray, but you can lose metrics from the cluster.
[2022-01-12 12:59:11,634 I 15748 16018] raylet_client.cc:336: Error reporting task backlog information: IOError: 
[2022-01-12 12:59:12,634 I 15748 16018] raylet_client.cc:336: Error reporting task backlog information: IOError: 
[2022-01-12 12:59:13,634 I 15748 16018] raylet_client.cc:336: Error reporting task backlog information: IOError: 
[2022-01-12 12:59:14,635 I 15748 16018] raylet_client.cc:336: Error reporting task backlog information: IOError: 
[2022-01-12 12:59:15,635 I 15748 16018] raylet_client.cc:336: Error reporting task backlog information: IOError: 
[2022-01-12 12:59:16,635 I 15748 16018] raylet_client.cc:336: Error reporting task backlog information: IOError: 
[2022-01-12 12:59:17,636 I 15748 16018] raylet_client.cc:336: Error reporting task backlog information: IOError: 
[2022-01-12 12:59:18,636 I 15748 16018] raylet_client.cc:336: Error reporting task backlog information: IOError: 
[2022-01-12 12:59:19,636 I 15748 16018] raylet_client.cc:336: Error reporting task backlog information: IOError: 
[2022-01-12 12:59:20,636 I 15748 16018] raylet_client.cc:336: Error reporting task backlog information: IOError: 
[2022-01-12 12:59:20,770 W 15748 16020] metric_exporter.cc:206: Export metrics to agent failed: IOError: . This won't affect Ray, but you can lose metrics from the cluster.
[2022-01-12 12:59:21,637 I 15748 16018] raylet_client.cc:336: Error reporting task backlog information: IOError: 
[2022-01-12 12:59:22,637 I 15748 16018] raylet_client.cc:336: Error reporting task backlog information: IOError: 
[2022-01-12 12:59:23,637 I 15748 16018] raylet_client.cc:336: Error reporting task backlog information: IOError: 
[2022-01-12 12:59:24,637 I 15748 16018] raylet_client.cc:336: Error reporting task backlog information: IOError: 
[2022-01-12 12:59:25,637 I 15748 16018] raylet_client.cc:336: Error reporting task backlog information: IOError: 
[2022-01-12 12:59:26,638 I 15748 16018] raylet_client.cc:336: Error reporting task backlog information: IOError: 
[2022-01-12 12:59:27,638 I 15748 16018] raylet_client.cc:336: Error reporting task backlog information: IOError: 
[2022-01-12 12:59:28,638 I 15748 16018] raylet_client.cc:336: Error reporting task backlog information: IOError: 
[2022-01-12 12:59:29,638 I 15748 16018] raylet_client.cc:336: Error reporting task backlog information: IOError: 
[2022-01-12 12:59:30,639 I 15748 16018] raylet_client.cc:336: Error reporting task backlog information: IOError: 
[2022-01-12 12:59:30,782 W 15748 16020] metric_exporter.cc:206: Export metrics to agent failed: IOError: . This won't affect Ray, but you can lose metrics from the cluster.
[2022-01-12 12:59:31,639 I 15748 16018] raylet_client.cc:336: Error reporting task backlog information: IOError: 
[2022-01-12 12:59:32,639 I 15748 16018] raylet_client.cc:336: Error reporting task backlog information: IOError: 
[2022-01-12 12:59:33,639 I 15748 16018] raylet_client.cc:336: Error reporting task backlog information: IOError: 
[2022-01-12 12:59:34,640 I 15748 16018] raylet_client.cc:336: Error reporting task backlog information: IOError: 
[2022-01-12 12:59:35,640 I 15748 16018] raylet_client.cc:336: Error reporting task backlog information: IOError: 
[2022-01-12 12:59:36,640 I 15748 16018] raylet_client.cc:336: Error reporting task backlog information: IOError: 
[2022-01-12 12:59:37,640 I 15748 16018] raylet_client.cc:336: Error reporting task backlog information: IOError: 
[2022-01-12 12:59:38,640 I 15748 16018] raylet_client.cc:336: Error reporting task backlog information: IOError: 
[2022-01-12 12:59:39,640 I 15748 16018] raylet_client.cc:336: Error reporting task backlog information: IOError: 
[2022-01-12 12:59:40,641 I 15748 16018] raylet_client.cc:336: Error reporting task backlog information: IOError: 
[2022-01-12 12:59:40,792 W 15748 16020] metric_exporter.cc:206: Export metrics to agent failed: IOError: . This won't affect Ray, but you can lose metrics from the cluster.
[2022-01-12 12:59:41,641 I 15748 16018] raylet_client.cc:336: Error reporting task backlog information: IOError: 
[2022-01-12 12:59:42,641 I 15748 16018] raylet_client.cc:336: Error reporting task backlog information: IOError: 
[2022-01-12 12:59:43,642 I 15748 16018] raylet_client.cc:336: Error reporting task backlog information: IOError: 
[2022-01-12 12:59:44,642 I 15748 16018] raylet_client.cc:336: Error reporting task backlog information: IOError: 
[2022-01-12 12:59:45,642 I 15748 16018] raylet_client.cc:336: Error reporting task backlog information: IOError: 
[2022-01-12 12:59:46,642 I 15748 16018] raylet_client.cc:336: Error reporting task backlog information: IOError: 
[2022-01-12 12:59:47,642 I 15748 16018] raylet_client.cc:336: Error reporting task backlog information: IOError: 
[2022-01-12 12:59:48,642 I 15748 16018] raylet_client.cc:336: Error reporting task backlog information: IOError: 
[2022-01-12 12:59:49,643 I 15748 16018] raylet_client.cc:336: Error reporting task backlog information: IOError: 
[2022-01-12 12:59:50,643 I 15748 16018] raylet_client.cc:336: Error reporting task backlog information: IOError: 
[2022-01-12 12:59:50,803 W 15748 16020] metric_exporter.cc:206: Export metrics to agent failed: IOError: . This won't affect Ray, but you can lose metrics from the cluster.
[2022-01-12 12:59:51,643 I 15748 16018] raylet_client.cc:336: Error reporting task backlog information: IOError: 
[2022-01-12 12:59:52,643 I 15748 16018] raylet_client.cc:336: Error reporting task backlog information: IOError: 
[2022-01-12 12:59:53,643 I 15748 16018] raylet_client.cc:336: Error reporting task backlog information: IOError: 
[2022-01-12 12:59:54,643 I 15748 16018] raylet_client.cc:336: Error reporting task backlog information: IOError: 
[2022-01-12 12:59:55,644 I 15748 16018] raylet_client.cc:336: Error reporting task backlog information: IOError: 
[2022-01-12 12:59:56,644 I 15748 16018] raylet_client.cc:336: Error reporting task backlog information: IOError: 
[2022-01-12 12:59:57,644 I 15748 16018] raylet_client.cc:336: Error reporting task backlog information: IOError: 
[2022-01-12 12:59:58,645 I 15748 16018] raylet_client.cc:336: Error reporting task backlog information: IOError: 
[2022-01-12 12:59:59,645 I 15748 16018] raylet_client.cc:336: Error reporting task backlog information: IOError: 
[2022-01-12 13:00:00,645 I 15748 16018] raylet_client.cc:336: Error reporting task backlog information: IOError: 
[2022-01-12 13:00:00,814 W 15748 16020] metric_exporter.cc:206: Export metrics to agent failed: IOError: . This won't affect Ray, but you can lose metrics from the cluster.
[2022-01-12 13:00:01,645 I 15748 16018] raylet_client.cc:336: Error reporting task backlog information: IOError: 
[2022-01-12 13:00:02,645 I 15748 16018] raylet_client.cc:336: Error reporting task backlog information: IOError: 
[2022-01-12 13:00:03,646 I 15748 16018] raylet_client.cc:336: Error reporting task backlog information: IOError: 
[2022-01-12 13:00:04,646 I 15748 16018] raylet_client.cc:336: Error reporting task backlog information: IOError: 
[2022-01-12 13:00:05,646 I 15748 16018] raylet_client.cc:336: Error reporting task backlog information: IOError: 
[2022-01-12 13:00:06,647 I 15748 16018] raylet_client.cc:336: Error reporting task backlog information: IOError: 
[2022-01-12 13:00:07,647 I 15748 16018] raylet_client.cc:336: Error reporting task backlog information: IOError: 
[2022-01-12 13:00:08,647 I 15748 16018] raylet_client.cc:336: Error reporting task backlog information: IOError: 
[2022-01-12 13:00:09,647 I 15748 16018] raylet_client.cc:336: Error reporting task backlog information: IOError: 
[2022-01-12 13:00:10,648 I 15748 16018] raylet_client.cc:336: Error reporting task backlog information: IOError: 
[2022-01-12 13:00:10,825 W 15748 16020] metric_exporter.cc:206: Export metrics to agent failed: IOError: . This won't affect Ray, but you can lose metrics from the cluster.
[2022-01-12 13:00:11,648 I 15748 16018] raylet_client.cc:336: Error reporting task backlog information: IOError: 
[2022-01-12 13:00:12,648 I 15748 16018] raylet_client.cc:336: Error reporting task backlog information: IOError: 
[2022-01-12 13:00:13,648 I 15748 16018] raylet_client.cc:336: Error reporting task backlog information: IOError: 
[2022-01-12 13:00:14,649 I 15748 16018] raylet_client.cc:336: Error reporting task backlog information: IOError: 
[2022-01-12 13:00:15,649 I 15748 16018] raylet_client.cc:336: Error reporting task backlog information: IOError: 
[2022-01-12 13:00:16,649 I 15748 16018] raylet_client.cc:336: Error reporting task backlog information: IOError: 
[2022-01-12 13:00:17,649 I 15748 16018] raylet_client.cc:336: Error reporting task backlog information: IOError: 
[2022-01-12 13:00:18,650 I 15748 16018] raylet_client.cc:336: Error reporting task backlog information: IOError: 
[2022-01-12 13:00:19,650 I 15748 16018] raylet_client.cc:336: Error reporting task backlog information: IOError: 
[2022-01-12 13:00:20,650 I 15748 16018] raylet_client.cc:336: Error reporting task backlog information: IOError: 
[2022-01-12 13:00:20,835 W 15748 16020] metric_exporter.cc:206: Export metrics to agent failed: IOError: . This won't affect Ray, but you can lose metrics from the cluster.
[2022-01-12 13:00:21,651 I 15748 16018] raylet_client.cc:336: Error reporting task backlog information: IOError: 
[2022-01-12 13:00:22,651 I 15748 16018] raylet_client.cc:336: Error reporting task backlog information: IOError: 
[2022-01-12 13:00:23,651 I 15748 16018] raylet_client.cc:336: Error reporting task backlog information: IOError: 
[2022-01-12 13:00:24,651 I 15748 16018] raylet_client.cc:336: Error reporting task backlog information: IOError: 
[2022-01-12 13:00:25,652 I 15748 16018] raylet_client.cc:336: Error reporting task backlog information: IOError: 
[2022-01-12 13:00:26,652 I 15748 16018] raylet_client.cc:336: Error reporting task backlog information: IOError: 
[2022-01-12 13:00:27,652 I 15748 16018] raylet_client.cc:336: Error reporting task backlog information: IOError: 
[2022-01-12 13:00:28,652 I 15748 16018] raylet_client.cc:336: Error reporting task backlog information: IOError: 
[2022-01-12 13:00:29,653 I 15748 16018] raylet_client.cc:336: Error reporting task backlog information: IOError: 
[2022-01-12 13:00:30,653 I 15748 16018] raylet_client.cc:336: Error reporting task backlog information: IOError: 
[2022-01-12 13:00:30,847 W 15748 16020] metric_exporter.cc:206: Export metrics to agent failed: IOError: . This won't affect Ray, but you can lose metrics from the cluster.
[2022-01-12 13:00:31,653 I 15748 16018] raylet_client.cc:336: Error reporting task backlog information: IOError: 
[2022-01-12 13:00:32,653 I 15748 16018] raylet_client.cc:336: Error reporting task backlog information: IOError: 
[2022-01-12 13:00:33,654 I 15748 16018] raylet_client.cc:336: Error reporting task backlog information: IOError: 
[2022-01-12 13:00:34,654 I 15748 16018] raylet_client.cc:336: Error reporting task backlog information: IOError: 
[2022-01-12 13:00:35,654 I 15748 16018] raylet_client.cc:336: Error reporting task backlog information: IOError: 
[2022-01-12 13:00:36,655 I 15748 16018] raylet_client.cc:336: Error reporting task backlog information: IOError: 
[2022-01-12 13:00:37,655 I 15748 16018] raylet_client.cc:336: Error reporting task backlog information: IOError: 
[2022-01-12 13:00:38,655 I 15748 16018] raylet_client.cc:336: Error reporting task backlog information: IOError: 
[2022-01-12 13:00:39,656 I 15748 16018] raylet_client.cc:336: Error reporting task backlog information: IOError: 
[2022-01-12 13:00:40,656 I 15748 16018] raylet_client.cc:336: Error reporting task backlog information: IOError: 
