2022-01-12 12:52:28,823	INFO log_monitor.py:190 -- Beginning to track file raylet.err
2022-01-12 12:52:28,823	INFO log_monitor.py:190 -- Beginning to track file gcs_server.err
2022-01-12 12:52:28,823	INFO log_monitor.py:190 -- Beginning to track file monitor.log
2022-01-12 12:52:29,427	INFO log_monitor.py:190 -- Beginning to track file worker-37e8d3af8ee364c06c74aa241884d5dd8c12fb94ea0282a5cbf8507f-01000000-14884.err
2022-01-12 12:52:29,427	INFO log_monitor.py:190 -- Beginning to track file worker-fb075c8121dcc59859f6edc1b3e8b333b1ceaccbd01a8bf8fb0845d5-01000000-14895.out
2022-01-12 12:52:29,427	INFO log_monitor.py:190 -- Beginning to track file worker-f190808b96179125c7dd284bb01e91b7b0e69600c21e9e6acc67e868-01000000-14888.out
2022-01-12 12:52:29,427	INFO log_monitor.py:190 -- Beginning to track file worker-aab1ae52a0bc5944536d30f1a820b80ebaf1a1344d4992081ecfa5e0-01000000-14889.err
2022-01-12 12:52:29,427	INFO log_monitor.py:190 -- Beginning to track file worker-7da3a29ef184be0b0ff6e1b47f49ba9a3137442edbc8fdce4a972b5d-01000000-14891.err
2022-01-12 12:52:29,427	INFO log_monitor.py:190 -- Beginning to track file worker-8ee3db654809e98b1db7d326f10c5b7c4be77f903a52bcb1e77d7018-01000000-14886.out
2022-01-12 12:52:29,427	INFO log_monitor.py:190 -- Beginning to track file worker-fb075c8121dcc59859f6edc1b3e8b333b1ceaccbd01a8bf8fb0845d5-01000000-14895.err
2022-01-12 12:52:29,428	INFO log_monitor.py:190 -- Beginning to track file worker-3691d5566a8f39fbd3edf4b225378f6b926ba54d73aea4d29ab24b7c-01000000-14892.out
2022-01-12 12:52:29,428	INFO log_monitor.py:190 -- Beginning to track file worker-ea0e9ed1d92315299f8e2da0c3a12d0d80fbd93bd6f2c9adb147ae9b-01000000-14883.out
2022-01-12 12:52:29,428	INFO log_monitor.py:190 -- Beginning to track file worker-e80e5b3911867cd82725b79d3031d483307156974909df8e79f18e07-01000000-14887.err
2022-01-12 12:52:29,428	INFO log_monitor.py:190 -- Beginning to track file worker-8ee3db654809e98b1db7d326f10c5b7c4be77f903a52bcb1e77d7018-01000000-14886.err
2022-01-12 12:52:29,428	INFO log_monitor.py:190 -- Beginning to track file worker-ea0e9ed1d92315299f8e2da0c3a12d0d80fbd93bd6f2c9adb147ae9b-01000000-14883.err
2022-01-12 12:52:29,428	INFO log_monitor.py:190 -- Beginning to track file worker-117191d9476d89a14d5c175741b5363f9a3640ccb1e86f547ae16715-01000000-14885.err
2022-01-12 12:52:29,428	INFO log_monitor.py:190 -- Beginning to track file worker-7da3a29ef184be0b0ff6e1b47f49ba9a3137442edbc8fdce4a972b5d-01000000-14891.out
2022-01-12 12:52:29,428	INFO log_monitor.py:190 -- Beginning to track file worker-117191d9476d89a14d5c175741b5363f9a3640ccb1e86f547ae16715-01000000-14885.out
2022-01-12 12:52:29,428	INFO log_monitor.py:190 -- Beginning to track file worker-e80e5b3911867cd82725b79d3031d483307156974909df8e79f18e07-01000000-14887.out
2022-01-12 12:52:29,428	INFO log_monitor.py:190 -- Beginning to track file worker-6b242139795195892e59e3bcf1d3be471b14b0acf1615d55c92aa47c-01000000-14894.out
2022-01-12 12:52:29,428	INFO log_monitor.py:190 -- Beginning to track file worker-13bb97b1028023b6e3f808a832262c52aa02df4c8c78c32c1d37719b-01000000-14890.out
2022-01-12 12:52:29,428	INFO log_monitor.py:190 -- Beginning to track file worker-aab1ae52a0bc5944536d30f1a820b80ebaf1a1344d4992081ecfa5e0-01000000-14889.out
2022-01-12 12:52:29,428	INFO log_monitor.py:190 -- Beginning to track file worker-3691d5566a8f39fbd3edf4b225378f6b926ba54d73aea4d29ab24b7c-01000000-14892.err
2022-01-12 12:52:29,428	INFO log_monitor.py:190 -- Beginning to track file worker-6b242139795195892e59e3bcf1d3be471b14b0acf1615d55c92aa47c-01000000-14894.err
2022-01-12 12:52:29,428	INFO log_monitor.py:190 -- Beginning to track file worker-13bb97b1028023b6e3f808a832262c52aa02df4c8c78c32c1d37719b-01000000-14890.err
2022-01-12 12:52:29,429	INFO log_monitor.py:190 -- Beginning to track file worker-37e8d3af8ee364c06c74aa241884d5dd8c12fb94ea0282a5cbf8507f-01000000-14884.out
2022-01-12 12:52:29,429	INFO log_monitor.py:190 -- Beginning to track file worker-f190808b96179125c7dd284bb01e91b7b0e69600c21e9e6acc67e868-01000000-14888.err
