[2022-01-12 10:09:35,483 I 145025 145025] core_worker.cc:132: Constructing CoreWorkerProcess. pid: 145025
[2022-01-12 10:09:35,505 I 145025 145025] grpc_server.cc:112: worker server started, listening on port 41111.
[2022-01-12 10:09:35,509 I 145025 145025] core_worker.cc:479: Initializing worker at address: 131.215.21.210:41111, worker ID 0544d13f55457c7e6835bed03c3e3b1f873d405e53c6fc3f5a8cb996, raylet 38ec59379b951667264715e450d2084d8593450e2d7d8586955f09ba
[2022-01-12 10:09:35,620 I 145025 145025] io_service_pool.cc:35: IOServicePool is running with 1 io_service.
[2022-01-12 10:09:35,624 I 145025 145191] accessor.cc:560: Received notification for node id = 38ec59379b951667264715e450d2084d8593450e2d7d8586955f09ba, IsAlive = 1
[2022-01-12 10:11:10,640 I 145025 145191] raylet_client.cc:336: Error reporting task backlog information: IOError: 
[2022-01-12 10:11:11,639 W 145025 145080] gcs_server_address_updater.cc:61: [1] Failed to get the gcs server address from raylet 1 times in a row. If it keeps failing to obtain the address, the worker might crash. Connection status IOError: 
[2022-01-12 10:11:11,640 I 145025 145191] raylet_client.cc:336: Error reporting task backlog information: IOError: 
[2022-01-12 10:11:12,640 I 145025 145191] raylet_client.cc:336: Error reporting task backlog information: IOError: 
[2022-01-12 10:11:13,640 I 145025 145191] raylet_client.cc:336: Error reporting task backlog information: IOError: 
[2022-01-12 10:11:14,641 I 145025 145191] raylet_client.cc:336: Error reporting task backlog information: IOError: 
[2022-01-12 10:11:15,641 I 145025 145191] raylet_client.cc:336: Error reporting task backlog information: IOError: 
[2022-01-12 10:11:15,749 W 145025 145192] metric_exporter.cc:206: Export metrics to agent failed: IOError: . This won't affect Ray, but you can lose metrics from the cluster.
[2022-01-12 10:11:16,641 I 145025 145191] raylet_client.cc:336: Error reporting task backlog information: IOError: 
[2022-01-12 10:11:17,641 I 145025 145191] raylet_client.cc:336: Error reporting task backlog information: IOError: 
[2022-01-12 10:11:18,641 I 145025 145191] raylet_client.cc:336: Error reporting task backlog information: IOError: 
[2022-01-12 10:11:19,642 I 145025 145191] raylet_client.cc:336: Error reporting task backlog information: IOError: 
[2022-01-12 10:11:20,642 I 145025 145191] raylet_client.cc:336: Error reporting task backlog information: IOError: 
[2022-01-12 10:11:21,642 I 145025 145191] raylet_client.cc:336: Error reporting task backlog information: IOError: 
[2022-01-12 10:11:22,643 I 145025 145191] raylet_client.cc:336: Error reporting task backlog information: IOError: 
[2022-01-12 10:11:23,643 I 145025 145191] raylet_client.cc:336: Error reporting task backlog information: IOError: 
[2022-01-12 10:11:24,643 I 145025 145191] raylet_client.cc:336: Error reporting task backlog information: IOError: 
[2022-01-12 10:11:25,643 I 145025 145191] raylet_client.cc:336: Error reporting task backlog information: IOError: 
[2022-01-12 10:11:25,760 W 145025 145192] metric_exporter.cc:206: Export metrics to agent failed: IOError: . This won't affect Ray, but you can lose metrics from the cluster.
[2022-01-12 10:11:26,643 I 145025 145191] raylet_client.cc:336: Error reporting task backlog information: IOError: 
[2022-01-12 10:11:27,644 I 145025 145191] raylet_client.cc:336: Error reporting task backlog information: IOError: 
[2022-01-12 10:11:28,644 I 145025 145191] raylet_client.cc:336: Error reporting task backlog information: IOError: 
[2022-01-12 10:11:29,644 I 145025 145191] raylet_client.cc:336: Error reporting task backlog information: IOError: 
[2022-01-12 10:11:30,644 I 145025 145191] raylet_client.cc:336: Error reporting task backlog information: IOError: 
[2022-01-12 10:11:31,645 I 145025 145191] raylet_client.cc:336: Error reporting task backlog information: IOError: 
[2022-01-12 10:11:32,645 I 145025 145191] raylet_client.cc:336: Error reporting task backlog information: IOError: 
[2022-01-12 10:11:33,645 I 145025 145191] raylet_client.cc:336: Error reporting task backlog information: IOError: 
[2022-01-12 10:11:34,645 I 145025 145191] raylet_client.cc:336: Error reporting task backlog information: IOError: 
[2022-01-12 10:11:35,646 I 145025 145191] raylet_client.cc:336: Error reporting task backlog information: IOError: 
[2022-01-12 10:11:35,770 W 145025 145192] metric_exporter.cc:206: Export metrics to agent failed: IOError: . This won't affect Ray, but you can lose metrics from the cluster.
[2022-01-12 10:11:36,646 I 145025 145191] raylet_client.cc:336: Error reporting task backlog information: IOError: 
[2022-01-12 10:11:37,646 I 145025 145191] raylet_client.cc:336: Error reporting task backlog information: IOError: 
[2022-01-12 10:11:38,647 I 145025 145191] raylet_client.cc:336: Error reporting task backlog information: IOError: 
[2022-01-12 10:11:39,647 I 145025 145191] raylet_client.cc:336: Error reporting task backlog information: IOError: 
[2022-01-12 10:11:40,647 I 145025 145191] raylet_client.cc:336: Error reporting task backlog information: IOError: 
[2022-01-12 10:11:41,647 I 145025 145191] raylet_client.cc:336: Error reporting task backlog information: IOError: 
[2022-01-12 10:11:42,648 I 145025 145191] raylet_client.cc:336: Error reporting task backlog information: IOError: 
[2022-01-12 10:11:43,648 I 145025 145191] raylet_client.cc:336: Error reporting task backlog information: IOError: 
[2022-01-12 10:11:44,648 I 145025 145191] raylet_client.cc:336: Error reporting task backlog information: IOError: 
[2022-01-12 10:11:45,648 I 145025 145191] raylet_client.cc:336: Error reporting task backlog information: IOError: 
[2022-01-12 10:11:45,783 W 145025 145192] metric_exporter.cc:206: Export metrics to agent failed: IOError: . This won't affect Ray, but you can lose metrics from the cluster.
[2022-01-12 10:11:46,648 I 145025 145191] raylet_client.cc:336: Error reporting task backlog information: IOError: 
[2022-01-12 10:11:47,649 I 145025 145191] raylet_client.cc:336: Error reporting task backlog information: IOError: 
[2022-01-12 10:11:48,649 I 145025 145191] raylet_client.cc:336: Error reporting task backlog information: IOError: 
[2022-01-12 10:11:49,649 I 145025 145191] raylet_client.cc:336: Error reporting task backlog information: IOError: 
[2022-01-12 10:11:50,650 I 145025 145191] raylet_client.cc:336: Error reporting task backlog information: IOError: 
[2022-01-12 10:11:51,650 I 145025 145191] raylet_client.cc:336: Error reporting task backlog information: IOError: 
[2022-01-12 10:11:52,650 I 145025 145191] raylet_client.cc:336: Error reporting task backlog information: IOError: 
[2022-01-12 10:11:53,650 I 145025 145191] raylet_client.cc:336: Error reporting task backlog information: IOError: 
[2022-01-12 10:11:54,651 I 145025 145191] raylet_client.cc:336: Error reporting task backlog information: IOError: 
[2022-01-12 10:11:55,651 I 145025 145191] raylet_client.cc:336: Error reporting task backlog information: IOError: 
[2022-01-12 10:11:55,794 W 145025 145192] metric_exporter.cc:206: Export metrics to agent failed: IOError: . This won't affect Ray, but you can lose metrics from the cluster.
[2022-01-12 10:11:56,651 I 145025 145191] raylet_client.cc:336: Error reporting task backlog information: IOError: 
[2022-01-12 10:11:57,651 I 145025 145191] raylet_client.cc:336: Error reporting task backlog information: IOError: 
[2022-01-12 10:11:58,651 I 145025 145191] raylet_client.cc:336: Error reporting task backlog information: IOError: 
[2022-01-12 10:11:59,651 I 145025 145191] raylet_client.cc:336: Error reporting task backlog information: IOError: 
[2022-01-12 10:12:00,652 I 145025 145191] raylet_client.cc:336: Error reporting task backlog information: IOError: 
[2022-01-12 10:12:01,652 I 145025 145191] raylet_client.cc:336: Error reporting task backlog information: IOError: 
[2022-01-12 10:12:02,652 I 145025 145191] raylet_client.cc:336: Error reporting task backlog information: IOError: 
[2022-01-12 10:12:03,653 I 145025 145191] raylet_client.cc:336: Error reporting task backlog information: IOError: 
[2022-01-12 10:12:04,653 I 145025 145191] raylet_client.cc:336: Error reporting task backlog information: IOError: 
[2022-01-12 10:12:05,653 I 145025 145191] raylet_client.cc:336: Error reporting task backlog information: IOError: 
[2022-01-12 10:12:05,805 W 145025 145192] metric_exporter.cc:206: Export metrics to agent failed: IOError: . This won't affect Ray, but you can lose metrics from the cluster.
[2022-01-12 10:12:06,653 I 145025 145191] raylet_client.cc:336: Error reporting task backlog information: IOError: 
[2022-01-12 10:12:07,654 I 145025 145191] raylet_client.cc:336: Error reporting task backlog information: IOError: 
[2022-01-12 10:12:08,654 I 145025 145191] raylet_client.cc:336: Error reporting task backlog information: IOError: 
[2022-01-12 10:12:09,654 I 145025 145191] raylet_client.cc:336: Error reporting task backlog information: IOError: 
[2022-01-12 10:12:10,655 I 145025 145191] raylet_client.cc:336: Error reporting task backlog information: IOError: 
[2022-01-12 10:12:11,655 I 145025 145191] raylet_client.cc:336: Error reporting task backlog information: IOError: 
[2022-01-12 10:12:12,655 I 145025 145191] raylet_client.cc:336: Error reporting task backlog information: IOError: 
[2022-01-12 10:12:13,656 I 145025 145191] raylet_client.cc:336: Error reporting task backlog information: IOError: 
[2022-01-12 10:12:14,656 I 145025 145191] raylet_client.cc:336: Error reporting task backlog information: IOError: 
[2022-01-12 10:12:15,656 I 145025 145191] raylet_client.cc:336: Error reporting task backlog information: IOError: 
[2022-01-12 10:12:15,818 W 145025 145192] metric_exporter.cc:206: Export metrics to agent failed: IOError: . This won't affect Ray, but you can lose metrics from the cluster.
[2022-01-12 10:12:16,656 I 145025 145191] raylet_client.cc:336: Error reporting task backlog information: IOError: 
[2022-01-12 10:12:17,657 I 145025 145191] raylet_client.cc:336: Error reporting task backlog information: IOError: 
[2022-01-12 10:12:18,657 I 145025 145191] raylet_client.cc:336: Error reporting task backlog information: IOError: 
[2022-01-12 10:12:19,657 I 145025 145191] raylet_client.cc:336: Error reporting task backlog information: IOError: 
[2022-01-12 10:12:20,657 I 145025 145191] raylet_client.cc:336: Error reporting task backlog information: IOError: 
[2022-01-12 10:12:21,658 I 145025 145191] raylet_client.cc:336: Error reporting task backlog information: IOError: 
[2022-01-12 10:12:22,658 I 145025 145191] raylet_client.cc:336: Error reporting task backlog information: IOError: 
[2022-01-12 10:12:23,658 I 145025 145191] raylet_client.cc:336: Error reporting task backlog information: IOError: 
[2022-01-12 10:12:24,659 I 145025 145191] raylet_client.cc:336: Error reporting task backlog information: IOError: 
[2022-01-12 10:12:25,659 I 145025 145191] raylet_client.cc:336: Error reporting task backlog information: IOError: 
[2022-01-12 10:12:25,829 W 145025 145192] metric_exporter.cc:206: Export metrics to agent failed: IOError: . This won't affect Ray, but you can lose metrics from the cluster.
[2022-01-12 10:12:26,659 I 145025 145191] raylet_client.cc:336: Error reporting task backlog information: IOError: 
[2022-01-12 10:12:27,659 I 145025 145191] raylet_client.cc:336: Error reporting task backlog information: IOError: 
[2022-01-12 10:12:28,660 I 145025 145191] raylet_client.cc:336: Error reporting task backlog information: IOError: 
[2022-01-12 10:12:29,660 I 145025 145191] raylet_client.cc:336: Error reporting task backlog information: IOError: 
[2022-01-12 10:12:30,660 I 145025 145191] raylet_client.cc:336: Error reporting task backlog information: IOError: 
[2022-01-12 10:12:31,660 I 145025 145191] raylet_client.cc:336: Error reporting task backlog information: IOError: 
[2022-01-12 10:12:32,661 I 145025 145191] raylet_client.cc:336: Error reporting task backlog information: IOError: 
[2022-01-12 10:12:33,661 I 145025 145191] raylet_client.cc:336: Error reporting task backlog information: IOError: 
[2022-01-12 10:12:34,661 I 145025 145191] raylet_client.cc:336: Error reporting task backlog information: IOError: 
[2022-01-12 10:12:35,662 I 145025 145191] raylet_client.cc:336: Error reporting task backlog information: IOError: 
[2022-01-12 10:12:35,841 W 145025 145192] metric_exporter.cc:206: Export metrics to agent failed: IOError: . This won't affect Ray, but you can lose metrics from the cluster.
[2022-01-12 10:12:36,662 I 145025 145191] raylet_client.cc:336: Error reporting task backlog information: IOError: 
[2022-01-12 10:12:37,662 I 145025 145191] raylet_client.cc:336: Error reporting task backlog information: IOError: 
[2022-01-12 10:12:38,662 I 145025 145191] raylet_client.cc:336: Error reporting task backlog information: IOError: 
[2022-01-12 10:12:39,663 I 145025 145191] raylet_client.cc:336: Error reporting task backlog information: IOError: 
[2022-01-12 10:12:40,663 I 145025 145191] raylet_client.cc:336: Error reporting task backlog information: IOError: 
[2022-01-12 10:12:41,664 I 145025 145191] raylet_client.cc:336: Error reporting task backlog information: IOError: 
[2022-01-12 10:12:42,664 I 145025 145191] raylet_client.cc:336: Error reporting task backlog information: IOError: 
[2022-01-12 10:12:43,664 I 145025 145191] raylet_client.cc:336: Error reporting task backlog information: IOError: 
[2022-01-12 10:12:44,664 I 145025 145191] raylet_client.cc:336: Error reporting task backlog information: IOError: 
[2022-01-12 10:12:45,664 I 145025 145191] raylet_client.cc:336: Error reporting task backlog information: IOError: 
[2022-01-12 10:12:45,851 W 145025 145192] metric_exporter.cc:206: Export metrics to agent failed: IOError: . This won't affect Ray, but you can lose metrics from the cluster.
[2022-01-12 10:12:46,664 I 145025 145191] raylet_client.cc:336: Error reporting task backlog information: IOError: 
[2022-01-12 10:12:47,665 I 145025 145191] raylet_client.cc:336: Error reporting task backlog information: IOError: 
[2022-01-12 10:12:48,665 I 145025 145191] raylet_client.cc:336: Error reporting task backlog information: IOError: 
[2022-01-12 10:12:49,665 I 145025 145191] raylet_client.cc:336: Error reporting task backlog information: IOError: 
[2022-01-12 10:12:50,666 I 145025 145191] raylet_client.cc:336: Error reporting task backlog information: IOError: 
[2022-01-12 10:12:51,666 I 145025 145191] raylet_client.cc:336: Error reporting task backlog information: IOError: 
[2022-01-12 10:12:52,666 I 145025 145191] raylet_client.cc:336: Error reporting task backlog information: IOError: 
[2022-01-12 10:12:53,667 I 145025 145191] raylet_client.cc:336: Error reporting task backlog information: IOError: 
[2022-01-12 10:12:54,667 I 145025 145191] raylet_client.cc:336: Error reporting task backlog information: IOError: 
[2022-01-12 10:12:55,667 I 145025 145191] raylet_client.cc:336: Error reporting task backlog information: IOError: 
[2022-01-12 10:12:55,863 W 145025 145192] metric_exporter.cc:206: Export metrics to agent failed: IOError: . This won't affect Ray, but you can lose metrics from the cluster.
[2022-01-12 10:12:56,667 I 145025 145191] raylet_client.cc:336: Error reporting task backlog information: IOError: 
[2022-01-12 10:12:57,668 I 145025 145191] raylet_client.cc:336: Error reporting task backlog information: IOError: 
[2022-01-12 10:12:58,668 I 145025 145191] raylet_client.cc:336: Error reporting task backlog information: IOError: 
[2022-01-12 10:12:59,668 I 145025 145191] raylet_client.cc:336: Error reporting task backlog information: IOError: 
[2022-01-12 10:13:00,668 I 145025 145191] raylet_client.cc:336: Error reporting task backlog information: IOError: 
[2022-01-12 10:13:01,669 I 145025 145191] raylet_client.cc:336: Error reporting task backlog information: IOError: 
[2022-01-12 10:13:02,669 I 145025 145191] raylet_client.cc:336: Error reporting task backlog information: IOError: 
[2022-01-12 10:13:03,669 I 145025 145191] raylet_client.cc:336: Error reporting task backlog information: IOError: 
[2022-01-12 10:13:04,669 I 145025 145191] raylet_client.cc:336: Error reporting task backlog information: IOError: 
[2022-01-12 10:13:05,670 I 145025 145191] raylet_client.cc:336: Error reporting task backlog information: IOError: 
[2022-01-12 10:13:05,874 W 145025 145192] metric_exporter.cc:206: Export metrics to agent failed: IOError: . This won't affect Ray, but you can lose metrics from the cluster.
[2022-01-12 10:13:06,670 I 145025 145191] raylet_client.cc:336: Error reporting task backlog information: IOError: 
[2022-01-12 10:13:07,670 I 145025 145191] raylet_client.cc:336: Error reporting task backlog information: IOError: 
[2022-01-12 10:13:08,670 I 145025 145191] raylet_client.cc:336: Error reporting task backlog information: IOError: 
[2022-01-12 10:13:09,671 I 145025 145191] raylet_client.cc:336: Error reporting task backlog information: IOError: 
[2022-01-12 10:13:10,671 I 145025 145191] raylet_client.cc:336: Error reporting task backlog information: IOError: 
[2022-01-12 10:13:11,671 I 145025 145191] raylet_client.cc:336: Error reporting task backlog information: IOError: 
[2022-01-12 10:13:12,672 I 145025 145191] raylet_client.cc:336: Error reporting task backlog information: IOError: 
[2022-01-12 10:13:13,672 I 145025 145191] raylet_client.cc:336: Error reporting task backlog information: IOError: 
[2022-01-12 10:13:14,672 I 145025 145191] raylet_client.cc:336: Error reporting task backlog information: IOError: 
[2022-01-12 10:13:15,672 I 145025 145191] raylet_client.cc:336: Error reporting task backlog information: IOError: 
[2022-01-12 10:13:15,886 W 145025 145192] metric_exporter.cc:206: Export metrics to agent failed: IOError: . This won't affect Ray, but you can lose metrics from the cluster.
[2022-01-12 10:13:16,673 I 145025 145191] raylet_client.cc:336: Error reporting task backlog information: IOError: 
[2022-01-12 10:13:17,673 I 145025 145191] raylet_client.cc:336: Error reporting task backlog information: IOError: 
[2022-01-12 10:13:18,673 I 145025 145191] raylet_client.cc:336: Error reporting task backlog information: IOError: 
[2022-01-12 10:13:19,673 I 145025 145191] raylet_client.cc:336: Error reporting task backlog information: IOError: 
[2022-01-12 10:13:20,674 I 145025 145191] raylet_client.cc:336: Error reporting task backlog information: IOError: 
[2022-01-12 10:13:21,674 I 145025 145191] raylet_client.cc:336: Error reporting task backlog information: IOError: 
[2022-01-12 10:13:22,674 I 145025 145191] raylet_client.cc:336: Error reporting task backlog information: IOError: 
[2022-01-12 10:13:23,674 I 145025 145191] raylet_client.cc:336: Error reporting task backlog information: IOError: 
[2022-01-12 10:13:24,675 I 145025 145191] raylet_client.cc:336: Error reporting task backlog information: IOError: 
[2022-01-12 10:13:25,675 I 145025 145191] raylet_client.cc:336: Error reporting task backlog information: IOError: 
[2022-01-12 10:13:25,898 W 145025 145192] metric_exporter.cc:206: Export metrics to agent failed: IOError: . This won't affect Ray, but you can lose metrics from the cluster.
[2022-01-12 10:13:26,675 I 145025 145191] raylet_client.cc:336: Error reporting task backlog information: IOError: 
[2022-01-12 10:13:27,675 I 145025 145191] raylet_client.cc:336: Error reporting task backlog information: IOError: 
[2022-01-12 10:13:28,676 I 145025 145191] raylet_client.cc:336: Error reporting task backlog information: IOError: 
[2022-01-12 10:13:29,676 I 145025 145191] raylet_client.cc:336: Error reporting task backlog information: IOError: 
[2022-01-12 10:13:30,676 I 145025 145191] raylet_client.cc:336: Error reporting task backlog information: IOError: 
[2022-01-12 10:13:31,677 I 145025 145191] raylet_client.cc:336: Error reporting task backlog information: IOError: 
[2022-01-12 10:13:32,677 I 145025 145191] raylet_client.cc:336: Error reporting task backlog information: IOError: 
[2022-01-12 10:13:33,677 I 145025 145191] raylet_client.cc:336: Error reporting task backlog information: IOError: 
[2022-01-12 10:13:34,677 I 145025 145191] raylet_client.cc:336: Error reporting task backlog information: IOError: 
[2022-01-12 10:13:35,678 I 145025 145191] raylet_client.cc:336: Error reporting task backlog information: IOError: 
[2022-01-12 10:13:35,909 W 145025 145192] metric_exporter.cc:206: Export metrics to agent failed: IOError: . This won't affect Ray, but you can lose metrics from the cluster.
[2022-01-12 10:13:36,678 I 145025 145191] raylet_client.cc:336: Error reporting task backlog information: IOError: 
[2022-01-12 10:13:37,678 I 145025 145191] raylet_client.cc:336: Error reporting task backlog information: IOError: 
[2022-01-12 10:13:38,678 I 145025 145191] raylet_client.cc:336: Error reporting task backlog information: IOError: 
[2022-01-12 10:13:39,678 I 145025 145191] raylet_client.cc:336: Error reporting task backlog information: IOError: 
[2022-01-12 10:13:40,678 I 145025 145191] raylet_client.cc:336: Error reporting task backlog information: IOError: 
[2022-01-12 10:13:41,678 I 145025 145191] raylet_client.cc:336: Error reporting task backlog information: IOError: 
[2022-01-12 10:13:42,679 I 145025 145191] raylet_client.cc:336: Error reporting task backlog information: IOError: 
[2022-01-12 10:13:43,679 I 145025 145191] raylet_client.cc:336: Error reporting task backlog information: IOError: 
[2022-01-12 10:13:44,679 I 145025 145191] raylet_client.cc:336: Error reporting task backlog information: IOError: 
[2022-01-12 10:13:45,679 I 145025 145191] raylet_client.cc:336: Error reporting task backlog information: IOError: 
[2022-01-12 10:13:45,918 W 145025 145192] metric_exporter.cc:206: Export metrics to agent failed: IOError: . This won't affect Ray, but you can lose metrics from the cluster.
[2022-01-12 10:13:46,680 I 145025 145191] raylet_client.cc:336: Error reporting task backlog information: IOError: 
[2022-01-12 10:13:47,680 I 145025 145191] raylet_client.cc:336: Error reporting task backlog information: IOError: 
[2022-01-12 10:13:48,680 I 145025 145191] raylet_client.cc:336: Error reporting task backlog information: IOError: 
[2022-01-12 10:13:49,680 I 145025 145191] raylet_client.cc:336: Error reporting task backlog information: IOError: 
[2022-01-12 10:13:50,681 I 145025 145191] raylet_client.cc:336: Error reporting task backlog information: IOError: 
[2022-01-12 10:13:51,681 I 145025 145191] raylet_client.cc:336: Error reporting task backlog information: IOError: 
[2022-01-12 10:13:52,681 I 145025 145191] raylet_client.cc:336: Error reporting task backlog information: IOError: 
[2022-01-12 10:13:53,681 I 145025 145191] raylet_client.cc:336: Error reporting task backlog information: IOError: 
[2022-01-12 10:13:54,682 I 145025 145191] raylet_client.cc:336: Error reporting task backlog information: IOError: 
[2022-01-12 10:13:55,682 I 145025 145191] raylet_client.cc:336: Error reporting task backlog information: IOError: 
[2022-01-12 10:13:55,930 W 145025 145192] metric_exporter.cc:206: Export metrics to agent failed: IOError: . This won't affect Ray, but you can lose metrics from the cluster.
[2022-01-12 10:13:56,682 I 145025 145191] raylet_client.cc:336: Error reporting task backlog information: IOError: 
[2022-01-12 10:13:57,682 I 145025 145191] raylet_client.cc:336: Error reporting task backlog information: IOError: 
[2022-01-12 10:13:58,682 I 145025 145191] raylet_client.cc:336: Error reporting task backlog information: IOError: 
[2022-01-12 10:13:59,682 I 145025 145191] raylet_client.cc:336: Error reporting task backlog information: IOError: 
[2022-01-12 10:14:00,683 I 145025 145191] raylet_client.cc:336: Error reporting task backlog information: IOError: 
[2022-01-12 10:14:01,683 I 145025 145191] raylet_client.cc:336: Error reporting task backlog information: IOError: 
[2022-01-12 10:14:02,683 I 145025 145191] raylet_client.cc:336: Error reporting task backlog information: IOError: 
[2022-01-12 10:14:03,683 I 145025 145191] raylet_client.cc:336: Error reporting task backlog information: IOError: 
[2022-01-12 10:14:04,684 I 145025 145191] raylet_client.cc:336: Error reporting task backlog information: IOError: 
[2022-01-12 10:14:05,684 I 145025 145191] raylet_client.cc:336: Error reporting task backlog information: IOError: 
[2022-01-12 10:14:05,939 W 145025 145192] metric_exporter.cc:206: Export metrics to agent failed: IOError: . This won't affect Ray, but you can lose metrics from the cluster.
[2022-01-12 10:14:06,684 I 145025 145191] raylet_client.cc:336: Error reporting task backlog information: IOError: 
[2022-01-12 10:14:07,684 I 145025 145191] raylet_client.cc:336: Error reporting task backlog information: IOError: 
[2022-01-12 10:14:08,684 I 145025 145191] raylet_client.cc:336: Error reporting task backlog information: IOError: 
[2022-01-12 10:14:09,684 I 145025 145191] raylet_client.cc:336: Error reporting task backlog information: IOError: 
[2022-01-12 10:14:10,685 I 145025 145191] raylet_client.cc:336: Error reporting task backlog information: IOError: 
[2022-01-12 10:14:11,685 I 145025 145191] raylet_client.cc:336: Error reporting task backlog information: IOError: 
[2022-01-12 10:14:12,685 I 145025 145191] raylet_client.cc:336: Error reporting task backlog information: IOError: 
[2022-01-12 10:14:13,686 I 145025 145191] raylet_client.cc:336: Error reporting task backlog information: IOError: 
[2022-01-12 10:14:14,686 I 145025 145191] raylet_client.cc:336: Error reporting task backlog information: IOError: 
[2022-01-12 10:14:15,686 I 145025 145191] raylet_client.cc:336: Error reporting task backlog information: IOError: 
[2022-01-12 10:14:15,950 W 145025 145192] metric_exporter.cc:206: Export metrics to agent failed: IOError: . This won't affect Ray, but you can lose metrics from the cluster.
[2022-01-12 10:14:16,686 I 145025 145191] raylet_client.cc:336: Error reporting task backlog information: IOError: 
[2022-01-12 10:14:17,686 I 145025 145191] raylet_client.cc:336: Error reporting task backlog information: IOError: 
[2022-01-12 10:14:18,687 I 145025 145191] raylet_client.cc:336: Error reporting task backlog information: IOError: 
[2022-01-12 10:14:19,687 I 145025 145191] raylet_client.cc:336: Error reporting task backlog information: IOError: 
[2022-01-12 10:14:20,687 I 145025 145191] raylet_client.cc:336: Error reporting task backlog information: IOError: 
[2022-01-12 10:14:21,687 I 145025 145191] raylet_client.cc:336: Error reporting task backlog information: IOError: 
[2022-01-12 10:14:22,687 I 145025 145191] raylet_client.cc:336: Error reporting task backlog information: IOError: 
[2022-01-12 10:14:23,688 I 145025 145191] raylet_client.cc:336: Error reporting task backlog information: IOError: 
[2022-01-12 10:14:24,688 I 145025 145191] raylet_client.cc:336: Error reporting task backlog information: IOError: 
[2022-01-12 10:14:25,688 I 145025 145191] raylet_client.cc:336: Error reporting task backlog information: IOError: 
[2022-01-12 10:14:25,960 W 145025 145192] metric_exporter.cc:206: Export metrics to agent failed: IOError: . This won't affect Ray, but you can lose metrics from the cluster.
[2022-01-12 10:14:26,688 I 145025 145191] raylet_client.cc:336: Error reporting task backlog information: IOError: 
[2022-01-12 10:14:27,688 I 145025 145191] raylet_client.cc:336: Error reporting task backlog information: IOError: 
[2022-01-12 10:14:28,688 I 145025 145191] raylet_client.cc:336: Error reporting task backlog information: IOError: 
[2022-01-12 10:14:29,688 I 145025 145191] raylet_client.cc:336: Error reporting task backlog information: IOError: 
[2022-01-12 10:14:30,688 I 145025 145191] raylet_client.cc:336: Error reporting task backlog information: IOError: 
[2022-01-12 10:14:31,689 I 145025 145191] raylet_client.cc:336: Error reporting task backlog information: IOError: 
[2022-01-12 10:14:32,689 I 145025 145191] raylet_client.cc:336: Error reporting task backlog information: IOError: 
[2022-01-12 10:14:33,689 I 145025 145191] raylet_client.cc:336: Error reporting task backlog information: IOError: 
[2022-01-12 10:14:34,689 I 145025 145191] raylet_client.cc:336: Error reporting task backlog information: IOError: 
[2022-01-12 10:14:35,689 I 145025 145191] raylet_client.cc:336: Error reporting task backlog information: IOError: 
[2022-01-12 10:14:35,967 W 145025 145192] metric_exporter.cc:206: Export metrics to agent failed: IOError: . This won't affect Ray, but you can lose metrics from the cluster.
[2022-01-12 10:14:36,689 I 145025 145191] raylet_client.cc:336: Error reporting task backlog information: IOError: 
[2022-01-12 10:14:37,690 I 145025 145191] raylet_client.cc:336: Error reporting task backlog information: IOError: 
[2022-01-12 10:14:38,690 I 145025 145191] raylet_client.cc:336: Error reporting task backlog information: IOError: 
[2022-01-12 10:14:39,690 I 145025 145191] raylet_client.cc:336: Error reporting task backlog information: IOError: 
[2022-01-12 10:14:40,690 I 145025 145191] raylet_client.cc:336: Error reporting task backlog information: IOError: 
[2022-01-12 10:14:41,690 I 145025 145191] raylet_client.cc:336: Error reporting task backlog information: IOError: 
[2022-01-12 10:14:42,690 I 145025 145191] raylet_client.cc:336: Error reporting task backlog information: IOError: 
[2022-01-12 10:14:43,690 I 145025 145191] raylet_client.cc:336: Error reporting task backlog information: IOError: 
[2022-01-12 10:14:44,690 I 145025 145191] raylet_client.cc:336: Error reporting task backlog information: IOError: 
[2022-01-12 10:14:45,690 I 145025 145191] raylet_client.cc:336: Error reporting task backlog information: IOError: 
[2022-01-12 10:14:45,975 W 145025 145192] metric_exporter.cc:206: Export metrics to agent failed: IOError: . This won't affect Ray, but you can lose metrics from the cluster.
[2022-01-12 10:14:46,690 I 145025 145191] raylet_client.cc:336: Error reporting task backlog information: IOError: 
[2022-01-12 10:14:47,690 I 145025 145191] raylet_client.cc:336: Error reporting task backlog information: IOError: 
[2022-01-12 10:14:48,691 I 145025 145191] raylet_client.cc:336: Error reporting task backlog information: IOError: 
[2022-01-12 10:14:49,691 I 145025 145191] raylet_client.cc:336: Error reporting task backlog information: IOError: 
[2022-01-12 10:14:50,691 I 145025 145191] raylet_client.cc:336: Error reporting task backlog information: IOError: 
[2022-01-12 10:14:51,691 I 145025 145191] raylet_client.cc:336: Error reporting task backlog information: IOError: 
[2022-01-12 10:14:52,691 I 145025 145191] raylet_client.cc:336: Error reporting task backlog information: IOError: 
[2022-01-12 10:14:53,691 I 145025 145191] raylet_client.cc:336: Error reporting task backlog information: IOError: 
[2022-01-12 10:14:54,691 I 145025 145191] raylet_client.cc:336: Error reporting task backlog information: IOError: 
[2022-01-12 10:14:55,691 I 145025 145191] raylet_client.cc:336: Error reporting task backlog information: IOError: 
[2022-01-12 10:14:55,982 W 145025 145192] metric_exporter.cc:206: Export metrics to agent failed: IOError: . This won't affect Ray, but you can lose metrics from the cluster.
[2022-01-12 10:14:56,691 I 145025 145191] raylet_client.cc:336: Error reporting task backlog information: IOError: 
[2022-01-12 10:14:57,692 I 145025 145191] raylet_client.cc:336: Error reporting task backlog information: IOError: 
[2022-01-12 10:14:58,692 I 145025 145191] raylet_client.cc:336: Error reporting task backlog information: IOError: 
[2022-01-12 10:14:59,692 I 145025 145191] raylet_client.cc:336: Error reporting task backlog information: IOError: 
[2022-01-12 10:15:00,692 I 145025 145191] raylet_client.cc:336: Error reporting task backlog information: IOError: 
[2022-01-12 10:15:01,692 I 145025 145191] raylet_client.cc:336: Error reporting task backlog information: IOError: 
[2022-01-12 10:15:02,692 I 145025 145191] raylet_client.cc:336: Error reporting task backlog information: IOError: 
[2022-01-12 10:15:03,692 I 145025 145191] raylet_client.cc:336: Error reporting task backlog information: IOError: 
[2022-01-12 10:15:04,693 I 145025 145191] raylet_client.cc:336: Error reporting task backlog information: IOError: 
[2022-01-12 10:15:05,693 I 145025 145191] raylet_client.cc:336: Error reporting task backlog information: IOError: 
[2022-01-12 10:15:05,990 W 145025 145192] metric_exporter.cc:206: Export metrics to agent failed: IOError: . This won't affect Ray, but you can lose metrics from the cluster.
[2022-01-12 10:15:06,693 I 145025 145191] raylet_client.cc:336: Error reporting task backlog information: IOError: 
[2022-01-12 10:15:07,693 I 145025 145191] raylet_client.cc:336: Error reporting task backlog information: IOError: 
[2022-01-12 10:15:08,693 I 145025 145191] raylet_client.cc:336: Error reporting task backlog information: IOError: 
[2022-01-12 10:15:09,693 I 145025 145191] raylet_client.cc:336: Error reporting task backlog information: IOError: 
[2022-01-12 10:15:10,693 I 145025 145191] raylet_client.cc:336: Error reporting task backlog information: IOError: 
[2022-01-12 10:15:11,693 I 145025 145191] raylet_client.cc:336: Error reporting task backlog information: IOError: 
[2022-01-12 10:15:12,693 I 145025 145191] raylet_client.cc:336: Error reporting task backlog information: IOError: 
[2022-01-12 10:15:13,694 I 145025 145191] raylet_client.cc:336: Error reporting task backlog information: IOError: 
[2022-01-12 10:15:14,694 I 145025 145191] raylet_client.cc:336: Error reporting task backlog information: IOError: 
[2022-01-12 10:15:15,694 I 145025 145191] raylet_client.cc:336: Error reporting task backlog information: IOError: 
[2022-01-12 10:15:15,999 W 145025 145192] metric_exporter.cc:206: Export metrics to agent failed: IOError: . This won't affect Ray, but you can lose metrics from the cluster.
[2022-01-12 10:15:16,694 I 145025 145191] raylet_client.cc:336: Error reporting task backlog information: IOError: 
[2022-01-12 10:15:17,694 I 145025 145191] raylet_client.cc:336: Error reporting task backlog information: IOError: 
[2022-01-12 10:15:18,694 I 145025 145191] raylet_client.cc:336: Error reporting task backlog information: IOError: 
[2022-01-12 10:15:19,695 I 145025 145191] raylet_client.cc:336: Error reporting task backlog information: IOError: 
[2022-01-12 10:15:20,695 I 145025 145191] raylet_client.cc:336: Error reporting task backlog information: IOError: 
[2022-01-12 10:15:21,695 I 145025 145191] raylet_client.cc:336: Error reporting task backlog information: IOError: 
[2022-01-12 10:15:22,695 I 145025 145191] raylet_client.cc:336: Error reporting task backlog information: IOError: 
[2022-01-12 10:15:23,695 I 145025 145191] raylet_client.cc:336: Error reporting task backlog information: IOError: 
[2022-01-12 10:15:24,696 I 145025 145191] raylet_client.cc:336: Error reporting task backlog information: IOError: 
[2022-01-12 10:15:25,696 I 145025 145191] raylet_client.cc:336: Error reporting task backlog information: IOError: 
[2022-01-12 10:15:26,012 W 145025 145192] metric_exporter.cc:206: Export metrics to agent failed: IOError: . This won't affect Ray, but you can lose metrics from the cluster.
[2022-01-12 10:15:26,696 I 145025 145191] raylet_client.cc:336: Error reporting task backlog information: IOError: 
[2022-01-12 10:15:27,696 I 145025 145191] raylet_client.cc:336: Error reporting task backlog information: IOError: 
[2022-01-12 10:15:28,696 I 145025 145191] raylet_client.cc:336: Error reporting task backlog information: IOError: 
[2022-01-12 10:15:29,696 I 145025 145191] raylet_client.cc:336: Error reporting task backlog information: IOError: 
[2022-01-12 10:15:30,697 I 145025 145191] raylet_client.cc:336: Error reporting task backlog information: IOError: 
[2022-01-12 10:15:31,697 I 145025 145191] raylet_client.cc:336: Error reporting task backlog information: IOError: 
[2022-01-12 10:15:32,697 I 145025 145191] raylet_client.cc:336: Error reporting task backlog information: IOError: 
[2022-01-12 10:15:33,697 I 145025 145191] raylet_client.cc:336: Error reporting task backlog information: IOError: 
[2022-01-12 10:15:34,698 I 145025 145191] raylet_client.cc:336: Error reporting task backlog information: IOError: 
[2022-01-12 10:15:35,698 I 145025 145191] raylet_client.cc:336: Error reporting task backlog information: IOError: 
[2022-01-12 10:15:36,022 W 145025 145192] metric_exporter.cc:206: Export metrics to agent failed: IOError: . This won't affect Ray, but you can lose metrics from the cluster.
[2022-01-12 10:15:36,698 I 145025 145191] raylet_client.cc:336: Error reporting task backlog information: IOError: 
[2022-01-12 10:15:37,698 I 145025 145191] raylet_client.cc:336: Error reporting task backlog information: IOError: 
[2022-01-12 10:15:38,699 I 145025 145191] raylet_client.cc:336: Error reporting task backlog information: IOError: 
[2022-01-12 10:15:39,699 I 145025 145191] raylet_client.cc:336: Error reporting task backlog information: IOError: 
[2022-01-12 10:15:40,699 I 145025 145191] raylet_client.cc:336: Error reporting task backlog information: IOError: 
[2022-01-12 10:15:41,699 I 145025 145191] raylet_client.cc:336: Error reporting task backlog information: IOError: 
[2022-01-12 10:15:42,699 I 145025 145191] raylet_client.cc:336: Error reporting task backlog information: IOError: 
[2022-01-12 10:15:43,700 I 145025 145191] raylet_client.cc:336: Error reporting task backlog information: IOError: 
[2022-01-12 10:15:44,700 I 145025 145191] raylet_client.cc:336: Error reporting task backlog information: IOError: 
[2022-01-12 10:15:45,700 I 145025 145191] raylet_client.cc:336: Error reporting task backlog information: IOError: 
[2022-01-12 10:15:46,032 W 145025 145192] metric_exporter.cc:206: Export metrics to agent failed: IOError: . This won't affect Ray, but you can lose metrics from the cluster.
[2022-01-12 10:15:46,701 I 145025 145191] raylet_client.cc:336: Error reporting task backlog information: IOError: 
[2022-01-12 10:15:47,701 I 145025 145191] raylet_client.cc:336: Error reporting task backlog information: IOError: 
[2022-01-12 10:15:48,701 I 145025 145191] raylet_client.cc:336: Error reporting task backlog information: IOError: 
[2022-01-12 10:15:49,702 I 145025 145191] raylet_client.cc:336: Error reporting task backlog information: IOError: 
[2022-01-12 10:15:50,702 I 145025 145191] raylet_client.cc:336: Error reporting task backlog information: IOError: 
[2022-01-12 10:15:51,702 I 145025 145191] raylet_client.cc:336: Error reporting task backlog information: IOError: 
[2022-01-12 10:15:52,703 I 145025 145191] raylet_client.cc:336: Error reporting task backlog information: IOError: 
[2022-01-12 10:15:53,703 I 145025 145191] raylet_client.cc:336: Error reporting task backlog information: IOError: 
[2022-01-12 10:15:54,703 I 145025 145191] raylet_client.cc:336: Error reporting task backlog information: IOError: 
[2022-01-12 10:15:55,704 I 145025 145191] raylet_client.cc:336: Error reporting task backlog information: IOError: 
[2022-01-12 10:15:56,044 W 145025 145192] metric_exporter.cc:206: Export metrics to agent failed: IOError: . This won't affect Ray, but you can lose metrics from the cluster.
[2022-01-12 10:15:56,704 I 145025 145191] raylet_client.cc:336: Error reporting task backlog information: IOError: 
[2022-01-12 10:15:57,704 I 145025 145191] raylet_client.cc:336: Error reporting task backlog information: IOError: 
[2022-01-12 10:15:58,704 I 145025 145191] raylet_client.cc:336: Error reporting task backlog information: IOError: 
[2022-01-12 10:15:59,704 I 145025 145191] raylet_client.cc:336: Error reporting task backlog information: IOError: 
[2022-01-12 10:16:00,705 I 145025 145191] raylet_client.cc:336: Error reporting task backlog information: IOError: 
[2022-01-12 10:16:01,705 I 145025 145191] raylet_client.cc:336: Error reporting task backlog information: IOError: 
[2022-01-12 10:16:02,705 I 145025 145191] raylet_client.cc:336: Error reporting task backlog information: IOError: 
[2022-01-12 10:16:03,705 I 145025 145191] raylet_client.cc:336: Error reporting task backlog information: IOError: 
[2022-01-12 10:16:04,705 I 145025 145191] raylet_client.cc:336: Error reporting task backlog information: IOError: 
[2022-01-12 10:16:05,706 I 145025 145191] raylet_client.cc:336: Error reporting task backlog information: IOError: 
[2022-01-12 10:16:06,054 W 145025 145192] metric_exporter.cc:206: Export metrics to agent failed: IOError: . This won't affect Ray, but you can lose metrics from the cluster.
[2022-01-12 10:16:06,706 I 145025 145191] raylet_client.cc:336: Error reporting task backlog information: IOError: 
[2022-01-12 10:16:07,706 I 145025 145191] raylet_client.cc:336: Error reporting task backlog information: IOError: 
[2022-01-12 10:16:08,706 I 145025 145191] raylet_client.cc:336: Error reporting task backlog information: IOError: 
[2022-01-12 10:16:09,707 I 145025 145191] raylet_client.cc:336: Error reporting task backlog information: IOError: 
[2022-01-12 10:16:10,707 I 145025 145191] raylet_client.cc:336: Error reporting task backlog information: IOError: 
[2022-01-12 10:16:11,634 W 145025 145080] gcs_server_address_updater.cc:61: [301] Failed to get the gcs server address from raylet 301 times in a row. If it keeps failing to obtain the address, the worker might crash. Connection status IOError: 
[2022-01-12 10:16:11,707 I 145025 145191] raylet_client.cc:336: Error reporting task backlog information: IOError: 
[2022-01-12 10:16:12,707 I 145025 145191] raylet_client.cc:336: Error reporting task backlog information: IOError: 
[2022-01-12 10:16:13,708 I 145025 145191] raylet_client.cc:336: Error reporting task backlog information: IOError: 
[2022-01-12 10:16:14,708 I 145025 145191] raylet_client.cc:336: Error reporting task backlog information: IOError: 
[2022-01-12 10:16:15,708 I 145025 145191] raylet_client.cc:336: Error reporting task backlog information: IOError: 
[2022-01-12 10:16:16,065 W 145025 145192] metric_exporter.cc:206: Export metrics to agent failed: IOError: . This won't affect Ray, but you can lose metrics from the cluster.
[2022-01-12 10:16:16,708 I 145025 145191] raylet_client.cc:336: Error reporting task backlog information: IOError: 
[2022-01-12 10:16:17,708 I 145025 145191] raylet_client.cc:336: Error reporting task backlog information: IOError: 
[2022-01-12 10:16:18,709 I 145025 145191] raylet_client.cc:336: Error reporting task backlog information: IOError: 
[2022-01-12 10:16:19,709 I 145025 145191] raylet_client.cc:336: Error reporting task backlog information: IOError: 
[2022-01-12 10:16:20,709 I 145025 145191] raylet_client.cc:336: Error reporting task backlog information: IOError: 
[2022-01-12 10:16:21,710 I 145025 145191] raylet_client.cc:336: Error reporting task backlog information: IOError: 
[2022-01-12 10:16:22,710 I 145025 145191] raylet_client.cc:336: Error reporting task backlog information: IOError: 
[2022-01-12 10:16:23,710 I 145025 145191] raylet_client.cc:336: Error reporting task backlog information: IOError: 
[2022-01-12 10:16:24,710 I 145025 145191] raylet_client.cc:336: Error reporting task backlog information: IOError: 
[2022-01-12 10:16:25,711 I 145025 145191] raylet_client.cc:336: Error reporting task backlog information: IOError: 
[2022-01-12 10:16:26,077 W 145025 145192] metric_exporter.cc:206: Export metrics to agent failed: IOError: . This won't affect Ray, but you can lose metrics from the cluster.
[2022-01-12 10:16:26,711 I 145025 145191] raylet_client.cc:336: Error reporting task backlog information: IOError: 
[2022-01-12 10:16:27,711 I 145025 145191] raylet_client.cc:336: Error reporting task backlog information: IOError: 
[2022-01-12 10:16:28,711 I 145025 145191] raylet_client.cc:336: Error reporting task backlog information: IOError: 
[2022-01-12 10:16:29,712 I 145025 145191] raylet_client.cc:336: Error reporting task backlog information: IOError: 
[2022-01-12 10:16:30,712 I 145025 145191] raylet_client.cc:336: Error reporting task backlog information: IOError: 
[2022-01-12 10:16:31,712 I 145025 145191] raylet_client.cc:336: Error reporting task backlog information: IOError: 
[2022-01-12 10:16:32,712 I 145025 145191] raylet_client.cc:336: Error reporting task backlog information: IOError: 
[2022-01-12 10:16:33,713 I 145025 145191] raylet_client.cc:336: Error reporting task backlog information: IOError: 
[2022-01-12 10:16:34,713 I 145025 145191] raylet_client.cc:336: Error reporting task backlog information: IOError: 
[2022-01-12 10:16:35,713 I 145025 145191] raylet_client.cc:336: Error reporting task backlog information: IOError: 
[2022-01-12 10:16:36,089 W 145025 145192] metric_exporter.cc:206: Export metrics to agent failed: IOError: . This won't affect Ray, but you can lose metrics from the cluster.
[2022-01-12 10:16:36,713 I 145025 145191] raylet_client.cc:336: Error reporting task backlog information: IOError: 
[2022-01-12 10:16:37,714 I 145025 145191] raylet_client.cc:336: Error reporting task backlog information: IOError: 
[2022-01-12 10:16:38,714 I 145025 145191] raylet_client.cc:336: Error reporting task backlog information: IOError: 
[2022-01-12 10:16:39,714 I 145025 145191] raylet_client.cc:336: Error reporting task backlog information: IOError: 
[2022-01-12 10:16:40,714 I 145025 145191] raylet_client.cc:336: Error reporting task backlog information: IOError: 
[2022-01-12 10:16:41,715 I 145025 145191] raylet_client.cc:336: Error reporting task backlog information: IOError: 
[2022-01-12 10:16:42,715 I 145025 145191] raylet_client.cc:336: Error reporting task backlog information: IOError: 
[2022-01-12 10:16:43,715 I 145025 145191] raylet_client.cc:336: Error reporting task backlog information: IOError: 
[2022-01-12 10:16:44,715 I 145025 145191] raylet_client.cc:336: Error reporting task backlog information: IOError: 
[2022-01-12 10:16:45,716 I 145025 145191] raylet_client.cc:336: Error reporting task backlog information: IOError: 
[2022-01-12 10:16:46,101 W 145025 145192] metric_exporter.cc:206: Export metrics to agent failed: IOError: . This won't affect Ray, but you can lose metrics from the cluster.
[2022-01-12 10:16:46,716 I 145025 145191] raylet_client.cc:336: Error reporting task backlog information: IOError: 
[2022-01-12 10:16:47,716 I 145025 145191] raylet_client.cc:336: Error reporting task backlog information: IOError: 
[2022-01-12 10:16:48,716 I 145025 145191] raylet_client.cc:336: Error reporting task backlog information: IOError: 
[2022-01-12 10:16:49,716 I 145025 145191] raylet_client.cc:336: Error reporting task backlog information: IOError: 
[2022-01-12 10:16:50,717 I 145025 145191] raylet_client.cc:336: Error reporting task backlog information: IOError: 
[2022-01-12 10:16:51,717 I 145025 145191] raylet_client.cc:336: Error reporting task backlog information: IOError: 
[2022-01-12 10:16:52,717 I 145025 145191] raylet_client.cc:336: Error reporting task backlog information: IOError: 
[2022-01-12 10:16:53,717 I 145025 145191] raylet_client.cc:336: Error reporting task backlog information: IOError: 
[2022-01-12 10:16:54,718 I 145025 145191] raylet_client.cc:336: Error reporting task backlog information: IOError: 
[2022-01-12 10:16:55,718 I 145025 145191] raylet_client.cc:336: Error reporting task backlog information: IOError: 
[2022-01-12 10:16:56,113 W 145025 145192] metric_exporter.cc:206: Export metrics to agent failed: IOError: . This won't affect Ray, but you can lose metrics from the cluster.
[2022-01-12 10:16:56,718 I 145025 145191] raylet_client.cc:336: Error reporting task backlog information: IOError: 
[2022-01-12 10:16:57,719 I 145025 145191] raylet_client.cc:336: Error reporting task backlog information: IOError: 
[2022-01-12 10:16:58,719 I 145025 145191] raylet_client.cc:336: Error reporting task backlog information: IOError: 
[2022-01-12 10:16:59,719 I 145025 145191] raylet_client.cc:336: Error reporting task backlog information: IOError: 
[2022-01-12 10:17:00,719 I 145025 145191] raylet_client.cc:336: Error reporting task backlog information: IOError: 
[2022-01-12 10:17:01,720 I 145025 145191] raylet_client.cc:336: Error reporting task backlog information: IOError: 
[2022-01-12 10:17:02,720 I 145025 145191] raylet_client.cc:336: Error reporting task backlog information: IOError: 
[2022-01-12 10:17:03,720 I 145025 145191] raylet_client.cc:336: Error reporting task backlog information: IOError: 
[2022-01-12 10:17:04,720 I 145025 145191] raylet_client.cc:336: Error reporting task backlog information: IOError: 
[2022-01-12 10:17:05,721 I 145025 145191] raylet_client.cc:336: Error reporting task backlog information: IOError: 
[2022-01-12 10:17:06,126 W 145025 145192] metric_exporter.cc:206: Export metrics to agent failed: IOError: . This won't affect Ray, but you can lose metrics from the cluster.
[2022-01-12 10:17:06,721 I 145025 145191] raylet_client.cc:336: Error reporting task backlog information: IOError: 
[2022-01-12 10:17:07,721 I 145025 145191] raylet_client.cc:336: Error reporting task backlog information: IOError: 
[2022-01-12 10:17:08,721 I 145025 145191] raylet_client.cc:336: Error reporting task backlog information: IOError: 
[2022-01-12 10:17:09,721 I 145025 145191] raylet_client.cc:336: Error reporting task backlog information: IOError: 
[2022-01-12 10:17:10,722 I 145025 145191] raylet_client.cc:336: Error reporting task backlog information: IOError: 
[2022-01-12 10:17:11,722 I 145025 145191] raylet_client.cc:336: Error reporting task backlog information: IOError: 
[2022-01-12 10:17:12,722 I 145025 145191] raylet_client.cc:336: Error reporting task backlog information: IOError: 
[2022-01-12 10:17:13,722 I 145025 145191] raylet_client.cc:336: Error reporting task backlog information: IOError: 
[2022-01-12 10:17:14,723 I 145025 145191] raylet_client.cc:336: Error reporting task backlog information: IOError: 
[2022-01-12 10:17:15,723 I 145025 145191] raylet_client.cc:336: Error reporting task backlog information: IOError: 
[2022-01-12 10:17:16,139 W 145025 145192] metric_exporter.cc:206: Export metrics to agent failed: IOError: . This won't affect Ray, but you can lose metrics from the cluster.
[2022-01-12 10:17:16,723 I 145025 145191] raylet_client.cc:336: Error reporting task backlog information: IOError: 
[2022-01-12 10:17:17,723 I 145025 145191] raylet_client.cc:336: Error reporting task backlog information: IOError: 
[2022-01-12 10:17:18,723 I 145025 145191] raylet_client.cc:336: Error reporting task backlog information: IOError: 
[2022-01-12 10:17:19,724 I 145025 145191] raylet_client.cc:336: Error reporting task backlog information: IOError: 
[2022-01-12 10:17:20,724 I 145025 145191] raylet_client.cc:336: Error reporting task backlog information: IOError: 
[2022-01-12 10:17:21,724 I 145025 145191] raylet_client.cc:336: Error reporting task backlog information: IOError: 
[2022-01-12 10:17:22,725 I 145025 145191] raylet_client.cc:336: Error reporting task backlog information: IOError: 
[2022-01-12 10:17:23,725 I 145025 145191] raylet_client.cc:336: Error reporting task backlog information: IOError: 
[2022-01-12 10:17:24,725 I 145025 145191] raylet_client.cc:336: Error reporting task backlog information: IOError: 
[2022-01-12 10:17:25,725 I 145025 145191] raylet_client.cc:336: Error reporting task backlog information: IOError: 
[2022-01-12 10:17:26,151 W 145025 145192] metric_exporter.cc:206: Export metrics to agent failed: IOError: . This won't affect Ray, but you can lose metrics from the cluster.
[2022-01-12 10:17:26,726 I 145025 145191] raylet_client.cc:336: Error reporting task backlog information: IOError: 
[2022-01-12 10:17:27,726 I 145025 145191] raylet_client.cc:336: Error reporting task backlog information: IOError: 
[2022-01-12 10:17:28,726 I 145025 145191] raylet_client.cc:336: Error reporting task backlog information: IOError: 
[2022-01-12 10:17:29,726 I 145025 145191] raylet_client.cc:336: Error reporting task backlog information: IOError: 
[2022-01-12 10:17:30,726 I 145025 145191] raylet_client.cc:336: Error reporting task backlog information: IOError: 
[2022-01-12 10:17:31,727 I 145025 145191] raylet_client.cc:336: Error reporting task backlog information: IOError: 
[2022-01-12 10:17:32,727 I 145025 145191] raylet_client.cc:336: Error reporting task backlog information: IOError: 
[2022-01-12 10:17:33,727 I 145025 145191] raylet_client.cc:336: Error reporting task backlog information: IOError: 
[2022-01-12 10:17:34,728 I 145025 145191] raylet_client.cc:336: Error reporting task backlog information: IOError: 
[2022-01-12 10:17:35,728 I 145025 145191] raylet_client.cc:336: Error reporting task backlog information: IOError: 
[2022-01-12 10:17:36,162 W 145025 145192] metric_exporter.cc:206: Export metrics to agent failed: IOError: . This won't affect Ray, but you can lose metrics from the cluster.
[2022-01-12 10:17:36,728 I 145025 145191] raylet_client.cc:336: Error reporting task backlog information: IOError: 
[2022-01-12 10:17:37,728 I 145025 145191] raylet_client.cc:336: Error reporting task backlog information: IOError: 
[2022-01-12 10:17:38,728 I 145025 145191] raylet_client.cc:336: Error reporting task backlog information: IOError: 
[2022-01-12 10:17:39,729 I 145025 145191] raylet_client.cc:336: Error reporting task backlog information: IOError: 
[2022-01-12 10:17:40,729 I 145025 145191] raylet_client.cc:336: Error reporting task backlog information: IOError: 
[2022-01-12 10:17:41,729 I 145025 145191] raylet_client.cc:336: Error reporting task backlog information: IOError: 
[2022-01-12 10:17:42,729 I 145025 145191] raylet_client.cc:336: Error reporting task backlog information: IOError: 
[2022-01-12 10:17:43,729 I 145025 145191] raylet_client.cc:336: Error reporting task backlog information: IOError: 
[2022-01-12 10:17:44,730 I 145025 145191] raylet_client.cc:336: Error reporting task backlog information: IOError: 
[2022-01-12 10:17:45,730 I 145025 145191] raylet_client.cc:336: Error reporting task backlog information: IOError: 
[2022-01-12 10:17:46,174 W 145025 145192] metric_exporter.cc:206: Export metrics to agent failed: IOError: . This won't affect Ray, but you can lose metrics from the cluster.
[2022-01-12 10:17:46,730 I 145025 145191] raylet_client.cc:336: Error reporting task backlog information: IOError: 
[2022-01-12 10:17:47,730 I 145025 145191] raylet_client.cc:336: Error reporting task backlog information: IOError: 
[2022-01-12 10:17:48,731 I 145025 145191] raylet_client.cc:336: Error reporting task backlog information: IOError: 
[2022-01-12 10:17:49,731 I 145025 145191] raylet_client.cc:336: Error reporting task backlog information: IOError: 
[2022-01-12 10:17:50,731 I 145025 145191] raylet_client.cc:336: Error reporting task backlog information: IOError: 
[2022-01-12 10:17:51,731 I 145025 145191] raylet_client.cc:336: Error reporting task backlog information: IOError: 
[2022-01-12 10:17:52,731 I 145025 145191] raylet_client.cc:336: Error reporting task backlog information: IOError: 
[2022-01-12 10:17:53,732 I 145025 145191] raylet_client.cc:336: Error reporting task backlog information: IOError: 
[2022-01-12 10:17:54,732 I 145025 145191] raylet_client.cc:336: Error reporting task backlog information: IOError: 
[2022-01-12 10:17:55,732 I 145025 145191] raylet_client.cc:336: Error reporting task backlog information: IOError: 
[2022-01-12 10:17:56,186 W 145025 145192] metric_exporter.cc:206: Export metrics to agent failed: IOError: . This won't affect Ray, but you can lose metrics from the cluster.
[2022-01-12 10:17:56,732 I 145025 145191] raylet_client.cc:336: Error reporting task backlog information: IOError: 
[2022-01-12 10:17:57,733 I 145025 145191] raylet_client.cc:336: Error reporting task backlog information: IOError: 
[2022-01-12 10:17:58,733 I 145025 145191] raylet_client.cc:336: Error reporting task backlog information: IOError: 
[2022-01-12 10:17:59,733 I 145025 145191] raylet_client.cc:336: Error reporting task backlog information: IOError: 
[2022-01-12 10:18:00,733 I 145025 145191] raylet_client.cc:336: Error reporting task backlog information: IOError: 
[2022-01-12 10:18:01,733 I 145025 145191] raylet_client.cc:336: Error reporting task backlog information: IOError: 
[2022-01-12 10:18:02,734 I 145025 145191] raylet_client.cc:336: Error reporting task backlog information: IOError: 
[2022-01-12 10:18:03,734 I 145025 145191] raylet_client.cc:336: Error reporting task backlog information: IOError: 
[2022-01-12 10:18:04,734 I 145025 145191] raylet_client.cc:336: Error reporting task backlog information: IOError: 
[2022-01-12 10:18:05,734 I 145025 145191] raylet_client.cc:336: Error reporting task backlog information: IOError: 
[2022-01-12 10:18:06,199 W 145025 145192] metric_exporter.cc:206: Export metrics to agent failed: IOError: . This won't affect Ray, but you can lose metrics from the cluster.
[2022-01-12 10:18:06,735 I 145025 145191] raylet_client.cc:336: Error reporting task backlog information: IOError: 
[2022-01-12 10:18:07,735 I 145025 145191] raylet_client.cc:336: Error reporting task backlog information: IOError: 
[2022-01-12 10:18:08,735 I 145025 145191] raylet_client.cc:336: Error reporting task backlog information: IOError: 
[2022-01-12 10:18:09,735 I 145025 145191] raylet_client.cc:336: Error reporting task backlog information: IOError: 
[2022-01-12 10:18:10,735 I 145025 145191] raylet_client.cc:336: Error reporting task backlog information: IOError: 
[2022-01-12 10:18:11,736 I 145025 145191] raylet_client.cc:336: Error reporting task backlog information: IOError: 
[2022-01-12 10:18:12,736 I 145025 145191] raylet_client.cc:336: Error reporting task backlog information: IOError: 
[2022-01-12 10:18:13,736 I 145025 145191] raylet_client.cc:336: Error reporting task backlog information: IOError: 
[2022-01-12 10:18:14,736 I 145025 145191] raylet_client.cc:336: Error reporting task backlog information: IOError: 
[2022-01-12 10:18:15,736 I 145025 145191] raylet_client.cc:336: Error reporting task backlog information: IOError: 
[2022-01-12 10:18:16,212 W 145025 145192] metric_exporter.cc:206: Export metrics to agent failed: IOError: . This won't affect Ray, but you can lose metrics from the cluster.
[2022-01-12 10:18:16,736 I 145025 145191] raylet_client.cc:336: Error reporting task backlog information: IOError: 
[2022-01-12 10:18:17,737 I 145025 145191] raylet_client.cc:336: Error reporting task backlog information: IOError: 
[2022-01-12 10:18:18,737 I 145025 145191] raylet_client.cc:336: Error reporting task backlog information: IOError: 
[2022-01-12 10:18:19,737 I 145025 145191] raylet_client.cc:336: Error reporting task backlog information: IOError: 
[2022-01-12 10:18:20,737 I 145025 145191] raylet_client.cc:336: Error reporting task backlog information: IOError: 
[2022-01-12 10:18:21,737 I 145025 145191] raylet_client.cc:336: Error reporting task backlog information: IOError: 
[2022-01-12 10:18:22,737 I 145025 145191] raylet_client.cc:336: Error reporting task backlog information: IOError: 
[2022-01-12 10:18:23,738 I 145025 145191] raylet_client.cc:336: Error reporting task backlog information: IOError: 
[2022-01-12 10:18:24,738 I 145025 145191] raylet_client.cc:336: Error reporting task backlog information: IOError: 
[2022-01-12 10:18:25,738 I 145025 145191] raylet_client.cc:336: Error reporting task backlog information: IOError: 
[2022-01-12 10:18:26,224 W 145025 145192] metric_exporter.cc:206: Export metrics to agent failed: IOError: . This won't affect Ray, but you can lose metrics from the cluster.
[2022-01-12 10:18:26,738 I 145025 145191] raylet_client.cc:336: Error reporting task backlog information: IOError: 
[2022-01-12 10:18:27,739 I 145025 145191] raylet_client.cc:336: Error reporting task backlog information: IOError: 
[2022-01-12 10:18:28,739 I 145025 145191] raylet_client.cc:336: Error reporting task backlog information: IOError: 
[2022-01-12 10:18:29,739 I 145025 145191] raylet_client.cc:336: Error reporting task backlog information: IOError: 
[2022-01-12 10:18:30,739 I 145025 145191] raylet_client.cc:336: Error reporting task backlog information: IOError: 
[2022-01-12 10:18:31,739 I 145025 145191] raylet_client.cc:336: Error reporting task backlog information: IOError: 
[2022-01-12 10:18:32,740 I 145025 145191] raylet_client.cc:336: Error reporting task backlog information: IOError: 
[2022-01-12 10:18:33,740 I 145025 145191] raylet_client.cc:336: Error reporting task backlog information: IOError: 
[2022-01-12 10:18:34,740 I 145025 145191] raylet_client.cc:336: Error reporting task backlog information: IOError: 
[2022-01-12 10:18:35,740 I 145025 145191] raylet_client.cc:336: Error reporting task backlog information: IOError: 
[2022-01-12 10:18:36,236 W 145025 145192] metric_exporter.cc:206: Export metrics to agent failed: IOError: . This won't affect Ray, but you can lose metrics from the cluster.
[2022-01-12 10:18:36,740 I 145025 145191] raylet_client.cc:336: Error reporting task backlog information: IOError: 
[2022-01-12 10:18:37,740 I 145025 145191] raylet_client.cc:336: Error reporting task backlog information: IOError: 
[2022-01-12 10:18:38,741 I 145025 145191] raylet_client.cc:336: Error reporting task backlog information: IOError: 
[2022-01-12 10:18:39,741 I 145025 145191] raylet_client.cc:336: Error reporting task backlog information: IOError: 
[2022-01-12 10:18:40,741 I 145025 145191] raylet_client.cc:336: Error reporting task backlog information: IOError: 
[2022-01-12 10:18:41,741 I 145025 145191] raylet_client.cc:336: Error reporting task backlog information: IOError: 
[2022-01-12 10:18:42,741 I 145025 145191] raylet_client.cc:336: Error reporting task backlog information: IOError: 
[2022-01-12 10:18:43,741 I 145025 145191] raylet_client.cc:336: Error reporting task backlog information: IOError: 
[2022-01-12 10:18:44,742 I 145025 145191] raylet_client.cc:336: Error reporting task backlog information: IOError: 
[2022-01-12 10:18:45,742 I 145025 145191] raylet_client.cc:336: Error reporting task backlog information: IOError: 
[2022-01-12 10:18:46,248 W 145025 145192] metric_exporter.cc:206: Export metrics to agent failed: IOError: . This won't affect Ray, but you can lose metrics from the cluster.
[2022-01-12 10:18:46,742 I 145025 145191] raylet_client.cc:336: Error reporting task backlog information: IOError: 
[2022-01-12 10:18:47,742 I 145025 145191] raylet_client.cc:336: Error reporting task backlog information: IOError: 
[2022-01-12 10:18:48,742 I 145025 145191] raylet_client.cc:336: Error reporting task backlog information: IOError: 
[2022-01-12 10:18:49,742 I 145025 145191] raylet_client.cc:336: Error reporting task backlog information: IOError: 
[2022-01-12 10:18:50,743 I 145025 145191] raylet_client.cc:336: Error reporting task backlog information: IOError: 
[2022-01-12 10:18:51,743 I 145025 145191] raylet_client.cc:336: Error reporting task backlog information: IOError: 
[2022-01-12 10:18:52,743 I 145025 145191] raylet_client.cc:336: Error reporting task backlog information: IOError: 
[2022-01-12 10:18:53,743 I 145025 145191] raylet_client.cc:336: Error reporting task backlog information: IOError: 
[2022-01-12 10:18:54,743 I 145025 145191] raylet_client.cc:336: Error reporting task backlog information: IOError: 
[2022-01-12 10:18:55,743 I 145025 145191] raylet_client.cc:336: Error reporting task backlog information: IOError: 
[2022-01-12 10:18:56,262 W 145025 145192] metric_exporter.cc:206: Export metrics to agent failed: IOError: . This won't affect Ray, but you can lose metrics from the cluster.
[2022-01-12 10:18:56,744 I 145025 145191] raylet_client.cc:336: Error reporting task backlog information: IOError: 
[2022-01-12 10:18:57,744 I 145025 145191] raylet_client.cc:336: Error reporting task backlog information: IOError: 
[2022-01-12 10:18:58,744 I 145025 145191] raylet_client.cc:336: Error reporting task backlog information: IOError: 
[2022-01-12 10:18:59,744 I 145025 145191] raylet_client.cc:336: Error reporting task backlog information: IOError: 
[2022-01-12 10:19:00,744 I 145025 145191] raylet_client.cc:336: Error reporting task backlog information: IOError: 
[2022-01-12 10:19:01,744 I 145025 145191] raylet_client.cc:336: Error reporting task backlog information: IOError: 
[2022-01-12 10:19:02,744 I 145025 145191] raylet_client.cc:336: Error reporting task backlog information: IOError: 
[2022-01-12 10:19:03,744 I 145025 145191] raylet_client.cc:336: Error reporting task backlog information: IOError: 
[2022-01-12 10:19:04,745 I 145025 145191] raylet_client.cc:336: Error reporting task backlog information: IOError: 
[2022-01-12 10:19:05,745 I 145025 145191] raylet_client.cc:336: Error reporting task backlog information: IOError: 
[2022-01-12 10:19:06,277 W 145025 145192] metric_exporter.cc:206: Export metrics to agent failed: IOError: . This won't affect Ray, but you can lose metrics from the cluster.
[2022-01-12 10:19:06,745 I 145025 145191] raylet_client.cc:336: Error reporting task backlog information: IOError: 
[2022-01-12 10:19:07,745 I 145025 145191] raylet_client.cc:336: Error reporting task backlog information: IOError: 
[2022-01-12 10:19:08,745 I 145025 145191] raylet_client.cc:336: Error reporting task backlog information: IOError: 
[2022-01-12 10:19:09,746 I 145025 145191] raylet_client.cc:336: Error reporting task backlog information: IOError: 
[2022-01-12 10:19:10,746 I 145025 145191] raylet_client.cc:336: Error reporting task backlog information: IOError: 
[2022-01-12 10:19:11,746 I 145025 145191] raylet_client.cc:336: Error reporting task backlog information: IOError: 
[2022-01-12 10:19:12,746 I 145025 145191] raylet_client.cc:336: Error reporting task backlog information: IOError: 
[2022-01-12 10:19:13,746 I 145025 145191] raylet_client.cc:336: Error reporting task backlog information: IOError: 
[2022-01-12 10:19:14,746 I 145025 145191] raylet_client.cc:336: Error reporting task backlog information: IOError: 
[2022-01-12 10:19:15,746 I 145025 145191] raylet_client.cc:336: Error reporting task backlog information: IOError: 
[2022-01-12 10:19:16,292 W 145025 145192] metric_exporter.cc:206: Export metrics to agent failed: IOError: . This won't affect Ray, but you can lose metrics from the cluster.
[2022-01-12 10:19:16,746 I 145025 145191] raylet_client.cc:336: Error reporting task backlog information: IOError: 
[2022-01-12 10:19:17,746 I 145025 145191] raylet_client.cc:336: Error reporting task backlog information: IOError: 
[2022-01-12 10:19:18,747 I 145025 145191] raylet_client.cc:336: Error reporting task backlog information: IOError: 
[2022-01-12 10:19:19,747 I 145025 145191] raylet_client.cc:336: Error reporting task backlog information: IOError: 
[2022-01-12 10:19:20,747 I 145025 145191] raylet_client.cc:336: Error reporting task backlog information: IOError: 
[2022-01-12 10:19:21,747 I 145025 145191] raylet_client.cc:336: Error reporting task backlog information: IOError: 
[2022-01-12 10:19:22,747 I 145025 145191] raylet_client.cc:336: Error reporting task backlog information: IOError: 
[2022-01-12 10:19:23,747 I 145025 145191] raylet_client.cc:336: Error reporting task backlog information: IOError: 
[2022-01-12 10:19:24,747 I 145025 145191] raylet_client.cc:336: Error reporting task backlog information: IOError: 
[2022-01-12 10:19:25,747 I 145025 145191] raylet_client.cc:336: Error reporting task backlog information: IOError: 
[2022-01-12 10:19:26,306 W 145025 145192] metric_exporter.cc:206: Export metrics to agent failed: IOError: . This won't affect Ray, but you can lose metrics from the cluster.
[2022-01-12 10:19:26,747 I 145025 145191] raylet_client.cc:336: Error reporting task backlog information: IOError: 
[2022-01-12 10:19:27,747 I 145025 145191] raylet_client.cc:336: Error reporting task backlog information: IOError: 
[2022-01-12 10:19:28,747 I 145025 145191] raylet_client.cc:336: Error reporting task backlog information: IOError: 
[2022-01-12 10:19:29,748 I 145025 145191] raylet_client.cc:336: Error reporting task backlog information: IOError: 
[2022-01-12 10:19:30,748 I 145025 145191] raylet_client.cc:336: Error reporting task backlog information: IOError: 
[2022-01-12 10:19:31,748 I 145025 145191] raylet_client.cc:336: Error reporting task backlog information: IOError: 
[2022-01-12 10:19:32,748 I 145025 145191] raylet_client.cc:336: Error reporting task backlog information: IOError: 
[2022-01-12 10:19:33,748 I 145025 145191] raylet_client.cc:336: Error reporting task backlog information: IOError: 
[2022-01-12 10:19:34,748 I 145025 145191] raylet_client.cc:336: Error reporting task backlog information: IOError: 
[2022-01-12 10:19:35,748 I 145025 145191] raylet_client.cc:336: Error reporting task backlog information: IOError: 
[2022-01-12 10:19:36,322 W 145025 145192] metric_exporter.cc:206: Export metrics to agent failed: IOError: . This won't affect Ray, but you can lose metrics from the cluster.
[2022-01-12 10:19:36,749 I 145025 145191] raylet_client.cc:336: Error reporting task backlog information: IOError: 
[2022-01-12 10:19:37,749 I 145025 145191] raylet_client.cc:336: Error reporting task backlog information: IOError: 
[2022-01-12 10:19:38,749 I 145025 145191] raylet_client.cc:336: Error reporting task backlog information: IOError: 
[2022-01-12 10:19:39,749 I 145025 145191] raylet_client.cc:336: Error reporting task backlog information: IOError: 
[2022-01-12 10:19:40,750 I 145025 145191] raylet_client.cc:336: Error reporting task backlog information: IOError: 
[2022-01-12 10:19:41,750 I 145025 145191] raylet_client.cc:336: Error reporting task backlog information: IOError: 
[2022-01-12 10:19:42,750 I 145025 145191] raylet_client.cc:336: Error reporting task backlog information: IOError: 
[2022-01-12 10:19:43,751 I 145025 145191] raylet_client.cc:336: Error reporting task backlog information: IOError: 
[2022-01-12 10:19:44,751 I 145025 145191] raylet_client.cc:336: Error reporting task backlog information: IOError: 
[2022-01-12 10:19:45,751 I 145025 145191] raylet_client.cc:336: Error reporting task backlog information: IOError: 
[2022-01-12 10:19:46,336 W 145025 145192] metric_exporter.cc:206: Export metrics to agent failed: IOError: . This won't affect Ray, but you can lose metrics from the cluster.
[2022-01-12 10:19:46,751 I 145025 145191] raylet_client.cc:336: Error reporting task backlog information: IOError: 
[2022-01-12 10:19:47,752 I 145025 145191] raylet_client.cc:336: Error reporting task backlog information: IOError: 
[2022-01-12 10:19:48,752 I 145025 145191] raylet_client.cc:336: Error reporting task backlog information: IOError: 
[2022-01-12 10:19:49,752 I 145025 145191] raylet_client.cc:336: Error reporting task backlog information: IOError: 
[2022-01-12 10:19:50,752 I 145025 145191] raylet_client.cc:336: Error reporting task backlog information: IOError: 
[2022-01-12 10:19:51,753 I 145025 145191] raylet_client.cc:336: Error reporting task backlog information: IOError: 
[2022-01-12 10:19:52,753 I 145025 145191] raylet_client.cc:336: Error reporting task backlog information: IOError: 
[2022-01-12 10:19:53,753 I 145025 145191] raylet_client.cc:336: Error reporting task backlog information: IOError: 
[2022-01-12 10:19:54,753 I 145025 145191] raylet_client.cc:336: Error reporting task backlog information: IOError: 
[2022-01-12 10:19:55,754 I 145025 145191] raylet_client.cc:336: Error reporting task backlog information: IOError: 
[2022-01-12 10:19:56,351 W 145025 145192] metric_exporter.cc:206: Export metrics to agent failed: IOError: . This won't affect Ray, but you can lose metrics from the cluster.
[2022-01-12 10:19:56,754 I 145025 145191] raylet_client.cc:336: Error reporting task backlog information: IOError: 
[2022-01-12 10:19:57,754 I 145025 145191] raylet_client.cc:336: Error reporting task backlog information: IOError: 
[2022-01-12 10:19:58,755 I 145025 145191] raylet_client.cc:336: Error reporting task backlog information: IOError: 
[2022-01-12 10:19:59,755 I 145025 145191] raylet_client.cc:336: Error reporting task backlog information: IOError: 
[2022-01-12 10:20:00,755 I 145025 145191] raylet_client.cc:336: Error reporting task backlog information: IOError: 
[2022-01-12 10:20:01,755 I 145025 145191] raylet_client.cc:336: Error reporting task backlog information: IOError: 
[2022-01-12 10:20:02,756 I 145025 145191] raylet_client.cc:336: Error reporting task backlog information: IOError: 
[2022-01-12 10:20:03,756 I 145025 145191] raylet_client.cc:336: Error reporting task backlog information: IOError: 
[2022-01-12 10:20:04,756 I 145025 145191] raylet_client.cc:336: Error reporting task backlog information: IOError: 
[2022-01-12 10:20:05,756 I 145025 145191] raylet_client.cc:336: Error reporting task backlog information: IOError: 
[2022-01-12 10:20:06,365 W 145025 145192] metric_exporter.cc:206: Export metrics to agent failed: IOError: . This won't affect Ray, but you can lose metrics from the cluster.
[2022-01-12 10:20:06,757 I 145025 145191] raylet_client.cc:336: Error reporting task backlog information: IOError: 
[2022-01-12 10:20:07,757 I 145025 145191] raylet_client.cc:336: Error reporting task backlog information: IOError: 
[2022-01-12 10:20:08,757 I 145025 145191] raylet_client.cc:336: Error reporting task backlog information: IOError: 
[2022-01-12 10:20:09,757 I 145025 145191] raylet_client.cc:336: Error reporting task backlog information: IOError: 
[2022-01-12 10:20:10,758 I 145025 145191] raylet_client.cc:336: Error reporting task backlog information: IOError: 
[2022-01-12 10:20:11,758 I 145025 145191] raylet_client.cc:336: Error reporting task backlog information: IOError: 
[2022-01-12 10:20:12,758 I 145025 145191] raylet_client.cc:336: Error reporting task backlog information: IOError: 
[2022-01-12 10:20:13,759 I 145025 145191] raylet_client.cc:336: Error reporting task backlog information: IOError: 
[2022-01-12 10:20:14,759 I 145025 145191] raylet_client.cc:336: Error reporting task backlog information: IOError: 
[2022-01-12 10:20:15,760 I 145025 145191] raylet_client.cc:336: Error reporting task backlog information: IOError: 
[2022-01-12 10:20:16,379 W 145025 145192] metric_exporter.cc:206: Export metrics to agent failed: IOError: . This won't affect Ray, but you can lose metrics from the cluster.
[2022-01-12 10:20:16,760 I 145025 145191] raylet_client.cc:336: Error reporting task backlog information: IOError: 
[2022-01-12 10:20:17,760 I 145025 145191] raylet_client.cc:336: Error reporting task backlog information: IOError: 
[2022-01-12 10:20:18,760 I 145025 145191] raylet_client.cc:336: Error reporting task backlog information: IOError: 
[2022-01-12 10:20:19,761 I 145025 145191] raylet_client.cc:336: Error reporting task backlog information: IOError: 
[2022-01-12 10:20:20,761 I 145025 145191] raylet_client.cc:336: Error reporting task backlog information: IOError: 
[2022-01-12 10:20:21,761 I 145025 145191] raylet_client.cc:336: Error reporting task backlog information: IOError: 
[2022-01-12 10:20:22,762 I 145025 145191] raylet_client.cc:336: Error reporting task backlog information: IOError: 
[2022-01-12 10:20:23,762 I 145025 145191] raylet_client.cc:336: Error reporting task backlog information: IOError: 
[2022-01-12 10:20:24,762 I 145025 145191] raylet_client.cc:336: Error reporting task backlog information: IOError: 
[2022-01-12 10:20:25,762 I 145025 145191] raylet_client.cc:336: Error reporting task backlog information: IOError: 
[2022-01-12 10:20:26,392 W 145025 145192] metric_exporter.cc:206: Export metrics to agent failed: IOError: . This won't affect Ray, but you can lose metrics from the cluster.
[2022-01-12 10:20:26,763 I 145025 145191] raylet_client.cc:336: Error reporting task backlog information: IOError: 
[2022-01-12 10:20:27,763 I 145025 145191] raylet_client.cc:336: Error reporting task backlog information: IOError: 
[2022-01-12 10:20:28,763 I 145025 145191] raylet_client.cc:336: Error reporting task backlog information: IOError: 
[2022-01-12 10:20:29,764 I 145025 145191] raylet_client.cc:336: Error reporting task backlog information: IOError: 
[2022-01-12 10:20:30,764 I 145025 145191] raylet_client.cc:336: Error reporting task backlog information: IOError: 
[2022-01-12 10:20:31,764 I 145025 145191] raylet_client.cc:336: Error reporting task backlog information: IOError: 
[2022-01-12 10:20:32,765 I 145025 145191] raylet_client.cc:336: Error reporting task backlog information: IOError: 
[2022-01-12 10:20:33,765 I 145025 145191] raylet_client.cc:336: Error reporting task backlog information: IOError: 
[2022-01-12 10:20:34,765 I 145025 145191] raylet_client.cc:336: Error reporting task backlog information: IOError: 
[2022-01-12 10:20:35,765 I 145025 145191] raylet_client.cc:336: Error reporting task backlog information: IOError: 
[2022-01-12 10:20:36,407 W 145025 145192] metric_exporter.cc:206: Export metrics to agent failed: IOError: . This won't affect Ray, but you can lose metrics from the cluster.
[2022-01-12 10:20:36,766 I 145025 145191] raylet_client.cc:336: Error reporting task backlog information: IOError: 
[2022-01-12 10:20:37,766 I 145025 145191] raylet_client.cc:336: Error reporting task backlog information: IOError: 
[2022-01-12 10:20:38,766 I 145025 145191] raylet_client.cc:336: Error reporting task backlog information: IOError: 
[2022-01-12 10:20:39,767 I 145025 145191] raylet_client.cc:336: Error reporting task backlog information: IOError: 
[2022-01-12 10:20:40,767 I 145025 145191] raylet_client.cc:336: Error reporting task backlog information: IOError: 
[2022-01-12 10:20:41,767 I 145025 145191] raylet_client.cc:336: Error reporting task backlog information: IOError: 
[2022-01-12 10:20:42,767 I 145025 145191] raylet_client.cc:336: Error reporting task backlog information: IOError: 
[2022-01-12 10:20:43,768 I 145025 145191] raylet_client.cc:336: Error reporting task backlog information: IOError: 
[2022-01-12 10:20:44,768 I 145025 145191] raylet_client.cc:336: Error reporting task backlog information: IOError: 
[2022-01-12 10:20:45,768 I 145025 145191] raylet_client.cc:336: Error reporting task backlog information: IOError: 
[2022-01-12 10:20:46,421 W 145025 145192] metric_exporter.cc:206: Export metrics to agent failed: IOError: . This won't affect Ray, but you can lose metrics from the cluster.
[2022-01-12 10:20:46,769 I 145025 145191] raylet_client.cc:336: Error reporting task backlog information: IOError: 
[2022-01-12 10:20:47,769 I 145025 145191] raylet_client.cc:336: Error reporting task backlog information: IOError: 
[2022-01-12 10:20:48,769 I 145025 145191] raylet_client.cc:336: Error reporting task backlog information: IOError: 
[2022-01-12 10:20:49,770 I 145025 145191] raylet_client.cc:336: Error reporting task backlog information: IOError: 
[2022-01-12 10:20:50,770 I 145025 145191] raylet_client.cc:336: Error reporting task backlog information: IOError: 
[2022-01-12 10:20:51,770 I 145025 145191] raylet_client.cc:336: Error reporting task backlog information: IOError: 
[2022-01-12 10:20:52,771 I 145025 145191] raylet_client.cc:336: Error reporting task backlog information: IOError: 
[2022-01-12 10:20:53,771 I 145025 145191] raylet_client.cc:336: Error reporting task backlog information: IOError: 
[2022-01-12 10:20:54,771 I 145025 145191] raylet_client.cc:336: Error reporting task backlog information: IOError: 
[2022-01-12 10:20:55,772 I 145025 145191] raylet_client.cc:336: Error reporting task backlog information: IOError: 
[2022-01-12 10:20:56,435 W 145025 145192] metric_exporter.cc:206: Export metrics to agent failed: IOError: . This won't affect Ray, but you can lose metrics from the cluster.
[2022-01-12 10:20:56,772 I 145025 145191] raylet_client.cc:336: Error reporting task backlog information: IOError: 
[2022-01-12 10:20:57,772 I 145025 145191] raylet_client.cc:336: Error reporting task backlog information: IOError: 
[2022-01-12 10:20:58,773 I 145025 145191] raylet_client.cc:336: Error reporting task backlog information: IOError: 
[2022-01-12 10:20:59,773 I 145025 145191] raylet_client.cc:336: Error reporting task backlog information: IOError: 
[2022-01-12 10:21:00,773 I 145025 145191] raylet_client.cc:336: Error reporting task backlog information: IOError: 
[2022-01-12 10:21:01,773 I 145025 145191] raylet_client.cc:336: Error reporting task backlog information: IOError: 
[2022-01-12 10:21:02,774 I 145025 145191] raylet_client.cc:336: Error reporting task backlog information: IOError: 
[2022-01-12 10:21:03,774 I 145025 145191] raylet_client.cc:336: Error reporting task backlog information: IOError: 
[2022-01-12 10:21:04,775 I 145025 145191] raylet_client.cc:336: Error reporting task backlog information: IOError: 
[2022-01-12 10:21:05,775 I 145025 145191] raylet_client.cc:336: Error reporting task backlog information: IOError: 
[2022-01-12 10:21:06,449 W 145025 145192] metric_exporter.cc:206: Export metrics to agent failed: IOError: . This won't affect Ray, but you can lose metrics from the cluster.
[2022-01-12 10:21:06,775 I 145025 145191] raylet_client.cc:336: Error reporting task backlog information: IOError: 
[2022-01-12 10:21:07,775 I 145025 145191] raylet_client.cc:336: Error reporting task backlog information: IOError: 
[2022-01-12 10:21:08,775 I 145025 145191] raylet_client.cc:336: Error reporting task backlog information: IOError: 
[2022-01-12 10:21:09,776 I 145025 145191] raylet_client.cc:336: Error reporting task backlog information: IOError: 
[2022-01-12 10:21:10,720 E 145025 145080] gcs_server_address_updater.cc:76: Failed to receive the GCS address for 600 times without success. The worker will exit ungracefully. It is because GCS has died. It could be because there was an issue that kills GCS, such as high memory usage triggering OOM killer to kill GCS. Cluster will be highly likely unavailable if you see this log. Please check the log from gcs_server.err.
