[2022-01-12 10:09:35,547 I 145028 145028] core_worker.cc:132: Constructing CoreWorkerProcess. pid: 145028
[2022-01-12 10:09:35,585 I 145028 145028] grpc_server.cc:112: worker server started, listening on port 42709.
[2022-01-12 10:09:35,589 I 145028 145028] core_worker.cc:479: Initializing worker at address: 131.215.21.210:42709, worker ID a047f94d5c33c274974d8a96bcc9229839a83be69227dc7105e65492, raylet 38ec59379b951667264715e450d2084d8593450e2d7d8586955f09ba
[2022-01-12 10:09:35,698 I 145028 145028] io_service_pool.cc:35: IOServicePool is running with 1 io_service.
[2022-01-12 10:09:35,699 I 145028 145265] accessor.cc:560: Received notification for node id = 38ec59379b951667264715e450d2084d8593450e2d7d8586955f09ba, IsAlive = 1
[2022-01-12 10:11:10,611 W 145028 145149] gcs_server_address_updater.cc:61: [1] Failed to get the gcs server address from raylet 1 times in a row. If it keeps failing to obtain the address, the worker might crash. Connection status IOError: 
[2022-01-12 10:11:10,720 I 145028 145265] raylet_client.cc:336: Error reporting task backlog information: IOError: 
[2022-01-12 10:11:11,720 I 145028 145265] raylet_client.cc:336: Error reporting task backlog information: IOError: 
[2022-01-12 10:11:12,720 I 145028 145265] raylet_client.cc:336: Error reporting task backlog information: IOError: 
[2022-01-12 10:11:13,720 I 145028 145265] raylet_client.cc:336: Error reporting task backlog information: IOError: 
[2022-01-12 10:11:14,721 I 145028 145265] raylet_client.cc:336: Error reporting task backlog information: IOError: 
[2022-01-12 10:11:15,721 I 145028 145265] raylet_client.cc:336: Error reporting task backlog information: IOError: 
[2022-01-12 10:11:15,842 W 145028 145266] metric_exporter.cc:206: Export metrics to agent failed: IOError: . This won't affect Ray, but you can lose metrics from the cluster.
[2022-01-12 10:11:16,721 I 145028 145265] raylet_client.cc:336: Error reporting task backlog information: IOError: 
[2022-01-12 10:11:17,721 I 145028 145265] raylet_client.cc:336: Error reporting task backlog information: IOError: 
[2022-01-12 10:11:18,721 I 145028 145265] raylet_client.cc:336: Error reporting task backlog information: IOError: 
[2022-01-12 10:11:19,722 I 145028 145265] raylet_client.cc:336: Error reporting task backlog information: IOError: 
[2022-01-12 10:11:20,722 I 145028 145265] raylet_client.cc:336: Error reporting task backlog information: IOError: 
[2022-01-12 10:11:21,722 I 145028 145265] raylet_client.cc:336: Error reporting task backlog information: IOError: 
[2022-01-12 10:11:22,722 I 145028 145265] raylet_client.cc:336: Error reporting task backlog information: IOError: 
[2022-01-12 10:11:23,723 I 145028 145265] raylet_client.cc:336: Error reporting task backlog information: IOError: 
[2022-01-12 10:11:24,723 I 145028 145265] raylet_client.cc:336: Error reporting task backlog information: IOError: 
[2022-01-12 10:11:25,723 I 145028 145265] raylet_client.cc:336: Error reporting task backlog information: IOError: 
[2022-01-12 10:11:25,853 W 145028 145266] metric_exporter.cc:206: Export metrics to agent failed: IOError: . This won't affect Ray, but you can lose metrics from the cluster.
[2022-01-12 10:11:26,723 I 145028 145265] raylet_client.cc:336: Error reporting task backlog information: IOError: 
[2022-01-12 10:11:27,724 I 145028 145265] raylet_client.cc:336: Error reporting task backlog information: IOError: 
[2022-01-12 10:11:28,724 I 145028 145265] raylet_client.cc:336: Error reporting task backlog information: IOError: 
[2022-01-12 10:11:29,724 I 145028 145265] raylet_client.cc:336: Error reporting task backlog information: IOError: 
[2022-01-12 10:11:30,724 I 145028 145265] raylet_client.cc:336: Error reporting task backlog information: IOError: 
[2022-01-12 10:11:31,725 I 145028 145265] raylet_client.cc:336: Error reporting task backlog information: IOError: 
[2022-01-12 10:11:32,725 I 145028 145265] raylet_client.cc:336: Error reporting task backlog information: IOError: 
[2022-01-12 10:11:33,725 I 145028 145265] raylet_client.cc:336: Error reporting task backlog information: IOError: 
[2022-01-12 10:11:34,725 I 145028 145265] raylet_client.cc:336: Error reporting task backlog information: IOError: 
[2022-01-12 10:11:35,725 I 145028 145265] raylet_client.cc:336: Error reporting task backlog information: IOError: 
[2022-01-12 10:11:35,864 W 145028 145266] metric_exporter.cc:206: Export metrics to agent failed: IOError: . This won't affect Ray, but you can lose metrics from the cluster.
[2022-01-12 10:11:36,726 I 145028 145265] raylet_client.cc:336: Error reporting task backlog information: IOError: 
[2022-01-12 10:11:37,726 I 145028 145265] raylet_client.cc:336: Error reporting task backlog information: IOError: 
[2022-01-12 10:11:38,726 I 145028 145265] raylet_client.cc:336: Error reporting task backlog information: IOError: 
[2022-01-12 10:11:39,726 I 145028 145265] raylet_client.cc:336: Error reporting task backlog information: IOError: 
[2022-01-12 10:11:40,727 I 145028 145265] raylet_client.cc:336: Error reporting task backlog information: IOError: 
[2022-01-12 10:11:41,727 I 145028 145265] raylet_client.cc:336: Error reporting task backlog information: IOError: 
[2022-01-12 10:11:42,727 I 145028 145265] raylet_client.cc:336: Error reporting task backlog information: IOError: 
[2022-01-12 10:11:43,727 I 145028 145265] raylet_client.cc:336: Error reporting task backlog information: IOError: 
[2022-01-12 10:11:44,728 I 145028 145265] raylet_client.cc:336: Error reporting task backlog information: IOError: 
[2022-01-12 10:11:45,728 I 145028 145265] raylet_client.cc:336: Error reporting task backlog information: IOError: 
[2022-01-12 10:11:45,875 W 145028 145266] metric_exporter.cc:206: Export metrics to agent failed: IOError: . This won't affect Ray, but you can lose metrics from the cluster.
[2022-01-12 10:11:46,728 I 145028 145265] raylet_client.cc:336: Error reporting task backlog information: IOError: 
[2022-01-12 10:11:47,728 I 145028 145265] raylet_client.cc:336: Error reporting task backlog information: IOError: 
[2022-01-12 10:11:48,728 I 145028 145265] raylet_client.cc:336: Error reporting task backlog information: IOError: 
[2022-01-12 10:11:49,729 I 145028 145265] raylet_client.cc:336: Error reporting task backlog information: IOError: 
[2022-01-12 10:11:50,729 I 145028 145265] raylet_client.cc:336: Error reporting task backlog information: IOError: 
[2022-01-12 10:11:51,729 I 145028 145265] raylet_client.cc:336: Error reporting task backlog information: IOError: 
[2022-01-12 10:11:52,729 I 145028 145265] raylet_client.cc:336: Error reporting task backlog information: IOError: 
[2022-01-12 10:11:53,729 I 145028 145265] raylet_client.cc:336: Error reporting task backlog information: IOError: 
[2022-01-12 10:11:54,730 I 145028 145265] raylet_client.cc:336: Error reporting task backlog information: IOError: 
[2022-01-12 10:11:55,730 I 145028 145265] raylet_client.cc:336: Error reporting task backlog information: IOError: 
[2022-01-12 10:11:55,887 W 145028 145266] metric_exporter.cc:206: Export metrics to agent failed: IOError: . This won't affect Ray, but you can lose metrics from the cluster.
[2022-01-12 10:11:56,730 I 145028 145265] raylet_client.cc:336: Error reporting task backlog information: IOError: 
[2022-01-12 10:11:57,730 I 145028 145265] raylet_client.cc:336: Error reporting task backlog information: IOError: 
[2022-01-12 10:11:58,731 I 145028 145265] raylet_client.cc:336: Error reporting task backlog information: IOError: 
[2022-01-12 10:11:59,731 I 145028 145265] raylet_client.cc:336: Error reporting task backlog information: IOError: 
[2022-01-12 10:12:00,731 I 145028 145265] raylet_client.cc:336: Error reporting task backlog information: IOError: 
[2022-01-12 10:12:01,731 I 145028 145265] raylet_client.cc:336: Error reporting task backlog information: IOError: 
[2022-01-12 10:12:02,731 I 145028 145265] raylet_client.cc:336: Error reporting task backlog information: IOError: 
[2022-01-12 10:12:03,732 I 145028 145265] raylet_client.cc:336: Error reporting task backlog information: IOError: 
[2022-01-12 10:12:04,732 I 145028 145265] raylet_client.cc:336: Error reporting task backlog information: IOError: 
[2022-01-12 10:12:05,732 I 145028 145265] raylet_client.cc:336: Error reporting task backlog information: IOError: 
[2022-01-12 10:12:05,898 W 145028 145266] metric_exporter.cc:206: Export metrics to agent failed: IOError: . This won't affect Ray, but you can lose metrics from the cluster.
[2022-01-12 10:12:06,732 I 145028 145265] raylet_client.cc:336: Error reporting task backlog information: IOError: 
[2022-01-12 10:12:07,732 I 145028 145265] raylet_client.cc:336: Error reporting task backlog information: IOError: 
[2022-01-12 10:12:08,733 I 145028 145265] raylet_client.cc:336: Error reporting task backlog information: IOError: 
[2022-01-12 10:12:09,733 I 145028 145265] raylet_client.cc:336: Error reporting task backlog information: IOError: 
[2022-01-12 10:12:10,733 I 145028 145265] raylet_client.cc:336: Error reporting task backlog information: IOError: 
[2022-01-12 10:12:11,734 I 145028 145265] raylet_client.cc:336: Error reporting task backlog information: IOError: 
[2022-01-12 10:12:12,734 I 145028 145265] raylet_client.cc:336: Error reporting task backlog information: IOError: 
[2022-01-12 10:12:13,734 I 145028 145265] raylet_client.cc:336: Error reporting task backlog information: IOError: 
[2022-01-12 10:12:14,734 I 145028 145265] raylet_client.cc:336: Error reporting task backlog information: IOError: 
[2022-01-12 10:12:15,735 I 145028 145265] raylet_client.cc:336: Error reporting task backlog information: IOError: 
[2022-01-12 10:12:15,910 W 145028 145266] metric_exporter.cc:206: Export metrics to agent failed: IOError: . This won't affect Ray, but you can lose metrics from the cluster.
[2022-01-12 10:12:16,735 I 145028 145265] raylet_client.cc:336: Error reporting task backlog information: IOError: 
[2022-01-12 10:12:17,735 I 145028 145265] raylet_client.cc:336: Error reporting task backlog information: IOError: 
[2022-01-12 10:12:18,735 I 145028 145265] raylet_client.cc:336: Error reporting task backlog information: IOError: 
[2022-01-12 10:12:19,736 I 145028 145265] raylet_client.cc:336: Error reporting task backlog information: IOError: 
[2022-01-12 10:12:20,736 I 145028 145265] raylet_client.cc:336: Error reporting task backlog information: IOError: 
[2022-01-12 10:12:21,736 I 145028 145265] raylet_client.cc:336: Error reporting task backlog information: IOError: 
[2022-01-12 10:12:22,736 I 145028 145265] raylet_client.cc:336: Error reporting task backlog information: IOError: 
[2022-01-12 10:12:23,736 I 145028 145265] raylet_client.cc:336: Error reporting task backlog information: IOError: 
[2022-01-12 10:12:24,737 I 145028 145265] raylet_client.cc:336: Error reporting task backlog information: IOError: 
[2022-01-12 10:12:25,737 I 145028 145265] raylet_client.cc:336: Error reporting task backlog information: IOError: 
[2022-01-12 10:12:25,924 W 145028 145266] metric_exporter.cc:206: Export metrics to agent failed: IOError: . This won't affect Ray, but you can lose metrics from the cluster.
[2022-01-12 10:12:26,737 I 145028 145265] raylet_client.cc:336: Error reporting task backlog information: IOError: 
[2022-01-12 10:12:27,737 I 145028 145265] raylet_client.cc:336: Error reporting task backlog information: IOError: 
[2022-01-12 10:12:28,737 I 145028 145265] raylet_client.cc:336: Error reporting task backlog information: IOError: 
[2022-01-12 10:12:29,738 I 145028 145265] raylet_client.cc:336: Error reporting task backlog information: IOError: 
[2022-01-12 10:12:30,738 I 145028 145265] raylet_client.cc:336: Error reporting task backlog information: IOError: 
[2022-01-12 10:12:31,738 I 145028 145265] raylet_client.cc:336: Error reporting task backlog information: IOError: 
[2022-01-12 10:12:32,738 I 145028 145265] raylet_client.cc:336: Error reporting task backlog information: IOError: 
[2022-01-12 10:12:33,739 I 145028 145265] raylet_client.cc:336: Error reporting task backlog information: IOError: 
[2022-01-12 10:12:34,739 I 145028 145265] raylet_client.cc:336: Error reporting task backlog information: IOError: 
[2022-01-12 10:12:35,739 I 145028 145265] raylet_client.cc:336: Error reporting task backlog information: IOError: 
[2022-01-12 10:12:35,936 W 145028 145266] metric_exporter.cc:206: Export metrics to agent failed: IOError: . This won't affect Ray, but you can lose metrics from the cluster.
[2022-01-12 10:12:36,739 I 145028 145265] raylet_client.cc:336: Error reporting task backlog information: IOError: 
[2022-01-12 10:12:37,740 I 145028 145265] raylet_client.cc:336: Error reporting task backlog information: IOError: 
[2022-01-12 10:12:38,740 I 145028 145265] raylet_client.cc:336: Error reporting task backlog information: IOError: 
[2022-01-12 10:12:39,740 I 145028 145265] raylet_client.cc:336: Error reporting task backlog information: IOError: 
[2022-01-12 10:12:40,740 I 145028 145265] raylet_client.cc:336: Error reporting task backlog information: IOError: 
[2022-01-12 10:12:41,741 I 145028 145265] raylet_client.cc:336: Error reporting task backlog information: IOError: 
[2022-01-12 10:12:42,741 I 145028 145265] raylet_client.cc:336: Error reporting task backlog information: IOError: 
[2022-01-12 10:12:43,741 I 145028 145265] raylet_client.cc:336: Error reporting task backlog information: IOError: 
[2022-01-12 10:12:44,741 I 145028 145265] raylet_client.cc:336: Error reporting task backlog information: IOError: 
[2022-01-12 10:12:45,741 I 145028 145265] raylet_client.cc:336: Error reporting task backlog information: IOError: 
[2022-01-12 10:12:45,948 W 145028 145266] metric_exporter.cc:206: Export metrics to agent failed: IOError: . This won't affect Ray, but you can lose metrics from the cluster.
[2022-01-12 10:12:46,741 I 145028 145265] raylet_client.cc:336: Error reporting task backlog information: IOError: 
[2022-01-12 10:12:47,742 I 145028 145265] raylet_client.cc:336: Error reporting task backlog information: IOError: 
[2022-01-12 10:12:48,742 I 145028 145265] raylet_client.cc:336: Error reporting task backlog information: IOError: 
[2022-01-12 10:12:49,742 I 145028 145265] raylet_client.cc:336: Error reporting task backlog information: IOError: 
[2022-01-12 10:12:50,742 I 145028 145265] raylet_client.cc:336: Error reporting task backlog information: IOError: 
[2022-01-12 10:12:51,743 I 145028 145265] raylet_client.cc:336: Error reporting task backlog information: IOError: 
[2022-01-12 10:12:52,743 I 145028 145265] raylet_client.cc:336: Error reporting task backlog information: IOError: 
[2022-01-12 10:12:53,743 I 145028 145265] raylet_client.cc:336: Error reporting task backlog information: IOError: 
[2022-01-12 10:12:54,743 I 145028 145265] raylet_client.cc:336: Error reporting task backlog information: IOError: 
[2022-01-12 10:12:55,743 I 145028 145265] raylet_client.cc:336: Error reporting task backlog information: IOError: 
[2022-01-12 10:12:55,961 W 145028 145266] metric_exporter.cc:206: Export metrics to agent failed: IOError: . This won't affect Ray, but you can lose metrics from the cluster.
[2022-01-12 10:12:56,744 I 145028 145265] raylet_client.cc:336: Error reporting task backlog information: IOError: 
[2022-01-12 10:12:57,744 I 145028 145265] raylet_client.cc:336: Error reporting task backlog information: IOError: 
[2022-01-12 10:12:58,744 I 145028 145265] raylet_client.cc:336: Error reporting task backlog information: IOError: 
[2022-01-12 10:12:59,744 I 145028 145265] raylet_client.cc:336: Error reporting task backlog information: IOError: 
[2022-01-12 10:13:00,745 I 145028 145265] raylet_client.cc:336: Error reporting task backlog information: IOError: 
[2022-01-12 10:13:01,745 I 145028 145265] raylet_client.cc:336: Error reporting task backlog information: IOError: 
[2022-01-12 10:13:02,745 I 145028 145265] raylet_client.cc:336: Error reporting task backlog information: IOError: 
[2022-01-12 10:13:03,745 I 145028 145265] raylet_client.cc:336: Error reporting task backlog information: IOError: 
[2022-01-12 10:13:04,746 I 145028 145265] raylet_client.cc:336: Error reporting task backlog information: IOError: 
[2022-01-12 10:13:05,746 I 145028 145265] raylet_client.cc:336: Error reporting task backlog information: IOError: 
[2022-01-12 10:13:05,974 W 145028 145266] metric_exporter.cc:206: Export metrics to agent failed: IOError: . This won't affect Ray, but you can lose metrics from the cluster.
[2022-01-12 10:13:06,746 I 145028 145265] raylet_client.cc:336: Error reporting task backlog information: IOError: 
[2022-01-12 10:13:07,746 I 145028 145265] raylet_client.cc:336: Error reporting task backlog information: IOError: 
[2022-01-12 10:13:08,747 I 145028 145265] raylet_client.cc:336: Error reporting task backlog information: IOError: 
[2022-01-12 10:13:09,747 I 145028 145265] raylet_client.cc:336: Error reporting task backlog information: IOError: 
[2022-01-12 10:13:10,747 I 145028 145265] raylet_client.cc:336: Error reporting task backlog information: IOError: 
[2022-01-12 10:13:11,747 I 145028 145265] raylet_client.cc:336: Error reporting task backlog information: IOError: 
[2022-01-12 10:13:12,748 I 145028 145265] raylet_client.cc:336: Error reporting task backlog information: IOError: 
[2022-01-12 10:13:13,748 I 145028 145265] raylet_client.cc:336: Error reporting task backlog information: IOError: 
[2022-01-12 10:13:14,748 I 145028 145265] raylet_client.cc:336: Error reporting task backlog information: IOError: 
[2022-01-12 10:13:15,748 I 145028 145265] raylet_client.cc:336: Error reporting task backlog information: IOError: 
[2022-01-12 10:13:15,986 W 145028 145266] metric_exporter.cc:206: Export metrics to agent failed: IOError: . This won't affect Ray, but you can lose metrics from the cluster.
[2022-01-12 10:13:16,748 I 145028 145265] raylet_client.cc:336: Error reporting task backlog information: IOError: 
[2022-01-12 10:13:17,749 I 145028 145265] raylet_client.cc:336: Error reporting task backlog information: IOError: 
[2022-01-12 10:13:18,749 I 145028 145265] raylet_client.cc:336: Error reporting task backlog information: IOError: 
[2022-01-12 10:13:19,749 I 145028 145265] raylet_client.cc:336: Error reporting task backlog information: IOError: 
[2022-01-12 10:13:20,749 I 145028 145265] raylet_client.cc:336: Error reporting task backlog information: IOError: 
[2022-01-12 10:13:21,750 I 145028 145265] raylet_client.cc:336: Error reporting task backlog information: IOError: 
[2022-01-12 10:13:22,750 I 145028 145265] raylet_client.cc:336: Error reporting task backlog information: IOError: 
[2022-01-12 10:13:23,750 I 145028 145265] raylet_client.cc:336: Error reporting task backlog information: IOError: 
[2022-01-12 10:13:24,750 I 145028 145265] raylet_client.cc:336: Error reporting task backlog information: IOError: 
[2022-01-12 10:13:25,751 I 145028 145265] raylet_client.cc:336: Error reporting task backlog information: IOError: 
[2022-01-12 10:13:25,998 W 145028 145266] metric_exporter.cc:206: Export metrics to agent failed: IOError: . This won't affect Ray, but you can lose metrics from the cluster.
[2022-01-12 10:13:26,751 I 145028 145265] raylet_client.cc:336: Error reporting task backlog information: IOError: 
[2022-01-12 10:13:27,751 I 145028 145265] raylet_client.cc:336: Error reporting task backlog information: IOError: 
[2022-01-12 10:13:28,752 I 145028 145265] raylet_client.cc:336: Error reporting task backlog information: IOError: 
[2022-01-12 10:13:29,752 I 145028 145265] raylet_client.cc:336: Error reporting task backlog information: IOError: 
[2022-01-12 10:13:30,752 I 145028 145265] raylet_client.cc:336: Error reporting task backlog information: IOError: 
[2022-01-12 10:13:31,752 I 145028 145265] raylet_client.cc:336: Error reporting task backlog information: IOError: 
[2022-01-12 10:13:32,753 I 145028 145265] raylet_client.cc:336: Error reporting task backlog information: IOError: 
[2022-01-12 10:13:33,753 I 145028 145265] raylet_client.cc:336: Error reporting task backlog information: IOError: 
[2022-01-12 10:13:34,753 I 145028 145265] raylet_client.cc:336: Error reporting task backlog information: IOError: 
[2022-01-12 10:13:35,753 I 145028 145265] raylet_client.cc:336: Error reporting task backlog information: IOError: 
[2022-01-12 10:13:36,010 W 145028 145266] metric_exporter.cc:206: Export metrics to agent failed: IOError: . This won't affect Ray, but you can lose metrics from the cluster.
[2022-01-12 10:13:36,753 I 145028 145265] raylet_client.cc:336: Error reporting task backlog information: IOError: 
[2022-01-12 10:13:37,753 I 145028 145265] raylet_client.cc:336: Error reporting task backlog information: IOError: 
[2022-01-12 10:13:38,754 I 145028 145265] raylet_client.cc:336: Error reporting task backlog information: IOError: 
[2022-01-12 10:13:39,754 I 145028 145265] raylet_client.cc:336: Error reporting task backlog information: IOError: 
[2022-01-12 10:13:40,754 I 145028 145265] raylet_client.cc:336: Error reporting task backlog information: IOError: 
[2022-01-12 10:13:41,754 I 145028 145265] raylet_client.cc:336: Error reporting task backlog information: IOError: 
[2022-01-12 10:13:42,754 I 145028 145265] raylet_client.cc:336: Error reporting task backlog information: IOError: 
[2022-01-12 10:13:43,754 I 145028 145265] raylet_client.cc:336: Error reporting task backlog information: IOError: 
[2022-01-12 10:13:44,754 I 145028 145265] raylet_client.cc:336: Error reporting task backlog information: IOError: 
[2022-01-12 10:13:45,755 I 145028 145265] raylet_client.cc:336: Error reporting task backlog information: IOError: 
[2022-01-12 10:13:46,019 W 145028 145266] metric_exporter.cc:206: Export metrics to agent failed: IOError: . This won't affect Ray, but you can lose metrics from the cluster.
[2022-01-12 10:13:46,755 I 145028 145265] raylet_client.cc:336: Error reporting task backlog information: IOError: 
[2022-01-12 10:13:47,755 I 145028 145265] raylet_client.cc:336: Error reporting task backlog information: IOError: 
[2022-01-12 10:13:48,756 I 145028 145265] raylet_client.cc:336: Error reporting task backlog information: IOError: 
[2022-01-12 10:13:49,756 I 145028 145265] raylet_client.cc:336: Error reporting task backlog information: IOError: 
[2022-01-12 10:13:50,756 I 145028 145265] raylet_client.cc:336: Error reporting task backlog information: IOError: 
[2022-01-12 10:13:51,756 I 145028 145265] raylet_client.cc:336: Error reporting task backlog information: IOError: 
[2022-01-12 10:13:52,757 I 145028 145265] raylet_client.cc:336: Error reporting task backlog information: IOError: 
[2022-01-12 10:13:53,757 I 145028 145265] raylet_client.cc:336: Error reporting task backlog information: IOError: 
[2022-01-12 10:13:54,757 I 145028 145265] raylet_client.cc:336: Error reporting task backlog information: IOError: 
[2022-01-12 10:13:55,757 I 145028 145265] raylet_client.cc:336: Error reporting task backlog information: IOError: 
[2022-01-12 10:13:56,030 W 145028 145266] metric_exporter.cc:206: Export metrics to agent failed: IOError: . This won't affect Ray, but you can lose metrics from the cluster.
[2022-01-12 10:13:56,757 I 145028 145265] raylet_client.cc:336: Error reporting task backlog information: IOError: 
[2022-01-12 10:13:57,758 I 145028 145265] raylet_client.cc:336: Error reporting task backlog information: IOError: 
[2022-01-12 10:13:58,757 I 145028 145265] raylet_client.cc:336: Error reporting task backlog information: IOError: 
[2022-01-12 10:13:59,758 I 145028 145265] raylet_client.cc:336: Error reporting task backlog information: IOError: 
[2022-01-12 10:14:00,758 I 145028 145265] raylet_client.cc:336: Error reporting task backlog information: IOError: 
[2022-01-12 10:14:01,758 I 145028 145265] raylet_client.cc:336: Error reporting task backlog information: IOError: 
[2022-01-12 10:14:02,758 I 145028 145265] raylet_client.cc:336: Error reporting task backlog information: IOError: 
[2022-01-12 10:14:03,758 I 145028 145265] raylet_client.cc:336: Error reporting task backlog information: IOError: 
[2022-01-12 10:14:04,759 I 145028 145265] raylet_client.cc:336: Error reporting task backlog information: IOError: 
[2022-01-12 10:14:05,759 I 145028 145265] raylet_client.cc:336: Error reporting task backlog information: IOError: 
[2022-01-12 10:14:06,040 W 145028 145266] metric_exporter.cc:206: Export metrics to agent failed: IOError: . This won't affect Ray, but you can lose metrics from the cluster.
[2022-01-12 10:14:06,759 I 145028 145265] raylet_client.cc:336: Error reporting task backlog information: IOError: 
[2022-01-12 10:14:07,759 I 145028 145265] raylet_client.cc:336: Error reporting task backlog information: IOError: 
[2022-01-12 10:14:08,759 I 145028 145265] raylet_client.cc:336: Error reporting task backlog information: IOError: 
[2022-01-12 10:14:09,759 I 145028 145265] raylet_client.cc:336: Error reporting task backlog information: IOError: 
[2022-01-12 10:14:10,759 I 145028 145265] raylet_client.cc:336: Error reporting task backlog information: IOError: 
[2022-01-12 10:14:11,760 I 145028 145265] raylet_client.cc:336: Error reporting task backlog information: IOError: 
[2022-01-12 10:14:12,760 I 145028 145265] raylet_client.cc:336: Error reporting task backlog information: IOError: 
[2022-01-12 10:14:13,760 I 145028 145265] raylet_client.cc:336: Error reporting task backlog information: IOError: 
[2022-01-12 10:14:14,760 I 145028 145265] raylet_client.cc:336: Error reporting task backlog information: IOError: 
[2022-01-12 10:14:15,761 I 145028 145265] raylet_client.cc:336: Error reporting task backlog information: IOError: 
[2022-01-12 10:14:16,050 W 145028 145266] metric_exporter.cc:206: Export metrics to agent failed: IOError: . This won't affect Ray, but you can lose metrics from the cluster.
[2022-01-12 10:14:16,761 I 145028 145265] raylet_client.cc:336: Error reporting task backlog information: IOError: 
[2022-01-12 10:14:17,761 I 145028 145265] raylet_client.cc:336: Error reporting task backlog information: IOError: 
[2022-01-12 10:14:18,761 I 145028 145265] raylet_client.cc:336: Error reporting task backlog information: IOError: 
[2022-01-12 10:14:19,761 I 145028 145265] raylet_client.cc:336: Error reporting task backlog information: IOError: 
[2022-01-12 10:14:20,761 I 145028 145265] raylet_client.cc:336: Error reporting task backlog information: IOError: 
[2022-01-12 10:14:21,762 I 145028 145265] raylet_client.cc:336: Error reporting task backlog information: IOError: 
[2022-01-12 10:14:22,762 I 145028 145265] raylet_client.cc:336: Error reporting task backlog information: IOError: 
[2022-01-12 10:14:23,762 I 145028 145265] raylet_client.cc:336: Error reporting task backlog information: IOError: 
[2022-01-12 10:14:24,762 I 145028 145265] raylet_client.cc:336: Error reporting task backlog information: IOError: 
[2022-01-12 10:14:25,762 I 145028 145265] raylet_client.cc:336: Error reporting task backlog information: IOError: 
[2022-01-12 10:14:26,059 W 145028 145266] metric_exporter.cc:206: Export metrics to agent failed: IOError: . This won't affect Ray, but you can lose metrics from the cluster.
[2022-01-12 10:14:26,762 I 145028 145265] raylet_client.cc:336: Error reporting task backlog information: IOError: 
[2022-01-12 10:14:27,763 I 145028 145265] raylet_client.cc:336: Error reporting task backlog information: IOError: 
[2022-01-12 10:14:28,763 I 145028 145265] raylet_client.cc:336: Error reporting task backlog information: IOError: 
[2022-01-12 10:14:29,763 I 145028 145265] raylet_client.cc:336: Error reporting task backlog information: IOError: 
[2022-01-12 10:14:30,763 I 145028 145265] raylet_client.cc:336: Error reporting task backlog information: IOError: 
[2022-01-12 10:14:31,763 I 145028 145265] raylet_client.cc:336: Error reporting task backlog information: IOError: 
[2022-01-12 10:14:32,763 I 145028 145265] raylet_client.cc:336: Error reporting task backlog information: IOError: 
[2022-01-12 10:14:33,763 I 145028 145265] raylet_client.cc:336: Error reporting task backlog information: IOError: 
[2022-01-12 10:14:34,763 I 145028 145265] raylet_client.cc:336: Error reporting task backlog information: IOError: 
[2022-01-12 10:14:35,763 I 145028 145265] raylet_client.cc:336: Error reporting task backlog information: IOError: 
[2022-01-12 10:14:36,067 W 145028 145266] metric_exporter.cc:206: Export metrics to agent failed: IOError: . This won't affect Ray, but you can lose metrics from the cluster.
[2022-01-12 10:14:36,763 I 145028 145265] raylet_client.cc:336: Error reporting task backlog information: IOError: 
[2022-01-12 10:14:37,763 I 145028 145265] raylet_client.cc:336: Error reporting task backlog information: IOError: 
[2022-01-12 10:14:38,764 I 145028 145265] raylet_client.cc:336: Error reporting task backlog information: IOError: 
[2022-01-12 10:14:39,764 I 145028 145265] raylet_client.cc:336: Error reporting task backlog information: IOError: 
[2022-01-12 10:14:40,764 I 145028 145265] raylet_client.cc:336: Error reporting task backlog information: IOError: 
[2022-01-12 10:14:41,764 I 145028 145265] raylet_client.cc:336: Error reporting task backlog information: IOError: 
[2022-01-12 10:14:42,764 I 145028 145265] raylet_client.cc:336: Error reporting task backlog information: IOError: 
[2022-01-12 10:14:43,764 I 145028 145265] raylet_client.cc:336: Error reporting task backlog information: IOError: 
[2022-01-12 10:14:44,764 I 145028 145265] raylet_client.cc:336: Error reporting task backlog information: IOError: 
[2022-01-12 10:14:45,764 I 145028 145265] raylet_client.cc:336: Error reporting task backlog information: IOError: 
[2022-01-12 10:14:46,074 W 145028 145266] metric_exporter.cc:206: Export metrics to agent failed: IOError: . This won't affect Ray, but you can lose metrics from the cluster.
[2022-01-12 10:14:46,764 I 145028 145265] raylet_client.cc:336: Error reporting task backlog information: IOError: 
[2022-01-12 10:14:47,764 I 145028 145265] raylet_client.cc:336: Error reporting task backlog information: IOError: 
[2022-01-12 10:14:48,764 I 145028 145265] raylet_client.cc:336: Error reporting task backlog information: IOError: 
[2022-01-12 10:14:49,764 I 145028 145265] raylet_client.cc:336: Error reporting task backlog information: IOError: 
[2022-01-12 10:14:50,764 I 145028 145265] raylet_client.cc:336: Error reporting task backlog information: IOError: 
[2022-01-12 10:14:51,764 I 145028 145265] raylet_client.cc:336: Error reporting task backlog information: IOError: 
[2022-01-12 10:14:52,765 I 145028 145265] raylet_client.cc:336: Error reporting task backlog information: IOError: 
[2022-01-12 10:14:53,765 I 145028 145265] raylet_client.cc:336: Error reporting task backlog information: IOError: 
[2022-01-12 10:14:54,765 I 145028 145265] raylet_client.cc:336: Error reporting task backlog information: IOError: 
[2022-01-12 10:14:55,765 I 145028 145265] raylet_client.cc:336: Error reporting task backlog information: IOError: 
[2022-01-12 10:14:56,081 W 145028 145266] metric_exporter.cc:206: Export metrics to agent failed: IOError: . This won't affect Ray, but you can lose metrics from the cluster.
[2022-01-12 10:14:56,765 I 145028 145265] raylet_client.cc:336: Error reporting task backlog information: IOError: 
[2022-01-12 10:14:57,765 I 145028 145265] raylet_client.cc:336: Error reporting task backlog information: IOError: 
[2022-01-12 10:14:58,765 I 145028 145265] raylet_client.cc:336: Error reporting task backlog information: IOError: 
[2022-01-12 10:14:59,765 I 145028 145265] raylet_client.cc:336: Error reporting task backlog information: IOError: 
[2022-01-12 10:15:00,765 I 145028 145265] raylet_client.cc:336: Error reporting task backlog information: IOError: 
[2022-01-12 10:15:01,765 I 145028 145265] raylet_client.cc:336: Error reporting task backlog information: IOError: 
[2022-01-12 10:15:02,765 I 145028 145265] raylet_client.cc:336: Error reporting task backlog information: IOError: 
[2022-01-12 10:15:03,765 I 145028 145265] raylet_client.cc:336: Error reporting task backlog information: IOError: 
[2022-01-12 10:15:04,766 I 145028 145265] raylet_client.cc:336: Error reporting task backlog information: IOError: 
[2022-01-12 10:15:05,766 I 145028 145265] raylet_client.cc:336: Error reporting task backlog information: IOError: 
[2022-01-12 10:15:06,089 W 145028 145266] metric_exporter.cc:206: Export metrics to agent failed: IOError: . This won't affect Ray, but you can lose metrics from the cluster.
[2022-01-12 10:15:06,766 I 145028 145265] raylet_client.cc:336: Error reporting task backlog information: IOError: 
[2022-01-12 10:15:07,766 I 145028 145265] raylet_client.cc:336: Error reporting task backlog information: IOError: 
[2022-01-12 10:15:08,766 I 145028 145265] raylet_client.cc:336: Error reporting task backlog information: IOError: 
[2022-01-12 10:15:09,766 I 145028 145265] raylet_client.cc:336: Error reporting task backlog information: IOError: 
[2022-01-12 10:15:10,766 I 145028 145265] raylet_client.cc:336: Error reporting task backlog information: IOError: 
[2022-01-12 10:15:11,766 I 145028 145265] raylet_client.cc:336: Error reporting task backlog information: IOError: 
[2022-01-12 10:15:12,766 I 145028 145265] raylet_client.cc:336: Error reporting task backlog information: IOError: 
[2022-01-12 10:15:13,767 I 145028 145265] raylet_client.cc:336: Error reporting task backlog information: IOError: 
[2022-01-12 10:15:14,767 I 145028 145265] raylet_client.cc:336: Error reporting task backlog information: IOError: 
[2022-01-12 10:15:15,767 I 145028 145265] raylet_client.cc:336: Error reporting task backlog information: IOError: 
[2022-01-12 10:15:16,096 W 145028 145266] metric_exporter.cc:206: Export metrics to agent failed: IOError: . This won't affect Ray, but you can lose metrics from the cluster.
[2022-01-12 10:15:16,767 I 145028 145265] raylet_client.cc:336: Error reporting task backlog information: IOError: 
[2022-01-12 10:15:17,767 I 145028 145265] raylet_client.cc:336: Error reporting task backlog information: IOError: 
[2022-01-12 10:15:18,770 I 145028 145265] raylet_client.cc:336: Error reporting task backlog information: IOError: 
[2022-01-12 10:15:19,767 I 145028 145265] raylet_client.cc:336: Error reporting task backlog information: IOError: 
[2022-01-12 10:15:20,767 I 145028 145265] raylet_client.cc:336: Error reporting task backlog information: IOError: 
[2022-01-12 10:15:21,768 I 145028 145265] raylet_client.cc:336: Error reporting task backlog information: IOError: 
[2022-01-12 10:15:22,768 I 145028 145265] raylet_client.cc:336: Error reporting task backlog information: IOError: 
[2022-01-12 10:15:23,768 I 145028 145265] raylet_client.cc:336: Error reporting task backlog information: IOError: 
[2022-01-12 10:15:24,768 I 145028 145265] raylet_client.cc:336: Error reporting task backlog information: IOError: 
[2022-01-12 10:15:25,769 I 145028 145265] raylet_client.cc:336: Error reporting task backlog information: IOError: 
[2022-01-12 10:15:26,106 W 145028 145266] metric_exporter.cc:206: Export metrics to agent failed: IOError: . This won't affect Ray, but you can lose metrics from the cluster.
[2022-01-12 10:15:26,769 I 145028 145265] raylet_client.cc:336: Error reporting task backlog information: IOError: 
[2022-01-12 10:15:27,769 I 145028 145265] raylet_client.cc:336: Error reporting task backlog information: IOError: 
[2022-01-12 10:15:28,769 I 145028 145265] raylet_client.cc:336: Error reporting task backlog information: IOError: 
[2022-01-12 10:15:29,769 I 145028 145265] raylet_client.cc:336: Error reporting task backlog information: IOError: 
[2022-01-12 10:15:30,769 I 145028 145265] raylet_client.cc:336: Error reporting task backlog information: IOError: 
[2022-01-12 10:15:31,770 I 145028 145265] raylet_client.cc:336: Error reporting task backlog information: IOError: 
[2022-01-12 10:15:32,770 I 145028 145265] raylet_client.cc:336: Error reporting task backlog information: IOError: 
[2022-01-12 10:15:33,770 I 145028 145265] raylet_client.cc:336: Error reporting task backlog information: IOError: 
[2022-01-12 10:15:34,770 I 145028 145265] raylet_client.cc:336: Error reporting task backlog information: IOError: 
[2022-01-12 10:15:35,771 I 145028 145265] raylet_client.cc:336: Error reporting task backlog information: IOError: 
[2022-01-12 10:15:36,118 W 145028 145266] metric_exporter.cc:206: Export metrics to agent failed: IOError: . This won't affect Ray, but you can lose metrics from the cluster.
[2022-01-12 10:15:36,771 I 145028 145265] raylet_client.cc:336: Error reporting task backlog information: IOError: 
[2022-01-12 10:15:37,771 I 145028 145265] raylet_client.cc:336: Error reporting task backlog information: IOError: 
[2022-01-12 10:15:38,771 I 145028 145265] raylet_client.cc:336: Error reporting task backlog information: IOError: 
[2022-01-12 10:15:39,772 I 145028 145265] raylet_client.cc:336: Error reporting task backlog information: IOError: 
[2022-01-12 10:15:40,772 I 145028 145265] raylet_client.cc:336: Error reporting task backlog information: IOError: 
[2022-01-12 10:15:41,772 I 145028 145265] raylet_client.cc:336: Error reporting task backlog information: IOError: 
[2022-01-12 10:15:42,772 I 145028 145265] raylet_client.cc:336: Error reporting task backlog information: IOError: 
[2022-01-12 10:15:43,772 I 145028 145265] raylet_client.cc:336: Error reporting task backlog information: IOError: 
[2022-01-12 10:15:44,773 I 145028 145265] raylet_client.cc:336: Error reporting task backlog information: IOError: 
[2022-01-12 10:15:45,773 I 145028 145265] raylet_client.cc:336: Error reporting task backlog information: IOError: 
[2022-01-12 10:15:46,132 W 145028 145266] metric_exporter.cc:206: Export metrics to agent failed: IOError: . This won't affect Ray, but you can lose metrics from the cluster.
[2022-01-12 10:15:46,773 I 145028 145265] raylet_client.cc:336: Error reporting task backlog information: IOError: 
[2022-01-12 10:15:47,773 I 145028 145265] raylet_client.cc:336: Error reporting task backlog information: IOError: 
[2022-01-12 10:15:48,774 I 145028 145265] raylet_client.cc:336: Error reporting task backlog information: IOError: 
[2022-01-12 10:15:49,774 I 145028 145265] raylet_client.cc:336: Error reporting task backlog information: IOError: 
[2022-01-12 10:15:50,774 I 145028 145265] raylet_client.cc:336: Error reporting task backlog information: IOError: 
[2022-01-12 10:15:51,775 I 145028 145265] raylet_client.cc:336: Error reporting task backlog information: IOError: 
[2022-01-12 10:15:52,775 I 145028 145265] raylet_client.cc:336: Error reporting task backlog information: IOError: 
[2022-01-12 10:15:53,775 I 145028 145265] raylet_client.cc:336: Error reporting task backlog information: IOError: 
[2022-01-12 10:15:54,775 I 145028 145265] raylet_client.cc:336: Error reporting task backlog information: IOError: 
[2022-01-12 10:15:55,776 I 145028 145265] raylet_client.cc:336: Error reporting task backlog information: IOError: 
[2022-01-12 10:15:56,144 W 145028 145266] metric_exporter.cc:206: Export metrics to agent failed: IOError: . This won't affect Ray, but you can lose metrics from the cluster.
[2022-01-12 10:15:56,776 I 145028 145265] raylet_client.cc:336: Error reporting task backlog information: IOError: 
[2022-01-12 10:15:57,776 I 145028 145265] raylet_client.cc:336: Error reporting task backlog information: IOError: 
[2022-01-12 10:15:58,777 I 145028 145265] raylet_client.cc:336: Error reporting task backlog information: IOError: 
[2022-01-12 10:15:59,777 I 145028 145265] raylet_client.cc:336: Error reporting task backlog information: IOError: 
[2022-01-12 10:16:00,777 I 145028 145265] raylet_client.cc:336: Error reporting task backlog information: IOError: 
[2022-01-12 10:16:01,777 I 145028 145265] raylet_client.cc:336: Error reporting task backlog information: IOError: 
[2022-01-12 10:16:02,777 I 145028 145265] raylet_client.cc:336: Error reporting task backlog information: IOError: 
[2022-01-12 10:16:03,778 I 145028 145265] raylet_client.cc:336: Error reporting task backlog information: IOError: 
[2022-01-12 10:16:04,778 I 145028 145265] raylet_client.cc:336: Error reporting task backlog information: IOError: 
[2022-01-12 10:16:05,778 I 145028 145265] raylet_client.cc:336: Error reporting task backlog information: IOError: 
[2022-01-12 10:16:06,155 W 145028 145266] metric_exporter.cc:206: Export metrics to agent failed: IOError: . This won't affect Ray, but you can lose metrics from the cluster.
[2022-01-12 10:16:06,779 I 145028 145265] raylet_client.cc:336: Error reporting task backlog information: IOError: 
[2022-01-12 10:16:07,779 I 145028 145265] raylet_client.cc:336: Error reporting task backlog information: IOError: 
[2022-01-12 10:16:08,779 I 145028 145265] raylet_client.cc:336: Error reporting task backlog information: IOError: 
[2022-01-12 10:16:09,779 I 145028 145265] raylet_client.cc:336: Error reporting task backlog information: IOError: 
[2022-01-12 10:16:10,663 W 145028 145149] gcs_server_address_updater.cc:61: [301] Failed to get the gcs server address from raylet 301 times in a row. If it keeps failing to obtain the address, the worker might crash. Connection status IOError: 
[2022-01-12 10:16:10,780 I 145028 145265] raylet_client.cc:336: Error reporting task backlog information: IOError: 
[2022-01-12 10:16:11,780 I 145028 145265] raylet_client.cc:336: Error reporting task backlog information: IOError: 
[2022-01-12 10:16:12,780 I 145028 145265] raylet_client.cc:336: Error reporting task backlog information: IOError: 
[2022-01-12 10:16:13,780 I 145028 145265] raylet_client.cc:336: Error reporting task backlog information: IOError: 
[2022-01-12 10:16:14,781 I 145028 145265] raylet_client.cc:336: Error reporting task backlog information: IOError: 
[2022-01-12 10:16:15,781 I 145028 145265] raylet_client.cc:336: Error reporting task backlog information: IOError: 
[2022-01-12 10:16:16,166 W 145028 145266] metric_exporter.cc:206: Export metrics to agent failed: IOError: . This won't affect Ray, but you can lose metrics from the cluster.
[2022-01-12 10:16:16,781 I 145028 145265] raylet_client.cc:336: Error reporting task backlog information: IOError: 
[2022-01-12 10:16:17,781 I 145028 145265] raylet_client.cc:336: Error reporting task backlog information: IOError: 
[2022-01-12 10:16:18,781 I 145028 145265] raylet_client.cc:336: Error reporting task backlog information: IOError: 
[2022-01-12 10:16:19,782 I 145028 145265] raylet_client.cc:336: Error reporting task backlog information: IOError: 
[2022-01-12 10:16:20,782 I 145028 145265] raylet_client.cc:336: Error reporting task backlog information: IOError: 
[2022-01-12 10:16:21,782 I 145028 145265] raylet_client.cc:336: Error reporting task backlog information: IOError: 
[2022-01-12 10:16:22,782 I 145028 145265] raylet_client.cc:336: Error reporting task backlog information: IOError: 
[2022-01-12 10:16:23,783 I 145028 145265] raylet_client.cc:336: Error reporting task backlog information: IOError: 
[2022-01-12 10:16:24,783 I 145028 145265] raylet_client.cc:336: Error reporting task backlog information: IOError: 
[2022-01-12 10:16:25,783 I 145028 145265] raylet_client.cc:336: Error reporting task backlog information: IOError: 
[2022-01-12 10:16:26,178 W 145028 145266] metric_exporter.cc:206: Export metrics to agent failed: IOError: . This won't affect Ray, but you can lose metrics from the cluster.
[2022-01-12 10:16:26,783 I 145028 145265] raylet_client.cc:336: Error reporting task backlog information: IOError: 
[2022-01-12 10:16:27,783 I 145028 145265] raylet_client.cc:336: Error reporting task backlog information: IOError: 
[2022-01-12 10:16:28,784 I 145028 145265] raylet_client.cc:336: Error reporting task backlog information: IOError: 
[2022-01-12 10:16:29,784 I 145028 145265] raylet_client.cc:336: Error reporting task backlog information: IOError: 
[2022-01-12 10:16:30,784 I 145028 145265] raylet_client.cc:336: Error reporting task backlog information: IOError: 
[2022-01-12 10:16:31,785 I 145028 145265] raylet_client.cc:336: Error reporting task backlog information: IOError: 
[2022-01-12 10:16:32,785 I 145028 145265] raylet_client.cc:336: Error reporting task backlog information: IOError: 
[2022-01-12 10:16:33,785 I 145028 145265] raylet_client.cc:336: Error reporting task backlog information: IOError: 
[2022-01-12 10:16:34,785 I 145028 145265] raylet_client.cc:336: Error reporting task backlog information: IOError: 
[2022-01-12 10:16:35,786 I 145028 145265] raylet_client.cc:336: Error reporting task backlog information: IOError: 
[2022-01-12 10:16:36,190 W 145028 145266] metric_exporter.cc:206: Export metrics to agent failed: IOError: . This won't affect Ray, but you can lose metrics from the cluster.
[2022-01-12 10:16:36,786 I 145028 145265] raylet_client.cc:336: Error reporting task backlog information: IOError: 
[2022-01-12 10:16:37,786 I 145028 145265] raylet_client.cc:336: Error reporting task backlog information: IOError: 
[2022-01-12 10:16:38,787 I 145028 145265] raylet_client.cc:336: Error reporting task backlog information: IOError: 
[2022-01-12 10:16:39,787 I 145028 145265] raylet_client.cc:336: Error reporting task backlog information: IOError: 
[2022-01-12 10:16:40,787 I 145028 145265] raylet_client.cc:336: Error reporting task backlog information: IOError: 
[2022-01-12 10:16:41,787 I 145028 145265] raylet_client.cc:336: Error reporting task backlog information: IOError: 
[2022-01-12 10:16:42,788 I 145028 145265] raylet_client.cc:336: Error reporting task backlog information: IOError: 
[2022-01-12 10:16:43,788 I 145028 145265] raylet_client.cc:336: Error reporting task backlog information: IOError: 
[2022-01-12 10:16:44,788 I 145028 145265] raylet_client.cc:336: Error reporting task backlog information: IOError: 
[2022-01-12 10:16:45,788 I 145028 145265] raylet_client.cc:336: Error reporting task backlog information: IOError: 
[2022-01-12 10:16:46,201 W 145028 145266] metric_exporter.cc:206: Export metrics to agent failed: IOError: . This won't affect Ray, but you can lose metrics from the cluster.
[2022-01-12 10:16:46,789 I 145028 145265] raylet_client.cc:336: Error reporting task backlog information: IOError: 
[2022-01-12 10:16:47,789 I 145028 145265] raylet_client.cc:336: Error reporting task backlog information: IOError: 
[2022-01-12 10:16:48,789 I 145028 145265] raylet_client.cc:336: Error reporting task backlog information: IOError: 
[2022-01-12 10:16:49,789 I 145028 145265] raylet_client.cc:336: Error reporting task backlog information: IOError: 
[2022-01-12 10:16:50,790 I 145028 145265] raylet_client.cc:336: Error reporting task backlog information: IOError: 
[2022-01-12 10:16:51,790 I 145028 145265] raylet_client.cc:336: Error reporting task backlog information: IOError: 
[2022-01-12 10:16:52,790 I 145028 145265] raylet_client.cc:336: Error reporting task backlog information: IOError: 
[2022-01-12 10:16:53,791 I 145028 145265] raylet_client.cc:336: Error reporting task backlog information: IOError: 
[2022-01-12 10:16:54,791 I 145028 145265] raylet_client.cc:336: Error reporting task backlog information: IOError: 
[2022-01-12 10:16:55,791 I 145028 145265] raylet_client.cc:336: Error reporting task backlog information: IOError: 
[2022-01-12 10:16:56,214 W 145028 145266] metric_exporter.cc:206: Export metrics to agent failed: IOError: . This won't affect Ray, but you can lose metrics from the cluster.
[2022-01-12 10:16:56,791 I 145028 145265] raylet_client.cc:336: Error reporting task backlog information: IOError: 
[2022-01-12 10:16:57,792 I 145028 145265] raylet_client.cc:336: Error reporting task backlog information: IOError: 
[2022-01-12 10:16:58,792 I 145028 145265] raylet_client.cc:336: Error reporting task backlog information: IOError: 
[2022-01-12 10:16:59,792 I 145028 145265] raylet_client.cc:336: Error reporting task backlog information: IOError: 
[2022-01-12 10:17:00,793 I 145028 145265] raylet_client.cc:336: Error reporting task backlog information: IOError: 
[2022-01-12 10:17:01,793 I 145028 145265] raylet_client.cc:336: Error reporting task backlog information: IOError: 
[2022-01-12 10:17:02,793 I 145028 145265] raylet_client.cc:336: Error reporting task backlog information: IOError: 
[2022-01-12 10:17:03,793 I 145028 145265] raylet_client.cc:336: Error reporting task backlog information: IOError: 
[2022-01-12 10:17:04,793 I 145028 145265] raylet_client.cc:336: Error reporting task backlog information: IOError: 
[2022-01-12 10:17:05,794 I 145028 145265] raylet_client.cc:336: Error reporting task backlog information: IOError: 
[2022-01-12 10:17:06,227 W 145028 145266] metric_exporter.cc:206: Export metrics to agent failed: IOError: . This won't affect Ray, but you can lose metrics from the cluster.
[2022-01-12 10:17:06,794 I 145028 145265] raylet_client.cc:336: Error reporting task backlog information: IOError: 
[2022-01-12 10:17:07,794 I 145028 145265] raylet_client.cc:336: Error reporting task backlog information: IOError: 
[2022-01-12 10:17:08,795 I 145028 145265] raylet_client.cc:336: Error reporting task backlog information: IOError: 
[2022-01-12 10:17:09,795 I 145028 145265] raylet_client.cc:336: Error reporting task backlog information: IOError: 
[2022-01-12 10:17:10,795 I 145028 145265] raylet_client.cc:336: Error reporting task backlog information: IOError: 
[2022-01-12 10:17:11,795 I 145028 145265] raylet_client.cc:336: Error reporting task backlog information: IOError: 
[2022-01-12 10:17:12,796 I 145028 145265] raylet_client.cc:336: Error reporting task backlog information: IOError: 
[2022-01-12 10:17:13,796 I 145028 145265] raylet_client.cc:336: Error reporting task backlog information: IOError: 
[2022-01-12 10:17:14,796 I 145028 145265] raylet_client.cc:336: Error reporting task backlog information: IOError: 
[2022-01-12 10:17:15,796 I 145028 145265] raylet_client.cc:336: Error reporting task backlog information: IOError: 
[2022-01-12 10:17:16,239 W 145028 145266] metric_exporter.cc:206: Export metrics to agent failed: IOError: . This won't affect Ray, but you can lose metrics from the cluster.
[2022-01-12 10:17:16,797 I 145028 145265] raylet_client.cc:336: Error reporting task backlog information: IOError: 
[2022-01-12 10:17:17,797 I 145028 145265] raylet_client.cc:336: Error reporting task backlog information: IOError: 
[2022-01-12 10:17:18,797 I 145028 145265] raylet_client.cc:336: Error reporting task backlog information: IOError: 
[2022-01-12 10:17:19,797 I 145028 145265] raylet_client.cc:336: Error reporting task backlog information: IOError: 
[2022-01-12 10:17:20,798 I 145028 145265] raylet_client.cc:336: Error reporting task backlog information: IOError: 
[2022-01-12 10:17:21,798 I 145028 145265] raylet_client.cc:336: Error reporting task backlog information: IOError: 
[2022-01-12 10:17:22,798 I 145028 145265] raylet_client.cc:336: Error reporting task backlog information: IOError: 
[2022-01-12 10:17:23,798 I 145028 145265] raylet_client.cc:336: Error reporting task backlog information: IOError: 
[2022-01-12 10:17:24,799 I 145028 145265] raylet_client.cc:336: Error reporting task backlog information: IOError: 
[2022-01-12 10:17:25,799 I 145028 145265] raylet_client.cc:336: Error reporting task backlog information: IOError: 
[2022-01-12 10:17:26,251 W 145028 145266] metric_exporter.cc:206: Export metrics to agent failed: IOError: . This won't affect Ray, but you can lose metrics from the cluster.
[2022-01-12 10:17:26,799 I 145028 145265] raylet_client.cc:336: Error reporting task backlog information: IOError: 
[2022-01-12 10:17:27,800 I 145028 145265] raylet_client.cc:336: Error reporting task backlog information: IOError: 
[2022-01-12 10:17:28,800 I 145028 145265] raylet_client.cc:336: Error reporting task backlog information: IOError: 
[2022-01-12 10:17:29,800 I 145028 145265] raylet_client.cc:336: Error reporting task backlog information: IOError: 
[2022-01-12 10:17:30,800 I 145028 145265] raylet_client.cc:336: Error reporting task backlog information: IOError: 
[2022-01-12 10:17:31,800 I 145028 145265] raylet_client.cc:336: Error reporting task backlog information: IOError: 
[2022-01-12 10:17:32,801 I 145028 145265] raylet_client.cc:336: Error reporting task backlog information: IOError: 
[2022-01-12 10:17:33,801 I 145028 145265] raylet_client.cc:336: Error reporting task backlog information: IOError: 
[2022-01-12 10:17:34,801 I 145028 145265] raylet_client.cc:336: Error reporting task backlog information: IOError: 
[2022-01-12 10:17:35,802 I 145028 145265] raylet_client.cc:336: Error reporting task backlog information: IOError: 
[2022-01-12 10:17:36,263 W 145028 145266] metric_exporter.cc:206: Export metrics to agent failed: IOError: . This won't affect Ray, but you can lose metrics from the cluster.
[2022-01-12 10:17:36,802 I 145028 145265] raylet_client.cc:336: Error reporting task backlog information: IOError: 
[2022-01-12 10:17:37,802 I 145028 145265] raylet_client.cc:336: Error reporting task backlog information: IOError: 
[2022-01-12 10:17:38,802 I 145028 145265] raylet_client.cc:336: Error reporting task backlog information: IOError: 
[2022-01-12 10:17:39,803 I 145028 145265] raylet_client.cc:336: Error reporting task backlog information: IOError: 
[2022-01-12 10:17:40,803 I 145028 145265] raylet_client.cc:336: Error reporting task backlog information: IOError: 
[2022-01-12 10:17:41,803 I 145028 145265] raylet_client.cc:336: Error reporting task backlog information: IOError: 
[2022-01-12 10:17:42,804 I 145028 145265] raylet_client.cc:336: Error reporting task backlog information: IOError: 
[2022-01-12 10:17:43,804 I 145028 145265] raylet_client.cc:336: Error reporting task backlog information: IOError: 
[2022-01-12 10:17:44,804 I 145028 145265] raylet_client.cc:336: Error reporting task backlog information: IOError: 
[2022-01-12 10:17:45,804 I 145028 145265] raylet_client.cc:336: Error reporting task backlog information: IOError: 
[2022-01-12 10:17:46,274 W 145028 145266] metric_exporter.cc:206: Export metrics to agent failed: IOError: . This won't affect Ray, but you can lose metrics from the cluster.
[2022-01-12 10:17:46,805 I 145028 145265] raylet_client.cc:336: Error reporting task backlog information: IOError: 
[2022-01-12 10:17:47,805 I 145028 145265] raylet_client.cc:336: Error reporting task backlog information: IOError: 
[2022-01-12 10:17:48,805 I 145028 145265] raylet_client.cc:336: Error reporting task backlog information: IOError: 
[2022-01-12 10:17:49,806 I 145028 145265] raylet_client.cc:336: Error reporting task backlog information: IOError: 
[2022-01-12 10:17:50,806 I 145028 145265] raylet_client.cc:336: Error reporting task backlog information: IOError: 
[2022-01-12 10:17:51,806 I 145028 145265] raylet_client.cc:336: Error reporting task backlog information: IOError: 
[2022-01-12 10:17:52,806 I 145028 145265] raylet_client.cc:336: Error reporting task backlog information: IOError: 
[2022-01-12 10:17:53,807 I 145028 145265] raylet_client.cc:336: Error reporting task backlog information: IOError: 
[2022-01-12 10:17:54,807 I 145028 145265] raylet_client.cc:336: Error reporting task backlog information: IOError: 
[2022-01-12 10:17:55,807 I 145028 145265] raylet_client.cc:336: Error reporting task backlog information: IOError: 
[2022-01-12 10:17:56,287 W 145028 145266] metric_exporter.cc:206: Export metrics to agent failed: IOError: . This won't affect Ray, but you can lose metrics from the cluster.
[2022-01-12 10:17:56,807 I 145028 145265] raylet_client.cc:336: Error reporting task backlog information: IOError: 
[2022-01-12 10:17:57,808 I 145028 145265] raylet_client.cc:336: Error reporting task backlog information: IOError: 
[2022-01-12 10:17:58,808 I 145028 145265] raylet_client.cc:336: Error reporting task backlog information: IOError: 
[2022-01-12 10:17:59,808 I 145028 145265] raylet_client.cc:336: Error reporting task backlog information: IOError: 
[2022-01-12 10:18:00,808 I 145028 145265] raylet_client.cc:336: Error reporting task backlog information: IOError: 
[2022-01-12 10:18:01,808 I 145028 145265] raylet_client.cc:336: Error reporting task backlog information: IOError: 
[2022-01-12 10:18:02,809 I 145028 145265] raylet_client.cc:336: Error reporting task backlog information: IOError: 
[2022-01-12 10:18:03,809 I 145028 145265] raylet_client.cc:336: Error reporting task backlog information: IOError: 
[2022-01-12 10:18:04,809 I 145028 145265] raylet_client.cc:336: Error reporting task backlog information: IOError: 
[2022-01-12 10:18:05,810 I 145028 145265] raylet_client.cc:336: Error reporting task backlog information: IOError: 
[2022-01-12 10:18:06,299 W 145028 145266] metric_exporter.cc:206: Export metrics to agent failed: IOError: . This won't affect Ray, but you can lose metrics from the cluster.
[2022-01-12 10:18:06,810 I 145028 145265] raylet_client.cc:336: Error reporting task backlog information: IOError: 
[2022-01-12 10:18:07,810 I 145028 145265] raylet_client.cc:336: Error reporting task backlog information: IOError: 
[2022-01-12 10:18:08,811 I 145028 145265] raylet_client.cc:336: Error reporting task backlog information: IOError: 
[2022-01-12 10:18:09,811 I 145028 145265] raylet_client.cc:336: Error reporting task backlog information: IOError: 
[2022-01-12 10:18:10,811 I 145028 145265] raylet_client.cc:336: Error reporting task backlog information: IOError: 
[2022-01-12 10:18:11,812 I 145028 145265] raylet_client.cc:336: Error reporting task backlog information: IOError: 
[2022-01-12 10:18:12,812 I 145028 145265] raylet_client.cc:336: Error reporting task backlog information: IOError: 
[2022-01-12 10:18:13,812 I 145028 145265] raylet_client.cc:336: Error reporting task backlog information: IOError: 
[2022-01-12 10:18:14,812 I 145028 145265] raylet_client.cc:336: Error reporting task backlog information: IOError: 
[2022-01-12 10:18:15,813 I 145028 145265] raylet_client.cc:336: Error reporting task backlog information: IOError: 
[2022-01-12 10:18:16,312 W 145028 145266] metric_exporter.cc:206: Export metrics to agent failed: IOError: . This won't affect Ray, but you can lose metrics from the cluster.
[2022-01-12 10:18:16,813 I 145028 145265] raylet_client.cc:336: Error reporting task backlog information: IOError: 
[2022-01-12 10:18:17,813 I 145028 145265] raylet_client.cc:336: Error reporting task backlog information: IOError: 
[2022-01-12 10:18:18,813 I 145028 145265] raylet_client.cc:336: Error reporting task backlog information: IOError: 
[2022-01-12 10:18:19,814 I 145028 145265] raylet_client.cc:336: Error reporting task backlog information: IOError: 
[2022-01-12 10:18:20,814 I 145028 145265] raylet_client.cc:336: Error reporting task backlog information: IOError: 
[2022-01-12 10:18:21,814 I 145028 145265] raylet_client.cc:336: Error reporting task backlog information: IOError: 
[2022-01-12 10:18:22,815 I 145028 145265] raylet_client.cc:336: Error reporting task backlog information: IOError: 
[2022-01-12 10:18:23,815 I 145028 145265] raylet_client.cc:336: Error reporting task backlog information: IOError: 
[2022-01-12 10:18:24,815 I 145028 145265] raylet_client.cc:336: Error reporting task backlog information: IOError: 
[2022-01-12 10:18:25,816 I 145028 145265] raylet_client.cc:336: Error reporting task backlog information: IOError: 
[2022-01-12 10:18:26,324 W 145028 145266] metric_exporter.cc:206: Export metrics to agent failed: IOError: . This won't affect Ray, but you can lose metrics from the cluster.
[2022-01-12 10:18:26,816 I 145028 145265] raylet_client.cc:336: Error reporting task backlog information: IOError: 
[2022-01-12 10:18:27,816 I 145028 145265] raylet_client.cc:336: Error reporting task backlog information: IOError: 
[2022-01-12 10:18:28,816 I 145028 145265] raylet_client.cc:336: Error reporting task backlog information: IOError: 
[2022-01-12 10:18:29,817 I 145028 145265] raylet_client.cc:336: Error reporting task backlog information: IOError: 
[2022-01-12 10:18:30,817 I 145028 145265] raylet_client.cc:336: Error reporting task backlog information: IOError: 
[2022-01-12 10:18:31,817 I 145028 145265] raylet_client.cc:336: Error reporting task backlog information: IOError: 
[2022-01-12 10:18:32,818 I 145028 145265] raylet_client.cc:336: Error reporting task backlog information: IOError: 
[2022-01-12 10:18:33,818 I 145028 145265] raylet_client.cc:336: Error reporting task backlog information: IOError: 
[2022-01-12 10:18:34,818 I 145028 145265] raylet_client.cc:336: Error reporting task backlog information: IOError: 
[2022-01-12 10:18:35,818 I 145028 145265] raylet_client.cc:336: Error reporting task backlog information: IOError: 
[2022-01-12 10:18:36,336 W 145028 145266] metric_exporter.cc:206: Export metrics to agent failed: IOError: . This won't affect Ray, but you can lose metrics from the cluster.
[2022-01-12 10:18:36,819 I 145028 145265] raylet_client.cc:336: Error reporting task backlog information: IOError: 
[2022-01-12 10:18:37,819 I 145028 145265] raylet_client.cc:336: Error reporting task backlog information: IOError: 
[2022-01-12 10:18:38,820 I 145028 145265] raylet_client.cc:336: Error reporting task backlog information: IOError: 
[2022-01-12 10:18:39,820 I 145028 145265] raylet_client.cc:336: Error reporting task backlog information: IOError: 
[2022-01-12 10:18:40,820 I 145028 145265] raylet_client.cc:336: Error reporting task backlog information: IOError: 
[2022-01-12 10:18:41,820 I 145028 145265] raylet_client.cc:336: Error reporting task backlog information: IOError: 
[2022-01-12 10:18:42,821 I 145028 145265] raylet_client.cc:336: Error reporting task backlog information: IOError: 
[2022-01-12 10:18:43,821 I 145028 145265] raylet_client.cc:336: Error reporting task backlog information: IOError: 
[2022-01-12 10:18:44,821 I 145028 145265] raylet_client.cc:336: Error reporting task backlog information: IOError: 
[2022-01-12 10:18:45,821 I 145028 145265] raylet_client.cc:336: Error reporting task backlog information: IOError: 
[2022-01-12 10:18:46,349 W 145028 145266] metric_exporter.cc:206: Export metrics to agent failed: IOError: . This won't affect Ray, but you can lose metrics from the cluster.
[2022-01-12 10:18:46,822 I 145028 145265] raylet_client.cc:336: Error reporting task backlog information: IOError: 
[2022-01-12 10:18:47,822 I 145028 145265] raylet_client.cc:336: Error reporting task backlog information: IOError: 
[2022-01-12 10:18:48,823 I 145028 145265] raylet_client.cc:336: Error reporting task backlog information: IOError: 
[2022-01-12 10:18:49,823 I 145028 145265] raylet_client.cc:336: Error reporting task backlog information: IOError: 
[2022-01-12 10:18:50,823 I 145028 145265] raylet_client.cc:336: Error reporting task backlog information: IOError: 
[2022-01-12 10:18:51,823 I 145028 145265] raylet_client.cc:336: Error reporting task backlog information: IOError: 
[2022-01-12 10:18:52,824 I 145028 145265] raylet_client.cc:336: Error reporting task backlog information: IOError: 
[2022-01-12 10:18:53,824 I 145028 145265] raylet_client.cc:336: Error reporting task backlog information: IOError: 
[2022-01-12 10:18:54,824 I 145028 145265] raylet_client.cc:336: Error reporting task backlog information: IOError: 
[2022-01-12 10:18:55,825 I 145028 145265] raylet_client.cc:336: Error reporting task backlog information: IOError: 
[2022-01-12 10:18:56,362 W 145028 145266] metric_exporter.cc:206: Export metrics to agent failed: IOError: . This won't affect Ray, but you can lose metrics from the cluster.
[2022-01-12 10:18:56,825 I 145028 145265] raylet_client.cc:336: Error reporting task backlog information: IOError: 
[2022-01-12 10:18:57,825 I 145028 145265] raylet_client.cc:336: Error reporting task backlog information: IOError: 
[2022-01-12 10:18:58,826 I 145028 145265] raylet_client.cc:336: Error reporting task backlog information: IOError: 
[2022-01-12 10:18:59,826 I 145028 145265] raylet_client.cc:336: Error reporting task backlog information: IOError: 
[2022-01-12 10:19:00,826 I 145028 145265] raylet_client.cc:336: Error reporting task backlog information: IOError: 
[2022-01-12 10:19:01,826 I 145028 145265] raylet_client.cc:336: Error reporting task backlog information: IOError: 
[2022-01-12 10:19:02,827 I 145028 145265] raylet_client.cc:336: Error reporting task backlog information: IOError: 
[2022-01-12 10:19:03,827 I 145028 145265] raylet_client.cc:336: Error reporting task backlog information: IOError: 
[2022-01-12 10:19:04,827 I 145028 145265] raylet_client.cc:336: Error reporting task backlog information: IOError: 
[2022-01-12 10:19:05,828 I 145028 145265] raylet_client.cc:336: Error reporting task backlog information: IOError: 
[2022-01-12 10:19:06,377 W 145028 145266] metric_exporter.cc:206: Export metrics to agent failed: IOError: . This won't affect Ray, but you can lose metrics from the cluster.
[2022-01-12 10:19:06,828 I 145028 145265] raylet_client.cc:336: Error reporting task backlog information: IOError: 
[2022-01-12 10:19:07,828 I 145028 145265] raylet_client.cc:336: Error reporting task backlog information: IOError: 
[2022-01-12 10:19:08,829 I 145028 145265] raylet_client.cc:336: Error reporting task backlog information: IOError: 
[2022-01-12 10:19:09,829 I 145028 145265] raylet_client.cc:336: Error reporting task backlog information: IOError: 
[2022-01-12 10:19:10,829 I 145028 145265] raylet_client.cc:336: Error reporting task backlog information: IOError: 
[2022-01-12 10:19:11,829 I 145028 145265] raylet_client.cc:336: Error reporting task backlog information: IOError: 
[2022-01-12 10:19:12,830 I 145028 145265] raylet_client.cc:336: Error reporting task backlog information: IOError: 
[2022-01-12 10:19:13,830 I 145028 145265] raylet_client.cc:336: Error reporting task backlog information: IOError: 
[2022-01-12 10:19:14,830 I 145028 145265] raylet_client.cc:336: Error reporting task backlog information: IOError: 
[2022-01-12 10:19:15,831 I 145028 145265] raylet_client.cc:336: Error reporting task backlog information: IOError: 
[2022-01-12 10:19:16,392 W 145028 145266] metric_exporter.cc:206: Export metrics to agent failed: IOError: . This won't affect Ray, but you can lose metrics from the cluster.
[2022-01-12 10:19:16,831 I 145028 145265] raylet_client.cc:336: Error reporting task backlog information: IOError: 
[2022-01-12 10:19:17,832 I 145028 145265] raylet_client.cc:336: Error reporting task backlog information: IOError: 
[2022-01-12 10:19:18,832 I 145028 145265] raylet_client.cc:336: Error reporting task backlog information: IOError: 
[2022-01-12 10:19:19,832 I 145028 145265] raylet_client.cc:336: Error reporting task backlog information: IOError: 
[2022-01-12 10:19:20,832 I 145028 145265] raylet_client.cc:336: Error reporting task backlog information: IOError: 
[2022-01-12 10:19:21,833 I 145028 145265] raylet_client.cc:336: Error reporting task backlog information: IOError: 
[2022-01-12 10:19:22,833 I 145028 145265] raylet_client.cc:336: Error reporting task backlog information: IOError: 
[2022-01-12 10:19:23,833 I 145028 145265] raylet_client.cc:336: Error reporting task backlog information: IOError: 
[2022-01-12 10:19:24,834 I 145028 145265] raylet_client.cc:336: Error reporting task backlog information: IOError: 
[2022-01-12 10:19:25,834 I 145028 145265] raylet_client.cc:336: Error reporting task backlog information: IOError: 
[2022-01-12 10:19:26,407 W 145028 145266] metric_exporter.cc:206: Export metrics to agent failed: IOError: . This won't affect Ray, but you can lose metrics from the cluster.
[2022-01-12 10:19:26,834 I 145028 145265] raylet_client.cc:336: Error reporting task backlog information: IOError: 
[2022-01-12 10:19:27,835 I 145028 145265] raylet_client.cc:336: Error reporting task backlog information: IOError: 
[2022-01-12 10:19:28,835 I 145028 145265] raylet_client.cc:336: Error reporting task backlog information: IOError: 
[2022-01-12 10:19:29,835 I 145028 145265] raylet_client.cc:336: Error reporting task backlog information: IOError: 
[2022-01-12 10:19:30,836 I 145028 145265] raylet_client.cc:336: Error reporting task backlog information: IOError: 
[2022-01-12 10:19:31,836 I 145028 145265] raylet_client.cc:336: Error reporting task backlog information: IOError: 
[2022-01-12 10:19:32,836 I 145028 145265] raylet_client.cc:336: Error reporting task backlog information: IOError: 
[2022-01-12 10:19:33,837 I 145028 145265] raylet_client.cc:336: Error reporting task backlog information: IOError: 
[2022-01-12 10:19:34,837 I 145028 145265] raylet_client.cc:336: Error reporting task backlog information: IOError: 
[2022-01-12 10:19:35,837 I 145028 145265] raylet_client.cc:336: Error reporting task backlog information: IOError: 
[2022-01-12 10:19:36,422 W 145028 145266] metric_exporter.cc:206: Export metrics to agent failed: IOError: . This won't affect Ray, but you can lose metrics from the cluster.
[2022-01-12 10:19:36,837 I 145028 145265] raylet_client.cc:336: Error reporting task backlog information: IOError: 
[2022-01-12 10:19:37,838 I 145028 145265] raylet_client.cc:336: Error reporting task backlog information: IOError: 
[2022-01-12 10:19:38,838 I 145028 145265] raylet_client.cc:336: Error reporting task backlog information: IOError: 
[2022-01-12 10:19:39,838 I 145028 145265] raylet_client.cc:336: Error reporting task backlog information: IOError: 
[2022-01-12 10:19:40,839 I 145028 145265] raylet_client.cc:336: Error reporting task backlog information: IOError: 
[2022-01-12 10:19:41,839 I 145028 145265] raylet_client.cc:336: Error reporting task backlog information: IOError: 
[2022-01-12 10:19:42,839 I 145028 145265] raylet_client.cc:336: Error reporting task backlog information: IOError: 
[2022-01-12 10:19:43,840 I 145028 145265] raylet_client.cc:336: Error reporting task backlog information: IOError: 
[2022-01-12 10:19:44,840 I 145028 145265] raylet_client.cc:336: Error reporting task backlog information: IOError: 
[2022-01-12 10:19:45,840 I 145028 145265] raylet_client.cc:336: Error reporting task backlog information: IOError: 
[2022-01-12 10:19:46,436 W 145028 145266] metric_exporter.cc:206: Export metrics to agent failed: IOError: . This won't affect Ray, but you can lose metrics from the cluster.
[2022-01-12 10:19:46,840 I 145028 145265] raylet_client.cc:336: Error reporting task backlog information: IOError: 
[2022-01-12 10:19:47,841 I 145028 145265] raylet_client.cc:336: Error reporting task backlog information: IOError: 
[2022-01-12 10:19:48,841 I 145028 145265] raylet_client.cc:336: Error reporting task backlog information: IOError: 
[2022-01-12 10:19:49,841 I 145028 145265] raylet_client.cc:336: Error reporting task backlog information: IOError: 
[2022-01-12 10:19:50,841 I 145028 145265] raylet_client.cc:336: Error reporting task backlog information: IOError: 
[2022-01-12 10:19:51,842 I 145028 145265] raylet_client.cc:336: Error reporting task backlog information: IOError: 
[2022-01-12 10:19:52,842 I 145028 145265] raylet_client.cc:336: Error reporting task backlog information: IOError: 
[2022-01-12 10:19:53,842 I 145028 145265] raylet_client.cc:336: Error reporting task backlog information: IOError: 
[2022-01-12 10:19:54,843 I 145028 145265] raylet_client.cc:336: Error reporting task backlog information: IOError: 
[2022-01-12 10:19:55,843 I 145028 145265] raylet_client.cc:336: Error reporting task backlog information: IOError: 
[2022-01-12 10:19:56,451 W 145028 145266] metric_exporter.cc:206: Export metrics to agent failed: IOError: . This won't affect Ray, but you can lose metrics from the cluster.
[2022-01-12 10:19:56,843 I 145028 145265] raylet_client.cc:336: Error reporting task backlog information: IOError: 
[2022-01-12 10:19:57,844 I 145028 145265] raylet_client.cc:336: Error reporting task backlog information: IOError: 
[2022-01-12 10:19:58,844 I 145028 145265] raylet_client.cc:336: Error reporting task backlog information: IOError: 
[2022-01-12 10:19:59,844 I 145028 145265] raylet_client.cc:336: Error reporting task backlog information: IOError: 
[2022-01-12 10:20:00,844 I 145028 145265] raylet_client.cc:336: Error reporting task backlog information: IOError: 
[2022-01-12 10:20:01,845 I 145028 145265] raylet_client.cc:336: Error reporting task backlog information: IOError: 
[2022-01-12 10:20:02,845 I 145028 145265] raylet_client.cc:336: Error reporting task backlog information: IOError: 
[2022-01-12 10:20:03,845 I 145028 145265] raylet_client.cc:336: Error reporting task backlog information: IOError: 
[2022-01-12 10:20:04,845 I 145028 145265] raylet_client.cc:336: Error reporting task backlog information: IOError: 
[2022-01-12 10:20:05,846 I 145028 145265] raylet_client.cc:336: Error reporting task backlog information: IOError: 
[2022-01-12 10:20:06,465 W 145028 145266] metric_exporter.cc:206: Export metrics to agent failed: IOError: . This won't affect Ray, but you can lose metrics from the cluster.
[2022-01-12 10:20:06,846 I 145028 145265] raylet_client.cc:336: Error reporting task backlog information: IOError: 
[2022-01-12 10:20:07,846 I 145028 145265] raylet_client.cc:336: Error reporting task backlog information: IOError: 
[2022-01-12 10:20:08,847 I 145028 145265] raylet_client.cc:336: Error reporting task backlog information: IOError: 
[2022-01-12 10:20:09,847 I 145028 145265] raylet_client.cc:336: Error reporting task backlog information: IOError: 
[2022-01-12 10:20:10,847 I 145028 145265] raylet_client.cc:336: Error reporting task backlog information: IOError: 
[2022-01-12 10:20:11,847 I 145028 145265] raylet_client.cc:336: Error reporting task backlog information: IOError: 
[2022-01-12 10:20:12,848 I 145028 145265] raylet_client.cc:336: Error reporting task backlog information: IOError: 
[2022-01-12 10:20:13,848 I 145028 145265] raylet_client.cc:336: Error reporting task backlog information: IOError: 
[2022-01-12 10:20:14,848 I 145028 145265] raylet_client.cc:336: Error reporting task backlog information: IOError: 
[2022-01-12 10:20:15,849 I 145028 145265] raylet_client.cc:336: Error reporting task backlog information: IOError: 
[2022-01-12 10:20:16,479 W 145028 145266] metric_exporter.cc:206: Export metrics to agent failed: IOError: . This won't affect Ray, but you can lose metrics from the cluster.
[2022-01-12 10:20:16,849 I 145028 145265] raylet_client.cc:336: Error reporting task backlog information: IOError: 
[2022-01-12 10:20:17,849 I 145028 145265] raylet_client.cc:336: Error reporting task backlog information: IOError: 
[2022-01-12 10:20:18,849 I 145028 145265] raylet_client.cc:336: Error reporting task backlog information: IOError: 
[2022-01-12 10:20:19,850 I 145028 145265] raylet_client.cc:336: Error reporting task backlog information: IOError: 
[2022-01-12 10:20:20,850 I 145028 145265] raylet_client.cc:336: Error reporting task backlog information: IOError: 
[2022-01-12 10:20:21,850 I 145028 145265] raylet_client.cc:336: Error reporting task backlog information: IOError: 
[2022-01-12 10:20:22,851 I 145028 145265] raylet_client.cc:336: Error reporting task backlog information: IOError: 
[2022-01-12 10:20:23,851 I 145028 145265] raylet_client.cc:336: Error reporting task backlog information: IOError: 
[2022-01-12 10:20:24,851 I 145028 145265] raylet_client.cc:336: Error reporting task backlog information: IOError: 
[2022-01-12 10:20:25,852 I 145028 145265] raylet_client.cc:336: Error reporting task backlog information: IOError: 
[2022-01-12 10:20:26,492 W 145028 145266] metric_exporter.cc:206: Export metrics to agent failed: IOError: . This won't affect Ray, but you can lose metrics from the cluster.
[2022-01-12 10:20:26,852 I 145028 145265] raylet_client.cc:336: Error reporting task backlog information: IOError: 
[2022-01-12 10:20:27,852 I 145028 145265] raylet_client.cc:336: Error reporting task backlog information: IOError: 
[2022-01-12 10:20:28,852 I 145028 145265] raylet_client.cc:336: Error reporting task backlog information: IOError: 
[2022-01-12 10:20:29,853 I 145028 145265] raylet_client.cc:336: Error reporting task backlog information: IOError: 
[2022-01-12 10:20:30,853 I 145028 145265] raylet_client.cc:336: Error reporting task backlog information: IOError: 
[2022-01-12 10:20:31,853 I 145028 145265] raylet_client.cc:336: Error reporting task backlog information: IOError: 
[2022-01-12 10:20:32,853 I 145028 145265] raylet_client.cc:336: Error reporting task backlog information: IOError: 
[2022-01-12 10:20:33,854 I 145028 145265] raylet_client.cc:336: Error reporting task backlog information: IOError: 
[2022-01-12 10:20:34,854 I 145028 145265] raylet_client.cc:336: Error reporting task backlog information: IOError: 
[2022-01-12 10:20:35,855 I 145028 145265] raylet_client.cc:336: Error reporting task backlog information: IOError: 
[2022-01-12 10:20:36,507 W 145028 145266] metric_exporter.cc:206: Export metrics to agent failed: IOError: . This won't affect Ray, but you can lose metrics from the cluster.
[2022-01-12 10:20:36,855 I 145028 145265] raylet_client.cc:336: Error reporting task backlog information: IOError: 
[2022-01-12 10:20:37,856 I 145028 145265] raylet_client.cc:336: Error reporting task backlog information: IOError: 
[2022-01-12 10:20:38,856 I 145028 145265] raylet_client.cc:336: Error reporting task backlog information: IOError: 
[2022-01-12 10:20:39,856 I 145028 145265] raylet_client.cc:336: Error reporting task backlog information: IOError: 
[2022-01-12 10:20:40,856 I 145028 145265] raylet_client.cc:336: Error reporting task backlog information: IOError: 
[2022-01-12 10:20:41,857 I 145028 145265] raylet_client.cc:336: Error reporting task backlog information: IOError: 
[2022-01-12 10:20:42,857 I 145028 145265] raylet_client.cc:336: Error reporting task backlog information: IOError: 
[2022-01-12 10:20:43,858 I 145028 145265] raylet_client.cc:336: Error reporting task backlog information: IOError: 
[2022-01-12 10:20:44,858 I 145028 145265] raylet_client.cc:336: Error reporting task backlog information: IOError: 
[2022-01-12 10:20:45,858 I 145028 145265] raylet_client.cc:336: Error reporting task backlog information: IOError: 
[2022-01-12 10:20:46,522 W 145028 145266] metric_exporter.cc:206: Export metrics to agent failed: IOError: . This won't affect Ray, but you can lose metrics from the cluster.
[2022-01-12 10:20:46,858 I 145028 145265] raylet_client.cc:336: Error reporting task backlog information: IOError: 
[2022-01-12 10:20:47,859 I 145028 145265] raylet_client.cc:336: Error reporting task backlog information: IOError: 
[2022-01-12 10:20:48,859 I 145028 145265] raylet_client.cc:336: Error reporting task backlog information: IOError: 
[2022-01-12 10:20:49,859 I 145028 145265] raylet_client.cc:336: Error reporting task backlog information: IOError: 
[2022-01-12 10:20:50,859 I 145028 145265] raylet_client.cc:336: Error reporting task backlog information: IOError: 
[2022-01-12 10:20:51,860 I 145028 145265] raylet_client.cc:336: Error reporting task backlog information: IOError: 
[2022-01-12 10:20:52,860 I 145028 145265] raylet_client.cc:336: Error reporting task backlog information: IOError: 
[2022-01-12 10:20:53,860 I 145028 145265] raylet_client.cc:336: Error reporting task backlog information: IOError: 
[2022-01-12 10:20:54,861 I 145028 145265] raylet_client.cc:336: Error reporting task backlog information: IOError: 
[2022-01-12 10:20:55,861 I 145028 145265] raylet_client.cc:336: Error reporting task backlog information: IOError: 
[2022-01-12 10:20:56,535 W 145028 145266] metric_exporter.cc:206: Export metrics to agent failed: IOError: . This won't affect Ray, but you can lose metrics from the cluster.
[2022-01-12 10:20:56,861 I 145028 145265] raylet_client.cc:336: Error reporting task backlog information: IOError: 
[2022-01-12 10:20:57,862 I 145028 145265] raylet_client.cc:336: Error reporting task backlog information: IOError: 
[2022-01-12 10:20:58,862 I 145028 145265] raylet_client.cc:336: Error reporting task backlog information: IOError: 
[2022-01-12 10:20:59,862 I 145028 145265] raylet_client.cc:336: Error reporting task backlog information: IOError: 
[2022-01-12 10:21:00,862 I 145028 145265] raylet_client.cc:336: Error reporting task backlog information: IOError: 
[2022-01-12 10:21:01,863 I 145028 145265] raylet_client.cc:336: Error reporting task backlog information: IOError: 
[2022-01-12 10:21:02,863 I 145028 145265] raylet_client.cc:336: Error reporting task backlog information: IOError: 
[2022-01-12 10:21:03,864 I 145028 145265] raylet_client.cc:336: Error reporting task backlog information: IOError: 
[2022-01-12 10:21:04,864 I 145028 145265] raylet_client.cc:336: Error reporting task backlog information: IOError: 
[2022-01-12 10:21:05,864 I 145028 145265] raylet_client.cc:336: Error reporting task backlog information: IOError: 
[2022-01-12 10:21:06,549 W 145028 145266] metric_exporter.cc:206: Export metrics to agent failed: IOError: . This won't affect Ray, but you can lose metrics from the cluster.
[2022-01-12 10:21:06,864 I 145028 145265] raylet_client.cc:336: Error reporting task backlog information: IOError: 
[2022-01-12 10:21:07,865 I 145028 145265] raylet_client.cc:336: Error reporting task backlog information: IOError: 
[2022-01-12 10:21:08,865 I 145028 145265] raylet_client.cc:336: Error reporting task backlog information: IOError: 
[2022-01-12 10:21:09,749 E 145028 145149] gcs_server_address_updater.cc:76: Failed to receive the GCS address for 600 times without success. The worker will exit ungracefully. It is because GCS has died. It could be because there was an issue that kills GCS, such as high memory usage triggering OOM killer to kill GCS. Cluster will be highly likely unavailable if you see this log. Please check the log from gcs_server.err.
