2022-01-11 10:38:56,717	INFO head.py:128 -- Dashboard head grpc address: 0.0.0.0:34061
2022-01-11 10:38:56,717	INFO dashboard.py:92 -- Setup static dir for dashboard: /home/reza/anaconda3/lib/python3.8/site-packages/ray/dashboard/client/build
2022-01-11 10:38:56,718	INFO head.py:55 -- Connect to GCS at 131.215.21.210:44647
2022-01-11 10:38:56,721	INFO utils.py:200 -- Get all modules by type: DashboardHeadModule
2022-01-11 10:38:56,940	WARNING tune_head.py:22 -- tune module is not available: cannot import name 'Analysis' from 'ray.tune' (/home/reza/anaconda3/lib/python3.8/site-packages/ray/tune/__init__.py)
2022-01-11 10:38:56,940	INFO head.py:168 -- Loading DashboardHeadModule: <class 'ray.dashboard.modules.actor.actor_head.ActorHead'>
2022-01-11 10:38:56,940	INFO head.py:168 -- Loading DashboardHeadModule: <class 'ray.dashboard.modules.event.event_head.EventHead'>
2022-01-11 10:38:56,941	INFO head.py:168 -- Loading DashboardHeadModule: <class 'ray.dashboard.modules.job.job_head.JobHead'>
2022-01-11 10:38:56,941	INFO head.py:168 -- Loading DashboardHeadModule: <class 'ray.dashboard.modules.log.log_head.LogHead'>
2022-01-11 10:38:56,941	INFO head.py:168 -- Loading DashboardHeadModule: <class 'ray.dashboard.modules.node.node_head.NodeHead'>
2022-01-11 10:38:56,941	INFO head.py:168 -- Loading DashboardHeadModule: <class 'ray.dashboard.modules.reporter.reporter_head.ReportHead'>
2022-01-11 10:38:56,941	INFO head.py:168 -- Loading DashboardHeadModule: <class 'ray.dashboard.modules.snapshot.snapshot_head.APIHead'>
2022-01-11 10:38:56,941	INFO head.py:168 -- Loading DashboardHeadModule: <class 'ray.dashboard.modules.tune.tune_head.TuneController'>
2022-01-11 10:38:56,941	INFO head.py:173 -- Loaded 8 modules.
2022-01-11 10:38:56,943	INFO head.py:253 -- Dashboard head http address: 127.0.0.1:8265
2022-01-11 10:38:56,945	INFO head.py:271 -- <ResourceRoute [GET] <PlainResource  /> -> <function Dashboard.get_index at 0x7fa2934eddc0>
2022-01-11 10:38:56,945	INFO head.py:271 -- <ResourceRoute [GET] <PlainResource  /favicon.ico> -> <function Dashboard.get_favicon at 0x7fa2934edee0>
2022-01-11 10:38:56,945	INFO head.py:271 -- <ResourceRoute [GET] <StaticResource  /static -> PosixPath('/home/reza/anaconda3/lib/python3.8/site-packages/ray/dashboard/client/build/static')> -> <bound method StaticResource._handle of <StaticResource  /static -> PosixPath('/home/reza/anaconda3/lib/python3.8/site-packages/ray/dashboard/client/build/static')>>
2022-01-11 10:38:56,945	INFO head.py:271 -- <ResourceRoute [GET] <PlainResource  /logical/actor_groups> -> <function ActorHead.get_actor_groups at 0x7fa29040a820>
2022-01-11 10:38:56,945	INFO head.py:271 -- <ResourceRoute [GET] <PlainResource  /logical/actors> -> <function ActorHead.get_all_actors[cache ttl=2, max_size=128] at 0x7fa29040a940>
2022-01-11 10:38:56,945	INFO head.py:271 -- <ResourceRoute [GET] <PlainResource  /logical/kill_actor> -> <function ActorHead.kill_actor at 0x7fa29040aaf0>
2022-01-11 10:38:56,945	INFO head.py:271 -- <ResourceRoute [GET] <PlainResource  /events> -> <function EventHead.get_event[cache ttl=2, max_size=128] at 0x7fa2904161f0>
2022-01-11 10:38:56,945	INFO head.py:271 -- <ResourceRoute [GET] <PlainResource  /api/version> -> <function JobHead.get_version at 0x7fa290245b80>
2022-01-11 10:38:56,945	INFO head.py:271 -- <ResourceRoute [GET] <DynamicResource  /api/packages/{protocol}/{package_name}> -> <function JobHead.get_package at 0x7fa290245d30>
2022-01-11 10:38:56,945	INFO head.py:271 -- <ResourceRoute [PUT] <DynamicResource  /api/packages/{protocol}/{package_name}> -> <function JobHead.upload_package at 0x7fa290245ee0>
2022-01-11 10:38:56,945	INFO head.py:271 -- <ResourceRoute [POST] <PlainResource  /api/jobs/> -> <function JobHead.submit_job at 0x7fa29024f0d0>
2022-01-11 10:38:56,945	INFO head.py:271 -- <ResourceRoute [POST] <DynamicResource  /api/jobs/{job_id}/stop> -> <function JobHead.stop_job at 0x7fa29024f280>
2022-01-11 10:38:56,946	INFO head.py:271 -- <ResourceRoute [GET] <DynamicResource  /api/jobs/{job_id}> -> <function JobHead.get_job_status at 0x7fa29024f430>
2022-01-11 10:38:56,946	INFO head.py:271 -- <ResourceRoute [GET] <DynamicResource  /api/jobs/{job_id}/logs> -> <function JobHead.get_job_logs at 0x7fa29024f5e0>
2022-01-11 10:38:56,946	INFO head.py:271 -- <ResourceRoute [GET] <PlainResource  /log_index> -> <function LogHead.get_log_index at 0x7fa290254040>
2022-01-11 10:38:56,946	INFO head.py:271 -- <ResourceRoute [GET] <PlainResource  /log_proxy> -> <function LogHead.get_log_from_proxy at 0x7fa290254160>
2022-01-11 10:38:56,946	INFO head.py:271 -- <ResourceRoute [GET] <PlainResource  /nodes> -> <function NodeHead.get_all_nodes[cache ttl=2, max_size=128] at 0x7fa290254b80>
2022-01-11 10:38:56,946	INFO head.py:271 -- <ResourceRoute [GET] <DynamicResource  /nodes/{node_id}> -> <function NodeHead.get_node[cache ttl=2, max_size=128] at 0x7fa290254d30>
2022-01-11 10:38:56,946	INFO head.py:271 -- <ResourceRoute [GET] <PlainResource  /memory/memory_table> -> <function NodeHead.get_memory_table at 0x7fa290254ee0>
2022-01-11 10:38:56,946	INFO head.py:271 -- <ResourceRoute [GET] <PlainResource  /memory/set_fetch> -> <function NodeHead.set_fetch_memory_info at 0x7fa29025c040>
2022-01-11 10:38:56,946	INFO head.py:271 -- <ResourceRoute [GET] <PlainResource  /node_logs> -> <function NodeHead.get_logs at 0x7fa29025c160>
2022-01-11 10:38:56,946	INFO head.py:271 -- <ResourceRoute [GET] <PlainResource  /node_errors> -> <function NodeHead.get_errors at 0x7fa29025c280>
2022-01-11 10:38:56,946	INFO head.py:271 -- <ResourceRoute [GET] <PlainResource  /api/launch_profiling> -> <function ReportHead.launch_profiling at 0x7fa2900d65e0>
2022-01-11 10:38:56,946	INFO head.py:271 -- <ResourceRoute [GET] <PlainResource  /api/ray_config> -> <function ReportHead.get_ray_config at 0x7fa2900d6700>
2022-01-11 10:38:56,946	INFO head.py:271 -- <ResourceRoute [GET] <PlainResource  /api/cluster_status> -> <function ReportHead.get_cluster_status at 0x7fa2900d6820>
2022-01-11 10:38:56,946	INFO head.py:271 -- <ResourceRoute [GET] <PlainResource  /api/actors/kill> -> <function APIHead.kill_actor_gcs at 0x7fa2900e0dc0>
2022-01-11 10:38:56,946	INFO head.py:271 -- <ResourceRoute [GET] <PlainResource  /api/snapshot> -> <function APIHead.snapshot at 0x7fa2900e0ee0>
2022-01-11 10:38:56,946	INFO head.py:271 -- <ResourceRoute [GET] <PlainResource  /tune/info> -> <function TuneController.tune_info at 0x7fa26449e940>
2022-01-11 10:38:56,946	INFO head.py:271 -- <ResourceRoute [GET] <PlainResource  /tune/availability> -> <function TuneController.get_availability at 0x7fa26449ea60>
2022-01-11 10:38:56,947	INFO head.py:271 -- <ResourceRoute [GET] <PlainResource  /tune/set_experiment> -> <function TuneController.set_tune_experiment at 0x7fa26449eb80>
2022-01-11 10:38:56,947	INFO head.py:271 -- <ResourceRoute [GET] <PlainResource  /tune/enable_tensorboard> -> <function TuneController.enable_tensorboard at 0x7fa26449eca0>
2022-01-11 10:38:56,947	INFO head.py:271 -- <ResourceRoute [GET] <StaticResource  /logs -> PosixPath('/home/reza/Dropbox/Prog/MERA/temp/session_2022-01-11_10-38-54_821351_84013/logs')> -> <bound method StaticResource._handle of <StaticResource  /logs -> PosixPath('/home/reza/Dropbox/Prog/MERA/temp/session_2022-01-11_10-38-54_821351_84013/logs')>>
2022-01-11 10:38:56,947	INFO head.py:272 -- Registered 32 routes.
2022-01-11 10:38:56,947	INFO datacenter.py:69 -- Purge data.
2022-01-11 10:38:56,948	INFO event_utils.py:123 -- Monitor events logs modified after 1641924536.7270627 on /home/reza/Dropbox/Prog/MERA/temp/session_2022-01-11_10-38-54_821351_84013/logs/events, the source types are ['GCS'].
2022-01-11 10:38:56,950	INFO reporter_head.py:138 -- Subscribed to RAY_REPORTER:*
2022-01-11 10:38:56,950	INFO actor_head.py:71 -- Subscribed to ACTOR:*
2022-01-11 10:38:56,951	INFO actor_head.py:81 -- Getting all actor info from GCS.
2022-01-11 10:38:56,951	INFO node_head.py:249 -- Subscribed to <_Sender name:b'RAY_LOG_CHANNEL', is_pattern:False, receiver:<Receiver is_active:True, senders:1, qsize:0>>
2022-01-11 10:38:56,951	INFO node_head.py:309 -- Subscribed to b'ERROR_INFO:*'
2022-01-11 10:38:56,951	INFO actor_head.py:107 -- Received 0 actor info from GCS.
2022-01-11 10:38:57,439	INFO node_head.py:270 -- Received a log for 131.215.21.210 and autoscaler
2022-01-11 10:39:01,468	INFO node_head.py:270 -- Received a log for 131.215.21.210 and autoscaler
2022-01-11 10:39:06,501	INFO node_head.py:270 -- Received a log for 131.215.21.210 and autoscaler
2022-01-11 10:39:11,536	INFO node_head.py:270 -- Received a log for 131.215.21.210 and autoscaler
2022-01-11 10:39:16,470	INFO node_head.py:270 -- Received a log for 131.215.21.210 and autoscaler
2022-01-11 10:39:21,502	INFO node_head.py:270 -- Received a log for 131.215.21.210 and autoscaler
