[2022-01-28 11:55:13,017 I 34943 34943] core_worker.cc:132: Constructing CoreWorkerProcess. pid: 34943
[2022-01-28 11:55:13,021 I 34943 34943] grpc_server.cc:112: worker server started, listening on port 42037.
[2022-01-28 11:55:13,023 I 34943 34943] core_worker.cc:479: Initializing worker at address: 131.215.21.210:42037, worker ID 0710c51dca62dbbc78e1b80e9e78bbe5054a3c2d87315b24a13290b8, raylet fda8de0ef3a50556bf6f1c47fe1f5b9b6742a3f943e77239cc4f1b58
[2022-01-28 11:55:13,160 I 34943 34943] io_service_pool.cc:35: IOServicePool is running with 1 io_service.
[2022-01-28 11:55:13,161 I 34943 35253] accessor.cc:560: Received notification for node id = fda8de0ef3a50556bf6f1c47fe1f5b9b6742a3f943e77239cc4f1b58, IsAlive = 1
[2022-01-28 11:55:47,026 W 34943 35168] gcs_server_address_updater.cc:61: [1] Failed to get the gcs server address from raylet 1 times in a row. If it keeps failing to obtain the address, the worker might crash. Connection status IOError: 
[2022-01-28 11:55:48,026 I 34943 35253] raylet_client.cc:336: Error reporting task backlog information: IOError: 
[2022-01-28 11:55:48,164 I 34943 35253] raylet_client.cc:336: Error reporting task backlog information: IOError: 
[2022-01-28 11:55:49,164 I 34943 35253] raylet_client.cc:336: Error reporting task backlog information: IOError: 
[2022-01-28 11:55:50,164 I 34943 35253] raylet_client.cc:336: Error reporting task backlog information: IOError: 
[2022-01-28 11:55:51,164 I 34943 35253] raylet_client.cc:336: Error reporting task backlog information: IOError: 
[2022-01-28 11:55:52,165 I 34943 35253] raylet_client.cc:336: Error reporting task backlog information: IOError: 
[2022-01-28 11:55:53,165 I 34943 35253] raylet_client.cc:336: Error reporting task backlog information: IOError: 
[2022-01-28 11:55:53,193 W 34943 35254] metric_exporter.cc:206: Export metrics to agent failed: IOError: . This won't affect Ray, but you can lose metrics from the cluster.
[2022-01-28 11:55:54,165 I 34943 35253] raylet_client.cc:336: Error reporting task backlog information: IOError: 
[2022-01-28 11:55:55,165 I 34943 35253] raylet_client.cc:336: Error reporting task backlog information: IOError: 
[2022-01-28 11:55:56,165 I 34943 35253] raylet_client.cc:336: Error reporting task backlog information: IOError: 
[2022-01-28 11:55:57,165 I 34943 35253] raylet_client.cc:336: Error reporting task backlog information: IOError: 
[2022-01-28 11:55:58,165 I 34943 35253] raylet_client.cc:336: Error reporting task backlog information: IOError: 
[2022-01-28 11:55:59,165 I 34943 35253] raylet_client.cc:336: Error reporting task backlog information: IOError: 
[2022-01-28 11:56:00,166 I 34943 35253] raylet_client.cc:336: Error reporting task backlog information: IOError: 
[2022-01-28 11:56:01,166 I 34943 35253] raylet_client.cc:336: Error reporting task backlog information: IOError: 
[2022-01-28 11:56:02,166 I 34943 35253] raylet_client.cc:336: Error reporting task backlog information: IOError: 
[2022-01-28 11:56:03,166 I 34943 35253] raylet_client.cc:336: Error reporting task backlog information: IOError: 
[2022-01-28 11:56:03,206 W 34943 35254] metric_exporter.cc:206: Export metrics to agent failed: IOError: . This won't affect Ray, but you can lose metrics from the cluster.
[2022-01-28 11:56:04,166 I 34943 35253] raylet_client.cc:336: Error reporting task backlog information: IOError: 
[2022-01-28 11:56:05,166 I 34943 35253] raylet_client.cc:336: Error reporting task backlog information: IOError: 
[2022-01-28 11:56:06,166 I 34943 35253] raylet_client.cc:336: Error reporting task backlog information: IOError: 
[2022-01-28 11:56:07,166 I 34943 35253] raylet_client.cc:336: Error reporting task backlog information: IOError: 
[2022-01-28 11:56:08,167 I 34943 35253] raylet_client.cc:336: Error reporting task backlog information: IOError: 
[2022-01-28 11:56:09,167 I 34943 35253] raylet_client.cc:336: Error reporting task backlog information: IOError: 
[2022-01-28 11:56:10,167 I 34943 35253] raylet_client.cc:336: Error reporting task backlog information: IOError: 
[2022-01-28 11:56:11,167 I 34943 35253] raylet_client.cc:336: Error reporting task backlog information: IOError: 
[2022-01-28 11:56:12,168 I 34943 35253] raylet_client.cc:336: Error reporting task backlog information: IOError: 
[2022-01-28 11:56:13,168 I 34943 35253] raylet_client.cc:336: Error reporting task backlog information: IOError: 
[2022-01-28 11:56:13,218 W 34943 35254] metric_exporter.cc:206: Export metrics to agent failed: IOError: . This won't affect Ray, but you can lose metrics from the cluster.
[2022-01-28 11:56:14,168 I 34943 35253] raylet_client.cc:336: Error reporting task backlog information: IOError: 
[2022-01-28 11:56:15,168 I 34943 35253] raylet_client.cc:336: Error reporting task backlog information: IOError: 
[2022-01-28 11:56:16,168 I 34943 35253] raylet_client.cc:336: Error reporting task backlog information: IOError: 
[2022-01-28 11:56:17,168 I 34943 35253] raylet_client.cc:336: Error reporting task backlog information: IOError: 
[2022-01-28 11:56:18,169 I 34943 35253] raylet_client.cc:336: Error reporting task backlog information: IOError: 
[2022-01-28 11:56:19,169 I 34943 35253] raylet_client.cc:336: Error reporting task backlog information: IOError: 
[2022-01-28 11:56:20,169 I 34943 35253] raylet_client.cc:336: Error reporting task backlog information: IOError: 
[2022-01-28 11:56:21,169 I 34943 35253] raylet_client.cc:336: Error reporting task backlog information: IOError: 
[2022-01-28 11:56:22,169 I 34943 35253] raylet_client.cc:336: Error reporting task backlog information: IOError: 
[2022-01-28 11:56:23,169 I 34943 35253] raylet_client.cc:336: Error reporting task backlog information: IOError: 
[2022-01-28 11:56:23,232 W 34943 35254] metric_exporter.cc:206: Export metrics to agent failed: IOError: . This won't affect Ray, but you can lose metrics from the cluster.
[2022-01-28 11:56:24,170 I 34943 35253] raylet_client.cc:336: Error reporting task backlog information: IOError: 
[2022-01-28 11:56:25,170 I 34943 35253] raylet_client.cc:336: Error reporting task backlog information: IOError: 
[2022-01-28 11:56:26,170 I 34943 35253] raylet_client.cc:336: Error reporting task backlog information: IOError: 
[2022-01-28 11:56:27,170 I 34943 35253] raylet_client.cc:336: Error reporting task backlog information: IOError: 
[2022-01-28 11:56:28,170 I 34943 35253] raylet_client.cc:336: Error reporting task backlog information: IOError: 
[2022-01-28 11:56:29,170 I 34943 35253] raylet_client.cc:336: Error reporting task backlog information: IOError: 
[2022-01-28 11:56:30,171 I 34943 35253] raylet_client.cc:336: Error reporting task backlog information: IOError: 
[2022-01-28 11:56:31,171 I 34943 35253] raylet_client.cc:336: Error reporting task backlog information: IOError: 
[2022-01-28 11:56:32,171 I 34943 35253] raylet_client.cc:336: Error reporting task backlog information: IOError: 
[2022-01-28 11:56:33,171 I 34943 35253] raylet_client.cc:336: Error reporting task backlog information: IOError: 
[2022-01-28 11:56:33,246 W 34943 35254] metric_exporter.cc:206: Export metrics to agent failed: IOError: . This won't affect Ray, but you can lose metrics from the cluster.
[2022-01-28 11:56:34,171 I 34943 35253] raylet_client.cc:336: Error reporting task backlog information: IOError: 
[2022-01-28 11:56:35,171 I 34943 35253] raylet_client.cc:336: Error reporting task backlog information: IOError: 
[2022-01-28 11:56:36,171 I 34943 35253] raylet_client.cc:336: Error reporting task backlog information: IOError: 
[2022-01-28 11:56:37,171 I 34943 35253] raylet_client.cc:336: Error reporting task backlog information: IOError: 
[2022-01-28 11:56:38,172 I 34943 35253] raylet_client.cc:336: Error reporting task backlog information: IOError: 
[2022-01-28 11:56:39,172 I 34943 35253] raylet_client.cc:336: Error reporting task backlog information: IOError: 
[2022-01-28 11:56:40,172 I 34943 35253] raylet_client.cc:336: Error reporting task backlog information: IOError: 
[2022-01-28 11:56:41,172 I 34943 35253] raylet_client.cc:336: Error reporting task backlog information: IOError: 
[2022-01-28 11:56:42,172 I 34943 35253] raylet_client.cc:336: Error reporting task backlog information: IOError: 
[2022-01-28 11:56:43,172 I 34943 35253] raylet_client.cc:336: Error reporting task backlog information: IOError: 
[2022-01-28 11:56:43,260 W 34943 35254] metric_exporter.cc:206: Export metrics to agent failed: IOError: . This won't affect Ray, but you can lose metrics from the cluster.
[2022-01-28 11:56:44,172 I 34943 35253] raylet_client.cc:336: Error reporting task backlog information: IOError: 
[2022-01-28 11:56:45,172 I 34943 35253] raylet_client.cc:336: Error reporting task backlog information: IOError: 
[2022-01-28 11:56:46,173 I 34943 35253] raylet_client.cc:336: Error reporting task backlog information: IOError: 
[2022-01-28 11:56:47,173 I 34943 35253] raylet_client.cc:336: Error reporting task backlog information: IOError: 
[2022-01-28 11:56:48,173 I 34943 35253] raylet_client.cc:336: Error reporting task backlog information: IOError: 
[2022-01-28 11:56:49,173 I 34943 35253] raylet_client.cc:336: Error reporting task backlog information: IOError: 
[2022-01-28 11:56:50,173 I 34943 35253] raylet_client.cc:336: Error reporting task backlog information: IOError: 
[2022-01-28 11:56:51,173 I 34943 35253] raylet_client.cc:336: Error reporting task backlog information: IOError: 
[2022-01-28 11:56:52,173 I 34943 35253] raylet_client.cc:336: Error reporting task backlog information: IOError: 
[2022-01-28 11:56:53,173 I 34943 35253] raylet_client.cc:336: Error reporting task backlog information: IOError: 
[2022-01-28 11:56:53,273 W 34943 35254] metric_exporter.cc:206: Export metrics to agent failed: IOError: . This won't affect Ray, but you can lose metrics from the cluster.
[2022-01-28 11:56:54,174 I 34943 35253] raylet_client.cc:336: Error reporting task backlog information: IOError: 
[2022-01-28 11:56:55,174 I 34943 35253] raylet_client.cc:336: Error reporting task backlog information: IOError: 
[2022-01-28 11:56:56,174 I 34943 35253] raylet_client.cc:336: Error reporting task backlog information: IOError: 
[2022-01-28 11:56:57,174 I 34943 35253] raylet_client.cc:336: Error reporting task backlog information: IOError: 
[2022-01-28 11:56:58,174 I 34943 35253] raylet_client.cc:336: Error reporting task backlog information: IOError: 
[2022-01-28 11:56:59,174 I 34943 35253] raylet_client.cc:336: Error reporting task backlog information: IOError: 
[2022-01-28 11:57:00,175 I 34943 35253] raylet_client.cc:336: Error reporting task backlog information: IOError: 
[2022-01-28 11:57:01,175 I 34943 35253] raylet_client.cc:336: Error reporting task backlog information: IOError: 
[2022-01-28 11:57:02,175 I 34943 35253] raylet_client.cc:336: Error reporting task backlog information: IOError: 
[2022-01-28 11:57:03,175 I 34943 35253] raylet_client.cc:336: Error reporting task backlog information: IOError: 
[2022-01-28 11:57:03,288 W 34943 35254] metric_exporter.cc:206: Export metrics to agent failed: IOError: . This won't affect Ray, but you can lose metrics from the cluster.
[2022-01-28 11:57:04,175 I 34943 35253] raylet_client.cc:336: Error reporting task backlog information: IOError: 
[2022-01-28 11:57:05,175 I 34943 35253] raylet_client.cc:336: Error reporting task backlog information: IOError: 
[2022-01-28 11:57:06,175 I 34943 35253] raylet_client.cc:336: Error reporting task backlog information: IOError: 
[2022-01-28 11:57:07,175 I 34943 35253] raylet_client.cc:336: Error reporting task backlog information: IOError: 
[2022-01-28 11:57:08,175 I 34943 35253] raylet_client.cc:336: Error reporting task backlog information: IOError: 
[2022-01-28 11:57:09,175 I 34943 35253] raylet_client.cc:336: Error reporting task backlog information: IOError: 
[2022-01-28 11:57:10,176 I 34943 35253] raylet_client.cc:336: Error reporting task backlog information: IOError: 
[2022-01-28 11:57:11,176 I 34943 35253] raylet_client.cc:336: Error reporting task backlog information: IOError: 
[2022-01-28 11:57:12,176 I 34943 35253] raylet_client.cc:336: Error reporting task backlog information: IOError: 
[2022-01-28 11:57:13,176 I 34943 35253] raylet_client.cc:336: Error reporting task backlog information: IOError: 
[2022-01-28 11:57:13,302 W 34943 35254] metric_exporter.cc:206: Export metrics to agent failed: IOError: . This won't affect Ray, but you can lose metrics from the cluster.
[2022-01-28 11:57:14,176 I 34943 35253] raylet_client.cc:336: Error reporting task backlog information: IOError: 
[2022-01-28 11:57:15,177 I 34943 35253] raylet_client.cc:336: Error reporting task backlog information: IOError: 
[2022-01-28 11:57:16,177 I 34943 35253] raylet_client.cc:336: Error reporting task backlog information: IOError: 
[2022-01-28 11:57:17,177 I 34943 35253] raylet_client.cc:336: Error reporting task backlog information: IOError: 
[2022-01-28 11:57:18,177 I 34943 35253] raylet_client.cc:336: Error reporting task backlog information: IOError: 
[2022-01-28 11:57:19,177 I 34943 35253] raylet_client.cc:336: Error reporting task backlog information: IOError: 
[2022-01-28 11:57:20,177 I 34943 35253] raylet_client.cc:336: Error reporting task backlog information: IOError: 
[2022-01-28 11:57:21,178 I 34943 35253] raylet_client.cc:336: Error reporting task backlog information: IOError: 
[2022-01-28 11:57:22,178 I 34943 35253] raylet_client.cc:336: Error reporting task backlog information: IOError: 
[2022-01-28 11:57:23,178 I 34943 35253] raylet_client.cc:336: Error reporting task backlog information: IOError: 
[2022-01-28 11:57:23,314 W 34943 35254] metric_exporter.cc:206: Export metrics to agent failed: IOError: . This won't affect Ray, but you can lose metrics from the cluster.
[2022-01-28 11:57:24,178 I 34943 35253] raylet_client.cc:336: Error reporting task backlog information: IOError: 
[2022-01-28 11:57:25,178 I 34943 35253] raylet_client.cc:336: Error reporting task backlog information: IOError: 
[2022-01-28 11:57:26,178 I 34943 35253] raylet_client.cc:336: Error reporting task backlog information: IOError: 
[2022-01-28 11:57:27,178 I 34943 35253] raylet_client.cc:336: Error reporting task backlog information: IOError: 
[2022-01-28 11:57:28,179 I 34943 35253] raylet_client.cc:336: Error reporting task backlog information: IOError: 
[2022-01-28 11:57:29,179 I 34943 35253] raylet_client.cc:336: Error reporting task backlog information: IOError: 
[2022-01-28 11:57:30,179 I 34943 35253] raylet_client.cc:336: Error reporting task backlog information: IOError: 
[2022-01-28 11:57:31,179 I 34943 35253] raylet_client.cc:336: Error reporting task backlog information: IOError: 
[2022-01-28 11:57:32,179 I 34943 35253] raylet_client.cc:336: Error reporting task backlog information: IOError: 
[2022-01-28 11:57:33,179 I 34943 35253] raylet_client.cc:336: Error reporting task backlog information: IOError: 
[2022-01-28 11:57:33,326 W 34943 35254] metric_exporter.cc:206: Export metrics to agent failed: IOError: . This won't affect Ray, but you can lose metrics from the cluster.
[2022-01-28 11:57:34,179 I 34943 35253] raylet_client.cc:336: Error reporting task backlog information: IOError: 
[2022-01-28 11:57:35,179 I 34943 35253] raylet_client.cc:336: Error reporting task backlog information: IOError: 
[2022-01-28 11:57:36,180 I 34943 35253] raylet_client.cc:336: Error reporting task backlog information: IOError: 
[2022-01-28 11:57:37,180 I 34943 35253] raylet_client.cc:336: Error reporting task backlog information: IOError: 
[2022-01-28 11:57:38,180 I 34943 35253] raylet_client.cc:336: Error reporting task backlog information: IOError: 
[2022-01-28 11:57:39,180 I 34943 35253] raylet_client.cc:336: Error reporting task backlog information: IOError: 
[2022-01-28 11:57:40,180 I 34943 35253] raylet_client.cc:336: Error reporting task backlog information: IOError: 
[2022-01-28 11:57:41,180 I 34943 35253] raylet_client.cc:336: Error reporting task backlog information: IOError: 
[2022-01-28 11:57:42,181 I 34943 35253] raylet_client.cc:336: Error reporting task backlog information: IOError: 
[2022-01-28 11:57:43,181 I 34943 35253] raylet_client.cc:336: Error reporting task backlog information: IOError: 
[2022-01-28 11:57:43,341 W 34943 35254] metric_exporter.cc:206: Export metrics to agent failed: IOError: . This won't affect Ray, but you can lose metrics from the cluster.
[2022-01-28 11:57:44,181 I 34943 35253] raylet_client.cc:336: Error reporting task backlog information: IOError: 
[2022-01-28 11:57:45,181 I 34943 35253] raylet_client.cc:336: Error reporting task backlog information: IOError: 
[2022-01-28 11:57:46,181 I 34943 35253] raylet_client.cc:336: Error reporting task backlog information: IOError: 
[2022-01-28 11:57:47,181 I 34943 35253] raylet_client.cc:336: Error reporting task backlog information: IOError: 
[2022-01-28 11:57:48,182 I 34943 35253] raylet_client.cc:336: Error reporting task backlog information: IOError: 
[2022-01-28 11:57:49,182 I 34943 35253] raylet_client.cc:336: Error reporting task backlog information: IOError: 
[2022-01-28 11:57:50,182 I 34943 35253] raylet_client.cc:336: Error reporting task backlog information: IOError: 
[2022-01-28 11:57:51,182 I 34943 35253] raylet_client.cc:336: Error reporting task backlog information: IOError: 
[2022-01-28 11:57:52,182 I 34943 35253] raylet_client.cc:336: Error reporting task backlog information: IOError: 
[2022-01-28 11:57:53,182 I 34943 35253] raylet_client.cc:336: Error reporting task backlog information: IOError: 
[2022-01-28 11:57:53,353 W 34943 35254] metric_exporter.cc:206: Export metrics to agent failed: IOError: . This won't affect Ray, but you can lose metrics from the cluster.
[2022-01-28 11:57:54,182 I 34943 35253] raylet_client.cc:336: Error reporting task backlog information: IOError: 
[2022-01-28 11:57:55,183 I 34943 35253] raylet_client.cc:336: Error reporting task backlog information: IOError: 
[2022-01-28 11:57:56,183 I 34943 35253] raylet_client.cc:336: Error reporting task backlog information: IOError: 
[2022-01-28 11:57:57,183 I 34943 35253] raylet_client.cc:336: Error reporting task backlog information: IOError: 
[2022-01-28 11:57:58,183 I 34943 35253] raylet_client.cc:336: Error reporting task backlog information: IOError: 
[2022-01-28 11:57:59,183 I 34943 35253] raylet_client.cc:336: Error reporting task backlog information: IOError: 
[2022-01-28 11:58:00,183 I 34943 35253] raylet_client.cc:336: Error reporting task backlog information: IOError: 
[2022-01-28 11:58:01,184 I 34943 35253] raylet_client.cc:336: Error reporting task backlog information: IOError: 
[2022-01-28 11:58:02,184 I 34943 35253] raylet_client.cc:336: Error reporting task backlog information: IOError: 
[2022-01-28 11:58:03,184 I 34943 35253] raylet_client.cc:336: Error reporting task backlog information: IOError: 
[2022-01-28 11:58:03,365 W 34943 35254] metric_exporter.cc:206: Export metrics to agent failed: IOError: . This won't affect Ray, but you can lose metrics from the cluster.
[2022-01-28 11:58:04,184 I 34943 35253] raylet_client.cc:336: Error reporting task backlog information: IOError: 
[2022-01-28 11:58:05,184 I 34943 35253] raylet_client.cc:336: Error reporting task backlog information: IOError: 
[2022-01-28 11:58:06,184 I 34943 35253] raylet_client.cc:336: Error reporting task backlog information: IOError: 
[2022-01-28 11:58:07,184 I 34943 35253] raylet_client.cc:336: Error reporting task backlog information: IOError: 
[2022-01-28 11:58:08,185 I 34943 35253] raylet_client.cc:336: Error reporting task backlog information: IOError: 
[2022-01-28 11:58:09,185 I 34943 35253] raylet_client.cc:336: Error reporting task backlog information: IOError: 
[2022-01-28 11:58:10,185 I 34943 35253] raylet_client.cc:336: Error reporting task backlog information: IOError: 
[2022-01-28 11:58:11,185 I 34943 35253] raylet_client.cc:336: Error reporting task backlog information: IOError: 
[2022-01-28 11:58:12,185 I 34943 35253] raylet_client.cc:336: Error reporting task backlog information: IOError: 
[2022-01-28 11:58:13,185 I 34943 35253] raylet_client.cc:336: Error reporting task backlog information: IOError: 
[2022-01-28 11:58:13,379 W 34943 35254] metric_exporter.cc:206: Export metrics to agent failed: IOError: . This won't affect Ray, but you can lose metrics from the cluster.
[2022-01-28 11:58:14,185 I 34943 35253] raylet_client.cc:336: Error reporting task backlog information: IOError: 
[2022-01-28 11:58:15,185 I 34943 35253] raylet_client.cc:336: Error reporting task backlog information: IOError: 
[2022-01-28 11:58:16,186 I 34943 35253] raylet_client.cc:336: Error reporting task backlog information: IOError: 
[2022-01-28 11:58:17,186 I 34943 35253] raylet_client.cc:336: Error reporting task backlog information: IOError: 
[2022-01-28 11:58:18,186 I 34943 35253] raylet_client.cc:336: Error reporting task backlog information: IOError: 
[2022-01-28 11:58:19,186 I 34943 35253] raylet_client.cc:336: Error reporting task backlog information: IOError: 
[2022-01-28 11:58:20,186 I 34943 35253] raylet_client.cc:336: Error reporting task backlog information: IOError: 
[2022-01-28 11:58:21,186 I 34943 35253] raylet_client.cc:336: Error reporting task backlog information: IOError: 
[2022-01-28 11:58:22,187 I 34943 35253] raylet_client.cc:336: Error reporting task backlog information: IOError: 
[2022-01-28 11:58:23,187 I 34943 35253] raylet_client.cc:336: Error reporting task backlog information: IOError: 
[2022-01-28 11:58:23,391 W 34943 35254] metric_exporter.cc:206: Export metrics to agent failed: IOError: . This won't affect Ray, but you can lose metrics from the cluster.
[2022-01-28 11:58:24,187 I 34943 35253] raylet_client.cc:336: Error reporting task backlog information: IOError: 
[2022-01-28 11:58:25,187 I 34943 35253] raylet_client.cc:336: Error reporting task backlog information: IOError: 
[2022-01-28 11:58:26,187 I 34943 35253] raylet_client.cc:336: Error reporting task backlog information: IOError: 
[2022-01-28 11:58:27,187 I 34943 35253] raylet_client.cc:336: Error reporting task backlog information: IOError: 
[2022-01-28 11:58:28,188 I 34943 35253] raylet_client.cc:336: Error reporting task backlog information: IOError: 
[2022-01-28 11:58:29,188 I 34943 35253] raylet_client.cc:336: Error reporting task backlog information: IOError: 
[2022-01-28 11:58:30,188 I 34943 35253] raylet_client.cc:336: Error reporting task backlog information: IOError: 
[2022-01-28 11:58:31,188 I 34943 35253] raylet_client.cc:336: Error reporting task backlog information: IOError: 
[2022-01-28 11:58:32,188 I 34943 35253] raylet_client.cc:336: Error reporting task backlog information: IOError: 
[2022-01-28 11:58:33,188 I 34943 35253] raylet_client.cc:336: Error reporting task backlog information: IOError: 
[2022-01-28 11:58:33,404 W 34943 35254] metric_exporter.cc:206: Export metrics to agent failed: IOError: . This won't affect Ray, but you can lose metrics from the cluster.
[2022-01-28 11:58:34,188 I 34943 35253] raylet_client.cc:336: Error reporting task backlog information: IOError: 
[2022-01-28 11:58:35,188 I 34943 35253] raylet_client.cc:336: Error reporting task backlog information: IOError: 
[2022-01-28 11:58:36,189 I 34943 35253] raylet_client.cc:336: Error reporting task backlog information: IOError: 
[2022-01-28 11:58:37,189 I 34943 35253] raylet_client.cc:336: Error reporting task backlog information: IOError: 
[2022-01-28 11:58:38,189 I 34943 35253] raylet_client.cc:336: Error reporting task backlog information: IOError: 
[2022-01-28 11:58:39,189 I 34943 35253] raylet_client.cc:336: Error reporting task backlog information: IOError: 
[2022-01-28 11:58:40,189 I 34943 35253] raylet_client.cc:336: Error reporting task backlog information: IOError: 
[2022-01-28 11:58:41,189 I 34943 35253] raylet_client.cc:336: Error reporting task backlog information: IOError: 
[2022-01-28 11:58:42,190 I 34943 35253] raylet_client.cc:336: Error reporting task backlog information: IOError: 
[2022-01-28 11:58:43,190 I 34943 35253] raylet_client.cc:336: Error reporting task backlog information: IOError: 
[2022-01-28 11:58:43,417 W 34943 35254] metric_exporter.cc:206: Export metrics to agent failed: IOError: . This won't affect Ray, but you can lose metrics from the cluster.
[2022-01-28 11:58:44,190 I 34943 35253] raylet_client.cc:336: Error reporting task backlog information: IOError: 
[2022-01-28 11:58:45,190 I 34943 35253] raylet_client.cc:336: Error reporting task backlog information: IOError: 
[2022-01-28 11:58:46,190 I 34943 35253] raylet_client.cc:336: Error reporting task backlog information: IOError: 
[2022-01-28 11:58:47,190 I 34943 35253] raylet_client.cc:336: Error reporting task backlog information: IOError: 
[2022-01-28 11:58:48,190 I 34943 35253] raylet_client.cc:336: Error reporting task backlog information: IOError: 
[2022-01-28 11:58:49,191 I 34943 35253] raylet_client.cc:336: Error reporting task backlog information: IOError: 
[2022-01-28 11:58:50,191 I 34943 35253] raylet_client.cc:336: Error reporting task backlog information: IOError: 
[2022-01-28 11:58:51,191 I 34943 35253] raylet_client.cc:336: Error reporting task backlog information: IOError: 
[2022-01-28 11:58:52,191 I 34943 35253] raylet_client.cc:336: Error reporting task backlog information: IOError: 
[2022-01-28 11:58:53,191 I 34943 35253] raylet_client.cc:336: Error reporting task backlog information: IOError: 
[2022-01-28 11:58:53,429 W 34943 35254] metric_exporter.cc:206: Export metrics to agent failed: IOError: . This won't affect Ray, but you can lose metrics from the cluster.
[2022-01-28 11:58:54,191 I 34943 35253] raylet_client.cc:336: Error reporting task backlog information: IOError: 
[2022-01-28 11:58:55,191 I 34943 35253] raylet_client.cc:336: Error reporting task backlog information: IOError: 
[2022-01-28 11:58:56,192 I 34943 35253] raylet_client.cc:336: Error reporting task backlog information: IOError: 
[2022-01-28 11:58:57,192 I 34943 35253] raylet_client.cc:336: Error reporting task backlog information: IOError: 
[2022-01-28 11:58:58,192 I 34943 35253] raylet_client.cc:336: Error reporting task backlog information: IOError: 
[2022-01-28 11:58:59,192 I 34943 35253] raylet_client.cc:336: Error reporting task backlog information: IOError: 
[2022-01-28 11:59:00,192 I 34943 35253] raylet_client.cc:336: Error reporting task backlog information: IOError: 
[2022-01-28 11:59:01,192 I 34943 35253] raylet_client.cc:336: Error reporting task backlog information: IOError: 
[2022-01-28 11:59:02,192 I 34943 35253] raylet_client.cc:336: Error reporting task backlog information: IOError: 
[2022-01-28 11:59:03,193 I 34943 35253] raylet_client.cc:336: Error reporting task backlog information: IOError: 
[2022-01-28 11:59:03,441 W 34943 35254] metric_exporter.cc:206: Export metrics to agent failed: IOError: . This won't affect Ray, but you can lose metrics from the cluster.
[2022-01-28 11:59:04,193 I 34943 35253] raylet_client.cc:336: Error reporting task backlog information: IOError: 
[2022-01-28 11:59:05,193 I 34943 35253] raylet_client.cc:336: Error reporting task backlog information: IOError: 
[2022-01-28 11:59:06,193 I 34943 35253] raylet_client.cc:336: Error reporting task backlog information: IOError: 
[2022-01-28 11:59:07,193 I 34943 35253] raylet_client.cc:336: Error reporting task backlog information: IOError: 
[2022-01-28 11:59:08,194 I 34943 35253] raylet_client.cc:336: Error reporting task backlog information: IOError: 
[2022-01-28 11:59:09,194 I 34943 35253] raylet_client.cc:336: Error reporting task backlog information: IOError: 
[2022-01-28 11:59:10,194 I 34943 35253] raylet_client.cc:336: Error reporting task backlog information: IOError: 
[2022-01-28 11:59:11,194 I 34943 35253] raylet_client.cc:336: Error reporting task backlog information: IOError: 
[2022-01-28 11:59:12,194 I 34943 35253] raylet_client.cc:336: Error reporting task backlog information: IOError: 
[2022-01-28 11:59:13,194 I 34943 35253] raylet_client.cc:336: Error reporting task backlog information: IOError: 
[2022-01-28 11:59:13,452 W 34943 35254] metric_exporter.cc:206: Export metrics to agent failed: IOError: . This won't affect Ray, but you can lose metrics from the cluster.
[2022-01-28 11:59:14,195 I 34943 35253] raylet_client.cc:336: Error reporting task backlog information: IOError: 
[2022-01-28 11:59:15,195 I 34943 35253] raylet_client.cc:336: Error reporting task backlog information: IOError: 
[2022-01-28 11:59:16,195 I 34943 35253] raylet_client.cc:336: Error reporting task backlog information: IOError: 
[2022-01-28 11:59:17,195 I 34943 35253] raylet_client.cc:336: Error reporting task backlog information: IOError: 
[2022-01-28 11:59:18,195 I 34943 35253] raylet_client.cc:336: Error reporting task backlog information: IOError: 
[2022-01-28 11:59:19,195 I 34943 35253] raylet_client.cc:336: Error reporting task backlog information: IOError: 
[2022-01-28 11:59:20,196 I 34943 35253] raylet_client.cc:336: Error reporting task backlog information: IOError: 
[2022-01-28 11:59:21,196 I 34943 35253] raylet_client.cc:336: Error reporting task backlog information: IOError: 
[2022-01-28 11:59:22,196 I 34943 35253] raylet_client.cc:336: Error reporting task backlog information: IOError: 
[2022-01-28 11:59:23,196 I 34943 35253] raylet_client.cc:336: Error reporting task backlog information: IOError: 
[2022-01-28 11:59:23,466 W 34943 35254] metric_exporter.cc:206: Export metrics to agent failed: IOError: . This won't affect Ray, but you can lose metrics from the cluster.
[2022-01-28 11:59:24,196 I 34943 35253] raylet_client.cc:336: Error reporting task backlog information: IOError: 
[2022-01-28 11:59:25,197 I 34943 35253] raylet_client.cc:336: Error reporting task backlog information: IOError: 
[2022-01-28 11:59:26,197 I 34943 35253] raylet_client.cc:336: Error reporting task backlog information: IOError: 
[2022-01-28 11:59:27,197 I 34943 35253] raylet_client.cc:336: Error reporting task backlog information: IOError: 
[2022-01-28 11:59:28,197 I 34943 35253] raylet_client.cc:336: Error reporting task backlog information: IOError: 
[2022-01-28 11:59:29,197 I 34943 35253] raylet_client.cc:336: Error reporting task backlog information: IOError: 
[2022-01-28 11:59:30,197 I 34943 35253] raylet_client.cc:336: Error reporting task backlog information: IOError: 
[2022-01-28 11:59:31,198 I 34943 35253] raylet_client.cc:336: Error reporting task backlog information: IOError: 
[2022-01-28 11:59:32,198 I 34943 35253] raylet_client.cc:336: Error reporting task backlog information: IOError: 
[2022-01-28 11:59:33,198 I 34943 35253] raylet_client.cc:336: Error reporting task backlog information: IOError: 
[2022-01-28 11:59:33,478 W 34943 35254] metric_exporter.cc:206: Export metrics to agent failed: IOError: . This won't affect Ray, but you can lose metrics from the cluster.
[2022-01-28 11:59:34,198 I 34943 35253] raylet_client.cc:336: Error reporting task backlog information: IOError: 
[2022-01-28 11:59:35,198 I 34943 35253] raylet_client.cc:336: Error reporting task backlog information: IOError: 
[2022-01-28 11:59:36,198 I 34943 35253] raylet_client.cc:336: Error reporting task backlog information: IOError: 
[2022-01-28 11:59:37,199 I 34943 35253] raylet_client.cc:336: Error reporting task backlog information: IOError: 
[2022-01-28 11:59:38,199 I 34943 35253] raylet_client.cc:336: Error reporting task backlog information: IOError: 
[2022-01-28 11:59:39,199 I 34943 35253] raylet_client.cc:336: Error reporting task backlog information: IOError: 
[2022-01-28 11:59:40,199 I 34943 35253] raylet_client.cc:336: Error reporting task backlog information: IOError: 
[2022-01-28 11:59:41,199 I 34943 35253] raylet_client.cc:336: Error reporting task backlog information: IOError: 
[2022-01-28 11:59:42,199 I 34943 35253] raylet_client.cc:336: Error reporting task backlog information: IOError: 
[2022-01-28 11:59:43,199 I 34943 35253] raylet_client.cc:336: Error reporting task backlog information: IOError: 
[2022-01-28 11:59:43,490 W 34943 35254] metric_exporter.cc:206: Export metrics to agent failed: IOError: . This won't affect Ray, but you can lose metrics from the cluster.
[2022-01-28 11:59:44,200 I 34943 35253] raylet_client.cc:336: Error reporting task backlog information: IOError: 
[2022-01-28 11:59:45,200 I 34943 35253] raylet_client.cc:336: Error reporting task backlog information: IOError: 
[2022-01-28 11:59:46,200 I 34943 35253] raylet_client.cc:336: Error reporting task backlog information: IOError: 
[2022-01-28 11:59:47,200 I 34943 35253] raylet_client.cc:336: Error reporting task backlog information: IOError: 
[2022-01-28 11:59:48,200 I 34943 35253] raylet_client.cc:336: Error reporting task backlog information: IOError: 
[2022-01-28 11:59:49,200 I 34943 35253] raylet_client.cc:336: Error reporting task backlog information: IOError: 
[2022-01-28 11:59:50,201 I 34943 35253] raylet_client.cc:336: Error reporting task backlog information: IOError: 
[2022-01-28 11:59:51,201 I 34943 35253] raylet_client.cc:336: Error reporting task backlog information: IOError: 
[2022-01-28 11:59:52,201 I 34943 35253] raylet_client.cc:336: Error reporting task backlog information: IOError: 
[2022-01-28 11:59:53,201 I 34943 35253] raylet_client.cc:336: Error reporting task backlog information: IOError: 
[2022-01-28 11:59:53,502 W 34943 35254] metric_exporter.cc:206: Export metrics to agent failed: IOError: . This won't affect Ray, but you can lose metrics from the cluster.
[2022-01-28 11:59:54,201 I 34943 35253] raylet_client.cc:336: Error reporting task backlog information: IOError: 
[2022-01-28 11:59:55,201 I 34943 35253] raylet_client.cc:336: Error reporting task backlog information: IOError: 
[2022-01-28 11:59:56,201 I 34943 35253] raylet_client.cc:336: Error reporting task backlog information: IOError: 
[2022-01-28 11:59:57,202 I 34943 35253] raylet_client.cc:336: Error reporting task backlog information: IOError: 
[2022-01-28 11:59:58,202 I 34943 35253] raylet_client.cc:336: Error reporting task backlog information: IOError: 
[2022-01-28 11:59:59,202 I 34943 35253] raylet_client.cc:336: Error reporting task backlog information: IOError: 
[2022-01-28 12:00:00,202 I 34943 35253] raylet_client.cc:336: Error reporting task backlog information: IOError: 
[2022-01-28 12:00:01,202 I 34943 35253] raylet_client.cc:336: Error reporting task backlog information: IOError: 
[2022-01-28 12:00:02,202 I 34943 35253] raylet_client.cc:336: Error reporting task backlog information: IOError: 
[2022-01-28 12:00:03,203 I 34943 35253] raylet_client.cc:336: Error reporting task backlog information: IOError: 
[2022-01-28 12:00:03,514 W 34943 35254] metric_exporter.cc:206: Export metrics to agent failed: IOError: . This won't affect Ray, but you can lose metrics from the cluster.
[2022-01-28 12:00:04,203 I 34943 35253] raylet_client.cc:336: Error reporting task backlog information: IOError: 
[2022-01-28 12:00:05,203 I 34943 35253] raylet_client.cc:336: Error reporting task backlog information: IOError: 
[2022-01-28 12:00:06,203 I 34943 35253] raylet_client.cc:336: Error reporting task backlog information: IOError: 
[2022-01-28 12:00:07,203 I 34943 35253] raylet_client.cc:336: Error reporting task backlog information: IOError: 
[2022-01-28 12:00:08,203 I 34943 35253] raylet_client.cc:336: Error reporting task backlog information: IOError: 
[2022-01-28 12:00:09,203 I 34943 35253] raylet_client.cc:336: Error reporting task backlog information: IOError: 
[2022-01-28 12:00:10,203 I 34943 35253] raylet_client.cc:336: Error reporting task backlog information: IOError: 
[2022-01-28 12:00:11,203 I 34943 35253] raylet_client.cc:336: Error reporting task backlog information: IOError: 
[2022-01-28 12:00:12,204 I 34943 35253] raylet_client.cc:336: Error reporting task backlog information: IOError: 
[2022-01-28 12:00:13,204 I 34943 35253] raylet_client.cc:336: Error reporting task backlog information: IOError: 
[2022-01-28 12:00:13,525 W 34943 35254] metric_exporter.cc:206: Export metrics to agent failed: IOError: . This won't affect Ray, but you can lose metrics from the cluster.
[2022-01-28 12:00:14,204 I 34943 35253] raylet_client.cc:336: Error reporting task backlog information: IOError: 
[2022-01-28 12:00:15,204 I 34943 35253] raylet_client.cc:336: Error reporting task backlog information: IOError: 
[2022-01-28 12:00:16,204 I 34943 35253] raylet_client.cc:336: Error reporting task backlog information: IOError: 
[2022-01-28 12:00:17,204 I 34943 35253] raylet_client.cc:336: Error reporting task backlog information: IOError: 
[2022-01-28 12:00:18,204 I 34943 35253] raylet_client.cc:336: Error reporting task backlog information: IOError: 
[2022-01-28 12:00:19,204 I 34943 35253] raylet_client.cc:336: Error reporting task backlog information: IOError: 
[2022-01-28 12:00:20,205 I 34943 35253] raylet_client.cc:336: Error reporting task backlog information: IOError: 
[2022-01-28 12:00:21,205 I 34943 35253] raylet_client.cc:336: Error reporting task backlog information: IOError: 
[2022-01-28 12:00:22,205 I 34943 35253] raylet_client.cc:336: Error reporting task backlog information: IOError: 
[2022-01-28 12:00:23,205 I 34943 35253] raylet_client.cc:336: Error reporting task backlog information: IOError: 
[2022-01-28 12:00:23,534 W 34943 35254] metric_exporter.cc:206: Export metrics to agent failed: IOError: . This won't affect Ray, but you can lose metrics from the cluster.
[2022-01-28 12:00:24,205 I 34943 35253] raylet_client.cc:336: Error reporting task backlog information: IOError: 
[2022-01-28 12:00:25,205 I 34943 35253] raylet_client.cc:336: Error reporting task backlog information: IOError: 
[2022-01-28 12:00:26,205 I 34943 35253] raylet_client.cc:336: Error reporting task backlog information: IOError: 
[2022-01-28 12:00:27,206 I 34943 35253] raylet_client.cc:336: Error reporting task backlog information: IOError: 
[2022-01-28 12:00:28,206 I 34943 35253] raylet_client.cc:336: Error reporting task backlog information: IOError: 
[2022-01-28 12:00:29,206 I 34943 35253] raylet_client.cc:336: Error reporting task backlog information: IOError: 
[2022-01-28 12:00:30,206 I 34943 35253] raylet_client.cc:336: Error reporting task backlog information: IOError: 
[2022-01-28 12:00:31,206 I 34943 35253] raylet_client.cc:336: Error reporting task backlog information: IOError: 
[2022-01-28 12:00:32,206 I 34943 35253] raylet_client.cc:336: Error reporting task backlog information: IOError: 
[2022-01-28 12:00:33,206 I 34943 35253] raylet_client.cc:336: Error reporting task backlog information: IOError: 
[2022-01-28 12:00:33,546 W 34943 35254] metric_exporter.cc:206: Export metrics to agent failed: IOError: . This won't affect Ray, but you can lose metrics from the cluster.
[2022-01-28 12:00:34,206 I 34943 35253] raylet_client.cc:336: Error reporting task backlog information: IOError: 
[2022-01-28 12:00:35,207 I 34943 35253] raylet_client.cc:336: Error reporting task backlog information: IOError: 
[2022-01-28 12:00:36,207 I 34943 35253] raylet_client.cc:336: Error reporting task backlog information: IOError: 
[2022-01-28 12:00:37,207 I 34943 35253] raylet_client.cc:336: Error reporting task backlog information: IOError: 
[2022-01-28 12:00:38,207 I 34943 35253] raylet_client.cc:336: Error reporting task backlog information: IOError: 
[2022-01-28 12:00:39,207 I 34943 35253] raylet_client.cc:336: Error reporting task backlog information: IOError: 
[2022-01-28 12:00:40,207 I 34943 35253] raylet_client.cc:336: Error reporting task backlog information: IOError: 
[2022-01-28 12:00:41,208 I 34943 35253] raylet_client.cc:336: Error reporting task backlog information: IOError: 
[2022-01-28 12:00:42,208 I 34943 35253] raylet_client.cc:336: Error reporting task backlog information: IOError: 
[2022-01-28 12:00:43,208 I 34943 35253] raylet_client.cc:336: Error reporting task backlog information: IOError: 
[2022-01-28 12:00:43,557 W 34943 35254] metric_exporter.cc:206: Export metrics to agent failed: IOError: . This won't affect Ray, but you can lose metrics from the cluster.
[2022-01-28 12:00:44,208 I 34943 35253] raylet_client.cc:336: Error reporting task backlog information: IOError: 
[2022-01-28 12:00:45,208 I 34943 35253] raylet_client.cc:336: Error reporting task backlog information: IOError: 
[2022-01-28 12:00:46,208 I 34943 35253] raylet_client.cc:336: Error reporting task backlog information: IOError: 
[2022-01-28 12:00:47,096 W 34943 35168] gcs_server_address_updater.cc:61: [301] Failed to get the gcs server address from raylet 301 times in a row. If it keeps failing to obtain the address, the worker might crash. Connection status IOError: 
[2022-01-28 12:00:47,209 I 34943 35253] raylet_client.cc:336: Error reporting task backlog information: IOError: 
[2022-01-28 12:00:48,209 I 34943 35253] raylet_client.cc:336: Error reporting task backlog information: IOError: 
[2022-01-28 12:00:49,209 I 34943 35253] raylet_client.cc:336: Error reporting task backlog information: IOError: 
[2022-01-28 12:00:50,209 I 34943 35253] raylet_client.cc:336: Error reporting task backlog information: IOError: 
[2022-01-28 12:00:51,209 I 34943 35253] raylet_client.cc:336: Error reporting task backlog information: IOError: 
[2022-01-28 12:00:52,209 I 34943 35253] raylet_client.cc:336: Error reporting task backlog information: IOError: 
[2022-01-28 12:00:53,209 I 34943 35253] raylet_client.cc:336: Error reporting task backlog information: IOError: 
[2022-01-28 12:00:53,568 W 34943 35254] metric_exporter.cc:206: Export metrics to agent failed: IOError: . This won't affect Ray, but you can lose metrics from the cluster.
[2022-01-28 12:00:54,209 I 34943 35253] raylet_client.cc:336: Error reporting task backlog information: IOError: 
[2022-01-28 12:00:55,210 I 34943 35253] raylet_client.cc:336: Error reporting task backlog information: IOError: 
[2022-01-28 12:00:56,210 I 34943 35253] raylet_client.cc:336: Error reporting task backlog information: IOError: 
[2022-01-28 12:00:57,210 I 34943 35253] raylet_client.cc:336: Error reporting task backlog information: IOError: 
[2022-01-28 12:00:58,210 I 34943 35253] raylet_client.cc:336: Error reporting task backlog information: IOError: 
[2022-01-28 12:00:59,210 I 34943 35253] raylet_client.cc:336: Error reporting task backlog information: IOError: 
[2022-01-28 12:01:00,210 I 34943 35253] raylet_client.cc:336: Error reporting task backlog information: IOError: 
[2022-01-28 12:01:01,211 I 34943 35253] raylet_client.cc:336: Error reporting task backlog information: IOError: 
[2022-01-28 12:01:02,211 I 34943 35253] raylet_client.cc:336: Error reporting task backlog information: IOError: 
[2022-01-28 12:01:03,211 I 34943 35253] raylet_client.cc:336: Error reporting task backlog information: IOError: 
[2022-01-28 12:01:03,579 W 34943 35254] metric_exporter.cc:206: Export metrics to agent failed: IOError: . This won't affect Ray, but you can lose metrics from the cluster.
[2022-01-28 12:01:04,211 I 34943 35253] raylet_client.cc:336: Error reporting task backlog information: IOError: 
[2022-01-28 12:01:05,211 I 34943 35253] raylet_client.cc:336: Error reporting task backlog information: IOError: 
[2022-01-28 12:01:06,211 I 34943 35253] raylet_client.cc:336: Error reporting task backlog information: IOError: 
[2022-01-28 12:01:07,212 I 34943 35253] raylet_client.cc:336: Error reporting task backlog information: IOError: 
[2022-01-28 12:01:08,212 I 34943 35253] raylet_client.cc:336: Error reporting task backlog information: IOError: 
[2022-01-28 12:01:09,212 I 34943 35253] raylet_client.cc:336: Error reporting task backlog information: IOError: 
[2022-01-28 12:01:10,212 I 34943 35253] raylet_client.cc:336: Error reporting task backlog information: IOError: 
[2022-01-28 12:01:11,212 I 34943 35253] raylet_client.cc:336: Error reporting task backlog information: IOError: 
[2022-01-28 12:01:12,212 I 34943 35253] raylet_client.cc:336: Error reporting task backlog information: IOError: 
[2022-01-28 12:01:13,212 I 34943 35253] raylet_client.cc:336: Error reporting task backlog information: IOError: 
[2022-01-28 12:01:13,592 W 34943 35254] metric_exporter.cc:206: Export metrics to agent failed: IOError: . This won't affect Ray, but you can lose metrics from the cluster.
[2022-01-28 12:01:14,212 I 34943 35253] raylet_client.cc:336: Error reporting task backlog information: IOError: 
[2022-01-28 12:01:15,212 I 34943 35253] raylet_client.cc:336: Error reporting task backlog information: IOError: 
[2022-01-28 12:01:16,213 I 34943 35253] raylet_client.cc:336: Error reporting task backlog information: IOError: 
[2022-01-28 12:01:17,213 I 34943 35253] raylet_client.cc:336: Error reporting task backlog information: IOError: 
[2022-01-28 12:01:18,213 I 34943 35253] raylet_client.cc:336: Error reporting task backlog information: IOError: 
[2022-01-28 12:01:19,213 I 34943 35253] raylet_client.cc:336: Error reporting task backlog information: IOError: 
[2022-01-28 12:01:20,213 I 34943 35253] raylet_client.cc:336: Error reporting task backlog information: IOError: 
[2022-01-28 12:01:21,213 I 34943 35253] raylet_client.cc:336: Error reporting task backlog information: IOError: 
[2022-01-28 12:01:22,213 I 34943 35253] raylet_client.cc:336: Error reporting task backlog information: IOError: 
[2022-01-28 12:01:23,214 I 34943 35253] raylet_client.cc:336: Error reporting task backlog information: IOError: 
[2022-01-28 12:01:23,605 W 34943 35254] metric_exporter.cc:206: Export metrics to agent failed: IOError: . This won't affect Ray, but you can lose metrics from the cluster.
[2022-01-28 12:01:24,214 I 34943 35253] raylet_client.cc:336: Error reporting task backlog information: IOError: 
[2022-01-28 12:01:25,214 I 34943 35253] raylet_client.cc:336: Error reporting task backlog information: IOError: 
[2022-01-28 12:01:26,214 I 34943 35253] raylet_client.cc:336: Error reporting task backlog information: IOError: 
[2022-01-28 12:01:27,214 I 34943 35253] raylet_client.cc:336: Error reporting task backlog information: IOError: 
[2022-01-28 12:01:28,214 I 34943 35253] raylet_client.cc:336: Error reporting task backlog information: IOError: 
[2022-01-28 12:01:29,215 I 34943 35253] raylet_client.cc:336: Error reporting task backlog information: IOError: 
[2022-01-28 12:01:30,215 I 34943 35253] raylet_client.cc:336: Error reporting task backlog information: IOError: 
[2022-01-28 12:01:31,215 I 34943 35253] raylet_client.cc:336: Error reporting task backlog information: IOError: 
[2022-01-28 12:01:32,215 I 34943 35253] raylet_client.cc:336: Error reporting task backlog information: IOError: 
[2022-01-28 12:01:33,215 I 34943 35253] raylet_client.cc:336: Error reporting task backlog information: IOError: 
[2022-01-28 12:01:33,618 W 34943 35254] metric_exporter.cc:206: Export metrics to agent failed: IOError: . This won't affect Ray, but you can lose metrics from the cluster.
[2022-01-28 12:01:34,215 I 34943 35253] raylet_client.cc:336: Error reporting task backlog information: IOError: 
[2022-01-28 12:01:35,215 I 34943 35253] raylet_client.cc:336: Error reporting task backlog information: IOError: 
[2022-01-28 12:01:36,215 I 34943 35253] raylet_client.cc:336: Error reporting task backlog information: IOError: 
[2022-01-28 12:01:37,215 I 34943 35253] raylet_client.cc:336: Error reporting task backlog information: IOError: 
[2022-01-28 12:01:38,215 I 34943 35253] raylet_client.cc:336: Error reporting task backlog information: IOError: 
[2022-01-28 12:01:39,216 I 34943 35253] raylet_client.cc:336: Error reporting task backlog information: IOError: 
[2022-01-28 12:01:40,216 I 34943 35253] raylet_client.cc:336: Error reporting task backlog information: IOError: 
[2022-01-28 12:01:41,216 I 34943 35253] raylet_client.cc:336: Error reporting task backlog information: IOError: 
[2022-01-28 12:01:42,216 I 34943 35253] raylet_client.cc:336: Error reporting task backlog information: IOError: 
[2022-01-28 12:01:43,216 I 34943 35253] raylet_client.cc:336: Error reporting task backlog information: IOError: 
[2022-01-28 12:01:43,633 W 34943 35254] metric_exporter.cc:206: Export metrics to agent failed: IOError: . This won't affect Ray, but you can lose metrics from the cluster.
[2022-01-28 12:01:44,216 I 34943 35253] raylet_client.cc:336: Error reporting task backlog information: IOError: 
[2022-01-28 12:01:45,216 I 34943 35253] raylet_client.cc:336: Error reporting task backlog information: IOError: 
[2022-01-28 12:01:46,217 I 34943 35253] raylet_client.cc:336: Error reporting task backlog information: IOError: 
[2022-01-28 12:01:47,217 I 34943 35253] raylet_client.cc:336: Error reporting task backlog information: IOError: 
[2022-01-28 12:01:48,217 I 34943 35253] raylet_client.cc:336: Error reporting task backlog information: IOError: 
[2022-01-28 12:01:49,217 I 34943 35253] raylet_client.cc:336: Error reporting task backlog information: IOError: 
[2022-01-28 12:01:50,217 I 34943 35253] raylet_client.cc:336: Error reporting task backlog information: IOError: 
[2022-01-28 12:01:51,217 I 34943 35253] raylet_client.cc:336: Error reporting task backlog information: IOError: 
[2022-01-28 12:01:52,218 I 34943 35253] raylet_client.cc:336: Error reporting task backlog information: IOError: 
[2022-01-28 12:01:53,218 I 34943 35253] raylet_client.cc:336: Error reporting task backlog information: IOError: 
[2022-01-28 12:01:53,647 W 34943 35254] metric_exporter.cc:206: Export metrics to agent failed: IOError: . This won't affect Ray, but you can lose metrics from the cluster.
[2022-01-28 12:01:54,218 I 34943 35253] raylet_client.cc:336: Error reporting task backlog information: IOError: 
[2022-01-28 12:01:55,218 I 34943 35253] raylet_client.cc:336: Error reporting task backlog information: IOError: 
[2022-01-28 12:01:56,218 I 34943 35253] raylet_client.cc:336: Error reporting task backlog information: IOError: 
[2022-01-28 12:01:57,218 I 34943 35253] raylet_client.cc:336: Error reporting task backlog information: IOError: 
[2022-01-28 12:01:58,218 I 34943 35253] raylet_client.cc:336: Error reporting task backlog information: IOError: 
[2022-01-28 12:01:59,219 I 34943 35253] raylet_client.cc:336: Error reporting task backlog information: IOError: 
[2022-01-28 12:02:00,219 I 34943 35253] raylet_client.cc:336: Error reporting task backlog information: IOError: 
[2022-01-28 12:02:01,219 I 34943 35253] raylet_client.cc:336: Error reporting task backlog information: IOError: 
[2022-01-28 12:02:02,219 I 34943 35253] raylet_client.cc:336: Error reporting task backlog information: IOError: 
[2022-01-28 12:02:03,220 I 34943 35253] raylet_client.cc:336: Error reporting task backlog information: IOError: 
[2022-01-28 12:02:03,661 W 34943 35254] metric_exporter.cc:206: Export metrics to agent failed: IOError: . This won't affect Ray, but you can lose metrics from the cluster.
[2022-01-28 12:02:04,220 I 34943 35253] raylet_client.cc:336: Error reporting task backlog information: IOError: 
[2022-01-28 12:02:05,220 I 34943 35253] raylet_client.cc:336: Error reporting task backlog information: IOError: 
[2022-01-28 12:02:06,220 I 34943 35253] raylet_client.cc:336: Error reporting task backlog information: IOError: 
[2022-01-28 12:02:07,220 I 34943 35253] raylet_client.cc:336: Error reporting task backlog information: IOError: 
[2022-01-28 12:02:08,220 I 34943 35253] raylet_client.cc:336: Error reporting task backlog information: IOError: 
[2022-01-28 12:02:09,220 I 34943 35253] raylet_client.cc:336: Error reporting task backlog information: IOError: 
[2022-01-28 12:02:10,220 I 34943 35253] raylet_client.cc:336: Error reporting task backlog information: IOError: 
[2022-01-28 12:02:11,220 I 34943 35253] raylet_client.cc:336: Error reporting task backlog information: IOError: 
[2022-01-28 12:02:12,221 I 34943 35253] raylet_client.cc:336: Error reporting task backlog information: IOError: 
[2022-01-28 12:02:13,221 I 34943 35253] raylet_client.cc:336: Error reporting task backlog information: IOError: 
[2022-01-28 12:02:13,671 W 34943 35254] metric_exporter.cc:206: Export metrics to agent failed: IOError: . This won't affect Ray, but you can lose metrics from the cluster.
[2022-01-28 12:02:14,221 I 34943 35253] raylet_client.cc:336: Error reporting task backlog information: IOError: 
[2022-01-28 12:02:15,221 I 34943 35253] raylet_client.cc:336: Error reporting task backlog information: IOError: 
[2022-01-28 12:02:16,221 I 34943 35253] raylet_client.cc:336: Error reporting task backlog information: IOError: 
[2022-01-28 12:02:17,221 I 34943 35253] raylet_client.cc:336: Error reporting task backlog information: IOError: 
[2022-01-28 12:02:18,222 I 34943 35253] raylet_client.cc:336: Error reporting task backlog information: IOError: 
[2022-01-28 12:02:19,222 I 34943 35253] raylet_client.cc:336: Error reporting task backlog information: IOError: 
[2022-01-28 12:02:20,222 I 34943 35253] raylet_client.cc:336: Error reporting task backlog information: IOError: 
[2022-01-28 12:02:21,222 I 34943 35253] raylet_client.cc:336: Error reporting task backlog information: IOError: 
[2022-01-28 12:02:22,223 I 34943 35253] raylet_client.cc:336: Error reporting task backlog information: IOError: 
[2022-01-28 12:02:23,223 I 34943 35253] raylet_client.cc:336: Error reporting task backlog information: IOError: 
[2022-01-28 12:02:23,683 W 34943 35254] metric_exporter.cc:206: Export metrics to agent failed: IOError: . This won't affect Ray, but you can lose metrics from the cluster.
[2022-01-28 12:02:24,223 I 34943 35253] raylet_client.cc:336: Error reporting task backlog information: IOError: 
[2022-01-28 12:02:25,223 I 34943 35253] raylet_client.cc:336: Error reporting task backlog information: IOError: 
[2022-01-28 12:02:26,224 I 34943 35253] raylet_client.cc:336: Error reporting task backlog information: IOError: 
[2022-01-28 12:02:27,224 I 34943 35253] raylet_client.cc:336: Error reporting task backlog information: IOError: 
[2022-01-28 12:02:28,224 I 34943 35253] raylet_client.cc:336: Error reporting task backlog information: IOError: 
[2022-01-28 12:02:29,224 I 34943 35253] raylet_client.cc:336: Error reporting task backlog information: IOError: 
[2022-01-28 12:02:30,224 I 34943 35253] raylet_client.cc:336: Error reporting task backlog information: IOError: 
[2022-01-28 12:02:31,224 I 34943 35253] raylet_client.cc:336: Error reporting task backlog information: IOError: 
[2022-01-28 12:02:32,225 I 34943 35253] raylet_client.cc:336: Error reporting task backlog information: IOError: 
[2022-01-28 12:02:33,225 I 34943 35253] raylet_client.cc:336: Error reporting task backlog information: IOError: 
[2022-01-28 12:02:33,696 W 34943 35254] metric_exporter.cc:206: Export metrics to agent failed: IOError: . This won't affect Ray, but you can lose metrics from the cluster.
[2022-01-28 12:02:34,225 I 34943 35253] raylet_client.cc:336: Error reporting task backlog information: IOError: 
[2022-01-28 12:02:35,225 I 34943 35253] raylet_client.cc:336: Error reporting task backlog information: IOError: 
[2022-01-28 12:02:36,225 I 34943 35253] raylet_client.cc:336: Error reporting task backlog information: IOError: 
[2022-01-28 12:02:37,225 I 34943 35253] raylet_client.cc:336: Error reporting task backlog information: IOError: 
[2022-01-28 12:02:38,225 I 34943 35253] raylet_client.cc:336: Error reporting task backlog information: IOError: 
[2022-01-28 12:02:39,226 I 34943 35253] raylet_client.cc:336: Error reporting task backlog information: IOError: 
[2022-01-28 12:02:40,226 I 34943 35253] raylet_client.cc:336: Error reporting task backlog information: IOError: 
[2022-01-28 12:02:41,226 I 34943 35253] raylet_client.cc:336: Error reporting task backlog information: IOError: 
[2022-01-28 12:02:42,227 I 34943 35253] raylet_client.cc:336: Error reporting task backlog information: IOError: 
[2022-01-28 12:02:43,227 I 34943 35253] raylet_client.cc:336: Error reporting task backlog information: IOError: 
[2022-01-28 12:02:43,708 W 34943 35254] metric_exporter.cc:206: Export metrics to agent failed: IOError: . This won't affect Ray, but you can lose metrics from the cluster.
[2022-01-28 12:02:44,227 I 34943 35253] raylet_client.cc:336: Error reporting task backlog information: IOError: 
[2022-01-28 12:02:45,227 I 34943 35253] raylet_client.cc:336: Error reporting task backlog information: IOError: 
[2022-01-28 12:02:46,227 I 34943 35253] raylet_client.cc:336: Error reporting task backlog information: IOError: 
[2022-01-28 12:02:47,228 I 34943 35253] raylet_client.cc:336: Error reporting task backlog information: IOError: 
[2022-01-28 12:02:48,228 I 34943 35253] raylet_client.cc:336: Error reporting task backlog information: IOError: 
[2022-01-28 12:02:49,228 I 34943 35253] raylet_client.cc:336: Error reporting task backlog information: IOError: 
[2022-01-28 12:02:50,228 I 34943 35253] raylet_client.cc:336: Error reporting task backlog information: IOError: 
[2022-01-28 12:02:51,229 I 34943 35253] raylet_client.cc:336: Error reporting task backlog information: IOError: 
[2022-01-28 12:02:52,229 I 34943 35253] raylet_client.cc:336: Error reporting task backlog information: IOError: 
[2022-01-28 12:02:53,229 I 34943 35253] raylet_client.cc:336: Error reporting task backlog information: IOError: 
[2022-01-28 12:02:53,723 W 34943 35254] metric_exporter.cc:206: Export metrics to agent failed: IOError: . This won't affect Ray, but you can lose metrics from the cluster.
[2022-01-28 12:02:54,229 I 34943 35253] raylet_client.cc:336: Error reporting task backlog information: IOError: 
[2022-01-28 12:02:55,229 I 34943 35253] raylet_client.cc:336: Error reporting task backlog information: IOError: 
[2022-01-28 12:02:56,229 I 34943 35253] raylet_client.cc:336: Error reporting task backlog information: IOError: 
[2022-01-28 12:02:57,230 I 34943 35253] raylet_client.cc:336: Error reporting task backlog information: IOError: 
[2022-01-28 12:02:58,230 I 34943 35253] raylet_client.cc:336: Error reporting task backlog information: IOError: 
[2022-01-28 12:02:59,230 I 34943 35253] raylet_client.cc:336: Error reporting task backlog information: IOError: 
[2022-01-28 12:03:00,230 I 34943 35253] raylet_client.cc:336: Error reporting task backlog information: IOError: 
[2022-01-28 12:03:01,230 I 34943 35253] raylet_client.cc:336: Error reporting task backlog information: IOError: 
[2022-01-28 12:03:02,230 I 34943 35253] raylet_client.cc:336: Error reporting task backlog information: IOError: 
[2022-01-28 12:03:03,230 I 34943 35253] raylet_client.cc:336: Error reporting task backlog information: IOError: 
[2022-01-28 12:03:03,734 W 34943 35254] metric_exporter.cc:206: Export metrics to agent failed: IOError: . This won't affect Ray, but you can lose metrics from the cluster.
[2022-01-28 12:03:04,230 I 34943 35253] raylet_client.cc:336: Error reporting task backlog information: IOError: 
[2022-01-28 12:03:05,231 I 34943 35253] raylet_client.cc:336: Error reporting task backlog information: IOError: 
[2022-01-28 12:03:06,231 I 34943 35253] raylet_client.cc:336: Error reporting task backlog information: IOError: 
[2022-01-28 12:03:07,231 I 34943 35253] raylet_client.cc:336: Error reporting task backlog information: IOError: 
[2022-01-28 12:03:08,231 I 34943 35253] raylet_client.cc:336: Error reporting task backlog information: IOError: 
[2022-01-28 12:03:09,232 I 34943 35253] raylet_client.cc:336: Error reporting task backlog information: IOError: 
[2022-01-28 12:03:10,232 I 34943 35253] raylet_client.cc:336: Error reporting task backlog information: IOError: 
[2022-01-28 12:03:11,232 I 34943 35253] raylet_client.cc:336: Error reporting task backlog information: IOError: 
[2022-01-28 12:03:12,232 I 34943 35253] raylet_client.cc:336: Error reporting task backlog information: IOError: 
[2022-01-28 12:03:13,233 I 34943 35253] raylet_client.cc:336: Error reporting task backlog information: IOError: 
[2022-01-28 12:03:13,746 W 34943 35254] metric_exporter.cc:206: Export metrics to agent failed: IOError: . This won't affect Ray, but you can lose metrics from the cluster.
[2022-01-28 12:03:14,233 I 34943 35253] raylet_client.cc:336: Error reporting task backlog information: IOError: 
[2022-01-28 12:03:15,233 I 34943 35253] raylet_client.cc:336: Error reporting task backlog information: IOError: 
[2022-01-28 12:03:16,234 I 34943 35253] raylet_client.cc:336: Error reporting task backlog information: IOError: 
[2022-01-28 12:03:17,234 I 34943 35253] raylet_client.cc:336: Error reporting task backlog information: IOError: 
[2022-01-28 12:03:18,234 I 34943 35253] raylet_client.cc:336: Error reporting task backlog information: IOError: 
[2022-01-28 12:03:19,234 I 34943 35253] raylet_client.cc:336: Error reporting task backlog information: IOError: 
[2022-01-28 12:03:20,234 I 34943 35253] raylet_client.cc:336: Error reporting task backlog information: IOError: 
[2022-01-28 12:03:21,234 I 34943 35253] raylet_client.cc:336: Error reporting task backlog information: IOError: 
[2022-01-28 12:03:22,235 I 34943 35253] raylet_client.cc:336: Error reporting task backlog information: IOError: 
[2022-01-28 12:03:23,235 I 34943 35253] raylet_client.cc:336: Error reporting task backlog information: IOError: 
[2022-01-28 12:03:23,757 W 34943 35254] metric_exporter.cc:206: Export metrics to agent failed: IOError: . This won't affect Ray, but you can lose metrics from the cluster.
[2022-01-28 12:03:24,235 I 34943 35253] raylet_client.cc:336: Error reporting task backlog information: IOError: 
[2022-01-28 12:03:25,235 I 34943 35253] raylet_client.cc:336: Error reporting task backlog information: IOError: 
[2022-01-28 12:03:26,235 I 34943 35253] raylet_client.cc:336: Error reporting task backlog information: IOError: 
[2022-01-28 12:03:27,235 I 34943 35253] raylet_client.cc:336: Error reporting task backlog information: IOError: 
[2022-01-28 12:03:28,235 I 34943 35253] raylet_client.cc:336: Error reporting task backlog information: IOError: 
[2022-01-28 12:03:29,235 I 34943 35253] raylet_client.cc:336: Error reporting task backlog information: IOError: 
[2022-01-28 12:03:30,236 I 34943 35253] raylet_client.cc:336: Error reporting task backlog information: IOError: 
[2022-01-28 12:03:31,236 I 34943 35253] raylet_client.cc:336: Error reporting task backlog information: IOError: 
[2022-01-28 12:03:32,236 I 34943 35253] raylet_client.cc:336: Error reporting task backlog information: IOError: 
[2022-01-28 12:03:33,236 I 34943 35253] raylet_client.cc:336: Error reporting task backlog information: IOError: 
[2022-01-28 12:03:33,764 W 34943 35254] metric_exporter.cc:206: Export metrics to agent failed: IOError: . This won't affect Ray, but you can lose metrics from the cluster.
[2022-01-28 12:03:34,236 I 34943 35253] raylet_client.cc:336: Error reporting task backlog information: IOError: 
[2022-01-28 12:03:35,236 I 34943 35253] raylet_client.cc:336: Error reporting task backlog information: IOError: 
[2022-01-28 12:03:36,236 I 34943 35253] raylet_client.cc:336: Error reporting task backlog information: IOError: 
[2022-01-28 12:03:37,236 I 34943 35253] raylet_client.cc:336: Error reporting task backlog information: IOError: 
[2022-01-28 12:03:38,236 I 34943 35253] raylet_client.cc:336: Error reporting task backlog information: IOError: 
[2022-01-28 12:03:39,236 I 34943 35253] raylet_client.cc:336: Error reporting task backlog information: IOError: 
[2022-01-28 12:03:40,236 I 34943 35253] raylet_client.cc:336: Error reporting task backlog information: IOError: 
[2022-01-28 12:03:41,236 I 34943 35253] raylet_client.cc:336: Error reporting task backlog information: IOError: 
[2022-01-28 12:03:42,236 I 34943 35253] raylet_client.cc:336: Error reporting task backlog information: IOError: 
[2022-01-28 12:03:43,236 I 34943 35253] raylet_client.cc:336: Error reporting task backlog information: IOError: 
[2022-01-28 12:03:43,772 W 34943 35254] metric_exporter.cc:206: Export metrics to agent failed: IOError: . This won't affect Ray, but you can lose metrics from the cluster.
[2022-01-28 12:03:44,237 I 34943 35253] raylet_client.cc:336: Error reporting task backlog information: IOError: 
[2022-01-28 12:03:45,237 I 34943 35253] raylet_client.cc:336: Error reporting task backlog information: IOError: 
[2022-01-28 12:03:46,241 I 34943 35253] raylet_client.cc:336: Error reporting task backlog information: IOError: 
[2022-01-28 12:03:47,241 I 34943 35253] raylet_client.cc:336: Error reporting task backlog information: IOError: 
[2022-01-28 12:03:48,241 I 34943 35253] raylet_client.cc:336: Error reporting task backlog information: IOError: 
[2022-01-28 12:03:49,241 I 34943 35253] raylet_client.cc:336: Error reporting task backlog information: IOError: 
[2022-01-28 12:03:50,241 I 34943 35253] raylet_client.cc:336: Error reporting task backlog information: IOError: 
[2022-01-28 12:03:51,241 I 34943 35253] raylet_client.cc:336: Error reporting task backlog information: IOError: 
[2022-01-28 12:03:52,242 I 34943 35253] raylet_client.cc:336: Error reporting task backlog information: IOError: 
[2022-01-28 12:03:53,242 I 34943 35253] raylet_client.cc:336: Error reporting task backlog information: IOError: 
[2022-01-28 12:03:53,783 W 34943 35254] metric_exporter.cc:206: Export metrics to agent failed: IOError: . This won't affect Ray, but you can lose metrics from the cluster.
[2022-01-28 12:03:54,242 I 34943 35253] raylet_client.cc:336: Error reporting task backlog information: IOError: 
[2022-01-28 12:03:55,242 I 34943 35253] raylet_client.cc:336: Error reporting task backlog information: IOError: 
[2022-01-28 12:03:56,242 I 34943 35253] raylet_client.cc:336: Error reporting task backlog information: IOError: 
[2022-01-28 12:03:57,243 I 34943 35253] raylet_client.cc:336: Error reporting task backlog information: IOError: 
[2022-01-28 12:03:58,243 I 34943 35253] raylet_client.cc:336: Error reporting task backlog information: IOError: 
[2022-01-28 12:03:59,243 I 34943 35253] raylet_client.cc:336: Error reporting task backlog information: IOError: 
[2022-01-28 12:04:00,243 I 34943 35253] raylet_client.cc:336: Error reporting task backlog information: IOError: 
[2022-01-28 12:04:01,243 I 34943 35253] raylet_client.cc:336: Error reporting task backlog information: IOError: 
[2022-01-28 12:04:02,244 I 34943 35253] raylet_client.cc:336: Error reporting task backlog information: IOError: 
[2022-01-28 12:04:03,244 I 34943 35253] raylet_client.cc:336: Error reporting task backlog information: IOError: 
[2022-01-28 12:04:03,796 W 34943 35254] metric_exporter.cc:206: Export metrics to agent failed: IOError: . This won't affect Ray, but you can lose metrics from the cluster.
[2022-01-28 12:04:04,244 I 34943 35253] raylet_client.cc:336: Error reporting task backlog information: IOError: 
[2022-01-28 12:04:05,244 I 34943 35253] raylet_client.cc:336: Error reporting task backlog information: IOError: 
[2022-01-28 12:04:06,244 I 34943 35253] raylet_client.cc:336: Error reporting task backlog information: IOError: 
[2022-01-28 12:04:07,244 I 34943 35253] raylet_client.cc:336: Error reporting task backlog information: IOError: 
[2022-01-28 12:04:08,244 I 34943 35253] raylet_client.cc:336: Error reporting task backlog information: IOError: 
[2022-01-28 12:04:09,244 I 34943 35253] raylet_client.cc:336: Error reporting task backlog information: IOError: 
[2022-01-28 12:04:10,245 I 34943 35253] raylet_client.cc:336: Error reporting task backlog information: IOError: 
[2022-01-28 12:04:11,245 I 34943 35253] raylet_client.cc:336: Error reporting task backlog information: IOError: 
[2022-01-28 12:04:12,245 I 34943 35253] raylet_client.cc:336: Error reporting task backlog information: IOError: 
[2022-01-28 12:04:13,245 I 34943 35253] raylet_client.cc:336: Error reporting task backlog information: IOError: 
[2022-01-28 12:04:13,808 W 34943 35254] metric_exporter.cc:206: Export metrics to agent failed: IOError: . This won't affect Ray, but you can lose metrics from the cluster.
[2022-01-28 12:04:14,245 I 34943 35253] raylet_client.cc:336: Error reporting task backlog information: IOError: 
[2022-01-28 12:04:15,245 I 34943 35253] raylet_client.cc:336: Error reporting task backlog information: IOError: 
[2022-01-28 12:04:16,245 I 34943 35253] raylet_client.cc:336: Error reporting task backlog information: IOError: 
[2022-01-28 12:04:17,245 I 34943 35253] raylet_client.cc:336: Error reporting task backlog information: IOError: 
[2022-01-28 12:04:18,245 I 34943 35253] raylet_client.cc:336: Error reporting task backlog information: IOError: 
[2022-01-28 12:04:19,246 I 34943 35253] raylet_client.cc:336: Error reporting task backlog information: IOError: 
[2022-01-28 12:04:20,246 I 34943 35253] raylet_client.cc:336: Error reporting task backlog information: IOError: 
[2022-01-28 12:04:21,246 I 34943 35253] raylet_client.cc:336: Error reporting task backlog information: IOError: 
[2022-01-28 12:04:22,246 I 34943 35253] raylet_client.cc:336: Error reporting task backlog information: IOError: 
[2022-01-28 12:04:23,246 I 34943 35253] raylet_client.cc:336: Error reporting task backlog information: IOError: 
[2022-01-28 12:04:23,820 W 34943 35254] metric_exporter.cc:206: Export metrics to agent failed: IOError: . This won't affect Ray, but you can lose metrics from the cluster.
[2022-01-28 12:04:24,246 I 34943 35253] raylet_client.cc:336: Error reporting task backlog information: IOError: 
[2022-01-28 12:04:25,246 I 34943 35253] raylet_client.cc:336: Error reporting task backlog information: IOError: 
[2022-01-28 12:04:26,246 I 34943 35253] raylet_client.cc:336: Error reporting task backlog information: IOError: 
[2022-01-28 12:04:27,247 I 34943 35253] raylet_client.cc:336: Error reporting task backlog information: IOError: 
[2022-01-28 12:04:28,247 I 34943 35253] raylet_client.cc:336: Error reporting task backlog information: IOError: 
[2022-01-28 12:04:29,247 I 34943 35253] raylet_client.cc:336: Error reporting task backlog information: IOError: 
[2022-01-28 12:04:30,247 I 34943 35253] raylet_client.cc:336: Error reporting task backlog information: IOError: 
[2022-01-28 12:04:31,247 I 34943 35253] raylet_client.cc:336: Error reporting task backlog information: IOError: 
[2022-01-28 12:04:32,247 I 34943 35253] raylet_client.cc:336: Error reporting task backlog information: IOError: 
[2022-01-28 12:04:33,248 I 34943 35253] raylet_client.cc:336: Error reporting task backlog information: IOError: 
[2022-01-28 12:04:33,833 W 34943 35254] metric_exporter.cc:206: Export metrics to agent failed: IOError: . This won't affect Ray, but you can lose metrics from the cluster.
[2022-01-28 12:04:34,248 I 34943 35253] raylet_client.cc:336: Error reporting task backlog information: IOError: 
[2022-01-28 12:04:35,248 I 34943 35253] raylet_client.cc:336: Error reporting task backlog information: IOError: 
[2022-01-28 12:04:36,248 I 34943 35253] raylet_client.cc:336: Error reporting task backlog information: IOError: 
[2022-01-28 12:04:37,248 I 34943 35253] raylet_client.cc:336: Error reporting task backlog information: IOError: 
[2022-01-28 12:04:38,248 I 34943 35253] raylet_client.cc:336: Error reporting task backlog information: IOError: 
[2022-01-28 12:04:39,248 I 34943 35253] raylet_client.cc:336: Error reporting task backlog information: IOError: 
[2022-01-28 12:04:40,249 I 34943 35253] raylet_client.cc:336: Error reporting task backlog information: IOError: 
[2022-01-28 12:04:41,249 I 34943 35253] raylet_client.cc:336: Error reporting task backlog information: IOError: 
[2022-01-28 12:04:42,249 I 34943 35253] raylet_client.cc:336: Error reporting task backlog information: IOError: 
[2022-01-28 12:04:43,249 I 34943 35253] raylet_client.cc:336: Error reporting task backlog information: IOError: 
[2022-01-28 12:04:43,845 W 34943 35254] metric_exporter.cc:206: Export metrics to agent failed: IOError: . This won't affect Ray, but you can lose metrics from the cluster.
[2022-01-28 12:04:44,249 I 34943 35253] raylet_client.cc:336: Error reporting task backlog information: IOError: 
[2022-01-28 12:04:45,249 I 34943 35253] raylet_client.cc:336: Error reporting task backlog information: IOError: 
[2022-01-28 12:04:46,249 I 34943 35253] raylet_client.cc:336: Error reporting task backlog information: IOError: 
[2022-01-28 12:04:47,250 I 34943 35253] raylet_client.cc:336: Error reporting task backlog information: IOError: 
[2022-01-28 12:04:48,250 I 34943 35253] raylet_client.cc:336: Error reporting task backlog information: IOError: 
[2022-01-28 12:04:49,250 I 34943 35253] raylet_client.cc:336: Error reporting task backlog information: IOError: 
[2022-01-28 12:04:50,250 I 34943 35253] raylet_client.cc:336: Error reporting task backlog information: IOError: 
[2022-01-28 12:04:51,250 I 34943 35253] raylet_client.cc:336: Error reporting task backlog information: IOError: 
[2022-01-28 12:04:52,250 I 34943 35253] raylet_client.cc:336: Error reporting task backlog information: IOError: 
[2022-01-28 12:04:53,251 I 34943 35253] raylet_client.cc:336: Error reporting task backlog information: IOError: 
[2022-01-28 12:04:53,857 W 34943 35254] metric_exporter.cc:206: Export metrics to agent failed: IOError: . This won't affect Ray, but you can lose metrics from the cluster.
[2022-01-28 12:04:54,251 I 34943 35253] raylet_client.cc:336: Error reporting task backlog information: IOError: 
[2022-01-28 12:04:55,251 I 34943 35253] raylet_client.cc:336: Error reporting task backlog information: IOError: 
[2022-01-28 12:04:56,251 I 34943 35253] raylet_client.cc:336: Error reporting task backlog information: IOError: 
[2022-01-28 12:04:57,251 I 34943 35253] raylet_client.cc:336: Error reporting task backlog information: IOError: 
[2022-01-28 12:04:58,251 I 34943 35253] raylet_client.cc:336: Error reporting task backlog information: IOError: 
[2022-01-28 12:04:59,251 I 34943 35253] raylet_client.cc:336: Error reporting task backlog information: IOError: 
[2022-01-28 12:05:00,251 I 34943 35253] raylet_client.cc:336: Error reporting task backlog information: IOError: 
[2022-01-28 12:05:01,252 I 34943 35253] raylet_client.cc:336: Error reporting task backlog information: IOError: 
[2022-01-28 12:05:02,252 I 34943 35253] raylet_client.cc:336: Error reporting task backlog information: IOError: 
[2022-01-28 12:05:03,252 I 34943 35253] raylet_client.cc:336: Error reporting task backlog information: IOError: 
[2022-01-28 12:05:03,872 W 34943 35254] metric_exporter.cc:206: Export metrics to agent failed: IOError: . This won't affect Ray, but you can lose metrics from the cluster.
[2022-01-28 12:05:04,252 I 34943 35253] raylet_client.cc:336: Error reporting task backlog information: IOError: 
[2022-01-28 12:05:05,252 I 34943 35253] raylet_client.cc:336: Error reporting task backlog information: IOError: 
[2022-01-28 12:05:06,252 I 34943 35253] raylet_client.cc:336: Error reporting task backlog information: IOError: 
[2022-01-28 12:05:07,253 I 34943 35253] raylet_client.cc:336: Error reporting task backlog information: IOError: 
[2022-01-28 12:05:08,253 I 34943 35253] raylet_client.cc:336: Error reporting task backlog information: IOError: 
[2022-01-28 12:05:09,253 I 34943 35253] raylet_client.cc:336: Error reporting task backlog information: IOError: 
[2022-01-28 12:05:10,253 I 34943 35253] raylet_client.cc:336: Error reporting task backlog information: IOError: 
[2022-01-28 12:05:11,253 I 34943 35253] raylet_client.cc:336: Error reporting task backlog information: IOError: 
[2022-01-28 12:05:12,253 I 34943 35253] raylet_client.cc:336: Error reporting task backlog information: IOError: 
[2022-01-28 12:05:13,254 I 34943 35253] raylet_client.cc:336: Error reporting task backlog information: IOError: 
[2022-01-28 12:05:13,885 W 34943 35254] metric_exporter.cc:206: Export metrics to agent failed: IOError: . This won't affect Ray, but you can lose metrics from the cluster.
[2022-01-28 12:05:14,254 I 34943 35253] raylet_client.cc:336: Error reporting task backlog information: IOError: 
[2022-01-28 12:05:15,254 I 34943 35253] raylet_client.cc:336: Error reporting task backlog information: IOError: 
[2022-01-28 12:05:16,254 I 34943 35253] raylet_client.cc:336: Error reporting task backlog information: IOError: 
[2022-01-28 12:05:17,254 I 34943 35253] raylet_client.cc:336: Error reporting task backlog information: IOError: 
[2022-01-28 12:05:18,255 I 34943 35253] raylet_client.cc:336: Error reporting task backlog information: IOError: 
[2022-01-28 12:05:19,255 I 34943 35253] raylet_client.cc:336: Error reporting task backlog information: IOError: 
[2022-01-28 12:05:20,255 I 34943 35253] raylet_client.cc:336: Error reporting task backlog information: IOError: 
[2022-01-28 12:05:21,255 I 34943 35253] raylet_client.cc:336: Error reporting task backlog information: IOError: 
[2022-01-28 12:05:22,255 I 34943 35253] raylet_client.cc:336: Error reporting task backlog information: IOError: 
[2022-01-28 12:05:23,255 I 34943 35253] raylet_client.cc:336: Error reporting task backlog information: IOError: 
[2022-01-28 12:05:23,898 W 34943 35254] metric_exporter.cc:206: Export metrics to agent failed: IOError: . This won't affect Ray, but you can lose metrics from the cluster.
[2022-01-28 12:05:24,255 I 34943 35253] raylet_client.cc:336: Error reporting task backlog information: IOError: 
[2022-01-28 12:05:25,255 I 34943 35253] raylet_client.cc:336: Error reporting task backlog information: IOError: 
[2022-01-28 12:05:26,256 I 34943 35253] raylet_client.cc:336: Error reporting task backlog information: IOError: 
[2022-01-28 12:05:27,256 I 34943 35253] raylet_client.cc:336: Error reporting task backlog information: IOError: 
[2022-01-28 12:05:28,256 I 34943 35253] raylet_client.cc:336: Error reporting task backlog information: IOError: 
[2022-01-28 12:05:29,256 I 34943 35253] raylet_client.cc:336: Error reporting task backlog information: IOError: 
[2022-01-28 12:05:30,256 I 34943 35253] raylet_client.cc:336: Error reporting task backlog information: IOError: 
[2022-01-28 12:05:31,257 I 34943 35253] raylet_client.cc:336: Error reporting task backlog information: IOError: 
[2022-01-28 12:05:32,257 I 34943 35253] raylet_client.cc:336: Error reporting task backlog information: IOError: 
[2022-01-28 12:05:33,257 I 34943 35253] raylet_client.cc:336: Error reporting task backlog information: IOError: 
[2022-01-28 12:05:33,910 W 34943 35254] metric_exporter.cc:206: Export metrics to agent failed: IOError: . This won't affect Ray, but you can lose metrics from the cluster.
[2022-01-28 12:05:34,257 I 34943 35253] raylet_client.cc:336: Error reporting task backlog information: IOError: 
[2022-01-28 12:05:35,257 I 34943 35253] raylet_client.cc:336: Error reporting task backlog information: IOError: 
[2022-01-28 12:05:36,258 I 34943 35253] raylet_client.cc:336: Error reporting task backlog information: IOError: 
[2022-01-28 12:05:37,258 I 34943 35253] raylet_client.cc:336: Error reporting task backlog information: IOError: 
[2022-01-28 12:05:38,258 I 34943 35253] raylet_client.cc:336: Error reporting task backlog information: IOError: 
[2022-01-28 12:05:39,258 I 34943 35253] raylet_client.cc:336: Error reporting task backlog information: IOError: 
[2022-01-28 12:05:40,258 I 34943 35253] raylet_client.cc:336: Error reporting task backlog information: IOError: 
[2022-01-28 12:05:41,258 I 34943 35253] raylet_client.cc:336: Error reporting task backlog information: IOError: 
[2022-01-28 12:05:42,258 I 34943 35253] raylet_client.cc:336: Error reporting task backlog information: IOError: 
[2022-01-28 12:05:43,258 I 34943 35253] raylet_client.cc:336: Error reporting task backlog information: IOError: 
[2022-01-28 12:05:43,925 W 34943 35254] metric_exporter.cc:206: Export metrics to agent failed: IOError: . This won't affect Ray, but you can lose metrics from the cluster.
[2022-01-28 12:05:44,259 I 34943 35253] raylet_client.cc:336: Error reporting task backlog information: IOError: 
[2022-01-28 12:05:45,259 I 34943 35253] raylet_client.cc:336: Error reporting task backlog information: IOError: 
[2022-01-28 12:05:46,154 E 34943 35168] gcs_server_address_updater.cc:76: Failed to receive the GCS address for 600 times without success. The worker will exit ungracefully. It is because GCS has died. It could be because there was an issue that kills GCS, such as high memory usage triggering OOM killer to kill GCS. Cluster will be highly likely unavailable if you see this log. Please check the log from gcs_server.err.
