[2022-01-12 11:10:01,443 I 152299 152299] core_worker.cc:132: Constructing CoreWorkerProcess. pid: 152299
[2022-01-12 11:10:01,465 I 152299 152299] grpc_server.cc:112: worker server started, listening on port 34519.
[2022-01-12 11:10:01,469 I 152299 152299] core_worker.cc:479: Initializing worker at address: 131.215.21.210:34519, worker ID 8ace7e5059ea2d9c8e6c12c2b48aa2c002e20cab78c21fd689c473c1, raylet 5b7e106179413af65b8991a1620de8480b87d9abbb75dceb50938230
[2022-01-12 11:10:01,616 I 152299 152299] io_service_pool.cc:35: IOServicePool is running with 1 io_service.
[2022-01-12 11:10:01,632 I 152299 152583] accessor.cc:560: Received notification for node id = 5b7e106179413af65b8991a1620de8480b87d9abbb75dceb50938230, IsAlive = 1
[2022-01-12 11:10:35,480 W 152299 152441] gcs_server_address_updater.cc:61: [1] Failed to get the gcs server address from raylet 1 times in a row. If it keeps failing to obtain the address, the worker might crash. Connection status IOError: 
[2022-01-12 11:10:36,479 I 152299 152583] raylet_client.cc:336: Error reporting task backlog information: IOError: 
[2022-01-12 11:10:36,619 I 152299 152583] raylet_client.cc:336: Error reporting task backlog information: IOError: 
[2022-01-12 11:10:37,619 I 152299 152583] raylet_client.cc:336: Error reporting task backlog information: IOError: 
[2022-01-12 11:10:38,619 I 152299 152583] raylet_client.cc:336: Error reporting task backlog information: IOError: 
[2022-01-12 11:10:39,619 I 152299 152583] raylet_client.cc:336: Error reporting task backlog information: IOError: 
[2022-01-12 11:10:40,619 I 152299 152583] raylet_client.cc:336: Error reporting task backlog information: IOError: 
[2022-01-12 11:10:41,619 I 152299 152583] raylet_client.cc:336: Error reporting task backlog information: IOError: 
[2022-01-12 11:10:41,648 W 152299 152584] metric_exporter.cc:206: Export metrics to agent failed: IOError: . This won't affect Ray, but you can lose metrics from the cluster.
[2022-01-12 11:10:42,619 I 152299 152583] raylet_client.cc:336: Error reporting task backlog information: IOError: 
[2022-01-12 11:10:43,619 I 152299 152583] raylet_client.cc:336: Error reporting task backlog information: IOError: 
[2022-01-12 11:10:44,619 I 152299 152583] raylet_client.cc:336: Error reporting task backlog information: IOError: 
[2022-01-12 11:10:45,619 I 152299 152583] raylet_client.cc:336: Error reporting task backlog information: IOError: 
[2022-01-12 11:10:46,619 I 152299 152583] raylet_client.cc:336: Error reporting task backlog information: IOError: 
[2022-01-12 11:10:47,619 I 152299 152583] raylet_client.cc:336: Error reporting task backlog information: IOError: 
[2022-01-12 11:10:48,620 I 152299 152583] raylet_client.cc:336: Error reporting task backlog information: IOError: 
[2022-01-12 11:10:49,620 I 152299 152583] raylet_client.cc:336: Error reporting task backlog information: IOError: 
[2022-01-12 11:10:50,620 I 152299 152583] raylet_client.cc:336: Error reporting task backlog information: IOError: 
[2022-01-12 11:10:51,620 I 152299 152583] raylet_client.cc:336: Error reporting task backlog information: IOError: 
[2022-01-12 11:10:51,655 W 152299 152584] metric_exporter.cc:206: Export metrics to agent failed: IOError: . This won't affect Ray, but you can lose metrics from the cluster.
[2022-01-12 11:10:52,620 I 152299 152583] raylet_client.cc:336: Error reporting task backlog information: IOError: 
[2022-01-12 11:10:53,620 I 152299 152583] raylet_client.cc:336: Error reporting task backlog information: IOError: 
[2022-01-12 11:10:54,620 I 152299 152583] raylet_client.cc:336: Error reporting task backlog information: IOError: 
[2022-01-12 11:10:55,620 I 152299 152583] raylet_client.cc:336: Error reporting task backlog information: IOError: 
[2022-01-12 11:10:56,620 I 152299 152583] raylet_client.cc:336: Error reporting task backlog information: IOError: 
[2022-01-12 11:10:57,620 I 152299 152583] raylet_client.cc:336: Error reporting task backlog information: IOError: 
[2022-01-12 11:10:58,620 I 152299 152583] raylet_client.cc:336: Error reporting task backlog information: IOError: 
[2022-01-12 11:10:59,620 I 152299 152583] raylet_client.cc:336: Error reporting task backlog information: IOError: 
[2022-01-12 11:11:00,620 I 152299 152583] raylet_client.cc:336: Error reporting task backlog information: IOError: 
[2022-01-12 11:11:01,620 I 152299 152583] raylet_client.cc:336: Error reporting task backlog information: IOError: 
[2022-01-12 11:11:01,662 W 152299 152584] metric_exporter.cc:206: Export metrics to agent failed: IOError: . This won't affect Ray, but you can lose metrics from the cluster.
[2022-01-12 11:11:02,620 I 152299 152583] raylet_client.cc:336: Error reporting task backlog information: IOError: 
[2022-01-12 11:11:03,621 I 152299 152583] raylet_client.cc:336: Error reporting task backlog information: IOError: 
[2022-01-12 11:11:04,621 I 152299 152583] raylet_client.cc:336: Error reporting task backlog information: IOError: 
[2022-01-12 11:11:05,621 I 152299 152583] raylet_client.cc:336: Error reporting task backlog information: IOError: 
[2022-01-12 11:11:06,621 I 152299 152583] raylet_client.cc:336: Error reporting task backlog information: IOError: 
[2022-01-12 11:11:07,621 I 152299 152583] raylet_client.cc:336: Error reporting task backlog information: IOError: 
[2022-01-12 11:11:08,621 I 152299 152583] raylet_client.cc:336: Error reporting task backlog information: IOError: 
[2022-01-12 11:11:09,621 I 152299 152583] raylet_client.cc:336: Error reporting task backlog information: IOError: 
[2022-01-12 11:11:10,621 I 152299 152583] raylet_client.cc:336: Error reporting task backlog information: IOError: 
[2022-01-12 11:11:11,621 I 152299 152583] raylet_client.cc:336: Error reporting task backlog information: IOError: 
[2022-01-12 11:11:11,669 W 152299 152584] metric_exporter.cc:206: Export metrics to agent failed: IOError: . This won't affect Ray, but you can lose metrics from the cluster.
[2022-01-12 11:11:12,621 I 152299 152583] raylet_client.cc:336: Error reporting task backlog information: IOError: 
[2022-01-12 11:11:13,621 I 152299 152583] raylet_client.cc:336: Error reporting task backlog information: IOError: 
[2022-01-12 11:11:14,621 I 152299 152583] raylet_client.cc:336: Error reporting task backlog information: IOError: 
[2022-01-12 11:11:15,621 I 152299 152583] raylet_client.cc:336: Error reporting task backlog information: IOError: 
[2022-01-12 11:11:16,621 I 152299 152583] raylet_client.cc:336: Error reporting task backlog information: IOError: 
[2022-01-12 11:11:17,623 I 152299 152583] raylet_client.cc:336: Error reporting task backlog information: IOError: 
[2022-01-12 11:11:18,623 I 152299 152583] raylet_client.cc:336: Error reporting task backlog information: IOError: 
[2022-01-12 11:11:19,623 I 152299 152583] raylet_client.cc:336: Error reporting task backlog information: IOError: 
[2022-01-12 11:11:20,624 I 152299 152583] raylet_client.cc:336: Error reporting task backlog information: IOError: 
[2022-01-12 11:11:21,624 I 152299 152583] raylet_client.cc:336: Error reporting task backlog information: IOError: 
[2022-01-12 11:11:21,675 W 152299 152584] metric_exporter.cc:206: Export metrics to agent failed: IOError: . This won't affect Ray, but you can lose metrics from the cluster.
[2022-01-12 11:11:22,624 I 152299 152583] raylet_client.cc:336: Error reporting task backlog information: IOError: 
[2022-01-12 11:11:23,624 I 152299 152583] raylet_client.cc:336: Error reporting task backlog information: IOError: 
[2022-01-12 11:11:24,624 I 152299 152583] raylet_client.cc:336: Error reporting task backlog information: IOError: 
[2022-01-12 11:11:25,624 I 152299 152583] raylet_client.cc:336: Error reporting task backlog information: IOError: 
[2022-01-12 11:11:26,624 I 152299 152583] raylet_client.cc:336: Error reporting task backlog information: IOError: 
[2022-01-12 11:11:27,624 I 152299 152583] raylet_client.cc:336: Error reporting task backlog information: IOError: 
[2022-01-12 11:11:28,624 I 152299 152583] raylet_client.cc:336: Error reporting task backlog information: IOError: 
[2022-01-12 11:11:29,624 I 152299 152583] raylet_client.cc:336: Error reporting task backlog information: IOError: 
[2022-01-12 11:11:30,624 I 152299 152583] raylet_client.cc:336: Error reporting task backlog information: IOError: 
[2022-01-12 11:11:31,624 I 152299 152583] raylet_client.cc:336: Error reporting task backlog information: IOError: 
[2022-01-12 11:11:31,691 W 152299 152584] metric_exporter.cc:206: Export metrics to agent failed: IOError: . This won't affect Ray, but you can lose metrics from the cluster.
[2022-01-12 11:11:32,624 I 152299 152583] raylet_client.cc:336: Error reporting task backlog information: IOError: 
[2022-01-12 11:11:33,624 I 152299 152583] raylet_client.cc:336: Error reporting task backlog information: IOError: 
[2022-01-12 11:11:34,624 I 152299 152583] raylet_client.cc:336: Error reporting task backlog information: IOError: 
[2022-01-12 11:11:35,624 I 152299 152583] raylet_client.cc:336: Error reporting task backlog information: IOError: 
[2022-01-12 11:11:36,625 I 152299 152583] raylet_client.cc:336: Error reporting task backlog information: IOError: 
[2022-01-12 11:11:37,625 I 152299 152583] raylet_client.cc:336: Error reporting task backlog information: IOError: 
[2022-01-12 11:11:38,625 I 152299 152583] raylet_client.cc:336: Error reporting task backlog information: IOError: 
[2022-01-12 11:11:39,625 I 152299 152583] raylet_client.cc:336: Error reporting task backlog information: IOError: 
[2022-01-12 11:11:40,625 I 152299 152583] raylet_client.cc:336: Error reporting task backlog information: IOError: 
[2022-01-12 11:11:41,625 I 152299 152583] raylet_client.cc:336: Error reporting task backlog information: IOError: 
[2022-01-12 11:11:41,698 W 152299 152584] metric_exporter.cc:206: Export metrics to agent failed: IOError: . This won't affect Ray, but you can lose metrics from the cluster.
[2022-01-12 11:11:42,625 I 152299 152583] raylet_client.cc:336: Error reporting task backlog information: IOError: 
[2022-01-12 11:11:43,625 I 152299 152583] raylet_client.cc:336: Error reporting task backlog information: IOError: 
[2022-01-12 11:11:44,625 I 152299 152583] raylet_client.cc:336: Error reporting task backlog information: IOError: 
[2022-01-12 11:11:45,625 I 152299 152583] raylet_client.cc:336: Error reporting task backlog information: IOError: 
[2022-01-12 11:11:46,625 I 152299 152583] raylet_client.cc:336: Error reporting task backlog information: IOError: 
[2022-01-12 11:11:47,625 I 152299 152583] raylet_client.cc:336: Error reporting task backlog information: IOError: 
[2022-01-12 11:11:48,625 I 152299 152583] raylet_client.cc:336: Error reporting task backlog information: IOError: 
[2022-01-12 11:11:49,626 I 152299 152583] raylet_client.cc:336: Error reporting task backlog information: IOError: 
[2022-01-12 11:11:50,626 I 152299 152583] raylet_client.cc:336: Error reporting task backlog information: IOError: 
[2022-01-12 11:11:51,626 I 152299 152583] raylet_client.cc:336: Error reporting task backlog information: IOError: 
[2022-01-12 11:11:51,705 W 152299 152584] metric_exporter.cc:206: Export metrics to agent failed: IOError: . This won't affect Ray, but you can lose metrics from the cluster.
[2022-01-12 11:11:52,626 I 152299 152583] raylet_client.cc:336: Error reporting task backlog information: IOError: 
[2022-01-12 11:11:53,626 I 152299 152583] raylet_client.cc:336: Error reporting task backlog information: IOError: 
[2022-01-12 11:11:54,626 I 152299 152583] raylet_client.cc:336: Error reporting task backlog information: IOError: 
[2022-01-12 11:11:55,626 I 152299 152583] raylet_client.cc:336: Error reporting task backlog information: IOError: 
[2022-01-12 11:11:56,626 I 152299 152583] raylet_client.cc:336: Error reporting task backlog information: IOError: 
[2022-01-12 11:11:57,626 I 152299 152583] raylet_client.cc:336: Error reporting task backlog information: IOError: 
[2022-01-12 11:11:58,626 I 152299 152583] raylet_client.cc:336: Error reporting task backlog information: IOError: 
[2022-01-12 11:11:59,626 I 152299 152583] raylet_client.cc:336: Error reporting task backlog information: IOError: 
[2022-01-12 11:12:00,626 I 152299 152583] raylet_client.cc:336: Error reporting task backlog information: IOError: 
[2022-01-12 11:12:01,627 I 152299 152583] raylet_client.cc:336: Error reporting task backlog information: IOError: 
[2022-01-12 11:12:01,712 W 152299 152584] metric_exporter.cc:206: Export metrics to agent failed: IOError: . This won't affect Ray, but you can lose metrics from the cluster.
[2022-01-12 11:12:02,627 I 152299 152583] raylet_client.cc:336: Error reporting task backlog information: IOError: 
[2022-01-12 11:12:03,627 I 152299 152583] raylet_client.cc:336: Error reporting task backlog information: IOError: 
[2022-01-12 11:12:04,627 I 152299 152583] raylet_client.cc:336: Error reporting task backlog information: IOError: 
[2022-01-12 11:12:05,627 I 152299 152583] raylet_client.cc:336: Error reporting task backlog information: IOError: 
[2022-01-12 11:12:06,627 I 152299 152583] raylet_client.cc:336: Error reporting task backlog information: IOError: 
[2022-01-12 11:12:07,628 I 152299 152583] raylet_client.cc:336: Error reporting task backlog information: IOError: 
[2022-01-12 11:12:08,628 I 152299 152583] raylet_client.cc:336: Error reporting task backlog information: IOError: 
[2022-01-12 11:12:09,628 I 152299 152583] raylet_client.cc:336: Error reporting task backlog information: IOError: 
[2022-01-12 11:12:10,628 I 152299 152583] raylet_client.cc:336: Error reporting task backlog information: IOError: 
[2022-01-12 11:12:11,629 I 152299 152583] raylet_client.cc:336: Error reporting task backlog information: IOError: 
[2022-01-12 11:12:11,723 W 152299 152584] metric_exporter.cc:206: Export metrics to agent failed: IOError: . This won't affect Ray, but you can lose metrics from the cluster.
[2022-01-12 11:12:12,629 I 152299 152583] raylet_client.cc:336: Error reporting task backlog information: IOError: 
[2022-01-12 11:12:13,629 I 152299 152583] raylet_client.cc:336: Error reporting task backlog information: IOError: 
[2022-01-12 11:12:14,629 I 152299 152583] raylet_client.cc:336: Error reporting task backlog information: IOError: 
[2022-01-12 11:12:15,630 I 152299 152583] raylet_client.cc:336: Error reporting task backlog information: IOError: 
[2022-01-12 11:12:16,630 I 152299 152583] raylet_client.cc:336: Error reporting task backlog information: IOError: 
[2022-01-12 11:12:17,630 I 152299 152583] raylet_client.cc:336: Error reporting task backlog information: IOError: 
[2022-01-12 11:12:18,630 I 152299 152583] raylet_client.cc:336: Error reporting task backlog information: IOError: 
[2022-01-12 11:12:19,630 I 152299 152583] raylet_client.cc:336: Error reporting task backlog information: IOError: 
[2022-01-12 11:12:20,631 I 152299 152583] raylet_client.cc:336: Error reporting task backlog information: IOError: 
[2022-01-12 11:12:21,631 I 152299 152583] raylet_client.cc:336: Error reporting task backlog information: IOError: 
[2022-01-12 11:12:21,737 W 152299 152584] metric_exporter.cc:206: Export metrics to agent failed: IOError: . This won't affect Ray, but you can lose metrics from the cluster.
[2022-01-12 11:12:22,631 I 152299 152583] raylet_client.cc:336: Error reporting task backlog information: IOError: 
[2022-01-12 11:12:23,632 I 152299 152583] raylet_client.cc:336: Error reporting task backlog information: IOError: 
[2022-01-12 11:12:24,632 I 152299 152583] raylet_client.cc:336: Error reporting task backlog information: IOError: 
[2022-01-12 11:12:25,632 I 152299 152583] raylet_client.cc:336: Error reporting task backlog information: IOError: 
[2022-01-12 11:12:26,632 I 152299 152583] raylet_client.cc:336: Error reporting task backlog information: IOError: 
[2022-01-12 11:12:27,632 I 152299 152583] raylet_client.cc:336: Error reporting task backlog information: IOError: 
[2022-01-12 11:12:28,632 I 152299 152583] raylet_client.cc:336: Error reporting task backlog information: IOError: 
[2022-01-12 11:12:29,633 I 152299 152583] raylet_client.cc:336: Error reporting task backlog information: IOError: 
[2022-01-12 11:12:30,633 I 152299 152583] raylet_client.cc:336: Error reporting task backlog information: IOError: 
[2022-01-12 11:12:31,633 I 152299 152583] raylet_client.cc:336: Error reporting task backlog information: IOError: 
[2022-01-12 11:12:31,750 W 152299 152584] metric_exporter.cc:206: Export metrics to agent failed: IOError: . This won't affect Ray, but you can lose metrics from the cluster.
[2022-01-12 11:12:32,633 I 152299 152583] raylet_client.cc:336: Error reporting task backlog information: IOError: 
[2022-01-12 11:12:33,634 I 152299 152583] raylet_client.cc:336: Error reporting task backlog information: IOError: 
[2022-01-12 11:12:34,634 I 152299 152583] raylet_client.cc:336: Error reporting task backlog information: IOError: 
[2022-01-12 11:12:35,634 I 152299 152583] raylet_client.cc:336: Error reporting task backlog information: IOError: 
[2022-01-12 11:12:36,634 I 152299 152583] raylet_client.cc:336: Error reporting task backlog information: IOError: 
[2022-01-12 11:12:37,634 I 152299 152583] raylet_client.cc:336: Error reporting task backlog information: IOError: 
[2022-01-12 11:12:38,634 I 152299 152583] raylet_client.cc:336: Error reporting task backlog information: IOError: 
[2022-01-12 11:12:39,634 I 152299 152583] raylet_client.cc:336: Error reporting task backlog information: IOError: 
[2022-01-12 11:12:40,635 I 152299 152583] raylet_client.cc:336: Error reporting task backlog information: IOError: 
[2022-01-12 11:12:41,635 I 152299 152583] raylet_client.cc:336: Error reporting task backlog information: IOError: 
[2022-01-12 11:12:41,760 W 152299 152584] metric_exporter.cc:206: Export metrics to agent failed: IOError: . This won't affect Ray, but you can lose metrics from the cluster.
[2022-01-12 11:12:42,635 I 152299 152583] raylet_client.cc:336: Error reporting task backlog information: IOError: 
[2022-01-12 11:12:43,635 I 152299 152583] raylet_client.cc:336: Error reporting task backlog information: IOError: 
[2022-01-12 11:12:44,635 I 152299 152583] raylet_client.cc:336: Error reporting task backlog information: IOError: 
[2022-01-12 11:12:45,636 I 152299 152583] raylet_client.cc:336: Error reporting task backlog information: IOError: 
[2022-01-12 11:12:46,636 I 152299 152583] raylet_client.cc:336: Error reporting task backlog information: IOError: 
[2022-01-12 11:12:47,636 I 152299 152583] raylet_client.cc:336: Error reporting task backlog information: IOError: 
[2022-01-12 11:12:48,636 I 152299 152583] raylet_client.cc:336: Error reporting task backlog information: IOError: 
[2022-01-12 11:12:49,636 I 152299 152583] raylet_client.cc:336: Error reporting task backlog information: IOError: 
[2022-01-12 11:12:50,636 I 152299 152583] raylet_client.cc:336: Error reporting task backlog information: IOError: 
[2022-01-12 11:12:51,636 I 152299 152583] raylet_client.cc:336: Error reporting task backlog information: IOError: 
[2022-01-12 11:12:51,769 W 152299 152584] metric_exporter.cc:206: Export metrics to agent failed: IOError: . This won't affect Ray, but you can lose metrics from the cluster.
[2022-01-12 11:12:52,636 I 152299 152583] raylet_client.cc:336: Error reporting task backlog information: IOError: 
[2022-01-12 11:12:53,636 I 152299 152583] raylet_client.cc:336: Error reporting task backlog information: IOError: 
[2022-01-12 11:12:54,636 I 152299 152583] raylet_client.cc:336: Error reporting task backlog information: IOError: 
[2022-01-12 11:12:55,637 I 152299 152583] raylet_client.cc:336: Error reporting task backlog information: IOError: 
[2022-01-12 11:12:56,637 I 152299 152583] raylet_client.cc:336: Error reporting task backlog information: IOError: 
[2022-01-12 11:12:57,637 I 152299 152583] raylet_client.cc:336: Error reporting task backlog information: IOError: 
[2022-01-12 11:12:58,637 I 152299 152583] raylet_client.cc:336: Error reporting task backlog information: IOError: 
[2022-01-12 11:12:59,637 I 152299 152583] raylet_client.cc:336: Error reporting task backlog information: IOError: 
[2022-01-12 11:13:00,637 I 152299 152583] raylet_client.cc:336: Error reporting task backlog information: IOError: 
[2022-01-12 11:13:01,637 I 152299 152583] raylet_client.cc:336: Error reporting task backlog information: IOError: 
[2022-01-12 11:13:01,777 W 152299 152584] metric_exporter.cc:206: Export metrics to agent failed: IOError: . This won't affect Ray, but you can lose metrics from the cluster.
[2022-01-12 11:13:02,637 I 152299 152583] raylet_client.cc:336: Error reporting task backlog information: IOError: 
[2022-01-12 11:13:03,637 I 152299 152583] raylet_client.cc:336: Error reporting task backlog information: IOError: 
[2022-01-12 11:13:04,637 I 152299 152583] raylet_client.cc:336: Error reporting task backlog information: IOError: 
[2022-01-12 11:13:05,637 I 152299 152583] raylet_client.cc:336: Error reporting task backlog information: IOError: 
[2022-01-12 11:13:06,637 I 152299 152583] raylet_client.cc:336: Error reporting task backlog information: IOError: 
[2022-01-12 11:13:07,637 I 152299 152583] raylet_client.cc:336: Error reporting task backlog information: IOError: 
[2022-01-12 11:13:08,638 I 152299 152583] raylet_client.cc:336: Error reporting task backlog information: IOError: 
[2022-01-12 11:13:09,638 I 152299 152583] raylet_client.cc:336: Error reporting task backlog information: IOError: 
[2022-01-12 11:13:10,638 I 152299 152583] raylet_client.cc:336: Error reporting task backlog information: IOError: 
[2022-01-12 11:13:11,638 I 152299 152583] raylet_client.cc:336: Error reporting task backlog information: IOError: 
[2022-01-12 11:13:11,785 W 152299 152584] metric_exporter.cc:206: Export metrics to agent failed: IOError: . This won't affect Ray, but you can lose metrics from the cluster.
[2022-01-12 11:13:12,639 I 152299 152583] raylet_client.cc:336: Error reporting task backlog information: IOError: 
[2022-01-12 11:13:13,639 I 152299 152583] raylet_client.cc:336: Error reporting task backlog information: IOError: 
[2022-01-12 11:13:14,639 I 152299 152583] raylet_client.cc:336: Error reporting task backlog information: IOError: 
[2022-01-12 11:13:15,639 I 152299 152583] raylet_client.cc:336: Error reporting task backlog information: IOError: 
[2022-01-12 11:13:16,639 I 152299 152583] raylet_client.cc:336: Error reporting task backlog information: IOError: 
[2022-01-12 11:13:17,640 I 152299 152583] raylet_client.cc:336: Error reporting task backlog information: IOError: 
[2022-01-12 11:13:18,640 I 152299 152583] raylet_client.cc:336: Error reporting task backlog information: IOError: 
[2022-01-12 11:13:19,640 I 152299 152583] raylet_client.cc:336: Error reporting task backlog information: IOError: 
[2022-01-12 11:13:20,641 I 152299 152583] raylet_client.cc:336: Error reporting task backlog information: IOError: 
[2022-01-12 11:13:21,641 I 152299 152583] raylet_client.cc:336: Error reporting task backlog information: IOError: 
[2022-01-12 11:13:21,799 W 152299 152584] metric_exporter.cc:206: Export metrics to agent failed: IOError: . This won't affect Ray, but you can lose metrics from the cluster.
[2022-01-12 11:13:22,641 I 152299 152583] raylet_client.cc:336: Error reporting task backlog information: IOError: 
[2022-01-12 11:13:23,641 I 152299 152583] raylet_client.cc:336: Error reporting task backlog information: IOError: 
[2022-01-12 11:13:24,642 I 152299 152583] raylet_client.cc:336: Error reporting task backlog information: IOError: 
[2022-01-12 11:13:25,642 I 152299 152583] raylet_client.cc:336: Error reporting task backlog information: IOError: 
[2022-01-12 11:13:26,642 I 152299 152583] raylet_client.cc:336: Error reporting task backlog information: IOError: 
[2022-01-12 11:13:27,642 I 152299 152583] raylet_client.cc:336: Error reporting task backlog information: IOError: 
[2022-01-12 11:13:28,643 I 152299 152583] raylet_client.cc:336: Error reporting task backlog information: IOError: 
[2022-01-12 11:13:29,643 I 152299 152583] raylet_client.cc:336: Error reporting task backlog information: IOError: 
[2022-01-12 11:13:30,643 I 152299 152583] raylet_client.cc:336: Error reporting task backlog information: IOError: 
[2022-01-12 11:13:31,643 I 152299 152583] raylet_client.cc:336: Error reporting task backlog information: IOError: 
[2022-01-12 11:13:31,810 W 152299 152584] metric_exporter.cc:206: Export metrics to agent failed: IOError: . This won't affect Ray, but you can lose metrics from the cluster.
[2022-01-12 11:13:32,643 I 152299 152583] raylet_client.cc:336: Error reporting task backlog information: IOError: 
[2022-01-12 11:13:33,643 I 152299 152583] raylet_client.cc:336: Error reporting task backlog information: IOError: 
[2022-01-12 11:13:34,643 I 152299 152583] raylet_client.cc:336: Error reporting task backlog information: IOError: 
[2022-01-12 11:13:35,643 I 152299 152583] raylet_client.cc:336: Error reporting task backlog information: IOError: 
[2022-01-12 11:13:36,643 I 152299 152583] raylet_client.cc:336: Error reporting task backlog information: IOError: 
[2022-01-12 11:13:37,643 I 152299 152583] raylet_client.cc:336: Error reporting task backlog information: IOError: 
[2022-01-12 11:13:38,643 I 152299 152583] raylet_client.cc:336: Error reporting task backlog information: IOError: 
[2022-01-12 11:13:39,644 I 152299 152583] raylet_client.cc:336: Error reporting task backlog information: IOError: 
[2022-01-12 11:13:40,644 I 152299 152583] raylet_client.cc:336: Error reporting task backlog information: IOError: 
[2022-01-12 11:13:41,644 I 152299 152583] raylet_client.cc:336: Error reporting task backlog information: IOError: 
[2022-01-12 11:13:41,819 W 152299 152584] metric_exporter.cc:206: Export metrics to agent failed: IOError: . This won't affect Ray, but you can lose metrics from the cluster.
[2022-01-12 11:13:42,644 I 152299 152583] raylet_client.cc:336: Error reporting task backlog information: IOError: 
[2022-01-12 11:13:43,644 I 152299 152583] raylet_client.cc:336: Error reporting task backlog information: IOError: 
[2022-01-12 11:13:44,645 I 152299 152583] raylet_client.cc:336: Error reporting task backlog information: IOError: 
[2022-01-12 11:13:45,645 I 152299 152583] raylet_client.cc:336: Error reporting task backlog information: IOError: 
[2022-01-12 11:13:46,645 I 152299 152583] raylet_client.cc:336: Error reporting task backlog information: IOError: 
[2022-01-12 11:13:47,645 I 152299 152583] raylet_client.cc:336: Error reporting task backlog information: IOError: 
[2022-01-12 11:13:48,646 I 152299 152583] raylet_client.cc:336: Error reporting task backlog information: IOError: 
[2022-01-12 11:13:49,646 I 152299 152583] raylet_client.cc:336: Error reporting task backlog information: IOError: 
[2022-01-12 11:13:50,646 I 152299 152583] raylet_client.cc:336: Error reporting task backlog information: IOError: 
[2022-01-12 11:13:51,647 I 152299 152583] raylet_client.cc:336: Error reporting task backlog information: IOError: 
[2022-01-12 11:13:51,832 W 152299 152584] metric_exporter.cc:206: Export metrics to agent failed: IOError: . This won't affect Ray, but you can lose metrics from the cluster.
[2022-01-12 11:13:52,647 I 152299 152583] raylet_client.cc:336: Error reporting task backlog information: IOError: 
[2022-01-12 11:13:53,647 I 152299 152583] raylet_client.cc:336: Error reporting task backlog information: IOError: 
[2022-01-12 11:13:54,647 I 152299 152583] raylet_client.cc:336: Error reporting task backlog information: IOError: 
[2022-01-12 11:13:55,648 I 152299 152583] raylet_client.cc:336: Error reporting task backlog information: IOError: 
[2022-01-12 11:13:56,648 I 152299 152583] raylet_client.cc:336: Error reporting task backlog information: IOError: 
[2022-01-12 11:13:57,648 I 152299 152583] raylet_client.cc:336: Error reporting task backlog information: IOError: 
[2022-01-12 11:13:58,648 I 152299 152583] raylet_client.cc:336: Error reporting task backlog information: IOError: 
[2022-01-12 11:13:59,649 I 152299 152583] raylet_client.cc:336: Error reporting task backlog information: IOError: 
[2022-01-12 11:14:00,649 I 152299 152583] raylet_client.cc:336: Error reporting task backlog information: IOError: 
[2022-01-12 11:14:01,649 I 152299 152583] raylet_client.cc:336: Error reporting task backlog information: IOError: 
[2022-01-12 11:14:01,843 W 152299 152584] metric_exporter.cc:206: Export metrics to agent failed: IOError: . This won't affect Ray, but you can lose metrics from the cluster.
[2022-01-12 11:14:02,649 I 152299 152583] raylet_client.cc:336: Error reporting task backlog information: IOError: 
[2022-01-12 11:14:03,649 I 152299 152583] raylet_client.cc:336: Error reporting task backlog information: IOError: 
[2022-01-12 11:14:04,649 I 152299 152583] raylet_client.cc:336: Error reporting task backlog information: IOError: 
[2022-01-12 11:14:05,649 I 152299 152583] raylet_client.cc:336: Error reporting task backlog information: IOError: 
[2022-01-12 11:14:06,649 I 152299 152583] raylet_client.cc:336: Error reporting task backlog information: IOError: 
[2022-01-12 11:14:07,649 I 152299 152583] raylet_client.cc:336: Error reporting task backlog information: IOError: 
[2022-01-12 11:14:08,649 I 152299 152583] raylet_client.cc:336: Error reporting task backlog information: IOError: 
[2022-01-12 11:14:09,649 I 152299 152583] raylet_client.cc:336: Error reporting task backlog information: IOError: 
[2022-01-12 11:14:10,650 I 152299 152583] raylet_client.cc:336: Error reporting task backlog information: IOError: 
[2022-01-12 11:14:11,650 I 152299 152583] raylet_client.cc:336: Error reporting task backlog information: IOError: 
[2022-01-12 11:14:11,851 W 152299 152584] metric_exporter.cc:206: Export metrics to agent failed: IOError: . This won't affect Ray, but you can lose metrics from the cluster.
[2022-01-12 11:14:12,650 I 152299 152583] raylet_client.cc:336: Error reporting task backlog information: IOError: 
[2022-01-12 11:14:13,650 I 152299 152583] raylet_client.cc:336: Error reporting task backlog information: IOError: 
[2022-01-12 11:14:14,650 I 152299 152583] raylet_client.cc:336: Error reporting task backlog information: IOError: 
[2022-01-12 11:14:15,650 I 152299 152583] raylet_client.cc:336: Error reporting task backlog information: IOError: 
[2022-01-12 11:14:16,650 I 152299 152583] raylet_client.cc:336: Error reporting task backlog information: IOError: 
[2022-01-12 11:14:17,650 I 152299 152583] raylet_client.cc:336: Error reporting task backlog information: IOError: 
[2022-01-12 11:14:18,650 I 152299 152583] raylet_client.cc:336: Error reporting task backlog information: IOError: 
[2022-01-12 11:14:19,650 I 152299 152583] raylet_client.cc:336: Error reporting task backlog information: IOError: 
[2022-01-12 11:14:20,651 I 152299 152583] raylet_client.cc:336: Error reporting task backlog information: IOError: 
[2022-01-12 11:14:21,651 I 152299 152583] raylet_client.cc:336: Error reporting task backlog information: IOError: 
[2022-01-12 11:14:21,858 W 152299 152584] metric_exporter.cc:206: Export metrics to agent failed: IOError: . This won't affect Ray, but you can lose metrics from the cluster.
[2022-01-12 11:14:22,651 I 152299 152583] raylet_client.cc:336: Error reporting task backlog information: IOError: 
[2022-01-12 11:14:23,651 I 152299 152583] raylet_client.cc:336: Error reporting task backlog information: IOError: 
[2022-01-12 11:14:24,651 I 152299 152583] raylet_client.cc:336: Error reporting task backlog information: IOError: 
[2022-01-12 11:14:25,651 I 152299 152583] raylet_client.cc:336: Error reporting task backlog information: IOError: 
[2022-01-12 11:14:26,651 I 152299 152583] raylet_client.cc:336: Error reporting task backlog information: IOError: 
[2022-01-12 11:14:27,651 I 152299 152583] raylet_client.cc:336: Error reporting task backlog information: IOError: 
[2022-01-12 11:14:28,651 I 152299 152583] raylet_client.cc:336: Error reporting task backlog information: IOError: 
[2022-01-12 11:14:29,651 I 152299 152583] raylet_client.cc:336: Error reporting task backlog information: IOError: 
[2022-01-12 11:14:30,652 I 152299 152583] raylet_client.cc:336: Error reporting task backlog information: IOError: 
[2022-01-12 11:14:31,652 I 152299 152583] raylet_client.cc:336: Error reporting task backlog information: IOError: 
[2022-01-12 11:14:31,864 W 152299 152584] metric_exporter.cc:206: Export metrics to agent failed: IOError: . This won't affect Ray, but you can lose metrics from the cluster.
[2022-01-12 11:14:32,652 I 152299 152583] raylet_client.cc:336: Error reporting task backlog information: IOError: 
[2022-01-12 11:14:33,652 I 152299 152583] raylet_client.cc:336: Error reporting task backlog information: IOError: 
[2022-01-12 11:14:34,652 I 152299 152583] raylet_client.cc:336: Error reporting task backlog information: IOError: 
[2022-01-12 11:14:35,652 I 152299 152583] raylet_client.cc:336: Error reporting task backlog information: IOError: 
[2022-01-12 11:14:36,652 I 152299 152583] raylet_client.cc:336: Error reporting task backlog information: IOError: 
[2022-01-12 11:14:37,652 I 152299 152583] raylet_client.cc:336: Error reporting task backlog information: IOError: 
[2022-01-12 11:14:38,652 I 152299 152583] raylet_client.cc:336: Error reporting task backlog information: IOError: 
[2022-01-12 11:14:39,652 I 152299 152583] raylet_client.cc:336: Error reporting task backlog information: IOError: 
[2022-01-12 11:14:40,653 I 152299 152583] raylet_client.cc:336: Error reporting task backlog information: IOError: 
[2022-01-12 11:14:41,653 I 152299 152583] raylet_client.cc:336: Error reporting task backlog information: IOError: 
[2022-01-12 11:14:41,871 W 152299 152584] metric_exporter.cc:206: Export metrics to agent failed: IOError: . This won't affect Ray, but you can lose metrics from the cluster.
[2022-01-12 11:14:42,653 I 152299 152583] raylet_client.cc:336: Error reporting task backlog information: IOError: 
[2022-01-12 11:14:43,653 I 152299 152583] raylet_client.cc:336: Error reporting task backlog information: IOError: 
[2022-01-12 11:14:44,653 I 152299 152583] raylet_client.cc:336: Error reporting task backlog information: IOError: 
[2022-01-12 11:14:45,653 I 152299 152583] raylet_client.cc:336: Error reporting task backlog information: IOError: 
[2022-01-12 11:14:46,653 I 152299 152583] raylet_client.cc:336: Error reporting task backlog information: IOError: 
[2022-01-12 11:14:47,653 I 152299 152583] raylet_client.cc:336: Error reporting task backlog information: IOError: 
[2022-01-12 11:14:48,653 I 152299 152583] raylet_client.cc:336: Error reporting task backlog information: IOError: 
[2022-01-12 11:14:49,653 I 152299 152583] raylet_client.cc:336: Error reporting task backlog information: IOError: 
[2022-01-12 11:14:50,654 I 152299 152583] raylet_client.cc:336: Error reporting task backlog information: IOError: 
[2022-01-12 11:14:51,654 I 152299 152583] raylet_client.cc:336: Error reporting task backlog information: IOError: 
[2022-01-12 11:14:51,877 W 152299 152584] metric_exporter.cc:206: Export metrics to agent failed: IOError: . This won't affect Ray, but you can lose metrics from the cluster.
[2022-01-12 11:14:52,654 I 152299 152583] raylet_client.cc:336: Error reporting task backlog information: IOError: 
[2022-01-12 11:14:53,654 I 152299 152583] raylet_client.cc:336: Error reporting task backlog information: IOError: 
[2022-01-12 11:14:54,654 I 152299 152583] raylet_client.cc:336: Error reporting task backlog information: IOError: 
[2022-01-12 11:14:55,654 I 152299 152583] raylet_client.cc:336: Error reporting task backlog information: IOError: 
[2022-01-12 11:14:56,654 I 152299 152583] raylet_client.cc:336: Error reporting task backlog information: IOError: 
[2022-01-12 11:14:57,654 I 152299 152583] raylet_client.cc:336: Error reporting task backlog information: IOError: 
[2022-01-12 11:14:58,654 I 152299 152583] raylet_client.cc:336: Error reporting task backlog information: IOError: 
[2022-01-12 11:14:59,654 I 152299 152583] raylet_client.cc:336: Error reporting task backlog information: IOError: 
[2022-01-12 11:15:00,655 I 152299 152583] raylet_client.cc:336: Error reporting task backlog information: IOError: 
[2022-01-12 11:15:01,655 I 152299 152583] raylet_client.cc:336: Error reporting task backlog information: IOError: 
[2022-01-12 11:15:01,883 W 152299 152584] metric_exporter.cc:206: Export metrics to agent failed: IOError: . This won't affect Ray, but you can lose metrics from the cluster.
[2022-01-12 11:15:02,655 I 152299 152583] raylet_client.cc:336: Error reporting task backlog information: IOError: 
[2022-01-12 11:15:03,655 I 152299 152583] raylet_client.cc:336: Error reporting task backlog information: IOError: 
[2022-01-12 11:15:04,655 I 152299 152583] raylet_client.cc:336: Error reporting task backlog information: IOError: 
[2022-01-12 11:15:05,655 I 152299 152583] raylet_client.cc:336: Error reporting task backlog information: IOError: 
[2022-01-12 11:15:06,655 I 152299 152583] raylet_client.cc:336: Error reporting task backlog information: IOError: 
[2022-01-12 11:15:07,655 I 152299 152583] raylet_client.cc:336: Error reporting task backlog information: IOError: 
[2022-01-12 11:15:08,655 I 152299 152583] raylet_client.cc:336: Error reporting task backlog information: IOError: 
[2022-01-12 11:15:09,655 I 152299 152583] raylet_client.cc:336: Error reporting task backlog information: IOError: 
[2022-01-12 11:15:10,656 I 152299 152583] raylet_client.cc:336: Error reporting task backlog information: IOError: 
[2022-01-12 11:15:11,656 I 152299 152583] raylet_client.cc:336: Error reporting task backlog information: IOError: 
[2022-01-12 11:15:11,891 W 152299 152584] metric_exporter.cc:206: Export metrics to agent failed: IOError: . This won't affect Ray, but you can lose metrics from the cluster.
[2022-01-12 11:15:12,656 I 152299 152583] raylet_client.cc:336: Error reporting task backlog information: IOError: 
[2022-01-12 11:15:13,657 I 152299 152583] raylet_client.cc:336: Error reporting task backlog information: IOError: 
[2022-01-12 11:15:14,657 I 152299 152583] raylet_client.cc:336: Error reporting task backlog information: IOError: 
[2022-01-12 11:15:15,657 I 152299 152583] raylet_client.cc:336: Error reporting task backlog information: IOError: 
[2022-01-12 11:15:16,658 I 152299 152583] raylet_client.cc:336: Error reporting task backlog information: IOError: 
[2022-01-12 11:15:17,658 I 152299 152583] raylet_client.cc:336: Error reporting task backlog information: IOError: 
[2022-01-12 11:15:18,658 I 152299 152583] raylet_client.cc:336: Error reporting task backlog information: IOError: 
[2022-01-12 11:15:19,658 I 152299 152583] raylet_client.cc:336: Error reporting task backlog information: IOError: 
[2022-01-12 11:15:20,659 I 152299 152583] raylet_client.cc:336: Error reporting task backlog information: IOError: 
[2022-01-12 11:15:21,659 I 152299 152583] raylet_client.cc:336: Error reporting task backlog information: IOError: 
[2022-01-12 11:15:21,903 W 152299 152584] metric_exporter.cc:206: Export metrics to agent failed: IOError: . This won't affect Ray, but you can lose metrics from the cluster.
[2022-01-12 11:15:22,659 I 152299 152583] raylet_client.cc:336: Error reporting task backlog information: IOError: 
[2022-01-12 11:15:23,659 I 152299 152583] raylet_client.cc:336: Error reporting task backlog information: IOError: 
[2022-01-12 11:15:24,659 I 152299 152583] raylet_client.cc:336: Error reporting task backlog information: IOError: 
[2022-01-12 11:15:25,659 I 152299 152583] raylet_client.cc:336: Error reporting task backlog information: IOError: 
[2022-01-12 11:15:26,659 I 152299 152583] raylet_client.cc:336: Error reporting task backlog information: IOError: 
[2022-01-12 11:15:27,659 I 152299 152583] raylet_client.cc:336: Error reporting task backlog information: IOError: 
[2022-01-12 11:15:28,659 I 152299 152583] raylet_client.cc:336: Error reporting task backlog information: IOError: 
[2022-01-12 11:15:29,660 I 152299 152583] raylet_client.cc:336: Error reporting task backlog information: IOError: 
[2022-01-12 11:15:30,660 I 152299 152583] raylet_client.cc:336: Error reporting task backlog information: IOError: 
[2022-01-12 11:15:31,660 I 152299 152583] raylet_client.cc:336: Error reporting task backlog information: IOError: 
[2022-01-12 11:15:31,911 W 152299 152584] metric_exporter.cc:206: Export metrics to agent failed: IOError: . This won't affect Ray, but you can lose metrics from the cluster.
[2022-01-12 11:15:32,660 I 152299 152583] raylet_client.cc:336: Error reporting task backlog information: IOError: 
[2022-01-12 11:15:33,660 I 152299 152583] raylet_client.cc:336: Error reporting task backlog information: IOError: 
[2022-01-12 11:15:34,660 I 152299 152583] raylet_client.cc:336: Error reporting task backlog information: IOError: 
[2022-01-12 11:15:35,521 W 152299 152441] gcs_server_address_updater.cc:61: [301] Failed to get the gcs server address from raylet 301 times in a row. If it keeps failing to obtain the address, the worker might crash. Connection status IOError: 
[2022-01-12 11:15:35,660 I 152299 152583] raylet_client.cc:336: Error reporting task backlog information: IOError: 
[2022-01-12 11:15:36,660 I 152299 152583] raylet_client.cc:336: Error reporting task backlog information: IOError: 
[2022-01-12 11:15:37,660 I 152299 152583] raylet_client.cc:336: Error reporting task backlog information: IOError: 
[2022-01-12 11:15:38,660 I 152299 152583] raylet_client.cc:336: Error reporting task backlog information: IOError: 
[2022-01-12 11:15:39,660 I 152299 152583] raylet_client.cc:336: Error reporting task backlog information: IOError: 
[2022-01-12 11:15:40,660 I 152299 152583] raylet_client.cc:336: Error reporting task backlog information: IOError: 
[2022-01-12 11:15:41,660 I 152299 152583] raylet_client.cc:336: Error reporting task backlog information: IOError: 
[2022-01-12 11:15:41,918 W 152299 152584] metric_exporter.cc:206: Export metrics to agent failed: IOError: . This won't affect Ray, but you can lose metrics from the cluster.
[2022-01-12 11:15:42,661 I 152299 152583] raylet_client.cc:336: Error reporting task backlog information: IOError: 
[2022-01-12 11:15:43,661 I 152299 152583] raylet_client.cc:336: Error reporting task backlog information: IOError: 
[2022-01-12 11:15:44,661 I 152299 152583] raylet_client.cc:336: Error reporting task backlog information: IOError: 
[2022-01-12 11:15:45,661 I 152299 152583] raylet_client.cc:336: Error reporting task backlog information: IOError: 
[2022-01-12 11:15:46,661 I 152299 152583] raylet_client.cc:336: Error reporting task backlog information: IOError: 
[2022-01-12 11:15:47,661 I 152299 152583] raylet_client.cc:336: Error reporting task backlog information: IOError: 
[2022-01-12 11:15:48,661 I 152299 152583] raylet_client.cc:336: Error reporting task backlog information: IOError: 
[2022-01-12 11:15:49,661 I 152299 152583] raylet_client.cc:336: Error reporting task backlog information: IOError: 
[2022-01-12 11:15:50,661 I 152299 152583] raylet_client.cc:336: Error reporting task backlog information: IOError: 
[2022-01-12 11:15:51,661 I 152299 152583] raylet_client.cc:336: Error reporting task backlog information: IOError: 
[2022-01-12 11:15:51,925 W 152299 152584] metric_exporter.cc:206: Export metrics to agent failed: IOError: . This won't affect Ray, but you can lose metrics from the cluster.
[2022-01-12 11:15:52,661 I 152299 152583] raylet_client.cc:336: Error reporting task backlog information: IOError: 
[2022-01-12 11:15:53,661 I 152299 152583] raylet_client.cc:336: Error reporting task backlog information: IOError: 
[2022-01-12 11:15:54,662 I 152299 152583] raylet_client.cc:336: Error reporting task backlog information: IOError: 
[2022-01-12 11:15:55,662 I 152299 152583] raylet_client.cc:336: Error reporting task backlog information: IOError: 
[2022-01-12 11:15:56,662 I 152299 152583] raylet_client.cc:336: Error reporting task backlog information: IOError: 
[2022-01-12 11:15:57,662 I 152299 152583] raylet_client.cc:336: Error reporting task backlog information: IOError: 
[2022-01-12 11:15:58,662 I 152299 152583] raylet_client.cc:336: Error reporting task backlog information: IOError: 
[2022-01-12 11:15:59,662 I 152299 152583] raylet_client.cc:336: Error reporting task backlog information: IOError: 
[2022-01-12 11:16:00,662 I 152299 152583] raylet_client.cc:336: Error reporting task backlog information: IOError: 
[2022-01-12 11:16:01,662 I 152299 152583] raylet_client.cc:336: Error reporting task backlog information: IOError: 
[2022-01-12 11:16:01,931 W 152299 152584] metric_exporter.cc:206: Export metrics to agent failed: IOError: . This won't affect Ray, but you can lose metrics from the cluster.
[2022-01-12 11:16:02,662 I 152299 152583] raylet_client.cc:336: Error reporting task backlog information: IOError: 
[2022-01-12 11:16:03,662 I 152299 152583] raylet_client.cc:336: Error reporting task backlog information: IOError: 
[2022-01-12 11:16:04,662 I 152299 152583] raylet_client.cc:336: Error reporting task backlog information: IOError: 
[2022-01-12 11:16:05,662 I 152299 152583] raylet_client.cc:336: Error reporting task backlog information: IOError: 
[2022-01-12 11:16:06,663 I 152299 152583] raylet_client.cc:336: Error reporting task backlog information: IOError: 
[2022-01-12 11:16:07,663 I 152299 152583] raylet_client.cc:336: Error reporting task backlog information: IOError: 
[2022-01-12 11:16:08,663 I 152299 152583] raylet_client.cc:336: Error reporting task backlog information: IOError: 
[2022-01-12 11:16:09,663 I 152299 152583] raylet_client.cc:336: Error reporting task backlog information: IOError: 
[2022-01-12 11:16:10,663 I 152299 152583] raylet_client.cc:336: Error reporting task backlog information: IOError: 
[2022-01-12 11:16:11,663 I 152299 152583] raylet_client.cc:336: Error reporting task backlog information: IOError: 
[2022-01-12 11:16:11,938 W 152299 152584] metric_exporter.cc:206: Export metrics to agent failed: IOError: . This won't affect Ray, but you can lose metrics from the cluster.
[2022-01-12 11:16:12,663 I 152299 152583] raylet_client.cc:336: Error reporting task backlog information: IOError: 
[2022-01-12 11:16:13,663 I 152299 152583] raylet_client.cc:336: Error reporting task backlog information: IOError: 
[2022-01-12 11:16:14,663 I 152299 152583] raylet_client.cc:336: Error reporting task backlog information: IOError: 
[2022-01-12 11:16:15,663 I 152299 152583] raylet_client.cc:336: Error reporting task backlog information: IOError: 
[2022-01-12 11:16:16,663 I 152299 152583] raylet_client.cc:336: Error reporting task backlog information: IOError: 
[2022-01-12 11:16:17,663 I 152299 152583] raylet_client.cc:336: Error reporting task backlog information: IOError: 
[2022-01-12 11:16:18,663 I 152299 152583] raylet_client.cc:336: Error reporting task backlog information: IOError: 
[2022-01-12 11:16:19,664 I 152299 152583] raylet_client.cc:336: Error reporting task backlog information: IOError: 
[2022-01-12 11:16:20,664 I 152299 152583] raylet_client.cc:336: Error reporting task backlog information: IOError: 
[2022-01-12 11:16:21,664 I 152299 152583] raylet_client.cc:336: Error reporting task backlog information: IOError: 
[2022-01-12 11:16:21,945 W 152299 152584] metric_exporter.cc:206: Export metrics to agent failed: IOError: . This won't affect Ray, but you can lose metrics from the cluster.
[2022-01-12 11:16:22,664 I 152299 152583] raylet_client.cc:336: Error reporting task backlog information: IOError: 
[2022-01-12 11:16:23,664 I 152299 152583] raylet_client.cc:336: Error reporting task backlog information: IOError: 
[2022-01-12 11:16:24,664 I 152299 152583] raylet_client.cc:336: Error reporting task backlog information: IOError: 
[2022-01-12 11:16:25,664 I 152299 152583] raylet_client.cc:336: Error reporting task backlog information: IOError: 
[2022-01-12 11:16:26,664 I 152299 152583] raylet_client.cc:336: Error reporting task backlog information: IOError: 
[2022-01-12 11:16:27,664 I 152299 152583] raylet_client.cc:336: Error reporting task backlog information: IOError: 
[2022-01-12 11:16:28,664 I 152299 152583] raylet_client.cc:336: Error reporting task backlog information: IOError: 
[2022-01-12 11:16:29,664 I 152299 152583] raylet_client.cc:336: Error reporting task backlog information: IOError: 
[2022-01-12 11:16:30,664 I 152299 152583] raylet_client.cc:336: Error reporting task backlog information: IOError: 
[2022-01-12 11:16:31,664 I 152299 152583] raylet_client.cc:336: Error reporting task backlog information: IOError: 
[2022-01-12 11:16:31,951 W 152299 152584] metric_exporter.cc:206: Export metrics to agent failed: IOError: . This won't affect Ray, but you can lose metrics from the cluster.
[2022-01-12 11:16:32,664 I 152299 152583] raylet_client.cc:336: Error reporting task backlog information: IOError: 
[2022-01-12 11:16:33,665 I 152299 152583] raylet_client.cc:336: Error reporting task backlog information: IOError: 
[2022-01-12 11:16:34,665 I 152299 152583] raylet_client.cc:336: Error reporting task backlog information: IOError: 
[2022-01-12 11:16:35,665 I 152299 152583] raylet_client.cc:336: Error reporting task backlog information: IOError: 
[2022-01-12 11:16:36,665 I 152299 152583] raylet_client.cc:336: Error reporting task backlog information: IOError: 
[2022-01-12 11:16:37,665 I 152299 152583] raylet_client.cc:336: Error reporting task backlog information: IOError: 
[2022-01-12 11:16:38,665 I 152299 152583] raylet_client.cc:336: Error reporting task backlog information: IOError: 
[2022-01-12 11:16:39,665 I 152299 152583] raylet_client.cc:336: Error reporting task backlog information: IOError: 
[2022-01-12 11:16:40,665 I 152299 152583] raylet_client.cc:336: Error reporting task backlog information: IOError: 
[2022-01-12 11:16:41,665 I 152299 152583] raylet_client.cc:336: Error reporting task backlog information: IOError: 
[2022-01-12 11:16:41,958 W 152299 152584] metric_exporter.cc:206: Export metrics to agent failed: IOError: . This won't affect Ray, but you can lose metrics from the cluster.
[2022-01-12 11:16:42,665 I 152299 152583] raylet_client.cc:336: Error reporting task backlog information: IOError: 
[2022-01-12 11:16:43,665 I 152299 152583] raylet_client.cc:336: Error reporting task backlog information: IOError: 
[2022-01-12 11:16:44,665 I 152299 152583] raylet_client.cc:336: Error reporting task backlog information: IOError: 
[2022-01-12 11:16:45,666 I 152299 152583] raylet_client.cc:336: Error reporting task backlog information: IOError: 
[2022-01-12 11:16:46,666 I 152299 152583] raylet_client.cc:336: Error reporting task backlog information: IOError: 
[2022-01-12 11:16:47,666 I 152299 152583] raylet_client.cc:336: Error reporting task backlog information: IOError: 
[2022-01-12 11:16:48,666 I 152299 152583] raylet_client.cc:336: Error reporting task backlog information: IOError: 
[2022-01-12 11:16:49,666 I 152299 152583] raylet_client.cc:336: Error reporting task backlog information: IOError: 
[2022-01-12 11:16:50,666 I 152299 152583] raylet_client.cc:336: Error reporting task backlog information: IOError: 
[2022-01-12 11:16:51,666 I 152299 152583] raylet_client.cc:336: Error reporting task backlog information: IOError: 
[2022-01-12 11:16:51,965 W 152299 152584] metric_exporter.cc:206: Export metrics to agent failed: IOError: . This won't affect Ray, but you can lose metrics from the cluster.
[2022-01-12 11:16:52,666 I 152299 152583] raylet_client.cc:336: Error reporting task backlog information: IOError: 
[2022-01-12 11:16:53,666 I 152299 152583] raylet_client.cc:336: Error reporting task backlog information: IOError: 
[2022-01-12 11:16:54,666 I 152299 152583] raylet_client.cc:336: Error reporting task backlog information: IOError: 
[2022-01-12 11:16:55,666 I 152299 152583] raylet_client.cc:336: Error reporting task backlog information: IOError: 
[2022-01-12 11:16:56,666 I 152299 152583] raylet_client.cc:336: Error reporting task backlog information: IOError: 
[2022-01-12 11:16:57,666 I 152299 152583] raylet_client.cc:336: Error reporting task backlog information: IOError: 
[2022-01-12 11:16:58,667 I 152299 152583] raylet_client.cc:336: Error reporting task backlog information: IOError: 
[2022-01-12 11:16:59,667 I 152299 152583] raylet_client.cc:336: Error reporting task backlog information: IOError: 
[2022-01-12 11:17:00,667 I 152299 152583] raylet_client.cc:336: Error reporting task backlog information: IOError: 
[2022-01-12 11:17:01,667 I 152299 152583] raylet_client.cc:336: Error reporting task backlog information: IOError: 
[2022-01-12 11:17:01,971 W 152299 152584] metric_exporter.cc:206: Export metrics to agent failed: IOError: . This won't affect Ray, but you can lose metrics from the cluster.
[2022-01-12 11:17:02,667 I 152299 152583] raylet_client.cc:336: Error reporting task backlog information: IOError: 
[2022-01-12 11:17:03,667 I 152299 152583] raylet_client.cc:336: Error reporting task backlog information: IOError: 
[2022-01-12 11:17:04,667 I 152299 152583] raylet_client.cc:336: Error reporting task backlog information: IOError: 
[2022-01-12 11:17:05,667 I 152299 152583] raylet_client.cc:336: Error reporting task backlog information: IOError: 
[2022-01-12 11:17:06,667 I 152299 152583] raylet_client.cc:336: Error reporting task backlog information: IOError: 
[2022-01-12 11:17:07,667 I 152299 152583] raylet_client.cc:336: Error reporting task backlog information: IOError: 
[2022-01-12 11:17:08,667 I 152299 152583] raylet_client.cc:336: Error reporting task backlog information: IOError: 
[2022-01-12 11:17:09,667 I 152299 152583] raylet_client.cc:336: Error reporting task backlog information: IOError: 
[2022-01-12 11:17:10,667 I 152299 152583] raylet_client.cc:336: Error reporting task backlog information: IOError: 
[2022-01-12 11:17:11,668 I 152299 152583] raylet_client.cc:336: Error reporting task backlog information: IOError: 
[2022-01-12 11:17:11,978 W 152299 152584] metric_exporter.cc:206: Export metrics to agent failed: IOError: . This won't affect Ray, but you can lose metrics from the cluster.
[2022-01-12 11:17:12,668 I 152299 152583] raylet_client.cc:336: Error reporting task backlog information: IOError: 
[2022-01-12 11:17:13,668 I 152299 152583] raylet_client.cc:336: Error reporting task backlog information: IOError: 
[2022-01-12 11:17:14,668 I 152299 152583] raylet_client.cc:336: Error reporting task backlog information: IOError: 
[2022-01-12 11:17:15,668 I 152299 152583] raylet_client.cc:336: Error reporting task backlog information: IOError: 
[2022-01-12 11:17:16,668 I 152299 152583] raylet_client.cc:336: Error reporting task backlog information: IOError: 
[2022-01-12 11:17:17,668 I 152299 152583] raylet_client.cc:336: Error reporting task backlog information: IOError: 
[2022-01-12 11:17:18,668 I 152299 152583] raylet_client.cc:336: Error reporting task backlog information: IOError: 
[2022-01-12 11:17:19,668 I 152299 152583] raylet_client.cc:336: Error reporting task backlog information: IOError: 
[2022-01-12 11:17:20,668 I 152299 152583] raylet_client.cc:336: Error reporting task backlog information: IOError: 
[2022-01-12 11:17:21,668 I 152299 152583] raylet_client.cc:336: Error reporting task backlog information: IOError: 
[2022-01-12 11:17:21,984 W 152299 152584] metric_exporter.cc:206: Export metrics to agent failed: IOError: . This won't affect Ray, but you can lose metrics from the cluster.
[2022-01-12 11:17:22,668 I 152299 152583] raylet_client.cc:336: Error reporting task backlog information: IOError: 
[2022-01-12 11:17:23,669 I 152299 152583] raylet_client.cc:336: Error reporting task backlog information: IOError: 
[2022-01-12 11:17:24,669 I 152299 152583] raylet_client.cc:336: Error reporting task backlog information: IOError: 
[2022-01-12 11:17:25,669 I 152299 152583] raylet_client.cc:336: Error reporting task backlog information: IOError: 
[2022-01-12 11:17:26,669 I 152299 152583] raylet_client.cc:336: Error reporting task backlog information: IOError: 
[2022-01-12 11:17:27,669 I 152299 152583] raylet_client.cc:336: Error reporting task backlog information: IOError: 
[2022-01-12 11:17:28,669 I 152299 152583] raylet_client.cc:336: Error reporting task backlog information: IOError: 
[2022-01-12 11:17:29,669 I 152299 152583] raylet_client.cc:336: Error reporting task backlog information: IOError: 
[2022-01-12 11:17:30,669 I 152299 152583] raylet_client.cc:336: Error reporting task backlog information: IOError: 
[2022-01-12 11:17:31,669 I 152299 152583] raylet_client.cc:336: Error reporting task backlog information: IOError: 
[2022-01-12 11:17:31,991 W 152299 152584] metric_exporter.cc:206: Export metrics to agent failed: IOError: . This won't affect Ray, but you can lose metrics from the cluster.
[2022-01-12 11:17:32,669 I 152299 152583] raylet_client.cc:336: Error reporting task backlog information: IOError: 
[2022-01-12 11:17:33,669 I 152299 152583] raylet_client.cc:336: Error reporting task backlog information: IOError: 
[2022-01-12 11:17:34,669 I 152299 152583] raylet_client.cc:336: Error reporting task backlog information: IOError: 
[2022-01-12 11:17:35,669 I 152299 152583] raylet_client.cc:336: Error reporting task backlog information: IOError: 
[2022-01-12 11:17:36,670 I 152299 152583] raylet_client.cc:336: Error reporting task backlog information: IOError: 
[2022-01-12 11:17:37,670 I 152299 152583] raylet_client.cc:336: Error reporting task backlog information: IOError: 
[2022-01-12 11:17:38,670 I 152299 152583] raylet_client.cc:336: Error reporting task backlog information: IOError: 
[2022-01-12 11:17:39,670 I 152299 152583] raylet_client.cc:336: Error reporting task backlog information: IOError: 
[2022-01-12 11:17:40,670 I 152299 152583] raylet_client.cc:336: Error reporting task backlog information: IOError: 
[2022-01-12 11:17:41,670 I 152299 152583] raylet_client.cc:336: Error reporting task backlog information: IOError: 
[2022-01-12 11:17:41,997 W 152299 152584] metric_exporter.cc:206: Export metrics to agent failed: IOError: . This won't affect Ray, but you can lose metrics from the cluster.
[2022-01-12 11:17:42,670 I 152299 152583] raylet_client.cc:336: Error reporting task backlog information: IOError: 
[2022-01-12 11:17:43,670 I 152299 152583] raylet_client.cc:336: Error reporting task backlog information: IOError: 
[2022-01-12 11:17:44,670 I 152299 152583] raylet_client.cc:336: Error reporting task backlog information: IOError: 
[2022-01-12 11:17:45,670 I 152299 152583] raylet_client.cc:336: Error reporting task backlog information: IOError: 
[2022-01-12 11:17:46,670 I 152299 152583] raylet_client.cc:336: Error reporting task backlog information: IOError: 
[2022-01-12 11:17:47,670 I 152299 152583] raylet_client.cc:336: Error reporting task backlog information: IOError: 
[2022-01-12 11:17:48,670 I 152299 152583] raylet_client.cc:336: Error reporting task backlog information: IOError: 
[2022-01-12 11:17:49,671 I 152299 152583] raylet_client.cc:336: Error reporting task backlog information: IOError: 
[2022-01-12 11:17:50,671 I 152299 152583] raylet_client.cc:336: Error reporting task backlog information: IOError: 
[2022-01-12 11:17:51,671 I 152299 152583] raylet_client.cc:336: Error reporting task backlog information: IOError: 
[2022-01-12 11:17:52,003 W 152299 152584] metric_exporter.cc:206: Export metrics to agent failed: IOError: . This won't affect Ray, but you can lose metrics from the cluster.
[2022-01-12 11:17:52,671 I 152299 152583] raylet_client.cc:336: Error reporting task backlog information: IOError: 
[2022-01-12 11:17:53,671 I 152299 152583] raylet_client.cc:336: Error reporting task backlog information: IOError: 
[2022-01-12 11:17:54,671 I 152299 152583] raylet_client.cc:336: Error reporting task backlog information: IOError: 
[2022-01-12 11:17:55,671 I 152299 152583] raylet_client.cc:336: Error reporting task backlog information: IOError: 
[2022-01-12 11:17:56,671 I 152299 152583] raylet_client.cc:336: Error reporting task backlog information: IOError: 
[2022-01-12 11:17:57,671 I 152299 152583] raylet_client.cc:336: Error reporting task backlog information: IOError: 
[2022-01-12 11:17:58,671 I 152299 152583] raylet_client.cc:336: Error reporting task backlog information: IOError: 
[2022-01-12 11:17:59,671 I 152299 152583] raylet_client.cc:336: Error reporting task backlog information: IOError: 
[2022-01-12 11:18:00,671 I 152299 152583] raylet_client.cc:336: Error reporting task backlog information: IOError: 
[2022-01-12 11:18:01,671 I 152299 152583] raylet_client.cc:336: Error reporting task backlog information: IOError: 
[2022-01-12 11:18:02,010 W 152299 152584] metric_exporter.cc:206: Export metrics to agent failed: IOError: . This won't affect Ray, but you can lose metrics from the cluster.
[2022-01-12 11:18:02,672 I 152299 152583] raylet_client.cc:336: Error reporting task backlog information: IOError: 
[2022-01-12 11:18:03,672 I 152299 152583] raylet_client.cc:336: Error reporting task backlog information: IOError: 
[2022-01-12 11:18:04,672 I 152299 152583] raylet_client.cc:336: Error reporting task backlog information: IOError: 
[2022-01-12 11:18:05,672 I 152299 152583] raylet_client.cc:336: Error reporting task backlog information: IOError: 
[2022-01-12 11:18:06,672 I 152299 152583] raylet_client.cc:336: Error reporting task backlog information: IOError: 
[2022-01-12 11:18:07,672 I 152299 152583] raylet_client.cc:336: Error reporting task backlog information: IOError: 
[2022-01-12 11:18:08,672 I 152299 152583] raylet_client.cc:336: Error reporting task backlog information: IOError: 
[2022-01-12 11:18:09,672 I 152299 152583] raylet_client.cc:336: Error reporting task backlog information: IOError: 
[2022-01-12 11:18:10,672 I 152299 152583] raylet_client.cc:336: Error reporting task backlog information: IOError: 
[2022-01-12 11:18:11,672 I 152299 152583] raylet_client.cc:336: Error reporting task backlog information: IOError: 
[2022-01-12 11:18:12,017 W 152299 152584] metric_exporter.cc:206: Export metrics to agent failed: IOError: . This won't affect Ray, but you can lose metrics from the cluster.
[2022-01-12 11:18:12,672 I 152299 152583] raylet_client.cc:336: Error reporting task backlog information: IOError: 
[2022-01-12 11:18:13,672 I 152299 152583] raylet_client.cc:336: Error reporting task backlog information: IOError: 
[2022-01-12 11:18:14,672 I 152299 152583] raylet_client.cc:336: Error reporting task backlog information: IOError: 
[2022-01-12 11:18:15,673 I 152299 152583] raylet_client.cc:336: Error reporting task backlog information: IOError: 
[2022-01-12 11:18:16,673 I 152299 152583] raylet_client.cc:336: Error reporting task backlog information: IOError: 
[2022-01-12 11:18:17,673 I 152299 152583] raylet_client.cc:336: Error reporting task backlog information: IOError: 
[2022-01-12 11:18:18,673 I 152299 152583] raylet_client.cc:336: Error reporting task backlog information: IOError: 
[2022-01-12 11:18:19,673 I 152299 152583] raylet_client.cc:336: Error reporting task backlog information: IOError: 
[2022-01-12 11:18:20,673 I 152299 152583] raylet_client.cc:336: Error reporting task backlog information: IOError: 
[2022-01-12 11:18:21,673 I 152299 152583] raylet_client.cc:336: Error reporting task backlog information: IOError: 
[2022-01-12 11:18:22,024 W 152299 152584] metric_exporter.cc:206: Export metrics to agent failed: IOError: . This won't affect Ray, but you can lose metrics from the cluster.
[2022-01-12 11:18:22,673 I 152299 152583] raylet_client.cc:336: Error reporting task backlog information: IOError: 
[2022-01-12 11:18:23,673 I 152299 152583] raylet_client.cc:336: Error reporting task backlog information: IOError: 
[2022-01-12 11:18:24,673 I 152299 152583] raylet_client.cc:336: Error reporting task backlog information: IOError: 
[2022-01-12 11:18:25,673 I 152299 152583] raylet_client.cc:336: Error reporting task backlog information: IOError: 
[2022-01-12 11:18:26,673 I 152299 152583] raylet_client.cc:336: Error reporting task backlog information: IOError: 
[2022-01-12 11:18:27,674 I 152299 152583] raylet_client.cc:336: Error reporting task backlog information: IOError: 
[2022-01-12 11:18:28,674 I 152299 152583] raylet_client.cc:336: Error reporting task backlog information: IOError: 
[2022-01-12 11:18:29,674 I 152299 152583] raylet_client.cc:336: Error reporting task backlog information: IOError: 
[2022-01-12 11:18:30,674 I 152299 152583] raylet_client.cc:336: Error reporting task backlog information: IOError: 
[2022-01-12 11:18:31,674 I 152299 152583] raylet_client.cc:336: Error reporting task backlog information: IOError: 
[2022-01-12 11:18:32,030 W 152299 152584] metric_exporter.cc:206: Export metrics to agent failed: IOError: . This won't affect Ray, but you can lose metrics from the cluster.
[2022-01-12 11:18:32,674 I 152299 152583] raylet_client.cc:336: Error reporting task backlog information: IOError: 
[2022-01-12 11:18:33,674 I 152299 152583] raylet_client.cc:336: Error reporting task backlog information: IOError: 
[2022-01-12 11:18:34,674 I 152299 152583] raylet_client.cc:336: Error reporting task backlog information: IOError: 
[2022-01-12 11:18:35,674 I 152299 152583] raylet_client.cc:336: Error reporting task backlog information: IOError: 
[2022-01-12 11:18:36,674 I 152299 152583] raylet_client.cc:336: Error reporting task backlog information: IOError: 
[2022-01-12 11:18:37,674 I 152299 152583] raylet_client.cc:336: Error reporting task backlog information: IOError: 
[2022-01-12 11:18:38,674 I 152299 152583] raylet_client.cc:336: Error reporting task backlog information: IOError: 
[2022-01-12 11:18:39,674 I 152299 152583] raylet_client.cc:336: Error reporting task backlog information: IOError: 
[2022-01-12 11:18:40,675 I 152299 152583] raylet_client.cc:336: Error reporting task backlog information: IOError: 
[2022-01-12 11:18:41,675 I 152299 152583] raylet_client.cc:336: Error reporting task backlog information: IOError: 
[2022-01-12 11:18:42,038 W 152299 152584] metric_exporter.cc:206: Export metrics to agent failed: IOError: . This won't affect Ray, but you can lose metrics from the cluster.
[2022-01-12 11:18:42,675 I 152299 152583] raylet_client.cc:336: Error reporting task backlog information: IOError: 
[2022-01-12 11:18:43,676 I 152299 152583] raylet_client.cc:336: Error reporting task backlog information: IOError: 
[2022-01-12 11:18:44,676 I 152299 152583] raylet_client.cc:336: Error reporting task backlog information: IOError: 
[2022-01-12 11:18:45,676 I 152299 152583] raylet_client.cc:336: Error reporting task backlog information: IOError: 
[2022-01-12 11:18:46,676 I 152299 152583] raylet_client.cc:336: Error reporting task backlog information: IOError: 
[2022-01-12 11:18:47,676 I 152299 152583] raylet_client.cc:336: Error reporting task backlog information: IOError: 
[2022-01-12 11:18:48,676 I 152299 152583] raylet_client.cc:336: Error reporting task backlog information: IOError: 
[2022-01-12 11:18:49,677 I 152299 152583] raylet_client.cc:336: Error reporting task backlog information: IOError: 
[2022-01-12 11:18:50,677 I 152299 152583] raylet_client.cc:336: Error reporting task backlog information: IOError: 
[2022-01-12 11:18:51,677 I 152299 152583] raylet_client.cc:336: Error reporting task backlog information: IOError: 
[2022-01-12 11:18:52,049 W 152299 152584] metric_exporter.cc:206: Export metrics to agent failed: IOError: . This won't affect Ray, but you can lose metrics from the cluster.
[2022-01-12 11:18:52,677 I 152299 152583] raylet_client.cc:336: Error reporting task backlog information: IOError: 
[2022-01-12 11:18:53,677 I 152299 152583] raylet_client.cc:336: Error reporting task backlog information: IOError: 
[2022-01-12 11:18:54,677 I 152299 152583] raylet_client.cc:336: Error reporting task backlog information: IOError: 
[2022-01-12 11:18:55,677 I 152299 152583] raylet_client.cc:336: Error reporting task backlog information: IOError: 
[2022-01-12 11:18:56,677 I 152299 152583] raylet_client.cc:336: Error reporting task backlog information: IOError: 
[2022-01-12 11:18:57,677 I 152299 152583] raylet_client.cc:336: Error reporting task backlog information: IOError: 
[2022-01-12 11:18:58,677 I 152299 152583] raylet_client.cc:336: Error reporting task backlog information: IOError: 
[2022-01-12 11:18:59,677 I 152299 152583] raylet_client.cc:336: Error reporting task backlog information: IOError: 
[2022-01-12 11:19:00,677 I 152299 152583] raylet_client.cc:336: Error reporting task backlog information: IOError: 
[2022-01-12 11:19:01,678 I 152299 152583] raylet_client.cc:336: Error reporting task backlog information: IOError: 
[2022-01-12 11:19:02,056 W 152299 152584] metric_exporter.cc:206: Export metrics to agent failed: IOError: . This won't affect Ray, but you can lose metrics from the cluster.
[2022-01-12 11:19:02,678 I 152299 152583] raylet_client.cc:336: Error reporting task backlog information: IOError: 
[2022-01-12 11:19:03,678 I 152299 152583] raylet_client.cc:336: Error reporting task backlog information: IOError: 
[2022-01-12 11:19:04,678 I 152299 152583] raylet_client.cc:336: Error reporting task backlog information: IOError: 
[2022-01-12 11:19:05,678 I 152299 152583] raylet_client.cc:336: Error reporting task backlog information: IOError: 
[2022-01-12 11:19:06,678 I 152299 152583] raylet_client.cc:336: Error reporting task backlog information: IOError: 
[2022-01-12 11:19:07,678 I 152299 152583] raylet_client.cc:336: Error reporting task backlog information: IOError: 
[2022-01-12 11:19:08,678 I 152299 152583] raylet_client.cc:336: Error reporting task backlog information: IOError: 
[2022-01-12 11:19:09,678 I 152299 152583] raylet_client.cc:336: Error reporting task backlog information: IOError: 
[2022-01-12 11:19:10,678 I 152299 152583] raylet_client.cc:336: Error reporting task backlog information: IOError: 
[2022-01-12 11:19:11,679 I 152299 152583] raylet_client.cc:336: Error reporting task backlog information: IOError: 
[2022-01-12 11:19:12,064 W 152299 152584] metric_exporter.cc:206: Export metrics to agent failed: IOError: . This won't affect Ray, but you can lose metrics from the cluster.
[2022-01-12 11:19:12,679 I 152299 152583] raylet_client.cc:336: Error reporting task backlog information: IOError: 
[2022-01-12 11:19:13,679 I 152299 152583] raylet_client.cc:336: Error reporting task backlog information: IOError: 
[2022-01-12 11:19:14,680 I 152299 152583] raylet_client.cc:336: Error reporting task backlog information: IOError: 
[2022-01-12 11:19:15,680 I 152299 152583] raylet_client.cc:336: Error reporting task backlog information: IOError: 
[2022-01-12 11:19:16,680 I 152299 152583] raylet_client.cc:336: Error reporting task backlog information: IOError: 
[2022-01-12 11:19:17,680 I 152299 152583] raylet_client.cc:336: Error reporting task backlog information: IOError: 
[2022-01-12 11:19:18,681 I 152299 152583] raylet_client.cc:336: Error reporting task backlog information: IOError: 
[2022-01-12 11:19:19,681 I 152299 152583] raylet_client.cc:336: Error reporting task backlog information: IOError: 
[2022-01-12 11:19:20,681 I 152299 152583] raylet_client.cc:336: Error reporting task backlog information: IOError: 
[2022-01-12 11:19:21,681 I 152299 152583] raylet_client.cc:336: Error reporting task backlog information: IOError: 
[2022-01-12 11:19:22,077 W 152299 152584] metric_exporter.cc:206: Export metrics to agent failed: IOError: . This won't affect Ray, but you can lose metrics from the cluster.
[2022-01-12 11:19:22,682 I 152299 152583] raylet_client.cc:336: Error reporting task backlog information: IOError: 
[2022-01-12 11:19:23,682 I 152299 152583] raylet_client.cc:336: Error reporting task backlog information: IOError: 
[2022-01-12 11:19:24,682 I 152299 152583] raylet_client.cc:336: Error reporting task backlog information: IOError: 
[2022-01-12 11:19:25,683 I 152299 152583] raylet_client.cc:336: Error reporting task backlog information: IOError: 
[2022-01-12 11:19:26,683 I 152299 152583] raylet_client.cc:336: Error reporting task backlog information: IOError: 
[2022-01-12 11:19:27,683 I 152299 152583] raylet_client.cc:336: Error reporting task backlog information: IOError: 
[2022-01-12 11:19:28,684 I 152299 152583] raylet_client.cc:336: Error reporting task backlog information: IOError: 
[2022-01-12 11:19:29,684 I 152299 152583] raylet_client.cc:336: Error reporting task backlog information: IOError: 
[2022-01-12 11:19:30,684 I 152299 152583] raylet_client.cc:336: Error reporting task backlog information: IOError: 
[2022-01-12 11:19:31,684 I 152299 152583] raylet_client.cc:336: Error reporting task backlog information: IOError: 
[2022-01-12 11:19:32,092 W 152299 152584] metric_exporter.cc:206: Export metrics to agent failed: IOError: . This won't affect Ray, but you can lose metrics from the cluster.
[2022-01-12 11:19:32,685 I 152299 152583] raylet_client.cc:336: Error reporting task backlog information: IOError: 
[2022-01-12 11:19:33,685 I 152299 152583] raylet_client.cc:336: Error reporting task backlog information: IOError: 
[2022-01-12 11:19:34,685 I 152299 152583] raylet_client.cc:336: Error reporting task backlog information: IOError: 
[2022-01-12 11:19:35,686 I 152299 152583] raylet_client.cc:336: Error reporting task backlog information: IOError: 
[2022-01-12 11:19:36,686 I 152299 152583] raylet_client.cc:336: Error reporting task backlog information: IOError: 
[2022-01-12 11:19:37,686 I 152299 152583] raylet_client.cc:336: Error reporting task backlog information: IOError: 
[2022-01-12 11:19:38,687 I 152299 152583] raylet_client.cc:336: Error reporting task backlog information: IOError: 
[2022-01-12 11:19:39,687 I 152299 152583] raylet_client.cc:336: Error reporting task backlog information: IOError: 
[2022-01-12 11:19:40,687 I 152299 152583] raylet_client.cc:336: Error reporting task backlog information: IOError: 
[2022-01-12 11:19:41,687 I 152299 152583] raylet_client.cc:336: Error reporting task backlog information: IOError: 
[2022-01-12 11:19:42,108 W 152299 152584] metric_exporter.cc:206: Export metrics to agent failed: IOError: . This won't affect Ray, but you can lose metrics from the cluster.
[2022-01-12 11:19:42,688 I 152299 152583] raylet_client.cc:336: Error reporting task backlog information: IOError: 
[2022-01-12 11:19:43,688 I 152299 152583] raylet_client.cc:336: Error reporting task backlog information: IOError: 
[2022-01-12 11:19:44,688 I 152299 152583] raylet_client.cc:336: Error reporting task backlog information: IOError: 
[2022-01-12 11:19:45,688 I 152299 152583] raylet_client.cc:336: Error reporting task backlog information: IOError: 
[2022-01-12 11:19:46,688 I 152299 152583] raylet_client.cc:336: Error reporting task backlog information: IOError: 
[2022-01-12 11:19:47,689 I 152299 152583] raylet_client.cc:336: Error reporting task backlog information: IOError: 
[2022-01-12 11:19:48,689 I 152299 152583] raylet_client.cc:336: Error reporting task backlog information: IOError: 
[2022-01-12 11:19:49,689 I 152299 152583] raylet_client.cc:336: Error reporting task backlog information: IOError: 
[2022-01-12 11:19:50,689 I 152299 152583] raylet_client.cc:336: Error reporting task backlog information: IOError: 
[2022-01-12 11:19:51,689 I 152299 152583] raylet_client.cc:336: Error reporting task backlog information: IOError: 
[2022-01-12 11:19:52,121 W 152299 152584] metric_exporter.cc:206: Export metrics to agent failed: IOError: . This won't affect Ray, but you can lose metrics from the cluster.
[2022-01-12 11:19:52,690 I 152299 152583] raylet_client.cc:336: Error reporting task backlog information: IOError: 
[2022-01-12 11:19:53,690 I 152299 152583] raylet_client.cc:336: Error reporting task backlog information: IOError: 
[2022-01-12 11:19:54,690 I 152299 152583] raylet_client.cc:336: Error reporting task backlog information: IOError: 
[2022-01-12 11:19:55,691 I 152299 152583] raylet_client.cc:336: Error reporting task backlog information: IOError: 
[2022-01-12 11:19:56,691 I 152299 152583] raylet_client.cc:336: Error reporting task backlog information: IOError: 
[2022-01-12 11:19:57,691 I 152299 152583] raylet_client.cc:336: Error reporting task backlog information: IOError: 
[2022-01-12 11:19:58,691 I 152299 152583] raylet_client.cc:336: Error reporting task backlog information: IOError: 
[2022-01-12 11:19:59,691 I 152299 152583] raylet_client.cc:336: Error reporting task backlog information: IOError: 
[2022-01-12 11:20:00,691 I 152299 152583] raylet_client.cc:336: Error reporting task backlog information: IOError: 
[2022-01-12 11:20:01,692 I 152299 152583] raylet_client.cc:336: Error reporting task backlog information: IOError: 
[2022-01-12 11:20:02,133 W 152299 152584] metric_exporter.cc:206: Export metrics to agent failed: IOError: . This won't affect Ray, but you can lose metrics from the cluster.
[2022-01-12 11:20:02,692 I 152299 152583] raylet_client.cc:336: Error reporting task backlog information: IOError: 
[2022-01-12 11:20:03,692 I 152299 152583] raylet_client.cc:336: Error reporting task backlog information: IOError: 
[2022-01-12 11:20:04,692 I 152299 152583] raylet_client.cc:336: Error reporting task backlog information: IOError: 
[2022-01-12 11:20:05,692 I 152299 152583] raylet_client.cc:336: Error reporting task backlog information: IOError: 
[2022-01-12 11:20:06,692 I 152299 152583] raylet_client.cc:336: Error reporting task backlog information: IOError: 
[2022-01-12 11:20:07,692 I 152299 152583] raylet_client.cc:336: Error reporting task backlog information: IOError: 
[2022-01-12 11:20:08,693 I 152299 152583] raylet_client.cc:336: Error reporting task backlog information: IOError: 
[2022-01-12 11:20:09,693 I 152299 152583] raylet_client.cc:336: Error reporting task backlog information: IOError: 
[2022-01-12 11:20:10,693 I 152299 152583] raylet_client.cc:336: Error reporting task backlog information: IOError: 
[2022-01-12 11:20:11,693 I 152299 152583] raylet_client.cc:336: Error reporting task backlog information: IOError: 
[2022-01-12 11:20:12,145 W 152299 152584] metric_exporter.cc:206: Export metrics to agent failed: IOError: . This won't affect Ray, but you can lose metrics from the cluster.
[2022-01-12 11:20:12,694 I 152299 152583] raylet_client.cc:336: Error reporting task backlog information: IOError: 
[2022-01-12 11:20:13,694 I 152299 152583] raylet_client.cc:336: Error reporting task backlog information: IOError: 
[2022-01-12 11:20:14,694 I 152299 152583] raylet_client.cc:336: Error reporting task backlog information: IOError: 
[2022-01-12 11:20:15,695 I 152299 152583] raylet_client.cc:336: Error reporting task backlog information: IOError: 
[2022-01-12 11:20:16,695 I 152299 152583] raylet_client.cc:336: Error reporting task backlog information: IOError: 
[2022-01-12 11:20:17,695 I 152299 152583] raylet_client.cc:336: Error reporting task backlog information: IOError: 
[2022-01-12 11:20:18,695 I 152299 152583] raylet_client.cc:336: Error reporting task backlog information: IOError: 
[2022-01-12 11:20:19,696 I 152299 152583] raylet_client.cc:336: Error reporting task backlog information: IOError: 
[2022-01-12 11:20:20,696 I 152299 152583] raylet_client.cc:336: Error reporting task backlog information: IOError: 
[2022-01-12 11:20:21,696 I 152299 152583] raylet_client.cc:336: Error reporting task backlog information: IOError: 
[2022-01-12 11:20:22,159 W 152299 152584] metric_exporter.cc:206: Export metrics to agent failed: IOError: . This won't affect Ray, but you can lose metrics from the cluster.
[2022-01-12 11:20:22,696 I 152299 152583] raylet_client.cc:336: Error reporting task backlog information: IOError: 
[2022-01-12 11:20:23,697 I 152299 152583] raylet_client.cc:336: Error reporting task backlog information: IOError: 
[2022-01-12 11:20:24,697 I 152299 152583] raylet_client.cc:336: Error reporting task backlog information: IOError: 
[2022-01-12 11:20:25,697 I 152299 152583] raylet_client.cc:336: Error reporting task backlog information: IOError: 
[2022-01-12 11:20:26,698 I 152299 152583] raylet_client.cc:336: Error reporting task backlog information: IOError: 
[2022-01-12 11:20:27,698 I 152299 152583] raylet_client.cc:336: Error reporting task backlog information: IOError: 
[2022-01-12 11:20:28,698 I 152299 152583] raylet_client.cc:336: Error reporting task backlog information: IOError: 
[2022-01-12 11:20:29,698 I 152299 152583] raylet_client.cc:336: Error reporting task backlog information: IOError: 
[2022-01-12 11:20:30,699 I 152299 152583] raylet_client.cc:336: Error reporting task backlog information: IOError: 
[2022-01-12 11:20:31,699 I 152299 152583] raylet_client.cc:336: Error reporting task backlog information: IOError: 
[2022-01-12 11:20:32,174 W 152299 152584] metric_exporter.cc:206: Export metrics to agent failed: IOError: . This won't affect Ray, but you can lose metrics from the cluster.
[2022-01-12 11:20:32,699 I 152299 152583] raylet_client.cc:336: Error reporting task backlog information: IOError: 
[2022-01-12 11:20:33,700 I 152299 152583] raylet_client.cc:336: Error reporting task backlog information: IOError: 
[2022-01-12 11:20:34,563 E 152299 152441] gcs_server_address_updater.cc:76: Failed to receive the GCS address for 600 times without success. The worker will exit ungracefully. It is because GCS has died. It could be because there was an issue that kills GCS, such as high memory usage triggering OOM killer to kill GCS. Cluster will be highly likely unavailable if you see this log. Please check the log from gcs_server.err.
