[2022-01-12 11:10:01,357 I 152290 152290] core_worker.cc:132: Constructing CoreWorkerProcess. pid: 152290
[2022-01-12 11:10:01,425 I 152290 152290] grpc_server.cc:112: worker server started, listening on port 40179.
[2022-01-12 11:10:01,430 I 152290 152290] core_worker.cc:479: Initializing worker at address: 131.215.21.210:40179, worker ID 9c61c4c6be4eb899e109c65bbfcc81081cb869a793787ab16d28a4ca, raylet 5b7e106179413af65b8991a1620de8480b87d9abbb75dceb50938230
[2022-01-12 11:10:01,540 I 152290 152290] io_service_pool.cc:35: IOServicePool is running with 1 io_service.
[2022-01-12 11:10:01,544 I 152290 152528] accessor.cc:560: Received notification for node id = 5b7e106179413af65b8991a1620de8480b87d9abbb75dceb50938230, IsAlive = 1
[2022-01-12 11:10:35,440 W 152290 152391] gcs_server_address_updater.cc:61: [1] Failed to get the gcs server address from raylet 1 times in a row. If it keeps failing to obtain the address, the worker might crash. Connection status IOError: 
[2022-01-12 11:10:36,439 I 152290 152528] raylet_client.cc:336: Error reporting task backlog information: IOError: 
[2022-01-12 11:10:36,546 I 152290 152528] raylet_client.cc:336: Error reporting task backlog information: IOError: 
[2022-01-12 11:10:37,546 I 152290 152528] raylet_client.cc:336: Error reporting task backlog information: IOError: 
[2022-01-12 11:10:38,547 I 152290 152528] raylet_client.cc:336: Error reporting task backlog information: IOError: 
[2022-01-12 11:10:39,547 I 152290 152528] raylet_client.cc:336: Error reporting task backlog information: IOError: 
[2022-01-12 11:10:40,547 I 152290 152528] raylet_client.cc:336: Error reporting task backlog information: IOError: 
[2022-01-12 11:10:41,547 I 152290 152528] raylet_client.cc:336: Error reporting task backlog information: IOError: 
[2022-01-12 11:10:41,579 W 152290 152529] metric_exporter.cc:206: Export metrics to agent failed: IOError: . This won't affect Ray, but you can lose metrics from the cluster.
[2022-01-12 11:10:42,547 I 152290 152528] raylet_client.cc:336: Error reporting task backlog information: IOError: 
[2022-01-12 11:10:43,547 I 152290 152528] raylet_client.cc:336: Error reporting task backlog information: IOError: 
[2022-01-12 11:10:44,547 I 152290 152528] raylet_client.cc:336: Error reporting task backlog information: IOError: 
[2022-01-12 11:10:45,547 I 152290 152528] raylet_client.cc:336: Error reporting task backlog information: IOError: 
[2022-01-12 11:10:46,547 I 152290 152528] raylet_client.cc:336: Error reporting task backlog information: IOError: 
[2022-01-12 11:10:47,547 I 152290 152528] raylet_client.cc:336: Error reporting task backlog information: IOError: 
[2022-01-12 11:10:48,547 I 152290 152528] raylet_client.cc:336: Error reporting task backlog information: IOError: 
[2022-01-12 11:10:49,547 I 152290 152528] raylet_client.cc:336: Error reporting task backlog information: IOError: 
[2022-01-12 11:10:50,547 I 152290 152528] raylet_client.cc:336: Error reporting task backlog information: IOError: 
[2022-01-12 11:10:51,548 I 152290 152528] raylet_client.cc:336: Error reporting task backlog information: IOError: 
[2022-01-12 11:10:51,586 W 152290 152529] metric_exporter.cc:206: Export metrics to agent failed: IOError: . This won't affect Ray, but you can lose metrics from the cluster.
[2022-01-12 11:10:52,548 I 152290 152528] raylet_client.cc:336: Error reporting task backlog information: IOError: 
[2022-01-12 11:10:53,548 I 152290 152528] raylet_client.cc:336: Error reporting task backlog information: IOError: 
[2022-01-12 11:10:54,549 I 152290 152528] raylet_client.cc:336: Error reporting task backlog information: IOError: 
[2022-01-12 11:10:55,549 I 152290 152528] raylet_client.cc:336: Error reporting task backlog information: IOError: 
[2022-01-12 11:10:56,549 I 152290 152528] raylet_client.cc:336: Error reporting task backlog information: IOError: 
[2022-01-12 11:10:57,549 I 152290 152528] raylet_client.cc:336: Error reporting task backlog information: IOError: 
[2022-01-12 11:10:58,549 I 152290 152528] raylet_client.cc:336: Error reporting task backlog information: IOError: 
[2022-01-12 11:10:59,550 I 152290 152528] raylet_client.cc:336: Error reporting task backlog information: IOError: 
[2022-01-12 11:11:00,550 I 152290 152528] raylet_client.cc:336: Error reporting task backlog information: IOError: 
[2022-01-12 11:11:01,550 I 152290 152528] raylet_client.cc:336: Error reporting task backlog information: IOError: 
[2022-01-12 11:11:01,592 W 152290 152529] metric_exporter.cc:206: Export metrics to agent failed: IOError: . This won't affect Ray, but you can lose metrics from the cluster.
[2022-01-12 11:11:02,550 I 152290 152528] raylet_client.cc:336: Error reporting task backlog information: IOError: 
[2022-01-12 11:11:03,550 I 152290 152528] raylet_client.cc:336: Error reporting task backlog information: IOError: 
[2022-01-12 11:11:04,550 I 152290 152528] raylet_client.cc:336: Error reporting task backlog information: IOError: 
[2022-01-12 11:11:05,550 I 152290 152528] raylet_client.cc:336: Error reporting task backlog information: IOError: 
[2022-01-12 11:11:06,550 I 152290 152528] raylet_client.cc:336: Error reporting task backlog information: IOError: 
[2022-01-12 11:11:07,550 I 152290 152528] raylet_client.cc:336: Error reporting task backlog information: IOError: 
[2022-01-12 11:11:08,550 I 152290 152528] raylet_client.cc:336: Error reporting task backlog information: IOError: 
[2022-01-12 11:11:09,550 I 152290 152528] raylet_client.cc:336: Error reporting task backlog information: IOError: 
[2022-01-12 11:11:10,550 I 152290 152528] raylet_client.cc:336: Error reporting task backlog information: IOError: 
[2022-01-12 11:11:11,550 I 152290 152528] raylet_client.cc:336: Error reporting task backlog information: IOError: 
[2022-01-12 11:11:11,599 W 152290 152529] metric_exporter.cc:206: Export metrics to agent failed: IOError: . This won't affect Ray, but you can lose metrics from the cluster.
[2022-01-12 11:11:12,551 I 152290 152528] raylet_client.cc:336: Error reporting task backlog information: IOError: 
[2022-01-12 11:11:13,551 I 152290 152528] raylet_client.cc:336: Error reporting task backlog information: IOError: 
[2022-01-12 11:11:14,551 I 152290 152528] raylet_client.cc:336: Error reporting task backlog information: IOError: 
[2022-01-12 11:11:15,551 I 152290 152528] raylet_client.cc:336: Error reporting task backlog information: IOError: 
[2022-01-12 11:11:16,551 I 152290 152528] raylet_client.cc:336: Error reporting task backlog information: IOError: 
[2022-01-12 11:11:17,551 I 152290 152528] raylet_client.cc:336: Error reporting task backlog information: IOError: 
[2022-01-12 11:11:18,551 I 152290 152528] raylet_client.cc:336: Error reporting task backlog information: IOError: 
[2022-01-12 11:11:19,551 I 152290 152528] raylet_client.cc:336: Error reporting task backlog information: IOError: 
[2022-01-12 11:11:20,551 I 152290 152528] raylet_client.cc:336: Error reporting task backlog information: IOError: 
[2022-01-12 11:11:21,551 I 152290 152528] raylet_client.cc:336: Error reporting task backlog information: IOError: 
[2022-01-12 11:11:21,606 W 152290 152529] metric_exporter.cc:206: Export metrics to agent failed: IOError: . This won't affect Ray, but you can lose metrics from the cluster.
[2022-01-12 11:11:22,551 I 152290 152528] raylet_client.cc:336: Error reporting task backlog information: IOError: 
[2022-01-12 11:11:23,551 I 152290 152528] raylet_client.cc:336: Error reporting task backlog information: IOError: 
[2022-01-12 11:11:24,551 I 152290 152528] raylet_client.cc:336: Error reporting task backlog information: IOError: 
[2022-01-12 11:11:25,551 I 152290 152528] raylet_client.cc:336: Error reporting task backlog information: IOError: 
[2022-01-12 11:11:26,552 I 152290 152528] raylet_client.cc:336: Error reporting task backlog information: IOError: 
[2022-01-12 11:11:27,552 I 152290 152528] raylet_client.cc:336: Error reporting task backlog information: IOError: 
[2022-01-12 11:11:28,552 I 152290 152528] raylet_client.cc:336: Error reporting task backlog information: IOError: 
[2022-01-12 11:11:29,552 I 152290 152528] raylet_client.cc:336: Error reporting task backlog information: IOError: 
[2022-01-12 11:11:30,552 I 152290 152528] raylet_client.cc:336: Error reporting task backlog information: IOError: 
[2022-01-12 11:11:31,552 I 152290 152528] raylet_client.cc:336: Error reporting task backlog information: IOError: 
[2022-01-12 11:11:31,619 W 152290 152529] metric_exporter.cc:206: Export metrics to agent failed: IOError: . This won't affect Ray, but you can lose metrics from the cluster.
[2022-01-12 11:11:32,552 I 152290 152528] raylet_client.cc:336: Error reporting task backlog information: IOError: 
[2022-01-12 11:11:33,552 I 152290 152528] raylet_client.cc:336: Error reporting task backlog information: IOError: 
[2022-01-12 11:11:34,552 I 152290 152528] raylet_client.cc:336: Error reporting task backlog information: IOError: 
[2022-01-12 11:11:35,552 I 152290 152528] raylet_client.cc:336: Error reporting task backlog information: IOError: 
[2022-01-12 11:11:36,552 I 152290 152528] raylet_client.cc:336: Error reporting task backlog information: IOError: 
[2022-01-12 11:11:37,552 I 152290 152528] raylet_client.cc:336: Error reporting task backlog information: IOError: 
[2022-01-12 11:11:38,552 I 152290 152528] raylet_client.cc:336: Error reporting task backlog information: IOError: 
[2022-01-12 11:11:39,552 I 152290 152528] raylet_client.cc:336: Error reporting task backlog information: IOError: 
[2022-01-12 11:11:40,552 I 152290 152528] raylet_client.cc:336: Error reporting task backlog information: IOError: 
[2022-01-12 11:11:41,553 I 152290 152528] raylet_client.cc:336: Error reporting task backlog information: IOError: 
[2022-01-12 11:11:41,625 W 152290 152529] metric_exporter.cc:206: Export metrics to agent failed: IOError: . This won't affect Ray, but you can lose metrics from the cluster.
[2022-01-12 11:11:42,553 I 152290 152528] raylet_client.cc:336: Error reporting task backlog information: IOError: 
[2022-01-12 11:11:43,553 I 152290 152528] raylet_client.cc:336: Error reporting task backlog information: IOError: 
[2022-01-12 11:11:44,553 I 152290 152528] raylet_client.cc:336: Error reporting task backlog information: IOError: 
[2022-01-12 11:11:45,553 I 152290 152528] raylet_client.cc:336: Error reporting task backlog information: IOError: 
[2022-01-12 11:11:46,553 I 152290 152528] raylet_client.cc:336: Error reporting task backlog information: IOError: 
[2022-01-12 11:11:47,553 I 152290 152528] raylet_client.cc:336: Error reporting task backlog information: IOError: 
[2022-01-12 11:11:48,553 I 152290 152528] raylet_client.cc:336: Error reporting task backlog information: IOError: 
[2022-01-12 11:11:49,553 I 152290 152528] raylet_client.cc:336: Error reporting task backlog information: IOError: 
[2022-01-12 11:11:50,553 I 152290 152528] raylet_client.cc:336: Error reporting task backlog information: IOError: 
[2022-01-12 11:11:51,553 I 152290 152528] raylet_client.cc:336: Error reporting task backlog information: IOError: 
[2022-01-12 11:11:51,632 W 152290 152529] metric_exporter.cc:206: Export metrics to agent failed: IOError: . This won't affect Ray, but you can lose metrics from the cluster.
[2022-01-12 11:11:52,553 I 152290 152528] raylet_client.cc:336: Error reporting task backlog information: IOError: 
[2022-01-12 11:11:53,553 I 152290 152528] raylet_client.cc:336: Error reporting task backlog information: IOError: 
[2022-01-12 11:11:54,553 I 152290 152528] raylet_client.cc:336: Error reporting task backlog information: IOError: 
[2022-01-12 11:11:55,554 I 152290 152528] raylet_client.cc:336: Error reporting task backlog information: IOError: 
[2022-01-12 11:11:56,554 I 152290 152528] raylet_client.cc:336: Error reporting task backlog information: IOError: 
[2022-01-12 11:11:57,554 I 152290 152528] raylet_client.cc:336: Error reporting task backlog information: IOError: 
[2022-01-12 11:11:58,554 I 152290 152528] raylet_client.cc:336: Error reporting task backlog information: IOError: 
[2022-01-12 11:11:59,554 I 152290 152528] raylet_client.cc:336: Error reporting task backlog information: IOError: 
[2022-01-12 11:12:00,554 I 152290 152528] raylet_client.cc:336: Error reporting task backlog information: IOError: 
[2022-01-12 11:12:01,554 I 152290 152528] raylet_client.cc:336: Error reporting task backlog information: IOError: 
[2022-01-12 11:12:01,638 W 152290 152529] metric_exporter.cc:206: Export metrics to agent failed: IOError: . This won't affect Ray, but you can lose metrics from the cluster.
[2022-01-12 11:12:02,554 I 152290 152528] raylet_client.cc:336: Error reporting task backlog information: IOError: 
[2022-01-12 11:12:03,555 I 152290 152528] raylet_client.cc:336: Error reporting task backlog information: IOError: 
[2022-01-12 11:12:04,555 I 152290 152528] raylet_client.cc:336: Error reporting task backlog information: IOError: 
[2022-01-12 11:12:05,555 I 152290 152528] raylet_client.cc:336: Error reporting task backlog information: IOError: 
[2022-01-12 11:12:06,555 I 152290 152528] raylet_client.cc:336: Error reporting task backlog information: IOError: 
[2022-01-12 11:12:07,556 I 152290 152528] raylet_client.cc:336: Error reporting task backlog information: IOError: 
[2022-01-12 11:12:08,556 I 152290 152528] raylet_client.cc:336: Error reporting task backlog information: IOError: 
[2022-01-12 11:12:09,556 I 152290 152528] raylet_client.cc:336: Error reporting task backlog information: IOError: 
[2022-01-12 11:12:10,556 I 152290 152528] raylet_client.cc:336: Error reporting task backlog information: IOError: 
[2022-01-12 11:12:11,556 I 152290 152528] raylet_client.cc:336: Error reporting task backlog information: IOError: 
[2022-01-12 11:12:11,650 W 152290 152529] metric_exporter.cc:206: Export metrics to agent failed: IOError: . This won't affect Ray, but you can lose metrics from the cluster.
[2022-01-12 11:12:12,557 I 152290 152528] raylet_client.cc:336: Error reporting task backlog information: IOError: 
[2022-01-12 11:12:13,557 I 152290 152528] raylet_client.cc:336: Error reporting task backlog information: IOError: 
[2022-01-12 11:12:14,557 I 152290 152528] raylet_client.cc:336: Error reporting task backlog information: IOError: 
[2022-01-12 11:12:15,557 I 152290 152528] raylet_client.cc:336: Error reporting task backlog information: IOError: 
[2022-01-12 11:12:16,558 I 152290 152528] raylet_client.cc:336: Error reporting task backlog information: IOError: 
[2022-01-12 11:12:17,558 I 152290 152528] raylet_client.cc:336: Error reporting task backlog information: IOError: 
[2022-01-12 11:12:18,558 I 152290 152528] raylet_client.cc:336: Error reporting task backlog information: IOError: 
[2022-01-12 11:12:19,558 I 152290 152528] raylet_client.cc:336: Error reporting task backlog information: IOError: 
[2022-01-12 11:12:20,559 I 152290 152528] raylet_client.cc:336: Error reporting task backlog information: IOError: 
[2022-01-12 11:12:21,559 I 152290 152528] raylet_client.cc:336: Error reporting task backlog information: IOError: 
[2022-01-12 11:12:21,663 W 152290 152529] metric_exporter.cc:206: Export metrics to agent failed: IOError: . This won't affect Ray, but you can lose metrics from the cluster.
[2022-01-12 11:12:22,559 I 152290 152528] raylet_client.cc:336: Error reporting task backlog information: IOError: 
[2022-01-12 11:12:23,559 I 152290 152528] raylet_client.cc:336: Error reporting task backlog information: IOError: 
[2022-01-12 11:12:24,559 I 152290 152528] raylet_client.cc:336: Error reporting task backlog information: IOError: 
[2022-01-12 11:12:25,560 I 152290 152528] raylet_client.cc:336: Error reporting task backlog information: IOError: 
[2022-01-12 11:12:26,560 I 152290 152528] raylet_client.cc:336: Error reporting task backlog information: IOError: 
[2022-01-12 11:12:27,560 I 152290 152528] raylet_client.cc:336: Error reporting task backlog information: IOError: 
[2022-01-12 11:12:28,560 I 152290 152528] raylet_client.cc:336: Error reporting task backlog information: IOError: 
[2022-01-12 11:12:29,560 I 152290 152528] raylet_client.cc:336: Error reporting task backlog information: IOError: 
[2022-01-12 11:12:30,561 I 152290 152528] raylet_client.cc:336: Error reporting task backlog information: IOError: 
[2022-01-12 11:12:31,561 I 152290 152528] raylet_client.cc:336: Error reporting task backlog information: IOError: 
[2022-01-12 11:12:31,676 W 152290 152529] metric_exporter.cc:206: Export metrics to agent failed: IOError: . This won't affect Ray, but you can lose metrics from the cluster.
[2022-01-12 11:12:32,561 I 152290 152528] raylet_client.cc:336: Error reporting task backlog information: IOError: 
[2022-01-12 11:12:33,561 I 152290 152528] raylet_client.cc:336: Error reporting task backlog information: IOError: 
[2022-01-12 11:12:34,562 I 152290 152528] raylet_client.cc:336: Error reporting task backlog information: IOError: 
[2022-01-12 11:12:35,562 I 152290 152528] raylet_client.cc:336: Error reporting task backlog information: IOError: 
[2022-01-12 11:12:36,562 I 152290 152528] raylet_client.cc:336: Error reporting task backlog information: IOError: 
[2022-01-12 11:12:37,562 I 152290 152528] raylet_client.cc:336: Error reporting task backlog information: IOError: 
[2022-01-12 11:12:38,562 I 152290 152528] raylet_client.cc:336: Error reporting task backlog information: IOError: 
[2022-01-12 11:12:39,563 I 152290 152528] raylet_client.cc:336: Error reporting task backlog information: IOError: 
[2022-01-12 11:12:40,563 I 152290 152528] raylet_client.cc:336: Error reporting task backlog information: IOError: 
[2022-01-12 11:12:41,563 I 152290 152528] raylet_client.cc:336: Error reporting task backlog information: IOError: 
[2022-01-12 11:12:41,689 W 152290 152529] metric_exporter.cc:206: Export metrics to agent failed: IOError: . This won't affect Ray, but you can lose metrics from the cluster.
[2022-01-12 11:12:42,563 I 152290 152528] raylet_client.cc:336: Error reporting task backlog information: IOError: 
[2022-01-12 11:12:43,563 I 152290 152528] raylet_client.cc:336: Error reporting task backlog information: IOError: 
[2022-01-12 11:12:44,564 I 152290 152528] raylet_client.cc:336: Error reporting task backlog information: IOError: 
[2022-01-12 11:12:45,564 I 152290 152528] raylet_client.cc:336: Error reporting task backlog information: IOError: 
[2022-01-12 11:12:46,564 I 152290 152528] raylet_client.cc:336: Error reporting task backlog information: IOError: 
[2022-01-12 11:12:47,564 I 152290 152528] raylet_client.cc:336: Error reporting task backlog information: IOError: 
[2022-01-12 11:12:48,564 I 152290 152528] raylet_client.cc:336: Error reporting task backlog information: IOError: 
[2022-01-12 11:12:49,564 I 152290 152528] raylet_client.cc:336: Error reporting task backlog information: IOError: 
[2022-01-12 11:12:50,564 I 152290 152528] raylet_client.cc:336: Error reporting task backlog information: IOError: 
[2022-01-12 11:12:51,564 I 152290 152528] raylet_client.cc:336: Error reporting task backlog information: IOError: 
[2022-01-12 11:12:51,698 W 152290 152529] metric_exporter.cc:206: Export metrics to agent failed: IOError: . This won't affect Ray, but you can lose metrics from the cluster.
[2022-01-12 11:12:52,564 I 152290 152528] raylet_client.cc:336: Error reporting task backlog information: IOError: 
[2022-01-12 11:12:53,565 I 152290 152528] raylet_client.cc:336: Error reporting task backlog information: IOError: 
[2022-01-12 11:12:54,565 I 152290 152528] raylet_client.cc:336: Error reporting task backlog information: IOError: 
[2022-01-12 11:12:55,565 I 152290 152528] raylet_client.cc:336: Error reporting task backlog information: IOError: 
[2022-01-12 11:12:56,565 I 152290 152528] raylet_client.cc:336: Error reporting task backlog information: IOError: 
[2022-01-12 11:12:57,565 I 152290 152528] raylet_client.cc:336: Error reporting task backlog information: IOError: 
[2022-01-12 11:12:58,565 I 152290 152528] raylet_client.cc:336: Error reporting task backlog information: IOError: 
[2022-01-12 11:12:59,565 I 152290 152528] raylet_client.cc:336: Error reporting task backlog information: IOError: 
[2022-01-12 11:13:00,565 I 152290 152528] raylet_client.cc:336: Error reporting task backlog information: IOError: 
[2022-01-12 11:13:01,565 I 152290 152528] raylet_client.cc:336: Error reporting task backlog information: IOError: 
[2022-01-12 11:13:01,705 W 152290 152529] metric_exporter.cc:206: Export metrics to agent failed: IOError: . This won't affect Ray, but you can lose metrics from the cluster.
[2022-01-12 11:13:02,565 I 152290 152528] raylet_client.cc:336: Error reporting task backlog information: IOError: 
[2022-01-12 11:13:03,565 I 152290 152528] raylet_client.cc:336: Error reporting task backlog information: IOError: 
[2022-01-12 11:13:04,565 I 152290 152528] raylet_client.cc:336: Error reporting task backlog information: IOError: 
[2022-01-12 11:13:05,566 I 152290 152528] raylet_client.cc:336: Error reporting task backlog information: IOError: 
[2022-01-12 11:13:06,566 I 152290 152528] raylet_client.cc:336: Error reporting task backlog information: IOError: 
[2022-01-12 11:13:07,566 I 152290 152528] raylet_client.cc:336: Error reporting task backlog information: IOError: 
[2022-01-12 11:13:08,566 I 152290 152528] raylet_client.cc:336: Error reporting task backlog information: IOError: 
[2022-01-12 11:13:09,566 I 152290 152528] raylet_client.cc:336: Error reporting task backlog information: IOError: 
[2022-01-12 11:13:10,566 I 152290 152528] raylet_client.cc:336: Error reporting task backlog information: IOError: 
[2022-01-12 11:13:11,566 I 152290 152528] raylet_client.cc:336: Error reporting task backlog information: IOError: 
[2022-01-12 11:13:11,712 W 152290 152529] metric_exporter.cc:206: Export metrics to agent failed: IOError: . This won't affect Ray, but you can lose metrics from the cluster.
[2022-01-12 11:13:12,567 I 152290 152528] raylet_client.cc:336: Error reporting task backlog information: IOError: 
[2022-01-12 11:13:13,567 I 152290 152528] raylet_client.cc:336: Error reporting task backlog information: IOError: 
[2022-01-12 11:13:14,567 I 152290 152528] raylet_client.cc:336: Error reporting task backlog information: IOError: 
[2022-01-12 11:13:15,567 I 152290 152528] raylet_client.cc:336: Error reporting task backlog information: IOError: 
[2022-01-12 11:13:16,568 I 152290 152528] raylet_client.cc:336: Error reporting task backlog information: IOError: 
[2022-01-12 11:13:17,568 I 152290 152528] raylet_client.cc:336: Error reporting task backlog information: IOError: 
[2022-01-12 11:13:18,568 I 152290 152528] raylet_client.cc:336: Error reporting task backlog information: IOError: 
[2022-01-12 11:13:19,568 I 152290 152528] raylet_client.cc:336: Error reporting task backlog information: IOError: 
[2022-01-12 11:13:20,568 I 152290 152528] raylet_client.cc:336: Error reporting task backlog information: IOError: 
[2022-01-12 11:13:21,568 I 152290 152528] raylet_client.cc:336: Error reporting task backlog information: IOError: 
[2022-01-12 11:13:21,725 W 152290 152529] metric_exporter.cc:206: Export metrics to agent failed: IOError: . This won't affect Ray, but you can lose metrics from the cluster.
[2022-01-12 11:13:22,569 I 152290 152528] raylet_client.cc:336: Error reporting task backlog information: IOError: 
[2022-01-12 11:13:23,569 I 152290 152528] raylet_client.cc:336: Error reporting task backlog information: IOError: 
[2022-01-12 11:13:24,569 I 152290 152528] raylet_client.cc:336: Error reporting task backlog information: IOError: 
[2022-01-12 11:13:25,570 I 152290 152528] raylet_client.cc:336: Error reporting task backlog information: IOError: 
[2022-01-12 11:13:26,570 I 152290 152528] raylet_client.cc:336: Error reporting task backlog information: IOError: 
[2022-01-12 11:13:27,570 I 152290 152528] raylet_client.cc:336: Error reporting task backlog information: IOError: 
[2022-01-12 11:13:28,570 I 152290 152528] raylet_client.cc:336: Error reporting task backlog information: IOError: 
[2022-01-12 11:13:29,570 I 152290 152528] raylet_client.cc:336: Error reporting task backlog information: IOError: 
[2022-01-12 11:13:30,570 I 152290 152528] raylet_client.cc:336: Error reporting task backlog information: IOError: 
[2022-01-12 11:13:31,571 I 152290 152528] raylet_client.cc:336: Error reporting task backlog information: IOError: 
[2022-01-12 11:13:31,736 W 152290 152529] metric_exporter.cc:206: Export metrics to agent failed: IOError: . This won't affect Ray, but you can lose metrics from the cluster.
[2022-01-12 11:13:32,571 I 152290 152528] raylet_client.cc:336: Error reporting task backlog information: IOError: 
[2022-01-12 11:13:33,571 I 152290 152528] raylet_client.cc:336: Error reporting task backlog information: IOError: 
[2022-01-12 11:13:34,571 I 152290 152528] raylet_client.cc:336: Error reporting task backlog information: IOError: 
[2022-01-12 11:13:35,571 I 152290 152528] raylet_client.cc:336: Error reporting task backlog information: IOError: 
[2022-01-12 11:13:36,571 I 152290 152528] raylet_client.cc:336: Error reporting task backlog information: IOError: 
[2022-01-12 11:13:37,571 I 152290 152528] raylet_client.cc:336: Error reporting task backlog information: IOError: 
[2022-01-12 11:13:38,571 I 152290 152528] raylet_client.cc:336: Error reporting task backlog information: IOError: 
[2022-01-12 11:13:39,571 I 152290 152528] raylet_client.cc:336: Error reporting task backlog information: IOError: 
[2022-01-12 11:13:40,572 I 152290 152528] raylet_client.cc:336: Error reporting task backlog information: IOError: 
[2022-01-12 11:13:41,572 I 152290 152528] raylet_client.cc:336: Error reporting task backlog information: IOError: 
[2022-01-12 11:13:41,745 W 152290 152529] metric_exporter.cc:206: Export metrics to agent failed: IOError: . This won't affect Ray, but you can lose metrics from the cluster.
[2022-01-12 11:13:42,572 I 152290 152528] raylet_client.cc:336: Error reporting task backlog information: IOError: 
[2022-01-12 11:13:43,572 I 152290 152528] raylet_client.cc:336: Error reporting task backlog information: IOError: 
[2022-01-12 11:13:44,573 I 152290 152528] raylet_client.cc:336: Error reporting task backlog information: IOError: 
[2022-01-12 11:13:45,573 I 152290 152528] raylet_client.cc:336: Error reporting task backlog information: IOError: 
[2022-01-12 11:13:46,573 I 152290 152528] raylet_client.cc:336: Error reporting task backlog information: IOError: 
[2022-01-12 11:13:47,573 I 152290 152528] raylet_client.cc:336: Error reporting task backlog information: IOError: 
[2022-01-12 11:13:48,573 I 152290 152528] raylet_client.cc:336: Error reporting task backlog information: IOError: 
[2022-01-12 11:13:49,574 I 152290 152528] raylet_client.cc:336: Error reporting task backlog information: IOError: 
[2022-01-12 11:13:50,574 I 152290 152528] raylet_client.cc:336: Error reporting task backlog information: IOError: 
[2022-01-12 11:13:51,574 I 152290 152528] raylet_client.cc:336: Error reporting task backlog information: IOError: 
[2022-01-12 11:13:51,758 W 152290 152529] metric_exporter.cc:206: Export metrics to agent failed: IOError: . This won't affect Ray, but you can lose metrics from the cluster.
[2022-01-12 11:13:52,574 I 152290 152528] raylet_client.cc:336: Error reporting task backlog information: IOError: 
[2022-01-12 11:13:53,574 I 152290 152528] raylet_client.cc:336: Error reporting task backlog information: IOError: 
[2022-01-12 11:13:54,575 I 152290 152528] raylet_client.cc:336: Error reporting task backlog information: IOError: 
[2022-01-12 11:13:55,575 I 152290 152528] raylet_client.cc:336: Error reporting task backlog information: IOError: 
[2022-01-12 11:13:56,575 I 152290 152528] raylet_client.cc:336: Error reporting task backlog information: IOError: 
[2022-01-12 11:13:57,576 I 152290 152528] raylet_client.cc:336: Error reporting task backlog information: IOError: 
[2022-01-12 11:13:58,576 I 152290 152528] raylet_client.cc:336: Error reporting task backlog information: IOError: 
[2022-01-12 11:13:59,576 I 152290 152528] raylet_client.cc:336: Error reporting task backlog information: IOError: 
[2022-01-12 11:14:00,576 I 152290 152528] raylet_client.cc:336: Error reporting task backlog information: IOError: 
[2022-01-12 11:14:01,576 I 152290 152528] raylet_client.cc:336: Error reporting task backlog information: IOError: 
[2022-01-12 11:14:01,769 W 152290 152529] metric_exporter.cc:206: Export metrics to agent failed: IOError: . This won't affect Ray, but you can lose metrics from the cluster.
[2022-01-12 11:14:02,576 I 152290 152528] raylet_client.cc:336: Error reporting task backlog information: IOError: 
[2022-01-12 11:14:03,576 I 152290 152528] raylet_client.cc:336: Error reporting task backlog information: IOError: 
[2022-01-12 11:14:04,576 I 152290 152528] raylet_client.cc:336: Error reporting task backlog information: IOError: 
[2022-01-12 11:14:05,577 I 152290 152528] raylet_client.cc:336: Error reporting task backlog information: IOError: 
[2022-01-12 11:14:06,577 I 152290 152528] raylet_client.cc:336: Error reporting task backlog information: IOError: 
[2022-01-12 11:14:07,577 I 152290 152528] raylet_client.cc:336: Error reporting task backlog information: IOError: 
[2022-01-12 11:14:08,577 I 152290 152528] raylet_client.cc:336: Error reporting task backlog information: IOError: 
[2022-01-12 11:14:09,577 I 152290 152528] raylet_client.cc:336: Error reporting task backlog information: IOError: 
[2022-01-12 11:14:10,577 I 152290 152528] raylet_client.cc:336: Error reporting task backlog information: IOError: 
[2022-01-12 11:14:11,577 I 152290 152528] raylet_client.cc:336: Error reporting task backlog information: IOError: 
[2022-01-12 11:14:11,777 W 152290 152529] metric_exporter.cc:206: Export metrics to agent failed: IOError: . This won't affect Ray, but you can lose metrics from the cluster.
[2022-01-12 11:14:12,577 I 152290 152528] raylet_client.cc:336: Error reporting task backlog information: IOError: 
[2022-01-12 11:14:13,577 I 152290 152528] raylet_client.cc:336: Error reporting task backlog information: IOError: 
[2022-01-12 11:14:14,577 I 152290 152528] raylet_client.cc:336: Error reporting task backlog information: IOError: 
[2022-01-12 11:14:15,578 I 152290 152528] raylet_client.cc:336: Error reporting task backlog information: IOError: 
[2022-01-12 11:14:16,578 I 152290 152528] raylet_client.cc:336: Error reporting task backlog information: IOError: 
[2022-01-12 11:14:17,578 I 152290 152528] raylet_client.cc:336: Error reporting task backlog information: IOError: 
[2022-01-12 11:14:18,578 I 152290 152528] raylet_client.cc:336: Error reporting task backlog information: IOError: 
[2022-01-12 11:14:19,578 I 152290 152528] raylet_client.cc:336: Error reporting task backlog information: IOError: 
[2022-01-12 11:14:20,578 I 152290 152528] raylet_client.cc:336: Error reporting task backlog information: IOError: 
[2022-01-12 11:14:21,578 I 152290 152528] raylet_client.cc:336: Error reporting task backlog information: IOError: 
[2022-01-12 11:14:21,785 W 152290 152529] metric_exporter.cc:206: Export metrics to agent failed: IOError: . This won't affect Ray, but you can lose metrics from the cluster.
[2022-01-12 11:14:22,578 I 152290 152528] raylet_client.cc:336: Error reporting task backlog information: IOError: 
[2022-01-12 11:14:23,578 I 152290 152528] raylet_client.cc:336: Error reporting task backlog information: IOError: 
[2022-01-12 11:14:24,578 I 152290 152528] raylet_client.cc:336: Error reporting task backlog information: IOError: 
[2022-01-12 11:14:25,579 I 152290 152528] raylet_client.cc:336: Error reporting task backlog information: IOError: 
[2022-01-12 11:14:26,579 I 152290 152528] raylet_client.cc:336: Error reporting task backlog information: IOError: 
[2022-01-12 11:14:27,579 I 152290 152528] raylet_client.cc:336: Error reporting task backlog information: IOError: 
[2022-01-12 11:14:28,579 I 152290 152528] raylet_client.cc:336: Error reporting task backlog information: IOError: 
[2022-01-12 11:14:29,579 I 152290 152528] raylet_client.cc:336: Error reporting task backlog information: IOError: 
[2022-01-12 11:14:30,579 I 152290 152528] raylet_client.cc:336: Error reporting task backlog information: IOError: 
[2022-01-12 11:14:31,579 I 152290 152528] raylet_client.cc:336: Error reporting task backlog information: IOError: 
[2022-01-12 11:14:31,792 W 152290 152529] metric_exporter.cc:206: Export metrics to agent failed: IOError: . This won't affect Ray, but you can lose metrics from the cluster.
[2022-01-12 11:14:32,579 I 152290 152528] raylet_client.cc:336: Error reporting task backlog information: IOError: 
[2022-01-12 11:14:33,579 I 152290 152528] raylet_client.cc:336: Error reporting task backlog information: IOError: 
[2022-01-12 11:14:34,579 I 152290 152528] raylet_client.cc:336: Error reporting task backlog information: IOError: 
[2022-01-12 11:14:35,580 I 152290 152528] raylet_client.cc:336: Error reporting task backlog information: IOError: 
[2022-01-12 11:14:36,580 I 152290 152528] raylet_client.cc:336: Error reporting task backlog information: IOError: 
[2022-01-12 11:14:37,580 I 152290 152528] raylet_client.cc:336: Error reporting task backlog information: IOError: 
[2022-01-12 11:14:38,580 I 152290 152528] raylet_client.cc:336: Error reporting task backlog information: IOError: 
[2022-01-12 11:14:39,580 I 152290 152528] raylet_client.cc:336: Error reporting task backlog information: IOError: 
[2022-01-12 11:14:40,580 I 152290 152528] raylet_client.cc:336: Error reporting task backlog information: IOError: 
[2022-01-12 11:14:41,580 I 152290 152528] raylet_client.cc:336: Error reporting task backlog information: IOError: 
[2022-01-12 11:14:41,798 W 152290 152529] metric_exporter.cc:206: Export metrics to agent failed: IOError: . This won't affect Ray, but you can lose metrics from the cluster.
[2022-01-12 11:14:42,580 I 152290 152528] raylet_client.cc:336: Error reporting task backlog information: IOError: 
[2022-01-12 11:14:43,580 I 152290 152528] raylet_client.cc:336: Error reporting task backlog information: IOError: 
[2022-01-12 11:14:44,580 I 152290 152528] raylet_client.cc:336: Error reporting task backlog information: IOError: 
[2022-01-12 11:14:45,580 I 152290 152528] raylet_client.cc:336: Error reporting task backlog information: IOError: 
[2022-01-12 11:14:46,581 I 152290 152528] raylet_client.cc:336: Error reporting task backlog information: IOError: 
[2022-01-12 11:14:47,581 I 152290 152528] raylet_client.cc:336: Error reporting task backlog information: IOError: 
[2022-01-12 11:14:48,581 I 152290 152528] raylet_client.cc:336: Error reporting task backlog information: IOError: 
[2022-01-12 11:14:49,581 I 152290 152528] raylet_client.cc:336: Error reporting task backlog information: IOError: 
[2022-01-12 11:14:50,581 I 152290 152528] raylet_client.cc:336: Error reporting task backlog information: IOError: 
[2022-01-12 11:14:51,581 I 152290 152528] raylet_client.cc:336: Error reporting task backlog information: IOError: 
[2022-01-12 11:14:51,806 W 152290 152529] metric_exporter.cc:206: Export metrics to agent failed: IOError: . This won't affect Ray, but you can lose metrics from the cluster.
[2022-01-12 11:14:52,581 I 152290 152528] raylet_client.cc:336: Error reporting task backlog information: IOError: 
[2022-01-12 11:14:53,581 I 152290 152528] raylet_client.cc:336: Error reporting task backlog information: IOError: 
[2022-01-12 11:14:54,581 I 152290 152528] raylet_client.cc:336: Error reporting task backlog information: IOError: 
[2022-01-12 11:14:55,581 I 152290 152528] raylet_client.cc:336: Error reporting task backlog information: IOError: 
[2022-01-12 11:14:56,582 I 152290 152528] raylet_client.cc:336: Error reporting task backlog information: IOError: 
[2022-01-12 11:14:57,582 I 152290 152528] raylet_client.cc:336: Error reporting task backlog information: IOError: 
[2022-01-12 11:14:58,582 I 152290 152528] raylet_client.cc:336: Error reporting task backlog information: IOError: 
[2022-01-12 11:14:59,582 I 152290 152528] raylet_client.cc:336: Error reporting task backlog information: IOError: 
[2022-01-12 11:15:00,582 I 152290 152528] raylet_client.cc:336: Error reporting task backlog information: IOError: 
[2022-01-12 11:15:01,582 I 152290 152528] raylet_client.cc:336: Error reporting task backlog information: IOError: 
[2022-01-12 11:15:01,812 W 152290 152529] metric_exporter.cc:206: Export metrics to agent failed: IOError: . This won't affect Ray, but you can lose metrics from the cluster.
[2022-01-12 11:15:02,582 I 152290 152528] raylet_client.cc:336: Error reporting task backlog information: IOError: 
[2022-01-12 11:15:03,582 I 152290 152528] raylet_client.cc:336: Error reporting task backlog information: IOError: 
[2022-01-12 11:15:04,582 I 152290 152528] raylet_client.cc:336: Error reporting task backlog information: IOError: 
[2022-01-12 11:15:05,582 I 152290 152528] raylet_client.cc:336: Error reporting task backlog information: IOError: 
[2022-01-12 11:15:06,582 I 152290 152528] raylet_client.cc:336: Error reporting task backlog information: IOError: 
[2022-01-12 11:15:07,583 I 152290 152528] raylet_client.cc:336: Error reporting task backlog information: IOError: 
[2022-01-12 11:15:08,583 I 152290 152528] raylet_client.cc:336: Error reporting task backlog information: IOError: 
[2022-01-12 11:15:09,583 I 152290 152528] raylet_client.cc:336: Error reporting task backlog information: IOError: 
[2022-01-12 11:15:10,583 I 152290 152528] raylet_client.cc:336: Error reporting task backlog information: IOError: 
[2022-01-12 11:15:11,584 I 152290 152528] raylet_client.cc:336: Error reporting task backlog information: IOError: 
[2022-01-12 11:15:11,821 W 152290 152529] metric_exporter.cc:206: Export metrics to agent failed: IOError: . This won't affect Ray, but you can lose metrics from the cluster.
[2022-01-12 11:15:12,584 I 152290 152528] raylet_client.cc:336: Error reporting task backlog information: IOError: 
[2022-01-12 11:15:13,584 I 152290 152528] raylet_client.cc:336: Error reporting task backlog information: IOError: 
[2022-01-12 11:15:14,585 I 152290 152528] raylet_client.cc:336: Error reporting task backlog information: IOError: 
[2022-01-12 11:15:15,585 I 152290 152528] raylet_client.cc:336: Error reporting task backlog information: IOError: 
[2022-01-12 11:15:16,585 I 152290 152528] raylet_client.cc:336: Error reporting task backlog information: IOError: 
[2022-01-12 11:15:17,585 I 152290 152528] raylet_client.cc:336: Error reporting task backlog information: IOError: 
[2022-01-12 11:15:18,586 I 152290 152528] raylet_client.cc:336: Error reporting task backlog information: IOError: 
[2022-01-12 11:15:19,586 I 152290 152528] raylet_client.cc:336: Error reporting task backlog information: IOError: 
[2022-01-12 11:15:20,586 I 152290 152528] raylet_client.cc:336: Error reporting task backlog information: IOError: 
[2022-01-12 11:15:21,586 I 152290 152528] raylet_client.cc:336: Error reporting task backlog information: IOError: 
[2022-01-12 11:15:21,834 W 152290 152529] metric_exporter.cc:206: Export metrics to agent failed: IOError: . This won't affect Ray, but you can lose metrics from the cluster.
[2022-01-12 11:15:22,586 I 152290 152528] raylet_client.cc:336: Error reporting task backlog information: IOError: 
[2022-01-12 11:15:23,587 I 152290 152528] raylet_client.cc:336: Error reporting task backlog information: IOError: 
[2022-01-12 11:15:24,587 I 152290 152528] raylet_client.cc:336: Error reporting task backlog information: IOError: 
[2022-01-12 11:15:25,587 I 152290 152528] raylet_client.cc:336: Error reporting task backlog information: IOError: 
[2022-01-12 11:15:26,587 I 152290 152528] raylet_client.cc:336: Error reporting task backlog information: IOError: 
[2022-01-12 11:15:27,587 I 152290 152528] raylet_client.cc:336: Error reporting task backlog information: IOError: 
[2022-01-12 11:15:28,587 I 152290 152528] raylet_client.cc:336: Error reporting task backlog information: IOError: 
[2022-01-12 11:15:29,587 I 152290 152528] raylet_client.cc:336: Error reporting task backlog information: IOError: 
[2022-01-12 11:15:30,587 I 152290 152528] raylet_client.cc:336: Error reporting task backlog information: IOError: 
[2022-01-12 11:15:31,587 I 152290 152528] raylet_client.cc:336: Error reporting task backlog information: IOError: 
[2022-01-12 11:15:31,842 W 152290 152529] metric_exporter.cc:206: Export metrics to agent failed: IOError: . This won't affect Ray, but you can lose metrics from the cluster.
[2022-01-12 11:15:32,587 I 152290 152528] raylet_client.cc:336: Error reporting task backlog information: IOError: 
[2022-01-12 11:15:33,587 I 152290 152528] raylet_client.cc:336: Error reporting task backlog information: IOError: 
[2022-01-12 11:15:34,588 I 152290 152528] raylet_client.cc:336: Error reporting task backlog information: IOError: 
[2022-01-12 11:15:35,485 W 152290 152391] gcs_server_address_updater.cc:61: [301] Failed to get the gcs server address from raylet 301 times in a row. If it keeps failing to obtain the address, the worker might crash. Connection status IOError: 
[2022-01-12 11:15:35,588 I 152290 152528] raylet_client.cc:336: Error reporting task backlog information: IOError: 
[2022-01-12 11:15:36,588 I 152290 152528] raylet_client.cc:336: Error reporting task backlog information: IOError: 
[2022-01-12 11:15:37,588 I 152290 152528] raylet_client.cc:336: Error reporting task backlog information: IOError: 
[2022-01-12 11:15:38,588 I 152290 152528] raylet_client.cc:336: Error reporting task backlog information: IOError: 
[2022-01-12 11:15:39,588 I 152290 152528] raylet_client.cc:336: Error reporting task backlog information: IOError: 
[2022-01-12 11:15:40,588 I 152290 152528] raylet_client.cc:336: Error reporting task backlog information: IOError: 
[2022-01-12 11:15:41,588 I 152290 152528] raylet_client.cc:336: Error reporting task backlog information: IOError: 
[2022-01-12 11:15:41,849 W 152290 152529] metric_exporter.cc:206: Export metrics to agent failed: IOError: . This won't affect Ray, but you can lose metrics from the cluster.
[2022-01-12 11:15:42,588 I 152290 152528] raylet_client.cc:336: Error reporting task backlog information: IOError: 
[2022-01-12 11:15:43,588 I 152290 152528] raylet_client.cc:336: Error reporting task backlog information: IOError: 
[2022-01-12 11:15:44,588 I 152290 152528] raylet_client.cc:336: Error reporting task backlog information: IOError: 
[2022-01-12 11:15:45,588 I 152290 152528] raylet_client.cc:336: Error reporting task backlog information: IOError: 
[2022-01-12 11:15:46,589 I 152290 152528] raylet_client.cc:336: Error reporting task backlog information: IOError: 
[2022-01-12 11:15:47,589 I 152290 152528] raylet_client.cc:336: Error reporting task backlog information: IOError: 
[2022-01-12 11:15:48,589 I 152290 152528] raylet_client.cc:336: Error reporting task backlog information: IOError: 
[2022-01-12 11:15:49,589 I 152290 152528] raylet_client.cc:336: Error reporting task backlog information: IOError: 
[2022-01-12 11:15:50,589 I 152290 152528] raylet_client.cc:336: Error reporting task backlog information: IOError: 
[2022-01-12 11:15:51,589 I 152290 152528] raylet_client.cc:336: Error reporting task backlog information: IOError: 
[2022-01-12 11:15:51,856 W 152290 152529] metric_exporter.cc:206: Export metrics to agent failed: IOError: . This won't affect Ray, but you can lose metrics from the cluster.
[2022-01-12 11:15:52,589 I 152290 152528] raylet_client.cc:336: Error reporting task backlog information: IOError: 
[2022-01-12 11:15:53,589 I 152290 152528] raylet_client.cc:336: Error reporting task backlog information: IOError: 
[2022-01-12 11:15:54,589 I 152290 152528] raylet_client.cc:336: Error reporting task backlog information: IOError: 
[2022-01-12 11:15:55,589 I 152290 152528] raylet_client.cc:336: Error reporting task backlog information: IOError: 
[2022-01-12 11:15:56,589 I 152290 152528] raylet_client.cc:336: Error reporting task backlog information: IOError: 
[2022-01-12 11:15:57,589 I 152290 152528] raylet_client.cc:336: Error reporting task backlog information: IOError: 
[2022-01-12 11:15:58,590 I 152290 152528] raylet_client.cc:336: Error reporting task backlog information: IOError: 
[2022-01-12 11:15:59,590 I 152290 152528] raylet_client.cc:336: Error reporting task backlog information: IOError: 
[2022-01-12 11:16:00,590 I 152290 152528] raylet_client.cc:336: Error reporting task backlog information: IOError: 
[2022-01-12 11:16:01,590 I 152290 152528] raylet_client.cc:336: Error reporting task backlog information: IOError: 
[2022-01-12 11:16:01,862 W 152290 152529] metric_exporter.cc:206: Export metrics to agent failed: IOError: . This won't affect Ray, but you can lose metrics from the cluster.
[2022-01-12 11:16:02,590 I 152290 152528] raylet_client.cc:336: Error reporting task backlog information: IOError: 
[2022-01-12 11:16:03,590 I 152290 152528] raylet_client.cc:336: Error reporting task backlog information: IOError: 
[2022-01-12 11:16:04,590 I 152290 152528] raylet_client.cc:336: Error reporting task backlog information: IOError: 
[2022-01-12 11:16:05,590 I 152290 152528] raylet_client.cc:336: Error reporting task backlog information: IOError: 
[2022-01-12 11:16:06,590 I 152290 152528] raylet_client.cc:336: Error reporting task backlog information: IOError: 
[2022-01-12 11:16:07,590 I 152290 152528] raylet_client.cc:336: Error reporting task backlog information: IOError: 
[2022-01-12 11:16:08,590 I 152290 152528] raylet_client.cc:336: Error reporting task backlog information: IOError: 
[2022-01-12 11:16:09,590 I 152290 152528] raylet_client.cc:336: Error reporting task backlog information: IOError: 
[2022-01-12 11:16:10,591 I 152290 152528] raylet_client.cc:336: Error reporting task backlog information: IOError: 
[2022-01-12 11:16:11,591 I 152290 152528] raylet_client.cc:336: Error reporting task backlog information: IOError: 
[2022-01-12 11:16:11,870 W 152290 152529] metric_exporter.cc:206: Export metrics to agent failed: IOError: . This won't affect Ray, but you can lose metrics from the cluster.
[2022-01-12 11:16:12,591 I 152290 152528] raylet_client.cc:336: Error reporting task backlog information: IOError: 
[2022-01-12 11:16:13,591 I 152290 152528] raylet_client.cc:336: Error reporting task backlog information: IOError: 
[2022-01-12 11:16:14,591 I 152290 152528] raylet_client.cc:336: Error reporting task backlog information: IOError: 
[2022-01-12 11:16:15,591 I 152290 152528] raylet_client.cc:336: Error reporting task backlog information: IOError: 
[2022-01-12 11:16:16,591 I 152290 152528] raylet_client.cc:336: Error reporting task backlog information: IOError: 
[2022-01-12 11:16:17,591 I 152290 152528] raylet_client.cc:336: Error reporting task backlog information: IOError: 
[2022-01-12 11:16:18,591 I 152290 152528] raylet_client.cc:336: Error reporting task backlog information: IOError: 
[2022-01-12 11:16:19,591 I 152290 152528] raylet_client.cc:336: Error reporting task backlog information: IOError: 
[2022-01-12 11:16:20,591 I 152290 152528] raylet_client.cc:336: Error reporting task backlog information: IOError: 
[2022-01-12 11:16:21,591 I 152290 152528] raylet_client.cc:336: Error reporting task backlog information: IOError: 
[2022-01-12 11:16:21,876 W 152290 152529] metric_exporter.cc:206: Export metrics to agent failed: IOError: . This won't affect Ray, but you can lose metrics from the cluster.
[2022-01-12 11:16:22,591 I 152290 152528] raylet_client.cc:336: Error reporting task backlog information: IOError: 
[2022-01-12 11:16:23,592 I 152290 152528] raylet_client.cc:336: Error reporting task backlog information: IOError: 
[2022-01-12 11:16:24,592 I 152290 152528] raylet_client.cc:336: Error reporting task backlog information: IOError: 
[2022-01-12 11:16:25,592 I 152290 152528] raylet_client.cc:336: Error reporting task backlog information: IOError: 
[2022-01-12 11:16:26,592 I 152290 152528] raylet_client.cc:336: Error reporting task backlog information: IOError: 
[2022-01-12 11:16:27,592 I 152290 152528] raylet_client.cc:336: Error reporting task backlog information: IOError: 
[2022-01-12 11:16:28,592 I 152290 152528] raylet_client.cc:336: Error reporting task backlog information: IOError: 
[2022-01-12 11:16:29,592 I 152290 152528] raylet_client.cc:336: Error reporting task backlog information: IOError: 
[2022-01-12 11:16:30,592 I 152290 152528] raylet_client.cc:336: Error reporting task backlog information: IOError: 
[2022-01-12 11:16:31,592 I 152290 152528] raylet_client.cc:336: Error reporting task backlog information: IOError: 
[2022-01-12 11:16:31,883 W 152290 152529] metric_exporter.cc:206: Export metrics to agent failed: IOError: . This won't affect Ray, but you can lose metrics from the cluster.
[2022-01-12 11:16:32,592 I 152290 152528] raylet_client.cc:336: Error reporting task backlog information: IOError: 
[2022-01-12 11:16:33,592 I 152290 152528] raylet_client.cc:336: Error reporting task backlog information: IOError: 
[2022-01-12 11:16:34,593 I 152290 152528] raylet_client.cc:336: Error reporting task backlog information: IOError: 
[2022-01-12 11:16:35,593 I 152290 152528] raylet_client.cc:336: Error reporting task backlog information: IOError: 
[2022-01-12 11:16:36,593 I 152290 152528] raylet_client.cc:336: Error reporting task backlog information: IOError: 
[2022-01-12 11:16:37,593 I 152290 152528] raylet_client.cc:336: Error reporting task backlog information: IOError: 
[2022-01-12 11:16:38,593 I 152290 152528] raylet_client.cc:336: Error reporting task backlog information: IOError: 
[2022-01-12 11:16:39,593 I 152290 152528] raylet_client.cc:336: Error reporting task backlog information: IOError: 
[2022-01-12 11:16:40,593 I 152290 152528] raylet_client.cc:336: Error reporting task backlog information: IOError: 
[2022-01-12 11:16:41,593 I 152290 152528] raylet_client.cc:336: Error reporting task backlog information: IOError: 
[2022-01-12 11:16:41,889 W 152290 152529] metric_exporter.cc:206: Export metrics to agent failed: IOError: . This won't affect Ray, but you can lose metrics from the cluster.
[2022-01-12 11:16:42,593 I 152290 152528] raylet_client.cc:336: Error reporting task backlog information: IOError: 
[2022-01-12 11:16:43,593 I 152290 152528] raylet_client.cc:336: Error reporting task backlog information: IOError: 
[2022-01-12 11:16:44,593 I 152290 152528] raylet_client.cc:336: Error reporting task backlog information: IOError: 
[2022-01-12 11:16:45,593 I 152290 152528] raylet_client.cc:336: Error reporting task backlog information: IOError: 
[2022-01-12 11:16:46,593 I 152290 152528] raylet_client.cc:336: Error reporting task backlog information: IOError: 
[2022-01-12 11:16:47,594 I 152290 152528] raylet_client.cc:336: Error reporting task backlog information: IOError: 
[2022-01-12 11:16:48,594 I 152290 152528] raylet_client.cc:336: Error reporting task backlog information: IOError: 
[2022-01-12 11:16:49,594 I 152290 152528] raylet_client.cc:336: Error reporting task backlog information: IOError: 
[2022-01-12 11:16:50,594 I 152290 152528] raylet_client.cc:336: Error reporting task backlog information: IOError: 
[2022-01-12 11:16:51,594 I 152290 152528] raylet_client.cc:336: Error reporting task backlog information: IOError: 
[2022-01-12 11:16:51,896 W 152290 152529] metric_exporter.cc:206: Export metrics to agent failed: IOError: . This won't affect Ray, but you can lose metrics from the cluster.
[2022-01-12 11:16:52,594 I 152290 152528] raylet_client.cc:336: Error reporting task backlog information: IOError: 
[2022-01-12 11:16:53,594 I 152290 152528] raylet_client.cc:336: Error reporting task backlog information: IOError: 
[2022-01-12 11:16:54,594 I 152290 152528] raylet_client.cc:336: Error reporting task backlog information: IOError: 
[2022-01-12 11:16:55,594 I 152290 152528] raylet_client.cc:336: Error reporting task backlog information: IOError: 
[2022-01-12 11:16:56,594 I 152290 152528] raylet_client.cc:336: Error reporting task backlog information: IOError: 
[2022-01-12 11:16:57,594 I 152290 152528] raylet_client.cc:336: Error reporting task backlog information: IOError: 
[2022-01-12 11:16:58,595 I 152290 152528] raylet_client.cc:336: Error reporting task backlog information: IOError: 
[2022-01-12 11:16:59,595 I 152290 152528] raylet_client.cc:336: Error reporting task backlog information: IOError: 
[2022-01-12 11:17:00,595 I 152290 152528] raylet_client.cc:336: Error reporting task backlog information: IOError: 
[2022-01-12 11:17:01,595 I 152290 152528] raylet_client.cc:336: Error reporting task backlog information: IOError: 
[2022-01-12 11:17:01,902 W 152290 152529] metric_exporter.cc:206: Export metrics to agent failed: IOError: . This won't affect Ray, but you can lose metrics from the cluster.
[2022-01-12 11:17:02,595 I 152290 152528] raylet_client.cc:336: Error reporting task backlog information: IOError: 
[2022-01-12 11:17:03,595 I 152290 152528] raylet_client.cc:336: Error reporting task backlog information: IOError: 
[2022-01-12 11:17:04,595 I 152290 152528] raylet_client.cc:336: Error reporting task backlog information: IOError: 
[2022-01-12 11:17:05,595 I 152290 152528] raylet_client.cc:336: Error reporting task backlog information: IOError: 
[2022-01-12 11:17:06,595 I 152290 152528] raylet_client.cc:336: Error reporting task backlog information: IOError: 
[2022-01-12 11:17:07,595 I 152290 152528] raylet_client.cc:336: Error reporting task backlog information: IOError: 
[2022-01-12 11:17:08,595 I 152290 152528] raylet_client.cc:336: Error reporting task backlog information: IOError: 
[2022-01-12 11:17:09,595 I 152290 152528] raylet_client.cc:336: Error reporting task backlog information: IOError: 
[2022-01-12 11:17:10,596 I 152290 152528] raylet_client.cc:336: Error reporting task backlog information: IOError: 
[2022-01-12 11:17:11,596 I 152290 152528] raylet_client.cc:336: Error reporting task backlog information: IOError: 
[2022-01-12 11:17:11,908 W 152290 152529] metric_exporter.cc:206: Export metrics to agent failed: IOError: . This won't affect Ray, but you can lose metrics from the cluster.
[2022-01-12 11:17:12,596 I 152290 152528] raylet_client.cc:336: Error reporting task backlog information: IOError: 
[2022-01-12 11:17:13,596 I 152290 152528] raylet_client.cc:336: Error reporting task backlog information: IOError: 
[2022-01-12 11:17:14,596 I 152290 152528] raylet_client.cc:336: Error reporting task backlog information: IOError: 
[2022-01-12 11:17:15,596 I 152290 152528] raylet_client.cc:336: Error reporting task backlog information: IOError: 
[2022-01-12 11:17:16,596 I 152290 152528] raylet_client.cc:336: Error reporting task backlog information: IOError: 
[2022-01-12 11:17:17,596 I 152290 152528] raylet_client.cc:336: Error reporting task backlog information: IOError: 
[2022-01-12 11:17:18,596 I 152290 152528] raylet_client.cc:336: Error reporting task backlog information: IOError: 
[2022-01-12 11:17:19,596 I 152290 152528] raylet_client.cc:336: Error reporting task backlog information: IOError: 
[2022-01-12 11:17:20,596 I 152290 152528] raylet_client.cc:336: Error reporting task backlog information: IOError: 
[2022-01-12 11:17:21,596 I 152290 152528] raylet_client.cc:336: Error reporting task backlog information: IOError: 
[2022-01-12 11:17:21,915 W 152290 152529] metric_exporter.cc:206: Export metrics to agent failed: IOError: . This won't affect Ray, but you can lose metrics from the cluster.
[2022-01-12 11:17:22,596 I 152290 152528] raylet_client.cc:336: Error reporting task backlog information: IOError: 
[2022-01-12 11:17:23,596 I 152290 152528] raylet_client.cc:336: Error reporting task backlog information: IOError: 
[2022-01-12 11:17:24,597 I 152290 152528] raylet_client.cc:336: Error reporting task backlog information: IOError: 
[2022-01-12 11:17:25,597 I 152290 152528] raylet_client.cc:336: Error reporting task backlog information: IOError: 
[2022-01-12 11:17:26,597 I 152290 152528] raylet_client.cc:336: Error reporting task backlog information: IOError: 
[2022-01-12 11:17:27,597 I 152290 152528] raylet_client.cc:336: Error reporting task backlog information: IOError: 
[2022-01-12 11:17:28,597 I 152290 152528] raylet_client.cc:336: Error reporting task backlog information: IOError: 
[2022-01-12 11:17:29,597 I 152290 152528] raylet_client.cc:336: Error reporting task backlog information: IOError: 
[2022-01-12 11:17:30,597 I 152290 152528] raylet_client.cc:336: Error reporting task backlog information: IOError: 
[2022-01-12 11:17:31,597 I 152290 152528] raylet_client.cc:336: Error reporting task backlog information: IOError: 
[2022-01-12 11:17:31,922 W 152290 152529] metric_exporter.cc:206: Export metrics to agent failed: IOError: . This won't affect Ray, but you can lose metrics from the cluster.
[2022-01-12 11:17:32,597 I 152290 152528] raylet_client.cc:336: Error reporting task backlog information: IOError: 
[2022-01-12 11:17:33,597 I 152290 152528] raylet_client.cc:336: Error reporting task backlog information: IOError: 
[2022-01-12 11:17:34,597 I 152290 152528] raylet_client.cc:336: Error reporting task backlog information: IOError: 
[2022-01-12 11:17:35,597 I 152290 152528] raylet_client.cc:336: Error reporting task backlog information: IOError: 
[2022-01-12 11:17:36,598 I 152290 152528] raylet_client.cc:336: Error reporting task backlog information: IOError: 
[2022-01-12 11:17:37,598 I 152290 152528] raylet_client.cc:336: Error reporting task backlog information: IOError: 
[2022-01-12 11:17:38,598 I 152290 152528] raylet_client.cc:336: Error reporting task backlog information: IOError: 
[2022-01-12 11:17:39,598 I 152290 152528] raylet_client.cc:336: Error reporting task backlog information: IOError: 
[2022-01-12 11:17:40,598 I 152290 152528] raylet_client.cc:336: Error reporting task backlog information: IOError: 
[2022-01-12 11:17:41,598 I 152290 152528] raylet_client.cc:336: Error reporting task backlog information: IOError: 
[2022-01-12 11:17:41,929 W 152290 152529] metric_exporter.cc:206: Export metrics to agent failed: IOError: . This won't affect Ray, but you can lose metrics from the cluster.
[2022-01-12 11:17:42,598 I 152290 152528] raylet_client.cc:336: Error reporting task backlog information: IOError: 
[2022-01-12 11:17:43,598 I 152290 152528] raylet_client.cc:336: Error reporting task backlog information: IOError: 
[2022-01-12 11:17:44,598 I 152290 152528] raylet_client.cc:336: Error reporting task backlog information: IOError: 
[2022-01-12 11:17:45,598 I 152290 152528] raylet_client.cc:336: Error reporting task backlog information: IOError: 
[2022-01-12 11:17:46,598 I 152290 152528] raylet_client.cc:336: Error reporting task backlog information: IOError: 
[2022-01-12 11:17:47,598 I 152290 152528] raylet_client.cc:336: Error reporting task backlog information: IOError: 
[2022-01-12 11:17:48,598 I 152290 152528] raylet_client.cc:336: Error reporting task backlog information: IOError: 
[2022-01-12 11:17:49,599 I 152290 152528] raylet_client.cc:336: Error reporting task backlog information: IOError: 
[2022-01-12 11:17:50,599 I 152290 152528] raylet_client.cc:336: Error reporting task backlog information: IOError: 
[2022-01-12 11:17:51,599 I 152290 152528] raylet_client.cc:336: Error reporting task backlog information: IOError: 
[2022-01-12 11:17:51,936 W 152290 152529] metric_exporter.cc:206: Export metrics to agent failed: IOError: . This won't affect Ray, but you can lose metrics from the cluster.
[2022-01-12 11:17:52,599 I 152290 152528] raylet_client.cc:336: Error reporting task backlog information: IOError: 
[2022-01-12 11:17:53,599 I 152290 152528] raylet_client.cc:336: Error reporting task backlog information: IOError: 
[2022-01-12 11:17:54,599 I 152290 152528] raylet_client.cc:336: Error reporting task backlog information: IOError: 
[2022-01-12 11:17:55,599 I 152290 152528] raylet_client.cc:336: Error reporting task backlog information: IOError: 
[2022-01-12 11:17:56,599 I 152290 152528] raylet_client.cc:336: Error reporting task backlog information: IOError: 
[2022-01-12 11:17:57,599 I 152290 152528] raylet_client.cc:336: Error reporting task backlog information: IOError: 
[2022-01-12 11:17:58,599 I 152290 152528] raylet_client.cc:336: Error reporting task backlog information: IOError: 
[2022-01-12 11:17:59,599 I 152290 152528] raylet_client.cc:336: Error reporting task backlog information: IOError: 
[2022-01-12 11:18:00,600 I 152290 152528] raylet_client.cc:336: Error reporting task backlog information: IOError: 
[2022-01-12 11:18:01,600 I 152290 152528] raylet_client.cc:336: Error reporting task backlog information: IOError: 
[2022-01-12 11:18:01,943 W 152290 152529] metric_exporter.cc:206: Export metrics to agent failed: IOError: . This won't affect Ray, but you can lose metrics from the cluster.
[2022-01-12 11:18:02,600 I 152290 152528] raylet_client.cc:336: Error reporting task backlog information: IOError: 
[2022-01-12 11:18:03,600 I 152290 152528] raylet_client.cc:336: Error reporting task backlog information: IOError: 
[2022-01-12 11:18:04,600 I 152290 152528] raylet_client.cc:336: Error reporting task backlog information: IOError: 
[2022-01-12 11:18:05,600 I 152290 152528] raylet_client.cc:336: Error reporting task backlog information: IOError: 
[2022-01-12 11:18:06,600 I 152290 152528] raylet_client.cc:336: Error reporting task backlog information: IOError: 
[2022-01-12 11:18:07,600 I 152290 152528] raylet_client.cc:336: Error reporting task backlog information: IOError: 
[2022-01-12 11:18:08,600 I 152290 152528] raylet_client.cc:336: Error reporting task backlog information: IOError: 
[2022-01-12 11:18:09,600 I 152290 152528] raylet_client.cc:336: Error reporting task backlog information: IOError: 
[2022-01-12 11:18:10,600 I 152290 152528] raylet_client.cc:336: Error reporting task backlog information: IOError: 
[2022-01-12 11:18:11,600 I 152290 152528] raylet_client.cc:336: Error reporting task backlog information: IOError: 
[2022-01-12 11:18:11,950 W 152290 152529] metric_exporter.cc:206: Export metrics to agent failed: IOError: . This won't affect Ray, but you can lose metrics from the cluster.
[2022-01-12 11:18:12,600 I 152290 152528] raylet_client.cc:336: Error reporting task backlog information: IOError: 
[2022-01-12 11:18:13,601 I 152290 152528] raylet_client.cc:336: Error reporting task backlog information: IOError: 
[2022-01-12 11:18:14,601 I 152290 152528] raylet_client.cc:336: Error reporting task backlog information: IOError: 
[2022-01-12 11:18:15,601 I 152290 152528] raylet_client.cc:336: Error reporting task backlog information: IOError: 
[2022-01-12 11:18:16,601 I 152290 152528] raylet_client.cc:336: Error reporting task backlog information: IOError: 
[2022-01-12 11:18:17,601 I 152290 152528] raylet_client.cc:336: Error reporting task backlog information: IOError: 
[2022-01-12 11:18:18,601 I 152290 152528] raylet_client.cc:336: Error reporting task backlog information: IOError: 
[2022-01-12 11:18:19,601 I 152290 152528] raylet_client.cc:336: Error reporting task backlog information: IOError: 
[2022-01-12 11:18:20,601 I 152290 152528] raylet_client.cc:336: Error reporting task backlog information: IOError: 
[2022-01-12 11:18:21,601 I 152290 152528] raylet_client.cc:336: Error reporting task backlog information: IOError: 
[2022-01-12 11:18:21,957 W 152290 152529] metric_exporter.cc:206: Export metrics to agent failed: IOError: . This won't affect Ray, but you can lose metrics from the cluster.
[2022-01-12 11:18:22,601 I 152290 152528] raylet_client.cc:336: Error reporting task backlog information: IOError: 
[2022-01-12 11:18:23,601 I 152290 152528] raylet_client.cc:336: Error reporting task backlog information: IOError: 
[2022-01-12 11:18:24,601 I 152290 152528] raylet_client.cc:336: Error reporting task backlog information: IOError: 
[2022-01-12 11:18:25,601 I 152290 152528] raylet_client.cc:336: Error reporting task backlog information: IOError: 
[2022-01-12 11:18:26,602 I 152290 152528] raylet_client.cc:336: Error reporting task backlog information: IOError: 
[2022-01-12 11:18:27,602 I 152290 152528] raylet_client.cc:336: Error reporting task backlog information: IOError: 
[2022-01-12 11:18:28,602 I 152290 152528] raylet_client.cc:336: Error reporting task backlog information: IOError: 
[2022-01-12 11:18:29,602 I 152290 152528] raylet_client.cc:336: Error reporting task backlog information: IOError: 
[2022-01-12 11:18:30,602 I 152290 152528] raylet_client.cc:336: Error reporting task backlog information: IOError: 
[2022-01-12 11:18:31,602 I 152290 152528] raylet_client.cc:336: Error reporting task backlog information: IOError: 
[2022-01-12 11:18:31,964 W 152290 152529] metric_exporter.cc:206: Export metrics to agent failed: IOError: . This won't affect Ray, but you can lose metrics from the cluster.
[2022-01-12 11:18:32,602 I 152290 152528] raylet_client.cc:336: Error reporting task backlog information: IOError: 
[2022-01-12 11:18:33,602 I 152290 152528] raylet_client.cc:336: Error reporting task backlog information: IOError: 
[2022-01-12 11:18:34,602 I 152290 152528] raylet_client.cc:336: Error reporting task backlog information: IOError: 
[2022-01-12 11:18:35,602 I 152290 152528] raylet_client.cc:336: Error reporting task backlog information: IOError: 
[2022-01-12 11:18:36,602 I 152290 152528] raylet_client.cc:336: Error reporting task backlog information: IOError: 
[2022-01-12 11:18:37,602 I 152290 152528] raylet_client.cc:336: Error reporting task backlog information: IOError: 
[2022-01-12 11:18:38,603 I 152290 152528] raylet_client.cc:336: Error reporting task backlog information: IOError: 
[2022-01-12 11:18:39,603 I 152290 152528] raylet_client.cc:336: Error reporting task backlog information: IOError: 
[2022-01-12 11:18:40,603 I 152290 152528] raylet_client.cc:336: Error reporting task backlog information: IOError: 
[2022-01-12 11:18:41,603 I 152290 152528] raylet_client.cc:336: Error reporting task backlog information: IOError: 
[2022-01-12 11:18:41,973 W 152290 152529] metric_exporter.cc:206: Export metrics to agent failed: IOError: . This won't affect Ray, but you can lose metrics from the cluster.
[2022-01-12 11:18:42,604 I 152290 152528] raylet_client.cc:336: Error reporting task backlog information: IOError: 
[2022-01-12 11:18:43,604 I 152290 152528] raylet_client.cc:336: Error reporting task backlog information: IOError: 
[2022-01-12 11:18:44,604 I 152290 152528] raylet_client.cc:336: Error reporting task backlog information: IOError: 
[2022-01-12 11:18:45,604 I 152290 152528] raylet_client.cc:336: Error reporting task backlog information: IOError: 
[2022-01-12 11:18:46,604 I 152290 152528] raylet_client.cc:336: Error reporting task backlog information: IOError: 
[2022-01-12 11:18:47,605 I 152290 152528] raylet_client.cc:336: Error reporting task backlog information: IOError: 
[2022-01-12 11:18:48,605 I 152290 152528] raylet_client.cc:336: Error reporting task backlog information: IOError: 
[2022-01-12 11:18:49,605 I 152290 152528] raylet_client.cc:336: Error reporting task backlog information: IOError: 
[2022-01-12 11:18:50,606 I 152290 152528] raylet_client.cc:336: Error reporting task backlog information: IOError: 
[2022-01-12 11:18:51,606 I 152290 152528] raylet_client.cc:336: Error reporting task backlog information: IOError: 
[2022-01-12 11:18:51,985 W 152290 152529] metric_exporter.cc:206: Export metrics to agent failed: IOError: . This won't affect Ray, but you can lose metrics from the cluster.
[2022-01-12 11:18:52,606 I 152290 152528] raylet_client.cc:336: Error reporting task backlog information: IOError: 
[2022-01-12 11:18:53,606 I 152290 152528] raylet_client.cc:336: Error reporting task backlog information: IOError: 
[2022-01-12 11:18:54,606 I 152290 152528] raylet_client.cc:336: Error reporting task backlog information: IOError: 
[2022-01-12 11:18:55,606 I 152290 152528] raylet_client.cc:336: Error reporting task backlog information: IOError: 
[2022-01-12 11:18:56,606 I 152290 152528] raylet_client.cc:336: Error reporting task backlog information: IOError: 
[2022-01-12 11:18:57,606 I 152290 152528] raylet_client.cc:336: Error reporting task backlog information: IOError: 
[2022-01-12 11:18:58,606 I 152290 152528] raylet_client.cc:336: Error reporting task backlog information: IOError: 
[2022-01-12 11:18:59,607 I 152290 152528] raylet_client.cc:336: Error reporting task backlog information: IOError: 
[2022-01-12 11:19:00,607 I 152290 152528] raylet_client.cc:336: Error reporting task backlog information: IOError: 
[2022-01-12 11:19:01,607 I 152290 152528] raylet_client.cc:336: Error reporting task backlog information: IOError: 
[2022-01-12 11:19:01,992 W 152290 152529] metric_exporter.cc:206: Export metrics to agent failed: IOError: . This won't affect Ray, but you can lose metrics from the cluster.
[2022-01-12 11:19:02,607 I 152290 152528] raylet_client.cc:336: Error reporting task backlog information: IOError: 
[2022-01-12 11:19:03,607 I 152290 152528] raylet_client.cc:336: Error reporting task backlog information: IOError: 
[2022-01-12 11:19:04,607 I 152290 152528] raylet_client.cc:336: Error reporting task backlog information: IOError: 
[2022-01-12 11:19:05,607 I 152290 152528] raylet_client.cc:336: Error reporting task backlog information: IOError: 
[2022-01-12 11:19:06,607 I 152290 152528] raylet_client.cc:336: Error reporting task backlog information: IOError: 
[2022-01-12 11:19:07,607 I 152290 152528] raylet_client.cc:336: Error reporting task backlog information: IOError: 
[2022-01-12 11:19:08,607 I 152290 152528] raylet_client.cc:336: Error reporting task backlog information: IOError: 
[2022-01-12 11:19:09,607 I 152290 152528] raylet_client.cc:336: Error reporting task backlog information: IOError: 
[2022-01-12 11:19:10,607 I 152290 152528] raylet_client.cc:336: Error reporting task backlog information: IOError: 
[2022-01-12 11:19:11,608 I 152290 152528] raylet_client.cc:336: Error reporting task backlog information: IOError: 
[2022-01-12 11:19:12,000 W 152290 152529] metric_exporter.cc:206: Export metrics to agent failed: IOError: . This won't affect Ray, but you can lose metrics from the cluster.
[2022-01-12 11:19:12,608 I 152290 152528] raylet_client.cc:336: Error reporting task backlog information: IOError: 
[2022-01-12 11:19:13,608 I 152290 152528] raylet_client.cc:336: Error reporting task backlog information: IOError: 
[2022-01-12 11:19:14,608 I 152290 152528] raylet_client.cc:336: Error reporting task backlog information: IOError: 
[2022-01-12 11:19:15,608 I 152290 152528] raylet_client.cc:336: Error reporting task backlog information: IOError: 
[2022-01-12 11:19:16,609 I 152290 152528] raylet_client.cc:336: Error reporting task backlog information: IOError: 
[2022-01-12 11:19:17,609 I 152290 152528] raylet_client.cc:336: Error reporting task backlog information: IOError: 
[2022-01-12 11:19:18,609 I 152290 152528] raylet_client.cc:336: Error reporting task backlog information: IOError: 
[2022-01-12 11:19:19,609 I 152290 152528] raylet_client.cc:336: Error reporting task backlog information: IOError: 
[2022-01-12 11:19:20,610 I 152290 152528] raylet_client.cc:336: Error reporting task backlog information: IOError: 
[2022-01-12 11:19:21,610 I 152290 152528] raylet_client.cc:336: Error reporting task backlog information: IOError: 
[2022-01-12 11:19:22,014 W 152290 152529] metric_exporter.cc:206: Export metrics to agent failed: IOError: . This won't affect Ray, but you can lose metrics from the cluster.
[2022-01-12 11:19:22,610 I 152290 152528] raylet_client.cc:336: Error reporting task backlog information: IOError: 
[2022-01-12 11:19:23,611 I 152290 152528] raylet_client.cc:336: Error reporting task backlog information: IOError: 
[2022-01-12 11:19:24,611 I 152290 152528] raylet_client.cc:336: Error reporting task backlog information: IOError: 
[2022-01-12 11:19:25,611 I 152290 152528] raylet_client.cc:336: Error reporting task backlog information: IOError: 
[2022-01-12 11:19:26,612 I 152290 152528] raylet_client.cc:336: Error reporting task backlog information: IOError: 
[2022-01-12 11:19:27,612 I 152290 152528] raylet_client.cc:336: Error reporting task backlog information: IOError: 
[2022-01-12 11:19:28,612 I 152290 152528] raylet_client.cc:336: Error reporting task backlog information: IOError: 
[2022-01-12 11:19:29,612 I 152290 152528] raylet_client.cc:336: Error reporting task backlog information: IOError: 
[2022-01-12 11:19:30,613 I 152290 152528] raylet_client.cc:336: Error reporting task backlog information: IOError: 
[2022-01-12 11:19:31,613 I 152290 152528] raylet_client.cc:336: Error reporting task backlog information: IOError: 
[2022-01-12 11:19:32,030 W 152290 152529] metric_exporter.cc:206: Export metrics to agent failed: IOError: . This won't affect Ray, but you can lose metrics from the cluster.
[2022-01-12 11:19:32,613 I 152290 152528] raylet_client.cc:336: Error reporting task backlog information: IOError: 
[2022-01-12 11:19:33,613 I 152290 152528] raylet_client.cc:336: Error reporting task backlog information: IOError: 
[2022-01-12 11:19:34,613 I 152290 152528] raylet_client.cc:336: Error reporting task backlog information: IOError: 
[2022-01-12 11:19:35,614 I 152290 152528] raylet_client.cc:336: Error reporting task backlog information: IOError: 
[2022-01-12 11:19:36,614 I 152290 152528] raylet_client.cc:336: Error reporting task backlog information: IOError: 
[2022-01-12 11:19:37,614 I 152290 152528] raylet_client.cc:336: Error reporting task backlog information: IOError: 
[2022-01-12 11:19:38,615 I 152290 152528] raylet_client.cc:336: Error reporting task backlog information: IOError: 
[2022-01-12 11:19:39,615 I 152290 152528] raylet_client.cc:336: Error reporting task backlog information: IOError: 
[2022-01-12 11:19:40,615 I 152290 152528] raylet_client.cc:336: Error reporting task backlog information: IOError: 
[2022-01-12 11:19:41,615 I 152290 152528] raylet_client.cc:336: Error reporting task backlog information: IOError: 
[2022-01-12 11:19:42,047 W 152290 152529] metric_exporter.cc:206: Export metrics to agent failed: IOError: . This won't affect Ray, but you can lose metrics from the cluster.
[2022-01-12 11:19:42,616 I 152290 152528] raylet_client.cc:336: Error reporting task backlog information: IOError: 
[2022-01-12 11:19:43,616 I 152290 152528] raylet_client.cc:336: Error reporting task backlog information: IOError: 
[2022-01-12 11:19:44,616 I 152290 152528] raylet_client.cc:336: Error reporting task backlog information: IOError: 
[2022-01-12 11:19:45,616 I 152290 152528] raylet_client.cc:336: Error reporting task backlog information: IOError: 
[2022-01-12 11:19:46,616 I 152290 152528] raylet_client.cc:336: Error reporting task backlog information: IOError: 
[2022-01-12 11:19:47,617 I 152290 152528] raylet_client.cc:336: Error reporting task backlog information: IOError: 
[2022-01-12 11:19:48,617 I 152290 152528] raylet_client.cc:336: Error reporting task backlog information: IOError: 
[2022-01-12 11:19:49,618 I 152290 152528] raylet_client.cc:336: Error reporting task backlog information: IOError: 
[2022-01-12 11:19:50,618 I 152290 152528] raylet_client.cc:336: Error reporting task backlog information: IOError: 
[2022-01-12 11:19:51,618 I 152290 152528] raylet_client.cc:336: Error reporting task backlog information: IOError: 
[2022-01-12 11:19:52,063 W 152290 152529] metric_exporter.cc:206: Export metrics to agent failed: IOError: . This won't affect Ray, but you can lose metrics from the cluster.
[2022-01-12 11:19:52,618 I 152290 152528] raylet_client.cc:336: Error reporting task backlog information: IOError: 
[2022-01-12 11:19:53,618 I 152290 152528] raylet_client.cc:336: Error reporting task backlog information: IOError: 
[2022-01-12 11:19:54,619 I 152290 152528] raylet_client.cc:336: Error reporting task backlog information: IOError: 
[2022-01-12 11:19:55,619 I 152290 152528] raylet_client.cc:336: Error reporting task backlog information: IOError: 
[2022-01-12 11:19:56,619 I 152290 152528] raylet_client.cc:336: Error reporting task backlog information: IOError: 
[2022-01-12 11:19:57,619 I 152290 152528] raylet_client.cc:336: Error reporting task backlog information: IOError: 
[2022-01-12 11:19:58,619 I 152290 152528] raylet_client.cc:336: Error reporting task backlog information: IOError: 
[2022-01-12 11:19:59,620 I 152290 152528] raylet_client.cc:336: Error reporting task backlog information: IOError: 
[2022-01-12 11:20:00,620 I 152290 152528] raylet_client.cc:336: Error reporting task backlog information: IOError: 
[2022-01-12 11:20:01,620 I 152290 152528] raylet_client.cc:336: Error reporting task backlog information: IOError: 
[2022-01-12 11:20:02,075 W 152290 152529] metric_exporter.cc:206: Export metrics to agent failed: IOError: . This won't affect Ray, but you can lose metrics from the cluster.
[2022-01-12 11:20:02,620 I 152290 152528] raylet_client.cc:336: Error reporting task backlog information: IOError: 
[2022-01-12 11:20:03,621 I 152290 152528] raylet_client.cc:336: Error reporting task backlog information: IOError: 
[2022-01-12 11:20:04,621 I 152290 152528] raylet_client.cc:336: Error reporting task backlog information: IOError: 
[2022-01-12 11:20:05,621 I 152290 152528] raylet_client.cc:336: Error reporting task backlog information: IOError: 
[2022-01-12 11:20:06,621 I 152290 152528] raylet_client.cc:336: Error reporting task backlog information: IOError: 
[2022-01-12 11:20:07,621 I 152290 152528] raylet_client.cc:336: Error reporting task backlog information: IOError: 
[2022-01-12 11:20:08,621 I 152290 152528] raylet_client.cc:336: Error reporting task backlog information: IOError: 
[2022-01-12 11:20:09,622 I 152290 152528] raylet_client.cc:336: Error reporting task backlog information: IOError: 
[2022-01-12 11:20:10,622 I 152290 152528] raylet_client.cc:336: Error reporting task backlog information: IOError: 
[2022-01-12 11:20:11,622 I 152290 152528] raylet_client.cc:336: Error reporting task backlog information: IOError: 
[2022-01-12 11:20:12,089 W 152290 152529] metric_exporter.cc:206: Export metrics to agent failed: IOError: . This won't affect Ray, but you can lose metrics from the cluster.
[2022-01-12 11:20:12,623 I 152290 152528] raylet_client.cc:336: Error reporting task backlog information: IOError: 
[2022-01-12 11:20:13,623 I 152290 152528] raylet_client.cc:336: Error reporting task backlog information: IOError: 
[2022-01-12 11:20:14,623 I 152290 152528] raylet_client.cc:336: Error reporting task backlog information: IOError: 
[2022-01-12 11:20:15,624 I 152290 152528] raylet_client.cc:336: Error reporting task backlog information: IOError: 
[2022-01-12 11:20:16,624 I 152290 152528] raylet_client.cc:336: Error reporting task backlog information: IOError: 
[2022-01-12 11:20:17,624 I 152290 152528] raylet_client.cc:336: Error reporting task backlog information: IOError: 
[2022-01-12 11:20:18,624 I 152290 152528] raylet_client.cc:336: Error reporting task backlog information: IOError: 
[2022-01-12 11:20:19,625 I 152290 152528] raylet_client.cc:336: Error reporting task backlog information: IOError: 
[2022-01-12 11:20:20,625 I 152290 152528] raylet_client.cc:336: Error reporting task backlog information: IOError: 
[2022-01-12 11:20:21,625 I 152290 152528] raylet_client.cc:336: Error reporting task backlog information: IOError: 
[2022-01-12 11:20:22,104 W 152290 152529] metric_exporter.cc:206: Export metrics to agent failed: IOError: . This won't affect Ray, but you can lose metrics from the cluster.
[2022-01-12 11:20:22,625 I 152290 152528] raylet_client.cc:336: Error reporting task backlog information: IOError: 
[2022-01-12 11:20:23,626 I 152290 152528] raylet_client.cc:336: Error reporting task backlog information: IOError: 
[2022-01-12 11:20:24,626 I 152290 152528] raylet_client.cc:336: Error reporting task backlog information: IOError: 
[2022-01-12 11:20:25,626 I 152290 152528] raylet_client.cc:336: Error reporting task backlog information: IOError: 
[2022-01-12 11:20:26,626 I 152290 152528] raylet_client.cc:336: Error reporting task backlog information: IOError: 
[2022-01-12 11:20:27,627 I 152290 152528] raylet_client.cc:336: Error reporting task backlog information: IOError: 
[2022-01-12 11:20:28,627 I 152290 152528] raylet_client.cc:336: Error reporting task backlog information: IOError: 
[2022-01-12 11:20:29,628 I 152290 152528] raylet_client.cc:336: Error reporting task backlog information: IOError: 
[2022-01-12 11:20:30,628 I 152290 152528] raylet_client.cc:336: Error reporting task backlog information: IOError: 
[2022-01-12 11:20:31,628 I 152290 152528] raylet_client.cc:336: Error reporting task backlog information: IOError: 
[2022-01-12 11:20:32,120 W 152290 152529] metric_exporter.cc:206: Export metrics to agent failed: IOError: . This won't affect Ray, but you can lose metrics from the cluster.
[2022-01-12 11:20:32,628 I 152290 152528] raylet_client.cc:336: Error reporting task backlog information: IOError: 
[2022-01-12 11:20:33,628 I 152290 152528] raylet_client.cc:336: Error reporting task backlog information: IOError: 
[2022-01-12 11:20:34,526 E 152290 152391] gcs_server_address_updater.cc:76: Failed to receive the GCS address for 600 times without success. The worker will exit ungracefully. It is because GCS has died. It could be because there was an issue that kills GCS, such as high memory usage triggering OOM killer to kill GCS. Cluster will be highly likely unavailable if you see this log. Please check the log from gcs_server.err.
