[2022-01-10 14:18:25,881 I 18208 18208] core_worker.cc:132: Constructing CoreWorkerProcess. pid: 18208
[2022-01-10 14:18:25,985 I 18208 18208] grpc_server.cc:112: worker server started, listening on port 34777.
[2022-01-10 14:18:25,988 I 18208 18208] core_worker.cc:479: Initializing worker at address: 131.215.21.210:34777, worker ID 6ca25c64bdbe779f5d8c0761581d1883f7b6c9537cb0561dae230c1f, raylet 24c366475d779cef9de1c54864d352d80d7ba808c9c42caa790226c7
[2022-01-10 14:18:26,098 I 18208 18208] io_service_pool.cc:35: IOServicePool is running with 1 io_service.
[2022-01-10 14:18:26,140 I 18208 18472] accessor.cc:560: Received notification for node id = 24c366475d779cef9de1c54864d352d80d7ba808c9c42caa790226c7, IsAlive = 1
[2022-01-10 14:18:36,001 W 18208 18338] gcs_server_address_updater.cc:61: [1] Failed to get the gcs server address from raylet 1 times in a row. If it keeps failing to obtain the address, the worker might crash. Connection status IOError: 
[2022-01-10 14:18:37,000 I 18208 18472] raylet_client.cc:336: Error reporting task backlog information: IOError: 
[2022-01-10 14:18:37,101 I 18208 18472] raylet_client.cc:336: Error reporting task backlog information: IOError: 
[2022-01-10 14:18:38,101 I 18208 18472] raylet_client.cc:336: Error reporting task backlog information: IOError: 
[2022-01-10 14:18:39,101 I 18208 18472] raylet_client.cc:336: Error reporting task backlog information: IOError: 
[2022-01-10 14:18:40,101 I 18208 18472] raylet_client.cc:336: Error reporting task backlog information: IOError: 
[2022-01-10 14:18:41,102 I 18208 18472] raylet_client.cc:336: Error reporting task backlog information: IOError: 
[2022-01-10 14:18:42,102 I 18208 18472] raylet_client.cc:336: Error reporting task backlog information: IOError: 
[2022-01-10 14:18:43,102 I 18208 18472] raylet_client.cc:336: Error reporting task backlog information: IOError: 
[2022-01-10 14:18:44,102 I 18208 18472] raylet_client.cc:336: Error reporting task backlog information: IOError: 
[2022-01-10 14:18:45,103 I 18208 18472] raylet_client.cc:336: Error reporting task backlog information: IOError: 
[2022-01-10 14:18:46,103 I 18208 18472] raylet_client.cc:336: Error reporting task backlog information: IOError: 
[2022-01-10 14:18:46,120 W 18208 18473] metric_exporter.cc:206: Export metrics to agent failed: IOError: . This won't affect Ray, but you can lose metrics from the cluster.
[2022-01-10 14:18:47,103 I 18208 18472] raylet_client.cc:336: Error reporting task backlog information: IOError: 
[2022-01-10 14:18:48,103 I 18208 18472] raylet_client.cc:336: Error reporting task backlog information: IOError: 
[2022-01-10 14:18:49,103 I 18208 18472] raylet_client.cc:336: Error reporting task backlog information: IOError: 
[2022-01-10 14:18:50,104 I 18208 18472] raylet_client.cc:336: Error reporting task backlog information: IOError: 
[2022-01-10 14:18:51,104 I 18208 18472] raylet_client.cc:336: Error reporting task backlog information: IOError: 
[2022-01-10 14:18:52,104 I 18208 18472] raylet_client.cc:336: Error reporting task backlog information: IOError: 
[2022-01-10 14:18:53,104 I 18208 18472] raylet_client.cc:336: Error reporting task backlog information: IOError: 
[2022-01-10 14:18:54,104 I 18208 18472] raylet_client.cc:336: Error reporting task backlog information: IOError: 
[2022-01-10 14:18:55,105 I 18208 18472] raylet_client.cc:336: Error reporting task backlog information: IOError: 
[2022-01-10 14:18:56,105 I 18208 18472] raylet_client.cc:336: Error reporting task backlog information: IOError: 
[2022-01-10 14:18:56,132 W 18208 18473] metric_exporter.cc:206: Export metrics to agent failed: IOError: . This won't affect Ray, but you can lose metrics from the cluster.
[2022-01-10 14:18:57,105 I 18208 18472] raylet_client.cc:336: Error reporting task backlog information: IOError: 
[2022-01-10 14:18:58,105 I 18208 18472] raylet_client.cc:336: Error reporting task backlog information: IOError: 
[2022-01-10 14:18:59,105 I 18208 18472] raylet_client.cc:336: Error reporting task backlog information: IOError: 
[2022-01-10 14:19:00,106 I 18208 18472] raylet_client.cc:336: Error reporting task backlog information: IOError: 
[2022-01-10 14:19:01,106 I 18208 18472] raylet_client.cc:336: Error reporting task backlog information: IOError: 
[2022-01-10 14:19:02,106 I 18208 18472] raylet_client.cc:336: Error reporting task backlog information: IOError: 
[2022-01-10 14:19:03,106 I 18208 18472] raylet_client.cc:336: Error reporting task backlog information: IOError: 
[2022-01-10 14:19:04,107 I 18208 18472] raylet_client.cc:336: Error reporting task backlog information: IOError: 
[2022-01-10 14:19:05,107 I 18208 18472] raylet_client.cc:336: Error reporting task backlog information: IOError: 
[2022-01-10 14:19:06,107 I 18208 18472] raylet_client.cc:336: Error reporting task backlog information: IOError: 
[2022-01-10 14:19:06,145 W 18208 18473] metric_exporter.cc:206: Export metrics to agent failed: IOError: . This won't affect Ray, but you can lose metrics from the cluster.
[2022-01-10 14:19:07,107 I 18208 18472] raylet_client.cc:336: Error reporting task backlog information: IOError: 
[2022-01-10 14:19:08,108 I 18208 18472] raylet_client.cc:336: Error reporting task backlog information: IOError: 
[2022-01-10 14:19:09,108 I 18208 18472] raylet_client.cc:336: Error reporting task backlog information: IOError: 
[2022-01-10 14:19:10,108 I 18208 18472] raylet_client.cc:336: Error reporting task backlog information: IOError: 
[2022-01-10 14:19:11,108 I 18208 18472] raylet_client.cc:336: Error reporting task backlog information: IOError: 
[2022-01-10 14:19:12,108 I 18208 18472] raylet_client.cc:336: Error reporting task backlog information: IOError: 
[2022-01-10 14:19:13,109 I 18208 18472] raylet_client.cc:336: Error reporting task backlog information: IOError: 
[2022-01-10 14:19:14,109 I 18208 18472] raylet_client.cc:336: Error reporting task backlog information: IOError: 
[2022-01-10 14:19:15,109 I 18208 18472] raylet_client.cc:336: Error reporting task backlog information: IOError: 
[2022-01-10 14:19:16,109 I 18208 18472] raylet_client.cc:336: Error reporting task backlog information: IOError: 
[2022-01-10 14:19:16,157 W 18208 18473] metric_exporter.cc:206: Export metrics to agent failed: IOError: . This won't affect Ray, but you can lose metrics from the cluster.
[2022-01-10 14:19:17,110 I 18208 18472] raylet_client.cc:336: Error reporting task backlog information: IOError: 
[2022-01-10 14:19:18,110 I 18208 18472] raylet_client.cc:336: Error reporting task backlog information: IOError: 
[2022-01-10 14:19:19,110 I 18208 18472] raylet_client.cc:336: Error reporting task backlog information: IOError: 
[2022-01-10 14:19:20,110 I 18208 18472] raylet_client.cc:336: Error reporting task backlog information: IOError: 
[2022-01-10 14:19:21,110 I 18208 18472] raylet_client.cc:336: Error reporting task backlog information: IOError: 
[2022-01-10 14:19:22,111 I 18208 18472] raylet_client.cc:336: Error reporting task backlog information: IOError: 
[2022-01-10 14:19:23,111 I 18208 18472] raylet_client.cc:336: Error reporting task backlog information: IOError: 
[2022-01-10 14:19:24,111 I 18208 18472] raylet_client.cc:336: Error reporting task backlog information: IOError: 
[2022-01-10 14:19:25,111 I 18208 18472] raylet_client.cc:336: Error reporting task backlog information: IOError: 
[2022-01-10 14:19:26,111 I 18208 18472] raylet_client.cc:336: Error reporting task backlog information: IOError: 
[2022-01-10 14:19:26,170 W 18208 18473] metric_exporter.cc:206: Export metrics to agent failed: IOError: . This won't affect Ray, but you can lose metrics from the cluster.
[2022-01-10 14:19:27,111 I 18208 18472] raylet_client.cc:336: Error reporting task backlog information: IOError: 
[2022-01-10 14:19:28,111 I 18208 18472] raylet_client.cc:336: Error reporting task backlog information: IOError: 
[2022-01-10 14:19:29,112 I 18208 18472] raylet_client.cc:336: Error reporting task backlog information: IOError: 
[2022-01-10 14:19:30,112 I 18208 18472] raylet_client.cc:336: Error reporting task backlog information: IOError: 
[2022-01-10 14:19:31,112 I 18208 18472] raylet_client.cc:336: Error reporting task backlog information: IOError: 
[2022-01-10 14:19:32,112 I 18208 18472] raylet_client.cc:336: Error reporting task backlog information: IOError: 
[2022-01-10 14:19:33,112 I 18208 18472] raylet_client.cc:336: Error reporting task backlog information: IOError: 
[2022-01-10 14:19:34,112 I 18208 18472] raylet_client.cc:336: Error reporting task backlog information: IOError: 
[2022-01-10 14:19:35,112 I 18208 18472] raylet_client.cc:336: Error reporting task backlog information: IOError: 
[2022-01-10 14:19:36,113 I 18208 18472] raylet_client.cc:336: Error reporting task backlog information: IOError: 
[2022-01-10 14:19:36,179 W 18208 18473] metric_exporter.cc:206: Export metrics to agent failed: IOError: . This won't affect Ray, but you can lose metrics from the cluster.
[2022-01-10 14:19:37,113 I 18208 18472] raylet_client.cc:336: Error reporting task backlog information: IOError: 
[2022-01-10 14:19:38,113 I 18208 18472] raylet_client.cc:336: Error reporting task backlog information: IOError: 
[2022-01-10 14:19:39,113 I 18208 18472] raylet_client.cc:336: Error reporting task backlog information: IOError: 
[2022-01-10 14:19:40,113 I 18208 18472] raylet_client.cc:336: Error reporting task backlog information: IOError: 
[2022-01-10 14:19:41,113 I 18208 18472] raylet_client.cc:336: Error reporting task backlog information: IOError: 
[2022-01-10 14:19:42,113 I 18208 18472] raylet_client.cc:336: Error reporting task backlog information: IOError: 
[2022-01-10 14:19:43,114 I 18208 18472] raylet_client.cc:336: Error reporting task backlog information: IOError: 
[2022-01-10 14:19:44,114 I 18208 18472] raylet_client.cc:336: Error reporting task backlog information: IOError: 
[2022-01-10 14:19:45,114 I 18208 18472] raylet_client.cc:336: Error reporting task backlog information: IOError: 
[2022-01-10 14:19:46,114 I 18208 18472] raylet_client.cc:336: Error reporting task backlog information: IOError: 
[2022-01-10 14:19:46,188 W 18208 18473] metric_exporter.cc:206: Export metrics to agent failed: IOError: . This won't affect Ray, but you can lose metrics from the cluster.
[2022-01-10 14:19:47,114 I 18208 18472] raylet_client.cc:336: Error reporting task backlog information: IOError: 
[2022-01-10 14:19:48,114 I 18208 18472] raylet_client.cc:336: Error reporting task backlog information: IOError: 
[2022-01-10 14:19:49,114 I 18208 18472] raylet_client.cc:336: Error reporting task backlog information: IOError: 
[2022-01-10 14:19:50,115 I 18208 18472] raylet_client.cc:336: Error reporting task backlog information: IOError: 
[2022-01-10 14:19:51,115 I 18208 18472] raylet_client.cc:336: Error reporting task backlog information: IOError: 
[2022-01-10 14:19:52,115 I 18208 18472] raylet_client.cc:336: Error reporting task backlog information: IOError: 
[2022-01-10 14:19:53,115 I 18208 18472] raylet_client.cc:336: Error reporting task backlog information: IOError: 
[2022-01-10 14:19:54,115 I 18208 18472] raylet_client.cc:336: Error reporting task backlog information: IOError: 
[2022-01-10 14:19:55,115 I 18208 18472] raylet_client.cc:336: Error reporting task backlog information: IOError: 
[2022-01-10 14:19:56,116 I 18208 18472] raylet_client.cc:336: Error reporting task backlog information: IOError: 
[2022-01-10 14:19:56,199 W 18208 18473] metric_exporter.cc:206: Export metrics to agent failed: IOError: . This won't affect Ray, but you can lose metrics from the cluster.
[2022-01-10 14:19:57,116 I 18208 18472] raylet_client.cc:336: Error reporting task backlog information: IOError: 
[2022-01-10 14:19:58,116 I 18208 18472] raylet_client.cc:336: Error reporting task backlog information: IOError: 
[2022-01-10 14:19:59,116 I 18208 18472] raylet_client.cc:336: Error reporting task backlog information: IOError: 
[2022-01-10 14:20:00,116 I 18208 18472] raylet_client.cc:336: Error reporting task backlog information: IOError: 
[2022-01-10 14:20:01,116 I 18208 18472] raylet_client.cc:336: Error reporting task backlog information: IOError: 
[2022-01-10 14:20:02,116 I 18208 18472] raylet_client.cc:336: Error reporting task backlog information: IOError: 
[2022-01-10 14:20:03,117 I 18208 18472] raylet_client.cc:336: Error reporting task backlog information: IOError: 
[2022-01-10 14:20:04,117 I 18208 18472] raylet_client.cc:336: Error reporting task backlog information: IOError: 
[2022-01-10 14:20:05,117 I 18208 18472] raylet_client.cc:336: Error reporting task backlog information: IOError: 
[2022-01-10 14:20:06,117 I 18208 18472] raylet_client.cc:336: Error reporting task backlog information: IOError: 
[2022-01-10 14:20:06,209 W 18208 18473] metric_exporter.cc:206: Export metrics to agent failed: IOError: . This won't affect Ray, but you can lose metrics from the cluster.
[2022-01-10 14:20:07,117 I 18208 18472] raylet_client.cc:336: Error reporting task backlog information: IOError: 
[2022-01-10 14:20:08,118 I 18208 18472] raylet_client.cc:336: Error reporting task backlog information: IOError: 
[2022-01-10 14:20:09,118 I 18208 18472] raylet_client.cc:336: Error reporting task backlog information: IOError: 
[2022-01-10 14:20:10,118 I 18208 18472] raylet_client.cc:336: Error reporting task backlog information: IOError: 
[2022-01-10 14:20:11,118 I 18208 18472] raylet_client.cc:336: Error reporting task backlog information: IOError: 
[2022-01-10 14:20:12,118 I 18208 18472] raylet_client.cc:336: Error reporting task backlog information: IOError: 
[2022-01-10 14:20:13,119 I 18208 18472] raylet_client.cc:336: Error reporting task backlog information: IOError: 
[2022-01-10 14:20:14,118 I 18208 18472] raylet_client.cc:336: Error reporting task backlog information: IOError: 
[2022-01-10 14:20:15,119 I 18208 18472] raylet_client.cc:336: Error reporting task backlog information: IOError: 
[2022-01-10 14:20:16,119 I 18208 18472] raylet_client.cc:336: Error reporting task backlog information: IOError: 
[2022-01-10 14:20:16,221 W 18208 18473] metric_exporter.cc:206: Export metrics to agent failed: IOError: . This won't affect Ray, but you can lose metrics from the cluster.
[2022-01-10 14:20:17,119 I 18208 18472] raylet_client.cc:336: Error reporting task backlog information: IOError: 
[2022-01-10 14:20:18,119 I 18208 18472] raylet_client.cc:336: Error reporting task backlog information: IOError: 
[2022-01-10 14:20:19,120 I 18208 18472] raylet_client.cc:336: Error reporting task backlog information: IOError: 
[2022-01-10 14:20:20,120 I 18208 18472] raylet_client.cc:336: Error reporting task backlog information: IOError: 
[2022-01-10 14:20:21,120 I 18208 18472] raylet_client.cc:336: Error reporting task backlog information: IOError: 
[2022-01-10 14:20:22,120 I 18208 18472] raylet_client.cc:336: Error reporting task backlog information: IOError: 
[2022-01-10 14:20:23,120 I 18208 18472] raylet_client.cc:336: Error reporting task backlog information: IOError: 
[2022-01-10 14:20:24,121 I 18208 18472] raylet_client.cc:336: Error reporting task backlog information: IOError: 
[2022-01-10 14:20:25,121 I 18208 18472] raylet_client.cc:336: Error reporting task backlog information: IOError: 
[2022-01-10 14:20:26,121 I 18208 18472] raylet_client.cc:336: Error reporting task backlog information: IOError: 
[2022-01-10 14:20:26,232 W 18208 18473] metric_exporter.cc:206: Export metrics to agent failed: IOError: . This won't affect Ray, but you can lose metrics from the cluster.
[2022-01-10 14:20:27,121 I 18208 18472] raylet_client.cc:336: Error reporting task backlog information: IOError: 
[2022-01-10 14:20:28,122 I 18208 18472] raylet_client.cc:336: Error reporting task backlog information: IOError: 
[2022-01-10 14:20:29,122 I 18208 18472] raylet_client.cc:336: Error reporting task backlog information: IOError: 
[2022-01-10 14:20:30,122 I 18208 18472] raylet_client.cc:336: Error reporting task backlog information: IOError: 
[2022-01-10 14:20:31,122 I 18208 18472] raylet_client.cc:336: Error reporting task backlog information: IOError: 
[2022-01-10 14:20:32,123 I 18208 18472] raylet_client.cc:336: Error reporting task backlog information: IOError: 
[2022-01-10 14:20:33,123 I 18208 18472] raylet_client.cc:336: Error reporting task backlog information: IOError: 
[2022-01-10 14:20:34,123 I 18208 18472] raylet_client.cc:336: Error reporting task backlog information: IOError: 
[2022-01-10 14:20:35,123 I 18208 18472] raylet_client.cc:336: Error reporting task backlog information: IOError: 
[2022-01-10 14:20:36,124 I 18208 18472] raylet_client.cc:336: Error reporting task backlog information: IOError: 
[2022-01-10 14:20:36,244 W 18208 18473] metric_exporter.cc:206: Export metrics to agent failed: IOError: . This won't affect Ray, but you can lose metrics from the cluster.
[2022-01-10 14:20:37,124 I 18208 18472] raylet_client.cc:336: Error reporting task backlog information: IOError: 
[2022-01-10 14:20:38,124 I 18208 18472] raylet_client.cc:336: Error reporting task backlog information: IOError: 
[2022-01-10 14:20:39,124 I 18208 18472] raylet_client.cc:336: Error reporting task backlog information: IOError: 
[2022-01-10 14:20:40,125 I 18208 18472] raylet_client.cc:336: Error reporting task backlog information: IOError: 
[2022-01-10 14:20:41,125 I 18208 18472] raylet_client.cc:336: Error reporting task backlog information: IOError: 
[2022-01-10 14:20:42,125 I 18208 18472] raylet_client.cc:336: Error reporting task backlog information: IOError: 
[2022-01-10 14:20:43,125 I 18208 18472] raylet_client.cc:336: Error reporting task backlog information: IOError: 
[2022-01-10 14:20:44,126 I 18208 18472] raylet_client.cc:336: Error reporting task backlog information: IOError: 
[2022-01-10 14:20:45,126 I 18208 18472] raylet_client.cc:336: Error reporting task backlog information: IOError: 
[2022-01-10 14:20:46,126 I 18208 18472] raylet_client.cc:336: Error reporting task backlog information: IOError: 
[2022-01-10 14:20:46,255 W 18208 18473] metric_exporter.cc:206: Export metrics to agent failed: IOError: . This won't affect Ray, but you can lose metrics from the cluster.
[2022-01-10 14:20:47,126 I 18208 18472] raylet_client.cc:336: Error reporting task backlog information: IOError: 
[2022-01-10 14:20:48,126 I 18208 18472] raylet_client.cc:336: Error reporting task backlog information: IOError: 
[2022-01-10 14:20:49,127 I 18208 18472] raylet_client.cc:336: Error reporting task backlog information: IOError: 
[2022-01-10 14:20:50,127 I 18208 18472] raylet_client.cc:336: Error reporting task backlog information: IOError: 
[2022-01-10 14:20:51,127 I 18208 18472] raylet_client.cc:336: Error reporting task backlog information: IOError: 
[2022-01-10 14:20:52,128 I 18208 18472] raylet_client.cc:336: Error reporting task backlog information: IOError: 
[2022-01-10 14:20:53,128 I 18208 18472] raylet_client.cc:336: Error reporting task backlog information: IOError: 
[2022-01-10 14:20:54,128 I 18208 18472] raylet_client.cc:336: Error reporting task backlog information: IOError: 
[2022-01-10 14:20:55,128 I 18208 18472] raylet_client.cc:336: Error reporting task backlog information: IOError: 
[2022-01-10 14:20:56,128 I 18208 18472] raylet_client.cc:336: Error reporting task backlog information: IOError: 
[2022-01-10 14:20:56,269 W 18208 18473] metric_exporter.cc:206: Export metrics to agent failed: IOError: . This won't affect Ray, but you can lose metrics from the cluster.
[2022-01-10 14:20:57,129 I 18208 18472] raylet_client.cc:336: Error reporting task backlog information: IOError: 
[2022-01-10 14:20:58,129 I 18208 18472] raylet_client.cc:336: Error reporting task backlog information: IOError: 
[2022-01-10 14:20:59,129 I 18208 18472] raylet_client.cc:336: Error reporting task backlog information: IOError: 
[2022-01-10 14:21:00,129 I 18208 18472] raylet_client.cc:336: Error reporting task backlog information: IOError: 
[2022-01-10 14:21:01,130 I 18208 18472] raylet_client.cc:336: Error reporting task backlog information: IOError: 
[2022-01-10 14:21:02,130 I 18208 18472] raylet_client.cc:336: Error reporting task backlog information: IOError: 
[2022-01-10 14:21:03,130 I 18208 18472] raylet_client.cc:336: Error reporting task backlog information: IOError: 
[2022-01-10 14:21:04,130 I 18208 18472] raylet_client.cc:336: Error reporting task backlog information: IOError: 
[2022-01-10 14:21:05,131 I 18208 18472] raylet_client.cc:336: Error reporting task backlog information: IOError: 
[2022-01-10 14:21:06,131 I 18208 18472] raylet_client.cc:336: Error reporting task backlog information: IOError: 
[2022-01-10 14:21:06,282 W 18208 18473] metric_exporter.cc:206: Export metrics to agent failed: IOError: . This won't affect Ray, but you can lose metrics from the cluster.
[2022-01-10 14:21:07,131 I 18208 18472] raylet_client.cc:336: Error reporting task backlog information: IOError: 
[2022-01-10 14:21:08,131 I 18208 18472] raylet_client.cc:336: Error reporting task backlog information: IOError: 
[2022-01-10 14:21:09,132 I 18208 18472] raylet_client.cc:336: Error reporting task backlog information: IOError: 
[2022-01-10 14:21:10,132 I 18208 18472] raylet_client.cc:336: Error reporting task backlog information: IOError: 
[2022-01-10 14:21:11,132 I 18208 18472] raylet_client.cc:336: Error reporting task backlog information: IOError: 
[2022-01-10 14:21:12,132 I 18208 18472] raylet_client.cc:336: Error reporting task backlog information: IOError: 
[2022-01-10 14:21:13,133 I 18208 18472] raylet_client.cc:336: Error reporting task backlog information: IOError: 
[2022-01-10 14:21:14,133 I 18208 18472] raylet_client.cc:336: Error reporting task backlog information: IOError: 
[2022-01-10 14:21:15,133 I 18208 18472] raylet_client.cc:336: Error reporting task backlog information: IOError: 
[2022-01-10 14:21:16,133 I 18208 18472] raylet_client.cc:336: Error reporting task backlog information: IOError: 
[2022-01-10 14:21:16,295 W 18208 18473] metric_exporter.cc:206: Export metrics to agent failed: IOError: . This won't affect Ray, but you can lose metrics from the cluster.
[2022-01-10 14:21:17,134 I 18208 18472] raylet_client.cc:336: Error reporting task backlog information: IOError: 
[2022-01-10 14:21:18,134 I 18208 18472] raylet_client.cc:336: Error reporting task backlog information: IOError: 
[2022-01-10 14:21:19,134 I 18208 18472] raylet_client.cc:336: Error reporting task backlog information: IOError: 
[2022-01-10 14:21:20,134 I 18208 18472] raylet_client.cc:336: Error reporting task backlog information: IOError: 
[2022-01-10 14:21:21,135 I 18208 18472] raylet_client.cc:336: Error reporting task backlog information: IOError: 
[2022-01-10 14:21:22,135 I 18208 18472] raylet_client.cc:336: Error reporting task backlog information: IOError: 
[2022-01-10 14:21:23,135 I 18208 18472] raylet_client.cc:336: Error reporting task backlog information: IOError: 
[2022-01-10 14:21:24,136 I 18208 18472] raylet_client.cc:336: Error reporting task backlog information: IOError: 
[2022-01-10 14:21:25,136 I 18208 18472] raylet_client.cc:336: Error reporting task backlog information: IOError: 
[2022-01-10 14:21:26,136 I 18208 18472] raylet_client.cc:336: Error reporting task backlog information: IOError: 
[2022-01-10 14:21:26,307 W 18208 18473] metric_exporter.cc:206: Export metrics to agent failed: IOError: . This won't affect Ray, but you can lose metrics from the cluster.
[2022-01-10 14:21:27,136 I 18208 18472] raylet_client.cc:336: Error reporting task backlog information: IOError: 
[2022-01-10 14:21:28,137 I 18208 18472] raylet_client.cc:336: Error reporting task backlog information: IOError: 
[2022-01-10 14:21:29,137 I 18208 18472] raylet_client.cc:336: Error reporting task backlog information: IOError: 
[2022-01-10 14:21:30,137 I 18208 18472] raylet_client.cc:336: Error reporting task backlog information: IOError: 
[2022-01-10 14:21:31,138 I 18208 18472] raylet_client.cc:336: Error reporting task backlog information: IOError: 
[2022-01-10 14:21:32,138 I 18208 18472] raylet_client.cc:336: Error reporting task backlog information: IOError: 
[2022-01-10 14:21:33,138 I 18208 18472] raylet_client.cc:336: Error reporting task backlog information: IOError: 
[2022-01-10 14:21:34,139 I 18208 18472] raylet_client.cc:336: Error reporting task backlog information: IOError: 
[2022-01-10 14:21:35,139 I 18208 18472] raylet_client.cc:336: Error reporting task backlog information: IOError: 
[2022-01-10 14:21:36,139 I 18208 18472] raylet_client.cc:336: Error reporting task backlog information: IOError: 
[2022-01-10 14:21:36,320 W 18208 18473] metric_exporter.cc:206: Export metrics to agent failed: IOError: . This won't affect Ray, but you can lose metrics from the cluster.
[2022-01-10 14:21:37,140 I 18208 18472] raylet_client.cc:336: Error reporting task backlog information: IOError: 
[2022-01-10 14:21:38,140 I 18208 18472] raylet_client.cc:336: Error reporting task backlog information: IOError: 
[2022-01-10 14:21:39,140 I 18208 18472] raylet_client.cc:336: Error reporting task backlog information: IOError: 
[2022-01-10 14:21:40,141 I 18208 18472] raylet_client.cc:336: Error reporting task backlog information: IOError: 
[2022-01-10 14:21:41,141 I 18208 18472] raylet_client.cc:336: Error reporting task backlog information: IOError: 
[2022-01-10 14:21:42,141 I 18208 18472] raylet_client.cc:336: Error reporting task backlog information: IOError: 
[2022-01-10 14:21:43,142 I 18208 18472] raylet_client.cc:336: Error reporting task backlog information: IOError: 
[2022-01-10 14:21:44,142 I 18208 18472] raylet_client.cc:336: Error reporting task backlog information: IOError: 
[2022-01-10 14:21:45,142 I 18208 18472] raylet_client.cc:336: Error reporting task backlog information: IOError: 
[2022-01-10 14:21:46,142 I 18208 18472] raylet_client.cc:336: Error reporting task backlog information: IOError: 
[2022-01-10 14:21:46,333 W 18208 18473] metric_exporter.cc:206: Export metrics to agent failed: IOError: . This won't affect Ray, but you can lose metrics from the cluster.
[2022-01-10 14:21:47,143 I 18208 18472] raylet_client.cc:336: Error reporting task backlog information: IOError: 
[2022-01-10 14:21:48,143 I 18208 18472] raylet_client.cc:336: Error reporting task backlog information: IOError: 
[2022-01-10 14:21:49,143 I 18208 18472] raylet_client.cc:336: Error reporting task backlog information: IOError: 
[2022-01-10 14:21:50,144 I 18208 18472] raylet_client.cc:336: Error reporting task backlog information: IOError: 
[2022-01-10 14:21:51,144 I 18208 18472] raylet_client.cc:336: Error reporting task backlog information: IOError: 
[2022-01-10 14:21:52,144 I 18208 18472] raylet_client.cc:336: Error reporting task backlog information: IOError: 
[2022-01-10 14:21:53,144 I 18208 18472] raylet_client.cc:336: Error reporting task backlog information: IOError: 
[2022-01-10 14:21:54,145 I 18208 18472] raylet_client.cc:336: Error reporting task backlog information: IOError: 
[2022-01-10 14:21:55,145 I 18208 18472] raylet_client.cc:336: Error reporting task backlog information: IOError: 
[2022-01-10 14:21:56,145 I 18208 18472] raylet_client.cc:336: Error reporting task backlog information: IOError: 
[2022-01-10 14:21:56,346 W 18208 18473] metric_exporter.cc:206: Export metrics to agent failed: IOError: . This won't affect Ray, but you can lose metrics from the cluster.
[2022-01-10 14:21:57,146 I 18208 18472] raylet_client.cc:336: Error reporting task backlog information: IOError: 
[2022-01-10 14:21:58,146 I 18208 18472] raylet_client.cc:336: Error reporting task backlog information: IOError: 
[2022-01-10 14:21:59,146 I 18208 18472] raylet_client.cc:336: Error reporting task backlog information: IOError: 
[2022-01-10 14:22:00,147 I 18208 18472] raylet_client.cc:336: Error reporting task backlog information: IOError: 
[2022-01-10 14:22:01,147 I 18208 18472] raylet_client.cc:336: Error reporting task backlog information: IOError: 
[2022-01-10 14:22:02,147 I 18208 18472] raylet_client.cc:336: Error reporting task backlog information: IOError: 
[2022-01-10 14:22:03,147 I 18208 18472] raylet_client.cc:336: Error reporting task backlog information: IOError: 
[2022-01-10 14:22:04,148 I 18208 18472] raylet_client.cc:336: Error reporting task backlog information: IOError: 
[2022-01-10 14:22:05,148 I 18208 18472] raylet_client.cc:336: Error reporting task backlog information: IOError: 
[2022-01-10 14:22:06,148 I 18208 18472] raylet_client.cc:336: Error reporting task backlog information: IOError: 
[2022-01-10 14:22:06,359 W 18208 18473] metric_exporter.cc:206: Export metrics to agent failed: IOError: . This won't affect Ray, but you can lose metrics from the cluster.
[2022-01-10 14:22:07,148 I 18208 18472] raylet_client.cc:336: Error reporting task backlog information: IOError: 
[2022-01-10 14:22:08,149 I 18208 18472] raylet_client.cc:336: Error reporting task backlog information: IOError: 
[2022-01-10 14:22:09,149 I 18208 18472] raylet_client.cc:336: Error reporting task backlog information: IOError: 
[2022-01-10 14:22:10,149 I 18208 18472] raylet_client.cc:336: Error reporting task backlog information: IOError: 
[2022-01-10 14:22:11,150 I 18208 18472] raylet_client.cc:336: Error reporting task backlog information: IOError: 
[2022-01-10 14:22:12,150 I 18208 18472] raylet_client.cc:336: Error reporting task backlog information: IOError: 
[2022-01-10 14:22:13,150 I 18208 18472] raylet_client.cc:336: Error reporting task backlog information: IOError: 
[2022-01-10 14:22:14,151 I 18208 18472] raylet_client.cc:336: Error reporting task backlog information: IOError: 
[2022-01-10 14:22:15,151 I 18208 18472] raylet_client.cc:336: Error reporting task backlog information: IOError: 
[2022-01-10 14:22:16,151 I 18208 18472] raylet_client.cc:336: Error reporting task backlog information: IOError: 
[2022-01-10 14:22:16,371 W 18208 18473] metric_exporter.cc:206: Export metrics to agent failed: IOError: . This won't affect Ray, but you can lose metrics from the cluster.
[2022-01-10 14:22:17,151 I 18208 18472] raylet_client.cc:336: Error reporting task backlog information: IOError: 
[2022-01-10 14:22:18,152 I 18208 18472] raylet_client.cc:336: Error reporting task backlog information: IOError: 
[2022-01-10 14:22:19,152 I 18208 18472] raylet_client.cc:336: Error reporting task backlog information: IOError: 
[2022-01-10 14:22:20,152 I 18208 18472] raylet_client.cc:336: Error reporting task backlog information: IOError: 
[2022-01-10 14:22:21,152 I 18208 18472] raylet_client.cc:336: Error reporting task backlog information: IOError: 
[2022-01-10 14:22:22,153 I 18208 18472] raylet_client.cc:336: Error reporting task backlog information: IOError: 
[2022-01-10 14:22:23,153 I 18208 18472] raylet_client.cc:336: Error reporting task backlog information: IOError: 
[2022-01-10 14:22:24,153 I 18208 18472] raylet_client.cc:336: Error reporting task backlog information: IOError: 
[2022-01-10 14:22:25,154 I 18208 18472] raylet_client.cc:336: Error reporting task backlog information: IOError: 
[2022-01-10 14:22:26,154 I 18208 18472] raylet_client.cc:336: Error reporting task backlog information: IOError: 
[2022-01-10 14:22:26,384 W 18208 18473] metric_exporter.cc:206: Export metrics to agent failed: IOError: . This won't affect Ray, but you can lose metrics from the cluster.
[2022-01-10 14:22:27,154 I 18208 18472] raylet_client.cc:336: Error reporting task backlog information: IOError: 
[2022-01-10 14:22:28,154 I 18208 18472] raylet_client.cc:336: Error reporting task backlog information: IOError: 
[2022-01-10 14:22:29,155 I 18208 18472] raylet_client.cc:336: Error reporting task backlog information: IOError: 
[2022-01-10 14:22:30,155 I 18208 18472] raylet_client.cc:336: Error reporting task backlog information: IOError: 
[2022-01-10 14:22:31,155 I 18208 18472] raylet_client.cc:336: Error reporting task backlog information: IOError: 
[2022-01-10 14:22:32,156 I 18208 18472] raylet_client.cc:336: Error reporting task backlog information: IOError: 
[2022-01-10 14:22:33,156 I 18208 18472] raylet_client.cc:336: Error reporting task backlog information: IOError: 
[2022-01-10 14:22:34,156 I 18208 18472] raylet_client.cc:336: Error reporting task backlog information: IOError: 
[2022-01-10 14:22:35,156 I 18208 18472] raylet_client.cc:336: Error reporting task backlog information: IOError: 
[2022-01-10 14:22:36,157 I 18208 18472] raylet_client.cc:336: Error reporting task backlog information: IOError: 
[2022-01-10 14:22:36,396 W 18208 18473] metric_exporter.cc:206: Export metrics to agent failed: IOError: . This won't affect Ray, but you can lose metrics from the cluster.
[2022-01-10 14:22:37,157 I 18208 18472] raylet_client.cc:336: Error reporting task backlog information: IOError: 
[2022-01-10 14:22:38,157 I 18208 18472] raylet_client.cc:336: Error reporting task backlog information: IOError: 
[2022-01-10 14:22:39,158 I 18208 18472] raylet_client.cc:336: Error reporting task backlog information: IOError: 
[2022-01-10 14:22:40,158 I 18208 18472] raylet_client.cc:336: Error reporting task backlog information: IOError: 
[2022-01-10 14:22:41,159 I 18208 18472] raylet_client.cc:336: Error reporting task backlog information: IOError: 
[2022-01-10 14:22:42,159 I 18208 18472] raylet_client.cc:336: Error reporting task backlog information: IOError: 
[2022-01-10 14:22:43,159 I 18208 18472] raylet_client.cc:336: Error reporting task backlog information: IOError: 
[2022-01-10 14:22:44,159 I 18208 18472] raylet_client.cc:336: Error reporting task backlog information: IOError: 
[2022-01-10 14:22:45,160 I 18208 18472] raylet_client.cc:336: Error reporting task backlog information: IOError: 
[2022-01-10 14:22:46,160 I 18208 18472] raylet_client.cc:336: Error reporting task backlog information: IOError: 
[2022-01-10 14:22:46,409 W 18208 18473] metric_exporter.cc:206: Export metrics to agent failed: IOError: . This won't affect Ray, but you can lose metrics from the cluster.
[2022-01-10 14:22:47,160 I 18208 18472] raylet_client.cc:336: Error reporting task backlog information: IOError: 
[2022-01-10 14:22:48,161 I 18208 18472] raylet_client.cc:336: Error reporting task backlog information: IOError: 
[2022-01-10 14:22:49,161 I 18208 18472] raylet_client.cc:336: Error reporting task backlog information: IOError: 
[2022-01-10 14:22:50,161 I 18208 18472] raylet_client.cc:336: Error reporting task backlog information: IOError: 
[2022-01-10 14:22:51,162 I 18208 18472] raylet_client.cc:336: Error reporting task backlog information: IOError: 
[2022-01-10 14:22:52,162 I 18208 18472] raylet_client.cc:336: Error reporting task backlog information: IOError: 
[2022-01-10 14:22:53,162 I 18208 18472] raylet_client.cc:336: Error reporting task backlog information: IOError: 
[2022-01-10 14:22:54,162 I 18208 18472] raylet_client.cc:336: Error reporting task backlog information: IOError: 
[2022-01-10 14:22:55,163 I 18208 18472] raylet_client.cc:336: Error reporting task backlog information: IOError: 
[2022-01-10 14:22:56,163 I 18208 18472] raylet_client.cc:336: Error reporting task backlog information: IOError: 
[2022-01-10 14:22:56,421 W 18208 18473] metric_exporter.cc:206: Export metrics to agent failed: IOError: . This won't affect Ray, but you can lose metrics from the cluster.
[2022-01-10 14:22:57,163 I 18208 18472] raylet_client.cc:336: Error reporting task backlog information: IOError: 
[2022-01-10 14:22:58,164 I 18208 18472] raylet_client.cc:336: Error reporting task backlog information: IOError: 
[2022-01-10 14:22:59,164 I 18208 18472] raylet_client.cc:336: Error reporting task backlog information: IOError: 
[2022-01-10 14:23:00,164 I 18208 18472] raylet_client.cc:336: Error reporting task backlog information: IOError: 
[2022-01-10 14:23:01,164 I 18208 18472] raylet_client.cc:336: Error reporting task backlog information: IOError: 
[2022-01-10 14:23:02,165 I 18208 18472] raylet_client.cc:336: Error reporting task backlog information: IOError: 
[2022-01-10 14:23:03,165 I 18208 18472] raylet_client.cc:336: Error reporting task backlog information: IOError: 
[2022-01-10 14:23:04,165 I 18208 18472] raylet_client.cc:336: Error reporting task backlog information: IOError: 
[2022-01-10 14:23:05,166 I 18208 18472] raylet_client.cc:336: Error reporting task backlog information: IOError: 
[2022-01-10 14:23:06,166 I 18208 18472] raylet_client.cc:336: Error reporting task backlog information: IOError: 
[2022-01-10 14:23:06,434 W 18208 18473] metric_exporter.cc:206: Export metrics to agent failed: IOError: . This won't affect Ray, but you can lose metrics from the cluster.
[2022-01-10 14:23:07,166 I 18208 18472] raylet_client.cc:336: Error reporting task backlog information: IOError: 
[2022-01-10 14:23:08,167 I 18208 18472] raylet_client.cc:336: Error reporting task backlog information: IOError: 
[2022-01-10 14:23:09,167 I 18208 18472] raylet_client.cc:336: Error reporting task backlog information: IOError: 
[2022-01-10 14:23:10,168 I 18208 18472] raylet_client.cc:336: Error reporting task backlog information: IOError: 
[2022-01-10 14:23:11,168 I 18208 18472] raylet_client.cc:336: Error reporting task backlog information: IOError: 
[2022-01-10 14:23:12,168 I 18208 18472] raylet_client.cc:336: Error reporting task backlog information: IOError: 
[2022-01-10 14:23:13,168 I 18208 18472] raylet_client.cc:336: Error reporting task backlog information: IOError: 
[2022-01-10 14:23:14,169 I 18208 18472] raylet_client.cc:336: Error reporting task backlog information: IOError: 
[2022-01-10 14:23:15,169 I 18208 18472] raylet_client.cc:336: Error reporting task backlog information: IOError: 
[2022-01-10 14:23:16,169 I 18208 18472] raylet_client.cc:336: Error reporting task backlog information: IOError: 
[2022-01-10 14:23:16,448 W 18208 18473] metric_exporter.cc:206: Export metrics to agent failed: IOError: . This won't affect Ray, but you can lose metrics from the cluster.
[2022-01-10 14:23:17,169 I 18208 18472] raylet_client.cc:336: Error reporting task backlog information: IOError: 
[2022-01-10 14:23:18,170 I 18208 18472] raylet_client.cc:336: Error reporting task backlog information: IOError: 
[2022-01-10 14:23:19,170 I 18208 18472] raylet_client.cc:336: Error reporting task backlog information: IOError: 
[2022-01-10 14:23:20,171 I 18208 18472] raylet_client.cc:336: Error reporting task backlog information: IOError: 
[2022-01-10 14:23:21,171 I 18208 18472] raylet_client.cc:336: Error reporting task backlog information: IOError: 
[2022-01-10 14:23:22,171 I 18208 18472] raylet_client.cc:336: Error reporting task backlog information: IOError: 
[2022-01-10 14:23:23,172 I 18208 18472] raylet_client.cc:336: Error reporting task backlog information: IOError: 
[2022-01-10 14:23:24,172 I 18208 18472] raylet_client.cc:336: Error reporting task backlog information: IOError: 
[2022-01-10 14:23:25,172 I 18208 18472] raylet_client.cc:336: Error reporting task backlog information: IOError: 
[2022-01-10 14:23:26,173 I 18208 18472] raylet_client.cc:336: Error reporting task backlog information: IOError: 
[2022-01-10 14:23:26,462 W 18208 18473] metric_exporter.cc:206: Export metrics to agent failed: IOError: . This won't affect Ray, but you can lose metrics from the cluster.
[2022-01-10 14:23:27,173 I 18208 18472] raylet_client.cc:336: Error reporting task backlog information: IOError: 
[2022-01-10 14:23:28,173 I 18208 18472] raylet_client.cc:336: Error reporting task backlog information: IOError: 
[2022-01-10 14:23:29,174 I 18208 18472] raylet_client.cc:336: Error reporting task backlog information: IOError: 
[2022-01-10 14:23:30,174 I 18208 18472] raylet_client.cc:336: Error reporting task backlog information: IOError: 
[2022-01-10 14:23:31,175 I 18208 18472] raylet_client.cc:336: Error reporting task backlog information: IOError: 
[2022-01-10 14:23:32,175 I 18208 18472] raylet_client.cc:336: Error reporting task backlog information: IOError: 
[2022-01-10 14:23:33,176 I 18208 18472] raylet_client.cc:336: Error reporting task backlog information: IOError: 
[2022-01-10 14:23:34,176 I 18208 18472] raylet_client.cc:336: Error reporting task backlog information: IOError: 
[2022-01-10 14:23:35,176 I 18208 18472] raylet_client.cc:336: Error reporting task backlog information: IOError: 
[2022-01-10 14:23:36,078 W 18208 18338] gcs_server_address_updater.cc:61: [301] Failed to get the gcs server address from raylet 301 times in a row. If it keeps failing to obtain the address, the worker might crash. Connection status IOError: 
[2022-01-10 14:23:36,176 I 18208 18472] raylet_client.cc:336: Error reporting task backlog information: IOError: 
[2022-01-10 14:23:36,476 W 18208 18473] metric_exporter.cc:206: Export metrics to agent failed: IOError: . This won't affect Ray, but you can lose metrics from the cluster.
[2022-01-10 14:23:37,177 I 18208 18472] raylet_client.cc:336: Error reporting task backlog information: IOError: 
[2022-01-10 14:23:38,177 I 18208 18472] raylet_client.cc:336: Error reporting task backlog information: IOError: 
[2022-01-10 14:23:39,177 I 18208 18472] raylet_client.cc:336: Error reporting task backlog information: IOError: 
[2022-01-10 14:23:40,177 I 18208 18472] raylet_client.cc:336: Error reporting task backlog information: IOError: 
[2022-01-10 14:23:41,178 I 18208 18472] raylet_client.cc:336: Error reporting task backlog information: IOError: 
[2022-01-10 14:23:42,178 I 18208 18472] raylet_client.cc:336: Error reporting task backlog information: IOError: 
[2022-01-10 14:23:43,178 I 18208 18472] raylet_client.cc:336: Error reporting task backlog information: IOError: 
[2022-01-10 14:23:44,179 I 18208 18472] raylet_client.cc:336: Error reporting task backlog information: IOError: 
[2022-01-10 14:23:45,179 I 18208 18472] raylet_client.cc:336: Error reporting task backlog information: IOError: 
[2022-01-10 14:23:46,179 I 18208 18472] raylet_client.cc:336: Error reporting task backlog information: IOError: 
[2022-01-10 14:23:46,488 W 18208 18473] metric_exporter.cc:206: Export metrics to agent failed: IOError: . This won't affect Ray, but you can lose metrics from the cluster.
[2022-01-10 14:23:47,180 I 18208 18472] raylet_client.cc:336: Error reporting task backlog information: IOError: 
[2022-01-10 14:23:48,180 I 18208 18472] raylet_client.cc:336: Error reporting task backlog information: IOError: 
[2022-01-10 14:23:49,180 I 18208 18472] raylet_client.cc:336: Error reporting task backlog information: IOError: 
[2022-01-10 14:23:50,180 I 18208 18472] raylet_client.cc:336: Error reporting task backlog information: IOError: 
[2022-01-10 14:23:51,181 I 18208 18472] raylet_client.cc:336: Error reporting task backlog information: IOError: 
[2022-01-10 14:23:52,181 I 18208 18472] raylet_client.cc:336: Error reporting task backlog information: IOError: 
[2022-01-10 14:23:53,181 I 18208 18472] raylet_client.cc:336: Error reporting task backlog information: IOError: 
[2022-01-10 14:23:54,181 I 18208 18472] raylet_client.cc:336: Error reporting task backlog information: IOError: 
[2022-01-10 14:23:55,182 I 18208 18472] raylet_client.cc:336: Error reporting task backlog information: IOError: 
[2022-01-10 14:23:56,182 I 18208 18472] raylet_client.cc:336: Error reporting task backlog information: IOError: 
[2022-01-10 14:23:56,500 W 18208 18473] metric_exporter.cc:206: Export metrics to agent failed: IOError: . This won't affect Ray, but you can lose metrics from the cluster.
[2022-01-10 14:23:57,182 I 18208 18472] raylet_client.cc:336: Error reporting task backlog information: IOError: 
[2022-01-10 14:23:58,182 I 18208 18472] raylet_client.cc:336: Error reporting task backlog information: IOError: 
[2022-01-10 14:23:59,183 I 18208 18472] raylet_client.cc:336: Error reporting task backlog information: IOError: 
[2022-01-10 14:24:00,183 I 18208 18472] raylet_client.cc:336: Error reporting task backlog information: IOError: 
[2022-01-10 14:24:01,183 I 18208 18472] raylet_client.cc:336: Error reporting task backlog information: IOError: 
[2022-01-10 14:24:02,184 I 18208 18472] raylet_client.cc:336: Error reporting task backlog information: IOError: 
[2022-01-10 14:24:03,184 I 18208 18472] raylet_client.cc:336: Error reporting task backlog information: IOError: 
[2022-01-10 14:24:04,184 I 18208 18472] raylet_client.cc:336: Error reporting task backlog information: IOError: 
[2022-01-10 14:24:05,184 I 18208 18472] raylet_client.cc:336: Error reporting task backlog information: IOError: 
[2022-01-10 14:24:06,185 I 18208 18472] raylet_client.cc:336: Error reporting task backlog information: IOError: 
[2022-01-10 14:24:06,515 W 18208 18473] metric_exporter.cc:206: Export metrics to agent failed: IOError: . This won't affect Ray, but you can lose metrics from the cluster.
[2022-01-10 14:24:07,185 I 18208 18472] raylet_client.cc:336: Error reporting task backlog information: IOError: 
[2022-01-10 14:24:08,186 I 18208 18472] raylet_client.cc:336: Error reporting task backlog information: IOError: 
[2022-01-10 14:24:09,186 I 18208 18472] raylet_client.cc:336: Error reporting task backlog information: IOError: 
[2022-01-10 14:24:10,186 I 18208 18472] raylet_client.cc:336: Error reporting task backlog information: IOError: 
[2022-01-10 14:24:11,187 I 18208 18472] raylet_client.cc:336: Error reporting task backlog information: IOError: 
[2022-01-10 14:24:12,187 I 18208 18472] raylet_client.cc:336: Error reporting task backlog information: IOError: 
[2022-01-10 14:24:13,187 I 18208 18472] raylet_client.cc:336: Error reporting task backlog information: IOError: 
[2022-01-10 14:24:14,188 I 18208 18472] raylet_client.cc:336: Error reporting task backlog information: IOError: 
[2022-01-10 14:24:15,188 I 18208 18472] raylet_client.cc:336: Error reporting task backlog information: IOError: 
[2022-01-10 14:24:16,188 I 18208 18472] raylet_client.cc:336: Error reporting task backlog information: IOError: 
[2022-01-10 14:24:16,528 W 18208 18473] metric_exporter.cc:206: Export metrics to agent failed: IOError: . This won't affect Ray, but you can lose metrics from the cluster.
[2022-01-10 14:24:17,189 I 18208 18472] raylet_client.cc:336: Error reporting task backlog information: IOError: 
[2022-01-10 14:24:18,189 I 18208 18472] raylet_client.cc:336: Error reporting task backlog information: IOError: 
[2022-01-10 14:24:19,189 I 18208 18472] raylet_client.cc:336: Error reporting task backlog information: IOError: 
[2022-01-10 14:24:20,190 I 18208 18472] raylet_client.cc:336: Error reporting task backlog information: IOError: 
[2022-01-10 14:24:21,190 I 18208 18472] raylet_client.cc:336: Error reporting task backlog information: IOError: 
[2022-01-10 14:24:22,190 I 18208 18472] raylet_client.cc:336: Error reporting task backlog information: IOError: 
[2022-01-10 14:24:23,191 I 18208 18472] raylet_client.cc:336: Error reporting task backlog information: IOError: 
[2022-01-10 14:24:24,191 I 18208 18472] raylet_client.cc:336: Error reporting task backlog information: IOError: 
[2022-01-10 14:24:25,191 I 18208 18472] raylet_client.cc:336: Error reporting task backlog information: IOError: 
[2022-01-10 14:24:26,192 I 18208 18472] raylet_client.cc:336: Error reporting task backlog information: IOError: 
[2022-01-10 14:24:26,542 W 18208 18473] metric_exporter.cc:206: Export metrics to agent failed: IOError: . This won't affect Ray, but you can lose metrics from the cluster.
[2022-01-10 14:24:27,192 I 18208 18472] raylet_client.cc:336: Error reporting task backlog information: IOError: 
[2022-01-10 14:24:28,192 I 18208 18472] raylet_client.cc:336: Error reporting task backlog information: IOError: 
[2022-01-10 14:24:29,193 I 18208 18472] raylet_client.cc:336: Error reporting task backlog information: IOError: 
[2022-01-10 14:24:30,193 I 18208 18472] raylet_client.cc:336: Error reporting task backlog information: IOError: 
[2022-01-10 14:24:31,193 I 18208 18472] raylet_client.cc:336: Error reporting task backlog information: IOError: 
[2022-01-10 14:24:32,193 I 18208 18472] raylet_client.cc:336: Error reporting task backlog information: IOError: 
[2022-01-10 14:24:33,194 I 18208 18472] raylet_client.cc:336: Error reporting task backlog information: IOError: 
[2022-01-10 14:24:34,194 I 18208 18472] raylet_client.cc:336: Error reporting task backlog information: IOError: 
[2022-01-10 14:24:35,194 I 18208 18472] raylet_client.cc:336: Error reporting task backlog information: IOError: 
[2022-01-10 14:24:36,194 I 18208 18472] raylet_client.cc:336: Error reporting task backlog information: IOError: 
[2022-01-10 14:24:36,556 W 18208 18473] metric_exporter.cc:206: Export metrics to agent failed: IOError: . This won't affect Ray, but you can lose metrics from the cluster.
[2022-01-10 14:24:37,195 I 18208 18472] raylet_client.cc:336: Error reporting task backlog information: IOError: 
[2022-01-10 14:24:38,195 I 18208 18472] raylet_client.cc:336: Error reporting task backlog information: IOError: 
[2022-01-10 14:24:39,195 I 18208 18472] raylet_client.cc:336: Error reporting task backlog information: IOError: 
[2022-01-10 14:24:40,196 I 18208 18472] raylet_client.cc:336: Error reporting task backlog information: IOError: 
[2022-01-10 14:24:41,196 I 18208 18472] raylet_client.cc:336: Error reporting task backlog information: IOError: 
[2022-01-10 14:24:42,196 I 18208 18472] raylet_client.cc:336: Error reporting task backlog information: IOError: 
[2022-01-10 14:24:43,196 I 18208 18472] raylet_client.cc:336: Error reporting task backlog information: IOError: 
[2022-01-10 14:24:44,197 I 18208 18472] raylet_client.cc:336: Error reporting task backlog information: IOError: 
[2022-01-10 14:24:45,197 I 18208 18472] raylet_client.cc:336: Error reporting task backlog information: IOError: 
[2022-01-10 14:24:46,197 I 18208 18472] raylet_client.cc:336: Error reporting task backlog information: IOError: 
[2022-01-10 14:24:46,569 W 18208 18473] metric_exporter.cc:206: Export metrics to agent failed: IOError: . This won't affect Ray, but you can lose metrics from the cluster.
[2022-01-10 14:24:47,197 I 18208 18472] raylet_client.cc:336: Error reporting task backlog information: IOError: 
[2022-01-10 14:24:48,198 I 18208 18472] raylet_client.cc:336: Error reporting task backlog information: IOError: 
[2022-01-10 14:24:49,198 I 18208 18472] raylet_client.cc:336: Error reporting task backlog information: IOError: 
[2022-01-10 14:24:50,199 I 18208 18472] raylet_client.cc:336: Error reporting task backlog information: IOError: 
[2022-01-10 14:24:51,199 I 18208 18472] raylet_client.cc:336: Error reporting task backlog information: IOError: 
[2022-01-10 14:24:52,199 I 18208 18472] raylet_client.cc:336: Error reporting task backlog information: IOError: 
[2022-01-10 14:24:53,199 I 18208 18472] raylet_client.cc:336: Error reporting task backlog information: IOError: 
[2022-01-10 14:24:54,200 I 18208 18472] raylet_client.cc:336: Error reporting task backlog information: IOError: 
[2022-01-10 14:24:55,200 I 18208 18472] raylet_client.cc:336: Error reporting task backlog information: IOError: 
[2022-01-10 14:24:56,200 I 18208 18472] raylet_client.cc:336: Error reporting task backlog information: IOError: 
[2022-01-10 14:24:56,582 W 18208 18473] metric_exporter.cc:206: Export metrics to agent failed: IOError: . This won't affect Ray, but you can lose metrics from the cluster.
[2022-01-10 14:24:57,200 I 18208 18472] raylet_client.cc:336: Error reporting task backlog information: IOError: 
[2022-01-10 14:24:58,201 I 18208 18472] raylet_client.cc:336: Error reporting task backlog information: IOError: 
[2022-01-10 14:24:59,201 I 18208 18472] raylet_client.cc:336: Error reporting task backlog information: IOError: 
[2022-01-10 14:25:00,201 I 18208 18472] raylet_client.cc:336: Error reporting task backlog information: IOError: 
[2022-01-10 14:25:01,201 I 18208 18472] raylet_client.cc:336: Error reporting task backlog information: IOError: 
[2022-01-10 14:25:02,202 I 18208 18472] raylet_client.cc:336: Error reporting task backlog information: IOError: 
[2022-01-10 14:25:03,202 I 18208 18472] raylet_client.cc:336: Error reporting task backlog information: IOError: 
[2022-01-10 14:25:04,202 I 18208 18472] raylet_client.cc:336: Error reporting task backlog information: IOError: 
[2022-01-10 14:25:05,203 I 18208 18472] raylet_client.cc:336: Error reporting task backlog information: IOError: 
[2022-01-10 14:25:06,203 I 18208 18472] raylet_client.cc:336: Error reporting task backlog information: IOError: 
[2022-01-10 14:25:06,595 W 18208 18473] metric_exporter.cc:206: Export metrics to agent failed: IOError: . This won't affect Ray, but you can lose metrics from the cluster.
[2022-01-10 14:25:07,203 I 18208 18472] raylet_client.cc:336: Error reporting task backlog information: IOError: 
[2022-01-10 14:25:08,204 I 18208 18472] raylet_client.cc:336: Error reporting task backlog information: IOError: 
[2022-01-10 14:25:09,204 I 18208 18472] raylet_client.cc:336: Error reporting task backlog information: IOError: 
[2022-01-10 14:25:10,204 I 18208 18472] raylet_client.cc:336: Error reporting task backlog information: IOError: 
[2022-01-10 14:25:11,205 I 18208 18472] raylet_client.cc:336: Error reporting task backlog information: IOError: 
[2022-01-10 14:25:12,205 I 18208 18472] raylet_client.cc:336: Error reporting task backlog information: IOError: 
[2022-01-10 14:25:13,205 I 18208 18472] raylet_client.cc:336: Error reporting task backlog information: IOError: 
[2022-01-10 14:25:14,205 I 18208 18472] raylet_client.cc:336: Error reporting task backlog information: IOError: 
[2022-01-10 14:25:15,206 I 18208 18472] raylet_client.cc:336: Error reporting task backlog information: IOError: 
[2022-01-10 14:25:16,206 I 18208 18472] raylet_client.cc:336: Error reporting task backlog information: IOError: 
[2022-01-10 14:25:16,609 W 18208 18473] metric_exporter.cc:206: Export metrics to agent failed: IOError: . This won't affect Ray, but you can lose metrics from the cluster.
[2022-01-10 14:25:17,206 I 18208 18472] raylet_client.cc:336: Error reporting task backlog information: IOError: 
[2022-01-10 14:25:18,207 I 18208 18472] raylet_client.cc:336: Error reporting task backlog information: IOError: 
[2022-01-10 14:25:19,207 I 18208 18472] raylet_client.cc:336: Error reporting task backlog information: IOError: 
[2022-01-10 14:25:20,207 I 18208 18472] raylet_client.cc:336: Error reporting task backlog information: IOError: 
[2022-01-10 14:25:21,207 I 18208 18472] raylet_client.cc:336: Error reporting task backlog information: IOError: 
[2022-01-10 14:25:22,208 I 18208 18472] raylet_client.cc:336: Error reporting task backlog information: IOError: 
[2022-01-10 14:25:23,208 I 18208 18472] raylet_client.cc:336: Error reporting task backlog information: IOError: 
[2022-01-10 14:25:24,208 I 18208 18472] raylet_client.cc:336: Error reporting task backlog information: IOError: 
[2022-01-10 14:25:25,208 I 18208 18472] raylet_client.cc:336: Error reporting task backlog information: IOError: 
[2022-01-10 14:25:26,209 I 18208 18472] raylet_client.cc:336: Error reporting task backlog information: IOError: 
[2022-01-10 14:25:26,623 W 18208 18473] metric_exporter.cc:206: Export metrics to agent failed: IOError: . This won't affect Ray, but you can lose metrics from the cluster.
[2022-01-10 14:25:27,209 I 18208 18472] raylet_client.cc:336: Error reporting task backlog information: IOError: 
[2022-01-10 14:25:28,209 I 18208 18472] raylet_client.cc:336: Error reporting task backlog information: IOError: 
[2022-01-10 14:25:29,210 I 18208 18472] raylet_client.cc:336: Error reporting task backlog information: IOError: 
[2022-01-10 14:25:30,210 I 18208 18472] raylet_client.cc:336: Error reporting task backlog information: IOError: 
[2022-01-10 14:25:31,210 I 18208 18472] raylet_client.cc:336: Error reporting task backlog information: IOError: 
[2022-01-10 14:25:32,211 I 18208 18472] raylet_client.cc:336: Error reporting task backlog information: IOError: 
[2022-01-10 14:25:33,211 I 18208 18472] raylet_client.cc:336: Error reporting task backlog information: IOError: 
[2022-01-10 14:25:34,212 I 18208 18472] raylet_client.cc:336: Error reporting task backlog information: IOError: 
[2022-01-10 14:25:35,212 I 18208 18472] raylet_client.cc:336: Error reporting task backlog information: IOError: 
[2022-01-10 14:25:36,212 I 18208 18472] raylet_client.cc:336: Error reporting task backlog information: IOError: 
[2022-01-10 14:25:36,637 W 18208 18473] metric_exporter.cc:206: Export metrics to agent failed: IOError: . This won't affect Ray, but you can lose metrics from the cluster.
[2022-01-10 14:25:37,212 I 18208 18472] raylet_client.cc:336: Error reporting task backlog information: IOError: 
[2022-01-10 14:25:38,213 I 18208 18472] raylet_client.cc:336: Error reporting task backlog information: IOError: 
[2022-01-10 14:25:39,213 I 18208 18472] raylet_client.cc:336: Error reporting task backlog information: IOError: 
[2022-01-10 14:25:40,213 I 18208 18472] raylet_client.cc:336: Error reporting task backlog information: IOError: 
[2022-01-10 14:25:41,214 I 18208 18472] raylet_client.cc:336: Error reporting task backlog information: IOError: 
[2022-01-10 14:25:42,214 I 18208 18472] raylet_client.cc:336: Error reporting task backlog information: IOError: 
[2022-01-10 14:25:43,214 I 18208 18472] raylet_client.cc:336: Error reporting task backlog information: IOError: 
[2022-01-10 14:25:44,214 I 18208 18472] raylet_client.cc:336: Error reporting task backlog information: IOError: 
[2022-01-10 14:25:45,215 I 18208 18472] raylet_client.cc:336: Error reporting task backlog information: IOError: 
[2022-01-10 14:25:46,215 I 18208 18472] raylet_client.cc:336: Error reporting task backlog information: IOError: 
[2022-01-10 14:25:46,650 W 18208 18473] metric_exporter.cc:206: Export metrics to agent failed: IOError: . This won't affect Ray, but you can lose metrics from the cluster.
[2022-01-10 14:25:47,216 I 18208 18472] raylet_client.cc:336: Error reporting task backlog information: IOError: 
[2022-01-10 14:25:48,216 I 18208 18472] raylet_client.cc:336: Error reporting task backlog information: IOError: 
[2022-01-10 14:25:49,216 I 18208 18472] raylet_client.cc:336: Error reporting task backlog information: IOError: 
[2022-01-10 14:25:50,216 I 18208 18472] raylet_client.cc:336: Error reporting task backlog information: IOError: 
[2022-01-10 14:25:51,217 I 18208 18472] raylet_client.cc:336: Error reporting task backlog information: IOError: 
[2022-01-10 14:25:52,217 I 18208 18472] raylet_client.cc:336: Error reporting task backlog information: IOError: 
[2022-01-10 14:25:53,217 I 18208 18472] raylet_client.cc:336: Error reporting task backlog information: IOError: 
[2022-01-10 14:25:54,218 I 18208 18472] raylet_client.cc:336: Error reporting task backlog information: IOError: 
[2022-01-10 14:25:55,218 I 18208 18472] raylet_client.cc:336: Error reporting task backlog information: IOError: 
[2022-01-10 14:25:56,219 I 18208 18472] raylet_client.cc:336: Error reporting task backlog information: IOError: 
[2022-01-10 14:25:56,664 W 18208 18473] metric_exporter.cc:206: Export metrics to agent failed: IOError: . This won't affect Ray, but you can lose metrics from the cluster.
[2022-01-10 14:25:57,219 I 18208 18472] raylet_client.cc:336: Error reporting task backlog information: IOError: 
[2022-01-10 14:25:58,219 I 18208 18472] raylet_client.cc:336: Error reporting task backlog information: IOError: 
[2022-01-10 14:25:59,220 I 18208 18472] raylet_client.cc:336: Error reporting task backlog information: IOError: 
[2022-01-10 14:26:00,220 I 18208 18472] raylet_client.cc:336: Error reporting task backlog information: IOError: 
[2022-01-10 14:26:01,220 I 18208 18472] raylet_client.cc:336: Error reporting task backlog information: IOError: 
[2022-01-10 14:26:02,220 I 18208 18472] raylet_client.cc:336: Error reporting task backlog information: IOError: 
[2022-01-10 14:26:03,221 I 18208 18472] raylet_client.cc:336: Error reporting task backlog information: IOError: 
[2022-01-10 14:26:04,221 I 18208 18472] raylet_client.cc:336: Error reporting task backlog information: IOError: 
[2022-01-10 14:26:05,221 I 18208 18472] raylet_client.cc:336: Error reporting task backlog information: IOError: 
[2022-01-10 14:26:06,221 I 18208 18472] raylet_client.cc:336: Error reporting task backlog information: IOError: 
[2022-01-10 14:26:06,677 W 18208 18473] metric_exporter.cc:206: Export metrics to agent failed: IOError: . This won't affect Ray, but you can lose metrics from the cluster.
[2022-01-10 14:26:07,222 I 18208 18472] raylet_client.cc:336: Error reporting task backlog information: IOError: 
[2022-01-10 14:26:08,222 I 18208 18472] raylet_client.cc:336: Error reporting task backlog information: IOError: 
[2022-01-10 14:26:09,222 I 18208 18472] raylet_client.cc:336: Error reporting task backlog information: IOError: 
[2022-01-10 14:26:10,222 I 18208 18472] raylet_client.cc:336: Error reporting task backlog information: IOError: 
[2022-01-10 14:26:11,223 I 18208 18472] raylet_client.cc:336: Error reporting task backlog information: IOError: 
[2022-01-10 14:26:12,223 I 18208 18472] raylet_client.cc:336: Error reporting task backlog information: IOError: 
[2022-01-10 14:26:13,223 I 18208 18472] raylet_client.cc:336: Error reporting task backlog information: IOError: 
[2022-01-10 14:26:14,224 I 18208 18472] raylet_client.cc:336: Error reporting task backlog information: IOError: 
[2022-01-10 14:26:15,224 I 18208 18472] raylet_client.cc:336: Error reporting task backlog information: IOError: 
[2022-01-10 14:26:16,224 I 18208 18472] raylet_client.cc:336: Error reporting task backlog information: IOError: 
[2022-01-10 14:26:16,691 W 18208 18473] metric_exporter.cc:206: Export metrics to agent failed: IOError: . This won't affect Ray, but you can lose metrics from the cluster.
[2022-01-10 14:26:17,224 I 18208 18472] raylet_client.cc:336: Error reporting task backlog information: IOError: 
[2022-01-10 14:26:18,225 I 18208 18472] raylet_client.cc:336: Error reporting task backlog information: IOError: 
[2022-01-10 14:26:19,225 I 18208 18472] raylet_client.cc:336: Error reporting task backlog information: IOError: 
[2022-01-10 14:26:20,225 I 18208 18472] raylet_client.cc:336: Error reporting task backlog information: IOError: 
[2022-01-10 14:26:21,226 I 18208 18472] raylet_client.cc:336: Error reporting task backlog information: IOError: 
[2022-01-10 14:26:22,226 I 18208 18472] raylet_client.cc:336: Error reporting task backlog information: IOError: 
[2022-01-10 14:26:23,226 I 18208 18472] raylet_client.cc:336: Error reporting task backlog information: IOError: 
[2022-01-10 14:26:24,227 I 18208 18472] raylet_client.cc:336: Error reporting task backlog information: IOError: 
[2022-01-10 14:26:25,227 I 18208 18472] raylet_client.cc:336: Error reporting task backlog information: IOError: 
[2022-01-10 14:26:26,227 I 18208 18472] raylet_client.cc:336: Error reporting task backlog information: IOError: 
[2022-01-10 14:26:26,704 W 18208 18473] metric_exporter.cc:206: Export metrics to agent failed: IOError: . This won't affect Ray, but you can lose metrics from the cluster.
[2022-01-10 14:26:27,228 I 18208 18472] raylet_client.cc:336: Error reporting task backlog information: IOError: 
[2022-01-10 14:26:28,228 I 18208 18472] raylet_client.cc:336: Error reporting task backlog information: IOError: 
[2022-01-10 14:26:29,228 I 18208 18472] raylet_client.cc:336: Error reporting task backlog information: IOError: 
[2022-01-10 14:26:30,229 I 18208 18472] raylet_client.cc:336: Error reporting task backlog information: IOError: 
[2022-01-10 14:26:31,229 I 18208 18472] raylet_client.cc:336: Error reporting task backlog information: IOError: 
[2022-01-10 14:26:32,229 I 18208 18472] raylet_client.cc:336: Error reporting task backlog information: IOError: 
[2022-01-10 14:26:33,230 I 18208 18472] raylet_client.cc:336: Error reporting task backlog information: IOError: 
[2022-01-10 14:26:34,230 I 18208 18472] raylet_client.cc:336: Error reporting task backlog information: IOError: 
[2022-01-10 14:26:35,230 I 18208 18472] raylet_client.cc:336: Error reporting task backlog information: IOError: 
[2022-01-10 14:26:36,231 I 18208 18472] raylet_client.cc:336: Error reporting task backlog information: IOError: 
[2022-01-10 14:26:36,718 W 18208 18473] metric_exporter.cc:206: Export metrics to agent failed: IOError: . This won't affect Ray, but you can lose metrics from the cluster.
[2022-01-10 14:26:37,231 I 18208 18472] raylet_client.cc:336: Error reporting task backlog information: IOError: 
[2022-01-10 14:26:38,231 I 18208 18472] raylet_client.cc:336: Error reporting task backlog information: IOError: 
[2022-01-10 14:26:39,232 I 18208 18472] raylet_client.cc:336: Error reporting task backlog information: IOError: 
[2022-01-10 14:26:40,232 I 18208 18472] raylet_client.cc:336: Error reporting task backlog information: IOError: 
[2022-01-10 14:26:41,232 I 18208 18472] raylet_client.cc:336: Error reporting task backlog information: IOError: 
[2022-01-10 14:26:42,232 I 18208 18472] raylet_client.cc:336: Error reporting task backlog information: IOError: 
[2022-01-10 14:26:43,233 I 18208 18472] raylet_client.cc:336: Error reporting task backlog information: IOError: 
[2022-01-10 14:26:44,233 I 18208 18472] raylet_client.cc:336: Error reporting task backlog information: IOError: 
[2022-01-10 14:26:45,233 I 18208 18472] raylet_client.cc:336: Error reporting task backlog information: IOError: 
[2022-01-10 14:26:46,233 I 18208 18472] raylet_client.cc:336: Error reporting task backlog information: IOError: 
[2022-01-10 14:26:46,731 W 18208 18473] metric_exporter.cc:206: Export metrics to agent failed: IOError: . This won't affect Ray, but you can lose metrics from the cluster.
[2022-01-10 14:26:47,234 I 18208 18472] raylet_client.cc:336: Error reporting task backlog information: IOError: 
[2022-01-10 14:26:48,234 I 18208 18472] raylet_client.cc:336: Error reporting task backlog information: IOError: 
[2022-01-10 14:26:49,235 I 18208 18472] raylet_client.cc:336: Error reporting task backlog information: IOError: 
[2022-01-10 14:26:50,235 I 18208 18472] raylet_client.cc:336: Error reporting task backlog information: IOError: 
[2022-01-10 14:26:51,235 I 18208 18472] raylet_client.cc:336: Error reporting task backlog information: IOError: 
[2022-01-10 14:26:52,235 I 18208 18472] raylet_client.cc:336: Error reporting task backlog information: IOError: 
[2022-01-10 14:26:53,236 I 18208 18472] raylet_client.cc:336: Error reporting task backlog information: IOError: 
[2022-01-10 14:26:54,236 I 18208 18472] raylet_client.cc:336: Error reporting task backlog information: IOError: 
[2022-01-10 14:26:55,236 I 18208 18472] raylet_client.cc:336: Error reporting task backlog information: IOError: 
[2022-01-10 14:26:56,237 I 18208 18472] raylet_client.cc:336: Error reporting task backlog information: IOError: 
[2022-01-10 14:26:56,744 W 18208 18473] metric_exporter.cc:206: Export metrics to agent failed: IOError: . This won't affect Ray, but you can lose metrics from the cluster.
[2022-01-10 14:26:57,237 I 18208 18472] raylet_client.cc:336: Error reporting task backlog information: IOError: 
[2022-01-10 14:26:58,237 I 18208 18472] raylet_client.cc:336: Error reporting task backlog information: IOError: 
[2022-01-10 14:26:59,238 I 18208 18472] raylet_client.cc:336: Error reporting task backlog information: IOError: 
[2022-01-10 14:27:00,238 I 18208 18472] raylet_client.cc:336: Error reporting task backlog information: IOError: 
[2022-01-10 14:27:01,238 I 18208 18472] raylet_client.cc:336: Error reporting task backlog information: IOError: 
[2022-01-10 14:27:02,238 I 18208 18472] raylet_client.cc:336: Error reporting task backlog information: IOError: 
[2022-01-10 14:27:03,239 I 18208 18472] raylet_client.cc:336: Error reporting task backlog information: IOError: 
[2022-01-10 14:27:04,239 I 18208 18472] raylet_client.cc:336: Error reporting task backlog information: IOError: 
[2022-01-10 14:27:05,240 I 18208 18472] raylet_client.cc:336: Error reporting task backlog information: IOError: 
[2022-01-10 14:27:06,240 I 18208 18472] raylet_client.cc:336: Error reporting task backlog information: IOError: 
[2022-01-10 14:27:06,757 W 18208 18473] metric_exporter.cc:206: Export metrics to agent failed: IOError: . This won't affect Ray, but you can lose metrics from the cluster.
[2022-01-10 14:27:07,240 I 18208 18472] raylet_client.cc:336: Error reporting task backlog information: IOError: 
[2022-01-10 14:27:08,241 I 18208 18472] raylet_client.cc:336: Error reporting task backlog information: IOError: 
[2022-01-10 14:27:09,241 I 18208 18472] raylet_client.cc:336: Error reporting task backlog information: IOError: 
[2022-01-10 14:27:10,241 I 18208 18472] raylet_client.cc:336: Error reporting task backlog information: IOError: 
[2022-01-10 14:27:11,242 I 18208 18472] raylet_client.cc:336: Error reporting task backlog information: IOError: 
[2022-01-10 14:27:12,242 I 18208 18472] raylet_client.cc:336: Error reporting task backlog information: IOError: 
[2022-01-10 14:27:13,242 I 18208 18472] raylet_client.cc:336: Error reporting task backlog information: IOError: 
[2022-01-10 14:27:14,243 I 18208 18472] raylet_client.cc:336: Error reporting task backlog information: IOError: 
[2022-01-10 14:27:15,243 I 18208 18472] raylet_client.cc:336: Error reporting task backlog information: IOError: 
[2022-01-10 14:27:16,243 I 18208 18472] raylet_client.cc:336: Error reporting task backlog information: IOError: 
[2022-01-10 14:27:16,771 W 18208 18473] metric_exporter.cc:206: Export metrics to agent failed: IOError: . This won't affect Ray, but you can lose metrics from the cluster.
[2022-01-10 14:27:17,244 I 18208 18472] raylet_client.cc:336: Error reporting task backlog information: IOError: 
[2022-01-10 14:27:18,244 I 18208 18472] raylet_client.cc:336: Error reporting task backlog information: IOError: 
[2022-01-10 14:27:19,244 I 18208 18472] raylet_client.cc:336: Error reporting task backlog information: IOError: 
[2022-01-10 14:27:20,244 I 18208 18472] raylet_client.cc:336: Error reporting task backlog information: IOError: 
[2022-01-10 14:27:21,245 I 18208 18472] raylet_client.cc:336: Error reporting task backlog information: IOError: 
[2022-01-10 14:27:22,245 I 18208 18472] raylet_client.cc:336: Error reporting task backlog information: IOError: 
[2022-01-10 14:27:23,245 I 18208 18472] raylet_client.cc:336: Error reporting task backlog information: IOError: 
[2022-01-10 14:27:24,245 I 18208 18472] raylet_client.cc:336: Error reporting task backlog information: IOError: 
[2022-01-10 14:27:25,246 I 18208 18472] raylet_client.cc:336: Error reporting task backlog information: IOError: 
[2022-01-10 14:27:26,246 I 18208 18472] raylet_client.cc:336: Error reporting task backlog information: IOError: 
[2022-01-10 14:27:26,785 W 18208 18473] metric_exporter.cc:206: Export metrics to agent failed: IOError: . This won't affect Ray, but you can lose metrics from the cluster.
[2022-01-10 14:27:27,246 I 18208 18472] raylet_client.cc:336: Error reporting task backlog information: IOError: 
[2022-01-10 14:27:28,247 I 18208 18472] raylet_client.cc:336: Error reporting task backlog information: IOError: 
[2022-01-10 14:27:29,247 I 18208 18472] raylet_client.cc:336: Error reporting task backlog information: IOError: 
[2022-01-10 14:27:30,248 I 18208 18472] raylet_client.cc:336: Error reporting task backlog information: IOError: 
[2022-01-10 14:27:31,248 I 18208 18472] raylet_client.cc:336: Error reporting task backlog information: IOError: 
[2022-01-10 14:27:32,248 I 18208 18472] raylet_client.cc:336: Error reporting task backlog information: IOError: 
[2022-01-10 14:27:33,248 I 18208 18472] raylet_client.cc:336: Error reporting task backlog information: IOError: 
[2022-01-10 14:27:34,249 I 18208 18472] raylet_client.cc:336: Error reporting task backlog information: IOError: 
[2022-01-10 14:27:35,249 I 18208 18472] raylet_client.cc:336: Error reporting task backlog information: IOError: 
[2022-01-10 14:27:36,249 I 18208 18472] raylet_client.cc:336: Error reporting task backlog information: IOError: 
[2022-01-10 14:27:36,799 W 18208 18473] metric_exporter.cc:206: Export metrics to agent failed: IOError: . This won't affect Ray, but you can lose metrics from the cluster.
[2022-01-10 14:27:37,250 I 18208 18472] raylet_client.cc:336: Error reporting task backlog information: IOError: 
[2022-01-10 14:27:38,250 I 18208 18472] raylet_client.cc:336: Error reporting task backlog information: IOError: 
[2022-01-10 14:27:39,250 I 18208 18472] raylet_client.cc:336: Error reporting task backlog information: IOError: 
[2022-01-10 14:27:40,250 I 18208 18472] raylet_client.cc:336: Error reporting task backlog information: IOError: 
[2022-01-10 14:27:41,251 I 18208 18472] raylet_client.cc:336: Error reporting task backlog information: IOError: 
[2022-01-10 14:27:42,251 I 18208 18472] raylet_client.cc:336: Error reporting task backlog information: IOError: 
[2022-01-10 14:27:43,251 I 18208 18472] raylet_client.cc:336: Error reporting task backlog information: IOError: 
[2022-01-10 14:27:44,252 I 18208 18472] raylet_client.cc:336: Error reporting task backlog information: IOError: 
[2022-01-10 14:27:45,252 I 18208 18472] raylet_client.cc:336: Error reporting task backlog information: IOError: 
[2022-01-10 14:27:46,252 I 18208 18472] raylet_client.cc:336: Error reporting task backlog information: IOError: 
[2022-01-10 14:27:46,813 W 18208 18473] metric_exporter.cc:206: Export metrics to agent failed: IOError: . This won't affect Ray, but you can lose metrics from the cluster.
[2022-01-10 14:27:47,253 I 18208 18472] raylet_client.cc:336: Error reporting task backlog information: IOError: 
[2022-01-10 14:27:48,252 I 18208 18472] raylet_client.cc:336: Error reporting task backlog information: IOError: 
[2022-01-10 14:27:49,253 I 18208 18472] raylet_client.cc:336: Error reporting task backlog information: IOError: 
[2022-01-10 14:27:50,253 I 18208 18472] raylet_client.cc:336: Error reporting task backlog information: IOError: 
[2022-01-10 14:27:51,254 I 18208 18472] raylet_client.cc:336: Error reporting task backlog information: IOError: 
[2022-01-10 14:27:52,254 I 18208 18472] raylet_client.cc:336: Error reporting task backlog information: IOError: 
[2022-01-10 14:27:53,254 I 18208 18472] raylet_client.cc:336: Error reporting task backlog information: IOError: 
[2022-01-10 14:27:54,255 I 18208 18472] raylet_client.cc:336: Error reporting task backlog information: IOError: 
[2022-01-10 14:27:55,255 I 18208 18472] raylet_client.cc:336: Error reporting task backlog information: IOError: 
[2022-01-10 14:27:56,255 I 18208 18472] raylet_client.cc:336: Error reporting task backlog information: IOError: 
[2022-01-10 14:27:56,827 W 18208 18473] metric_exporter.cc:206: Export metrics to agent failed: IOError: . This won't affect Ray, but you can lose metrics from the cluster.
[2022-01-10 14:27:57,255 I 18208 18472] raylet_client.cc:336: Error reporting task backlog information: IOError: 
[2022-01-10 14:27:58,256 I 18208 18472] raylet_client.cc:336: Error reporting task backlog information: IOError: 
[2022-01-10 14:27:59,256 I 18208 18472] raylet_client.cc:336: Error reporting task backlog information: IOError: 
[2022-01-10 14:28:00,256 I 18208 18472] raylet_client.cc:336: Error reporting task backlog information: IOError: 
[2022-01-10 14:28:01,256 I 18208 18472] raylet_client.cc:336: Error reporting task backlog information: IOError: 
[2022-01-10 14:28:02,257 I 18208 18472] raylet_client.cc:336: Error reporting task backlog information: IOError: 
[2022-01-10 14:28:03,258 I 18208 18472] raylet_client.cc:336: Error reporting task backlog information: IOError: 
[2022-01-10 14:28:04,257 I 18208 18472] raylet_client.cc:336: Error reporting task backlog information: IOError: 
[2022-01-10 14:28:05,258 I 18208 18472] raylet_client.cc:336: Error reporting task backlog information: IOError: 
[2022-01-10 14:28:06,258 I 18208 18472] raylet_client.cc:336: Error reporting task backlog information: IOError: 
[2022-01-10 14:28:06,841 W 18208 18473] metric_exporter.cc:206: Export metrics to agent failed: IOError: . This won't affect Ray, but you can lose metrics from the cluster.
[2022-01-10 14:28:07,258 I 18208 18472] raylet_client.cc:336: Error reporting task backlog information: IOError: 
[2022-01-10 14:28:08,259 I 18208 18472] raylet_client.cc:336: Error reporting task backlog information: IOError: 
[2022-01-10 14:28:09,259 I 18208 18472] raylet_client.cc:336: Error reporting task backlog information: IOError: 
[2022-01-10 14:28:10,259 I 18208 18472] raylet_client.cc:336: Error reporting task backlog information: IOError: 
[2022-01-10 14:28:11,260 I 18208 18472] raylet_client.cc:336: Error reporting task backlog information: IOError: 
[2022-01-10 14:28:12,260 I 18208 18472] raylet_client.cc:336: Error reporting task backlog information: IOError: 
[2022-01-10 14:28:13,261 I 18208 18472] raylet_client.cc:336: Error reporting task backlog information: IOError: 
[2022-01-10 14:28:14,260 I 18208 18472] raylet_client.cc:336: Error reporting task backlog information: IOError: 
[2022-01-10 14:28:15,261 I 18208 18472] raylet_client.cc:336: Error reporting task backlog information: IOError: 
[2022-01-10 14:28:16,261 I 18208 18472] raylet_client.cc:336: Error reporting task backlog information: IOError: 
[2022-01-10 14:28:16,854 W 18208 18473] metric_exporter.cc:206: Export metrics to agent failed: IOError: . This won't affect Ray, but you can lose metrics from the cluster.
[2022-01-10 14:28:17,261 I 18208 18472] raylet_client.cc:336: Error reporting task backlog information: IOError: 
[2022-01-10 14:28:18,262 I 18208 18472] raylet_client.cc:336: Error reporting task backlog information: IOError: 
[2022-01-10 14:28:19,262 I 18208 18472] raylet_client.cc:336: Error reporting task backlog information: IOError: 
[2022-01-10 14:28:20,262 I 18208 18472] raylet_client.cc:336: Error reporting task backlog information: IOError: 
[2022-01-10 14:28:21,263 I 18208 18472] raylet_client.cc:336: Error reporting task backlog information: IOError: 
[2022-01-10 14:28:22,263 I 18208 18472] raylet_client.cc:336: Error reporting task backlog information: IOError: 
[2022-01-10 14:28:23,263 I 18208 18472] raylet_client.cc:336: Error reporting task backlog information: IOError: 
[2022-01-10 14:28:24,264 I 18208 18472] raylet_client.cc:336: Error reporting task backlog information: IOError: 
[2022-01-10 14:28:25,264 I 18208 18472] raylet_client.cc:336: Error reporting task backlog information: IOError: 
[2022-01-10 14:28:26,264 I 18208 18472] raylet_client.cc:336: Error reporting task backlog information: IOError: 
[2022-01-10 14:28:26,868 W 18208 18473] metric_exporter.cc:206: Export metrics to agent failed: IOError: . This won't affect Ray, but you can lose metrics from the cluster.
[2022-01-10 14:28:27,264 I 18208 18472] raylet_client.cc:336: Error reporting task backlog information: IOError: 
[2022-01-10 14:28:28,265 I 18208 18472] raylet_client.cc:336: Error reporting task backlog information: IOError: 
[2022-01-10 14:28:29,265 I 18208 18472] raylet_client.cc:336: Error reporting task backlog information: IOError: 
[2022-01-10 14:28:30,265 I 18208 18472] raylet_client.cc:336: Error reporting task backlog information: IOError: 
[2022-01-10 14:28:31,265 I 18208 18472] raylet_client.cc:336: Error reporting task backlog information: IOError: 
[2022-01-10 14:28:32,266 I 18208 18472] raylet_client.cc:336: Error reporting task backlog information: IOError: 
[2022-01-10 14:28:33,266 I 18208 18472] raylet_client.cc:336: Error reporting task backlog information: IOError: 
[2022-01-10 14:28:34,266 I 18208 18472] raylet_client.cc:336: Error reporting task backlog information: IOError: 
[2022-01-10 14:28:35,164 E 18208 18338] gcs_server_address_updater.cc:76: Failed to receive the GCS address for 600 times without success. The worker will exit ungracefully. It is because GCS has died. It could be because there was an issue that kills GCS, such as high memory usage triggering OOM killer to kill GCS. Cluster will be highly likely unavailable if you see this log. Please check the log from gcs_server.err.
