[2022-01-28 11:50:47,023 I 34058 34058] core_worker.cc:132: Constructing CoreWorkerProcess. pid: 34058
[2022-01-28 11:50:47,074 I 34058 34058] grpc_server.cc:112: worker server started, listening on port 41045.
[2022-01-28 11:50:47,077 I 34058 34058] core_worker.cc:479: Initializing worker at address: 131.215.21.210:41045, worker ID 2d96bd8d6ec4195ca575b9b37f569c010395239f1815fff868bfe353, raylet d0bc2b605e763a5a2ffefa3ac93cc69d1588e71f58c972b42bfce3e2
[2022-01-28 11:50:47,188 I 34058 34058] io_service_pool.cc:35: IOServicePool is running with 1 io_service.
[2022-01-28 11:50:47,188 I 34058 34302] accessor.cc:560: Received notification for node id = d0bc2b605e763a5a2ffefa3ac93cc69d1588e71f58c972b42bfce3e2, IsAlive = 1
[2022-01-28 11:51:04,083 W 34058 34167] gcs_server_address_updater.cc:61: [1] Failed to get the gcs server address from raylet 1 times in a row. If it keeps failing to obtain the address, the worker might crash. Connection status IOError: 
[2022-01-28 11:51:05,082 I 34058 34302] raylet_client.cc:336: Error reporting task backlog information: IOError: 
[2022-01-28 11:51:05,190 I 34058 34302] raylet_client.cc:336: Error reporting task backlog information: IOError: 
[2022-01-28 11:51:06,190 I 34058 34302] raylet_client.cc:336: Error reporting task backlog information: IOError: 
[2022-01-28 11:51:07,190 I 34058 34302] raylet_client.cc:336: Error reporting task backlog information: IOError: 
[2022-01-28 11:51:07,208 W 34058 34303] metric_exporter.cc:206: Export metrics to agent failed: IOError: . This won't affect Ray, but you can lose metrics from the cluster.
[2022-01-28 11:51:08,191 I 34058 34302] raylet_client.cc:336: Error reporting task backlog information: IOError: 
[2022-01-28 11:51:09,191 I 34058 34302] raylet_client.cc:336: Error reporting task backlog information: IOError: 
[2022-01-28 11:51:10,191 I 34058 34302] raylet_client.cc:336: Error reporting task backlog information: IOError: 
[2022-01-28 11:51:11,191 I 34058 34302] raylet_client.cc:336: Error reporting task backlog information: IOError: 
[2022-01-28 11:51:12,192 I 34058 34302] raylet_client.cc:336: Error reporting task backlog information: IOError: 
[2022-01-28 11:51:13,192 I 34058 34302] raylet_client.cc:336: Error reporting task backlog information: IOError: 
[2022-01-28 11:51:14,192 I 34058 34302] raylet_client.cc:336: Error reporting task backlog information: IOError: 
[2022-01-28 11:51:15,192 I 34058 34302] raylet_client.cc:336: Error reporting task backlog information: IOError: 
[2022-01-28 11:51:16,192 I 34058 34302] raylet_client.cc:336: Error reporting task backlog information: IOError: 
[2022-01-28 11:51:17,193 I 34058 34302] raylet_client.cc:336: Error reporting task backlog information: IOError: 
[2022-01-28 11:51:17,220 W 34058 34303] metric_exporter.cc:206: Export metrics to agent failed: IOError: . This won't affect Ray, but you can lose metrics from the cluster.
[2022-01-28 11:51:18,193 I 34058 34302] raylet_client.cc:336: Error reporting task backlog information: IOError: 
[2022-01-28 11:51:19,193 I 34058 34302] raylet_client.cc:336: Error reporting task backlog information: IOError: 
[2022-01-28 11:51:20,193 I 34058 34302] raylet_client.cc:336: Error reporting task backlog information: IOError: 
[2022-01-28 11:51:21,193 I 34058 34302] raylet_client.cc:336: Error reporting task backlog information: IOError: 
[2022-01-28 11:51:22,194 I 34058 34302] raylet_client.cc:336: Error reporting task backlog information: IOError: 
[2022-01-28 11:51:23,194 I 34058 34302] raylet_client.cc:336: Error reporting task backlog information: IOError: 
[2022-01-28 11:51:24,194 I 34058 34302] raylet_client.cc:336: Error reporting task backlog information: IOError: 
[2022-01-28 11:51:25,194 I 34058 34302] raylet_client.cc:336: Error reporting task backlog information: IOError: 
[2022-01-28 11:51:26,194 I 34058 34302] raylet_client.cc:336: Error reporting task backlog information: IOError: 
[2022-01-28 11:51:27,195 I 34058 34302] raylet_client.cc:336: Error reporting task backlog information: IOError: 
[2022-01-28 11:51:27,230 W 34058 34303] metric_exporter.cc:206: Export metrics to agent failed: IOError: . This won't affect Ray, but you can lose metrics from the cluster.
[2022-01-28 11:51:28,195 I 34058 34302] raylet_client.cc:336: Error reporting task backlog information: IOError: 
[2022-01-28 11:51:29,195 I 34058 34302] raylet_client.cc:336: Error reporting task backlog information: IOError: 
[2022-01-28 11:51:30,195 I 34058 34302] raylet_client.cc:336: Error reporting task backlog information: IOError: 
[2022-01-28 11:51:31,196 I 34058 34302] raylet_client.cc:336: Error reporting task backlog information: IOError: 
[2022-01-28 11:51:32,196 I 34058 34302] raylet_client.cc:336: Error reporting task backlog information: IOError: 
[2022-01-28 11:51:33,196 I 34058 34302] raylet_client.cc:336: Error reporting task backlog information: IOError: 
[2022-01-28 11:51:34,196 I 34058 34302] raylet_client.cc:336: Error reporting task backlog information: IOError: 
[2022-01-28 11:51:35,196 I 34058 34302] raylet_client.cc:336: Error reporting task backlog information: IOError: 
[2022-01-28 11:51:36,197 I 34058 34302] raylet_client.cc:336: Error reporting task backlog information: IOError: 
[2022-01-28 11:51:37,197 I 34058 34302] raylet_client.cc:336: Error reporting task backlog information: IOError: 
[2022-01-28 11:51:37,241 W 34058 34303] metric_exporter.cc:206: Export metrics to agent failed: IOError: . This won't affect Ray, but you can lose metrics from the cluster.
[2022-01-28 11:51:38,197 I 34058 34302] raylet_client.cc:336: Error reporting task backlog information: IOError: 
[2022-01-28 11:51:39,197 I 34058 34302] raylet_client.cc:336: Error reporting task backlog information: IOError: 
[2022-01-28 11:51:40,197 I 34058 34302] raylet_client.cc:336: Error reporting task backlog information: IOError: 
[2022-01-28 11:51:41,198 I 34058 34302] raylet_client.cc:336: Error reporting task backlog information: IOError: 
[2022-01-28 11:51:42,198 I 34058 34302] raylet_client.cc:336: Error reporting task backlog information: IOError: 
[2022-01-28 11:51:43,198 I 34058 34302] raylet_client.cc:336: Error reporting task backlog information: IOError: 
[2022-01-28 11:51:44,198 I 34058 34302] raylet_client.cc:336: Error reporting task backlog information: IOError: 
[2022-01-28 11:51:45,199 I 34058 34302] raylet_client.cc:336: Error reporting task backlog information: IOError: 
[2022-01-28 11:51:46,199 I 34058 34302] raylet_client.cc:336: Error reporting task backlog information: IOError: 
[2022-01-28 11:51:47,199 I 34058 34302] raylet_client.cc:336: Error reporting task backlog information: IOError: 
[2022-01-28 11:51:47,252 W 34058 34303] metric_exporter.cc:206: Export metrics to agent failed: IOError: . This won't affect Ray, but you can lose metrics from the cluster.
[2022-01-28 11:51:48,199 I 34058 34302] raylet_client.cc:336: Error reporting task backlog information: IOError: 
[2022-01-28 11:51:49,200 I 34058 34302] raylet_client.cc:336: Error reporting task backlog information: IOError: 
[2022-01-28 11:51:50,200 I 34058 34302] raylet_client.cc:336: Error reporting task backlog information: IOError: 
[2022-01-28 11:51:51,200 I 34058 34302] raylet_client.cc:336: Error reporting task backlog information: IOError: 
[2022-01-28 11:51:52,200 I 34058 34302] raylet_client.cc:336: Error reporting task backlog information: IOError: 
[2022-01-28 11:51:53,200 I 34058 34302] raylet_client.cc:336: Error reporting task backlog information: IOError: 
[2022-01-28 11:51:54,201 I 34058 34302] raylet_client.cc:336: Error reporting task backlog information: IOError: 
[2022-01-28 11:51:55,201 I 34058 34302] raylet_client.cc:336: Error reporting task backlog information: IOError: 
[2022-01-28 11:51:56,201 I 34058 34302] raylet_client.cc:336: Error reporting task backlog information: IOError: 
[2022-01-28 11:51:57,201 I 34058 34302] raylet_client.cc:336: Error reporting task backlog information: IOError: 
[2022-01-28 11:51:57,263 W 34058 34303] metric_exporter.cc:206: Export metrics to agent failed: IOError: . This won't affect Ray, but you can lose metrics from the cluster.
[2022-01-28 11:51:58,201 I 34058 34302] raylet_client.cc:336: Error reporting task backlog information: IOError: 
[2022-01-28 11:51:59,202 I 34058 34302] raylet_client.cc:336: Error reporting task backlog information: IOError: 
[2022-01-28 11:52:00,202 I 34058 34302] raylet_client.cc:336: Error reporting task backlog information: IOError: 
[2022-01-28 11:52:01,202 I 34058 34302] raylet_client.cc:336: Error reporting task backlog information: IOError: 
[2022-01-28 11:52:02,202 I 34058 34302] raylet_client.cc:336: Error reporting task backlog information: IOError: 
[2022-01-28 11:52:03,203 I 34058 34302] raylet_client.cc:336: Error reporting task backlog information: IOError: 
[2022-01-28 11:52:04,203 I 34058 34302] raylet_client.cc:336: Error reporting task backlog information: IOError: 
[2022-01-28 11:52:05,203 I 34058 34302] raylet_client.cc:336: Error reporting task backlog information: IOError: 
[2022-01-28 11:52:06,203 I 34058 34302] raylet_client.cc:336: Error reporting task backlog information: IOError: 
[2022-01-28 11:52:07,203 I 34058 34302] raylet_client.cc:336: Error reporting task backlog information: IOError: 
[2022-01-28 11:52:07,274 W 34058 34303] metric_exporter.cc:206: Export metrics to agent failed: IOError: . This won't affect Ray, but you can lose metrics from the cluster.
[2022-01-28 11:52:08,204 I 34058 34302] raylet_client.cc:336: Error reporting task backlog information: IOError: 
[2022-01-28 11:52:09,204 I 34058 34302] raylet_client.cc:336: Error reporting task backlog information: IOError: 
[2022-01-28 11:52:10,204 I 34058 34302] raylet_client.cc:336: Error reporting task backlog information: IOError: 
[2022-01-28 11:52:11,204 I 34058 34302] raylet_client.cc:336: Error reporting task backlog information: IOError: 
[2022-01-28 11:52:12,204 I 34058 34302] raylet_client.cc:336: Error reporting task backlog information: IOError: 
[2022-01-28 11:52:13,205 I 34058 34302] raylet_client.cc:336: Error reporting task backlog information: IOError: 
[2022-01-28 11:52:14,205 I 34058 34302] raylet_client.cc:336: Error reporting task backlog information: IOError: 
[2022-01-28 11:52:15,205 I 34058 34302] raylet_client.cc:336: Error reporting task backlog information: IOError: 
[2022-01-28 11:52:16,205 I 34058 34302] raylet_client.cc:336: Error reporting task backlog information: IOError: 
[2022-01-28 11:52:17,206 I 34058 34302] raylet_client.cc:336: Error reporting task backlog information: IOError: 
[2022-01-28 11:52:17,285 W 34058 34303] metric_exporter.cc:206: Export metrics to agent failed: IOError: . This won't affect Ray, but you can lose metrics from the cluster.
[2022-01-28 11:52:18,206 I 34058 34302] raylet_client.cc:336: Error reporting task backlog information: IOError: 
[2022-01-28 11:52:19,206 I 34058 34302] raylet_client.cc:336: Error reporting task backlog information: IOError: 
[2022-01-28 11:52:20,206 I 34058 34302] raylet_client.cc:336: Error reporting task backlog information: IOError: 
[2022-01-28 11:52:21,206 I 34058 34302] raylet_client.cc:336: Error reporting task backlog information: IOError: 
[2022-01-28 11:52:22,207 I 34058 34302] raylet_client.cc:336: Error reporting task backlog information: IOError: 
[2022-01-28 11:52:23,207 I 34058 34302] raylet_client.cc:336: Error reporting task backlog information: IOError: 
[2022-01-28 11:52:24,207 I 34058 34302] raylet_client.cc:336: Error reporting task backlog information: IOError: 
[2022-01-28 11:52:25,207 I 34058 34302] raylet_client.cc:336: Error reporting task backlog information: IOError: 
[2022-01-28 11:52:26,208 I 34058 34302] raylet_client.cc:336: Error reporting task backlog information: IOError: 
[2022-01-28 11:52:27,208 I 34058 34302] raylet_client.cc:336: Error reporting task backlog information: IOError: 
[2022-01-28 11:52:27,295 W 34058 34303] metric_exporter.cc:206: Export metrics to agent failed: IOError: . This won't affect Ray, but you can lose metrics from the cluster.
[2022-01-28 11:52:28,208 I 34058 34302] raylet_client.cc:336: Error reporting task backlog information: IOError: 
[2022-01-28 11:52:29,208 I 34058 34302] raylet_client.cc:336: Error reporting task backlog information: IOError: 
[2022-01-28 11:52:30,208 I 34058 34302] raylet_client.cc:336: Error reporting task backlog information: IOError: 
[2022-01-28 11:52:31,209 I 34058 34302] raylet_client.cc:336: Error reporting task backlog information: IOError: 
[2022-01-28 11:52:32,209 I 34058 34302] raylet_client.cc:336: Error reporting task backlog information: IOError: 
[2022-01-28 11:52:33,209 I 34058 34302] raylet_client.cc:336: Error reporting task backlog information: IOError: 
[2022-01-28 11:52:34,209 I 34058 34302] raylet_client.cc:336: Error reporting task backlog information: IOError: 
[2022-01-28 11:52:35,210 I 34058 34302] raylet_client.cc:336: Error reporting task backlog information: IOError: 
[2022-01-28 11:52:36,210 I 34058 34302] raylet_client.cc:336: Error reporting task backlog information: IOError: 
[2022-01-28 11:52:37,210 I 34058 34302] raylet_client.cc:336: Error reporting task backlog information: IOError: 
[2022-01-28 11:52:37,306 W 34058 34303] metric_exporter.cc:206: Export metrics to agent failed: IOError: . This won't affect Ray, but you can lose metrics from the cluster.
[2022-01-28 11:52:38,210 I 34058 34302] raylet_client.cc:336: Error reporting task backlog information: IOError: 
[2022-01-28 11:52:39,211 I 34058 34302] raylet_client.cc:336: Error reporting task backlog information: IOError: 
[2022-01-28 11:52:40,211 I 34058 34302] raylet_client.cc:336: Error reporting task backlog information: IOError: 
[2022-01-28 11:52:41,211 I 34058 34302] raylet_client.cc:336: Error reporting task backlog information: IOError: 
[2022-01-28 11:52:42,211 I 34058 34302] raylet_client.cc:336: Error reporting task backlog information: IOError: 
[2022-01-28 11:52:43,211 I 34058 34302] raylet_client.cc:336: Error reporting task backlog information: IOError: 
[2022-01-28 11:52:44,212 I 34058 34302] raylet_client.cc:336: Error reporting task backlog information: IOError: 
[2022-01-28 11:52:45,212 I 34058 34302] raylet_client.cc:336: Error reporting task backlog information: IOError: 
[2022-01-28 11:52:46,212 I 34058 34302] raylet_client.cc:336: Error reporting task backlog information: IOError: 
[2022-01-28 11:52:47,212 I 34058 34302] raylet_client.cc:336: Error reporting task backlog information: IOError: 
[2022-01-28 11:52:47,318 W 34058 34303] metric_exporter.cc:206: Export metrics to agent failed: IOError: . This won't affect Ray, but you can lose metrics from the cluster.
[2022-01-28 11:52:48,212 I 34058 34302] raylet_client.cc:336: Error reporting task backlog information: IOError: 
[2022-01-28 11:52:49,213 I 34058 34302] raylet_client.cc:336: Error reporting task backlog information: IOError: 
[2022-01-28 11:52:50,213 I 34058 34302] raylet_client.cc:336: Error reporting task backlog information: IOError: 
[2022-01-28 11:52:51,213 I 34058 34302] raylet_client.cc:336: Error reporting task backlog information: IOError: 
[2022-01-28 11:52:52,213 I 34058 34302] raylet_client.cc:336: Error reporting task backlog information: IOError: 
[2022-01-28 11:52:53,214 I 34058 34302] raylet_client.cc:336: Error reporting task backlog information: IOError: 
[2022-01-28 11:52:54,214 I 34058 34302] raylet_client.cc:336: Error reporting task backlog information: IOError: 
[2022-01-28 11:52:55,214 I 34058 34302] raylet_client.cc:336: Error reporting task backlog information: IOError: 
[2022-01-28 11:52:56,214 I 34058 34302] raylet_client.cc:336: Error reporting task backlog information: IOError: 
[2022-01-28 11:52:57,215 I 34058 34302] raylet_client.cc:336: Error reporting task backlog information: IOError: 
[2022-01-28 11:52:57,328 W 34058 34303] metric_exporter.cc:206: Export metrics to agent failed: IOError: . This won't affect Ray, but you can lose metrics from the cluster.
[2022-01-28 11:52:58,215 I 34058 34302] raylet_client.cc:336: Error reporting task backlog information: IOError: 
[2022-01-28 11:52:59,215 I 34058 34302] raylet_client.cc:336: Error reporting task backlog information: IOError: 
[2022-01-28 11:53:00,215 I 34058 34302] raylet_client.cc:336: Error reporting task backlog information: IOError: 
[2022-01-28 11:53:01,215 I 34058 34302] raylet_client.cc:336: Error reporting task backlog information: IOError: 
[2022-01-28 11:53:02,216 I 34058 34302] raylet_client.cc:336: Error reporting task backlog information: IOError: 
[2022-01-28 11:53:03,216 I 34058 34302] raylet_client.cc:336: Error reporting task backlog information: IOError: 
[2022-01-28 11:53:04,216 I 34058 34302] raylet_client.cc:336: Error reporting task backlog information: IOError: 
[2022-01-28 11:53:05,216 I 34058 34302] raylet_client.cc:336: Error reporting task backlog information: IOError: 
[2022-01-28 11:53:06,217 I 34058 34302] raylet_client.cc:336: Error reporting task backlog information: IOError: 
[2022-01-28 11:53:07,217 I 34058 34302] raylet_client.cc:336: Error reporting task backlog information: IOError: 
[2022-01-28 11:53:07,339 W 34058 34303] metric_exporter.cc:206: Export metrics to agent failed: IOError: . This won't affect Ray, but you can lose metrics from the cluster.
[2022-01-28 11:53:08,217 I 34058 34302] raylet_client.cc:336: Error reporting task backlog information: IOError: 
[2022-01-28 11:53:09,217 I 34058 34302] raylet_client.cc:336: Error reporting task backlog information: IOError: 
[2022-01-28 11:53:10,217 I 34058 34302] raylet_client.cc:336: Error reporting task backlog information: IOError: 
[2022-01-28 11:53:11,218 I 34058 34302] raylet_client.cc:336: Error reporting task backlog information: IOError: 
[2022-01-28 11:53:12,218 I 34058 34302] raylet_client.cc:336: Error reporting task backlog information: IOError: 
[2022-01-28 11:53:13,218 I 34058 34302] raylet_client.cc:336: Error reporting task backlog information: IOError: 
[2022-01-28 11:53:14,218 I 34058 34302] raylet_client.cc:336: Error reporting task backlog information: IOError: 
[2022-01-28 11:53:15,218 I 34058 34302] raylet_client.cc:336: Error reporting task backlog information: IOError: 
[2022-01-28 11:53:16,219 I 34058 34302] raylet_client.cc:336: Error reporting task backlog information: IOError: 
[2022-01-28 11:53:17,219 I 34058 34302] raylet_client.cc:336: Error reporting task backlog information: IOError: 
[2022-01-28 11:53:17,350 W 34058 34303] metric_exporter.cc:206: Export metrics to agent failed: IOError: . This won't affect Ray, but you can lose metrics from the cluster.
[2022-01-28 11:53:18,219 I 34058 34302] raylet_client.cc:336: Error reporting task backlog information: IOError: 
[2022-01-28 11:53:19,220 I 34058 34302] raylet_client.cc:336: Error reporting task backlog information: IOError: 
[2022-01-28 11:53:20,220 I 34058 34302] raylet_client.cc:336: Error reporting task backlog information: IOError: 
[2022-01-28 11:53:21,220 I 34058 34302] raylet_client.cc:336: Error reporting task backlog information: IOError: 
[2022-01-28 11:53:22,220 I 34058 34302] raylet_client.cc:336: Error reporting task backlog information: IOError: 
[2022-01-28 11:53:23,220 I 34058 34302] raylet_client.cc:336: Error reporting task backlog information: IOError: 
[2022-01-28 11:53:24,221 I 34058 34302] raylet_client.cc:336: Error reporting task backlog information: IOError: 
[2022-01-28 11:53:25,221 I 34058 34302] raylet_client.cc:336: Error reporting task backlog information: IOError: 
[2022-01-28 11:53:26,221 I 34058 34302] raylet_client.cc:336: Error reporting task backlog information: IOError: 
[2022-01-28 11:53:27,221 I 34058 34302] raylet_client.cc:336: Error reporting task backlog information: IOError: 
[2022-01-28 11:53:27,360 W 34058 34303] metric_exporter.cc:206: Export metrics to agent failed: IOError: . This won't affect Ray, but you can lose metrics from the cluster.
[2022-01-28 11:53:28,222 I 34058 34302] raylet_client.cc:336: Error reporting task backlog information: IOError: 
[2022-01-28 11:53:29,222 I 34058 34302] raylet_client.cc:336: Error reporting task backlog information: IOError: 
[2022-01-28 11:53:30,222 I 34058 34302] raylet_client.cc:336: Error reporting task backlog information: IOError: 
[2022-01-28 11:53:31,222 I 34058 34302] raylet_client.cc:336: Error reporting task backlog information: IOError: 
[2022-01-28 11:53:32,223 I 34058 34302] raylet_client.cc:336: Error reporting task backlog information: IOError: 
[2022-01-28 11:53:33,223 I 34058 34302] raylet_client.cc:336: Error reporting task backlog information: IOError: 
[2022-01-28 11:53:34,223 I 34058 34302] raylet_client.cc:336: Error reporting task backlog information: IOError: 
[2022-01-28 11:53:35,223 I 34058 34302] raylet_client.cc:336: Error reporting task backlog information: IOError: 
[2022-01-28 11:53:36,224 I 34058 34302] raylet_client.cc:336: Error reporting task backlog information: IOError: 
[2022-01-28 11:53:37,224 I 34058 34302] raylet_client.cc:336: Error reporting task backlog information: IOError: 
[2022-01-28 11:53:37,371 W 34058 34303] metric_exporter.cc:206: Export metrics to agent failed: IOError: . This won't affect Ray, but you can lose metrics from the cluster.
[2022-01-28 11:53:38,224 I 34058 34302] raylet_client.cc:336: Error reporting task backlog information: IOError: 
[2022-01-28 11:53:39,224 I 34058 34302] raylet_client.cc:336: Error reporting task backlog information: IOError: 
[2022-01-28 11:53:40,225 I 34058 34302] raylet_client.cc:336: Error reporting task backlog information: IOError: 
[2022-01-28 11:53:41,225 I 34058 34302] raylet_client.cc:336: Error reporting task backlog information: IOError: 
[2022-01-28 11:53:42,225 I 34058 34302] raylet_client.cc:336: Error reporting task backlog information: IOError: 
[2022-01-28 11:53:43,225 I 34058 34302] raylet_client.cc:336: Error reporting task backlog information: IOError: 
[2022-01-28 11:53:44,226 I 34058 34302] raylet_client.cc:336: Error reporting task backlog information: IOError: 
[2022-01-28 11:53:45,226 I 34058 34302] raylet_client.cc:336: Error reporting task backlog information: IOError: 
[2022-01-28 11:53:46,226 I 34058 34302] raylet_client.cc:336: Error reporting task backlog information: IOError: 
[2022-01-28 11:53:47,226 I 34058 34302] raylet_client.cc:336: Error reporting task backlog information: IOError: 
[2022-01-28 11:53:47,382 W 34058 34303] metric_exporter.cc:206: Export metrics to agent failed: IOError: . This won't affect Ray, but you can lose metrics from the cluster.
[2022-01-28 11:53:48,226 I 34058 34302] raylet_client.cc:336: Error reporting task backlog information: IOError: 
[2022-01-28 11:53:49,227 I 34058 34302] raylet_client.cc:336: Error reporting task backlog information: IOError: 
[2022-01-28 11:53:50,227 I 34058 34302] raylet_client.cc:336: Error reporting task backlog information: IOError: 
[2022-01-28 11:53:51,227 I 34058 34302] raylet_client.cc:336: Error reporting task backlog information: IOError: 
[2022-01-28 11:53:52,227 I 34058 34302] raylet_client.cc:336: Error reporting task backlog information: IOError: 
[2022-01-28 11:53:53,228 I 34058 34302] raylet_client.cc:336: Error reporting task backlog information: IOError: 
[2022-01-28 11:53:54,228 I 34058 34302] raylet_client.cc:336: Error reporting task backlog information: IOError: 
[2022-01-28 11:53:55,228 I 34058 34302] raylet_client.cc:336: Error reporting task backlog information: IOError: 
[2022-01-28 11:53:56,228 I 34058 34302] raylet_client.cc:336: Error reporting task backlog information: IOError: 
[2022-01-28 11:53:57,228 I 34058 34302] raylet_client.cc:336: Error reporting task backlog information: IOError: 
[2022-01-28 11:53:57,393 W 34058 34303] metric_exporter.cc:206: Export metrics to agent failed: IOError: . This won't affect Ray, but you can lose metrics from the cluster.
[2022-01-28 11:53:58,228 I 34058 34302] raylet_client.cc:336: Error reporting task backlog information: IOError: 
[2022-01-28 11:53:59,229 I 34058 34302] raylet_client.cc:336: Error reporting task backlog information: IOError: 
[2022-01-28 11:54:00,229 I 34058 34302] raylet_client.cc:336: Error reporting task backlog information: IOError: 
[2022-01-28 11:54:01,229 I 34058 34302] raylet_client.cc:336: Error reporting task backlog information: IOError: 
[2022-01-28 11:54:02,229 I 34058 34302] raylet_client.cc:336: Error reporting task backlog information: IOError: 
[2022-01-28 11:54:03,229 I 34058 34302] raylet_client.cc:336: Error reporting task backlog information: IOError: 
[2022-01-28 11:54:04,230 I 34058 34302] raylet_client.cc:336: Error reporting task backlog information: IOError: 
[2022-01-28 11:54:05,230 I 34058 34302] raylet_client.cc:336: Error reporting task backlog information: IOError: 
[2022-01-28 11:54:06,230 I 34058 34302] raylet_client.cc:336: Error reporting task backlog information: IOError: 
[2022-01-28 11:54:07,230 I 34058 34302] raylet_client.cc:336: Error reporting task backlog information: IOError: 
[2022-01-28 11:54:07,404 W 34058 34303] metric_exporter.cc:206: Export metrics to agent failed: IOError: . This won't affect Ray, but you can lose metrics from the cluster.
[2022-01-28 11:54:08,231 I 34058 34302] raylet_client.cc:336: Error reporting task backlog information: IOError: 
[2022-01-28 11:54:09,231 I 34058 34302] raylet_client.cc:336: Error reporting task backlog information: IOError: 
[2022-01-28 11:54:10,231 I 34058 34302] raylet_client.cc:336: Error reporting task backlog information: IOError: 
[2022-01-28 11:54:11,231 I 34058 34302] raylet_client.cc:336: Error reporting task backlog information: IOError: 
[2022-01-28 11:54:12,232 I 34058 34302] raylet_client.cc:336: Error reporting task backlog information: IOError: 
[2022-01-28 11:54:13,232 I 34058 34302] raylet_client.cc:336: Error reporting task backlog information: IOError: 
[2022-01-28 11:54:14,232 I 34058 34302] raylet_client.cc:336: Error reporting task backlog information: IOError: 
[2022-01-28 11:54:15,232 I 34058 34302] raylet_client.cc:336: Error reporting task backlog information: IOError: 
[2022-01-28 11:54:16,233 I 34058 34302] raylet_client.cc:336: Error reporting task backlog information: IOError: 
[2022-01-28 11:54:17,233 I 34058 34302] raylet_client.cc:336: Error reporting task backlog information: IOError: 
[2022-01-28 11:54:17,416 W 34058 34303] metric_exporter.cc:206: Export metrics to agent failed: IOError: . This won't affect Ray, but you can lose metrics from the cluster.
[2022-01-28 11:54:18,233 I 34058 34302] raylet_client.cc:336: Error reporting task backlog information: IOError: 
[2022-01-28 11:54:19,233 I 34058 34302] raylet_client.cc:336: Error reporting task backlog information: IOError: 
[2022-01-28 11:54:20,234 I 34058 34302] raylet_client.cc:336: Error reporting task backlog information: IOError: 
[2022-01-28 11:54:21,234 I 34058 34302] raylet_client.cc:336: Error reporting task backlog information: IOError: 
[2022-01-28 11:54:22,234 I 34058 34302] raylet_client.cc:336: Error reporting task backlog information: IOError: 
[2022-01-28 11:54:23,235 I 34058 34302] raylet_client.cc:336: Error reporting task backlog information: IOError: 
[2022-01-28 11:54:24,235 I 34058 34302] raylet_client.cc:336: Error reporting task backlog information: IOError: 
[2022-01-28 11:54:25,235 I 34058 34302] raylet_client.cc:336: Error reporting task backlog information: IOError: 
[2022-01-28 11:54:26,235 I 34058 34302] raylet_client.cc:336: Error reporting task backlog information: IOError: 
[2022-01-28 11:54:27,236 I 34058 34302] raylet_client.cc:336: Error reporting task backlog information: IOError: 
[2022-01-28 11:54:27,428 W 34058 34303] metric_exporter.cc:206: Export metrics to agent failed: IOError: . This won't affect Ray, but you can lose metrics from the cluster.
[2022-01-28 11:54:28,236 I 34058 34302] raylet_client.cc:336: Error reporting task backlog information: IOError: 
[2022-01-28 11:54:29,236 I 34058 34302] raylet_client.cc:336: Error reporting task backlog information: IOError: 
[2022-01-28 11:54:30,237 I 34058 34302] raylet_client.cc:336: Error reporting task backlog information: IOError: 
[2022-01-28 11:54:31,237 I 34058 34302] raylet_client.cc:336: Error reporting task backlog information: IOError: 
[2022-01-28 11:54:32,237 I 34058 34302] raylet_client.cc:336: Error reporting task backlog information: IOError: 
[2022-01-28 11:54:33,237 I 34058 34302] raylet_client.cc:336: Error reporting task backlog information: IOError: 
[2022-01-28 11:54:34,237 I 34058 34302] raylet_client.cc:336: Error reporting task backlog information: IOError: 
[2022-01-28 11:54:35,237 I 34058 34302] raylet_client.cc:336: Error reporting task backlog information: IOError: 
[2022-01-28 11:54:36,238 I 34058 34302] raylet_client.cc:336: Error reporting task backlog information: IOError: 
[2022-01-28 11:54:37,238 I 34058 34302] raylet_client.cc:336: Error reporting task backlog information: IOError: 
[2022-01-28 11:54:37,439 W 34058 34303] metric_exporter.cc:206: Export metrics to agent failed: IOError: . This won't affect Ray, but you can lose metrics from the cluster.
[2022-01-28 11:54:38,238 I 34058 34302] raylet_client.cc:336: Error reporting task backlog information: IOError: 
[2022-01-28 11:54:39,238 I 34058 34302] raylet_client.cc:336: Error reporting task backlog information: IOError: 
[2022-01-28 11:54:40,238 I 34058 34302] raylet_client.cc:336: Error reporting task backlog information: IOError: 
[2022-01-28 11:54:41,239 I 34058 34302] raylet_client.cc:336: Error reporting task backlog information: IOError: 
[2022-01-28 11:54:42,239 I 34058 34302] raylet_client.cc:336: Error reporting task backlog information: IOError: 
[2022-01-28 11:54:43,239 I 34058 34302] raylet_client.cc:336: Error reporting task backlog information: IOError: 
[2022-01-28 11:54:44,239 I 34058 34302] raylet_client.cc:336: Error reporting task backlog information: IOError: 
[2022-01-28 11:54:45,239 I 34058 34302] raylet_client.cc:336: Error reporting task backlog information: IOError: 
[2022-01-28 11:54:46,239 I 34058 34302] raylet_client.cc:336: Error reporting task backlog information: IOError: 
[2022-01-28 11:54:47,239 I 34058 34302] raylet_client.cc:336: Error reporting task backlog information: IOError: 
[2022-01-28 11:54:47,450 W 34058 34303] metric_exporter.cc:206: Export metrics to agent failed: IOError: . This won't affect Ray, but you can lose metrics from the cluster.
[2022-01-28 11:54:48,240 I 34058 34302] raylet_client.cc:336: Error reporting task backlog information: IOError: 
[2022-01-28 11:54:49,240 I 34058 34302] raylet_client.cc:336: Error reporting task backlog information: IOError: 
[2022-01-28 11:54:50,240 I 34058 34302] raylet_client.cc:336: Error reporting task backlog information: IOError: 
[2022-01-28 11:54:51,240 I 34058 34302] raylet_client.cc:336: Error reporting task backlog information: IOError: 
[2022-01-28 11:54:52,240 I 34058 34302] raylet_client.cc:336: Error reporting task backlog information: IOError: 
[2022-01-28 11:54:53,241 I 34058 34302] raylet_client.cc:336: Error reporting task backlog information: IOError: 
[2022-01-28 11:54:54,241 I 34058 34302] raylet_client.cc:336: Error reporting task backlog information: IOError: 
[2022-01-28 11:54:55,241 I 34058 34302] raylet_client.cc:336: Error reporting task backlog information: IOError: 
[2022-01-28 11:54:56,241 I 34058 34302] raylet_client.cc:336: Error reporting task backlog information: IOError: 
[2022-01-28 11:54:57,241 I 34058 34302] raylet_client.cc:336: Error reporting task backlog information: IOError: 
[2022-01-28 11:54:57,459 W 34058 34303] metric_exporter.cc:206: Export metrics to agent failed: IOError: . This won't affect Ray, but you can lose metrics from the cluster.
[2022-01-28 11:54:58,242 I 34058 34302] raylet_client.cc:336: Error reporting task backlog information: IOError: 
[2022-01-28 11:54:59,242 I 34058 34302] raylet_client.cc:336: Error reporting task backlog information: IOError: 
[2022-01-28 11:55:00,242 I 34058 34302] raylet_client.cc:336: Error reporting task backlog information: IOError: 
[2022-01-28 11:55:01,242 I 34058 34302] raylet_client.cc:336: Error reporting task backlog information: IOError: 
[2022-01-28 11:55:02,242 I 34058 34302] raylet_client.cc:336: Error reporting task backlog information: IOError: 
[2022-01-28 11:55:03,242 I 34058 34302] raylet_client.cc:336: Error reporting task backlog information: IOError: 
[2022-01-28 11:55:04,242 I 34058 34302] raylet_client.cc:336: Error reporting task backlog information: IOError: 
[2022-01-28 11:55:05,242 I 34058 34302] raylet_client.cc:336: Error reporting task backlog information: IOError: 
[2022-01-28 11:55:06,243 I 34058 34302] raylet_client.cc:336: Error reporting task backlog information: IOError: 
[2022-01-28 11:55:07,243 I 34058 34302] raylet_client.cc:336: Error reporting task backlog information: IOError: 
[2022-01-28 11:55:07,469 W 34058 34303] metric_exporter.cc:206: Export metrics to agent failed: IOError: . This won't affect Ray, but you can lose metrics from the cluster.
[2022-01-28 11:55:08,243 I 34058 34302] raylet_client.cc:336: Error reporting task backlog information: IOError: 
[2022-01-28 11:55:09,243 I 34058 34302] raylet_client.cc:336: Error reporting task backlog information: IOError: 
[2022-01-28 11:55:10,243 I 34058 34302] raylet_client.cc:336: Error reporting task backlog information: IOError: 
[2022-01-28 11:55:11,244 I 34058 34302] raylet_client.cc:336: Error reporting task backlog information: IOError: 
[2022-01-28 11:55:12,244 I 34058 34302] raylet_client.cc:336: Error reporting task backlog information: IOError: 
[2022-01-28 11:55:13,244 I 34058 34302] raylet_client.cc:336: Error reporting task backlog information: IOError: 
[2022-01-28 11:55:14,244 I 34058 34302] raylet_client.cc:336: Error reporting task backlog information: IOError: 
[2022-01-28 11:55:15,244 I 34058 34302] raylet_client.cc:336: Error reporting task backlog information: IOError: 
[2022-01-28 11:55:16,244 I 34058 34302] raylet_client.cc:336: Error reporting task backlog information: IOError: 
[2022-01-28 11:55:17,244 I 34058 34302] raylet_client.cc:336: Error reporting task backlog information: IOError: 
[2022-01-28 11:55:17,476 W 34058 34303] metric_exporter.cc:206: Export metrics to agent failed: IOError: . This won't affect Ray, but you can lose metrics from the cluster.
[2022-01-28 11:55:18,244 I 34058 34302] raylet_client.cc:336: Error reporting task backlog information: IOError: 
[2022-01-28 11:55:19,244 I 34058 34302] raylet_client.cc:336: Error reporting task backlog information: IOError: 
[2022-01-28 11:55:20,244 I 34058 34302] raylet_client.cc:336: Error reporting task backlog information: IOError: 
[2022-01-28 11:55:21,244 I 34058 34302] raylet_client.cc:336: Error reporting task backlog information: IOError: 
[2022-01-28 11:55:22,244 I 34058 34302] raylet_client.cc:336: Error reporting task backlog information: IOError: 
[2022-01-28 11:55:23,244 I 34058 34302] raylet_client.cc:336: Error reporting task backlog information: IOError: 
[2022-01-28 11:55:24,245 I 34058 34302] raylet_client.cc:336: Error reporting task backlog information: IOError: 
[2022-01-28 11:55:25,245 I 34058 34302] raylet_client.cc:336: Error reporting task backlog information: IOError: 
[2022-01-28 11:55:26,245 I 34058 34302] raylet_client.cc:336: Error reporting task backlog information: IOError: 
[2022-01-28 11:55:27,245 I 34058 34302] raylet_client.cc:336: Error reporting task backlog information: IOError: 
[2022-01-28 11:55:27,483 W 34058 34303] metric_exporter.cc:206: Export metrics to agent failed: IOError: . This won't affect Ray, but you can lose metrics from the cluster.
[2022-01-28 11:55:28,245 I 34058 34302] raylet_client.cc:336: Error reporting task backlog information: IOError: 
[2022-01-28 11:55:29,245 I 34058 34302] raylet_client.cc:336: Error reporting task backlog information: IOError: 
[2022-01-28 11:55:30,245 I 34058 34302] raylet_client.cc:336: Error reporting task backlog information: IOError: 
[2022-01-28 11:55:31,245 I 34058 34302] raylet_client.cc:336: Error reporting task backlog information: IOError: 
[2022-01-28 11:55:32,245 I 34058 34302] raylet_client.cc:336: Error reporting task backlog information: IOError: 
[2022-01-28 11:55:33,245 I 34058 34302] raylet_client.cc:336: Error reporting task backlog information: IOError: 
[2022-01-28 11:55:34,245 I 34058 34302] raylet_client.cc:336: Error reporting task backlog information: IOError: 
[2022-01-28 11:55:35,245 I 34058 34302] raylet_client.cc:336: Error reporting task backlog information: IOError: 
[2022-01-28 11:55:36,245 I 34058 34302] raylet_client.cc:336: Error reporting task backlog information: IOError: 
[2022-01-28 11:55:37,246 I 34058 34302] raylet_client.cc:336: Error reporting task backlog information: IOError: 
[2022-01-28 11:55:37,490 W 34058 34303] metric_exporter.cc:206: Export metrics to agent failed: IOError: . This won't affect Ray, but you can lose metrics from the cluster.
[2022-01-28 11:55:38,246 I 34058 34302] raylet_client.cc:336: Error reporting task backlog information: IOError: 
[2022-01-28 11:55:39,246 I 34058 34302] raylet_client.cc:336: Error reporting task backlog information: IOError: 
[2022-01-28 11:55:40,246 I 34058 34302] raylet_client.cc:336: Error reporting task backlog information: IOError: 
[2022-01-28 11:55:41,246 I 34058 34302] raylet_client.cc:336: Error reporting task backlog information: IOError: 
[2022-01-28 11:55:42,246 I 34058 34302] raylet_client.cc:336: Error reporting task backlog information: IOError: 
[2022-01-28 11:55:43,246 I 34058 34302] raylet_client.cc:336: Error reporting task backlog information: IOError: 
[2022-01-28 11:55:44,246 I 34058 34302] raylet_client.cc:336: Error reporting task backlog information: IOError: 
[2022-01-28 11:55:45,246 I 34058 34302] raylet_client.cc:336: Error reporting task backlog information: IOError: 
[2022-01-28 11:55:46,246 I 34058 34302] raylet_client.cc:336: Error reporting task backlog information: IOError: 
[2022-01-28 11:55:47,246 I 34058 34302] raylet_client.cc:336: Error reporting task backlog information: IOError: 
[2022-01-28 11:55:47,498 W 34058 34303] metric_exporter.cc:206: Export metrics to agent failed: IOError: . This won't affect Ray, but you can lose metrics from the cluster.
[2022-01-28 11:55:48,247 I 34058 34302] raylet_client.cc:336: Error reporting task backlog information: IOError: 
[2022-01-28 11:55:49,247 I 34058 34302] raylet_client.cc:336: Error reporting task backlog information: IOError: 
[2022-01-28 11:55:50,247 I 34058 34302] raylet_client.cc:336: Error reporting task backlog information: IOError: 
[2022-01-28 11:55:51,247 I 34058 34302] raylet_client.cc:336: Error reporting task backlog information: IOError: 
[2022-01-28 11:55:52,248 I 34058 34302] raylet_client.cc:336: Error reporting task backlog information: IOError: 
[2022-01-28 11:55:53,248 I 34058 34302] raylet_client.cc:336: Error reporting task backlog information: IOError: 
[2022-01-28 11:55:54,248 I 34058 34302] raylet_client.cc:336: Error reporting task backlog information: IOError: 
[2022-01-28 11:55:55,248 I 34058 34302] raylet_client.cc:336: Error reporting task backlog information: IOError: 
[2022-01-28 11:55:56,248 I 34058 34302] raylet_client.cc:336: Error reporting task backlog information: IOError: 
[2022-01-28 11:55:57,249 I 34058 34302] raylet_client.cc:336: Error reporting task backlog information: IOError: 
[2022-01-28 11:55:57,511 W 34058 34303] metric_exporter.cc:206: Export metrics to agent failed: IOError: . This won't affect Ray, but you can lose metrics from the cluster.
[2022-01-28 11:55:58,249 I 34058 34302] raylet_client.cc:336: Error reporting task backlog information: IOError: 
[2022-01-28 11:55:59,249 I 34058 34302] raylet_client.cc:336: Error reporting task backlog information: IOError: 
[2022-01-28 11:56:00,249 I 34058 34302] raylet_client.cc:336: Error reporting task backlog information: IOError: 
[2022-01-28 11:56:01,250 I 34058 34302] raylet_client.cc:336: Error reporting task backlog information: IOError: 
[2022-01-28 11:56:02,250 I 34058 34302] raylet_client.cc:336: Error reporting task backlog information: IOError: 
[2022-01-28 11:56:03,250 I 34058 34302] raylet_client.cc:336: Error reporting task backlog information: IOError: 
[2022-01-28 11:56:04,143 W 34058 34167] gcs_server_address_updater.cc:61: [301] Failed to get the gcs server address from raylet 301 times in a row. If it keeps failing to obtain the address, the worker might crash. Connection status IOError: 
[2022-01-28 11:56:04,250 I 34058 34302] raylet_client.cc:336: Error reporting task backlog information: IOError: 
[2022-01-28 11:56:05,250 I 34058 34302] raylet_client.cc:336: Error reporting task backlog information: IOError: 
[2022-01-28 11:56:06,251 I 34058 34302] raylet_client.cc:336: Error reporting task backlog information: IOError: 
[2022-01-28 11:56:07,251 I 34058 34302] raylet_client.cc:336: Error reporting task backlog information: IOError: 
[2022-01-28 11:56:07,524 W 34058 34303] metric_exporter.cc:206: Export metrics to agent failed: IOError: . This won't affect Ray, but you can lose metrics from the cluster.
[2022-01-28 11:56:08,251 I 34058 34302] raylet_client.cc:336: Error reporting task backlog information: IOError: 
[2022-01-28 11:56:09,251 I 34058 34302] raylet_client.cc:336: Error reporting task backlog information: IOError: 
[2022-01-28 11:56:10,251 I 34058 34302] raylet_client.cc:336: Error reporting task backlog information: IOError: 
[2022-01-28 11:56:11,252 I 34058 34302] raylet_client.cc:336: Error reporting task backlog information: IOError: 
[2022-01-28 11:56:12,252 I 34058 34302] raylet_client.cc:336: Error reporting task backlog information: IOError: 
[2022-01-28 11:56:13,252 I 34058 34302] raylet_client.cc:336: Error reporting task backlog information: IOError: 
[2022-01-28 11:56:14,252 I 34058 34302] raylet_client.cc:336: Error reporting task backlog information: IOError: 
[2022-01-28 11:56:15,252 I 34058 34302] raylet_client.cc:336: Error reporting task backlog information: IOError: 
[2022-01-28 11:56:16,253 I 34058 34302] raylet_client.cc:336: Error reporting task backlog information: IOError: 
[2022-01-28 11:56:17,253 I 34058 34302] raylet_client.cc:336: Error reporting task backlog information: IOError: 
[2022-01-28 11:56:17,537 W 34058 34303] metric_exporter.cc:206: Export metrics to agent failed: IOError: . This won't affect Ray, but you can lose metrics from the cluster.
[2022-01-28 11:56:18,253 I 34058 34302] raylet_client.cc:336: Error reporting task backlog information: IOError: 
[2022-01-28 11:56:19,253 I 34058 34302] raylet_client.cc:336: Error reporting task backlog information: IOError: 
[2022-01-28 11:56:20,254 I 34058 34302] raylet_client.cc:336: Error reporting task backlog information: IOError: 
[2022-01-28 11:56:21,254 I 34058 34302] raylet_client.cc:336: Error reporting task backlog information: IOError: 
[2022-01-28 11:56:22,254 I 34058 34302] raylet_client.cc:336: Error reporting task backlog information: IOError: 
[2022-01-28 11:56:23,255 I 34058 34302] raylet_client.cc:336: Error reporting task backlog information: IOError: 
[2022-01-28 11:56:24,255 I 34058 34302] raylet_client.cc:336: Error reporting task backlog information: IOError: 
[2022-01-28 11:56:25,255 I 34058 34302] raylet_client.cc:336: Error reporting task backlog information: IOError: 
[2022-01-28 11:56:26,256 I 34058 34302] raylet_client.cc:336: Error reporting task backlog information: IOError: 
[2022-01-28 11:56:27,256 I 34058 34302] raylet_client.cc:336: Error reporting task backlog information: IOError: 
[2022-01-28 11:56:27,550 W 34058 34303] metric_exporter.cc:206: Export metrics to agent failed: IOError: . This won't affect Ray, but you can lose metrics from the cluster.
[2022-01-28 11:56:28,256 I 34058 34302] raylet_client.cc:336: Error reporting task backlog information: IOError: 
[2022-01-28 11:56:29,256 I 34058 34302] raylet_client.cc:336: Error reporting task backlog information: IOError: 
[2022-01-28 11:56:30,257 I 34058 34302] raylet_client.cc:336: Error reporting task backlog information: IOError: 
[2022-01-28 11:56:31,257 I 34058 34302] raylet_client.cc:336: Error reporting task backlog information: IOError: 
[2022-01-28 11:56:32,257 I 34058 34302] raylet_client.cc:336: Error reporting task backlog information: IOError: 
[2022-01-28 11:56:33,257 I 34058 34302] raylet_client.cc:336: Error reporting task backlog information: IOError: 
[2022-01-28 11:56:34,258 I 34058 34302] raylet_client.cc:336: Error reporting task backlog information: IOError: 
[2022-01-28 11:56:35,258 I 34058 34302] raylet_client.cc:336: Error reporting task backlog information: IOError: 
[2022-01-28 11:56:36,258 I 34058 34302] raylet_client.cc:336: Error reporting task backlog information: IOError: 
[2022-01-28 11:56:37,258 I 34058 34302] raylet_client.cc:336: Error reporting task backlog information: IOError: 
[2022-01-28 11:56:37,565 W 34058 34303] metric_exporter.cc:206: Export metrics to agent failed: IOError: . This won't affect Ray, but you can lose metrics from the cluster.
[2022-01-28 11:56:38,259 I 34058 34302] raylet_client.cc:336: Error reporting task backlog information: IOError: 
[2022-01-28 11:56:39,259 I 34058 34302] raylet_client.cc:336: Error reporting task backlog information: IOError: 
[2022-01-28 11:56:40,259 I 34058 34302] raylet_client.cc:336: Error reporting task backlog information: IOError: 
[2022-01-28 11:56:41,259 I 34058 34302] raylet_client.cc:336: Error reporting task backlog information: IOError: 
[2022-01-28 11:56:42,260 I 34058 34302] raylet_client.cc:336: Error reporting task backlog information: IOError: 
[2022-01-28 11:56:43,260 I 34058 34302] raylet_client.cc:336: Error reporting task backlog information: IOError: 
[2022-01-28 11:56:44,260 I 34058 34302] raylet_client.cc:336: Error reporting task backlog information: IOError: 
[2022-01-28 11:56:45,260 I 34058 34302] raylet_client.cc:336: Error reporting task backlog information: IOError: 
[2022-01-28 11:56:46,261 I 34058 34302] raylet_client.cc:336: Error reporting task backlog information: IOError: 
[2022-01-28 11:56:47,261 I 34058 34302] raylet_client.cc:336: Error reporting task backlog information: IOError: 
[2022-01-28 11:56:47,577 W 34058 34303] metric_exporter.cc:206: Export metrics to agent failed: IOError: . This won't affect Ray, but you can lose metrics from the cluster.
[2022-01-28 11:56:48,261 I 34058 34302] raylet_client.cc:336: Error reporting task backlog information: IOError: 
[2022-01-28 11:56:49,261 I 34058 34302] raylet_client.cc:336: Error reporting task backlog information: IOError: 
[2022-01-28 11:56:50,262 I 34058 34302] raylet_client.cc:336: Error reporting task backlog information: IOError: 
[2022-01-28 11:56:51,262 I 34058 34302] raylet_client.cc:336: Error reporting task backlog information: IOError: 
[2022-01-28 11:56:52,262 I 34058 34302] raylet_client.cc:336: Error reporting task backlog information: IOError: 
[2022-01-28 11:56:53,262 I 34058 34302] raylet_client.cc:336: Error reporting task backlog information: IOError: 
[2022-01-28 11:56:54,263 I 34058 34302] raylet_client.cc:336: Error reporting task backlog information: IOError: 
[2022-01-28 11:56:55,263 I 34058 34302] raylet_client.cc:336: Error reporting task backlog information: IOError: 
[2022-01-28 11:56:56,263 I 34058 34302] raylet_client.cc:336: Error reporting task backlog information: IOError: 
[2022-01-28 11:56:57,263 I 34058 34302] raylet_client.cc:336: Error reporting task backlog information: IOError: 
[2022-01-28 11:56:57,590 W 34058 34303] metric_exporter.cc:206: Export metrics to agent failed: IOError: . This won't affect Ray, but you can lose metrics from the cluster.
[2022-01-28 11:56:58,264 I 34058 34302] raylet_client.cc:336: Error reporting task backlog information: IOError: 
[2022-01-28 11:56:59,264 I 34058 34302] raylet_client.cc:336: Error reporting task backlog information: IOError: 
[2022-01-28 11:57:00,264 I 34058 34302] raylet_client.cc:336: Error reporting task backlog information: IOError: 
[2022-01-28 11:57:01,264 I 34058 34302] raylet_client.cc:336: Error reporting task backlog information: IOError: 
[2022-01-28 11:57:02,265 I 34058 34302] raylet_client.cc:336: Error reporting task backlog information: IOError: 
[2022-01-28 11:57:03,265 I 34058 34302] raylet_client.cc:336: Error reporting task backlog information: IOError: 
[2022-01-28 11:57:04,265 I 34058 34302] raylet_client.cc:336: Error reporting task backlog information: IOError: 
[2022-01-28 11:57:05,266 I 34058 34302] raylet_client.cc:336: Error reporting task backlog information: IOError: 
[2022-01-28 11:57:06,266 I 34058 34302] raylet_client.cc:336: Error reporting task backlog information: IOError: 
[2022-01-28 11:57:07,266 I 34058 34302] raylet_client.cc:336: Error reporting task backlog information: IOError: 
[2022-01-28 11:57:07,602 W 34058 34303] metric_exporter.cc:206: Export metrics to agent failed: IOError: . This won't affect Ray, but you can lose metrics from the cluster.
[2022-01-28 11:57:08,266 I 34058 34302] raylet_client.cc:336: Error reporting task backlog information: IOError: 
[2022-01-28 11:57:09,267 I 34058 34302] raylet_client.cc:336: Error reporting task backlog information: IOError: 
[2022-01-28 11:57:10,267 I 34058 34302] raylet_client.cc:336: Error reporting task backlog information: IOError: 
[2022-01-28 11:57:11,267 I 34058 34302] raylet_client.cc:336: Error reporting task backlog information: IOError: 
[2022-01-28 11:57:12,267 I 34058 34302] raylet_client.cc:336: Error reporting task backlog information: IOError: 
[2022-01-28 11:57:13,267 I 34058 34302] raylet_client.cc:336: Error reporting task backlog information: IOError: 
[2022-01-28 11:57:14,268 I 34058 34302] raylet_client.cc:336: Error reporting task backlog information: IOError: 
[2022-01-28 11:57:15,268 I 34058 34302] raylet_client.cc:336: Error reporting task backlog information: IOError: 
[2022-01-28 11:57:16,268 I 34058 34302] raylet_client.cc:336: Error reporting task backlog information: IOError: 
[2022-01-28 11:57:17,268 I 34058 34302] raylet_client.cc:336: Error reporting task backlog information: IOError: 
[2022-01-28 11:57:17,613 W 34058 34303] metric_exporter.cc:206: Export metrics to agent failed: IOError: . This won't affect Ray, but you can lose metrics from the cluster.
[2022-01-28 11:57:18,269 I 34058 34302] raylet_client.cc:336: Error reporting task backlog information: IOError: 
[2022-01-28 11:57:19,269 I 34058 34302] raylet_client.cc:336: Error reporting task backlog information: IOError: 
[2022-01-28 11:57:20,269 I 34058 34302] raylet_client.cc:336: Error reporting task backlog information: IOError: 
[2022-01-28 11:57:21,270 I 34058 34302] raylet_client.cc:336: Error reporting task backlog information: IOError: 
[2022-01-28 11:57:22,270 I 34058 34302] raylet_client.cc:336: Error reporting task backlog information: IOError: 
[2022-01-28 11:57:23,270 I 34058 34302] raylet_client.cc:336: Error reporting task backlog information: IOError: 
[2022-01-28 11:57:24,270 I 34058 34302] raylet_client.cc:336: Error reporting task backlog information: IOError: 
[2022-01-28 11:57:25,270 I 34058 34302] raylet_client.cc:336: Error reporting task backlog information: IOError: 
[2022-01-28 11:57:26,271 I 34058 34302] raylet_client.cc:336: Error reporting task backlog information: IOError: 
[2022-01-28 11:57:27,271 I 34058 34302] raylet_client.cc:336: Error reporting task backlog information: IOError: 
[2022-01-28 11:57:27,626 W 34058 34303] metric_exporter.cc:206: Export metrics to agent failed: IOError: . This won't affect Ray, but you can lose metrics from the cluster.
[2022-01-28 11:57:28,271 I 34058 34302] raylet_client.cc:336: Error reporting task backlog information: IOError: 
[2022-01-28 11:57:29,272 I 34058 34302] raylet_client.cc:336: Error reporting task backlog information: IOError: 
[2022-01-28 11:57:30,272 I 34058 34302] raylet_client.cc:336: Error reporting task backlog information: IOError: 
[2022-01-28 11:57:31,272 I 34058 34302] raylet_client.cc:336: Error reporting task backlog information: IOError: 
[2022-01-28 11:57:32,272 I 34058 34302] raylet_client.cc:336: Error reporting task backlog information: IOError: 
[2022-01-28 11:57:33,272 I 34058 34302] raylet_client.cc:336: Error reporting task backlog information: IOError: 
[2022-01-28 11:57:34,273 I 34058 34302] raylet_client.cc:336: Error reporting task backlog information: IOError: 
[2022-01-28 11:57:35,273 I 34058 34302] raylet_client.cc:336: Error reporting task backlog information: IOError: 
[2022-01-28 11:57:36,273 I 34058 34302] raylet_client.cc:336: Error reporting task backlog information: IOError: 
[2022-01-28 11:57:37,273 I 34058 34302] raylet_client.cc:336: Error reporting task backlog information: IOError: 
[2022-01-28 11:57:37,639 W 34058 34303] metric_exporter.cc:206: Export metrics to agent failed: IOError: . This won't affect Ray, but you can lose metrics from the cluster.
[2022-01-28 11:57:38,274 I 34058 34302] raylet_client.cc:336: Error reporting task backlog information: IOError: 
[2022-01-28 11:57:39,274 I 34058 34302] raylet_client.cc:336: Error reporting task backlog information: IOError: 
[2022-01-28 11:57:40,274 I 34058 34302] raylet_client.cc:336: Error reporting task backlog information: IOError: 
[2022-01-28 11:57:41,274 I 34058 34302] raylet_client.cc:336: Error reporting task backlog information: IOError: 
[2022-01-28 11:57:42,275 I 34058 34302] raylet_client.cc:336: Error reporting task backlog information: IOError: 
[2022-01-28 11:57:43,275 I 34058 34302] raylet_client.cc:336: Error reporting task backlog information: IOError: 
[2022-01-28 11:57:44,275 I 34058 34302] raylet_client.cc:336: Error reporting task backlog information: IOError: 
[2022-01-28 11:57:45,275 I 34058 34302] raylet_client.cc:336: Error reporting task backlog information: IOError: 
[2022-01-28 11:57:46,276 I 34058 34302] raylet_client.cc:336: Error reporting task backlog information: IOError: 
[2022-01-28 11:57:47,276 I 34058 34302] raylet_client.cc:336: Error reporting task backlog information: IOError: 
[2022-01-28 11:57:47,651 W 34058 34303] metric_exporter.cc:206: Export metrics to agent failed: IOError: . This won't affect Ray, but you can lose metrics from the cluster.
[2022-01-28 11:57:48,276 I 34058 34302] raylet_client.cc:336: Error reporting task backlog information: IOError: 
[2022-01-28 11:57:49,276 I 34058 34302] raylet_client.cc:336: Error reporting task backlog information: IOError: 
[2022-01-28 11:57:50,277 I 34058 34302] raylet_client.cc:336: Error reporting task backlog information: IOError: 
[2022-01-28 11:57:51,277 I 34058 34302] raylet_client.cc:336: Error reporting task backlog information: IOError: 
[2022-01-28 11:57:52,277 I 34058 34302] raylet_client.cc:336: Error reporting task backlog information: IOError: 
[2022-01-28 11:57:53,277 I 34058 34302] raylet_client.cc:336: Error reporting task backlog information: IOError: 
[2022-01-28 11:57:54,277 I 34058 34302] raylet_client.cc:336: Error reporting task backlog information: IOError: 
[2022-01-28 11:57:55,278 I 34058 34302] raylet_client.cc:336: Error reporting task backlog information: IOError: 
[2022-01-28 11:57:56,278 I 34058 34302] raylet_client.cc:336: Error reporting task backlog information: IOError: 
[2022-01-28 11:57:57,278 I 34058 34302] raylet_client.cc:336: Error reporting task backlog information: IOError: 
[2022-01-28 11:57:57,663 W 34058 34303] metric_exporter.cc:206: Export metrics to agent failed: IOError: . This won't affect Ray, but you can lose metrics from the cluster.
[2022-01-28 11:57:58,278 I 34058 34302] raylet_client.cc:336: Error reporting task backlog information: IOError: 
[2022-01-28 11:57:59,279 I 34058 34302] raylet_client.cc:336: Error reporting task backlog information: IOError: 
[2022-01-28 11:58:00,279 I 34058 34302] raylet_client.cc:336: Error reporting task backlog information: IOError: 
[2022-01-28 11:58:01,279 I 34058 34302] raylet_client.cc:336: Error reporting task backlog information: IOError: 
[2022-01-28 11:58:02,279 I 34058 34302] raylet_client.cc:336: Error reporting task backlog information: IOError: 
[2022-01-28 11:58:03,280 I 34058 34302] raylet_client.cc:336: Error reporting task backlog information: IOError: 
[2022-01-28 11:58:04,280 I 34058 34302] raylet_client.cc:336: Error reporting task backlog information: IOError: 
[2022-01-28 11:58:05,280 I 34058 34302] raylet_client.cc:336: Error reporting task backlog information: IOError: 
[2022-01-28 11:58:06,280 I 34058 34302] raylet_client.cc:336: Error reporting task backlog information: IOError: 
[2022-01-28 11:58:07,281 I 34058 34302] raylet_client.cc:336: Error reporting task backlog information: IOError: 
[2022-01-28 11:58:07,675 W 34058 34303] metric_exporter.cc:206: Export metrics to agent failed: IOError: . This won't affect Ray, but you can lose metrics from the cluster.
[2022-01-28 11:58:08,281 I 34058 34302] raylet_client.cc:336: Error reporting task backlog information: IOError: 
[2022-01-28 11:58:09,281 I 34058 34302] raylet_client.cc:336: Error reporting task backlog information: IOError: 
[2022-01-28 11:58:10,282 I 34058 34302] raylet_client.cc:336: Error reporting task backlog information: IOError: 
[2022-01-28 11:58:11,282 I 34058 34302] raylet_client.cc:336: Error reporting task backlog information: IOError: 
[2022-01-28 11:58:12,282 I 34058 34302] raylet_client.cc:336: Error reporting task backlog information: IOError: 
[2022-01-28 11:58:13,282 I 34058 34302] raylet_client.cc:336: Error reporting task backlog information: IOError: 
[2022-01-28 11:58:14,283 I 34058 34302] raylet_client.cc:336: Error reporting task backlog information: IOError: 
[2022-01-28 11:58:15,283 I 34058 34302] raylet_client.cc:336: Error reporting task backlog information: IOError: 
[2022-01-28 11:58:16,283 I 34058 34302] raylet_client.cc:336: Error reporting task backlog information: IOError: 
[2022-01-28 11:58:17,284 I 34058 34302] raylet_client.cc:336: Error reporting task backlog information: IOError: 
[2022-01-28 11:58:17,688 W 34058 34303] metric_exporter.cc:206: Export metrics to agent failed: IOError: . This won't affect Ray, but you can lose metrics from the cluster.
[2022-01-28 11:58:18,284 I 34058 34302] raylet_client.cc:336: Error reporting task backlog information: IOError: 
[2022-01-28 11:58:19,284 I 34058 34302] raylet_client.cc:336: Error reporting task backlog information: IOError: 
[2022-01-28 11:58:20,284 I 34058 34302] raylet_client.cc:336: Error reporting task backlog information: IOError: 
[2022-01-28 11:58:21,285 I 34058 34302] raylet_client.cc:336: Error reporting task backlog information: IOError: 
[2022-01-28 11:58:22,285 I 34058 34302] raylet_client.cc:336: Error reporting task backlog information: IOError: 
[2022-01-28 11:58:23,285 I 34058 34302] raylet_client.cc:336: Error reporting task backlog information: IOError: 
[2022-01-28 11:58:24,286 I 34058 34302] raylet_client.cc:336: Error reporting task backlog information: IOError: 
[2022-01-28 11:58:25,286 I 34058 34302] raylet_client.cc:336: Error reporting task backlog information: IOError: 
[2022-01-28 11:58:26,286 I 34058 34302] raylet_client.cc:336: Error reporting task backlog information: IOError: 
[2022-01-28 11:58:27,287 I 34058 34302] raylet_client.cc:336: Error reporting task backlog information: IOError: 
[2022-01-28 11:58:27,700 W 34058 34303] metric_exporter.cc:206: Export metrics to agent failed: IOError: . This won't affect Ray, but you can lose metrics from the cluster.
[2022-01-28 11:58:28,287 I 34058 34302] raylet_client.cc:336: Error reporting task backlog information: IOError: 
[2022-01-28 11:58:29,287 I 34058 34302] raylet_client.cc:336: Error reporting task backlog information: IOError: 
[2022-01-28 11:58:30,287 I 34058 34302] raylet_client.cc:336: Error reporting task backlog information: IOError: 
[2022-01-28 11:58:31,288 I 34058 34302] raylet_client.cc:336: Error reporting task backlog information: IOError: 
[2022-01-28 11:58:32,288 I 34058 34302] raylet_client.cc:336: Error reporting task backlog information: IOError: 
[2022-01-28 11:58:33,288 I 34058 34302] raylet_client.cc:336: Error reporting task backlog information: IOError: 
[2022-01-28 11:58:34,288 I 34058 34302] raylet_client.cc:336: Error reporting task backlog information: IOError: 
[2022-01-28 11:58:35,289 I 34058 34302] raylet_client.cc:336: Error reporting task backlog information: IOError: 
[2022-01-28 11:58:36,289 I 34058 34302] raylet_client.cc:336: Error reporting task backlog information: IOError: 
[2022-01-28 11:58:37,289 I 34058 34302] raylet_client.cc:336: Error reporting task backlog information: IOError: 
[2022-01-28 11:58:37,713 W 34058 34303] metric_exporter.cc:206: Export metrics to agent failed: IOError: . This won't affect Ray, but you can lose metrics from the cluster.
[2022-01-28 11:58:38,289 I 34058 34302] raylet_client.cc:336: Error reporting task backlog information: IOError: 
[2022-01-28 11:58:39,290 I 34058 34302] raylet_client.cc:336: Error reporting task backlog information: IOError: 
[2022-01-28 11:58:40,290 I 34058 34302] raylet_client.cc:336: Error reporting task backlog information: IOError: 
[2022-01-28 11:58:41,291 I 34058 34302] raylet_client.cc:336: Error reporting task backlog information: IOError: 
[2022-01-28 11:58:42,291 I 34058 34302] raylet_client.cc:336: Error reporting task backlog information: IOError: 
[2022-01-28 11:58:43,291 I 34058 34302] raylet_client.cc:336: Error reporting task backlog information: IOError: 
[2022-01-28 11:58:44,291 I 34058 34302] raylet_client.cc:336: Error reporting task backlog information: IOError: 
[2022-01-28 11:58:45,292 I 34058 34302] raylet_client.cc:336: Error reporting task backlog information: IOError: 
[2022-01-28 11:58:46,292 I 34058 34302] raylet_client.cc:336: Error reporting task backlog information: IOError: 
[2022-01-28 11:58:47,292 I 34058 34302] raylet_client.cc:336: Error reporting task backlog information: IOError: 
[2022-01-28 11:58:47,725 W 34058 34303] metric_exporter.cc:206: Export metrics to agent failed: IOError: . This won't affect Ray, but you can lose metrics from the cluster.
[2022-01-28 11:58:48,293 I 34058 34302] raylet_client.cc:336: Error reporting task backlog information: IOError: 
[2022-01-28 11:58:49,293 I 34058 34302] raylet_client.cc:336: Error reporting task backlog information: IOError: 
[2022-01-28 11:58:50,293 I 34058 34302] raylet_client.cc:336: Error reporting task backlog information: IOError: 
[2022-01-28 11:58:51,293 I 34058 34302] raylet_client.cc:336: Error reporting task backlog information: IOError: 
[2022-01-28 11:58:52,294 I 34058 34302] raylet_client.cc:336: Error reporting task backlog information: IOError: 
[2022-01-28 11:58:53,294 I 34058 34302] raylet_client.cc:336: Error reporting task backlog information: IOError: 
[2022-01-28 11:58:54,294 I 34058 34302] raylet_client.cc:336: Error reporting task backlog information: IOError: 
[2022-01-28 11:58:55,294 I 34058 34302] raylet_client.cc:336: Error reporting task backlog information: IOError: 
[2022-01-28 11:58:56,295 I 34058 34302] raylet_client.cc:336: Error reporting task backlog information: IOError: 
[2022-01-28 11:58:57,295 I 34058 34302] raylet_client.cc:336: Error reporting task backlog information: IOError: 
[2022-01-28 11:58:57,741 W 34058 34303] metric_exporter.cc:206: Export metrics to agent failed: IOError: . This won't affect Ray, but you can lose metrics from the cluster.
[2022-01-28 11:58:58,295 I 34058 34302] raylet_client.cc:336: Error reporting task backlog information: IOError: 
[2022-01-28 11:58:59,296 I 34058 34302] raylet_client.cc:336: Error reporting task backlog information: IOError: 
[2022-01-28 11:59:00,296 I 34058 34302] raylet_client.cc:336: Error reporting task backlog information: IOError: 
[2022-01-28 11:59:01,296 I 34058 34302] raylet_client.cc:336: Error reporting task backlog information: IOError: 
[2022-01-28 11:59:02,296 I 34058 34302] raylet_client.cc:336: Error reporting task backlog information: IOError: 
[2022-01-28 11:59:03,297 I 34058 34302] raylet_client.cc:336: Error reporting task backlog information: IOError: 
[2022-01-28 11:59:04,297 I 34058 34302] raylet_client.cc:336: Error reporting task backlog information: IOError: 
[2022-01-28 11:59:05,297 I 34058 34302] raylet_client.cc:336: Error reporting task backlog information: IOError: 
[2022-01-28 11:59:06,297 I 34058 34302] raylet_client.cc:336: Error reporting task backlog information: IOError: 
[2022-01-28 11:59:07,298 I 34058 34302] raylet_client.cc:336: Error reporting task backlog information: IOError: 
[2022-01-28 11:59:07,755 W 34058 34303] metric_exporter.cc:206: Export metrics to agent failed: IOError: . This won't affect Ray, but you can lose metrics from the cluster.
[2022-01-28 11:59:08,298 I 34058 34302] raylet_client.cc:336: Error reporting task backlog information: IOError: 
[2022-01-28 11:59:09,298 I 34058 34302] raylet_client.cc:336: Error reporting task backlog information: IOError: 
[2022-01-28 11:59:10,298 I 34058 34302] raylet_client.cc:336: Error reporting task backlog information: IOError: 
[2022-01-28 11:59:11,299 I 34058 34302] raylet_client.cc:336: Error reporting task backlog information: IOError: 
[2022-01-28 11:59:12,299 I 34058 34302] raylet_client.cc:336: Error reporting task backlog information: IOError: 
[2022-01-28 11:59:13,299 I 34058 34302] raylet_client.cc:336: Error reporting task backlog information: IOError: 
[2022-01-28 11:59:14,300 I 34058 34302] raylet_client.cc:336: Error reporting task backlog information: IOError: 
[2022-01-28 11:59:15,300 I 34058 34302] raylet_client.cc:336: Error reporting task backlog information: IOError: 
[2022-01-28 11:59:16,300 I 34058 34302] raylet_client.cc:336: Error reporting task backlog information: IOError: 
[2022-01-28 11:59:17,300 I 34058 34302] raylet_client.cc:336: Error reporting task backlog information: IOError: 
[2022-01-28 11:59:17,769 W 34058 34303] metric_exporter.cc:206: Export metrics to agent failed: IOError: . This won't affect Ray, but you can lose metrics from the cluster.
[2022-01-28 11:59:18,301 I 34058 34302] raylet_client.cc:336: Error reporting task backlog information: IOError: 
[2022-01-28 11:59:19,301 I 34058 34302] raylet_client.cc:336: Error reporting task backlog information: IOError: 
[2022-01-28 11:59:20,301 I 34058 34302] raylet_client.cc:336: Error reporting task backlog information: IOError: 
[2022-01-28 11:59:21,301 I 34058 34302] raylet_client.cc:336: Error reporting task backlog information: IOError: 
[2022-01-28 11:59:22,302 I 34058 34302] raylet_client.cc:336: Error reporting task backlog information: IOError: 
[2022-01-28 11:59:23,302 I 34058 34302] raylet_client.cc:336: Error reporting task backlog information: IOError: 
[2022-01-28 11:59:24,302 I 34058 34302] raylet_client.cc:336: Error reporting task backlog information: IOError: 
[2022-01-28 11:59:25,303 I 34058 34302] raylet_client.cc:336: Error reporting task backlog information: IOError: 
[2022-01-28 11:59:26,303 I 34058 34302] raylet_client.cc:336: Error reporting task backlog information: IOError: 
[2022-01-28 11:59:27,303 I 34058 34302] raylet_client.cc:336: Error reporting task backlog information: IOError: 
[2022-01-28 11:59:27,783 W 34058 34303] metric_exporter.cc:206: Export metrics to agent failed: IOError: . This won't affect Ray, but you can lose metrics from the cluster.
[2022-01-28 11:59:28,303 I 34058 34302] raylet_client.cc:336: Error reporting task backlog information: IOError: 
[2022-01-28 11:59:29,304 I 34058 34302] raylet_client.cc:336: Error reporting task backlog information: IOError: 
[2022-01-28 11:59:30,304 I 34058 34302] raylet_client.cc:336: Error reporting task backlog information: IOError: 
[2022-01-28 11:59:31,304 I 34058 34302] raylet_client.cc:336: Error reporting task backlog information: IOError: 
[2022-01-28 11:59:32,304 I 34058 34302] raylet_client.cc:336: Error reporting task backlog information: IOError: 
[2022-01-28 11:59:33,305 I 34058 34302] raylet_client.cc:336: Error reporting task backlog information: IOError: 
[2022-01-28 11:59:34,305 I 34058 34302] raylet_client.cc:336: Error reporting task backlog information: IOError: 
[2022-01-28 11:59:35,305 I 34058 34302] raylet_client.cc:336: Error reporting task backlog information: IOError: 
[2022-01-28 11:59:36,305 I 34058 34302] raylet_client.cc:336: Error reporting task backlog information: IOError: 
[2022-01-28 11:59:37,306 I 34058 34302] raylet_client.cc:336: Error reporting task backlog information: IOError: 
[2022-01-28 11:59:37,796 W 34058 34303] metric_exporter.cc:206: Export metrics to agent failed: IOError: . This won't affect Ray, but you can lose metrics from the cluster.
[2022-01-28 11:59:38,306 I 34058 34302] raylet_client.cc:336: Error reporting task backlog information: IOError: 
[2022-01-28 11:59:39,306 I 34058 34302] raylet_client.cc:336: Error reporting task backlog information: IOError: 
[2022-01-28 11:59:40,306 I 34058 34302] raylet_client.cc:336: Error reporting task backlog information: IOError: 
[2022-01-28 11:59:41,306 I 34058 34302] raylet_client.cc:336: Error reporting task backlog information: IOError: 
[2022-01-28 11:59:42,307 I 34058 34302] raylet_client.cc:336: Error reporting task backlog information: IOError: 
[2022-01-28 11:59:43,307 I 34058 34302] raylet_client.cc:336: Error reporting task backlog information: IOError: 
[2022-01-28 11:59:44,308 I 34058 34302] raylet_client.cc:336: Error reporting task backlog information: IOError: 
[2022-01-28 11:59:45,308 I 34058 34302] raylet_client.cc:336: Error reporting task backlog information: IOError: 
[2022-01-28 11:59:46,308 I 34058 34302] raylet_client.cc:336: Error reporting task backlog information: IOError: 
[2022-01-28 11:59:47,308 I 34058 34302] raylet_client.cc:336: Error reporting task backlog information: IOError: 
[2022-01-28 11:59:47,810 W 34058 34303] metric_exporter.cc:206: Export metrics to agent failed: IOError: . This won't affect Ray, but you can lose metrics from the cluster.
[2022-01-28 11:59:48,309 I 34058 34302] raylet_client.cc:336: Error reporting task backlog information: IOError: 
[2022-01-28 11:59:49,309 I 34058 34302] raylet_client.cc:336: Error reporting task backlog information: IOError: 
[2022-01-28 11:59:50,309 I 34058 34302] raylet_client.cc:336: Error reporting task backlog information: IOError: 
[2022-01-28 11:59:51,309 I 34058 34302] raylet_client.cc:336: Error reporting task backlog information: IOError: 
[2022-01-28 11:59:52,310 I 34058 34302] raylet_client.cc:336: Error reporting task backlog information: IOError: 
[2022-01-28 11:59:53,310 I 34058 34302] raylet_client.cc:336: Error reporting task backlog information: IOError: 
[2022-01-28 11:59:54,310 I 34058 34302] raylet_client.cc:336: Error reporting task backlog information: IOError: 
[2022-01-28 11:59:55,310 I 34058 34302] raylet_client.cc:336: Error reporting task backlog information: IOError: 
[2022-01-28 11:59:56,311 I 34058 34302] raylet_client.cc:336: Error reporting task backlog information: IOError: 
[2022-01-28 11:59:57,311 I 34058 34302] raylet_client.cc:336: Error reporting task backlog information: IOError: 
[2022-01-28 11:59:57,824 W 34058 34303] metric_exporter.cc:206: Export metrics to agent failed: IOError: . This won't affect Ray, but you can lose metrics from the cluster.
[2022-01-28 11:59:58,311 I 34058 34302] raylet_client.cc:336: Error reporting task backlog information: IOError: 
[2022-01-28 11:59:59,311 I 34058 34302] raylet_client.cc:336: Error reporting task backlog information: IOError: 
[2022-01-28 12:00:00,312 I 34058 34302] raylet_client.cc:336: Error reporting task backlog information: IOError: 
[2022-01-28 12:00:01,312 I 34058 34302] raylet_client.cc:336: Error reporting task backlog information: IOError: 
[2022-01-28 12:00:02,312 I 34058 34302] raylet_client.cc:336: Error reporting task backlog information: IOError: 
[2022-01-28 12:00:03,313 I 34058 34302] raylet_client.cc:336: Error reporting task backlog information: IOError: 
[2022-01-28 12:00:04,313 I 34058 34302] raylet_client.cc:336: Error reporting task backlog information: IOError: 
[2022-01-28 12:00:05,313 I 34058 34302] raylet_client.cc:336: Error reporting task backlog information: IOError: 
[2022-01-28 12:00:06,313 I 34058 34302] raylet_client.cc:336: Error reporting task backlog information: IOError: 
[2022-01-28 12:00:07,314 I 34058 34302] raylet_client.cc:336: Error reporting task backlog information: IOError: 
[2022-01-28 12:00:07,837 W 34058 34303] metric_exporter.cc:206: Export metrics to agent failed: IOError: . This won't affect Ray, but you can lose metrics from the cluster.
[2022-01-28 12:00:08,314 I 34058 34302] raylet_client.cc:336: Error reporting task backlog information: IOError: 
[2022-01-28 12:00:09,314 I 34058 34302] raylet_client.cc:336: Error reporting task backlog information: IOError: 
[2022-01-28 12:00:10,314 I 34058 34302] raylet_client.cc:336: Error reporting task backlog information: IOError: 
[2022-01-28 12:00:11,314 I 34058 34302] raylet_client.cc:336: Error reporting task backlog information: IOError: 
[2022-01-28 12:00:12,315 I 34058 34302] raylet_client.cc:336: Error reporting task backlog information: IOError: 
[2022-01-28 12:00:13,315 I 34058 34302] raylet_client.cc:336: Error reporting task backlog information: IOError: 
[2022-01-28 12:00:14,315 I 34058 34302] raylet_client.cc:336: Error reporting task backlog information: IOError: 
[2022-01-28 12:00:15,316 I 34058 34302] raylet_client.cc:336: Error reporting task backlog information: IOError: 
[2022-01-28 12:00:16,316 I 34058 34302] raylet_client.cc:336: Error reporting task backlog information: IOError: 
[2022-01-28 12:00:17,316 I 34058 34302] raylet_client.cc:336: Error reporting task backlog information: IOError: 
[2022-01-28 12:00:17,847 W 34058 34303] metric_exporter.cc:206: Export metrics to agent failed: IOError: . This won't affect Ray, but you can lose metrics from the cluster.
[2022-01-28 12:00:18,316 I 34058 34302] raylet_client.cc:336: Error reporting task backlog information: IOError: 
[2022-01-28 12:00:19,316 I 34058 34302] raylet_client.cc:336: Error reporting task backlog information: IOError: 
[2022-01-28 12:00:20,316 I 34058 34302] raylet_client.cc:336: Error reporting task backlog information: IOError: 
[2022-01-28 12:00:21,316 I 34058 34302] raylet_client.cc:336: Error reporting task backlog information: IOError: 
[2022-01-28 12:00:22,317 I 34058 34302] raylet_client.cc:336: Error reporting task backlog information: IOError: 
[2022-01-28 12:00:23,317 I 34058 34302] raylet_client.cc:336: Error reporting task backlog information: IOError: 
[2022-01-28 12:00:24,317 I 34058 34302] raylet_client.cc:336: Error reporting task backlog information: IOError: 
[2022-01-28 12:00:25,317 I 34058 34302] raylet_client.cc:336: Error reporting task backlog information: IOError: 
[2022-01-28 12:00:26,318 I 34058 34302] raylet_client.cc:336: Error reporting task backlog information: IOError: 
[2022-01-28 12:00:27,318 I 34058 34302] raylet_client.cc:336: Error reporting task backlog information: IOError: 
[2022-01-28 12:00:27,858 W 34058 34303] metric_exporter.cc:206: Export metrics to agent failed: IOError: . This won't affect Ray, but you can lose metrics from the cluster.
[2022-01-28 12:00:28,318 I 34058 34302] raylet_client.cc:336: Error reporting task backlog information: IOError: 
[2022-01-28 12:00:29,319 I 34058 34302] raylet_client.cc:336: Error reporting task backlog information: IOError: 
[2022-01-28 12:00:30,319 I 34058 34302] raylet_client.cc:336: Error reporting task backlog information: IOError: 
[2022-01-28 12:00:31,319 I 34058 34302] raylet_client.cc:336: Error reporting task backlog information: IOError: 
[2022-01-28 12:00:32,319 I 34058 34302] raylet_client.cc:336: Error reporting task backlog information: IOError: 
[2022-01-28 12:00:33,320 I 34058 34302] raylet_client.cc:336: Error reporting task backlog information: IOError: 
[2022-01-28 12:00:34,320 I 34058 34302] raylet_client.cc:336: Error reporting task backlog information: IOError: 
[2022-01-28 12:00:35,320 I 34058 34302] raylet_client.cc:336: Error reporting task backlog information: IOError: 
[2022-01-28 12:00:36,320 I 34058 34302] raylet_client.cc:336: Error reporting task backlog information: IOError: 
[2022-01-28 12:00:37,321 I 34058 34302] raylet_client.cc:336: Error reporting task backlog information: IOError: 
[2022-01-28 12:00:37,870 W 34058 34303] metric_exporter.cc:206: Export metrics to agent failed: IOError: . This won't affect Ray, but you can lose metrics from the cluster.
[2022-01-28 12:00:38,321 I 34058 34302] raylet_client.cc:336: Error reporting task backlog information: IOError: 
[2022-01-28 12:00:39,321 I 34058 34302] raylet_client.cc:336: Error reporting task backlog information: IOError: 
[2022-01-28 12:00:40,321 I 34058 34302] raylet_client.cc:336: Error reporting task backlog information: IOError: 
[2022-01-28 12:00:41,322 I 34058 34302] raylet_client.cc:336: Error reporting task backlog information: IOError: 
[2022-01-28 12:00:42,322 I 34058 34302] raylet_client.cc:336: Error reporting task backlog information: IOError: 
[2022-01-28 12:00:43,322 I 34058 34302] raylet_client.cc:336: Error reporting task backlog information: IOError: 
[2022-01-28 12:00:44,323 I 34058 34302] raylet_client.cc:336: Error reporting task backlog information: IOError: 
[2022-01-28 12:00:45,323 I 34058 34302] raylet_client.cc:336: Error reporting task backlog information: IOError: 
[2022-01-28 12:00:46,323 I 34058 34302] raylet_client.cc:336: Error reporting task backlog information: IOError: 
[2022-01-28 12:00:47,324 I 34058 34302] raylet_client.cc:336: Error reporting task backlog information: IOError: 
[2022-01-28 12:00:47,881 W 34058 34303] metric_exporter.cc:206: Export metrics to agent failed: IOError: . This won't affect Ray, but you can lose metrics from the cluster.
[2022-01-28 12:00:48,324 I 34058 34302] raylet_client.cc:336: Error reporting task backlog information: IOError: 
[2022-01-28 12:00:49,324 I 34058 34302] raylet_client.cc:336: Error reporting task backlog information: IOError: 
[2022-01-28 12:00:50,324 I 34058 34302] raylet_client.cc:336: Error reporting task backlog information: IOError: 
[2022-01-28 12:00:51,325 I 34058 34302] raylet_client.cc:336: Error reporting task backlog information: IOError: 
[2022-01-28 12:00:52,325 I 34058 34302] raylet_client.cc:336: Error reporting task backlog information: IOError: 
[2022-01-28 12:00:53,325 I 34058 34302] raylet_client.cc:336: Error reporting task backlog information: IOError: 
[2022-01-28 12:00:54,325 I 34058 34302] raylet_client.cc:336: Error reporting task backlog information: IOError: 
[2022-01-28 12:00:55,326 I 34058 34302] raylet_client.cc:336: Error reporting task backlog information: IOError: 
[2022-01-28 12:00:56,326 I 34058 34302] raylet_client.cc:336: Error reporting task backlog information: IOError: 
[2022-01-28 12:00:57,327 I 34058 34302] raylet_client.cc:336: Error reporting task backlog information: IOError: 
[2022-01-28 12:00:57,894 W 34058 34303] metric_exporter.cc:206: Export metrics to agent failed: IOError: . This won't affect Ray, but you can lose metrics from the cluster.
[2022-01-28 12:00:58,327 I 34058 34302] raylet_client.cc:336: Error reporting task backlog information: IOError: 
[2022-01-28 12:00:59,328 I 34058 34302] raylet_client.cc:336: Error reporting task backlog information: IOError: 
[2022-01-28 12:01:00,328 I 34058 34302] raylet_client.cc:336: Error reporting task backlog information: IOError: 
[2022-01-28 12:01:01,328 I 34058 34302] raylet_client.cc:336: Error reporting task backlog information: IOError: 
[2022-01-28 12:01:02,329 I 34058 34302] raylet_client.cc:336: Error reporting task backlog information: IOError: 
[2022-01-28 12:01:03,192 E 34058 34167] gcs_server_address_updater.cc:76: Failed to receive the GCS address for 600 times without success. The worker will exit ungracefully. It is because GCS has died. It could be because there was an issue that kills GCS, such as high memory usage triggering OOM killer to kill GCS. Cluster will be highly likely unavailable if you see this log. Please check the log from gcs_server.err.
