[2022-01-28 11:50:46,972 I 34062 34062] core_worker.cc:132: Constructing CoreWorkerProcess. pid: 34062
[2022-01-28 11:50:47,004 I 34062 34062] grpc_server.cc:112: worker server started, listening on port 35019.
[2022-01-28 11:50:47,008 I 34062 34062] core_worker.cc:479: Initializing worker at address: 131.215.21.210:35019, worker ID 16a97d91c18cd10d578fbff16be6832f632ff61fc5b55669153aff7e, raylet d0bc2b605e763a5a2ffefa3ac93cc69d1588e71f58c972b42bfce3e2
[2022-01-28 11:50:47,123 I 34062 34062] io_service_pool.cc:35: IOServicePool is running with 1 io_service.
[2022-01-28 11:50:47,123 I 34062 34229] accessor.cc:560: Received notification for node id = d0bc2b605e763a5a2ffefa3ac93cc69d1588e71f58c972b42bfce3e2, IsAlive = 1
[2022-01-28 11:51:04,022 W 34062 34121] gcs_server_address_updater.cc:61: [1] Failed to get the gcs server address from raylet 1 times in a row. If it keeps failing to obtain the address, the worker might crash. Connection status IOError: 
[2022-01-28 11:51:05,023 I 34062 34229] raylet_client.cc:336: Error reporting task backlog information: IOError: 
[2022-01-28 11:51:05,124 I 34062 34229] raylet_client.cc:336: Error reporting task backlog information: IOError: 
[2022-01-28 11:51:06,125 I 34062 34229] raylet_client.cc:336: Error reporting task backlog information: IOError: 
[2022-01-28 11:51:07,125 I 34062 34229] raylet_client.cc:336: Error reporting task backlog information: IOError: 
[2022-01-28 11:51:07,139 W 34062 34230] metric_exporter.cc:206: Export metrics to agent failed: IOError: . This won't affect Ray, but you can lose metrics from the cluster.
[2022-01-28 11:51:08,125 I 34062 34229] raylet_client.cc:336: Error reporting task backlog information: IOError: 
[2022-01-28 11:51:09,125 I 34062 34229] raylet_client.cc:336: Error reporting task backlog information: IOError: 
[2022-01-28 11:51:10,126 I 34062 34229] raylet_client.cc:336: Error reporting task backlog information: IOError: 
[2022-01-28 11:51:11,126 I 34062 34229] raylet_client.cc:336: Error reporting task backlog information: IOError: 
[2022-01-28 11:51:12,126 I 34062 34229] raylet_client.cc:336: Error reporting task backlog information: IOError: 
[2022-01-28 11:51:13,126 I 34062 34229] raylet_client.cc:336: Error reporting task backlog information: IOError: 
[2022-01-28 11:51:14,126 I 34062 34229] raylet_client.cc:336: Error reporting task backlog information: IOError: 
[2022-01-28 11:51:15,127 I 34062 34229] raylet_client.cc:336: Error reporting task backlog information: IOError: 
[2022-01-28 11:51:16,127 I 34062 34229] raylet_client.cc:336: Error reporting task backlog information: IOError: 
[2022-01-28 11:51:17,127 I 34062 34229] raylet_client.cc:336: Error reporting task backlog information: IOError: 
[2022-01-28 11:51:17,150 W 34062 34230] metric_exporter.cc:206: Export metrics to agent failed: IOError: . This won't affect Ray, but you can lose metrics from the cluster.
[2022-01-28 11:51:18,127 I 34062 34229] raylet_client.cc:336: Error reporting task backlog information: IOError: 
[2022-01-28 11:51:19,127 I 34062 34229] raylet_client.cc:336: Error reporting task backlog information: IOError: 
[2022-01-28 11:51:20,127 I 34062 34229] raylet_client.cc:336: Error reporting task backlog information: IOError: 
[2022-01-28 11:51:21,127 I 34062 34229] raylet_client.cc:336: Error reporting task backlog information: IOError: 
[2022-01-28 11:51:22,128 I 34062 34229] raylet_client.cc:336: Error reporting task backlog information: IOError: 
[2022-01-28 11:51:23,128 I 34062 34229] raylet_client.cc:336: Error reporting task backlog information: IOError: 
[2022-01-28 11:51:24,128 I 34062 34229] raylet_client.cc:336: Error reporting task backlog information: IOError: 
[2022-01-28 11:51:25,128 I 34062 34229] raylet_client.cc:336: Error reporting task backlog information: IOError: 
[2022-01-28 11:51:26,129 I 34062 34229] raylet_client.cc:336: Error reporting task backlog information: IOError: 
[2022-01-28 11:51:27,129 I 34062 34229] raylet_client.cc:336: Error reporting task backlog information: IOError: 
[2022-01-28 11:51:27,160 W 34062 34230] metric_exporter.cc:206: Export metrics to agent failed: IOError: . This won't affect Ray, but you can lose metrics from the cluster.
[2022-01-28 11:51:28,129 I 34062 34229] raylet_client.cc:336: Error reporting task backlog information: IOError: 
[2022-01-28 11:51:29,129 I 34062 34229] raylet_client.cc:336: Error reporting task backlog information: IOError: 
[2022-01-28 11:51:30,130 I 34062 34229] raylet_client.cc:336: Error reporting task backlog information: IOError: 
[2022-01-28 11:51:31,130 I 34062 34229] raylet_client.cc:336: Error reporting task backlog information: IOError: 
[2022-01-28 11:51:32,130 I 34062 34229] raylet_client.cc:336: Error reporting task backlog information: IOError: 
[2022-01-28 11:51:33,130 I 34062 34229] raylet_client.cc:336: Error reporting task backlog information: IOError: 
[2022-01-28 11:51:34,130 I 34062 34229] raylet_client.cc:336: Error reporting task backlog information: IOError: 
[2022-01-28 11:51:35,131 I 34062 34229] raylet_client.cc:336: Error reporting task backlog information: IOError: 
[2022-01-28 11:51:36,131 I 34062 34229] raylet_client.cc:336: Error reporting task backlog information: IOError: 
[2022-01-28 11:51:37,131 I 34062 34229] raylet_client.cc:336: Error reporting task backlog information: IOError: 
[2022-01-28 11:51:37,171 W 34062 34230] metric_exporter.cc:206: Export metrics to agent failed: IOError: . This won't affect Ray, but you can lose metrics from the cluster.
[2022-01-28 11:51:38,131 I 34062 34229] raylet_client.cc:336: Error reporting task backlog information: IOError: 
[2022-01-28 11:51:39,132 I 34062 34229] raylet_client.cc:336: Error reporting task backlog information: IOError: 
[2022-01-28 11:51:40,132 I 34062 34229] raylet_client.cc:336: Error reporting task backlog information: IOError: 
[2022-01-28 11:51:41,132 I 34062 34229] raylet_client.cc:336: Error reporting task backlog information: IOError: 
[2022-01-28 11:51:42,133 I 34062 34229] raylet_client.cc:336: Error reporting task backlog information: IOError: 
[2022-01-28 11:51:43,133 I 34062 34229] raylet_client.cc:336: Error reporting task backlog information: IOError: 
[2022-01-28 11:51:44,133 I 34062 34229] raylet_client.cc:336: Error reporting task backlog information: IOError: 
[2022-01-28 11:51:45,133 I 34062 34229] raylet_client.cc:336: Error reporting task backlog information: IOError: 
[2022-01-28 11:51:46,133 I 34062 34229] raylet_client.cc:336: Error reporting task backlog information: IOError: 
[2022-01-28 11:51:47,134 I 34062 34229] raylet_client.cc:336: Error reporting task backlog information: IOError: 
[2022-01-28 11:51:47,182 W 34062 34230] metric_exporter.cc:206: Export metrics to agent failed: IOError: . This won't affect Ray, but you can lose metrics from the cluster.
[2022-01-28 11:51:48,134 I 34062 34229] raylet_client.cc:336: Error reporting task backlog information: IOError: 
[2022-01-28 11:51:49,134 I 34062 34229] raylet_client.cc:336: Error reporting task backlog information: IOError: 
[2022-01-28 11:51:50,135 I 34062 34229] raylet_client.cc:336: Error reporting task backlog information: IOError: 
[2022-01-28 11:51:51,135 I 34062 34229] raylet_client.cc:336: Error reporting task backlog information: IOError: 
[2022-01-28 11:51:52,135 I 34062 34229] raylet_client.cc:336: Error reporting task backlog information: IOError: 
[2022-01-28 11:51:53,135 I 34062 34229] raylet_client.cc:336: Error reporting task backlog information: IOError: 
[2022-01-28 11:51:54,136 I 34062 34229] raylet_client.cc:336: Error reporting task backlog information: IOError: 
[2022-01-28 11:51:55,136 I 34062 34229] raylet_client.cc:336: Error reporting task backlog information: IOError: 
[2022-01-28 11:51:56,136 I 34062 34229] raylet_client.cc:336: Error reporting task backlog information: IOError: 
[2022-01-28 11:51:57,136 I 34062 34229] raylet_client.cc:336: Error reporting task backlog information: IOError: 
[2022-01-28 11:51:57,192 W 34062 34230] metric_exporter.cc:206: Export metrics to agent failed: IOError: . This won't affect Ray, but you can lose metrics from the cluster.
[2022-01-28 11:51:58,136 I 34062 34229] raylet_client.cc:336: Error reporting task backlog information: IOError: 
[2022-01-28 11:51:59,137 I 34062 34229] raylet_client.cc:336: Error reporting task backlog information: IOError: 
[2022-01-28 11:52:00,137 I 34062 34229] raylet_client.cc:336: Error reporting task backlog information: IOError: 
[2022-01-28 11:52:01,137 I 34062 34229] raylet_client.cc:336: Error reporting task backlog information: IOError: 
[2022-01-28 11:52:02,137 I 34062 34229] raylet_client.cc:336: Error reporting task backlog information: IOError: 
[2022-01-28 11:52:03,138 I 34062 34229] raylet_client.cc:336: Error reporting task backlog information: IOError: 
[2022-01-28 11:52:04,138 I 34062 34229] raylet_client.cc:336: Error reporting task backlog information: IOError: 
[2022-01-28 11:52:05,138 I 34062 34229] raylet_client.cc:336: Error reporting task backlog information: IOError: 
[2022-01-28 11:52:06,138 I 34062 34229] raylet_client.cc:336: Error reporting task backlog information: IOError: 
[2022-01-28 11:52:07,139 I 34062 34229] raylet_client.cc:336: Error reporting task backlog information: IOError: 
[2022-01-28 11:52:07,203 W 34062 34230] metric_exporter.cc:206: Export metrics to agent failed: IOError: . This won't affect Ray, but you can lose metrics from the cluster.
[2022-01-28 11:52:08,139 I 34062 34229] raylet_client.cc:336: Error reporting task backlog information: IOError: 
[2022-01-28 11:52:09,139 I 34062 34229] raylet_client.cc:336: Error reporting task backlog information: IOError: 
[2022-01-28 11:52:10,139 I 34062 34229] raylet_client.cc:336: Error reporting task backlog information: IOError: 
[2022-01-28 11:52:11,140 I 34062 34229] raylet_client.cc:336: Error reporting task backlog information: IOError: 
[2022-01-28 11:52:12,140 I 34062 34229] raylet_client.cc:336: Error reporting task backlog information: IOError: 
[2022-01-28 11:52:13,140 I 34062 34229] raylet_client.cc:336: Error reporting task backlog information: IOError: 
[2022-01-28 11:52:14,140 I 34062 34229] raylet_client.cc:336: Error reporting task backlog information: IOError: 
[2022-01-28 11:52:15,140 I 34062 34229] raylet_client.cc:336: Error reporting task backlog information: IOError: 
[2022-01-28 11:52:16,141 I 34062 34229] raylet_client.cc:336: Error reporting task backlog information: IOError: 
[2022-01-28 11:52:17,141 I 34062 34229] raylet_client.cc:336: Error reporting task backlog information: IOError: 
[2022-01-28 11:52:17,215 W 34062 34230] metric_exporter.cc:206: Export metrics to agent failed: IOError: . This won't affect Ray, but you can lose metrics from the cluster.
[2022-01-28 11:52:18,141 I 34062 34229] raylet_client.cc:336: Error reporting task backlog information: IOError: 
[2022-01-28 11:52:19,142 I 34062 34229] raylet_client.cc:336: Error reporting task backlog information: IOError: 
[2022-01-28 11:52:20,142 I 34062 34229] raylet_client.cc:336: Error reporting task backlog information: IOError: 
[2022-01-28 11:52:21,142 I 34062 34229] raylet_client.cc:336: Error reporting task backlog information: IOError: 
[2022-01-28 11:52:22,142 I 34062 34229] raylet_client.cc:336: Error reporting task backlog information: IOError: 
[2022-01-28 11:52:23,142 I 34062 34229] raylet_client.cc:336: Error reporting task backlog information: IOError: 
[2022-01-28 11:52:24,143 I 34062 34229] raylet_client.cc:336: Error reporting task backlog information: IOError: 
[2022-01-28 11:52:25,143 I 34062 34229] raylet_client.cc:336: Error reporting task backlog information: IOError: 
[2022-01-28 11:52:26,143 I 34062 34229] raylet_client.cc:336: Error reporting task backlog information: IOError: 
[2022-01-28 11:52:27,143 I 34062 34229] raylet_client.cc:336: Error reporting task backlog information: IOError: 
[2022-01-28 11:52:27,227 W 34062 34230] metric_exporter.cc:206: Export metrics to agent failed: IOError: . This won't affect Ray, but you can lose metrics from the cluster.
[2022-01-28 11:52:28,144 I 34062 34229] raylet_client.cc:336: Error reporting task backlog information: IOError: 
[2022-01-28 11:52:29,144 I 34062 34229] raylet_client.cc:336: Error reporting task backlog information: IOError: 
[2022-01-28 11:52:30,144 I 34062 34229] raylet_client.cc:336: Error reporting task backlog information: IOError: 
[2022-01-28 11:52:31,144 I 34062 34229] raylet_client.cc:336: Error reporting task backlog information: IOError: 
[2022-01-28 11:52:32,145 I 34062 34229] raylet_client.cc:336: Error reporting task backlog information: IOError: 
[2022-01-28 11:52:33,145 I 34062 34229] raylet_client.cc:336: Error reporting task backlog information: IOError: 
[2022-01-28 11:52:34,145 I 34062 34229] raylet_client.cc:336: Error reporting task backlog information: IOError: 
[2022-01-28 11:52:35,145 I 34062 34229] raylet_client.cc:336: Error reporting task backlog information: IOError: 
[2022-01-28 11:52:36,146 I 34062 34229] raylet_client.cc:336: Error reporting task backlog information: IOError: 
[2022-01-28 11:52:37,146 I 34062 34229] raylet_client.cc:336: Error reporting task backlog information: IOError: 
[2022-01-28 11:52:37,238 W 34062 34230] metric_exporter.cc:206: Export metrics to agent failed: IOError: . This won't affect Ray, but you can lose metrics from the cluster.
[2022-01-28 11:52:38,146 I 34062 34229] raylet_client.cc:336: Error reporting task backlog information: IOError: 
[2022-01-28 11:52:39,146 I 34062 34229] raylet_client.cc:336: Error reporting task backlog information: IOError: 
[2022-01-28 11:52:40,147 I 34062 34229] raylet_client.cc:336: Error reporting task backlog information: IOError: 
[2022-01-28 11:52:41,147 I 34062 34229] raylet_client.cc:336: Error reporting task backlog information: IOError: 
[2022-01-28 11:52:42,147 I 34062 34229] raylet_client.cc:336: Error reporting task backlog information: IOError: 
[2022-01-28 11:52:43,147 I 34062 34229] raylet_client.cc:336: Error reporting task backlog information: IOError: 
[2022-01-28 11:52:44,148 I 34062 34229] raylet_client.cc:336: Error reporting task backlog information: IOError: 
[2022-01-28 11:52:45,148 I 34062 34229] raylet_client.cc:336: Error reporting task backlog information: IOError: 
[2022-01-28 11:52:46,148 I 34062 34229] raylet_client.cc:336: Error reporting task backlog information: IOError: 
[2022-01-28 11:52:47,148 I 34062 34229] raylet_client.cc:336: Error reporting task backlog information: IOError: 
[2022-01-28 11:52:47,250 W 34062 34230] metric_exporter.cc:206: Export metrics to agent failed: IOError: . This won't affect Ray, but you can lose metrics from the cluster.
[2022-01-28 11:52:48,148 I 34062 34229] raylet_client.cc:336: Error reporting task backlog information: IOError: 
[2022-01-28 11:52:49,149 I 34062 34229] raylet_client.cc:336: Error reporting task backlog information: IOError: 
[2022-01-28 11:52:50,149 I 34062 34229] raylet_client.cc:336: Error reporting task backlog information: IOError: 
[2022-01-28 11:52:51,149 I 34062 34229] raylet_client.cc:336: Error reporting task backlog information: IOError: 
[2022-01-28 11:52:52,150 I 34062 34229] raylet_client.cc:336: Error reporting task backlog information: IOError: 
[2022-01-28 11:52:53,150 I 34062 34229] raylet_client.cc:336: Error reporting task backlog information: IOError: 
[2022-01-28 11:52:54,150 I 34062 34229] raylet_client.cc:336: Error reporting task backlog information: IOError: 
[2022-01-28 11:52:55,150 I 34062 34229] raylet_client.cc:336: Error reporting task backlog information: IOError: 
[2022-01-28 11:52:56,150 I 34062 34229] raylet_client.cc:336: Error reporting task backlog information: IOError: 
[2022-01-28 11:52:57,151 I 34062 34229] raylet_client.cc:336: Error reporting task backlog information: IOError: 
[2022-01-28 11:52:57,261 W 34062 34230] metric_exporter.cc:206: Export metrics to agent failed: IOError: . This won't affect Ray, but you can lose metrics from the cluster.
[2022-01-28 11:52:58,151 I 34062 34229] raylet_client.cc:336: Error reporting task backlog information: IOError: 
[2022-01-28 11:52:59,151 I 34062 34229] raylet_client.cc:336: Error reporting task backlog information: IOError: 
[2022-01-28 11:53:00,152 I 34062 34229] raylet_client.cc:336: Error reporting task backlog information: IOError: 
[2022-01-28 11:53:01,152 I 34062 34229] raylet_client.cc:336: Error reporting task backlog information: IOError: 
[2022-01-28 11:53:02,152 I 34062 34229] raylet_client.cc:336: Error reporting task backlog information: IOError: 
[2022-01-28 11:53:03,152 I 34062 34229] raylet_client.cc:336: Error reporting task backlog information: IOError: 
[2022-01-28 11:53:04,153 I 34062 34229] raylet_client.cc:336: Error reporting task backlog information: IOError: 
[2022-01-28 11:53:05,153 I 34062 34229] raylet_client.cc:336: Error reporting task backlog information: IOError: 
[2022-01-28 11:53:06,153 I 34062 34229] raylet_client.cc:336: Error reporting task backlog information: IOError: 
[2022-01-28 11:53:07,153 I 34062 34229] raylet_client.cc:336: Error reporting task backlog information: IOError: 
[2022-01-28 11:53:07,272 W 34062 34230] metric_exporter.cc:206: Export metrics to agent failed: IOError: . This won't affect Ray, but you can lose metrics from the cluster.
[2022-01-28 11:53:08,154 I 34062 34229] raylet_client.cc:336: Error reporting task backlog information: IOError: 
[2022-01-28 11:53:09,154 I 34062 34229] raylet_client.cc:336: Error reporting task backlog information: IOError: 
[2022-01-28 11:53:10,154 I 34062 34229] raylet_client.cc:336: Error reporting task backlog information: IOError: 
[2022-01-28 11:53:11,154 I 34062 34229] raylet_client.cc:336: Error reporting task backlog information: IOError: 
[2022-01-28 11:53:12,154 I 34062 34229] raylet_client.cc:336: Error reporting task backlog information: IOError: 
[2022-01-28 11:53:13,155 I 34062 34229] raylet_client.cc:336: Error reporting task backlog information: IOError: 
[2022-01-28 11:53:14,155 I 34062 34229] raylet_client.cc:336: Error reporting task backlog information: IOError: 
[2022-01-28 11:53:15,155 I 34062 34229] raylet_client.cc:336: Error reporting task backlog information: IOError: 
[2022-01-28 11:53:16,155 I 34062 34229] raylet_client.cc:336: Error reporting task backlog information: IOError: 
[2022-01-28 11:53:17,156 I 34062 34229] raylet_client.cc:336: Error reporting task backlog information: IOError: 
[2022-01-28 11:53:17,283 W 34062 34230] metric_exporter.cc:206: Export metrics to agent failed: IOError: . This won't affect Ray, but you can lose metrics from the cluster.
[2022-01-28 11:53:18,156 I 34062 34229] raylet_client.cc:336: Error reporting task backlog information: IOError: 
[2022-01-28 11:53:19,156 I 34062 34229] raylet_client.cc:336: Error reporting task backlog information: IOError: 
[2022-01-28 11:53:20,156 I 34062 34229] raylet_client.cc:336: Error reporting task backlog information: IOError: 
[2022-01-28 11:53:21,157 I 34062 34229] raylet_client.cc:336: Error reporting task backlog information: IOError: 
[2022-01-28 11:53:22,157 I 34062 34229] raylet_client.cc:336: Error reporting task backlog information: IOError: 
[2022-01-28 11:53:23,157 I 34062 34229] raylet_client.cc:336: Error reporting task backlog information: IOError: 
[2022-01-28 11:53:24,157 I 34062 34229] raylet_client.cc:336: Error reporting task backlog information: IOError: 
[2022-01-28 11:53:25,158 I 34062 34229] raylet_client.cc:336: Error reporting task backlog information: IOError: 
[2022-01-28 11:53:26,158 I 34062 34229] raylet_client.cc:336: Error reporting task backlog information: IOError: 
[2022-01-28 11:53:27,158 I 34062 34229] raylet_client.cc:336: Error reporting task backlog information: IOError: 
[2022-01-28 11:53:27,295 W 34062 34230] metric_exporter.cc:206: Export metrics to agent failed: IOError: . This won't affect Ray, but you can lose metrics from the cluster.
[2022-01-28 11:53:28,158 I 34062 34229] raylet_client.cc:336: Error reporting task backlog information: IOError: 
[2022-01-28 11:53:29,158 I 34062 34229] raylet_client.cc:336: Error reporting task backlog information: IOError: 
[2022-01-28 11:53:30,159 I 34062 34229] raylet_client.cc:336: Error reporting task backlog information: IOError: 
[2022-01-28 11:53:31,159 I 34062 34229] raylet_client.cc:336: Error reporting task backlog information: IOError: 
[2022-01-28 11:53:32,159 I 34062 34229] raylet_client.cc:336: Error reporting task backlog information: IOError: 
[2022-01-28 11:53:33,159 I 34062 34229] raylet_client.cc:336: Error reporting task backlog information: IOError: 
[2022-01-28 11:53:34,160 I 34062 34229] raylet_client.cc:336: Error reporting task backlog information: IOError: 
[2022-01-28 11:53:35,160 I 34062 34229] raylet_client.cc:336: Error reporting task backlog information: IOError: 
[2022-01-28 11:53:36,160 I 34062 34229] raylet_client.cc:336: Error reporting task backlog information: IOError: 
[2022-01-28 11:53:37,160 I 34062 34229] raylet_client.cc:336: Error reporting task backlog information: IOError: 
[2022-01-28 11:53:37,305 W 34062 34230] metric_exporter.cc:206: Export metrics to agent failed: IOError: . This won't affect Ray, but you can lose metrics from the cluster.
[2022-01-28 11:53:38,160 I 34062 34229] raylet_client.cc:336: Error reporting task backlog information: IOError: 
[2022-01-28 11:53:39,161 I 34062 34229] raylet_client.cc:336: Error reporting task backlog information: IOError: 
[2022-01-28 11:53:40,161 I 34062 34229] raylet_client.cc:336: Error reporting task backlog information: IOError: 
[2022-01-28 11:53:41,161 I 34062 34229] raylet_client.cc:336: Error reporting task backlog information: IOError: 
[2022-01-28 11:53:42,161 I 34062 34229] raylet_client.cc:336: Error reporting task backlog information: IOError: 
[2022-01-28 11:53:43,162 I 34062 34229] raylet_client.cc:336: Error reporting task backlog information: IOError: 
[2022-01-28 11:53:44,162 I 34062 34229] raylet_client.cc:336: Error reporting task backlog information: IOError: 
[2022-01-28 11:53:45,162 I 34062 34229] raylet_client.cc:336: Error reporting task backlog information: IOError: 
[2022-01-28 11:53:46,163 I 34062 34229] raylet_client.cc:336: Error reporting task backlog information: IOError: 
[2022-01-28 11:53:47,163 I 34062 34229] raylet_client.cc:336: Error reporting task backlog information: IOError: 
[2022-01-28 11:53:47,317 W 34062 34230] metric_exporter.cc:206: Export metrics to agent failed: IOError: . This won't affect Ray, but you can lose metrics from the cluster.
[2022-01-28 11:53:48,163 I 34062 34229] raylet_client.cc:336: Error reporting task backlog information: IOError: 
[2022-01-28 11:53:49,163 I 34062 34229] raylet_client.cc:336: Error reporting task backlog information: IOError: 
[2022-01-28 11:53:50,164 I 34062 34229] raylet_client.cc:336: Error reporting task backlog information: IOError: 
[2022-01-28 11:53:51,164 I 34062 34229] raylet_client.cc:336: Error reporting task backlog information: IOError: 
[2022-01-28 11:53:52,164 I 34062 34229] raylet_client.cc:336: Error reporting task backlog information: IOError: 
[2022-01-28 11:53:53,164 I 34062 34229] raylet_client.cc:336: Error reporting task backlog information: IOError: 
[2022-01-28 11:53:54,164 I 34062 34229] raylet_client.cc:336: Error reporting task backlog information: IOError: 
[2022-01-28 11:53:55,165 I 34062 34229] raylet_client.cc:336: Error reporting task backlog information: IOError: 
[2022-01-28 11:53:56,165 I 34062 34229] raylet_client.cc:336: Error reporting task backlog information: IOError: 
[2022-01-28 11:53:57,165 I 34062 34229] raylet_client.cc:336: Error reporting task backlog information: IOError: 
[2022-01-28 11:53:57,329 W 34062 34230] metric_exporter.cc:206: Export metrics to agent failed: IOError: . This won't affect Ray, but you can lose metrics from the cluster.
[2022-01-28 11:53:58,165 I 34062 34229] raylet_client.cc:336: Error reporting task backlog information: IOError: 
[2022-01-28 11:53:59,166 I 34062 34229] raylet_client.cc:336: Error reporting task backlog information: IOError: 
[2022-01-28 11:54:00,166 I 34062 34229] raylet_client.cc:336: Error reporting task backlog information: IOError: 
[2022-01-28 11:54:01,166 I 34062 34229] raylet_client.cc:336: Error reporting task backlog information: IOError: 
[2022-01-28 11:54:02,166 I 34062 34229] raylet_client.cc:336: Error reporting task backlog information: IOError: 
[2022-01-28 11:54:03,167 I 34062 34229] raylet_client.cc:336: Error reporting task backlog information: IOError: 
[2022-01-28 11:54:04,167 I 34062 34229] raylet_client.cc:336: Error reporting task backlog information: IOError: 
[2022-01-28 11:54:05,167 I 34062 34229] raylet_client.cc:336: Error reporting task backlog information: IOError: 
[2022-01-28 11:54:06,168 I 34062 34229] raylet_client.cc:336: Error reporting task backlog information: IOError: 
[2022-01-28 11:54:07,168 I 34062 34229] raylet_client.cc:336: Error reporting task backlog information: IOError: 
[2022-01-28 11:54:07,341 W 34062 34230] metric_exporter.cc:206: Export metrics to agent failed: IOError: . This won't affect Ray, but you can lose metrics from the cluster.
[2022-01-28 11:54:08,168 I 34062 34229] raylet_client.cc:336: Error reporting task backlog information: IOError: 
[2022-01-28 11:54:09,168 I 34062 34229] raylet_client.cc:336: Error reporting task backlog information: IOError: 
[2022-01-28 11:54:10,168 I 34062 34229] raylet_client.cc:336: Error reporting task backlog information: IOError: 
[2022-01-28 11:54:11,169 I 34062 34229] raylet_client.cc:336: Error reporting task backlog information: IOError: 
[2022-01-28 11:54:12,169 I 34062 34229] raylet_client.cc:336: Error reporting task backlog information: IOError: 
[2022-01-28 11:54:13,169 I 34062 34229] raylet_client.cc:336: Error reporting task backlog information: IOError: 
[2022-01-28 11:54:14,169 I 34062 34229] raylet_client.cc:336: Error reporting task backlog information: IOError: 
[2022-01-28 11:54:15,170 I 34062 34229] raylet_client.cc:336: Error reporting task backlog information: IOError: 
[2022-01-28 11:54:16,170 I 34062 34229] raylet_client.cc:336: Error reporting task backlog information: IOError: 
[2022-01-28 11:54:17,170 I 34062 34229] raylet_client.cc:336: Error reporting task backlog information: IOError: 
[2022-01-28 11:54:17,354 W 34062 34230] metric_exporter.cc:206: Export metrics to agent failed: IOError: . This won't affect Ray, but you can lose metrics from the cluster.
[2022-01-28 11:54:18,170 I 34062 34229] raylet_client.cc:336: Error reporting task backlog information: IOError: 
[2022-01-28 11:54:19,171 I 34062 34229] raylet_client.cc:336: Error reporting task backlog information: IOError: 
[2022-01-28 11:54:20,171 I 34062 34229] raylet_client.cc:336: Error reporting task backlog information: IOError: 
[2022-01-28 11:54:21,171 I 34062 34229] raylet_client.cc:336: Error reporting task backlog information: IOError: 
[2022-01-28 11:54:22,172 I 34062 34229] raylet_client.cc:336: Error reporting task backlog information: IOError: 
[2022-01-28 11:54:23,172 I 34062 34229] raylet_client.cc:336: Error reporting task backlog information: IOError: 
[2022-01-28 11:54:24,172 I 34062 34229] raylet_client.cc:336: Error reporting task backlog information: IOError: 
[2022-01-28 11:54:25,172 I 34062 34229] raylet_client.cc:336: Error reporting task backlog information: IOError: 
[2022-01-28 11:54:26,172 I 34062 34229] raylet_client.cc:336: Error reporting task backlog information: IOError: 
[2022-01-28 11:54:27,173 I 34062 34229] raylet_client.cc:336: Error reporting task backlog information: IOError: 
[2022-01-28 11:54:27,366 W 34062 34230] metric_exporter.cc:206: Export metrics to agent failed: IOError: . This won't affect Ray, but you can lose metrics from the cluster.
[2022-01-28 11:54:28,173 I 34062 34229] raylet_client.cc:336: Error reporting task backlog information: IOError: 
[2022-01-28 11:54:29,173 I 34062 34229] raylet_client.cc:336: Error reporting task backlog information: IOError: 
[2022-01-28 11:54:30,174 I 34062 34229] raylet_client.cc:336: Error reporting task backlog information: IOError: 
[2022-01-28 11:54:31,174 I 34062 34229] raylet_client.cc:336: Error reporting task backlog information: IOError: 
[2022-01-28 11:54:32,174 I 34062 34229] raylet_client.cc:336: Error reporting task backlog information: IOError: 
[2022-01-28 11:54:33,174 I 34062 34229] raylet_client.cc:336: Error reporting task backlog information: IOError: 
[2022-01-28 11:54:34,175 I 34062 34229] raylet_client.cc:336: Error reporting task backlog information: IOError: 
[2022-01-28 11:54:35,175 I 34062 34229] raylet_client.cc:336: Error reporting task backlog information: IOError: 
[2022-01-28 11:54:36,175 I 34062 34229] raylet_client.cc:336: Error reporting task backlog information: IOError: 
[2022-01-28 11:54:37,175 I 34062 34229] raylet_client.cc:336: Error reporting task backlog information: IOError: 
[2022-01-28 11:54:37,377 W 34062 34230] metric_exporter.cc:206: Export metrics to agent failed: IOError: . This won't affect Ray, but you can lose metrics from the cluster.
[2022-01-28 11:54:38,175 I 34062 34229] raylet_client.cc:336: Error reporting task backlog information: IOError: 
[2022-01-28 11:54:39,176 I 34062 34229] raylet_client.cc:336: Error reporting task backlog information: IOError: 
[2022-01-28 11:54:40,176 I 34062 34229] raylet_client.cc:336: Error reporting task backlog information: IOError: 
[2022-01-28 11:54:41,176 I 34062 34229] raylet_client.cc:336: Error reporting task backlog information: IOError: 
[2022-01-28 11:54:42,176 I 34062 34229] raylet_client.cc:336: Error reporting task backlog information: IOError: 
[2022-01-28 11:54:43,176 I 34062 34229] raylet_client.cc:336: Error reporting task backlog information: IOError: 
[2022-01-28 11:54:44,177 I 34062 34229] raylet_client.cc:336: Error reporting task backlog information: IOError: 
[2022-01-28 11:54:45,177 I 34062 34229] raylet_client.cc:336: Error reporting task backlog information: IOError: 
[2022-01-28 11:54:46,177 I 34062 34229] raylet_client.cc:336: Error reporting task backlog information: IOError: 
[2022-01-28 11:54:47,177 I 34062 34229] raylet_client.cc:336: Error reporting task backlog information: IOError: 
[2022-01-28 11:54:47,387 W 34062 34230] metric_exporter.cc:206: Export metrics to agent failed: IOError: . This won't affect Ray, but you can lose metrics from the cluster.
[2022-01-28 11:54:48,177 I 34062 34229] raylet_client.cc:336: Error reporting task backlog information: IOError: 
[2022-01-28 11:54:49,178 I 34062 34229] raylet_client.cc:336: Error reporting task backlog information: IOError: 
[2022-01-28 11:54:50,178 I 34062 34229] raylet_client.cc:336: Error reporting task backlog information: IOError: 
[2022-01-28 11:54:51,178 I 34062 34229] raylet_client.cc:336: Error reporting task backlog information: IOError: 
[2022-01-28 11:54:52,178 I 34062 34229] raylet_client.cc:336: Error reporting task backlog information: IOError: 
[2022-01-28 11:54:53,178 I 34062 34229] raylet_client.cc:336: Error reporting task backlog information: IOError: 
[2022-01-28 11:54:54,178 I 34062 34229] raylet_client.cc:336: Error reporting task backlog information: IOError: 
[2022-01-28 11:54:55,179 I 34062 34229] raylet_client.cc:336: Error reporting task backlog information: IOError: 
[2022-01-28 11:54:56,179 I 34062 34229] raylet_client.cc:336: Error reporting task backlog information: IOError: 
[2022-01-28 11:54:57,179 I 34062 34229] raylet_client.cc:336: Error reporting task backlog information: IOError: 
[2022-01-28 11:54:57,397 W 34062 34230] metric_exporter.cc:206: Export metrics to agent failed: IOError: . This won't affect Ray, but you can lose metrics from the cluster.
[2022-01-28 11:54:58,179 I 34062 34229] raylet_client.cc:336: Error reporting task backlog information: IOError: 
[2022-01-28 11:54:59,180 I 34062 34229] raylet_client.cc:336: Error reporting task backlog information: IOError: 
[2022-01-28 11:55:00,180 I 34062 34229] raylet_client.cc:336: Error reporting task backlog information: IOError: 
[2022-01-28 11:55:01,180 I 34062 34229] raylet_client.cc:336: Error reporting task backlog information: IOError: 
[2022-01-28 11:55:02,180 I 34062 34229] raylet_client.cc:336: Error reporting task backlog information: IOError: 
[2022-01-28 11:55:03,180 I 34062 34229] raylet_client.cc:336: Error reporting task backlog information: IOError: 
[2022-01-28 11:55:04,180 I 34062 34229] raylet_client.cc:336: Error reporting task backlog information: IOError: 
[2022-01-28 11:55:05,180 I 34062 34229] raylet_client.cc:336: Error reporting task backlog information: IOError: 
[2022-01-28 11:55:06,180 I 34062 34229] raylet_client.cc:336: Error reporting task backlog information: IOError: 
[2022-01-28 11:55:07,181 I 34062 34229] raylet_client.cc:336: Error reporting task backlog information: IOError: 
[2022-01-28 11:55:07,408 W 34062 34230] metric_exporter.cc:206: Export metrics to agent failed: IOError: . This won't affect Ray, but you can lose metrics from the cluster.
[2022-01-28 11:55:08,181 I 34062 34229] raylet_client.cc:336: Error reporting task backlog information: IOError: 
[2022-01-28 11:55:09,181 I 34062 34229] raylet_client.cc:336: Error reporting task backlog information: IOError: 
[2022-01-28 11:55:10,181 I 34062 34229] raylet_client.cc:336: Error reporting task backlog information: IOError: 
[2022-01-28 11:55:11,181 I 34062 34229] raylet_client.cc:336: Error reporting task backlog information: IOError: 
[2022-01-28 11:55:12,181 I 34062 34229] raylet_client.cc:336: Error reporting task backlog information: IOError: 
[2022-01-28 11:55:13,181 I 34062 34229] raylet_client.cc:336: Error reporting task backlog information: IOError: 
[2022-01-28 11:55:14,181 I 34062 34229] raylet_client.cc:336: Error reporting task backlog information: IOError: 
[2022-01-28 11:55:15,181 I 34062 34229] raylet_client.cc:336: Error reporting task backlog information: IOError: 
[2022-01-28 11:55:16,181 I 34062 34229] raylet_client.cc:336: Error reporting task backlog information: IOError: 
[2022-01-28 11:55:17,181 I 34062 34229] raylet_client.cc:336: Error reporting task backlog information: IOError: 
[2022-01-28 11:55:17,419 W 34062 34230] metric_exporter.cc:206: Export metrics to agent failed: IOError: . This won't affect Ray, but you can lose metrics from the cluster.
[2022-01-28 11:55:18,181 I 34062 34229] raylet_client.cc:336: Error reporting task backlog information: IOError: 
[2022-01-28 11:55:19,182 I 34062 34229] raylet_client.cc:336: Error reporting task backlog information: IOError: 
[2022-01-28 11:55:20,182 I 34062 34229] raylet_client.cc:336: Error reporting task backlog information: IOError: 
[2022-01-28 11:55:21,182 I 34062 34229] raylet_client.cc:336: Error reporting task backlog information: IOError: 
[2022-01-28 11:55:22,182 I 34062 34229] raylet_client.cc:336: Error reporting task backlog information: IOError: 
[2022-01-28 11:55:23,182 I 34062 34229] raylet_client.cc:336: Error reporting task backlog information: IOError: 
[2022-01-28 11:55:24,182 I 34062 34229] raylet_client.cc:336: Error reporting task backlog information: IOError: 
[2022-01-28 11:55:25,182 I 34062 34229] raylet_client.cc:336: Error reporting task backlog information: IOError: 
[2022-01-28 11:55:26,182 I 34062 34229] raylet_client.cc:336: Error reporting task backlog information: IOError: 
[2022-01-28 11:55:27,182 I 34062 34229] raylet_client.cc:336: Error reporting task backlog information: IOError: 
[2022-01-28 11:55:27,426 W 34062 34230] metric_exporter.cc:206: Export metrics to agent failed: IOError: . This won't affect Ray, but you can lose metrics from the cluster.
[2022-01-28 11:55:28,182 I 34062 34229] raylet_client.cc:336: Error reporting task backlog information: IOError: 
[2022-01-28 11:55:29,182 I 34062 34229] raylet_client.cc:336: Error reporting task backlog information: IOError: 
[2022-01-28 11:55:30,182 I 34062 34229] raylet_client.cc:336: Error reporting task backlog information: IOError: 
[2022-01-28 11:55:31,182 I 34062 34229] raylet_client.cc:336: Error reporting task backlog information: IOError: 
[2022-01-28 11:55:32,182 I 34062 34229] raylet_client.cc:336: Error reporting task backlog information: IOError: 
[2022-01-28 11:55:33,182 I 34062 34229] raylet_client.cc:336: Error reporting task backlog information: IOError: 
[2022-01-28 11:55:34,182 I 34062 34229] raylet_client.cc:336: Error reporting task backlog information: IOError: 
[2022-01-28 11:55:35,183 I 34062 34229] raylet_client.cc:336: Error reporting task backlog information: IOError: 
[2022-01-28 11:55:36,183 I 34062 34229] raylet_client.cc:336: Error reporting task backlog information: IOError: 
[2022-01-28 11:55:37,183 I 34062 34229] raylet_client.cc:336: Error reporting task backlog information: IOError: 
[2022-01-28 11:55:37,433 W 34062 34230] metric_exporter.cc:206: Export metrics to agent failed: IOError: . This won't affect Ray, but you can lose metrics from the cluster.
[2022-01-28 11:55:38,183 I 34062 34229] raylet_client.cc:336: Error reporting task backlog information: IOError: 
[2022-01-28 11:55:39,183 I 34062 34229] raylet_client.cc:336: Error reporting task backlog information: IOError: 
[2022-01-28 11:55:40,183 I 34062 34229] raylet_client.cc:336: Error reporting task backlog information: IOError: 
[2022-01-28 11:55:41,183 I 34062 34229] raylet_client.cc:336: Error reporting task backlog information: IOError: 
[2022-01-28 11:55:42,183 I 34062 34229] raylet_client.cc:336: Error reporting task backlog information: IOError: 
[2022-01-28 11:55:43,183 I 34062 34229] raylet_client.cc:336: Error reporting task backlog information: IOError: 
[2022-01-28 11:55:44,183 I 34062 34229] raylet_client.cc:336: Error reporting task backlog information: IOError: 
[2022-01-28 11:55:45,183 I 34062 34229] raylet_client.cc:336: Error reporting task backlog information: IOError: 
[2022-01-28 11:55:46,183 I 34062 34229] raylet_client.cc:336: Error reporting task backlog information: IOError: 
[2022-01-28 11:55:47,184 I 34062 34229] raylet_client.cc:336: Error reporting task backlog information: IOError: 
[2022-01-28 11:55:47,441 W 34062 34230] metric_exporter.cc:206: Export metrics to agent failed: IOError: . This won't affect Ray, but you can lose metrics from the cluster.
[2022-01-28 11:55:48,184 I 34062 34229] raylet_client.cc:336: Error reporting task backlog information: IOError: 
[2022-01-28 11:55:49,184 I 34062 34229] raylet_client.cc:336: Error reporting task backlog information: IOError: 
[2022-01-28 11:55:50,184 I 34062 34229] raylet_client.cc:336: Error reporting task backlog information: IOError: 
[2022-01-28 11:55:51,184 I 34062 34229] raylet_client.cc:336: Error reporting task backlog information: IOError: 
[2022-01-28 11:55:52,184 I 34062 34229] raylet_client.cc:336: Error reporting task backlog information: IOError: 
[2022-01-28 11:55:53,184 I 34062 34229] raylet_client.cc:336: Error reporting task backlog information: IOError: 
[2022-01-28 11:55:54,184 I 34062 34229] raylet_client.cc:336: Error reporting task backlog information: IOError: 
[2022-01-28 11:55:55,185 I 34062 34229] raylet_client.cc:336: Error reporting task backlog information: IOError: 
[2022-01-28 11:55:56,185 I 34062 34229] raylet_client.cc:336: Error reporting task backlog information: IOError: 
[2022-01-28 11:55:57,185 I 34062 34229] raylet_client.cc:336: Error reporting task backlog information: IOError: 
[2022-01-28 11:55:57,456 W 34062 34230] metric_exporter.cc:206: Export metrics to agent failed: IOError: . This won't affect Ray, but you can lose metrics from the cluster.
[2022-01-28 11:55:58,185 I 34062 34229] raylet_client.cc:336: Error reporting task backlog information: IOError: 
[2022-01-28 11:55:59,185 I 34062 34229] raylet_client.cc:336: Error reporting task backlog information: IOError: 
[2022-01-28 11:56:00,185 I 34062 34229] raylet_client.cc:336: Error reporting task backlog information: IOError: 
[2022-01-28 11:56:01,186 I 34062 34229] raylet_client.cc:336: Error reporting task backlog information: IOError: 
[2022-01-28 11:56:02,186 I 34062 34229] raylet_client.cc:336: Error reporting task backlog information: IOError: 
[2022-01-28 11:56:03,186 I 34062 34229] raylet_client.cc:336: Error reporting task backlog information: IOError: 
[2022-01-28 11:56:04,087 W 34062 34121] gcs_server_address_updater.cc:61: [301] Failed to get the gcs server address from raylet 301 times in a row. If it keeps failing to obtain the address, the worker might crash. Connection status IOError: 
[2022-01-28 11:56:04,186 I 34062 34229] raylet_client.cc:336: Error reporting task backlog information: IOError: 
[2022-01-28 11:56:05,186 I 34062 34229] raylet_client.cc:336: Error reporting task backlog information: IOError: 
[2022-01-28 11:56:06,186 I 34062 34229] raylet_client.cc:336: Error reporting task backlog information: IOError: 
[2022-01-28 11:56:07,187 I 34062 34229] raylet_client.cc:336: Error reporting task backlog information: IOError: 
[2022-01-28 11:56:07,470 W 34062 34230] metric_exporter.cc:206: Export metrics to agent failed: IOError: . This won't affect Ray, but you can lose metrics from the cluster.
[2022-01-28 11:56:08,187 I 34062 34229] raylet_client.cc:336: Error reporting task backlog information: IOError: 
[2022-01-28 11:56:09,187 I 34062 34229] raylet_client.cc:336: Error reporting task backlog information: IOError: 
[2022-01-28 11:56:10,187 I 34062 34229] raylet_client.cc:336: Error reporting task backlog information: IOError: 
[2022-01-28 11:56:11,187 I 34062 34229] raylet_client.cc:336: Error reporting task backlog information: IOError: 
[2022-01-28 11:56:12,187 I 34062 34229] raylet_client.cc:336: Error reporting task backlog information: IOError: 
[2022-01-28 11:56:13,187 I 34062 34229] raylet_client.cc:336: Error reporting task backlog information: IOError: 
[2022-01-28 11:56:14,187 I 34062 34229] raylet_client.cc:336: Error reporting task backlog information: IOError: 
[2022-01-28 11:56:15,188 I 34062 34229] raylet_client.cc:336: Error reporting task backlog information: IOError: 
[2022-01-28 11:56:16,188 I 34062 34229] raylet_client.cc:336: Error reporting task backlog information: IOError: 
[2022-01-28 11:56:17,188 I 34062 34229] raylet_client.cc:336: Error reporting task backlog information: IOError: 
[2022-01-28 11:56:17,482 W 34062 34230] metric_exporter.cc:206: Export metrics to agent failed: IOError: . This won't affect Ray, but you can lose metrics from the cluster.
[2022-01-28 11:56:18,188 I 34062 34229] raylet_client.cc:336: Error reporting task backlog information: IOError: 
[2022-01-28 11:56:19,188 I 34062 34229] raylet_client.cc:336: Error reporting task backlog information: IOError: 
[2022-01-28 11:56:20,188 I 34062 34229] raylet_client.cc:336: Error reporting task backlog information: IOError: 
[2022-01-28 11:56:21,189 I 34062 34229] raylet_client.cc:336: Error reporting task backlog information: IOError: 
[2022-01-28 11:56:22,189 I 34062 34229] raylet_client.cc:336: Error reporting task backlog information: IOError: 
[2022-01-28 11:56:23,189 I 34062 34229] raylet_client.cc:336: Error reporting task backlog information: IOError: 
[2022-01-28 11:56:24,189 I 34062 34229] raylet_client.cc:336: Error reporting task backlog information: IOError: 
[2022-01-28 11:56:25,189 I 34062 34229] raylet_client.cc:336: Error reporting task backlog information: IOError: 
[2022-01-28 11:56:26,190 I 34062 34229] raylet_client.cc:336: Error reporting task backlog information: IOError: 
[2022-01-28 11:56:27,190 I 34062 34229] raylet_client.cc:336: Error reporting task backlog information: IOError: 
[2022-01-28 11:56:27,497 W 34062 34230] metric_exporter.cc:206: Export metrics to agent failed: IOError: . This won't affect Ray, but you can lose metrics from the cluster.
[2022-01-28 11:56:28,190 I 34062 34229] raylet_client.cc:336: Error reporting task backlog information: IOError: 
[2022-01-28 11:56:29,190 I 34062 34229] raylet_client.cc:336: Error reporting task backlog information: IOError: 
[2022-01-28 11:56:30,190 I 34062 34229] raylet_client.cc:336: Error reporting task backlog information: IOError: 
[2022-01-28 11:56:31,190 I 34062 34229] raylet_client.cc:336: Error reporting task backlog information: IOError: 
[2022-01-28 11:56:32,190 I 34062 34229] raylet_client.cc:336: Error reporting task backlog information: IOError: 
[2022-01-28 11:56:33,190 I 34062 34229] raylet_client.cc:336: Error reporting task backlog information: IOError: 
[2022-01-28 11:56:34,191 I 34062 34229] raylet_client.cc:336: Error reporting task backlog information: IOError: 
[2022-01-28 11:56:35,191 I 34062 34229] raylet_client.cc:336: Error reporting task backlog information: IOError: 
[2022-01-28 11:56:36,191 I 34062 34229] raylet_client.cc:336: Error reporting task backlog information: IOError: 
[2022-01-28 11:56:37,191 I 34062 34229] raylet_client.cc:336: Error reporting task backlog information: IOError: 
[2022-01-28 11:56:37,510 W 34062 34230] metric_exporter.cc:206: Export metrics to agent failed: IOError: . This won't affect Ray, but you can lose metrics from the cluster.
[2022-01-28 11:56:38,191 I 34062 34229] raylet_client.cc:336: Error reporting task backlog information: IOError: 
[2022-01-28 11:56:39,191 I 34062 34229] raylet_client.cc:336: Error reporting task backlog information: IOError: 
[2022-01-28 11:56:40,191 I 34062 34229] raylet_client.cc:336: Error reporting task backlog information: IOError: 
[2022-01-28 11:56:41,191 I 34062 34229] raylet_client.cc:336: Error reporting task backlog information: IOError: 
[2022-01-28 11:56:42,192 I 34062 34229] raylet_client.cc:336: Error reporting task backlog information: IOError: 
[2022-01-28 11:56:43,192 I 34062 34229] raylet_client.cc:336: Error reporting task backlog information: IOError: 
[2022-01-28 11:56:44,192 I 34062 34229] raylet_client.cc:336: Error reporting task backlog information: IOError: 
[2022-01-28 11:56:45,192 I 34062 34229] raylet_client.cc:336: Error reporting task backlog information: IOError: 
[2022-01-28 11:56:46,192 I 34062 34229] raylet_client.cc:336: Error reporting task backlog information: IOError: 
[2022-01-28 11:56:47,192 I 34062 34229] raylet_client.cc:336: Error reporting task backlog information: IOError: 
[2022-01-28 11:56:47,525 W 34062 34230] metric_exporter.cc:206: Export metrics to agent failed: IOError: . This won't affect Ray, but you can lose metrics from the cluster.
[2022-01-28 11:56:48,192 I 34062 34229] raylet_client.cc:336: Error reporting task backlog information: IOError: 
[2022-01-28 11:56:49,193 I 34062 34229] raylet_client.cc:336: Error reporting task backlog information: IOError: 
[2022-01-28 11:56:50,193 I 34062 34229] raylet_client.cc:336: Error reporting task backlog information: IOError: 
[2022-01-28 11:56:51,193 I 34062 34229] raylet_client.cc:336: Error reporting task backlog information: IOError: 
[2022-01-28 11:56:52,193 I 34062 34229] raylet_client.cc:336: Error reporting task backlog information: IOError: 
[2022-01-28 11:56:53,193 I 34062 34229] raylet_client.cc:336: Error reporting task backlog information: IOError: 
[2022-01-28 11:56:54,193 I 34062 34229] raylet_client.cc:336: Error reporting task backlog information: IOError: 
[2022-01-28 11:56:55,193 I 34062 34229] raylet_client.cc:336: Error reporting task backlog information: IOError: 
[2022-01-28 11:56:56,193 I 34062 34229] raylet_client.cc:336: Error reporting task backlog information: IOError: 
[2022-01-28 11:56:57,194 I 34062 34229] raylet_client.cc:336: Error reporting task backlog information: IOError: 
[2022-01-28 11:56:57,540 W 34062 34230] metric_exporter.cc:206: Export metrics to agent failed: IOError: . This won't affect Ray, but you can lose metrics from the cluster.
[2022-01-28 11:56:58,194 I 34062 34229] raylet_client.cc:336: Error reporting task backlog information: IOError: 
[2022-01-28 11:56:59,194 I 34062 34229] raylet_client.cc:336: Error reporting task backlog information: IOError: 
[2022-01-28 11:57:00,194 I 34062 34229] raylet_client.cc:336: Error reporting task backlog information: IOError: 
[2022-01-28 11:57:01,194 I 34062 34229] raylet_client.cc:336: Error reporting task backlog information: IOError: 
[2022-01-28 11:57:02,194 I 34062 34229] raylet_client.cc:336: Error reporting task backlog information: IOError: 
[2022-01-28 11:57:03,195 I 34062 34229] raylet_client.cc:336: Error reporting task backlog information: IOError: 
[2022-01-28 11:57:04,195 I 34062 34229] raylet_client.cc:336: Error reporting task backlog information: IOError: 
[2022-01-28 11:57:05,195 I 34062 34229] raylet_client.cc:336: Error reporting task backlog information: IOError: 
[2022-01-28 11:57:06,195 I 34062 34229] raylet_client.cc:336: Error reporting task backlog information: IOError: 
[2022-01-28 11:57:07,195 I 34062 34229] raylet_client.cc:336: Error reporting task backlog information: IOError: 
[2022-01-28 11:57:07,553 W 34062 34230] metric_exporter.cc:206: Export metrics to agent failed: IOError: . This won't affect Ray, but you can lose metrics from the cluster.
[2022-01-28 11:57:08,195 I 34062 34229] raylet_client.cc:336: Error reporting task backlog information: IOError: 
[2022-01-28 11:57:09,195 I 34062 34229] raylet_client.cc:336: Error reporting task backlog information: IOError: 
[2022-01-28 11:57:10,196 I 34062 34229] raylet_client.cc:336: Error reporting task backlog information: IOError: 
[2022-01-28 11:57:11,196 I 34062 34229] raylet_client.cc:336: Error reporting task backlog information: IOError: 
[2022-01-28 11:57:12,196 I 34062 34229] raylet_client.cc:336: Error reporting task backlog information: IOError: 
[2022-01-28 11:57:13,196 I 34062 34229] raylet_client.cc:336: Error reporting task backlog information: IOError: 
[2022-01-28 11:57:14,196 I 34062 34229] raylet_client.cc:336: Error reporting task backlog information: IOError: 
[2022-01-28 11:57:15,196 I 34062 34229] raylet_client.cc:336: Error reporting task backlog information: IOError: 
[2022-01-28 11:57:16,196 I 34062 34229] raylet_client.cc:336: Error reporting task backlog information: IOError: 
[2022-01-28 11:57:17,196 I 34062 34229] raylet_client.cc:336: Error reporting task backlog information: IOError: 
[2022-01-28 11:57:17,567 W 34062 34230] metric_exporter.cc:206: Export metrics to agent failed: IOError: . This won't affect Ray, but you can lose metrics from the cluster.
[2022-01-28 11:57:18,197 I 34062 34229] raylet_client.cc:336: Error reporting task backlog information: IOError: 
[2022-01-28 11:57:19,197 I 34062 34229] raylet_client.cc:336: Error reporting task backlog information: IOError: 
[2022-01-28 11:57:20,197 I 34062 34229] raylet_client.cc:336: Error reporting task backlog information: IOError: 
[2022-01-28 11:57:21,197 I 34062 34229] raylet_client.cc:336: Error reporting task backlog information: IOError: 
[2022-01-28 11:57:22,198 I 34062 34229] raylet_client.cc:336: Error reporting task backlog information: IOError: 
[2022-01-28 11:57:23,198 I 34062 34229] raylet_client.cc:336: Error reporting task backlog information: IOError: 
[2022-01-28 11:57:24,198 I 34062 34229] raylet_client.cc:336: Error reporting task backlog information: IOError: 
[2022-01-28 11:57:25,198 I 34062 34229] raylet_client.cc:336: Error reporting task backlog information: IOError: 
[2022-01-28 11:57:26,198 I 34062 34229] raylet_client.cc:336: Error reporting task backlog information: IOError: 
[2022-01-28 11:57:27,198 I 34062 34229] raylet_client.cc:336: Error reporting task backlog information: IOError: 
[2022-01-28 11:57:27,580 W 34062 34230] metric_exporter.cc:206: Export metrics to agent failed: IOError: . This won't affect Ray, but you can lose metrics from the cluster.
[2022-01-28 11:57:28,198 I 34062 34229] raylet_client.cc:336: Error reporting task backlog information: IOError: 
[2022-01-28 11:57:29,198 I 34062 34229] raylet_client.cc:336: Error reporting task backlog information: IOError: 
[2022-01-28 11:57:30,199 I 34062 34229] raylet_client.cc:336: Error reporting task backlog information: IOError: 
[2022-01-28 11:57:31,199 I 34062 34229] raylet_client.cc:336: Error reporting task backlog information: IOError: 
[2022-01-28 11:57:32,199 I 34062 34229] raylet_client.cc:336: Error reporting task backlog information: IOError: 
[2022-01-28 11:57:33,199 I 34062 34229] raylet_client.cc:336: Error reporting task backlog information: IOError: 
[2022-01-28 11:57:34,199 I 34062 34229] raylet_client.cc:336: Error reporting task backlog information: IOError: 
[2022-01-28 11:57:35,199 I 34062 34229] raylet_client.cc:336: Error reporting task backlog information: IOError: 
[2022-01-28 11:57:36,199 I 34062 34229] raylet_client.cc:336: Error reporting task backlog information: IOError: 
[2022-01-28 11:57:37,200 I 34062 34229] raylet_client.cc:336: Error reporting task backlog information: IOError: 
[2022-01-28 11:57:37,593 W 34062 34230] metric_exporter.cc:206: Export metrics to agent failed: IOError: . This won't affect Ray, but you can lose metrics from the cluster.
[2022-01-28 11:57:38,200 I 34062 34229] raylet_client.cc:336: Error reporting task backlog information: IOError: 
[2022-01-28 11:57:39,200 I 34062 34229] raylet_client.cc:336: Error reporting task backlog information: IOError: 
[2022-01-28 11:57:40,200 I 34062 34229] raylet_client.cc:336: Error reporting task backlog information: IOError: 
[2022-01-28 11:57:41,200 I 34062 34229] raylet_client.cc:336: Error reporting task backlog information: IOError: 
[2022-01-28 11:57:42,200 I 34062 34229] raylet_client.cc:336: Error reporting task backlog information: IOError: 
[2022-01-28 11:57:43,201 I 34062 34229] raylet_client.cc:336: Error reporting task backlog information: IOError: 
[2022-01-28 11:57:44,201 I 34062 34229] raylet_client.cc:336: Error reporting task backlog information: IOError: 
[2022-01-28 11:57:45,201 I 34062 34229] raylet_client.cc:336: Error reporting task backlog information: IOError: 
[2022-01-28 11:57:46,201 I 34062 34229] raylet_client.cc:336: Error reporting task backlog information: IOError: 
[2022-01-28 11:57:47,201 I 34062 34229] raylet_client.cc:336: Error reporting task backlog information: IOError: 
[2022-01-28 11:57:47,606 W 34062 34230] metric_exporter.cc:206: Export metrics to agent failed: IOError: . This won't affect Ray, but you can lose metrics from the cluster.
[2022-01-28 11:57:48,201 I 34062 34229] raylet_client.cc:336: Error reporting task backlog information: IOError: 
[2022-01-28 11:57:49,201 I 34062 34229] raylet_client.cc:336: Error reporting task backlog information: IOError: 
[2022-01-28 11:57:50,201 I 34062 34229] raylet_client.cc:336: Error reporting task backlog information: IOError: 
[2022-01-28 11:57:51,202 I 34062 34229] raylet_client.cc:336: Error reporting task backlog information: IOError: 
[2022-01-28 11:57:52,202 I 34062 34229] raylet_client.cc:336: Error reporting task backlog information: IOError: 
[2022-01-28 11:57:53,202 I 34062 34229] raylet_client.cc:336: Error reporting task backlog information: IOError: 
[2022-01-28 11:57:54,202 I 34062 34229] raylet_client.cc:336: Error reporting task backlog information: IOError: 
[2022-01-28 11:57:55,202 I 34062 34229] raylet_client.cc:336: Error reporting task backlog information: IOError: 
[2022-01-28 11:57:56,202 I 34062 34229] raylet_client.cc:336: Error reporting task backlog information: IOError: 
[2022-01-28 11:57:57,203 I 34062 34229] raylet_client.cc:336: Error reporting task backlog information: IOError: 
[2022-01-28 11:57:57,617 W 34062 34230] metric_exporter.cc:206: Export metrics to agent failed: IOError: . This won't affect Ray, but you can lose metrics from the cluster.
[2022-01-28 11:57:58,203 I 34062 34229] raylet_client.cc:336: Error reporting task backlog information: IOError: 
[2022-01-28 11:57:59,203 I 34062 34229] raylet_client.cc:336: Error reporting task backlog information: IOError: 
[2022-01-28 11:58:00,203 I 34062 34229] raylet_client.cc:336: Error reporting task backlog information: IOError: 
[2022-01-28 11:58:01,203 I 34062 34229] raylet_client.cc:336: Error reporting task backlog information: IOError: 
[2022-01-28 11:58:02,203 I 34062 34229] raylet_client.cc:336: Error reporting task backlog information: IOError: 
[2022-01-28 11:58:03,203 I 34062 34229] raylet_client.cc:336: Error reporting task backlog information: IOError: 
[2022-01-28 11:58:04,204 I 34062 34229] raylet_client.cc:336: Error reporting task backlog information: IOError: 
[2022-01-28 11:58:05,204 I 34062 34229] raylet_client.cc:336: Error reporting task backlog information: IOError: 
[2022-01-28 11:58:06,204 I 34062 34229] raylet_client.cc:336: Error reporting task backlog information: IOError: 
[2022-01-28 11:58:07,204 I 34062 34229] raylet_client.cc:336: Error reporting task backlog information: IOError: 
[2022-01-28 11:58:07,631 W 34062 34230] metric_exporter.cc:206: Export metrics to agent failed: IOError: . This won't affect Ray, but you can lose metrics from the cluster.
[2022-01-28 11:58:08,204 I 34062 34229] raylet_client.cc:336: Error reporting task backlog information: IOError: 
[2022-01-28 11:58:09,204 I 34062 34229] raylet_client.cc:336: Error reporting task backlog information: IOError: 
[2022-01-28 11:58:10,205 I 34062 34229] raylet_client.cc:336: Error reporting task backlog information: IOError: 
[2022-01-28 11:58:11,205 I 34062 34229] raylet_client.cc:336: Error reporting task backlog information: IOError: 
[2022-01-28 11:58:12,205 I 34062 34229] raylet_client.cc:336: Error reporting task backlog information: IOError: 
[2022-01-28 11:58:13,205 I 34062 34229] raylet_client.cc:336: Error reporting task backlog information: IOError: 
[2022-01-28 11:58:14,205 I 34062 34229] raylet_client.cc:336: Error reporting task backlog information: IOError: 
[2022-01-28 11:58:15,205 I 34062 34229] raylet_client.cc:336: Error reporting task backlog information: IOError: 
[2022-01-28 11:58:16,205 I 34062 34229] raylet_client.cc:336: Error reporting task backlog information: IOError: 
[2022-01-28 11:58:17,206 I 34062 34229] raylet_client.cc:336: Error reporting task backlog information: IOError: 
[2022-01-28 11:58:17,645 W 34062 34230] metric_exporter.cc:206: Export metrics to agent failed: IOError: . This won't affect Ray, but you can lose metrics from the cluster.
[2022-01-28 11:58:18,206 I 34062 34229] raylet_client.cc:336: Error reporting task backlog information: IOError: 
[2022-01-28 11:58:19,206 I 34062 34229] raylet_client.cc:336: Error reporting task backlog information: IOError: 
[2022-01-28 11:58:20,206 I 34062 34229] raylet_client.cc:336: Error reporting task backlog information: IOError: 
[2022-01-28 11:58:21,206 I 34062 34229] raylet_client.cc:336: Error reporting task backlog information: IOError: 
[2022-01-28 11:58:22,206 I 34062 34229] raylet_client.cc:336: Error reporting task backlog information: IOError: 
[2022-01-28 11:58:23,206 I 34062 34229] raylet_client.cc:336: Error reporting task backlog information: IOError: 
[2022-01-28 11:58:24,206 I 34062 34229] raylet_client.cc:336: Error reporting task backlog information: IOError: 
[2022-01-28 11:58:25,207 I 34062 34229] raylet_client.cc:336: Error reporting task backlog information: IOError: 
[2022-01-28 11:58:26,207 I 34062 34229] raylet_client.cc:336: Error reporting task backlog information: IOError: 
[2022-01-28 11:58:27,207 I 34062 34229] raylet_client.cc:336: Error reporting task backlog information: IOError: 
[2022-01-28 11:58:27,658 W 34062 34230] metric_exporter.cc:206: Export metrics to agent failed: IOError: . This won't affect Ray, but you can lose metrics from the cluster.
[2022-01-28 11:58:28,207 I 34062 34229] raylet_client.cc:336: Error reporting task backlog information: IOError: 
[2022-01-28 11:58:29,207 I 34062 34229] raylet_client.cc:336: Error reporting task backlog information: IOError: 
[2022-01-28 11:58:30,207 I 34062 34229] raylet_client.cc:336: Error reporting task backlog information: IOError: 
[2022-01-28 11:58:31,207 I 34062 34229] raylet_client.cc:336: Error reporting task backlog information: IOError: 
[2022-01-28 11:58:32,207 I 34062 34229] raylet_client.cc:336: Error reporting task backlog information: IOError: 
[2022-01-28 11:58:33,208 I 34062 34229] raylet_client.cc:336: Error reporting task backlog information: IOError: 
[2022-01-28 11:58:34,208 I 34062 34229] raylet_client.cc:336: Error reporting task backlog information: IOError: 
[2022-01-28 11:58:35,208 I 34062 34229] raylet_client.cc:336: Error reporting task backlog information: IOError: 
[2022-01-28 11:58:36,208 I 34062 34229] raylet_client.cc:336: Error reporting task backlog information: IOError: 
[2022-01-28 11:58:37,208 I 34062 34229] raylet_client.cc:336: Error reporting task backlog information: IOError: 
[2022-01-28 11:58:37,673 W 34062 34230] metric_exporter.cc:206: Export metrics to agent failed: IOError: . This won't affect Ray, but you can lose metrics from the cluster.
[2022-01-28 11:58:38,208 I 34062 34229] raylet_client.cc:336: Error reporting task backlog information: IOError: 
[2022-01-28 11:58:39,209 I 34062 34229] raylet_client.cc:336: Error reporting task backlog information: IOError: 
[2022-01-28 11:58:40,209 I 34062 34229] raylet_client.cc:336: Error reporting task backlog information: IOError: 
[2022-01-28 11:58:41,209 I 34062 34229] raylet_client.cc:336: Error reporting task backlog information: IOError: 
[2022-01-28 11:58:42,209 I 34062 34229] raylet_client.cc:336: Error reporting task backlog information: IOError: 
[2022-01-28 11:58:43,209 I 34062 34229] raylet_client.cc:336: Error reporting task backlog information: IOError: 
[2022-01-28 11:58:44,209 I 34062 34229] raylet_client.cc:336: Error reporting task backlog information: IOError: 
[2022-01-28 11:58:45,209 I 34062 34229] raylet_client.cc:336: Error reporting task backlog information: IOError: 
[2022-01-28 11:58:46,210 I 34062 34229] raylet_client.cc:336: Error reporting task backlog information: IOError: 
[2022-01-28 11:58:47,210 I 34062 34229] raylet_client.cc:336: Error reporting task backlog information: IOError: 
[2022-01-28 11:58:47,685 W 34062 34230] metric_exporter.cc:206: Export metrics to agent failed: IOError: . This won't affect Ray, but you can lose metrics from the cluster.
[2022-01-28 11:58:48,210 I 34062 34229] raylet_client.cc:336: Error reporting task backlog information: IOError: 
[2022-01-28 11:58:49,210 I 34062 34229] raylet_client.cc:336: Error reporting task backlog information: IOError: 
[2022-01-28 11:58:50,210 I 34062 34229] raylet_client.cc:336: Error reporting task backlog information: IOError: 
[2022-01-28 11:58:51,211 I 34062 34229] raylet_client.cc:336: Error reporting task backlog information: IOError: 
[2022-01-28 11:58:52,211 I 34062 34229] raylet_client.cc:336: Error reporting task backlog information: IOError: 
[2022-01-28 11:58:53,211 I 34062 34229] raylet_client.cc:336: Error reporting task backlog information: IOError: 
[2022-01-28 11:58:54,211 I 34062 34229] raylet_client.cc:336: Error reporting task backlog information: IOError: 
[2022-01-28 11:58:55,211 I 34062 34229] raylet_client.cc:336: Error reporting task backlog information: IOError: 
[2022-01-28 11:58:56,211 I 34062 34229] raylet_client.cc:336: Error reporting task backlog information: IOError: 
[2022-01-28 11:58:57,211 I 34062 34229] raylet_client.cc:336: Error reporting task backlog information: IOError: 
[2022-01-28 11:58:57,699 W 34062 34230] metric_exporter.cc:206: Export metrics to agent failed: IOError: . This won't affect Ray, but you can lose metrics from the cluster.
[2022-01-28 11:58:58,212 I 34062 34229] raylet_client.cc:336: Error reporting task backlog information: IOError: 
[2022-01-28 11:58:59,212 I 34062 34229] raylet_client.cc:336: Error reporting task backlog information: IOError: 
[2022-01-28 11:59:00,212 I 34062 34229] raylet_client.cc:336: Error reporting task backlog information: IOError: 
[2022-01-28 11:59:01,212 I 34062 34229] raylet_client.cc:336: Error reporting task backlog information: IOError: 
[2022-01-28 11:59:02,212 I 34062 34229] raylet_client.cc:336: Error reporting task backlog information: IOError: 
[2022-01-28 11:59:03,212 I 34062 34229] raylet_client.cc:336: Error reporting task backlog information: IOError: 
[2022-01-28 11:59:04,212 I 34062 34229] raylet_client.cc:336: Error reporting task backlog information: IOError: 
[2022-01-28 11:59:05,213 I 34062 34229] raylet_client.cc:336: Error reporting task backlog information: IOError: 
[2022-01-28 11:59:06,213 I 34062 34229] raylet_client.cc:336: Error reporting task backlog information: IOError: 
[2022-01-28 11:59:07,213 I 34062 34229] raylet_client.cc:336: Error reporting task backlog information: IOError: 
[2022-01-28 11:59:07,712 W 34062 34230] metric_exporter.cc:206: Export metrics to agent failed: IOError: . This won't affect Ray, but you can lose metrics from the cluster.
[2022-01-28 11:59:08,213 I 34062 34229] raylet_client.cc:336: Error reporting task backlog information: IOError: 
[2022-01-28 11:59:09,213 I 34062 34229] raylet_client.cc:336: Error reporting task backlog information: IOError: 
[2022-01-28 11:59:10,213 I 34062 34229] raylet_client.cc:336: Error reporting task backlog information: IOError: 
[2022-01-28 11:59:11,214 I 34062 34229] raylet_client.cc:336: Error reporting task backlog information: IOError: 
[2022-01-28 11:59:12,214 I 34062 34229] raylet_client.cc:336: Error reporting task backlog information: IOError: 
[2022-01-28 11:59:13,214 I 34062 34229] raylet_client.cc:336: Error reporting task backlog information: IOError: 
[2022-01-28 11:59:14,214 I 34062 34229] raylet_client.cc:336: Error reporting task backlog information: IOError: 
[2022-01-28 11:59:15,214 I 34062 34229] raylet_client.cc:336: Error reporting task backlog information: IOError: 
[2022-01-28 11:59:16,214 I 34062 34229] raylet_client.cc:336: Error reporting task backlog information: IOError: 
[2022-01-28 11:59:17,214 I 34062 34229] raylet_client.cc:336: Error reporting task backlog information: IOError: 
[2022-01-28 11:59:17,725 W 34062 34230] metric_exporter.cc:206: Export metrics to agent failed: IOError: . This won't affect Ray, but you can lose metrics from the cluster.
[2022-01-28 11:59:18,215 I 34062 34229] raylet_client.cc:336: Error reporting task backlog information: IOError: 
[2022-01-28 11:59:19,215 I 34062 34229] raylet_client.cc:336: Error reporting task backlog information: IOError: 
[2022-01-28 11:59:20,215 I 34062 34229] raylet_client.cc:336: Error reporting task backlog information: IOError: 
[2022-01-28 11:59:21,215 I 34062 34229] raylet_client.cc:336: Error reporting task backlog information: IOError: 
[2022-01-28 11:59:22,215 I 34062 34229] raylet_client.cc:336: Error reporting task backlog information: IOError: 
[2022-01-28 11:59:23,215 I 34062 34229] raylet_client.cc:336: Error reporting task backlog information: IOError: 
[2022-01-28 11:59:24,216 I 34062 34229] raylet_client.cc:336: Error reporting task backlog information: IOError: 
[2022-01-28 11:59:25,216 I 34062 34229] raylet_client.cc:336: Error reporting task backlog information: IOError: 
[2022-01-28 11:59:26,216 I 34062 34229] raylet_client.cc:336: Error reporting task backlog information: IOError: 
[2022-01-28 11:59:27,216 I 34062 34229] raylet_client.cc:336: Error reporting task backlog information: IOError: 
[2022-01-28 11:59:27,739 W 34062 34230] metric_exporter.cc:206: Export metrics to agent failed: IOError: . This won't affect Ray, but you can lose metrics from the cluster.
[2022-01-28 11:59:28,216 I 34062 34229] raylet_client.cc:336: Error reporting task backlog information: IOError: 
[2022-01-28 11:59:29,216 I 34062 34229] raylet_client.cc:336: Error reporting task backlog information: IOError: 
[2022-01-28 11:59:30,217 I 34062 34229] raylet_client.cc:336: Error reporting task backlog information: IOError: 
[2022-01-28 11:59:31,217 I 34062 34229] raylet_client.cc:336: Error reporting task backlog information: IOError: 
[2022-01-28 11:59:32,217 I 34062 34229] raylet_client.cc:336: Error reporting task backlog information: IOError: 
[2022-01-28 11:59:33,217 I 34062 34229] raylet_client.cc:336: Error reporting task backlog information: IOError: 
[2022-01-28 11:59:34,217 I 34062 34229] raylet_client.cc:336: Error reporting task backlog information: IOError: 
[2022-01-28 11:59:35,217 I 34062 34229] raylet_client.cc:336: Error reporting task backlog information: IOError: 
[2022-01-28 11:59:36,218 I 34062 34229] raylet_client.cc:336: Error reporting task backlog information: IOError: 
[2022-01-28 11:59:37,218 I 34062 34229] raylet_client.cc:336: Error reporting task backlog information: IOError: 
[2022-01-28 11:59:37,752 W 34062 34230] metric_exporter.cc:206: Export metrics to agent failed: IOError: . This won't affect Ray, but you can lose metrics from the cluster.
[2022-01-28 11:59:38,218 I 34062 34229] raylet_client.cc:336: Error reporting task backlog information: IOError: 
[2022-01-28 11:59:39,218 I 34062 34229] raylet_client.cc:336: Error reporting task backlog information: IOError: 
[2022-01-28 11:59:40,218 I 34062 34229] raylet_client.cc:336: Error reporting task backlog information: IOError: 
[2022-01-28 11:59:41,218 I 34062 34229] raylet_client.cc:336: Error reporting task backlog information: IOError: 
[2022-01-28 11:59:42,218 I 34062 34229] raylet_client.cc:336: Error reporting task backlog information: IOError: 
[2022-01-28 11:59:43,218 I 34062 34229] raylet_client.cc:336: Error reporting task backlog information: IOError: 
[2022-01-28 11:59:44,219 I 34062 34229] raylet_client.cc:336: Error reporting task backlog information: IOError: 
[2022-01-28 11:59:45,219 I 34062 34229] raylet_client.cc:336: Error reporting task backlog information: IOError: 
[2022-01-28 11:59:46,219 I 34062 34229] raylet_client.cc:336: Error reporting task backlog information: IOError: 
[2022-01-28 11:59:47,219 I 34062 34229] raylet_client.cc:336: Error reporting task backlog information: IOError: 
[2022-01-28 11:59:47,768 W 34062 34230] metric_exporter.cc:206: Export metrics to agent failed: IOError: . This won't affect Ray, but you can lose metrics from the cluster.
[2022-01-28 11:59:48,219 I 34062 34229] raylet_client.cc:336: Error reporting task backlog information: IOError: 
[2022-01-28 11:59:49,219 I 34062 34229] raylet_client.cc:336: Error reporting task backlog information: IOError: 
[2022-01-28 11:59:50,219 I 34062 34229] raylet_client.cc:336: Error reporting task backlog information: IOError: 
[2022-01-28 11:59:51,220 I 34062 34229] raylet_client.cc:336: Error reporting task backlog information: IOError: 
[2022-01-28 11:59:52,220 I 34062 34229] raylet_client.cc:336: Error reporting task backlog information: IOError: 
[2022-01-28 11:59:53,220 I 34062 34229] raylet_client.cc:336: Error reporting task backlog information: IOError: 
[2022-01-28 11:59:54,220 I 34062 34229] raylet_client.cc:336: Error reporting task backlog information: IOError: 
[2022-01-28 11:59:55,220 I 34062 34229] raylet_client.cc:336: Error reporting task backlog information: IOError: 
[2022-01-28 11:59:56,220 I 34062 34229] raylet_client.cc:336: Error reporting task backlog information: IOError: 
[2022-01-28 11:59:57,220 I 34062 34229] raylet_client.cc:336: Error reporting task backlog information: IOError: 
[2022-01-28 11:59:57,782 W 34062 34230] metric_exporter.cc:206: Export metrics to agent failed: IOError: . This won't affect Ray, but you can lose metrics from the cluster.
[2022-01-28 11:59:58,220 I 34062 34229] raylet_client.cc:336: Error reporting task backlog information: IOError: 
[2022-01-28 11:59:59,221 I 34062 34229] raylet_client.cc:336: Error reporting task backlog information: IOError: 
[2022-01-28 12:00:00,221 I 34062 34229] raylet_client.cc:336: Error reporting task backlog information: IOError: 
[2022-01-28 12:00:01,221 I 34062 34229] raylet_client.cc:336: Error reporting task backlog information: IOError: 
[2022-01-28 12:00:02,221 I 34062 34229] raylet_client.cc:336: Error reporting task backlog information: IOError: 
[2022-01-28 12:00:03,221 I 34062 34229] raylet_client.cc:336: Error reporting task backlog information: IOError: 
[2022-01-28 12:00:04,221 I 34062 34229] raylet_client.cc:336: Error reporting task backlog information: IOError: 
[2022-01-28 12:00:05,222 I 34062 34229] raylet_client.cc:336: Error reporting task backlog information: IOError: 
[2022-01-28 12:00:06,222 I 34062 34229] raylet_client.cc:336: Error reporting task backlog information: IOError: 
[2022-01-28 12:00:07,222 I 34062 34229] raylet_client.cc:336: Error reporting task backlog information: IOError: 
[2022-01-28 12:00:07,795 W 34062 34230] metric_exporter.cc:206: Export metrics to agent failed: IOError: . This won't affect Ray, but you can lose metrics from the cluster.
[2022-01-28 12:00:08,222 I 34062 34229] raylet_client.cc:336: Error reporting task backlog information: IOError: 
[2022-01-28 12:00:09,222 I 34062 34229] raylet_client.cc:336: Error reporting task backlog information: IOError: 
[2022-01-28 12:00:10,222 I 34062 34229] raylet_client.cc:336: Error reporting task backlog information: IOError: 
[2022-01-28 12:00:11,222 I 34062 34229] raylet_client.cc:336: Error reporting task backlog information: IOError: 
[2022-01-28 12:00:12,222 I 34062 34229] raylet_client.cc:336: Error reporting task backlog information: IOError: 
[2022-01-28 12:00:13,222 I 34062 34229] raylet_client.cc:336: Error reporting task backlog information: IOError: 
[2022-01-28 12:00:14,222 I 34062 34229] raylet_client.cc:336: Error reporting task backlog information: IOError: 
[2022-01-28 12:00:15,223 I 34062 34229] raylet_client.cc:336: Error reporting task backlog information: IOError: 
[2022-01-28 12:00:16,223 I 34062 34229] raylet_client.cc:336: Error reporting task backlog information: IOError: 
[2022-01-28 12:00:17,223 I 34062 34229] raylet_client.cc:336: Error reporting task backlog information: IOError: 
[2022-01-28 12:00:17,805 W 34062 34230] metric_exporter.cc:206: Export metrics to agent failed: IOError: . This won't affect Ray, but you can lose metrics from the cluster.
[2022-01-28 12:00:18,223 I 34062 34229] raylet_client.cc:336: Error reporting task backlog information: IOError: 
[2022-01-28 12:00:19,223 I 34062 34229] raylet_client.cc:336: Error reporting task backlog information: IOError: 
[2022-01-28 12:00:20,223 I 34062 34229] raylet_client.cc:336: Error reporting task backlog information: IOError: 
[2022-01-28 12:00:21,223 I 34062 34229] raylet_client.cc:336: Error reporting task backlog information: IOError: 
[2022-01-28 12:00:22,223 I 34062 34229] raylet_client.cc:336: Error reporting task backlog information: IOError: 
[2022-01-28 12:00:23,223 I 34062 34229] raylet_client.cc:336: Error reporting task backlog information: IOError: 
[2022-01-28 12:00:24,224 I 34062 34229] raylet_client.cc:336: Error reporting task backlog information: IOError: 
[2022-01-28 12:00:25,224 I 34062 34229] raylet_client.cc:336: Error reporting task backlog information: IOError: 
[2022-01-28 12:00:26,224 I 34062 34229] raylet_client.cc:336: Error reporting task backlog information: IOError: 
[2022-01-28 12:00:27,224 I 34062 34229] raylet_client.cc:336: Error reporting task backlog information: IOError: 
[2022-01-28 12:00:27,817 W 34062 34230] metric_exporter.cc:206: Export metrics to agent failed: IOError: . This won't affect Ray, but you can lose metrics from the cluster.
[2022-01-28 12:00:28,224 I 34062 34229] raylet_client.cc:336: Error reporting task backlog information: IOError: 
[2022-01-28 12:00:29,224 I 34062 34229] raylet_client.cc:336: Error reporting task backlog information: IOError: 
[2022-01-28 12:00:30,224 I 34062 34229] raylet_client.cc:336: Error reporting task backlog information: IOError: 
[2022-01-28 12:00:31,224 I 34062 34229] raylet_client.cc:336: Error reporting task backlog information: IOError: 
[2022-01-28 12:00:32,224 I 34062 34229] raylet_client.cc:336: Error reporting task backlog information: IOError: 
[2022-01-28 12:00:33,225 I 34062 34229] raylet_client.cc:336: Error reporting task backlog information: IOError: 
[2022-01-28 12:00:34,225 I 34062 34229] raylet_client.cc:336: Error reporting task backlog information: IOError: 
[2022-01-28 12:00:35,225 I 34062 34229] raylet_client.cc:336: Error reporting task backlog information: IOError: 
[2022-01-28 12:00:36,225 I 34062 34229] raylet_client.cc:336: Error reporting task backlog information: IOError: 
[2022-01-28 12:00:37,225 I 34062 34229] raylet_client.cc:336: Error reporting task backlog information: IOError: 
[2022-01-28 12:00:37,828 W 34062 34230] metric_exporter.cc:206: Export metrics to agent failed: IOError: . This won't affect Ray, but you can lose metrics from the cluster.
[2022-01-28 12:00:38,225 I 34062 34229] raylet_client.cc:336: Error reporting task backlog information: IOError: 
[2022-01-28 12:00:39,225 I 34062 34229] raylet_client.cc:336: Error reporting task backlog information: IOError: 
[2022-01-28 12:00:40,225 I 34062 34229] raylet_client.cc:336: Error reporting task backlog information: IOError: 
[2022-01-28 12:00:41,226 I 34062 34229] raylet_client.cc:336: Error reporting task backlog information: IOError: 
[2022-01-28 12:00:42,226 I 34062 34229] raylet_client.cc:336: Error reporting task backlog information: IOError: 
[2022-01-28 12:00:43,226 I 34062 34229] raylet_client.cc:336: Error reporting task backlog information: IOError: 
[2022-01-28 12:00:44,226 I 34062 34229] raylet_client.cc:336: Error reporting task backlog information: IOError: 
[2022-01-28 12:00:45,226 I 34062 34229] raylet_client.cc:336: Error reporting task backlog information: IOError: 
[2022-01-28 12:00:46,226 I 34062 34229] raylet_client.cc:336: Error reporting task backlog information: IOError: 
[2022-01-28 12:00:47,227 I 34062 34229] raylet_client.cc:336: Error reporting task backlog information: IOError: 
[2022-01-28 12:00:47,841 W 34062 34230] metric_exporter.cc:206: Export metrics to agent failed: IOError: . This won't affect Ray, but you can lose metrics from the cluster.
[2022-01-28 12:00:48,227 I 34062 34229] raylet_client.cc:336: Error reporting task backlog information: IOError: 
[2022-01-28 12:00:49,227 I 34062 34229] raylet_client.cc:336: Error reporting task backlog information: IOError: 
[2022-01-28 12:00:50,227 I 34062 34229] raylet_client.cc:336: Error reporting task backlog information: IOError: 
[2022-01-28 12:00:51,227 I 34062 34229] raylet_client.cc:336: Error reporting task backlog information: IOError: 
[2022-01-28 12:00:52,227 I 34062 34229] raylet_client.cc:336: Error reporting task backlog information: IOError: 
[2022-01-28 12:00:53,227 I 34062 34229] raylet_client.cc:336: Error reporting task backlog information: IOError: 
[2022-01-28 12:00:54,228 I 34062 34229] raylet_client.cc:336: Error reporting task backlog information: IOError: 
[2022-01-28 12:00:55,228 I 34062 34229] raylet_client.cc:336: Error reporting task backlog information: IOError: 
[2022-01-28 12:00:56,228 I 34062 34229] raylet_client.cc:336: Error reporting task backlog information: IOError: 
[2022-01-28 12:00:57,228 I 34062 34229] raylet_client.cc:336: Error reporting task backlog information: IOError: 
[2022-01-28 12:00:57,855 W 34062 34230] metric_exporter.cc:206: Export metrics to agent failed: IOError: . This won't affect Ray, but you can lose metrics from the cluster.
[2022-01-28 12:00:58,228 I 34062 34229] raylet_client.cc:336: Error reporting task backlog information: IOError: 
[2022-01-28 12:00:59,228 I 34062 34229] raylet_client.cc:336: Error reporting task backlog information: IOError: 
[2022-01-28 12:01:00,228 I 34062 34229] raylet_client.cc:336: Error reporting task backlog information: IOError: 
[2022-01-28 12:01:01,228 I 34062 34229] raylet_client.cc:336: Error reporting task backlog information: IOError: 
[2022-01-28 12:01:02,229 I 34062 34229] raylet_client.cc:336: Error reporting task backlog information: IOError: 
[2022-01-28 12:01:03,150 E 34062 34121] gcs_server_address_updater.cc:76: Failed to receive the GCS address for 600 times without success. The worker will exit ungracefully. It is because GCS has died. It could be because there was an issue that kills GCS, such as high memory usage triggering OOM killer to kill GCS. Cluster will be highly likely unavailable if you see this log. Please check the log from gcs_server.err.
