2022-01-10 14:05:56,432	INFO log_monitor.py:190 -- Beginning to track file raylet.err
2022-01-10 14:05:56,433	INFO log_monitor.py:190 -- Beginning to track file gcs_server.err
2022-01-10 14:05:56,434	INFO log_monitor.py:190 -- Beginning to track file monitor.log
2022-01-10 14:05:56,738	INFO log_monitor.py:190 -- Beginning to track file worker-6d0e6333d95215a754eb92bfdb702c27b1138f7291c7b2c093a83afd-01000000-15288.err
2022-01-10 14:05:56,738	INFO log_monitor.py:190 -- Beginning to track file worker-6d0e6333d95215a754eb92bfdb702c27b1138f7291c7b2c093a83afd-01000000-15288.out
2022-01-10 14:05:56,738	INFO log_monitor.py:190 -- Beginning to track file worker-f12d4009a1011fe1d3d5d527e75e7e8edc5f454ab61b2e6a02f6fce0-01000000-15286.out
2022-01-10 14:05:56,738	INFO log_monitor.py:190 -- Beginning to track file worker-f12d4009a1011fe1d3d5d527e75e7e8edc5f454ab61b2e6a02f6fce0-01000000-15286.err
2022-01-10 14:05:56,839	INFO log_monitor.py:190 -- Beginning to track file worker-c543d51fbb792105be7945de0d96830e15183b51b022c5e92d4242db-01000000-15285.err
2022-01-10 14:05:56,839	INFO log_monitor.py:190 -- Beginning to track file worker-9692bfe6d10c922148603b18359ca13a0b3c43934f9e8c12ea7bb11a-01000000-15296.out
2022-01-10 14:05:56,839	INFO log_monitor.py:190 -- Beginning to track file worker-5a7766edf25cf359cb60b631086a8c58c0d3aa7fee3b07761365d365-01000000-15294.err
2022-01-10 14:05:56,839	INFO log_monitor.py:190 -- Beginning to track file worker-72bf678023969b3e96565c761c121ab3a111a713b67202d0fa223605-01000000-15290.out
2022-01-10 14:05:56,839	INFO log_monitor.py:190 -- Beginning to track file worker-9464845b81358b568742b900fdb32fc77446f668621927086eba0ebc-01000000-15293.err
2022-01-10 14:05:56,839	INFO log_monitor.py:190 -- Beginning to track file worker-abad77598e2649d96771015b473c7791a1ae55f6f427b0dc637a94d6-01000000-15287.err
2022-01-10 14:05:56,839	INFO log_monitor.py:190 -- Beginning to track file worker-28e1aad94e52bd78c1786771dec751aea5594cc9ae80332b4a582ab3-01000000-15289.err
2022-01-10 14:05:56,839	INFO log_monitor.py:190 -- Beginning to track file worker-5a7766edf25cf359cb60b631086a8c58c0d3aa7fee3b07761365d365-01000000-15294.out
2022-01-10 14:05:56,839	INFO log_monitor.py:190 -- Beginning to track file worker-28e1aad94e52bd78c1786771dec751aea5594cc9ae80332b4a582ab3-01000000-15289.out
2022-01-10 14:05:56,839	INFO log_monitor.py:190 -- Beginning to track file worker-c543d51fbb792105be7945de0d96830e15183b51b022c5e92d4242db-01000000-15285.out
2022-01-10 14:05:56,839	INFO log_monitor.py:190 -- Beginning to track file worker-274c4eb98fbcdc9ede58ecd2c46295c65bfaf317783f67c025558a29-01000000-15291.err
2022-01-10 14:05:56,839	INFO log_monitor.py:190 -- Beginning to track file worker-abad77598e2649d96771015b473c7791a1ae55f6f427b0dc637a94d6-01000000-15287.out
2022-01-10 14:05:56,840	INFO log_monitor.py:190 -- Beginning to track file worker-274c4eb98fbcdc9ede58ecd2c46295c65bfaf317783f67c025558a29-01000000-15291.out
2022-01-10 14:05:56,840	INFO log_monitor.py:190 -- Beginning to track file worker-6f6e4081fcb52fbfcc8842482e41aa3ca9b42bcbcb45104012cc680e-01000000-15295.err
2022-01-10 14:05:56,840	INFO log_monitor.py:190 -- Beginning to track file worker-72bf678023969b3e96565c761c121ab3a111a713b67202d0fa223605-01000000-15290.err
2022-01-10 14:05:56,840	INFO log_monitor.py:190 -- Beginning to track file worker-9464845b81358b568742b900fdb32fc77446f668621927086eba0ebc-01000000-15293.out
2022-01-10 14:05:56,840	INFO log_monitor.py:190 -- Beginning to track file worker-df061c5f60e78a1ea7f41ca89a95901c5048ad6ad8065dab48369081-01000000-15292.out
2022-01-10 14:05:56,840	INFO log_monitor.py:190 -- Beginning to track file worker-6f6e4081fcb52fbfcc8842482e41aa3ca9b42bcbcb45104012cc680e-01000000-15295.out
2022-01-10 14:05:56,840	INFO log_monitor.py:190 -- Beginning to track file worker-9692bfe6d10c922148603b18359ca13a0b3c43934f9e8c12ea7bb11a-01000000-15296.err
2022-01-10 14:05:56,840	INFO log_monitor.py:190 -- Beginning to track file worker-df061c5f60e78a1ea7f41ca89a95901c5048ad6ad8065dab48369081-01000000-15292.err
