[2022-01-10 14:05:56,622 I 15295 15295] core_worker.cc:132: Constructing CoreWorkerProcess. pid: 15295
[2022-01-10 14:05:56,624 I 15295 15295] grpc_server.cc:112: worker server started, listening on port 41895.
[2022-01-10 14:05:56,627 I 15295 15295] core_worker.cc:479: Initializing worker at address: 131.215.21.210:41895, worker ID 6f6e4081fcb52fbfcc8842482e41aa3ca9b42bcbcb45104012cc680e, raylet 6210dd047f0640786618e947310795c7fe69c0f0323ac10983d2dce2
[2022-01-10 14:05:56,776 I 15295 15295] io_service_pool.cc:35: IOServicePool is running with 1 io_service.
[2022-01-10 14:05:56,777 I 15295 15611] accessor.cc:560: Received notification for node id = 6210dd047f0640786618e947310795c7fe69c0f0323ac10983d2dce2, IsAlive = 1
[2022-01-10 14:06:55,633 W 15295 15471] gcs_server_address_updater.cc:61: [1] Failed to get the gcs server address from raylet 1 times in a row. If it keeps failing to obtain the address, the worker might crash. Connection status IOError: 
[2022-01-10 14:06:56,633 I 15295 15611] raylet_client.cc:336: Error reporting task backlog information: IOError: 
[2022-01-10 14:06:56,782 I 15295 15611] raylet_client.cc:336: Error reporting task backlog information: IOError: 
[2022-01-10 14:06:56,821 W 15295 15612] metric_exporter.cc:206: Export metrics to agent failed: IOError: . This won't affect Ray, but you can lose metrics from the cluster.
[2022-01-10 14:06:57,782 I 15295 15611] raylet_client.cc:336: Error reporting task backlog information: IOError: 
[2022-01-10 14:06:58,782 I 15295 15611] raylet_client.cc:336: Error reporting task backlog information: IOError: 
[2022-01-10 14:06:59,783 I 15295 15611] raylet_client.cc:336: Error reporting task backlog information: IOError: 
[2022-01-10 14:07:00,783 I 15295 15611] raylet_client.cc:336: Error reporting task backlog information: IOError: 
[2022-01-10 14:07:01,783 I 15295 15611] raylet_client.cc:336: Error reporting task backlog information: IOError: 
[2022-01-10 14:07:02,783 I 15295 15611] raylet_client.cc:336: Error reporting task backlog information: IOError: 
[2022-01-10 14:07:03,783 I 15295 15611] raylet_client.cc:336: Error reporting task backlog information: IOError: 
[2022-01-10 14:07:04,783 I 15295 15611] raylet_client.cc:336: Error reporting task backlog information: IOError: 
[2022-01-10 14:07:05,783 I 15295 15611] raylet_client.cc:336: Error reporting task backlog information: IOError: 
[2022-01-10 14:07:06,783 I 15295 15611] raylet_client.cc:336: Error reporting task backlog information: IOError: 
[2022-01-10 14:07:06,832 W 15295 15612] metric_exporter.cc:206: Export metrics to agent failed: IOError: . This won't affect Ray, but you can lose metrics from the cluster.
[2022-01-10 14:07:07,783 I 15295 15611] raylet_client.cc:336: Error reporting task backlog information: IOError: 
[2022-01-10 14:07:08,783 I 15295 15611] raylet_client.cc:336: Error reporting task backlog information: IOError: 
[2022-01-10 14:07:09,783 I 15295 15611] raylet_client.cc:336: Error reporting task backlog information: IOError: 
[2022-01-10 14:07:10,783 I 15295 15611] raylet_client.cc:336: Error reporting task backlog information: IOError: 
[2022-01-10 14:07:11,784 I 15295 15611] raylet_client.cc:336: Error reporting task backlog information: IOError: 
[2022-01-10 14:07:12,784 I 15295 15611] raylet_client.cc:336: Error reporting task backlog information: IOError: 
[2022-01-10 14:07:13,784 I 15295 15611] raylet_client.cc:336: Error reporting task backlog information: IOError: 
[2022-01-10 14:07:14,784 I 15295 15611] raylet_client.cc:336: Error reporting task backlog information: IOError: 
[2022-01-10 14:07:15,784 I 15295 15611] raylet_client.cc:336: Error reporting task backlog information: IOError: 
[2022-01-10 14:07:16,784 I 15295 15611] raylet_client.cc:336: Error reporting task backlog information: IOError: 
[2022-01-10 14:07:16,839 W 15295 15612] metric_exporter.cc:206: Export metrics to agent failed: IOError: . This won't affect Ray, but you can lose metrics from the cluster.
[2022-01-10 14:07:17,784 I 15295 15611] raylet_client.cc:336: Error reporting task backlog information: IOError: 
[2022-01-10 14:07:18,784 I 15295 15611] raylet_client.cc:336: Error reporting task backlog information: IOError: 
[2022-01-10 14:07:19,784 I 15295 15611] raylet_client.cc:336: Error reporting task backlog information: IOError: 
[2022-01-10 14:07:20,784 I 15295 15611] raylet_client.cc:336: Error reporting task backlog information: IOError: 
[2022-01-10 14:07:21,784 I 15295 15611] raylet_client.cc:336: Error reporting task backlog information: IOError: 
[2022-01-10 14:07:22,784 I 15295 15611] raylet_client.cc:336: Error reporting task backlog information: IOError: 
[2022-01-10 14:07:23,784 I 15295 15611] raylet_client.cc:336: Error reporting task backlog information: IOError: 
[2022-01-10 14:07:24,785 I 15295 15611] raylet_client.cc:336: Error reporting task backlog information: IOError: 
[2022-01-10 14:07:25,785 I 15295 15611] raylet_client.cc:336: Error reporting task backlog information: IOError: 
[2022-01-10 14:07:26,785 I 15295 15611] raylet_client.cc:336: Error reporting task backlog information: IOError: 
[2022-01-10 14:07:26,846 W 15295 15612] metric_exporter.cc:206: Export metrics to agent failed: IOError: . This won't affect Ray, but you can lose metrics from the cluster.
[2022-01-10 14:07:27,785 I 15295 15611] raylet_client.cc:336: Error reporting task backlog information: IOError: 
[2022-01-10 14:07:28,785 I 15295 15611] raylet_client.cc:336: Error reporting task backlog information: IOError: 
[2022-01-10 14:07:29,785 I 15295 15611] raylet_client.cc:336: Error reporting task backlog information: IOError: 
[2022-01-10 14:07:30,785 I 15295 15611] raylet_client.cc:336: Error reporting task backlog information: IOError: 
[2022-01-10 14:07:31,785 I 15295 15611] raylet_client.cc:336: Error reporting task backlog information: IOError: 
[2022-01-10 14:07:32,785 I 15295 15611] raylet_client.cc:336: Error reporting task backlog information: IOError: 
[2022-01-10 14:07:33,785 I 15295 15611] raylet_client.cc:336: Error reporting task backlog information: IOError: 
[2022-01-10 14:07:34,785 I 15295 15611] raylet_client.cc:336: Error reporting task backlog information: IOError: 
[2022-01-10 14:07:35,785 I 15295 15611] raylet_client.cc:336: Error reporting task backlog information: IOError: 
[2022-01-10 14:07:36,785 I 15295 15611] raylet_client.cc:336: Error reporting task backlog information: IOError: 
[2022-01-10 14:07:36,852 W 15295 15612] metric_exporter.cc:206: Export metrics to agent failed: IOError: . This won't affect Ray, but you can lose metrics from the cluster.
[2022-01-10 14:07:37,785 I 15295 15611] raylet_client.cc:336: Error reporting task backlog information: IOError: 
[2022-01-10 14:07:38,786 I 15295 15611] raylet_client.cc:336: Error reporting task backlog information: IOError: 
[2022-01-10 14:07:39,786 I 15295 15611] raylet_client.cc:336: Error reporting task backlog information: IOError: 
[2022-01-10 14:07:40,786 I 15295 15611] raylet_client.cc:336: Error reporting task backlog information: IOError: 
[2022-01-10 14:07:41,786 I 15295 15611] raylet_client.cc:336: Error reporting task backlog information: IOError: 
[2022-01-10 14:07:42,786 I 15295 15611] raylet_client.cc:336: Error reporting task backlog information: IOError: 
[2022-01-10 14:07:43,786 I 15295 15611] raylet_client.cc:336: Error reporting task backlog information: IOError: 
[2022-01-10 14:07:44,786 I 15295 15611] raylet_client.cc:336: Error reporting task backlog information: IOError: 
[2022-01-10 14:07:45,786 I 15295 15611] raylet_client.cc:336: Error reporting task backlog information: IOError: 
[2022-01-10 14:07:46,786 I 15295 15611] raylet_client.cc:336: Error reporting task backlog information: IOError: 
[2022-01-10 14:07:46,859 W 15295 15612] metric_exporter.cc:206: Export metrics to agent failed: IOError: . This won't affect Ray, but you can lose metrics from the cluster.
[2022-01-10 14:07:47,786 I 15295 15611] raylet_client.cc:336: Error reporting task backlog information: IOError: 
[2022-01-10 14:07:48,786 I 15295 15611] raylet_client.cc:336: Error reporting task backlog information: IOError: 
[2022-01-10 14:07:49,786 I 15295 15611] raylet_client.cc:336: Error reporting task backlog information: IOError: 
[2022-01-10 14:07:50,786 I 15295 15611] raylet_client.cc:336: Error reporting task backlog information: IOError: 
[2022-01-10 14:07:51,787 I 15295 15611] raylet_client.cc:336: Error reporting task backlog information: IOError: 
[2022-01-10 14:07:52,787 I 15295 15611] raylet_client.cc:336: Error reporting task backlog information: IOError: 
[2022-01-10 14:07:53,787 I 15295 15611] raylet_client.cc:336: Error reporting task backlog information: IOError: 
[2022-01-10 14:07:54,787 I 15295 15611] raylet_client.cc:336: Error reporting task backlog information: IOError: 
[2022-01-10 14:07:55,787 I 15295 15611] raylet_client.cc:336: Error reporting task backlog information: IOError: 
[2022-01-10 14:07:56,787 I 15295 15611] raylet_client.cc:336: Error reporting task backlog information: IOError: 
[2022-01-10 14:07:56,868 W 15295 15612] metric_exporter.cc:206: Export metrics to agent failed: IOError: . This won't affect Ray, but you can lose metrics from the cluster.
[2022-01-10 14:07:57,787 I 15295 15611] raylet_client.cc:336: Error reporting task backlog information: IOError: 
[2022-01-10 14:07:58,787 I 15295 15611] raylet_client.cc:336: Error reporting task backlog information: IOError: 
[2022-01-10 14:07:59,787 I 15295 15611] raylet_client.cc:336: Error reporting task backlog information: IOError: 
[2022-01-10 14:08:00,787 I 15295 15611] raylet_client.cc:336: Error reporting task backlog information: IOError: 
[2022-01-10 14:08:01,787 I 15295 15611] raylet_client.cc:336: Error reporting task backlog information: IOError: 
[2022-01-10 14:08:02,787 I 15295 15611] raylet_client.cc:336: Error reporting task backlog information: IOError: 
[2022-01-10 14:08:03,787 I 15295 15611] raylet_client.cc:336: Error reporting task backlog information: IOError: 
[2022-01-10 14:08:04,788 I 15295 15611] raylet_client.cc:336: Error reporting task backlog information: IOError: 
[2022-01-10 14:08:05,788 I 15295 15611] raylet_client.cc:336: Error reporting task backlog information: IOError: 
[2022-01-10 14:08:06,788 I 15295 15611] raylet_client.cc:336: Error reporting task backlog information: IOError: 
[2022-01-10 14:08:06,875 W 15295 15612] metric_exporter.cc:206: Export metrics to agent failed: IOError: . This won't affect Ray, but you can lose metrics from the cluster.
[2022-01-10 14:08:07,788 I 15295 15611] raylet_client.cc:336: Error reporting task backlog information: IOError: 
[2022-01-10 14:08:08,788 I 15295 15611] raylet_client.cc:336: Error reporting task backlog information: IOError: 
[2022-01-10 14:08:09,788 I 15295 15611] raylet_client.cc:336: Error reporting task backlog information: IOError: 
[2022-01-10 14:08:10,788 I 15295 15611] raylet_client.cc:336: Error reporting task backlog information: IOError: 
[2022-01-10 14:08:11,788 I 15295 15611] raylet_client.cc:336: Error reporting task backlog information: IOError: 
[2022-01-10 14:08:12,788 I 15295 15611] raylet_client.cc:336: Error reporting task backlog information: IOError: 
[2022-01-10 14:08:13,788 I 15295 15611] raylet_client.cc:336: Error reporting task backlog information: IOError: 
[2022-01-10 14:08:14,788 I 15295 15611] raylet_client.cc:336: Error reporting task backlog information: IOError: 
[2022-01-10 14:08:15,788 I 15295 15611] raylet_client.cc:336: Error reporting task backlog information: IOError: 
[2022-01-10 14:08:16,789 I 15295 15611] raylet_client.cc:336: Error reporting task backlog information: IOError: 
[2022-01-10 14:08:16,882 W 15295 15612] metric_exporter.cc:206: Export metrics to agent failed: IOError: . This won't affect Ray, but you can lose metrics from the cluster.
[2022-01-10 14:08:17,789 I 15295 15611] raylet_client.cc:336: Error reporting task backlog information: IOError: 
[2022-01-10 14:08:18,789 I 15295 15611] raylet_client.cc:336: Error reporting task backlog information: IOError: 
[2022-01-10 14:08:19,789 I 15295 15611] raylet_client.cc:336: Error reporting task backlog information: IOError: 
[2022-01-10 14:08:20,798 I 15295 15611] raylet_client.cc:336: Error reporting task backlog information: IOError: 
[2022-01-10 14:08:21,789 I 15295 15611] raylet_client.cc:336: Error reporting task backlog information: IOError: 
[2022-01-10 14:08:22,789 I 15295 15611] raylet_client.cc:336: Error reporting task backlog information: IOError: 
[2022-01-10 14:08:23,789 I 15295 15611] raylet_client.cc:336: Error reporting task backlog information: IOError: 
[2022-01-10 14:08:24,789 I 15295 15611] raylet_client.cc:336: Error reporting task backlog information: IOError: 
[2022-01-10 14:08:25,789 I 15295 15611] raylet_client.cc:336: Error reporting task backlog information: IOError: 
[2022-01-10 14:08:26,789 I 15295 15611] raylet_client.cc:336: Error reporting task backlog information: IOError: 
[2022-01-10 14:08:26,888 W 15295 15612] metric_exporter.cc:206: Export metrics to agent failed: IOError: . This won't affect Ray, but you can lose metrics from the cluster.
[2022-01-10 14:08:27,789 I 15295 15611] raylet_client.cc:336: Error reporting task backlog information: IOError: 
[2022-01-10 14:08:28,790 I 15295 15611] raylet_client.cc:336: Error reporting task backlog information: IOError: 
[2022-01-10 14:08:29,790 I 15295 15611] raylet_client.cc:336: Error reporting task backlog information: IOError: 
[2022-01-10 14:08:30,790 I 15295 15611] raylet_client.cc:336: Error reporting task backlog information: IOError: 
[2022-01-10 14:08:31,790 I 15295 15611] raylet_client.cc:336: Error reporting task backlog information: IOError: 
[2022-01-10 14:08:32,790 I 15295 15611] raylet_client.cc:336: Error reporting task backlog information: IOError: 
[2022-01-10 14:08:33,790 I 15295 15611] raylet_client.cc:336: Error reporting task backlog information: IOError: 
[2022-01-10 14:08:34,790 I 15295 15611] raylet_client.cc:336: Error reporting task backlog information: IOError: 
[2022-01-10 14:08:35,790 I 15295 15611] raylet_client.cc:336: Error reporting task backlog information: IOError: 
[2022-01-10 14:08:36,790 I 15295 15611] raylet_client.cc:336: Error reporting task backlog information: IOError: 
[2022-01-10 14:08:36,896 W 15295 15612] metric_exporter.cc:206: Export metrics to agent failed: IOError: . This won't affect Ray, but you can lose metrics from the cluster.
[2022-01-10 14:08:37,790 I 15295 15611] raylet_client.cc:336: Error reporting task backlog information: IOError: 
[2022-01-10 14:08:38,790 I 15295 15611] raylet_client.cc:336: Error reporting task backlog information: IOError: 
[2022-01-10 14:08:39,790 I 15295 15611] raylet_client.cc:336: Error reporting task backlog information: IOError: 
[2022-01-10 14:08:40,790 I 15295 15611] raylet_client.cc:336: Error reporting task backlog information: IOError: 
[2022-01-10 14:08:41,791 I 15295 15611] raylet_client.cc:336: Error reporting task backlog information: IOError: 
[2022-01-10 14:08:42,791 I 15295 15611] raylet_client.cc:336: Error reporting task backlog information: IOError: 
[2022-01-10 14:08:43,791 I 15295 15611] raylet_client.cc:336: Error reporting task backlog information: IOError: 
[2022-01-10 14:08:44,791 I 15295 15611] raylet_client.cc:336: Error reporting task backlog information: IOError: 
[2022-01-10 14:08:45,791 I 15295 15611] raylet_client.cc:336: Error reporting task backlog information: IOError: 
[2022-01-10 14:08:46,791 I 15295 15611] raylet_client.cc:336: Error reporting task backlog information: IOError: 
[2022-01-10 14:08:46,905 W 15295 15612] metric_exporter.cc:206: Export metrics to agent failed: IOError: . This won't affect Ray, but you can lose metrics from the cluster.
[2022-01-10 14:08:47,791 I 15295 15611] raylet_client.cc:336: Error reporting task backlog information: IOError: 
[2022-01-10 14:08:48,791 I 15295 15611] raylet_client.cc:336: Error reporting task backlog information: IOError: 
[2022-01-10 14:08:49,791 I 15295 15611] raylet_client.cc:336: Error reporting task backlog information: IOError: 
[2022-01-10 14:08:50,791 I 15295 15611] raylet_client.cc:336: Error reporting task backlog information: IOError: 
[2022-01-10 14:08:51,791 I 15295 15611] raylet_client.cc:336: Error reporting task backlog information: IOError: 
[2022-01-10 14:08:52,791 I 15295 15611] raylet_client.cc:336: Error reporting task backlog information: IOError: 
[2022-01-10 14:08:53,792 I 15295 15611] raylet_client.cc:336: Error reporting task backlog information: IOError: 
[2022-01-10 14:08:54,792 I 15295 15611] raylet_client.cc:336: Error reporting task backlog information: IOError: 
[2022-01-10 14:08:55,792 I 15295 15611] raylet_client.cc:336: Error reporting task backlog information: IOError: 
[2022-01-10 14:08:56,792 I 15295 15611] raylet_client.cc:336: Error reporting task backlog information: IOError: 
[2022-01-10 14:08:56,912 W 15295 15612] metric_exporter.cc:206: Export metrics to agent failed: IOError: . This won't affect Ray, but you can lose metrics from the cluster.
[2022-01-10 14:08:57,792 I 15295 15611] raylet_client.cc:336: Error reporting task backlog information: IOError: 
[2022-01-10 14:08:58,792 I 15295 15611] raylet_client.cc:336: Error reporting task backlog information: IOError: 
[2022-01-10 14:08:59,792 I 15295 15611] raylet_client.cc:336: Error reporting task backlog information: IOError: 
[2022-01-10 14:09:00,792 I 15295 15611] raylet_client.cc:336: Error reporting task backlog information: IOError: 
[2022-01-10 14:09:01,792 I 15295 15611] raylet_client.cc:336: Error reporting task backlog information: IOError: 
[2022-01-10 14:09:02,792 I 15295 15611] raylet_client.cc:336: Error reporting task backlog information: IOError: 
[2022-01-10 14:09:03,792 I 15295 15611] raylet_client.cc:336: Error reporting task backlog information: IOError: 
[2022-01-10 14:09:04,793 I 15295 15611] raylet_client.cc:336: Error reporting task backlog information: IOError: 
[2022-01-10 14:09:05,793 I 15295 15611] raylet_client.cc:336: Error reporting task backlog information: IOError: 
[2022-01-10 14:09:06,793 I 15295 15611] raylet_client.cc:336: Error reporting task backlog information: IOError: 
[2022-01-10 14:09:06,919 W 15295 15612] metric_exporter.cc:206: Export metrics to agent failed: IOError: . This won't affect Ray, but you can lose metrics from the cluster.
[2022-01-10 14:09:07,793 I 15295 15611] raylet_client.cc:336: Error reporting task backlog information: IOError: 
[2022-01-10 14:09:08,793 I 15295 15611] raylet_client.cc:336: Error reporting task backlog information: IOError: 
[2022-01-10 14:09:09,793 I 15295 15611] raylet_client.cc:336: Error reporting task backlog information: IOError: 
[2022-01-10 14:09:10,793 I 15295 15611] raylet_client.cc:336: Error reporting task backlog information: IOError: 
[2022-01-10 14:09:11,793 I 15295 15611] raylet_client.cc:336: Error reporting task backlog information: IOError: 
[2022-01-10 14:09:12,793 I 15295 15611] raylet_client.cc:336: Error reporting task backlog information: IOError: 
[2022-01-10 14:09:13,793 I 15295 15611] raylet_client.cc:336: Error reporting task backlog information: IOError: 
[2022-01-10 14:09:14,793 I 15295 15611] raylet_client.cc:336: Error reporting task backlog information: IOError: 
[2022-01-10 14:09:15,793 I 15295 15611] raylet_client.cc:336: Error reporting task backlog information: IOError: 
[2022-01-10 14:09:16,793 I 15295 15611] raylet_client.cc:336: Error reporting task backlog information: IOError: 
[2022-01-10 14:09:16,929 W 15295 15612] metric_exporter.cc:206: Export metrics to agent failed: IOError: . This won't affect Ray, but you can lose metrics from the cluster.
[2022-01-10 14:09:17,794 I 15295 15611] raylet_client.cc:336: Error reporting task backlog information: IOError: 
[2022-01-10 14:09:18,794 I 15295 15611] raylet_client.cc:336: Error reporting task backlog information: IOError: 
[2022-01-10 14:09:19,794 I 15295 15611] raylet_client.cc:336: Error reporting task backlog information: IOError: 
[2022-01-10 14:09:20,794 I 15295 15611] raylet_client.cc:336: Error reporting task backlog information: IOError: 
[2022-01-10 14:09:21,794 I 15295 15611] raylet_client.cc:336: Error reporting task backlog information: IOError: 
[2022-01-10 14:09:22,794 I 15295 15611] raylet_client.cc:336: Error reporting task backlog information: IOError: 
[2022-01-10 14:09:23,794 I 15295 15611] raylet_client.cc:336: Error reporting task backlog information: IOError: 
[2022-01-10 14:09:24,794 I 15295 15611] raylet_client.cc:336: Error reporting task backlog information: IOError: 
[2022-01-10 14:09:25,794 I 15295 15611] raylet_client.cc:336: Error reporting task backlog information: IOError: 
[2022-01-10 14:09:26,794 I 15295 15611] raylet_client.cc:336: Error reporting task backlog information: IOError: 
[2022-01-10 14:09:26,938 W 15295 15612] metric_exporter.cc:206: Export metrics to agent failed: IOError: . This won't affect Ray, but you can lose metrics from the cluster.
[2022-01-10 14:09:27,794 I 15295 15611] raylet_client.cc:336: Error reporting task backlog information: IOError: 
[2022-01-10 14:09:28,794 I 15295 15611] raylet_client.cc:336: Error reporting task backlog information: IOError: 
[2022-01-10 14:09:29,795 I 15295 15611] raylet_client.cc:336: Error reporting task backlog information: IOError: 
[2022-01-10 14:09:30,795 I 15295 15611] raylet_client.cc:336: Error reporting task backlog information: IOError: 
[2022-01-10 14:09:31,795 I 15295 15611] raylet_client.cc:336: Error reporting task backlog information: IOError: 
[2022-01-10 14:09:32,795 I 15295 15611] raylet_client.cc:336: Error reporting task backlog information: IOError: 
[2022-01-10 14:09:33,795 I 15295 15611] raylet_client.cc:336: Error reporting task backlog information: IOError: 
[2022-01-10 14:09:34,795 I 15295 15611] raylet_client.cc:336: Error reporting task backlog information: IOError: 
[2022-01-10 14:09:35,795 I 15295 15611] raylet_client.cc:336: Error reporting task backlog information: IOError: 
[2022-01-10 14:09:36,795 I 15295 15611] raylet_client.cc:336: Error reporting task backlog information: IOError: 
[2022-01-10 14:09:36,946 W 15295 15612] metric_exporter.cc:206: Export metrics to agent failed: IOError: . This won't affect Ray, but you can lose metrics from the cluster.
[2022-01-10 14:09:37,795 I 15295 15611] raylet_client.cc:336: Error reporting task backlog information: IOError: 
[2022-01-10 14:09:38,795 I 15295 15611] raylet_client.cc:336: Error reporting task backlog information: IOError: 
[2022-01-10 14:09:39,795 I 15295 15611] raylet_client.cc:336: Error reporting task backlog information: IOError: 
[2022-01-10 14:09:40,795 I 15295 15611] raylet_client.cc:336: Error reporting task backlog information: IOError: 
[2022-01-10 14:09:41,795 I 15295 15611] raylet_client.cc:336: Error reporting task backlog information: IOError: 
[2022-01-10 14:09:42,796 I 15295 15611] raylet_client.cc:336: Error reporting task backlog information: IOError: 
[2022-01-10 14:09:43,796 I 15295 15611] raylet_client.cc:336: Error reporting task backlog information: IOError: 
[2022-01-10 14:09:44,796 I 15295 15611] raylet_client.cc:336: Error reporting task backlog information: IOError: 
[2022-01-10 14:09:45,796 I 15295 15611] raylet_client.cc:336: Error reporting task backlog information: IOError: 
[2022-01-10 14:09:46,796 I 15295 15611] raylet_client.cc:336: Error reporting task backlog information: IOError: 
[2022-01-10 14:09:46,952 W 15295 15612] metric_exporter.cc:206: Export metrics to agent failed: IOError: . This won't affect Ray, but you can lose metrics from the cluster.
[2022-01-10 14:09:47,796 I 15295 15611] raylet_client.cc:336: Error reporting task backlog information: IOError: 
[2022-01-10 14:09:48,796 I 15295 15611] raylet_client.cc:336: Error reporting task backlog information: IOError: 
[2022-01-10 14:09:49,796 I 15295 15611] raylet_client.cc:336: Error reporting task backlog information: IOError: 
[2022-01-10 14:09:50,796 I 15295 15611] raylet_client.cc:336: Error reporting task backlog information: IOError: 
[2022-01-10 14:09:51,796 I 15295 15611] raylet_client.cc:336: Error reporting task backlog information: IOError: 
[2022-01-10 14:09:52,796 I 15295 15611] raylet_client.cc:336: Error reporting task backlog information: IOError: 
[2022-01-10 14:09:53,796 I 15295 15611] raylet_client.cc:336: Error reporting task backlog information: IOError: 
[2022-01-10 14:09:54,796 I 15295 15611] raylet_client.cc:336: Error reporting task backlog information: IOError: 
[2022-01-10 14:09:55,797 I 15295 15611] raylet_client.cc:336: Error reporting task backlog information: IOError: 
[2022-01-10 14:09:56,797 I 15295 15611] raylet_client.cc:336: Error reporting task backlog information: IOError: 
[2022-01-10 14:09:56,964 W 15295 15612] metric_exporter.cc:206: Export metrics to agent failed: IOError: . This won't affect Ray, but you can lose metrics from the cluster.
[2022-01-10 14:09:57,797 I 15295 15611] raylet_client.cc:336: Error reporting task backlog information: IOError: 
[2022-01-10 14:09:58,797 I 15295 15611] raylet_client.cc:336: Error reporting task backlog information: IOError: 
[2022-01-10 14:09:59,797 I 15295 15611] raylet_client.cc:336: Error reporting task backlog information: IOError: 
[2022-01-10 14:10:00,797 I 15295 15611] raylet_client.cc:336: Error reporting task backlog information: IOError: 
[2022-01-10 14:10:01,797 I 15295 15611] raylet_client.cc:336: Error reporting task backlog information: IOError: 
[2022-01-10 14:10:02,797 I 15295 15611] raylet_client.cc:336: Error reporting task backlog information: IOError: 
[2022-01-10 14:10:03,797 I 15295 15611] raylet_client.cc:336: Error reporting task backlog information: IOError: 
[2022-01-10 14:10:04,797 I 15295 15611] raylet_client.cc:336: Error reporting task backlog information: IOError: 
[2022-01-10 14:10:05,797 I 15295 15611] raylet_client.cc:336: Error reporting task backlog information: IOError: 
[2022-01-10 14:10:06,797 I 15295 15611] raylet_client.cc:336: Error reporting task backlog information: IOError: 
[2022-01-10 14:10:06,971 W 15295 15612] metric_exporter.cc:206: Export metrics to agent failed: IOError: . This won't affect Ray, but you can lose metrics from the cluster.
[2022-01-10 14:10:07,797 I 15295 15611] raylet_client.cc:336: Error reporting task backlog information: IOError: 
[2022-01-10 14:10:08,798 I 15295 15611] raylet_client.cc:336: Error reporting task backlog information: IOError: 
[2022-01-10 14:10:09,798 I 15295 15611] raylet_client.cc:336: Error reporting task backlog information: IOError: 
[2022-01-10 14:10:10,798 I 15295 15611] raylet_client.cc:336: Error reporting task backlog information: IOError: 
[2022-01-10 14:10:11,798 I 15295 15611] raylet_client.cc:336: Error reporting task backlog information: IOError: 
[2022-01-10 14:10:12,798 I 15295 15611] raylet_client.cc:336: Error reporting task backlog information: IOError: 
[2022-01-10 14:10:13,798 I 15295 15611] raylet_client.cc:336: Error reporting task backlog information: IOError: 
[2022-01-10 14:10:14,798 I 15295 15611] raylet_client.cc:336: Error reporting task backlog information: IOError: 
[2022-01-10 14:10:15,798 I 15295 15611] raylet_client.cc:336: Error reporting task backlog information: IOError: 
[2022-01-10 14:10:16,798 I 15295 15611] raylet_client.cc:336: Error reporting task backlog information: IOError: 
[2022-01-10 14:10:16,977 W 15295 15612] metric_exporter.cc:206: Export metrics to agent failed: IOError: . This won't affect Ray, but you can lose metrics from the cluster.
[2022-01-10 14:10:17,798 I 15295 15611] raylet_client.cc:336: Error reporting task backlog information: IOError: 
[2022-01-10 14:10:18,798 I 15295 15611] raylet_client.cc:336: Error reporting task backlog information: IOError: 
[2022-01-10 14:10:19,798 I 15295 15611] raylet_client.cc:336: Error reporting task backlog information: IOError: 
[2022-01-10 14:10:20,798 I 15295 15611] raylet_client.cc:336: Error reporting task backlog information: IOError: 
[2022-01-10 14:10:21,799 I 15295 15611] raylet_client.cc:336: Error reporting task backlog information: IOError: 
[2022-01-10 14:10:22,799 I 15295 15611] raylet_client.cc:336: Error reporting task backlog information: IOError: 
[2022-01-10 14:10:23,799 I 15295 15611] raylet_client.cc:336: Error reporting task backlog information: IOError: 
[2022-01-10 14:10:24,799 I 15295 15611] raylet_client.cc:336: Error reporting task backlog information: IOError: 
[2022-01-10 14:10:25,799 I 15295 15611] raylet_client.cc:336: Error reporting task backlog information: IOError: 
[2022-01-10 14:10:26,799 I 15295 15611] raylet_client.cc:336: Error reporting task backlog information: IOError: 
[2022-01-10 14:10:26,983 W 15295 15612] metric_exporter.cc:206: Export metrics to agent failed: IOError: . This won't affect Ray, but you can lose metrics from the cluster.
[2022-01-10 14:10:27,799 I 15295 15611] raylet_client.cc:336: Error reporting task backlog information: IOError: 
[2022-01-10 14:10:28,799 I 15295 15611] raylet_client.cc:336: Error reporting task backlog information: IOError: 
[2022-01-10 14:10:29,799 I 15295 15611] raylet_client.cc:336: Error reporting task backlog information: IOError: 
[2022-01-10 14:10:30,799 I 15295 15611] raylet_client.cc:336: Error reporting task backlog information: IOError: 
[2022-01-10 14:10:31,799 I 15295 15611] raylet_client.cc:336: Error reporting task backlog information: IOError: 
[2022-01-10 14:10:32,799 I 15295 15611] raylet_client.cc:336: Error reporting task backlog information: IOError: 
[2022-01-10 14:10:33,799 I 15295 15611] raylet_client.cc:336: Error reporting task backlog information: IOError: 
[2022-01-10 14:10:34,800 I 15295 15611] raylet_client.cc:336: Error reporting task backlog information: IOError: 
[2022-01-10 14:10:35,800 I 15295 15611] raylet_client.cc:336: Error reporting task backlog information: IOError: 
[2022-01-10 14:10:36,800 I 15295 15611] raylet_client.cc:336: Error reporting task backlog information: IOError: 
[2022-01-10 14:10:36,990 W 15295 15612] metric_exporter.cc:206: Export metrics to agent failed: IOError: . This won't affect Ray, but you can lose metrics from the cluster.
[2022-01-10 14:10:37,800 I 15295 15611] raylet_client.cc:336: Error reporting task backlog information: IOError: 
[2022-01-10 14:10:38,800 I 15295 15611] raylet_client.cc:336: Error reporting task backlog information: IOError: 
[2022-01-10 14:10:39,800 I 15295 15611] raylet_client.cc:336: Error reporting task backlog information: IOError: 
[2022-01-10 14:10:40,800 I 15295 15611] raylet_client.cc:336: Error reporting task backlog information: IOError: 
[2022-01-10 14:10:41,800 I 15295 15611] raylet_client.cc:336: Error reporting task backlog information: IOError: 
[2022-01-10 14:10:42,800 I 15295 15611] raylet_client.cc:336: Error reporting task backlog information: IOError: 
[2022-01-10 14:10:43,800 I 15295 15611] raylet_client.cc:336: Error reporting task backlog information: IOError: 
[2022-01-10 14:10:44,800 I 15295 15611] raylet_client.cc:336: Error reporting task backlog information: IOError: 
[2022-01-10 14:10:45,800 I 15295 15611] raylet_client.cc:336: Error reporting task backlog information: IOError: 
[2022-01-10 14:10:46,800 I 15295 15611] raylet_client.cc:336: Error reporting task backlog information: IOError: 
[2022-01-10 14:10:46,997 W 15295 15612] metric_exporter.cc:206: Export metrics to agent failed: IOError: . This won't affect Ray, but you can lose metrics from the cluster.
[2022-01-10 14:10:47,801 I 15295 15611] raylet_client.cc:336: Error reporting task backlog information: IOError: 
[2022-01-10 14:10:48,801 I 15295 15611] raylet_client.cc:336: Error reporting task backlog information: IOError: 
[2022-01-10 14:10:49,801 I 15295 15611] raylet_client.cc:336: Error reporting task backlog information: IOError: 
[2022-01-10 14:10:50,801 I 15295 15611] raylet_client.cc:336: Error reporting task backlog information: IOError: 
[2022-01-10 14:10:51,801 I 15295 15611] raylet_client.cc:336: Error reporting task backlog information: IOError: 
[2022-01-10 14:10:52,801 I 15295 15611] raylet_client.cc:336: Error reporting task backlog information: IOError: 
[2022-01-10 14:10:53,801 I 15295 15611] raylet_client.cc:336: Error reporting task backlog information: IOError: 
[2022-01-10 14:10:54,801 I 15295 15611] raylet_client.cc:336: Error reporting task backlog information: IOError: 
[2022-01-10 14:10:55,801 I 15295 15611] raylet_client.cc:336: Error reporting task backlog information: IOError: 
[2022-01-10 14:10:56,801 I 15295 15611] raylet_client.cc:336: Error reporting task backlog information: IOError: 
[2022-01-10 14:10:57,005 W 15295 15612] metric_exporter.cc:206: Export metrics to agent failed: IOError: . This won't affect Ray, but you can lose metrics from the cluster.
[2022-01-10 14:10:57,801 I 15295 15611] raylet_client.cc:336: Error reporting task backlog information: IOError: 
[2022-01-10 14:10:58,801 I 15295 15611] raylet_client.cc:336: Error reporting task backlog information: IOError: 
[2022-01-10 14:10:59,802 I 15295 15611] raylet_client.cc:336: Error reporting task backlog information: IOError: 
[2022-01-10 14:11:00,802 I 15295 15611] raylet_client.cc:336: Error reporting task backlog information: IOError: 
[2022-01-10 14:11:01,802 I 15295 15611] raylet_client.cc:336: Error reporting task backlog information: IOError: 
[2022-01-10 14:11:02,802 I 15295 15611] raylet_client.cc:336: Error reporting task backlog information: IOError: 
[2022-01-10 14:11:03,802 I 15295 15611] raylet_client.cc:336: Error reporting task backlog information: IOError: 
[2022-01-10 14:11:04,802 I 15295 15611] raylet_client.cc:336: Error reporting task backlog information: IOError: 
[2022-01-10 14:11:05,802 I 15295 15611] raylet_client.cc:336: Error reporting task backlog information: IOError: 
[2022-01-10 14:11:06,802 I 15295 15611] raylet_client.cc:336: Error reporting task backlog information: IOError: 
[2022-01-10 14:11:07,011 W 15295 15612] metric_exporter.cc:206: Export metrics to agent failed: IOError: . This won't affect Ray, but you can lose metrics from the cluster.
[2022-01-10 14:11:07,802 I 15295 15611] raylet_client.cc:336: Error reporting task backlog information: IOError: 
[2022-01-10 14:11:08,802 I 15295 15611] raylet_client.cc:336: Error reporting task backlog information: IOError: 
[2022-01-10 14:11:09,802 I 15295 15611] raylet_client.cc:336: Error reporting task backlog information: IOError: 
[2022-01-10 14:11:10,802 I 15295 15611] raylet_client.cc:336: Error reporting task backlog information: IOError: 
[2022-01-10 14:11:11,802 I 15295 15611] raylet_client.cc:336: Error reporting task backlog information: IOError: 
[2022-01-10 14:11:12,803 I 15295 15611] raylet_client.cc:336: Error reporting task backlog information: IOError: 
[2022-01-10 14:11:13,803 I 15295 15611] raylet_client.cc:336: Error reporting task backlog information: IOError: 
[2022-01-10 14:11:14,803 I 15295 15611] raylet_client.cc:336: Error reporting task backlog information: IOError: 
[2022-01-10 14:11:15,803 I 15295 15611] raylet_client.cc:336: Error reporting task backlog information: IOError: 
[2022-01-10 14:11:16,803 I 15295 15611] raylet_client.cc:336: Error reporting task backlog information: IOError: 
[2022-01-10 14:11:17,018 W 15295 15612] metric_exporter.cc:206: Export metrics to agent failed: IOError: . This won't affect Ray, but you can lose metrics from the cluster.
[2022-01-10 14:11:17,803 I 15295 15611] raylet_client.cc:336: Error reporting task backlog information: IOError: 
[2022-01-10 14:11:18,803 I 15295 15611] raylet_client.cc:336: Error reporting task backlog information: IOError: 
[2022-01-10 14:11:19,803 I 15295 15611] raylet_client.cc:336: Error reporting task backlog information: IOError: 
[2022-01-10 14:11:20,803 I 15295 15611] raylet_client.cc:336: Error reporting task backlog information: IOError: 
[2022-01-10 14:11:21,803 I 15295 15611] raylet_client.cc:336: Error reporting task backlog information: IOError: 
[2022-01-10 14:11:22,803 I 15295 15611] raylet_client.cc:336: Error reporting task backlog information: IOError: 
[2022-01-10 14:11:23,803 I 15295 15611] raylet_client.cc:336: Error reporting task backlog information: IOError: 
[2022-01-10 14:11:24,804 I 15295 15611] raylet_client.cc:336: Error reporting task backlog information: IOError: 
[2022-01-10 14:11:25,804 I 15295 15611] raylet_client.cc:336: Error reporting task backlog information: IOError: 
[2022-01-10 14:11:26,804 I 15295 15611] raylet_client.cc:336: Error reporting task backlog information: IOError: 
[2022-01-10 14:11:27,024 W 15295 15612] metric_exporter.cc:206: Export metrics to agent failed: IOError: . This won't affect Ray, but you can lose metrics from the cluster.
[2022-01-10 14:11:27,804 I 15295 15611] raylet_client.cc:336: Error reporting task backlog information: IOError: 
[2022-01-10 14:11:28,804 I 15295 15611] raylet_client.cc:336: Error reporting task backlog information: IOError: 
[2022-01-10 14:11:29,804 I 15295 15611] raylet_client.cc:336: Error reporting task backlog information: IOError: 
[2022-01-10 14:11:30,804 I 15295 15611] raylet_client.cc:336: Error reporting task backlog information: IOError: 
[2022-01-10 14:11:31,804 I 15295 15611] raylet_client.cc:336: Error reporting task backlog information: IOError: 
[2022-01-10 14:11:32,804 I 15295 15611] raylet_client.cc:336: Error reporting task backlog information: IOError: 
[2022-01-10 14:11:33,804 I 15295 15611] raylet_client.cc:336: Error reporting task backlog information: IOError: 
[2022-01-10 14:11:34,804 I 15295 15611] raylet_client.cc:336: Error reporting task backlog information: IOError: 
[2022-01-10 14:11:35,804 I 15295 15611] raylet_client.cc:336: Error reporting task backlog information: IOError: 
[2022-01-10 14:11:36,805 I 15295 15611] raylet_client.cc:336: Error reporting task backlog information: IOError: 
[2022-01-10 14:11:37,031 W 15295 15612] metric_exporter.cc:206: Export metrics to agent failed: IOError: . This won't affect Ray, but you can lose metrics from the cluster.
[2022-01-10 14:11:37,805 I 15295 15611] raylet_client.cc:336: Error reporting task backlog information: IOError: 
[2022-01-10 14:11:38,805 I 15295 15611] raylet_client.cc:336: Error reporting task backlog information: IOError: 
[2022-01-10 14:11:39,805 I 15295 15611] raylet_client.cc:336: Error reporting task backlog information: IOError: 
[2022-01-10 14:11:40,805 I 15295 15611] raylet_client.cc:336: Error reporting task backlog information: IOError: 
[2022-01-10 14:11:41,805 I 15295 15611] raylet_client.cc:336: Error reporting task backlog information: IOError: 
[2022-01-10 14:11:42,805 I 15295 15611] raylet_client.cc:336: Error reporting task backlog information: IOError: 
[2022-01-10 14:11:43,805 I 15295 15611] raylet_client.cc:336: Error reporting task backlog information: IOError: 
[2022-01-10 14:11:44,805 I 15295 15611] raylet_client.cc:336: Error reporting task backlog information: IOError: 
[2022-01-10 14:11:45,805 I 15295 15611] raylet_client.cc:336: Error reporting task backlog information: IOError: 
[2022-01-10 14:11:46,806 I 15295 15611] raylet_client.cc:336: Error reporting task backlog information: IOError: 
[2022-01-10 14:11:47,037 W 15295 15612] metric_exporter.cc:206: Export metrics to agent failed: IOError: . This won't affect Ray, but you can lose metrics from the cluster.
[2022-01-10 14:11:47,806 I 15295 15611] raylet_client.cc:336: Error reporting task backlog information: IOError: 
[2022-01-10 14:11:48,806 I 15295 15611] raylet_client.cc:336: Error reporting task backlog information: IOError: 
[2022-01-10 14:11:49,806 I 15295 15611] raylet_client.cc:336: Error reporting task backlog information: IOError: 
[2022-01-10 14:11:50,806 I 15295 15611] raylet_client.cc:336: Error reporting task backlog information: IOError: 
[2022-01-10 14:11:51,806 I 15295 15611] raylet_client.cc:336: Error reporting task backlog information: IOError: 
[2022-01-10 14:11:52,806 I 15295 15611] raylet_client.cc:336: Error reporting task backlog information: IOError: 
[2022-01-10 14:11:53,806 I 15295 15611] raylet_client.cc:336: Error reporting task backlog information: IOError: 
[2022-01-10 14:11:54,806 I 15295 15611] raylet_client.cc:336: Error reporting task backlog information: IOError: 
[2022-01-10 14:11:55,655 W 15295 15471] gcs_server_address_updater.cc:61: [301] Failed to get the gcs server address from raylet 301 times in a row. If it keeps failing to obtain the address, the worker might crash. Connection status IOError: 
[2022-01-10 14:11:55,806 I 15295 15611] raylet_client.cc:336: Error reporting task backlog information: IOError: 
[2022-01-10 14:11:56,806 I 15295 15611] raylet_client.cc:336: Error reporting task backlog information: IOError: 
[2022-01-10 14:11:57,044 W 15295 15612] metric_exporter.cc:206: Export metrics to agent failed: IOError: . This won't affect Ray, but you can lose metrics from the cluster.
[2022-01-10 14:11:57,806 I 15295 15611] raylet_client.cc:336: Error reporting task backlog information: IOError: 
[2022-01-10 14:11:58,807 I 15295 15611] raylet_client.cc:336: Error reporting task backlog information: IOError: 
[2022-01-10 14:11:59,807 I 15295 15611] raylet_client.cc:336: Error reporting task backlog information: IOError: 
[2022-01-10 14:12:00,807 I 15295 15611] raylet_client.cc:336: Error reporting task backlog information: IOError: 
[2022-01-10 14:12:01,807 I 15295 15611] raylet_client.cc:336: Error reporting task backlog information: IOError: 
[2022-01-10 14:12:02,807 I 15295 15611] raylet_client.cc:336: Error reporting task backlog information: IOError: 
[2022-01-10 14:12:03,807 I 15295 15611] raylet_client.cc:336: Error reporting task backlog information: IOError: 
[2022-01-10 14:12:04,807 I 15295 15611] raylet_client.cc:336: Error reporting task backlog information: IOError: 
[2022-01-10 14:12:05,807 I 15295 15611] raylet_client.cc:336: Error reporting task backlog information: IOError: 
[2022-01-10 14:12:06,807 I 15295 15611] raylet_client.cc:336: Error reporting task backlog information: IOError: 
[2022-01-10 14:12:07,050 W 15295 15612] metric_exporter.cc:206: Export metrics to agent failed: IOError: . This won't affect Ray, but you can lose metrics from the cluster.
[2022-01-10 14:12:07,807 I 15295 15611] raylet_client.cc:336: Error reporting task backlog information: IOError: 
[2022-01-10 14:12:08,807 I 15295 15611] raylet_client.cc:336: Error reporting task backlog information: IOError: 
[2022-01-10 14:12:09,807 I 15295 15611] raylet_client.cc:336: Error reporting task backlog information: IOError: 
[2022-01-10 14:12:10,807 I 15295 15611] raylet_client.cc:336: Error reporting task backlog information: IOError: 
[2022-01-10 14:12:11,807 I 15295 15611] raylet_client.cc:336: Error reporting task backlog information: IOError: 
[2022-01-10 14:12:12,808 I 15295 15611] raylet_client.cc:336: Error reporting task backlog information: IOError: 
[2022-01-10 14:12:13,808 I 15295 15611] raylet_client.cc:336: Error reporting task backlog information: IOError: 
[2022-01-10 14:12:14,808 I 15295 15611] raylet_client.cc:336: Error reporting task backlog information: IOError: 
[2022-01-10 14:12:15,808 I 15295 15611] raylet_client.cc:336: Error reporting task backlog information: IOError: 
[2022-01-10 14:12:16,808 I 15295 15611] raylet_client.cc:336: Error reporting task backlog information: IOError: 
[2022-01-10 14:12:17,057 W 15295 15612] metric_exporter.cc:206: Export metrics to agent failed: IOError: . This won't affect Ray, but you can lose metrics from the cluster.
[2022-01-10 14:12:17,808 I 15295 15611] raylet_client.cc:336: Error reporting task backlog information: IOError: 
[2022-01-10 14:12:18,808 I 15295 15611] raylet_client.cc:336: Error reporting task backlog information: IOError: 
[2022-01-10 14:12:19,808 I 15295 15611] raylet_client.cc:336: Error reporting task backlog information: IOError: 
[2022-01-10 14:12:20,808 I 15295 15611] raylet_client.cc:336: Error reporting task backlog information: IOError: 
[2022-01-10 14:12:21,808 I 15295 15611] raylet_client.cc:336: Error reporting task backlog information: IOError: 
[2022-01-10 14:12:22,808 I 15295 15611] raylet_client.cc:336: Error reporting task backlog information: IOError: 
[2022-01-10 14:12:23,808 I 15295 15611] raylet_client.cc:336: Error reporting task backlog information: IOError: 
[2022-01-10 14:12:24,809 I 15295 15611] raylet_client.cc:336: Error reporting task backlog information: IOError: 
[2022-01-10 14:12:25,809 I 15295 15611] raylet_client.cc:336: Error reporting task backlog information: IOError: 
[2022-01-10 14:12:26,809 I 15295 15611] raylet_client.cc:336: Error reporting task backlog information: IOError: 
[2022-01-10 14:12:27,064 W 15295 15612] metric_exporter.cc:206: Export metrics to agent failed: IOError: . This won't affect Ray, but you can lose metrics from the cluster.
[2022-01-10 14:12:27,809 I 15295 15611] raylet_client.cc:336: Error reporting task backlog information: IOError: 
[2022-01-10 14:12:28,809 I 15295 15611] raylet_client.cc:336: Error reporting task backlog information: IOError: 
[2022-01-10 14:12:29,809 I 15295 15611] raylet_client.cc:336: Error reporting task backlog information: IOError: 
[2022-01-10 14:12:30,809 I 15295 15611] raylet_client.cc:336: Error reporting task backlog information: IOError: 
[2022-01-10 14:12:31,809 I 15295 15611] raylet_client.cc:336: Error reporting task backlog information: IOError: 
[2022-01-10 14:12:32,809 I 15295 15611] raylet_client.cc:336: Error reporting task backlog information: IOError: 
[2022-01-10 14:12:33,809 I 15295 15611] raylet_client.cc:336: Error reporting task backlog information: IOError: 
[2022-01-10 14:12:34,809 I 15295 15611] raylet_client.cc:336: Error reporting task backlog information: IOError: 
[2022-01-10 14:12:35,809 I 15295 15611] raylet_client.cc:336: Error reporting task backlog information: IOError: 
[2022-01-10 14:12:36,809 I 15295 15611] raylet_client.cc:336: Error reporting task backlog information: IOError: 
[2022-01-10 14:12:37,071 W 15295 15612] metric_exporter.cc:206: Export metrics to agent failed: IOError: . This won't affect Ray, but you can lose metrics from the cluster.
[2022-01-10 14:12:37,810 I 15295 15611] raylet_client.cc:336: Error reporting task backlog information: IOError: 
[2022-01-10 14:12:38,810 I 15295 15611] raylet_client.cc:336: Error reporting task backlog information: IOError: 
[2022-01-10 14:12:39,810 I 15295 15611] raylet_client.cc:336: Error reporting task backlog information: IOError: 
[2022-01-10 14:12:40,810 I 15295 15611] raylet_client.cc:336: Error reporting task backlog information: IOError: 
[2022-01-10 14:12:41,810 I 15295 15611] raylet_client.cc:336: Error reporting task backlog information: IOError: 
[2022-01-10 14:12:42,810 I 15295 15611] raylet_client.cc:336: Error reporting task backlog information: IOError: 
[2022-01-10 14:12:43,810 I 15295 15611] raylet_client.cc:336: Error reporting task backlog information: IOError: 
[2022-01-10 14:12:44,810 I 15295 15611] raylet_client.cc:336: Error reporting task backlog information: IOError: 
[2022-01-10 14:12:45,810 I 15295 15611] raylet_client.cc:336: Error reporting task backlog information: IOError: 
[2022-01-10 14:12:46,810 I 15295 15611] raylet_client.cc:336: Error reporting task backlog information: IOError: 
[2022-01-10 14:12:47,078 W 15295 15612] metric_exporter.cc:206: Export metrics to agent failed: IOError: . This won't affect Ray, but you can lose metrics from the cluster.
[2022-01-10 14:12:47,810 I 15295 15611] raylet_client.cc:336: Error reporting task backlog information: IOError: 
[2022-01-10 14:12:48,810 I 15295 15611] raylet_client.cc:336: Error reporting task backlog information: IOError: 
[2022-01-10 14:12:49,810 I 15295 15611] raylet_client.cc:336: Error reporting task backlog information: IOError: 
[2022-01-10 14:12:50,811 I 15295 15611] raylet_client.cc:336: Error reporting task backlog information: IOError: 
[2022-01-10 14:12:51,811 I 15295 15611] raylet_client.cc:336: Error reporting task backlog information: IOError: 
[2022-01-10 14:12:52,811 I 15295 15611] raylet_client.cc:336: Error reporting task backlog information: IOError: 
[2022-01-10 14:12:53,811 I 15295 15611] raylet_client.cc:336: Error reporting task backlog information: IOError: 
[2022-01-10 14:12:54,811 I 15295 15611] raylet_client.cc:336: Error reporting task backlog information: IOError: 
[2022-01-10 14:12:55,811 I 15295 15611] raylet_client.cc:336: Error reporting task backlog information: IOError: 
[2022-01-10 14:12:56,811 I 15295 15611] raylet_client.cc:336: Error reporting task backlog information: IOError: 
[2022-01-10 14:12:57,085 W 15295 15612] metric_exporter.cc:206: Export metrics to agent failed: IOError: . This won't affect Ray, but you can lose metrics from the cluster.
[2022-01-10 14:12:57,811 I 15295 15611] raylet_client.cc:336: Error reporting task backlog information: IOError: 
[2022-01-10 14:12:58,811 I 15295 15611] raylet_client.cc:336: Error reporting task backlog information: IOError: 
[2022-01-10 14:12:59,811 I 15295 15611] raylet_client.cc:336: Error reporting task backlog information: IOError: 
[2022-01-10 14:13:00,811 I 15295 15611] raylet_client.cc:336: Error reporting task backlog information: IOError: 
[2022-01-10 14:13:01,811 I 15295 15611] raylet_client.cc:336: Error reporting task backlog information: IOError: 
[2022-01-10 14:13:02,811 I 15295 15611] raylet_client.cc:336: Error reporting task backlog information: IOError: 
[2022-01-10 14:13:03,812 I 15295 15611] raylet_client.cc:336: Error reporting task backlog information: IOError: 
[2022-01-10 14:13:04,812 I 15295 15611] raylet_client.cc:336: Error reporting task backlog information: IOError: 
[2022-01-10 14:13:05,812 I 15295 15611] raylet_client.cc:336: Error reporting task backlog information: IOError: 
[2022-01-10 14:13:06,812 I 15295 15611] raylet_client.cc:336: Error reporting task backlog information: IOError: 
[2022-01-10 14:13:07,096 W 15295 15612] metric_exporter.cc:206: Export metrics to agent failed: IOError: . This won't affect Ray, but you can lose metrics from the cluster.
[2022-01-10 14:13:07,812 I 15295 15611] raylet_client.cc:336: Error reporting task backlog information: IOError: 
[2022-01-10 14:13:08,812 I 15295 15611] raylet_client.cc:336: Error reporting task backlog information: IOError: 
[2022-01-10 14:13:09,812 I 15295 15611] raylet_client.cc:336: Error reporting task backlog information: IOError: 
[2022-01-10 14:13:10,812 I 15295 15611] raylet_client.cc:336: Error reporting task backlog information: IOError: 
[2022-01-10 14:13:11,812 I 15295 15611] raylet_client.cc:336: Error reporting task backlog information: IOError: 
[2022-01-10 14:13:12,812 I 15295 15611] raylet_client.cc:336: Error reporting task backlog information: IOError: 
[2022-01-10 14:13:13,812 I 15295 15611] raylet_client.cc:336: Error reporting task backlog information: IOError: 
[2022-01-10 14:13:14,813 I 15295 15611] raylet_client.cc:336: Error reporting task backlog information: IOError: 
[2022-01-10 14:13:15,813 I 15295 15611] raylet_client.cc:336: Error reporting task backlog information: IOError: 
[2022-01-10 14:13:16,813 I 15295 15611] raylet_client.cc:336: Error reporting task backlog information: IOError: 
[2022-01-10 14:13:17,103 W 15295 15612] metric_exporter.cc:206: Export metrics to agent failed: IOError: . This won't affect Ray, but you can lose metrics from the cluster.
[2022-01-10 14:13:17,813 I 15295 15611] raylet_client.cc:336: Error reporting task backlog information: IOError: 
[2022-01-10 14:13:18,813 I 15295 15611] raylet_client.cc:336: Error reporting task backlog information: IOError: 
[2022-01-10 14:13:19,813 I 15295 15611] raylet_client.cc:336: Error reporting task backlog information: IOError: 
[2022-01-10 14:13:20,813 I 15295 15611] raylet_client.cc:336: Error reporting task backlog information: IOError: 
[2022-01-10 14:13:21,813 I 15295 15611] raylet_client.cc:336: Error reporting task backlog information: IOError: 
[2022-01-10 14:13:22,813 I 15295 15611] raylet_client.cc:336: Error reporting task backlog information: IOError: 
[2022-01-10 14:13:23,813 I 15295 15611] raylet_client.cc:336: Error reporting task backlog information: IOError: 
[2022-01-10 14:13:24,813 I 15295 15611] raylet_client.cc:336: Error reporting task backlog information: IOError: 
[2022-01-10 14:13:25,813 I 15295 15611] raylet_client.cc:336: Error reporting task backlog information: IOError: 
[2022-01-10 14:13:26,813 I 15295 15611] raylet_client.cc:336: Error reporting task backlog information: IOError: 
[2022-01-10 14:13:27,109 W 15295 15612] metric_exporter.cc:206: Export metrics to agent failed: IOError: . This won't affect Ray, but you can lose metrics from the cluster.
[2022-01-10 14:13:27,813 I 15295 15611] raylet_client.cc:336: Error reporting task backlog information: IOError: 
[2022-01-10 14:13:28,814 I 15295 15611] raylet_client.cc:336: Error reporting task backlog information: IOError: 
[2022-01-10 14:13:29,814 I 15295 15611] raylet_client.cc:336: Error reporting task backlog information: IOError: 
[2022-01-10 14:13:30,814 I 15295 15611] raylet_client.cc:336: Error reporting task backlog information: IOError: 
[2022-01-10 14:13:31,814 I 15295 15611] raylet_client.cc:336: Error reporting task backlog information: IOError: 
[2022-01-10 14:13:32,814 I 15295 15611] raylet_client.cc:336: Error reporting task backlog information: IOError: 
[2022-01-10 14:13:33,814 I 15295 15611] raylet_client.cc:336: Error reporting task backlog information: IOError: 
[2022-01-10 14:13:34,814 I 15295 15611] raylet_client.cc:336: Error reporting task backlog information: IOError: 
[2022-01-10 14:13:35,814 I 15295 15611] raylet_client.cc:336: Error reporting task backlog information: IOError: 
[2022-01-10 14:13:36,814 I 15295 15611] raylet_client.cc:336: Error reporting task backlog information: IOError: 
[2022-01-10 14:13:37,116 W 15295 15612] metric_exporter.cc:206: Export metrics to agent failed: IOError: . This won't affect Ray, but you can lose metrics from the cluster.
[2022-01-10 14:13:37,814 I 15295 15611] raylet_client.cc:336: Error reporting task backlog information: IOError: 
[2022-01-10 14:13:38,814 I 15295 15611] raylet_client.cc:336: Error reporting task backlog information: IOError: 
[2022-01-10 14:13:39,814 I 15295 15611] raylet_client.cc:336: Error reporting task backlog information: IOError: 
[2022-01-10 14:13:40,814 I 15295 15611] raylet_client.cc:336: Error reporting task backlog information: IOError: 
[2022-01-10 14:13:41,815 I 15295 15611] raylet_client.cc:336: Error reporting task backlog information: IOError: 
[2022-01-10 14:13:42,815 I 15295 15611] raylet_client.cc:336: Error reporting task backlog information: IOError: 
[2022-01-10 14:13:43,815 I 15295 15611] raylet_client.cc:336: Error reporting task backlog information: IOError: 
[2022-01-10 14:13:44,815 I 15295 15611] raylet_client.cc:336: Error reporting task backlog information: IOError: 
[2022-01-10 14:13:45,815 I 15295 15611] raylet_client.cc:336: Error reporting task backlog information: IOError: 
[2022-01-10 14:13:46,815 I 15295 15611] raylet_client.cc:336: Error reporting task backlog information: IOError: 
[2022-01-10 14:13:47,124 W 15295 15612] metric_exporter.cc:206: Export metrics to agent failed: IOError: . This won't affect Ray, but you can lose metrics from the cluster.
[2022-01-10 14:13:47,815 I 15295 15611] raylet_client.cc:336: Error reporting task backlog information: IOError: 
[2022-01-10 14:13:48,815 I 15295 15611] raylet_client.cc:336: Error reporting task backlog information: IOError: 
[2022-01-10 14:13:49,815 I 15295 15611] raylet_client.cc:336: Error reporting task backlog information: IOError: 
[2022-01-10 14:13:50,815 I 15295 15611] raylet_client.cc:336: Error reporting task backlog information: IOError: 
[2022-01-10 14:13:51,815 I 15295 15611] raylet_client.cc:336: Error reporting task backlog information: IOError: 
[2022-01-10 14:13:52,815 I 15295 15611] raylet_client.cc:336: Error reporting task backlog information: IOError: 
[2022-01-10 14:13:53,816 I 15295 15611] raylet_client.cc:336: Error reporting task backlog information: IOError: 
[2022-01-10 14:13:54,816 I 15295 15611] raylet_client.cc:336: Error reporting task backlog information: IOError: 
[2022-01-10 14:13:55,816 I 15295 15611] raylet_client.cc:336: Error reporting task backlog information: IOError: 
[2022-01-10 14:13:56,816 I 15295 15611] raylet_client.cc:336: Error reporting task backlog information: IOError: 
[2022-01-10 14:13:57,131 W 15295 15612] metric_exporter.cc:206: Export metrics to agent failed: IOError: . This won't affect Ray, but you can lose metrics from the cluster.
[2022-01-10 14:13:57,816 I 15295 15611] raylet_client.cc:336: Error reporting task backlog information: IOError: 
[2022-01-10 14:13:58,816 I 15295 15611] raylet_client.cc:336: Error reporting task backlog information: IOError: 
[2022-01-10 14:13:59,816 I 15295 15611] raylet_client.cc:336: Error reporting task backlog information: IOError: 
[2022-01-10 14:14:00,816 I 15295 15611] raylet_client.cc:336: Error reporting task backlog information: IOError: 
[2022-01-10 14:14:01,816 I 15295 15611] raylet_client.cc:336: Error reporting task backlog information: IOError: 
[2022-01-10 14:14:02,816 I 15295 15611] raylet_client.cc:336: Error reporting task backlog information: IOError: 
[2022-01-10 14:14:03,816 I 15295 15611] raylet_client.cc:336: Error reporting task backlog information: IOError: 
[2022-01-10 14:14:04,816 I 15295 15611] raylet_client.cc:336: Error reporting task backlog information: IOError: 
[2022-01-10 14:14:05,817 I 15295 15611] raylet_client.cc:336: Error reporting task backlog information: IOError: 
[2022-01-10 14:14:06,817 I 15295 15611] raylet_client.cc:336: Error reporting task backlog information: IOError: 
[2022-01-10 14:14:07,139 W 15295 15612] metric_exporter.cc:206: Export metrics to agent failed: IOError: . This won't affect Ray, but you can lose metrics from the cluster.
[2022-01-10 14:14:07,817 I 15295 15611] raylet_client.cc:336: Error reporting task backlog information: IOError: 
[2022-01-10 14:14:08,817 I 15295 15611] raylet_client.cc:336: Error reporting task backlog information: IOError: 
[2022-01-10 14:14:09,817 I 15295 15611] raylet_client.cc:336: Error reporting task backlog information: IOError: 
[2022-01-10 14:14:10,817 I 15295 15611] raylet_client.cc:336: Error reporting task backlog information: IOError: 
[2022-01-10 14:14:11,817 I 15295 15611] raylet_client.cc:336: Error reporting task backlog information: IOError: 
[2022-01-10 14:14:12,817 I 15295 15611] raylet_client.cc:336: Error reporting task backlog information: IOError: 
[2022-01-10 14:14:13,817 I 15295 15611] raylet_client.cc:336: Error reporting task backlog information: IOError: 
[2022-01-10 14:14:14,817 I 15295 15611] raylet_client.cc:336: Error reporting task backlog information: IOError: 
[2022-01-10 14:14:15,817 I 15295 15611] raylet_client.cc:336: Error reporting task backlog information: IOError: 
[2022-01-10 14:14:16,818 I 15295 15611] raylet_client.cc:336: Error reporting task backlog information: IOError: 
[2022-01-10 14:14:17,146 W 15295 15612] metric_exporter.cc:206: Export metrics to agent failed: IOError: . This won't affect Ray, but you can lose metrics from the cluster.
[2022-01-10 14:14:17,818 I 15295 15611] raylet_client.cc:336: Error reporting task backlog information: IOError: 
[2022-01-10 14:14:18,818 I 15295 15611] raylet_client.cc:336: Error reporting task backlog information: IOError: 
[2022-01-10 14:14:19,818 I 15295 15611] raylet_client.cc:336: Error reporting task backlog information: IOError: 
[2022-01-10 14:14:20,818 I 15295 15611] raylet_client.cc:336: Error reporting task backlog information: IOError: 
[2022-01-10 14:14:21,818 I 15295 15611] raylet_client.cc:336: Error reporting task backlog information: IOError: 
[2022-01-10 14:14:22,818 I 15295 15611] raylet_client.cc:336: Error reporting task backlog information: IOError: 
[2022-01-10 14:14:23,818 I 15295 15611] raylet_client.cc:336: Error reporting task backlog information: IOError: 
[2022-01-10 14:14:24,818 I 15295 15611] raylet_client.cc:336: Error reporting task backlog information: IOError: 
[2022-01-10 14:14:25,818 I 15295 15611] raylet_client.cc:336: Error reporting task backlog information: IOError: 
[2022-01-10 14:14:26,818 I 15295 15611] raylet_client.cc:336: Error reporting task backlog information: IOError: 
[2022-01-10 14:14:27,156 W 15295 15612] metric_exporter.cc:206: Export metrics to agent failed: IOError: . This won't affect Ray, but you can lose metrics from the cluster.
[2022-01-10 14:14:27,818 I 15295 15611] raylet_client.cc:336: Error reporting task backlog information: IOError: 
[2022-01-10 14:14:28,818 I 15295 15611] raylet_client.cc:336: Error reporting task backlog information: IOError: 
[2022-01-10 14:14:29,819 I 15295 15611] raylet_client.cc:336: Error reporting task backlog information: IOError: 
[2022-01-10 14:14:30,819 I 15295 15611] raylet_client.cc:336: Error reporting task backlog information: IOError: 
[2022-01-10 14:14:31,819 I 15295 15611] raylet_client.cc:336: Error reporting task backlog information: IOError: 
[2022-01-10 14:14:32,819 I 15295 15611] raylet_client.cc:336: Error reporting task backlog information: IOError: 
[2022-01-10 14:14:33,819 I 15295 15611] raylet_client.cc:336: Error reporting task backlog information: IOError: 
[2022-01-10 14:14:34,819 I 15295 15611] raylet_client.cc:336: Error reporting task backlog information: IOError: 
[2022-01-10 14:14:35,819 I 15295 15611] raylet_client.cc:336: Error reporting task backlog information: IOError: 
[2022-01-10 14:14:36,819 I 15295 15611] raylet_client.cc:336: Error reporting task backlog information: IOError: 
[2022-01-10 14:14:37,165 W 15295 15612] metric_exporter.cc:206: Export metrics to agent failed: IOError: . This won't affect Ray, but you can lose metrics from the cluster.
[2022-01-10 14:14:37,819 I 15295 15611] raylet_client.cc:336: Error reporting task backlog information: IOError: 
[2022-01-10 14:14:38,819 I 15295 15611] raylet_client.cc:336: Error reporting task backlog information: IOError: 
[2022-01-10 14:14:39,820 I 15295 15611] raylet_client.cc:336: Error reporting task backlog information: IOError: 
[2022-01-10 14:14:40,820 I 15295 15611] raylet_client.cc:336: Error reporting task backlog information: IOError: 
[2022-01-10 14:14:41,820 I 15295 15611] raylet_client.cc:336: Error reporting task backlog information: IOError: 
[2022-01-10 14:14:42,820 I 15295 15611] raylet_client.cc:336: Error reporting task backlog information: IOError: 
[2022-01-10 14:14:43,820 I 15295 15611] raylet_client.cc:336: Error reporting task backlog information: IOError: 
[2022-01-10 14:14:44,820 I 15295 15611] raylet_client.cc:336: Error reporting task backlog information: IOError: 
[2022-01-10 14:14:45,820 I 15295 15611] raylet_client.cc:336: Error reporting task backlog information: IOError: 
[2022-01-10 14:14:46,820 I 15295 15611] raylet_client.cc:336: Error reporting task backlog information: IOError: 
[2022-01-10 14:14:47,172 W 15295 15612] metric_exporter.cc:206: Export metrics to agent failed: IOError: . This won't affect Ray, but you can lose metrics from the cluster.
[2022-01-10 14:14:47,820 I 15295 15611] raylet_client.cc:336: Error reporting task backlog information: IOError: 
[2022-01-10 14:14:48,820 I 15295 15611] raylet_client.cc:336: Error reporting task backlog information: IOError: 
[2022-01-10 14:14:49,820 I 15295 15611] raylet_client.cc:336: Error reporting task backlog information: IOError: 
[2022-01-10 14:14:50,821 I 15295 15611] raylet_client.cc:336: Error reporting task backlog information: IOError: 
[2022-01-10 14:14:51,821 I 15295 15611] raylet_client.cc:336: Error reporting task backlog information: IOError: 
[2022-01-10 14:14:52,821 I 15295 15611] raylet_client.cc:336: Error reporting task backlog information: IOError: 
[2022-01-10 14:14:53,821 I 15295 15611] raylet_client.cc:336: Error reporting task backlog information: IOError: 
[2022-01-10 14:14:54,821 I 15295 15611] raylet_client.cc:336: Error reporting task backlog information: IOError: 
[2022-01-10 14:14:55,821 I 15295 15611] raylet_client.cc:336: Error reporting task backlog information: IOError: 
[2022-01-10 14:14:56,821 I 15295 15611] raylet_client.cc:336: Error reporting task backlog information: IOError: 
[2022-01-10 14:14:57,178 W 15295 15612] metric_exporter.cc:206: Export metrics to agent failed: IOError: . This won't affect Ray, but you can lose metrics from the cluster.
[2022-01-10 14:14:57,821 I 15295 15611] raylet_client.cc:336: Error reporting task backlog information: IOError: 
[2022-01-10 14:14:58,821 I 15295 15611] raylet_client.cc:336: Error reporting task backlog information: IOError: 
[2022-01-10 14:14:59,821 I 15295 15611] raylet_client.cc:336: Error reporting task backlog information: IOError: 
[2022-01-10 14:15:00,821 I 15295 15611] raylet_client.cc:336: Error reporting task backlog information: IOError: 
[2022-01-10 14:15:01,821 I 15295 15611] raylet_client.cc:336: Error reporting task backlog information: IOError: 
[2022-01-10 14:15:02,821 I 15295 15611] raylet_client.cc:336: Error reporting task backlog information: IOError: 
[2022-01-10 14:15:03,822 I 15295 15611] raylet_client.cc:336: Error reporting task backlog information: IOError: 
[2022-01-10 14:15:04,822 I 15295 15611] raylet_client.cc:336: Error reporting task backlog information: IOError: 
[2022-01-10 14:15:05,822 I 15295 15611] raylet_client.cc:336: Error reporting task backlog information: IOError: 
[2022-01-10 14:15:06,822 I 15295 15611] raylet_client.cc:336: Error reporting task backlog information: IOError: 
[2022-01-10 14:15:07,186 W 15295 15612] metric_exporter.cc:206: Export metrics to agent failed: IOError: . This won't affect Ray, but you can lose metrics from the cluster.
[2022-01-10 14:15:07,822 I 15295 15611] raylet_client.cc:336: Error reporting task backlog information: IOError: 
[2022-01-10 14:15:08,822 I 15295 15611] raylet_client.cc:336: Error reporting task backlog information: IOError: 
[2022-01-10 14:15:09,823 I 15295 15611] raylet_client.cc:336: Error reporting task backlog information: IOError: 
[2022-01-10 14:15:10,823 I 15295 15611] raylet_client.cc:336: Error reporting task backlog information: IOError: 
[2022-01-10 14:15:11,823 I 15295 15611] raylet_client.cc:336: Error reporting task backlog information: IOError: 
[2022-01-10 14:15:12,823 I 15295 15611] raylet_client.cc:336: Error reporting task backlog information: IOError: 
[2022-01-10 14:15:13,823 I 15295 15611] raylet_client.cc:336: Error reporting task backlog information: IOError: 
[2022-01-10 14:15:14,823 I 15295 15611] raylet_client.cc:336: Error reporting task backlog information: IOError: 
[2022-01-10 14:15:15,823 I 15295 15611] raylet_client.cc:336: Error reporting task backlog information: IOError: 
[2022-01-10 14:15:16,823 I 15295 15611] raylet_client.cc:336: Error reporting task backlog information: IOError: 
[2022-01-10 14:15:17,193 W 15295 15612] metric_exporter.cc:206: Export metrics to agent failed: IOError: . This won't affect Ray, but you can lose metrics from the cluster.
[2022-01-10 14:15:17,823 I 15295 15611] raylet_client.cc:336: Error reporting task backlog information: IOError: 
[2022-01-10 14:15:18,823 I 15295 15611] raylet_client.cc:336: Error reporting task backlog information: IOError: 
[2022-01-10 14:15:19,823 I 15295 15611] raylet_client.cc:336: Error reporting task backlog information: IOError: 
[2022-01-10 14:15:20,823 I 15295 15611] raylet_client.cc:336: Error reporting task backlog information: IOError: 
[2022-01-10 14:15:21,823 I 15295 15611] raylet_client.cc:336: Error reporting task backlog information: IOError: 
[2022-01-10 14:15:22,824 I 15295 15611] raylet_client.cc:336: Error reporting task backlog information: IOError: 
[2022-01-10 14:15:23,824 I 15295 15611] raylet_client.cc:336: Error reporting task backlog information: IOError: 
[2022-01-10 14:15:24,824 I 15295 15611] raylet_client.cc:336: Error reporting task backlog information: IOError: 
[2022-01-10 14:15:25,824 I 15295 15611] raylet_client.cc:336: Error reporting task backlog information: IOError: 
[2022-01-10 14:15:26,824 I 15295 15611] raylet_client.cc:336: Error reporting task backlog information: IOError: 
[2022-01-10 14:15:27,199 W 15295 15612] metric_exporter.cc:206: Export metrics to agent failed: IOError: . This won't affect Ray, but you can lose metrics from the cluster.
[2022-01-10 14:15:27,824 I 15295 15611] raylet_client.cc:336: Error reporting task backlog information: IOError: 
[2022-01-10 14:15:28,824 I 15295 15611] raylet_client.cc:336: Error reporting task backlog information: IOError: 
[2022-01-10 14:15:29,824 I 15295 15611] raylet_client.cc:336: Error reporting task backlog information: IOError: 
[2022-01-10 14:15:30,824 I 15295 15611] raylet_client.cc:336: Error reporting task backlog information: IOError: 
[2022-01-10 14:15:31,824 I 15295 15611] raylet_client.cc:336: Error reporting task backlog information: IOError: 
[2022-01-10 14:15:32,824 I 15295 15611] raylet_client.cc:336: Error reporting task backlog information: IOError: 
[2022-01-10 14:15:33,824 I 15295 15611] raylet_client.cc:336: Error reporting task backlog information: IOError: 
[2022-01-10 14:15:34,825 I 15295 15611] raylet_client.cc:336: Error reporting task backlog information: IOError: 
[2022-01-10 14:15:35,825 I 15295 15611] raylet_client.cc:336: Error reporting task backlog information: IOError: 
[2022-01-10 14:15:36,825 I 15295 15611] raylet_client.cc:336: Error reporting task backlog information: IOError: 
[2022-01-10 14:15:37,206 W 15295 15612] metric_exporter.cc:206: Export metrics to agent failed: IOError: . This won't affect Ray, but you can lose metrics from the cluster.
[2022-01-10 14:15:37,825 I 15295 15611] raylet_client.cc:336: Error reporting task backlog information: IOError: 
[2022-01-10 14:15:38,825 I 15295 15611] raylet_client.cc:336: Error reporting task backlog information: IOError: 
[2022-01-10 14:15:39,825 I 15295 15611] raylet_client.cc:336: Error reporting task backlog information: IOError: 
[2022-01-10 14:15:40,825 I 15295 15611] raylet_client.cc:336: Error reporting task backlog information: IOError: 
[2022-01-10 14:15:41,825 I 15295 15611] raylet_client.cc:336: Error reporting task backlog information: IOError: 
[2022-01-10 14:15:42,825 I 15295 15611] raylet_client.cc:336: Error reporting task backlog information: IOError: 
[2022-01-10 14:15:43,825 I 15295 15611] raylet_client.cc:336: Error reporting task backlog information: IOError: 
[2022-01-10 14:15:44,825 I 15295 15611] raylet_client.cc:336: Error reporting task backlog information: IOError: 
[2022-01-10 14:15:45,825 I 15295 15611] raylet_client.cc:336: Error reporting task backlog information: IOError: 
[2022-01-10 14:15:46,825 I 15295 15611] raylet_client.cc:336: Error reporting task backlog information: IOError: 
[2022-01-10 14:15:47,212 W 15295 15612] metric_exporter.cc:206: Export metrics to agent failed: IOError: . This won't affect Ray, but you can lose metrics from the cluster.
[2022-01-10 14:15:47,826 I 15295 15611] raylet_client.cc:336: Error reporting task backlog information: IOError: 
[2022-01-10 14:15:48,826 I 15295 15611] raylet_client.cc:336: Error reporting task backlog information: IOError: 
[2022-01-10 14:15:49,826 I 15295 15611] raylet_client.cc:336: Error reporting task backlog information: IOError: 
[2022-01-10 14:15:50,826 I 15295 15611] raylet_client.cc:336: Error reporting task backlog information: IOError: 
[2022-01-10 14:15:51,826 I 15295 15611] raylet_client.cc:336: Error reporting task backlog information: IOError: 
[2022-01-10 14:15:52,826 I 15295 15611] raylet_client.cc:336: Error reporting task backlog information: IOError: 
[2022-01-10 14:15:53,826 I 15295 15611] raylet_client.cc:336: Error reporting task backlog information: IOError: 
[2022-01-10 14:15:54,826 I 15295 15611] raylet_client.cc:336: Error reporting task backlog information: IOError: 
[2022-01-10 14:15:55,826 I 15295 15611] raylet_client.cc:336: Error reporting task backlog information: IOError: 
[2022-01-10 14:15:56,826 I 15295 15611] raylet_client.cc:336: Error reporting task backlog information: IOError: 
[2022-01-10 14:15:57,218 W 15295 15612] metric_exporter.cc:206: Export metrics to agent failed: IOError: . This won't affect Ray, but you can lose metrics from the cluster.
[2022-01-10 14:15:57,827 I 15295 15611] raylet_client.cc:336: Error reporting task backlog information: IOError: 
[2022-01-10 14:15:58,828 I 15295 15611] raylet_client.cc:336: Error reporting task backlog information: IOError: 
[2022-01-10 14:15:59,828 I 15295 15611] raylet_client.cc:336: Error reporting task backlog information: IOError: 
[2022-01-10 14:16:00,828 I 15295 15611] raylet_client.cc:336: Error reporting task backlog information: IOError: 
[2022-01-10 14:16:01,828 I 15295 15611] raylet_client.cc:336: Error reporting task backlog information: IOError: 
[2022-01-10 14:16:02,828 I 15295 15611] raylet_client.cc:336: Error reporting task backlog information: IOError: 
[2022-01-10 14:16:03,828 I 15295 15611] raylet_client.cc:336: Error reporting task backlog information: IOError: 
[2022-01-10 14:16:04,828 I 15295 15611] raylet_client.cc:336: Error reporting task backlog information: IOError: 
[2022-01-10 14:16:05,828 I 15295 15611] raylet_client.cc:336: Error reporting task backlog information: IOError: 
[2022-01-10 14:16:06,828 I 15295 15611] raylet_client.cc:336: Error reporting task backlog information: IOError: 
[2022-01-10 14:16:07,225 W 15295 15612] metric_exporter.cc:206: Export metrics to agent failed: IOError: . This won't affect Ray, but you can lose metrics from the cluster.
[2022-01-10 14:16:07,828 I 15295 15611] raylet_client.cc:336: Error reporting task backlog information: IOError: 
[2022-01-10 14:16:08,828 I 15295 15611] raylet_client.cc:336: Error reporting task backlog information: IOError: 
[2022-01-10 14:16:09,828 I 15295 15611] raylet_client.cc:336: Error reporting task backlog information: IOError: 
[2022-01-10 14:16:10,829 I 15295 15611] raylet_client.cc:336: Error reporting task backlog information: IOError: 
[2022-01-10 14:16:11,829 I 15295 15611] raylet_client.cc:336: Error reporting task backlog information: IOError: 
[2022-01-10 14:16:12,829 I 15295 15611] raylet_client.cc:336: Error reporting task backlog information: IOError: 
[2022-01-10 14:16:13,829 I 15295 15611] raylet_client.cc:336: Error reporting task backlog information: IOError: 
[2022-01-10 14:16:14,829 I 15295 15611] raylet_client.cc:336: Error reporting task backlog information: IOError: 
[2022-01-10 14:16:15,829 I 15295 15611] raylet_client.cc:336: Error reporting task backlog information: IOError: 
[2022-01-10 14:16:16,829 I 15295 15611] raylet_client.cc:336: Error reporting task backlog information: IOError: 
[2022-01-10 14:16:17,232 W 15295 15612] metric_exporter.cc:206: Export metrics to agent failed: IOError: . This won't affect Ray, but you can lose metrics from the cluster.
[2022-01-10 14:16:17,829 I 15295 15611] raylet_client.cc:336: Error reporting task backlog information: IOError: 
[2022-01-10 14:16:18,829 I 15295 15611] raylet_client.cc:336: Error reporting task backlog information: IOError: 
[2022-01-10 14:16:19,829 I 15295 15611] raylet_client.cc:336: Error reporting task backlog information: IOError: 
[2022-01-10 14:16:20,829 I 15295 15611] raylet_client.cc:336: Error reporting task backlog information: IOError: 
[2022-01-10 14:16:21,829 I 15295 15611] raylet_client.cc:336: Error reporting task backlog information: IOError: 
[2022-01-10 14:16:22,830 I 15295 15611] raylet_client.cc:336: Error reporting task backlog information: IOError: 
[2022-01-10 14:16:23,830 I 15295 15611] raylet_client.cc:336: Error reporting task backlog information: IOError: 
[2022-01-10 14:16:24,830 I 15295 15611] raylet_client.cc:336: Error reporting task backlog information: IOError: 
[2022-01-10 14:16:25,830 I 15295 15611] raylet_client.cc:336: Error reporting task backlog information: IOError: 
[2022-01-10 14:16:26,830 I 15295 15611] raylet_client.cc:336: Error reporting task backlog information: IOError: 
[2022-01-10 14:16:27,238 W 15295 15612] metric_exporter.cc:206: Export metrics to agent failed: IOError: . This won't affect Ray, but you can lose metrics from the cluster.
[2022-01-10 14:16:27,830 I 15295 15611] raylet_client.cc:336: Error reporting task backlog information: IOError: 
[2022-01-10 14:16:28,830 I 15295 15611] raylet_client.cc:336: Error reporting task backlog information: IOError: 
[2022-01-10 14:16:29,830 I 15295 15611] raylet_client.cc:336: Error reporting task backlog information: IOError: 
[2022-01-10 14:16:30,830 I 15295 15611] raylet_client.cc:336: Error reporting task backlog information: IOError: 
[2022-01-10 14:16:31,830 I 15295 15611] raylet_client.cc:336: Error reporting task backlog information: IOError: 
[2022-01-10 14:16:32,830 I 15295 15611] raylet_client.cc:336: Error reporting task backlog information: IOError: 
[2022-01-10 14:16:33,830 I 15295 15611] raylet_client.cc:336: Error reporting task backlog information: IOError: 
[2022-01-10 14:16:34,831 I 15295 15611] raylet_client.cc:336: Error reporting task backlog information: IOError: 
[2022-01-10 14:16:35,831 I 15295 15611] raylet_client.cc:336: Error reporting task backlog information: IOError: 
[2022-01-10 14:16:36,831 I 15295 15611] raylet_client.cc:336: Error reporting task backlog information: IOError: 
[2022-01-10 14:16:37,250 W 15295 15612] metric_exporter.cc:206: Export metrics to agent failed: IOError: . This won't affect Ray, but you can lose metrics from the cluster.
[2022-01-10 14:16:37,831 I 15295 15611] raylet_client.cc:336: Error reporting task backlog information: IOError: 
[2022-01-10 14:16:38,831 I 15295 15611] raylet_client.cc:336: Error reporting task backlog information: IOError: 
[2022-01-10 14:16:39,831 I 15295 15611] raylet_client.cc:336: Error reporting task backlog information: IOError: 
[2022-01-10 14:16:40,831 I 15295 15611] raylet_client.cc:336: Error reporting task backlog information: IOError: 
[2022-01-10 14:16:41,831 I 15295 15611] raylet_client.cc:336: Error reporting task backlog information: IOError: 
[2022-01-10 14:16:42,831 I 15295 15611] raylet_client.cc:336: Error reporting task backlog information: IOError: 
[2022-01-10 14:16:43,831 I 15295 15611] raylet_client.cc:336: Error reporting task backlog information: IOError: 
[2022-01-10 14:16:44,831 I 15295 15611] raylet_client.cc:336: Error reporting task backlog information: IOError: 
[2022-01-10 14:16:45,831 I 15295 15611] raylet_client.cc:336: Error reporting task backlog information: IOError: 
[2022-01-10 14:16:46,831 I 15295 15611] raylet_client.cc:336: Error reporting task backlog information: IOError: 
[2022-01-10 14:16:47,258 W 15295 15612] metric_exporter.cc:206: Export metrics to agent failed: IOError: . This won't affect Ray, but you can lose metrics from the cluster.
[2022-01-10 14:16:47,832 I 15295 15611] raylet_client.cc:336: Error reporting task backlog information: IOError: 
[2022-01-10 14:16:48,832 I 15295 15611] raylet_client.cc:336: Error reporting task backlog information: IOError: 
[2022-01-10 14:16:49,832 I 15295 15611] raylet_client.cc:336: Error reporting task backlog information: IOError: 
[2022-01-10 14:16:50,832 I 15295 15611] raylet_client.cc:336: Error reporting task backlog information: IOError: 
[2022-01-10 14:16:51,832 I 15295 15611] raylet_client.cc:336: Error reporting task backlog information: IOError: 
[2022-01-10 14:16:52,832 I 15295 15611] raylet_client.cc:336: Error reporting task backlog information: IOError: 
[2022-01-10 14:16:53,832 I 15295 15611] raylet_client.cc:336: Error reporting task backlog information: IOError: 
[2022-01-10 14:16:54,683 E 15295 15471] gcs_server_address_updater.cc:76: Failed to receive the GCS address for 600 times without success. The worker will exit ungracefully. It is because GCS has died. It could be because there was an issue that kills GCS, such as high memory usage triggering OOM killer to kill GCS. Cluster will be highly likely unavailable if you see this log. Please check the log from gcs_server.err.
