[2022-01-10 14:05:56,512 I 15290 15290] core_worker.cc:132: Constructing CoreWorkerProcess. pid: 15290
[2022-01-10 14:05:56,594 I 15290 15290] grpc_server.cc:112: worker server started, listening on port 33889.
[2022-01-10 14:05:56,598 I 15290 15290] core_worker.cc:479: Initializing worker at address: 131.215.21.210:33889, worker ID 72bf678023969b3e96565c761c121ab3a111a713b67202d0fa223605, raylet 6210dd047f0640786618e947310795c7fe69c0f0323ac10983d2dce2
[2022-01-10 14:05:56,707 I 15290 15290] io_service_pool.cc:35: IOServicePool is running with 1 io_service.
[2022-01-10 14:05:56,708 I 15290 15540] accessor.cc:560: Received notification for node id = 6210dd047f0640786618e947310795c7fe69c0f0323ac10983d2dce2, IsAlive = 1
[2022-01-10 14:06:55,605 W 15290 15423] gcs_server_address_updater.cc:61: [1] Failed to get the gcs server address from raylet 1 times in a row. If it keeps failing to obtain the address, the worker might crash. Connection status IOError: 
[2022-01-10 14:06:56,604 I 15290 15540] raylet_client.cc:336: Error reporting task backlog information: IOError: 
[2022-01-10 14:06:56,712 I 15290 15540] raylet_client.cc:336: Error reporting task backlog information: IOError: 
[2022-01-10 14:06:56,760 W 15290 15541] metric_exporter.cc:206: Export metrics to agent failed: IOError: . This won't affect Ray, but you can lose metrics from the cluster.
[2022-01-10 14:06:57,712 I 15290 15540] raylet_client.cc:336: Error reporting task backlog information: IOError: 
[2022-01-10 14:06:58,713 I 15290 15540] raylet_client.cc:336: Error reporting task backlog information: IOError: 
[2022-01-10 14:06:59,713 I 15290 15540] raylet_client.cc:336: Error reporting task backlog information: IOError: 
[2022-01-10 14:07:00,713 I 15290 15540] raylet_client.cc:336: Error reporting task backlog information: IOError: 
[2022-01-10 14:07:01,713 I 15290 15540] raylet_client.cc:336: Error reporting task backlog information: IOError: 
[2022-01-10 14:07:02,713 I 15290 15540] raylet_client.cc:336: Error reporting task backlog information: IOError: 
[2022-01-10 14:07:03,713 I 15290 15540] raylet_client.cc:336: Error reporting task backlog information: IOError: 
[2022-01-10 14:07:04,713 I 15290 15540] raylet_client.cc:336: Error reporting task backlog information: IOError: 
[2022-01-10 14:07:05,713 I 15290 15540] raylet_client.cc:336: Error reporting task backlog information: IOError: 
[2022-01-10 14:07:06,713 I 15290 15540] raylet_client.cc:336: Error reporting task backlog information: IOError: 
[2022-01-10 14:07:06,770 W 15290 15541] metric_exporter.cc:206: Export metrics to agent failed: IOError: . This won't affect Ray, but you can lose metrics from the cluster.
[2022-01-10 14:07:07,713 I 15290 15540] raylet_client.cc:336: Error reporting task backlog information: IOError: 
[2022-01-10 14:07:08,713 I 15290 15540] raylet_client.cc:336: Error reporting task backlog information: IOError: 
[2022-01-10 14:07:09,713 I 15290 15540] raylet_client.cc:336: Error reporting task backlog information: IOError: 
[2022-01-10 14:07:10,713 I 15290 15540] raylet_client.cc:336: Error reporting task backlog information: IOError: 
[2022-01-10 14:07:11,713 I 15290 15540] raylet_client.cc:336: Error reporting task backlog information: IOError: 
[2022-01-10 14:07:12,714 I 15290 15540] raylet_client.cc:336: Error reporting task backlog information: IOError: 
[2022-01-10 14:07:13,714 I 15290 15540] raylet_client.cc:336: Error reporting task backlog information: IOError: 
[2022-01-10 14:07:14,714 I 15290 15540] raylet_client.cc:336: Error reporting task backlog information: IOError: 
[2022-01-10 14:07:15,714 I 15290 15540] raylet_client.cc:336: Error reporting task backlog information: IOError: 
[2022-01-10 14:07:16,714 I 15290 15540] raylet_client.cc:336: Error reporting task backlog information: IOError: 
[2022-01-10 14:07:16,777 W 15290 15541] metric_exporter.cc:206: Export metrics to agent failed: IOError: . This won't affect Ray, but you can lose metrics from the cluster.
[2022-01-10 14:07:17,714 I 15290 15540] raylet_client.cc:336: Error reporting task backlog information: IOError: 
[2022-01-10 14:07:18,714 I 15290 15540] raylet_client.cc:336: Error reporting task backlog information: IOError: 
[2022-01-10 14:07:19,714 I 15290 15540] raylet_client.cc:336: Error reporting task backlog information: IOError: 
[2022-01-10 14:07:20,714 I 15290 15540] raylet_client.cc:336: Error reporting task backlog information: IOError: 
[2022-01-10 14:07:21,714 I 15290 15540] raylet_client.cc:336: Error reporting task backlog information: IOError: 
[2022-01-10 14:07:22,714 I 15290 15540] raylet_client.cc:336: Error reporting task backlog information: IOError: 
[2022-01-10 14:07:23,714 I 15290 15540] raylet_client.cc:336: Error reporting task backlog information: IOError: 
[2022-01-10 14:07:24,714 I 15290 15540] raylet_client.cc:336: Error reporting task backlog information: IOError: 
[2022-01-10 14:07:25,714 I 15290 15540] raylet_client.cc:336: Error reporting task backlog information: IOError: 
[2022-01-10 14:07:26,715 I 15290 15540] raylet_client.cc:336: Error reporting task backlog information: IOError: 
[2022-01-10 14:07:26,784 W 15290 15541] metric_exporter.cc:206: Export metrics to agent failed: IOError: . This won't affect Ray, but you can lose metrics from the cluster.
[2022-01-10 14:07:27,715 I 15290 15540] raylet_client.cc:336: Error reporting task backlog information: IOError: 
[2022-01-10 14:07:28,715 I 15290 15540] raylet_client.cc:336: Error reporting task backlog information: IOError: 
[2022-01-10 14:07:29,715 I 15290 15540] raylet_client.cc:336: Error reporting task backlog information: IOError: 
[2022-01-10 14:07:30,715 I 15290 15540] raylet_client.cc:336: Error reporting task backlog information: IOError: 
[2022-01-10 14:07:31,715 I 15290 15540] raylet_client.cc:336: Error reporting task backlog information: IOError: 
[2022-01-10 14:07:32,715 I 15290 15540] raylet_client.cc:336: Error reporting task backlog information: IOError: 
[2022-01-10 14:07:33,715 I 15290 15540] raylet_client.cc:336: Error reporting task backlog information: IOError: 
[2022-01-10 14:07:34,715 I 15290 15540] raylet_client.cc:336: Error reporting task backlog information: IOError: 
[2022-01-10 14:07:35,715 I 15290 15540] raylet_client.cc:336: Error reporting task backlog information: IOError: 
[2022-01-10 14:07:36,715 I 15290 15540] raylet_client.cc:336: Error reporting task backlog information: IOError: 
[2022-01-10 14:07:36,790 W 15290 15541] metric_exporter.cc:206: Export metrics to agent failed: IOError: . This won't affect Ray, but you can lose metrics from the cluster.
[2022-01-10 14:07:37,715 I 15290 15540] raylet_client.cc:336: Error reporting task backlog information: IOError: 
[2022-01-10 14:07:38,715 I 15290 15540] raylet_client.cc:336: Error reporting task backlog information: IOError: 
[2022-01-10 14:07:39,715 I 15290 15540] raylet_client.cc:336: Error reporting task backlog information: IOError: 
[2022-01-10 14:07:40,715 I 15290 15540] raylet_client.cc:336: Error reporting task backlog information: IOError: 
[2022-01-10 14:07:41,715 I 15290 15540] raylet_client.cc:336: Error reporting task backlog information: IOError: 
[2022-01-10 14:07:42,716 I 15290 15540] raylet_client.cc:336: Error reporting task backlog information: IOError: 
[2022-01-10 14:07:43,716 I 15290 15540] raylet_client.cc:336: Error reporting task backlog information: IOError: 
[2022-01-10 14:07:44,716 I 15290 15540] raylet_client.cc:336: Error reporting task backlog information: IOError: 
[2022-01-10 14:07:45,716 I 15290 15540] raylet_client.cc:336: Error reporting task backlog information: IOError: 
[2022-01-10 14:07:46,716 I 15290 15540] raylet_client.cc:336: Error reporting task backlog information: IOError: 
[2022-01-10 14:07:46,797 W 15290 15541] metric_exporter.cc:206: Export metrics to agent failed: IOError: . This won't affect Ray, but you can lose metrics from the cluster.
[2022-01-10 14:07:47,716 I 15290 15540] raylet_client.cc:336: Error reporting task backlog information: IOError: 
[2022-01-10 14:07:48,716 I 15290 15540] raylet_client.cc:336: Error reporting task backlog information: IOError: 
[2022-01-10 14:07:49,716 I 15290 15540] raylet_client.cc:336: Error reporting task backlog information: IOError: 
[2022-01-10 14:07:50,716 I 15290 15540] raylet_client.cc:336: Error reporting task backlog information: IOError: 
[2022-01-10 14:07:51,716 I 15290 15540] raylet_client.cc:336: Error reporting task backlog information: IOError: 
[2022-01-10 14:07:52,716 I 15290 15540] raylet_client.cc:336: Error reporting task backlog information: IOError: 
[2022-01-10 14:07:53,716 I 15290 15540] raylet_client.cc:336: Error reporting task backlog information: IOError: 
[2022-01-10 14:07:54,717 I 15290 15540] raylet_client.cc:336: Error reporting task backlog information: IOError: 
[2022-01-10 14:07:55,717 I 15290 15540] raylet_client.cc:336: Error reporting task backlog information: IOError: 
[2022-01-10 14:07:56,717 I 15290 15540] raylet_client.cc:336: Error reporting task backlog information: IOError: 
[2022-01-10 14:07:56,803 W 15290 15541] metric_exporter.cc:206: Export metrics to agent failed: IOError: . This won't affect Ray, but you can lose metrics from the cluster.
[2022-01-10 14:07:57,717 I 15290 15540] raylet_client.cc:336: Error reporting task backlog information: IOError: 
[2022-01-10 14:07:58,717 I 15290 15540] raylet_client.cc:336: Error reporting task backlog information: IOError: 
[2022-01-10 14:07:59,717 I 15290 15540] raylet_client.cc:336: Error reporting task backlog information: IOError: 
[2022-01-10 14:08:00,717 I 15290 15540] raylet_client.cc:336: Error reporting task backlog information: IOError: 
[2022-01-10 14:08:01,717 I 15290 15540] raylet_client.cc:336: Error reporting task backlog information: IOError: 
[2022-01-10 14:08:02,717 I 15290 15540] raylet_client.cc:336: Error reporting task backlog information: IOError: 
[2022-01-10 14:08:03,717 I 15290 15540] raylet_client.cc:336: Error reporting task backlog information: IOError: 
[2022-01-10 14:08:04,717 I 15290 15540] raylet_client.cc:336: Error reporting task backlog information: IOError: 
[2022-01-10 14:08:05,717 I 15290 15540] raylet_client.cc:336: Error reporting task backlog information: IOError: 
[2022-01-10 14:08:06,717 I 15290 15540] raylet_client.cc:336: Error reporting task backlog information: IOError: 
[2022-01-10 14:08:06,811 W 15290 15541] metric_exporter.cc:206: Export metrics to agent failed: IOError: . This won't affect Ray, but you can lose metrics from the cluster.
[2022-01-10 14:08:07,717 I 15290 15540] raylet_client.cc:336: Error reporting task backlog information: IOError: 
[2022-01-10 14:08:08,718 I 15290 15540] raylet_client.cc:336: Error reporting task backlog information: IOError: 
[2022-01-10 14:08:09,718 I 15290 15540] raylet_client.cc:336: Error reporting task backlog information: IOError: 
[2022-01-10 14:08:10,718 I 15290 15540] raylet_client.cc:336: Error reporting task backlog information: IOError: 
[2022-01-10 14:08:11,718 I 15290 15540] raylet_client.cc:336: Error reporting task backlog information: IOError: 
[2022-01-10 14:08:12,718 I 15290 15540] raylet_client.cc:336: Error reporting task backlog information: IOError: 
[2022-01-10 14:08:13,718 I 15290 15540] raylet_client.cc:336: Error reporting task backlog information: IOError: 
[2022-01-10 14:08:14,718 I 15290 15540] raylet_client.cc:336: Error reporting task backlog information: IOError: 
[2022-01-10 14:08:15,718 I 15290 15540] raylet_client.cc:336: Error reporting task backlog information: IOError: 
[2022-01-10 14:08:16,718 I 15290 15540] raylet_client.cc:336: Error reporting task backlog information: IOError: 
[2022-01-10 14:08:16,818 W 15290 15541] metric_exporter.cc:206: Export metrics to agent failed: IOError: . This won't affect Ray, but you can lose metrics from the cluster.
[2022-01-10 14:08:17,718 I 15290 15540] raylet_client.cc:336: Error reporting task backlog information: IOError: 
[2022-01-10 14:08:18,718 I 15290 15540] raylet_client.cc:336: Error reporting task backlog information: IOError: 
[2022-01-10 14:08:19,718 I 15290 15540] raylet_client.cc:336: Error reporting task backlog information: IOError: 
[2022-01-10 14:08:20,718 I 15290 15540] raylet_client.cc:336: Error reporting task backlog information: IOError: 
[2022-01-10 14:08:21,718 I 15290 15540] raylet_client.cc:336: Error reporting task backlog information: IOError: 
[2022-01-10 14:08:22,719 I 15290 15540] raylet_client.cc:336: Error reporting task backlog information: IOError: 
[2022-01-10 14:08:23,719 I 15290 15540] raylet_client.cc:336: Error reporting task backlog information: IOError: 
[2022-01-10 14:08:24,719 I 15290 15540] raylet_client.cc:336: Error reporting task backlog information: IOError: 
[2022-01-10 14:08:25,719 I 15290 15540] raylet_client.cc:336: Error reporting task backlog information: IOError: 
[2022-01-10 14:08:26,719 I 15290 15540] raylet_client.cc:336: Error reporting task backlog information: IOError: 
[2022-01-10 14:08:26,828 W 15290 15541] metric_exporter.cc:206: Export metrics to agent failed: IOError: . This won't affect Ray, but you can lose metrics from the cluster.
[2022-01-10 14:08:27,719 I 15290 15540] raylet_client.cc:336: Error reporting task backlog information: IOError: 
[2022-01-10 14:08:28,719 I 15290 15540] raylet_client.cc:336: Error reporting task backlog information: IOError: 
[2022-01-10 14:08:29,719 I 15290 15540] raylet_client.cc:336: Error reporting task backlog information: IOError: 
[2022-01-10 14:08:30,719 I 15290 15540] raylet_client.cc:336: Error reporting task backlog information: IOError: 
[2022-01-10 14:08:31,719 I 15290 15540] raylet_client.cc:336: Error reporting task backlog information: IOError: 
[2022-01-10 14:08:32,719 I 15290 15540] raylet_client.cc:336: Error reporting task backlog information: IOError: 
[2022-01-10 14:08:33,719 I 15290 15540] raylet_client.cc:336: Error reporting task backlog information: IOError: 
[2022-01-10 14:08:34,719 I 15290 15540] raylet_client.cc:336: Error reporting task backlog information: IOError: 
[2022-01-10 14:08:35,720 I 15290 15540] raylet_client.cc:336: Error reporting task backlog information: IOError: 
[2022-01-10 14:08:36,720 I 15290 15540] raylet_client.cc:336: Error reporting task backlog information: IOError: 
[2022-01-10 14:08:36,835 W 15290 15541] metric_exporter.cc:206: Export metrics to agent failed: IOError: . This won't affect Ray, but you can lose metrics from the cluster.
[2022-01-10 14:08:37,720 I 15290 15540] raylet_client.cc:336: Error reporting task backlog information: IOError: 
[2022-01-10 14:08:38,720 I 15290 15540] raylet_client.cc:336: Error reporting task backlog information: IOError: 
[2022-01-10 14:08:39,720 I 15290 15540] raylet_client.cc:336: Error reporting task backlog information: IOError: 
[2022-01-10 14:08:40,720 I 15290 15540] raylet_client.cc:336: Error reporting task backlog information: IOError: 
[2022-01-10 14:08:41,720 I 15290 15540] raylet_client.cc:336: Error reporting task backlog information: IOError: 
[2022-01-10 14:08:42,720 I 15290 15540] raylet_client.cc:336: Error reporting task backlog information: IOError: 
[2022-01-10 14:08:43,720 I 15290 15540] raylet_client.cc:336: Error reporting task backlog information: IOError: 
[2022-01-10 14:08:44,720 I 15290 15540] raylet_client.cc:336: Error reporting task backlog information: IOError: 
[2022-01-10 14:08:45,720 I 15290 15540] raylet_client.cc:336: Error reporting task backlog information: IOError: 
[2022-01-10 14:08:46,720 I 15290 15540] raylet_client.cc:336: Error reporting task backlog information: IOError: 
[2022-01-10 14:08:46,844 W 15290 15541] metric_exporter.cc:206: Export metrics to agent failed: IOError: . This won't affect Ray, but you can lose metrics from the cluster.
[2022-01-10 14:08:47,720 I 15290 15540] raylet_client.cc:336: Error reporting task backlog information: IOError: 
[2022-01-10 14:08:48,721 I 15290 15540] raylet_client.cc:336: Error reporting task backlog information: IOError: 
[2022-01-10 14:08:49,721 I 15290 15540] raylet_client.cc:336: Error reporting task backlog information: IOError: 
[2022-01-10 14:08:50,721 I 15290 15540] raylet_client.cc:336: Error reporting task backlog information: IOError: 
[2022-01-10 14:08:51,721 I 15290 15540] raylet_client.cc:336: Error reporting task backlog information: IOError: 
[2022-01-10 14:08:52,721 I 15290 15540] raylet_client.cc:336: Error reporting task backlog information: IOError: 
[2022-01-10 14:08:53,721 I 15290 15540] raylet_client.cc:336: Error reporting task backlog information: IOError: 
[2022-01-10 14:08:54,721 I 15290 15540] raylet_client.cc:336: Error reporting task backlog information: IOError: 
[2022-01-10 14:08:55,721 I 15290 15540] raylet_client.cc:336: Error reporting task backlog information: IOError: 
[2022-01-10 14:08:56,721 I 15290 15540] raylet_client.cc:336: Error reporting task backlog information: IOError: 
[2022-01-10 14:08:56,851 W 15290 15541] metric_exporter.cc:206: Export metrics to agent failed: IOError: . This won't affect Ray, but you can lose metrics from the cluster.
[2022-01-10 14:08:57,721 I 15290 15540] raylet_client.cc:336: Error reporting task backlog information: IOError: 
[2022-01-10 14:08:58,721 I 15290 15540] raylet_client.cc:336: Error reporting task backlog information: IOError: 
[2022-01-10 14:08:59,721 I 15290 15540] raylet_client.cc:336: Error reporting task backlog information: IOError: 
[2022-01-10 14:09:00,721 I 15290 15540] raylet_client.cc:336: Error reporting task backlog information: IOError: 
[2022-01-10 14:09:01,722 I 15290 15540] raylet_client.cc:336: Error reporting task backlog information: IOError: 
[2022-01-10 14:09:02,722 I 15290 15540] raylet_client.cc:336: Error reporting task backlog information: IOError: 
[2022-01-10 14:09:03,722 I 15290 15540] raylet_client.cc:336: Error reporting task backlog information: IOError: 
[2022-01-10 14:09:04,722 I 15290 15540] raylet_client.cc:336: Error reporting task backlog information: IOError: 
[2022-01-10 14:09:05,722 I 15290 15540] raylet_client.cc:336: Error reporting task backlog information: IOError: 
[2022-01-10 14:09:06,722 I 15290 15540] raylet_client.cc:336: Error reporting task backlog information: IOError: 
[2022-01-10 14:09:06,858 W 15290 15541] metric_exporter.cc:206: Export metrics to agent failed: IOError: . This won't affect Ray, but you can lose metrics from the cluster.
[2022-01-10 14:09:07,722 I 15290 15540] raylet_client.cc:336: Error reporting task backlog information: IOError: 
[2022-01-10 14:09:08,722 I 15290 15540] raylet_client.cc:336: Error reporting task backlog information: IOError: 
[2022-01-10 14:09:09,722 I 15290 15540] raylet_client.cc:336: Error reporting task backlog information: IOError: 
[2022-01-10 14:09:10,722 I 15290 15540] raylet_client.cc:336: Error reporting task backlog information: IOError: 
[2022-01-10 14:09:11,722 I 15290 15540] raylet_client.cc:336: Error reporting task backlog information: IOError: 
[2022-01-10 14:09:12,722 I 15290 15540] raylet_client.cc:336: Error reporting task backlog information: IOError: 
[2022-01-10 14:09:13,722 I 15290 15540] raylet_client.cc:336: Error reporting task backlog information: IOError: 
[2022-01-10 14:09:14,723 I 15290 15540] raylet_client.cc:336: Error reporting task backlog information: IOError: 
[2022-01-10 14:09:15,723 I 15290 15540] raylet_client.cc:336: Error reporting task backlog information: IOError: 
[2022-01-10 14:09:16,723 I 15290 15540] raylet_client.cc:336: Error reporting task backlog information: IOError: 
[2022-01-10 14:09:16,866 W 15290 15541] metric_exporter.cc:206: Export metrics to agent failed: IOError: . This won't affect Ray, but you can lose metrics from the cluster.
[2022-01-10 14:09:17,723 I 15290 15540] raylet_client.cc:336: Error reporting task backlog information: IOError: 
[2022-01-10 14:09:18,723 I 15290 15540] raylet_client.cc:336: Error reporting task backlog information: IOError: 
[2022-01-10 14:09:19,723 I 15290 15540] raylet_client.cc:336: Error reporting task backlog information: IOError: 
[2022-01-10 14:09:20,723 I 15290 15540] raylet_client.cc:336: Error reporting task backlog information: IOError: 
[2022-01-10 14:09:21,723 I 15290 15540] raylet_client.cc:336: Error reporting task backlog information: IOError: 
[2022-01-10 14:09:22,723 I 15290 15540] raylet_client.cc:336: Error reporting task backlog information: IOError: 
[2022-01-10 14:09:23,723 I 15290 15540] raylet_client.cc:336: Error reporting task backlog information: IOError: 
[2022-01-10 14:09:24,723 I 15290 15540] raylet_client.cc:336: Error reporting task backlog information: IOError: 
[2022-01-10 14:09:25,723 I 15290 15540] raylet_client.cc:336: Error reporting task backlog information: IOError: 
[2022-01-10 14:09:26,723 I 15290 15540] raylet_client.cc:336: Error reporting task backlog information: IOError: 
[2022-01-10 14:09:26,873 W 15290 15541] metric_exporter.cc:206: Export metrics to agent failed: IOError: . This won't affect Ray, but you can lose metrics from the cluster.
[2022-01-10 14:09:27,723 I 15290 15540] raylet_client.cc:336: Error reporting task backlog information: IOError: 
[2022-01-10 14:09:28,724 I 15290 15540] raylet_client.cc:336: Error reporting task backlog information: IOError: 
[2022-01-10 14:09:29,727 I 15290 15540] raylet_client.cc:336: Error reporting task backlog information: IOError: 
[2022-01-10 14:09:30,727 I 15290 15540] raylet_client.cc:336: Error reporting task backlog information: IOError: 
[2022-01-10 14:09:31,727 I 15290 15540] raylet_client.cc:336: Error reporting task backlog information: IOError: 
[2022-01-10 14:09:32,727 I 15290 15540] raylet_client.cc:336: Error reporting task backlog information: IOError: 
[2022-01-10 14:09:33,727 I 15290 15540] raylet_client.cc:336: Error reporting task backlog information: IOError: 
[2022-01-10 14:09:34,727 I 15290 15540] raylet_client.cc:336: Error reporting task backlog information: IOError: 
[2022-01-10 14:09:35,727 I 15290 15540] raylet_client.cc:336: Error reporting task backlog information: IOError: 
[2022-01-10 14:09:36,727 I 15290 15540] raylet_client.cc:336: Error reporting task backlog information: IOError: 
[2022-01-10 14:09:36,879 W 15290 15541] metric_exporter.cc:206: Export metrics to agent failed: IOError: . This won't affect Ray, but you can lose metrics from the cluster.
[2022-01-10 14:09:37,727 I 15290 15540] raylet_client.cc:336: Error reporting task backlog information: IOError: 
[2022-01-10 14:09:38,727 I 15290 15540] raylet_client.cc:336: Error reporting task backlog information: IOError: 
[2022-01-10 14:09:39,727 I 15290 15540] raylet_client.cc:336: Error reporting task backlog information: IOError: 
[2022-01-10 14:09:40,727 I 15290 15540] raylet_client.cc:336: Error reporting task backlog information: IOError: 
[2022-01-10 14:09:41,728 I 15290 15540] raylet_client.cc:336: Error reporting task backlog information: IOError: 
[2022-01-10 14:09:42,728 I 15290 15540] raylet_client.cc:336: Error reporting task backlog information: IOError: 
[2022-01-10 14:09:43,728 I 15290 15540] raylet_client.cc:336: Error reporting task backlog information: IOError: 
[2022-01-10 14:09:44,728 I 15290 15540] raylet_client.cc:336: Error reporting task backlog information: IOError: 
[2022-01-10 14:09:45,728 I 15290 15540] raylet_client.cc:336: Error reporting task backlog information: IOError: 
[2022-01-10 14:09:46,728 I 15290 15540] raylet_client.cc:336: Error reporting task backlog information: IOError: 
[2022-01-10 14:09:46,888 W 15290 15541] metric_exporter.cc:206: Export metrics to agent failed: IOError: . This won't affect Ray, but you can lose metrics from the cluster.
[2022-01-10 14:09:47,728 I 15290 15540] raylet_client.cc:336: Error reporting task backlog information: IOError: 
[2022-01-10 14:09:48,728 I 15290 15540] raylet_client.cc:336: Error reporting task backlog information: IOError: 
[2022-01-10 14:09:49,728 I 15290 15540] raylet_client.cc:336: Error reporting task backlog information: IOError: 
[2022-01-10 14:09:50,728 I 15290 15540] raylet_client.cc:336: Error reporting task backlog information: IOError: 
[2022-01-10 14:09:51,728 I 15290 15540] raylet_client.cc:336: Error reporting task backlog information: IOError: 
[2022-01-10 14:09:52,728 I 15290 15540] raylet_client.cc:336: Error reporting task backlog information: IOError: 
[2022-01-10 14:09:53,729 I 15290 15540] raylet_client.cc:336: Error reporting task backlog information: IOError: 
[2022-01-10 14:09:54,729 I 15290 15540] raylet_client.cc:336: Error reporting task backlog information: IOError: 
[2022-01-10 14:09:55,729 I 15290 15540] raylet_client.cc:336: Error reporting task backlog information: IOError: 
[2022-01-10 14:09:56,729 I 15290 15540] raylet_client.cc:336: Error reporting task backlog information: IOError: 
[2022-01-10 14:09:56,895 W 15290 15541] metric_exporter.cc:206: Export metrics to agent failed: IOError: . This won't affect Ray, but you can lose metrics from the cluster.
[2022-01-10 14:09:57,729 I 15290 15540] raylet_client.cc:336: Error reporting task backlog information: IOError: 
[2022-01-10 14:09:58,729 I 15290 15540] raylet_client.cc:336: Error reporting task backlog information: IOError: 
[2022-01-10 14:09:59,729 I 15290 15540] raylet_client.cc:336: Error reporting task backlog information: IOError: 
[2022-01-10 14:10:00,729 I 15290 15540] raylet_client.cc:336: Error reporting task backlog information: IOError: 
[2022-01-10 14:10:01,729 I 15290 15540] raylet_client.cc:336: Error reporting task backlog information: IOError: 
[2022-01-10 14:10:02,729 I 15290 15540] raylet_client.cc:336: Error reporting task backlog information: IOError: 
[2022-01-10 14:10:03,729 I 15290 15540] raylet_client.cc:336: Error reporting task backlog information: IOError: 
[2022-01-10 14:10:04,729 I 15290 15540] raylet_client.cc:336: Error reporting task backlog information: IOError: 
[2022-01-10 14:10:05,729 I 15290 15540] raylet_client.cc:336: Error reporting task backlog information: IOError: 
[2022-01-10 14:10:06,729 I 15290 15540] raylet_client.cc:336: Error reporting task backlog information: IOError: 
[2022-01-10 14:10:06,904 W 15290 15541] metric_exporter.cc:206: Export metrics to agent failed: IOError: . This won't affect Ray, but you can lose metrics from the cluster.
[2022-01-10 14:10:07,730 I 15290 15540] raylet_client.cc:336: Error reporting task backlog information: IOError: 
[2022-01-10 14:10:08,730 I 15290 15540] raylet_client.cc:336: Error reporting task backlog information: IOError: 
[2022-01-10 14:10:09,730 I 15290 15540] raylet_client.cc:336: Error reporting task backlog information: IOError: 
[2022-01-10 14:10:10,730 I 15290 15540] raylet_client.cc:336: Error reporting task backlog information: IOError: 
[2022-01-10 14:10:11,730 I 15290 15540] raylet_client.cc:336: Error reporting task backlog information: IOError: 
[2022-01-10 14:10:12,730 I 15290 15540] raylet_client.cc:336: Error reporting task backlog information: IOError: 
[2022-01-10 14:10:13,730 I 15290 15540] raylet_client.cc:336: Error reporting task backlog information: IOError: 
[2022-01-10 14:10:14,730 I 15290 15540] raylet_client.cc:336: Error reporting task backlog information: IOError: 
[2022-01-10 14:10:15,730 I 15290 15540] raylet_client.cc:336: Error reporting task backlog information: IOError: 
[2022-01-10 14:10:16,730 I 15290 15540] raylet_client.cc:336: Error reporting task backlog information: IOError: 
[2022-01-10 14:10:16,913 W 15290 15541] metric_exporter.cc:206: Export metrics to agent failed: IOError: . This won't affect Ray, but you can lose metrics from the cluster.
[2022-01-10 14:10:17,730 I 15290 15540] raylet_client.cc:336: Error reporting task backlog information: IOError: 
[2022-01-10 14:10:18,730 I 15290 15540] raylet_client.cc:336: Error reporting task backlog information: IOError: 
[2022-01-10 14:10:19,731 I 15290 15540] raylet_client.cc:336: Error reporting task backlog information: IOError: 
[2022-01-10 14:10:20,731 I 15290 15540] raylet_client.cc:336: Error reporting task backlog information: IOError: 
[2022-01-10 14:10:21,731 I 15290 15540] raylet_client.cc:336: Error reporting task backlog information: IOError: 
[2022-01-10 14:10:22,731 I 15290 15540] raylet_client.cc:336: Error reporting task backlog information: IOError: 
[2022-01-10 14:10:23,731 I 15290 15540] raylet_client.cc:336: Error reporting task backlog information: IOError: 
[2022-01-10 14:10:24,731 I 15290 15540] raylet_client.cc:336: Error reporting task backlog information: IOError: 
[2022-01-10 14:10:25,731 I 15290 15540] raylet_client.cc:336: Error reporting task backlog information: IOError: 
[2022-01-10 14:10:26,731 I 15290 15540] raylet_client.cc:336: Error reporting task backlog information: IOError: 
[2022-01-10 14:10:26,919 W 15290 15541] metric_exporter.cc:206: Export metrics to agent failed: IOError: . This won't affect Ray, but you can lose metrics from the cluster.
[2022-01-10 14:10:27,731 I 15290 15540] raylet_client.cc:336: Error reporting task backlog information: IOError: 
[2022-01-10 14:10:28,731 I 15290 15540] raylet_client.cc:336: Error reporting task backlog information: IOError: 
[2022-01-10 14:10:29,731 I 15290 15540] raylet_client.cc:336: Error reporting task backlog information: IOError: 
[2022-01-10 14:10:30,731 I 15290 15540] raylet_client.cc:336: Error reporting task backlog information: IOError: 
[2022-01-10 14:10:31,731 I 15290 15540] raylet_client.cc:336: Error reporting task backlog information: IOError: 
[2022-01-10 14:10:32,731 I 15290 15540] raylet_client.cc:336: Error reporting task backlog information: IOError: 
[2022-01-10 14:10:33,732 I 15290 15540] raylet_client.cc:336: Error reporting task backlog information: IOError: 
[2022-01-10 14:10:34,732 I 15290 15540] raylet_client.cc:336: Error reporting task backlog information: IOError: 
[2022-01-10 14:10:35,732 I 15290 15540] raylet_client.cc:336: Error reporting task backlog information: IOError: 
[2022-01-10 14:10:36,732 I 15290 15540] raylet_client.cc:336: Error reporting task backlog information: IOError: 
[2022-01-10 14:10:36,927 W 15290 15541] metric_exporter.cc:206: Export metrics to agent failed: IOError: . This won't affect Ray, but you can lose metrics from the cluster.
[2022-01-10 14:10:37,732 I 15290 15540] raylet_client.cc:336: Error reporting task backlog information: IOError: 
[2022-01-10 14:10:38,732 I 15290 15540] raylet_client.cc:336: Error reporting task backlog information: IOError: 
[2022-01-10 14:10:39,732 I 15290 15540] raylet_client.cc:336: Error reporting task backlog information: IOError: 
[2022-01-10 14:10:40,732 I 15290 15540] raylet_client.cc:336: Error reporting task backlog information: IOError: 
[2022-01-10 14:10:41,732 I 15290 15540] raylet_client.cc:336: Error reporting task backlog information: IOError: 
[2022-01-10 14:10:42,732 I 15290 15540] raylet_client.cc:336: Error reporting task backlog information: IOError: 
[2022-01-10 14:10:43,732 I 15290 15540] raylet_client.cc:336: Error reporting task backlog information: IOError: 
[2022-01-10 14:10:44,732 I 15290 15540] raylet_client.cc:336: Error reporting task backlog information: IOError: 
[2022-01-10 14:10:45,732 I 15290 15540] raylet_client.cc:336: Error reporting task backlog information: IOError: 
[2022-01-10 14:10:46,732 I 15290 15540] raylet_client.cc:336: Error reporting task backlog information: IOError: 
[2022-01-10 14:10:46,935 W 15290 15541] metric_exporter.cc:206: Export metrics to agent failed: IOError: . This won't affect Ray, but you can lose metrics from the cluster.
[2022-01-10 14:10:47,733 I 15290 15540] raylet_client.cc:336: Error reporting task backlog information: IOError: 
[2022-01-10 14:10:48,733 I 15290 15540] raylet_client.cc:336: Error reporting task backlog information: IOError: 
[2022-01-10 14:10:49,733 I 15290 15540] raylet_client.cc:336: Error reporting task backlog information: IOError: 
[2022-01-10 14:10:50,733 I 15290 15540] raylet_client.cc:336: Error reporting task backlog information: IOError: 
[2022-01-10 14:10:51,733 I 15290 15540] raylet_client.cc:336: Error reporting task backlog information: IOError: 
[2022-01-10 14:10:52,733 I 15290 15540] raylet_client.cc:336: Error reporting task backlog information: IOError: 
[2022-01-10 14:10:53,733 I 15290 15540] raylet_client.cc:336: Error reporting task backlog information: IOError: 
[2022-01-10 14:10:54,733 I 15290 15540] raylet_client.cc:336: Error reporting task backlog information: IOError: 
[2022-01-10 14:10:55,733 I 15290 15540] raylet_client.cc:336: Error reporting task backlog information: IOError: 
[2022-01-10 14:10:56,733 I 15290 15540] raylet_client.cc:336: Error reporting task backlog information: IOError: 
[2022-01-10 14:10:56,941 W 15290 15541] metric_exporter.cc:206: Export metrics to agent failed: IOError: . This won't affect Ray, but you can lose metrics from the cluster.
[2022-01-10 14:10:57,733 I 15290 15540] raylet_client.cc:336: Error reporting task backlog information: IOError: 
[2022-01-10 14:10:58,733 I 15290 15540] raylet_client.cc:336: Error reporting task backlog information: IOError: 
[2022-01-10 14:10:59,733 I 15290 15540] raylet_client.cc:336: Error reporting task backlog information: IOError: 
[2022-01-10 14:11:00,734 I 15290 15540] raylet_client.cc:336: Error reporting task backlog information: IOError: 
[2022-01-10 14:11:01,734 I 15290 15540] raylet_client.cc:336: Error reporting task backlog information: IOError: 
[2022-01-10 14:11:02,734 I 15290 15540] raylet_client.cc:336: Error reporting task backlog information: IOError: 
[2022-01-10 14:11:03,734 I 15290 15540] raylet_client.cc:336: Error reporting task backlog information: IOError: 
[2022-01-10 14:11:04,734 I 15290 15540] raylet_client.cc:336: Error reporting task backlog information: IOError: 
[2022-01-10 14:11:05,734 I 15290 15540] raylet_client.cc:336: Error reporting task backlog information: IOError: 
[2022-01-10 14:11:06,734 I 15290 15540] raylet_client.cc:336: Error reporting task backlog information: IOError: 
[2022-01-10 14:11:06,947 W 15290 15541] metric_exporter.cc:206: Export metrics to agent failed: IOError: . This won't affect Ray, but you can lose metrics from the cluster.
[2022-01-10 14:11:07,734 I 15290 15540] raylet_client.cc:336: Error reporting task backlog information: IOError: 
[2022-01-10 14:11:08,734 I 15290 15540] raylet_client.cc:336: Error reporting task backlog information: IOError: 
[2022-01-10 14:11:09,734 I 15290 15540] raylet_client.cc:336: Error reporting task backlog information: IOError: 
[2022-01-10 14:11:10,734 I 15290 15540] raylet_client.cc:336: Error reporting task backlog information: IOError: 
[2022-01-10 14:11:11,734 I 15290 15540] raylet_client.cc:336: Error reporting task backlog information: IOError: 
[2022-01-10 14:11:12,734 I 15290 15540] raylet_client.cc:336: Error reporting task backlog information: IOError: 
[2022-01-10 14:11:13,734 I 15290 15540] raylet_client.cc:336: Error reporting task backlog information: IOError: 
[2022-01-10 14:11:14,735 I 15290 15540] raylet_client.cc:336: Error reporting task backlog information: IOError: 
[2022-01-10 14:11:15,735 I 15290 15540] raylet_client.cc:336: Error reporting task backlog information: IOError: 
[2022-01-10 14:11:16,735 I 15290 15540] raylet_client.cc:336: Error reporting task backlog information: IOError: 
[2022-01-10 14:11:16,954 W 15290 15541] metric_exporter.cc:206: Export metrics to agent failed: IOError: . This won't affect Ray, but you can lose metrics from the cluster.
[2022-01-10 14:11:17,735 I 15290 15540] raylet_client.cc:336: Error reporting task backlog information: IOError: 
[2022-01-10 14:11:18,735 I 15290 15540] raylet_client.cc:336: Error reporting task backlog information: IOError: 
[2022-01-10 14:11:19,735 I 15290 15540] raylet_client.cc:336: Error reporting task backlog information: IOError: 
[2022-01-10 14:11:20,735 I 15290 15540] raylet_client.cc:336: Error reporting task backlog information: IOError: 
[2022-01-10 14:11:21,735 I 15290 15540] raylet_client.cc:336: Error reporting task backlog information: IOError: 
[2022-01-10 14:11:22,735 I 15290 15540] raylet_client.cc:336: Error reporting task backlog information: IOError: 
[2022-01-10 14:11:23,735 I 15290 15540] raylet_client.cc:336: Error reporting task backlog information: IOError: 
[2022-01-10 14:11:24,735 I 15290 15540] raylet_client.cc:336: Error reporting task backlog information: IOError: 
[2022-01-10 14:11:25,735 I 15290 15540] raylet_client.cc:336: Error reporting task backlog information: IOError: 
[2022-01-10 14:11:26,735 I 15290 15540] raylet_client.cc:336: Error reporting task backlog information: IOError: 
[2022-01-10 14:11:26,964 W 15290 15541] metric_exporter.cc:206: Export metrics to agent failed: IOError: . This won't affect Ray, but you can lose metrics from the cluster.
[2022-01-10 14:11:27,736 I 15290 15540] raylet_client.cc:336: Error reporting task backlog information: IOError: 
[2022-01-10 14:11:28,736 I 15290 15540] raylet_client.cc:336: Error reporting task backlog information: IOError: 
[2022-01-10 14:11:29,736 I 15290 15540] raylet_client.cc:336: Error reporting task backlog information: IOError: 
[2022-01-10 14:11:30,736 I 15290 15540] raylet_client.cc:336: Error reporting task backlog information: IOError: 
[2022-01-10 14:11:31,736 I 15290 15540] raylet_client.cc:336: Error reporting task backlog information: IOError: 
[2022-01-10 14:11:32,736 I 15290 15540] raylet_client.cc:336: Error reporting task backlog information: IOError: 
[2022-01-10 14:11:33,736 I 15290 15540] raylet_client.cc:336: Error reporting task backlog information: IOError: 
[2022-01-10 14:11:34,736 I 15290 15540] raylet_client.cc:336: Error reporting task backlog information: IOError: 
[2022-01-10 14:11:35,736 I 15290 15540] raylet_client.cc:336: Error reporting task backlog information: IOError: 
[2022-01-10 14:11:36,736 I 15290 15540] raylet_client.cc:336: Error reporting task backlog information: IOError: 
[2022-01-10 14:11:36,973 W 15290 15541] metric_exporter.cc:206: Export metrics to agent failed: IOError: . This won't affect Ray, but you can lose metrics from the cluster.
[2022-01-10 14:11:37,736 I 15290 15540] raylet_client.cc:336: Error reporting task backlog information: IOError: 
[2022-01-10 14:11:38,736 I 15290 15540] raylet_client.cc:336: Error reporting task backlog information: IOError: 
[2022-01-10 14:11:39,737 I 15290 15540] raylet_client.cc:336: Error reporting task backlog information: IOError: 
[2022-01-10 14:11:40,737 I 15290 15540] raylet_client.cc:336: Error reporting task backlog information: IOError: 
[2022-01-10 14:11:41,737 I 15290 15540] raylet_client.cc:336: Error reporting task backlog information: IOError: 
[2022-01-10 14:11:42,737 I 15290 15540] raylet_client.cc:336: Error reporting task backlog information: IOError: 
[2022-01-10 14:11:43,737 I 15290 15540] raylet_client.cc:336: Error reporting task backlog information: IOError: 
[2022-01-10 14:11:44,737 I 15290 15540] raylet_client.cc:336: Error reporting task backlog information: IOError: 
[2022-01-10 14:11:45,737 I 15290 15540] raylet_client.cc:336: Error reporting task backlog information: IOError: 
[2022-01-10 14:11:46,737 I 15290 15540] raylet_client.cc:336: Error reporting task backlog information: IOError: 
[2022-01-10 14:11:46,979 W 15290 15541] metric_exporter.cc:206: Export metrics to agent failed: IOError: . This won't affect Ray, but you can lose metrics from the cluster.
[2022-01-10 14:11:47,737 I 15290 15540] raylet_client.cc:336: Error reporting task backlog information: IOError: 
[2022-01-10 14:11:48,737 I 15290 15540] raylet_client.cc:336: Error reporting task backlog information: IOError: 
[2022-01-10 14:11:49,737 I 15290 15540] raylet_client.cc:336: Error reporting task backlog information: IOError: 
[2022-01-10 14:11:50,737 I 15290 15540] raylet_client.cc:336: Error reporting task backlog information: IOError: 
[2022-01-10 14:11:51,737 I 15290 15540] raylet_client.cc:336: Error reporting task backlog information: IOError: 
[2022-01-10 14:11:52,737 I 15290 15540] raylet_client.cc:336: Error reporting task backlog information: IOError: 
[2022-01-10 14:11:53,738 I 15290 15540] raylet_client.cc:336: Error reporting task backlog information: IOError: 
[2022-01-10 14:11:54,738 I 15290 15540] raylet_client.cc:336: Error reporting task backlog information: IOError: 
[2022-01-10 14:11:55,626 W 15290 15423] gcs_server_address_updater.cc:61: [301] Failed to get the gcs server address from raylet 301 times in a row. If it keeps failing to obtain the address, the worker might crash. Connection status IOError: 
[2022-01-10 14:11:55,738 I 15290 15540] raylet_client.cc:336: Error reporting task backlog information: IOError: 
[2022-01-10 14:11:56,738 I 15290 15540] raylet_client.cc:336: Error reporting task backlog information: IOError: 
[2022-01-10 14:11:56,986 W 15290 15541] metric_exporter.cc:206: Export metrics to agent failed: IOError: . This won't affect Ray, but you can lose metrics from the cluster.
[2022-01-10 14:11:57,738 I 15290 15540] raylet_client.cc:336: Error reporting task backlog information: IOError: 
[2022-01-10 14:11:58,738 I 15290 15540] raylet_client.cc:336: Error reporting task backlog information: IOError: 
[2022-01-10 14:11:59,738 I 15290 15540] raylet_client.cc:336: Error reporting task backlog information: IOError: 
[2022-01-10 14:12:00,738 I 15290 15540] raylet_client.cc:336: Error reporting task backlog information: IOError: 
[2022-01-10 14:12:01,738 I 15290 15540] raylet_client.cc:336: Error reporting task backlog information: IOError: 
[2022-01-10 14:12:02,738 I 15290 15540] raylet_client.cc:336: Error reporting task backlog information: IOError: 
[2022-01-10 14:12:03,738 I 15290 15540] raylet_client.cc:336: Error reporting task backlog information: IOError: 
[2022-01-10 14:12:04,738 I 15290 15540] raylet_client.cc:336: Error reporting task backlog information: IOError: 
[2022-01-10 14:12:05,738 I 15290 15540] raylet_client.cc:336: Error reporting task backlog information: IOError: 
[2022-01-10 14:12:06,738 I 15290 15540] raylet_client.cc:336: Error reporting task backlog information: IOError: 
[2022-01-10 14:12:06,993 W 15290 15541] metric_exporter.cc:206: Export metrics to agent failed: IOError: . This won't affect Ray, but you can lose metrics from the cluster.
[2022-01-10 14:12:07,739 I 15290 15540] raylet_client.cc:336: Error reporting task backlog information: IOError: 
[2022-01-10 14:12:08,739 I 15290 15540] raylet_client.cc:336: Error reporting task backlog information: IOError: 
[2022-01-10 14:12:09,739 I 15290 15540] raylet_client.cc:336: Error reporting task backlog information: IOError: 
[2022-01-10 14:12:10,739 I 15290 15540] raylet_client.cc:336: Error reporting task backlog information: IOError: 
[2022-01-10 14:12:11,740 I 15290 15540] raylet_client.cc:336: Error reporting task backlog information: IOError: 
[2022-01-10 14:12:12,740 I 15290 15540] raylet_client.cc:336: Error reporting task backlog information: IOError: 
[2022-01-10 14:12:13,740 I 15290 15540] raylet_client.cc:336: Error reporting task backlog information: IOError: 
[2022-01-10 14:12:14,740 I 15290 15540] raylet_client.cc:336: Error reporting task backlog information: IOError: 
[2022-01-10 14:12:15,740 I 15290 15540] raylet_client.cc:336: Error reporting task backlog information: IOError: 
[2022-01-10 14:12:16,740 I 15290 15540] raylet_client.cc:336: Error reporting task backlog information: IOError: 
[2022-01-10 14:12:17,000 W 15290 15541] metric_exporter.cc:206: Export metrics to agent failed: IOError: . This won't affect Ray, but you can lose metrics from the cluster.
[2022-01-10 14:12:17,740 I 15290 15540] raylet_client.cc:336: Error reporting task backlog information: IOError: 
[2022-01-10 14:12:18,740 I 15290 15540] raylet_client.cc:336: Error reporting task backlog information: IOError: 
[2022-01-10 14:12:19,740 I 15290 15540] raylet_client.cc:336: Error reporting task backlog information: IOError: 
[2022-01-10 14:12:20,740 I 15290 15540] raylet_client.cc:336: Error reporting task backlog information: IOError: 
[2022-01-10 14:12:21,740 I 15290 15540] raylet_client.cc:336: Error reporting task backlog information: IOError: 
[2022-01-10 14:12:22,740 I 15290 15540] raylet_client.cc:336: Error reporting task backlog information: IOError: 
[2022-01-10 14:12:23,741 I 15290 15540] raylet_client.cc:336: Error reporting task backlog information: IOError: 
[2022-01-10 14:12:24,741 I 15290 15540] raylet_client.cc:336: Error reporting task backlog information: IOError: 
[2022-01-10 14:12:25,741 I 15290 15540] raylet_client.cc:336: Error reporting task backlog information: IOError: 
[2022-01-10 14:12:26,741 I 15290 15540] raylet_client.cc:336: Error reporting task backlog information: IOError: 
[2022-01-10 14:12:27,007 W 15290 15541] metric_exporter.cc:206: Export metrics to agent failed: IOError: . This won't affect Ray, but you can lose metrics from the cluster.
[2022-01-10 14:12:27,743 I 15290 15540] raylet_client.cc:336: Error reporting task backlog information: IOError: 
[2022-01-10 14:12:28,743 I 15290 15540] raylet_client.cc:336: Error reporting task backlog information: IOError: 
[2022-01-10 14:12:29,743 I 15290 15540] raylet_client.cc:336: Error reporting task backlog information: IOError: 
[2022-01-10 14:12:30,744 I 15290 15540] raylet_client.cc:336: Error reporting task backlog information: IOError: 
[2022-01-10 14:12:31,744 I 15290 15540] raylet_client.cc:336: Error reporting task backlog information: IOError: 
[2022-01-10 14:12:32,744 I 15290 15540] raylet_client.cc:336: Error reporting task backlog information: IOError: 
[2022-01-10 14:12:33,744 I 15290 15540] raylet_client.cc:336: Error reporting task backlog information: IOError: 
[2022-01-10 14:12:34,744 I 15290 15540] raylet_client.cc:336: Error reporting task backlog information: IOError: 
[2022-01-10 14:12:35,744 I 15290 15540] raylet_client.cc:336: Error reporting task backlog information: IOError: 
[2022-01-10 14:12:36,744 I 15290 15540] raylet_client.cc:336: Error reporting task backlog information: IOError: 
[2022-01-10 14:12:37,014 W 15290 15541] metric_exporter.cc:206: Export metrics to agent failed: IOError: . This won't affect Ray, but you can lose metrics from the cluster.
[2022-01-10 14:12:37,744 I 15290 15540] raylet_client.cc:336: Error reporting task backlog information: IOError: 
[2022-01-10 14:12:38,744 I 15290 15540] raylet_client.cc:336: Error reporting task backlog information: IOError: 
[2022-01-10 14:12:39,744 I 15290 15540] raylet_client.cc:336: Error reporting task backlog information: IOError: 
[2022-01-10 14:12:40,744 I 15290 15540] raylet_client.cc:336: Error reporting task backlog information: IOError: 
[2022-01-10 14:12:41,744 I 15290 15540] raylet_client.cc:336: Error reporting task backlog information: IOError: 
[2022-01-10 14:12:42,745 I 15290 15540] raylet_client.cc:336: Error reporting task backlog information: IOError: 
[2022-01-10 14:12:43,745 I 15290 15540] raylet_client.cc:336: Error reporting task backlog information: IOError: 
[2022-01-10 14:12:44,745 I 15290 15540] raylet_client.cc:336: Error reporting task backlog information: IOError: 
[2022-01-10 14:12:45,745 I 15290 15540] raylet_client.cc:336: Error reporting task backlog information: IOError: 
[2022-01-10 14:12:46,745 I 15290 15540] raylet_client.cc:336: Error reporting task backlog information: IOError: 
[2022-01-10 14:12:47,020 W 15290 15541] metric_exporter.cc:206: Export metrics to agent failed: IOError: . This won't affect Ray, but you can lose metrics from the cluster.
[2022-01-10 14:12:47,745 I 15290 15540] raylet_client.cc:336: Error reporting task backlog information: IOError: 
[2022-01-10 14:12:48,745 I 15290 15540] raylet_client.cc:336: Error reporting task backlog information: IOError: 
[2022-01-10 14:12:49,745 I 15290 15540] raylet_client.cc:336: Error reporting task backlog information: IOError: 
[2022-01-10 14:12:50,745 I 15290 15540] raylet_client.cc:336: Error reporting task backlog information: IOError: 
[2022-01-10 14:12:51,745 I 15290 15540] raylet_client.cc:336: Error reporting task backlog information: IOError: 
[2022-01-10 14:12:52,745 I 15290 15540] raylet_client.cc:336: Error reporting task backlog information: IOError: 
[2022-01-10 14:12:53,745 I 15290 15540] raylet_client.cc:336: Error reporting task backlog information: IOError: 
[2022-01-10 14:12:54,746 I 15290 15540] raylet_client.cc:336: Error reporting task backlog information: IOError: 
[2022-01-10 14:12:55,746 I 15290 15540] raylet_client.cc:336: Error reporting task backlog information: IOError: 
[2022-01-10 14:12:56,746 I 15290 15540] raylet_client.cc:336: Error reporting task backlog information: IOError: 
[2022-01-10 14:12:57,026 W 15290 15541] metric_exporter.cc:206: Export metrics to agent failed: IOError: . This won't affect Ray, but you can lose metrics from the cluster.
[2022-01-10 14:12:57,746 I 15290 15540] raylet_client.cc:336: Error reporting task backlog information: IOError: 
[2022-01-10 14:12:58,746 I 15290 15540] raylet_client.cc:336: Error reporting task backlog information: IOError: 
[2022-01-10 14:12:59,746 I 15290 15540] raylet_client.cc:336: Error reporting task backlog information: IOError: 
[2022-01-10 14:13:00,746 I 15290 15540] raylet_client.cc:336: Error reporting task backlog information: IOError: 
[2022-01-10 14:13:01,746 I 15290 15540] raylet_client.cc:336: Error reporting task backlog information: IOError: 
[2022-01-10 14:13:02,746 I 15290 15540] raylet_client.cc:336: Error reporting task backlog information: IOError: 
[2022-01-10 14:13:03,746 I 15290 15540] raylet_client.cc:336: Error reporting task backlog information: IOError: 
[2022-01-10 14:13:04,746 I 15290 15540] raylet_client.cc:336: Error reporting task backlog information: IOError: 
[2022-01-10 14:13:05,746 I 15290 15540] raylet_client.cc:336: Error reporting task backlog information: IOError: 
[2022-01-10 14:13:06,747 I 15290 15540] raylet_client.cc:336: Error reporting task backlog information: IOError: 
[2022-01-10 14:13:07,033 W 15290 15541] metric_exporter.cc:206: Export metrics to agent failed: IOError: . This won't affect Ray, but you can lose metrics from the cluster.
[2022-01-10 14:13:07,747 I 15290 15540] raylet_client.cc:336: Error reporting task backlog information: IOError: 
[2022-01-10 14:13:08,747 I 15290 15540] raylet_client.cc:336: Error reporting task backlog information: IOError: 
[2022-01-10 14:13:09,747 I 15290 15540] raylet_client.cc:336: Error reporting task backlog information: IOError: 
[2022-01-10 14:13:10,747 I 15290 15540] raylet_client.cc:336: Error reporting task backlog information: IOError: 
[2022-01-10 14:13:11,747 I 15290 15540] raylet_client.cc:336: Error reporting task backlog information: IOError: 
[2022-01-10 14:13:12,747 I 15290 15540] raylet_client.cc:336: Error reporting task backlog information: IOError: 
[2022-01-10 14:13:13,747 I 15290 15540] raylet_client.cc:336: Error reporting task backlog information: IOError: 
[2022-01-10 14:13:14,747 I 15290 15540] raylet_client.cc:336: Error reporting task backlog information: IOError: 
[2022-01-10 14:13:15,747 I 15290 15540] raylet_client.cc:336: Error reporting task backlog information: IOError: 
[2022-01-10 14:13:16,747 I 15290 15540] raylet_client.cc:336: Error reporting task backlog information: IOError: 
[2022-01-10 14:13:17,039 W 15290 15541] metric_exporter.cc:206: Export metrics to agent failed: IOError: . This won't affect Ray, but you can lose metrics from the cluster.
[2022-01-10 14:13:17,747 I 15290 15540] raylet_client.cc:336: Error reporting task backlog information: IOError: 
[2022-01-10 14:13:18,747 I 15290 15540] raylet_client.cc:336: Error reporting task backlog information: IOError: 
[2022-01-10 14:13:19,748 I 15290 15540] raylet_client.cc:336: Error reporting task backlog information: IOError: 
[2022-01-10 14:13:20,748 I 15290 15540] raylet_client.cc:336: Error reporting task backlog information: IOError: 
[2022-01-10 14:13:21,748 I 15290 15540] raylet_client.cc:336: Error reporting task backlog information: IOError: 
[2022-01-10 14:13:22,748 I 15290 15540] raylet_client.cc:336: Error reporting task backlog information: IOError: 
[2022-01-10 14:13:23,748 I 15290 15540] raylet_client.cc:336: Error reporting task backlog information: IOError: 
[2022-01-10 14:13:24,748 I 15290 15540] raylet_client.cc:336: Error reporting task backlog information: IOError: 
[2022-01-10 14:13:25,748 I 15290 15540] raylet_client.cc:336: Error reporting task backlog information: IOError: 
[2022-01-10 14:13:26,748 I 15290 15540] raylet_client.cc:336: Error reporting task backlog information: IOError: 
[2022-01-10 14:13:27,046 W 15290 15541] metric_exporter.cc:206: Export metrics to agent failed: IOError: . This won't affect Ray, but you can lose metrics from the cluster.
[2022-01-10 14:13:27,748 I 15290 15540] raylet_client.cc:336: Error reporting task backlog information: IOError: 
[2022-01-10 14:13:28,748 I 15290 15540] raylet_client.cc:336: Error reporting task backlog information: IOError: 
[2022-01-10 14:13:29,748 I 15290 15540] raylet_client.cc:336: Error reporting task backlog information: IOError: 
[2022-01-10 14:13:30,748 I 15290 15540] raylet_client.cc:336: Error reporting task backlog information: IOError: 
[2022-01-10 14:13:31,749 I 15290 15540] raylet_client.cc:336: Error reporting task backlog information: IOError: 
[2022-01-10 14:13:32,749 I 15290 15540] raylet_client.cc:336: Error reporting task backlog information: IOError: 
[2022-01-10 14:13:33,749 I 15290 15540] raylet_client.cc:336: Error reporting task backlog information: IOError: 
[2022-01-10 14:13:34,749 I 15290 15540] raylet_client.cc:336: Error reporting task backlog information: IOError: 
[2022-01-10 14:13:35,749 I 15290 15540] raylet_client.cc:336: Error reporting task backlog information: IOError: 
[2022-01-10 14:13:36,749 I 15290 15540] raylet_client.cc:336: Error reporting task backlog information: IOError: 
[2022-01-10 14:13:37,053 W 15290 15541] metric_exporter.cc:206: Export metrics to agent failed: IOError: . This won't affect Ray, but you can lose metrics from the cluster.
[2022-01-10 14:13:37,749 I 15290 15540] raylet_client.cc:336: Error reporting task backlog information: IOError: 
[2022-01-10 14:13:38,749 I 15290 15540] raylet_client.cc:336: Error reporting task backlog information: IOError: 
[2022-01-10 14:13:39,749 I 15290 15540] raylet_client.cc:336: Error reporting task backlog information: IOError: 
[2022-01-10 14:13:40,749 I 15290 15540] raylet_client.cc:336: Error reporting task backlog information: IOError: 
[2022-01-10 14:13:41,749 I 15290 15540] raylet_client.cc:336: Error reporting task backlog information: IOError: 
[2022-01-10 14:13:42,749 I 15290 15540] raylet_client.cc:336: Error reporting task backlog information: IOError: 
[2022-01-10 14:13:43,750 I 15290 15540] raylet_client.cc:336: Error reporting task backlog information: IOError: 
[2022-01-10 14:13:44,750 I 15290 15540] raylet_client.cc:336: Error reporting task backlog information: IOError: 
[2022-01-10 14:13:45,750 I 15290 15540] raylet_client.cc:336: Error reporting task backlog information: IOError: 
[2022-01-10 14:13:46,750 I 15290 15540] raylet_client.cc:336: Error reporting task backlog information: IOError: 
[2022-01-10 14:13:47,064 W 15290 15541] metric_exporter.cc:206: Export metrics to agent failed: IOError: . This won't affect Ray, but you can lose metrics from the cluster.
[2022-01-10 14:13:47,750 I 15290 15540] raylet_client.cc:336: Error reporting task backlog information: IOError: 
[2022-01-10 14:13:48,750 I 15290 15540] raylet_client.cc:336: Error reporting task backlog information: IOError: 
[2022-01-10 14:13:49,750 I 15290 15540] raylet_client.cc:336: Error reporting task backlog information: IOError: 
[2022-01-10 14:13:50,750 I 15290 15540] raylet_client.cc:336: Error reporting task backlog information: IOError: 
[2022-01-10 14:13:51,750 I 15290 15540] raylet_client.cc:336: Error reporting task backlog information: IOError: 
[2022-01-10 14:13:52,750 I 15290 15540] raylet_client.cc:336: Error reporting task backlog information: IOError: 
[2022-01-10 14:13:53,750 I 15290 15540] raylet_client.cc:336: Error reporting task backlog information: IOError: 
[2022-01-10 14:13:54,750 I 15290 15540] raylet_client.cc:336: Error reporting task backlog information: IOError: 
[2022-01-10 14:13:55,750 I 15290 15540] raylet_client.cc:336: Error reporting task backlog information: IOError: 
[2022-01-10 14:13:56,751 I 15290 15540] raylet_client.cc:336: Error reporting task backlog information: IOError: 
[2022-01-10 14:13:57,071 W 15290 15541] metric_exporter.cc:206: Export metrics to agent failed: IOError: . This won't affect Ray, but you can lose metrics from the cluster.
[2022-01-10 14:13:57,751 I 15290 15540] raylet_client.cc:336: Error reporting task backlog information: IOError: 
[2022-01-10 14:13:58,751 I 15290 15540] raylet_client.cc:336: Error reporting task backlog information: IOError: 
[2022-01-10 14:13:59,751 I 15290 15540] raylet_client.cc:336: Error reporting task backlog information: IOError: 
[2022-01-10 14:14:00,751 I 15290 15540] raylet_client.cc:336: Error reporting task backlog information: IOError: 
[2022-01-10 14:14:01,751 I 15290 15540] raylet_client.cc:336: Error reporting task backlog information: IOError: 
[2022-01-10 14:14:02,751 I 15290 15540] raylet_client.cc:336: Error reporting task backlog information: IOError: 
[2022-01-10 14:14:03,751 I 15290 15540] raylet_client.cc:336: Error reporting task backlog information: IOError: 
[2022-01-10 14:14:04,751 I 15290 15540] raylet_client.cc:336: Error reporting task backlog information: IOError: 
[2022-01-10 14:14:05,751 I 15290 15540] raylet_client.cc:336: Error reporting task backlog information: IOError: 
[2022-01-10 14:14:06,751 I 15290 15540] raylet_client.cc:336: Error reporting task backlog information: IOError: 
[2022-01-10 14:14:07,082 W 15290 15541] metric_exporter.cc:206: Export metrics to agent failed: IOError: . This won't affect Ray, but you can lose metrics from the cluster.
[2022-01-10 14:14:07,752 I 15290 15540] raylet_client.cc:336: Error reporting task backlog information: IOError: 
[2022-01-10 14:14:08,752 I 15290 15540] raylet_client.cc:336: Error reporting task backlog information: IOError: 
[2022-01-10 14:14:09,752 I 15290 15540] raylet_client.cc:336: Error reporting task backlog information: IOError: 
[2022-01-10 14:14:10,752 I 15290 15540] raylet_client.cc:336: Error reporting task backlog information: IOError: 
[2022-01-10 14:14:11,752 I 15290 15540] raylet_client.cc:336: Error reporting task backlog information: IOError: 
[2022-01-10 14:14:12,752 I 15290 15540] raylet_client.cc:336: Error reporting task backlog information: IOError: 
[2022-01-10 14:14:13,752 I 15290 15540] raylet_client.cc:336: Error reporting task backlog information: IOError: 
[2022-01-10 14:14:14,752 I 15290 15540] raylet_client.cc:336: Error reporting task backlog information: IOError: 
[2022-01-10 14:14:15,752 I 15290 15540] raylet_client.cc:336: Error reporting task backlog information: IOError: 
[2022-01-10 14:14:16,752 I 15290 15540] raylet_client.cc:336: Error reporting task backlog information: IOError: 
[2022-01-10 14:14:17,088 W 15290 15541] metric_exporter.cc:206: Export metrics to agent failed: IOError: . This won't affect Ray, but you can lose metrics from the cluster.
[2022-01-10 14:14:17,752 I 15290 15540] raylet_client.cc:336: Error reporting task backlog information: IOError: 
[2022-01-10 14:14:18,753 I 15290 15540] raylet_client.cc:336: Error reporting task backlog information: IOError: 
[2022-01-10 14:14:19,753 I 15290 15540] raylet_client.cc:336: Error reporting task backlog information: IOError: 
[2022-01-10 14:14:20,753 I 15290 15540] raylet_client.cc:336: Error reporting task backlog information: IOError: 
[2022-01-10 14:14:21,753 I 15290 15540] raylet_client.cc:336: Error reporting task backlog information: IOError: 
[2022-01-10 14:14:22,753 I 15290 15540] raylet_client.cc:336: Error reporting task backlog information: IOError: 
[2022-01-10 14:14:23,753 I 15290 15540] raylet_client.cc:336: Error reporting task backlog information: IOError: 
[2022-01-10 14:14:24,753 I 15290 15540] raylet_client.cc:336: Error reporting task backlog information: IOError: 
[2022-01-10 14:14:25,753 I 15290 15540] raylet_client.cc:336: Error reporting task backlog information: IOError: 
[2022-01-10 14:14:26,753 I 15290 15540] raylet_client.cc:336: Error reporting task backlog information: IOError: 
[2022-01-10 14:14:27,095 W 15290 15541] metric_exporter.cc:206: Export metrics to agent failed: IOError: . This won't affect Ray, but you can lose metrics from the cluster.
[2022-01-10 14:14:27,753 I 15290 15540] raylet_client.cc:336: Error reporting task backlog information: IOError: 
[2022-01-10 14:14:28,753 I 15290 15540] raylet_client.cc:336: Error reporting task backlog information: IOError: 
[2022-01-10 14:14:29,753 I 15290 15540] raylet_client.cc:336: Error reporting task backlog information: IOError: 
[2022-01-10 14:14:30,753 I 15290 15540] raylet_client.cc:336: Error reporting task backlog information: IOError: 
[2022-01-10 14:14:31,754 I 15290 15540] raylet_client.cc:336: Error reporting task backlog information: IOError: 
[2022-01-10 14:14:32,754 I 15290 15540] raylet_client.cc:336: Error reporting task backlog information: IOError: 
[2022-01-10 14:14:33,754 I 15290 15540] raylet_client.cc:336: Error reporting task backlog information: IOError: 
[2022-01-10 14:14:34,754 I 15290 15540] raylet_client.cc:336: Error reporting task backlog information: IOError: 
[2022-01-10 14:14:35,754 I 15290 15540] raylet_client.cc:336: Error reporting task backlog information: IOError: 
[2022-01-10 14:14:36,754 I 15290 15540] raylet_client.cc:336: Error reporting task backlog information: IOError: 
[2022-01-10 14:14:37,104 W 15290 15541] metric_exporter.cc:206: Export metrics to agent failed: IOError: . This won't affect Ray, but you can lose metrics from the cluster.
[2022-01-10 14:14:37,754 I 15290 15540] raylet_client.cc:336: Error reporting task backlog information: IOError: 
[2022-01-10 14:14:38,754 I 15290 15540] raylet_client.cc:336: Error reporting task backlog information: IOError: 
[2022-01-10 14:14:39,754 I 15290 15540] raylet_client.cc:336: Error reporting task backlog information: IOError: 
[2022-01-10 14:14:40,754 I 15290 15540] raylet_client.cc:336: Error reporting task backlog information: IOError: 
[2022-01-10 14:14:41,754 I 15290 15540] raylet_client.cc:336: Error reporting task backlog information: IOError: 
[2022-01-10 14:14:42,754 I 15290 15540] raylet_client.cc:336: Error reporting task backlog information: IOError: 
[2022-01-10 14:14:43,754 I 15290 15540] raylet_client.cc:336: Error reporting task backlog information: IOError: 
[2022-01-10 14:14:44,755 I 15290 15540] raylet_client.cc:336: Error reporting task backlog information: IOError: 
[2022-01-10 14:14:45,755 I 15290 15540] raylet_client.cc:336: Error reporting task backlog information: IOError: 
[2022-01-10 14:14:46,755 I 15290 15540] raylet_client.cc:336: Error reporting task backlog information: IOError: 
[2022-01-10 14:14:47,114 W 15290 15541] metric_exporter.cc:206: Export metrics to agent failed: IOError: . This won't affect Ray, but you can lose metrics from the cluster.
[2022-01-10 14:14:47,755 I 15290 15540] raylet_client.cc:336: Error reporting task backlog information: IOError: 
[2022-01-10 14:14:48,755 I 15290 15540] raylet_client.cc:336: Error reporting task backlog information: IOError: 
[2022-01-10 14:14:49,755 I 15290 15540] raylet_client.cc:336: Error reporting task backlog information: IOError: 
[2022-01-10 14:14:50,755 I 15290 15540] raylet_client.cc:336: Error reporting task backlog information: IOError: 
[2022-01-10 14:14:51,755 I 15290 15540] raylet_client.cc:336: Error reporting task backlog information: IOError: 
[2022-01-10 14:14:52,755 I 15290 15540] raylet_client.cc:336: Error reporting task backlog information: IOError: 
[2022-01-10 14:14:53,755 I 15290 15540] raylet_client.cc:336: Error reporting task backlog information: IOError: 
[2022-01-10 14:14:54,755 I 15290 15540] raylet_client.cc:336: Error reporting task backlog information: IOError: 
[2022-01-10 14:14:55,755 I 15290 15540] raylet_client.cc:336: Error reporting task backlog information: IOError: 
[2022-01-10 14:14:56,755 I 15290 15540] raylet_client.cc:336: Error reporting task backlog information: IOError: 
[2022-01-10 14:14:57,120 W 15290 15541] metric_exporter.cc:206: Export metrics to agent failed: IOError: . This won't affect Ray, but you can lose metrics from the cluster.
[2022-01-10 14:14:57,756 I 15290 15540] raylet_client.cc:336: Error reporting task backlog information: IOError: 
[2022-01-10 14:14:58,756 I 15290 15540] raylet_client.cc:336: Error reporting task backlog information: IOError: 
[2022-01-10 14:14:59,756 I 15290 15540] raylet_client.cc:336: Error reporting task backlog information: IOError: 
[2022-01-10 14:15:00,756 I 15290 15540] raylet_client.cc:336: Error reporting task backlog information: IOError: 
[2022-01-10 14:15:01,756 I 15290 15540] raylet_client.cc:336: Error reporting task backlog information: IOError: 
[2022-01-10 14:15:02,756 I 15290 15540] raylet_client.cc:336: Error reporting task backlog information: IOError: 
[2022-01-10 14:15:03,756 I 15290 15540] raylet_client.cc:336: Error reporting task backlog information: IOError: 
[2022-01-10 14:15:04,756 I 15290 15540] raylet_client.cc:336: Error reporting task backlog information: IOError: 
[2022-01-10 14:15:05,756 I 15290 15540] raylet_client.cc:336: Error reporting task backlog information: IOError: 
[2022-01-10 14:15:06,756 I 15290 15540] raylet_client.cc:336: Error reporting task backlog information: IOError: 
[2022-01-10 14:15:07,127 W 15290 15541] metric_exporter.cc:206: Export metrics to agent failed: IOError: . This won't affect Ray, but you can lose metrics from the cluster.
[2022-01-10 14:15:07,756 I 15290 15540] raylet_client.cc:336: Error reporting task backlog information: IOError: 
[2022-01-10 14:15:08,756 I 15290 15540] raylet_client.cc:336: Error reporting task backlog information: IOError: 
[2022-01-10 14:15:09,757 I 15290 15540] raylet_client.cc:336: Error reporting task backlog information: IOError: 
[2022-01-10 14:15:10,757 I 15290 15540] raylet_client.cc:336: Error reporting task backlog information: IOError: 
[2022-01-10 14:15:11,757 I 15290 15540] raylet_client.cc:336: Error reporting task backlog information: IOError: 
[2022-01-10 14:15:12,757 I 15290 15540] raylet_client.cc:336: Error reporting task backlog information: IOError: 
[2022-01-10 14:15:13,757 I 15290 15540] raylet_client.cc:336: Error reporting task backlog information: IOError: 
[2022-01-10 14:15:14,757 I 15290 15540] raylet_client.cc:336: Error reporting task backlog information: IOError: 
[2022-01-10 14:15:15,757 I 15290 15540] raylet_client.cc:336: Error reporting task backlog information: IOError: 
[2022-01-10 14:15:16,757 I 15290 15540] raylet_client.cc:336: Error reporting task backlog information: IOError: 
[2022-01-10 14:15:17,136 W 15290 15541] metric_exporter.cc:206: Export metrics to agent failed: IOError: . This won't affect Ray, but you can lose metrics from the cluster.
[2022-01-10 14:15:17,757 I 15290 15540] raylet_client.cc:336: Error reporting task backlog information: IOError: 
[2022-01-10 14:15:18,757 I 15290 15540] raylet_client.cc:336: Error reporting task backlog information: IOError: 
[2022-01-10 14:15:19,757 I 15290 15540] raylet_client.cc:336: Error reporting task backlog information: IOError: 
[2022-01-10 14:15:20,757 I 15290 15540] raylet_client.cc:336: Error reporting task backlog information: IOError: 
[2022-01-10 14:15:21,758 I 15290 15540] raylet_client.cc:336: Error reporting task backlog information: IOError: 
[2022-01-10 14:15:22,758 I 15290 15540] raylet_client.cc:336: Error reporting task backlog information: IOError: 
[2022-01-10 14:15:23,758 I 15290 15540] raylet_client.cc:336: Error reporting task backlog information: IOError: 
[2022-01-10 14:15:24,758 I 15290 15540] raylet_client.cc:336: Error reporting task backlog information: IOError: 
[2022-01-10 14:15:25,758 I 15290 15540] raylet_client.cc:336: Error reporting task backlog information: IOError: 
[2022-01-10 14:15:26,758 I 15290 15540] raylet_client.cc:336: Error reporting task backlog information: IOError: 
[2022-01-10 14:15:27,146 W 15290 15541] metric_exporter.cc:206: Export metrics to agent failed: IOError: . This won't affect Ray, but you can lose metrics from the cluster.
[2022-01-10 14:15:27,758 I 15290 15540] raylet_client.cc:336: Error reporting task backlog information: IOError: 
[2022-01-10 14:15:28,758 I 15290 15540] raylet_client.cc:336: Error reporting task backlog information: IOError: 
[2022-01-10 14:15:29,758 I 15290 15540] raylet_client.cc:336: Error reporting task backlog information: IOError: 
[2022-01-10 14:15:30,758 I 15290 15540] raylet_client.cc:336: Error reporting task backlog information: IOError: 
[2022-01-10 14:15:31,758 I 15290 15540] raylet_client.cc:336: Error reporting task backlog information: IOError: 
[2022-01-10 14:15:32,758 I 15290 15540] raylet_client.cc:336: Error reporting task backlog information: IOError: 
[2022-01-10 14:15:33,759 I 15290 15540] raylet_client.cc:336: Error reporting task backlog information: IOError: 
[2022-01-10 14:15:34,759 I 15290 15540] raylet_client.cc:336: Error reporting task backlog information: IOError: 
[2022-01-10 14:15:35,759 I 15290 15540] raylet_client.cc:336: Error reporting task backlog information: IOError: 
[2022-01-10 14:15:36,759 I 15290 15540] raylet_client.cc:336: Error reporting task backlog information: IOError: 
[2022-01-10 14:15:37,152 W 15290 15541] metric_exporter.cc:206: Export metrics to agent failed: IOError: . This won't affect Ray, but you can lose metrics from the cluster.
[2022-01-10 14:15:37,759 I 15290 15540] raylet_client.cc:336: Error reporting task backlog information: IOError: 
[2022-01-10 14:15:38,761 I 15290 15540] raylet_client.cc:336: Error reporting task backlog information: IOError: 
[2022-01-10 14:15:39,761 I 15290 15540] raylet_client.cc:336: Error reporting task backlog information: IOError: 
[2022-01-10 14:15:40,761 I 15290 15540] raylet_client.cc:336: Error reporting task backlog information: IOError: 
[2022-01-10 14:15:41,761 I 15290 15540] raylet_client.cc:336: Error reporting task backlog information: IOError: 
[2022-01-10 14:15:42,761 I 15290 15540] raylet_client.cc:336: Error reporting task backlog information: IOError: 
[2022-01-10 14:15:43,761 I 15290 15540] raylet_client.cc:336: Error reporting task backlog information: IOError: 
[2022-01-10 14:15:44,761 I 15290 15540] raylet_client.cc:336: Error reporting task backlog information: IOError: 
[2022-01-10 14:15:45,761 I 15290 15540] raylet_client.cc:336: Error reporting task backlog information: IOError: 
[2022-01-10 14:15:46,761 I 15290 15540] raylet_client.cc:336: Error reporting task backlog information: IOError: 
[2022-01-10 14:15:47,158 W 15290 15541] metric_exporter.cc:206: Export metrics to agent failed: IOError: . This won't affect Ray, but you can lose metrics from the cluster.
[2022-01-10 14:15:47,761 I 15290 15540] raylet_client.cc:336: Error reporting task backlog information: IOError: 
[2022-01-10 14:15:48,761 I 15290 15540] raylet_client.cc:336: Error reporting task backlog information: IOError: 
[2022-01-10 14:15:49,761 I 15290 15540] raylet_client.cc:336: Error reporting task backlog information: IOError: 
[2022-01-10 14:15:50,761 I 15290 15540] raylet_client.cc:336: Error reporting task backlog information: IOError: 
[2022-01-10 14:15:51,762 I 15290 15540] raylet_client.cc:336: Error reporting task backlog information: IOError: 
[2022-01-10 14:15:52,762 I 15290 15540] raylet_client.cc:336: Error reporting task backlog information: IOError: 
[2022-01-10 14:15:53,762 I 15290 15540] raylet_client.cc:336: Error reporting task backlog information: IOError: 
[2022-01-10 14:15:54,762 I 15290 15540] raylet_client.cc:336: Error reporting task backlog information: IOError: 
[2022-01-10 14:15:55,762 I 15290 15540] raylet_client.cc:336: Error reporting task backlog information: IOError: 
[2022-01-10 14:15:56,762 I 15290 15540] raylet_client.cc:336: Error reporting task backlog information: IOError: 
[2022-01-10 14:15:57,165 W 15290 15541] metric_exporter.cc:206: Export metrics to agent failed: IOError: . This won't affect Ray, but you can lose metrics from the cluster.
[2022-01-10 14:15:57,762 I 15290 15540] raylet_client.cc:336: Error reporting task backlog information: IOError: 
[2022-01-10 14:15:58,762 I 15290 15540] raylet_client.cc:336: Error reporting task backlog information: IOError: 
[2022-01-10 14:15:59,762 I 15290 15540] raylet_client.cc:336: Error reporting task backlog information: IOError: 
[2022-01-10 14:16:00,762 I 15290 15540] raylet_client.cc:336: Error reporting task backlog information: IOError: 
[2022-01-10 14:16:01,762 I 15290 15540] raylet_client.cc:336: Error reporting task backlog information: IOError: 
[2022-01-10 14:16:02,763 I 15290 15540] raylet_client.cc:336: Error reporting task backlog information: IOError: 
[2022-01-10 14:16:03,763 I 15290 15540] raylet_client.cc:336: Error reporting task backlog information: IOError: 
[2022-01-10 14:16:04,763 I 15290 15540] raylet_client.cc:336: Error reporting task backlog information: IOError: 
[2022-01-10 14:16:05,763 I 15290 15540] raylet_client.cc:336: Error reporting task backlog information: IOError: 
[2022-01-10 14:16:06,763 I 15290 15540] raylet_client.cc:336: Error reporting task backlog information: IOError: 
[2022-01-10 14:16:07,174 W 15290 15541] metric_exporter.cc:206: Export metrics to agent failed: IOError: . This won't affect Ray, but you can lose metrics from the cluster.
[2022-01-10 14:16:07,763 I 15290 15540] raylet_client.cc:336: Error reporting task backlog information: IOError: 
[2022-01-10 14:16:08,763 I 15290 15540] raylet_client.cc:336: Error reporting task backlog information: IOError: 
[2022-01-10 14:16:09,763 I 15290 15540] raylet_client.cc:336: Error reporting task backlog information: IOError: 
[2022-01-10 14:16:10,763 I 15290 15540] raylet_client.cc:336: Error reporting task backlog information: IOError: 
[2022-01-10 14:16:11,763 I 15290 15540] raylet_client.cc:336: Error reporting task backlog information: IOError: 
[2022-01-10 14:16:12,763 I 15290 15540] raylet_client.cc:336: Error reporting task backlog information: IOError: 
[2022-01-10 14:16:13,764 I 15290 15540] raylet_client.cc:336: Error reporting task backlog information: IOError: 
[2022-01-10 14:16:14,764 I 15290 15540] raylet_client.cc:336: Error reporting task backlog information: IOError: 
[2022-01-10 14:16:15,764 I 15290 15540] raylet_client.cc:336: Error reporting task backlog information: IOError: 
[2022-01-10 14:16:16,764 I 15290 15540] raylet_client.cc:336: Error reporting task backlog information: IOError: 
[2022-01-10 14:16:17,181 W 15290 15541] metric_exporter.cc:206: Export metrics to agent failed: IOError: . This won't affect Ray, but you can lose metrics from the cluster.
[2022-01-10 14:16:17,764 I 15290 15540] raylet_client.cc:336: Error reporting task backlog information: IOError: 
[2022-01-10 14:16:18,764 I 15290 15540] raylet_client.cc:336: Error reporting task backlog information: IOError: 
[2022-01-10 14:16:19,764 I 15290 15540] raylet_client.cc:336: Error reporting task backlog information: IOError: 
[2022-01-10 14:16:20,764 I 15290 15540] raylet_client.cc:336: Error reporting task backlog information: IOError: 
[2022-01-10 14:16:21,764 I 15290 15540] raylet_client.cc:336: Error reporting task backlog information: IOError: 
[2022-01-10 14:16:22,764 I 15290 15540] raylet_client.cc:336: Error reporting task backlog information: IOError: 
[2022-01-10 14:16:23,764 I 15290 15540] raylet_client.cc:336: Error reporting task backlog information: IOError: 
[2022-01-10 14:16:24,764 I 15290 15540] raylet_client.cc:336: Error reporting task backlog information: IOError: 
[2022-01-10 14:16:25,764 I 15290 15540] raylet_client.cc:336: Error reporting task backlog information: IOError: 
[2022-01-10 14:16:26,765 I 15290 15540] raylet_client.cc:336: Error reporting task backlog information: IOError: 
[2022-01-10 14:16:27,189 W 15290 15541] metric_exporter.cc:206: Export metrics to agent failed: IOError: . This won't affect Ray, but you can lose metrics from the cluster.
[2022-01-10 14:16:27,765 I 15290 15540] raylet_client.cc:336: Error reporting task backlog information: IOError: 
[2022-01-10 14:16:28,765 I 15290 15540] raylet_client.cc:336: Error reporting task backlog information: IOError: 
[2022-01-10 14:16:29,765 I 15290 15540] raylet_client.cc:336: Error reporting task backlog information: IOError: 
[2022-01-10 14:16:30,765 I 15290 15540] raylet_client.cc:336: Error reporting task backlog information: IOError: 
[2022-01-10 14:16:31,765 I 15290 15540] raylet_client.cc:336: Error reporting task backlog information: IOError: 
[2022-01-10 14:16:32,765 I 15290 15540] raylet_client.cc:336: Error reporting task backlog information: IOError: 
[2022-01-10 14:16:33,765 I 15290 15540] raylet_client.cc:336: Error reporting task backlog information: IOError: 
[2022-01-10 14:16:34,765 I 15290 15540] raylet_client.cc:336: Error reporting task backlog information: IOError: 
[2022-01-10 14:16:35,765 I 15290 15540] raylet_client.cc:336: Error reporting task backlog information: IOError: 
[2022-01-10 14:16:36,766 I 15290 15540] raylet_client.cc:336: Error reporting task backlog information: IOError: 
[2022-01-10 14:16:37,196 W 15290 15541] metric_exporter.cc:206: Export metrics to agent failed: IOError: . This won't affect Ray, but you can lose metrics from the cluster.
[2022-01-10 14:16:37,766 I 15290 15540] raylet_client.cc:336: Error reporting task backlog information: IOError: 
[2022-01-10 14:16:38,766 I 15290 15540] raylet_client.cc:336: Error reporting task backlog information: IOError: 
[2022-01-10 14:16:39,766 I 15290 15540] raylet_client.cc:336: Error reporting task backlog information: IOError: 
[2022-01-10 14:16:40,766 I 15290 15540] raylet_client.cc:336: Error reporting task backlog information: IOError: 
[2022-01-10 14:16:41,766 I 15290 15540] raylet_client.cc:336: Error reporting task backlog information: IOError: 
[2022-01-10 14:16:42,766 I 15290 15540] raylet_client.cc:336: Error reporting task backlog information: IOError: 
[2022-01-10 14:16:43,766 I 15290 15540] raylet_client.cc:336: Error reporting task backlog information: IOError: 
[2022-01-10 14:16:44,766 I 15290 15540] raylet_client.cc:336: Error reporting task backlog information: IOError: 
[2022-01-10 14:16:45,766 I 15290 15540] raylet_client.cc:336: Error reporting task backlog information: IOError: 
[2022-01-10 14:16:46,767 I 15290 15540] raylet_client.cc:336: Error reporting task backlog information: IOError: 
[2022-01-10 14:16:47,202 W 15290 15541] metric_exporter.cc:206: Export metrics to agent failed: IOError: . This won't affect Ray, but you can lose metrics from the cluster.
[2022-01-10 14:16:47,767 I 15290 15540] raylet_client.cc:336: Error reporting task backlog information: IOError: 
[2022-01-10 14:16:48,767 I 15290 15540] raylet_client.cc:336: Error reporting task backlog information: IOError: 
[2022-01-10 14:16:49,767 I 15290 15540] raylet_client.cc:336: Error reporting task backlog information: IOError: 
[2022-01-10 14:16:50,767 I 15290 15540] raylet_client.cc:336: Error reporting task backlog information: IOError: 
[2022-01-10 14:16:51,767 I 15290 15540] raylet_client.cc:336: Error reporting task backlog information: IOError: 
[2022-01-10 14:16:52,767 I 15290 15540] raylet_client.cc:336: Error reporting task backlog information: IOError: 
[2022-01-10 14:16:53,767 I 15290 15540] raylet_client.cc:336: Error reporting task backlog information: IOError: 
[2022-01-10 14:16:54,646 E 15290 15423] gcs_server_address_updater.cc:76: Failed to receive the GCS address for 600 times without success. The worker will exit ungracefully. It is because GCS has died. It could be because there was an issue that kills GCS, such as high memory usage triggering OOM killer to kill GCS. Cluster will be highly likely unavailable if you see this log. Please check the log from gcs_server.err.
