2022-01-12 10:08:51,698	INFO log_monitor.py:190 -- Beginning to track file raylet.err
2022-01-12 10:08:51,698	INFO log_monitor.py:190 -- Beginning to track file gcs_server.err
2022-01-12 10:08:51,698	INFO log_monitor.py:190 -- Beginning to track file monitor.log
2022-01-12 10:08:52,113	INFO log_monitor.py:190 -- Beginning to track file worker-359422edd9aab06fcfc10cd6b94a3c35d4b41053812c1c1558cf831a-01000000-144312.err
2022-01-12 10:08:52,113	INFO log_monitor.py:190 -- Beginning to track file worker-359422edd9aab06fcfc10cd6b94a3c35d4b41053812c1c1558cf831a-01000000-144312.out
2022-01-12 10:08:52,214	INFO log_monitor.py:190 -- Beginning to track file worker-b341fb437b26e1c728792843787d64afbc6f47f60cfddc60232db623-01000000-144316.err
2022-01-12 10:08:52,214	INFO log_monitor.py:190 -- Beginning to track file worker-e2a1c77a13e5bd546c6848703d9cb293fdfe06fabfe5da502d32e10d-01000000-144313.out
2022-01-12 10:08:52,214	INFO log_monitor.py:190 -- Beginning to track file worker-64323276da39886e69999dbe5a8bb9815af6565c67e924a8ac3415fa-01000000-144314.err
2022-01-12 10:08:52,214	INFO log_monitor.py:190 -- Beginning to track file worker-2622f1c5802e9fc68b20ca8f704e7a501b55651d33e5e059ddd87862-01000000-144321.err
2022-01-12 10:08:52,214	INFO log_monitor.py:190 -- Beginning to track file worker-b341fb437b26e1c728792843787d64afbc6f47f60cfddc60232db623-01000000-144316.out
2022-01-12 10:08:52,214	INFO log_monitor.py:190 -- Beginning to track file worker-e2a1c77a13e5bd546c6848703d9cb293fdfe06fabfe5da502d32e10d-01000000-144313.err
2022-01-12 10:08:52,214	INFO log_monitor.py:190 -- Beginning to track file worker-a3e942685ec2d25f8233425bf631ced37443cc839b1b5e8feac28251-01000000-144315.err
2022-01-12 10:08:52,214	INFO log_monitor.py:190 -- Beginning to track file worker-64323276da39886e69999dbe5a8bb9815af6565c67e924a8ac3415fa-01000000-144314.out
2022-01-12 10:08:52,214	INFO log_monitor.py:190 -- Beginning to track file worker-a3e942685ec2d25f8233425bf631ced37443cc839b1b5e8feac28251-01000000-144315.out
2022-01-12 10:08:52,214	INFO log_monitor.py:190 -- Beginning to track file worker-4db911019f0e647feafb9fd20f30180c17d6e7598f331ff8eba9f88b-01000000-144322.err
2022-01-12 10:08:52,214	INFO log_monitor.py:190 -- Beginning to track file worker-d667aa55aa205c17dce3e4d38471fb26348fc4b261a2886d93a2d57f-01000000-144323.out
2022-01-12 10:08:52,214	INFO log_monitor.py:190 -- Beginning to track file worker-727677b11e4869b6f3d692168d981b93366c3139759142523ca7b04b-01000000-144320.out
2022-01-12 10:08:52,214	INFO log_monitor.py:190 -- Beginning to track file worker-727677b11e4869b6f3d692168d981b93366c3139759142523ca7b04b-01000000-144320.err
2022-01-12 10:08:52,214	INFO log_monitor.py:190 -- Beginning to track file worker-d667aa55aa205c17dce3e4d38471fb26348fc4b261a2886d93a2d57f-01000000-144323.err
2022-01-12 10:08:52,214	INFO log_monitor.py:190 -- Beginning to track file worker-68a18e072c011f36edc09d6e6c943b67cd66bce54e78be781b448914-01000000-144318.out
2022-01-12 10:08:52,214	INFO log_monitor.py:190 -- Beginning to track file worker-68a18e072c011f36edc09d6e6c943b67cd66bce54e78be781b448914-01000000-144318.err
2022-01-12 10:08:52,214	INFO log_monitor.py:190 -- Beginning to track file worker-d1daa7a9355037d8a31ce934f68cce761f5ddf46aeeb96984ec3d2ab-01000000-144319.out
2022-01-12 10:08:52,214	INFO log_monitor.py:190 -- Beginning to track file worker-2622f1c5802e9fc68b20ca8f704e7a501b55651d33e5e059ddd87862-01000000-144321.out
2022-01-12 10:08:52,214	INFO log_monitor.py:190 -- Beginning to track file worker-7c29c5587694756d51228a063c7c189a909334123531fa3d93784261-01000000-144317.err
2022-01-12 10:08:52,215	INFO log_monitor.py:190 -- Beginning to track file worker-d1daa7a9355037d8a31ce934f68cce761f5ddf46aeeb96984ec3d2ab-01000000-144319.err
2022-01-12 10:08:52,215	INFO log_monitor.py:190 -- Beginning to track file worker-4db911019f0e647feafb9fd20f30180c17d6e7598f331ff8eba9f88b-01000000-144322.out
2022-01-12 10:08:52,215	INFO log_monitor.py:190 -- Beginning to track file worker-7c29c5587694756d51228a063c7c189a909334123531fa3d93784261-01000000-144317.out
