[2022-01-12 10:08:52,026 I 144317 144317] core_worker.cc:132: Constructing CoreWorkerProcess. pid: 144317
[2022-01-12 10:08:52,028 I 144317 144317] grpc_server.cc:112: worker server started, listening on port 39691.
[2022-01-12 10:08:52,031 I 144317 144317] core_worker.cc:479: Initializing worker at address: 131.215.21.210:39691, worker ID 7c29c5587694756d51228a063c7c189a909334123531fa3d93784261, raylet 658a2a4f6baf8a900213f534554bca958425823100418d797bb63eee
[2022-01-12 10:08:52,141 I 144317 144317] io_service_pool.cc:35: IOServicePool is running with 1 io_service.
[2022-01-12 10:08:52,196 I 144317 144619] accessor.cc:560: Received notification for node id = 658a2a4f6baf8a900213f534554bca958425823100418d797bb63eee, IsAlive = 1
[2022-01-12 10:08:58,032 W 144317 144523] gcs_server_address_updater.cc:61: [1] Failed to get the gcs server address from raylet 1 times in a row. If it keeps failing to obtain the address, the worker might crash. Connection status IOError: 
[2022-01-12 10:08:59,032 I 144317 144619] raylet_client.cc:336: Error reporting task backlog information: IOError: 
[2022-01-12 10:08:59,142 I 144317 144619] raylet_client.cc:336: Error reporting task backlog information: IOError: 
[2022-01-12 10:09:00,142 I 144317 144619] raylet_client.cc:336: Error reporting task backlog information: IOError: 
[2022-01-12 10:09:01,142 I 144317 144619] raylet_client.cc:336: Error reporting task backlog information: IOError: 
[2022-01-12 10:09:02,142 I 144317 144619] raylet_client.cc:336: Error reporting task backlog information: IOError: 
[2022-01-12 10:09:02,152 W 144317 144620] metric_exporter.cc:206: Export metrics to agent failed: IOError: . This won't affect Ray, but you can lose metrics from the cluster.
[2022-01-12 10:09:03,142 I 144317 144619] raylet_client.cc:336: Error reporting task backlog information: IOError: 
[2022-01-12 10:09:04,142 I 144317 144619] raylet_client.cc:336: Error reporting task backlog information: IOError: 
[2022-01-12 10:09:05,142 I 144317 144619] raylet_client.cc:336: Error reporting task backlog information: IOError: 
[2022-01-12 10:09:06,143 I 144317 144619] raylet_client.cc:336: Error reporting task backlog information: IOError: 
[2022-01-12 10:09:07,143 I 144317 144619] raylet_client.cc:336: Error reporting task backlog information: IOError: 
[2022-01-12 10:09:08,143 I 144317 144619] raylet_client.cc:336: Error reporting task backlog information: IOError: 
[2022-01-12 10:09:09,143 I 144317 144619] raylet_client.cc:336: Error reporting task backlog information: IOError: 
[2022-01-12 10:09:10,143 I 144317 144619] raylet_client.cc:336: Error reporting task backlog information: IOError: 
[2022-01-12 10:09:11,143 I 144317 144619] raylet_client.cc:336: Error reporting task backlog information: IOError: 
[2022-01-12 10:09:12,144 I 144317 144619] raylet_client.cc:336: Error reporting task backlog information: IOError: 
[2022-01-12 10:09:12,163 W 144317 144620] metric_exporter.cc:206: Export metrics to agent failed: IOError: . This won't affect Ray, but you can lose metrics from the cluster.
[2022-01-12 10:09:13,144 I 144317 144619] raylet_client.cc:336: Error reporting task backlog information: IOError: 
[2022-01-12 10:09:14,144 I 144317 144619] raylet_client.cc:336: Error reporting task backlog information: IOError: 
[2022-01-12 10:09:15,144 I 144317 144619] raylet_client.cc:336: Error reporting task backlog information: IOError: 
[2022-01-12 10:09:16,144 I 144317 144619] raylet_client.cc:336: Error reporting task backlog information: IOError: 
[2022-01-12 10:09:17,144 I 144317 144619] raylet_client.cc:336: Error reporting task backlog information: IOError: 
[2022-01-12 10:09:18,145 I 144317 144619] raylet_client.cc:336: Error reporting task backlog information: IOError: 
[2022-01-12 10:09:19,145 I 144317 144619] raylet_client.cc:336: Error reporting task backlog information: IOError: 
[2022-01-12 10:09:20,145 I 144317 144619] raylet_client.cc:336: Error reporting task backlog information: IOError: 
[2022-01-12 10:09:21,145 I 144317 144619] raylet_client.cc:336: Error reporting task backlog information: IOError: 
[2022-01-12 10:09:22,145 I 144317 144619] raylet_client.cc:336: Error reporting task backlog information: IOError: 
[2022-01-12 10:09:22,174 W 144317 144620] metric_exporter.cc:206: Export metrics to agent failed: IOError: . This won't affect Ray, but you can lose metrics from the cluster.
[2022-01-12 10:09:23,145 I 144317 144619] raylet_client.cc:336: Error reporting task backlog information: IOError: 
[2022-01-12 10:09:24,145 I 144317 144619] raylet_client.cc:336: Error reporting task backlog information: IOError: 
[2022-01-12 10:09:25,145 I 144317 144619] raylet_client.cc:336: Error reporting task backlog information: IOError: 
[2022-01-12 10:09:26,146 I 144317 144619] raylet_client.cc:336: Error reporting task backlog information: IOError: 
[2022-01-12 10:09:27,146 I 144317 144619] raylet_client.cc:336: Error reporting task backlog information: IOError: 
[2022-01-12 10:09:28,146 I 144317 144619] raylet_client.cc:336: Error reporting task backlog information: IOError: 
[2022-01-12 10:09:29,146 I 144317 144619] raylet_client.cc:336: Error reporting task backlog information: IOError: 
[2022-01-12 10:09:30,146 I 144317 144619] raylet_client.cc:336: Error reporting task backlog information: IOError: 
[2022-01-12 10:09:31,146 I 144317 144619] raylet_client.cc:336: Error reporting task backlog information: IOError: 
[2022-01-12 10:09:32,146 I 144317 144619] raylet_client.cc:336: Error reporting task backlog information: IOError: 
[2022-01-12 10:09:32,185 W 144317 144620] metric_exporter.cc:206: Export metrics to agent failed: IOError: . This won't affect Ray, but you can lose metrics from the cluster.
[2022-01-12 10:09:33,147 I 144317 144619] raylet_client.cc:336: Error reporting task backlog information: IOError: 
[2022-01-12 10:09:34,147 I 144317 144619] raylet_client.cc:336: Error reporting task backlog information: IOError: 
[2022-01-12 10:09:35,147 I 144317 144619] raylet_client.cc:336: Error reporting task backlog information: IOError: 
[2022-01-12 10:09:36,147 I 144317 144619] raylet_client.cc:336: Error reporting task backlog information: IOError: 
[2022-01-12 10:09:37,147 I 144317 144619] raylet_client.cc:336: Error reporting task backlog information: IOError: 
[2022-01-12 10:09:38,147 I 144317 144619] raylet_client.cc:336: Error reporting task backlog information: IOError: 
[2022-01-12 10:09:39,147 I 144317 144619] raylet_client.cc:336: Error reporting task backlog information: IOError: 
[2022-01-12 10:09:40,147 I 144317 144619] raylet_client.cc:336: Error reporting task backlog information: IOError: 
[2022-01-12 10:09:41,147 I 144317 144619] raylet_client.cc:336: Error reporting task backlog information: IOError: 
[2022-01-12 10:09:42,147 I 144317 144619] raylet_client.cc:336: Error reporting task backlog information: IOError: 
[2022-01-12 10:09:42,192 W 144317 144620] metric_exporter.cc:206: Export metrics to agent failed: IOError: . This won't affect Ray, but you can lose metrics from the cluster.
[2022-01-12 10:09:43,148 I 144317 144619] raylet_client.cc:336: Error reporting task backlog information: IOError: 
[2022-01-12 10:09:44,148 I 144317 144619] raylet_client.cc:336: Error reporting task backlog information: IOError: 
[2022-01-12 10:09:45,148 I 144317 144619] raylet_client.cc:336: Error reporting task backlog information: IOError: 
[2022-01-12 10:09:46,148 I 144317 144619] raylet_client.cc:336: Error reporting task backlog information: IOError: 
[2022-01-12 10:09:47,148 I 144317 144619] raylet_client.cc:336: Error reporting task backlog information: IOError: 
[2022-01-12 10:09:48,148 I 144317 144619] raylet_client.cc:336: Error reporting task backlog information: IOError: 
[2022-01-12 10:09:49,148 I 144317 144619] raylet_client.cc:336: Error reporting task backlog information: IOError: 
[2022-01-12 10:09:50,148 I 144317 144619] raylet_client.cc:336: Error reporting task backlog information: IOError: 
[2022-01-12 10:09:51,148 I 144317 144619] raylet_client.cc:336: Error reporting task backlog information: IOError: 
[2022-01-12 10:09:52,148 I 144317 144619] raylet_client.cc:336: Error reporting task backlog information: IOError: 
[2022-01-12 10:09:52,200 W 144317 144620] metric_exporter.cc:206: Export metrics to agent failed: IOError: . This won't affect Ray, but you can lose metrics from the cluster.
[2022-01-12 10:09:53,148 I 144317 144619] raylet_client.cc:336: Error reporting task backlog information: IOError: 
[2022-01-12 10:09:54,148 I 144317 144619] raylet_client.cc:336: Error reporting task backlog information: IOError: 
[2022-01-12 10:09:55,148 I 144317 144619] raylet_client.cc:336: Error reporting task backlog information: IOError: 
[2022-01-12 10:09:56,148 I 144317 144619] raylet_client.cc:336: Error reporting task backlog information: IOError: 
[2022-01-12 10:09:57,148 I 144317 144619] raylet_client.cc:336: Error reporting task backlog information: IOError: 
[2022-01-12 10:09:58,149 I 144317 144619] raylet_client.cc:336: Error reporting task backlog information: IOError: 
[2022-01-12 10:09:59,149 I 144317 144619] raylet_client.cc:336: Error reporting task backlog information: IOError: 
[2022-01-12 10:10:00,149 I 144317 144619] raylet_client.cc:336: Error reporting task backlog information: IOError: 
[2022-01-12 10:10:01,149 I 144317 144619] raylet_client.cc:336: Error reporting task backlog information: IOError: 
[2022-01-12 10:10:02,149 I 144317 144619] raylet_client.cc:336: Error reporting task backlog information: IOError: 
[2022-01-12 10:10:02,213 W 144317 144620] metric_exporter.cc:206: Export metrics to agent failed: IOError: . This won't affect Ray, but you can lose metrics from the cluster.
[2022-01-12 10:10:03,149 I 144317 144619] raylet_client.cc:336: Error reporting task backlog information: IOError: 
[2022-01-12 10:10:04,149 I 144317 144619] raylet_client.cc:336: Error reporting task backlog information: IOError: 
[2022-01-12 10:10:05,149 I 144317 144619] raylet_client.cc:336: Error reporting task backlog information: IOError: 
[2022-01-12 10:10:06,149 I 144317 144619] raylet_client.cc:336: Error reporting task backlog information: IOError: 
[2022-01-12 10:10:07,149 I 144317 144619] raylet_client.cc:336: Error reporting task backlog information: IOError: 
[2022-01-12 10:10:08,150 I 144317 144619] raylet_client.cc:336: Error reporting task backlog information: IOError: 
[2022-01-12 10:10:09,150 I 144317 144619] raylet_client.cc:336: Error reporting task backlog information: IOError: 
[2022-01-12 10:10:10,150 I 144317 144619] raylet_client.cc:336: Error reporting task backlog information: IOError: 
[2022-01-12 10:10:11,150 I 144317 144619] raylet_client.cc:336: Error reporting task backlog information: IOError: 
[2022-01-12 10:10:12,150 I 144317 144619] raylet_client.cc:336: Error reporting task backlog information: IOError: 
[2022-01-12 10:10:12,222 W 144317 144620] metric_exporter.cc:206: Export metrics to agent failed: IOError: . This won't affect Ray, but you can lose metrics from the cluster.
[2022-01-12 10:10:13,150 I 144317 144619] raylet_client.cc:336: Error reporting task backlog information: IOError: 
[2022-01-12 10:10:14,150 I 144317 144619] raylet_client.cc:336: Error reporting task backlog information: IOError: 
[2022-01-12 10:10:15,150 I 144317 144619] raylet_client.cc:336: Error reporting task backlog information: IOError: 
[2022-01-12 10:10:16,150 I 144317 144619] raylet_client.cc:336: Error reporting task backlog information: IOError: 
[2022-01-12 10:10:17,150 I 144317 144619] raylet_client.cc:336: Error reporting task backlog information: IOError: 
[2022-01-12 10:10:18,151 I 144317 144619] raylet_client.cc:336: Error reporting task backlog information: IOError: 
[2022-01-12 10:10:19,151 I 144317 144619] raylet_client.cc:336: Error reporting task backlog information: IOError: 
[2022-01-12 10:10:20,151 I 144317 144619] raylet_client.cc:336: Error reporting task backlog information: IOError: 
[2022-01-12 10:10:21,151 I 144317 144619] raylet_client.cc:336: Error reporting task backlog information: IOError: 
[2022-01-12 10:10:22,151 I 144317 144619] raylet_client.cc:336: Error reporting task backlog information: IOError: 
[2022-01-12 10:10:22,248 W 144317 144620] metric_exporter.cc:206: Export metrics to agent failed: IOError: . This won't affect Ray, but you can lose metrics from the cluster.
[2022-01-12 10:10:23,151 I 144317 144619] raylet_client.cc:336: Error reporting task backlog information: IOError: 
[2022-01-12 10:10:24,151 I 144317 144619] raylet_client.cc:336: Error reporting task backlog information: IOError: 
[2022-01-12 10:10:25,151 I 144317 144619] raylet_client.cc:336: Error reporting task backlog information: IOError: 
[2022-01-12 10:10:26,151 I 144317 144619] raylet_client.cc:336: Error reporting task backlog information: IOError: 
[2022-01-12 10:10:27,152 I 144317 144619] raylet_client.cc:336: Error reporting task backlog information: IOError: 
[2022-01-12 10:10:28,152 I 144317 144619] raylet_client.cc:336: Error reporting task backlog information: IOError: 
[2022-01-12 10:10:29,152 I 144317 144619] raylet_client.cc:336: Error reporting task backlog information: IOError: 
[2022-01-12 10:10:30,152 I 144317 144619] raylet_client.cc:336: Error reporting task backlog information: IOError: 
[2022-01-12 10:10:31,152 I 144317 144619] raylet_client.cc:336: Error reporting task backlog information: IOError: 
[2022-01-12 10:10:32,152 I 144317 144619] raylet_client.cc:336: Error reporting task backlog information: IOError: 
[2022-01-12 10:10:32,256 W 144317 144620] metric_exporter.cc:206: Export metrics to agent failed: IOError: . This won't affect Ray, but you can lose metrics from the cluster.
[2022-01-12 10:10:33,152 I 144317 144619] raylet_client.cc:336: Error reporting task backlog information: IOError: 
[2022-01-12 10:10:34,152 I 144317 144619] raylet_client.cc:336: Error reporting task backlog information: IOError: 
[2022-01-12 10:10:35,152 I 144317 144619] raylet_client.cc:336: Error reporting task backlog information: IOError: 
[2022-01-12 10:10:36,152 I 144317 144619] raylet_client.cc:336: Error reporting task backlog information: IOError: 
[2022-01-12 10:10:37,152 I 144317 144619] raylet_client.cc:336: Error reporting task backlog information: IOError: 
[2022-01-12 10:10:38,153 I 144317 144619] raylet_client.cc:336: Error reporting task backlog information: IOError: 
[2022-01-12 10:10:39,153 I 144317 144619] raylet_client.cc:336: Error reporting task backlog information: IOError: 
[2022-01-12 10:10:40,153 I 144317 144619] raylet_client.cc:336: Error reporting task backlog information: IOError: 
[2022-01-12 10:10:41,153 I 144317 144619] raylet_client.cc:336: Error reporting task backlog information: IOError: 
[2022-01-12 10:10:42,153 I 144317 144619] raylet_client.cc:336: Error reporting task backlog information: IOError: 
[2022-01-12 10:10:42,264 W 144317 144620] metric_exporter.cc:206: Export metrics to agent failed: IOError: . This won't affect Ray, but you can lose metrics from the cluster.
[2022-01-12 10:10:43,153 I 144317 144619] raylet_client.cc:336: Error reporting task backlog information: IOError: 
[2022-01-12 10:10:44,153 I 144317 144619] raylet_client.cc:336: Error reporting task backlog information: IOError: 
[2022-01-12 10:10:45,154 I 144317 144619] raylet_client.cc:336: Error reporting task backlog information: IOError: 
[2022-01-12 10:10:46,154 I 144317 144619] raylet_client.cc:336: Error reporting task backlog information: IOError: 
[2022-01-12 10:10:47,154 I 144317 144619] raylet_client.cc:336: Error reporting task backlog information: IOError: 
[2022-01-12 10:10:48,154 I 144317 144619] raylet_client.cc:336: Error reporting task backlog information: IOError: 
[2022-01-12 10:10:49,154 I 144317 144619] raylet_client.cc:336: Error reporting task backlog information: IOError: 
[2022-01-12 10:10:50,154 I 144317 144619] raylet_client.cc:336: Error reporting task backlog information: IOError: 
[2022-01-12 10:10:51,154 I 144317 144619] raylet_client.cc:336: Error reporting task backlog information: IOError: 
[2022-01-12 10:10:52,154 I 144317 144619] raylet_client.cc:336: Error reporting task backlog information: IOError: 
[2022-01-12 10:10:52,276 W 144317 144620] metric_exporter.cc:206: Export metrics to agent failed: IOError: . This won't affect Ray, but you can lose metrics from the cluster.
[2022-01-12 10:10:53,155 I 144317 144619] raylet_client.cc:336: Error reporting task backlog information: IOError: 
[2022-01-12 10:10:54,155 I 144317 144619] raylet_client.cc:336: Error reporting task backlog information: IOError: 
[2022-01-12 10:10:55,155 I 144317 144619] raylet_client.cc:336: Error reporting task backlog information: IOError: 
[2022-01-12 10:10:56,155 I 144317 144619] raylet_client.cc:336: Error reporting task backlog information: IOError: 
[2022-01-12 10:10:57,155 I 144317 144619] raylet_client.cc:336: Error reporting task backlog information: IOError: 
[2022-01-12 10:10:58,155 I 144317 144619] raylet_client.cc:336: Error reporting task backlog information: IOError: 
[2022-01-12 10:10:59,155 I 144317 144619] raylet_client.cc:336: Error reporting task backlog information: IOError: 
[2022-01-12 10:11:00,156 I 144317 144619] raylet_client.cc:336: Error reporting task backlog information: IOError: 
[2022-01-12 10:11:01,156 I 144317 144619] raylet_client.cc:336: Error reporting task backlog information: IOError: 
[2022-01-12 10:11:02,156 I 144317 144619] raylet_client.cc:336: Error reporting task backlog information: IOError: 
[2022-01-12 10:11:02,284 W 144317 144620] metric_exporter.cc:206: Export metrics to agent failed: IOError: . This won't affect Ray, but you can lose metrics from the cluster.
[2022-01-12 10:11:03,156 I 144317 144619] raylet_client.cc:336: Error reporting task backlog information: IOError: 
[2022-01-12 10:11:04,156 I 144317 144619] raylet_client.cc:336: Error reporting task backlog information: IOError: 
[2022-01-12 10:11:05,157 I 144317 144619] raylet_client.cc:336: Error reporting task backlog information: IOError: 
[2022-01-12 10:11:06,157 I 144317 144619] raylet_client.cc:336: Error reporting task backlog information: IOError: 
[2022-01-12 10:11:07,157 I 144317 144619] raylet_client.cc:336: Error reporting task backlog information: IOError: 
[2022-01-12 10:11:08,157 I 144317 144619] raylet_client.cc:336: Error reporting task backlog information: IOError: 
[2022-01-12 10:11:09,157 I 144317 144619] raylet_client.cc:336: Error reporting task backlog information: IOError: 
[2022-01-12 10:11:10,157 I 144317 144619] raylet_client.cc:336: Error reporting task backlog information: IOError: 
[2022-01-12 10:11:11,157 I 144317 144619] raylet_client.cc:336: Error reporting task backlog information: IOError: 
[2022-01-12 10:11:12,157 I 144317 144619] raylet_client.cc:336: Error reporting task backlog information: IOError: 
[2022-01-12 10:11:12,297 W 144317 144620] metric_exporter.cc:206: Export metrics to agent failed: IOError: . This won't affect Ray, but you can lose metrics from the cluster.
[2022-01-12 10:11:13,158 I 144317 144619] raylet_client.cc:336: Error reporting task backlog information: IOError: 
[2022-01-12 10:11:14,158 I 144317 144619] raylet_client.cc:336: Error reporting task backlog information: IOError: 
[2022-01-12 10:11:15,158 I 144317 144619] raylet_client.cc:336: Error reporting task backlog information: IOError: 
[2022-01-12 10:11:16,158 I 144317 144619] raylet_client.cc:336: Error reporting task backlog information: IOError: 
[2022-01-12 10:11:17,159 I 144317 144619] raylet_client.cc:336: Error reporting task backlog information: IOError: 
[2022-01-12 10:11:18,159 I 144317 144619] raylet_client.cc:336: Error reporting task backlog information: IOError: 
[2022-01-12 10:11:19,159 I 144317 144619] raylet_client.cc:336: Error reporting task backlog information: IOError: 
[2022-01-12 10:11:20,159 I 144317 144619] raylet_client.cc:336: Error reporting task backlog information: IOError: 
[2022-01-12 10:11:21,160 I 144317 144619] raylet_client.cc:336: Error reporting task backlog information: IOError: 
[2022-01-12 10:11:22,160 I 144317 144619] raylet_client.cc:336: Error reporting task backlog information: IOError: 
[2022-01-12 10:11:22,309 W 144317 144620] metric_exporter.cc:206: Export metrics to agent failed: IOError: . This won't affect Ray, but you can lose metrics from the cluster.
[2022-01-12 10:11:23,160 I 144317 144619] raylet_client.cc:336: Error reporting task backlog information: IOError: 
[2022-01-12 10:11:24,160 I 144317 144619] raylet_client.cc:336: Error reporting task backlog information: IOError: 
[2022-01-12 10:11:25,160 I 144317 144619] raylet_client.cc:336: Error reporting task backlog information: IOError: 
[2022-01-12 10:11:26,161 I 144317 144619] raylet_client.cc:336: Error reporting task backlog information: IOError: 
[2022-01-12 10:11:27,161 I 144317 144619] raylet_client.cc:336: Error reporting task backlog information: IOError: 
[2022-01-12 10:11:28,161 I 144317 144619] raylet_client.cc:336: Error reporting task backlog information: IOError: 
[2022-01-12 10:11:29,161 I 144317 144619] raylet_client.cc:336: Error reporting task backlog information: IOError: 
[2022-01-12 10:11:30,162 I 144317 144619] raylet_client.cc:336: Error reporting task backlog information: IOError: 
[2022-01-12 10:11:31,162 I 144317 144619] raylet_client.cc:336: Error reporting task backlog information: IOError: 
[2022-01-12 10:11:32,162 I 144317 144619] raylet_client.cc:336: Error reporting task backlog information: IOError: 
[2022-01-12 10:11:32,322 W 144317 144620] metric_exporter.cc:206: Export metrics to agent failed: IOError: . This won't affect Ray, but you can lose metrics from the cluster.
[2022-01-12 10:11:33,162 I 144317 144619] raylet_client.cc:336: Error reporting task backlog information: IOError: 
[2022-01-12 10:11:34,162 I 144317 144619] raylet_client.cc:336: Error reporting task backlog information: IOError: 
[2022-01-12 10:11:35,163 I 144317 144619] raylet_client.cc:336: Error reporting task backlog information: IOError: 
[2022-01-12 10:11:36,163 I 144317 144619] raylet_client.cc:336: Error reporting task backlog information: IOError: 
[2022-01-12 10:11:37,163 I 144317 144619] raylet_client.cc:336: Error reporting task backlog information: IOError: 
[2022-01-12 10:11:38,163 I 144317 144619] raylet_client.cc:336: Error reporting task backlog information: IOError: 
[2022-01-12 10:11:39,164 I 144317 144619] raylet_client.cc:336: Error reporting task backlog information: IOError: 
[2022-01-12 10:11:40,164 I 144317 144619] raylet_client.cc:336: Error reporting task backlog information: IOError: 
[2022-01-12 10:11:41,164 I 144317 144619] raylet_client.cc:336: Error reporting task backlog information: IOError: 
[2022-01-12 10:11:42,164 I 144317 144619] raylet_client.cc:336: Error reporting task backlog information: IOError: 
[2022-01-12 10:11:42,336 W 144317 144620] metric_exporter.cc:206: Export metrics to agent failed: IOError: . This won't affect Ray, but you can lose metrics from the cluster.
[2022-01-12 10:11:43,165 I 144317 144619] raylet_client.cc:336: Error reporting task backlog information: IOError: 
[2022-01-12 10:11:44,165 I 144317 144619] raylet_client.cc:336: Error reporting task backlog information: IOError: 
[2022-01-12 10:11:45,165 I 144317 144619] raylet_client.cc:336: Error reporting task backlog information: IOError: 
[2022-01-12 10:11:46,166 I 144317 144619] raylet_client.cc:336: Error reporting task backlog information: IOError: 
[2022-01-12 10:11:47,166 I 144317 144619] raylet_client.cc:336: Error reporting task backlog information: IOError: 
[2022-01-12 10:11:48,166 I 144317 144619] raylet_client.cc:336: Error reporting task backlog information: IOError: 
[2022-01-12 10:11:49,167 I 144317 144619] raylet_client.cc:336: Error reporting task backlog information: IOError: 
[2022-01-12 10:11:50,167 I 144317 144619] raylet_client.cc:336: Error reporting task backlog information: IOError: 
[2022-01-12 10:11:51,167 I 144317 144619] raylet_client.cc:336: Error reporting task backlog information: IOError: 
[2022-01-12 10:11:52,167 I 144317 144619] raylet_client.cc:336: Error reporting task backlog information: IOError: 
[2022-01-12 10:11:52,348 W 144317 144620] metric_exporter.cc:206: Export metrics to agent failed: IOError: . This won't affect Ray, but you can lose metrics from the cluster.
[2022-01-12 10:11:53,168 I 144317 144619] raylet_client.cc:336: Error reporting task backlog information: IOError: 
[2022-01-12 10:11:54,168 I 144317 144619] raylet_client.cc:336: Error reporting task backlog information: IOError: 
[2022-01-12 10:11:55,168 I 144317 144619] raylet_client.cc:336: Error reporting task backlog information: IOError: 
[2022-01-12 10:11:56,168 I 144317 144619] raylet_client.cc:336: Error reporting task backlog information: IOError: 
[2022-01-12 10:11:57,168 I 144317 144619] raylet_client.cc:336: Error reporting task backlog information: IOError: 
[2022-01-12 10:11:58,169 I 144317 144619] raylet_client.cc:336: Error reporting task backlog information: IOError: 
[2022-01-12 10:11:59,169 I 144317 144619] raylet_client.cc:336: Error reporting task backlog information: IOError: 
[2022-01-12 10:12:00,169 I 144317 144619] raylet_client.cc:336: Error reporting task backlog information: IOError: 
[2022-01-12 10:12:01,169 I 144317 144619] raylet_client.cc:336: Error reporting task backlog information: IOError: 
[2022-01-12 10:12:02,170 I 144317 144619] raylet_client.cc:336: Error reporting task backlog information: IOError: 
[2022-01-12 10:12:02,359 W 144317 144620] metric_exporter.cc:206: Export metrics to agent failed: IOError: . This won't affect Ray, but you can lose metrics from the cluster.
[2022-01-12 10:12:03,170 I 144317 144619] raylet_client.cc:336: Error reporting task backlog information: IOError: 
[2022-01-12 10:12:04,170 I 144317 144619] raylet_client.cc:336: Error reporting task backlog information: IOError: 
[2022-01-12 10:12:05,170 I 144317 144619] raylet_client.cc:336: Error reporting task backlog information: IOError: 
[2022-01-12 10:12:06,171 I 144317 144619] raylet_client.cc:336: Error reporting task backlog information: IOError: 
[2022-01-12 10:12:07,171 I 144317 144619] raylet_client.cc:336: Error reporting task backlog information: IOError: 
[2022-01-12 10:12:08,171 I 144317 144619] raylet_client.cc:336: Error reporting task backlog information: IOError: 
[2022-01-12 10:12:09,171 I 144317 144619] raylet_client.cc:336: Error reporting task backlog information: IOError: 
[2022-01-12 10:12:10,171 I 144317 144619] raylet_client.cc:336: Error reporting task backlog information: IOError: 
[2022-01-12 10:12:11,172 I 144317 144619] raylet_client.cc:336: Error reporting task backlog information: IOError: 
[2022-01-12 10:12:12,172 I 144317 144619] raylet_client.cc:336: Error reporting task backlog information: IOError: 
[2022-01-12 10:12:12,372 W 144317 144620] metric_exporter.cc:206: Export metrics to agent failed: IOError: . This won't affect Ray, but you can lose metrics from the cluster.
[2022-01-12 10:12:13,172 I 144317 144619] raylet_client.cc:336: Error reporting task backlog information: IOError: 
[2022-01-12 10:12:14,172 I 144317 144619] raylet_client.cc:336: Error reporting task backlog information: IOError: 
[2022-01-12 10:12:15,172 I 144317 144619] raylet_client.cc:336: Error reporting task backlog information: IOError: 
[2022-01-12 10:12:16,173 I 144317 144619] raylet_client.cc:336: Error reporting task backlog information: IOError: 
[2022-01-12 10:12:17,173 I 144317 144619] raylet_client.cc:336: Error reporting task backlog information: IOError: 
[2022-01-12 10:12:18,173 I 144317 144619] raylet_client.cc:336: Error reporting task backlog information: IOError: 
[2022-01-12 10:12:19,174 I 144317 144619] raylet_client.cc:336: Error reporting task backlog information: IOError: 
[2022-01-12 10:12:20,174 I 144317 144619] raylet_client.cc:336: Error reporting task backlog information: IOError: 
[2022-01-12 10:12:21,174 I 144317 144619] raylet_client.cc:336: Error reporting task backlog information: IOError: 
[2022-01-12 10:12:22,175 I 144317 144619] raylet_client.cc:336: Error reporting task backlog information: IOError: 
[2022-01-12 10:12:22,385 W 144317 144620] metric_exporter.cc:206: Export metrics to agent failed: IOError: . This won't affect Ray, but you can lose metrics from the cluster.
[2022-01-12 10:12:23,175 I 144317 144619] raylet_client.cc:336: Error reporting task backlog information: IOError: 
[2022-01-12 10:12:24,175 I 144317 144619] raylet_client.cc:336: Error reporting task backlog information: IOError: 
[2022-01-12 10:12:25,176 I 144317 144619] raylet_client.cc:336: Error reporting task backlog information: IOError: 
[2022-01-12 10:12:26,176 I 144317 144619] raylet_client.cc:336: Error reporting task backlog information: IOError: 
[2022-01-12 10:12:27,176 I 144317 144619] raylet_client.cc:336: Error reporting task backlog information: IOError: 
[2022-01-12 10:12:28,176 I 144317 144619] raylet_client.cc:336: Error reporting task backlog information: IOError: 
[2022-01-12 10:12:29,177 I 144317 144619] raylet_client.cc:336: Error reporting task backlog information: IOError: 
[2022-01-12 10:12:30,177 I 144317 144619] raylet_client.cc:336: Error reporting task backlog information: IOError: 
[2022-01-12 10:12:31,177 I 144317 144619] raylet_client.cc:336: Error reporting task backlog information: IOError: 
[2022-01-12 10:12:32,177 I 144317 144619] raylet_client.cc:336: Error reporting task backlog information: IOError: 
[2022-01-12 10:12:32,397 W 144317 144620] metric_exporter.cc:206: Export metrics to agent failed: IOError: . This won't affect Ray, but you can lose metrics from the cluster.
[2022-01-12 10:12:33,177 I 144317 144619] raylet_client.cc:336: Error reporting task backlog information: IOError: 
[2022-01-12 10:12:34,177 I 144317 144619] raylet_client.cc:336: Error reporting task backlog information: IOError: 
[2022-01-12 10:12:35,178 I 144317 144619] raylet_client.cc:336: Error reporting task backlog information: IOError: 
[2022-01-12 10:12:36,178 I 144317 144619] raylet_client.cc:336: Error reporting task backlog information: IOError: 
[2022-01-12 10:12:37,178 I 144317 144619] raylet_client.cc:336: Error reporting task backlog information: IOError: 
[2022-01-12 10:12:38,179 I 144317 144619] raylet_client.cc:336: Error reporting task backlog information: IOError: 
[2022-01-12 10:12:39,179 I 144317 144619] raylet_client.cc:336: Error reporting task backlog information: IOError: 
[2022-01-12 10:12:40,179 I 144317 144619] raylet_client.cc:336: Error reporting task backlog information: IOError: 
[2022-01-12 10:12:41,179 I 144317 144619] raylet_client.cc:336: Error reporting task backlog information: IOError: 
[2022-01-12 10:12:42,180 I 144317 144619] raylet_client.cc:336: Error reporting task backlog information: IOError: 
[2022-01-12 10:12:42,410 W 144317 144620] metric_exporter.cc:206: Export metrics to agent failed: IOError: . This won't affect Ray, but you can lose metrics from the cluster.
[2022-01-12 10:12:43,180 I 144317 144619] raylet_client.cc:336: Error reporting task backlog information: IOError: 
[2022-01-12 10:12:44,180 I 144317 144619] raylet_client.cc:336: Error reporting task backlog information: IOError: 
[2022-01-12 10:12:45,180 I 144317 144619] raylet_client.cc:336: Error reporting task backlog information: IOError: 
[2022-01-12 10:12:46,180 I 144317 144619] raylet_client.cc:336: Error reporting task backlog information: IOError: 
[2022-01-12 10:12:47,180 I 144317 144619] raylet_client.cc:336: Error reporting task backlog information: IOError: 
[2022-01-12 10:12:48,180 I 144317 144619] raylet_client.cc:336: Error reporting task backlog information: IOError: 
[2022-01-12 10:12:49,181 I 144317 144619] raylet_client.cc:336: Error reporting task backlog information: IOError: 
[2022-01-12 10:12:50,181 I 144317 144619] raylet_client.cc:336: Error reporting task backlog information: IOError: 
[2022-01-12 10:12:51,181 I 144317 144619] raylet_client.cc:336: Error reporting task backlog information: IOError: 
[2022-01-12 10:12:52,182 I 144317 144619] raylet_client.cc:336: Error reporting task backlog information: IOError: 
[2022-01-12 10:12:52,422 W 144317 144620] metric_exporter.cc:206: Export metrics to agent failed: IOError: . This won't affect Ray, but you can lose metrics from the cluster.
[2022-01-12 10:12:53,182 I 144317 144619] raylet_client.cc:336: Error reporting task backlog information: IOError: 
[2022-01-12 10:12:54,182 I 144317 144619] raylet_client.cc:336: Error reporting task backlog information: IOError: 
[2022-01-12 10:12:55,182 I 144317 144619] raylet_client.cc:336: Error reporting task backlog information: IOError: 
[2022-01-12 10:12:56,183 I 144317 144619] raylet_client.cc:336: Error reporting task backlog information: IOError: 
[2022-01-12 10:12:57,183 I 144317 144619] raylet_client.cc:336: Error reporting task backlog information: IOError: 
[2022-01-12 10:12:58,183 I 144317 144619] raylet_client.cc:336: Error reporting task backlog information: IOError: 
[2022-01-12 10:12:59,184 I 144317 144619] raylet_client.cc:336: Error reporting task backlog information: IOError: 
[2022-01-12 10:13:00,184 I 144317 144619] raylet_client.cc:336: Error reporting task backlog information: IOError: 
[2022-01-12 10:13:01,184 I 144317 144619] raylet_client.cc:336: Error reporting task backlog information: IOError: 
[2022-01-12 10:13:02,184 I 144317 144619] raylet_client.cc:336: Error reporting task backlog information: IOError: 
[2022-01-12 10:13:02,435 W 144317 144620] metric_exporter.cc:206: Export metrics to agent failed: IOError: . This won't affect Ray, but you can lose metrics from the cluster.
[2022-01-12 10:13:03,185 I 144317 144619] raylet_client.cc:336: Error reporting task backlog information: IOError: 
[2022-01-12 10:13:04,185 I 144317 144619] raylet_client.cc:336: Error reporting task backlog information: IOError: 
[2022-01-12 10:13:05,185 I 144317 144619] raylet_client.cc:336: Error reporting task backlog information: IOError: 
[2022-01-12 10:13:06,185 I 144317 144619] raylet_client.cc:336: Error reporting task backlog information: IOError: 
[2022-01-12 10:13:07,186 I 144317 144619] raylet_client.cc:336: Error reporting task backlog information: IOError: 
[2022-01-12 10:13:08,186 I 144317 144619] raylet_client.cc:336: Error reporting task backlog information: IOError: 
[2022-01-12 10:13:09,186 I 144317 144619] raylet_client.cc:336: Error reporting task backlog information: IOError: 
[2022-01-12 10:13:10,187 I 144317 144619] raylet_client.cc:336: Error reporting task backlog information: IOError: 
[2022-01-12 10:13:11,187 I 144317 144619] raylet_client.cc:336: Error reporting task backlog information: IOError: 
[2022-01-12 10:13:12,187 I 144317 144619] raylet_client.cc:336: Error reporting task backlog information: IOError: 
[2022-01-12 10:13:12,448 W 144317 144620] metric_exporter.cc:206: Export metrics to agent failed: IOError: . This won't affect Ray, but you can lose metrics from the cluster.
[2022-01-12 10:13:13,187 I 144317 144619] raylet_client.cc:336: Error reporting task backlog information: IOError: 
[2022-01-12 10:13:14,188 I 144317 144619] raylet_client.cc:336: Error reporting task backlog information: IOError: 
[2022-01-12 10:13:15,188 I 144317 144619] raylet_client.cc:336: Error reporting task backlog information: IOError: 
[2022-01-12 10:13:16,188 I 144317 144619] raylet_client.cc:336: Error reporting task backlog information: IOError: 
[2022-01-12 10:13:17,188 I 144317 144619] raylet_client.cc:336: Error reporting task backlog information: IOError: 
[2022-01-12 10:13:18,189 I 144317 144619] raylet_client.cc:336: Error reporting task backlog information: IOError: 
[2022-01-12 10:13:19,189 I 144317 144619] raylet_client.cc:336: Error reporting task backlog information: IOError: 
[2022-01-12 10:13:20,189 I 144317 144619] raylet_client.cc:336: Error reporting task backlog information: IOError: 
[2022-01-12 10:13:21,190 I 144317 144619] raylet_client.cc:336: Error reporting task backlog information: IOError: 
[2022-01-12 10:13:22,190 I 144317 144619] raylet_client.cc:336: Error reporting task backlog information: IOError: 
[2022-01-12 10:13:22,461 W 144317 144620] metric_exporter.cc:206: Export metrics to agent failed: IOError: . This won't affect Ray, but you can lose metrics from the cluster.
[2022-01-12 10:13:23,190 I 144317 144619] raylet_client.cc:336: Error reporting task backlog information: IOError: 
[2022-01-12 10:13:24,190 I 144317 144619] raylet_client.cc:336: Error reporting task backlog information: IOError: 
[2022-01-12 10:13:25,191 I 144317 144619] raylet_client.cc:336: Error reporting task backlog information: IOError: 
[2022-01-12 10:13:26,191 I 144317 144619] raylet_client.cc:336: Error reporting task backlog information: IOError: 
[2022-01-12 10:13:27,191 I 144317 144619] raylet_client.cc:336: Error reporting task backlog information: IOError: 
[2022-01-12 10:13:28,192 I 144317 144619] raylet_client.cc:336: Error reporting task backlog information: IOError: 
[2022-01-12 10:13:29,192 I 144317 144619] raylet_client.cc:336: Error reporting task backlog information: IOError: 
[2022-01-12 10:13:30,192 I 144317 144619] raylet_client.cc:336: Error reporting task backlog information: IOError: 
[2022-01-12 10:13:31,192 I 144317 144619] raylet_client.cc:336: Error reporting task backlog information: IOError: 
[2022-01-12 10:13:32,193 I 144317 144619] raylet_client.cc:336: Error reporting task backlog information: IOError: 
[2022-01-12 10:13:32,474 W 144317 144620] metric_exporter.cc:206: Export metrics to agent failed: IOError: . This won't affect Ray, but you can lose metrics from the cluster.
[2022-01-12 10:13:33,193 I 144317 144619] raylet_client.cc:336: Error reporting task backlog information: IOError: 
[2022-01-12 10:13:34,193 I 144317 144619] raylet_client.cc:336: Error reporting task backlog information: IOError: 
[2022-01-12 10:13:35,194 I 144317 144619] raylet_client.cc:336: Error reporting task backlog information: IOError: 
[2022-01-12 10:13:36,194 I 144317 144619] raylet_client.cc:336: Error reporting task backlog information: IOError: 
[2022-01-12 10:13:37,194 I 144317 144619] raylet_client.cc:336: Error reporting task backlog information: IOError: 
[2022-01-12 10:13:38,194 I 144317 144619] raylet_client.cc:336: Error reporting task backlog information: IOError: 
[2022-01-12 10:13:39,194 I 144317 144619] raylet_client.cc:336: Error reporting task backlog information: IOError: 
[2022-01-12 10:13:40,194 I 144317 144619] raylet_client.cc:336: Error reporting task backlog information: IOError: 
[2022-01-12 10:13:41,194 I 144317 144619] raylet_client.cc:336: Error reporting task backlog information: IOError: 
[2022-01-12 10:13:42,194 I 144317 144619] raylet_client.cc:336: Error reporting task backlog information: IOError: 
[2022-01-12 10:13:42,484 W 144317 144620] metric_exporter.cc:206: Export metrics to agent failed: IOError: . This won't affect Ray, but you can lose metrics from the cluster.
[2022-01-12 10:13:43,195 I 144317 144619] raylet_client.cc:336: Error reporting task backlog information: IOError: 
[2022-01-12 10:13:44,195 I 144317 144619] raylet_client.cc:336: Error reporting task backlog information: IOError: 
[2022-01-12 10:13:45,195 I 144317 144619] raylet_client.cc:336: Error reporting task backlog information: IOError: 
[2022-01-12 10:13:46,195 I 144317 144619] raylet_client.cc:336: Error reporting task backlog information: IOError: 
[2022-01-12 10:13:47,196 I 144317 144619] raylet_client.cc:336: Error reporting task backlog information: IOError: 
[2022-01-12 10:13:48,196 I 144317 144619] raylet_client.cc:336: Error reporting task backlog information: IOError: 
[2022-01-12 10:13:49,196 I 144317 144619] raylet_client.cc:336: Error reporting task backlog information: IOError: 
[2022-01-12 10:13:50,197 I 144317 144619] raylet_client.cc:336: Error reporting task backlog information: IOError: 
[2022-01-12 10:13:51,197 I 144317 144619] raylet_client.cc:336: Error reporting task backlog information: IOError: 
[2022-01-12 10:13:52,197 I 144317 144619] raylet_client.cc:336: Error reporting task backlog information: IOError: 
[2022-01-12 10:13:52,496 W 144317 144620] metric_exporter.cc:206: Export metrics to agent failed: IOError: . This won't affect Ray, but you can lose metrics from the cluster.
[2022-01-12 10:13:53,197 I 144317 144619] raylet_client.cc:336: Error reporting task backlog information: IOError: 
[2022-01-12 10:13:54,197 I 144317 144619] raylet_client.cc:336: Error reporting task backlog information: IOError: 
[2022-01-12 10:13:55,198 I 144317 144619] raylet_client.cc:336: Error reporting task backlog information: IOError: 
[2022-01-12 10:13:56,198 I 144317 144619] raylet_client.cc:336: Error reporting task backlog information: IOError: 
[2022-01-12 10:13:57,198 I 144317 144619] raylet_client.cc:336: Error reporting task backlog information: IOError: 
[2022-01-12 10:13:58,095 W 144317 144523] gcs_server_address_updater.cc:61: [301] Failed to get the gcs server address from raylet 301 times in a row. If it keeps failing to obtain the address, the worker might crash. Connection status IOError: 
[2022-01-12 10:13:58,198 I 144317 144619] raylet_client.cc:336: Error reporting task backlog information: IOError: 
[2022-01-12 10:13:59,198 I 144317 144619] raylet_client.cc:336: Error reporting task backlog information: IOError: 
[2022-01-12 10:14:00,199 I 144317 144619] raylet_client.cc:336: Error reporting task backlog information: IOError: 
[2022-01-12 10:14:01,199 I 144317 144619] raylet_client.cc:336: Error reporting task backlog information: IOError: 
[2022-01-12 10:14:02,199 I 144317 144619] raylet_client.cc:336: Error reporting task backlog information: IOError: 
[2022-01-12 10:14:02,506 W 144317 144620] metric_exporter.cc:206: Export metrics to agent failed: IOError: . This won't affect Ray, but you can lose metrics from the cluster.
[2022-01-12 10:14:03,199 I 144317 144619] raylet_client.cc:336: Error reporting task backlog information: IOError: 
[2022-01-12 10:14:04,199 I 144317 144619] raylet_client.cc:336: Error reporting task backlog information: IOError: 
[2022-01-12 10:14:05,200 I 144317 144619] raylet_client.cc:336: Error reporting task backlog information: IOError: 
[2022-01-12 10:14:06,200 I 144317 144619] raylet_client.cc:336: Error reporting task backlog information: IOError: 
[2022-01-12 10:14:07,200 I 144317 144619] raylet_client.cc:336: Error reporting task backlog information: IOError: 
[2022-01-12 10:14:08,200 I 144317 144619] raylet_client.cc:336: Error reporting task backlog information: IOError: 
[2022-01-12 10:14:09,200 I 144317 144619] raylet_client.cc:336: Error reporting task backlog information: IOError: 
[2022-01-12 10:14:10,200 I 144317 144619] raylet_client.cc:336: Error reporting task backlog information: IOError: 
[2022-01-12 10:14:11,200 I 144317 144619] raylet_client.cc:336: Error reporting task backlog information: IOError: 
[2022-01-12 10:14:12,201 I 144317 144619] raylet_client.cc:336: Error reporting task backlog information: IOError: 
[2022-01-12 10:14:12,516 W 144317 144620] metric_exporter.cc:206: Export metrics to agent failed: IOError: . This won't affect Ray, but you can lose metrics from the cluster.
[2022-01-12 10:14:13,201 I 144317 144619] raylet_client.cc:336: Error reporting task backlog information: IOError: 
[2022-01-12 10:14:14,201 I 144317 144619] raylet_client.cc:336: Error reporting task backlog information: IOError: 
[2022-01-12 10:14:15,201 I 144317 144619] raylet_client.cc:336: Error reporting task backlog information: IOError: 
[2022-01-12 10:14:16,202 I 144317 144619] raylet_client.cc:336: Error reporting task backlog information: IOError: 
[2022-01-12 10:14:17,202 I 144317 144619] raylet_client.cc:336: Error reporting task backlog information: IOError: 
[2022-01-12 10:14:18,202 I 144317 144619] raylet_client.cc:336: Error reporting task backlog information: IOError: 
[2022-01-12 10:14:19,202 I 144317 144619] raylet_client.cc:336: Error reporting task backlog information: IOError: 
[2022-01-12 10:14:20,202 I 144317 144619] raylet_client.cc:336: Error reporting task backlog information: IOError: 
[2022-01-12 10:14:21,203 I 144317 144619] raylet_client.cc:336: Error reporting task backlog information: IOError: 
[2022-01-12 10:14:22,203 I 144317 144619] raylet_client.cc:336: Error reporting task backlog information: IOError: 
[2022-01-12 10:14:22,528 W 144317 144620] metric_exporter.cc:206: Export metrics to agent failed: IOError: . This won't affect Ray, but you can lose metrics from the cluster.
[2022-01-12 10:14:23,203 I 144317 144619] raylet_client.cc:336: Error reporting task backlog information: IOError: 
[2022-01-12 10:14:24,204 I 144317 144619] raylet_client.cc:336: Error reporting task backlog information: IOError: 
[2022-01-12 10:14:25,204 I 144317 144619] raylet_client.cc:336: Error reporting task backlog information: IOError: 
[2022-01-12 10:14:26,204 I 144317 144619] raylet_client.cc:336: Error reporting task backlog information: IOError: 
[2022-01-12 10:14:27,204 I 144317 144619] raylet_client.cc:336: Error reporting task backlog information: IOError: 
[2022-01-12 10:14:28,204 I 144317 144619] raylet_client.cc:336: Error reporting task backlog information: IOError: 
[2022-01-12 10:14:29,204 I 144317 144619] raylet_client.cc:336: Error reporting task backlog information: IOError: 
[2022-01-12 10:14:30,204 I 144317 144619] raylet_client.cc:336: Error reporting task backlog information: IOError: 
[2022-01-12 10:14:31,204 I 144317 144619] raylet_client.cc:336: Error reporting task backlog information: IOError: 
[2022-01-12 10:14:32,205 I 144317 144619] raylet_client.cc:336: Error reporting task backlog information: IOError: 
[2022-01-12 10:14:32,537 W 144317 144620] metric_exporter.cc:206: Export metrics to agent failed: IOError: . This won't affect Ray, but you can lose metrics from the cluster.
[2022-01-12 10:14:33,205 I 144317 144619] raylet_client.cc:336: Error reporting task backlog information: IOError: 
[2022-01-12 10:14:34,205 I 144317 144619] raylet_client.cc:336: Error reporting task backlog information: IOError: 
[2022-01-12 10:14:35,205 I 144317 144619] raylet_client.cc:336: Error reporting task backlog information: IOError: 
[2022-01-12 10:14:36,205 I 144317 144619] raylet_client.cc:336: Error reporting task backlog information: IOError: 
[2022-01-12 10:14:37,205 I 144317 144619] raylet_client.cc:336: Error reporting task backlog information: IOError: 
[2022-01-12 10:14:38,205 I 144317 144619] raylet_client.cc:336: Error reporting task backlog information: IOError: 
[2022-01-12 10:14:39,205 I 144317 144619] raylet_client.cc:336: Error reporting task backlog information: IOError: 
[2022-01-12 10:14:40,205 I 144317 144619] raylet_client.cc:336: Error reporting task backlog information: IOError: 
[2022-01-12 10:14:41,205 I 144317 144619] raylet_client.cc:336: Error reporting task backlog information: IOError: 
[2022-01-12 10:14:42,205 I 144317 144619] raylet_client.cc:336: Error reporting task backlog information: IOError: 
[2022-01-12 10:14:42,544 W 144317 144620] metric_exporter.cc:206: Export metrics to agent failed: IOError: . This won't affect Ray, but you can lose metrics from the cluster.
[2022-01-12 10:14:43,205 I 144317 144619] raylet_client.cc:336: Error reporting task backlog information: IOError: 
[2022-01-12 10:14:44,205 I 144317 144619] raylet_client.cc:336: Error reporting task backlog information: IOError: 
[2022-01-12 10:14:45,205 I 144317 144619] raylet_client.cc:336: Error reporting task backlog information: IOError: 
[2022-01-12 10:14:46,206 I 144317 144619] raylet_client.cc:336: Error reporting task backlog information: IOError: 
[2022-01-12 10:14:47,206 I 144317 144619] raylet_client.cc:336: Error reporting task backlog information: IOError: 
[2022-01-12 10:14:48,206 I 144317 144619] raylet_client.cc:336: Error reporting task backlog information: IOError: 
[2022-01-12 10:14:49,206 I 144317 144619] raylet_client.cc:336: Error reporting task backlog information: IOError: 
[2022-01-12 10:14:50,206 I 144317 144619] raylet_client.cc:336: Error reporting task backlog information: IOError: 
[2022-01-12 10:14:51,206 I 144317 144619] raylet_client.cc:336: Error reporting task backlog information: IOError: 
[2022-01-12 10:14:52,206 I 144317 144619] raylet_client.cc:336: Error reporting task backlog information: IOError: 
[2022-01-12 10:14:52,552 W 144317 144620] metric_exporter.cc:206: Export metrics to agent failed: IOError: . This won't affect Ray, but you can lose metrics from the cluster.
[2022-01-12 10:14:53,206 I 144317 144619] raylet_client.cc:336: Error reporting task backlog information: IOError: 
[2022-01-12 10:14:54,206 I 144317 144619] raylet_client.cc:336: Error reporting task backlog information: IOError: 
[2022-01-12 10:14:55,206 I 144317 144619] raylet_client.cc:336: Error reporting task backlog information: IOError: 
[2022-01-12 10:14:56,206 I 144317 144619] raylet_client.cc:336: Error reporting task backlog information: IOError: 
[2022-01-12 10:14:57,206 I 144317 144619] raylet_client.cc:336: Error reporting task backlog information: IOError: 
[2022-01-12 10:14:58,206 I 144317 144619] raylet_client.cc:336: Error reporting task backlog information: IOError: 
[2022-01-12 10:14:59,207 I 144317 144619] raylet_client.cc:336: Error reporting task backlog information: IOError: 
[2022-01-12 10:15:00,207 I 144317 144619] raylet_client.cc:336: Error reporting task backlog information: IOError: 
[2022-01-12 10:15:01,207 I 144317 144619] raylet_client.cc:336: Error reporting task backlog information: IOError: 
[2022-01-12 10:15:02,207 I 144317 144619] raylet_client.cc:336: Error reporting task backlog information: IOError: 
[2022-01-12 10:15:02,567 W 144317 144620] metric_exporter.cc:206: Export metrics to agent failed: IOError: . This won't affect Ray, but you can lose metrics from the cluster.
[2022-01-12 10:15:03,207 I 144317 144619] raylet_client.cc:336: Error reporting task backlog information: IOError: 
[2022-01-12 10:15:04,207 I 144317 144619] raylet_client.cc:336: Error reporting task backlog information: IOError: 
[2022-01-12 10:15:05,207 I 144317 144619] raylet_client.cc:336: Error reporting task backlog information: IOError: 
[2022-01-12 10:15:06,207 I 144317 144619] raylet_client.cc:336: Error reporting task backlog information: IOError: 
[2022-01-12 10:15:07,207 I 144317 144619] raylet_client.cc:336: Error reporting task backlog information: IOError: 
[2022-01-12 10:15:08,207 I 144317 144619] raylet_client.cc:336: Error reporting task backlog information: IOError: 
[2022-01-12 10:15:09,207 I 144317 144619] raylet_client.cc:336: Error reporting task backlog information: IOError: 
[2022-01-12 10:15:10,207 I 144317 144619] raylet_client.cc:336: Error reporting task backlog information: IOError: 
[2022-01-12 10:15:11,207 I 144317 144619] raylet_client.cc:336: Error reporting task backlog information: IOError: 
[2022-01-12 10:15:12,207 I 144317 144619] raylet_client.cc:336: Error reporting task backlog information: IOError: 
[2022-01-12 10:15:12,577 W 144317 144620] metric_exporter.cc:206: Export metrics to agent failed: IOError: . This won't affect Ray, but you can lose metrics from the cluster.
[2022-01-12 10:15:13,208 I 144317 144619] raylet_client.cc:336: Error reporting task backlog information: IOError: 
[2022-01-12 10:15:14,208 I 144317 144619] raylet_client.cc:336: Error reporting task backlog information: IOError: 
[2022-01-12 10:15:15,208 I 144317 144619] raylet_client.cc:336: Error reporting task backlog information: IOError: 
[2022-01-12 10:15:16,208 I 144317 144619] raylet_client.cc:336: Error reporting task backlog information: IOError: 
[2022-01-12 10:15:17,208 I 144317 144619] raylet_client.cc:336: Error reporting task backlog information: IOError: 
[2022-01-12 10:15:18,209 I 144317 144619] raylet_client.cc:336: Error reporting task backlog information: IOError: 
[2022-01-12 10:15:19,209 I 144317 144619] raylet_client.cc:336: Error reporting task backlog information: IOError: 
[2022-01-12 10:15:20,209 I 144317 144619] raylet_client.cc:336: Error reporting task backlog information: IOError: 
[2022-01-12 10:15:21,209 I 144317 144619] raylet_client.cc:336: Error reporting task backlog information: IOError: 
[2022-01-12 10:15:22,209 I 144317 144619] raylet_client.cc:336: Error reporting task backlog information: IOError: 
[2022-01-12 10:15:22,593 W 144317 144620] metric_exporter.cc:206: Export metrics to agent failed: IOError: . This won't affect Ray, but you can lose metrics from the cluster.
[2022-01-12 10:15:23,210 I 144317 144619] raylet_client.cc:336: Error reporting task backlog information: IOError: 
[2022-01-12 10:15:24,210 I 144317 144619] raylet_client.cc:336: Error reporting task backlog information: IOError: 
[2022-01-12 10:15:25,210 I 144317 144619] raylet_client.cc:336: Error reporting task backlog information: IOError: 
[2022-01-12 10:15:26,210 I 144317 144619] raylet_client.cc:336: Error reporting task backlog information: IOError: 
[2022-01-12 10:15:27,210 I 144317 144619] raylet_client.cc:336: Error reporting task backlog information: IOError: 
[2022-01-12 10:15:28,210 I 144317 144619] raylet_client.cc:336: Error reporting task backlog information: IOError: 
[2022-01-12 10:15:29,210 I 144317 144619] raylet_client.cc:336: Error reporting task backlog information: IOError: 
[2022-01-12 10:15:30,211 I 144317 144619] raylet_client.cc:336: Error reporting task backlog information: IOError: 
[2022-01-12 10:15:31,211 I 144317 144619] raylet_client.cc:336: Error reporting task backlog information: IOError: 
[2022-01-12 10:15:32,211 I 144317 144619] raylet_client.cc:336: Error reporting task backlog information: IOError: 
[2022-01-12 10:15:32,604 W 144317 144620] metric_exporter.cc:206: Export metrics to agent failed: IOError: . This won't affect Ray, but you can lose metrics from the cluster.
[2022-01-12 10:15:33,211 I 144317 144619] raylet_client.cc:336: Error reporting task backlog information: IOError: 
[2022-01-12 10:15:34,212 I 144317 144619] raylet_client.cc:336: Error reporting task backlog information: IOError: 
[2022-01-12 10:15:35,212 I 144317 144619] raylet_client.cc:336: Error reporting task backlog information: IOError: 
[2022-01-12 10:15:36,212 I 144317 144619] raylet_client.cc:336: Error reporting task backlog information: IOError: 
[2022-01-12 10:15:37,212 I 144317 144619] raylet_client.cc:336: Error reporting task backlog information: IOError: 
[2022-01-12 10:15:38,213 I 144317 144619] raylet_client.cc:336: Error reporting task backlog information: IOError: 
[2022-01-12 10:15:39,213 I 144317 144619] raylet_client.cc:336: Error reporting task backlog information: IOError: 
[2022-01-12 10:15:40,213 I 144317 144619] raylet_client.cc:336: Error reporting task backlog information: IOError: 
[2022-01-12 10:15:41,214 I 144317 144619] raylet_client.cc:336: Error reporting task backlog information: IOError: 
[2022-01-12 10:15:42,214 I 144317 144619] raylet_client.cc:336: Error reporting task backlog information: IOError: 
[2022-01-12 10:15:42,617 W 144317 144620] metric_exporter.cc:206: Export metrics to agent failed: IOError: . This won't affect Ray, but you can lose metrics from the cluster.
[2022-01-12 10:15:43,214 I 144317 144619] raylet_client.cc:336: Error reporting task backlog information: IOError: 
[2022-01-12 10:15:44,214 I 144317 144619] raylet_client.cc:336: Error reporting task backlog information: IOError: 
[2022-01-12 10:15:45,215 I 144317 144619] raylet_client.cc:336: Error reporting task backlog information: IOError: 
[2022-01-12 10:15:46,215 I 144317 144619] raylet_client.cc:336: Error reporting task backlog information: IOError: 
[2022-01-12 10:15:47,216 I 144317 144619] raylet_client.cc:336: Error reporting task backlog information: IOError: 
[2022-01-12 10:15:48,216 I 144317 144619] raylet_client.cc:336: Error reporting task backlog information: IOError: 
[2022-01-12 10:15:49,216 I 144317 144619] raylet_client.cc:336: Error reporting task backlog information: IOError: 
[2022-01-12 10:15:50,216 I 144317 144619] raylet_client.cc:336: Error reporting task backlog information: IOError: 
[2022-01-12 10:15:51,217 I 144317 144619] raylet_client.cc:336: Error reporting task backlog information: IOError: 
[2022-01-12 10:15:52,217 I 144317 144619] raylet_client.cc:336: Error reporting task backlog information: IOError: 
[2022-01-12 10:15:52,630 W 144317 144620] metric_exporter.cc:206: Export metrics to agent failed: IOError: . This won't affect Ray, but you can lose metrics from the cluster.
[2022-01-12 10:15:53,217 I 144317 144619] raylet_client.cc:336: Error reporting task backlog information: IOError: 
[2022-01-12 10:15:54,217 I 144317 144619] raylet_client.cc:336: Error reporting task backlog information: IOError: 
[2022-01-12 10:15:55,218 I 144317 144619] raylet_client.cc:336: Error reporting task backlog information: IOError: 
[2022-01-12 10:15:56,218 I 144317 144619] raylet_client.cc:336: Error reporting task backlog information: IOError: 
[2022-01-12 10:15:57,218 I 144317 144619] raylet_client.cc:336: Error reporting task backlog information: IOError: 
[2022-01-12 10:15:58,219 I 144317 144619] raylet_client.cc:336: Error reporting task backlog information: IOError: 
[2022-01-12 10:15:59,219 I 144317 144619] raylet_client.cc:336: Error reporting task backlog information: IOError: 
[2022-01-12 10:16:00,219 I 144317 144619] raylet_client.cc:336: Error reporting task backlog information: IOError: 
[2022-01-12 10:16:01,220 I 144317 144619] raylet_client.cc:336: Error reporting task backlog information: IOError: 
[2022-01-12 10:16:02,220 I 144317 144619] raylet_client.cc:336: Error reporting task backlog information: IOError: 
[2022-01-12 10:16:02,641 W 144317 144620] metric_exporter.cc:206: Export metrics to agent failed: IOError: . This won't affect Ray, but you can lose metrics from the cluster.
[2022-01-12 10:16:03,220 I 144317 144619] raylet_client.cc:336: Error reporting task backlog information: IOError: 
[2022-01-12 10:16:04,220 I 144317 144619] raylet_client.cc:336: Error reporting task backlog information: IOError: 
[2022-01-12 10:16:05,221 I 144317 144619] raylet_client.cc:336: Error reporting task backlog information: IOError: 
[2022-01-12 10:16:06,221 I 144317 144619] raylet_client.cc:336: Error reporting task backlog information: IOError: 
[2022-01-12 10:16:07,221 I 144317 144619] raylet_client.cc:336: Error reporting task backlog information: IOError: 
[2022-01-12 10:16:08,222 I 144317 144619] raylet_client.cc:336: Error reporting task backlog information: IOError: 
[2022-01-12 10:16:09,222 I 144317 144619] raylet_client.cc:336: Error reporting task backlog information: IOError: 
[2022-01-12 10:16:10,223 I 144317 144619] raylet_client.cc:336: Error reporting task backlog information: IOError: 
[2022-01-12 10:16:11,223 I 144317 144619] raylet_client.cc:336: Error reporting task backlog information: IOError: 
[2022-01-12 10:16:12,223 I 144317 144619] raylet_client.cc:336: Error reporting task backlog information: IOError: 
[2022-01-12 10:16:12,652 W 144317 144620] metric_exporter.cc:206: Export metrics to agent failed: IOError: . This won't affect Ray, but you can lose metrics from the cluster.
[2022-01-12 10:16:13,224 I 144317 144619] raylet_client.cc:336: Error reporting task backlog information: IOError: 
[2022-01-12 10:16:14,224 I 144317 144619] raylet_client.cc:336: Error reporting task backlog information: IOError: 
[2022-01-12 10:16:15,224 I 144317 144619] raylet_client.cc:336: Error reporting task backlog information: IOError: 
[2022-01-12 10:16:16,224 I 144317 144619] raylet_client.cc:336: Error reporting task backlog information: IOError: 
[2022-01-12 10:16:17,225 I 144317 144619] raylet_client.cc:336: Error reporting task backlog information: IOError: 
[2022-01-12 10:16:18,225 I 144317 144619] raylet_client.cc:336: Error reporting task backlog information: IOError: 
[2022-01-12 10:16:19,225 I 144317 144619] raylet_client.cc:336: Error reporting task backlog information: IOError: 
[2022-01-12 10:16:20,225 I 144317 144619] raylet_client.cc:336: Error reporting task backlog information: IOError: 
[2022-01-12 10:16:21,226 I 144317 144619] raylet_client.cc:336: Error reporting task backlog information: IOError: 
[2022-01-12 10:16:22,226 I 144317 144619] raylet_client.cc:336: Error reporting task backlog information: IOError: 
[2022-01-12 10:16:22,664 W 144317 144620] metric_exporter.cc:206: Export metrics to agent failed: IOError: . This won't affect Ray, but you can lose metrics from the cluster.
[2022-01-12 10:16:23,226 I 144317 144619] raylet_client.cc:336: Error reporting task backlog information: IOError: 
[2022-01-12 10:16:24,227 I 144317 144619] raylet_client.cc:336: Error reporting task backlog information: IOError: 
[2022-01-12 10:16:25,227 I 144317 144619] raylet_client.cc:336: Error reporting task backlog information: IOError: 
[2022-01-12 10:16:26,227 I 144317 144619] raylet_client.cc:336: Error reporting task backlog information: IOError: 
[2022-01-12 10:16:27,228 I 144317 144619] raylet_client.cc:336: Error reporting task backlog information: IOError: 
[2022-01-12 10:16:28,228 I 144317 144619] raylet_client.cc:336: Error reporting task backlog information: IOError: 
[2022-01-12 10:16:29,228 I 144317 144619] raylet_client.cc:336: Error reporting task backlog information: IOError: 
[2022-01-12 10:16:30,228 I 144317 144619] raylet_client.cc:336: Error reporting task backlog information: IOError: 
[2022-01-12 10:16:31,229 I 144317 144619] raylet_client.cc:336: Error reporting task backlog information: IOError: 
[2022-01-12 10:16:32,229 I 144317 144619] raylet_client.cc:336: Error reporting task backlog information: IOError: 
[2022-01-12 10:16:32,676 W 144317 144620] metric_exporter.cc:206: Export metrics to agent failed: IOError: . This won't affect Ray, but you can lose metrics from the cluster.
[2022-01-12 10:16:33,229 I 144317 144619] raylet_client.cc:336: Error reporting task backlog information: IOError: 
[2022-01-12 10:16:34,230 I 144317 144619] raylet_client.cc:336: Error reporting task backlog information: IOError: 
[2022-01-12 10:16:35,230 I 144317 144619] raylet_client.cc:336: Error reporting task backlog information: IOError: 
[2022-01-12 10:16:36,230 I 144317 144619] raylet_client.cc:336: Error reporting task backlog information: IOError: 
[2022-01-12 10:16:37,230 I 144317 144619] raylet_client.cc:336: Error reporting task backlog information: IOError: 
[2022-01-12 10:16:38,230 I 144317 144619] raylet_client.cc:336: Error reporting task backlog information: IOError: 
[2022-01-12 10:16:39,231 I 144317 144619] raylet_client.cc:336: Error reporting task backlog information: IOError: 
[2022-01-12 10:16:40,231 I 144317 144619] raylet_client.cc:336: Error reporting task backlog information: IOError: 
[2022-01-12 10:16:41,231 I 144317 144619] raylet_client.cc:336: Error reporting task backlog information: IOError: 
[2022-01-12 10:16:42,232 I 144317 144619] raylet_client.cc:336: Error reporting task backlog information: IOError: 
[2022-01-12 10:16:42,688 W 144317 144620] metric_exporter.cc:206: Export metrics to agent failed: IOError: . This won't affect Ray, but you can lose metrics from the cluster.
[2022-01-12 10:16:43,232 I 144317 144619] raylet_client.cc:336: Error reporting task backlog information: IOError: 
[2022-01-12 10:16:44,232 I 144317 144619] raylet_client.cc:336: Error reporting task backlog information: IOError: 
[2022-01-12 10:16:45,233 I 144317 144619] raylet_client.cc:336: Error reporting task backlog information: IOError: 
[2022-01-12 10:16:46,233 I 144317 144619] raylet_client.cc:336: Error reporting task backlog information: IOError: 
[2022-01-12 10:16:47,233 I 144317 144619] raylet_client.cc:336: Error reporting task backlog information: IOError: 
[2022-01-12 10:16:48,233 I 144317 144619] raylet_client.cc:336: Error reporting task backlog information: IOError: 
[2022-01-12 10:16:49,234 I 144317 144619] raylet_client.cc:336: Error reporting task backlog information: IOError: 
[2022-01-12 10:16:50,234 I 144317 144619] raylet_client.cc:336: Error reporting task backlog information: IOError: 
[2022-01-12 10:16:51,234 I 144317 144619] raylet_client.cc:336: Error reporting task backlog information: IOError: 
[2022-01-12 10:16:52,235 I 144317 144619] raylet_client.cc:336: Error reporting task backlog information: IOError: 
[2022-01-12 10:16:52,700 W 144317 144620] metric_exporter.cc:206: Export metrics to agent failed: IOError: . This won't affect Ray, but you can lose metrics from the cluster.
[2022-01-12 10:16:53,235 I 144317 144619] raylet_client.cc:336: Error reporting task backlog information: IOError: 
[2022-01-12 10:16:54,235 I 144317 144619] raylet_client.cc:336: Error reporting task backlog information: IOError: 
[2022-01-12 10:16:55,236 I 144317 144619] raylet_client.cc:336: Error reporting task backlog information: IOError: 
[2022-01-12 10:16:56,236 I 144317 144619] raylet_client.cc:336: Error reporting task backlog information: IOError: 
[2022-01-12 10:16:57,236 I 144317 144619] raylet_client.cc:336: Error reporting task backlog information: IOError: 
[2022-01-12 10:16:58,236 I 144317 144619] raylet_client.cc:336: Error reporting task backlog information: IOError: 
[2022-01-12 10:16:59,237 I 144317 144619] raylet_client.cc:336: Error reporting task backlog information: IOError: 
[2022-01-12 10:17:00,237 I 144317 144619] raylet_client.cc:336: Error reporting task backlog information: IOError: 
[2022-01-12 10:17:01,237 I 144317 144619] raylet_client.cc:336: Error reporting task backlog information: IOError: 
[2022-01-12 10:17:02,238 I 144317 144619] raylet_client.cc:336: Error reporting task backlog information: IOError: 
[2022-01-12 10:17:02,713 W 144317 144620] metric_exporter.cc:206: Export metrics to agent failed: IOError: . This won't affect Ray, but you can lose metrics from the cluster.
[2022-01-12 10:17:03,238 I 144317 144619] raylet_client.cc:336: Error reporting task backlog information: IOError: 
[2022-01-12 10:17:04,238 I 144317 144619] raylet_client.cc:336: Error reporting task backlog information: IOError: 
[2022-01-12 10:17:05,239 I 144317 144619] raylet_client.cc:336: Error reporting task backlog information: IOError: 
[2022-01-12 10:17:06,239 I 144317 144619] raylet_client.cc:336: Error reporting task backlog information: IOError: 
[2022-01-12 10:17:07,239 I 144317 144619] raylet_client.cc:336: Error reporting task backlog information: IOError: 
[2022-01-12 10:17:08,240 I 144317 144619] raylet_client.cc:336: Error reporting task backlog information: IOError: 
[2022-01-12 10:17:09,240 I 144317 144619] raylet_client.cc:336: Error reporting task backlog information: IOError: 
[2022-01-12 10:17:10,240 I 144317 144619] raylet_client.cc:336: Error reporting task backlog information: IOError: 
[2022-01-12 10:17:11,240 I 144317 144619] raylet_client.cc:336: Error reporting task backlog information: IOError: 
[2022-01-12 10:17:12,241 I 144317 144619] raylet_client.cc:336: Error reporting task backlog information: IOError: 
[2022-01-12 10:17:12,724 W 144317 144620] metric_exporter.cc:206: Export metrics to agent failed: IOError: . This won't affect Ray, but you can lose metrics from the cluster.
[2022-01-12 10:17:13,241 I 144317 144619] raylet_client.cc:336: Error reporting task backlog information: IOError: 
[2022-01-12 10:17:14,241 I 144317 144619] raylet_client.cc:336: Error reporting task backlog information: IOError: 
[2022-01-12 10:17:15,241 I 144317 144619] raylet_client.cc:336: Error reporting task backlog information: IOError: 
[2022-01-12 10:17:16,241 I 144317 144619] raylet_client.cc:336: Error reporting task backlog information: IOError: 
[2022-01-12 10:17:17,242 I 144317 144619] raylet_client.cc:336: Error reporting task backlog information: IOError: 
[2022-01-12 10:17:18,242 I 144317 144619] raylet_client.cc:336: Error reporting task backlog information: IOError: 
[2022-01-12 10:17:19,242 I 144317 144619] raylet_client.cc:336: Error reporting task backlog information: IOError: 
[2022-01-12 10:17:20,243 I 144317 144619] raylet_client.cc:336: Error reporting task backlog information: IOError: 
[2022-01-12 10:17:21,243 I 144317 144619] raylet_client.cc:336: Error reporting task backlog information: IOError: 
[2022-01-12 10:17:22,243 I 144317 144619] raylet_client.cc:336: Error reporting task backlog information: IOError: 
[2022-01-12 10:17:22,736 W 144317 144620] metric_exporter.cc:206: Export metrics to agent failed: IOError: . This won't affect Ray, but you can lose metrics from the cluster.
[2022-01-12 10:17:23,244 I 144317 144619] raylet_client.cc:336: Error reporting task backlog information: IOError: 
[2022-01-12 10:17:24,244 I 144317 144619] raylet_client.cc:336: Error reporting task backlog information: IOError: 
[2022-01-12 10:17:25,244 I 144317 144619] raylet_client.cc:336: Error reporting task backlog information: IOError: 
[2022-01-12 10:17:26,244 I 144317 144619] raylet_client.cc:336: Error reporting task backlog information: IOError: 
[2022-01-12 10:17:27,245 I 144317 144619] raylet_client.cc:336: Error reporting task backlog information: IOError: 
[2022-01-12 10:17:28,245 I 144317 144619] raylet_client.cc:336: Error reporting task backlog information: IOError: 
[2022-01-12 10:17:29,245 I 144317 144619] raylet_client.cc:336: Error reporting task backlog information: IOError: 
[2022-01-12 10:17:30,245 I 144317 144619] raylet_client.cc:336: Error reporting task backlog information: IOError: 
[2022-01-12 10:17:31,245 I 144317 144619] raylet_client.cc:336: Error reporting task backlog information: IOError: 
[2022-01-12 10:17:32,246 I 144317 144619] raylet_client.cc:336: Error reporting task backlog information: IOError: 
[2022-01-12 10:17:32,750 W 144317 144620] metric_exporter.cc:206: Export metrics to agent failed: IOError: . This won't affect Ray, but you can lose metrics from the cluster.
[2022-01-12 10:17:33,246 I 144317 144619] raylet_client.cc:336: Error reporting task backlog information: IOError: 
[2022-01-12 10:17:34,246 I 144317 144619] raylet_client.cc:336: Error reporting task backlog information: IOError: 
[2022-01-12 10:17:35,246 I 144317 144619] raylet_client.cc:336: Error reporting task backlog information: IOError: 
[2022-01-12 10:17:36,246 I 144317 144619] raylet_client.cc:336: Error reporting task backlog information: IOError: 
[2022-01-12 10:17:37,247 I 144317 144619] raylet_client.cc:336: Error reporting task backlog information: IOError: 
[2022-01-12 10:17:38,247 I 144317 144619] raylet_client.cc:336: Error reporting task backlog information: IOError: 
[2022-01-12 10:17:39,247 I 144317 144619] raylet_client.cc:336: Error reporting task backlog information: IOError: 
[2022-01-12 10:17:40,248 I 144317 144619] raylet_client.cc:336: Error reporting task backlog information: IOError: 
[2022-01-12 10:17:41,248 I 144317 144619] raylet_client.cc:336: Error reporting task backlog information: IOError: 
[2022-01-12 10:17:42,248 I 144317 144619] raylet_client.cc:336: Error reporting task backlog information: IOError: 
[2022-01-12 10:17:42,762 W 144317 144620] metric_exporter.cc:206: Export metrics to agent failed: IOError: . This won't affect Ray, but you can lose metrics from the cluster.
[2022-01-12 10:17:43,248 I 144317 144619] raylet_client.cc:336: Error reporting task backlog information: IOError: 
[2022-01-12 10:17:44,249 I 144317 144619] raylet_client.cc:336: Error reporting task backlog information: IOError: 
[2022-01-12 10:17:45,249 I 144317 144619] raylet_client.cc:336: Error reporting task backlog information: IOError: 
[2022-01-12 10:17:46,249 I 144317 144619] raylet_client.cc:336: Error reporting task backlog information: IOError: 
[2022-01-12 10:17:47,249 I 144317 144619] raylet_client.cc:336: Error reporting task backlog information: IOError: 
[2022-01-12 10:17:48,249 I 144317 144619] raylet_client.cc:336: Error reporting task backlog information: IOError: 
[2022-01-12 10:17:49,250 I 144317 144619] raylet_client.cc:336: Error reporting task backlog information: IOError: 
[2022-01-12 10:17:50,250 I 144317 144619] raylet_client.cc:336: Error reporting task backlog information: IOError: 
[2022-01-12 10:17:51,251 I 144317 144619] raylet_client.cc:336: Error reporting task backlog information: IOError: 
[2022-01-12 10:17:52,251 I 144317 144619] raylet_client.cc:336: Error reporting task backlog information: IOError: 
[2022-01-12 10:17:52,774 W 144317 144620] metric_exporter.cc:206: Export metrics to agent failed: IOError: . This won't affect Ray, but you can lose metrics from the cluster.
[2022-01-12 10:17:53,251 I 144317 144619] raylet_client.cc:336: Error reporting task backlog information: IOError: 
[2022-01-12 10:17:54,251 I 144317 144619] raylet_client.cc:336: Error reporting task backlog information: IOError: 
[2022-01-12 10:17:55,252 I 144317 144619] raylet_client.cc:336: Error reporting task backlog information: IOError: 
[2022-01-12 10:17:56,252 I 144317 144619] raylet_client.cc:336: Error reporting task backlog information: IOError: 
[2022-01-12 10:17:57,252 I 144317 144619] raylet_client.cc:336: Error reporting task backlog information: IOError: 
[2022-01-12 10:17:58,252 I 144317 144619] raylet_client.cc:336: Error reporting task backlog information: IOError: 
[2022-01-12 10:17:59,253 I 144317 144619] raylet_client.cc:336: Error reporting task backlog information: IOError: 
[2022-01-12 10:18:00,253 I 144317 144619] raylet_client.cc:336: Error reporting task backlog information: IOError: 
[2022-01-12 10:18:01,253 I 144317 144619] raylet_client.cc:336: Error reporting task backlog information: IOError: 
[2022-01-12 10:18:02,254 I 144317 144619] raylet_client.cc:336: Error reporting task backlog information: IOError: 
[2022-01-12 10:18:02,788 W 144317 144620] metric_exporter.cc:206: Export metrics to agent failed: IOError: . This won't affect Ray, but you can lose metrics from the cluster.
[2022-01-12 10:18:03,254 I 144317 144619] raylet_client.cc:336: Error reporting task backlog information: IOError: 
[2022-01-12 10:18:04,254 I 144317 144619] raylet_client.cc:336: Error reporting task backlog information: IOError: 
[2022-01-12 10:18:05,255 I 144317 144619] raylet_client.cc:336: Error reporting task backlog information: IOError: 
[2022-01-12 10:18:06,255 I 144317 144619] raylet_client.cc:336: Error reporting task backlog information: IOError: 
[2022-01-12 10:18:07,255 I 144317 144619] raylet_client.cc:336: Error reporting task backlog information: IOError: 
[2022-01-12 10:18:08,256 I 144317 144619] raylet_client.cc:336: Error reporting task backlog information: IOError: 
[2022-01-12 10:18:09,256 I 144317 144619] raylet_client.cc:336: Error reporting task backlog information: IOError: 
[2022-01-12 10:18:10,256 I 144317 144619] raylet_client.cc:336: Error reporting task backlog information: IOError: 
[2022-01-12 10:18:11,257 I 144317 144619] raylet_client.cc:336: Error reporting task backlog information: IOError: 
[2022-01-12 10:18:12,257 I 144317 144619] raylet_client.cc:336: Error reporting task backlog information: IOError: 
[2022-01-12 10:18:12,801 W 144317 144620] metric_exporter.cc:206: Export metrics to agent failed: IOError: . This won't affect Ray, but you can lose metrics from the cluster.
[2022-01-12 10:18:13,257 I 144317 144619] raylet_client.cc:336: Error reporting task backlog information: IOError: 
[2022-01-12 10:18:14,258 I 144317 144619] raylet_client.cc:336: Error reporting task backlog information: IOError: 
[2022-01-12 10:18:15,258 I 144317 144619] raylet_client.cc:336: Error reporting task backlog information: IOError: 
[2022-01-12 10:18:16,258 I 144317 144619] raylet_client.cc:336: Error reporting task backlog information: IOError: 
[2022-01-12 10:18:17,258 I 144317 144619] raylet_client.cc:336: Error reporting task backlog information: IOError: 
[2022-01-12 10:18:18,259 I 144317 144619] raylet_client.cc:336: Error reporting task backlog information: IOError: 
[2022-01-12 10:18:19,259 I 144317 144619] raylet_client.cc:336: Error reporting task backlog information: IOError: 
[2022-01-12 10:18:20,259 I 144317 144619] raylet_client.cc:336: Error reporting task backlog information: IOError: 
[2022-01-12 10:18:21,260 I 144317 144619] raylet_client.cc:336: Error reporting task backlog information: IOError: 
[2022-01-12 10:18:22,260 I 144317 144619] raylet_client.cc:336: Error reporting task backlog information: IOError: 
[2022-01-12 10:18:22,816 W 144317 144620] metric_exporter.cc:206: Export metrics to agent failed: IOError: . This won't affect Ray, but you can lose metrics from the cluster.
[2022-01-12 10:18:23,260 I 144317 144619] raylet_client.cc:336: Error reporting task backlog information: IOError: 
[2022-01-12 10:18:24,261 I 144317 144619] raylet_client.cc:336: Error reporting task backlog information: IOError: 
[2022-01-12 10:18:25,261 I 144317 144619] raylet_client.cc:336: Error reporting task backlog information: IOError: 
[2022-01-12 10:18:26,261 I 144317 144619] raylet_client.cc:336: Error reporting task backlog information: IOError: 
[2022-01-12 10:18:27,261 I 144317 144619] raylet_client.cc:336: Error reporting task backlog information: IOError: 
[2022-01-12 10:18:28,261 I 144317 144619] raylet_client.cc:336: Error reporting task backlog information: IOError: 
[2022-01-12 10:18:29,262 I 144317 144619] raylet_client.cc:336: Error reporting task backlog information: IOError: 
[2022-01-12 10:18:30,262 I 144317 144619] raylet_client.cc:336: Error reporting task backlog information: IOError: 
[2022-01-12 10:18:31,262 I 144317 144619] raylet_client.cc:336: Error reporting task backlog information: IOError: 
[2022-01-12 10:18:32,263 I 144317 144619] raylet_client.cc:336: Error reporting task backlog information: IOError: 
[2022-01-12 10:18:32,828 W 144317 144620] metric_exporter.cc:206: Export metrics to agent failed: IOError: . This won't affect Ray, but you can lose metrics from the cluster.
[2022-01-12 10:18:33,263 I 144317 144619] raylet_client.cc:336: Error reporting task backlog information: IOError: 
[2022-01-12 10:18:34,263 I 144317 144619] raylet_client.cc:336: Error reporting task backlog information: IOError: 
[2022-01-12 10:18:35,264 I 144317 144619] raylet_client.cc:336: Error reporting task backlog information: IOError: 
[2022-01-12 10:18:36,264 I 144317 144619] raylet_client.cc:336: Error reporting task backlog information: IOError: 
[2022-01-12 10:18:37,264 I 144317 144619] raylet_client.cc:336: Error reporting task backlog information: IOError: 
[2022-01-12 10:18:38,264 I 144317 144619] raylet_client.cc:336: Error reporting task backlog information: IOError: 
[2022-01-12 10:18:39,264 I 144317 144619] raylet_client.cc:336: Error reporting task backlog information: IOError: 
[2022-01-12 10:18:40,265 I 144317 144619] raylet_client.cc:336: Error reporting task backlog information: IOError: 
[2022-01-12 10:18:41,265 I 144317 144619] raylet_client.cc:336: Error reporting task backlog information: IOError: 
[2022-01-12 10:18:42,265 I 144317 144619] raylet_client.cc:336: Error reporting task backlog information: IOError: 
[2022-01-12 10:18:42,842 W 144317 144620] metric_exporter.cc:206: Export metrics to agent failed: IOError: . This won't affect Ray, but you can lose metrics from the cluster.
[2022-01-12 10:18:43,266 I 144317 144619] raylet_client.cc:336: Error reporting task backlog information: IOError: 
[2022-01-12 10:18:44,266 I 144317 144619] raylet_client.cc:336: Error reporting task backlog information: IOError: 
[2022-01-12 10:18:45,266 I 144317 144619] raylet_client.cc:336: Error reporting task backlog information: IOError: 
[2022-01-12 10:18:46,266 I 144317 144619] raylet_client.cc:336: Error reporting task backlog information: IOError: 
[2022-01-12 10:18:47,267 I 144317 144619] raylet_client.cc:336: Error reporting task backlog information: IOError: 
[2022-01-12 10:18:48,267 I 144317 144619] raylet_client.cc:336: Error reporting task backlog information: IOError: 
[2022-01-12 10:18:49,267 I 144317 144619] raylet_client.cc:336: Error reporting task backlog information: IOError: 
[2022-01-12 10:18:50,268 I 144317 144619] raylet_client.cc:336: Error reporting task backlog information: IOError: 
[2022-01-12 10:18:51,268 I 144317 144619] raylet_client.cc:336: Error reporting task backlog information: IOError: 
[2022-01-12 10:18:52,268 I 144317 144619] raylet_client.cc:336: Error reporting task backlog information: IOError: 
[2022-01-12 10:18:52,857 W 144317 144620] metric_exporter.cc:206: Export metrics to agent failed: IOError: . This won't affect Ray, but you can lose metrics from the cluster.
[2022-01-12 10:18:53,269 I 144317 144619] raylet_client.cc:336: Error reporting task backlog information: IOError: 
[2022-01-12 10:18:54,269 I 144317 144619] raylet_client.cc:336: Error reporting task backlog information: IOError: 
[2022-01-12 10:18:55,269 I 144317 144619] raylet_client.cc:336: Error reporting task backlog information: IOError: 
[2022-01-12 10:18:56,269 I 144317 144619] raylet_client.cc:336: Error reporting task backlog information: IOError: 
[2022-01-12 10:18:57,167 E 144317 144523] gcs_server_address_updater.cc:76: Failed to receive the GCS address for 600 times without success. The worker will exit ungracefully. It is because GCS has died. It could be because there was an issue that kills GCS, such as high memory usage triggering OOM killer to kill GCS. Cluster will be highly likely unavailable if you see this log. Please check the log from gcs_server.err.
