[2022-01-12 10:08:51,993 I 144320 144320] core_worker.cc:132: Constructing CoreWorkerProcess. pid: 144320
[2022-01-12 10:08:52,001 I 144320 144320] grpc_server.cc:112: worker server started, listening on port 36059.
[2022-01-12 10:08:52,004 I 144320 144320] core_worker.cc:479: Initializing worker at address: 131.215.21.210:36059, worker ID 727677b11e4869b6f3d692168d981b93366c3139759142523ca7b04b, raylet 658a2a4f6baf8a900213f534554bca958425823100418d797bb63eee
[2022-01-12 10:08:52,113 I 144320 144320] io_service_pool.cc:35: IOServicePool is running with 1 io_service.
[2022-01-12 10:08:52,152 I 144320 144594] accessor.cc:560: Received notification for node id = 658a2a4f6baf8a900213f534554bca958425823100418d797bb63eee, IsAlive = 1
[2022-01-12 10:08:58,007 W 144320 144488] gcs_server_address_updater.cc:61: [1] Failed to get the gcs server address from raylet 1 times in a row. If it keeps failing to obtain the address, the worker might crash. Connection status IOError: 
[2022-01-12 10:08:59,007 I 144320 144594] raylet_client.cc:336: Error reporting task backlog information: IOError: 
[2022-01-12 10:08:59,144 I 144320 144594] raylet_client.cc:336: Error reporting task backlog information: IOError: 
[2022-01-12 10:09:00,144 I 144320 144594] raylet_client.cc:336: Error reporting task backlog information: IOError: 
[2022-01-12 10:09:01,145 I 144320 144594] raylet_client.cc:336: Error reporting task backlog information: IOError: 
[2022-01-12 10:09:02,125 W 144320 144595] metric_exporter.cc:206: Export metrics to agent failed: IOError: . This won't affect Ray, but you can lose metrics from the cluster.
[2022-01-12 10:09:02,145 I 144320 144594] raylet_client.cc:336: Error reporting task backlog information: IOError: 
[2022-01-12 10:09:03,145 I 144320 144594] raylet_client.cc:336: Error reporting task backlog information: IOError: 
[2022-01-12 10:09:04,145 I 144320 144594] raylet_client.cc:336: Error reporting task backlog information: IOError: 
[2022-01-12 10:09:05,145 I 144320 144594] raylet_client.cc:336: Error reporting task backlog information: IOError: 
[2022-01-12 10:09:06,145 I 144320 144594] raylet_client.cc:336: Error reporting task backlog information: IOError: 
[2022-01-12 10:09:07,145 I 144320 144594] raylet_client.cc:336: Error reporting task backlog information: IOError: 
[2022-01-12 10:09:08,146 I 144320 144594] raylet_client.cc:336: Error reporting task backlog information: IOError: 
[2022-01-12 10:09:09,146 I 144320 144594] raylet_client.cc:336: Error reporting task backlog information: IOError: 
[2022-01-12 10:09:10,146 I 144320 144594] raylet_client.cc:336: Error reporting task backlog information: IOError: 
[2022-01-12 10:09:11,146 I 144320 144594] raylet_client.cc:336: Error reporting task backlog information: IOError: 
[2022-01-12 10:09:12,135 W 144320 144595] metric_exporter.cc:206: Export metrics to agent failed: IOError: . This won't affect Ray, but you can lose metrics from the cluster.
[2022-01-12 10:09:12,146 I 144320 144594] raylet_client.cc:336: Error reporting task backlog information: IOError: 
[2022-01-12 10:09:13,146 I 144320 144594] raylet_client.cc:336: Error reporting task backlog information: IOError: 
[2022-01-12 10:09:14,147 I 144320 144594] raylet_client.cc:336: Error reporting task backlog information: IOError: 
[2022-01-12 10:09:15,147 I 144320 144594] raylet_client.cc:336: Error reporting task backlog information: IOError: 
[2022-01-12 10:09:16,147 I 144320 144594] raylet_client.cc:336: Error reporting task backlog information: IOError: 
[2022-01-12 10:09:17,147 I 144320 144594] raylet_client.cc:336: Error reporting task backlog information: IOError: 
[2022-01-12 10:09:18,147 I 144320 144594] raylet_client.cc:336: Error reporting task backlog information: IOError: 
[2022-01-12 10:09:19,147 I 144320 144594] raylet_client.cc:336: Error reporting task backlog information: IOError: 
[2022-01-12 10:09:20,148 I 144320 144594] raylet_client.cc:336: Error reporting task backlog information: IOError: 
[2022-01-12 10:09:21,148 I 144320 144594] raylet_client.cc:336: Error reporting task backlog information: IOError: 
[2022-01-12 10:09:22,145 W 144320 144595] metric_exporter.cc:206: Export metrics to agent failed: IOError: . This won't affect Ray, but you can lose metrics from the cluster.
[2022-01-12 10:09:22,148 I 144320 144594] raylet_client.cc:336: Error reporting task backlog information: IOError: 
[2022-01-12 10:09:23,148 I 144320 144594] raylet_client.cc:336: Error reporting task backlog information: IOError: 
[2022-01-12 10:09:24,148 I 144320 144594] raylet_client.cc:336: Error reporting task backlog information: IOError: 
[2022-01-12 10:09:25,148 I 144320 144594] raylet_client.cc:336: Error reporting task backlog information: IOError: 
[2022-01-12 10:09:26,148 I 144320 144594] raylet_client.cc:336: Error reporting task backlog information: IOError: 
[2022-01-12 10:09:27,148 I 144320 144594] raylet_client.cc:336: Error reporting task backlog information: IOError: 
[2022-01-12 10:09:28,148 I 144320 144594] raylet_client.cc:336: Error reporting task backlog information: IOError: 
[2022-01-12 10:09:29,148 I 144320 144594] raylet_client.cc:336: Error reporting task backlog information: IOError: 
[2022-01-12 10:09:30,149 I 144320 144594] raylet_client.cc:336: Error reporting task backlog information: IOError: 
[2022-01-12 10:09:31,149 I 144320 144594] raylet_client.cc:336: Error reporting task backlog information: IOError: 
[2022-01-12 10:09:32,149 I 144320 144594] raylet_client.cc:336: Error reporting task backlog information: IOError: 
[2022-01-12 10:09:32,155 W 144320 144595] metric_exporter.cc:206: Export metrics to agent failed: IOError: . This won't affect Ray, but you can lose metrics from the cluster.
[2022-01-12 10:09:33,149 I 144320 144594] raylet_client.cc:336: Error reporting task backlog information: IOError: 
[2022-01-12 10:09:34,149 I 144320 144594] raylet_client.cc:336: Error reporting task backlog information: IOError: 
[2022-01-12 10:09:35,149 I 144320 144594] raylet_client.cc:336: Error reporting task backlog information: IOError: 
[2022-01-12 10:09:36,149 I 144320 144594] raylet_client.cc:336: Error reporting task backlog information: IOError: 
[2022-01-12 10:09:37,149 I 144320 144594] raylet_client.cc:336: Error reporting task backlog information: IOError: 
[2022-01-12 10:09:38,149 I 144320 144594] raylet_client.cc:336: Error reporting task backlog information: IOError: 
[2022-01-12 10:09:39,149 I 144320 144594] raylet_client.cc:336: Error reporting task backlog information: IOError: 
[2022-01-12 10:09:40,150 I 144320 144594] raylet_client.cc:336: Error reporting task backlog information: IOError: 
[2022-01-12 10:09:41,150 I 144320 144594] raylet_client.cc:336: Error reporting task backlog information: IOError: 
[2022-01-12 10:09:42,150 I 144320 144594] raylet_client.cc:336: Error reporting task backlog information: IOError: 
[2022-01-12 10:09:42,163 W 144320 144595] metric_exporter.cc:206: Export metrics to agent failed: IOError: . This won't affect Ray, but you can lose metrics from the cluster.
[2022-01-12 10:09:43,150 I 144320 144594] raylet_client.cc:336: Error reporting task backlog information: IOError: 
[2022-01-12 10:09:44,150 I 144320 144594] raylet_client.cc:336: Error reporting task backlog information: IOError: 
[2022-01-12 10:09:45,150 I 144320 144594] raylet_client.cc:336: Error reporting task backlog information: IOError: 
[2022-01-12 10:09:46,150 I 144320 144594] raylet_client.cc:336: Error reporting task backlog information: IOError: 
[2022-01-12 10:09:47,150 I 144320 144594] raylet_client.cc:336: Error reporting task backlog information: IOError: 
[2022-01-12 10:09:48,150 I 144320 144594] raylet_client.cc:336: Error reporting task backlog information: IOError: 
[2022-01-12 10:09:49,150 I 144320 144594] raylet_client.cc:336: Error reporting task backlog information: IOError: 
[2022-01-12 10:09:50,150 I 144320 144594] raylet_client.cc:336: Error reporting task backlog information: IOError: 
[2022-01-12 10:09:51,150 I 144320 144594] raylet_client.cc:336: Error reporting task backlog information: IOError: 
[2022-01-12 10:09:52,150 I 144320 144594] raylet_client.cc:336: Error reporting task backlog information: IOError: 
[2022-01-12 10:09:52,170 W 144320 144595] metric_exporter.cc:206: Export metrics to agent failed: IOError: . This won't affect Ray, but you can lose metrics from the cluster.
[2022-01-12 10:09:53,150 I 144320 144594] raylet_client.cc:336: Error reporting task backlog information: IOError: 
[2022-01-12 10:09:54,151 I 144320 144594] raylet_client.cc:336: Error reporting task backlog information: IOError: 
[2022-01-12 10:09:55,151 I 144320 144594] raylet_client.cc:336: Error reporting task backlog information: IOError: 
[2022-01-12 10:09:56,151 I 144320 144594] raylet_client.cc:336: Error reporting task backlog information: IOError: 
[2022-01-12 10:09:57,151 I 144320 144594] raylet_client.cc:336: Error reporting task backlog information: IOError: 
[2022-01-12 10:09:58,151 I 144320 144594] raylet_client.cc:336: Error reporting task backlog information: IOError: 
[2022-01-12 10:09:59,151 I 144320 144594] raylet_client.cc:336: Error reporting task backlog information: IOError: 
[2022-01-12 10:10:00,151 I 144320 144594] raylet_client.cc:336: Error reporting task backlog information: IOError: 
[2022-01-12 10:10:01,151 I 144320 144594] raylet_client.cc:336: Error reporting task backlog information: IOError: 
[2022-01-12 10:10:02,151 I 144320 144594] raylet_client.cc:336: Error reporting task backlog information: IOError: 
[2022-01-12 10:10:02,187 W 144320 144595] metric_exporter.cc:206: Export metrics to agent failed: IOError: . This won't affect Ray, but you can lose metrics from the cluster.
[2022-01-12 10:10:03,151 I 144320 144594] raylet_client.cc:336: Error reporting task backlog information: IOError: 
[2022-01-12 10:10:04,151 I 144320 144594] raylet_client.cc:336: Error reporting task backlog information: IOError: 
[2022-01-12 10:10:05,151 I 144320 144594] raylet_client.cc:336: Error reporting task backlog information: IOError: 
[2022-01-12 10:10:06,151 I 144320 144594] raylet_client.cc:336: Error reporting task backlog information: IOError: 
[2022-01-12 10:10:07,152 I 144320 144594] raylet_client.cc:336: Error reporting task backlog information: IOError: 
[2022-01-12 10:10:08,152 I 144320 144594] raylet_client.cc:336: Error reporting task backlog information: IOError: 
[2022-01-12 10:10:09,152 I 144320 144594] raylet_client.cc:336: Error reporting task backlog information: IOError: 
[2022-01-12 10:10:10,152 I 144320 144594] raylet_client.cc:336: Error reporting task backlog information: IOError: 
[2022-01-12 10:10:11,152 I 144320 144594] raylet_client.cc:336: Error reporting task backlog information: IOError: 
[2022-01-12 10:10:12,152 I 144320 144594] raylet_client.cc:336: Error reporting task backlog information: IOError: 
[2022-01-12 10:10:12,204 W 144320 144595] metric_exporter.cc:206: Export metrics to agent failed: IOError: . This won't affect Ray, but you can lose metrics from the cluster.
[2022-01-12 10:10:13,159 I 144320 144594] raylet_client.cc:336: Error reporting task backlog information: IOError: 
[2022-01-12 10:10:14,159 I 144320 144594] raylet_client.cc:336: Error reporting task backlog information: IOError: 
[2022-01-12 10:10:15,160 I 144320 144594] raylet_client.cc:336: Error reporting task backlog information: IOError: 
[2022-01-12 10:10:16,160 I 144320 144594] raylet_client.cc:336: Error reporting task backlog information: IOError: 
[2022-01-12 10:10:17,160 I 144320 144594] raylet_client.cc:336: Error reporting task backlog information: IOError: 
[2022-01-12 10:10:18,160 I 144320 144594] raylet_client.cc:336: Error reporting task backlog information: IOError: 
[2022-01-12 10:10:19,160 I 144320 144594] raylet_client.cc:336: Error reporting task backlog information: IOError: 
[2022-01-12 10:10:20,160 I 144320 144594] raylet_client.cc:336: Error reporting task backlog information: IOError: 
[2022-01-12 10:10:21,160 I 144320 144594] raylet_client.cc:336: Error reporting task backlog information: IOError: 
[2022-01-12 10:10:22,160 I 144320 144594] raylet_client.cc:336: Error reporting task backlog information: IOError: 
[2022-01-12 10:10:22,215 W 144320 144595] metric_exporter.cc:206: Export metrics to agent failed: IOError: . This won't affect Ray, but you can lose metrics from the cluster.
[2022-01-12 10:10:23,160 I 144320 144594] raylet_client.cc:336: Error reporting task backlog information: IOError: 
[2022-01-12 10:10:24,160 I 144320 144594] raylet_client.cc:336: Error reporting task backlog information: IOError: 
[2022-01-12 10:10:25,161 I 144320 144594] raylet_client.cc:336: Error reporting task backlog information: IOError: 
[2022-01-12 10:10:26,161 I 144320 144594] raylet_client.cc:336: Error reporting task backlog information: IOError: 
[2022-01-12 10:10:27,161 I 144320 144594] raylet_client.cc:336: Error reporting task backlog information: IOError: 
[2022-01-12 10:10:28,161 I 144320 144594] raylet_client.cc:336: Error reporting task backlog information: IOError: 
[2022-01-12 10:10:29,161 I 144320 144594] raylet_client.cc:336: Error reporting task backlog information: IOError: 
[2022-01-12 10:10:30,161 I 144320 144594] raylet_client.cc:336: Error reporting task backlog information: IOError: 
[2022-01-12 10:10:31,161 I 144320 144594] raylet_client.cc:336: Error reporting task backlog information: IOError: 
[2022-01-12 10:10:32,162 I 144320 144594] raylet_client.cc:336: Error reporting task backlog information: IOError: 
[2022-01-12 10:10:32,222 W 144320 144595] metric_exporter.cc:206: Export metrics to agent failed: IOError: . This won't affect Ray, but you can lose metrics from the cluster.
[2022-01-12 10:10:33,162 I 144320 144594] raylet_client.cc:336: Error reporting task backlog information: IOError: 
[2022-01-12 10:10:34,162 I 144320 144594] raylet_client.cc:336: Error reporting task backlog information: IOError: 
[2022-01-12 10:10:35,162 I 144320 144594] raylet_client.cc:336: Error reporting task backlog information: IOError: 
[2022-01-12 10:10:36,162 I 144320 144594] raylet_client.cc:336: Error reporting task backlog information: IOError: 
[2022-01-12 10:10:37,162 I 144320 144594] raylet_client.cc:336: Error reporting task backlog information: IOError: 
[2022-01-12 10:10:38,162 I 144320 144594] raylet_client.cc:336: Error reporting task backlog information: IOError: 
[2022-01-12 10:10:39,162 I 144320 144594] raylet_client.cc:336: Error reporting task backlog information: IOError: 
[2022-01-12 10:10:40,162 I 144320 144594] raylet_client.cc:336: Error reporting task backlog information: IOError: 
[2022-01-12 10:10:41,162 I 144320 144594] raylet_client.cc:336: Error reporting task backlog information: IOError: 
[2022-01-12 10:10:42,162 I 144320 144594] raylet_client.cc:336: Error reporting task backlog information: IOError: 
[2022-01-12 10:10:42,229 W 144320 144595] metric_exporter.cc:206: Export metrics to agent failed: IOError: . This won't affect Ray, but you can lose metrics from the cluster.
[2022-01-12 10:10:43,163 I 144320 144594] raylet_client.cc:336: Error reporting task backlog information: IOError: 
[2022-01-12 10:10:44,163 I 144320 144594] raylet_client.cc:336: Error reporting task backlog information: IOError: 
[2022-01-12 10:10:45,163 I 144320 144594] raylet_client.cc:336: Error reporting task backlog information: IOError: 
[2022-01-12 10:10:46,163 I 144320 144594] raylet_client.cc:336: Error reporting task backlog information: IOError: 
[2022-01-12 10:10:47,163 I 144320 144594] raylet_client.cc:336: Error reporting task backlog information: IOError: 
[2022-01-12 10:10:48,163 I 144320 144594] raylet_client.cc:336: Error reporting task backlog information: IOError: 
[2022-01-12 10:10:49,163 I 144320 144594] raylet_client.cc:336: Error reporting task backlog information: IOError: 
[2022-01-12 10:10:50,164 I 144320 144594] raylet_client.cc:336: Error reporting task backlog information: IOError: 
[2022-01-12 10:10:51,164 I 144320 144594] raylet_client.cc:336: Error reporting task backlog information: IOError: 
[2022-01-12 10:10:52,164 I 144320 144594] raylet_client.cc:336: Error reporting task backlog information: IOError: 
[2022-01-12 10:10:52,237 W 144320 144595] metric_exporter.cc:206: Export metrics to agent failed: IOError: . This won't affect Ray, but you can lose metrics from the cluster.
[2022-01-12 10:10:53,164 I 144320 144594] raylet_client.cc:336: Error reporting task backlog information: IOError: 
[2022-01-12 10:10:54,164 I 144320 144594] raylet_client.cc:336: Error reporting task backlog information: IOError: 
[2022-01-12 10:10:55,164 I 144320 144594] raylet_client.cc:336: Error reporting task backlog information: IOError: 
[2022-01-12 10:10:56,164 I 144320 144594] raylet_client.cc:336: Error reporting task backlog information: IOError: 
[2022-01-12 10:10:57,165 I 144320 144594] raylet_client.cc:336: Error reporting task backlog information: IOError: 
[2022-01-12 10:10:58,165 I 144320 144594] raylet_client.cc:336: Error reporting task backlog information: IOError: 
[2022-01-12 10:10:59,165 I 144320 144594] raylet_client.cc:336: Error reporting task backlog information: IOError: 
[2022-01-12 10:11:00,165 I 144320 144594] raylet_client.cc:336: Error reporting task backlog information: IOError: 
[2022-01-12 10:11:01,165 I 144320 144594] raylet_client.cc:336: Error reporting task backlog information: IOError: 
[2022-01-12 10:11:02,165 I 144320 144594] raylet_client.cc:336: Error reporting task backlog information: IOError: 
[2022-01-12 10:11:02,244 W 144320 144595] metric_exporter.cc:206: Export metrics to agent failed: IOError: . This won't affect Ray, but you can lose metrics from the cluster.
[2022-01-12 10:11:03,166 I 144320 144594] raylet_client.cc:336: Error reporting task backlog information: IOError: 
[2022-01-12 10:11:04,166 I 144320 144594] raylet_client.cc:336: Error reporting task backlog information: IOError: 
[2022-01-12 10:11:05,166 I 144320 144594] raylet_client.cc:336: Error reporting task backlog information: IOError: 
[2022-01-12 10:11:06,166 I 144320 144594] raylet_client.cc:336: Error reporting task backlog information: IOError: 
[2022-01-12 10:11:07,166 I 144320 144594] raylet_client.cc:336: Error reporting task backlog information: IOError: 
[2022-01-12 10:11:08,166 I 144320 144594] raylet_client.cc:336: Error reporting task backlog information: IOError: 
[2022-01-12 10:11:09,166 I 144320 144594] raylet_client.cc:336: Error reporting task backlog information: IOError: 
[2022-01-12 10:11:10,167 I 144320 144594] raylet_client.cc:336: Error reporting task backlog information: IOError: 
[2022-01-12 10:11:11,167 I 144320 144594] raylet_client.cc:336: Error reporting task backlog information: IOError: 
[2022-01-12 10:11:12,167 I 144320 144594] raylet_client.cc:336: Error reporting task backlog information: IOError: 
[2022-01-12 10:11:12,258 W 144320 144595] metric_exporter.cc:206: Export metrics to agent failed: IOError: . This won't affect Ray, but you can lose metrics from the cluster.
[2022-01-12 10:11:13,167 I 144320 144594] raylet_client.cc:336: Error reporting task backlog information: IOError: 
[2022-01-12 10:11:14,167 I 144320 144594] raylet_client.cc:336: Error reporting task backlog information: IOError: 
[2022-01-12 10:11:15,168 I 144320 144594] raylet_client.cc:336: Error reporting task backlog information: IOError: 
[2022-01-12 10:11:16,168 I 144320 144594] raylet_client.cc:336: Error reporting task backlog information: IOError: 
[2022-01-12 10:11:17,168 I 144320 144594] raylet_client.cc:336: Error reporting task backlog information: IOError: 
[2022-01-12 10:11:18,168 I 144320 144594] raylet_client.cc:336: Error reporting task backlog information: IOError: 
[2022-01-12 10:11:19,169 I 144320 144594] raylet_client.cc:336: Error reporting task backlog information: IOError: 
[2022-01-12 10:11:20,169 I 144320 144594] raylet_client.cc:336: Error reporting task backlog information: IOError: 
[2022-01-12 10:11:21,169 I 144320 144594] raylet_client.cc:336: Error reporting task backlog information: IOError: 
[2022-01-12 10:11:22,169 I 144320 144594] raylet_client.cc:336: Error reporting task backlog information: IOError: 
[2022-01-12 10:11:22,268 W 144320 144595] metric_exporter.cc:206: Export metrics to agent failed: IOError: . This won't affect Ray, but you can lose metrics from the cluster.
[2022-01-12 10:11:23,170 I 144320 144594] raylet_client.cc:336: Error reporting task backlog information: IOError: 
[2022-01-12 10:11:24,170 I 144320 144594] raylet_client.cc:336: Error reporting task backlog information: IOError: 
[2022-01-12 10:11:25,170 I 144320 144594] raylet_client.cc:336: Error reporting task backlog information: IOError: 
[2022-01-12 10:11:26,170 I 144320 144594] raylet_client.cc:336: Error reporting task backlog information: IOError: 
[2022-01-12 10:11:27,170 I 144320 144594] raylet_client.cc:336: Error reporting task backlog information: IOError: 
[2022-01-12 10:11:28,171 I 144320 144594] raylet_client.cc:336: Error reporting task backlog information: IOError: 
[2022-01-12 10:11:29,171 I 144320 144594] raylet_client.cc:336: Error reporting task backlog information: IOError: 
[2022-01-12 10:11:30,171 I 144320 144594] raylet_client.cc:336: Error reporting task backlog information: IOError: 
[2022-01-12 10:11:31,172 I 144320 144594] raylet_client.cc:336: Error reporting task backlog information: IOError: 
[2022-01-12 10:11:32,172 I 144320 144594] raylet_client.cc:336: Error reporting task backlog information: IOError: 
[2022-01-12 10:11:32,280 W 144320 144595] metric_exporter.cc:206: Export metrics to agent failed: IOError: . This won't affect Ray, but you can lose metrics from the cluster.
[2022-01-12 10:11:33,172 I 144320 144594] raylet_client.cc:336: Error reporting task backlog information: IOError: 
[2022-01-12 10:11:34,172 I 144320 144594] raylet_client.cc:336: Error reporting task backlog information: IOError: 
[2022-01-12 10:11:35,173 I 144320 144594] raylet_client.cc:336: Error reporting task backlog information: IOError: 
[2022-01-12 10:11:36,173 I 144320 144594] raylet_client.cc:336: Error reporting task backlog information: IOError: 
[2022-01-12 10:11:37,173 I 144320 144594] raylet_client.cc:336: Error reporting task backlog information: IOError: 
[2022-01-12 10:11:38,173 I 144320 144594] raylet_client.cc:336: Error reporting task backlog information: IOError: 
[2022-01-12 10:11:39,174 I 144320 144594] raylet_client.cc:336: Error reporting task backlog information: IOError: 
[2022-01-12 10:11:40,174 I 144320 144594] raylet_client.cc:336: Error reporting task backlog information: IOError: 
[2022-01-12 10:11:41,174 I 144320 144594] raylet_client.cc:336: Error reporting task backlog information: IOError: 
[2022-01-12 10:11:42,174 I 144320 144594] raylet_client.cc:336: Error reporting task backlog information: IOError: 
[2022-01-12 10:11:42,291 W 144320 144595] metric_exporter.cc:206: Export metrics to agent failed: IOError: . This won't affect Ray, but you can lose metrics from the cluster.
[2022-01-12 10:11:43,175 I 144320 144594] raylet_client.cc:336: Error reporting task backlog information: IOError: 
[2022-01-12 10:11:44,175 I 144320 144594] raylet_client.cc:336: Error reporting task backlog information: IOError: 
[2022-01-12 10:11:45,175 I 144320 144594] raylet_client.cc:336: Error reporting task backlog information: IOError: 
[2022-01-12 10:11:46,175 I 144320 144594] raylet_client.cc:336: Error reporting task backlog information: IOError: 
[2022-01-12 10:11:47,176 I 144320 144594] raylet_client.cc:336: Error reporting task backlog information: IOError: 
[2022-01-12 10:11:48,176 I 144320 144594] raylet_client.cc:336: Error reporting task backlog information: IOError: 
[2022-01-12 10:11:49,176 I 144320 144594] raylet_client.cc:336: Error reporting task backlog information: IOError: 
[2022-01-12 10:11:50,176 I 144320 144594] raylet_client.cc:336: Error reporting task backlog information: IOError: 
[2022-01-12 10:11:51,177 I 144320 144594] raylet_client.cc:336: Error reporting task backlog information: IOError: 
[2022-01-12 10:11:52,177 I 144320 144594] raylet_client.cc:336: Error reporting task backlog information: IOError: 
[2022-01-12 10:11:52,302 W 144320 144595] metric_exporter.cc:206: Export metrics to agent failed: IOError: . This won't affect Ray, but you can lose metrics from the cluster.
[2022-01-12 10:11:53,177 I 144320 144594] raylet_client.cc:336: Error reporting task backlog information: IOError: 
[2022-01-12 10:11:54,177 I 144320 144594] raylet_client.cc:336: Error reporting task backlog information: IOError: 
[2022-01-12 10:11:55,178 I 144320 144594] raylet_client.cc:336: Error reporting task backlog information: IOError: 
[2022-01-12 10:11:56,178 I 144320 144594] raylet_client.cc:336: Error reporting task backlog information: IOError: 
[2022-01-12 10:11:57,178 I 144320 144594] raylet_client.cc:336: Error reporting task backlog information: IOError: 
[2022-01-12 10:11:58,178 I 144320 144594] raylet_client.cc:336: Error reporting task backlog information: IOError: 
[2022-01-12 10:11:59,179 I 144320 144594] raylet_client.cc:336: Error reporting task backlog information: IOError: 
[2022-01-12 10:12:00,179 I 144320 144594] raylet_client.cc:336: Error reporting task backlog information: IOError: 
[2022-01-12 10:12:01,179 I 144320 144594] raylet_client.cc:336: Error reporting task backlog information: IOError: 
[2022-01-12 10:12:02,179 I 144320 144594] raylet_client.cc:336: Error reporting task backlog information: IOError: 
[2022-01-12 10:12:02,314 W 144320 144595] metric_exporter.cc:206: Export metrics to agent failed: IOError: . This won't affect Ray, but you can lose metrics from the cluster.
[2022-01-12 10:12:03,180 I 144320 144594] raylet_client.cc:336: Error reporting task backlog information: IOError: 
[2022-01-12 10:12:04,180 I 144320 144594] raylet_client.cc:336: Error reporting task backlog information: IOError: 
[2022-01-12 10:12:05,180 I 144320 144594] raylet_client.cc:336: Error reporting task backlog information: IOError: 
[2022-01-12 10:12:06,180 I 144320 144594] raylet_client.cc:336: Error reporting task backlog information: IOError: 
[2022-01-12 10:12:07,180 I 144320 144594] raylet_client.cc:336: Error reporting task backlog information: IOError: 
[2022-01-12 10:12:08,181 I 144320 144594] raylet_client.cc:336: Error reporting task backlog information: IOError: 
[2022-01-12 10:12:09,181 I 144320 144594] raylet_client.cc:336: Error reporting task backlog information: IOError: 
[2022-01-12 10:12:10,181 I 144320 144594] raylet_client.cc:336: Error reporting task backlog information: IOError: 
[2022-01-12 10:12:11,182 I 144320 144594] raylet_client.cc:336: Error reporting task backlog information: IOError: 
[2022-01-12 10:12:12,182 I 144320 144594] raylet_client.cc:336: Error reporting task backlog information: IOError: 
[2022-01-12 10:12:12,325 W 144320 144595] metric_exporter.cc:206: Export metrics to agent failed: IOError: . This won't affect Ray, but you can lose metrics from the cluster.
[2022-01-12 10:12:13,182 I 144320 144594] raylet_client.cc:336: Error reporting task backlog information: IOError: 
[2022-01-12 10:12:14,182 I 144320 144594] raylet_client.cc:336: Error reporting task backlog information: IOError: 
[2022-01-12 10:12:15,183 I 144320 144594] raylet_client.cc:336: Error reporting task backlog information: IOError: 
[2022-01-12 10:12:16,183 I 144320 144594] raylet_client.cc:336: Error reporting task backlog information: IOError: 
[2022-01-12 10:12:17,183 I 144320 144594] raylet_client.cc:336: Error reporting task backlog information: IOError: 
[2022-01-12 10:12:18,184 I 144320 144594] raylet_client.cc:336: Error reporting task backlog information: IOError: 
[2022-01-12 10:12:19,184 I 144320 144594] raylet_client.cc:336: Error reporting task backlog information: IOError: 
[2022-01-12 10:12:20,184 I 144320 144594] raylet_client.cc:336: Error reporting task backlog information: IOError: 
[2022-01-12 10:12:21,184 I 144320 144594] raylet_client.cc:336: Error reporting task backlog information: IOError: 
[2022-01-12 10:12:22,185 I 144320 144594] raylet_client.cc:336: Error reporting task backlog information: IOError: 
[2022-01-12 10:12:22,336 W 144320 144595] metric_exporter.cc:206: Export metrics to agent failed: IOError: . This won't affect Ray, but you can lose metrics from the cluster.
[2022-01-12 10:12:23,185 I 144320 144594] raylet_client.cc:336: Error reporting task backlog information: IOError: 
[2022-01-12 10:12:24,185 I 144320 144594] raylet_client.cc:336: Error reporting task backlog information: IOError: 
[2022-01-12 10:12:25,186 I 144320 144594] raylet_client.cc:336: Error reporting task backlog information: IOError: 
[2022-01-12 10:12:26,186 I 144320 144594] raylet_client.cc:336: Error reporting task backlog information: IOError: 
[2022-01-12 10:12:27,186 I 144320 144594] raylet_client.cc:336: Error reporting task backlog information: IOError: 
[2022-01-12 10:12:28,187 I 144320 144594] raylet_client.cc:336: Error reporting task backlog information: IOError: 
[2022-01-12 10:12:29,187 I 144320 144594] raylet_client.cc:336: Error reporting task backlog information: IOError: 
[2022-01-12 10:12:30,187 I 144320 144594] raylet_client.cc:336: Error reporting task backlog information: IOError: 
[2022-01-12 10:12:31,187 I 144320 144594] raylet_client.cc:336: Error reporting task backlog information: IOError: 
[2022-01-12 10:12:32,187 I 144320 144594] raylet_client.cc:336: Error reporting task backlog information: IOError: 
[2022-01-12 10:12:32,349 W 144320 144595] metric_exporter.cc:206: Export metrics to agent failed: IOError: . This won't affect Ray, but you can lose metrics from the cluster.
[2022-01-12 10:12:33,187 I 144320 144594] raylet_client.cc:336: Error reporting task backlog information: IOError: 
[2022-01-12 10:12:34,188 I 144320 144594] raylet_client.cc:336: Error reporting task backlog information: IOError: 
[2022-01-12 10:12:35,188 I 144320 144594] raylet_client.cc:336: Error reporting task backlog information: IOError: 
[2022-01-12 10:12:36,188 I 144320 144594] raylet_client.cc:336: Error reporting task backlog information: IOError: 
[2022-01-12 10:12:37,189 I 144320 144594] raylet_client.cc:336: Error reporting task backlog information: IOError: 
[2022-01-12 10:12:38,189 I 144320 144594] raylet_client.cc:336: Error reporting task backlog information: IOError: 
[2022-01-12 10:12:39,189 I 144320 144594] raylet_client.cc:336: Error reporting task backlog information: IOError: 
[2022-01-12 10:12:40,189 I 144320 144594] raylet_client.cc:336: Error reporting task backlog information: IOError: 
[2022-01-12 10:12:41,190 I 144320 144594] raylet_client.cc:336: Error reporting task backlog information: IOError: 
[2022-01-12 10:12:42,190 I 144320 144594] raylet_client.cc:336: Error reporting task backlog information: IOError: 
[2022-01-12 10:12:42,361 W 144320 144595] metric_exporter.cc:206: Export metrics to agent failed: IOError: . This won't affect Ray, but you can lose metrics from the cluster.
[2022-01-12 10:12:43,190 I 144320 144594] raylet_client.cc:336: Error reporting task backlog information: IOError: 
[2022-01-12 10:12:44,191 I 144320 144594] raylet_client.cc:336: Error reporting task backlog information: IOError: 
[2022-01-12 10:12:45,190 I 144320 144594] raylet_client.cc:336: Error reporting task backlog information: IOError: 
[2022-01-12 10:12:46,191 I 144320 144594] raylet_client.cc:336: Error reporting task backlog information: IOError: 
[2022-01-12 10:12:47,191 I 144320 144594] raylet_client.cc:336: Error reporting task backlog information: IOError: 
[2022-01-12 10:12:48,191 I 144320 144594] raylet_client.cc:336: Error reporting task backlog information: IOError: 
[2022-01-12 10:12:49,191 I 144320 144594] raylet_client.cc:336: Error reporting task backlog information: IOError: 
[2022-01-12 10:12:50,192 I 144320 144594] raylet_client.cc:336: Error reporting task backlog information: IOError: 
[2022-01-12 10:12:51,192 I 144320 144594] raylet_client.cc:336: Error reporting task backlog information: IOError: 
[2022-01-12 10:12:52,192 I 144320 144594] raylet_client.cc:336: Error reporting task backlog information: IOError: 
[2022-01-12 10:12:52,372 W 144320 144595] metric_exporter.cc:206: Export metrics to agent failed: IOError: . This won't affect Ray, but you can lose metrics from the cluster.
[2022-01-12 10:12:53,193 I 144320 144594] raylet_client.cc:336: Error reporting task backlog information: IOError: 
[2022-01-12 10:12:54,193 I 144320 144594] raylet_client.cc:336: Error reporting task backlog information: IOError: 
[2022-01-12 10:12:55,193 I 144320 144594] raylet_client.cc:336: Error reporting task backlog information: IOError: 
[2022-01-12 10:12:56,193 I 144320 144594] raylet_client.cc:336: Error reporting task backlog information: IOError: 
[2022-01-12 10:12:57,193 I 144320 144594] raylet_client.cc:336: Error reporting task backlog information: IOError: 
[2022-01-12 10:12:58,194 I 144320 144594] raylet_client.cc:336: Error reporting task backlog information: IOError: 
[2022-01-12 10:12:59,194 I 144320 144594] raylet_client.cc:336: Error reporting task backlog information: IOError: 
[2022-01-12 10:13:00,195 I 144320 144594] raylet_client.cc:336: Error reporting task backlog information: IOError: 
[2022-01-12 10:13:01,195 I 144320 144594] raylet_client.cc:336: Error reporting task backlog information: IOError: 
[2022-01-12 10:13:02,195 I 144320 144594] raylet_client.cc:336: Error reporting task backlog information: IOError: 
[2022-01-12 10:13:02,382 W 144320 144595] metric_exporter.cc:206: Export metrics to agent failed: IOError: . This won't affect Ray, but you can lose metrics from the cluster.
[2022-01-12 10:13:03,195 I 144320 144594] raylet_client.cc:336: Error reporting task backlog information: IOError: 
[2022-01-12 10:13:04,196 I 144320 144594] raylet_client.cc:336: Error reporting task backlog information: IOError: 
[2022-01-12 10:13:05,196 I 144320 144594] raylet_client.cc:336: Error reporting task backlog information: IOError: 
[2022-01-12 10:13:06,196 I 144320 144594] raylet_client.cc:336: Error reporting task backlog information: IOError: 
[2022-01-12 10:13:07,197 I 144320 144594] raylet_client.cc:336: Error reporting task backlog information: IOError: 
[2022-01-12 10:13:08,197 I 144320 144594] raylet_client.cc:336: Error reporting task backlog information: IOError: 
[2022-01-12 10:13:09,197 I 144320 144594] raylet_client.cc:336: Error reporting task backlog information: IOError: 
[2022-01-12 10:13:10,198 I 144320 144594] raylet_client.cc:336: Error reporting task backlog information: IOError: 
[2022-01-12 10:13:11,198 I 144320 144594] raylet_client.cc:336: Error reporting task backlog information: IOError: 
[2022-01-12 10:13:12,198 I 144320 144594] raylet_client.cc:336: Error reporting task backlog information: IOError: 
[2022-01-12 10:13:12,395 W 144320 144595] metric_exporter.cc:206: Export metrics to agent failed: IOError: . This won't affect Ray, but you can lose metrics from the cluster.
[2022-01-12 10:13:13,199 I 144320 144594] raylet_client.cc:336: Error reporting task backlog information: IOError: 
[2022-01-12 10:13:14,199 I 144320 144594] raylet_client.cc:336: Error reporting task backlog information: IOError: 
[2022-01-12 10:13:15,199 I 144320 144594] raylet_client.cc:336: Error reporting task backlog information: IOError: 
[2022-01-12 10:13:16,199 I 144320 144594] raylet_client.cc:336: Error reporting task backlog information: IOError: 
[2022-01-12 10:13:17,200 I 144320 144594] raylet_client.cc:336: Error reporting task backlog information: IOError: 
[2022-01-12 10:13:18,200 I 144320 144594] raylet_client.cc:336: Error reporting task backlog information: IOError: 
[2022-01-12 10:13:19,200 I 144320 144594] raylet_client.cc:336: Error reporting task backlog information: IOError: 
[2022-01-12 10:13:20,201 I 144320 144594] raylet_client.cc:336: Error reporting task backlog information: IOError: 
[2022-01-12 10:13:21,201 I 144320 144594] raylet_client.cc:336: Error reporting task backlog information: IOError: 
[2022-01-12 10:13:22,201 I 144320 144594] raylet_client.cc:336: Error reporting task backlog information: IOError: 
[2022-01-12 10:13:22,407 W 144320 144595] metric_exporter.cc:206: Export metrics to agent failed: IOError: . This won't affect Ray, but you can lose metrics from the cluster.
[2022-01-12 10:13:23,202 I 144320 144594] raylet_client.cc:336: Error reporting task backlog information: IOError: 
[2022-01-12 10:13:24,202 I 144320 144594] raylet_client.cc:336: Error reporting task backlog information: IOError: 
[2022-01-12 10:13:25,202 I 144320 144594] raylet_client.cc:336: Error reporting task backlog information: IOError: 
[2022-01-12 10:13:26,203 I 144320 144594] raylet_client.cc:336: Error reporting task backlog information: IOError: 
[2022-01-12 10:13:27,203 I 144320 144594] raylet_client.cc:336: Error reporting task backlog information: IOError: 
[2022-01-12 10:13:28,203 I 144320 144594] raylet_client.cc:336: Error reporting task backlog information: IOError: 
[2022-01-12 10:13:29,204 I 144320 144594] raylet_client.cc:336: Error reporting task backlog information: IOError: 
[2022-01-12 10:13:30,204 I 144320 144594] raylet_client.cc:336: Error reporting task backlog information: IOError: 
[2022-01-12 10:13:31,204 I 144320 144594] raylet_client.cc:336: Error reporting task backlog information: IOError: 
[2022-01-12 10:13:32,204 I 144320 144594] raylet_client.cc:336: Error reporting task backlog information: IOError: 
[2022-01-12 10:13:32,419 W 144320 144595] metric_exporter.cc:206: Export metrics to agent failed: IOError: . This won't affect Ray, but you can lose metrics from the cluster.
[2022-01-12 10:13:33,205 I 144320 144594] raylet_client.cc:336: Error reporting task backlog information: IOError: 
[2022-01-12 10:13:34,205 I 144320 144594] raylet_client.cc:336: Error reporting task backlog information: IOError: 
[2022-01-12 10:13:35,205 I 144320 144594] raylet_client.cc:336: Error reporting task backlog information: IOError: 
[2022-01-12 10:13:36,205 I 144320 144594] raylet_client.cc:336: Error reporting task backlog information: IOError: 
[2022-01-12 10:13:37,205 I 144320 144594] raylet_client.cc:336: Error reporting task backlog information: IOError: 
[2022-01-12 10:13:38,205 I 144320 144594] raylet_client.cc:336: Error reporting task backlog information: IOError: 
[2022-01-12 10:13:39,206 I 144320 144594] raylet_client.cc:336: Error reporting task backlog information: IOError: 
[2022-01-12 10:13:40,206 I 144320 144594] raylet_client.cc:336: Error reporting task backlog information: IOError: 
[2022-01-12 10:13:41,206 I 144320 144594] raylet_client.cc:336: Error reporting task backlog information: IOError: 
[2022-01-12 10:13:42,206 I 144320 144594] raylet_client.cc:336: Error reporting task backlog information: IOError: 
[2022-01-12 10:13:42,428 W 144320 144595] metric_exporter.cc:206: Export metrics to agent failed: IOError: . This won't affect Ray, but you can lose metrics from the cluster.
[2022-01-12 10:13:43,206 I 144320 144594] raylet_client.cc:336: Error reporting task backlog information: IOError: 
[2022-01-12 10:13:44,207 I 144320 144594] raylet_client.cc:336: Error reporting task backlog information: IOError: 
[2022-01-12 10:13:45,207 I 144320 144594] raylet_client.cc:336: Error reporting task backlog information: IOError: 
[2022-01-12 10:13:46,207 I 144320 144594] raylet_client.cc:336: Error reporting task backlog information: IOError: 
[2022-01-12 10:13:47,207 I 144320 144594] raylet_client.cc:336: Error reporting task backlog information: IOError: 
[2022-01-12 10:13:48,208 I 144320 144594] raylet_client.cc:336: Error reporting task backlog information: IOError: 
[2022-01-12 10:13:49,208 I 144320 144594] raylet_client.cc:336: Error reporting task backlog information: IOError: 
[2022-01-12 10:13:50,208 I 144320 144594] raylet_client.cc:336: Error reporting task backlog information: IOError: 
[2022-01-12 10:13:51,208 I 144320 144594] raylet_client.cc:336: Error reporting task backlog information: IOError: 
[2022-01-12 10:13:52,209 I 144320 144594] raylet_client.cc:336: Error reporting task backlog information: IOError: 
[2022-01-12 10:13:52,440 W 144320 144595] metric_exporter.cc:206: Export metrics to agent failed: IOError: . This won't affect Ray, but you can lose metrics from the cluster.
[2022-01-12 10:13:53,209 I 144320 144594] raylet_client.cc:336: Error reporting task backlog information: IOError: 
[2022-01-12 10:13:54,209 I 144320 144594] raylet_client.cc:336: Error reporting task backlog information: IOError: 
[2022-01-12 10:13:55,210 I 144320 144594] raylet_client.cc:336: Error reporting task backlog information: IOError: 
[2022-01-12 10:13:56,210 I 144320 144594] raylet_client.cc:336: Error reporting task backlog information: IOError: 
[2022-01-12 10:13:57,210 I 144320 144594] raylet_client.cc:336: Error reporting task backlog information: IOError: 
[2022-01-12 10:13:58,062 W 144320 144488] gcs_server_address_updater.cc:61: [301] Failed to get the gcs server address from raylet 301 times in a row. If it keeps failing to obtain the address, the worker might crash. Connection status IOError: 
[2022-01-12 10:13:58,210 I 144320 144594] raylet_client.cc:336: Error reporting task backlog information: IOError: 
[2022-01-12 10:13:59,210 I 144320 144594] raylet_client.cc:336: Error reporting task backlog information: IOError: 
[2022-01-12 10:14:00,211 I 144320 144594] raylet_client.cc:336: Error reporting task backlog information: IOError: 
[2022-01-12 10:14:01,211 I 144320 144594] raylet_client.cc:336: Error reporting task backlog information: IOError: 
[2022-01-12 10:14:02,211 I 144320 144594] raylet_client.cc:336: Error reporting task backlog information: IOError: 
[2022-01-12 10:14:02,449 W 144320 144595] metric_exporter.cc:206: Export metrics to agent failed: IOError: . This won't affect Ray, but you can lose metrics from the cluster.
[2022-01-12 10:14:03,211 I 144320 144594] raylet_client.cc:336: Error reporting task backlog information: IOError: 
[2022-01-12 10:14:04,211 I 144320 144594] raylet_client.cc:336: Error reporting task backlog information: IOError: 
[2022-01-12 10:14:05,211 I 144320 144594] raylet_client.cc:336: Error reporting task backlog information: IOError: 
[2022-01-12 10:14:06,212 I 144320 144594] raylet_client.cc:336: Error reporting task backlog information: IOError: 
[2022-01-12 10:14:07,212 I 144320 144594] raylet_client.cc:336: Error reporting task backlog information: IOError: 
[2022-01-12 10:14:08,212 I 144320 144594] raylet_client.cc:336: Error reporting task backlog information: IOError: 
[2022-01-12 10:14:09,212 I 144320 144594] raylet_client.cc:336: Error reporting task backlog information: IOError: 
[2022-01-12 10:14:10,212 I 144320 144594] raylet_client.cc:336: Error reporting task backlog information: IOError: 
[2022-01-12 10:14:11,212 I 144320 144594] raylet_client.cc:336: Error reporting task backlog information: IOError: 
[2022-01-12 10:14:12,213 I 144320 144594] raylet_client.cc:336: Error reporting task backlog information: IOError: 
[2022-01-12 10:14:12,460 W 144320 144595] metric_exporter.cc:206: Export metrics to agent failed: IOError: . This won't affect Ray, but you can lose metrics from the cluster.
[2022-01-12 10:14:13,213 I 144320 144594] raylet_client.cc:336: Error reporting task backlog information: IOError: 
[2022-01-12 10:14:14,213 I 144320 144594] raylet_client.cc:336: Error reporting task backlog information: IOError: 
[2022-01-12 10:14:15,213 I 144320 144594] raylet_client.cc:336: Error reporting task backlog information: IOError: 
[2022-01-12 10:14:16,214 I 144320 144594] raylet_client.cc:336: Error reporting task backlog information: IOError: 
[2022-01-12 10:14:17,214 I 144320 144594] raylet_client.cc:336: Error reporting task backlog information: IOError: 
[2022-01-12 10:14:18,214 I 144320 144594] raylet_client.cc:336: Error reporting task backlog information: IOError: 
[2022-01-12 10:14:19,214 I 144320 144594] raylet_client.cc:336: Error reporting task backlog information: IOError: 
[2022-01-12 10:14:20,215 I 144320 144594] raylet_client.cc:336: Error reporting task backlog information: IOError: 
[2022-01-12 10:14:21,215 I 144320 144594] raylet_client.cc:336: Error reporting task backlog information: IOError: 
[2022-01-12 10:14:22,215 I 144320 144594] raylet_client.cc:336: Error reporting task backlog information: IOError: 
[2022-01-12 10:14:22,470 W 144320 144595] metric_exporter.cc:206: Export metrics to agent failed: IOError: . This won't affect Ray, but you can lose metrics from the cluster.
[2022-01-12 10:14:23,215 I 144320 144594] raylet_client.cc:336: Error reporting task backlog information: IOError: 
[2022-01-12 10:14:24,216 I 144320 144594] raylet_client.cc:336: Error reporting task backlog information: IOError: 
[2022-01-12 10:14:25,216 I 144320 144594] raylet_client.cc:336: Error reporting task backlog information: IOError: 
[2022-01-12 10:14:26,216 I 144320 144594] raylet_client.cc:336: Error reporting task backlog information: IOError: 
[2022-01-12 10:14:27,216 I 144320 144594] raylet_client.cc:336: Error reporting task backlog information: IOError: 
[2022-01-12 10:14:28,216 I 144320 144594] raylet_client.cc:336: Error reporting task backlog information: IOError: 
[2022-01-12 10:14:29,216 I 144320 144594] raylet_client.cc:336: Error reporting task backlog information: IOError: 
[2022-01-12 10:14:30,216 I 144320 144594] raylet_client.cc:336: Error reporting task backlog information: IOError: 
[2022-01-12 10:14:31,216 I 144320 144594] raylet_client.cc:336: Error reporting task backlog information: IOError: 
[2022-01-12 10:14:32,217 I 144320 144594] raylet_client.cc:336: Error reporting task backlog information: IOError: 
[2022-01-12 10:14:32,479 W 144320 144595] metric_exporter.cc:206: Export metrics to agent failed: IOError: . This won't affect Ray, but you can lose metrics from the cluster.
[2022-01-12 10:14:33,217 I 144320 144594] raylet_client.cc:336: Error reporting task backlog information: IOError: 
[2022-01-12 10:14:34,217 I 144320 144594] raylet_client.cc:336: Error reporting task backlog information: IOError: 
[2022-01-12 10:14:35,217 I 144320 144594] raylet_client.cc:336: Error reporting task backlog information: IOError: 
[2022-01-12 10:14:36,217 I 144320 144594] raylet_client.cc:336: Error reporting task backlog information: IOError: 
[2022-01-12 10:14:37,217 I 144320 144594] raylet_client.cc:336: Error reporting task backlog information: IOError: 
[2022-01-12 10:14:38,217 I 144320 144594] raylet_client.cc:336: Error reporting task backlog information: IOError: 
[2022-01-12 10:14:39,217 I 144320 144594] raylet_client.cc:336: Error reporting task backlog information: IOError: 
[2022-01-12 10:14:40,217 I 144320 144594] raylet_client.cc:336: Error reporting task backlog information: IOError: 
[2022-01-12 10:14:41,217 I 144320 144594] raylet_client.cc:336: Error reporting task backlog information: IOError: 
[2022-01-12 10:14:42,217 I 144320 144594] raylet_client.cc:336: Error reporting task backlog information: IOError: 
[2022-01-12 10:14:42,486 W 144320 144595] metric_exporter.cc:206: Export metrics to agent failed: IOError: . This won't affect Ray, but you can lose metrics from the cluster.
[2022-01-12 10:14:43,218 I 144320 144594] raylet_client.cc:336: Error reporting task backlog information: IOError: 
[2022-01-12 10:14:44,218 I 144320 144594] raylet_client.cc:336: Error reporting task backlog information: IOError: 
[2022-01-12 10:14:45,218 I 144320 144594] raylet_client.cc:336: Error reporting task backlog information: IOError: 
[2022-01-12 10:14:46,218 I 144320 144594] raylet_client.cc:336: Error reporting task backlog information: IOError: 
[2022-01-12 10:14:47,218 I 144320 144594] raylet_client.cc:336: Error reporting task backlog information: IOError: 
[2022-01-12 10:14:48,218 I 144320 144594] raylet_client.cc:336: Error reporting task backlog information: IOError: 
[2022-01-12 10:14:49,218 I 144320 144594] raylet_client.cc:336: Error reporting task backlog information: IOError: 
[2022-01-12 10:14:50,218 I 144320 144594] raylet_client.cc:336: Error reporting task backlog information: IOError: 
[2022-01-12 10:14:51,218 I 144320 144594] raylet_client.cc:336: Error reporting task backlog information: IOError: 
[2022-01-12 10:14:52,218 I 144320 144594] raylet_client.cc:336: Error reporting task backlog information: IOError: 
[2022-01-12 10:14:52,493 W 144320 144595] metric_exporter.cc:206: Export metrics to agent failed: IOError: . This won't affect Ray, but you can lose metrics from the cluster.
[2022-01-12 10:14:53,218 I 144320 144594] raylet_client.cc:336: Error reporting task backlog information: IOError: 
[2022-01-12 10:14:54,218 I 144320 144594] raylet_client.cc:336: Error reporting task backlog information: IOError: 
[2022-01-12 10:14:55,218 I 144320 144594] raylet_client.cc:336: Error reporting task backlog information: IOError: 
[2022-01-12 10:14:56,219 I 144320 144594] raylet_client.cc:336: Error reporting task backlog information: IOError: 
[2022-01-12 10:14:57,219 I 144320 144594] raylet_client.cc:336: Error reporting task backlog information: IOError: 
[2022-01-12 10:14:58,219 I 144320 144594] raylet_client.cc:336: Error reporting task backlog information: IOError: 
[2022-01-12 10:14:59,219 I 144320 144594] raylet_client.cc:336: Error reporting task backlog information: IOError: 
[2022-01-12 10:15:00,219 I 144320 144594] raylet_client.cc:336: Error reporting task backlog information: IOError: 
[2022-01-12 10:15:01,219 I 144320 144594] raylet_client.cc:336: Error reporting task backlog information: IOError: 
[2022-01-12 10:15:02,219 I 144320 144594] raylet_client.cc:336: Error reporting task backlog information: IOError: 
[2022-01-12 10:15:02,500 W 144320 144595] metric_exporter.cc:206: Export metrics to agent failed: IOError: . This won't affect Ray, but you can lose metrics from the cluster.
[2022-01-12 10:15:03,219 I 144320 144594] raylet_client.cc:336: Error reporting task backlog information: IOError: 
[2022-01-12 10:15:04,219 I 144320 144594] raylet_client.cc:336: Error reporting task backlog information: IOError: 
[2022-01-12 10:15:05,220 I 144320 144594] raylet_client.cc:336: Error reporting task backlog information: IOError: 
[2022-01-12 10:15:06,220 I 144320 144594] raylet_client.cc:336: Error reporting task backlog information: IOError: 
[2022-01-12 10:15:07,220 I 144320 144594] raylet_client.cc:336: Error reporting task backlog information: IOError: 
[2022-01-12 10:15:08,220 I 144320 144594] raylet_client.cc:336: Error reporting task backlog information: IOError: 
[2022-01-12 10:15:09,220 I 144320 144594] raylet_client.cc:336: Error reporting task backlog information: IOError: 
[2022-01-12 10:15:10,220 I 144320 144594] raylet_client.cc:336: Error reporting task backlog information: IOError: 
[2022-01-12 10:15:11,220 I 144320 144594] raylet_client.cc:336: Error reporting task backlog information: IOError: 
[2022-01-12 10:15:12,221 I 144320 144594] raylet_client.cc:336: Error reporting task backlog information: IOError: 
[2022-01-12 10:15:12,511 W 144320 144595] metric_exporter.cc:206: Export metrics to agent failed: IOError: . This won't affect Ray, but you can lose metrics from the cluster.
[2022-01-12 10:15:13,221 I 144320 144594] raylet_client.cc:336: Error reporting task backlog information: IOError: 
[2022-01-12 10:15:14,221 I 144320 144594] raylet_client.cc:336: Error reporting task backlog information: IOError: 
[2022-01-12 10:15:15,221 I 144320 144594] raylet_client.cc:336: Error reporting task backlog information: IOError: 
[2022-01-12 10:15:16,221 I 144320 144594] raylet_client.cc:336: Error reporting task backlog information: IOError: 
[2022-01-12 10:15:17,221 I 144320 144594] raylet_client.cc:336: Error reporting task backlog information: IOError: 
[2022-01-12 10:15:18,221 I 144320 144594] raylet_client.cc:336: Error reporting task backlog information: IOError: 
[2022-01-12 10:15:19,222 I 144320 144594] raylet_client.cc:336: Error reporting task backlog information: IOError: 
[2022-01-12 10:15:20,222 I 144320 144594] raylet_client.cc:336: Error reporting task backlog information: IOError: 
[2022-01-12 10:15:21,222 I 144320 144594] raylet_client.cc:336: Error reporting task backlog information: IOError: 
[2022-01-12 10:15:22,222 I 144320 144594] raylet_client.cc:336: Error reporting task backlog information: IOError: 
[2022-01-12 10:15:22,522 W 144320 144595] metric_exporter.cc:206: Export metrics to agent failed: IOError: . This won't affect Ray, but you can lose metrics from the cluster.
[2022-01-12 10:15:23,222 I 144320 144594] raylet_client.cc:336: Error reporting task backlog information: IOError: 
[2022-01-12 10:15:24,223 I 144320 144594] raylet_client.cc:336: Error reporting task backlog information: IOError: 
[2022-01-12 10:15:25,223 I 144320 144594] raylet_client.cc:336: Error reporting task backlog information: IOError: 
[2022-01-12 10:15:26,223 I 144320 144594] raylet_client.cc:336: Error reporting task backlog information: IOError: 
[2022-01-12 10:15:27,223 I 144320 144594] raylet_client.cc:336: Error reporting task backlog information: IOError: 
[2022-01-12 10:15:28,223 I 144320 144594] raylet_client.cc:336: Error reporting task backlog information: IOError: 
[2022-01-12 10:15:29,223 I 144320 144594] raylet_client.cc:336: Error reporting task backlog information: IOError: 
[2022-01-12 10:15:30,224 I 144320 144594] raylet_client.cc:336: Error reporting task backlog information: IOError: 
[2022-01-12 10:15:31,224 I 144320 144594] raylet_client.cc:336: Error reporting task backlog information: IOError: 
[2022-01-12 10:15:32,224 I 144320 144594] raylet_client.cc:336: Error reporting task backlog information: IOError: 
[2022-01-12 10:15:32,532 W 144320 144595] metric_exporter.cc:206: Export metrics to agent failed: IOError: . This won't affect Ray, but you can lose metrics from the cluster.
[2022-01-12 10:15:33,224 I 144320 144594] raylet_client.cc:336: Error reporting task backlog information: IOError: 
[2022-01-12 10:15:34,225 I 144320 144594] raylet_client.cc:336: Error reporting task backlog information: IOError: 
[2022-01-12 10:15:35,225 I 144320 144594] raylet_client.cc:336: Error reporting task backlog information: IOError: 
[2022-01-12 10:15:36,225 I 144320 144594] raylet_client.cc:336: Error reporting task backlog information: IOError: 
[2022-01-12 10:15:37,225 I 144320 144594] raylet_client.cc:336: Error reporting task backlog information: IOError: 
[2022-01-12 10:15:38,226 I 144320 144594] raylet_client.cc:336: Error reporting task backlog information: IOError: 
[2022-01-12 10:15:39,226 I 144320 144594] raylet_client.cc:336: Error reporting task backlog information: IOError: 
[2022-01-12 10:15:40,226 I 144320 144594] raylet_client.cc:336: Error reporting task backlog information: IOError: 
[2022-01-12 10:15:41,227 I 144320 144594] raylet_client.cc:336: Error reporting task backlog information: IOError: 
[2022-01-12 10:15:42,227 I 144320 144594] raylet_client.cc:336: Error reporting task backlog information: IOError: 
[2022-01-12 10:15:42,542 W 144320 144595] metric_exporter.cc:206: Export metrics to agent failed: IOError: . This won't affect Ray, but you can lose metrics from the cluster.
[2022-01-12 10:15:43,227 I 144320 144594] raylet_client.cc:336: Error reporting task backlog information: IOError: 
[2022-01-12 10:15:44,227 I 144320 144594] raylet_client.cc:336: Error reporting task backlog information: IOError: 
[2022-01-12 10:15:45,228 I 144320 144594] raylet_client.cc:336: Error reporting task backlog information: IOError: 
[2022-01-12 10:15:46,228 I 144320 144594] raylet_client.cc:336: Error reporting task backlog information: IOError: 
[2022-01-12 10:15:47,228 I 144320 144594] raylet_client.cc:336: Error reporting task backlog information: IOError: 
[2022-01-12 10:15:48,228 I 144320 144594] raylet_client.cc:336: Error reporting task backlog information: IOError: 
[2022-01-12 10:15:49,229 I 144320 144594] raylet_client.cc:336: Error reporting task backlog information: IOError: 
[2022-01-12 10:15:50,229 I 144320 144594] raylet_client.cc:336: Error reporting task backlog information: IOError: 
[2022-01-12 10:15:51,229 I 144320 144594] raylet_client.cc:336: Error reporting task backlog information: IOError: 
[2022-01-12 10:15:52,230 I 144320 144594] raylet_client.cc:336: Error reporting task backlog information: IOError: 
[2022-01-12 10:15:52,554 W 144320 144595] metric_exporter.cc:206: Export metrics to agent failed: IOError: . This won't affect Ray, but you can lose metrics from the cluster.
[2022-01-12 10:15:53,230 I 144320 144594] raylet_client.cc:336: Error reporting task backlog information: IOError: 
[2022-01-12 10:15:54,230 I 144320 144594] raylet_client.cc:336: Error reporting task backlog information: IOError: 
[2022-01-12 10:15:55,231 I 144320 144594] raylet_client.cc:336: Error reporting task backlog information: IOError: 
[2022-01-12 10:15:56,231 I 144320 144594] raylet_client.cc:336: Error reporting task backlog information: IOError: 
[2022-01-12 10:15:57,231 I 144320 144594] raylet_client.cc:336: Error reporting task backlog information: IOError: 
[2022-01-12 10:15:58,232 I 144320 144594] raylet_client.cc:336: Error reporting task backlog information: IOError: 
[2022-01-12 10:15:59,232 I 144320 144594] raylet_client.cc:336: Error reporting task backlog information: IOError: 
[2022-01-12 10:16:00,232 I 144320 144594] raylet_client.cc:336: Error reporting task backlog information: IOError: 
[2022-01-12 10:16:01,232 I 144320 144594] raylet_client.cc:336: Error reporting task backlog information: IOError: 
[2022-01-12 10:16:02,233 I 144320 144594] raylet_client.cc:336: Error reporting task backlog information: IOError: 
[2022-01-12 10:16:02,565 W 144320 144595] metric_exporter.cc:206: Export metrics to agent failed: IOError: . This won't affect Ray, but you can lose metrics from the cluster.
[2022-01-12 10:16:03,233 I 144320 144594] raylet_client.cc:336: Error reporting task backlog information: IOError: 
[2022-01-12 10:16:04,233 I 144320 144594] raylet_client.cc:336: Error reporting task backlog information: IOError: 
[2022-01-12 10:16:05,234 I 144320 144594] raylet_client.cc:336: Error reporting task backlog information: IOError: 
[2022-01-12 10:16:06,234 I 144320 144594] raylet_client.cc:336: Error reporting task backlog information: IOError: 
[2022-01-12 10:16:07,234 I 144320 144594] raylet_client.cc:336: Error reporting task backlog information: IOError: 
[2022-01-12 10:16:08,235 I 144320 144594] raylet_client.cc:336: Error reporting task backlog information: IOError: 
[2022-01-12 10:16:09,235 I 144320 144594] raylet_client.cc:336: Error reporting task backlog information: IOError: 
[2022-01-12 10:16:10,236 I 144320 144594] raylet_client.cc:336: Error reporting task backlog information: IOError: 
[2022-01-12 10:16:11,236 I 144320 144594] raylet_client.cc:336: Error reporting task backlog information: IOError: 
[2022-01-12 10:16:12,236 I 144320 144594] raylet_client.cc:336: Error reporting task backlog information: IOError: 
[2022-01-12 10:16:12,577 W 144320 144595] metric_exporter.cc:206: Export metrics to agent failed: IOError: . This won't affect Ray, but you can lose metrics from the cluster.
[2022-01-12 10:16:13,236 I 144320 144594] raylet_client.cc:336: Error reporting task backlog information: IOError: 
[2022-01-12 10:16:14,237 I 144320 144594] raylet_client.cc:336: Error reporting task backlog information: IOError: 
[2022-01-12 10:16:15,237 I 144320 144594] raylet_client.cc:336: Error reporting task backlog information: IOError: 
[2022-01-12 10:16:16,237 I 144320 144594] raylet_client.cc:336: Error reporting task backlog information: IOError: 
[2022-01-12 10:16:17,237 I 144320 144594] raylet_client.cc:336: Error reporting task backlog information: IOError: 
[2022-01-12 10:16:18,238 I 144320 144594] raylet_client.cc:336: Error reporting task backlog information: IOError: 
[2022-01-12 10:16:19,238 I 144320 144594] raylet_client.cc:336: Error reporting task backlog information: IOError: 
[2022-01-12 10:16:20,238 I 144320 144594] raylet_client.cc:336: Error reporting task backlog information: IOError: 
[2022-01-12 10:16:21,239 I 144320 144594] raylet_client.cc:336: Error reporting task backlog information: IOError: 
[2022-01-12 10:16:22,239 I 144320 144594] raylet_client.cc:336: Error reporting task backlog information: IOError: 
[2022-01-12 10:16:22,589 W 144320 144595] metric_exporter.cc:206: Export metrics to agent failed: IOError: . This won't affect Ray, but you can lose metrics from the cluster.
[2022-01-12 10:16:23,240 I 144320 144594] raylet_client.cc:336: Error reporting task backlog information: IOError: 
[2022-01-12 10:16:24,240 I 144320 144594] raylet_client.cc:336: Error reporting task backlog information: IOError: 
[2022-01-12 10:16:25,240 I 144320 144594] raylet_client.cc:336: Error reporting task backlog information: IOError: 
[2022-01-12 10:16:26,240 I 144320 144594] raylet_client.cc:336: Error reporting task backlog information: IOError: 
[2022-01-12 10:16:27,241 I 144320 144594] raylet_client.cc:336: Error reporting task backlog information: IOError: 
[2022-01-12 10:16:28,241 I 144320 144594] raylet_client.cc:336: Error reporting task backlog information: IOError: 
[2022-01-12 10:16:29,241 I 144320 144594] raylet_client.cc:336: Error reporting task backlog information: IOError: 
[2022-01-12 10:16:30,241 I 144320 144594] raylet_client.cc:336: Error reporting task backlog information: IOError: 
[2022-01-12 10:16:31,242 I 144320 144594] raylet_client.cc:336: Error reporting task backlog information: IOError: 
[2022-01-12 10:16:32,242 I 144320 144594] raylet_client.cc:336: Error reporting task backlog information: IOError: 
[2022-01-12 10:16:32,600 W 144320 144595] metric_exporter.cc:206: Export metrics to agent failed: IOError: . This won't affect Ray, but you can lose metrics from the cluster.
[2022-01-12 10:16:33,242 I 144320 144594] raylet_client.cc:336: Error reporting task backlog information: IOError: 
[2022-01-12 10:16:34,243 I 144320 144594] raylet_client.cc:336: Error reporting task backlog information: IOError: 
[2022-01-12 10:16:35,243 I 144320 144594] raylet_client.cc:336: Error reporting task backlog information: IOError: 
[2022-01-12 10:16:36,243 I 144320 144594] raylet_client.cc:336: Error reporting task backlog information: IOError: 
[2022-01-12 10:16:37,243 I 144320 144594] raylet_client.cc:336: Error reporting task backlog information: IOError: 
[2022-01-12 10:16:38,243 I 144320 144594] raylet_client.cc:336: Error reporting task backlog information: IOError: 
[2022-01-12 10:16:39,244 I 144320 144594] raylet_client.cc:336: Error reporting task backlog information: IOError: 
[2022-01-12 10:16:40,244 I 144320 144594] raylet_client.cc:336: Error reporting task backlog information: IOError: 
[2022-01-12 10:16:41,244 I 144320 144594] raylet_client.cc:336: Error reporting task backlog information: IOError: 
[2022-01-12 10:16:42,245 I 144320 144594] raylet_client.cc:336: Error reporting task backlog information: IOError: 
[2022-01-12 10:16:42,611 W 144320 144595] metric_exporter.cc:206: Export metrics to agent failed: IOError: . This won't affect Ray, but you can lose metrics from the cluster.
[2022-01-12 10:16:43,245 I 144320 144594] raylet_client.cc:336: Error reporting task backlog information: IOError: 
[2022-01-12 10:16:44,245 I 144320 144594] raylet_client.cc:336: Error reporting task backlog information: IOError: 
[2022-01-12 10:16:45,245 I 144320 144594] raylet_client.cc:336: Error reporting task backlog information: IOError: 
[2022-01-12 10:16:46,246 I 144320 144594] raylet_client.cc:336: Error reporting task backlog information: IOError: 
[2022-01-12 10:16:47,246 I 144320 144594] raylet_client.cc:336: Error reporting task backlog information: IOError: 
[2022-01-12 10:16:48,246 I 144320 144594] raylet_client.cc:336: Error reporting task backlog information: IOError: 
[2022-01-12 10:16:49,246 I 144320 144594] raylet_client.cc:336: Error reporting task backlog information: IOError: 
[2022-01-12 10:16:50,247 I 144320 144594] raylet_client.cc:336: Error reporting task backlog information: IOError: 
[2022-01-12 10:16:51,247 I 144320 144594] raylet_client.cc:336: Error reporting task backlog information: IOError: 
[2022-01-12 10:16:52,247 I 144320 144594] raylet_client.cc:336: Error reporting task backlog information: IOError: 
[2022-01-12 10:16:52,623 W 144320 144595] metric_exporter.cc:206: Export metrics to agent failed: IOError: . This won't affect Ray, but you can lose metrics from the cluster.
[2022-01-12 10:16:53,247 I 144320 144594] raylet_client.cc:336: Error reporting task backlog information: IOError: 
[2022-01-12 10:16:54,248 I 144320 144594] raylet_client.cc:336: Error reporting task backlog information: IOError: 
[2022-01-12 10:16:55,248 I 144320 144594] raylet_client.cc:336: Error reporting task backlog information: IOError: 
[2022-01-12 10:16:56,248 I 144320 144594] raylet_client.cc:336: Error reporting task backlog information: IOError: 
[2022-01-12 10:16:57,249 I 144320 144594] raylet_client.cc:336: Error reporting task backlog information: IOError: 
[2022-01-12 10:16:58,249 I 144320 144594] raylet_client.cc:336: Error reporting task backlog information: IOError: 
[2022-01-12 10:16:59,249 I 144320 144594] raylet_client.cc:336: Error reporting task backlog information: IOError: 
[2022-01-12 10:17:00,249 I 144320 144594] raylet_client.cc:336: Error reporting task backlog information: IOError: 
[2022-01-12 10:17:01,250 I 144320 144594] raylet_client.cc:336: Error reporting task backlog information: IOError: 
[2022-01-12 10:17:02,250 I 144320 144594] raylet_client.cc:336: Error reporting task backlog information: IOError: 
[2022-01-12 10:17:02,635 W 144320 144595] metric_exporter.cc:206: Export metrics to agent failed: IOError: . This won't affect Ray, but you can lose metrics from the cluster.
[2022-01-12 10:17:03,251 I 144320 144594] raylet_client.cc:336: Error reporting task backlog information: IOError: 
[2022-01-12 10:17:04,251 I 144320 144594] raylet_client.cc:336: Error reporting task backlog information: IOError: 
[2022-01-12 10:17:05,251 I 144320 144594] raylet_client.cc:336: Error reporting task backlog information: IOError: 
[2022-01-12 10:17:06,252 I 144320 144594] raylet_client.cc:336: Error reporting task backlog information: IOError: 
[2022-01-12 10:17:07,252 I 144320 144594] raylet_client.cc:336: Error reporting task backlog information: IOError: 
[2022-01-12 10:17:08,252 I 144320 144594] raylet_client.cc:336: Error reporting task backlog information: IOError: 
[2022-01-12 10:17:09,252 I 144320 144594] raylet_client.cc:336: Error reporting task backlog information: IOError: 
[2022-01-12 10:17:10,253 I 144320 144594] raylet_client.cc:336: Error reporting task backlog information: IOError: 
[2022-01-12 10:17:11,253 I 144320 144594] raylet_client.cc:336: Error reporting task backlog information: IOError: 
[2022-01-12 10:17:12,253 I 144320 144594] raylet_client.cc:336: Error reporting task backlog information: IOError: 
[2022-01-12 10:17:12,646 W 144320 144595] metric_exporter.cc:206: Export metrics to agent failed: IOError: . This won't affect Ray, but you can lose metrics from the cluster.
[2022-01-12 10:17:13,253 I 144320 144594] raylet_client.cc:336: Error reporting task backlog information: IOError: 
[2022-01-12 10:17:14,254 I 144320 144594] raylet_client.cc:336: Error reporting task backlog information: IOError: 
[2022-01-12 10:17:15,254 I 144320 144594] raylet_client.cc:336: Error reporting task backlog information: IOError: 
[2022-01-12 10:17:16,254 I 144320 144594] raylet_client.cc:336: Error reporting task backlog information: IOError: 
[2022-01-12 10:17:17,254 I 144320 144594] raylet_client.cc:336: Error reporting task backlog information: IOError: 
[2022-01-12 10:17:18,255 I 144320 144594] raylet_client.cc:336: Error reporting task backlog information: IOError: 
[2022-01-12 10:17:19,255 I 144320 144594] raylet_client.cc:336: Error reporting task backlog information: IOError: 
[2022-01-12 10:17:20,255 I 144320 144594] raylet_client.cc:336: Error reporting task backlog information: IOError: 
[2022-01-12 10:17:21,256 I 144320 144594] raylet_client.cc:336: Error reporting task backlog information: IOError: 
[2022-01-12 10:17:22,256 I 144320 144594] raylet_client.cc:336: Error reporting task backlog information: IOError: 
[2022-01-12 10:17:22,656 W 144320 144595] metric_exporter.cc:206: Export metrics to agent failed: IOError: . This won't affect Ray, but you can lose metrics from the cluster.
[2022-01-12 10:17:23,256 I 144320 144594] raylet_client.cc:336: Error reporting task backlog information: IOError: 
[2022-01-12 10:17:24,256 I 144320 144594] raylet_client.cc:336: Error reporting task backlog information: IOError: 
[2022-01-12 10:17:25,257 I 144320 144594] raylet_client.cc:336: Error reporting task backlog information: IOError: 
[2022-01-12 10:17:26,257 I 144320 144594] raylet_client.cc:336: Error reporting task backlog information: IOError: 
[2022-01-12 10:17:27,257 I 144320 144594] raylet_client.cc:336: Error reporting task backlog information: IOError: 
[2022-01-12 10:17:28,258 I 144320 144594] raylet_client.cc:336: Error reporting task backlog information: IOError: 
[2022-01-12 10:17:29,258 I 144320 144594] raylet_client.cc:336: Error reporting task backlog information: IOError: 
[2022-01-12 10:17:30,258 I 144320 144594] raylet_client.cc:336: Error reporting task backlog information: IOError: 
[2022-01-12 10:17:31,258 I 144320 144594] raylet_client.cc:336: Error reporting task backlog information: IOError: 
[2022-01-12 10:17:32,259 I 144320 144594] raylet_client.cc:336: Error reporting task backlog information: IOError: 
[2022-01-12 10:17:32,668 W 144320 144595] metric_exporter.cc:206: Export metrics to agent failed: IOError: . This won't affect Ray, but you can lose metrics from the cluster.
[2022-01-12 10:17:33,259 I 144320 144594] raylet_client.cc:336: Error reporting task backlog information: IOError: 
[2022-01-12 10:17:34,259 I 144320 144594] raylet_client.cc:336: Error reporting task backlog information: IOError: 
[2022-01-12 10:17:35,259 I 144320 144594] raylet_client.cc:336: Error reporting task backlog information: IOError: 
[2022-01-12 10:17:36,260 I 144320 144594] raylet_client.cc:336: Error reporting task backlog information: IOError: 
[2022-01-12 10:17:37,260 I 144320 144594] raylet_client.cc:336: Error reporting task backlog information: IOError: 
[2022-01-12 10:17:38,260 I 144320 144594] raylet_client.cc:336: Error reporting task backlog information: IOError: 
[2022-01-12 10:17:39,260 I 144320 144594] raylet_client.cc:336: Error reporting task backlog information: IOError: 
[2022-01-12 10:17:40,261 I 144320 144594] raylet_client.cc:336: Error reporting task backlog information: IOError: 
[2022-01-12 10:17:41,261 I 144320 144594] raylet_client.cc:336: Error reporting task backlog information: IOError: 
[2022-01-12 10:17:42,261 I 144320 144594] raylet_client.cc:336: Error reporting task backlog information: IOError: 
[2022-01-12 10:17:42,679 W 144320 144595] metric_exporter.cc:206: Export metrics to agent failed: IOError: . This won't affect Ray, but you can lose metrics from the cluster.
[2022-01-12 10:17:43,262 I 144320 144594] raylet_client.cc:336: Error reporting task backlog information: IOError: 
[2022-01-12 10:17:44,262 I 144320 144594] raylet_client.cc:336: Error reporting task backlog information: IOError: 
[2022-01-12 10:17:45,262 I 144320 144594] raylet_client.cc:336: Error reporting task backlog information: IOError: 
[2022-01-12 10:17:46,263 I 144320 144594] raylet_client.cc:336: Error reporting task backlog information: IOError: 
[2022-01-12 10:17:47,263 I 144320 144594] raylet_client.cc:336: Error reporting task backlog information: IOError: 
[2022-01-12 10:17:48,263 I 144320 144594] raylet_client.cc:336: Error reporting task backlog information: IOError: 
[2022-01-12 10:17:49,263 I 144320 144594] raylet_client.cc:336: Error reporting task backlog information: IOError: 
[2022-01-12 10:17:50,264 I 144320 144594] raylet_client.cc:336: Error reporting task backlog information: IOError: 
[2022-01-12 10:17:51,264 I 144320 144594] raylet_client.cc:336: Error reporting task backlog information: IOError: 
[2022-01-12 10:17:52,264 I 144320 144594] raylet_client.cc:336: Error reporting task backlog information: IOError: 
[2022-01-12 10:17:52,691 W 144320 144595] metric_exporter.cc:206: Export metrics to agent failed: IOError: . This won't affect Ray, but you can lose metrics from the cluster.
[2022-01-12 10:17:53,264 I 144320 144594] raylet_client.cc:336: Error reporting task backlog information: IOError: 
[2022-01-12 10:17:54,265 I 144320 144594] raylet_client.cc:336: Error reporting task backlog information: IOError: 
[2022-01-12 10:17:55,265 I 144320 144594] raylet_client.cc:336: Error reporting task backlog information: IOError: 
[2022-01-12 10:17:56,265 I 144320 144594] raylet_client.cc:336: Error reporting task backlog information: IOError: 
[2022-01-12 10:17:57,266 I 144320 144594] raylet_client.cc:336: Error reporting task backlog information: IOError: 
[2022-01-12 10:17:58,266 I 144320 144594] raylet_client.cc:336: Error reporting task backlog information: IOError: 
[2022-01-12 10:17:59,266 I 144320 144594] raylet_client.cc:336: Error reporting task backlog information: IOError: 
[2022-01-12 10:18:00,266 I 144320 144594] raylet_client.cc:336: Error reporting task backlog information: IOError: 
[2022-01-12 10:18:01,267 I 144320 144594] raylet_client.cc:336: Error reporting task backlog information: IOError: 
[2022-01-12 10:18:02,267 I 144320 144594] raylet_client.cc:336: Error reporting task backlog information: IOError: 
[2022-01-12 10:18:02,703 W 144320 144595] metric_exporter.cc:206: Export metrics to agent failed: IOError: . This won't affect Ray, but you can lose metrics from the cluster.
[2022-01-12 10:18:03,268 I 144320 144594] raylet_client.cc:336: Error reporting task backlog information: IOError: 
[2022-01-12 10:18:04,268 I 144320 144594] raylet_client.cc:336: Error reporting task backlog information: IOError: 
[2022-01-12 10:18:05,268 I 144320 144594] raylet_client.cc:336: Error reporting task backlog information: IOError: 
[2022-01-12 10:18:06,268 I 144320 144594] raylet_client.cc:336: Error reporting task backlog information: IOError: 
[2022-01-12 10:18:07,269 I 144320 144594] raylet_client.cc:336: Error reporting task backlog information: IOError: 
[2022-01-12 10:18:08,269 I 144320 144594] raylet_client.cc:336: Error reporting task backlog information: IOError: 
[2022-01-12 10:18:09,269 I 144320 144594] raylet_client.cc:336: Error reporting task backlog information: IOError: 
[2022-01-12 10:18:10,270 I 144320 144594] raylet_client.cc:336: Error reporting task backlog information: IOError: 
[2022-01-12 10:18:11,270 I 144320 144594] raylet_client.cc:336: Error reporting task backlog information: IOError: 
[2022-01-12 10:18:12,270 I 144320 144594] raylet_client.cc:336: Error reporting task backlog information: IOError: 
[2022-01-12 10:18:12,716 W 144320 144595] metric_exporter.cc:206: Export metrics to agent failed: IOError: . This won't affect Ray, but you can lose metrics from the cluster.
[2022-01-12 10:18:13,270 I 144320 144594] raylet_client.cc:336: Error reporting task backlog information: IOError: 
[2022-01-12 10:18:14,271 I 144320 144594] raylet_client.cc:336: Error reporting task backlog information: IOError: 
[2022-01-12 10:18:15,271 I 144320 144594] raylet_client.cc:336: Error reporting task backlog information: IOError: 
[2022-01-12 10:18:16,271 I 144320 144594] raylet_client.cc:336: Error reporting task backlog information: IOError: 
[2022-01-12 10:18:17,271 I 144320 144594] raylet_client.cc:336: Error reporting task backlog information: IOError: 
[2022-01-12 10:18:18,272 I 144320 144594] raylet_client.cc:336: Error reporting task backlog information: IOError: 
[2022-01-12 10:18:19,272 I 144320 144594] raylet_client.cc:336: Error reporting task backlog information: IOError: 
[2022-01-12 10:18:20,272 I 144320 144594] raylet_client.cc:336: Error reporting task backlog information: IOError: 
[2022-01-12 10:18:21,272 I 144320 144594] raylet_client.cc:336: Error reporting task backlog information: IOError: 
[2022-01-12 10:18:22,273 I 144320 144594] raylet_client.cc:336: Error reporting task backlog information: IOError: 
[2022-01-12 10:18:22,728 W 144320 144595] metric_exporter.cc:206: Export metrics to agent failed: IOError: . This won't affect Ray, but you can lose metrics from the cluster.
[2022-01-12 10:18:23,273 I 144320 144594] raylet_client.cc:336: Error reporting task backlog information: IOError: 
[2022-01-12 10:18:24,273 I 144320 144594] raylet_client.cc:336: Error reporting task backlog information: IOError: 
[2022-01-12 10:18:25,273 I 144320 144594] raylet_client.cc:336: Error reporting task backlog information: IOError: 
[2022-01-12 10:18:26,274 I 144320 144594] raylet_client.cc:336: Error reporting task backlog information: IOError: 
[2022-01-12 10:18:27,274 I 144320 144594] raylet_client.cc:336: Error reporting task backlog information: IOError: 
[2022-01-12 10:18:28,274 I 144320 144594] raylet_client.cc:336: Error reporting task backlog information: IOError: 
[2022-01-12 10:18:29,274 I 144320 144594] raylet_client.cc:336: Error reporting task backlog information: IOError: 
[2022-01-12 10:18:30,275 I 144320 144594] raylet_client.cc:336: Error reporting task backlog information: IOError: 
[2022-01-12 10:18:31,275 I 144320 144594] raylet_client.cc:336: Error reporting task backlog information: IOError: 
[2022-01-12 10:18:32,275 I 144320 144594] raylet_client.cc:336: Error reporting task backlog information: IOError: 
[2022-01-12 10:18:32,741 W 144320 144595] metric_exporter.cc:206: Export metrics to agent failed: IOError: . This won't affect Ray, but you can lose metrics from the cluster.
[2022-01-12 10:18:33,276 I 144320 144594] raylet_client.cc:336: Error reporting task backlog information: IOError: 
[2022-01-12 10:18:34,276 I 144320 144594] raylet_client.cc:336: Error reporting task backlog information: IOError: 
[2022-01-12 10:18:35,276 I 144320 144594] raylet_client.cc:336: Error reporting task backlog information: IOError: 
[2022-01-12 10:18:36,276 I 144320 144594] raylet_client.cc:336: Error reporting task backlog information: IOError: 
[2022-01-12 10:18:37,276 I 144320 144594] raylet_client.cc:336: Error reporting task backlog information: IOError: 
[2022-01-12 10:18:38,277 I 144320 144594] raylet_client.cc:336: Error reporting task backlog information: IOError: 
[2022-01-12 10:18:39,277 I 144320 144594] raylet_client.cc:336: Error reporting task backlog information: IOError: 
[2022-01-12 10:18:40,277 I 144320 144594] raylet_client.cc:336: Error reporting task backlog information: IOError: 
[2022-01-12 10:18:41,278 I 144320 144594] raylet_client.cc:336: Error reporting task backlog information: IOError: 
[2022-01-12 10:18:42,278 I 144320 144594] raylet_client.cc:336: Error reporting task backlog information: IOError: 
[2022-01-12 10:18:42,754 W 144320 144595] metric_exporter.cc:206: Export metrics to agent failed: IOError: . This won't affect Ray, but you can lose metrics from the cluster.
[2022-01-12 10:18:43,278 I 144320 144594] raylet_client.cc:336: Error reporting task backlog information: IOError: 
[2022-01-12 10:18:44,278 I 144320 144594] raylet_client.cc:336: Error reporting task backlog information: IOError: 
[2022-01-12 10:18:45,279 I 144320 144594] raylet_client.cc:336: Error reporting task backlog information: IOError: 
[2022-01-12 10:18:46,279 I 144320 144594] raylet_client.cc:336: Error reporting task backlog information: IOError: 
[2022-01-12 10:18:47,279 I 144320 144594] raylet_client.cc:336: Error reporting task backlog information: IOError: 
[2022-01-12 10:18:48,279 I 144320 144594] raylet_client.cc:336: Error reporting task backlog information: IOError: 
[2022-01-12 10:18:49,280 I 144320 144594] raylet_client.cc:336: Error reporting task backlog information: IOError: 
[2022-01-12 10:18:50,280 I 144320 144594] raylet_client.cc:336: Error reporting task backlog information: IOError: 
[2022-01-12 10:18:51,280 I 144320 144594] raylet_client.cc:336: Error reporting task backlog information: IOError: 
[2022-01-12 10:18:52,281 I 144320 144594] raylet_client.cc:336: Error reporting task backlog information: IOError: 
[2022-01-12 10:18:52,767 W 144320 144595] metric_exporter.cc:206: Export metrics to agent failed: IOError: . This won't affect Ray, but you can lose metrics from the cluster.
[2022-01-12 10:18:53,281 I 144320 144594] raylet_client.cc:336: Error reporting task backlog information: IOError: 
[2022-01-12 10:18:54,281 I 144320 144594] raylet_client.cc:336: Error reporting task backlog information: IOError: 
[2022-01-12 10:18:55,281 I 144320 144594] raylet_client.cc:336: Error reporting task backlog information: IOError: 
[2022-01-12 10:18:56,281 I 144320 144594] raylet_client.cc:336: Error reporting task backlog information: IOError: 
[2022-01-12 10:18:57,120 E 144320 144488] gcs_server_address_updater.cc:76: Failed to receive the GCS address for 600 times without success. The worker will exit ungracefully. It is because GCS has died. It could be because there was an issue that kills GCS, such as high memory usage triggering OOM killer to kill GCS. Cluster will be highly likely unavailable if you see this log. Please check the log from gcs_server.err.
