[2022-01-10 14:05:12,723 I 14608 14608] core_worker.cc:132: Constructing CoreWorkerProcess. pid: 14608
[2022-01-10 14:05:12,788 I 14608 14608] grpc_server.cc:112: worker server started, listening on port 34081.
[2022-01-10 14:05:12,791 I 14608 14608] core_worker.cc:479: Initializing worker at address: 131.215.21.210:34081, worker ID 2c53ee4953cf99ab1bf8f3e5b040c00de5ed73007baa31265815aa61, raylet 8d71f338f8d1faabb73d5040873c95dc46cd25d3bd6fafeb48bba8f9
[2022-01-10 14:05:12,901 I 14608 14608] io_service_pool.cc:35: IOServicePool is running with 1 io_service.
[2022-01-10 14:05:12,944 I 14608 14875] accessor.cc:560: Received notification for node id = 8d71f338f8d1faabb73d5040873c95dc46cd25d3bd6fafeb48bba8f9, IsAlive = 1
[2022-01-10 14:05:50,796 W 14608 14734] gcs_server_address_updater.cc:61: [1] Failed to get the gcs server address from raylet 1 times in a row. If it keeps failing to obtain the address, the worker might crash. Connection status IOError: 
[2022-01-10 14:05:51,796 I 14608 14875] raylet_client.cc:336: Error reporting task backlog information: IOError: 
[2022-01-10 14:05:51,948 I 14608 14875] raylet_client.cc:336: Error reporting task backlog information: IOError: 
[2022-01-10 14:05:52,934 W 14608 14876] metric_exporter.cc:206: Export metrics to agent failed: IOError: . This won't affect Ray, but you can lose metrics from the cluster.
[2022-01-10 14:05:52,948 I 14608 14875] raylet_client.cc:336: Error reporting task backlog information: IOError: 
[2022-01-10 14:05:53,948 I 14608 14875] raylet_client.cc:336: Error reporting task backlog information: IOError: 
[2022-01-10 14:05:54,948 I 14608 14875] raylet_client.cc:336: Error reporting task backlog information: IOError: 
[2022-01-10 14:05:55,948 I 14608 14875] raylet_client.cc:336: Error reporting task backlog information: IOError: 
[2022-01-10 14:05:56,948 I 14608 14875] raylet_client.cc:336: Error reporting task backlog information: IOError: 
[2022-01-10 14:05:57,948 I 14608 14875] raylet_client.cc:336: Error reporting task backlog information: IOError: 
[2022-01-10 14:05:58,948 I 14608 14875] raylet_client.cc:336: Error reporting task backlog information: IOError: 
[2022-01-10 14:05:59,949 I 14608 14875] raylet_client.cc:336: Error reporting task backlog information: IOError: 
[2022-01-10 14:06:00,949 I 14608 14875] raylet_client.cc:336: Error reporting task backlog information: IOError: 
[2022-01-10 14:06:01,949 I 14608 14875] raylet_client.cc:336: Error reporting task backlog information: IOError: 
[2022-01-10 14:06:02,946 W 14608 14876] metric_exporter.cc:206: Export metrics to agent failed: IOError: . This won't affect Ray, but you can lose metrics from the cluster.
[2022-01-10 14:06:02,949 I 14608 14875] raylet_client.cc:336: Error reporting task backlog information: IOError: 
[2022-01-10 14:06:03,949 I 14608 14875] raylet_client.cc:336: Error reporting task backlog information: IOError: 
[2022-01-10 14:06:04,949 I 14608 14875] raylet_client.cc:336: Error reporting task backlog information: IOError: 
[2022-01-10 14:06:05,949 I 14608 14875] raylet_client.cc:336: Error reporting task backlog information: IOError: 
[2022-01-10 14:06:06,949 I 14608 14875] raylet_client.cc:336: Error reporting task backlog information: IOError: 
[2022-01-10 14:06:07,949 I 14608 14875] raylet_client.cc:336: Error reporting task backlog information: IOError: 
[2022-01-10 14:06:08,949 I 14608 14875] raylet_client.cc:336: Error reporting task backlog information: IOError: 
[2022-01-10 14:06:09,949 I 14608 14875] raylet_client.cc:336: Error reporting task backlog information: IOError: 
[2022-01-10 14:06:10,949 I 14608 14875] raylet_client.cc:336: Error reporting task backlog information: IOError: 
[2022-01-10 14:06:11,949 I 14608 14875] raylet_client.cc:336: Error reporting task backlog information: IOError: 
[2022-01-10 14:06:12,950 I 14608 14875] raylet_client.cc:336: Error reporting task backlog information: IOError: 
[2022-01-10 14:06:12,954 W 14608 14876] metric_exporter.cc:206: Export metrics to agent failed: IOError: . This won't affect Ray, but you can lose metrics from the cluster.
[2022-01-10 14:06:13,950 I 14608 14875] raylet_client.cc:336: Error reporting task backlog information: IOError: 
[2022-01-10 14:06:14,950 I 14608 14875] raylet_client.cc:336: Error reporting task backlog information: IOError: 
[2022-01-10 14:06:15,950 I 14608 14875] raylet_client.cc:336: Error reporting task backlog information: IOError: 
[2022-01-10 14:06:16,950 I 14608 14875] raylet_client.cc:336: Error reporting task backlog information: IOError: 
[2022-01-10 14:06:17,950 I 14608 14875] raylet_client.cc:336: Error reporting task backlog information: IOError: 
[2022-01-10 14:06:18,950 I 14608 14875] raylet_client.cc:336: Error reporting task backlog information: IOError: 
[2022-01-10 14:06:19,950 I 14608 14875] raylet_client.cc:336: Error reporting task backlog information: IOError: 
[2022-01-10 14:06:20,950 I 14608 14875] raylet_client.cc:336: Error reporting task backlog information: IOError: 
[2022-01-10 14:06:21,950 I 14608 14875] raylet_client.cc:336: Error reporting task backlog information: IOError: 
[2022-01-10 14:06:22,950 I 14608 14875] raylet_client.cc:336: Error reporting task backlog information: IOError: 
[2022-01-10 14:06:22,964 W 14608 14876] metric_exporter.cc:206: Export metrics to agent failed: IOError: . This won't affect Ray, but you can lose metrics from the cluster.
[2022-01-10 14:06:23,950 I 14608 14875] raylet_client.cc:336: Error reporting task backlog information: IOError: 
[2022-01-10 14:06:24,951 I 14608 14875] raylet_client.cc:336: Error reporting task backlog information: IOError: 
[2022-01-10 14:06:25,951 I 14608 14875] raylet_client.cc:336: Error reporting task backlog information: IOError: 
[2022-01-10 14:06:26,951 I 14608 14875] raylet_client.cc:336: Error reporting task backlog information: IOError: 
[2022-01-10 14:06:27,951 I 14608 14875] raylet_client.cc:336: Error reporting task backlog information: IOError: 
[2022-01-10 14:06:28,951 I 14608 14875] raylet_client.cc:336: Error reporting task backlog information: IOError: 
[2022-01-10 14:06:29,951 I 14608 14875] raylet_client.cc:336: Error reporting task backlog information: IOError: 
[2022-01-10 14:06:30,952 I 14608 14875] raylet_client.cc:336: Error reporting task backlog information: IOError: 
[2022-01-10 14:06:31,951 I 14608 14875] raylet_client.cc:336: Error reporting task backlog information: IOError: 
[2022-01-10 14:06:32,951 I 14608 14875] raylet_client.cc:336: Error reporting task backlog information: IOError: 
[2022-01-10 14:06:32,971 W 14608 14876] metric_exporter.cc:206: Export metrics to agent failed: IOError: . This won't affect Ray, but you can lose metrics from the cluster.
[2022-01-10 14:06:33,952 I 14608 14875] raylet_client.cc:336: Error reporting task backlog information: IOError: 
[2022-01-10 14:06:34,952 I 14608 14875] raylet_client.cc:336: Error reporting task backlog information: IOError: 
[2022-01-10 14:06:35,952 I 14608 14875] raylet_client.cc:336: Error reporting task backlog information: IOError: 
[2022-01-10 14:06:36,952 I 14608 14875] raylet_client.cc:336: Error reporting task backlog information: IOError: 
[2022-01-10 14:06:37,952 I 14608 14875] raylet_client.cc:336: Error reporting task backlog information: IOError: 
[2022-01-10 14:06:38,952 I 14608 14875] raylet_client.cc:336: Error reporting task backlog information: IOError: 
[2022-01-10 14:06:39,952 I 14608 14875] raylet_client.cc:336: Error reporting task backlog information: IOError: 
[2022-01-10 14:06:40,952 I 14608 14875] raylet_client.cc:336: Error reporting task backlog information: IOError: 
[2022-01-10 14:06:41,952 I 14608 14875] raylet_client.cc:336: Error reporting task backlog information: IOError: 
[2022-01-10 14:06:42,952 I 14608 14875] raylet_client.cc:336: Error reporting task backlog information: IOError: 
[2022-01-10 14:06:42,979 W 14608 14876] metric_exporter.cc:206: Export metrics to agent failed: IOError: . This won't affect Ray, but you can lose metrics from the cluster.
[2022-01-10 14:06:43,952 I 14608 14875] raylet_client.cc:336: Error reporting task backlog information: IOError: 
[2022-01-10 14:06:44,953 I 14608 14875] raylet_client.cc:336: Error reporting task backlog information: IOError: 
[2022-01-10 14:06:45,953 I 14608 14875] raylet_client.cc:336: Error reporting task backlog information: IOError: 
[2022-01-10 14:06:46,953 I 14608 14875] raylet_client.cc:336: Error reporting task backlog information: IOError: 
[2022-01-10 14:06:47,953 I 14608 14875] raylet_client.cc:336: Error reporting task backlog information: IOError: 
[2022-01-10 14:06:48,953 I 14608 14875] raylet_client.cc:336: Error reporting task backlog information: IOError: 
[2022-01-10 14:06:49,953 I 14608 14875] raylet_client.cc:336: Error reporting task backlog information: IOError: 
[2022-01-10 14:06:50,953 I 14608 14875] raylet_client.cc:336: Error reporting task backlog information: IOError: 
[2022-01-10 14:06:51,953 I 14608 14875] raylet_client.cc:336: Error reporting task backlog information: IOError: 
[2022-01-10 14:06:52,953 I 14608 14875] raylet_client.cc:336: Error reporting task backlog information: IOError: 
[2022-01-10 14:06:52,986 W 14608 14876] metric_exporter.cc:206: Export metrics to agent failed: IOError: . This won't affect Ray, but you can lose metrics from the cluster.
[2022-01-10 14:06:53,953 I 14608 14875] raylet_client.cc:336: Error reporting task backlog information: IOError: 
[2022-01-10 14:06:54,953 I 14608 14875] raylet_client.cc:336: Error reporting task backlog information: IOError: 
[2022-01-10 14:06:55,953 I 14608 14875] raylet_client.cc:336: Error reporting task backlog information: IOError: 
[2022-01-10 14:06:56,954 I 14608 14875] raylet_client.cc:336: Error reporting task backlog information: IOError: 
[2022-01-10 14:06:57,954 I 14608 14875] raylet_client.cc:336: Error reporting task backlog information: IOError: 
[2022-01-10 14:06:58,954 I 14608 14875] raylet_client.cc:336: Error reporting task backlog information: IOError: 
[2022-01-10 14:06:59,954 I 14608 14875] raylet_client.cc:336: Error reporting task backlog information: IOError: 
[2022-01-10 14:07:00,954 I 14608 14875] raylet_client.cc:336: Error reporting task backlog information: IOError: 
[2022-01-10 14:07:01,954 I 14608 14875] raylet_client.cc:336: Error reporting task backlog information: IOError: 
[2022-01-10 14:07:02,954 I 14608 14875] raylet_client.cc:336: Error reporting task backlog information: IOError: 
[2022-01-10 14:07:02,995 W 14608 14876] metric_exporter.cc:206: Export metrics to agent failed: IOError: . This won't affect Ray, but you can lose metrics from the cluster.
[2022-01-10 14:07:03,955 I 14608 14875] raylet_client.cc:336: Error reporting task backlog information: IOError: 
[2022-01-10 14:07:04,955 I 14608 14875] raylet_client.cc:336: Error reporting task backlog information: IOError: 
[2022-01-10 14:07:05,955 I 14608 14875] raylet_client.cc:336: Error reporting task backlog information: IOError: 
[2022-01-10 14:07:06,955 I 14608 14875] raylet_client.cc:336: Error reporting task backlog information: IOError: 
[2022-01-10 14:07:07,955 I 14608 14875] raylet_client.cc:336: Error reporting task backlog information: IOError: 
[2022-01-10 14:07:08,955 I 14608 14875] raylet_client.cc:336: Error reporting task backlog information: IOError: 
[2022-01-10 14:07:09,955 I 14608 14875] raylet_client.cc:336: Error reporting task backlog information: IOError: 
[2022-01-10 14:07:10,955 I 14608 14875] raylet_client.cc:336: Error reporting task backlog information: IOError: 
[2022-01-10 14:07:11,955 I 14608 14875] raylet_client.cc:336: Error reporting task backlog information: IOError: 
[2022-01-10 14:07:12,955 I 14608 14875] raylet_client.cc:336: Error reporting task backlog information: IOError: 
[2022-01-10 14:07:13,002 W 14608 14876] metric_exporter.cc:206: Export metrics to agent failed: IOError: . This won't affect Ray, but you can lose metrics from the cluster.
[2022-01-10 14:07:13,955 I 14608 14875] raylet_client.cc:336: Error reporting task backlog information: IOError: 
[2022-01-10 14:07:14,956 I 14608 14875] raylet_client.cc:336: Error reporting task backlog information: IOError: 
[2022-01-10 14:07:15,956 I 14608 14875] raylet_client.cc:336: Error reporting task backlog information: IOError: 
[2022-01-10 14:07:16,956 I 14608 14875] raylet_client.cc:336: Error reporting task backlog information: IOError: 
[2022-01-10 14:07:17,956 I 14608 14875] raylet_client.cc:336: Error reporting task backlog information: IOError: 
[2022-01-10 14:07:18,956 I 14608 14875] raylet_client.cc:336: Error reporting task backlog information: IOError: 
[2022-01-10 14:07:19,956 I 14608 14875] raylet_client.cc:336: Error reporting task backlog information: IOError: 
[2022-01-10 14:07:20,956 I 14608 14875] raylet_client.cc:336: Error reporting task backlog information: IOError: 
[2022-01-10 14:07:21,956 I 14608 14875] raylet_client.cc:336: Error reporting task backlog information: IOError: 
[2022-01-10 14:07:22,956 I 14608 14875] raylet_client.cc:336: Error reporting task backlog information: IOError: 
[2022-01-10 14:07:23,009 W 14608 14876] metric_exporter.cc:206: Export metrics to agent failed: IOError: . This won't affect Ray, but you can lose metrics from the cluster.
[2022-01-10 14:07:23,956 I 14608 14875] raylet_client.cc:336: Error reporting task backlog information: IOError: 
[2022-01-10 14:07:24,956 I 14608 14875] raylet_client.cc:336: Error reporting task backlog information: IOError: 
[2022-01-10 14:07:25,956 I 14608 14875] raylet_client.cc:336: Error reporting task backlog information: IOError: 
[2022-01-10 14:07:26,956 I 14608 14875] raylet_client.cc:336: Error reporting task backlog information: IOError: 
[2022-01-10 14:07:27,957 I 14608 14875] raylet_client.cc:336: Error reporting task backlog information: IOError: 
[2022-01-10 14:07:28,957 I 14608 14875] raylet_client.cc:336: Error reporting task backlog information: IOError: 
[2022-01-10 14:07:29,957 I 14608 14875] raylet_client.cc:336: Error reporting task backlog information: IOError: 
[2022-01-10 14:07:30,957 I 14608 14875] raylet_client.cc:336: Error reporting task backlog information: IOError: 
[2022-01-10 14:07:31,957 I 14608 14875] raylet_client.cc:336: Error reporting task backlog information: IOError: 
[2022-01-10 14:07:32,957 I 14608 14875] raylet_client.cc:336: Error reporting task backlog information: IOError: 
[2022-01-10 14:07:33,015 W 14608 14876] metric_exporter.cc:206: Export metrics to agent failed: IOError: . This won't affect Ray, but you can lose metrics from the cluster.
[2022-01-10 14:07:33,957 I 14608 14875] raylet_client.cc:336: Error reporting task backlog information: IOError: 
[2022-01-10 14:07:34,957 I 14608 14875] raylet_client.cc:336: Error reporting task backlog information: IOError: 
[2022-01-10 14:07:35,957 I 14608 14875] raylet_client.cc:336: Error reporting task backlog information: IOError: 
[2022-01-10 14:07:36,957 I 14608 14875] raylet_client.cc:336: Error reporting task backlog information: IOError: 
[2022-01-10 14:07:37,957 I 14608 14875] raylet_client.cc:336: Error reporting task backlog information: IOError: 
[2022-01-10 14:07:38,957 I 14608 14875] raylet_client.cc:336: Error reporting task backlog information: IOError: 
[2022-01-10 14:07:39,958 I 14608 14875] raylet_client.cc:336: Error reporting task backlog information: IOError: 
[2022-01-10 14:07:40,958 I 14608 14875] raylet_client.cc:336: Error reporting task backlog information: IOError: 
[2022-01-10 14:07:41,958 I 14608 14875] raylet_client.cc:336: Error reporting task backlog information: IOError: 
[2022-01-10 14:07:42,958 I 14608 14875] raylet_client.cc:336: Error reporting task backlog information: IOError: 
[2022-01-10 14:07:43,022 W 14608 14876] metric_exporter.cc:206: Export metrics to agent failed: IOError: . This won't affect Ray, but you can lose metrics from the cluster.
[2022-01-10 14:07:43,958 I 14608 14875] raylet_client.cc:336: Error reporting task backlog information: IOError: 
[2022-01-10 14:07:44,958 I 14608 14875] raylet_client.cc:336: Error reporting task backlog information: IOError: 
[2022-01-10 14:07:45,958 I 14608 14875] raylet_client.cc:336: Error reporting task backlog information: IOError: 
[2022-01-10 14:07:46,958 I 14608 14875] raylet_client.cc:336: Error reporting task backlog information: IOError: 
[2022-01-10 14:07:47,958 I 14608 14875] raylet_client.cc:336: Error reporting task backlog information: IOError: 
[2022-01-10 14:07:48,958 I 14608 14875] raylet_client.cc:336: Error reporting task backlog information: IOError: 
[2022-01-10 14:07:49,958 I 14608 14875] raylet_client.cc:336: Error reporting task backlog information: IOError: 
[2022-01-10 14:07:50,958 I 14608 14875] raylet_client.cc:336: Error reporting task backlog information: IOError: 
[2022-01-10 14:07:51,959 I 14608 14875] raylet_client.cc:336: Error reporting task backlog information: IOError: 
[2022-01-10 14:07:52,959 I 14608 14875] raylet_client.cc:336: Error reporting task backlog information: IOError: 
[2022-01-10 14:07:53,030 W 14608 14876] metric_exporter.cc:206: Export metrics to agent failed: IOError: . This won't affect Ray, but you can lose metrics from the cluster.
[2022-01-10 14:07:53,959 I 14608 14875] raylet_client.cc:336: Error reporting task backlog information: IOError: 
[2022-01-10 14:07:54,959 I 14608 14875] raylet_client.cc:336: Error reporting task backlog information: IOError: 
[2022-01-10 14:07:55,959 I 14608 14875] raylet_client.cc:336: Error reporting task backlog information: IOError: 
[2022-01-10 14:07:56,959 I 14608 14875] raylet_client.cc:336: Error reporting task backlog information: IOError: 
[2022-01-10 14:07:57,959 I 14608 14875] raylet_client.cc:336: Error reporting task backlog information: IOError: 
[2022-01-10 14:07:58,959 I 14608 14875] raylet_client.cc:336: Error reporting task backlog information: IOError: 
[2022-01-10 14:07:59,959 I 14608 14875] raylet_client.cc:336: Error reporting task backlog information: IOError: 
[2022-01-10 14:08:00,959 I 14608 14875] raylet_client.cc:336: Error reporting task backlog information: IOError: 
[2022-01-10 14:08:01,959 I 14608 14875] raylet_client.cc:336: Error reporting task backlog information: IOError: 
[2022-01-10 14:08:02,959 I 14608 14875] raylet_client.cc:336: Error reporting task backlog information: IOError: 
[2022-01-10 14:08:03,037 W 14608 14876] metric_exporter.cc:206: Export metrics to agent failed: IOError: . This won't affect Ray, but you can lose metrics from the cluster.
[2022-01-10 14:08:03,960 I 14608 14875] raylet_client.cc:336: Error reporting task backlog information: IOError: 
[2022-01-10 14:08:04,960 I 14608 14875] raylet_client.cc:336: Error reporting task backlog information: IOError: 
[2022-01-10 14:08:05,960 I 14608 14875] raylet_client.cc:336: Error reporting task backlog information: IOError: 
[2022-01-10 14:08:06,960 I 14608 14875] raylet_client.cc:336: Error reporting task backlog information: IOError: 
[2022-01-10 14:08:07,960 I 14608 14875] raylet_client.cc:336: Error reporting task backlog information: IOError: 
[2022-01-10 14:08:08,960 I 14608 14875] raylet_client.cc:336: Error reporting task backlog information: IOError: 
[2022-01-10 14:08:09,960 I 14608 14875] raylet_client.cc:336: Error reporting task backlog information: IOError: 
[2022-01-10 14:08:10,960 I 14608 14875] raylet_client.cc:336: Error reporting task backlog information: IOError: 
[2022-01-10 14:08:11,960 I 14608 14875] raylet_client.cc:336: Error reporting task backlog information: IOError: 
[2022-01-10 14:08:12,960 I 14608 14875] raylet_client.cc:336: Error reporting task backlog information: IOError: 
[2022-01-10 14:08:13,044 W 14608 14876] metric_exporter.cc:206: Export metrics to agent failed: IOError: . This won't affect Ray, but you can lose metrics from the cluster.
[2022-01-10 14:08:13,960 I 14608 14875] raylet_client.cc:336: Error reporting task backlog information: IOError: 
[2022-01-10 14:08:14,960 I 14608 14875] raylet_client.cc:336: Error reporting task backlog information: IOError: 
[2022-01-10 14:08:15,960 I 14608 14875] raylet_client.cc:336: Error reporting task backlog information: IOError: 
[2022-01-10 14:08:16,961 I 14608 14875] raylet_client.cc:336: Error reporting task backlog information: IOError: 
[2022-01-10 14:08:17,961 I 14608 14875] raylet_client.cc:336: Error reporting task backlog information: IOError: 
[2022-01-10 14:08:18,961 I 14608 14875] raylet_client.cc:336: Error reporting task backlog information: IOError: 
[2022-01-10 14:08:19,961 I 14608 14875] raylet_client.cc:336: Error reporting task backlog information: IOError: 
[2022-01-10 14:08:20,961 I 14608 14875] raylet_client.cc:336: Error reporting task backlog information: IOError: 
[2022-01-10 14:08:21,961 I 14608 14875] raylet_client.cc:336: Error reporting task backlog information: IOError: 
[2022-01-10 14:08:22,961 I 14608 14875] raylet_client.cc:336: Error reporting task backlog information: IOError: 
[2022-01-10 14:08:23,050 W 14608 14876] metric_exporter.cc:206: Export metrics to agent failed: IOError: . This won't affect Ray, but you can lose metrics from the cluster.
[2022-01-10 14:08:23,961 I 14608 14875] raylet_client.cc:336: Error reporting task backlog information: IOError: 
[2022-01-10 14:08:24,961 I 14608 14875] raylet_client.cc:336: Error reporting task backlog information: IOError: 
[2022-01-10 14:08:25,961 I 14608 14875] raylet_client.cc:336: Error reporting task backlog information: IOError: 
[2022-01-10 14:08:26,961 I 14608 14875] raylet_client.cc:336: Error reporting task backlog information: IOError: 
[2022-01-10 14:08:27,961 I 14608 14875] raylet_client.cc:336: Error reporting task backlog information: IOError: 
[2022-01-10 14:08:28,962 I 14608 14875] raylet_client.cc:336: Error reporting task backlog information: IOError: 
[2022-01-10 14:08:29,962 I 14608 14875] raylet_client.cc:336: Error reporting task backlog information: IOError: 
[2022-01-10 14:08:30,962 I 14608 14875] raylet_client.cc:336: Error reporting task backlog information: IOError: 
[2022-01-10 14:08:31,962 I 14608 14875] raylet_client.cc:336: Error reporting task backlog information: IOError: 
[2022-01-10 14:08:32,962 I 14608 14875] raylet_client.cc:336: Error reporting task backlog information: IOError: 
[2022-01-10 14:08:33,059 W 14608 14876] metric_exporter.cc:206: Export metrics to agent failed: IOError: . This won't affect Ray, but you can lose metrics from the cluster.
[2022-01-10 14:08:33,962 I 14608 14875] raylet_client.cc:336: Error reporting task backlog information: IOError: 
[2022-01-10 14:08:34,962 I 14608 14875] raylet_client.cc:336: Error reporting task backlog information: IOError: 
[2022-01-10 14:08:35,962 I 14608 14875] raylet_client.cc:336: Error reporting task backlog information: IOError: 
[2022-01-10 14:08:36,962 I 14608 14875] raylet_client.cc:336: Error reporting task backlog information: IOError: 
[2022-01-10 14:08:37,962 I 14608 14875] raylet_client.cc:336: Error reporting task backlog information: IOError: 
[2022-01-10 14:08:38,962 I 14608 14875] raylet_client.cc:336: Error reporting task backlog information: IOError: 
[2022-01-10 14:08:39,962 I 14608 14875] raylet_client.cc:336: Error reporting task backlog information: IOError: 
[2022-01-10 14:08:40,963 I 14608 14875] raylet_client.cc:336: Error reporting task backlog information: IOError: 
[2022-01-10 14:08:41,963 I 14608 14875] raylet_client.cc:336: Error reporting task backlog information: IOError: 
[2022-01-10 14:08:42,963 I 14608 14875] raylet_client.cc:336: Error reporting task backlog information: IOError: 
[2022-01-10 14:08:43,068 W 14608 14876] metric_exporter.cc:206: Export metrics to agent failed: IOError: . This won't affect Ray, but you can lose metrics from the cluster.
[2022-01-10 14:08:43,963 I 14608 14875] raylet_client.cc:336: Error reporting task backlog information: IOError: 
[2022-01-10 14:08:44,963 I 14608 14875] raylet_client.cc:336: Error reporting task backlog information: IOError: 
[2022-01-10 14:08:45,963 I 14608 14875] raylet_client.cc:336: Error reporting task backlog information: IOError: 
[2022-01-10 14:08:46,963 I 14608 14875] raylet_client.cc:336: Error reporting task backlog information: IOError: 
[2022-01-10 14:08:47,963 I 14608 14875] raylet_client.cc:336: Error reporting task backlog information: IOError: 
[2022-01-10 14:08:48,963 I 14608 14875] raylet_client.cc:336: Error reporting task backlog information: IOError: 
[2022-01-10 14:08:49,963 I 14608 14875] raylet_client.cc:336: Error reporting task backlog information: IOError: 
[2022-01-10 14:08:50,963 I 14608 14875] raylet_client.cc:336: Error reporting task backlog information: IOError: 
[2022-01-10 14:08:51,963 I 14608 14875] raylet_client.cc:336: Error reporting task backlog information: IOError: 
[2022-01-10 14:08:52,964 I 14608 14875] raylet_client.cc:336: Error reporting task backlog information: IOError: 
[2022-01-10 14:08:53,075 W 14608 14876] metric_exporter.cc:206: Export metrics to agent failed: IOError: . This won't affect Ray, but you can lose metrics from the cluster.
[2022-01-10 14:08:53,964 I 14608 14875] raylet_client.cc:336: Error reporting task backlog information: IOError: 
[2022-01-10 14:08:54,964 I 14608 14875] raylet_client.cc:336: Error reporting task backlog information: IOError: 
[2022-01-10 14:08:55,964 I 14608 14875] raylet_client.cc:336: Error reporting task backlog information: IOError: 
[2022-01-10 14:08:56,971 I 14608 14875] raylet_client.cc:336: Error reporting task backlog information: IOError: 
[2022-01-10 14:08:57,966 I 14608 14875] raylet_client.cc:336: Error reporting task backlog information: IOError: 
[2022-01-10 14:08:58,966 I 14608 14875] raylet_client.cc:336: Error reporting task backlog information: IOError: 
[2022-01-10 14:08:59,966 I 14608 14875] raylet_client.cc:336: Error reporting task backlog information: IOError: 
[2022-01-10 14:09:00,966 I 14608 14875] raylet_client.cc:336: Error reporting task backlog information: IOError: 
[2022-01-10 14:09:01,966 I 14608 14875] raylet_client.cc:336: Error reporting task backlog information: IOError: 
[2022-01-10 14:09:02,967 I 14608 14875] raylet_client.cc:336: Error reporting task backlog information: IOError: 
[2022-01-10 14:09:03,081 W 14608 14876] metric_exporter.cc:206: Export metrics to agent failed: IOError: . This won't affect Ray, but you can lose metrics from the cluster.
[2022-01-10 14:09:03,967 I 14608 14875] raylet_client.cc:336: Error reporting task backlog information: IOError: 
[2022-01-10 14:09:04,967 I 14608 14875] raylet_client.cc:336: Error reporting task backlog information: IOError: 
[2022-01-10 14:09:05,967 I 14608 14875] raylet_client.cc:336: Error reporting task backlog information: IOError: 
[2022-01-10 14:09:06,967 I 14608 14875] raylet_client.cc:336: Error reporting task backlog information: IOError: 
[2022-01-10 14:09:07,967 I 14608 14875] raylet_client.cc:336: Error reporting task backlog information: IOError: 
[2022-01-10 14:09:08,967 I 14608 14875] raylet_client.cc:336: Error reporting task backlog information: IOError: 
[2022-01-10 14:09:09,967 I 14608 14875] raylet_client.cc:336: Error reporting task backlog information: IOError: 
[2022-01-10 14:09:10,967 I 14608 14875] raylet_client.cc:336: Error reporting task backlog information: IOError: 
[2022-01-10 14:09:11,967 I 14608 14875] raylet_client.cc:336: Error reporting task backlog information: IOError: 
[2022-01-10 14:09:12,967 I 14608 14875] raylet_client.cc:336: Error reporting task backlog information: IOError: 
[2022-01-10 14:09:13,094 W 14608 14876] metric_exporter.cc:206: Export metrics to agent failed: IOError: . This won't affect Ray, but you can lose metrics from the cluster.
[2022-01-10 14:09:13,967 I 14608 14875] raylet_client.cc:336: Error reporting task backlog information: IOError: 
[2022-01-10 14:09:14,967 I 14608 14875] raylet_client.cc:336: Error reporting task backlog information: IOError: 
[2022-01-10 14:09:15,968 I 14608 14875] raylet_client.cc:336: Error reporting task backlog information: IOError: 
[2022-01-10 14:09:16,968 I 14608 14875] raylet_client.cc:336: Error reporting task backlog information: IOError: 
[2022-01-10 14:09:17,968 I 14608 14875] raylet_client.cc:336: Error reporting task backlog information: IOError: 
[2022-01-10 14:09:18,968 I 14608 14875] raylet_client.cc:336: Error reporting task backlog information: IOError: 
[2022-01-10 14:09:19,968 I 14608 14875] raylet_client.cc:336: Error reporting task backlog information: IOError: 
[2022-01-10 14:09:20,968 I 14608 14875] raylet_client.cc:336: Error reporting task backlog information: IOError: 
[2022-01-10 14:09:21,968 I 14608 14875] raylet_client.cc:336: Error reporting task backlog information: IOError: 
[2022-01-10 14:09:22,968 I 14608 14875] raylet_client.cc:336: Error reporting task backlog information: IOError: 
[2022-01-10 14:09:23,108 W 14608 14876] metric_exporter.cc:206: Export metrics to agent failed: IOError: . This won't affect Ray, but you can lose metrics from the cluster.
[2022-01-10 14:09:23,968 I 14608 14875] raylet_client.cc:336: Error reporting task backlog information: IOError: 
[2022-01-10 14:09:24,968 I 14608 14875] raylet_client.cc:336: Error reporting task backlog information: IOError: 
[2022-01-10 14:09:25,968 I 14608 14875] raylet_client.cc:336: Error reporting task backlog information: IOError: 
[2022-01-10 14:09:26,969 I 14608 14875] raylet_client.cc:336: Error reporting task backlog information: IOError: 
[2022-01-10 14:09:27,969 I 14608 14875] raylet_client.cc:336: Error reporting task backlog information: IOError: 
[2022-01-10 14:09:28,969 I 14608 14875] raylet_client.cc:336: Error reporting task backlog information: IOError: 
[2022-01-10 14:09:29,969 I 14608 14875] raylet_client.cc:336: Error reporting task backlog information: IOError: 
[2022-01-10 14:09:30,969 I 14608 14875] raylet_client.cc:336: Error reporting task backlog information: IOError: 
[2022-01-10 14:09:31,969 I 14608 14875] raylet_client.cc:336: Error reporting task backlog information: IOError: 
[2022-01-10 14:09:32,969 I 14608 14875] raylet_client.cc:336: Error reporting task backlog information: IOError: 
[2022-01-10 14:09:33,121 W 14608 14876] metric_exporter.cc:206: Export metrics to agent failed: IOError: . This won't affect Ray, but you can lose metrics from the cluster.
[2022-01-10 14:09:33,969 I 14608 14875] raylet_client.cc:336: Error reporting task backlog information: IOError: 
[2022-01-10 14:09:34,969 I 14608 14875] raylet_client.cc:336: Error reporting task backlog information: IOError: 
[2022-01-10 14:09:35,969 I 14608 14875] raylet_client.cc:336: Error reporting task backlog information: IOError: 
[2022-01-10 14:09:36,969 I 14608 14875] raylet_client.cc:336: Error reporting task backlog information: IOError: 
[2022-01-10 14:09:37,969 I 14608 14875] raylet_client.cc:336: Error reporting task backlog information: IOError: 
[2022-01-10 14:09:38,970 I 14608 14875] raylet_client.cc:336: Error reporting task backlog information: IOError: 
[2022-01-10 14:09:39,970 I 14608 14875] raylet_client.cc:336: Error reporting task backlog information: IOError: 
[2022-01-10 14:09:40,970 I 14608 14875] raylet_client.cc:336: Error reporting task backlog information: IOError: 
[2022-01-10 14:09:41,970 I 14608 14875] raylet_client.cc:336: Error reporting task backlog information: IOError: 
[2022-01-10 14:09:42,970 I 14608 14875] raylet_client.cc:336: Error reporting task backlog information: IOError: 
[2022-01-10 14:09:43,128 W 14608 14876] metric_exporter.cc:206: Export metrics to agent failed: IOError: . This won't affect Ray, but you can lose metrics from the cluster.
[2022-01-10 14:09:43,970 I 14608 14875] raylet_client.cc:336: Error reporting task backlog information: IOError: 
[2022-01-10 14:09:44,970 I 14608 14875] raylet_client.cc:336: Error reporting task backlog information: IOError: 
[2022-01-10 14:09:45,970 I 14608 14875] raylet_client.cc:336: Error reporting task backlog information: IOError: 
[2022-01-10 14:09:46,970 I 14608 14875] raylet_client.cc:336: Error reporting task backlog information: IOError: 
[2022-01-10 14:09:47,970 I 14608 14875] raylet_client.cc:336: Error reporting task backlog information: IOError: 
[2022-01-10 14:09:48,970 I 14608 14875] raylet_client.cc:336: Error reporting task backlog information: IOError: 
[2022-01-10 14:09:49,970 I 14608 14875] raylet_client.cc:336: Error reporting task backlog information: IOError: 
[2022-01-10 14:09:50,971 I 14608 14875] raylet_client.cc:336: Error reporting task backlog information: IOError: 
[2022-01-10 14:09:51,971 I 14608 14875] raylet_client.cc:336: Error reporting task backlog information: IOError: 
[2022-01-10 14:09:52,971 I 14608 14875] raylet_client.cc:336: Error reporting task backlog information: IOError: 
[2022-01-10 14:09:53,135 W 14608 14876] metric_exporter.cc:206: Export metrics to agent failed: IOError: . This won't affect Ray, but you can lose metrics from the cluster.
[2022-01-10 14:09:53,971 I 14608 14875] raylet_client.cc:336: Error reporting task backlog information: IOError: 
[2022-01-10 14:09:54,971 I 14608 14875] raylet_client.cc:336: Error reporting task backlog information: IOError: 
[2022-01-10 14:09:55,971 I 14608 14875] raylet_client.cc:336: Error reporting task backlog information: IOError: 
[2022-01-10 14:09:56,971 I 14608 14875] raylet_client.cc:336: Error reporting task backlog information: IOError: 
[2022-01-10 14:09:57,971 I 14608 14875] raylet_client.cc:336: Error reporting task backlog information: IOError: 
[2022-01-10 14:09:58,971 I 14608 14875] raylet_client.cc:336: Error reporting task backlog information: IOError: 
[2022-01-10 14:09:59,971 I 14608 14875] raylet_client.cc:336: Error reporting task backlog information: IOError: 
[2022-01-10 14:10:00,971 I 14608 14875] raylet_client.cc:336: Error reporting task backlog information: IOError: 
[2022-01-10 14:10:01,971 I 14608 14875] raylet_client.cc:336: Error reporting task backlog information: IOError: 
[2022-01-10 14:10:02,972 I 14608 14875] raylet_client.cc:336: Error reporting task backlog information: IOError: 
[2022-01-10 14:10:03,141 W 14608 14876] metric_exporter.cc:206: Export metrics to agent failed: IOError: . This won't affect Ray, but you can lose metrics from the cluster.
[2022-01-10 14:10:03,972 I 14608 14875] raylet_client.cc:336: Error reporting task backlog information: IOError: 
[2022-01-10 14:10:04,972 I 14608 14875] raylet_client.cc:336: Error reporting task backlog information: IOError: 
[2022-01-10 14:10:05,972 I 14608 14875] raylet_client.cc:336: Error reporting task backlog information: IOError: 
[2022-01-10 14:10:06,972 I 14608 14875] raylet_client.cc:336: Error reporting task backlog information: IOError: 
[2022-01-10 14:10:07,972 I 14608 14875] raylet_client.cc:336: Error reporting task backlog information: IOError: 
[2022-01-10 14:10:08,972 I 14608 14875] raylet_client.cc:336: Error reporting task backlog information: IOError: 
[2022-01-10 14:10:09,972 I 14608 14875] raylet_client.cc:336: Error reporting task backlog information: IOError: 
[2022-01-10 14:10:10,972 I 14608 14875] raylet_client.cc:336: Error reporting task backlog information: IOError: 
[2022-01-10 14:10:11,972 I 14608 14875] raylet_client.cc:336: Error reporting task backlog information: IOError: 
[2022-01-10 14:10:12,972 I 14608 14875] raylet_client.cc:336: Error reporting task backlog information: IOError: 
[2022-01-10 14:10:13,148 W 14608 14876] metric_exporter.cc:206: Export metrics to agent failed: IOError: . This won't affect Ray, but you can lose metrics from the cluster.
[2022-01-10 14:10:13,972 I 14608 14875] raylet_client.cc:336: Error reporting task backlog information: IOError: 
[2022-01-10 14:10:14,973 I 14608 14875] raylet_client.cc:336: Error reporting task backlog information: IOError: 
[2022-01-10 14:10:15,973 I 14608 14875] raylet_client.cc:336: Error reporting task backlog information: IOError: 
[2022-01-10 14:10:16,973 I 14608 14875] raylet_client.cc:336: Error reporting task backlog information: IOError: 
[2022-01-10 14:10:17,973 I 14608 14875] raylet_client.cc:336: Error reporting task backlog information: IOError: 
[2022-01-10 14:10:18,973 I 14608 14875] raylet_client.cc:336: Error reporting task backlog information: IOError: 
[2022-01-10 14:10:19,973 I 14608 14875] raylet_client.cc:336: Error reporting task backlog information: IOError: 
[2022-01-10 14:10:20,973 I 14608 14875] raylet_client.cc:336: Error reporting task backlog information: IOError: 
[2022-01-10 14:10:21,973 I 14608 14875] raylet_client.cc:336: Error reporting task backlog information: IOError: 
[2022-01-10 14:10:22,973 I 14608 14875] raylet_client.cc:336: Error reporting task backlog information: IOError: 
[2022-01-10 14:10:23,154 W 14608 14876] metric_exporter.cc:206: Export metrics to agent failed: IOError: . This won't affect Ray, but you can lose metrics from the cluster.
[2022-01-10 14:10:23,973 I 14608 14875] raylet_client.cc:336: Error reporting task backlog information: IOError: 
[2022-01-10 14:10:24,974 I 14608 14875] raylet_client.cc:336: Error reporting task backlog information: IOError: 
[2022-01-10 14:10:25,974 I 14608 14875] raylet_client.cc:336: Error reporting task backlog information: IOError: 
[2022-01-10 14:10:26,974 I 14608 14875] raylet_client.cc:336: Error reporting task backlog information: IOError: 
[2022-01-10 14:10:27,974 I 14608 14875] raylet_client.cc:336: Error reporting task backlog information: IOError: 
[2022-01-10 14:10:28,974 I 14608 14875] raylet_client.cc:336: Error reporting task backlog information: IOError: 
[2022-01-10 14:10:29,974 I 14608 14875] raylet_client.cc:336: Error reporting task backlog information: IOError: 
[2022-01-10 14:10:30,974 I 14608 14875] raylet_client.cc:336: Error reporting task backlog information: IOError: 
[2022-01-10 14:10:31,974 I 14608 14875] raylet_client.cc:336: Error reporting task backlog information: IOError: 
[2022-01-10 14:10:32,974 I 14608 14875] raylet_client.cc:336: Error reporting task backlog information: IOError: 
[2022-01-10 14:10:33,161 W 14608 14876] metric_exporter.cc:206: Export metrics to agent failed: IOError: . This won't affect Ray, but you can lose metrics from the cluster.
[2022-01-10 14:10:33,974 I 14608 14875] raylet_client.cc:336: Error reporting task backlog information: IOError: 
[2022-01-10 14:10:34,974 I 14608 14875] raylet_client.cc:336: Error reporting task backlog information: IOError: 
[2022-01-10 14:10:35,974 I 14608 14875] raylet_client.cc:336: Error reporting task backlog information: IOError: 
[2022-01-10 14:10:36,974 I 14608 14875] raylet_client.cc:336: Error reporting task backlog information: IOError: 
[2022-01-10 14:10:37,974 I 14608 14875] raylet_client.cc:336: Error reporting task backlog information: IOError: 
[2022-01-10 14:10:38,974 I 14608 14875] raylet_client.cc:336: Error reporting task backlog information: IOError: 
[2022-01-10 14:10:39,975 I 14608 14875] raylet_client.cc:336: Error reporting task backlog information: IOError: 
[2022-01-10 14:10:40,975 I 14608 14875] raylet_client.cc:336: Error reporting task backlog information: IOError: 
[2022-01-10 14:10:41,975 I 14608 14875] raylet_client.cc:336: Error reporting task backlog information: IOError: 
[2022-01-10 14:10:42,975 I 14608 14875] raylet_client.cc:336: Error reporting task backlog information: IOError: 
[2022-01-10 14:10:43,167 W 14608 14876] metric_exporter.cc:206: Export metrics to agent failed: IOError: . This won't affect Ray, but you can lose metrics from the cluster.
[2022-01-10 14:10:43,975 I 14608 14875] raylet_client.cc:336: Error reporting task backlog information: IOError: 
[2022-01-10 14:10:44,975 I 14608 14875] raylet_client.cc:336: Error reporting task backlog information: IOError: 
[2022-01-10 14:10:45,975 I 14608 14875] raylet_client.cc:336: Error reporting task backlog information: IOError: 
[2022-01-10 14:10:46,975 I 14608 14875] raylet_client.cc:336: Error reporting task backlog information: IOError: 
[2022-01-10 14:10:47,975 I 14608 14875] raylet_client.cc:336: Error reporting task backlog information: IOError: 
[2022-01-10 14:10:48,975 I 14608 14875] raylet_client.cc:336: Error reporting task backlog information: IOError: 
[2022-01-10 14:10:49,975 I 14608 14875] raylet_client.cc:336: Error reporting task backlog information: IOError: 
[2022-01-10 14:10:50,816 W 14608 14734] gcs_server_address_updater.cc:61: [301] Failed to get the gcs server address from raylet 301 times in a row. If it keeps failing to obtain the address, the worker might crash. Connection status IOError: 
[2022-01-10 14:10:50,975 I 14608 14875] raylet_client.cc:336: Error reporting task backlog information: IOError: 
[2022-01-10 14:10:51,975 I 14608 14875] raylet_client.cc:336: Error reporting task backlog information: IOError: 
[2022-01-10 14:10:52,976 I 14608 14875] raylet_client.cc:336: Error reporting task backlog information: IOError: 
[2022-01-10 14:10:53,174 W 14608 14876] metric_exporter.cc:206: Export metrics to agent failed: IOError: . This won't affect Ray, but you can lose metrics from the cluster.
[2022-01-10 14:10:53,976 I 14608 14875] raylet_client.cc:336: Error reporting task backlog information: IOError: 
[2022-01-10 14:10:54,976 I 14608 14875] raylet_client.cc:336: Error reporting task backlog information: IOError: 
[2022-01-10 14:10:55,976 I 14608 14875] raylet_client.cc:336: Error reporting task backlog information: IOError: 
[2022-01-10 14:10:56,976 I 14608 14875] raylet_client.cc:336: Error reporting task backlog information: IOError: 
[2022-01-10 14:10:57,976 I 14608 14875] raylet_client.cc:336: Error reporting task backlog information: IOError: 
[2022-01-10 14:10:58,976 I 14608 14875] raylet_client.cc:336: Error reporting task backlog information: IOError: 
[2022-01-10 14:10:59,976 I 14608 14875] raylet_client.cc:336: Error reporting task backlog information: IOError: 
[2022-01-10 14:11:00,976 I 14608 14875] raylet_client.cc:336: Error reporting task backlog information: IOError: 
[2022-01-10 14:11:01,976 I 14608 14875] raylet_client.cc:336: Error reporting task backlog information: IOError: 
[2022-01-10 14:11:02,976 I 14608 14875] raylet_client.cc:336: Error reporting task backlog information: IOError: 
[2022-01-10 14:11:03,181 W 14608 14876] metric_exporter.cc:206: Export metrics to agent failed: IOError: . This won't affect Ray, but you can lose metrics from the cluster.
[2022-01-10 14:11:03,976 I 14608 14875] raylet_client.cc:336: Error reporting task backlog information: IOError: 
[2022-01-10 14:11:04,977 I 14608 14875] raylet_client.cc:336: Error reporting task backlog information: IOError: 
[2022-01-10 14:11:05,977 I 14608 14875] raylet_client.cc:336: Error reporting task backlog information: IOError: 
[2022-01-10 14:11:06,977 I 14608 14875] raylet_client.cc:336: Error reporting task backlog information: IOError: 
[2022-01-10 14:11:07,977 I 14608 14875] raylet_client.cc:336: Error reporting task backlog information: IOError: 
[2022-01-10 14:11:08,977 I 14608 14875] raylet_client.cc:336: Error reporting task backlog information: IOError: 
[2022-01-10 14:11:09,977 I 14608 14875] raylet_client.cc:336: Error reporting task backlog information: IOError: 
[2022-01-10 14:11:10,977 I 14608 14875] raylet_client.cc:336: Error reporting task backlog information: IOError: 
[2022-01-10 14:11:11,977 I 14608 14875] raylet_client.cc:336: Error reporting task backlog information: IOError: 
[2022-01-10 14:11:12,977 I 14608 14875] raylet_client.cc:336: Error reporting task backlog information: IOError: 
[2022-01-10 14:11:13,191 W 14608 14876] metric_exporter.cc:206: Export metrics to agent failed: IOError: . This won't affect Ray, but you can lose metrics from the cluster.
[2022-01-10 14:11:13,977 I 14608 14875] raylet_client.cc:336: Error reporting task backlog information: IOError: 
[2022-01-10 14:11:14,977 I 14608 14875] raylet_client.cc:336: Error reporting task backlog information: IOError: 
[2022-01-10 14:11:15,977 I 14608 14875] raylet_client.cc:336: Error reporting task backlog information: IOError: 
[2022-01-10 14:11:16,977 I 14608 14875] raylet_client.cc:336: Error reporting task backlog information: IOError: 
[2022-01-10 14:11:17,978 I 14608 14875] raylet_client.cc:336: Error reporting task backlog information: IOError: 
[2022-01-10 14:11:18,978 I 14608 14875] raylet_client.cc:336: Error reporting task backlog information: IOError: 
[2022-01-10 14:11:19,978 I 14608 14875] raylet_client.cc:336: Error reporting task backlog information: IOError: 
[2022-01-10 14:11:20,978 I 14608 14875] raylet_client.cc:336: Error reporting task backlog information: IOError: 
[2022-01-10 14:11:21,978 I 14608 14875] raylet_client.cc:336: Error reporting task backlog information: IOError: 
[2022-01-10 14:11:22,978 I 14608 14875] raylet_client.cc:336: Error reporting task backlog information: IOError: 
[2022-01-10 14:11:23,197 W 14608 14876] metric_exporter.cc:206: Export metrics to agent failed: IOError: . This won't affect Ray, but you can lose metrics from the cluster.
[2022-01-10 14:11:23,978 I 14608 14875] raylet_client.cc:336: Error reporting task backlog information: IOError: 
[2022-01-10 14:11:24,978 I 14608 14875] raylet_client.cc:336: Error reporting task backlog information: IOError: 
[2022-01-10 14:11:25,978 I 14608 14875] raylet_client.cc:336: Error reporting task backlog information: IOError: 
[2022-01-10 14:11:26,978 I 14608 14875] raylet_client.cc:336: Error reporting task backlog information: IOError: 
[2022-01-10 14:11:27,981 I 14608 14875] raylet_client.cc:336: Error reporting task backlog information: IOError: 
[2022-01-10 14:11:28,981 I 14608 14875] raylet_client.cc:336: Error reporting task backlog information: IOError: 
[2022-01-10 14:11:29,981 I 14608 14875] raylet_client.cc:336: Error reporting task backlog information: IOError: 
[2022-01-10 14:11:30,981 I 14608 14875] raylet_client.cc:336: Error reporting task backlog information: IOError: 
[2022-01-10 14:11:31,981 I 14608 14875] raylet_client.cc:336: Error reporting task backlog information: IOError: 
[2022-01-10 14:11:32,981 I 14608 14875] raylet_client.cc:336: Error reporting task backlog information: IOError: 
[2022-01-10 14:11:33,204 W 14608 14876] metric_exporter.cc:206: Export metrics to agent failed: IOError: . This won't affect Ray, but you can lose metrics from the cluster.
[2022-01-10 14:11:33,981 I 14608 14875] raylet_client.cc:336: Error reporting task backlog information: IOError: 
[2022-01-10 14:11:34,981 I 14608 14875] raylet_client.cc:336: Error reporting task backlog information: IOError: 
[2022-01-10 14:11:35,981 I 14608 14875] raylet_client.cc:336: Error reporting task backlog information: IOError: 
[2022-01-10 14:11:36,982 I 14608 14875] raylet_client.cc:336: Error reporting task backlog information: IOError: 
[2022-01-10 14:11:37,982 I 14608 14875] raylet_client.cc:336: Error reporting task backlog information: IOError: 
[2022-01-10 14:11:38,982 I 14608 14875] raylet_client.cc:336: Error reporting task backlog information: IOError: 
[2022-01-10 14:11:39,982 I 14608 14875] raylet_client.cc:336: Error reporting task backlog information: IOError: 
[2022-01-10 14:11:40,982 I 14608 14875] raylet_client.cc:336: Error reporting task backlog information: IOError: 
[2022-01-10 14:11:41,982 I 14608 14875] raylet_client.cc:336: Error reporting task backlog information: IOError: 
[2022-01-10 14:11:42,982 I 14608 14875] raylet_client.cc:336: Error reporting task backlog information: IOError: 
[2022-01-10 14:11:43,211 W 14608 14876] metric_exporter.cc:206: Export metrics to agent failed: IOError: . This won't affect Ray, but you can lose metrics from the cluster.
[2022-01-10 14:11:43,982 I 14608 14875] raylet_client.cc:336: Error reporting task backlog information: IOError: 
[2022-01-10 14:11:44,982 I 14608 14875] raylet_client.cc:336: Error reporting task backlog information: IOError: 
[2022-01-10 14:11:45,982 I 14608 14875] raylet_client.cc:336: Error reporting task backlog information: IOError: 
[2022-01-10 14:11:46,982 I 14608 14875] raylet_client.cc:336: Error reporting task backlog information: IOError: 
[2022-01-10 14:11:47,982 I 14608 14875] raylet_client.cc:336: Error reporting task backlog information: IOError: 
[2022-01-10 14:11:48,982 I 14608 14875] raylet_client.cc:336: Error reporting task backlog information: IOError: 
[2022-01-10 14:11:49,982 I 14608 14875] raylet_client.cc:336: Error reporting task backlog information: IOError: 
[2022-01-10 14:11:50,983 I 14608 14875] raylet_client.cc:336: Error reporting task backlog information: IOError: 
[2022-01-10 14:11:51,983 I 14608 14875] raylet_client.cc:336: Error reporting task backlog information: IOError: 
[2022-01-10 14:11:52,983 I 14608 14875] raylet_client.cc:336: Error reporting task backlog information: IOError: 
[2022-01-10 14:11:53,220 W 14608 14876] metric_exporter.cc:206: Export metrics to agent failed: IOError: . This won't affect Ray, but you can lose metrics from the cluster.
[2022-01-10 14:11:53,983 I 14608 14875] raylet_client.cc:336: Error reporting task backlog information: IOError: 
[2022-01-10 14:11:54,983 I 14608 14875] raylet_client.cc:336: Error reporting task backlog information: IOError: 
[2022-01-10 14:11:55,983 I 14608 14875] raylet_client.cc:336: Error reporting task backlog information: IOError: 
[2022-01-10 14:11:56,983 I 14608 14875] raylet_client.cc:336: Error reporting task backlog information: IOError: 
[2022-01-10 14:11:57,983 I 14608 14875] raylet_client.cc:336: Error reporting task backlog information: IOError: 
[2022-01-10 14:11:58,983 I 14608 14875] raylet_client.cc:336: Error reporting task backlog information: IOError: 
[2022-01-10 14:11:59,983 I 14608 14875] raylet_client.cc:336: Error reporting task backlog information: IOError: 
[2022-01-10 14:12:00,983 I 14608 14875] raylet_client.cc:336: Error reporting task backlog information: IOError: 
[2022-01-10 14:12:01,983 I 14608 14875] raylet_client.cc:336: Error reporting task backlog information: IOError: 
[2022-01-10 14:12:02,984 I 14608 14875] raylet_client.cc:336: Error reporting task backlog information: IOError: 
[2022-01-10 14:12:03,226 W 14608 14876] metric_exporter.cc:206: Export metrics to agent failed: IOError: . This won't affect Ray, but you can lose metrics from the cluster.
[2022-01-10 14:12:03,984 I 14608 14875] raylet_client.cc:336: Error reporting task backlog information: IOError: 
[2022-01-10 14:12:04,984 I 14608 14875] raylet_client.cc:336: Error reporting task backlog information: IOError: 
[2022-01-10 14:12:05,984 I 14608 14875] raylet_client.cc:336: Error reporting task backlog information: IOError: 
[2022-01-10 14:12:06,984 I 14608 14875] raylet_client.cc:336: Error reporting task backlog information: IOError: 
[2022-01-10 14:12:07,984 I 14608 14875] raylet_client.cc:336: Error reporting task backlog information: IOError: 
[2022-01-10 14:12:08,984 I 14608 14875] raylet_client.cc:336: Error reporting task backlog information: IOError: 
[2022-01-10 14:12:09,984 I 14608 14875] raylet_client.cc:336: Error reporting task backlog information: IOError: 
[2022-01-10 14:12:10,984 I 14608 14875] raylet_client.cc:336: Error reporting task backlog information: IOError: 
[2022-01-10 14:12:11,984 I 14608 14875] raylet_client.cc:336: Error reporting task backlog information: IOError: 
[2022-01-10 14:12:12,985 I 14608 14875] raylet_client.cc:336: Error reporting task backlog information: IOError: 
[2022-01-10 14:12:13,233 W 14608 14876] metric_exporter.cc:206: Export metrics to agent failed: IOError: . This won't affect Ray, but you can lose metrics from the cluster.
[2022-01-10 14:12:13,985 I 14608 14875] raylet_client.cc:336: Error reporting task backlog information: IOError: 
[2022-01-10 14:12:14,985 I 14608 14875] raylet_client.cc:336: Error reporting task backlog information: IOError: 
[2022-01-10 14:12:15,985 I 14608 14875] raylet_client.cc:336: Error reporting task backlog information: IOError: 
[2022-01-10 14:12:16,985 I 14608 14875] raylet_client.cc:336: Error reporting task backlog information: IOError: 
[2022-01-10 14:12:17,985 I 14608 14875] raylet_client.cc:336: Error reporting task backlog information: IOError: 
[2022-01-10 14:12:18,985 I 14608 14875] raylet_client.cc:336: Error reporting task backlog information: IOError: 
[2022-01-10 14:12:19,985 I 14608 14875] raylet_client.cc:336: Error reporting task backlog information: IOError: 
[2022-01-10 14:12:20,985 I 14608 14875] raylet_client.cc:336: Error reporting task backlog information: IOError: 
[2022-01-10 14:12:21,985 I 14608 14875] raylet_client.cc:336: Error reporting task backlog information: IOError: 
[2022-01-10 14:12:22,986 I 14608 14875] raylet_client.cc:336: Error reporting task backlog information: IOError: 
[2022-01-10 14:12:23,239 W 14608 14876] metric_exporter.cc:206: Export metrics to agent failed: IOError: . This won't affect Ray, but you can lose metrics from the cluster.
[2022-01-10 14:12:23,986 I 14608 14875] raylet_client.cc:336: Error reporting task backlog information: IOError: 
[2022-01-10 14:12:24,986 I 14608 14875] raylet_client.cc:336: Error reporting task backlog information: IOError: 
[2022-01-10 14:12:25,986 I 14608 14875] raylet_client.cc:336: Error reporting task backlog information: IOError: 
[2022-01-10 14:12:26,986 I 14608 14875] raylet_client.cc:336: Error reporting task backlog information: IOError: 
[2022-01-10 14:12:27,986 I 14608 14875] raylet_client.cc:336: Error reporting task backlog information: IOError: 
[2022-01-10 14:12:28,986 I 14608 14875] raylet_client.cc:336: Error reporting task backlog information: IOError: 
[2022-01-10 14:12:29,986 I 14608 14875] raylet_client.cc:336: Error reporting task backlog information: IOError: 
[2022-01-10 14:12:30,986 I 14608 14875] raylet_client.cc:336: Error reporting task backlog information: IOError: 
[2022-01-10 14:12:31,986 I 14608 14875] raylet_client.cc:336: Error reporting task backlog information: IOError: 
[2022-01-10 14:12:32,986 I 14608 14875] raylet_client.cc:336: Error reporting task backlog information: IOError: 
[2022-01-10 14:12:33,247 W 14608 14876] metric_exporter.cc:206: Export metrics to agent failed: IOError: . This won't affect Ray, but you can lose metrics from the cluster.
[2022-01-10 14:12:33,986 I 14608 14875] raylet_client.cc:336: Error reporting task backlog information: IOError: 
[2022-01-10 14:12:34,986 I 14608 14875] raylet_client.cc:336: Error reporting task backlog information: IOError: 
[2022-01-10 14:12:35,987 I 14608 14875] raylet_client.cc:336: Error reporting task backlog information: IOError: 
[2022-01-10 14:12:36,987 I 14608 14875] raylet_client.cc:336: Error reporting task backlog information: IOError: 
[2022-01-10 14:12:37,987 I 14608 14875] raylet_client.cc:336: Error reporting task backlog information: IOError: 
[2022-01-10 14:12:38,987 I 14608 14875] raylet_client.cc:336: Error reporting task backlog information: IOError: 
[2022-01-10 14:12:39,987 I 14608 14875] raylet_client.cc:336: Error reporting task backlog information: IOError: 
[2022-01-10 14:12:40,987 I 14608 14875] raylet_client.cc:336: Error reporting task backlog information: IOError: 
[2022-01-10 14:12:41,987 I 14608 14875] raylet_client.cc:336: Error reporting task backlog information: IOError: 
[2022-01-10 14:12:42,987 I 14608 14875] raylet_client.cc:336: Error reporting task backlog information: IOError: 
[2022-01-10 14:12:43,254 W 14608 14876] metric_exporter.cc:206: Export metrics to agent failed: IOError: . This won't affect Ray, but you can lose metrics from the cluster.
[2022-01-10 14:12:43,987 I 14608 14875] raylet_client.cc:336: Error reporting task backlog information: IOError: 
[2022-01-10 14:12:44,987 I 14608 14875] raylet_client.cc:336: Error reporting task backlog information: IOError: 
[2022-01-10 14:12:45,987 I 14608 14875] raylet_client.cc:336: Error reporting task backlog information: IOError: 
[2022-01-10 14:12:46,987 I 14608 14875] raylet_client.cc:336: Error reporting task backlog information: IOError: 
[2022-01-10 14:12:47,988 I 14608 14875] raylet_client.cc:336: Error reporting task backlog information: IOError: 
[2022-01-10 14:12:48,988 I 14608 14875] raylet_client.cc:336: Error reporting task backlog information: IOError: 
[2022-01-10 14:12:49,988 I 14608 14875] raylet_client.cc:336: Error reporting task backlog information: IOError: 
[2022-01-10 14:12:50,988 I 14608 14875] raylet_client.cc:336: Error reporting task backlog information: IOError: 
[2022-01-10 14:12:51,988 I 14608 14875] raylet_client.cc:336: Error reporting task backlog information: IOError: 
[2022-01-10 14:12:52,988 I 14608 14875] raylet_client.cc:336: Error reporting task backlog information: IOError: 
[2022-01-10 14:12:53,260 W 14608 14876] metric_exporter.cc:206: Export metrics to agent failed: IOError: . This won't affect Ray, but you can lose metrics from the cluster.
[2022-01-10 14:12:53,988 I 14608 14875] raylet_client.cc:336: Error reporting task backlog information: IOError: 
[2022-01-10 14:12:54,988 I 14608 14875] raylet_client.cc:336: Error reporting task backlog information: IOError: 
[2022-01-10 14:12:55,988 I 14608 14875] raylet_client.cc:336: Error reporting task backlog information: IOError: 
[2022-01-10 14:12:56,988 I 14608 14875] raylet_client.cc:336: Error reporting task backlog information: IOError: 
[2022-01-10 14:12:57,988 I 14608 14875] raylet_client.cc:336: Error reporting task backlog information: IOError: 
[2022-01-10 14:12:58,988 I 14608 14875] raylet_client.cc:336: Error reporting task backlog information: IOError: 
[2022-01-10 14:12:59,989 I 14608 14875] raylet_client.cc:336: Error reporting task backlog information: IOError: 
[2022-01-10 14:13:00,989 I 14608 14875] raylet_client.cc:336: Error reporting task backlog information: IOError: 
[2022-01-10 14:13:01,989 I 14608 14875] raylet_client.cc:336: Error reporting task backlog information: IOError: 
[2022-01-10 14:13:02,989 I 14608 14875] raylet_client.cc:336: Error reporting task backlog information: IOError: 
[2022-01-10 14:13:03,270 W 14608 14876] metric_exporter.cc:206: Export metrics to agent failed: IOError: . This won't affect Ray, but you can lose metrics from the cluster.
[2022-01-10 14:13:03,989 I 14608 14875] raylet_client.cc:336: Error reporting task backlog information: IOError: 
[2022-01-10 14:13:04,989 I 14608 14875] raylet_client.cc:336: Error reporting task backlog information: IOError: 
[2022-01-10 14:13:05,989 I 14608 14875] raylet_client.cc:336: Error reporting task backlog information: IOError: 
[2022-01-10 14:13:06,989 I 14608 14875] raylet_client.cc:336: Error reporting task backlog information: IOError: 
[2022-01-10 14:13:07,989 I 14608 14875] raylet_client.cc:336: Error reporting task backlog information: IOError: 
[2022-01-10 14:13:08,989 I 14608 14875] raylet_client.cc:336: Error reporting task backlog information: IOError: 
[2022-01-10 14:13:09,989 I 14608 14875] raylet_client.cc:336: Error reporting task backlog information: IOError: 
[2022-01-10 14:13:10,989 I 14608 14875] raylet_client.cc:336: Error reporting task backlog information: IOError: 
[2022-01-10 14:13:11,990 I 14608 14875] raylet_client.cc:336: Error reporting task backlog information: IOError: 
[2022-01-10 14:13:12,990 I 14608 14875] raylet_client.cc:336: Error reporting task backlog information: IOError: 
[2022-01-10 14:13:13,277 W 14608 14876] metric_exporter.cc:206: Export metrics to agent failed: IOError: . This won't affect Ray, but you can lose metrics from the cluster.
[2022-01-10 14:13:13,990 I 14608 14875] raylet_client.cc:336: Error reporting task backlog information: IOError: 
[2022-01-10 14:13:14,990 I 14608 14875] raylet_client.cc:336: Error reporting task backlog information: IOError: 
[2022-01-10 14:13:15,990 I 14608 14875] raylet_client.cc:336: Error reporting task backlog information: IOError: 
[2022-01-10 14:13:16,990 I 14608 14875] raylet_client.cc:336: Error reporting task backlog information: IOError: 
[2022-01-10 14:13:17,990 I 14608 14875] raylet_client.cc:336: Error reporting task backlog information: IOError: 
[2022-01-10 14:13:18,990 I 14608 14875] raylet_client.cc:336: Error reporting task backlog information: IOError: 
[2022-01-10 14:13:19,990 I 14608 14875] raylet_client.cc:336: Error reporting task backlog information: IOError: 
[2022-01-10 14:13:20,990 I 14608 14875] raylet_client.cc:336: Error reporting task backlog information: IOError: 
[2022-01-10 14:13:21,990 I 14608 14875] raylet_client.cc:336: Error reporting task backlog information: IOError: 
[2022-01-10 14:13:22,990 I 14608 14875] raylet_client.cc:336: Error reporting task backlog information: IOError: 
[2022-01-10 14:13:23,291 W 14608 14876] metric_exporter.cc:206: Export metrics to agent failed: IOError: . This won't affect Ray, but you can lose metrics from the cluster.
[2022-01-10 14:13:23,990 I 14608 14875] raylet_client.cc:336: Error reporting task backlog information: IOError: 
[2022-01-10 14:13:24,991 I 14608 14875] raylet_client.cc:336: Error reporting task backlog information: IOError: 
[2022-01-10 14:13:25,991 I 14608 14875] raylet_client.cc:336: Error reporting task backlog information: IOError: 
[2022-01-10 14:13:26,991 I 14608 14875] raylet_client.cc:336: Error reporting task backlog information: IOError: 
[2022-01-10 14:13:27,991 I 14608 14875] raylet_client.cc:336: Error reporting task backlog information: IOError: 
[2022-01-10 14:13:28,991 I 14608 14875] raylet_client.cc:336: Error reporting task backlog information: IOError: 
[2022-01-10 14:13:29,991 I 14608 14875] raylet_client.cc:336: Error reporting task backlog information: IOError: 
[2022-01-10 14:13:30,991 I 14608 14875] raylet_client.cc:336: Error reporting task backlog information: IOError: 
[2022-01-10 14:13:31,991 I 14608 14875] raylet_client.cc:336: Error reporting task backlog information: IOError: 
[2022-01-10 14:13:32,991 I 14608 14875] raylet_client.cc:336: Error reporting task backlog information: IOError: 
[2022-01-10 14:13:33,297 W 14608 14876] metric_exporter.cc:206: Export metrics to agent failed: IOError: . This won't affect Ray, but you can lose metrics from the cluster.
[2022-01-10 14:13:33,991 I 14608 14875] raylet_client.cc:336: Error reporting task backlog information: IOError: 
[2022-01-10 14:13:34,991 I 14608 14875] raylet_client.cc:336: Error reporting task backlog information: IOError: 
[2022-01-10 14:13:35,991 I 14608 14875] raylet_client.cc:336: Error reporting task backlog information: IOError: 
[2022-01-10 14:13:36,992 I 14608 14875] raylet_client.cc:336: Error reporting task backlog information: IOError: 
[2022-01-10 14:13:37,992 I 14608 14875] raylet_client.cc:336: Error reporting task backlog information: IOError: 
[2022-01-10 14:13:38,992 I 14608 14875] raylet_client.cc:336: Error reporting task backlog information: IOError: 
[2022-01-10 14:13:39,992 I 14608 14875] raylet_client.cc:336: Error reporting task backlog information: IOError: 
[2022-01-10 14:13:40,992 I 14608 14875] raylet_client.cc:336: Error reporting task backlog information: IOError: 
[2022-01-10 14:13:41,992 I 14608 14875] raylet_client.cc:336: Error reporting task backlog information: IOError: 
[2022-01-10 14:13:42,992 I 14608 14875] raylet_client.cc:336: Error reporting task backlog information: IOError: 
[2022-01-10 14:13:43,304 W 14608 14876] metric_exporter.cc:206: Export metrics to agent failed: IOError: . This won't affect Ray, but you can lose metrics from the cluster.
[2022-01-10 14:13:43,992 I 14608 14875] raylet_client.cc:336: Error reporting task backlog information: IOError: 
[2022-01-10 14:13:44,992 I 14608 14875] raylet_client.cc:336: Error reporting task backlog information: IOError: 
[2022-01-10 14:13:45,992 I 14608 14875] raylet_client.cc:336: Error reporting task backlog information: IOError: 
[2022-01-10 14:13:46,992 I 14608 14875] raylet_client.cc:336: Error reporting task backlog information: IOError: 
[2022-01-10 14:13:47,992 I 14608 14875] raylet_client.cc:336: Error reporting task backlog information: IOError: 
[2022-01-10 14:13:48,993 I 14608 14875] raylet_client.cc:336: Error reporting task backlog information: IOError: 
[2022-01-10 14:13:49,993 I 14608 14875] raylet_client.cc:336: Error reporting task backlog information: IOError: 
[2022-01-10 14:13:50,993 I 14608 14875] raylet_client.cc:336: Error reporting task backlog information: IOError: 
[2022-01-10 14:13:51,993 I 14608 14875] raylet_client.cc:336: Error reporting task backlog information: IOError: 
[2022-01-10 14:13:52,993 I 14608 14875] raylet_client.cc:336: Error reporting task backlog information: IOError: 
[2022-01-10 14:13:53,310 W 14608 14876] metric_exporter.cc:206: Export metrics to agent failed: IOError: . This won't affect Ray, but you can lose metrics from the cluster.
[2022-01-10 14:13:53,993 I 14608 14875] raylet_client.cc:336: Error reporting task backlog information: IOError: 
[2022-01-10 14:13:54,993 I 14608 14875] raylet_client.cc:336: Error reporting task backlog information: IOError: 
[2022-01-10 14:13:55,993 I 14608 14875] raylet_client.cc:336: Error reporting task backlog information: IOError: 
[2022-01-10 14:13:56,993 I 14608 14875] raylet_client.cc:336: Error reporting task backlog information: IOError: 
[2022-01-10 14:13:57,993 I 14608 14875] raylet_client.cc:336: Error reporting task backlog information: IOError: 
[2022-01-10 14:13:58,994 I 14608 14875] raylet_client.cc:336: Error reporting task backlog information: IOError: 
[2022-01-10 14:13:59,994 I 14608 14875] raylet_client.cc:336: Error reporting task backlog information: IOError: 
[2022-01-10 14:14:00,994 I 14608 14875] raylet_client.cc:336: Error reporting task backlog information: IOError: 
[2022-01-10 14:14:01,994 I 14608 14875] raylet_client.cc:336: Error reporting task backlog information: IOError: 
[2022-01-10 14:14:02,994 I 14608 14875] raylet_client.cc:336: Error reporting task backlog information: IOError: 
[2022-01-10 14:14:03,319 W 14608 14876] metric_exporter.cc:206: Export metrics to agent failed: IOError: . This won't affect Ray, but you can lose metrics from the cluster.
[2022-01-10 14:14:03,994 I 14608 14875] raylet_client.cc:336: Error reporting task backlog information: IOError: 
[2022-01-10 14:14:04,994 I 14608 14875] raylet_client.cc:336: Error reporting task backlog information: IOError: 
[2022-01-10 14:14:05,994 I 14608 14875] raylet_client.cc:336: Error reporting task backlog information: IOError: 
[2022-01-10 14:14:06,994 I 14608 14875] raylet_client.cc:336: Error reporting task backlog information: IOError: 
[2022-01-10 14:14:07,994 I 14608 14875] raylet_client.cc:336: Error reporting task backlog information: IOError: 
[2022-01-10 14:14:08,994 I 14608 14875] raylet_client.cc:336: Error reporting task backlog information: IOError: 
[2022-01-10 14:14:09,995 I 14608 14875] raylet_client.cc:336: Error reporting task backlog information: IOError: 
[2022-01-10 14:14:10,995 I 14608 14875] raylet_client.cc:336: Error reporting task backlog information: IOError: 
[2022-01-10 14:14:11,995 I 14608 14875] raylet_client.cc:336: Error reporting task backlog information: IOError: 
[2022-01-10 14:14:12,995 I 14608 14875] raylet_client.cc:336: Error reporting task backlog information: IOError: 
[2022-01-10 14:14:13,329 W 14608 14876] metric_exporter.cc:206: Export metrics to agent failed: IOError: . This won't affect Ray, but you can lose metrics from the cluster.
[2022-01-10 14:14:13,995 I 14608 14875] raylet_client.cc:336: Error reporting task backlog information: IOError: 
[2022-01-10 14:14:14,995 I 14608 14875] raylet_client.cc:336: Error reporting task backlog information: IOError: 
[2022-01-10 14:14:15,995 I 14608 14875] raylet_client.cc:336: Error reporting task backlog information: IOError: 
[2022-01-10 14:14:16,995 I 14608 14875] raylet_client.cc:336: Error reporting task backlog information: IOError: 
[2022-01-10 14:14:17,995 I 14608 14875] raylet_client.cc:336: Error reporting task backlog information: IOError: 
[2022-01-10 14:14:18,995 I 14608 14875] raylet_client.cc:336: Error reporting task backlog information: IOError: 
[2022-01-10 14:14:19,995 I 14608 14875] raylet_client.cc:336: Error reporting task backlog information: IOError: 
[2022-01-10 14:14:20,995 I 14608 14875] raylet_client.cc:336: Error reporting task backlog information: IOError: 
[2022-01-10 14:14:21,996 I 14608 14875] raylet_client.cc:336: Error reporting task backlog information: IOError: 
[2022-01-10 14:14:22,996 I 14608 14875] raylet_client.cc:336: Error reporting task backlog information: IOError: 
[2022-01-10 14:14:23,336 W 14608 14876] metric_exporter.cc:206: Export metrics to agent failed: IOError: . This won't affect Ray, but you can lose metrics from the cluster.
[2022-01-10 14:14:23,996 I 14608 14875] raylet_client.cc:336: Error reporting task backlog information: IOError: 
[2022-01-10 14:14:24,996 I 14608 14875] raylet_client.cc:336: Error reporting task backlog information: IOError: 
[2022-01-10 14:14:25,996 I 14608 14875] raylet_client.cc:336: Error reporting task backlog information: IOError: 
[2022-01-10 14:14:26,996 I 14608 14875] raylet_client.cc:336: Error reporting task backlog information: IOError: 
[2022-01-10 14:14:27,996 I 14608 14875] raylet_client.cc:336: Error reporting task backlog information: IOError: 
[2022-01-10 14:14:28,996 I 14608 14875] raylet_client.cc:336: Error reporting task backlog information: IOError: 
[2022-01-10 14:14:29,996 I 14608 14875] raylet_client.cc:336: Error reporting task backlog information: IOError: 
[2022-01-10 14:14:30,996 I 14608 14875] raylet_client.cc:336: Error reporting task backlog information: IOError: 
[2022-01-10 14:14:31,996 I 14608 14875] raylet_client.cc:336: Error reporting task backlog information: IOError: 
[2022-01-10 14:14:32,997 I 14608 14875] raylet_client.cc:336: Error reporting task backlog information: IOError: 
[2022-01-10 14:14:33,344 W 14608 14876] metric_exporter.cc:206: Export metrics to agent failed: IOError: . This won't affect Ray, but you can lose metrics from the cluster.
[2022-01-10 14:14:33,997 I 14608 14875] raylet_client.cc:336: Error reporting task backlog information: IOError: 
[2022-01-10 14:14:34,997 I 14608 14875] raylet_client.cc:336: Error reporting task backlog information: IOError: 
[2022-01-10 14:14:35,997 I 14608 14875] raylet_client.cc:336: Error reporting task backlog information: IOError: 
[2022-01-10 14:14:36,997 I 14608 14875] raylet_client.cc:336: Error reporting task backlog information: IOError: 
[2022-01-10 14:14:37,997 I 14608 14875] raylet_client.cc:336: Error reporting task backlog information: IOError: 
[2022-01-10 14:14:38,997 I 14608 14875] raylet_client.cc:336: Error reporting task backlog information: IOError: 
[2022-01-10 14:14:39,997 I 14608 14875] raylet_client.cc:336: Error reporting task backlog information: IOError: 
[2022-01-10 14:14:40,997 I 14608 14875] raylet_client.cc:336: Error reporting task backlog information: IOError: 
[2022-01-10 14:14:41,997 I 14608 14875] raylet_client.cc:336: Error reporting task backlog information: IOError: 
[2022-01-10 14:14:42,998 I 14608 14875] raylet_client.cc:336: Error reporting task backlog information: IOError: 
[2022-01-10 14:14:43,352 W 14608 14876] metric_exporter.cc:206: Export metrics to agent failed: IOError: . This won't affect Ray, but you can lose metrics from the cluster.
[2022-01-10 14:14:43,997 I 14608 14875] raylet_client.cc:336: Error reporting task backlog information: IOError: 
[2022-01-10 14:14:44,998 I 14608 14875] raylet_client.cc:336: Error reporting task backlog information: IOError: 
[2022-01-10 14:14:45,998 I 14608 14875] raylet_client.cc:336: Error reporting task backlog information: IOError: 
[2022-01-10 14:14:46,998 I 14608 14875] raylet_client.cc:336: Error reporting task backlog information: IOError: 
[2022-01-10 14:14:47,998 I 14608 14875] raylet_client.cc:336: Error reporting task backlog information: IOError: 
[2022-01-10 14:14:48,998 I 14608 14875] raylet_client.cc:336: Error reporting task backlog information: IOError: 
[2022-01-10 14:14:49,998 I 14608 14875] raylet_client.cc:336: Error reporting task backlog information: IOError: 
[2022-01-10 14:14:50,998 I 14608 14875] raylet_client.cc:336: Error reporting task backlog information: IOError: 
[2022-01-10 14:14:51,998 I 14608 14875] raylet_client.cc:336: Error reporting task backlog information: IOError: 
[2022-01-10 14:14:52,998 I 14608 14875] raylet_client.cc:336: Error reporting task backlog information: IOError: 
[2022-01-10 14:14:53,358 W 14608 14876] metric_exporter.cc:206: Export metrics to agent failed: IOError: . This won't affect Ray, but you can lose metrics from the cluster.
[2022-01-10 14:14:53,998 I 14608 14875] raylet_client.cc:336: Error reporting task backlog information: IOError: 
[2022-01-10 14:14:54,998 I 14608 14875] raylet_client.cc:336: Error reporting task backlog information: IOError: 
[2022-01-10 14:14:55,999 I 14608 14875] raylet_client.cc:336: Error reporting task backlog information: IOError: 
[2022-01-10 14:14:56,999 I 14608 14875] raylet_client.cc:336: Error reporting task backlog information: IOError: 
[2022-01-10 14:14:57,999 I 14608 14875] raylet_client.cc:336: Error reporting task backlog information: IOError: 
[2022-01-10 14:14:58,999 I 14608 14875] raylet_client.cc:336: Error reporting task backlog information: IOError: 
[2022-01-10 14:14:59,999 I 14608 14875] raylet_client.cc:336: Error reporting task backlog information: IOError: 
[2022-01-10 14:15:00,999 I 14608 14875] raylet_client.cc:336: Error reporting task backlog information: IOError: 
[2022-01-10 14:15:01,999 I 14608 14875] raylet_client.cc:336: Error reporting task backlog information: IOError: 
[2022-01-10 14:15:02,999 I 14608 14875] raylet_client.cc:336: Error reporting task backlog information: IOError: 
[2022-01-10 14:15:03,371 W 14608 14876] metric_exporter.cc:206: Export metrics to agent failed: IOError: . This won't affect Ray, but you can lose metrics from the cluster.
[2022-01-10 14:15:03,999 I 14608 14875] raylet_client.cc:336: Error reporting task backlog information: IOError: 
[2022-01-10 14:15:04,999 I 14608 14875] raylet_client.cc:336: Error reporting task backlog information: IOError: 
[2022-01-10 14:15:05,999 I 14608 14875] raylet_client.cc:336: Error reporting task backlog information: IOError: 
[2022-01-10 14:15:06,999 I 14608 14875] raylet_client.cc:336: Error reporting task backlog information: IOError: 
[2022-01-10 14:15:07,999 I 14608 14875] raylet_client.cc:336: Error reporting task backlog information: IOError: 
[2022-01-10 14:15:09,000 I 14608 14875] raylet_client.cc:336: Error reporting task backlog information: IOError: 
[2022-01-10 14:15:10,000 I 14608 14875] raylet_client.cc:336: Error reporting task backlog information: IOError: 
[2022-01-10 14:15:11,000 I 14608 14875] raylet_client.cc:336: Error reporting task backlog information: IOError: 
[2022-01-10 14:15:12,000 I 14608 14875] raylet_client.cc:336: Error reporting task backlog information: IOError: 
[2022-01-10 14:15:13,000 I 14608 14875] raylet_client.cc:336: Error reporting task backlog information: IOError: 
[2022-01-10 14:15:13,378 W 14608 14876] metric_exporter.cc:206: Export metrics to agent failed: IOError: . This won't affect Ray, but you can lose metrics from the cluster.
[2022-01-10 14:15:14,000 I 14608 14875] raylet_client.cc:336: Error reporting task backlog information: IOError: 
[2022-01-10 14:15:15,000 I 14608 14875] raylet_client.cc:336: Error reporting task backlog information: IOError: 
[2022-01-10 14:15:16,000 I 14608 14875] raylet_client.cc:336: Error reporting task backlog information: IOError: 
[2022-01-10 14:15:17,000 I 14608 14875] raylet_client.cc:336: Error reporting task backlog information: IOError: 
[2022-01-10 14:15:18,000 I 14608 14875] raylet_client.cc:336: Error reporting task backlog information: IOError: 
[2022-01-10 14:15:19,000 I 14608 14875] raylet_client.cc:336: Error reporting task backlog information: IOError: 
[2022-01-10 14:15:20,001 I 14608 14875] raylet_client.cc:336: Error reporting task backlog information: IOError: 
[2022-01-10 14:15:21,001 I 14608 14875] raylet_client.cc:336: Error reporting task backlog information: IOError: 
[2022-01-10 14:15:22,001 I 14608 14875] raylet_client.cc:336: Error reporting task backlog information: IOError: 
[2022-01-10 14:15:23,001 I 14608 14875] raylet_client.cc:336: Error reporting task backlog information: IOError: 
[2022-01-10 14:15:23,387 W 14608 14876] metric_exporter.cc:206: Export metrics to agent failed: IOError: . This won't affect Ray, but you can lose metrics from the cluster.
[2022-01-10 14:15:24,001 I 14608 14875] raylet_client.cc:336: Error reporting task backlog information: IOError: 
[2022-01-10 14:15:25,001 I 14608 14875] raylet_client.cc:336: Error reporting task backlog information: IOError: 
[2022-01-10 14:15:26,001 I 14608 14875] raylet_client.cc:336: Error reporting task backlog information: IOError: 
[2022-01-10 14:15:27,001 I 14608 14875] raylet_client.cc:336: Error reporting task backlog information: IOError: 
[2022-01-10 14:15:28,001 I 14608 14875] raylet_client.cc:336: Error reporting task backlog information: IOError: 
[2022-01-10 14:15:29,001 I 14608 14875] raylet_client.cc:336: Error reporting task backlog information: IOError: 
[2022-01-10 14:15:30,001 I 14608 14875] raylet_client.cc:336: Error reporting task backlog information: IOError: 
[2022-01-10 14:15:31,002 I 14608 14875] raylet_client.cc:336: Error reporting task backlog information: IOError: 
[2022-01-10 14:15:32,002 I 14608 14875] raylet_client.cc:336: Error reporting task backlog information: IOError: 
[2022-01-10 14:15:33,002 I 14608 14875] raylet_client.cc:336: Error reporting task backlog information: IOError: 
[2022-01-10 14:15:33,393 W 14608 14876] metric_exporter.cc:206: Export metrics to agent failed: IOError: . This won't affect Ray, but you can lose metrics from the cluster.
[2022-01-10 14:15:34,002 I 14608 14875] raylet_client.cc:336: Error reporting task backlog information: IOError: 
[2022-01-10 14:15:35,002 I 14608 14875] raylet_client.cc:336: Error reporting task backlog information: IOError: 
[2022-01-10 14:15:36,002 I 14608 14875] raylet_client.cc:336: Error reporting task backlog information: IOError: 
[2022-01-10 14:15:37,002 I 14608 14875] raylet_client.cc:336: Error reporting task backlog information: IOError: 
[2022-01-10 14:15:38,002 I 14608 14875] raylet_client.cc:336: Error reporting task backlog information: IOError: 
[2022-01-10 14:15:39,002 I 14608 14875] raylet_client.cc:336: Error reporting task backlog information: IOError: 
[2022-01-10 14:15:40,002 I 14608 14875] raylet_client.cc:336: Error reporting task backlog information: IOError: 
[2022-01-10 14:15:41,002 I 14608 14875] raylet_client.cc:336: Error reporting task backlog information: IOError: 
[2022-01-10 14:15:42,002 I 14608 14875] raylet_client.cc:336: Error reporting task backlog information: IOError: 
[2022-01-10 14:15:43,003 I 14608 14875] raylet_client.cc:336: Error reporting task backlog information: IOError: 
[2022-01-10 14:15:43,403 W 14608 14876] metric_exporter.cc:206: Export metrics to agent failed: IOError: . This won't affect Ray, but you can lose metrics from the cluster.
[2022-01-10 14:15:44,003 I 14608 14875] raylet_client.cc:336: Error reporting task backlog information: IOError: 
[2022-01-10 14:15:45,003 I 14608 14875] raylet_client.cc:336: Error reporting task backlog information: IOError: 
[2022-01-10 14:15:46,003 I 14608 14875] raylet_client.cc:336: Error reporting task backlog information: IOError: 
[2022-01-10 14:15:47,003 I 14608 14875] raylet_client.cc:336: Error reporting task backlog information: IOError: 
[2022-01-10 14:15:48,003 I 14608 14875] raylet_client.cc:336: Error reporting task backlog information: IOError: 
[2022-01-10 14:15:49,003 I 14608 14875] raylet_client.cc:336: Error reporting task backlog information: IOError: 
[2022-01-10 14:15:49,840 E 14608 14734] gcs_server_address_updater.cc:76: Failed to receive the GCS address for 600 times without success. The worker will exit ungracefully. It is because GCS has died. It could be because there was an issue that kills GCS, such as high memory usage triggering OOM killer to kill GCS. Cluster will be highly likely unavailable if you see this log. Please check the log from gcs_server.err.
