[2022-01-10 14:05:12,805 I 14611 14611] core_worker.cc:132: Constructing CoreWorkerProcess. pid: 14611
[2022-01-10 14:05:12,824 I 14611 14611] grpc_server.cc:112: worker server started, listening on port 38969.
[2022-01-10 14:05:12,828 I 14611 14611] core_worker.cc:479: Initializing worker at address: 131.215.21.210:38969, worker ID 4a912786d3ab879bbc4fff4e00de10f88e4ed3e66f976c6d0c235066, raylet 8d71f338f8d1faabb73d5040873c95dc46cd25d3bd6fafeb48bba8f9
[2022-01-10 14:05:12,981 I 14611 14611] io_service_pool.cc:35: IOServicePool is running with 1 io_service.
[2022-01-10 14:05:12,981 I 14611 14910] accessor.cc:560: Received notification for node id = 8d71f338f8d1faabb73d5040873c95dc46cd25d3bd6fafeb48bba8f9, IsAlive = 1
[2022-01-10 14:05:50,834 W 14611 14781] gcs_server_address_updater.cc:61: [1] Failed to get the gcs server address from raylet 1 times in a row. If it keeps failing to obtain the address, the worker might crash. Connection status IOError: 
[2022-01-10 14:05:51,834 I 14611 14910] raylet_client.cc:336: Error reporting task backlog information: IOError: 
[2022-01-10 14:05:51,985 I 14611 14910] raylet_client.cc:336: Error reporting task backlog information: IOError: 
[2022-01-10 14:05:52,985 I 14611 14910] raylet_client.cc:336: Error reporting task backlog information: IOError: 
[2022-01-10 14:05:53,008 W 14611 14911] metric_exporter.cc:206: Export metrics to agent failed: IOError: . This won't affect Ray, but you can lose metrics from the cluster.
[2022-01-10 14:05:53,985 I 14611 14910] raylet_client.cc:336: Error reporting task backlog information: IOError: 
[2022-01-10 14:05:54,985 I 14611 14910] raylet_client.cc:336: Error reporting task backlog information: IOError: 
[2022-01-10 14:05:55,985 I 14611 14910] raylet_client.cc:336: Error reporting task backlog information: IOError: 
[2022-01-10 14:05:56,985 I 14611 14910] raylet_client.cc:336: Error reporting task backlog information: IOError: 
[2022-01-10 14:05:57,985 I 14611 14910] raylet_client.cc:336: Error reporting task backlog information: IOError: 
[2022-01-10 14:05:58,985 I 14611 14910] raylet_client.cc:336: Error reporting task backlog information: IOError: 
[2022-01-10 14:05:59,985 I 14611 14910] raylet_client.cc:336: Error reporting task backlog information: IOError: 
[2022-01-10 14:06:00,985 I 14611 14910] raylet_client.cc:336: Error reporting task backlog information: IOError: 
[2022-01-10 14:06:01,985 I 14611 14910] raylet_client.cc:336: Error reporting task backlog information: IOError: 
[2022-01-10 14:06:02,986 I 14611 14910] raylet_client.cc:336: Error reporting task backlog information: IOError: 
[2022-01-10 14:06:03,016 W 14611 14911] metric_exporter.cc:206: Export metrics to agent failed: IOError: . This won't affect Ray, but you can lose metrics from the cluster.
[2022-01-10 14:06:03,986 I 14611 14910] raylet_client.cc:336: Error reporting task backlog information: IOError: 
[2022-01-10 14:06:04,986 I 14611 14910] raylet_client.cc:336: Error reporting task backlog information: IOError: 
[2022-01-10 14:06:05,986 I 14611 14910] raylet_client.cc:336: Error reporting task backlog information: IOError: 
[2022-01-10 14:06:06,986 I 14611 14910] raylet_client.cc:336: Error reporting task backlog information: IOError: 
[2022-01-10 14:06:07,986 I 14611 14910] raylet_client.cc:336: Error reporting task backlog information: IOError: 
[2022-01-10 14:06:08,986 I 14611 14910] raylet_client.cc:336: Error reporting task backlog information: IOError: 
[2022-01-10 14:06:09,986 I 14611 14910] raylet_client.cc:336: Error reporting task backlog information: IOError: 
[2022-01-10 14:06:10,986 I 14611 14910] raylet_client.cc:336: Error reporting task backlog information: IOError: 
[2022-01-10 14:06:11,986 I 14611 14910] raylet_client.cc:336: Error reporting task backlog information: IOError: 
[2022-01-10 14:06:12,986 I 14611 14910] raylet_client.cc:336: Error reporting task backlog information: IOError: 
[2022-01-10 14:06:13,022 W 14611 14911] metric_exporter.cc:206: Export metrics to agent failed: IOError: . This won't affect Ray, but you can lose metrics from the cluster.
[2022-01-10 14:06:13,987 I 14611 14910] raylet_client.cc:336: Error reporting task backlog information: IOError: 
[2022-01-10 14:06:14,987 I 14611 14910] raylet_client.cc:336: Error reporting task backlog information: IOError: 
[2022-01-10 14:06:15,987 I 14611 14910] raylet_client.cc:336: Error reporting task backlog information: IOError: 
[2022-01-10 14:06:16,987 I 14611 14910] raylet_client.cc:336: Error reporting task backlog information: IOError: 
[2022-01-10 14:06:17,987 I 14611 14910] raylet_client.cc:336: Error reporting task backlog information: IOError: 
[2022-01-10 14:06:18,987 I 14611 14910] raylet_client.cc:336: Error reporting task backlog information: IOError: 
[2022-01-10 14:06:19,987 I 14611 14910] raylet_client.cc:336: Error reporting task backlog information: IOError: 
[2022-01-10 14:06:20,987 I 14611 14910] raylet_client.cc:336: Error reporting task backlog information: IOError: 
[2022-01-10 14:06:21,987 I 14611 14910] raylet_client.cc:336: Error reporting task backlog information: IOError: 
[2022-01-10 14:06:22,987 I 14611 14910] raylet_client.cc:336: Error reporting task backlog information: IOError: 
[2022-01-10 14:06:23,029 W 14611 14911] metric_exporter.cc:206: Export metrics to agent failed: IOError: . This won't affect Ray, but you can lose metrics from the cluster.
[2022-01-10 14:06:23,987 I 14611 14910] raylet_client.cc:336: Error reporting task backlog information: IOError: 
[2022-01-10 14:06:24,987 I 14611 14910] raylet_client.cc:336: Error reporting task backlog information: IOError: 
[2022-01-10 14:06:25,987 I 14611 14910] raylet_client.cc:336: Error reporting task backlog information: IOError: 
[2022-01-10 14:06:26,987 I 14611 14910] raylet_client.cc:336: Error reporting task backlog information: IOError: 
[2022-01-10 14:06:27,988 I 14611 14910] raylet_client.cc:336: Error reporting task backlog information: IOError: 
[2022-01-10 14:06:28,988 I 14611 14910] raylet_client.cc:336: Error reporting task backlog information: IOError: 
[2022-01-10 14:06:29,988 I 14611 14910] raylet_client.cc:336: Error reporting task backlog information: IOError: 
[2022-01-10 14:06:30,988 I 14611 14910] raylet_client.cc:336: Error reporting task backlog information: IOError: 
[2022-01-10 14:06:31,988 I 14611 14910] raylet_client.cc:336: Error reporting task backlog information: IOError: 
[2022-01-10 14:06:32,988 I 14611 14910] raylet_client.cc:336: Error reporting task backlog information: IOError: 
[2022-01-10 14:06:33,036 W 14611 14911] metric_exporter.cc:206: Export metrics to agent failed: IOError: . This won't affect Ray, but you can lose metrics from the cluster.
[2022-01-10 14:06:33,988 I 14611 14910] raylet_client.cc:336: Error reporting task backlog information: IOError: 
[2022-01-10 14:06:34,988 I 14611 14910] raylet_client.cc:336: Error reporting task backlog information: IOError: 
[2022-01-10 14:06:35,988 I 14611 14910] raylet_client.cc:336: Error reporting task backlog information: IOError: 
[2022-01-10 14:06:36,988 I 14611 14910] raylet_client.cc:336: Error reporting task backlog information: IOError: 
[2022-01-10 14:06:37,988 I 14611 14910] raylet_client.cc:336: Error reporting task backlog information: IOError: 
[2022-01-10 14:06:38,988 I 14611 14910] raylet_client.cc:336: Error reporting task backlog information: IOError: 
[2022-01-10 14:06:39,988 I 14611 14910] raylet_client.cc:336: Error reporting task backlog information: IOError: 
[2022-01-10 14:06:40,988 I 14611 14910] raylet_client.cc:336: Error reporting task backlog information: IOError: 
[2022-01-10 14:06:41,989 I 14611 14910] raylet_client.cc:336: Error reporting task backlog information: IOError: 
[2022-01-10 14:06:42,989 I 14611 14910] raylet_client.cc:336: Error reporting task backlog information: IOError: 
[2022-01-10 14:06:43,051 W 14611 14911] metric_exporter.cc:206: Export metrics to agent failed: IOError: . This won't affect Ray, but you can lose metrics from the cluster.
[2022-01-10 14:06:43,989 I 14611 14910] raylet_client.cc:336: Error reporting task backlog information: IOError: 
[2022-01-10 14:06:44,989 I 14611 14910] raylet_client.cc:336: Error reporting task backlog information: IOError: 
[2022-01-10 14:06:45,989 I 14611 14910] raylet_client.cc:336: Error reporting task backlog information: IOError: 
[2022-01-10 14:06:46,989 I 14611 14910] raylet_client.cc:336: Error reporting task backlog information: IOError: 
[2022-01-10 14:06:47,989 I 14611 14910] raylet_client.cc:336: Error reporting task backlog information: IOError: 
[2022-01-10 14:06:48,989 I 14611 14910] raylet_client.cc:336: Error reporting task backlog information: IOError: 
[2022-01-10 14:06:49,989 I 14611 14910] raylet_client.cc:336: Error reporting task backlog information: IOError: 
[2022-01-10 14:06:50,989 I 14611 14910] raylet_client.cc:336: Error reporting task backlog information: IOError: 
[2022-01-10 14:06:51,989 I 14611 14910] raylet_client.cc:336: Error reporting task backlog information: IOError: 
[2022-01-10 14:06:52,989 I 14611 14910] raylet_client.cc:336: Error reporting task backlog information: IOError: 
[2022-01-10 14:06:53,059 W 14611 14911] metric_exporter.cc:206: Export metrics to agent failed: IOError: . This won't affect Ray, but you can lose metrics from the cluster.
[2022-01-10 14:06:53,990 I 14611 14910] raylet_client.cc:336: Error reporting task backlog information: IOError: 
[2022-01-10 14:06:54,990 I 14611 14910] raylet_client.cc:336: Error reporting task backlog information: IOError: 
[2022-01-10 14:06:55,990 I 14611 14910] raylet_client.cc:336: Error reporting task backlog information: IOError: 
[2022-01-10 14:06:56,990 I 14611 14910] raylet_client.cc:336: Error reporting task backlog information: IOError: 
[2022-01-10 14:06:57,990 I 14611 14910] raylet_client.cc:336: Error reporting task backlog information: IOError: 
[2022-01-10 14:06:58,990 I 14611 14910] raylet_client.cc:336: Error reporting task backlog information: IOError: 
[2022-01-10 14:06:59,991 I 14611 14910] raylet_client.cc:336: Error reporting task backlog information: IOError: 
[2022-01-10 14:07:00,991 I 14611 14910] raylet_client.cc:336: Error reporting task backlog information: IOError: 
[2022-01-10 14:07:01,991 I 14611 14910] raylet_client.cc:336: Error reporting task backlog information: IOError: 
[2022-01-10 14:07:02,991 I 14611 14910] raylet_client.cc:336: Error reporting task backlog information: IOError: 
[2022-01-10 14:07:03,067 W 14611 14911] metric_exporter.cc:206: Export metrics to agent failed: IOError: . This won't affect Ray, but you can lose metrics from the cluster.
[2022-01-10 14:07:03,991 I 14611 14910] raylet_client.cc:336: Error reporting task backlog information: IOError: 
[2022-01-10 14:07:04,991 I 14611 14910] raylet_client.cc:336: Error reporting task backlog information: IOError: 
[2022-01-10 14:07:05,991 I 14611 14910] raylet_client.cc:336: Error reporting task backlog information: IOError: 
[2022-01-10 14:07:06,991 I 14611 14910] raylet_client.cc:336: Error reporting task backlog information: IOError: 
[2022-01-10 14:07:07,991 I 14611 14910] raylet_client.cc:336: Error reporting task backlog information: IOError: 
[2022-01-10 14:07:08,991 I 14611 14910] raylet_client.cc:336: Error reporting task backlog information: IOError: 
[2022-01-10 14:07:09,991 I 14611 14910] raylet_client.cc:336: Error reporting task backlog information: IOError: 
[2022-01-10 14:07:10,992 I 14611 14910] raylet_client.cc:336: Error reporting task backlog information: IOError: 
[2022-01-10 14:07:11,992 I 14611 14910] raylet_client.cc:336: Error reporting task backlog information: IOError: 
[2022-01-10 14:07:12,992 I 14611 14910] raylet_client.cc:336: Error reporting task backlog information: IOError: 
[2022-01-10 14:07:13,073 W 14611 14911] metric_exporter.cc:206: Export metrics to agent failed: IOError: . This won't affect Ray, but you can lose metrics from the cluster.
[2022-01-10 14:07:13,992 I 14611 14910] raylet_client.cc:336: Error reporting task backlog information: IOError: 
[2022-01-10 14:07:14,992 I 14611 14910] raylet_client.cc:336: Error reporting task backlog information: IOError: 
[2022-01-10 14:07:15,992 I 14611 14910] raylet_client.cc:336: Error reporting task backlog information: IOError: 
[2022-01-10 14:07:16,992 I 14611 14910] raylet_client.cc:336: Error reporting task backlog information: IOError: 
[2022-01-10 14:07:17,992 I 14611 14910] raylet_client.cc:336: Error reporting task backlog information: IOError: 
[2022-01-10 14:07:18,992 I 14611 14910] raylet_client.cc:336: Error reporting task backlog information: IOError: 
[2022-01-10 14:07:19,992 I 14611 14910] raylet_client.cc:336: Error reporting task backlog information: IOError: 
[2022-01-10 14:07:20,992 I 14611 14910] raylet_client.cc:336: Error reporting task backlog information: IOError: 
[2022-01-10 14:07:21,992 I 14611 14910] raylet_client.cc:336: Error reporting task backlog information: IOError: 
[2022-01-10 14:07:22,992 I 14611 14910] raylet_client.cc:336: Error reporting task backlog information: IOError: 
[2022-01-10 14:07:23,082 W 14611 14911] metric_exporter.cc:206: Export metrics to agent failed: IOError: . This won't affect Ray, but you can lose metrics from the cluster.
[2022-01-10 14:07:23,992 I 14611 14910] raylet_client.cc:336: Error reporting task backlog information: IOError: 
[2022-01-10 14:07:24,993 I 14611 14910] raylet_client.cc:336: Error reporting task backlog information: IOError: 
[2022-01-10 14:07:25,993 I 14611 14910] raylet_client.cc:336: Error reporting task backlog information: IOError: 
[2022-01-10 14:07:26,993 I 14611 14910] raylet_client.cc:336: Error reporting task backlog information: IOError: 
[2022-01-10 14:07:27,993 I 14611 14910] raylet_client.cc:336: Error reporting task backlog information: IOError: 
[2022-01-10 14:07:28,993 I 14611 14910] raylet_client.cc:336: Error reporting task backlog information: IOError: 
[2022-01-10 14:07:29,993 I 14611 14910] raylet_client.cc:336: Error reporting task backlog information: IOError: 
[2022-01-10 14:07:30,993 I 14611 14910] raylet_client.cc:336: Error reporting task backlog information: IOError: 
[2022-01-10 14:07:31,993 I 14611 14910] raylet_client.cc:336: Error reporting task backlog information: IOError: 
[2022-01-10 14:07:32,993 I 14611 14910] raylet_client.cc:336: Error reporting task backlog information: IOError: 
[2022-01-10 14:07:33,088 W 14611 14911] metric_exporter.cc:206: Export metrics to agent failed: IOError: . This won't affect Ray, but you can lose metrics from the cluster.
[2022-01-10 14:07:33,993 I 14611 14910] raylet_client.cc:336: Error reporting task backlog information: IOError: 
[2022-01-10 14:07:34,993 I 14611 14910] raylet_client.cc:336: Error reporting task backlog information: IOError: 
[2022-01-10 14:07:35,993 I 14611 14910] raylet_client.cc:336: Error reporting task backlog information: IOError: 
[2022-01-10 14:07:36,994 I 14611 14910] raylet_client.cc:336: Error reporting task backlog information: IOError: 
[2022-01-10 14:07:37,994 I 14611 14910] raylet_client.cc:336: Error reporting task backlog information: IOError: 
[2022-01-10 14:07:38,994 I 14611 14910] raylet_client.cc:336: Error reporting task backlog information: IOError: 
[2022-01-10 14:07:39,994 I 14611 14910] raylet_client.cc:336: Error reporting task backlog information: IOError: 
[2022-01-10 14:07:40,994 I 14611 14910] raylet_client.cc:336: Error reporting task backlog information: IOError: 
[2022-01-10 14:07:41,994 I 14611 14910] raylet_client.cc:336: Error reporting task backlog information: IOError: 
[2022-01-10 14:07:42,994 I 14611 14910] raylet_client.cc:336: Error reporting task backlog information: IOError: 
[2022-01-10 14:07:43,098 W 14611 14911] metric_exporter.cc:206: Export metrics to agent failed: IOError: . This won't affect Ray, but you can lose metrics from the cluster.
[2022-01-10 14:07:43,994 I 14611 14910] raylet_client.cc:336: Error reporting task backlog information: IOError: 
[2022-01-10 14:07:44,994 I 14611 14910] raylet_client.cc:336: Error reporting task backlog information: IOError: 
[2022-01-10 14:07:45,994 I 14611 14910] raylet_client.cc:336: Error reporting task backlog information: IOError: 
[2022-01-10 14:07:46,994 I 14611 14910] raylet_client.cc:336: Error reporting task backlog information: IOError: 
[2022-01-10 14:07:47,995 I 14611 14910] raylet_client.cc:336: Error reporting task backlog information: IOError: 
[2022-01-10 14:07:48,995 I 14611 14910] raylet_client.cc:336: Error reporting task backlog information: IOError: 
[2022-01-10 14:07:49,995 I 14611 14910] raylet_client.cc:336: Error reporting task backlog information: IOError: 
[2022-01-10 14:07:50,995 I 14611 14910] raylet_client.cc:336: Error reporting task backlog information: IOError: 
[2022-01-10 14:07:51,995 I 14611 14910] raylet_client.cc:336: Error reporting task backlog information: IOError: 
[2022-01-10 14:07:52,995 I 14611 14910] raylet_client.cc:336: Error reporting task backlog information: IOError: 
[2022-01-10 14:07:53,104 W 14611 14911] metric_exporter.cc:206: Export metrics to agent failed: IOError: . This won't affect Ray, but you can lose metrics from the cluster.
[2022-01-10 14:07:53,995 I 14611 14910] raylet_client.cc:336: Error reporting task backlog information: IOError: 
[2022-01-10 14:07:54,995 I 14611 14910] raylet_client.cc:336: Error reporting task backlog information: IOError: 
[2022-01-10 14:07:55,995 I 14611 14910] raylet_client.cc:336: Error reporting task backlog information: IOError: 
[2022-01-10 14:07:56,995 I 14611 14910] raylet_client.cc:336: Error reporting task backlog information: IOError: 
[2022-01-10 14:07:57,995 I 14611 14910] raylet_client.cc:336: Error reporting task backlog information: IOError: 
[2022-01-10 14:07:58,995 I 14611 14910] raylet_client.cc:336: Error reporting task backlog information: IOError: 
[2022-01-10 14:07:59,995 I 14611 14910] raylet_client.cc:336: Error reporting task backlog information: IOError: 
[2022-01-10 14:08:00,995 I 14611 14910] raylet_client.cc:336: Error reporting task backlog information: IOError: 
[2022-01-10 14:08:01,996 I 14611 14910] raylet_client.cc:336: Error reporting task backlog information: IOError: 
[2022-01-10 14:08:02,996 I 14611 14910] raylet_client.cc:336: Error reporting task backlog information: IOError: 
[2022-01-10 14:08:03,115 W 14611 14911] metric_exporter.cc:206: Export metrics to agent failed: IOError: . This won't affect Ray, but you can lose metrics from the cluster.
[2022-01-10 14:08:03,996 I 14611 14910] raylet_client.cc:336: Error reporting task backlog information: IOError: 
[2022-01-10 14:08:04,996 I 14611 14910] raylet_client.cc:336: Error reporting task backlog information: IOError: 
[2022-01-10 14:08:05,996 I 14611 14910] raylet_client.cc:336: Error reporting task backlog information: IOError: 
[2022-01-10 14:08:06,996 I 14611 14910] raylet_client.cc:336: Error reporting task backlog information: IOError: 
[2022-01-10 14:08:07,996 I 14611 14910] raylet_client.cc:336: Error reporting task backlog information: IOError: 
[2022-01-10 14:08:08,996 I 14611 14910] raylet_client.cc:336: Error reporting task backlog information: IOError: 
[2022-01-10 14:08:09,996 I 14611 14910] raylet_client.cc:336: Error reporting task backlog information: IOError: 
[2022-01-10 14:08:10,996 I 14611 14910] raylet_client.cc:336: Error reporting task backlog information: IOError: 
[2022-01-10 14:08:11,996 I 14611 14910] raylet_client.cc:336: Error reporting task backlog information: IOError: 
[2022-01-10 14:08:12,996 I 14611 14910] raylet_client.cc:336: Error reporting task backlog information: IOError: 
[2022-01-10 14:08:13,122 W 14611 14911] metric_exporter.cc:206: Export metrics to agent failed: IOError: . This won't affect Ray, but you can lose metrics from the cluster.
[2022-01-10 14:08:13,996 I 14611 14910] raylet_client.cc:336: Error reporting task backlog information: IOError: 
[2022-01-10 14:08:14,997 I 14611 14910] raylet_client.cc:336: Error reporting task backlog information: IOError: 
[2022-01-10 14:08:15,997 I 14611 14910] raylet_client.cc:336: Error reporting task backlog information: IOError: 
[2022-01-10 14:08:16,997 I 14611 14910] raylet_client.cc:336: Error reporting task backlog information: IOError: 
[2022-01-10 14:08:17,997 I 14611 14910] raylet_client.cc:336: Error reporting task backlog information: IOError: 
[2022-01-10 14:08:18,997 I 14611 14910] raylet_client.cc:336: Error reporting task backlog information: IOError: 
[2022-01-10 14:08:19,997 I 14611 14910] raylet_client.cc:336: Error reporting task backlog information: IOError: 
[2022-01-10 14:08:20,997 I 14611 14910] raylet_client.cc:336: Error reporting task backlog information: IOError: 
[2022-01-10 14:08:21,997 I 14611 14910] raylet_client.cc:336: Error reporting task backlog information: IOError: 
[2022-01-10 14:08:22,997 I 14611 14910] raylet_client.cc:336: Error reporting task backlog information: IOError: 
[2022-01-10 14:08:23,129 W 14611 14911] metric_exporter.cc:206: Export metrics to agent failed: IOError: . This won't affect Ray, but you can lose metrics from the cluster.
[2022-01-10 14:08:23,997 I 14611 14910] raylet_client.cc:336: Error reporting task backlog information: IOError: 
[2022-01-10 14:08:24,997 I 14611 14910] raylet_client.cc:336: Error reporting task backlog information: IOError: 
[2022-01-10 14:08:25,998 I 14611 14910] raylet_client.cc:336: Error reporting task backlog information: IOError: 
[2022-01-10 14:08:26,998 I 14611 14910] raylet_client.cc:336: Error reporting task backlog information: IOError: 
[2022-01-10 14:08:27,998 I 14611 14910] raylet_client.cc:336: Error reporting task backlog information: IOError: 
[2022-01-10 14:08:28,998 I 14611 14910] raylet_client.cc:336: Error reporting task backlog information: IOError: 
[2022-01-10 14:08:29,998 I 14611 14910] raylet_client.cc:336: Error reporting task backlog information: IOError: 
[2022-01-10 14:08:30,998 I 14611 14910] raylet_client.cc:336: Error reporting task backlog information: IOError: 
[2022-01-10 14:08:31,998 I 14611 14910] raylet_client.cc:336: Error reporting task backlog information: IOError: 
[2022-01-10 14:08:32,998 I 14611 14910] raylet_client.cc:336: Error reporting task backlog information: IOError: 
[2022-01-10 14:08:33,135 W 14611 14911] metric_exporter.cc:206: Export metrics to agent failed: IOError: . This won't affect Ray, but you can lose metrics from the cluster.
[2022-01-10 14:08:33,998 I 14611 14910] raylet_client.cc:336: Error reporting task backlog information: IOError: 
[2022-01-10 14:08:34,998 I 14611 14910] raylet_client.cc:336: Error reporting task backlog information: IOError: 
[2022-01-10 14:08:35,998 I 14611 14910] raylet_client.cc:336: Error reporting task backlog information: IOError: 
[2022-01-10 14:08:36,998 I 14611 14910] raylet_client.cc:336: Error reporting task backlog information: IOError: 
[2022-01-10 14:08:37,999 I 14611 14910] raylet_client.cc:336: Error reporting task backlog information: IOError: 
[2022-01-10 14:08:38,999 I 14611 14910] raylet_client.cc:336: Error reporting task backlog information: IOError: 
[2022-01-10 14:08:39,999 I 14611 14910] raylet_client.cc:336: Error reporting task backlog information: IOError: 
[2022-01-10 14:08:40,999 I 14611 14910] raylet_client.cc:336: Error reporting task backlog information: IOError: 
[2022-01-10 14:08:41,999 I 14611 14910] raylet_client.cc:336: Error reporting task backlog information: IOError: 
[2022-01-10 14:08:42,999 I 14611 14910] raylet_client.cc:336: Error reporting task backlog information: IOError: 
[2022-01-10 14:08:43,146 W 14611 14911] metric_exporter.cc:206: Export metrics to agent failed: IOError: . This won't affect Ray, but you can lose metrics from the cluster.
[2022-01-10 14:08:43,999 I 14611 14910] raylet_client.cc:336: Error reporting task backlog information: IOError: 
[2022-01-10 14:08:44,999 I 14611 14910] raylet_client.cc:336: Error reporting task backlog information: IOError: 
[2022-01-10 14:08:45,999 I 14611 14910] raylet_client.cc:336: Error reporting task backlog information: IOError: 
[2022-01-10 14:08:46,999 I 14611 14910] raylet_client.cc:336: Error reporting task backlog information: IOError: 
[2022-01-10 14:08:47,999 I 14611 14910] raylet_client.cc:336: Error reporting task backlog information: IOError: 
[2022-01-10 14:08:48,999 I 14611 14910] raylet_client.cc:336: Error reporting task backlog information: IOError: 
[2022-01-10 14:08:50,000 I 14611 14910] raylet_client.cc:336: Error reporting task backlog information: IOError: 
[2022-01-10 14:08:51,000 I 14611 14910] raylet_client.cc:336: Error reporting task backlog information: IOError: 
[2022-01-10 14:08:52,000 I 14611 14910] raylet_client.cc:336: Error reporting task backlog information: IOError: 
[2022-01-10 14:08:53,000 I 14611 14910] raylet_client.cc:336: Error reporting task backlog information: IOError: 
[2022-01-10 14:08:53,154 W 14611 14911] metric_exporter.cc:206: Export metrics to agent failed: IOError: . This won't affect Ray, but you can lose metrics from the cluster.
[2022-01-10 14:08:54,000 I 14611 14910] raylet_client.cc:336: Error reporting task backlog information: IOError: 
[2022-01-10 14:08:55,000 I 14611 14910] raylet_client.cc:336: Error reporting task backlog information: IOError: 
[2022-01-10 14:08:56,000 I 14611 14910] raylet_client.cc:336: Error reporting task backlog information: IOError: 
[2022-01-10 14:08:57,000 I 14611 14910] raylet_client.cc:336: Error reporting task backlog information: IOError: 
[2022-01-10 14:08:58,000 I 14611 14910] raylet_client.cc:336: Error reporting task backlog information: IOError: 
[2022-01-10 14:08:59,000 I 14611 14910] raylet_client.cc:336: Error reporting task backlog information: IOError: 
[2022-01-10 14:09:00,000 I 14611 14910] raylet_client.cc:336: Error reporting task backlog information: IOError: 
[2022-01-10 14:09:01,000 I 14611 14910] raylet_client.cc:336: Error reporting task backlog information: IOError: 
[2022-01-10 14:09:02,001 I 14611 14910] raylet_client.cc:336: Error reporting task backlog information: IOError: 
[2022-01-10 14:09:03,001 I 14611 14910] raylet_client.cc:336: Error reporting task backlog information: IOError: 
[2022-01-10 14:09:03,164 W 14611 14911] metric_exporter.cc:206: Export metrics to agent failed: IOError: . This won't affect Ray, but you can lose metrics from the cluster.
[2022-01-10 14:09:04,001 I 14611 14910] raylet_client.cc:336: Error reporting task backlog information: IOError: 
[2022-01-10 14:09:05,001 I 14611 14910] raylet_client.cc:336: Error reporting task backlog information: IOError: 
[2022-01-10 14:09:06,001 I 14611 14910] raylet_client.cc:336: Error reporting task backlog information: IOError: 
[2022-01-10 14:09:07,001 I 14611 14910] raylet_client.cc:336: Error reporting task backlog information: IOError: 
[2022-01-10 14:09:08,001 I 14611 14910] raylet_client.cc:336: Error reporting task backlog information: IOError: 
[2022-01-10 14:09:09,001 I 14611 14910] raylet_client.cc:336: Error reporting task backlog information: IOError: 
[2022-01-10 14:09:10,001 I 14611 14910] raylet_client.cc:336: Error reporting task backlog information: IOError: 
[2022-01-10 14:09:11,001 I 14611 14910] raylet_client.cc:336: Error reporting task backlog information: IOError: 
[2022-01-10 14:09:12,002 I 14611 14910] raylet_client.cc:336: Error reporting task backlog information: IOError: 
[2022-01-10 14:09:13,002 I 14611 14910] raylet_client.cc:336: Error reporting task backlog information: IOError: 
[2022-01-10 14:09:13,171 W 14611 14911] metric_exporter.cc:206: Export metrics to agent failed: IOError: . This won't affect Ray, but you can lose metrics from the cluster.
[2022-01-10 14:09:14,002 I 14611 14910] raylet_client.cc:336: Error reporting task backlog information: IOError: 
[2022-01-10 14:09:15,002 I 14611 14910] raylet_client.cc:336: Error reporting task backlog information: IOError: 
[2022-01-10 14:09:16,002 I 14611 14910] raylet_client.cc:336: Error reporting task backlog information: IOError: 
[2022-01-10 14:09:17,002 I 14611 14910] raylet_client.cc:336: Error reporting task backlog information: IOError: 
[2022-01-10 14:09:18,002 I 14611 14910] raylet_client.cc:336: Error reporting task backlog information: IOError: 
[2022-01-10 14:09:19,002 I 14611 14910] raylet_client.cc:336: Error reporting task backlog information: IOError: 
[2022-01-10 14:09:20,002 I 14611 14910] raylet_client.cc:336: Error reporting task backlog information: IOError: 
[2022-01-10 14:09:21,002 I 14611 14910] raylet_client.cc:336: Error reporting task backlog information: IOError: 
[2022-01-10 14:09:22,002 I 14611 14910] raylet_client.cc:336: Error reporting task backlog information: IOError: 
[2022-01-10 14:09:23,002 I 14611 14910] raylet_client.cc:336: Error reporting task backlog information: IOError: 
[2022-01-10 14:09:23,178 W 14611 14911] metric_exporter.cc:206: Export metrics to agent failed: IOError: . This won't affect Ray, but you can lose metrics from the cluster.
[2022-01-10 14:09:24,003 I 14611 14910] raylet_client.cc:336: Error reporting task backlog information: IOError: 
[2022-01-10 14:09:25,003 I 14611 14910] raylet_client.cc:336: Error reporting task backlog information: IOError: 
[2022-01-10 14:09:26,003 I 14611 14910] raylet_client.cc:336: Error reporting task backlog information: IOError: 
[2022-01-10 14:09:27,003 I 14611 14910] raylet_client.cc:336: Error reporting task backlog information: IOError: 
[2022-01-10 14:09:28,003 I 14611 14910] raylet_client.cc:336: Error reporting task backlog information: IOError: 
[2022-01-10 14:09:29,003 I 14611 14910] raylet_client.cc:336: Error reporting task backlog information: IOError: 
[2022-01-10 14:09:30,003 I 14611 14910] raylet_client.cc:336: Error reporting task backlog information: IOError: 
[2022-01-10 14:09:31,003 I 14611 14910] raylet_client.cc:336: Error reporting task backlog information: IOError: 
[2022-01-10 14:09:32,003 I 14611 14910] raylet_client.cc:336: Error reporting task backlog information: IOError: 
[2022-01-10 14:09:33,003 I 14611 14910] raylet_client.cc:336: Error reporting task backlog information: IOError: 
[2022-01-10 14:09:33,184 W 14611 14911] metric_exporter.cc:206: Export metrics to agent failed: IOError: . This won't affect Ray, but you can lose metrics from the cluster.
[2022-01-10 14:09:34,003 I 14611 14910] raylet_client.cc:336: Error reporting task backlog information: IOError: 
[2022-01-10 14:09:35,004 I 14611 14910] raylet_client.cc:336: Error reporting task backlog information: IOError: 
[2022-01-10 14:09:36,004 I 14611 14910] raylet_client.cc:336: Error reporting task backlog information: IOError: 
[2022-01-10 14:09:37,004 I 14611 14910] raylet_client.cc:336: Error reporting task backlog information: IOError: 
[2022-01-10 14:09:38,004 I 14611 14910] raylet_client.cc:336: Error reporting task backlog information: IOError: 
[2022-01-10 14:09:39,004 I 14611 14910] raylet_client.cc:336: Error reporting task backlog information: IOError: 
[2022-01-10 14:09:40,004 I 14611 14910] raylet_client.cc:336: Error reporting task backlog information: IOError: 
[2022-01-10 14:09:41,004 I 14611 14910] raylet_client.cc:336: Error reporting task backlog information: IOError: 
[2022-01-10 14:09:42,004 I 14611 14910] raylet_client.cc:336: Error reporting task backlog information: IOError: 
[2022-01-10 14:09:43,004 I 14611 14910] raylet_client.cc:336: Error reporting task backlog information: IOError: 
[2022-01-10 14:09:43,192 W 14611 14911] metric_exporter.cc:206: Export metrics to agent failed: IOError: . This won't affect Ray, but you can lose metrics from the cluster.
[2022-01-10 14:09:44,004 I 14611 14910] raylet_client.cc:336: Error reporting task backlog information: IOError: 
[2022-01-10 14:09:45,004 I 14611 14910] raylet_client.cc:336: Error reporting task backlog information: IOError: 
[2022-01-10 14:09:46,004 I 14611 14910] raylet_client.cc:336: Error reporting task backlog information: IOError: 
[2022-01-10 14:09:47,005 I 14611 14910] raylet_client.cc:336: Error reporting task backlog information: IOError: 
[2022-01-10 14:09:48,005 I 14611 14910] raylet_client.cc:336: Error reporting task backlog information: IOError: 
[2022-01-10 14:09:49,005 I 14611 14910] raylet_client.cc:336: Error reporting task backlog information: IOError: 
[2022-01-10 14:09:50,005 I 14611 14910] raylet_client.cc:336: Error reporting task backlog information: IOError: 
[2022-01-10 14:09:51,005 I 14611 14910] raylet_client.cc:336: Error reporting task backlog information: IOError: 
[2022-01-10 14:09:52,005 I 14611 14910] raylet_client.cc:336: Error reporting task backlog information: IOError: 
[2022-01-10 14:09:53,005 I 14611 14910] raylet_client.cc:336: Error reporting task backlog information: IOError: 
[2022-01-10 14:09:53,202 W 14611 14911] metric_exporter.cc:206: Export metrics to agent failed: IOError: . This won't affect Ray, but you can lose metrics from the cluster.
[2022-01-10 14:09:54,005 I 14611 14910] raylet_client.cc:336: Error reporting task backlog information: IOError: 
[2022-01-10 14:09:55,005 I 14611 14910] raylet_client.cc:336: Error reporting task backlog information: IOError: 
[2022-01-10 14:09:56,005 I 14611 14910] raylet_client.cc:336: Error reporting task backlog information: IOError: 
[2022-01-10 14:09:57,005 I 14611 14910] raylet_client.cc:336: Error reporting task backlog information: IOError: 
[2022-01-10 14:09:58,006 I 14611 14910] raylet_client.cc:336: Error reporting task backlog information: IOError: 
[2022-01-10 14:09:59,006 I 14611 14910] raylet_client.cc:336: Error reporting task backlog information: IOError: 
[2022-01-10 14:10:00,006 I 14611 14910] raylet_client.cc:336: Error reporting task backlog information: IOError: 
[2022-01-10 14:10:01,006 I 14611 14910] raylet_client.cc:336: Error reporting task backlog information: IOError: 
[2022-01-10 14:10:02,006 I 14611 14910] raylet_client.cc:336: Error reporting task backlog information: IOError: 
[2022-01-10 14:10:03,006 I 14611 14910] raylet_client.cc:336: Error reporting task backlog information: IOError: 
[2022-01-10 14:10:03,212 W 14611 14911] metric_exporter.cc:206: Export metrics to agent failed: IOError: . This won't affect Ray, but you can lose metrics from the cluster.
[2022-01-10 14:10:04,006 I 14611 14910] raylet_client.cc:336: Error reporting task backlog information: IOError: 
[2022-01-10 14:10:05,006 I 14611 14910] raylet_client.cc:336: Error reporting task backlog information: IOError: 
[2022-01-10 14:10:06,006 I 14611 14910] raylet_client.cc:336: Error reporting task backlog information: IOError: 
[2022-01-10 14:10:07,006 I 14611 14910] raylet_client.cc:336: Error reporting task backlog information: IOError: 
[2022-01-10 14:10:08,006 I 14611 14910] raylet_client.cc:336: Error reporting task backlog information: IOError: 
[2022-01-10 14:10:09,006 I 14611 14910] raylet_client.cc:336: Error reporting task backlog information: IOError: 
[2022-01-10 14:10:10,007 I 14611 14910] raylet_client.cc:336: Error reporting task backlog information: IOError: 
[2022-01-10 14:10:11,007 I 14611 14910] raylet_client.cc:336: Error reporting task backlog information: IOError: 
[2022-01-10 14:10:12,007 I 14611 14910] raylet_client.cc:336: Error reporting task backlog information: IOError: 
[2022-01-10 14:10:13,007 I 14611 14910] raylet_client.cc:336: Error reporting task backlog information: IOError: 
[2022-01-10 14:10:13,219 W 14611 14911] metric_exporter.cc:206: Export metrics to agent failed: IOError: . This won't affect Ray, but you can lose metrics from the cluster.
[2022-01-10 14:10:14,007 I 14611 14910] raylet_client.cc:336: Error reporting task backlog information: IOError: 
[2022-01-10 14:10:15,011 I 14611 14910] raylet_client.cc:336: Error reporting task backlog information: IOError: 
[2022-01-10 14:10:16,011 I 14611 14910] raylet_client.cc:336: Error reporting task backlog information: IOError: 
[2022-01-10 14:10:17,012 I 14611 14910] raylet_client.cc:336: Error reporting task backlog information: IOError: 
[2022-01-10 14:10:18,012 I 14611 14910] raylet_client.cc:336: Error reporting task backlog information: IOError: 
[2022-01-10 14:10:19,012 I 14611 14910] raylet_client.cc:336: Error reporting task backlog information: IOError: 
[2022-01-10 14:10:20,012 I 14611 14910] raylet_client.cc:336: Error reporting task backlog information: IOError: 
[2022-01-10 14:10:21,012 I 14611 14910] raylet_client.cc:336: Error reporting task backlog information: IOError: 
[2022-01-10 14:10:22,012 I 14611 14910] raylet_client.cc:336: Error reporting task backlog information: IOError: 
[2022-01-10 14:10:23,012 I 14611 14910] raylet_client.cc:336: Error reporting task backlog information: IOError: 
[2022-01-10 14:10:23,225 W 14611 14911] metric_exporter.cc:206: Export metrics to agent failed: IOError: . This won't affect Ray, but you can lose metrics from the cluster.
[2022-01-10 14:10:24,012 I 14611 14910] raylet_client.cc:336: Error reporting task backlog information: IOError: 
[2022-01-10 14:10:25,012 I 14611 14910] raylet_client.cc:336: Error reporting task backlog information: IOError: 
[2022-01-10 14:10:26,012 I 14611 14910] raylet_client.cc:336: Error reporting task backlog information: IOError: 
[2022-01-10 14:10:27,012 I 14611 14910] raylet_client.cc:336: Error reporting task backlog information: IOError: 
[2022-01-10 14:10:28,012 I 14611 14910] raylet_client.cc:336: Error reporting task backlog information: IOError: 
[2022-01-10 14:10:29,012 I 14611 14910] raylet_client.cc:336: Error reporting task backlog information: IOError: 
[2022-01-10 14:10:30,013 I 14611 14910] raylet_client.cc:336: Error reporting task backlog information: IOError: 
[2022-01-10 14:10:31,013 I 14611 14910] raylet_client.cc:336: Error reporting task backlog information: IOError: 
[2022-01-10 14:10:32,013 I 14611 14910] raylet_client.cc:336: Error reporting task backlog information: IOError: 
[2022-01-10 14:10:33,013 I 14611 14910] raylet_client.cc:336: Error reporting task backlog information: IOError: 
[2022-01-10 14:10:33,236 W 14611 14911] metric_exporter.cc:206: Export metrics to agent failed: IOError: . This won't affect Ray, but you can lose metrics from the cluster.
[2022-01-10 14:10:34,013 I 14611 14910] raylet_client.cc:336: Error reporting task backlog information: IOError: 
[2022-01-10 14:10:35,013 I 14611 14910] raylet_client.cc:336: Error reporting task backlog information: IOError: 
[2022-01-10 14:10:36,013 I 14611 14910] raylet_client.cc:336: Error reporting task backlog information: IOError: 
[2022-01-10 14:10:37,013 I 14611 14910] raylet_client.cc:336: Error reporting task backlog information: IOError: 
[2022-01-10 14:10:38,013 I 14611 14910] raylet_client.cc:336: Error reporting task backlog information: IOError: 
[2022-01-10 14:10:39,013 I 14611 14910] raylet_client.cc:336: Error reporting task backlog information: IOError: 
[2022-01-10 14:10:40,013 I 14611 14910] raylet_client.cc:336: Error reporting task backlog information: IOError: 
[2022-01-10 14:10:41,014 I 14611 14910] raylet_client.cc:336: Error reporting task backlog information: IOError: 
[2022-01-10 14:10:42,014 I 14611 14910] raylet_client.cc:336: Error reporting task backlog information: IOError: 
[2022-01-10 14:10:43,014 I 14611 14910] raylet_client.cc:336: Error reporting task backlog information: IOError: 
[2022-01-10 14:10:43,242 W 14611 14911] metric_exporter.cc:206: Export metrics to agent failed: IOError: . This won't affect Ray, but you can lose metrics from the cluster.
[2022-01-10 14:10:44,014 I 14611 14910] raylet_client.cc:336: Error reporting task backlog information: IOError: 
[2022-01-10 14:10:45,014 I 14611 14910] raylet_client.cc:336: Error reporting task backlog information: IOError: 
[2022-01-10 14:10:46,014 I 14611 14910] raylet_client.cc:336: Error reporting task backlog information: IOError: 
[2022-01-10 14:10:47,014 I 14611 14910] raylet_client.cc:336: Error reporting task backlog information: IOError: 
[2022-01-10 14:10:48,014 I 14611 14910] raylet_client.cc:336: Error reporting task backlog information: IOError: 
[2022-01-10 14:10:49,014 I 14611 14910] raylet_client.cc:336: Error reporting task backlog information: IOError: 
[2022-01-10 14:10:50,014 I 14611 14910] raylet_client.cc:336: Error reporting task backlog information: IOError: 
[2022-01-10 14:10:50,856 W 14611 14781] gcs_server_address_updater.cc:61: [301] Failed to get the gcs server address from raylet 301 times in a row. If it keeps failing to obtain the address, the worker might crash. Connection status IOError: 
[2022-01-10 14:10:51,014 I 14611 14910] raylet_client.cc:336: Error reporting task backlog information: IOError: 
[2022-01-10 14:10:52,014 I 14611 14910] raylet_client.cc:336: Error reporting task backlog information: IOError: 
[2022-01-10 14:10:53,015 I 14611 14910] raylet_client.cc:336: Error reporting task backlog information: IOError: 
[2022-01-10 14:10:53,249 W 14611 14911] metric_exporter.cc:206: Export metrics to agent failed: IOError: . This won't affect Ray, but you can lose metrics from the cluster.
[2022-01-10 14:10:54,015 I 14611 14910] raylet_client.cc:336: Error reporting task backlog information: IOError: 
[2022-01-10 14:10:55,015 I 14611 14910] raylet_client.cc:336: Error reporting task backlog information: IOError: 
[2022-01-10 14:10:56,015 I 14611 14910] raylet_client.cc:336: Error reporting task backlog information: IOError: 
[2022-01-10 14:10:57,015 I 14611 14910] raylet_client.cc:336: Error reporting task backlog information: IOError: 
[2022-01-10 14:10:58,015 I 14611 14910] raylet_client.cc:336: Error reporting task backlog information: IOError: 
[2022-01-10 14:10:59,015 I 14611 14910] raylet_client.cc:336: Error reporting task backlog information: IOError: 
[2022-01-10 14:11:00,015 I 14611 14910] raylet_client.cc:336: Error reporting task backlog information: IOError: 
[2022-01-10 14:11:01,015 I 14611 14910] raylet_client.cc:336: Error reporting task backlog information: IOError: 
[2022-01-10 14:11:02,015 I 14611 14910] raylet_client.cc:336: Error reporting task backlog information: IOError: 
[2022-01-10 14:11:03,015 I 14611 14910] raylet_client.cc:336: Error reporting task backlog information: IOError: 
[2022-01-10 14:11:03,255 W 14611 14911] metric_exporter.cc:206: Export metrics to agent failed: IOError: . This won't affect Ray, but you can lose metrics from the cluster.
[2022-01-10 14:11:04,015 I 14611 14910] raylet_client.cc:336: Error reporting task backlog information: IOError: 
[2022-01-10 14:11:05,016 I 14611 14910] raylet_client.cc:336: Error reporting task backlog information: IOError: 
[2022-01-10 14:11:06,016 I 14611 14910] raylet_client.cc:336: Error reporting task backlog information: IOError: 
[2022-01-10 14:11:07,016 I 14611 14910] raylet_client.cc:336: Error reporting task backlog information: IOError: 
[2022-01-10 14:11:08,016 I 14611 14910] raylet_client.cc:336: Error reporting task backlog information: IOError: 
[2022-01-10 14:11:09,016 I 14611 14910] raylet_client.cc:336: Error reporting task backlog information: IOError: 
[2022-01-10 14:11:10,016 I 14611 14910] raylet_client.cc:336: Error reporting task backlog information: IOError: 
[2022-01-10 14:11:11,016 I 14611 14910] raylet_client.cc:336: Error reporting task backlog information: IOError: 
[2022-01-10 14:11:12,016 I 14611 14910] raylet_client.cc:336: Error reporting task backlog information: IOError: 
[2022-01-10 14:11:13,016 I 14611 14910] raylet_client.cc:336: Error reporting task backlog information: IOError: 
[2022-01-10 14:11:13,262 W 14611 14911] metric_exporter.cc:206: Export metrics to agent failed: IOError: . This won't affect Ray, but you can lose metrics from the cluster.
[2022-01-10 14:11:14,016 I 14611 14910] raylet_client.cc:336: Error reporting task backlog information: IOError: 
[2022-01-10 14:11:15,016 I 14611 14910] raylet_client.cc:336: Error reporting task backlog information: IOError: 
[2022-01-10 14:11:16,016 I 14611 14910] raylet_client.cc:336: Error reporting task backlog information: IOError: 
[2022-01-10 14:11:17,017 I 14611 14910] raylet_client.cc:336: Error reporting task backlog information: IOError: 
[2022-01-10 14:11:18,017 I 14611 14910] raylet_client.cc:336: Error reporting task backlog information: IOError: 
[2022-01-10 14:11:19,017 I 14611 14910] raylet_client.cc:336: Error reporting task backlog information: IOError: 
[2022-01-10 14:11:20,017 I 14611 14910] raylet_client.cc:336: Error reporting task backlog information: IOError: 
[2022-01-10 14:11:21,017 I 14611 14910] raylet_client.cc:336: Error reporting task backlog information: IOError: 
[2022-01-10 14:11:22,017 I 14611 14910] raylet_client.cc:336: Error reporting task backlog information: IOError: 
[2022-01-10 14:11:23,017 I 14611 14910] raylet_client.cc:336: Error reporting task backlog information: IOError: 
[2022-01-10 14:11:23,269 W 14611 14911] metric_exporter.cc:206: Export metrics to agent failed: IOError: . This won't affect Ray, but you can lose metrics from the cluster.
[2022-01-10 14:11:24,017 I 14611 14910] raylet_client.cc:336: Error reporting task backlog information: IOError: 
[2022-01-10 14:11:25,017 I 14611 14910] raylet_client.cc:336: Error reporting task backlog information: IOError: 
[2022-01-10 14:11:26,017 I 14611 14910] raylet_client.cc:336: Error reporting task backlog information: IOError: 
[2022-01-10 14:11:27,017 I 14611 14910] raylet_client.cc:336: Error reporting task backlog information: IOError: 
[2022-01-10 14:11:28,017 I 14611 14910] raylet_client.cc:336: Error reporting task backlog information: IOError: 
[2022-01-10 14:11:29,017 I 14611 14910] raylet_client.cc:336: Error reporting task backlog information: IOError: 
[2022-01-10 14:11:30,018 I 14611 14910] raylet_client.cc:336: Error reporting task backlog information: IOError: 
[2022-01-10 14:11:31,018 I 14611 14910] raylet_client.cc:336: Error reporting task backlog information: IOError: 
[2022-01-10 14:11:32,018 I 14611 14910] raylet_client.cc:336: Error reporting task backlog information: IOError: 
[2022-01-10 14:11:33,018 I 14611 14910] raylet_client.cc:336: Error reporting task backlog information: IOError: 
[2022-01-10 14:11:33,275 W 14611 14911] metric_exporter.cc:206: Export metrics to agent failed: IOError: . This won't affect Ray, but you can lose metrics from the cluster.
[2022-01-10 14:11:34,018 I 14611 14910] raylet_client.cc:336: Error reporting task backlog information: IOError: 
[2022-01-10 14:11:35,018 I 14611 14910] raylet_client.cc:336: Error reporting task backlog information: IOError: 
[2022-01-10 14:11:36,018 I 14611 14910] raylet_client.cc:336: Error reporting task backlog information: IOError: 
[2022-01-10 14:11:37,018 I 14611 14910] raylet_client.cc:336: Error reporting task backlog information: IOError: 
[2022-01-10 14:11:38,018 I 14611 14910] raylet_client.cc:336: Error reporting task backlog information: IOError: 
[2022-01-10 14:11:39,018 I 14611 14910] raylet_client.cc:336: Error reporting task backlog information: IOError: 
[2022-01-10 14:11:40,018 I 14611 14910] raylet_client.cc:336: Error reporting task backlog information: IOError: 
[2022-01-10 14:11:41,018 I 14611 14910] raylet_client.cc:336: Error reporting task backlog information: IOError: 
[2022-01-10 14:11:42,019 I 14611 14910] raylet_client.cc:336: Error reporting task backlog information: IOError: 
[2022-01-10 14:11:43,019 I 14611 14910] raylet_client.cc:336: Error reporting task backlog information: IOError: 
[2022-01-10 14:11:43,282 W 14611 14911] metric_exporter.cc:206: Export metrics to agent failed: IOError: . This won't affect Ray, but you can lose metrics from the cluster.
[2022-01-10 14:11:44,019 I 14611 14910] raylet_client.cc:336: Error reporting task backlog information: IOError: 
[2022-01-10 14:11:45,019 I 14611 14910] raylet_client.cc:336: Error reporting task backlog information: IOError: 
[2022-01-10 14:11:46,019 I 14611 14910] raylet_client.cc:336: Error reporting task backlog information: IOError: 
[2022-01-10 14:11:47,019 I 14611 14910] raylet_client.cc:336: Error reporting task backlog information: IOError: 
[2022-01-10 14:11:48,019 I 14611 14910] raylet_client.cc:336: Error reporting task backlog information: IOError: 
[2022-01-10 14:11:49,019 I 14611 14910] raylet_client.cc:336: Error reporting task backlog information: IOError: 
[2022-01-10 14:11:50,019 I 14611 14910] raylet_client.cc:336: Error reporting task backlog information: IOError: 
[2022-01-10 14:11:51,019 I 14611 14910] raylet_client.cc:336: Error reporting task backlog information: IOError: 
[2022-01-10 14:11:52,019 I 14611 14910] raylet_client.cc:336: Error reporting task backlog information: IOError: 
[2022-01-10 14:11:53,020 I 14611 14910] raylet_client.cc:336: Error reporting task backlog information: IOError: 
[2022-01-10 14:11:53,289 W 14611 14911] metric_exporter.cc:206: Export metrics to agent failed: IOError: . This won't affect Ray, but you can lose metrics from the cluster.
[2022-01-10 14:11:54,020 I 14611 14910] raylet_client.cc:336: Error reporting task backlog information: IOError: 
[2022-01-10 14:11:55,020 I 14611 14910] raylet_client.cc:336: Error reporting task backlog information: IOError: 
[2022-01-10 14:11:56,020 I 14611 14910] raylet_client.cc:336: Error reporting task backlog information: IOError: 
[2022-01-10 14:11:57,020 I 14611 14910] raylet_client.cc:336: Error reporting task backlog information: IOError: 
[2022-01-10 14:11:58,020 I 14611 14910] raylet_client.cc:336: Error reporting task backlog information: IOError: 
[2022-01-10 14:11:59,020 I 14611 14910] raylet_client.cc:336: Error reporting task backlog information: IOError: 
[2022-01-10 14:12:00,020 I 14611 14910] raylet_client.cc:336: Error reporting task backlog information: IOError: 
[2022-01-10 14:12:01,020 I 14611 14910] raylet_client.cc:336: Error reporting task backlog information: IOError: 
[2022-01-10 14:12:02,020 I 14611 14910] raylet_client.cc:336: Error reporting task backlog information: IOError: 
[2022-01-10 14:12:03,021 I 14611 14910] raylet_client.cc:336: Error reporting task backlog information: IOError: 
[2022-01-10 14:12:03,296 W 14611 14911] metric_exporter.cc:206: Export metrics to agent failed: IOError: . This won't affect Ray, but you can lose metrics from the cluster.
[2022-01-10 14:12:04,021 I 14611 14910] raylet_client.cc:336: Error reporting task backlog information: IOError: 
[2022-01-10 14:12:05,021 I 14611 14910] raylet_client.cc:336: Error reporting task backlog information: IOError: 
[2022-01-10 14:12:06,021 I 14611 14910] raylet_client.cc:336: Error reporting task backlog information: IOError: 
[2022-01-10 14:12:07,021 I 14611 14910] raylet_client.cc:336: Error reporting task backlog information: IOError: 
[2022-01-10 14:12:08,021 I 14611 14910] raylet_client.cc:336: Error reporting task backlog information: IOError: 
[2022-01-10 14:12:09,021 I 14611 14910] raylet_client.cc:336: Error reporting task backlog information: IOError: 
[2022-01-10 14:12:10,022 I 14611 14910] raylet_client.cc:336: Error reporting task backlog information: IOError: 
[2022-01-10 14:12:11,022 I 14611 14910] raylet_client.cc:336: Error reporting task backlog information: IOError: 
[2022-01-10 14:12:12,022 I 14611 14910] raylet_client.cc:336: Error reporting task backlog information: IOError: 
[2022-01-10 14:12:13,022 I 14611 14910] raylet_client.cc:336: Error reporting task backlog information: IOError: 
[2022-01-10 14:12:13,302 W 14611 14911] metric_exporter.cc:206: Export metrics to agent failed: IOError: . This won't affect Ray, but you can lose metrics from the cluster.
[2022-01-10 14:12:14,022 I 14611 14910] raylet_client.cc:336: Error reporting task backlog information: IOError: 
[2022-01-10 14:12:15,022 I 14611 14910] raylet_client.cc:336: Error reporting task backlog information: IOError: 
[2022-01-10 14:12:16,022 I 14611 14910] raylet_client.cc:336: Error reporting task backlog information: IOError: 
[2022-01-10 14:12:17,022 I 14611 14910] raylet_client.cc:336: Error reporting task backlog information: IOError: 
[2022-01-10 14:12:18,022 I 14611 14910] raylet_client.cc:336: Error reporting task backlog information: IOError: 
[2022-01-10 14:12:19,022 I 14611 14910] raylet_client.cc:336: Error reporting task backlog information: IOError: 
[2022-01-10 14:12:20,022 I 14611 14910] raylet_client.cc:336: Error reporting task backlog information: IOError: 
[2022-01-10 14:12:21,022 I 14611 14910] raylet_client.cc:336: Error reporting task backlog information: IOError: 
[2022-01-10 14:12:22,023 I 14611 14910] raylet_client.cc:336: Error reporting task backlog information: IOError: 
[2022-01-10 14:12:23,023 I 14611 14910] raylet_client.cc:336: Error reporting task backlog information: IOError: 
[2022-01-10 14:12:23,308 W 14611 14911] metric_exporter.cc:206: Export metrics to agent failed: IOError: . This won't affect Ray, but you can lose metrics from the cluster.
[2022-01-10 14:12:24,023 I 14611 14910] raylet_client.cc:336: Error reporting task backlog information: IOError: 
[2022-01-10 14:12:25,023 I 14611 14910] raylet_client.cc:336: Error reporting task backlog information: IOError: 
[2022-01-10 14:12:26,023 I 14611 14910] raylet_client.cc:336: Error reporting task backlog information: IOError: 
[2022-01-10 14:12:27,023 I 14611 14910] raylet_client.cc:336: Error reporting task backlog information: IOError: 
[2022-01-10 14:12:28,023 I 14611 14910] raylet_client.cc:336: Error reporting task backlog information: IOError: 
[2022-01-10 14:12:29,023 I 14611 14910] raylet_client.cc:336: Error reporting task backlog information: IOError: 
[2022-01-10 14:12:30,023 I 14611 14910] raylet_client.cc:336: Error reporting task backlog information: IOError: 
[2022-01-10 14:12:31,024 I 14611 14910] raylet_client.cc:336: Error reporting task backlog information: IOError: 
[2022-01-10 14:12:32,024 I 14611 14910] raylet_client.cc:336: Error reporting task backlog information: IOError: 
[2022-01-10 14:12:33,024 I 14611 14910] raylet_client.cc:336: Error reporting task backlog information: IOError: 
[2022-01-10 14:12:33,315 W 14611 14911] metric_exporter.cc:206: Export metrics to agent failed: IOError: . This won't affect Ray, but you can lose metrics from the cluster.
[2022-01-10 14:12:34,024 I 14611 14910] raylet_client.cc:336: Error reporting task backlog information: IOError: 
[2022-01-10 14:12:35,024 I 14611 14910] raylet_client.cc:336: Error reporting task backlog information: IOError: 
[2022-01-10 14:12:36,024 I 14611 14910] raylet_client.cc:336: Error reporting task backlog information: IOError: 
[2022-01-10 14:12:37,024 I 14611 14910] raylet_client.cc:336: Error reporting task backlog information: IOError: 
[2022-01-10 14:12:38,024 I 14611 14910] raylet_client.cc:336: Error reporting task backlog information: IOError: 
[2022-01-10 14:12:39,024 I 14611 14910] raylet_client.cc:336: Error reporting task backlog information: IOError: 
[2022-01-10 14:12:40,024 I 14611 14910] raylet_client.cc:336: Error reporting task backlog information: IOError: 
[2022-01-10 14:12:41,024 I 14611 14910] raylet_client.cc:336: Error reporting task backlog information: IOError: 
[2022-01-10 14:12:42,024 I 14611 14910] raylet_client.cc:336: Error reporting task backlog information: IOError: 
[2022-01-10 14:12:43,024 I 14611 14910] raylet_client.cc:336: Error reporting task backlog information: IOError: 
[2022-01-10 14:12:43,323 W 14611 14911] metric_exporter.cc:206: Export metrics to agent failed: IOError: . This won't affect Ray, but you can lose metrics from the cluster.
[2022-01-10 14:12:44,024 I 14611 14910] raylet_client.cc:336: Error reporting task backlog information: IOError: 
[2022-01-10 14:12:45,025 I 14611 14910] raylet_client.cc:336: Error reporting task backlog information: IOError: 
[2022-01-10 14:12:46,025 I 14611 14910] raylet_client.cc:336: Error reporting task backlog information: IOError: 
[2022-01-10 14:12:47,025 I 14611 14910] raylet_client.cc:336: Error reporting task backlog information: IOError: 
[2022-01-10 14:12:48,025 I 14611 14910] raylet_client.cc:336: Error reporting task backlog information: IOError: 
[2022-01-10 14:12:49,025 I 14611 14910] raylet_client.cc:336: Error reporting task backlog information: IOError: 
[2022-01-10 14:12:50,025 I 14611 14910] raylet_client.cc:336: Error reporting task backlog information: IOError: 
[2022-01-10 14:12:51,025 I 14611 14910] raylet_client.cc:336: Error reporting task backlog information: IOError: 
[2022-01-10 14:12:52,025 I 14611 14910] raylet_client.cc:336: Error reporting task backlog information: IOError: 
[2022-01-10 14:12:53,025 I 14611 14910] raylet_client.cc:336: Error reporting task backlog information: IOError: 
[2022-01-10 14:12:53,329 W 14611 14911] metric_exporter.cc:206: Export metrics to agent failed: IOError: . This won't affect Ray, but you can lose metrics from the cluster.
[2022-01-10 14:12:54,025 I 14611 14910] raylet_client.cc:336: Error reporting task backlog information: IOError: 
[2022-01-10 14:12:55,025 I 14611 14910] raylet_client.cc:336: Error reporting task backlog information: IOError: 
[2022-01-10 14:12:56,025 I 14611 14910] raylet_client.cc:336: Error reporting task backlog information: IOError: 
[2022-01-10 14:12:57,025 I 14611 14910] raylet_client.cc:336: Error reporting task backlog information: IOError: 
[2022-01-10 14:12:58,026 I 14611 14910] raylet_client.cc:336: Error reporting task backlog information: IOError: 
[2022-01-10 14:12:59,026 I 14611 14910] raylet_client.cc:336: Error reporting task backlog information: IOError: 
[2022-01-10 14:13:00,026 I 14611 14910] raylet_client.cc:336: Error reporting task backlog information: IOError: 
[2022-01-10 14:13:01,026 I 14611 14910] raylet_client.cc:336: Error reporting task backlog information: IOError: 
[2022-01-10 14:13:02,026 I 14611 14910] raylet_client.cc:336: Error reporting task backlog information: IOError: 
[2022-01-10 14:13:03,026 I 14611 14910] raylet_client.cc:336: Error reporting task backlog information: IOError: 
[2022-01-10 14:13:03,336 W 14611 14911] metric_exporter.cc:206: Export metrics to agent failed: IOError: . This won't affect Ray, but you can lose metrics from the cluster.
[2022-01-10 14:13:04,026 I 14611 14910] raylet_client.cc:336: Error reporting task backlog information: IOError: 
[2022-01-10 14:13:05,026 I 14611 14910] raylet_client.cc:336: Error reporting task backlog information: IOError: 
[2022-01-10 14:13:06,026 I 14611 14910] raylet_client.cc:336: Error reporting task backlog information: IOError: 
[2022-01-10 14:13:07,026 I 14611 14910] raylet_client.cc:336: Error reporting task backlog information: IOError: 
[2022-01-10 14:13:08,026 I 14611 14910] raylet_client.cc:336: Error reporting task backlog information: IOError: 
[2022-01-10 14:13:09,027 I 14611 14910] raylet_client.cc:336: Error reporting task backlog information: IOError: 
[2022-01-10 14:13:10,027 I 14611 14910] raylet_client.cc:336: Error reporting task backlog information: IOError: 
[2022-01-10 14:13:11,027 I 14611 14910] raylet_client.cc:336: Error reporting task backlog information: IOError: 
[2022-01-10 14:13:12,027 I 14611 14910] raylet_client.cc:336: Error reporting task backlog information: IOError: 
[2022-01-10 14:13:13,027 I 14611 14910] raylet_client.cc:336: Error reporting task backlog information: IOError: 
[2022-01-10 14:13:13,342 W 14611 14911] metric_exporter.cc:206: Export metrics to agent failed: IOError: . This won't affect Ray, but you can lose metrics from the cluster.
[2022-01-10 14:13:14,027 I 14611 14910] raylet_client.cc:336: Error reporting task backlog information: IOError: 
[2022-01-10 14:13:15,027 I 14611 14910] raylet_client.cc:336: Error reporting task backlog information: IOError: 
[2022-01-10 14:13:16,027 I 14611 14910] raylet_client.cc:336: Error reporting task backlog information: IOError: 
[2022-01-10 14:13:17,027 I 14611 14910] raylet_client.cc:336: Error reporting task backlog information: IOError: 
[2022-01-10 14:13:18,027 I 14611 14910] raylet_client.cc:336: Error reporting task backlog information: IOError: 
[2022-01-10 14:13:19,027 I 14611 14910] raylet_client.cc:336: Error reporting task backlog information: IOError: 
[2022-01-10 14:13:20,028 I 14611 14910] raylet_client.cc:336: Error reporting task backlog information: IOError: 
[2022-01-10 14:13:21,028 I 14611 14910] raylet_client.cc:336: Error reporting task backlog information: IOError: 
[2022-01-10 14:13:22,028 I 14611 14910] raylet_client.cc:336: Error reporting task backlog information: IOError: 
[2022-01-10 14:13:23,028 I 14611 14910] raylet_client.cc:336: Error reporting task backlog information: IOError: 
[2022-01-10 14:13:23,349 W 14611 14911] metric_exporter.cc:206: Export metrics to agent failed: IOError: . This won't affect Ray, but you can lose metrics from the cluster.
[2022-01-10 14:13:24,028 I 14611 14910] raylet_client.cc:336: Error reporting task backlog information: IOError: 
[2022-01-10 14:13:25,028 I 14611 14910] raylet_client.cc:336: Error reporting task backlog information: IOError: 
[2022-01-10 14:13:26,028 I 14611 14910] raylet_client.cc:336: Error reporting task backlog information: IOError: 
[2022-01-10 14:13:27,028 I 14611 14910] raylet_client.cc:336: Error reporting task backlog information: IOError: 
[2022-01-10 14:13:28,028 I 14611 14910] raylet_client.cc:336: Error reporting task backlog information: IOError: 
[2022-01-10 14:13:29,028 I 14611 14910] raylet_client.cc:336: Error reporting task backlog information: IOError: 
[2022-01-10 14:13:30,028 I 14611 14910] raylet_client.cc:336: Error reporting task backlog information: IOError: 
[2022-01-10 14:13:31,028 I 14611 14910] raylet_client.cc:336: Error reporting task backlog information: IOError: 
[2022-01-10 14:13:32,029 I 14611 14910] raylet_client.cc:336: Error reporting task backlog information: IOError: 
[2022-01-10 14:13:33,029 I 14611 14910] raylet_client.cc:336: Error reporting task backlog information: IOError: 
[2022-01-10 14:13:33,358 W 14611 14911] metric_exporter.cc:206: Export metrics to agent failed: IOError: . This won't affect Ray, but you can lose metrics from the cluster.
[2022-01-10 14:13:34,029 I 14611 14910] raylet_client.cc:336: Error reporting task backlog information: IOError: 
[2022-01-10 14:13:35,029 I 14611 14910] raylet_client.cc:336: Error reporting task backlog information: IOError: 
[2022-01-10 14:13:36,029 I 14611 14910] raylet_client.cc:336: Error reporting task backlog information: IOError: 
[2022-01-10 14:13:37,029 I 14611 14910] raylet_client.cc:336: Error reporting task backlog information: IOError: 
[2022-01-10 14:13:38,029 I 14611 14910] raylet_client.cc:336: Error reporting task backlog information: IOError: 
[2022-01-10 14:13:39,029 I 14611 14910] raylet_client.cc:336: Error reporting task backlog information: IOError: 
[2022-01-10 14:13:40,029 I 14611 14910] raylet_client.cc:336: Error reporting task backlog information: IOError: 
[2022-01-10 14:13:41,029 I 14611 14910] raylet_client.cc:336: Error reporting task backlog information: IOError: 
[2022-01-10 14:13:42,029 I 14611 14910] raylet_client.cc:336: Error reporting task backlog information: IOError: 
[2022-01-10 14:13:43,029 I 14611 14910] raylet_client.cc:336: Error reporting task backlog information: IOError: 
[2022-01-10 14:13:43,364 W 14611 14911] metric_exporter.cc:206: Export metrics to agent failed: IOError: . This won't affect Ray, but you can lose metrics from the cluster.
[2022-01-10 14:13:44,030 I 14611 14910] raylet_client.cc:336: Error reporting task backlog information: IOError: 
[2022-01-10 14:13:45,030 I 14611 14910] raylet_client.cc:336: Error reporting task backlog information: IOError: 
[2022-01-10 14:13:46,030 I 14611 14910] raylet_client.cc:336: Error reporting task backlog information: IOError: 
[2022-01-10 14:13:47,030 I 14611 14910] raylet_client.cc:336: Error reporting task backlog information: IOError: 
[2022-01-10 14:13:48,030 I 14611 14910] raylet_client.cc:336: Error reporting task backlog information: IOError: 
[2022-01-10 14:13:49,030 I 14611 14910] raylet_client.cc:336: Error reporting task backlog information: IOError: 
[2022-01-10 14:13:50,030 I 14611 14910] raylet_client.cc:336: Error reporting task backlog information: IOError: 
[2022-01-10 14:13:51,030 I 14611 14910] raylet_client.cc:336: Error reporting task backlog information: IOError: 
[2022-01-10 14:13:52,030 I 14611 14910] raylet_client.cc:336: Error reporting task backlog information: IOError: 
[2022-01-10 14:13:53,030 I 14611 14910] raylet_client.cc:336: Error reporting task backlog information: IOError: 
[2022-01-10 14:13:53,371 W 14611 14911] metric_exporter.cc:206: Export metrics to agent failed: IOError: . This won't affect Ray, but you can lose metrics from the cluster.
[2022-01-10 14:13:54,030 I 14611 14910] raylet_client.cc:336: Error reporting task backlog information: IOError: 
[2022-01-10 14:13:55,031 I 14611 14910] raylet_client.cc:336: Error reporting task backlog information: IOError: 
[2022-01-10 14:13:56,031 I 14611 14910] raylet_client.cc:336: Error reporting task backlog information: IOError: 
[2022-01-10 14:13:57,031 I 14611 14910] raylet_client.cc:336: Error reporting task backlog information: IOError: 
[2022-01-10 14:13:58,031 I 14611 14910] raylet_client.cc:336: Error reporting task backlog information: IOError: 
[2022-01-10 14:13:59,031 I 14611 14910] raylet_client.cc:336: Error reporting task backlog information: IOError: 
[2022-01-10 14:14:00,031 I 14611 14910] raylet_client.cc:336: Error reporting task backlog information: IOError: 
[2022-01-10 14:14:01,031 I 14611 14910] raylet_client.cc:336: Error reporting task backlog information: IOError: 
[2022-01-10 14:14:02,031 I 14611 14910] raylet_client.cc:336: Error reporting task backlog information: IOError: 
[2022-01-10 14:14:03,031 I 14611 14910] raylet_client.cc:336: Error reporting task backlog information: IOError: 
[2022-01-10 14:14:03,379 W 14611 14911] metric_exporter.cc:206: Export metrics to agent failed: IOError: . This won't affect Ray, but you can lose metrics from the cluster.
[2022-01-10 14:14:04,031 I 14611 14910] raylet_client.cc:336: Error reporting task backlog information: IOError: 
[2022-01-10 14:14:05,031 I 14611 14910] raylet_client.cc:336: Error reporting task backlog information: IOError: 
[2022-01-10 14:14:06,032 I 14611 14910] raylet_client.cc:336: Error reporting task backlog information: IOError: 
[2022-01-10 14:14:07,032 I 14611 14910] raylet_client.cc:336: Error reporting task backlog information: IOError: 
[2022-01-10 14:14:08,032 I 14611 14910] raylet_client.cc:336: Error reporting task backlog information: IOError: 
[2022-01-10 14:14:09,032 I 14611 14910] raylet_client.cc:336: Error reporting task backlog information: IOError: 
[2022-01-10 14:14:10,032 I 14611 14910] raylet_client.cc:336: Error reporting task backlog information: IOError: 
[2022-01-10 14:14:11,032 I 14611 14910] raylet_client.cc:336: Error reporting task backlog information: IOError: 
[2022-01-10 14:14:12,032 I 14611 14910] raylet_client.cc:336: Error reporting task backlog information: IOError: 
[2022-01-10 14:14:13,032 I 14611 14910] raylet_client.cc:336: Error reporting task backlog information: IOError: 
[2022-01-10 14:14:13,385 W 14611 14911] metric_exporter.cc:206: Export metrics to agent failed: IOError: . This won't affect Ray, but you can lose metrics from the cluster.
[2022-01-10 14:14:14,032 I 14611 14910] raylet_client.cc:336: Error reporting task backlog information: IOError: 
[2022-01-10 14:14:15,032 I 14611 14910] raylet_client.cc:336: Error reporting task backlog information: IOError: 
[2022-01-10 14:14:16,033 I 14611 14910] raylet_client.cc:336: Error reporting task backlog information: IOError: 
[2022-01-10 14:14:17,033 I 14611 14910] raylet_client.cc:336: Error reporting task backlog information: IOError: 
[2022-01-10 14:14:18,033 I 14611 14910] raylet_client.cc:336: Error reporting task backlog information: IOError: 
[2022-01-10 14:14:19,033 I 14611 14910] raylet_client.cc:336: Error reporting task backlog information: IOError: 
[2022-01-10 14:14:20,033 I 14611 14910] raylet_client.cc:336: Error reporting task backlog information: IOError: 
[2022-01-10 14:14:21,033 I 14611 14910] raylet_client.cc:336: Error reporting task backlog information: IOError: 
[2022-01-10 14:14:22,033 I 14611 14910] raylet_client.cc:336: Error reporting task backlog information: IOError: 
[2022-01-10 14:14:23,033 I 14611 14910] raylet_client.cc:336: Error reporting task backlog information: IOError: 
[2022-01-10 14:14:23,392 W 14611 14911] metric_exporter.cc:206: Export metrics to agent failed: IOError: . This won't affect Ray, but you can lose metrics from the cluster.
[2022-01-10 14:14:24,033 I 14611 14910] raylet_client.cc:336: Error reporting task backlog information: IOError: 
[2022-01-10 14:14:25,033 I 14611 14910] raylet_client.cc:336: Error reporting task backlog information: IOError: 
[2022-01-10 14:14:26,033 I 14611 14910] raylet_client.cc:336: Error reporting task backlog information: IOError: 
[2022-01-10 14:14:27,033 I 14611 14910] raylet_client.cc:336: Error reporting task backlog information: IOError: 
[2022-01-10 14:14:28,034 I 14611 14910] raylet_client.cc:336: Error reporting task backlog information: IOError: 
[2022-01-10 14:14:29,034 I 14611 14910] raylet_client.cc:336: Error reporting task backlog information: IOError: 
[2022-01-10 14:14:30,034 I 14611 14910] raylet_client.cc:336: Error reporting task backlog information: IOError: 
[2022-01-10 14:14:31,034 I 14611 14910] raylet_client.cc:336: Error reporting task backlog information: IOError: 
[2022-01-10 14:14:32,034 I 14611 14910] raylet_client.cc:336: Error reporting task backlog information: IOError: 
[2022-01-10 14:14:33,034 I 14611 14910] raylet_client.cc:336: Error reporting task backlog information: IOError: 
[2022-01-10 14:14:33,399 W 14611 14911] metric_exporter.cc:206: Export metrics to agent failed: IOError: . This won't affect Ray, but you can lose metrics from the cluster.
[2022-01-10 14:14:34,034 I 14611 14910] raylet_client.cc:336: Error reporting task backlog information: IOError: 
[2022-01-10 14:14:35,034 I 14611 14910] raylet_client.cc:336: Error reporting task backlog information: IOError: 
[2022-01-10 14:14:36,034 I 14611 14910] raylet_client.cc:336: Error reporting task backlog information: IOError: 
[2022-01-10 14:14:37,034 I 14611 14910] raylet_client.cc:336: Error reporting task backlog information: IOError: 
[2022-01-10 14:14:38,034 I 14611 14910] raylet_client.cc:336: Error reporting task backlog information: IOError: 
[2022-01-10 14:14:39,035 I 14611 14910] raylet_client.cc:336: Error reporting task backlog information: IOError: 
[2022-01-10 14:14:40,035 I 14611 14910] raylet_client.cc:336: Error reporting task backlog information: IOError: 
[2022-01-10 14:14:41,035 I 14611 14910] raylet_client.cc:336: Error reporting task backlog information: IOError: 
[2022-01-10 14:14:42,035 I 14611 14910] raylet_client.cc:336: Error reporting task backlog information: IOError: 
[2022-01-10 14:14:43,035 I 14611 14910] raylet_client.cc:336: Error reporting task backlog information: IOError: 
[2022-01-10 14:14:43,405 W 14611 14911] metric_exporter.cc:206: Export metrics to agent failed: IOError: . This won't affect Ray, but you can lose metrics from the cluster.
[2022-01-10 14:14:44,035 I 14611 14910] raylet_client.cc:336: Error reporting task backlog information: IOError: 
[2022-01-10 14:14:45,035 I 14611 14910] raylet_client.cc:336: Error reporting task backlog information: IOError: 
[2022-01-10 14:14:46,035 I 14611 14910] raylet_client.cc:336: Error reporting task backlog information: IOError: 
[2022-01-10 14:14:47,035 I 14611 14910] raylet_client.cc:336: Error reporting task backlog information: IOError: 
[2022-01-10 14:14:48,035 I 14611 14910] raylet_client.cc:336: Error reporting task backlog information: IOError: 
[2022-01-10 14:14:49,035 I 14611 14910] raylet_client.cc:336: Error reporting task backlog information: IOError: 
[2022-01-10 14:14:50,036 I 14611 14910] raylet_client.cc:336: Error reporting task backlog information: IOError: 
[2022-01-10 14:14:51,036 I 14611 14910] raylet_client.cc:336: Error reporting task backlog information: IOError: 
[2022-01-10 14:14:52,036 I 14611 14910] raylet_client.cc:336: Error reporting task backlog information: IOError: 
[2022-01-10 14:14:53,036 I 14611 14910] raylet_client.cc:336: Error reporting task backlog information: IOError: 
[2022-01-10 14:14:53,412 W 14611 14911] metric_exporter.cc:206: Export metrics to agent failed: IOError: . This won't affect Ray, but you can lose metrics from the cluster.
[2022-01-10 14:14:54,036 I 14611 14910] raylet_client.cc:336: Error reporting task backlog information: IOError: 
[2022-01-10 14:14:55,036 I 14611 14910] raylet_client.cc:336: Error reporting task backlog information: IOError: 
[2022-01-10 14:14:56,036 I 14611 14910] raylet_client.cc:336: Error reporting task backlog information: IOError: 
[2022-01-10 14:14:57,036 I 14611 14910] raylet_client.cc:336: Error reporting task backlog information: IOError: 
[2022-01-10 14:14:58,036 I 14611 14910] raylet_client.cc:336: Error reporting task backlog information: IOError: 
[2022-01-10 14:14:59,036 I 14611 14910] raylet_client.cc:336: Error reporting task backlog information: IOError: 
[2022-01-10 14:15:00,036 I 14611 14910] raylet_client.cc:336: Error reporting task backlog information: IOError: 
[2022-01-10 14:15:01,036 I 14611 14910] raylet_client.cc:336: Error reporting task backlog information: IOError: 
[2022-01-10 14:15:02,037 I 14611 14910] raylet_client.cc:336: Error reporting task backlog information: IOError: 
[2022-01-10 14:15:03,037 I 14611 14910] raylet_client.cc:336: Error reporting task backlog information: IOError: 
[2022-01-10 14:15:03,418 W 14611 14911] metric_exporter.cc:206: Export metrics to agent failed: IOError: . This won't affect Ray, but you can lose metrics from the cluster.
[2022-01-10 14:15:04,037 I 14611 14910] raylet_client.cc:336: Error reporting task backlog information: IOError: 
[2022-01-10 14:15:05,037 I 14611 14910] raylet_client.cc:336: Error reporting task backlog information: IOError: 
[2022-01-10 14:15:06,037 I 14611 14910] raylet_client.cc:336: Error reporting task backlog information: IOError: 
[2022-01-10 14:15:07,037 I 14611 14910] raylet_client.cc:336: Error reporting task backlog information: IOError: 
[2022-01-10 14:15:08,037 I 14611 14910] raylet_client.cc:336: Error reporting task backlog information: IOError: 
[2022-01-10 14:15:09,037 I 14611 14910] raylet_client.cc:336: Error reporting task backlog information: IOError: 
[2022-01-10 14:15:10,037 I 14611 14910] raylet_client.cc:336: Error reporting task backlog information: IOError: 
[2022-01-10 14:15:11,037 I 14611 14910] raylet_client.cc:336: Error reporting task backlog information: IOError: 
[2022-01-10 14:15:12,037 I 14611 14910] raylet_client.cc:336: Error reporting task backlog information: IOError: 
[2022-01-10 14:15:13,037 I 14611 14910] raylet_client.cc:336: Error reporting task backlog information: IOError: 
[2022-01-10 14:15:13,425 W 14611 14911] metric_exporter.cc:206: Export metrics to agent failed: IOError: . This won't affect Ray, but you can lose metrics from the cluster.
[2022-01-10 14:15:14,038 I 14611 14910] raylet_client.cc:336: Error reporting task backlog information: IOError: 
[2022-01-10 14:15:15,038 I 14611 14910] raylet_client.cc:336: Error reporting task backlog information: IOError: 
[2022-01-10 14:15:16,038 I 14611 14910] raylet_client.cc:336: Error reporting task backlog information: IOError: 
[2022-01-10 14:15:17,038 I 14611 14910] raylet_client.cc:336: Error reporting task backlog information: IOError: 
[2022-01-10 14:15:18,038 I 14611 14910] raylet_client.cc:336: Error reporting task backlog information: IOError: 
[2022-01-10 14:15:19,038 I 14611 14910] raylet_client.cc:336: Error reporting task backlog information: IOError: 
[2022-01-10 14:15:20,038 I 14611 14910] raylet_client.cc:336: Error reporting task backlog information: IOError: 
[2022-01-10 14:15:21,038 I 14611 14910] raylet_client.cc:336: Error reporting task backlog information: IOError: 
[2022-01-10 14:15:22,038 I 14611 14910] raylet_client.cc:336: Error reporting task backlog information: IOError: 
[2022-01-10 14:15:23,038 I 14611 14910] raylet_client.cc:336: Error reporting task backlog information: IOError: 
[2022-01-10 14:15:23,437 W 14611 14911] metric_exporter.cc:206: Export metrics to agent failed: IOError: . This won't affect Ray, but you can lose metrics from the cluster.
[2022-01-10 14:15:24,039 I 14611 14910] raylet_client.cc:336: Error reporting task backlog information: IOError: 
[2022-01-10 14:15:25,039 I 14611 14910] raylet_client.cc:336: Error reporting task backlog information: IOError: 
[2022-01-10 14:15:26,039 I 14611 14910] raylet_client.cc:336: Error reporting task backlog information: IOError: 
[2022-01-10 14:15:27,039 I 14611 14910] raylet_client.cc:336: Error reporting task backlog information: IOError: 
[2022-01-10 14:15:28,039 I 14611 14910] raylet_client.cc:336: Error reporting task backlog information: IOError: 
[2022-01-10 14:15:29,039 I 14611 14910] raylet_client.cc:336: Error reporting task backlog information: IOError: 
[2022-01-10 14:15:30,039 I 14611 14910] raylet_client.cc:336: Error reporting task backlog information: IOError: 
[2022-01-10 14:15:31,039 I 14611 14910] raylet_client.cc:336: Error reporting task backlog information: IOError: 
[2022-01-10 14:15:32,039 I 14611 14910] raylet_client.cc:336: Error reporting task backlog information: IOError: 
[2022-01-10 14:15:33,039 I 14611 14910] raylet_client.cc:336: Error reporting task backlog information: IOError: 
[2022-01-10 14:15:33,450 W 14611 14911] metric_exporter.cc:206: Export metrics to agent failed: IOError: . This won't affect Ray, but you can lose metrics from the cluster.
[2022-01-10 14:15:34,039 I 14611 14910] raylet_client.cc:336: Error reporting task backlog information: IOError: 
[2022-01-10 14:15:35,039 I 14611 14910] raylet_client.cc:336: Error reporting task backlog information: IOError: 
[2022-01-10 14:15:36,040 I 14611 14910] raylet_client.cc:336: Error reporting task backlog information: IOError: 
[2022-01-10 14:15:37,040 I 14611 14910] raylet_client.cc:336: Error reporting task backlog information: IOError: 
[2022-01-10 14:15:38,040 I 14611 14910] raylet_client.cc:336: Error reporting task backlog information: IOError: 
[2022-01-10 14:15:39,040 I 14611 14910] raylet_client.cc:336: Error reporting task backlog information: IOError: 
[2022-01-10 14:15:40,040 I 14611 14910] raylet_client.cc:336: Error reporting task backlog information: IOError: 
[2022-01-10 14:15:41,040 I 14611 14910] raylet_client.cc:336: Error reporting task backlog information: IOError: 
[2022-01-10 14:15:42,040 I 14611 14910] raylet_client.cc:336: Error reporting task backlog information: IOError: 
[2022-01-10 14:15:43,040 I 14611 14910] raylet_client.cc:336: Error reporting task backlog information: IOError: 
[2022-01-10 14:15:43,457 W 14611 14911] metric_exporter.cc:206: Export metrics to agent failed: IOError: . This won't affect Ray, but you can lose metrics from the cluster.
[2022-01-10 14:15:44,040 I 14611 14910] raylet_client.cc:336: Error reporting task backlog information: IOError: 
[2022-01-10 14:15:45,040 I 14611 14910] raylet_client.cc:336: Error reporting task backlog information: IOError: 
[2022-01-10 14:15:46,040 I 14611 14910] raylet_client.cc:336: Error reporting task backlog information: IOError: 
[2022-01-10 14:15:47,040 I 14611 14910] raylet_client.cc:336: Error reporting task backlog information: IOError: 
[2022-01-10 14:15:48,041 I 14611 14910] raylet_client.cc:336: Error reporting task backlog information: IOError: 
[2022-01-10 14:15:49,041 I 14611 14910] raylet_client.cc:336: Error reporting task backlog information: IOError: 
[2022-01-10 14:15:49,880 E 14611 14781] gcs_server_address_updater.cc:76: Failed to receive the GCS address for 600 times without success. The worker will exit ungracefully. It is because GCS has died. It could be because there was an issue that kills GCS, such as high memory usage triggering OOM killer to kill GCS. Cluster will be highly likely unavailable if you see this log. Please check the log from gcs_server.err.
