[2022-01-10 14:05:12,856 I 14610 14610] core_worker.cc:132: Constructing CoreWorkerProcess. pid: 14610
[2022-01-10 14:05:12,860 I 14610 14610] grpc_server.cc:112: worker server started, listening on port 39939.
[2022-01-10 14:05:12,862 I 14610 14610] core_worker.cc:479: Initializing worker at address: 131.215.21.210:39939, worker ID f1aaa2c3e17887b5abfd254a1d744cfdaa642edcee75b7b0f325ed0c, raylet 8d71f338f8d1faabb73d5040873c95dc46cd25d3bd6fafeb48bba8f9
[2022-01-10 14:05:13,011 I 14610 14610] io_service_pool.cc:35: IOServicePool is running with 1 io_service.
[2022-01-10 14:05:13,012 I 14610 14928] accessor.cc:560: Received notification for node id = 8d71f338f8d1faabb73d5040873c95dc46cd25d3bd6fafeb48bba8f9, IsAlive = 1
[2022-01-10 14:05:50,867 W 14610 14815] gcs_server_address_updater.cc:61: [1] Failed to get the gcs server address from raylet 1 times in a row. If it keeps failing to obtain the address, the worker might crash. Connection status IOError: 
[2022-01-10 14:05:51,866 I 14610 14928] raylet_client.cc:336: Error reporting task backlog information: IOError: 
[2022-01-10 14:05:52,016 I 14610 14928] raylet_client.cc:336: Error reporting task backlog information: IOError: 
[2022-01-10 14:05:53,016 I 14610 14928] raylet_client.cc:336: Error reporting task backlog information: IOError: 
[2022-01-10 14:05:53,043 W 14610 14929] metric_exporter.cc:206: Export metrics to agent failed: IOError: . This won't affect Ray, but you can lose metrics from the cluster.
[2022-01-10 14:05:54,016 I 14610 14928] raylet_client.cc:336: Error reporting task backlog information: IOError: 
[2022-01-10 14:05:55,016 I 14610 14928] raylet_client.cc:336: Error reporting task backlog information: IOError: 
[2022-01-10 14:05:56,016 I 14610 14928] raylet_client.cc:336: Error reporting task backlog information: IOError: 
[2022-01-10 14:05:57,016 I 14610 14928] raylet_client.cc:336: Error reporting task backlog information: IOError: 
[2022-01-10 14:05:58,016 I 14610 14928] raylet_client.cc:336: Error reporting task backlog information: IOError: 
[2022-01-10 14:05:59,017 I 14610 14928] raylet_client.cc:336: Error reporting task backlog information: IOError: 
[2022-01-10 14:06:00,017 I 14610 14928] raylet_client.cc:336: Error reporting task backlog information: IOError: 
[2022-01-10 14:06:01,017 I 14610 14928] raylet_client.cc:336: Error reporting task backlog information: IOError: 
[2022-01-10 14:06:02,017 I 14610 14928] raylet_client.cc:336: Error reporting task backlog information: IOError: 
[2022-01-10 14:06:03,017 I 14610 14928] raylet_client.cc:336: Error reporting task backlog information: IOError: 
[2022-01-10 14:06:03,050 W 14610 14929] metric_exporter.cc:206: Export metrics to agent failed: IOError: . This won't affect Ray, but you can lose metrics from the cluster.
[2022-01-10 14:06:04,017 I 14610 14928] raylet_client.cc:336: Error reporting task backlog information: IOError: 
[2022-01-10 14:06:05,017 I 14610 14928] raylet_client.cc:336: Error reporting task backlog information: IOError: 
[2022-01-10 14:06:06,017 I 14610 14928] raylet_client.cc:336: Error reporting task backlog information: IOError: 
[2022-01-10 14:06:07,017 I 14610 14928] raylet_client.cc:336: Error reporting task backlog information: IOError: 
[2022-01-10 14:06:08,017 I 14610 14928] raylet_client.cc:336: Error reporting task backlog information: IOError: 
[2022-01-10 14:06:09,017 I 14610 14928] raylet_client.cc:336: Error reporting task backlog information: IOError: 
[2022-01-10 14:06:10,017 I 14610 14928] raylet_client.cc:336: Error reporting task backlog information: IOError: 
[2022-01-10 14:06:11,017 I 14610 14928] raylet_client.cc:336: Error reporting task backlog information: IOError: 
[2022-01-10 14:06:12,017 I 14610 14928] raylet_client.cc:336: Error reporting task backlog information: IOError: 
[2022-01-10 14:06:13,017 I 14610 14928] raylet_client.cc:336: Error reporting task backlog information: IOError: 
[2022-01-10 14:06:13,063 W 14610 14929] metric_exporter.cc:206: Export metrics to agent failed: IOError: . This won't affect Ray, but you can lose metrics from the cluster.
[2022-01-10 14:06:14,018 I 14610 14928] raylet_client.cc:336: Error reporting task backlog information: IOError: 
[2022-01-10 14:06:15,018 I 14610 14928] raylet_client.cc:336: Error reporting task backlog information: IOError: 
[2022-01-10 14:06:16,018 I 14610 14928] raylet_client.cc:336: Error reporting task backlog information: IOError: 
[2022-01-10 14:06:17,018 I 14610 14928] raylet_client.cc:336: Error reporting task backlog information: IOError: 
[2022-01-10 14:06:18,018 I 14610 14928] raylet_client.cc:336: Error reporting task backlog information: IOError: 
[2022-01-10 14:06:19,018 I 14610 14928] raylet_client.cc:336: Error reporting task backlog information: IOError: 
[2022-01-10 14:06:20,018 I 14610 14928] raylet_client.cc:336: Error reporting task backlog information: IOError: 
[2022-01-10 14:06:21,018 I 14610 14928] raylet_client.cc:336: Error reporting task backlog information: IOError: 
[2022-01-10 14:06:22,018 I 14610 14928] raylet_client.cc:336: Error reporting task backlog information: IOError: 
[2022-01-10 14:06:23,018 I 14610 14928] raylet_client.cc:336: Error reporting task backlog information: IOError: 
[2022-01-10 14:06:23,069 W 14610 14929] metric_exporter.cc:206: Export metrics to agent failed: IOError: . This won't affect Ray, but you can lose metrics from the cluster.
[2022-01-10 14:06:24,018 I 14610 14928] raylet_client.cc:336: Error reporting task backlog information: IOError: 
[2022-01-10 14:06:25,018 I 14610 14928] raylet_client.cc:336: Error reporting task backlog information: IOError: 
[2022-01-10 14:06:26,018 I 14610 14928] raylet_client.cc:336: Error reporting task backlog information: IOError: 
[2022-01-10 14:06:27,019 I 14610 14928] raylet_client.cc:336: Error reporting task backlog information: IOError: 
[2022-01-10 14:06:28,019 I 14610 14928] raylet_client.cc:336: Error reporting task backlog information: IOError: 
[2022-01-10 14:06:29,019 I 14610 14928] raylet_client.cc:336: Error reporting task backlog information: IOError: 
[2022-01-10 14:06:30,019 I 14610 14928] raylet_client.cc:336: Error reporting task backlog information: IOError: 
[2022-01-10 14:06:31,019 I 14610 14928] raylet_client.cc:336: Error reporting task backlog information: IOError: 
[2022-01-10 14:06:32,019 I 14610 14928] raylet_client.cc:336: Error reporting task backlog information: IOError: 
[2022-01-10 14:06:33,019 I 14610 14928] raylet_client.cc:336: Error reporting task backlog information: IOError: 
[2022-01-10 14:06:33,084 W 14610 14929] metric_exporter.cc:206: Export metrics to agent failed: IOError: . This won't affect Ray, but you can lose metrics from the cluster.
[2022-01-10 14:06:34,019 I 14610 14928] raylet_client.cc:336: Error reporting task backlog information: IOError: 
[2022-01-10 14:06:35,019 I 14610 14928] raylet_client.cc:336: Error reporting task backlog information: IOError: 
[2022-01-10 14:06:36,019 I 14610 14928] raylet_client.cc:336: Error reporting task backlog information: IOError: 
[2022-01-10 14:06:37,019 I 14610 14928] raylet_client.cc:336: Error reporting task backlog information: IOError: 
[2022-01-10 14:06:38,019 I 14610 14928] raylet_client.cc:336: Error reporting task backlog information: IOError: 
[2022-01-10 14:06:39,019 I 14610 14928] raylet_client.cc:336: Error reporting task backlog information: IOError: 
[2022-01-10 14:06:40,020 I 14610 14928] raylet_client.cc:336: Error reporting task backlog information: IOError: 
[2022-01-10 14:06:41,020 I 14610 14928] raylet_client.cc:336: Error reporting task backlog information: IOError: 
[2022-01-10 14:06:42,020 I 14610 14928] raylet_client.cc:336: Error reporting task backlog information: IOError: 
[2022-01-10 14:06:43,020 I 14610 14928] raylet_client.cc:336: Error reporting task backlog information: IOError: 
[2022-01-10 14:06:43,090 W 14610 14929] metric_exporter.cc:206: Export metrics to agent failed: IOError: . This won't affect Ray, but you can lose metrics from the cluster.
[2022-01-10 14:06:44,020 I 14610 14928] raylet_client.cc:336: Error reporting task backlog information: IOError: 
[2022-01-10 14:06:45,020 I 14610 14928] raylet_client.cc:336: Error reporting task backlog information: IOError: 
[2022-01-10 14:06:46,020 I 14610 14928] raylet_client.cc:336: Error reporting task backlog information: IOError: 
[2022-01-10 14:06:47,020 I 14610 14928] raylet_client.cc:336: Error reporting task backlog information: IOError: 
[2022-01-10 14:06:48,020 I 14610 14928] raylet_client.cc:336: Error reporting task backlog information: IOError: 
[2022-01-10 14:06:49,020 I 14610 14928] raylet_client.cc:336: Error reporting task backlog information: IOError: 
[2022-01-10 14:06:50,020 I 14610 14928] raylet_client.cc:336: Error reporting task backlog information: IOError: 
[2022-01-10 14:06:51,021 I 14610 14928] raylet_client.cc:336: Error reporting task backlog information: IOError: 
[2022-01-10 14:06:52,021 I 14610 14928] raylet_client.cc:336: Error reporting task backlog information: IOError: 
[2022-01-10 14:06:53,021 I 14610 14928] raylet_client.cc:336: Error reporting task backlog information: IOError: 
[2022-01-10 14:06:53,096 W 14610 14929] metric_exporter.cc:206: Export metrics to agent failed: IOError: . This won't affect Ray, but you can lose metrics from the cluster.
[2022-01-10 14:06:54,021 I 14610 14928] raylet_client.cc:336: Error reporting task backlog information: IOError: 
[2022-01-10 14:06:55,021 I 14610 14928] raylet_client.cc:336: Error reporting task backlog information: IOError: 
[2022-01-10 14:06:56,021 I 14610 14928] raylet_client.cc:336: Error reporting task backlog information: IOError: 
[2022-01-10 14:06:57,021 I 14610 14928] raylet_client.cc:336: Error reporting task backlog information: IOError: 
[2022-01-10 14:06:58,021 I 14610 14928] raylet_client.cc:336: Error reporting task backlog information: IOError: 
[2022-01-10 14:06:59,021 I 14610 14928] raylet_client.cc:336: Error reporting task backlog information: IOError: 
[2022-01-10 14:07:00,022 I 14610 14928] raylet_client.cc:336: Error reporting task backlog information: IOError: 
[2022-01-10 14:07:01,022 I 14610 14928] raylet_client.cc:336: Error reporting task backlog information: IOError: 
[2022-01-10 14:07:02,022 I 14610 14928] raylet_client.cc:336: Error reporting task backlog information: IOError: 
[2022-01-10 14:07:03,022 I 14610 14928] raylet_client.cc:336: Error reporting task backlog information: IOError: 
[2022-01-10 14:07:03,105 W 14610 14929] metric_exporter.cc:206: Export metrics to agent failed: IOError: . This won't affect Ray, but you can lose metrics from the cluster.
[2022-01-10 14:07:04,022 I 14610 14928] raylet_client.cc:336: Error reporting task backlog information: IOError: 
[2022-01-10 14:07:05,022 I 14610 14928] raylet_client.cc:336: Error reporting task backlog information: IOError: 
[2022-01-10 14:07:06,022 I 14610 14928] raylet_client.cc:336: Error reporting task backlog information: IOError: 
[2022-01-10 14:07:07,022 I 14610 14928] raylet_client.cc:336: Error reporting task backlog information: IOError: 
[2022-01-10 14:07:08,022 I 14610 14928] raylet_client.cc:336: Error reporting task backlog information: IOError: 
[2022-01-10 14:07:09,022 I 14610 14928] raylet_client.cc:336: Error reporting task backlog information: IOError: 
[2022-01-10 14:07:10,022 I 14610 14928] raylet_client.cc:336: Error reporting task backlog information: IOError: 
[2022-01-10 14:07:11,023 I 14610 14928] raylet_client.cc:336: Error reporting task backlog information: IOError: 
[2022-01-10 14:07:12,023 I 14610 14928] raylet_client.cc:336: Error reporting task backlog information: IOError: 
[2022-01-10 14:07:13,023 I 14610 14928] raylet_client.cc:336: Error reporting task backlog information: IOError: 
[2022-01-10 14:07:13,112 W 14610 14929] metric_exporter.cc:206: Export metrics to agent failed: IOError: . This won't affect Ray, but you can lose metrics from the cluster.
[2022-01-10 14:07:14,023 I 14610 14928] raylet_client.cc:336: Error reporting task backlog information: IOError: 
[2022-01-10 14:07:15,023 I 14610 14928] raylet_client.cc:336: Error reporting task backlog information: IOError: 
[2022-01-10 14:07:16,023 I 14610 14928] raylet_client.cc:336: Error reporting task backlog information: IOError: 
[2022-01-10 14:07:17,023 I 14610 14928] raylet_client.cc:336: Error reporting task backlog information: IOError: 
[2022-01-10 14:07:18,023 I 14610 14928] raylet_client.cc:336: Error reporting task backlog information: IOError: 
[2022-01-10 14:07:19,023 I 14610 14928] raylet_client.cc:336: Error reporting task backlog information: IOError: 
[2022-01-10 14:07:20,023 I 14610 14928] raylet_client.cc:336: Error reporting task backlog information: IOError: 
[2022-01-10 14:07:21,023 I 14610 14928] raylet_client.cc:336: Error reporting task backlog information: IOError: 
[2022-01-10 14:07:22,023 I 14610 14928] raylet_client.cc:336: Error reporting task backlog information: IOError: 
[2022-01-10 14:07:23,023 I 14610 14928] raylet_client.cc:336: Error reporting task backlog information: IOError: 
[2022-01-10 14:07:23,118 W 14610 14929] metric_exporter.cc:206: Export metrics to agent failed: IOError: . This won't affect Ray, but you can lose metrics from the cluster.
[2022-01-10 14:07:24,024 I 14610 14928] raylet_client.cc:336: Error reporting task backlog information: IOError: 
[2022-01-10 14:07:25,024 I 14610 14928] raylet_client.cc:336: Error reporting task backlog information: IOError: 
[2022-01-10 14:07:26,024 I 14610 14928] raylet_client.cc:336: Error reporting task backlog information: IOError: 
[2022-01-10 14:07:27,024 I 14610 14928] raylet_client.cc:336: Error reporting task backlog information: IOError: 
[2022-01-10 14:07:28,024 I 14610 14928] raylet_client.cc:336: Error reporting task backlog information: IOError: 
[2022-01-10 14:07:29,024 I 14610 14928] raylet_client.cc:336: Error reporting task backlog information: IOError: 
[2022-01-10 14:07:30,024 I 14610 14928] raylet_client.cc:336: Error reporting task backlog information: IOError: 
[2022-01-10 14:07:31,024 I 14610 14928] raylet_client.cc:336: Error reporting task backlog information: IOError: 
[2022-01-10 14:07:32,024 I 14610 14928] raylet_client.cc:336: Error reporting task backlog information: IOError: 
[2022-01-10 14:07:33,024 I 14610 14928] raylet_client.cc:336: Error reporting task backlog information: IOError: 
[2022-01-10 14:07:33,130 W 14610 14929] metric_exporter.cc:206: Export metrics to agent failed: IOError: . This won't affect Ray, but you can lose metrics from the cluster.
[2022-01-10 14:07:34,024 I 14610 14928] raylet_client.cc:336: Error reporting task backlog information: IOError: 
[2022-01-10 14:07:35,024 I 14610 14928] raylet_client.cc:336: Error reporting task backlog information: IOError: 
[2022-01-10 14:07:36,024 I 14610 14928] raylet_client.cc:336: Error reporting task backlog information: IOError: 
[2022-01-10 14:07:37,025 I 14610 14928] raylet_client.cc:336: Error reporting task backlog information: IOError: 
[2022-01-10 14:07:38,025 I 14610 14928] raylet_client.cc:336: Error reporting task backlog information: IOError: 
[2022-01-10 14:07:39,025 I 14610 14928] raylet_client.cc:336: Error reporting task backlog information: IOError: 
[2022-01-10 14:07:40,025 I 14610 14928] raylet_client.cc:336: Error reporting task backlog information: IOError: 
[2022-01-10 14:07:41,025 I 14610 14928] raylet_client.cc:336: Error reporting task backlog information: IOError: 
[2022-01-10 14:07:42,026 I 14610 14928] raylet_client.cc:336: Error reporting task backlog information: IOError: 
[2022-01-10 14:07:43,026 I 14610 14928] raylet_client.cc:336: Error reporting task backlog information: IOError: 
[2022-01-10 14:07:43,138 W 14610 14929] metric_exporter.cc:206: Export metrics to agent failed: IOError: . This won't affect Ray, but you can lose metrics from the cluster.
[2022-01-10 14:07:44,026 I 14610 14928] raylet_client.cc:336: Error reporting task backlog information: IOError: 
[2022-01-10 14:07:45,026 I 14610 14928] raylet_client.cc:336: Error reporting task backlog information: IOError: 
[2022-01-10 14:07:46,026 I 14610 14928] raylet_client.cc:336: Error reporting task backlog information: IOError: 
[2022-01-10 14:07:47,026 I 14610 14928] raylet_client.cc:336: Error reporting task backlog information: IOError: 
[2022-01-10 14:07:48,026 I 14610 14928] raylet_client.cc:336: Error reporting task backlog information: IOError: 
[2022-01-10 14:07:49,026 I 14610 14928] raylet_client.cc:336: Error reporting task backlog information: IOError: 
[2022-01-10 14:07:50,026 I 14610 14928] raylet_client.cc:336: Error reporting task backlog information: IOError: 
[2022-01-10 14:07:51,026 I 14610 14928] raylet_client.cc:336: Error reporting task backlog information: IOError: 
[2022-01-10 14:07:52,026 I 14610 14928] raylet_client.cc:336: Error reporting task backlog information: IOError: 
[2022-01-10 14:07:53,026 I 14610 14928] raylet_client.cc:336: Error reporting task backlog information: IOError: 
[2022-01-10 14:07:53,144 W 14610 14929] metric_exporter.cc:206: Export metrics to agent failed: IOError: . This won't affect Ray, but you can lose metrics from the cluster.
[2022-01-10 14:07:54,026 I 14610 14928] raylet_client.cc:336: Error reporting task backlog information: IOError: 
[2022-01-10 14:07:55,026 I 14610 14928] raylet_client.cc:336: Error reporting task backlog information: IOError: 
[2022-01-10 14:07:56,027 I 14610 14928] raylet_client.cc:336: Error reporting task backlog information: IOError: 
[2022-01-10 14:07:57,027 I 14610 14928] raylet_client.cc:336: Error reporting task backlog information: IOError: 
[2022-01-10 14:07:58,027 I 14610 14928] raylet_client.cc:336: Error reporting task backlog information: IOError: 
[2022-01-10 14:07:59,027 I 14610 14928] raylet_client.cc:336: Error reporting task backlog information: IOError: 
[2022-01-10 14:08:00,027 I 14610 14928] raylet_client.cc:336: Error reporting task backlog information: IOError: 
[2022-01-10 14:08:01,027 I 14610 14928] raylet_client.cc:336: Error reporting task backlog information: IOError: 
[2022-01-10 14:08:02,027 I 14610 14928] raylet_client.cc:336: Error reporting task backlog information: IOError: 
[2022-01-10 14:08:03,027 I 14610 14928] raylet_client.cc:336: Error reporting task backlog information: IOError: 
[2022-01-10 14:08:03,157 W 14610 14929] metric_exporter.cc:206: Export metrics to agent failed: IOError: . This won't affect Ray, but you can lose metrics from the cluster.
[2022-01-10 14:08:04,027 I 14610 14928] raylet_client.cc:336: Error reporting task backlog information: IOError: 
[2022-01-10 14:08:05,027 I 14610 14928] raylet_client.cc:336: Error reporting task backlog information: IOError: 
[2022-01-10 14:08:06,027 I 14610 14928] raylet_client.cc:336: Error reporting task backlog information: IOError: 
[2022-01-10 14:08:07,027 I 14610 14928] raylet_client.cc:336: Error reporting task backlog information: IOError: 
[2022-01-10 14:08:08,028 I 14610 14928] raylet_client.cc:336: Error reporting task backlog information: IOError: 
[2022-01-10 14:08:09,028 I 14610 14928] raylet_client.cc:336: Error reporting task backlog information: IOError: 
[2022-01-10 14:08:10,028 I 14610 14928] raylet_client.cc:336: Error reporting task backlog information: IOError: 
[2022-01-10 14:08:11,028 I 14610 14928] raylet_client.cc:336: Error reporting task backlog information: IOError: 
[2022-01-10 14:08:12,028 I 14610 14928] raylet_client.cc:336: Error reporting task backlog information: IOError: 
[2022-01-10 14:08:13,028 I 14610 14928] raylet_client.cc:336: Error reporting task backlog information: IOError: 
[2022-01-10 14:08:13,163 W 14610 14929] metric_exporter.cc:206: Export metrics to agent failed: IOError: . This won't affect Ray, but you can lose metrics from the cluster.
[2022-01-10 14:08:14,028 I 14610 14928] raylet_client.cc:336: Error reporting task backlog information: IOError: 
[2022-01-10 14:08:15,028 I 14610 14928] raylet_client.cc:336: Error reporting task backlog information: IOError: 
[2022-01-10 14:08:16,028 I 14610 14928] raylet_client.cc:336: Error reporting task backlog information: IOError: 
[2022-01-10 14:08:17,028 I 14610 14928] raylet_client.cc:336: Error reporting task backlog information: IOError: 
[2022-01-10 14:08:18,028 I 14610 14928] raylet_client.cc:336: Error reporting task backlog information: IOError: 
[2022-01-10 14:08:19,028 I 14610 14928] raylet_client.cc:336: Error reporting task backlog information: IOError: 
[2022-01-10 14:08:20,029 I 14610 14928] raylet_client.cc:336: Error reporting task backlog information: IOError: 
[2022-01-10 14:08:21,029 I 14610 14928] raylet_client.cc:336: Error reporting task backlog information: IOError: 
[2022-01-10 14:08:22,029 I 14610 14928] raylet_client.cc:336: Error reporting task backlog information: IOError: 
[2022-01-10 14:08:23,029 I 14610 14928] raylet_client.cc:336: Error reporting task backlog information: IOError: 
[2022-01-10 14:08:23,174 W 14610 14929] metric_exporter.cc:206: Export metrics to agent failed: IOError: . This won't affect Ray, but you can lose metrics from the cluster.
[2022-01-10 14:08:24,029 I 14610 14928] raylet_client.cc:336: Error reporting task backlog information: IOError: 
[2022-01-10 14:08:25,029 I 14610 14928] raylet_client.cc:336: Error reporting task backlog information: IOError: 
[2022-01-10 14:08:26,029 I 14610 14928] raylet_client.cc:336: Error reporting task backlog information: IOError: 
[2022-01-10 14:08:27,029 I 14610 14928] raylet_client.cc:336: Error reporting task backlog information: IOError: 
[2022-01-10 14:08:28,029 I 14610 14928] raylet_client.cc:336: Error reporting task backlog information: IOError: 
[2022-01-10 14:08:29,029 I 14610 14928] raylet_client.cc:336: Error reporting task backlog information: IOError: 
[2022-01-10 14:08:30,029 I 14610 14928] raylet_client.cc:336: Error reporting task backlog information: IOError: 
[2022-01-10 14:08:31,029 I 14610 14928] raylet_client.cc:336: Error reporting task backlog information: IOError: 
[2022-01-10 14:08:32,029 I 14610 14928] raylet_client.cc:336: Error reporting task backlog information: IOError: 
[2022-01-10 14:08:33,030 I 14610 14928] raylet_client.cc:336: Error reporting task backlog information: IOError: 
[2022-01-10 14:08:33,180 W 14610 14929] metric_exporter.cc:206: Export metrics to agent failed: IOError: . This won't affect Ray, but you can lose metrics from the cluster.
[2022-01-10 14:08:34,030 I 14610 14928] raylet_client.cc:336: Error reporting task backlog information: IOError: 
[2022-01-10 14:08:35,030 I 14610 14928] raylet_client.cc:336: Error reporting task backlog information: IOError: 
[2022-01-10 14:08:36,030 I 14610 14928] raylet_client.cc:336: Error reporting task backlog information: IOError: 
[2022-01-10 14:08:37,030 I 14610 14928] raylet_client.cc:336: Error reporting task backlog information: IOError: 
[2022-01-10 14:08:38,030 I 14610 14928] raylet_client.cc:336: Error reporting task backlog information: IOError: 
[2022-01-10 14:08:39,030 I 14610 14928] raylet_client.cc:336: Error reporting task backlog information: IOError: 
[2022-01-10 14:08:40,030 I 14610 14928] raylet_client.cc:336: Error reporting task backlog information: IOError: 
[2022-01-10 14:08:41,030 I 14610 14928] raylet_client.cc:336: Error reporting task backlog information: IOError: 
[2022-01-10 14:08:42,030 I 14610 14928] raylet_client.cc:336: Error reporting task backlog information: IOError: 
[2022-01-10 14:08:43,031 I 14610 14928] raylet_client.cc:336: Error reporting task backlog information: IOError: 
[2022-01-10 14:08:43,187 W 14610 14929] metric_exporter.cc:206: Export metrics to agent failed: IOError: . This won't affect Ray, but you can lose metrics from the cluster.
[2022-01-10 14:08:44,031 I 14610 14928] raylet_client.cc:336: Error reporting task backlog information: IOError: 
[2022-01-10 14:08:45,031 I 14610 14928] raylet_client.cc:336: Error reporting task backlog information: IOError: 
[2022-01-10 14:08:46,031 I 14610 14928] raylet_client.cc:336: Error reporting task backlog information: IOError: 
[2022-01-10 14:08:47,031 I 14610 14928] raylet_client.cc:336: Error reporting task backlog information: IOError: 
[2022-01-10 14:08:48,031 I 14610 14928] raylet_client.cc:336: Error reporting task backlog information: IOError: 
[2022-01-10 14:08:49,031 I 14610 14928] raylet_client.cc:336: Error reporting task backlog information: IOError: 
[2022-01-10 14:08:50,031 I 14610 14928] raylet_client.cc:336: Error reporting task backlog information: IOError: 
[2022-01-10 14:08:51,031 I 14610 14928] raylet_client.cc:336: Error reporting task backlog information: IOError: 
[2022-01-10 14:08:52,031 I 14610 14928] raylet_client.cc:336: Error reporting task backlog information: IOError: 
[2022-01-10 14:08:53,031 I 14610 14928] raylet_client.cc:336: Error reporting task backlog information: IOError: 
[2022-01-10 14:08:53,193 W 14610 14929] metric_exporter.cc:206: Export metrics to agent failed: IOError: . This won't affect Ray, but you can lose metrics from the cluster.
[2022-01-10 14:08:54,032 I 14610 14928] raylet_client.cc:336: Error reporting task backlog information: IOError: 
[2022-01-10 14:08:55,032 I 14610 14928] raylet_client.cc:336: Error reporting task backlog information: IOError: 
[2022-01-10 14:08:56,032 I 14610 14928] raylet_client.cc:336: Error reporting task backlog information: IOError: 
[2022-01-10 14:08:57,032 I 14610 14928] raylet_client.cc:336: Error reporting task backlog information: IOError: 
[2022-01-10 14:08:58,032 I 14610 14928] raylet_client.cc:336: Error reporting task backlog information: IOError: 
[2022-01-10 14:08:59,032 I 14610 14928] raylet_client.cc:336: Error reporting task backlog information: IOError: 
[2022-01-10 14:09:00,032 I 14610 14928] raylet_client.cc:336: Error reporting task backlog information: IOError: 
[2022-01-10 14:09:01,032 I 14610 14928] raylet_client.cc:336: Error reporting task backlog information: IOError: 
[2022-01-10 14:09:02,032 I 14610 14928] raylet_client.cc:336: Error reporting task backlog information: IOError: 
[2022-01-10 14:09:03,032 I 14610 14928] raylet_client.cc:336: Error reporting task backlog information: IOError: 
[2022-01-10 14:09:03,202 W 14610 14929] metric_exporter.cc:206: Export metrics to agent failed: IOError: . This won't affect Ray, but you can lose metrics from the cluster.
[2022-01-10 14:09:04,032 I 14610 14928] raylet_client.cc:336: Error reporting task backlog information: IOError: 
[2022-01-10 14:09:05,033 I 14610 14928] raylet_client.cc:336: Error reporting task backlog information: IOError: 
[2022-01-10 14:09:06,033 I 14610 14928] raylet_client.cc:336: Error reporting task backlog information: IOError: 
[2022-01-10 14:09:07,033 I 14610 14928] raylet_client.cc:336: Error reporting task backlog information: IOError: 
[2022-01-10 14:09:08,033 I 14610 14928] raylet_client.cc:336: Error reporting task backlog information: IOError: 
[2022-01-10 14:09:09,033 I 14610 14928] raylet_client.cc:336: Error reporting task backlog information: IOError: 
[2022-01-10 14:09:10,033 I 14610 14928] raylet_client.cc:336: Error reporting task backlog information: IOError: 
[2022-01-10 14:09:11,033 I 14610 14928] raylet_client.cc:336: Error reporting task backlog information: IOError: 
[2022-01-10 14:09:12,033 I 14610 14928] raylet_client.cc:336: Error reporting task backlog information: IOError: 
[2022-01-10 14:09:13,033 I 14610 14928] raylet_client.cc:336: Error reporting task backlog information: IOError: 
[2022-01-10 14:09:13,217 W 14610 14929] metric_exporter.cc:206: Export metrics to agent failed: IOError: . This won't affect Ray, but you can lose metrics from the cluster.
[2022-01-10 14:09:14,033 I 14610 14928] raylet_client.cc:336: Error reporting task backlog information: IOError: 
[2022-01-10 14:09:15,033 I 14610 14928] raylet_client.cc:336: Error reporting task backlog information: IOError: 
[2022-01-10 14:09:16,033 I 14610 14928] raylet_client.cc:336: Error reporting task backlog information: IOError: 
[2022-01-10 14:09:17,034 I 14610 14928] raylet_client.cc:336: Error reporting task backlog information: IOError: 
[2022-01-10 14:09:18,034 I 14610 14928] raylet_client.cc:336: Error reporting task backlog information: IOError: 
[2022-01-10 14:09:19,034 I 14610 14928] raylet_client.cc:336: Error reporting task backlog information: IOError: 
[2022-01-10 14:09:20,034 I 14610 14928] raylet_client.cc:336: Error reporting task backlog information: IOError: 
[2022-01-10 14:09:21,034 I 14610 14928] raylet_client.cc:336: Error reporting task backlog information: IOError: 
[2022-01-10 14:09:22,034 I 14610 14928] raylet_client.cc:336: Error reporting task backlog information: IOError: 
[2022-01-10 14:09:23,034 I 14610 14928] raylet_client.cc:336: Error reporting task backlog information: IOError: 
[2022-01-10 14:09:23,228 W 14610 14929] metric_exporter.cc:206: Export metrics to agent failed: IOError: . This won't affect Ray, but you can lose metrics from the cluster.
[2022-01-10 14:09:24,034 I 14610 14928] raylet_client.cc:336: Error reporting task backlog information: IOError: 
[2022-01-10 14:09:25,034 I 14610 14928] raylet_client.cc:336: Error reporting task backlog information: IOError: 
[2022-01-10 14:09:26,034 I 14610 14928] raylet_client.cc:336: Error reporting task backlog information: IOError: 
[2022-01-10 14:09:27,034 I 14610 14928] raylet_client.cc:336: Error reporting task backlog information: IOError: 
[2022-01-10 14:09:28,035 I 14610 14928] raylet_client.cc:336: Error reporting task backlog information: IOError: 
[2022-01-10 14:09:29,035 I 14610 14928] raylet_client.cc:336: Error reporting task backlog information: IOError: 
[2022-01-10 14:09:30,035 I 14610 14928] raylet_client.cc:336: Error reporting task backlog information: IOError: 
[2022-01-10 14:09:31,035 I 14610 14928] raylet_client.cc:336: Error reporting task backlog information: IOError: 
[2022-01-10 14:09:32,035 I 14610 14928] raylet_client.cc:336: Error reporting task backlog information: IOError: 
[2022-01-10 14:09:33,035 I 14610 14928] raylet_client.cc:336: Error reporting task backlog information: IOError: 
[2022-01-10 14:09:33,238 W 14610 14929] metric_exporter.cc:206: Export metrics to agent failed: IOError: . This won't affect Ray, but you can lose metrics from the cluster.
[2022-01-10 14:09:34,035 I 14610 14928] raylet_client.cc:336: Error reporting task backlog information: IOError: 
[2022-01-10 14:09:35,035 I 14610 14928] raylet_client.cc:336: Error reporting task backlog information: IOError: 
[2022-01-10 14:09:36,035 I 14610 14928] raylet_client.cc:336: Error reporting task backlog information: IOError: 
[2022-01-10 14:09:37,035 I 14610 14928] raylet_client.cc:336: Error reporting task backlog information: IOError: 
[2022-01-10 14:09:38,035 I 14610 14928] raylet_client.cc:336: Error reporting task backlog information: IOError: 
[2022-01-10 14:09:39,035 I 14610 14928] raylet_client.cc:336: Error reporting task backlog information: IOError: 
[2022-01-10 14:09:40,036 I 14610 14928] raylet_client.cc:336: Error reporting task backlog information: IOError: 
[2022-01-10 14:09:41,036 I 14610 14928] raylet_client.cc:336: Error reporting task backlog information: IOError: 
[2022-01-10 14:09:42,036 I 14610 14928] raylet_client.cc:336: Error reporting task backlog information: IOError: 
[2022-01-10 14:09:43,036 I 14610 14928] raylet_client.cc:336: Error reporting task backlog information: IOError: 
[2022-01-10 14:09:43,245 W 14610 14929] metric_exporter.cc:206: Export metrics to agent failed: IOError: . This won't affect Ray, but you can lose metrics from the cluster.
[2022-01-10 14:09:44,036 I 14610 14928] raylet_client.cc:336: Error reporting task backlog information: IOError: 
[2022-01-10 14:09:45,036 I 14610 14928] raylet_client.cc:336: Error reporting task backlog information: IOError: 
[2022-01-10 14:09:46,036 I 14610 14928] raylet_client.cc:336: Error reporting task backlog information: IOError: 
[2022-01-10 14:09:47,036 I 14610 14928] raylet_client.cc:336: Error reporting task backlog information: IOError: 
[2022-01-10 14:09:48,036 I 14610 14928] raylet_client.cc:336: Error reporting task backlog information: IOError: 
[2022-01-10 14:09:49,036 I 14610 14928] raylet_client.cc:336: Error reporting task backlog information: IOError: 
[2022-01-10 14:09:50,036 I 14610 14928] raylet_client.cc:336: Error reporting task backlog information: IOError: 
[2022-01-10 14:09:51,036 I 14610 14928] raylet_client.cc:336: Error reporting task backlog information: IOError: 
[2022-01-10 14:09:52,037 I 14610 14928] raylet_client.cc:336: Error reporting task backlog information: IOError: 
[2022-01-10 14:09:53,037 I 14610 14928] raylet_client.cc:336: Error reporting task backlog information: IOError: 
[2022-01-10 14:09:53,251 W 14610 14929] metric_exporter.cc:206: Export metrics to agent failed: IOError: . This won't affect Ray, but you can lose metrics from the cluster.
[2022-01-10 14:09:54,037 I 14610 14928] raylet_client.cc:336: Error reporting task backlog information: IOError: 
[2022-01-10 14:09:55,037 I 14610 14928] raylet_client.cc:336: Error reporting task backlog information: IOError: 
[2022-01-10 14:09:56,037 I 14610 14928] raylet_client.cc:336: Error reporting task backlog information: IOError: 
[2022-01-10 14:09:57,037 I 14610 14928] raylet_client.cc:336: Error reporting task backlog information: IOError: 
[2022-01-10 14:09:58,037 I 14610 14928] raylet_client.cc:336: Error reporting task backlog information: IOError: 
[2022-01-10 14:09:59,037 I 14610 14928] raylet_client.cc:336: Error reporting task backlog information: IOError: 
[2022-01-10 14:10:00,037 I 14610 14928] raylet_client.cc:336: Error reporting task backlog information: IOError: 
[2022-01-10 14:10:01,037 I 14610 14928] raylet_client.cc:336: Error reporting task backlog information: IOError: 
[2022-01-10 14:10:02,037 I 14610 14928] raylet_client.cc:336: Error reporting task backlog information: IOError: 
[2022-01-10 14:10:03,038 I 14610 14928] raylet_client.cc:336: Error reporting task backlog information: IOError: 
[2022-01-10 14:10:03,260 W 14610 14929] metric_exporter.cc:206: Export metrics to agent failed: IOError: . This won't affect Ray, but you can lose metrics from the cluster.
[2022-01-10 14:10:04,038 I 14610 14928] raylet_client.cc:336: Error reporting task backlog information: IOError: 
[2022-01-10 14:10:05,038 I 14610 14928] raylet_client.cc:336: Error reporting task backlog information: IOError: 
[2022-01-10 14:10:06,038 I 14610 14928] raylet_client.cc:336: Error reporting task backlog information: IOError: 
[2022-01-10 14:10:07,038 I 14610 14928] raylet_client.cc:336: Error reporting task backlog information: IOError: 
[2022-01-10 14:10:08,038 I 14610 14928] raylet_client.cc:336: Error reporting task backlog information: IOError: 
[2022-01-10 14:10:09,038 I 14610 14928] raylet_client.cc:336: Error reporting task backlog information: IOError: 
[2022-01-10 14:10:10,038 I 14610 14928] raylet_client.cc:336: Error reporting task backlog information: IOError: 
[2022-01-10 14:10:11,038 I 14610 14928] raylet_client.cc:336: Error reporting task backlog information: IOError: 
[2022-01-10 14:10:12,038 I 14610 14928] raylet_client.cc:336: Error reporting task backlog information: IOError: 
[2022-01-10 14:10:13,038 I 14610 14928] raylet_client.cc:336: Error reporting task backlog information: IOError: 
[2022-01-10 14:10:13,268 W 14610 14929] metric_exporter.cc:206: Export metrics to agent failed: IOError: . This won't affect Ray, but you can lose metrics from the cluster.
[2022-01-10 14:10:14,038 I 14610 14928] raylet_client.cc:336: Error reporting task backlog information: IOError: 
[2022-01-10 14:10:15,043 I 14610 14928] raylet_client.cc:336: Error reporting task backlog information: IOError: 
[2022-01-10 14:10:16,043 I 14610 14928] raylet_client.cc:336: Error reporting task backlog information: IOError: 
[2022-01-10 14:10:17,043 I 14610 14928] raylet_client.cc:336: Error reporting task backlog information: IOError: 
[2022-01-10 14:10:18,044 I 14610 14928] raylet_client.cc:336: Error reporting task backlog information: IOError: 
[2022-01-10 14:10:19,044 I 14610 14928] raylet_client.cc:336: Error reporting task backlog information: IOError: 
[2022-01-10 14:10:20,044 I 14610 14928] raylet_client.cc:336: Error reporting task backlog information: IOError: 
[2022-01-10 14:10:21,044 I 14610 14928] raylet_client.cc:336: Error reporting task backlog information: IOError: 
[2022-01-10 14:10:22,044 I 14610 14928] raylet_client.cc:336: Error reporting task backlog information: IOError: 
[2022-01-10 14:10:23,044 I 14610 14928] raylet_client.cc:336: Error reporting task backlog information: IOError: 
[2022-01-10 14:10:23,275 W 14610 14929] metric_exporter.cc:206: Export metrics to agent failed: IOError: . This won't affect Ray, but you can lose metrics from the cluster.
[2022-01-10 14:10:24,044 I 14610 14928] raylet_client.cc:336: Error reporting task backlog information: IOError: 
[2022-01-10 14:10:25,044 I 14610 14928] raylet_client.cc:336: Error reporting task backlog information: IOError: 
[2022-01-10 14:10:26,044 I 14610 14928] raylet_client.cc:336: Error reporting task backlog information: IOError: 
[2022-01-10 14:10:27,044 I 14610 14928] raylet_client.cc:336: Error reporting task backlog information: IOError: 
[2022-01-10 14:10:28,044 I 14610 14928] raylet_client.cc:336: Error reporting task backlog information: IOError: 
[2022-01-10 14:10:29,044 I 14610 14928] raylet_client.cc:336: Error reporting task backlog information: IOError: 
[2022-01-10 14:10:30,044 I 14610 14928] raylet_client.cc:336: Error reporting task backlog information: IOError: 
[2022-01-10 14:10:31,045 I 14610 14928] raylet_client.cc:336: Error reporting task backlog information: IOError: 
[2022-01-10 14:10:32,045 I 14610 14928] raylet_client.cc:336: Error reporting task backlog information: IOError: 
[2022-01-10 14:10:33,045 I 14610 14928] raylet_client.cc:336: Error reporting task backlog information: IOError: 
[2022-01-10 14:10:33,282 W 14610 14929] metric_exporter.cc:206: Export metrics to agent failed: IOError: . This won't affect Ray, but you can lose metrics from the cluster.
[2022-01-10 14:10:34,045 I 14610 14928] raylet_client.cc:336: Error reporting task backlog information: IOError: 
[2022-01-10 14:10:35,045 I 14610 14928] raylet_client.cc:336: Error reporting task backlog information: IOError: 
[2022-01-10 14:10:36,045 I 14610 14928] raylet_client.cc:336: Error reporting task backlog information: IOError: 
[2022-01-10 14:10:37,045 I 14610 14928] raylet_client.cc:336: Error reporting task backlog information: IOError: 
[2022-01-10 14:10:38,045 I 14610 14928] raylet_client.cc:336: Error reporting task backlog information: IOError: 
[2022-01-10 14:10:39,045 I 14610 14928] raylet_client.cc:336: Error reporting task backlog information: IOError: 
[2022-01-10 14:10:40,045 I 14610 14928] raylet_client.cc:336: Error reporting task backlog information: IOError: 
[2022-01-10 14:10:41,045 I 14610 14928] raylet_client.cc:336: Error reporting task backlog information: IOError: 
[2022-01-10 14:10:42,045 I 14610 14928] raylet_client.cc:336: Error reporting task backlog information: IOError: 
[2022-01-10 14:10:43,045 I 14610 14928] raylet_client.cc:336: Error reporting task backlog information: IOError: 
[2022-01-10 14:10:43,289 W 14610 14929] metric_exporter.cc:206: Export metrics to agent failed: IOError: . This won't affect Ray, but you can lose metrics from the cluster.
[2022-01-10 14:10:44,046 I 14610 14928] raylet_client.cc:336: Error reporting task backlog information: IOError: 
[2022-01-10 14:10:45,046 I 14610 14928] raylet_client.cc:336: Error reporting task backlog information: IOError: 
[2022-01-10 14:10:46,046 I 14610 14928] raylet_client.cc:336: Error reporting task backlog information: IOError: 
[2022-01-10 14:10:47,046 I 14610 14928] raylet_client.cc:336: Error reporting task backlog information: IOError: 
[2022-01-10 14:10:48,046 I 14610 14928] raylet_client.cc:336: Error reporting task backlog information: IOError: 
[2022-01-10 14:10:49,046 I 14610 14928] raylet_client.cc:336: Error reporting task backlog information: IOError: 
[2022-01-10 14:10:50,046 I 14610 14928] raylet_client.cc:336: Error reporting task backlog information: IOError: 
[2022-01-10 14:10:50,895 W 14610 14815] gcs_server_address_updater.cc:61: [301] Failed to get the gcs server address from raylet 301 times in a row. If it keeps failing to obtain the address, the worker might crash. Connection status IOError: 
[2022-01-10 14:10:51,046 I 14610 14928] raylet_client.cc:336: Error reporting task backlog information: IOError: 
[2022-01-10 14:10:52,046 I 14610 14928] raylet_client.cc:336: Error reporting task backlog information: IOError: 
[2022-01-10 14:10:53,046 I 14610 14928] raylet_client.cc:336: Error reporting task backlog information: IOError: 
[2022-01-10 14:10:53,295 W 14610 14929] metric_exporter.cc:206: Export metrics to agent failed: IOError: . This won't affect Ray, but you can lose metrics from the cluster.
[2022-01-10 14:10:54,047 I 14610 14928] raylet_client.cc:336: Error reporting task backlog information: IOError: 
[2022-01-10 14:10:55,047 I 14610 14928] raylet_client.cc:336: Error reporting task backlog information: IOError: 
[2022-01-10 14:10:56,047 I 14610 14928] raylet_client.cc:336: Error reporting task backlog information: IOError: 
[2022-01-10 14:10:57,047 I 14610 14928] raylet_client.cc:336: Error reporting task backlog information: IOError: 
[2022-01-10 14:10:58,047 I 14610 14928] raylet_client.cc:336: Error reporting task backlog information: IOError: 
[2022-01-10 14:10:59,047 I 14610 14928] raylet_client.cc:336: Error reporting task backlog information: IOError: 
[2022-01-10 14:11:00,047 I 14610 14928] raylet_client.cc:336: Error reporting task backlog information: IOError: 
[2022-01-10 14:11:01,047 I 14610 14928] raylet_client.cc:336: Error reporting task backlog information: IOError: 
[2022-01-10 14:11:02,047 I 14610 14928] raylet_client.cc:336: Error reporting task backlog information: IOError: 
[2022-01-10 14:11:03,047 I 14610 14928] raylet_client.cc:336: Error reporting task backlog information: IOError: 
[2022-01-10 14:11:03,302 W 14610 14929] metric_exporter.cc:206: Export metrics to agent failed: IOError: . This won't affect Ray, but you can lose metrics from the cluster.
[2022-01-10 14:11:04,047 I 14610 14928] raylet_client.cc:336: Error reporting task backlog information: IOError: 
[2022-01-10 14:11:05,047 I 14610 14928] raylet_client.cc:336: Error reporting task backlog information: IOError: 
[2022-01-10 14:11:06,047 I 14610 14928] raylet_client.cc:336: Error reporting task backlog information: IOError: 
[2022-01-10 14:11:07,047 I 14610 14928] raylet_client.cc:336: Error reporting task backlog information: IOError: 
[2022-01-10 14:11:08,048 I 14610 14928] raylet_client.cc:336: Error reporting task backlog information: IOError: 
[2022-01-10 14:11:09,048 I 14610 14928] raylet_client.cc:336: Error reporting task backlog information: IOError: 
[2022-01-10 14:11:10,048 I 14610 14928] raylet_client.cc:336: Error reporting task backlog information: IOError: 
[2022-01-10 14:11:11,048 I 14610 14928] raylet_client.cc:336: Error reporting task backlog information: IOError: 
[2022-01-10 14:11:12,048 I 14610 14928] raylet_client.cc:336: Error reporting task backlog information: IOError: 
[2022-01-10 14:11:13,048 I 14610 14928] raylet_client.cc:336: Error reporting task backlog information: IOError: 
[2022-01-10 14:11:13,309 W 14610 14929] metric_exporter.cc:206: Export metrics to agent failed: IOError: . This won't affect Ray, but you can lose metrics from the cluster.
[2022-01-10 14:11:14,048 I 14610 14928] raylet_client.cc:336: Error reporting task backlog information: IOError: 
[2022-01-10 14:11:15,048 I 14610 14928] raylet_client.cc:336: Error reporting task backlog information: IOError: 
[2022-01-10 14:11:16,048 I 14610 14928] raylet_client.cc:336: Error reporting task backlog information: IOError: 
[2022-01-10 14:11:17,048 I 14610 14928] raylet_client.cc:336: Error reporting task backlog information: IOError: 
[2022-01-10 14:11:18,048 I 14610 14928] raylet_client.cc:336: Error reporting task backlog information: IOError: 
[2022-01-10 14:11:19,048 I 14610 14928] raylet_client.cc:336: Error reporting task backlog information: IOError: 
[2022-01-10 14:11:20,048 I 14610 14928] raylet_client.cc:336: Error reporting task backlog information: IOError: 
[2022-01-10 14:11:21,049 I 14610 14928] raylet_client.cc:336: Error reporting task backlog information: IOError: 
[2022-01-10 14:11:22,049 I 14610 14928] raylet_client.cc:336: Error reporting task backlog information: IOError: 
[2022-01-10 14:11:23,049 I 14610 14928] raylet_client.cc:336: Error reporting task backlog information: IOError: 
[2022-01-10 14:11:23,315 W 14610 14929] metric_exporter.cc:206: Export metrics to agent failed: IOError: . This won't affect Ray, but you can lose metrics from the cluster.
[2022-01-10 14:11:24,049 I 14610 14928] raylet_client.cc:336: Error reporting task backlog information: IOError: 
[2022-01-10 14:11:25,049 I 14610 14928] raylet_client.cc:336: Error reporting task backlog information: IOError: 
[2022-01-10 14:11:26,049 I 14610 14928] raylet_client.cc:336: Error reporting task backlog information: IOError: 
[2022-01-10 14:11:27,049 I 14610 14928] raylet_client.cc:336: Error reporting task backlog information: IOError: 
[2022-01-10 14:11:28,049 I 14610 14928] raylet_client.cc:336: Error reporting task backlog information: IOError: 
[2022-01-10 14:11:29,049 I 14610 14928] raylet_client.cc:336: Error reporting task backlog information: IOError: 
[2022-01-10 14:11:30,049 I 14610 14928] raylet_client.cc:336: Error reporting task backlog information: IOError: 
[2022-01-10 14:11:31,049 I 14610 14928] raylet_client.cc:336: Error reporting task backlog information: IOError: 
[2022-01-10 14:11:32,050 I 14610 14928] raylet_client.cc:336: Error reporting task backlog information: IOError: 
[2022-01-10 14:11:33,050 I 14610 14928] raylet_client.cc:336: Error reporting task backlog information: IOError: 
[2022-01-10 14:11:33,322 W 14610 14929] metric_exporter.cc:206: Export metrics to agent failed: IOError: . This won't affect Ray, but you can lose metrics from the cluster.
[2022-01-10 14:11:34,050 I 14610 14928] raylet_client.cc:336: Error reporting task backlog information: IOError: 
[2022-01-10 14:11:35,050 I 14610 14928] raylet_client.cc:336: Error reporting task backlog information: IOError: 
[2022-01-10 14:11:36,050 I 14610 14928] raylet_client.cc:336: Error reporting task backlog information: IOError: 
[2022-01-10 14:11:37,050 I 14610 14928] raylet_client.cc:336: Error reporting task backlog information: IOError: 
[2022-01-10 14:11:38,050 I 14610 14928] raylet_client.cc:336: Error reporting task backlog information: IOError: 
[2022-01-10 14:11:39,050 I 14610 14928] raylet_client.cc:336: Error reporting task backlog information: IOError: 
[2022-01-10 14:11:40,050 I 14610 14928] raylet_client.cc:336: Error reporting task backlog information: IOError: 
[2022-01-10 14:11:41,050 I 14610 14928] raylet_client.cc:336: Error reporting task backlog information: IOError: 
[2022-01-10 14:11:42,050 I 14610 14928] raylet_client.cc:336: Error reporting task backlog information: IOError: 
[2022-01-10 14:11:43,050 I 14610 14928] raylet_client.cc:336: Error reporting task backlog information: IOError: 
[2022-01-10 14:11:43,328 W 14610 14929] metric_exporter.cc:206: Export metrics to agent failed: IOError: . This won't affect Ray, but you can lose metrics from the cluster.
[2022-01-10 14:11:44,051 I 14610 14928] raylet_client.cc:336: Error reporting task backlog information: IOError: 
[2022-01-10 14:11:45,051 I 14610 14928] raylet_client.cc:336: Error reporting task backlog information: IOError: 
[2022-01-10 14:11:46,051 I 14610 14928] raylet_client.cc:336: Error reporting task backlog information: IOError: 
[2022-01-10 14:11:47,051 I 14610 14928] raylet_client.cc:336: Error reporting task backlog information: IOError: 
[2022-01-10 14:11:48,051 I 14610 14928] raylet_client.cc:336: Error reporting task backlog information: IOError: 
[2022-01-10 14:11:49,051 I 14610 14928] raylet_client.cc:336: Error reporting task backlog information: IOError: 
[2022-01-10 14:11:50,051 I 14610 14928] raylet_client.cc:336: Error reporting task backlog information: IOError: 
[2022-01-10 14:11:51,051 I 14610 14928] raylet_client.cc:336: Error reporting task backlog information: IOError: 
[2022-01-10 14:11:52,051 I 14610 14928] raylet_client.cc:336: Error reporting task backlog information: IOError: 
[2022-01-10 14:11:53,051 I 14610 14928] raylet_client.cc:336: Error reporting task backlog information: IOError: 
[2022-01-10 14:11:53,335 W 14610 14929] metric_exporter.cc:206: Export metrics to agent failed: IOError: . This won't affect Ray, but you can lose metrics from the cluster.
[2022-01-10 14:11:54,051 I 14610 14928] raylet_client.cc:336: Error reporting task backlog information: IOError: 
[2022-01-10 14:11:55,051 I 14610 14928] raylet_client.cc:336: Error reporting task backlog information: IOError: 
[2022-01-10 14:11:56,052 I 14610 14928] raylet_client.cc:336: Error reporting task backlog information: IOError: 
[2022-01-10 14:11:57,052 I 14610 14928] raylet_client.cc:336: Error reporting task backlog information: IOError: 
[2022-01-10 14:11:58,052 I 14610 14928] raylet_client.cc:336: Error reporting task backlog information: IOError: 
[2022-01-10 14:11:59,052 I 14610 14928] raylet_client.cc:336: Error reporting task backlog information: IOError: 
[2022-01-10 14:12:00,052 I 14610 14928] raylet_client.cc:336: Error reporting task backlog information: IOError: 
[2022-01-10 14:12:01,052 I 14610 14928] raylet_client.cc:336: Error reporting task backlog information: IOError: 
[2022-01-10 14:12:02,052 I 14610 14928] raylet_client.cc:336: Error reporting task backlog information: IOError: 
[2022-01-10 14:12:03,052 I 14610 14928] raylet_client.cc:336: Error reporting task backlog information: IOError: 
[2022-01-10 14:12:03,342 W 14610 14929] metric_exporter.cc:206: Export metrics to agent failed: IOError: . This won't affect Ray, but you can lose metrics from the cluster.
[2022-01-10 14:12:04,052 I 14610 14928] raylet_client.cc:336: Error reporting task backlog information: IOError: 
[2022-01-10 14:12:05,052 I 14610 14928] raylet_client.cc:336: Error reporting task backlog information: IOError: 
[2022-01-10 14:12:06,052 I 14610 14928] raylet_client.cc:336: Error reporting task backlog information: IOError: 
[2022-01-10 14:12:07,052 I 14610 14928] raylet_client.cc:336: Error reporting task backlog information: IOError: 
[2022-01-10 14:12:08,053 I 14610 14928] raylet_client.cc:336: Error reporting task backlog information: IOError: 
[2022-01-10 14:12:09,053 I 14610 14928] raylet_client.cc:336: Error reporting task backlog information: IOError: 
[2022-01-10 14:12:10,053 I 14610 14928] raylet_client.cc:336: Error reporting task backlog information: IOError: 
[2022-01-10 14:12:11,053 I 14610 14928] raylet_client.cc:336: Error reporting task backlog information: IOError: 
[2022-01-10 14:12:12,053 I 14610 14928] raylet_client.cc:336: Error reporting task backlog information: IOError: 
[2022-01-10 14:12:13,053 I 14610 14928] raylet_client.cc:336: Error reporting task backlog information: IOError: 
[2022-01-10 14:12:13,353 W 14610 14929] metric_exporter.cc:206: Export metrics to agent failed: IOError: . This won't affect Ray, but you can lose metrics from the cluster.
[2022-01-10 14:12:14,053 I 14610 14928] raylet_client.cc:336: Error reporting task backlog information: IOError: 
[2022-01-10 14:12:15,053 I 14610 14928] raylet_client.cc:336: Error reporting task backlog information: IOError: 
[2022-01-10 14:12:16,053 I 14610 14928] raylet_client.cc:336: Error reporting task backlog information: IOError: 
[2022-01-10 14:12:17,053 I 14610 14928] raylet_client.cc:336: Error reporting task backlog information: IOError: 
[2022-01-10 14:12:18,053 I 14610 14928] raylet_client.cc:336: Error reporting task backlog information: IOError: 
[2022-01-10 14:12:19,053 I 14610 14928] raylet_client.cc:336: Error reporting task backlog information: IOError: 
[2022-01-10 14:12:20,053 I 14610 14928] raylet_client.cc:336: Error reporting task backlog information: IOError: 
[2022-01-10 14:12:21,054 I 14610 14928] raylet_client.cc:336: Error reporting task backlog information: IOError: 
[2022-01-10 14:12:22,054 I 14610 14928] raylet_client.cc:336: Error reporting task backlog information: IOError: 
[2022-01-10 14:12:23,054 I 14610 14928] raylet_client.cc:336: Error reporting task backlog information: IOError: 
[2022-01-10 14:12:23,360 W 14610 14929] metric_exporter.cc:206: Export metrics to agent failed: IOError: . This won't affect Ray, but you can lose metrics from the cluster.
[2022-01-10 14:12:24,054 I 14610 14928] raylet_client.cc:336: Error reporting task backlog information: IOError: 
[2022-01-10 14:12:25,054 I 14610 14928] raylet_client.cc:336: Error reporting task backlog information: IOError: 
[2022-01-10 14:12:26,054 I 14610 14928] raylet_client.cc:336: Error reporting task backlog information: IOError: 
[2022-01-10 14:12:27,054 I 14610 14928] raylet_client.cc:336: Error reporting task backlog information: IOError: 
[2022-01-10 14:12:28,054 I 14610 14928] raylet_client.cc:336: Error reporting task backlog information: IOError: 
[2022-01-10 14:12:29,054 I 14610 14928] raylet_client.cc:336: Error reporting task backlog information: IOError: 
[2022-01-10 14:12:30,054 I 14610 14928] raylet_client.cc:336: Error reporting task backlog information: IOError: 
[2022-01-10 14:12:31,054 I 14610 14928] raylet_client.cc:336: Error reporting task backlog information: IOError: 
[2022-01-10 14:12:32,054 I 14610 14928] raylet_client.cc:336: Error reporting task backlog information: IOError: 
[2022-01-10 14:12:33,054 I 14610 14928] raylet_client.cc:336: Error reporting task backlog information: IOError: 
[2022-01-10 14:12:33,367 W 14610 14929] metric_exporter.cc:206: Export metrics to agent failed: IOError: . This won't affect Ray, but you can lose metrics from the cluster.
[2022-01-10 14:12:34,055 I 14610 14928] raylet_client.cc:336: Error reporting task backlog information: IOError: 
[2022-01-10 14:12:35,055 I 14610 14928] raylet_client.cc:336: Error reporting task backlog information: IOError: 
[2022-01-10 14:12:36,055 I 14610 14928] raylet_client.cc:336: Error reporting task backlog information: IOError: 
[2022-01-10 14:12:37,055 I 14610 14928] raylet_client.cc:336: Error reporting task backlog information: IOError: 
[2022-01-10 14:12:38,055 I 14610 14928] raylet_client.cc:336: Error reporting task backlog information: IOError: 
[2022-01-10 14:12:39,055 I 14610 14928] raylet_client.cc:336: Error reporting task backlog information: IOError: 
[2022-01-10 14:12:40,055 I 14610 14928] raylet_client.cc:336: Error reporting task backlog information: IOError: 
[2022-01-10 14:12:41,055 I 14610 14928] raylet_client.cc:336: Error reporting task backlog information: IOError: 
[2022-01-10 14:12:42,055 I 14610 14928] raylet_client.cc:336: Error reporting task backlog information: IOError: 
[2022-01-10 14:12:43,055 I 14610 14928] raylet_client.cc:336: Error reporting task backlog information: IOError: 
[2022-01-10 14:12:43,375 W 14610 14929] metric_exporter.cc:206: Export metrics to agent failed: IOError: . This won't affect Ray, but you can lose metrics from the cluster.
[2022-01-10 14:12:44,055 I 14610 14928] raylet_client.cc:336: Error reporting task backlog information: IOError: 
[2022-01-10 14:12:45,055 I 14610 14928] raylet_client.cc:336: Error reporting task backlog information: IOError: 
[2022-01-10 14:12:46,056 I 14610 14928] raylet_client.cc:336: Error reporting task backlog information: IOError: 
[2022-01-10 14:12:47,056 I 14610 14928] raylet_client.cc:336: Error reporting task backlog information: IOError: 
[2022-01-10 14:12:48,056 I 14610 14928] raylet_client.cc:336: Error reporting task backlog information: IOError: 
[2022-01-10 14:12:49,056 I 14610 14928] raylet_client.cc:336: Error reporting task backlog information: IOError: 
[2022-01-10 14:12:50,056 I 14610 14928] raylet_client.cc:336: Error reporting task backlog information: IOError: 
[2022-01-10 14:12:51,056 I 14610 14928] raylet_client.cc:336: Error reporting task backlog information: IOError: 
[2022-01-10 14:12:52,056 I 14610 14928] raylet_client.cc:336: Error reporting task backlog information: IOError: 
[2022-01-10 14:12:53,056 I 14610 14928] raylet_client.cc:336: Error reporting task backlog information: IOError: 
[2022-01-10 14:12:53,383 W 14610 14929] metric_exporter.cc:206: Export metrics to agent failed: IOError: . This won't affect Ray, but you can lose metrics from the cluster.
[2022-01-10 14:12:54,056 I 14610 14928] raylet_client.cc:336: Error reporting task backlog information: IOError: 
[2022-01-10 14:12:55,056 I 14610 14928] raylet_client.cc:336: Error reporting task backlog information: IOError: 
[2022-01-10 14:12:56,056 I 14610 14928] raylet_client.cc:336: Error reporting task backlog information: IOError: 
[2022-01-10 14:12:57,056 I 14610 14928] raylet_client.cc:336: Error reporting task backlog information: IOError: 
[2022-01-10 14:12:58,057 I 14610 14928] raylet_client.cc:336: Error reporting task backlog information: IOError: 
[2022-01-10 14:12:59,057 I 14610 14928] raylet_client.cc:336: Error reporting task backlog information: IOError: 
[2022-01-10 14:13:00,057 I 14610 14928] raylet_client.cc:336: Error reporting task backlog information: IOError: 
[2022-01-10 14:13:01,057 I 14610 14928] raylet_client.cc:336: Error reporting task backlog information: IOError: 
[2022-01-10 14:13:02,057 I 14610 14928] raylet_client.cc:336: Error reporting task backlog information: IOError: 
[2022-01-10 14:13:03,057 I 14610 14928] raylet_client.cc:336: Error reporting task backlog information: IOError: 
[2022-01-10 14:13:03,390 W 14610 14929] metric_exporter.cc:206: Export metrics to agent failed: IOError: . This won't affect Ray, but you can lose metrics from the cluster.
[2022-01-10 14:13:04,057 I 14610 14928] raylet_client.cc:336: Error reporting task backlog information: IOError: 
[2022-01-10 14:13:05,057 I 14610 14928] raylet_client.cc:336: Error reporting task backlog information: IOError: 
[2022-01-10 14:13:06,057 I 14610 14928] raylet_client.cc:336: Error reporting task backlog information: IOError: 
[2022-01-10 14:13:07,057 I 14610 14928] raylet_client.cc:336: Error reporting task backlog information: IOError: 
[2022-01-10 14:13:08,057 I 14610 14928] raylet_client.cc:336: Error reporting task backlog information: IOError: 
[2022-01-10 14:13:09,057 I 14610 14928] raylet_client.cc:336: Error reporting task backlog information: IOError: 
[2022-01-10 14:13:10,057 I 14610 14928] raylet_client.cc:336: Error reporting task backlog information: IOError: 
[2022-01-10 14:13:11,058 I 14610 14928] raylet_client.cc:336: Error reporting task backlog information: IOError: 
[2022-01-10 14:13:12,058 I 14610 14928] raylet_client.cc:336: Error reporting task backlog information: IOError: 
[2022-01-10 14:13:13,058 I 14610 14928] raylet_client.cc:336: Error reporting task backlog information: IOError: 
[2022-01-10 14:13:13,397 W 14610 14929] metric_exporter.cc:206: Export metrics to agent failed: IOError: . This won't affect Ray, but you can lose metrics from the cluster.
[2022-01-10 14:13:14,058 I 14610 14928] raylet_client.cc:336: Error reporting task backlog information: IOError: 
[2022-01-10 14:13:15,058 I 14610 14928] raylet_client.cc:336: Error reporting task backlog information: IOError: 
[2022-01-10 14:13:16,058 I 14610 14928] raylet_client.cc:336: Error reporting task backlog information: IOError: 
[2022-01-10 14:13:17,058 I 14610 14928] raylet_client.cc:336: Error reporting task backlog information: IOError: 
[2022-01-10 14:13:18,058 I 14610 14928] raylet_client.cc:336: Error reporting task backlog information: IOError: 
[2022-01-10 14:13:19,058 I 14610 14928] raylet_client.cc:336: Error reporting task backlog information: IOError: 
[2022-01-10 14:13:20,058 I 14610 14928] raylet_client.cc:336: Error reporting task backlog information: IOError: 
[2022-01-10 14:13:21,058 I 14610 14928] raylet_client.cc:336: Error reporting task backlog information: IOError: 
[2022-01-10 14:13:22,058 I 14610 14928] raylet_client.cc:336: Error reporting task backlog information: IOError: 
[2022-01-10 14:13:23,058 I 14610 14928] raylet_client.cc:336: Error reporting task backlog information: IOError: 
[2022-01-10 14:13:23,407 W 14610 14929] metric_exporter.cc:206: Export metrics to agent failed: IOError: . This won't affect Ray, but you can lose metrics from the cluster.
[2022-01-10 14:13:24,058 I 14610 14928] raylet_client.cc:336: Error reporting task backlog information: IOError: 
[2022-01-10 14:13:25,059 I 14610 14928] raylet_client.cc:336: Error reporting task backlog information: IOError: 
[2022-01-10 14:13:26,059 I 14610 14928] raylet_client.cc:336: Error reporting task backlog information: IOError: 
[2022-01-10 14:13:27,059 I 14610 14928] raylet_client.cc:336: Error reporting task backlog information: IOError: 
[2022-01-10 14:13:28,059 I 14610 14928] raylet_client.cc:336: Error reporting task backlog information: IOError: 
[2022-01-10 14:13:29,059 I 14610 14928] raylet_client.cc:336: Error reporting task backlog information: IOError: 
[2022-01-10 14:13:30,059 I 14610 14928] raylet_client.cc:336: Error reporting task backlog information: IOError: 
[2022-01-10 14:13:31,059 I 14610 14928] raylet_client.cc:336: Error reporting task backlog information: IOError: 
[2022-01-10 14:13:32,059 I 14610 14928] raylet_client.cc:336: Error reporting task backlog information: IOError: 
[2022-01-10 14:13:33,059 I 14610 14928] raylet_client.cc:336: Error reporting task backlog information: IOError: 
[2022-01-10 14:13:33,414 W 14610 14929] metric_exporter.cc:206: Export metrics to agent failed: IOError: . This won't affect Ray, but you can lose metrics from the cluster.
[2022-01-10 14:13:34,059 I 14610 14928] raylet_client.cc:336: Error reporting task backlog information: IOError: 
[2022-01-10 14:13:35,065 I 14610 14928] raylet_client.cc:336: Error reporting task backlog information: IOError: 
[2022-01-10 14:13:36,062 I 14610 14928] raylet_client.cc:336: Error reporting task backlog information: IOError: 
[2022-01-10 14:13:37,062 I 14610 14928] raylet_client.cc:336: Error reporting task backlog information: IOError: 
[2022-01-10 14:13:38,062 I 14610 14928] raylet_client.cc:336: Error reporting task backlog information: IOError: 
[2022-01-10 14:13:39,062 I 14610 14928] raylet_client.cc:336: Error reporting task backlog information: IOError: 
[2022-01-10 14:13:40,062 I 14610 14928] raylet_client.cc:336: Error reporting task backlog information: IOError: 
[2022-01-10 14:13:41,062 I 14610 14928] raylet_client.cc:336: Error reporting task backlog information: IOError: 
[2022-01-10 14:13:42,062 I 14610 14928] raylet_client.cc:336: Error reporting task backlog information: IOError: 
[2022-01-10 14:13:43,062 I 14610 14928] raylet_client.cc:336: Error reporting task backlog information: IOError: 
[2022-01-10 14:13:43,421 W 14610 14929] metric_exporter.cc:206: Export metrics to agent failed: IOError: . This won't affect Ray, but you can lose metrics from the cluster.
[2022-01-10 14:13:44,062 I 14610 14928] raylet_client.cc:336: Error reporting task backlog information: IOError: 
[2022-01-10 14:13:45,062 I 14610 14928] raylet_client.cc:336: Error reporting task backlog information: IOError: 
[2022-01-10 14:13:46,062 I 14610 14928] raylet_client.cc:336: Error reporting task backlog information: IOError: 
[2022-01-10 14:13:47,062 I 14610 14928] raylet_client.cc:336: Error reporting task backlog information: IOError: 
[2022-01-10 14:13:48,062 I 14610 14928] raylet_client.cc:336: Error reporting task backlog information: IOError: 
[2022-01-10 14:13:49,062 I 14610 14928] raylet_client.cc:336: Error reporting task backlog information: IOError: 
[2022-01-10 14:13:50,063 I 14610 14928] raylet_client.cc:336: Error reporting task backlog information: IOError: 
[2022-01-10 14:13:51,063 I 14610 14928] raylet_client.cc:336: Error reporting task backlog information: IOError: 
[2022-01-10 14:13:52,063 I 14610 14928] raylet_client.cc:336: Error reporting task backlog information: IOError: 
[2022-01-10 14:13:53,063 I 14610 14928] raylet_client.cc:336: Error reporting task backlog information: IOError: 
[2022-01-10 14:13:53,428 W 14610 14929] metric_exporter.cc:206: Export metrics to agent failed: IOError: . This won't affect Ray, but you can lose metrics from the cluster.
[2022-01-10 14:13:54,066 I 14610 14928] raylet_client.cc:336: Error reporting task backlog information: IOError: 
[2022-01-10 14:13:55,066 I 14610 14928] raylet_client.cc:336: Error reporting task backlog information: IOError: 
[2022-01-10 14:13:56,066 I 14610 14928] raylet_client.cc:336: Error reporting task backlog information: IOError: 
[2022-01-10 14:13:57,066 I 14610 14928] raylet_client.cc:336: Error reporting task backlog information: IOError: 
[2022-01-10 14:13:58,066 I 14610 14928] raylet_client.cc:336: Error reporting task backlog information: IOError: 
[2022-01-10 14:13:59,066 I 14610 14928] raylet_client.cc:336: Error reporting task backlog information: IOError: 
[2022-01-10 14:14:00,066 I 14610 14928] raylet_client.cc:336: Error reporting task backlog information: IOError: 
[2022-01-10 14:14:01,066 I 14610 14928] raylet_client.cc:336: Error reporting task backlog information: IOError: 
[2022-01-10 14:14:02,066 I 14610 14928] raylet_client.cc:336: Error reporting task backlog information: IOError: 
[2022-01-10 14:14:03,066 I 14610 14928] raylet_client.cc:336: Error reporting task backlog information: IOError: 
[2022-01-10 14:14:03,434 W 14610 14929] metric_exporter.cc:206: Export metrics to agent failed: IOError: . This won't affect Ray, but you can lose metrics from the cluster.
[2022-01-10 14:14:04,066 I 14610 14928] raylet_client.cc:336: Error reporting task backlog information: IOError: 
[2022-01-10 14:14:05,067 I 14610 14928] raylet_client.cc:336: Error reporting task backlog information: IOError: 
[2022-01-10 14:14:06,067 I 14610 14928] raylet_client.cc:336: Error reporting task backlog information: IOError: 
[2022-01-10 14:14:07,067 I 14610 14928] raylet_client.cc:336: Error reporting task backlog information: IOError: 
[2022-01-10 14:14:08,067 I 14610 14928] raylet_client.cc:336: Error reporting task backlog information: IOError: 
[2022-01-10 14:14:09,067 I 14610 14928] raylet_client.cc:336: Error reporting task backlog information: IOError: 
[2022-01-10 14:14:10,067 I 14610 14928] raylet_client.cc:336: Error reporting task backlog information: IOError: 
[2022-01-10 14:14:11,067 I 14610 14928] raylet_client.cc:336: Error reporting task backlog information: IOError: 
[2022-01-10 14:14:12,067 I 14610 14928] raylet_client.cc:336: Error reporting task backlog information: IOError: 
[2022-01-10 14:14:13,067 I 14610 14928] raylet_client.cc:336: Error reporting task backlog information: IOError: 
[2022-01-10 14:14:13,441 W 14610 14929] metric_exporter.cc:206: Export metrics to agent failed: IOError: . This won't affect Ray, but you can lose metrics from the cluster.
[2022-01-10 14:14:14,067 I 14610 14928] raylet_client.cc:336: Error reporting task backlog information: IOError: 
[2022-01-10 14:14:15,067 I 14610 14928] raylet_client.cc:336: Error reporting task backlog information: IOError: 
[2022-01-10 14:14:16,067 I 14610 14928] raylet_client.cc:336: Error reporting task backlog information: IOError: 
[2022-01-10 14:14:17,067 I 14610 14928] raylet_client.cc:336: Error reporting task backlog information: IOError: 
[2022-01-10 14:14:18,067 I 14610 14928] raylet_client.cc:336: Error reporting task backlog information: IOError: 
[2022-01-10 14:14:19,068 I 14610 14928] raylet_client.cc:336: Error reporting task backlog information: IOError: 
[2022-01-10 14:14:20,068 I 14610 14928] raylet_client.cc:336: Error reporting task backlog information: IOError: 
[2022-01-10 14:14:21,068 I 14610 14928] raylet_client.cc:336: Error reporting task backlog information: IOError: 
[2022-01-10 14:14:22,068 I 14610 14928] raylet_client.cc:336: Error reporting task backlog information: IOError: 
[2022-01-10 14:14:23,068 I 14610 14928] raylet_client.cc:336: Error reporting task backlog information: IOError: 
[2022-01-10 14:14:23,447 W 14610 14929] metric_exporter.cc:206: Export metrics to agent failed: IOError: . This won't affect Ray, but you can lose metrics from the cluster.
[2022-01-10 14:14:24,068 I 14610 14928] raylet_client.cc:336: Error reporting task backlog information: IOError: 
[2022-01-10 14:14:25,068 I 14610 14928] raylet_client.cc:336: Error reporting task backlog information: IOError: 
[2022-01-10 14:14:26,068 I 14610 14928] raylet_client.cc:336: Error reporting task backlog information: IOError: 
[2022-01-10 14:14:27,068 I 14610 14928] raylet_client.cc:336: Error reporting task backlog information: IOError: 
[2022-01-10 14:14:28,068 I 14610 14928] raylet_client.cc:336: Error reporting task backlog information: IOError: 
[2022-01-10 14:14:29,068 I 14610 14928] raylet_client.cc:336: Error reporting task backlog information: IOError: 
[2022-01-10 14:14:30,068 I 14610 14928] raylet_client.cc:336: Error reporting task backlog information: IOError: 
[2022-01-10 14:14:31,068 I 14610 14928] raylet_client.cc:336: Error reporting task backlog information: IOError: 
[2022-01-10 14:14:32,069 I 14610 14928] raylet_client.cc:336: Error reporting task backlog information: IOError: 
[2022-01-10 14:14:33,069 I 14610 14928] raylet_client.cc:336: Error reporting task backlog information: IOError: 
[2022-01-10 14:14:33,454 W 14610 14929] metric_exporter.cc:206: Export metrics to agent failed: IOError: . This won't affect Ray, but you can lose metrics from the cluster.
[2022-01-10 14:14:34,069 I 14610 14928] raylet_client.cc:336: Error reporting task backlog information: IOError: 
[2022-01-10 14:14:35,069 I 14610 14928] raylet_client.cc:336: Error reporting task backlog information: IOError: 
[2022-01-10 14:14:36,069 I 14610 14928] raylet_client.cc:336: Error reporting task backlog information: IOError: 
[2022-01-10 14:14:37,069 I 14610 14928] raylet_client.cc:336: Error reporting task backlog information: IOError: 
[2022-01-10 14:14:38,069 I 14610 14928] raylet_client.cc:336: Error reporting task backlog information: IOError: 
[2022-01-10 14:14:39,069 I 14610 14928] raylet_client.cc:336: Error reporting task backlog information: IOError: 
[2022-01-10 14:14:40,069 I 14610 14928] raylet_client.cc:336: Error reporting task backlog information: IOError: 
[2022-01-10 14:14:41,069 I 14610 14928] raylet_client.cc:336: Error reporting task backlog information: IOError: 
[2022-01-10 14:14:42,069 I 14610 14928] raylet_client.cc:336: Error reporting task backlog information: IOError: 
[2022-01-10 14:14:43,069 I 14610 14928] raylet_client.cc:336: Error reporting task backlog information: IOError: 
[2022-01-10 14:14:43,460 W 14610 14929] metric_exporter.cc:206: Export metrics to agent failed: IOError: . This won't affect Ray, but you can lose metrics from the cluster.
[2022-01-10 14:14:44,069 I 14610 14928] raylet_client.cc:336: Error reporting task backlog information: IOError: 
[2022-01-10 14:14:45,069 I 14610 14928] raylet_client.cc:336: Error reporting task backlog information: IOError: 
[2022-01-10 14:14:46,070 I 14610 14928] raylet_client.cc:336: Error reporting task backlog information: IOError: 
[2022-01-10 14:14:47,070 I 14610 14928] raylet_client.cc:336: Error reporting task backlog information: IOError: 
[2022-01-10 14:14:48,070 I 14610 14928] raylet_client.cc:336: Error reporting task backlog information: IOError: 
[2022-01-10 14:14:49,070 I 14610 14928] raylet_client.cc:336: Error reporting task backlog information: IOError: 
[2022-01-10 14:14:50,070 I 14610 14928] raylet_client.cc:336: Error reporting task backlog information: IOError: 
[2022-01-10 14:14:51,070 I 14610 14928] raylet_client.cc:336: Error reporting task backlog information: IOError: 
[2022-01-10 14:14:52,070 I 14610 14928] raylet_client.cc:336: Error reporting task backlog information: IOError: 
[2022-01-10 14:14:53,070 I 14610 14928] raylet_client.cc:336: Error reporting task backlog information: IOError: 
[2022-01-10 14:14:53,467 W 14610 14929] metric_exporter.cc:206: Export metrics to agent failed: IOError: . This won't affect Ray, but you can lose metrics from the cluster.
[2022-01-10 14:14:54,070 I 14610 14928] raylet_client.cc:336: Error reporting task backlog information: IOError: 
[2022-01-10 14:14:55,070 I 14610 14928] raylet_client.cc:336: Error reporting task backlog information: IOError: 
[2022-01-10 14:14:56,070 I 14610 14928] raylet_client.cc:336: Error reporting task backlog information: IOError: 
[2022-01-10 14:14:57,070 I 14610 14928] raylet_client.cc:336: Error reporting task backlog information: IOError: 
[2022-01-10 14:14:58,070 I 14610 14928] raylet_client.cc:336: Error reporting task backlog information: IOError: 
[2022-01-10 14:14:59,070 I 14610 14928] raylet_client.cc:336: Error reporting task backlog information: IOError: 
[2022-01-10 14:15:00,070 I 14610 14928] raylet_client.cc:336: Error reporting task backlog information: IOError: 
[2022-01-10 14:15:01,070 I 14610 14928] raylet_client.cc:336: Error reporting task backlog information: IOError: 
[2022-01-10 14:15:02,070 I 14610 14928] raylet_client.cc:336: Error reporting task backlog information: IOError: 
[2022-01-10 14:15:03,071 I 14610 14928] raylet_client.cc:336: Error reporting task backlog information: IOError: 
[2022-01-10 14:15:03,479 W 14610 14929] metric_exporter.cc:206: Export metrics to agent failed: IOError: . This won't affect Ray, but you can lose metrics from the cluster.
[2022-01-10 14:15:04,071 I 14610 14928] raylet_client.cc:336: Error reporting task backlog information: IOError: 
[2022-01-10 14:15:05,071 I 14610 14928] raylet_client.cc:336: Error reporting task backlog information: IOError: 
[2022-01-10 14:15:06,071 I 14610 14928] raylet_client.cc:336: Error reporting task backlog information: IOError: 
[2022-01-10 14:15:07,071 I 14610 14928] raylet_client.cc:336: Error reporting task backlog information: IOError: 
[2022-01-10 14:15:08,071 I 14610 14928] raylet_client.cc:336: Error reporting task backlog information: IOError: 
[2022-01-10 14:15:09,071 I 14610 14928] raylet_client.cc:336: Error reporting task backlog information: IOError: 
[2022-01-10 14:15:10,071 I 14610 14928] raylet_client.cc:336: Error reporting task backlog information: IOError: 
[2022-01-10 14:15:11,071 I 14610 14928] raylet_client.cc:336: Error reporting task backlog information: IOError: 
[2022-01-10 14:15:12,071 I 14610 14928] raylet_client.cc:336: Error reporting task backlog information: IOError: 
[2022-01-10 14:15:13,071 I 14610 14928] raylet_client.cc:336: Error reporting task backlog information: IOError: 
[2022-01-10 14:15:13,486 W 14610 14929] metric_exporter.cc:206: Export metrics to agent failed: IOError: . This won't affect Ray, but you can lose metrics from the cluster.
[2022-01-10 14:15:14,071 I 14610 14928] raylet_client.cc:336: Error reporting task backlog information: IOError: 
[2022-01-10 14:15:15,071 I 14610 14928] raylet_client.cc:336: Error reporting task backlog information: IOError: 
[2022-01-10 14:15:16,071 I 14610 14928] raylet_client.cc:336: Error reporting task backlog information: IOError: 
[2022-01-10 14:15:17,072 I 14610 14928] raylet_client.cc:336: Error reporting task backlog information: IOError: 
[2022-01-10 14:15:18,072 I 14610 14928] raylet_client.cc:336: Error reporting task backlog information: IOError: 
[2022-01-10 14:15:19,074 I 14610 14928] raylet_client.cc:336: Error reporting task backlog information: IOError: 
[2022-01-10 14:15:20,075 I 14610 14928] raylet_client.cc:336: Error reporting task backlog information: IOError: 
[2022-01-10 14:15:21,075 I 14610 14928] raylet_client.cc:336: Error reporting task backlog information: IOError: 
[2022-01-10 14:15:22,075 I 14610 14928] raylet_client.cc:336: Error reporting task backlog information: IOError: 
[2022-01-10 14:15:23,075 I 14610 14928] raylet_client.cc:336: Error reporting task backlog information: IOError: 
[2022-01-10 14:15:23,496 W 14610 14929] metric_exporter.cc:206: Export metrics to agent failed: IOError: . This won't affect Ray, but you can lose metrics from the cluster.
[2022-01-10 14:15:24,075 I 14610 14928] raylet_client.cc:336: Error reporting task backlog information: IOError: 
[2022-01-10 14:15:25,075 I 14610 14928] raylet_client.cc:336: Error reporting task backlog information: IOError: 
[2022-01-10 14:15:26,075 I 14610 14928] raylet_client.cc:336: Error reporting task backlog information: IOError: 
[2022-01-10 14:15:27,075 I 14610 14928] raylet_client.cc:336: Error reporting task backlog information: IOError: 
[2022-01-10 14:15:28,075 I 14610 14928] raylet_client.cc:336: Error reporting task backlog information: IOError: 
[2022-01-10 14:15:29,075 I 14610 14928] raylet_client.cc:336: Error reporting task backlog information: IOError: 
[2022-01-10 14:15:30,075 I 14610 14928] raylet_client.cc:336: Error reporting task backlog information: IOError: 
[2022-01-10 14:15:31,075 I 14610 14928] raylet_client.cc:336: Error reporting task backlog information: IOError: 
[2022-01-10 14:15:32,075 I 14610 14928] raylet_client.cc:336: Error reporting task backlog information: IOError: 
[2022-01-10 14:15:33,076 I 14610 14928] raylet_client.cc:336: Error reporting task backlog information: IOError: 
[2022-01-10 14:15:33,504 W 14610 14929] metric_exporter.cc:206: Export metrics to agent failed: IOError: . This won't affect Ray, but you can lose metrics from the cluster.
[2022-01-10 14:15:34,076 I 14610 14928] raylet_client.cc:336: Error reporting task backlog information: IOError: 
[2022-01-10 14:15:35,076 I 14610 14928] raylet_client.cc:336: Error reporting task backlog information: IOError: 
[2022-01-10 14:15:36,076 I 14610 14928] raylet_client.cc:336: Error reporting task backlog information: IOError: 
[2022-01-10 14:15:37,076 I 14610 14928] raylet_client.cc:336: Error reporting task backlog information: IOError: 
[2022-01-10 14:15:38,076 I 14610 14928] raylet_client.cc:336: Error reporting task backlog information: IOError: 
[2022-01-10 14:15:39,076 I 14610 14928] raylet_client.cc:336: Error reporting task backlog information: IOError: 
[2022-01-10 14:15:40,076 I 14610 14928] raylet_client.cc:336: Error reporting task backlog information: IOError: 
[2022-01-10 14:15:41,076 I 14610 14928] raylet_client.cc:336: Error reporting task backlog information: IOError: 
[2022-01-10 14:15:42,076 I 14610 14928] raylet_client.cc:336: Error reporting task backlog information: IOError: 
[2022-01-10 14:15:43,076 I 14610 14928] raylet_client.cc:336: Error reporting task backlog information: IOError: 
[2022-01-10 14:15:43,511 W 14610 14929] metric_exporter.cc:206: Export metrics to agent failed: IOError: . This won't affect Ray, but you can lose metrics from the cluster.
[2022-01-10 14:15:44,076 I 14610 14928] raylet_client.cc:336: Error reporting task backlog information: IOError: 
[2022-01-10 14:15:45,076 I 14610 14928] raylet_client.cc:336: Error reporting task backlog information: IOError: 
[2022-01-10 14:15:46,076 I 14610 14928] raylet_client.cc:336: Error reporting task backlog information: IOError: 
[2022-01-10 14:15:47,077 I 14610 14928] raylet_client.cc:336: Error reporting task backlog information: IOError: 
[2022-01-10 14:15:48,077 I 14610 14928] raylet_client.cc:336: Error reporting task backlog information: IOError: 
[2022-01-10 14:15:49,077 I 14610 14928] raylet_client.cc:336: Error reporting task backlog information: IOError: 
[2022-01-10 14:15:49,920 E 14610 14815] gcs_server_address_updater.cc:76: Failed to receive the GCS address for 600 times without success. The worker will exit ungracefully. It is because GCS has died. It could be because there was an issue that kills GCS, such as high memory usage triggering OOM killer to kill GCS. Cluster will be highly likely unavailable if you see this log. Please check the log from gcs_server.err.
