[2022-01-10 14:05:12,724 I 14606 14606] core_worker.cc:132: Constructing CoreWorkerProcess. pid: 14606
[2022-01-10 14:05:12,784 I 14606 14606] grpc_server.cc:112: worker server started, listening on port 45057.
[2022-01-10 14:05:12,787 I 14606 14606] core_worker.cc:479: Initializing worker at address: 131.215.21.210:45057, worker ID dcd0c885fe0790494870be9635c23353655690fa700945bc0fd834de, raylet 8d71f338f8d1faabb73d5040873c95dc46cd25d3bd6fafeb48bba8f9
[2022-01-10 14:05:12,896 I 14606 14606] io_service_pool.cc:35: IOServicePool is running with 1 io_service.
[2022-01-10 14:05:12,940 I 14606 14868] accessor.cc:560: Received notification for node id = 8d71f338f8d1faabb73d5040873c95dc46cd25d3bd6fafeb48bba8f9, IsAlive = 1
[2022-01-10 14:05:50,796 W 14606 14730] gcs_server_address_updater.cc:61: [1] Failed to get the gcs server address from raylet 1 times in a row. If it keeps failing to obtain the address, the worker might crash. Connection status IOError: 
[2022-01-10 14:05:51,795 I 14606 14868] raylet_client.cc:336: Error reporting task backlog information: IOError: 
[2022-01-10 14:05:51,899 I 14606 14868] raylet_client.cc:336: Error reporting task backlog information: IOError: 
[2022-01-10 14:05:52,899 I 14606 14868] raylet_client.cc:336: Error reporting task backlog information: IOError: 
[2022-01-10 14:05:52,927 W 14606 14869] metric_exporter.cc:206: Export metrics to agent failed: IOError: . This won't affect Ray, but you can lose metrics from the cluster.
[2022-01-10 14:05:53,899 I 14606 14868] raylet_client.cc:336: Error reporting task backlog information: IOError: 
[2022-01-10 14:05:54,899 I 14606 14868] raylet_client.cc:336: Error reporting task backlog information: IOError: 
[2022-01-10 14:05:55,900 I 14606 14868] raylet_client.cc:336: Error reporting task backlog information: IOError: 
[2022-01-10 14:05:56,900 I 14606 14868] raylet_client.cc:336: Error reporting task backlog information: IOError: 
[2022-01-10 14:05:57,900 I 14606 14868] raylet_client.cc:336: Error reporting task backlog information: IOError: 
[2022-01-10 14:05:58,900 I 14606 14868] raylet_client.cc:336: Error reporting task backlog information: IOError: 
[2022-01-10 14:05:59,900 I 14606 14868] raylet_client.cc:336: Error reporting task backlog information: IOError: 
[2022-01-10 14:06:00,900 I 14606 14868] raylet_client.cc:336: Error reporting task backlog information: IOError: 
[2022-01-10 14:06:01,900 I 14606 14868] raylet_client.cc:336: Error reporting task backlog information: IOError: 
[2022-01-10 14:06:02,900 I 14606 14868] raylet_client.cc:336: Error reporting task backlog information: IOError: 
[2022-01-10 14:06:02,934 W 14606 14869] metric_exporter.cc:206: Export metrics to agent failed: IOError: . This won't affect Ray, but you can lose metrics from the cluster.
[2022-01-10 14:06:03,900 I 14606 14868] raylet_client.cc:336: Error reporting task backlog information: IOError: 
[2022-01-10 14:06:04,900 I 14606 14868] raylet_client.cc:336: Error reporting task backlog information: IOError: 
[2022-01-10 14:06:05,900 I 14606 14868] raylet_client.cc:336: Error reporting task backlog information: IOError: 
[2022-01-10 14:06:06,900 I 14606 14868] raylet_client.cc:336: Error reporting task backlog information: IOError: 
[2022-01-10 14:06:07,900 I 14606 14868] raylet_client.cc:336: Error reporting task backlog information: IOError: 
[2022-01-10 14:06:08,900 I 14606 14868] raylet_client.cc:336: Error reporting task backlog information: IOError: 
[2022-01-10 14:06:09,900 I 14606 14868] raylet_client.cc:336: Error reporting task backlog information: IOError: 
[2022-01-10 14:06:10,901 I 14606 14868] raylet_client.cc:336: Error reporting task backlog information: IOError: 
[2022-01-10 14:06:11,901 I 14606 14868] raylet_client.cc:336: Error reporting task backlog information: IOError: 
[2022-01-10 14:06:12,901 I 14606 14868] raylet_client.cc:336: Error reporting task backlog information: IOError: 
[2022-01-10 14:06:12,941 W 14606 14869] metric_exporter.cc:206: Export metrics to agent failed: IOError: . This won't affect Ray, but you can lose metrics from the cluster.
[2022-01-10 14:06:13,901 I 14606 14868] raylet_client.cc:336: Error reporting task backlog information: IOError: 
[2022-01-10 14:06:14,901 I 14606 14868] raylet_client.cc:336: Error reporting task backlog information: IOError: 
[2022-01-10 14:06:15,901 I 14606 14868] raylet_client.cc:336: Error reporting task backlog information: IOError: 
[2022-01-10 14:06:16,901 I 14606 14868] raylet_client.cc:336: Error reporting task backlog information: IOError: 
[2022-01-10 14:06:17,901 I 14606 14868] raylet_client.cc:336: Error reporting task backlog information: IOError: 
[2022-01-10 14:06:18,901 I 14606 14868] raylet_client.cc:336: Error reporting task backlog information: IOError: 
[2022-01-10 14:06:19,901 I 14606 14868] raylet_client.cc:336: Error reporting task backlog information: IOError: 
[2022-01-10 14:06:20,901 I 14606 14868] raylet_client.cc:336: Error reporting task backlog information: IOError: 
[2022-01-10 14:06:21,901 I 14606 14868] raylet_client.cc:336: Error reporting task backlog information: IOError: 
[2022-01-10 14:06:22,901 I 14606 14868] raylet_client.cc:336: Error reporting task backlog information: IOError: 
[2022-01-10 14:06:22,949 W 14606 14869] metric_exporter.cc:206: Export metrics to agent failed: IOError: . This won't affect Ray, but you can lose metrics from the cluster.
[2022-01-10 14:06:23,901 I 14606 14868] raylet_client.cc:336: Error reporting task backlog information: IOError: 
[2022-01-10 14:06:24,901 I 14606 14868] raylet_client.cc:336: Error reporting task backlog information: IOError: 
[2022-01-10 14:06:25,902 I 14606 14868] raylet_client.cc:336: Error reporting task backlog information: IOError: 
[2022-01-10 14:06:26,902 I 14606 14868] raylet_client.cc:336: Error reporting task backlog information: IOError: 
[2022-01-10 14:06:27,902 I 14606 14868] raylet_client.cc:336: Error reporting task backlog information: IOError: 
[2022-01-10 14:06:28,902 I 14606 14868] raylet_client.cc:336: Error reporting task backlog information: IOError: 
[2022-01-10 14:06:29,902 I 14606 14868] raylet_client.cc:336: Error reporting task backlog information: IOError: 
[2022-01-10 14:06:30,902 I 14606 14868] raylet_client.cc:336: Error reporting task backlog information: IOError: 
[2022-01-10 14:06:31,902 I 14606 14868] raylet_client.cc:336: Error reporting task backlog information: IOError: 
[2022-01-10 14:06:32,902 I 14606 14868] raylet_client.cc:336: Error reporting task backlog information: IOError: 
[2022-01-10 14:06:32,959 W 14606 14869] metric_exporter.cc:206: Export metrics to agent failed: IOError: . This won't affect Ray, but you can lose metrics from the cluster.
[2022-01-10 14:06:33,902 I 14606 14868] raylet_client.cc:336: Error reporting task backlog information: IOError: 
[2022-01-10 14:06:34,902 I 14606 14868] raylet_client.cc:336: Error reporting task backlog information: IOError: 
[2022-01-10 14:06:35,902 I 14606 14868] raylet_client.cc:336: Error reporting task backlog information: IOError: 
[2022-01-10 14:06:36,902 I 14606 14868] raylet_client.cc:336: Error reporting task backlog information: IOError: 
[2022-01-10 14:06:37,902 I 14606 14868] raylet_client.cc:336: Error reporting task backlog information: IOError: 
[2022-01-10 14:06:38,903 I 14606 14868] raylet_client.cc:336: Error reporting task backlog information: IOError: 
[2022-01-10 14:06:39,903 I 14606 14868] raylet_client.cc:336: Error reporting task backlog information: IOError: 
[2022-01-10 14:06:40,903 I 14606 14868] raylet_client.cc:336: Error reporting task backlog information: IOError: 
[2022-01-10 14:06:41,903 I 14606 14868] raylet_client.cc:336: Error reporting task backlog information: IOError: 
[2022-01-10 14:06:42,903 I 14606 14868] raylet_client.cc:336: Error reporting task backlog information: IOError: 
[2022-01-10 14:06:42,967 W 14606 14869] metric_exporter.cc:206: Export metrics to agent failed: IOError: . This won't affect Ray, but you can lose metrics from the cluster.
[2022-01-10 14:06:43,903 I 14606 14868] raylet_client.cc:336: Error reporting task backlog information: IOError: 
[2022-01-10 14:06:44,903 I 14606 14868] raylet_client.cc:336: Error reporting task backlog information: IOError: 
[2022-01-10 14:06:45,903 I 14606 14868] raylet_client.cc:336: Error reporting task backlog information: IOError: 
[2022-01-10 14:06:46,903 I 14606 14868] raylet_client.cc:336: Error reporting task backlog information: IOError: 
[2022-01-10 14:06:47,903 I 14606 14868] raylet_client.cc:336: Error reporting task backlog information: IOError: 
[2022-01-10 14:06:48,903 I 14606 14868] raylet_client.cc:336: Error reporting task backlog information: IOError: 
[2022-01-10 14:06:49,903 I 14606 14868] raylet_client.cc:336: Error reporting task backlog information: IOError: 
[2022-01-10 14:06:50,903 I 14606 14868] raylet_client.cc:336: Error reporting task backlog information: IOError: 
[2022-01-10 14:06:51,904 I 14606 14868] raylet_client.cc:336: Error reporting task backlog information: IOError: 
[2022-01-10 14:06:52,904 I 14606 14868] raylet_client.cc:336: Error reporting task backlog information: IOError: 
[2022-01-10 14:06:52,977 W 14606 14869] metric_exporter.cc:206: Export metrics to agent failed: IOError: . This won't affect Ray, but you can lose metrics from the cluster.
[2022-01-10 14:06:53,904 I 14606 14868] raylet_client.cc:336: Error reporting task backlog information: IOError: 
[2022-01-10 14:06:54,904 I 14606 14868] raylet_client.cc:336: Error reporting task backlog information: IOError: 
[2022-01-10 14:06:55,904 I 14606 14868] raylet_client.cc:336: Error reporting task backlog information: IOError: 
[2022-01-10 14:06:56,904 I 14606 14868] raylet_client.cc:336: Error reporting task backlog information: IOError: 
[2022-01-10 14:06:57,904 I 14606 14868] raylet_client.cc:336: Error reporting task backlog information: IOError: 
[2022-01-10 14:06:58,904 I 14606 14868] raylet_client.cc:336: Error reporting task backlog information: IOError: 
[2022-01-10 14:06:59,905 I 14606 14868] raylet_client.cc:336: Error reporting task backlog information: IOError: 
[2022-01-10 14:07:00,905 I 14606 14868] raylet_client.cc:336: Error reporting task backlog information: IOError: 
[2022-01-10 14:07:01,905 I 14606 14868] raylet_client.cc:336: Error reporting task backlog information: IOError: 
[2022-01-10 14:07:02,905 I 14606 14868] raylet_client.cc:336: Error reporting task backlog information: IOError: 
[2022-01-10 14:07:02,985 W 14606 14869] metric_exporter.cc:206: Export metrics to agent failed: IOError: . This won't affect Ray, but you can lose metrics from the cluster.
[2022-01-10 14:07:03,905 I 14606 14868] raylet_client.cc:336: Error reporting task backlog information: IOError: 
[2022-01-10 14:07:04,905 I 14606 14868] raylet_client.cc:336: Error reporting task backlog information: IOError: 
[2022-01-10 14:07:05,905 I 14606 14868] raylet_client.cc:336: Error reporting task backlog information: IOError: 
[2022-01-10 14:07:06,905 I 14606 14868] raylet_client.cc:336: Error reporting task backlog information: IOError: 
[2022-01-10 14:07:07,905 I 14606 14868] raylet_client.cc:336: Error reporting task backlog information: IOError: 
[2022-01-10 14:07:08,905 I 14606 14868] raylet_client.cc:336: Error reporting task backlog information: IOError: 
[2022-01-10 14:07:09,905 I 14606 14868] raylet_client.cc:336: Error reporting task backlog information: IOError: 
[2022-01-10 14:07:10,905 I 14606 14868] raylet_client.cc:336: Error reporting task backlog information: IOError: 
[2022-01-10 14:07:11,906 I 14606 14868] raylet_client.cc:336: Error reporting task backlog information: IOError: 
[2022-01-10 14:07:12,906 I 14606 14868] raylet_client.cc:336: Error reporting task backlog information: IOError: 
[2022-01-10 14:07:12,992 W 14606 14869] metric_exporter.cc:206: Export metrics to agent failed: IOError: . This won't affect Ray, but you can lose metrics from the cluster.
[2022-01-10 14:07:13,906 I 14606 14868] raylet_client.cc:336: Error reporting task backlog information: IOError: 
[2022-01-10 14:07:14,906 I 14606 14868] raylet_client.cc:336: Error reporting task backlog information: IOError: 
[2022-01-10 14:07:15,906 I 14606 14868] raylet_client.cc:336: Error reporting task backlog information: IOError: 
[2022-01-10 14:07:16,906 I 14606 14868] raylet_client.cc:336: Error reporting task backlog information: IOError: 
[2022-01-10 14:07:17,906 I 14606 14868] raylet_client.cc:336: Error reporting task backlog information: IOError: 
[2022-01-10 14:07:18,906 I 14606 14868] raylet_client.cc:336: Error reporting task backlog information: IOError: 
[2022-01-10 14:07:19,906 I 14606 14868] raylet_client.cc:336: Error reporting task backlog information: IOError: 
[2022-01-10 14:07:20,906 I 14606 14868] raylet_client.cc:336: Error reporting task backlog information: IOError: 
[2022-01-10 14:07:21,906 I 14606 14868] raylet_client.cc:336: Error reporting task backlog information: IOError: 
[2022-01-10 14:07:22,906 I 14606 14868] raylet_client.cc:336: Error reporting task backlog information: IOError: 
[2022-01-10 14:07:22,999 W 14606 14869] metric_exporter.cc:206: Export metrics to agent failed: IOError: . This won't affect Ray, but you can lose metrics from the cluster.
[2022-01-10 14:07:23,906 I 14606 14868] raylet_client.cc:336: Error reporting task backlog information: IOError: 
[2022-01-10 14:07:24,906 I 14606 14868] raylet_client.cc:336: Error reporting task backlog information: IOError: 
[2022-01-10 14:07:25,906 I 14606 14868] raylet_client.cc:336: Error reporting task backlog information: IOError: 
[2022-01-10 14:07:26,906 I 14606 14868] raylet_client.cc:336: Error reporting task backlog information: IOError: 
[2022-01-10 14:07:27,907 I 14606 14868] raylet_client.cc:336: Error reporting task backlog information: IOError: 
[2022-01-10 14:07:28,907 I 14606 14868] raylet_client.cc:336: Error reporting task backlog information: IOError: 
[2022-01-10 14:07:29,907 I 14606 14868] raylet_client.cc:336: Error reporting task backlog information: IOError: 
[2022-01-10 14:07:30,907 I 14606 14868] raylet_client.cc:336: Error reporting task backlog information: IOError: 
[2022-01-10 14:07:31,907 I 14606 14868] raylet_client.cc:336: Error reporting task backlog information: IOError: 
[2022-01-10 14:07:32,907 I 14606 14868] raylet_client.cc:336: Error reporting task backlog information: IOError: 
[2022-01-10 14:07:33,005 W 14606 14869] metric_exporter.cc:206: Export metrics to agent failed: IOError: . This won't affect Ray, but you can lose metrics from the cluster.
[2022-01-10 14:07:33,907 I 14606 14868] raylet_client.cc:336: Error reporting task backlog information: IOError: 
[2022-01-10 14:07:34,907 I 14606 14868] raylet_client.cc:336: Error reporting task backlog information: IOError: 
[2022-01-10 14:07:35,907 I 14606 14868] raylet_client.cc:336: Error reporting task backlog information: IOError: 
[2022-01-10 14:07:36,907 I 14606 14868] raylet_client.cc:336: Error reporting task backlog information: IOError: 
[2022-01-10 14:07:37,907 I 14606 14868] raylet_client.cc:336: Error reporting task backlog information: IOError: 
[2022-01-10 14:07:38,907 I 14606 14868] raylet_client.cc:336: Error reporting task backlog information: IOError: 
[2022-01-10 14:07:39,907 I 14606 14868] raylet_client.cc:336: Error reporting task backlog information: IOError: 
[2022-01-10 14:07:40,907 I 14606 14868] raylet_client.cc:336: Error reporting task backlog information: IOError: 
[2022-01-10 14:07:41,907 I 14606 14868] raylet_client.cc:336: Error reporting task backlog information: IOError: 
[2022-01-10 14:07:42,907 I 14606 14868] raylet_client.cc:336: Error reporting task backlog information: IOError: 
[2022-01-10 14:07:43,012 W 14606 14869] metric_exporter.cc:206: Export metrics to agent failed: IOError: . This won't affect Ray, but you can lose metrics from the cluster.
[2022-01-10 14:07:43,907 I 14606 14868] raylet_client.cc:336: Error reporting task backlog information: IOError: 
[2022-01-10 14:07:44,907 I 14606 14868] raylet_client.cc:336: Error reporting task backlog information: IOError: 
[2022-01-10 14:07:45,908 I 14606 14868] raylet_client.cc:336: Error reporting task backlog information: IOError: 
[2022-01-10 14:07:46,908 I 14606 14868] raylet_client.cc:336: Error reporting task backlog information: IOError: 
[2022-01-10 14:07:47,908 I 14606 14868] raylet_client.cc:336: Error reporting task backlog information: IOError: 
[2022-01-10 14:07:48,908 I 14606 14868] raylet_client.cc:336: Error reporting task backlog information: IOError: 
[2022-01-10 14:07:49,908 I 14606 14868] raylet_client.cc:336: Error reporting task backlog information: IOError: 
[2022-01-10 14:07:50,908 I 14606 14868] raylet_client.cc:336: Error reporting task backlog information: IOError: 
[2022-01-10 14:07:51,908 I 14606 14868] raylet_client.cc:336: Error reporting task backlog information: IOError: 
[2022-01-10 14:07:52,908 I 14606 14868] raylet_client.cc:336: Error reporting task backlog information: IOError: 
[2022-01-10 14:07:53,021 W 14606 14869] metric_exporter.cc:206: Export metrics to agent failed: IOError: . This won't affect Ray, but you can lose metrics from the cluster.
[2022-01-10 14:07:53,908 I 14606 14868] raylet_client.cc:336: Error reporting task backlog information: IOError: 
[2022-01-10 14:07:54,908 I 14606 14868] raylet_client.cc:336: Error reporting task backlog information: IOError: 
[2022-01-10 14:07:55,908 I 14606 14868] raylet_client.cc:336: Error reporting task backlog information: IOError: 
[2022-01-10 14:07:56,908 I 14606 14868] raylet_client.cc:336: Error reporting task backlog information: IOError: 
[2022-01-10 14:07:57,908 I 14606 14868] raylet_client.cc:336: Error reporting task backlog information: IOError: 
[2022-01-10 14:07:58,908 I 14606 14868] raylet_client.cc:336: Error reporting task backlog information: IOError: 
[2022-01-10 14:07:59,908 I 14606 14868] raylet_client.cc:336: Error reporting task backlog information: IOError: 
[2022-01-10 14:08:00,908 I 14606 14868] raylet_client.cc:336: Error reporting task backlog information: IOError: 
[2022-01-10 14:08:01,909 I 14606 14868] raylet_client.cc:336: Error reporting task backlog information: IOError: 
[2022-01-10 14:08:02,909 I 14606 14868] raylet_client.cc:336: Error reporting task backlog information: IOError: 
[2022-01-10 14:08:03,028 W 14606 14869] metric_exporter.cc:206: Export metrics to agent failed: IOError: . This won't affect Ray, but you can lose metrics from the cluster.
[2022-01-10 14:08:03,909 I 14606 14868] raylet_client.cc:336: Error reporting task backlog information: IOError: 
[2022-01-10 14:08:04,909 I 14606 14868] raylet_client.cc:336: Error reporting task backlog information: IOError: 
[2022-01-10 14:08:05,909 I 14606 14868] raylet_client.cc:336: Error reporting task backlog information: IOError: 
[2022-01-10 14:08:06,909 I 14606 14868] raylet_client.cc:336: Error reporting task backlog information: IOError: 
[2022-01-10 14:08:07,909 I 14606 14868] raylet_client.cc:336: Error reporting task backlog information: IOError: 
[2022-01-10 14:08:08,909 I 14606 14868] raylet_client.cc:336: Error reporting task backlog information: IOError: 
[2022-01-10 14:08:09,909 I 14606 14868] raylet_client.cc:336: Error reporting task backlog information: IOError: 
[2022-01-10 14:08:10,909 I 14606 14868] raylet_client.cc:336: Error reporting task backlog information: IOError: 
[2022-01-10 14:08:11,909 I 14606 14868] raylet_client.cc:336: Error reporting task backlog information: IOError: 
[2022-01-10 14:08:12,909 I 14606 14868] raylet_client.cc:336: Error reporting task backlog information: IOError: 
[2022-01-10 14:08:13,034 W 14606 14869] metric_exporter.cc:206: Export metrics to agent failed: IOError: . This won't affect Ray, but you can lose metrics from the cluster.
[2022-01-10 14:08:13,909 I 14606 14868] raylet_client.cc:336: Error reporting task backlog information: IOError: 
[2022-01-10 14:08:14,909 I 14606 14868] raylet_client.cc:336: Error reporting task backlog information: IOError: 
[2022-01-10 14:08:15,909 I 14606 14868] raylet_client.cc:336: Error reporting task backlog information: IOError: 
[2022-01-10 14:08:16,910 I 14606 14868] raylet_client.cc:336: Error reporting task backlog information: IOError: 
[2022-01-10 14:08:17,910 I 14606 14868] raylet_client.cc:336: Error reporting task backlog information: IOError: 
[2022-01-10 14:08:18,910 I 14606 14868] raylet_client.cc:336: Error reporting task backlog information: IOError: 
[2022-01-10 14:08:19,910 I 14606 14868] raylet_client.cc:336: Error reporting task backlog information: IOError: 
[2022-01-10 14:08:20,910 I 14606 14868] raylet_client.cc:336: Error reporting task backlog information: IOError: 
[2022-01-10 14:08:21,910 I 14606 14868] raylet_client.cc:336: Error reporting task backlog information: IOError: 
[2022-01-10 14:08:22,910 I 14606 14868] raylet_client.cc:336: Error reporting task backlog information: IOError: 
[2022-01-10 14:08:23,042 W 14606 14869] metric_exporter.cc:206: Export metrics to agent failed: IOError: . This won't affect Ray, but you can lose metrics from the cluster.
[2022-01-10 14:08:23,910 I 14606 14868] raylet_client.cc:336: Error reporting task backlog information: IOError: 
[2022-01-10 14:08:24,910 I 14606 14868] raylet_client.cc:336: Error reporting task backlog information: IOError: 
[2022-01-10 14:08:25,910 I 14606 14868] raylet_client.cc:336: Error reporting task backlog information: IOError: 
[2022-01-10 14:08:26,910 I 14606 14868] raylet_client.cc:336: Error reporting task backlog information: IOError: 
[2022-01-10 14:08:27,910 I 14606 14868] raylet_client.cc:336: Error reporting task backlog information: IOError: 
[2022-01-10 14:08:28,910 I 14606 14868] raylet_client.cc:336: Error reporting task backlog information: IOError: 
[2022-01-10 14:08:29,911 I 14606 14868] raylet_client.cc:336: Error reporting task backlog information: IOError: 
[2022-01-10 14:08:30,911 I 14606 14868] raylet_client.cc:336: Error reporting task backlog information: IOError: 
[2022-01-10 14:08:31,911 I 14606 14868] raylet_client.cc:336: Error reporting task backlog information: IOError: 
[2022-01-10 14:08:32,911 I 14606 14868] raylet_client.cc:336: Error reporting task backlog information: IOError: 
[2022-01-10 14:08:33,049 W 14606 14869] metric_exporter.cc:206: Export metrics to agent failed: IOError: . This won't affect Ray, but you can lose metrics from the cluster.
[2022-01-10 14:08:33,911 I 14606 14868] raylet_client.cc:336: Error reporting task backlog information: IOError: 
[2022-01-10 14:08:34,911 I 14606 14868] raylet_client.cc:336: Error reporting task backlog information: IOError: 
[2022-01-10 14:08:35,911 I 14606 14868] raylet_client.cc:336: Error reporting task backlog information: IOError: 
[2022-01-10 14:08:36,911 I 14606 14868] raylet_client.cc:336: Error reporting task backlog information: IOError: 
[2022-01-10 14:08:37,911 I 14606 14868] raylet_client.cc:336: Error reporting task backlog information: IOError: 
[2022-01-10 14:08:38,911 I 14606 14868] raylet_client.cc:336: Error reporting task backlog information: IOError: 
[2022-01-10 14:08:39,911 I 14606 14868] raylet_client.cc:336: Error reporting task backlog information: IOError: 
[2022-01-10 14:08:40,911 I 14606 14868] raylet_client.cc:336: Error reporting task backlog information: IOError: 
[2022-01-10 14:08:41,911 I 14606 14868] raylet_client.cc:336: Error reporting task backlog information: IOError: 
[2022-01-10 14:08:42,912 I 14606 14868] raylet_client.cc:336: Error reporting task backlog information: IOError: 
[2022-01-10 14:08:43,057 W 14606 14869] metric_exporter.cc:206: Export metrics to agent failed: IOError: . This won't affect Ray, but you can lose metrics from the cluster.
[2022-01-10 14:08:43,912 I 14606 14868] raylet_client.cc:336: Error reporting task backlog information: IOError: 
[2022-01-10 14:08:44,912 I 14606 14868] raylet_client.cc:336: Error reporting task backlog information: IOError: 
[2022-01-10 14:08:45,912 I 14606 14868] raylet_client.cc:336: Error reporting task backlog information: IOError: 
[2022-01-10 14:08:46,912 I 14606 14868] raylet_client.cc:336: Error reporting task backlog information: IOError: 
[2022-01-10 14:08:47,912 I 14606 14868] raylet_client.cc:336: Error reporting task backlog information: IOError: 
[2022-01-10 14:08:48,912 I 14606 14868] raylet_client.cc:336: Error reporting task backlog information: IOError: 
[2022-01-10 14:08:49,912 I 14606 14868] raylet_client.cc:336: Error reporting task backlog information: IOError: 
[2022-01-10 14:08:50,912 I 14606 14868] raylet_client.cc:336: Error reporting task backlog information: IOError: 
[2022-01-10 14:08:51,912 I 14606 14868] raylet_client.cc:336: Error reporting task backlog information: IOError: 
[2022-01-10 14:08:52,912 I 14606 14868] raylet_client.cc:336: Error reporting task backlog information: IOError: 
[2022-01-10 14:08:53,063 W 14606 14869] metric_exporter.cc:206: Export metrics to agent failed: IOError: . This won't affect Ray, but you can lose metrics from the cluster.
[2022-01-10 14:08:53,913 I 14606 14868] raylet_client.cc:336: Error reporting task backlog information: IOError: 
[2022-01-10 14:08:54,913 I 14606 14868] raylet_client.cc:336: Error reporting task backlog information: IOError: 
[2022-01-10 14:08:55,913 I 14606 14868] raylet_client.cc:336: Error reporting task backlog information: IOError: 
[2022-01-10 14:08:56,913 I 14606 14868] raylet_client.cc:336: Error reporting task backlog information: IOError: 
[2022-01-10 14:08:57,913 I 14606 14868] raylet_client.cc:336: Error reporting task backlog information: IOError: 
[2022-01-10 14:08:58,913 I 14606 14868] raylet_client.cc:336: Error reporting task backlog information: IOError: 
[2022-01-10 14:08:59,913 I 14606 14868] raylet_client.cc:336: Error reporting task backlog information: IOError: 
[2022-01-10 14:09:00,913 I 14606 14868] raylet_client.cc:336: Error reporting task backlog information: IOError: 
[2022-01-10 14:09:01,913 I 14606 14868] raylet_client.cc:336: Error reporting task backlog information: IOError: 
[2022-01-10 14:09:02,913 I 14606 14868] raylet_client.cc:336: Error reporting task backlog information: IOError: 
[2022-01-10 14:09:03,072 W 14606 14869] metric_exporter.cc:206: Export metrics to agent failed: IOError: . This won't affect Ray, but you can lose metrics from the cluster.
[2022-01-10 14:09:03,913 I 14606 14868] raylet_client.cc:336: Error reporting task backlog information: IOError: 
[2022-01-10 14:09:04,913 I 14606 14868] raylet_client.cc:336: Error reporting task backlog information: IOError: 
[2022-01-10 14:09:05,913 I 14606 14868] raylet_client.cc:336: Error reporting task backlog information: IOError: 
[2022-01-10 14:09:06,913 I 14606 14868] raylet_client.cc:336: Error reporting task backlog information: IOError: 
[2022-01-10 14:09:07,914 I 14606 14868] raylet_client.cc:336: Error reporting task backlog information: IOError: 
[2022-01-10 14:09:08,914 I 14606 14868] raylet_client.cc:336: Error reporting task backlog information: IOError: 
[2022-01-10 14:09:09,914 I 14606 14868] raylet_client.cc:336: Error reporting task backlog information: IOError: 
[2022-01-10 14:09:10,914 I 14606 14868] raylet_client.cc:336: Error reporting task backlog information: IOError: 
[2022-01-10 14:09:11,914 I 14606 14868] raylet_client.cc:336: Error reporting task backlog information: IOError: 
[2022-01-10 14:09:12,914 I 14606 14868] raylet_client.cc:336: Error reporting task backlog information: IOError: 
[2022-01-10 14:09:13,085 W 14606 14869] metric_exporter.cc:206: Export metrics to agent failed: IOError: . This won't affect Ray, but you can lose metrics from the cluster.
[2022-01-10 14:09:13,914 I 14606 14868] raylet_client.cc:336: Error reporting task backlog information: IOError: 
[2022-01-10 14:09:14,914 I 14606 14868] raylet_client.cc:336: Error reporting task backlog information: IOError: 
[2022-01-10 14:09:15,914 I 14606 14868] raylet_client.cc:336: Error reporting task backlog information: IOError: 
[2022-01-10 14:09:16,914 I 14606 14868] raylet_client.cc:336: Error reporting task backlog information: IOError: 
[2022-01-10 14:09:17,914 I 14606 14868] raylet_client.cc:336: Error reporting task backlog information: IOError: 
[2022-01-10 14:09:18,914 I 14606 14868] raylet_client.cc:336: Error reporting task backlog information: IOError: 
[2022-01-10 14:09:19,914 I 14606 14868] raylet_client.cc:336: Error reporting task backlog information: IOError: 
[2022-01-10 14:09:20,915 I 14606 14868] raylet_client.cc:336: Error reporting task backlog information: IOError: 
[2022-01-10 14:09:21,915 I 14606 14868] raylet_client.cc:336: Error reporting task backlog information: IOError: 
[2022-01-10 14:09:22,915 I 14606 14868] raylet_client.cc:336: Error reporting task backlog information: IOError: 
[2022-01-10 14:09:23,092 W 14606 14869] metric_exporter.cc:206: Export metrics to agent failed: IOError: . This won't affect Ray, but you can lose metrics from the cluster.
[2022-01-10 14:09:23,915 I 14606 14868] raylet_client.cc:336: Error reporting task backlog information: IOError: 
[2022-01-10 14:09:24,915 I 14606 14868] raylet_client.cc:336: Error reporting task backlog information: IOError: 
[2022-01-10 14:09:25,915 I 14606 14868] raylet_client.cc:336: Error reporting task backlog information: IOError: 
[2022-01-10 14:09:26,915 I 14606 14868] raylet_client.cc:336: Error reporting task backlog information: IOError: 
[2022-01-10 14:09:27,915 I 14606 14868] raylet_client.cc:336: Error reporting task backlog information: IOError: 
[2022-01-10 14:09:28,915 I 14606 14868] raylet_client.cc:336: Error reporting task backlog information: IOError: 
[2022-01-10 14:09:29,915 I 14606 14868] raylet_client.cc:336: Error reporting task backlog information: IOError: 
[2022-01-10 14:09:30,915 I 14606 14868] raylet_client.cc:336: Error reporting task backlog information: IOError: 
[2022-01-10 14:09:31,915 I 14606 14868] raylet_client.cc:336: Error reporting task backlog information: IOError: 
[2022-01-10 14:09:32,915 I 14606 14868] raylet_client.cc:336: Error reporting task backlog information: IOError: 
[2022-01-10 14:09:33,099 W 14606 14869] metric_exporter.cc:206: Export metrics to agent failed: IOError: . This won't affect Ray, but you can lose metrics from the cluster.
[2022-01-10 14:09:33,915 I 14606 14868] raylet_client.cc:336: Error reporting task backlog information: IOError: 
[2022-01-10 14:09:34,915 I 14606 14868] raylet_client.cc:336: Error reporting task backlog information: IOError: 
[2022-01-10 14:09:35,916 I 14606 14868] raylet_client.cc:336: Error reporting task backlog information: IOError: 
[2022-01-10 14:09:36,916 I 14606 14868] raylet_client.cc:336: Error reporting task backlog information: IOError: 
[2022-01-10 14:09:37,916 I 14606 14868] raylet_client.cc:336: Error reporting task backlog information: IOError: 
[2022-01-10 14:09:38,916 I 14606 14868] raylet_client.cc:336: Error reporting task backlog information: IOError: 
[2022-01-10 14:09:39,916 I 14606 14868] raylet_client.cc:336: Error reporting task backlog information: IOError: 
[2022-01-10 14:09:40,916 I 14606 14868] raylet_client.cc:336: Error reporting task backlog information: IOError: 
[2022-01-10 14:09:41,916 I 14606 14868] raylet_client.cc:336: Error reporting task backlog information: IOError: 
[2022-01-10 14:09:42,917 I 14606 14868] raylet_client.cc:336: Error reporting task backlog information: IOError: 
[2022-01-10 14:09:43,107 W 14606 14869] metric_exporter.cc:206: Export metrics to agent failed: IOError: . This won't affect Ray, but you can lose metrics from the cluster.
[2022-01-10 14:09:43,917 I 14606 14868] raylet_client.cc:336: Error reporting task backlog information: IOError: 
[2022-01-10 14:09:44,917 I 14606 14868] raylet_client.cc:336: Error reporting task backlog information: IOError: 
[2022-01-10 14:09:45,917 I 14606 14868] raylet_client.cc:336: Error reporting task backlog information: IOError: 
[2022-01-10 14:09:46,917 I 14606 14868] raylet_client.cc:336: Error reporting task backlog information: IOError: 
[2022-01-10 14:09:47,917 I 14606 14868] raylet_client.cc:336: Error reporting task backlog information: IOError: 
[2022-01-10 14:09:48,917 I 14606 14868] raylet_client.cc:336: Error reporting task backlog information: IOError: 
[2022-01-10 14:09:49,917 I 14606 14868] raylet_client.cc:336: Error reporting task backlog information: IOError: 
[2022-01-10 14:09:50,917 I 14606 14868] raylet_client.cc:336: Error reporting task backlog information: IOError: 
[2022-01-10 14:09:51,917 I 14606 14868] raylet_client.cc:336: Error reporting task backlog information: IOError: 
[2022-01-10 14:09:52,917 I 14606 14868] raylet_client.cc:336: Error reporting task backlog information: IOError: 
[2022-01-10 14:09:53,116 W 14606 14869] metric_exporter.cc:206: Export metrics to agent failed: IOError: . This won't affect Ray, but you can lose metrics from the cluster.
[2022-01-10 14:09:53,917 I 14606 14868] raylet_client.cc:336: Error reporting task backlog information: IOError: 
[2022-01-10 14:09:54,917 I 14606 14868] raylet_client.cc:336: Error reporting task backlog information: IOError: 
[2022-01-10 14:09:55,918 I 14606 14868] raylet_client.cc:336: Error reporting task backlog information: IOError: 
[2022-01-10 14:09:56,918 I 14606 14868] raylet_client.cc:336: Error reporting task backlog information: IOError: 
[2022-01-10 14:09:57,918 I 14606 14868] raylet_client.cc:336: Error reporting task backlog information: IOError: 
[2022-01-10 14:09:58,918 I 14606 14868] raylet_client.cc:336: Error reporting task backlog information: IOError: 
[2022-01-10 14:09:59,918 I 14606 14868] raylet_client.cc:336: Error reporting task backlog information: IOError: 
[2022-01-10 14:10:00,918 I 14606 14868] raylet_client.cc:336: Error reporting task backlog information: IOError: 
[2022-01-10 14:10:01,918 I 14606 14868] raylet_client.cc:336: Error reporting task backlog information: IOError: 
[2022-01-10 14:10:02,918 I 14606 14868] raylet_client.cc:336: Error reporting task backlog information: IOError: 
[2022-01-10 14:10:03,123 W 14606 14869] metric_exporter.cc:206: Export metrics to agent failed: IOError: . This won't affect Ray, but you can lose metrics from the cluster.
[2022-01-10 14:10:03,918 I 14606 14868] raylet_client.cc:336: Error reporting task backlog information: IOError: 
[2022-01-10 14:10:04,918 I 14606 14868] raylet_client.cc:336: Error reporting task backlog information: IOError: 
[2022-01-10 14:10:05,918 I 14606 14868] raylet_client.cc:336: Error reporting task backlog information: IOError: 
[2022-01-10 14:10:06,918 I 14606 14868] raylet_client.cc:336: Error reporting task backlog information: IOError: 
[2022-01-10 14:10:07,918 I 14606 14868] raylet_client.cc:336: Error reporting task backlog information: IOError: 
[2022-01-10 14:10:08,918 I 14606 14868] raylet_client.cc:336: Error reporting task backlog information: IOError: 
[2022-01-10 14:10:09,918 I 14606 14868] raylet_client.cc:336: Error reporting task backlog information: IOError: 
[2022-01-10 14:10:10,918 I 14606 14868] raylet_client.cc:336: Error reporting task backlog information: IOError: 
[2022-01-10 14:10:11,919 I 14606 14868] raylet_client.cc:336: Error reporting task backlog information: IOError: 
[2022-01-10 14:10:12,919 I 14606 14868] raylet_client.cc:336: Error reporting task backlog information: IOError: 
[2022-01-10 14:10:13,129 W 14606 14869] metric_exporter.cc:206: Export metrics to agent failed: IOError: . This won't affect Ray, but you can lose metrics from the cluster.
[2022-01-10 14:10:13,919 I 14606 14868] raylet_client.cc:336: Error reporting task backlog information: IOError: 
[2022-01-10 14:10:14,919 I 14606 14868] raylet_client.cc:336: Error reporting task backlog information: IOError: 
[2022-01-10 14:10:15,919 I 14606 14868] raylet_client.cc:336: Error reporting task backlog information: IOError: 
[2022-01-10 14:10:16,919 I 14606 14868] raylet_client.cc:336: Error reporting task backlog information: IOError: 
[2022-01-10 14:10:17,919 I 14606 14868] raylet_client.cc:336: Error reporting task backlog information: IOError: 
[2022-01-10 14:10:18,919 I 14606 14868] raylet_client.cc:336: Error reporting task backlog information: IOError: 
[2022-01-10 14:10:19,919 I 14606 14868] raylet_client.cc:336: Error reporting task backlog information: IOError: 
[2022-01-10 14:10:20,919 I 14606 14868] raylet_client.cc:336: Error reporting task backlog information: IOError: 
[2022-01-10 14:10:21,919 I 14606 14868] raylet_client.cc:336: Error reporting task backlog information: IOError: 
[2022-01-10 14:10:22,919 I 14606 14868] raylet_client.cc:336: Error reporting task backlog information: IOError: 
[2022-01-10 14:10:23,139 W 14606 14869] metric_exporter.cc:206: Export metrics to agent failed: IOError: . This won't affect Ray, but you can lose metrics from the cluster.
[2022-01-10 14:10:23,919 I 14606 14868] raylet_client.cc:336: Error reporting task backlog information: IOError: 
[2022-01-10 14:10:24,919 I 14606 14868] raylet_client.cc:336: Error reporting task backlog information: IOError: 
[2022-01-10 14:10:25,919 I 14606 14868] raylet_client.cc:336: Error reporting task backlog information: IOError: 
[2022-01-10 14:10:26,919 I 14606 14868] raylet_client.cc:336: Error reporting task backlog information: IOError: 
[2022-01-10 14:10:27,919 I 14606 14868] raylet_client.cc:336: Error reporting task backlog information: IOError: 
[2022-01-10 14:10:28,919 I 14606 14868] raylet_client.cc:336: Error reporting task backlog information: IOError: 
[2022-01-10 14:10:29,920 I 14606 14868] raylet_client.cc:336: Error reporting task backlog information: IOError: 
[2022-01-10 14:10:30,920 I 14606 14868] raylet_client.cc:336: Error reporting task backlog information: IOError: 
[2022-01-10 14:10:31,920 I 14606 14868] raylet_client.cc:336: Error reporting task backlog information: IOError: 
[2022-01-10 14:10:32,920 I 14606 14868] raylet_client.cc:336: Error reporting task backlog information: IOError: 
[2022-01-10 14:10:33,146 W 14606 14869] metric_exporter.cc:206: Export metrics to agent failed: IOError: . This won't affect Ray, but you can lose metrics from the cluster.
[2022-01-10 14:10:33,920 I 14606 14868] raylet_client.cc:336: Error reporting task backlog information: IOError: 
[2022-01-10 14:10:34,920 I 14606 14868] raylet_client.cc:336: Error reporting task backlog information: IOError: 
[2022-01-10 14:10:35,920 I 14606 14868] raylet_client.cc:336: Error reporting task backlog information: IOError: 
[2022-01-10 14:10:36,920 I 14606 14868] raylet_client.cc:336: Error reporting task backlog information: IOError: 
[2022-01-10 14:10:37,920 I 14606 14868] raylet_client.cc:336: Error reporting task backlog information: IOError: 
[2022-01-10 14:10:38,920 I 14606 14868] raylet_client.cc:336: Error reporting task backlog information: IOError: 
[2022-01-10 14:10:39,920 I 14606 14868] raylet_client.cc:336: Error reporting task backlog information: IOError: 
[2022-01-10 14:10:40,920 I 14606 14868] raylet_client.cc:336: Error reporting task backlog information: IOError: 
[2022-01-10 14:10:41,920 I 14606 14868] raylet_client.cc:336: Error reporting task backlog information: IOError: 
[2022-01-10 14:10:42,920 I 14606 14868] raylet_client.cc:336: Error reporting task backlog information: IOError: 
[2022-01-10 14:10:43,153 W 14606 14869] metric_exporter.cc:206: Export metrics to agent failed: IOError: . This won't affect Ray, but you can lose metrics from the cluster.
[2022-01-10 14:10:43,921 I 14606 14868] raylet_client.cc:336: Error reporting task backlog information: IOError: 
[2022-01-10 14:10:44,921 I 14606 14868] raylet_client.cc:336: Error reporting task backlog information: IOError: 
[2022-01-10 14:10:45,921 I 14606 14868] raylet_client.cc:336: Error reporting task backlog information: IOError: 
[2022-01-10 14:10:46,921 I 14606 14868] raylet_client.cc:336: Error reporting task backlog information: IOError: 
[2022-01-10 14:10:47,921 I 14606 14868] raylet_client.cc:336: Error reporting task backlog information: IOError: 
[2022-01-10 14:10:48,921 I 14606 14868] raylet_client.cc:336: Error reporting task backlog information: IOError: 
[2022-01-10 14:10:49,921 I 14606 14868] raylet_client.cc:336: Error reporting task backlog information: IOError: 
[2022-01-10 14:10:50,819 W 14606 14730] gcs_server_address_updater.cc:61: [301] Failed to get the gcs server address from raylet 301 times in a row. If it keeps failing to obtain the address, the worker might crash. Connection status IOError: 
[2022-01-10 14:10:50,921 I 14606 14868] raylet_client.cc:336: Error reporting task backlog information: IOError: 
[2022-01-10 14:10:51,921 I 14606 14868] raylet_client.cc:336: Error reporting task backlog information: IOError: 
[2022-01-10 14:10:52,921 I 14606 14868] raylet_client.cc:336: Error reporting task backlog information: IOError: 
[2022-01-10 14:10:53,163 W 14606 14869] metric_exporter.cc:206: Export metrics to agent failed: IOError: . This won't affect Ray, but you can lose metrics from the cluster.
[2022-01-10 14:10:53,921 I 14606 14868] raylet_client.cc:336: Error reporting task backlog information: IOError: 
[2022-01-10 14:10:54,921 I 14606 14868] raylet_client.cc:336: Error reporting task backlog information: IOError: 
[2022-01-10 14:10:55,921 I 14606 14868] raylet_client.cc:336: Error reporting task backlog information: IOError: 
[2022-01-10 14:10:56,921 I 14606 14868] raylet_client.cc:336: Error reporting task backlog information: IOError: 
[2022-01-10 14:10:57,921 I 14606 14868] raylet_client.cc:336: Error reporting task backlog information: IOError: 
[2022-01-10 14:10:58,922 I 14606 14868] raylet_client.cc:336: Error reporting task backlog information: IOError: 
[2022-01-10 14:10:59,927 I 14606 14868] raylet_client.cc:336: Error reporting task backlog information: IOError: 
[2022-01-10 14:11:00,927 I 14606 14868] raylet_client.cc:336: Error reporting task backlog information: IOError: 
[2022-01-10 14:11:01,927 I 14606 14868] raylet_client.cc:336: Error reporting task backlog information: IOError: 
[2022-01-10 14:11:02,928 I 14606 14868] raylet_client.cc:336: Error reporting task backlog information: IOError: 
[2022-01-10 14:11:03,169 W 14606 14869] metric_exporter.cc:206: Export metrics to agent failed: IOError: . This won't affect Ray, but you can lose metrics from the cluster.
[2022-01-10 14:11:03,928 I 14606 14868] raylet_client.cc:336: Error reporting task backlog information: IOError: 
[2022-01-10 14:11:04,928 I 14606 14868] raylet_client.cc:336: Error reporting task backlog information: IOError: 
[2022-01-10 14:11:05,928 I 14606 14868] raylet_client.cc:336: Error reporting task backlog information: IOError: 
[2022-01-10 14:11:06,928 I 14606 14868] raylet_client.cc:336: Error reporting task backlog information: IOError: 
[2022-01-10 14:11:07,928 I 14606 14868] raylet_client.cc:336: Error reporting task backlog information: IOError: 
[2022-01-10 14:11:08,928 I 14606 14868] raylet_client.cc:336: Error reporting task backlog information: IOError: 
[2022-01-10 14:11:09,928 I 14606 14868] raylet_client.cc:336: Error reporting task backlog information: IOError: 
[2022-01-10 14:11:10,928 I 14606 14868] raylet_client.cc:336: Error reporting task backlog information: IOError: 
[2022-01-10 14:11:11,928 I 14606 14868] raylet_client.cc:336: Error reporting task backlog information: IOError: 
[2022-01-10 14:11:12,928 I 14606 14868] raylet_client.cc:336: Error reporting task backlog information: IOError: 
[2022-01-10 14:11:13,176 W 14606 14869] metric_exporter.cc:206: Export metrics to agent failed: IOError: . This won't affect Ray, but you can lose metrics from the cluster.
[2022-01-10 14:11:13,929 I 14606 14868] raylet_client.cc:336: Error reporting task backlog information: IOError: 
[2022-01-10 14:11:14,929 I 14606 14868] raylet_client.cc:336: Error reporting task backlog information: IOError: 
[2022-01-10 14:11:15,929 I 14606 14868] raylet_client.cc:336: Error reporting task backlog information: IOError: 
[2022-01-10 14:11:16,929 I 14606 14868] raylet_client.cc:336: Error reporting task backlog information: IOError: 
[2022-01-10 14:11:17,929 I 14606 14868] raylet_client.cc:336: Error reporting task backlog information: IOError: 
[2022-01-10 14:11:18,929 I 14606 14868] raylet_client.cc:336: Error reporting task backlog information: IOError: 
[2022-01-10 14:11:19,929 I 14606 14868] raylet_client.cc:336: Error reporting task backlog information: IOError: 
[2022-01-10 14:11:20,929 I 14606 14868] raylet_client.cc:336: Error reporting task backlog information: IOError: 
[2022-01-10 14:11:21,929 I 14606 14868] raylet_client.cc:336: Error reporting task backlog information: IOError: 
[2022-01-10 14:11:22,929 I 14606 14868] raylet_client.cc:336: Error reporting task backlog information: IOError: 
[2022-01-10 14:11:23,183 W 14606 14869] metric_exporter.cc:206: Export metrics to agent failed: IOError: . This won't affect Ray, but you can lose metrics from the cluster.
[2022-01-10 14:11:23,929 I 14606 14868] raylet_client.cc:336: Error reporting task backlog information: IOError: 
[2022-01-10 14:11:24,929 I 14606 14868] raylet_client.cc:336: Error reporting task backlog information: IOError: 
[2022-01-10 14:11:25,929 I 14606 14868] raylet_client.cc:336: Error reporting task backlog information: IOError: 
[2022-01-10 14:11:26,929 I 14606 14868] raylet_client.cc:336: Error reporting task backlog information: IOError: 
[2022-01-10 14:11:27,930 I 14606 14868] raylet_client.cc:336: Error reporting task backlog information: IOError: 
[2022-01-10 14:11:28,930 I 14606 14868] raylet_client.cc:336: Error reporting task backlog information: IOError: 
[2022-01-10 14:11:29,930 I 14606 14868] raylet_client.cc:336: Error reporting task backlog information: IOError: 
[2022-01-10 14:11:30,930 I 14606 14868] raylet_client.cc:336: Error reporting task backlog information: IOError: 
[2022-01-10 14:11:31,930 I 14606 14868] raylet_client.cc:336: Error reporting task backlog information: IOError: 
[2022-01-10 14:11:32,930 I 14606 14868] raylet_client.cc:336: Error reporting task backlog information: IOError: 
[2022-01-10 14:11:33,189 W 14606 14869] metric_exporter.cc:206: Export metrics to agent failed: IOError: . This won't affect Ray, but you can lose metrics from the cluster.
[2022-01-10 14:11:33,930 I 14606 14868] raylet_client.cc:336: Error reporting task backlog information: IOError: 
[2022-01-10 14:11:34,930 I 14606 14868] raylet_client.cc:336: Error reporting task backlog information: IOError: 
[2022-01-10 14:11:35,930 I 14606 14868] raylet_client.cc:336: Error reporting task backlog information: IOError: 
[2022-01-10 14:11:36,930 I 14606 14868] raylet_client.cc:336: Error reporting task backlog information: IOError: 
[2022-01-10 14:11:37,930 I 14606 14868] raylet_client.cc:336: Error reporting task backlog information: IOError: 
[2022-01-10 14:11:38,930 I 14606 14868] raylet_client.cc:336: Error reporting task backlog information: IOError: 
[2022-01-10 14:11:39,931 I 14606 14868] raylet_client.cc:336: Error reporting task backlog information: IOError: 
[2022-01-10 14:11:40,931 I 14606 14868] raylet_client.cc:336: Error reporting task backlog information: IOError: 
[2022-01-10 14:11:41,931 I 14606 14868] raylet_client.cc:336: Error reporting task backlog information: IOError: 
[2022-01-10 14:11:42,931 I 14606 14868] raylet_client.cc:336: Error reporting task backlog information: IOError: 
[2022-01-10 14:11:43,199 W 14606 14869] metric_exporter.cc:206: Export metrics to agent failed: IOError: . This won't affect Ray, but you can lose metrics from the cluster.
[2022-01-10 14:11:43,931 I 14606 14868] raylet_client.cc:336: Error reporting task backlog information: IOError: 
[2022-01-10 14:11:44,931 I 14606 14868] raylet_client.cc:336: Error reporting task backlog information: IOError: 
[2022-01-10 14:11:45,931 I 14606 14868] raylet_client.cc:336: Error reporting task backlog information: IOError: 
[2022-01-10 14:11:46,931 I 14606 14868] raylet_client.cc:336: Error reporting task backlog information: IOError: 
[2022-01-10 14:11:47,931 I 14606 14868] raylet_client.cc:336: Error reporting task backlog information: IOError: 
[2022-01-10 14:11:48,931 I 14606 14868] raylet_client.cc:336: Error reporting task backlog information: IOError: 
[2022-01-10 14:11:49,931 I 14606 14868] raylet_client.cc:336: Error reporting task backlog information: IOError: 
[2022-01-10 14:11:50,931 I 14606 14868] raylet_client.cc:336: Error reporting task backlog information: IOError: 
[2022-01-10 14:11:51,931 I 14606 14868] raylet_client.cc:336: Error reporting task backlog information: IOError: 
[2022-01-10 14:11:52,931 I 14606 14868] raylet_client.cc:336: Error reporting task backlog information: IOError: 
[2022-01-10 14:11:53,206 W 14606 14869] metric_exporter.cc:206: Export metrics to agent failed: IOError: . This won't affect Ray, but you can lose metrics from the cluster.
[2022-01-10 14:11:53,932 I 14606 14868] raylet_client.cc:336: Error reporting task backlog information: IOError: 
[2022-01-10 14:11:54,932 I 14606 14868] raylet_client.cc:336: Error reporting task backlog information: IOError: 
[2022-01-10 14:11:55,937 I 14606 14868] raylet_client.cc:336: Error reporting task backlog information: IOError: 
[2022-01-10 14:11:56,937 I 14606 14868] raylet_client.cc:336: Error reporting task backlog information: IOError: 
[2022-01-10 14:11:57,937 I 14606 14868] raylet_client.cc:336: Error reporting task backlog information: IOError: 
[2022-01-10 14:11:58,937 I 14606 14868] raylet_client.cc:336: Error reporting task backlog information: IOError: 
[2022-01-10 14:11:59,937 I 14606 14868] raylet_client.cc:336: Error reporting task backlog information: IOError: 
[2022-01-10 14:12:00,937 I 14606 14868] raylet_client.cc:336: Error reporting task backlog information: IOError: 
[2022-01-10 14:12:01,937 I 14606 14868] raylet_client.cc:336: Error reporting task backlog information: IOError: 
[2022-01-10 14:12:02,937 I 14606 14868] raylet_client.cc:336: Error reporting task backlog information: IOError: 
[2022-01-10 14:12:03,214 W 14606 14869] metric_exporter.cc:206: Export metrics to agent failed: IOError: . This won't affect Ray, but you can lose metrics from the cluster.
[2022-01-10 14:12:03,937 I 14606 14868] raylet_client.cc:336: Error reporting task backlog information: IOError: 
[2022-01-10 14:12:04,937 I 14606 14868] raylet_client.cc:336: Error reporting task backlog information: IOError: 
[2022-01-10 14:12:05,937 I 14606 14868] raylet_client.cc:336: Error reporting task backlog information: IOError: 
[2022-01-10 14:12:06,938 I 14606 14868] raylet_client.cc:336: Error reporting task backlog information: IOError: 
[2022-01-10 14:12:07,938 I 14606 14868] raylet_client.cc:336: Error reporting task backlog information: IOError: 
[2022-01-10 14:12:08,938 I 14606 14868] raylet_client.cc:336: Error reporting task backlog information: IOError: 
[2022-01-10 14:12:09,938 I 14606 14868] raylet_client.cc:336: Error reporting task backlog information: IOError: 
[2022-01-10 14:12:10,938 I 14606 14868] raylet_client.cc:336: Error reporting task backlog information: IOError: 
[2022-01-10 14:12:11,938 I 14606 14868] raylet_client.cc:336: Error reporting task backlog information: IOError: 
[2022-01-10 14:12:12,938 I 14606 14868] raylet_client.cc:336: Error reporting task backlog information: IOError: 
[2022-01-10 14:12:13,220 W 14606 14869] metric_exporter.cc:206: Export metrics to agent failed: IOError: . This won't affect Ray, but you can lose metrics from the cluster.
[2022-01-10 14:12:13,938 I 14606 14868] raylet_client.cc:336: Error reporting task backlog information: IOError: 
[2022-01-10 14:12:14,938 I 14606 14868] raylet_client.cc:336: Error reporting task backlog information: IOError: 
[2022-01-10 14:12:15,938 I 14606 14868] raylet_client.cc:336: Error reporting task backlog information: IOError: 
[2022-01-10 14:12:16,938 I 14606 14868] raylet_client.cc:336: Error reporting task backlog information: IOError: 
[2022-01-10 14:12:17,938 I 14606 14868] raylet_client.cc:336: Error reporting task backlog information: IOError: 
[2022-01-10 14:12:18,938 I 14606 14868] raylet_client.cc:336: Error reporting task backlog information: IOError: 
[2022-01-10 14:12:19,939 I 14606 14868] raylet_client.cc:336: Error reporting task backlog information: IOError: 
[2022-01-10 14:12:20,939 I 14606 14868] raylet_client.cc:336: Error reporting task backlog information: IOError: 
[2022-01-10 14:12:21,939 I 14606 14868] raylet_client.cc:336: Error reporting task backlog information: IOError: 
[2022-01-10 14:12:22,939 I 14606 14868] raylet_client.cc:336: Error reporting task backlog information: IOError: 
[2022-01-10 14:12:23,235 W 14606 14869] metric_exporter.cc:206: Export metrics to agent failed: IOError: . This won't affect Ray, but you can lose metrics from the cluster.
[2022-01-10 14:12:23,939 I 14606 14868] raylet_client.cc:336: Error reporting task backlog information: IOError: 
[2022-01-10 14:12:24,939 I 14606 14868] raylet_client.cc:336: Error reporting task backlog information: IOError: 
[2022-01-10 14:12:25,939 I 14606 14868] raylet_client.cc:336: Error reporting task backlog information: IOError: 
[2022-01-10 14:12:26,939 I 14606 14868] raylet_client.cc:336: Error reporting task backlog information: IOError: 
[2022-01-10 14:12:27,939 I 14606 14868] raylet_client.cc:336: Error reporting task backlog information: IOError: 
[2022-01-10 14:12:28,939 I 14606 14868] raylet_client.cc:336: Error reporting task backlog information: IOError: 
[2022-01-10 14:12:29,939 I 14606 14868] raylet_client.cc:336: Error reporting task backlog information: IOError: 
[2022-01-10 14:12:30,939 I 14606 14868] raylet_client.cc:336: Error reporting task backlog information: IOError: 
[2022-01-10 14:12:31,939 I 14606 14868] raylet_client.cc:336: Error reporting task backlog information: IOError: 
[2022-01-10 14:12:32,940 I 14606 14868] raylet_client.cc:336: Error reporting task backlog information: IOError: 
[2022-01-10 14:12:33,242 W 14606 14869] metric_exporter.cc:206: Export metrics to agent failed: IOError: . This won't affect Ray, but you can lose metrics from the cluster.
[2022-01-10 14:12:33,940 I 14606 14868] raylet_client.cc:336: Error reporting task backlog information: IOError: 
[2022-01-10 14:12:34,940 I 14606 14868] raylet_client.cc:336: Error reporting task backlog information: IOError: 
[2022-01-10 14:12:35,940 I 14606 14868] raylet_client.cc:336: Error reporting task backlog information: IOError: 
[2022-01-10 14:12:36,940 I 14606 14868] raylet_client.cc:336: Error reporting task backlog information: IOError: 
[2022-01-10 14:12:37,940 I 14606 14868] raylet_client.cc:336: Error reporting task backlog information: IOError: 
[2022-01-10 14:12:38,940 I 14606 14868] raylet_client.cc:336: Error reporting task backlog information: IOError: 
[2022-01-10 14:12:39,940 I 14606 14868] raylet_client.cc:336: Error reporting task backlog information: IOError: 
[2022-01-10 14:12:40,940 I 14606 14868] raylet_client.cc:336: Error reporting task backlog information: IOError: 
[2022-01-10 14:12:41,940 I 14606 14868] raylet_client.cc:336: Error reporting task backlog information: IOError: 
[2022-01-10 14:12:42,940 I 14606 14868] raylet_client.cc:336: Error reporting task backlog information: IOError: 
[2022-01-10 14:12:43,249 W 14606 14869] metric_exporter.cc:206: Export metrics to agent failed: IOError: . This won't affect Ray, but you can lose metrics from the cluster.
[2022-01-10 14:12:43,940 I 14606 14868] raylet_client.cc:336: Error reporting task backlog information: IOError: 
[2022-01-10 14:12:44,940 I 14606 14868] raylet_client.cc:336: Error reporting task backlog information: IOError: 
[2022-01-10 14:12:45,941 I 14606 14868] raylet_client.cc:336: Error reporting task backlog information: IOError: 
[2022-01-10 14:12:46,941 I 14606 14868] raylet_client.cc:336: Error reporting task backlog information: IOError: 
[2022-01-10 14:12:47,941 I 14606 14868] raylet_client.cc:336: Error reporting task backlog information: IOError: 
[2022-01-10 14:12:48,941 I 14606 14868] raylet_client.cc:336: Error reporting task backlog information: IOError: 
[2022-01-10 14:12:49,941 I 14606 14868] raylet_client.cc:336: Error reporting task backlog information: IOError: 
[2022-01-10 14:12:50,941 I 14606 14868] raylet_client.cc:336: Error reporting task backlog information: IOError: 
[2022-01-10 14:12:51,941 I 14606 14868] raylet_client.cc:336: Error reporting task backlog information: IOError: 
[2022-01-10 14:12:52,941 I 14606 14868] raylet_client.cc:336: Error reporting task backlog information: IOError: 
[2022-01-10 14:12:53,256 W 14606 14869] metric_exporter.cc:206: Export metrics to agent failed: IOError: . This won't affect Ray, but you can lose metrics from the cluster.
[2022-01-10 14:12:53,941 I 14606 14868] raylet_client.cc:336: Error reporting task backlog information: IOError: 
[2022-01-10 14:12:54,941 I 14606 14868] raylet_client.cc:336: Error reporting task backlog information: IOError: 
[2022-01-10 14:12:55,941 I 14606 14868] raylet_client.cc:336: Error reporting task backlog information: IOError: 
[2022-01-10 14:12:56,941 I 14606 14868] raylet_client.cc:336: Error reporting task backlog information: IOError: 
[2022-01-10 14:12:57,941 I 14606 14868] raylet_client.cc:336: Error reporting task backlog information: IOError: 
[2022-01-10 14:12:58,941 I 14606 14868] raylet_client.cc:336: Error reporting task backlog information: IOError: 
[2022-01-10 14:12:59,942 I 14606 14868] raylet_client.cc:336: Error reporting task backlog information: IOError: 
[2022-01-10 14:13:00,942 I 14606 14868] raylet_client.cc:336: Error reporting task backlog information: IOError: 
[2022-01-10 14:13:01,942 I 14606 14868] raylet_client.cc:336: Error reporting task backlog information: IOError: 
[2022-01-10 14:13:02,942 I 14606 14868] raylet_client.cc:336: Error reporting task backlog information: IOError: 
[2022-01-10 14:13:03,263 W 14606 14869] metric_exporter.cc:206: Export metrics to agent failed: IOError: . This won't affect Ray, but you can lose metrics from the cluster.
[2022-01-10 14:13:03,942 I 14606 14868] raylet_client.cc:336: Error reporting task backlog information: IOError: 
[2022-01-10 14:13:04,942 I 14606 14868] raylet_client.cc:336: Error reporting task backlog information: IOError: 
[2022-01-10 14:13:05,942 I 14606 14868] raylet_client.cc:336: Error reporting task backlog information: IOError: 
[2022-01-10 14:13:06,942 I 14606 14868] raylet_client.cc:336: Error reporting task backlog information: IOError: 
[2022-01-10 14:13:07,942 I 14606 14868] raylet_client.cc:336: Error reporting task backlog information: IOError: 
[2022-01-10 14:13:08,942 I 14606 14868] raylet_client.cc:336: Error reporting task backlog information: IOError: 
[2022-01-10 14:13:09,942 I 14606 14868] raylet_client.cc:336: Error reporting task backlog information: IOError: 
[2022-01-10 14:13:10,942 I 14606 14868] raylet_client.cc:336: Error reporting task backlog information: IOError: 
[2022-01-10 14:13:11,942 I 14606 14868] raylet_client.cc:336: Error reporting task backlog information: IOError: 
[2022-01-10 14:13:12,942 I 14606 14868] raylet_client.cc:336: Error reporting task backlog information: IOError: 
[2022-01-10 14:13:13,269 W 14606 14869] metric_exporter.cc:206: Export metrics to agent failed: IOError: . This won't affect Ray, but you can lose metrics from the cluster.
[2022-01-10 14:13:13,943 I 14606 14868] raylet_client.cc:336: Error reporting task backlog information: IOError: 
[2022-01-10 14:13:14,943 I 14606 14868] raylet_client.cc:336: Error reporting task backlog information: IOError: 
[2022-01-10 14:13:15,943 I 14606 14868] raylet_client.cc:336: Error reporting task backlog information: IOError: 
[2022-01-10 14:13:16,943 I 14606 14868] raylet_client.cc:336: Error reporting task backlog information: IOError: 
[2022-01-10 14:13:17,943 I 14606 14868] raylet_client.cc:336: Error reporting task backlog information: IOError: 
[2022-01-10 14:13:18,943 I 14606 14868] raylet_client.cc:336: Error reporting task backlog information: IOError: 
[2022-01-10 14:13:19,943 I 14606 14868] raylet_client.cc:336: Error reporting task backlog information: IOError: 
[2022-01-10 14:13:20,943 I 14606 14868] raylet_client.cc:336: Error reporting task backlog information: IOError: 
[2022-01-10 14:13:21,943 I 14606 14868] raylet_client.cc:336: Error reporting task backlog information: IOError: 
[2022-01-10 14:13:22,943 I 14606 14868] raylet_client.cc:336: Error reporting task backlog information: IOError: 
[2022-01-10 14:13:23,277 W 14606 14869] metric_exporter.cc:206: Export metrics to agent failed: IOError: . This won't affect Ray, but you can lose metrics from the cluster.
[2022-01-10 14:13:23,943 I 14606 14868] raylet_client.cc:336: Error reporting task backlog information: IOError: 
[2022-01-10 14:13:24,943 I 14606 14868] raylet_client.cc:336: Error reporting task backlog information: IOError: 
[2022-01-10 14:13:25,943 I 14606 14868] raylet_client.cc:336: Error reporting task backlog information: IOError: 
[2022-01-10 14:13:26,943 I 14606 14868] raylet_client.cc:336: Error reporting task backlog information: IOError: 
[2022-01-10 14:13:27,944 I 14606 14868] raylet_client.cc:336: Error reporting task backlog information: IOError: 
[2022-01-10 14:13:28,944 I 14606 14868] raylet_client.cc:336: Error reporting task backlog information: IOError: 
[2022-01-10 14:13:29,944 I 14606 14868] raylet_client.cc:336: Error reporting task backlog information: IOError: 
[2022-01-10 14:13:30,944 I 14606 14868] raylet_client.cc:336: Error reporting task backlog information: IOError: 
[2022-01-10 14:13:31,944 I 14606 14868] raylet_client.cc:336: Error reporting task backlog information: IOError: 
[2022-01-10 14:13:32,944 I 14606 14868] raylet_client.cc:336: Error reporting task backlog information: IOError: 
[2022-01-10 14:13:33,284 W 14606 14869] metric_exporter.cc:206: Export metrics to agent failed: IOError: . This won't affect Ray, but you can lose metrics from the cluster.
[2022-01-10 14:13:33,944 I 14606 14868] raylet_client.cc:336: Error reporting task backlog information: IOError: 
[2022-01-10 14:13:34,944 I 14606 14868] raylet_client.cc:336: Error reporting task backlog information: IOError: 
[2022-01-10 14:13:35,944 I 14606 14868] raylet_client.cc:336: Error reporting task backlog information: IOError: 
[2022-01-10 14:13:36,945 I 14606 14868] raylet_client.cc:336: Error reporting task backlog information: IOError: 
[2022-01-10 14:13:37,944 I 14606 14868] raylet_client.cc:336: Error reporting task backlog information: IOError: 
[2022-01-10 14:13:38,945 I 14606 14868] raylet_client.cc:336: Error reporting task backlog information: IOError: 
[2022-01-10 14:13:39,945 I 14606 14868] raylet_client.cc:336: Error reporting task backlog information: IOError: 
[2022-01-10 14:13:40,945 I 14606 14868] raylet_client.cc:336: Error reporting task backlog information: IOError: 
[2022-01-10 14:13:41,945 I 14606 14868] raylet_client.cc:336: Error reporting task backlog information: IOError: 
[2022-01-10 14:13:42,945 I 14606 14868] raylet_client.cc:336: Error reporting task backlog information: IOError: 
[2022-01-10 14:13:43,290 W 14606 14869] metric_exporter.cc:206: Export metrics to agent failed: IOError: . This won't affect Ray, but you can lose metrics from the cluster.
[2022-01-10 14:13:43,945 I 14606 14868] raylet_client.cc:336: Error reporting task backlog information: IOError: 
[2022-01-10 14:13:44,945 I 14606 14868] raylet_client.cc:336: Error reporting task backlog information: IOError: 
[2022-01-10 14:13:45,945 I 14606 14868] raylet_client.cc:336: Error reporting task backlog information: IOError: 
[2022-01-10 14:13:46,945 I 14606 14868] raylet_client.cc:336: Error reporting task backlog information: IOError: 
[2022-01-10 14:13:47,945 I 14606 14868] raylet_client.cc:336: Error reporting task backlog information: IOError: 
[2022-01-10 14:13:48,945 I 14606 14868] raylet_client.cc:336: Error reporting task backlog information: IOError: 
[2022-01-10 14:13:49,945 I 14606 14868] raylet_client.cc:336: Error reporting task backlog information: IOError: 
[2022-01-10 14:13:50,945 I 14606 14868] raylet_client.cc:336: Error reporting task backlog information: IOError: 
[2022-01-10 14:13:51,946 I 14606 14868] raylet_client.cc:336: Error reporting task backlog information: IOError: 
[2022-01-10 14:13:52,946 I 14606 14868] raylet_client.cc:336: Error reporting task backlog information: IOError: 
[2022-01-10 14:13:53,297 W 14606 14869] metric_exporter.cc:206: Export metrics to agent failed: IOError: . This won't affect Ray, but you can lose metrics from the cluster.
[2022-01-10 14:13:53,946 I 14606 14868] raylet_client.cc:336: Error reporting task backlog information: IOError: 
[2022-01-10 14:13:54,946 I 14606 14868] raylet_client.cc:336: Error reporting task backlog information: IOError: 
[2022-01-10 14:13:55,946 I 14606 14868] raylet_client.cc:336: Error reporting task backlog information: IOError: 
[2022-01-10 14:13:56,946 I 14606 14868] raylet_client.cc:336: Error reporting task backlog information: IOError: 
[2022-01-10 14:13:57,946 I 14606 14868] raylet_client.cc:336: Error reporting task backlog information: IOError: 
[2022-01-10 14:13:58,946 I 14606 14868] raylet_client.cc:336: Error reporting task backlog information: IOError: 
[2022-01-10 14:13:59,946 I 14606 14868] raylet_client.cc:336: Error reporting task backlog information: IOError: 
[2022-01-10 14:14:00,946 I 14606 14868] raylet_client.cc:336: Error reporting task backlog information: IOError: 
[2022-01-10 14:14:01,946 I 14606 14868] raylet_client.cc:336: Error reporting task backlog information: IOError: 
[2022-01-10 14:14:02,946 I 14606 14868] raylet_client.cc:336: Error reporting task backlog information: IOError: 
[2022-01-10 14:14:03,304 W 14606 14869] metric_exporter.cc:206: Export metrics to agent failed: IOError: . This won't affect Ray, but you can lose metrics from the cluster.
[2022-01-10 14:14:03,946 I 14606 14868] raylet_client.cc:336: Error reporting task backlog information: IOError: 
[2022-01-10 14:14:04,947 I 14606 14868] raylet_client.cc:336: Error reporting task backlog information: IOError: 
[2022-01-10 14:14:05,947 I 14606 14868] raylet_client.cc:336: Error reporting task backlog information: IOError: 
[2022-01-10 14:14:06,947 I 14606 14868] raylet_client.cc:336: Error reporting task backlog information: IOError: 
[2022-01-10 14:14:07,947 I 14606 14868] raylet_client.cc:336: Error reporting task backlog information: IOError: 
[2022-01-10 14:14:08,947 I 14606 14868] raylet_client.cc:336: Error reporting task backlog information: IOError: 
[2022-01-10 14:14:09,947 I 14606 14868] raylet_client.cc:336: Error reporting task backlog information: IOError: 
[2022-01-10 14:14:10,947 I 14606 14868] raylet_client.cc:336: Error reporting task backlog information: IOError: 
[2022-01-10 14:14:11,947 I 14606 14868] raylet_client.cc:336: Error reporting task backlog information: IOError: 
[2022-01-10 14:14:12,947 I 14606 14868] raylet_client.cc:336: Error reporting task backlog information: IOError: 
[2022-01-10 14:14:13,312 W 14606 14869] metric_exporter.cc:206: Export metrics to agent failed: IOError: . This won't affect Ray, but you can lose metrics from the cluster.
[2022-01-10 14:14:13,947 I 14606 14868] raylet_client.cc:336: Error reporting task backlog information: IOError: 
[2022-01-10 14:14:14,947 I 14606 14868] raylet_client.cc:336: Error reporting task backlog information: IOError: 
[2022-01-10 14:14:15,947 I 14606 14868] raylet_client.cc:336: Error reporting task backlog information: IOError: 
[2022-01-10 14:14:16,947 I 14606 14868] raylet_client.cc:336: Error reporting task backlog information: IOError: 
[2022-01-10 14:14:17,948 I 14606 14868] raylet_client.cc:336: Error reporting task backlog information: IOError: 
[2022-01-10 14:14:18,948 I 14606 14868] raylet_client.cc:336: Error reporting task backlog information: IOError: 
[2022-01-10 14:14:19,951 I 14606 14868] raylet_client.cc:336: Error reporting task backlog information: IOError: 
[2022-01-10 14:14:20,951 I 14606 14868] raylet_client.cc:336: Error reporting task backlog information: IOError: 
[2022-01-10 14:14:21,951 I 14606 14868] raylet_client.cc:336: Error reporting task backlog information: IOError: 
[2022-01-10 14:14:22,952 I 14606 14868] raylet_client.cc:336: Error reporting task backlog information: IOError: 
[2022-01-10 14:14:23,318 W 14606 14869] metric_exporter.cc:206: Export metrics to agent failed: IOError: . This won't affect Ray, but you can lose metrics from the cluster.
[2022-01-10 14:14:23,952 I 14606 14868] raylet_client.cc:336: Error reporting task backlog information: IOError: 
[2022-01-10 14:14:24,952 I 14606 14868] raylet_client.cc:336: Error reporting task backlog information: IOError: 
[2022-01-10 14:14:25,952 I 14606 14868] raylet_client.cc:336: Error reporting task backlog information: IOError: 
[2022-01-10 14:14:26,952 I 14606 14868] raylet_client.cc:336: Error reporting task backlog information: IOError: 
[2022-01-10 14:14:27,952 I 14606 14868] raylet_client.cc:336: Error reporting task backlog information: IOError: 
[2022-01-10 14:14:28,952 I 14606 14868] raylet_client.cc:336: Error reporting task backlog information: IOError: 
[2022-01-10 14:14:29,952 I 14606 14868] raylet_client.cc:336: Error reporting task backlog information: IOError: 
[2022-01-10 14:14:30,952 I 14606 14868] raylet_client.cc:336: Error reporting task backlog information: IOError: 
[2022-01-10 14:14:31,952 I 14606 14868] raylet_client.cc:336: Error reporting task backlog information: IOError: 
[2022-01-10 14:14:32,952 I 14606 14868] raylet_client.cc:336: Error reporting task backlog information: IOError: 
[2022-01-10 14:14:33,325 W 14606 14869] metric_exporter.cc:206: Export metrics to agent failed: IOError: . This won't affect Ray, but you can lose metrics from the cluster.
[2022-01-10 14:14:33,953 I 14606 14868] raylet_client.cc:336: Error reporting task backlog information: IOError: 
[2022-01-10 14:14:34,953 I 14606 14868] raylet_client.cc:336: Error reporting task backlog information: IOError: 
[2022-01-10 14:14:35,953 I 14606 14868] raylet_client.cc:336: Error reporting task backlog information: IOError: 
[2022-01-10 14:14:36,953 I 14606 14868] raylet_client.cc:336: Error reporting task backlog information: IOError: 
[2022-01-10 14:14:37,953 I 14606 14868] raylet_client.cc:336: Error reporting task backlog information: IOError: 
[2022-01-10 14:14:38,953 I 14606 14868] raylet_client.cc:336: Error reporting task backlog information: IOError: 
[2022-01-10 14:14:39,953 I 14606 14868] raylet_client.cc:336: Error reporting task backlog information: IOError: 
[2022-01-10 14:14:40,953 I 14606 14868] raylet_client.cc:336: Error reporting task backlog information: IOError: 
[2022-01-10 14:14:41,953 I 14606 14868] raylet_client.cc:336: Error reporting task backlog information: IOError: 
[2022-01-10 14:14:42,953 I 14606 14868] raylet_client.cc:336: Error reporting task backlog information: IOError: 
[2022-01-10 14:14:43,331 W 14606 14869] metric_exporter.cc:206: Export metrics to agent failed: IOError: . This won't affect Ray, but you can lose metrics from the cluster.
[2022-01-10 14:14:43,953 I 14606 14868] raylet_client.cc:336: Error reporting task backlog information: IOError: 
[2022-01-10 14:14:44,953 I 14606 14868] raylet_client.cc:336: Error reporting task backlog information: IOError: 
[2022-01-10 14:14:45,953 I 14606 14868] raylet_client.cc:336: Error reporting task backlog information: IOError: 
[2022-01-10 14:14:46,954 I 14606 14868] raylet_client.cc:336: Error reporting task backlog information: IOError: 
[2022-01-10 14:14:47,954 I 14606 14868] raylet_client.cc:336: Error reporting task backlog information: IOError: 
[2022-01-10 14:14:48,954 I 14606 14868] raylet_client.cc:336: Error reporting task backlog information: IOError: 
[2022-01-10 14:14:49,954 I 14606 14868] raylet_client.cc:336: Error reporting task backlog information: IOError: 
[2022-01-10 14:14:50,954 I 14606 14868] raylet_client.cc:336: Error reporting task backlog information: IOError: 
[2022-01-10 14:14:51,954 I 14606 14868] raylet_client.cc:336: Error reporting task backlog information: IOError: 
[2022-01-10 14:14:52,954 I 14606 14868] raylet_client.cc:336: Error reporting task backlog information: IOError: 
[2022-01-10 14:14:53,338 W 14606 14869] metric_exporter.cc:206: Export metrics to agent failed: IOError: . This won't affect Ray, but you can lose metrics from the cluster.
[2022-01-10 14:14:53,954 I 14606 14868] raylet_client.cc:336: Error reporting task backlog information: IOError: 
[2022-01-10 14:14:54,954 I 14606 14868] raylet_client.cc:336: Error reporting task backlog information: IOError: 
[2022-01-10 14:14:55,954 I 14606 14868] raylet_client.cc:336: Error reporting task backlog information: IOError: 
[2022-01-10 14:14:56,954 I 14606 14868] raylet_client.cc:336: Error reporting task backlog information: IOError: 
[2022-01-10 14:14:57,954 I 14606 14868] raylet_client.cc:336: Error reporting task backlog information: IOError: 
[2022-01-10 14:14:58,954 I 14606 14868] raylet_client.cc:336: Error reporting task backlog information: IOError: 
[2022-01-10 14:14:59,955 I 14606 14868] raylet_client.cc:336: Error reporting task backlog information: IOError: 
[2022-01-10 14:15:00,955 I 14606 14868] raylet_client.cc:336: Error reporting task backlog information: IOError: 
[2022-01-10 14:15:01,955 I 14606 14868] raylet_client.cc:336: Error reporting task backlog information: IOError: 
[2022-01-10 14:15:02,955 I 14606 14868] raylet_client.cc:336: Error reporting task backlog information: IOError: 
[2022-01-10 14:15:03,344 W 14606 14869] metric_exporter.cc:206: Export metrics to agent failed: IOError: . This won't affect Ray, but you can lose metrics from the cluster.
[2022-01-10 14:15:03,955 I 14606 14868] raylet_client.cc:336: Error reporting task backlog information: IOError: 
[2022-01-10 14:15:04,955 I 14606 14868] raylet_client.cc:336: Error reporting task backlog information: IOError: 
[2022-01-10 14:15:05,955 I 14606 14868] raylet_client.cc:336: Error reporting task backlog information: IOError: 
[2022-01-10 14:15:06,955 I 14606 14868] raylet_client.cc:336: Error reporting task backlog information: IOError: 
[2022-01-10 14:15:07,955 I 14606 14868] raylet_client.cc:336: Error reporting task backlog information: IOError: 
[2022-01-10 14:15:08,955 I 14606 14868] raylet_client.cc:336: Error reporting task backlog information: IOError: 
[2022-01-10 14:15:09,955 I 14606 14868] raylet_client.cc:336: Error reporting task backlog information: IOError: 
[2022-01-10 14:15:10,955 I 14606 14868] raylet_client.cc:336: Error reporting task backlog information: IOError: 
[2022-01-10 14:15:11,955 I 14606 14868] raylet_client.cc:336: Error reporting task backlog information: IOError: 
[2022-01-10 14:15:12,956 I 14606 14868] raylet_client.cc:336: Error reporting task backlog information: IOError: 
[2022-01-10 14:15:13,352 W 14606 14869] metric_exporter.cc:206: Export metrics to agent failed: IOError: . This won't affect Ray, but you can lose metrics from the cluster.
[2022-01-10 14:15:13,956 I 14606 14868] raylet_client.cc:336: Error reporting task backlog information: IOError: 
[2022-01-10 14:15:14,956 I 14606 14868] raylet_client.cc:336: Error reporting task backlog information: IOError: 
[2022-01-10 14:15:15,956 I 14606 14868] raylet_client.cc:336: Error reporting task backlog information: IOError: 
[2022-01-10 14:15:16,956 I 14606 14868] raylet_client.cc:336: Error reporting task backlog information: IOError: 
[2022-01-10 14:15:17,956 I 14606 14868] raylet_client.cc:336: Error reporting task backlog information: IOError: 
[2022-01-10 14:15:18,956 I 14606 14868] raylet_client.cc:336: Error reporting task backlog information: IOError: 
[2022-01-10 14:15:19,956 I 14606 14868] raylet_client.cc:336: Error reporting task backlog information: IOError: 
[2022-01-10 14:15:20,956 I 14606 14868] raylet_client.cc:336: Error reporting task backlog information: IOError: 
[2022-01-10 14:15:21,956 I 14606 14868] raylet_client.cc:336: Error reporting task backlog information: IOError: 
[2022-01-10 14:15:22,956 I 14606 14868] raylet_client.cc:336: Error reporting task backlog information: IOError: 
[2022-01-10 14:15:23,359 W 14606 14869] metric_exporter.cc:206: Export metrics to agent failed: IOError: . This won't affect Ray, but you can lose metrics from the cluster.
[2022-01-10 14:15:23,956 I 14606 14868] raylet_client.cc:336: Error reporting task backlog information: IOError: 
[2022-01-10 14:15:24,956 I 14606 14868] raylet_client.cc:336: Error reporting task backlog information: IOError: 
[2022-01-10 14:15:25,956 I 14606 14868] raylet_client.cc:336: Error reporting task backlog information: IOError: 
[2022-01-10 14:15:26,957 I 14606 14868] raylet_client.cc:336: Error reporting task backlog information: IOError: 
[2022-01-10 14:15:27,957 I 14606 14868] raylet_client.cc:336: Error reporting task backlog information: IOError: 
[2022-01-10 14:15:28,957 I 14606 14868] raylet_client.cc:336: Error reporting task backlog information: IOError: 
[2022-01-10 14:15:29,957 I 14606 14868] raylet_client.cc:336: Error reporting task backlog information: IOError: 
[2022-01-10 14:15:30,957 I 14606 14868] raylet_client.cc:336: Error reporting task backlog information: IOError: 
[2022-01-10 14:15:31,957 I 14606 14868] raylet_client.cc:336: Error reporting task backlog information: IOError: 
[2022-01-10 14:15:32,957 I 14606 14868] raylet_client.cc:336: Error reporting task backlog information: IOError: 
[2022-01-10 14:15:33,366 W 14606 14869] metric_exporter.cc:206: Export metrics to agent failed: IOError: . This won't affect Ray, but you can lose metrics from the cluster.
[2022-01-10 14:15:33,957 I 14606 14868] raylet_client.cc:336: Error reporting task backlog information: IOError: 
[2022-01-10 14:15:34,957 I 14606 14868] raylet_client.cc:336: Error reporting task backlog information: IOError: 
[2022-01-10 14:15:35,957 I 14606 14868] raylet_client.cc:336: Error reporting task backlog information: IOError: 
[2022-01-10 14:15:36,957 I 14606 14868] raylet_client.cc:336: Error reporting task backlog information: IOError: 
[2022-01-10 14:15:37,957 I 14606 14868] raylet_client.cc:336: Error reporting task backlog information: IOError: 
[2022-01-10 14:15:38,957 I 14606 14868] raylet_client.cc:336: Error reporting task backlog information: IOError: 
[2022-01-10 14:15:39,958 I 14606 14868] raylet_client.cc:336: Error reporting task backlog information: IOError: 
[2022-01-10 14:15:40,958 I 14606 14868] raylet_client.cc:336: Error reporting task backlog information: IOError: 
[2022-01-10 14:15:41,958 I 14606 14868] raylet_client.cc:336: Error reporting task backlog information: IOError: 
[2022-01-10 14:15:42,958 I 14606 14868] raylet_client.cc:336: Error reporting task backlog information: IOError: 
[2022-01-10 14:15:43,380 W 14606 14869] metric_exporter.cc:206: Export metrics to agent failed: IOError: . This won't affect Ray, but you can lose metrics from the cluster.
[2022-01-10 14:15:43,958 I 14606 14868] raylet_client.cc:336: Error reporting task backlog information: IOError: 
[2022-01-10 14:15:44,958 I 14606 14868] raylet_client.cc:336: Error reporting task backlog information: IOError: 
[2022-01-10 14:15:45,958 I 14606 14868] raylet_client.cc:336: Error reporting task backlog information: IOError: 
[2022-01-10 14:15:46,958 I 14606 14868] raylet_client.cc:336: Error reporting task backlog information: IOError: 
[2022-01-10 14:15:47,958 I 14606 14868] raylet_client.cc:336: Error reporting task backlog information: IOError: 
[2022-01-10 14:15:48,958 I 14606 14868] raylet_client.cc:336: Error reporting task backlog information: IOError: 
[2022-01-10 14:15:49,846 E 14606 14730] gcs_server_address_updater.cc:76: Failed to receive the GCS address for 600 times without success. The worker will exit ungracefully. It is because GCS has died. It could be because there was an issue that kills GCS, such as high memory usage triggering OOM killer to kill GCS. Cluster will be highly likely unavailable if you see this log. Please check the log from gcs_server.err.
