[2022-01-10 13:45:42,411 I 5220 5220] io_service_pool.cc:35: IOServicePool is running with 1 io_service.
[2022-01-10 13:45:42,428 I 5220 5220] gcs_redis_failure_detector.cc:30: Starting redis failure detector.
[2022-01-10 13:45:42,428 I 5220 5220] gcs_init_data.cc:42: Loading job table data.
[2022-01-10 13:45:42,428 I 5220 5220] gcs_init_data.cc:54: Loading node table data.
[2022-01-10 13:45:42,428 I 5220 5220] gcs_init_data.cc:66: Loading cluster resources table data.
[2022-01-10 13:45:42,428 I 5220 5220] gcs_init_data.cc:93: Loading actor table data.
[2022-01-10 13:45:42,428 I 5220 5220] gcs_init_data.cc:79: Loading placement group table data.
[2022-01-10 13:45:42,428 I 5220 5220] gcs_init_data.cc:46: Finished loading job table data, size = 0
[2022-01-10 13:45:42,428 I 5220 5220] gcs_init_data.cc:58: Finished loading node table data, size = 0
[2022-01-10 13:45:42,428 I 5220 5220] gcs_init_data.cc:70: Finished loading cluster resources table data, size = 0
[2022-01-10 13:45:42,428 I 5220 5220] gcs_init_data.cc:97: Finished loading actor table data, size = 0
[2022-01-10 13:45:42,428 I 5220 5220] gcs_init_data.cc:84: Finished loading placement group table data, size = 0
[2022-01-10 13:45:42,429 I 5220 5220] gcs_heartbeat_manager.cc:30: GcsHeartbeatManager start, num_heartbeats_timeout=30
[2022-01-10 13:45:42,447 I 5220 5220] grpc_server.cc:112: GcsServer server started, listening on port 46155.
[2022-01-10 13:45:42,459 I 5220 5220] gcs_server.cc:339: Gcs server address = 131.215.21.210:46155
[2022-01-10 13:45:42,459 I 5220 5220] gcs_server.cc:343: Finished setting gcs server address: 131.215.21.210:46155
[2022-01-10 13:45:42,459 I 5220 5220] gcs_server.cc:531: GcsNodeManager: {RegisterNode request count: 0, DrainNode request count: 0, GetAllNodeInfo request count: 0, GetInternalConfig request count: 0}
GcsActorManager: {RegisterActor request count: 0, CreateActor request count: 0, GetActorInfo request count: 0, GetNamedActorInfo request count: 0, GetAllActorInfo request count: 0, KillActor request count: 0, ListNamedActors request count: 0, Registered actors count: 0, Destroyed actors count: 0, Named actors count: 0, Unresolved actors count: 0, Pending actors count: 0, Created actors count: 0}
GcsPlacementGroupManager: {CreatePlacementGroup request count: 0, RemovePlacementGroup request count: 0, GetPlacementGroup request count: 0, GetAllPlacementGroup request count: 0, WaitPlacementGroupUntilReady request count: 0, GetNamedPlacementGroup request count: 0, Scheduling pending placement group count: 0, Registered placement groups count: 0, Named placement group count: 0, Pending placement groups count: 0}
GcsPubSub:
- num channels subscribed to: 0
- total commands queued: 0
DefaultTaskInfoHandler: {AddTask request count: 0, GetTask request count: 0, AddTaskLease request count: 0, GetTaskLease request count: 0, AttemptTaskReconstruction request count: 0}
GrpcBasedResourceBroadcaster: {Tracked nodes: 0}
[2022-01-10 13:45:45,820 I 5220 5220] gcs_node_manager.cc:42: Registering node info, node id = 1b7cb3dfbc581ab919159de5a6895a9fc24da6e7487a6830afdabe13, address = 131.215.21.210
[2022-01-10 13:45:45,821 I 5220 5220] gcs_node_manager.cc:47: Finished registering node info, node id = 1b7cb3dfbc581ab919159de5a6895a9fc24da6e7487a6830afdabe13, address = 131.215.21.210
[2022-01-10 13:45:45,821 I 5220 5220] gcs_placement_group_manager.cc:722: A new node: 1b7cb3dfbc581ab919159de5a6895a9fc24da6e7487a6830afdabe13 registered, will try to reschedule all the infeasible placement groups.
[2022-01-10 13:45:45,824 I 5220 5220] gcs_job_manager.cc:140: Getting all job info.
[2022-01-10 13:45:45,824 I 5220 5220] gcs_job_manager.cc:146: Finished getting all job info.
[2022-01-10 13:45:46,633 I 5220 5220] gcs_job_manager.cc:40: Adding job, job id = 01000000, driver pid = 5166
[2022-01-10 13:45:46,633 I 5220 5220] gcs_job_manager.cc:54: Finished adding job, job id = 01000000, driver pid = 5166
