[2022-01-10 13:45:46,427 I 5352 5352] core_worker.cc:132: Constructing CoreWorkerProcess. pid: 5352
[2022-01-10 13:45:46,453 I 5352 5352] grpc_server.cc:112: worker server started, listening on port 37569.
[2022-01-10 13:45:46,458 I 5352 5352] core_worker.cc:479: Initializing worker at address: 131.215.21.210:37569, worker ID 5d90d85ce89bbc7a60b96ed7e9d87e27bcbb63bbce217021d6d6a134, raylet 1b7cb3dfbc581ab919159de5a6895a9fc24da6e7487a6830afdabe13
[2022-01-10 13:45:46,607 I 5352 5352] io_service_pool.cc:35: IOServicePool is running with 1 io_service.
[2022-01-10 13:45:46,625 I 5352 5656] accessor.cc:560: Received notification for node id = 1b7cb3dfbc581ab919159de5a6895a9fc24da6e7487a6830afdabe13, IsAlive = 1
[2022-01-10 13:46:38,464 W 5352 5480] gcs_server_address_updater.cc:61: [1] Failed to get the gcs server address from raylet 1 times in a row. If it keeps failing to obtain the address, the worker might crash. Connection status IOError: 
[2022-01-10 13:46:39,464 I 5352 5656] raylet_client.cc:336: Error reporting task backlog information: IOError: 
[2022-01-10 13:46:39,613 I 5352 5656] raylet_client.cc:336: Error reporting task backlog information: IOError: 
[2022-01-10 13:46:40,613 I 5352 5656] raylet_client.cc:336: Error reporting task backlog information: IOError: 
[2022-01-10 13:46:41,613 I 5352 5656] raylet_client.cc:336: Error reporting task backlog information: IOError: 
[2022-01-10 13:46:42,614 I 5352 5656] raylet_client.cc:336: Error reporting task backlog information: IOError: 
[2022-01-10 13:46:43,614 I 5352 5656] raylet_client.cc:336: Error reporting task backlog information: IOError: 
[2022-01-10 13:46:44,614 I 5352 5656] raylet_client.cc:336: Error reporting task backlog information: IOError: 
[2022-01-10 13:46:45,614 I 5352 5656] raylet_client.cc:336: Error reporting task backlog information: IOError: 
[2022-01-10 13:46:46,614 I 5352 5656] raylet_client.cc:336: Error reporting task backlog information: IOError: 
[2022-01-10 13:46:46,650 W 5352 5657] metric_exporter.cc:206: Export metrics to agent failed: IOError: . This won't affect Ray, but you can lose metrics from the cluster.
[2022-01-10 13:46:47,614 I 5352 5656] raylet_client.cc:336: Error reporting task backlog information: IOError: 
[2022-01-10 13:46:48,614 I 5352 5656] raylet_client.cc:336: Error reporting task backlog information: IOError: 
[2022-01-10 13:46:49,614 I 5352 5656] raylet_client.cc:336: Error reporting task backlog information: IOError: 
[2022-01-10 13:46:50,614 I 5352 5656] raylet_client.cc:336: Error reporting task backlog information: IOError: 
[2022-01-10 13:46:51,615 I 5352 5656] raylet_client.cc:336: Error reporting task backlog information: IOError: 
[2022-01-10 13:46:52,615 I 5352 5656] raylet_client.cc:336: Error reporting task backlog information: IOError: 
[2022-01-10 13:46:53,615 I 5352 5656] raylet_client.cc:336: Error reporting task backlog information: IOError: 
[2022-01-10 13:46:54,615 I 5352 5656] raylet_client.cc:336: Error reporting task backlog information: IOError: 
[2022-01-10 13:46:55,615 I 5352 5656] raylet_client.cc:336: Error reporting task backlog information: IOError: 
[2022-01-10 13:46:56,615 I 5352 5656] raylet_client.cc:336: Error reporting task backlog information: IOError: 
[2022-01-10 13:46:56,658 W 5352 5657] metric_exporter.cc:206: Export metrics to agent failed: IOError: . This won't affect Ray, but you can lose metrics from the cluster.
[2022-01-10 13:46:57,615 I 5352 5656] raylet_client.cc:336: Error reporting task backlog information: IOError: 
[2022-01-10 13:46:58,615 I 5352 5656] raylet_client.cc:336: Error reporting task backlog information: IOError: 
[2022-01-10 13:46:59,615 I 5352 5656] raylet_client.cc:336: Error reporting task backlog information: IOError: 
[2022-01-10 13:47:00,615 I 5352 5656] raylet_client.cc:336: Error reporting task backlog information: IOError: 
[2022-01-10 13:47:01,616 I 5352 5656] raylet_client.cc:336: Error reporting task backlog information: IOError: 
[2022-01-10 13:47:02,616 I 5352 5656] raylet_client.cc:336: Error reporting task backlog information: IOError: 
[2022-01-10 13:47:03,616 I 5352 5656] raylet_client.cc:336: Error reporting task backlog information: IOError: 
[2022-01-10 13:47:04,616 I 5352 5656] raylet_client.cc:336: Error reporting task backlog information: IOError: 
[2022-01-10 13:47:05,616 I 5352 5656] raylet_client.cc:336: Error reporting task backlog information: IOError: 
[2022-01-10 13:47:06,616 I 5352 5656] raylet_client.cc:336: Error reporting task backlog information: IOError: 
[2022-01-10 13:47:06,664 W 5352 5657] metric_exporter.cc:206: Export metrics to agent failed: IOError: . This won't affect Ray, but you can lose metrics from the cluster.
[2022-01-10 13:47:07,616 I 5352 5656] raylet_client.cc:336: Error reporting task backlog information: IOError: 
[2022-01-10 13:47:08,616 I 5352 5656] raylet_client.cc:336: Error reporting task backlog information: IOError: 
[2022-01-10 13:47:09,616 I 5352 5656] raylet_client.cc:336: Error reporting task backlog information: IOError: 
[2022-01-10 13:47:10,616 I 5352 5656] raylet_client.cc:336: Error reporting task backlog information: IOError: 
[2022-01-10 13:47:11,617 I 5352 5656] raylet_client.cc:336: Error reporting task backlog information: IOError: 
[2022-01-10 13:47:12,617 I 5352 5656] raylet_client.cc:336: Error reporting task backlog information: IOError: 
[2022-01-10 13:47:13,617 I 5352 5656] raylet_client.cc:336: Error reporting task backlog information: IOError: 
[2022-01-10 13:47:14,617 I 5352 5656] raylet_client.cc:336: Error reporting task backlog information: IOError: 
[2022-01-10 13:47:15,617 I 5352 5656] raylet_client.cc:336: Error reporting task backlog information: IOError: 
[2022-01-10 13:47:16,617 I 5352 5656] raylet_client.cc:336: Error reporting task backlog information: IOError: 
[2022-01-10 13:47:16,671 W 5352 5657] metric_exporter.cc:206: Export metrics to agent failed: IOError: . This won't affect Ray, but you can lose metrics from the cluster.
[2022-01-10 13:47:17,617 I 5352 5656] raylet_client.cc:336: Error reporting task backlog information: IOError: 
[2022-01-10 13:47:18,617 I 5352 5656] raylet_client.cc:336: Error reporting task backlog information: IOError: 
[2022-01-10 13:47:19,617 I 5352 5656] raylet_client.cc:336: Error reporting task backlog information: IOError: 
[2022-01-10 13:47:20,617 I 5352 5656] raylet_client.cc:336: Error reporting task backlog information: IOError: 
[2022-01-10 13:47:21,617 I 5352 5656] raylet_client.cc:336: Error reporting task backlog information: IOError: 
[2022-01-10 13:47:22,618 I 5352 5656] raylet_client.cc:336: Error reporting task backlog information: IOError: 
[2022-01-10 13:47:23,618 I 5352 5656] raylet_client.cc:336: Error reporting task backlog information: IOError: 
[2022-01-10 13:47:24,618 I 5352 5656] raylet_client.cc:336: Error reporting task backlog information: IOError: 
[2022-01-10 13:47:25,618 I 5352 5656] raylet_client.cc:336: Error reporting task backlog information: IOError: 
[2022-01-10 13:47:26,618 I 5352 5656] raylet_client.cc:336: Error reporting task backlog information: IOError: 
[2022-01-10 13:47:26,678 W 5352 5657] metric_exporter.cc:206: Export metrics to agent failed: IOError: . This won't affect Ray, but you can lose metrics from the cluster.
[2022-01-10 13:47:27,618 I 5352 5656] raylet_client.cc:336: Error reporting task backlog information: IOError: 
[2022-01-10 13:47:28,618 I 5352 5656] raylet_client.cc:336: Error reporting task backlog information: IOError: 
[2022-01-10 13:47:29,618 I 5352 5656] raylet_client.cc:336: Error reporting task backlog information: IOError: 
[2022-01-10 13:47:30,618 I 5352 5656] raylet_client.cc:336: Error reporting task backlog information: IOError: 
[2022-01-10 13:47:31,618 I 5352 5656] raylet_client.cc:336: Error reporting task backlog information: IOError: 
[2022-01-10 13:47:32,618 I 5352 5656] raylet_client.cc:336: Error reporting task backlog information: IOError: 
[2022-01-10 13:47:33,618 I 5352 5656] raylet_client.cc:336: Error reporting task backlog information: IOError: 
[2022-01-10 13:47:34,619 I 5352 5656] raylet_client.cc:336: Error reporting task backlog information: IOError: 
[2022-01-10 13:47:35,619 I 5352 5656] raylet_client.cc:336: Error reporting task backlog information: IOError: 
[2022-01-10 13:47:36,619 I 5352 5656] raylet_client.cc:336: Error reporting task backlog information: IOError: 
[2022-01-10 13:47:36,685 W 5352 5657] metric_exporter.cc:206: Export metrics to agent failed: IOError: . This won't affect Ray, but you can lose metrics from the cluster.
[2022-01-10 13:47:37,619 I 5352 5656] raylet_client.cc:336: Error reporting task backlog information: IOError: 
[2022-01-10 13:47:38,619 I 5352 5656] raylet_client.cc:336: Error reporting task backlog information: IOError: 
[2022-01-10 13:47:39,619 I 5352 5656] raylet_client.cc:336: Error reporting task backlog information: IOError: 
[2022-01-10 13:47:40,619 I 5352 5656] raylet_client.cc:336: Error reporting task backlog information: IOError: 
[2022-01-10 13:47:41,619 I 5352 5656] raylet_client.cc:336: Error reporting task backlog information: IOError: 
[2022-01-10 13:47:42,619 I 5352 5656] raylet_client.cc:336: Error reporting task backlog information: IOError: 
[2022-01-10 13:47:43,619 I 5352 5656] raylet_client.cc:336: Error reporting task backlog information: IOError: 
[2022-01-10 13:47:44,620 I 5352 5656] raylet_client.cc:336: Error reporting task backlog information: IOError: 
[2022-01-10 13:47:45,620 I 5352 5656] raylet_client.cc:336: Error reporting task backlog information: IOError: 
[2022-01-10 13:47:46,620 I 5352 5656] raylet_client.cc:336: Error reporting task backlog information: IOError: 
[2022-01-10 13:47:46,692 W 5352 5657] metric_exporter.cc:206: Export metrics to agent failed: IOError: . This won't affect Ray, but you can lose metrics from the cluster.
[2022-01-10 13:47:47,620 I 5352 5656] raylet_client.cc:336: Error reporting task backlog information: IOError: 
[2022-01-10 13:47:48,620 I 5352 5656] raylet_client.cc:336: Error reporting task backlog information: IOError: 
[2022-01-10 13:47:49,620 I 5352 5656] raylet_client.cc:336: Error reporting task backlog information: IOError: 
[2022-01-10 13:47:50,620 I 5352 5656] raylet_client.cc:336: Error reporting task backlog information: IOError: 
[2022-01-10 13:47:51,620 I 5352 5656] raylet_client.cc:336: Error reporting task backlog information: IOError: 
[2022-01-10 13:47:52,620 I 5352 5656] raylet_client.cc:336: Error reporting task backlog information: IOError: 
[2022-01-10 13:47:53,620 I 5352 5656] raylet_client.cc:336: Error reporting task backlog information: IOError: 
[2022-01-10 13:47:54,621 I 5352 5656] raylet_client.cc:336: Error reporting task backlog information: IOError: 
[2022-01-10 13:47:55,621 I 5352 5656] raylet_client.cc:336: Error reporting task backlog information: IOError: 
[2022-01-10 13:47:56,621 I 5352 5656] raylet_client.cc:336: Error reporting task backlog information: IOError: 
[2022-01-10 13:47:56,700 W 5352 5657] metric_exporter.cc:206: Export metrics to agent failed: IOError: . This won't affect Ray, but you can lose metrics from the cluster.
[2022-01-10 13:47:57,621 I 5352 5656] raylet_client.cc:336: Error reporting task backlog information: IOError: 
[2022-01-10 13:47:58,621 I 5352 5656] raylet_client.cc:336: Error reporting task backlog information: IOError: 
[2022-01-10 13:47:59,621 I 5352 5656] raylet_client.cc:336: Error reporting task backlog information: IOError: 
[2022-01-10 13:48:00,621 I 5352 5656] raylet_client.cc:336: Error reporting task backlog information: IOError: 
[2022-01-10 13:48:01,621 I 5352 5656] raylet_client.cc:336: Error reporting task backlog information: IOError: 
[2022-01-10 13:48:02,621 I 5352 5656] raylet_client.cc:336: Error reporting task backlog information: IOError: 
[2022-01-10 13:48:03,621 I 5352 5656] raylet_client.cc:336: Error reporting task backlog information: IOError: 
[2022-01-10 13:48:04,622 I 5352 5656] raylet_client.cc:336: Error reporting task backlog information: IOError: 
[2022-01-10 13:48:05,622 I 5352 5656] raylet_client.cc:336: Error reporting task backlog information: IOError: 
[2022-01-10 13:48:06,622 I 5352 5656] raylet_client.cc:336: Error reporting task backlog information: IOError: 
[2022-01-10 13:48:06,708 W 5352 5657] metric_exporter.cc:206: Export metrics to agent failed: IOError: . This won't affect Ray, but you can lose metrics from the cluster.
[2022-01-10 13:48:07,622 I 5352 5656] raylet_client.cc:336: Error reporting task backlog information: IOError: 
[2022-01-10 13:48:08,622 I 5352 5656] raylet_client.cc:336: Error reporting task backlog information: IOError: 
[2022-01-10 13:48:09,622 I 5352 5656] raylet_client.cc:336: Error reporting task backlog information: IOError: 
[2022-01-10 13:48:10,622 I 5352 5656] raylet_client.cc:336: Error reporting task backlog information: IOError: 
[2022-01-10 13:48:11,622 I 5352 5656] raylet_client.cc:336: Error reporting task backlog information: IOError: 
[2022-01-10 13:48:12,622 I 5352 5656] raylet_client.cc:336: Error reporting task backlog information: IOError: 
[2022-01-10 13:48:13,622 I 5352 5656] raylet_client.cc:336: Error reporting task backlog information: IOError: 
[2022-01-10 13:48:14,623 I 5352 5656] raylet_client.cc:336: Error reporting task backlog information: IOError: 
[2022-01-10 13:48:15,623 I 5352 5656] raylet_client.cc:336: Error reporting task backlog information: IOError: 
[2022-01-10 13:48:16,623 I 5352 5656] raylet_client.cc:336: Error reporting task backlog information: IOError: 
[2022-01-10 13:48:16,716 W 5352 5657] metric_exporter.cc:206: Export metrics to agent failed: IOError: . This won't affect Ray, but you can lose metrics from the cluster.
[2022-01-10 13:48:17,623 I 5352 5656] raylet_client.cc:336: Error reporting task backlog information: IOError: 
[2022-01-10 13:48:18,623 I 5352 5656] raylet_client.cc:336: Error reporting task backlog information: IOError: 
[2022-01-10 13:48:19,623 I 5352 5656] raylet_client.cc:336: Error reporting task backlog information: IOError: 
[2022-01-10 13:48:20,623 I 5352 5656] raylet_client.cc:336: Error reporting task backlog information: IOError: 
[2022-01-10 13:48:21,623 I 5352 5656] raylet_client.cc:336: Error reporting task backlog information: IOError: 
[2022-01-10 13:48:22,623 I 5352 5656] raylet_client.cc:336: Error reporting task backlog information: IOError: 
[2022-01-10 13:48:23,623 I 5352 5656] raylet_client.cc:336: Error reporting task backlog information: IOError: 
[2022-01-10 13:48:24,623 I 5352 5656] raylet_client.cc:336: Error reporting task backlog information: IOError: 
[2022-01-10 13:48:25,624 I 5352 5656] raylet_client.cc:336: Error reporting task backlog information: IOError: 
[2022-01-10 13:48:26,624 I 5352 5656] raylet_client.cc:336: Error reporting task backlog information: IOError: 
[2022-01-10 13:48:26,724 W 5352 5657] metric_exporter.cc:206: Export metrics to agent failed: IOError: . This won't affect Ray, but you can lose metrics from the cluster.
[2022-01-10 13:48:27,624 I 5352 5656] raylet_client.cc:336: Error reporting task backlog information: IOError: 
[2022-01-10 13:48:28,624 I 5352 5656] raylet_client.cc:336: Error reporting task backlog information: IOError: 
[2022-01-10 13:48:29,624 I 5352 5656] raylet_client.cc:336: Error reporting task backlog information: IOError: 
[2022-01-10 13:48:30,624 I 5352 5656] raylet_client.cc:336: Error reporting task backlog information: IOError: 
[2022-01-10 13:48:31,624 I 5352 5656] raylet_client.cc:336: Error reporting task backlog information: IOError: 
[2022-01-10 13:48:32,624 I 5352 5656] raylet_client.cc:336: Error reporting task backlog information: IOError: 
[2022-01-10 13:48:33,624 I 5352 5656] raylet_client.cc:336: Error reporting task backlog information: IOError: 
[2022-01-10 13:48:34,625 I 5352 5656] raylet_client.cc:336: Error reporting task backlog information: IOError: 
[2022-01-10 13:48:35,625 I 5352 5656] raylet_client.cc:336: Error reporting task backlog information: IOError: 
[2022-01-10 13:48:36,625 I 5352 5656] raylet_client.cc:336: Error reporting task backlog information: IOError: 
[2022-01-10 13:48:36,732 W 5352 5657] metric_exporter.cc:206: Export metrics to agent failed: IOError: . This won't affect Ray, but you can lose metrics from the cluster.
[2022-01-10 13:48:37,625 I 5352 5656] raylet_client.cc:336: Error reporting task backlog information: IOError: 
[2022-01-10 13:48:38,625 I 5352 5656] raylet_client.cc:336: Error reporting task backlog information: IOError: 
[2022-01-10 13:48:39,625 I 5352 5656] raylet_client.cc:336: Error reporting task backlog information: IOError: 
[2022-01-10 13:48:40,625 I 5352 5656] raylet_client.cc:336: Error reporting task backlog information: IOError: 
[2022-01-10 13:48:41,625 I 5352 5656] raylet_client.cc:336: Error reporting task backlog information: IOError: 
[2022-01-10 13:48:42,625 I 5352 5656] raylet_client.cc:336: Error reporting task backlog information: IOError: 
[2022-01-10 13:48:43,625 I 5352 5656] raylet_client.cc:336: Error reporting task backlog information: IOError: 
[2022-01-10 13:48:44,625 I 5352 5656] raylet_client.cc:336: Error reporting task backlog information: IOError: 
[2022-01-10 13:48:45,625 I 5352 5656] raylet_client.cc:336: Error reporting task backlog information: IOError: 
[2022-01-10 13:48:46,625 I 5352 5656] raylet_client.cc:336: Error reporting task backlog information: IOError: 
[2022-01-10 13:48:46,740 W 5352 5657] metric_exporter.cc:206: Export metrics to agent failed: IOError: . This won't affect Ray, but you can lose metrics from the cluster.
[2022-01-10 13:48:47,626 I 5352 5656] raylet_client.cc:336: Error reporting task backlog information: IOError: 
[2022-01-10 13:48:48,626 I 5352 5656] raylet_client.cc:336: Error reporting task backlog information: IOError: 
[2022-01-10 13:48:49,626 I 5352 5656] raylet_client.cc:336: Error reporting task backlog information: IOError: 
[2022-01-10 13:48:50,626 I 5352 5656] raylet_client.cc:336: Error reporting task backlog information: IOError: 
[2022-01-10 13:48:51,626 I 5352 5656] raylet_client.cc:336: Error reporting task backlog information: IOError: 
[2022-01-10 13:48:52,626 I 5352 5656] raylet_client.cc:336: Error reporting task backlog information: IOError: 
[2022-01-10 13:48:53,626 I 5352 5656] raylet_client.cc:336: Error reporting task backlog information: IOError: 
[2022-01-10 13:48:54,626 I 5352 5656] raylet_client.cc:336: Error reporting task backlog information: IOError: 
[2022-01-10 13:48:55,626 I 5352 5656] raylet_client.cc:336: Error reporting task backlog information: IOError: 
[2022-01-10 13:48:56,626 I 5352 5656] raylet_client.cc:336: Error reporting task backlog information: IOError: 
[2022-01-10 13:48:56,748 W 5352 5657] metric_exporter.cc:206: Export metrics to agent failed: IOError: . This won't affect Ray, but you can lose metrics from the cluster.
[2022-01-10 13:48:57,627 I 5352 5656] raylet_client.cc:336: Error reporting task backlog information: IOError: 
[2022-01-10 13:48:58,627 I 5352 5656] raylet_client.cc:336: Error reporting task backlog information: IOError: 
[2022-01-10 13:48:59,627 I 5352 5656] raylet_client.cc:336: Error reporting task backlog information: IOError: 
[2022-01-10 13:49:00,627 I 5352 5656] raylet_client.cc:336: Error reporting task backlog information: IOError: 
[2022-01-10 13:49:01,627 I 5352 5656] raylet_client.cc:336: Error reporting task backlog information: IOError: 
[2022-01-10 13:49:02,627 I 5352 5656] raylet_client.cc:336: Error reporting task backlog information: IOError: 
[2022-01-10 13:49:03,627 I 5352 5656] raylet_client.cc:336: Error reporting task backlog information: IOError: 
[2022-01-10 13:49:04,627 I 5352 5656] raylet_client.cc:336: Error reporting task backlog information: IOError: 
[2022-01-10 13:49:05,627 I 5352 5656] raylet_client.cc:336: Error reporting task backlog information: IOError: 
[2022-01-10 13:49:06,628 I 5352 5656] raylet_client.cc:336: Error reporting task backlog information: IOError: 
[2022-01-10 13:49:06,756 W 5352 5657] metric_exporter.cc:206: Export metrics to agent failed: IOError: . This won't affect Ray, but you can lose metrics from the cluster.
[2022-01-10 13:49:07,628 I 5352 5656] raylet_client.cc:336: Error reporting task backlog information: IOError: 
[2022-01-10 13:49:08,628 I 5352 5656] raylet_client.cc:336: Error reporting task backlog information: IOError: 
[2022-01-10 13:49:09,628 I 5352 5656] raylet_client.cc:336: Error reporting task backlog information: IOError: 
[2022-01-10 13:49:10,628 I 5352 5656] raylet_client.cc:336: Error reporting task backlog information: IOError: 
[2022-01-10 13:49:11,628 I 5352 5656] raylet_client.cc:336: Error reporting task backlog information: IOError: 
[2022-01-10 13:49:12,628 I 5352 5656] raylet_client.cc:336: Error reporting task backlog information: IOError: 
[2022-01-10 13:49:13,628 I 5352 5656] raylet_client.cc:336: Error reporting task backlog information: IOError: 
[2022-01-10 13:49:14,628 I 5352 5656] raylet_client.cc:336: Error reporting task backlog information: IOError: 
[2022-01-10 13:49:15,628 I 5352 5656] raylet_client.cc:336: Error reporting task backlog information: IOError: 
[2022-01-10 13:49:16,628 I 5352 5656] raylet_client.cc:336: Error reporting task backlog information: IOError: 
[2022-01-10 13:49:16,764 W 5352 5657] metric_exporter.cc:206: Export metrics to agent failed: IOError: . This won't affect Ray, but you can lose metrics from the cluster.
[2022-01-10 13:49:17,629 I 5352 5656] raylet_client.cc:336: Error reporting task backlog information: IOError: 
[2022-01-10 13:49:18,629 I 5352 5656] raylet_client.cc:336: Error reporting task backlog information: IOError: 
[2022-01-10 13:49:19,629 I 5352 5656] raylet_client.cc:336: Error reporting task backlog information: IOError: 
[2022-01-10 13:49:20,629 I 5352 5656] raylet_client.cc:336: Error reporting task backlog information: IOError: 
[2022-01-10 13:49:21,629 I 5352 5656] raylet_client.cc:336: Error reporting task backlog information: IOError: 
[2022-01-10 13:49:22,629 I 5352 5656] raylet_client.cc:336: Error reporting task backlog information: IOError: 
[2022-01-10 13:49:23,629 I 5352 5656] raylet_client.cc:336: Error reporting task backlog information: IOError: 
[2022-01-10 13:49:24,629 I 5352 5656] raylet_client.cc:336: Error reporting task backlog information: IOError: 
[2022-01-10 13:49:25,629 I 5352 5656] raylet_client.cc:336: Error reporting task backlog information: IOError: 
[2022-01-10 13:49:26,629 I 5352 5656] raylet_client.cc:336: Error reporting task backlog information: IOError: 
[2022-01-10 13:49:26,772 W 5352 5657] metric_exporter.cc:206: Export metrics to agent failed: IOError: . This won't affect Ray, but you can lose metrics from the cluster.
[2022-01-10 13:49:27,630 I 5352 5656] raylet_client.cc:336: Error reporting task backlog information: IOError: 
[2022-01-10 13:49:28,630 I 5352 5656] raylet_client.cc:336: Error reporting task backlog information: IOError: 
[2022-01-10 13:49:29,630 I 5352 5656] raylet_client.cc:336: Error reporting task backlog information: IOError: 
[2022-01-10 13:49:30,630 I 5352 5656] raylet_client.cc:336: Error reporting task backlog information: IOError: 
[2022-01-10 13:49:31,630 I 5352 5656] raylet_client.cc:336: Error reporting task backlog information: IOError: 
[2022-01-10 13:49:32,630 I 5352 5656] raylet_client.cc:336: Error reporting task backlog information: IOError: 
[2022-01-10 13:49:33,630 I 5352 5656] raylet_client.cc:336: Error reporting task backlog information: IOError: 
[2022-01-10 13:49:34,630 I 5352 5656] raylet_client.cc:336: Error reporting task backlog information: IOError: 
[2022-01-10 13:49:35,630 I 5352 5656] raylet_client.cc:336: Error reporting task backlog information: IOError: 
[2022-01-10 13:49:36,630 I 5352 5656] raylet_client.cc:336: Error reporting task backlog information: IOError: 
[2022-01-10 13:49:36,781 W 5352 5657] metric_exporter.cc:206: Export metrics to agent failed: IOError: . This won't affect Ray, but you can lose metrics from the cluster.
[2022-01-10 13:49:37,631 I 5352 5656] raylet_client.cc:336: Error reporting task backlog information: IOError: 
[2022-01-10 13:49:38,631 I 5352 5656] raylet_client.cc:336: Error reporting task backlog information: IOError: 
[2022-01-10 13:49:39,631 I 5352 5656] raylet_client.cc:336: Error reporting task backlog information: IOError: 
[2022-01-10 13:49:40,631 I 5352 5656] raylet_client.cc:336: Error reporting task backlog information: IOError: 
[2022-01-10 13:49:41,631 I 5352 5656] raylet_client.cc:336: Error reporting task backlog information: IOError: 
[2022-01-10 13:49:42,631 I 5352 5656] raylet_client.cc:336: Error reporting task backlog information: IOError: 
[2022-01-10 13:49:43,631 I 5352 5656] raylet_client.cc:336: Error reporting task backlog information: IOError: 
[2022-01-10 13:49:44,631 I 5352 5656] raylet_client.cc:336: Error reporting task backlog information: IOError: 
[2022-01-10 13:49:45,631 I 5352 5656] raylet_client.cc:336: Error reporting task backlog information: IOError: 
[2022-01-10 13:49:46,631 I 5352 5656] raylet_client.cc:336: Error reporting task backlog information: IOError: 
[2022-01-10 13:49:46,789 W 5352 5657] metric_exporter.cc:206: Export metrics to agent failed: IOError: . This won't affect Ray, but you can lose metrics from the cluster.
[2022-01-10 13:49:47,631 I 5352 5656] raylet_client.cc:336: Error reporting task backlog information: IOError: 
[2022-01-10 13:49:48,631 I 5352 5656] raylet_client.cc:336: Error reporting task backlog information: IOError: 
[2022-01-10 13:49:49,631 I 5352 5656] raylet_client.cc:336: Error reporting task backlog information: IOError: 
[2022-01-10 13:49:50,632 I 5352 5656] raylet_client.cc:336: Error reporting task backlog information: IOError: 
[2022-01-10 13:49:51,632 I 5352 5656] raylet_client.cc:336: Error reporting task backlog information: IOError: 
[2022-01-10 13:49:52,632 I 5352 5656] raylet_client.cc:336: Error reporting task backlog information: IOError: 
[2022-01-10 13:49:53,632 I 5352 5656] raylet_client.cc:336: Error reporting task backlog information: IOError: 
[2022-01-10 13:49:54,632 I 5352 5656] raylet_client.cc:336: Error reporting task backlog information: IOError: 
[2022-01-10 13:49:55,632 I 5352 5656] raylet_client.cc:336: Error reporting task backlog information: IOError: 
[2022-01-10 13:49:56,632 I 5352 5656] raylet_client.cc:336: Error reporting task backlog information: IOError: 
[2022-01-10 13:49:56,797 W 5352 5657] metric_exporter.cc:206: Export metrics to agent failed: IOError: . This won't affect Ray, but you can lose metrics from the cluster.
[2022-01-10 13:49:57,632 I 5352 5656] raylet_client.cc:336: Error reporting task backlog information: IOError: 
[2022-01-10 13:49:58,632 I 5352 5656] raylet_client.cc:336: Error reporting task backlog information: IOError: 
[2022-01-10 13:49:59,632 I 5352 5656] raylet_client.cc:336: Error reporting task backlog information: IOError: 
[2022-01-10 13:50:00,632 I 5352 5656] raylet_client.cc:336: Error reporting task backlog information: IOError: 
[2022-01-10 13:50:01,632 I 5352 5656] raylet_client.cc:336: Error reporting task backlog information: IOError: 
[2022-01-10 13:50:02,633 I 5352 5656] raylet_client.cc:336: Error reporting task backlog information: IOError: 
[2022-01-10 13:50:03,633 I 5352 5656] raylet_client.cc:336: Error reporting task backlog information: IOError: 
[2022-01-10 13:50:04,633 I 5352 5656] raylet_client.cc:336: Error reporting task backlog information: IOError: 
[2022-01-10 13:50:05,633 I 5352 5656] raylet_client.cc:336: Error reporting task backlog information: IOError: 
[2022-01-10 13:50:06,633 I 5352 5656] raylet_client.cc:336: Error reporting task backlog information: IOError: 
[2022-01-10 13:50:06,805 W 5352 5657] metric_exporter.cc:206: Export metrics to agent failed: IOError: . This won't affect Ray, but you can lose metrics from the cluster.
[2022-01-10 13:50:07,633 I 5352 5656] raylet_client.cc:336: Error reporting task backlog information: IOError: 
[2022-01-10 13:50:08,633 I 5352 5656] raylet_client.cc:336: Error reporting task backlog information: IOError: 
[2022-01-10 13:50:09,633 I 5352 5656] raylet_client.cc:336: Error reporting task backlog information: IOError: 
[2022-01-10 13:50:10,633 I 5352 5656] raylet_client.cc:336: Error reporting task backlog information: IOError: 
[2022-01-10 13:50:11,633 I 5352 5656] raylet_client.cc:336: Error reporting task backlog information: IOError: 
[2022-01-10 13:50:12,633 I 5352 5656] raylet_client.cc:336: Error reporting task backlog information: IOError: 
[2022-01-10 13:50:13,634 I 5352 5656] raylet_client.cc:336: Error reporting task backlog information: IOError: 
[2022-01-10 13:50:14,634 I 5352 5656] raylet_client.cc:336: Error reporting task backlog information: IOError: 
[2022-01-10 13:50:15,634 I 5352 5656] raylet_client.cc:336: Error reporting task backlog information: IOError: 
[2022-01-10 13:50:16,634 I 5352 5656] raylet_client.cc:336: Error reporting task backlog information: IOError: 
[2022-01-10 13:50:16,813 W 5352 5657] metric_exporter.cc:206: Export metrics to agent failed: IOError: . This won't affect Ray, but you can lose metrics from the cluster.
[2022-01-10 13:50:17,634 I 5352 5656] raylet_client.cc:336: Error reporting task backlog information: IOError: 
[2022-01-10 13:50:18,634 I 5352 5656] raylet_client.cc:336: Error reporting task backlog information: IOError: 
[2022-01-10 13:50:19,634 I 5352 5656] raylet_client.cc:336: Error reporting task backlog information: IOError: 
[2022-01-10 13:50:20,634 I 5352 5656] raylet_client.cc:336: Error reporting task backlog information: IOError: 
[2022-01-10 13:50:21,634 I 5352 5656] raylet_client.cc:336: Error reporting task backlog information: IOError: 
[2022-01-10 13:50:22,634 I 5352 5656] raylet_client.cc:336: Error reporting task backlog information: IOError: 
[2022-01-10 13:50:23,635 I 5352 5656] raylet_client.cc:336: Error reporting task backlog information: IOError: 
[2022-01-10 13:50:24,635 I 5352 5656] raylet_client.cc:336: Error reporting task backlog information: IOError: 
[2022-01-10 13:50:25,635 I 5352 5656] raylet_client.cc:336: Error reporting task backlog information: IOError: 
[2022-01-10 13:50:26,635 I 5352 5656] raylet_client.cc:336: Error reporting task backlog information: IOError: 
[2022-01-10 13:50:26,821 W 5352 5657] metric_exporter.cc:206: Export metrics to agent failed: IOError: . This won't affect Ray, but you can lose metrics from the cluster.
[2022-01-10 13:50:27,635 I 5352 5656] raylet_client.cc:336: Error reporting task backlog information: IOError: 
[2022-01-10 13:50:28,635 I 5352 5656] raylet_client.cc:336: Error reporting task backlog information: IOError: 
[2022-01-10 13:50:29,635 I 5352 5656] raylet_client.cc:336: Error reporting task backlog information: IOError: 
[2022-01-10 13:50:30,635 I 5352 5656] raylet_client.cc:336: Error reporting task backlog information: IOError: 
[2022-01-10 13:50:31,635 I 5352 5656] raylet_client.cc:336: Error reporting task backlog information: IOError: 
[2022-01-10 13:50:32,635 I 5352 5656] raylet_client.cc:336: Error reporting task backlog information: IOError: 
[2022-01-10 13:50:33,635 I 5352 5656] raylet_client.cc:336: Error reporting task backlog information: IOError: 
[2022-01-10 13:50:34,635 I 5352 5656] raylet_client.cc:336: Error reporting task backlog information: IOError: 
[2022-01-10 13:50:35,636 I 5352 5656] raylet_client.cc:336: Error reporting task backlog information: IOError: 
[2022-01-10 13:50:36,636 I 5352 5656] raylet_client.cc:336: Error reporting task backlog information: IOError: 
[2022-01-10 13:50:36,829 W 5352 5657] metric_exporter.cc:206: Export metrics to agent failed: IOError: . This won't affect Ray, but you can lose metrics from the cluster.
[2022-01-10 13:50:37,636 I 5352 5656] raylet_client.cc:336: Error reporting task backlog information: IOError: 
[2022-01-10 13:50:38,636 I 5352 5656] raylet_client.cc:336: Error reporting task backlog information: IOError: 
[2022-01-10 13:50:39,636 I 5352 5656] raylet_client.cc:336: Error reporting task backlog information: IOError: 
[2022-01-10 13:50:40,636 I 5352 5656] raylet_client.cc:336: Error reporting task backlog information: IOError: 
[2022-01-10 13:50:41,636 I 5352 5656] raylet_client.cc:336: Error reporting task backlog information: IOError: 
[2022-01-10 13:50:42,636 I 5352 5656] raylet_client.cc:336: Error reporting task backlog information: IOError: 
[2022-01-10 13:50:43,636 I 5352 5656] raylet_client.cc:336: Error reporting task backlog information: IOError: 
[2022-01-10 13:50:44,636 I 5352 5656] raylet_client.cc:336: Error reporting task backlog information: IOError: 
[2022-01-10 13:50:45,636 I 5352 5656] raylet_client.cc:336: Error reporting task backlog information: IOError: 
[2022-01-10 13:50:46,636 I 5352 5656] raylet_client.cc:336: Error reporting task backlog information: IOError: 
[2022-01-10 13:50:46,837 W 5352 5657] metric_exporter.cc:206: Export metrics to agent failed: IOError: . This won't affect Ray, but you can lose metrics from the cluster.
[2022-01-10 13:50:47,637 I 5352 5656] raylet_client.cc:336: Error reporting task backlog information: IOError: 
[2022-01-10 13:50:48,637 I 5352 5656] raylet_client.cc:336: Error reporting task backlog information: IOError: 
[2022-01-10 13:50:49,637 I 5352 5656] raylet_client.cc:336: Error reporting task backlog information: IOError: 
[2022-01-10 13:50:50,637 I 5352 5656] raylet_client.cc:336: Error reporting task backlog information: IOError: 
[2022-01-10 13:50:51,637 I 5352 5656] raylet_client.cc:336: Error reporting task backlog information: IOError: 
[2022-01-10 13:50:52,637 I 5352 5656] raylet_client.cc:336: Error reporting task backlog information: IOError: 
[2022-01-10 13:50:53,637 I 5352 5656] raylet_client.cc:336: Error reporting task backlog information: IOError: 
[2022-01-10 13:50:54,637 I 5352 5656] raylet_client.cc:336: Error reporting task backlog information: IOError: 
[2022-01-10 13:50:55,637 I 5352 5656] raylet_client.cc:336: Error reporting task backlog information: IOError: 
[2022-01-10 13:50:56,637 I 5352 5656] raylet_client.cc:336: Error reporting task backlog information: IOError: 
[2022-01-10 13:50:56,844 W 5352 5657] metric_exporter.cc:206: Export metrics to agent failed: IOError: . This won't affect Ray, but you can lose metrics from the cluster.
[2022-01-10 13:50:57,638 I 5352 5656] raylet_client.cc:336: Error reporting task backlog information: IOError: 
[2022-01-10 13:50:58,638 I 5352 5656] raylet_client.cc:336: Error reporting task backlog information: IOError: 
[2022-01-10 13:50:59,638 I 5352 5656] raylet_client.cc:336: Error reporting task backlog information: IOError: 
[2022-01-10 13:51:00,638 I 5352 5656] raylet_client.cc:336: Error reporting task backlog information: IOError: 
[2022-01-10 13:51:01,638 I 5352 5656] raylet_client.cc:336: Error reporting task backlog information: IOError: 
[2022-01-10 13:51:02,638 I 5352 5656] raylet_client.cc:336: Error reporting task backlog information: IOError: 
[2022-01-10 13:51:03,638 I 5352 5656] raylet_client.cc:336: Error reporting task backlog information: IOError: 
[2022-01-10 13:51:04,638 I 5352 5656] raylet_client.cc:336: Error reporting task backlog information: IOError: 
[2022-01-10 13:51:05,638 I 5352 5656] raylet_client.cc:336: Error reporting task backlog information: IOError: 
[2022-01-10 13:51:06,638 I 5352 5656] raylet_client.cc:336: Error reporting task backlog information: IOError: 
[2022-01-10 13:51:06,851 W 5352 5657] metric_exporter.cc:206: Export metrics to agent failed: IOError: . This won't affect Ray, but you can lose metrics from the cluster.
[2022-01-10 13:51:07,638 I 5352 5656] raylet_client.cc:336: Error reporting task backlog information: IOError: 
[2022-01-10 13:51:08,638 I 5352 5656] raylet_client.cc:336: Error reporting task backlog information: IOError: 
[2022-01-10 13:51:09,639 I 5352 5656] raylet_client.cc:336: Error reporting task backlog information: IOError: 
[2022-01-10 13:51:10,639 I 5352 5656] raylet_client.cc:336: Error reporting task backlog information: IOError: 
[2022-01-10 13:51:11,639 I 5352 5656] raylet_client.cc:336: Error reporting task backlog information: IOError: 
[2022-01-10 13:51:12,639 I 5352 5656] raylet_client.cc:336: Error reporting task backlog information: IOError: 
[2022-01-10 13:51:13,639 I 5352 5656] raylet_client.cc:336: Error reporting task backlog information: IOError: 
[2022-01-10 13:51:14,639 I 5352 5656] raylet_client.cc:336: Error reporting task backlog information: IOError: 
[2022-01-10 13:51:15,639 I 5352 5656] raylet_client.cc:336: Error reporting task backlog information: IOError: 
[2022-01-10 13:51:16,639 I 5352 5656] raylet_client.cc:336: Error reporting task backlog information: IOError: 
[2022-01-10 13:51:16,859 W 5352 5657] metric_exporter.cc:206: Export metrics to agent failed: IOError: . This won't affect Ray, but you can lose metrics from the cluster.
[2022-01-10 13:51:17,639 I 5352 5656] raylet_client.cc:336: Error reporting task backlog information: IOError: 
[2022-01-10 13:51:18,639 I 5352 5656] raylet_client.cc:336: Error reporting task backlog information: IOError: 
[2022-01-10 13:51:19,640 I 5352 5656] raylet_client.cc:336: Error reporting task backlog information: IOError: 
[2022-01-10 13:51:20,640 I 5352 5656] raylet_client.cc:336: Error reporting task backlog information: IOError: 
[2022-01-10 13:51:21,640 I 5352 5656] raylet_client.cc:336: Error reporting task backlog information: IOError: 
[2022-01-10 13:51:22,640 I 5352 5656] raylet_client.cc:336: Error reporting task backlog information: IOError: 
[2022-01-10 13:51:23,640 I 5352 5656] raylet_client.cc:336: Error reporting task backlog information: IOError: 
[2022-01-10 13:51:24,640 I 5352 5656] raylet_client.cc:336: Error reporting task backlog information: IOError: 
[2022-01-10 13:51:25,640 I 5352 5656] raylet_client.cc:336: Error reporting task backlog information: IOError: 
[2022-01-10 13:51:26,640 I 5352 5656] raylet_client.cc:336: Error reporting task backlog information: IOError: 
[2022-01-10 13:51:26,867 W 5352 5657] metric_exporter.cc:206: Export metrics to agent failed: IOError: . This won't affect Ray, but you can lose metrics from the cluster.
[2022-01-10 13:51:27,640 I 5352 5656] raylet_client.cc:336: Error reporting task backlog information: IOError: 
[2022-01-10 13:51:28,640 I 5352 5656] raylet_client.cc:336: Error reporting task backlog information: IOError: 
[2022-01-10 13:51:29,640 I 5352 5656] raylet_client.cc:336: Error reporting task backlog information: IOError: 
[2022-01-10 13:51:30,641 I 5352 5656] raylet_client.cc:336: Error reporting task backlog information: IOError: 
[2022-01-10 13:51:31,641 I 5352 5656] raylet_client.cc:336: Error reporting task backlog information: IOError: 
[2022-01-10 13:51:32,641 I 5352 5656] raylet_client.cc:336: Error reporting task backlog information: IOError: 
[2022-01-10 13:51:33,641 I 5352 5656] raylet_client.cc:336: Error reporting task backlog information: IOError: 
[2022-01-10 13:51:34,641 I 5352 5656] raylet_client.cc:336: Error reporting task backlog information: IOError: 
[2022-01-10 13:51:35,641 I 5352 5656] raylet_client.cc:336: Error reporting task backlog information: IOError: 
[2022-01-10 13:51:36,641 I 5352 5656] raylet_client.cc:336: Error reporting task backlog information: IOError: 
[2022-01-10 13:51:36,874 W 5352 5657] metric_exporter.cc:206: Export metrics to agent failed: IOError: . This won't affect Ray, but you can lose metrics from the cluster.
[2022-01-10 13:51:37,641 I 5352 5656] raylet_client.cc:336: Error reporting task backlog information: IOError: 
[2022-01-10 13:51:38,491 W 5352 5480] gcs_server_address_updater.cc:61: [301] Failed to get the gcs server address from raylet 301 times in a row. If it keeps failing to obtain the address, the worker might crash. Connection status IOError: 
[2022-01-10 13:51:38,641 I 5352 5656] raylet_client.cc:336: Error reporting task backlog information: IOError: 
[2022-01-10 13:51:39,641 I 5352 5656] raylet_client.cc:336: Error reporting task backlog information: IOError: 
[2022-01-10 13:51:40,642 I 5352 5656] raylet_client.cc:336: Error reporting task backlog information: IOError: 
[2022-01-10 13:51:41,642 I 5352 5656] raylet_client.cc:336: Error reporting task backlog information: IOError: 
[2022-01-10 13:51:42,642 I 5352 5656] raylet_client.cc:336: Error reporting task backlog information: IOError: 
[2022-01-10 13:51:43,642 I 5352 5656] raylet_client.cc:336: Error reporting task backlog information: IOError: 
[2022-01-10 13:51:44,642 I 5352 5656] raylet_client.cc:336: Error reporting task backlog information: IOError: 
[2022-01-10 13:51:45,642 I 5352 5656] raylet_client.cc:336: Error reporting task backlog information: IOError: 
[2022-01-10 13:51:46,642 I 5352 5656] raylet_client.cc:336: Error reporting task backlog information: IOError: 
[2022-01-10 13:51:46,882 W 5352 5657] metric_exporter.cc:206: Export metrics to agent failed: IOError: . This won't affect Ray, but you can lose metrics from the cluster.
[2022-01-10 13:51:47,642 I 5352 5656] raylet_client.cc:336: Error reporting task backlog information: IOError: 
[2022-01-10 13:51:48,642 I 5352 5656] raylet_client.cc:336: Error reporting task backlog information: IOError: 
[2022-01-10 13:51:49,642 I 5352 5656] raylet_client.cc:336: Error reporting task backlog information: IOError: 
[2022-01-10 13:51:50,642 I 5352 5656] raylet_client.cc:336: Error reporting task backlog information: IOError: 
[2022-01-10 13:51:51,643 I 5352 5656] raylet_client.cc:336: Error reporting task backlog information: IOError: 
[2022-01-10 13:51:52,643 I 5352 5656] raylet_client.cc:336: Error reporting task backlog information: IOError: 
[2022-01-10 13:51:53,643 I 5352 5656] raylet_client.cc:336: Error reporting task backlog information: IOError: 
[2022-01-10 13:51:54,643 I 5352 5656] raylet_client.cc:336: Error reporting task backlog information: IOError: 
[2022-01-10 13:51:55,643 I 5352 5656] raylet_client.cc:336: Error reporting task backlog information: IOError: 
[2022-01-10 13:51:56,643 I 5352 5656] raylet_client.cc:336: Error reporting task backlog information: IOError: 
[2022-01-10 13:51:56,889 W 5352 5657] metric_exporter.cc:206: Export metrics to agent failed: IOError: . This won't affect Ray, but you can lose metrics from the cluster.
[2022-01-10 13:51:57,643 I 5352 5656] raylet_client.cc:336: Error reporting task backlog information: IOError: 
[2022-01-10 13:51:58,643 I 5352 5656] raylet_client.cc:336: Error reporting task backlog information: IOError: 
[2022-01-10 13:51:59,643 I 5352 5656] raylet_client.cc:336: Error reporting task backlog information: IOError: 
[2022-01-10 13:52:00,643 I 5352 5656] raylet_client.cc:336: Error reporting task backlog information: IOError: 
[2022-01-10 13:52:01,644 I 5352 5656] raylet_client.cc:336: Error reporting task backlog information: IOError: 
[2022-01-10 13:52:02,644 I 5352 5656] raylet_client.cc:336: Error reporting task backlog information: IOError: 
[2022-01-10 13:52:03,644 I 5352 5656] raylet_client.cc:336: Error reporting task backlog information: IOError: 
[2022-01-10 13:52:04,644 I 5352 5656] raylet_client.cc:336: Error reporting task backlog information: IOError: 
[2022-01-10 13:52:05,644 I 5352 5656] raylet_client.cc:336: Error reporting task backlog information: IOError: 
[2022-01-10 13:52:06,644 I 5352 5656] raylet_client.cc:336: Error reporting task backlog information: IOError: 
[2022-01-10 13:52:06,897 W 5352 5657] metric_exporter.cc:206: Export metrics to agent failed: IOError: . This won't affect Ray, but you can lose metrics from the cluster.
[2022-01-10 13:52:07,644 I 5352 5656] raylet_client.cc:336: Error reporting task backlog information: IOError: 
[2022-01-10 13:52:08,644 I 5352 5656] raylet_client.cc:336: Error reporting task backlog information: IOError: 
[2022-01-10 13:52:09,644 I 5352 5656] raylet_client.cc:336: Error reporting task backlog information: IOError: 
[2022-01-10 13:52:10,644 I 5352 5656] raylet_client.cc:336: Error reporting task backlog information: IOError: 
[2022-01-10 13:52:11,644 I 5352 5656] raylet_client.cc:336: Error reporting task backlog information: IOError: 
[2022-01-10 13:52:12,645 I 5352 5656] raylet_client.cc:336: Error reporting task backlog information: IOError: 
[2022-01-10 13:52:13,645 I 5352 5656] raylet_client.cc:336: Error reporting task backlog information: IOError: 
[2022-01-10 13:52:14,645 I 5352 5656] raylet_client.cc:336: Error reporting task backlog information: IOError: 
[2022-01-10 13:52:15,645 I 5352 5656] raylet_client.cc:336: Error reporting task backlog information: IOError: 
[2022-01-10 13:52:16,645 I 5352 5656] raylet_client.cc:336: Error reporting task backlog information: IOError: 
[2022-01-10 13:52:16,905 W 5352 5657] metric_exporter.cc:206: Export metrics to agent failed: IOError: . This won't affect Ray, but you can lose metrics from the cluster.
[2022-01-10 13:52:17,645 I 5352 5656] raylet_client.cc:336: Error reporting task backlog information: IOError: 
[2022-01-10 13:52:18,645 I 5352 5656] raylet_client.cc:336: Error reporting task backlog information: IOError: 
[2022-01-10 13:52:19,645 I 5352 5656] raylet_client.cc:336: Error reporting task backlog information: IOError: 
[2022-01-10 13:52:20,645 I 5352 5656] raylet_client.cc:336: Error reporting task backlog information: IOError: 
[2022-01-10 13:52:21,646 I 5352 5656] raylet_client.cc:336: Error reporting task backlog information: IOError: 
[2022-01-10 13:52:22,646 I 5352 5656] raylet_client.cc:336: Error reporting task backlog information: IOError: 
[2022-01-10 13:52:23,646 I 5352 5656] raylet_client.cc:336: Error reporting task backlog information: IOError: 
[2022-01-10 13:52:24,646 I 5352 5656] raylet_client.cc:336: Error reporting task backlog information: IOError: 
[2022-01-10 13:52:25,646 I 5352 5656] raylet_client.cc:336: Error reporting task backlog information: IOError: 
[2022-01-10 13:52:26,646 I 5352 5656] raylet_client.cc:336: Error reporting task backlog information: IOError: 
[2022-01-10 13:52:26,912 W 5352 5657] metric_exporter.cc:206: Export metrics to agent failed: IOError: . This won't affect Ray, but you can lose metrics from the cluster.
[2022-01-10 13:52:27,646 I 5352 5656] raylet_client.cc:336: Error reporting task backlog information: IOError: 
[2022-01-10 13:52:28,646 I 5352 5656] raylet_client.cc:336: Error reporting task backlog information: IOError: 
[2022-01-10 13:52:29,646 I 5352 5656] raylet_client.cc:336: Error reporting task backlog information: IOError: 
[2022-01-10 13:52:30,646 I 5352 5656] raylet_client.cc:336: Error reporting task backlog information: IOError: 
[2022-01-10 13:52:31,647 I 5352 5656] raylet_client.cc:336: Error reporting task backlog information: IOError: 
[2022-01-10 13:52:32,647 I 5352 5656] raylet_client.cc:336: Error reporting task backlog information: IOError: 
[2022-01-10 13:52:33,647 I 5352 5656] raylet_client.cc:336: Error reporting task backlog information: IOError: 
[2022-01-10 13:52:34,647 I 5352 5656] raylet_client.cc:336: Error reporting task backlog information: IOError: 
[2022-01-10 13:52:35,647 I 5352 5656] raylet_client.cc:336: Error reporting task backlog information: IOError: 
[2022-01-10 13:52:36,647 I 5352 5656] raylet_client.cc:336: Error reporting task backlog information: IOError: 
[2022-01-10 13:52:36,919 W 5352 5657] metric_exporter.cc:206: Export metrics to agent failed: IOError: . This won't affect Ray, but you can lose metrics from the cluster.
[2022-01-10 13:52:37,647 I 5352 5656] raylet_client.cc:336: Error reporting task backlog information: IOError: 
[2022-01-10 13:52:38,647 I 5352 5656] raylet_client.cc:336: Error reporting task backlog information: IOError: 
[2022-01-10 13:52:39,647 I 5352 5656] raylet_client.cc:336: Error reporting task backlog information: IOError: 
[2022-01-10 13:52:40,647 I 5352 5656] raylet_client.cc:336: Error reporting task backlog information: IOError: 
[2022-01-10 13:52:41,647 I 5352 5656] raylet_client.cc:336: Error reporting task backlog information: IOError: 
[2022-01-10 13:52:42,648 I 5352 5656] raylet_client.cc:336: Error reporting task backlog information: IOError: 
[2022-01-10 13:52:43,648 I 5352 5656] raylet_client.cc:336: Error reporting task backlog information: IOError: 
[2022-01-10 13:52:44,648 I 5352 5656] raylet_client.cc:336: Error reporting task backlog information: IOError: 
[2022-01-10 13:52:45,648 I 5352 5656] raylet_client.cc:336: Error reporting task backlog information: IOError: 
[2022-01-10 13:52:46,648 I 5352 5656] raylet_client.cc:336: Error reporting task backlog information: IOError: 
[2022-01-10 13:52:46,926 W 5352 5657] metric_exporter.cc:206: Export metrics to agent failed: IOError: . This won't affect Ray, but you can lose metrics from the cluster.
[2022-01-10 13:52:47,648 I 5352 5656] raylet_client.cc:336: Error reporting task backlog information: IOError: 
[2022-01-10 13:52:48,648 I 5352 5656] raylet_client.cc:336: Error reporting task backlog information: IOError: 
[2022-01-10 13:52:49,648 I 5352 5656] raylet_client.cc:336: Error reporting task backlog information: IOError: 
[2022-01-10 13:52:50,648 I 5352 5656] raylet_client.cc:336: Error reporting task backlog information: IOError: 
[2022-01-10 13:52:51,649 I 5352 5656] raylet_client.cc:336: Error reporting task backlog information: IOError: 
[2022-01-10 13:52:52,649 I 5352 5656] raylet_client.cc:336: Error reporting task backlog information: IOError: 
[2022-01-10 13:52:53,649 I 5352 5656] raylet_client.cc:336: Error reporting task backlog information: IOError: 
[2022-01-10 13:52:54,649 I 5352 5656] raylet_client.cc:336: Error reporting task backlog information: IOError: 
[2022-01-10 13:52:55,649 I 5352 5656] raylet_client.cc:336: Error reporting task backlog information: IOError: 
[2022-01-10 13:52:56,649 I 5352 5656] raylet_client.cc:336: Error reporting task backlog information: IOError: 
[2022-01-10 13:52:56,933 W 5352 5657] metric_exporter.cc:206: Export metrics to agent failed: IOError: . This won't affect Ray, but you can lose metrics from the cluster.
[2022-01-10 13:52:57,649 I 5352 5656] raylet_client.cc:336: Error reporting task backlog information: IOError: 
[2022-01-10 13:52:58,649 I 5352 5656] raylet_client.cc:336: Error reporting task backlog information: IOError: 
[2022-01-10 13:52:59,649 I 5352 5656] raylet_client.cc:336: Error reporting task backlog information: IOError: 
[2022-01-10 13:53:00,649 I 5352 5656] raylet_client.cc:336: Error reporting task backlog information: IOError: 
[2022-01-10 13:53:01,650 I 5352 5656] raylet_client.cc:336: Error reporting task backlog information: IOError: 
[2022-01-10 13:53:02,650 I 5352 5656] raylet_client.cc:336: Error reporting task backlog information: IOError: 
[2022-01-10 13:53:03,650 I 5352 5656] raylet_client.cc:336: Error reporting task backlog information: IOError: 
[2022-01-10 13:53:04,650 I 5352 5656] raylet_client.cc:336: Error reporting task backlog information: IOError: 
[2022-01-10 13:53:05,650 I 5352 5656] raylet_client.cc:336: Error reporting task backlog information: IOError: 
[2022-01-10 13:53:06,650 I 5352 5656] raylet_client.cc:336: Error reporting task backlog information: IOError: 
[2022-01-10 13:53:06,941 W 5352 5657] metric_exporter.cc:206: Export metrics to agent failed: IOError: . This won't affect Ray, but you can lose metrics from the cluster.
[2022-01-10 13:53:07,650 I 5352 5656] raylet_client.cc:336: Error reporting task backlog information: IOError: 
[2022-01-10 13:53:08,650 I 5352 5656] raylet_client.cc:336: Error reporting task backlog information: IOError: 
[2022-01-10 13:53:09,650 I 5352 5656] raylet_client.cc:336: Error reporting task backlog information: IOError: 
[2022-01-10 13:53:10,651 I 5352 5656] raylet_client.cc:336: Error reporting task backlog information: IOError: 
[2022-01-10 13:53:11,651 I 5352 5656] raylet_client.cc:336: Error reporting task backlog information: IOError: 
[2022-01-10 13:53:12,651 I 5352 5656] raylet_client.cc:336: Error reporting task backlog information: IOError: 
[2022-01-10 13:53:13,651 I 5352 5656] raylet_client.cc:336: Error reporting task backlog information: IOError: 
[2022-01-10 13:53:14,651 I 5352 5656] raylet_client.cc:336: Error reporting task backlog information: IOError: 
[2022-01-10 13:53:15,651 I 5352 5656] raylet_client.cc:336: Error reporting task backlog information: IOError: 
[2022-01-10 13:53:16,651 I 5352 5656] raylet_client.cc:336: Error reporting task backlog information: IOError: 
[2022-01-10 13:53:16,949 W 5352 5657] metric_exporter.cc:206: Export metrics to agent failed: IOError: . This won't affect Ray, but you can lose metrics from the cluster.
[2022-01-10 13:53:17,651 I 5352 5656] raylet_client.cc:336: Error reporting task backlog information: IOError: 
[2022-01-10 13:53:18,651 I 5352 5656] raylet_client.cc:336: Error reporting task backlog information: IOError: 
[2022-01-10 13:53:19,651 I 5352 5656] raylet_client.cc:336: Error reporting task backlog information: IOError: 
[2022-01-10 13:53:20,652 I 5352 5656] raylet_client.cc:336: Error reporting task backlog information: IOError: 
[2022-01-10 13:53:21,652 I 5352 5656] raylet_client.cc:336: Error reporting task backlog information: IOError: 
[2022-01-10 13:53:22,652 I 5352 5656] raylet_client.cc:336: Error reporting task backlog information: IOError: 
[2022-01-10 13:53:23,652 I 5352 5656] raylet_client.cc:336: Error reporting task backlog information: IOError: 
[2022-01-10 13:53:24,652 I 5352 5656] raylet_client.cc:336: Error reporting task backlog information: IOError: 
[2022-01-10 13:53:25,652 I 5352 5656] raylet_client.cc:336: Error reporting task backlog information: IOError: 
[2022-01-10 13:53:26,652 I 5352 5656] raylet_client.cc:336: Error reporting task backlog information: IOError: 
[2022-01-10 13:53:26,956 W 5352 5657] metric_exporter.cc:206: Export metrics to agent failed: IOError: . This won't affect Ray, but you can lose metrics from the cluster.
[2022-01-10 13:53:27,652 I 5352 5656] raylet_client.cc:336: Error reporting task backlog information: IOError: 
[2022-01-10 13:53:28,652 I 5352 5656] raylet_client.cc:336: Error reporting task backlog information: IOError: 
[2022-01-10 13:53:29,652 I 5352 5656] raylet_client.cc:336: Error reporting task backlog information: IOError: 
[2022-01-10 13:53:30,652 I 5352 5656] raylet_client.cc:336: Error reporting task backlog information: IOError: 
[2022-01-10 13:53:31,653 I 5352 5656] raylet_client.cc:336: Error reporting task backlog information: IOError: 
[2022-01-10 13:53:32,653 I 5352 5656] raylet_client.cc:336: Error reporting task backlog information: IOError: 
[2022-01-10 13:53:33,653 I 5352 5656] raylet_client.cc:336: Error reporting task backlog information: IOError: 
[2022-01-10 13:53:34,653 I 5352 5656] raylet_client.cc:336: Error reporting task backlog information: IOError: 
[2022-01-10 13:53:35,653 I 5352 5656] raylet_client.cc:336: Error reporting task backlog information: IOError: 
[2022-01-10 13:53:36,653 I 5352 5656] raylet_client.cc:336: Error reporting task backlog information: IOError: 
[2022-01-10 13:53:36,964 W 5352 5657] metric_exporter.cc:206: Export metrics to agent failed: IOError: . This won't affect Ray, but you can lose metrics from the cluster.
[2022-01-10 13:53:37,653 I 5352 5656] raylet_client.cc:336: Error reporting task backlog information: IOError: 
[2022-01-10 13:53:38,653 I 5352 5656] raylet_client.cc:336: Error reporting task backlog information: IOError: 
[2022-01-10 13:53:39,653 I 5352 5656] raylet_client.cc:336: Error reporting task backlog information: IOError: 
[2022-01-10 13:53:40,653 I 5352 5656] raylet_client.cc:336: Error reporting task backlog information: IOError: 
[2022-01-10 13:53:41,654 I 5352 5656] raylet_client.cc:336: Error reporting task backlog information: IOError: 
[2022-01-10 13:53:42,654 I 5352 5656] raylet_client.cc:336: Error reporting task backlog information: IOError: 
[2022-01-10 13:53:43,654 I 5352 5656] raylet_client.cc:336: Error reporting task backlog information: IOError: 
[2022-01-10 13:53:44,654 I 5352 5656] raylet_client.cc:336: Error reporting task backlog information: IOError: 
[2022-01-10 13:53:45,654 I 5352 5656] raylet_client.cc:336: Error reporting task backlog information: IOError: 
[2022-01-10 13:53:46,654 I 5352 5656] raylet_client.cc:336: Error reporting task backlog information: IOError: 
[2022-01-10 13:53:46,972 W 5352 5657] metric_exporter.cc:206: Export metrics to agent failed: IOError: . This won't affect Ray, but you can lose metrics from the cluster.
[2022-01-10 13:53:47,654 I 5352 5656] raylet_client.cc:336: Error reporting task backlog information: IOError: 
[2022-01-10 13:53:48,654 I 5352 5656] raylet_client.cc:336: Error reporting task backlog information: IOError: 
[2022-01-10 13:53:49,654 I 5352 5656] raylet_client.cc:336: Error reporting task backlog information: IOError: 
[2022-01-10 13:53:50,654 I 5352 5656] raylet_client.cc:336: Error reporting task backlog information: IOError: 
[2022-01-10 13:53:51,655 I 5352 5656] raylet_client.cc:336: Error reporting task backlog information: IOError: 
[2022-01-10 13:53:52,655 I 5352 5656] raylet_client.cc:336: Error reporting task backlog information: IOError: 
[2022-01-10 13:53:53,655 I 5352 5656] raylet_client.cc:336: Error reporting task backlog information: IOError: 
[2022-01-10 13:53:54,655 I 5352 5656] raylet_client.cc:336: Error reporting task backlog information: IOError: 
[2022-01-10 13:53:55,655 I 5352 5656] raylet_client.cc:336: Error reporting task backlog information: IOError: 
[2022-01-10 13:53:56,655 I 5352 5656] raylet_client.cc:336: Error reporting task backlog information: IOError: 
[2022-01-10 13:53:56,980 W 5352 5657] metric_exporter.cc:206: Export metrics to agent failed: IOError: . This won't affect Ray, but you can lose metrics from the cluster.
[2022-01-10 13:53:57,655 I 5352 5656] raylet_client.cc:336: Error reporting task backlog information: IOError: 
[2022-01-10 13:53:58,655 I 5352 5656] raylet_client.cc:336: Error reporting task backlog information: IOError: 
[2022-01-10 13:53:59,655 I 5352 5656] raylet_client.cc:336: Error reporting task backlog information: IOError: 
[2022-01-10 13:54:00,655 I 5352 5656] raylet_client.cc:336: Error reporting task backlog information: IOError: 
[2022-01-10 13:54:01,655 I 5352 5656] raylet_client.cc:336: Error reporting task backlog information: IOError: 
[2022-01-10 13:54:02,656 I 5352 5656] raylet_client.cc:336: Error reporting task backlog information: IOError: 
[2022-01-10 13:54:03,656 I 5352 5656] raylet_client.cc:336: Error reporting task backlog information: IOError: 
[2022-01-10 13:54:04,656 I 5352 5656] raylet_client.cc:336: Error reporting task backlog information: IOError: 
[2022-01-10 13:54:05,656 I 5352 5656] raylet_client.cc:336: Error reporting task backlog information: IOError: 
[2022-01-10 13:54:06,656 I 5352 5656] raylet_client.cc:336: Error reporting task backlog information: IOError: 
[2022-01-10 13:54:06,987 W 5352 5657] metric_exporter.cc:206: Export metrics to agent failed: IOError: . This won't affect Ray, but you can lose metrics from the cluster.
[2022-01-10 13:54:07,656 I 5352 5656] raylet_client.cc:336: Error reporting task backlog information: IOError: 
[2022-01-10 13:54:08,656 I 5352 5656] raylet_client.cc:336: Error reporting task backlog information: IOError: 
[2022-01-10 13:54:09,656 I 5352 5656] raylet_client.cc:336: Error reporting task backlog information: IOError: 
[2022-01-10 13:54:10,656 I 5352 5656] raylet_client.cc:336: Error reporting task backlog information: IOError: 
[2022-01-10 13:54:11,656 I 5352 5656] raylet_client.cc:336: Error reporting task backlog information: IOError: 
[2022-01-10 13:54:12,657 I 5352 5656] raylet_client.cc:336: Error reporting task backlog information: IOError: 
[2022-01-10 13:54:13,657 I 5352 5656] raylet_client.cc:336: Error reporting task backlog information: IOError: 
[2022-01-10 13:54:14,657 I 5352 5656] raylet_client.cc:336: Error reporting task backlog information: IOError: 
[2022-01-10 13:54:15,657 I 5352 5656] raylet_client.cc:336: Error reporting task backlog information: IOError: 
[2022-01-10 13:54:16,657 I 5352 5656] raylet_client.cc:336: Error reporting task backlog information: IOError: 
[2022-01-10 13:54:16,995 W 5352 5657] metric_exporter.cc:206: Export metrics to agent failed: IOError: . This won't affect Ray, but you can lose metrics from the cluster.
[2022-01-10 13:54:17,657 I 5352 5656] raylet_client.cc:336: Error reporting task backlog information: IOError: 
[2022-01-10 13:54:18,657 I 5352 5656] raylet_client.cc:336: Error reporting task backlog information: IOError: 
[2022-01-10 13:54:19,657 I 5352 5656] raylet_client.cc:336: Error reporting task backlog information: IOError: 
[2022-01-10 13:54:20,657 I 5352 5656] raylet_client.cc:336: Error reporting task backlog information: IOError: 
[2022-01-10 13:54:21,657 I 5352 5656] raylet_client.cc:336: Error reporting task backlog information: IOError: 
[2022-01-10 13:54:22,657 I 5352 5656] raylet_client.cc:336: Error reporting task backlog information: IOError: 
[2022-01-10 13:54:23,658 I 5352 5656] raylet_client.cc:336: Error reporting task backlog information: IOError: 
[2022-01-10 13:54:24,658 I 5352 5656] raylet_client.cc:336: Error reporting task backlog information: IOError: 
[2022-01-10 13:54:25,658 I 5352 5656] raylet_client.cc:336: Error reporting task backlog information: IOError: 
[2022-01-10 13:54:26,658 I 5352 5656] raylet_client.cc:336: Error reporting task backlog information: IOError: 
[2022-01-10 13:54:27,003 W 5352 5657] metric_exporter.cc:206: Export metrics to agent failed: IOError: . This won't affect Ray, but you can lose metrics from the cluster.
[2022-01-10 13:54:27,658 I 5352 5656] raylet_client.cc:336: Error reporting task backlog information: IOError: 
[2022-01-10 13:54:28,658 I 5352 5656] raylet_client.cc:336: Error reporting task backlog information: IOError: 
[2022-01-10 13:54:29,658 I 5352 5656] raylet_client.cc:336: Error reporting task backlog information: IOError: 
[2022-01-10 13:54:30,658 I 5352 5656] raylet_client.cc:336: Error reporting task backlog information: IOError: 
[2022-01-10 13:54:31,658 I 5352 5656] raylet_client.cc:336: Error reporting task backlog information: IOError: 
[2022-01-10 13:54:32,659 I 5352 5656] raylet_client.cc:336: Error reporting task backlog information: IOError: 
[2022-01-10 13:54:33,659 I 5352 5656] raylet_client.cc:336: Error reporting task backlog information: IOError: 
[2022-01-10 13:54:34,659 I 5352 5656] raylet_client.cc:336: Error reporting task backlog information: IOError: 
[2022-01-10 13:54:35,659 I 5352 5656] raylet_client.cc:336: Error reporting task backlog information: IOError: 
[2022-01-10 13:54:36,659 I 5352 5656] raylet_client.cc:336: Error reporting task backlog information: IOError: 
[2022-01-10 13:54:37,011 W 5352 5657] metric_exporter.cc:206: Export metrics to agent failed: IOError: . This won't affect Ray, but you can lose metrics from the cluster.
[2022-01-10 13:54:37,659 I 5352 5656] raylet_client.cc:336: Error reporting task backlog information: IOError: 
[2022-01-10 13:54:38,659 I 5352 5656] raylet_client.cc:336: Error reporting task backlog information: IOError: 
[2022-01-10 13:54:39,659 I 5352 5656] raylet_client.cc:336: Error reporting task backlog information: IOError: 
[2022-01-10 13:54:40,659 I 5352 5656] raylet_client.cc:336: Error reporting task backlog information: IOError: 
[2022-01-10 13:54:41,659 I 5352 5656] raylet_client.cc:336: Error reporting task backlog information: IOError: 
[2022-01-10 13:54:42,659 I 5352 5656] raylet_client.cc:336: Error reporting task backlog information: IOError: 
[2022-01-10 13:54:43,660 I 5352 5656] raylet_client.cc:336: Error reporting task backlog information: IOError: 
[2022-01-10 13:54:44,660 I 5352 5656] raylet_client.cc:336: Error reporting task backlog information: IOError: 
[2022-01-10 13:54:45,660 I 5352 5656] raylet_client.cc:336: Error reporting task backlog information: IOError: 
[2022-01-10 13:54:46,660 I 5352 5656] raylet_client.cc:336: Error reporting task backlog information: IOError: 
[2022-01-10 13:54:47,018 W 5352 5657] metric_exporter.cc:206: Export metrics to agent failed: IOError: . This won't affect Ray, but you can lose metrics from the cluster.
[2022-01-10 13:54:47,660 I 5352 5656] raylet_client.cc:336: Error reporting task backlog information: IOError: 
[2022-01-10 13:54:48,660 I 5352 5656] raylet_client.cc:336: Error reporting task backlog information: IOError: 
[2022-01-10 13:54:49,660 I 5352 5656] raylet_client.cc:336: Error reporting task backlog information: IOError: 
[2022-01-10 13:54:50,660 I 5352 5656] raylet_client.cc:336: Error reporting task backlog information: IOError: 
[2022-01-10 13:54:51,660 I 5352 5656] raylet_client.cc:336: Error reporting task backlog information: IOError: 
[2022-01-10 13:54:52,660 I 5352 5656] raylet_client.cc:336: Error reporting task backlog information: IOError: 
[2022-01-10 13:54:53,661 I 5352 5656] raylet_client.cc:336: Error reporting task backlog information: IOError: 
[2022-01-10 13:54:54,661 I 5352 5656] raylet_client.cc:336: Error reporting task backlog information: IOError: 
[2022-01-10 13:54:55,661 I 5352 5656] raylet_client.cc:336: Error reporting task backlog information: IOError: 
[2022-01-10 13:54:56,661 I 5352 5656] raylet_client.cc:336: Error reporting task backlog information: IOError: 
[2022-01-10 13:54:57,026 W 5352 5657] metric_exporter.cc:206: Export metrics to agent failed: IOError: . This won't affect Ray, but you can lose metrics from the cluster.
[2022-01-10 13:54:57,661 I 5352 5656] raylet_client.cc:336: Error reporting task backlog information: IOError: 
[2022-01-10 13:54:58,661 I 5352 5656] raylet_client.cc:336: Error reporting task backlog information: IOError: 
[2022-01-10 13:54:59,661 I 5352 5656] raylet_client.cc:336: Error reporting task backlog information: IOError: 
[2022-01-10 13:55:00,661 I 5352 5656] raylet_client.cc:336: Error reporting task backlog information: IOError: 
[2022-01-10 13:55:01,661 I 5352 5656] raylet_client.cc:336: Error reporting task backlog information: IOError: 
[2022-01-10 13:55:02,661 I 5352 5656] raylet_client.cc:336: Error reporting task backlog information: IOError: 
[2022-01-10 13:55:03,662 I 5352 5656] raylet_client.cc:336: Error reporting task backlog information: IOError: 
[2022-01-10 13:55:04,662 I 5352 5656] raylet_client.cc:336: Error reporting task backlog information: IOError: 
[2022-01-10 13:55:05,662 I 5352 5656] raylet_client.cc:336: Error reporting task backlog information: IOError: 
[2022-01-10 13:55:06,662 I 5352 5656] raylet_client.cc:336: Error reporting task backlog information: IOError: 
[2022-01-10 13:55:07,033 W 5352 5657] metric_exporter.cc:206: Export metrics to agent failed: IOError: . This won't affect Ray, but you can lose metrics from the cluster.
[2022-01-10 13:55:07,662 I 5352 5656] raylet_client.cc:336: Error reporting task backlog information: IOError: 
[2022-01-10 13:55:08,662 I 5352 5656] raylet_client.cc:336: Error reporting task backlog information: IOError: 
[2022-01-10 13:55:09,662 I 5352 5656] raylet_client.cc:336: Error reporting task backlog information: IOError: 
[2022-01-10 13:55:10,662 I 5352 5656] raylet_client.cc:336: Error reporting task backlog information: IOError: 
[2022-01-10 13:55:11,662 I 5352 5656] raylet_client.cc:336: Error reporting task backlog information: IOError: 
[2022-01-10 13:55:12,662 I 5352 5656] raylet_client.cc:336: Error reporting task backlog information: IOError: 
[2022-01-10 13:55:13,662 I 5352 5656] raylet_client.cc:336: Error reporting task backlog information: IOError: 
[2022-01-10 13:55:14,663 I 5352 5656] raylet_client.cc:336: Error reporting task backlog information: IOError: 
[2022-01-10 13:55:15,663 I 5352 5656] raylet_client.cc:336: Error reporting task backlog information: IOError: 
[2022-01-10 13:55:16,663 I 5352 5656] raylet_client.cc:336: Error reporting task backlog information: IOError: 
[2022-01-10 13:55:17,041 W 5352 5657] metric_exporter.cc:206: Export metrics to agent failed: IOError: . This won't affect Ray, but you can lose metrics from the cluster.
[2022-01-10 13:55:17,663 I 5352 5656] raylet_client.cc:336: Error reporting task backlog information: IOError: 
[2022-01-10 13:55:18,663 I 5352 5656] raylet_client.cc:336: Error reporting task backlog information: IOError: 
[2022-01-10 13:55:19,663 I 5352 5656] raylet_client.cc:336: Error reporting task backlog information: IOError: 
[2022-01-10 13:55:20,663 I 5352 5656] raylet_client.cc:336: Error reporting task backlog information: IOError: 
[2022-01-10 13:55:21,663 I 5352 5656] raylet_client.cc:336: Error reporting task backlog information: IOError: 
[2022-01-10 13:55:22,663 I 5352 5656] raylet_client.cc:336: Error reporting task backlog information: IOError: 
[2022-01-10 13:55:23,663 I 5352 5656] raylet_client.cc:336: Error reporting task backlog information: IOError: 
[2022-01-10 13:55:24,664 I 5352 5656] raylet_client.cc:336: Error reporting task backlog information: IOError: 
[2022-01-10 13:55:25,664 I 5352 5656] raylet_client.cc:336: Error reporting task backlog information: IOError: 
[2022-01-10 13:55:26,664 I 5352 5656] raylet_client.cc:336: Error reporting task backlog information: IOError: 
[2022-01-10 13:55:27,049 W 5352 5657] metric_exporter.cc:206: Export metrics to agent failed: IOError: . This won't affect Ray, but you can lose metrics from the cluster.
[2022-01-10 13:55:27,664 I 5352 5656] raylet_client.cc:336: Error reporting task backlog information: IOError: 
[2022-01-10 13:55:28,664 I 5352 5656] raylet_client.cc:336: Error reporting task backlog information: IOError: 
[2022-01-10 13:55:29,664 I 5352 5656] raylet_client.cc:336: Error reporting task backlog information: IOError: 
[2022-01-10 13:55:30,664 I 5352 5656] raylet_client.cc:336: Error reporting task backlog information: IOError: 
[2022-01-10 13:55:31,664 I 5352 5656] raylet_client.cc:336: Error reporting task backlog information: IOError: 
[2022-01-10 13:55:32,664 I 5352 5656] raylet_client.cc:336: Error reporting task backlog information: IOError: 
[2022-01-10 13:55:33,664 I 5352 5656] raylet_client.cc:336: Error reporting task backlog information: IOError: 
[2022-01-10 13:55:34,665 I 5352 5656] raylet_client.cc:336: Error reporting task backlog information: IOError: 
[2022-01-10 13:55:35,665 I 5352 5656] raylet_client.cc:336: Error reporting task backlog information: IOError: 
[2022-01-10 13:55:36,665 I 5352 5656] raylet_client.cc:336: Error reporting task backlog information: IOError: 
[2022-01-10 13:55:37,057 W 5352 5657] metric_exporter.cc:206: Export metrics to agent failed: IOError: . This won't affect Ray, but you can lose metrics from the cluster.
[2022-01-10 13:55:37,665 I 5352 5656] raylet_client.cc:336: Error reporting task backlog information: IOError: 
[2022-01-10 13:55:38,665 I 5352 5656] raylet_client.cc:336: Error reporting task backlog information: IOError: 
[2022-01-10 13:55:39,665 I 5352 5656] raylet_client.cc:336: Error reporting task backlog information: IOError: 
[2022-01-10 13:55:40,665 I 5352 5656] raylet_client.cc:336: Error reporting task backlog information: IOError: 
[2022-01-10 13:55:41,665 I 5352 5656] raylet_client.cc:336: Error reporting task backlog information: IOError: 
[2022-01-10 13:55:42,665 I 5352 5656] raylet_client.cc:336: Error reporting task backlog information: IOError: 
[2022-01-10 13:55:43,665 I 5352 5656] raylet_client.cc:336: Error reporting task backlog information: IOError: 
[2022-01-10 13:55:44,665 I 5352 5656] raylet_client.cc:336: Error reporting task backlog information: IOError: 
[2022-01-10 13:55:45,666 I 5352 5656] raylet_client.cc:336: Error reporting task backlog information: IOError: 
[2022-01-10 13:55:46,666 I 5352 5656] raylet_client.cc:336: Error reporting task backlog information: IOError: 
[2022-01-10 13:55:47,064 W 5352 5657] metric_exporter.cc:206: Export metrics to agent failed: IOError: . This won't affect Ray, but you can lose metrics from the cluster.
[2022-01-10 13:55:47,666 I 5352 5656] raylet_client.cc:336: Error reporting task backlog information: IOError: 
[2022-01-10 13:55:48,666 I 5352 5656] raylet_client.cc:336: Error reporting task backlog information: IOError: 
[2022-01-10 13:55:49,666 I 5352 5656] raylet_client.cc:336: Error reporting task backlog information: IOError: 
[2022-01-10 13:55:50,666 I 5352 5656] raylet_client.cc:336: Error reporting task backlog information: IOError: 
[2022-01-10 13:55:51,667 I 5352 5656] raylet_client.cc:336: Error reporting task backlog information: IOError: 
[2022-01-10 13:55:52,667 I 5352 5656] raylet_client.cc:336: Error reporting task backlog information: IOError: 
[2022-01-10 13:55:53,667 I 5352 5656] raylet_client.cc:336: Error reporting task backlog information: IOError: 
[2022-01-10 13:55:54,667 I 5352 5656] raylet_client.cc:336: Error reporting task backlog information: IOError: 
[2022-01-10 13:55:55,668 I 5352 5656] raylet_client.cc:336: Error reporting task backlog information: IOError: 
[2022-01-10 13:55:56,668 I 5352 5656] raylet_client.cc:336: Error reporting task backlog information: IOError: 
[2022-01-10 13:55:57,075 W 5352 5657] metric_exporter.cc:206: Export metrics to agent failed: IOError: . This won't affect Ray, but you can lose metrics from the cluster.
[2022-01-10 13:55:57,668 I 5352 5656] raylet_client.cc:336: Error reporting task backlog information: IOError: 
[2022-01-10 13:55:58,669 I 5352 5656] raylet_client.cc:336: Error reporting task backlog information: IOError: 
[2022-01-10 13:55:59,669 I 5352 5656] raylet_client.cc:336: Error reporting task backlog information: IOError: 
[2022-01-10 13:56:00,669 I 5352 5656] raylet_client.cc:336: Error reporting task backlog information: IOError: 
[2022-01-10 13:56:01,669 I 5352 5656] raylet_client.cc:336: Error reporting task backlog information: IOError: 
[2022-01-10 13:56:02,670 I 5352 5656] raylet_client.cc:336: Error reporting task backlog information: IOError: 
[2022-01-10 13:56:03,670 I 5352 5656] raylet_client.cc:336: Error reporting task backlog information: IOError: 
[2022-01-10 13:56:04,670 I 5352 5656] raylet_client.cc:336: Error reporting task backlog information: IOError: 
[2022-01-10 13:56:05,671 I 5352 5656] raylet_client.cc:336: Error reporting task backlog information: IOError: 
[2022-01-10 13:56:06,671 I 5352 5656] raylet_client.cc:336: Error reporting task backlog information: IOError: 
[2022-01-10 13:56:07,086 W 5352 5657] metric_exporter.cc:206: Export metrics to agent failed: IOError: . This won't affect Ray, but you can lose metrics from the cluster.
[2022-01-10 13:56:07,671 I 5352 5656] raylet_client.cc:336: Error reporting task backlog information: IOError: 
[2022-01-10 13:56:08,672 I 5352 5656] raylet_client.cc:336: Error reporting task backlog information: IOError: 
[2022-01-10 13:56:09,672 I 5352 5656] raylet_client.cc:336: Error reporting task backlog information: IOError: 
[2022-01-10 13:56:10,672 I 5352 5656] raylet_client.cc:336: Error reporting task backlog information: IOError: 
[2022-01-10 13:56:11,672 I 5352 5656] raylet_client.cc:336: Error reporting task backlog information: IOError: 
[2022-01-10 13:56:12,672 I 5352 5656] raylet_client.cc:336: Error reporting task backlog information: IOError: 
[2022-01-10 13:56:13,673 I 5352 5656] raylet_client.cc:336: Error reporting task backlog information: IOError: 
[2022-01-10 13:56:14,673 I 5352 5656] raylet_client.cc:336: Error reporting task backlog information: IOError: 
[2022-01-10 13:56:15,674 I 5352 5656] raylet_client.cc:336: Error reporting task backlog information: IOError: 
[2022-01-10 13:56:16,674 I 5352 5656] raylet_client.cc:336: Error reporting task backlog information: IOError: 
[2022-01-10 13:56:17,098 W 5352 5657] metric_exporter.cc:206: Export metrics to agent failed: IOError: . This won't affect Ray, but you can lose metrics from the cluster.
[2022-01-10 13:56:17,674 I 5352 5656] raylet_client.cc:336: Error reporting task backlog information: IOError: 
[2022-01-10 13:56:18,674 I 5352 5656] raylet_client.cc:336: Error reporting task backlog information: IOError: 
[2022-01-10 13:56:19,674 I 5352 5656] raylet_client.cc:336: Error reporting task backlog information: IOError: 
[2022-01-10 13:56:20,675 I 5352 5656] raylet_client.cc:336: Error reporting task backlog information: IOError: 
[2022-01-10 13:56:21,675 I 5352 5656] raylet_client.cc:336: Error reporting task backlog information: IOError: 
[2022-01-10 13:56:22,675 I 5352 5656] raylet_client.cc:336: Error reporting task backlog information: IOError: 
[2022-01-10 13:56:23,676 I 5352 5656] raylet_client.cc:336: Error reporting task backlog information: IOError: 
[2022-01-10 13:56:24,676 I 5352 5656] raylet_client.cc:336: Error reporting task backlog information: IOError: 
[2022-01-10 13:56:25,676 I 5352 5656] raylet_client.cc:336: Error reporting task backlog information: IOError: 
[2022-01-10 13:56:26,677 I 5352 5656] raylet_client.cc:336: Error reporting task backlog information: IOError: 
[2022-01-10 13:56:27,111 W 5352 5657] metric_exporter.cc:206: Export metrics to agent failed: IOError: . This won't affect Ray, but you can lose metrics from the cluster.
[2022-01-10 13:56:27,677 I 5352 5656] raylet_client.cc:336: Error reporting task backlog information: IOError: 
[2022-01-10 13:56:28,677 I 5352 5656] raylet_client.cc:336: Error reporting task backlog information: IOError: 
[2022-01-10 13:56:29,677 I 5352 5656] raylet_client.cc:336: Error reporting task backlog information: IOError: 
[2022-01-10 13:56:30,678 I 5352 5656] raylet_client.cc:336: Error reporting task backlog information: IOError: 
[2022-01-10 13:56:31,678 I 5352 5656] raylet_client.cc:336: Error reporting task backlog information: IOError: 
[2022-01-10 13:56:32,678 I 5352 5656] raylet_client.cc:336: Error reporting task backlog information: IOError: 
[2022-01-10 13:56:33,678 I 5352 5656] raylet_client.cc:336: Error reporting task backlog information: IOError: 
[2022-01-10 13:56:34,678 I 5352 5656] raylet_client.cc:336: Error reporting task backlog information: IOError: 
[2022-01-10 13:56:35,678 I 5352 5656] raylet_client.cc:336: Error reporting task backlog information: IOError: 
[2022-01-10 13:56:36,678 I 5352 5656] raylet_client.cc:336: Error reporting task backlog information: IOError: 
[2022-01-10 13:56:37,121 W 5352 5657] metric_exporter.cc:206: Export metrics to agent failed: IOError: . This won't affect Ray, but you can lose metrics from the cluster.
[2022-01-10 13:56:37,525 E 5352 5480] gcs_server_address_updater.cc:76: Failed to receive the GCS address for 600 times without success. The worker will exit ungracefully. It is because GCS has died. It could be because there was an issue that kills GCS, such as high memory usage triggering OOM killer to kill GCS. Cluster will be highly likely unavailable if you see this log. Please check the log from gcs_server.err.
