[2022-01-10 13:45:46,468 I 5343 5343] core_worker.cc:132: Constructing CoreWorkerProcess. pid: 5343
[2022-01-10 13:45:46,470 I 5343 5343] grpc_server.cc:112: worker server started, listening on port 44645.
[2022-01-10 13:45:46,473 I 5343 5343] core_worker.cc:479: Initializing worker at address: 131.215.21.210:44645, worker ID 34ae946b7fa1eb47e667349e57363662abe3e42c5e9e47e0ab8b4687, raylet 1b7cb3dfbc581ab919159de5a6895a9fc24da6e7487a6830afdabe13
[2022-01-10 13:45:46,583 I 5343 5343] io_service_pool.cc:35: IOServicePool is running with 1 io_service.
[2022-01-10 13:45:46,625 I 5343 5650] accessor.cc:560: Received notification for node id = 1b7cb3dfbc581ab919159de5a6895a9fc24da6e7487a6830afdabe13, IsAlive = 1
[2022-01-10 13:46:38,480 W 5343 5563] gcs_server_address_updater.cc:61: [1] Failed to get the gcs server address from raylet 1 times in a row. If it keeps failing to obtain the address, the worker might crash. Connection status IOError: 
[2022-01-10 13:46:39,480 I 5343 5650] raylet_client.cc:336: Error reporting task backlog information: IOError: 
[2022-01-10 13:46:39,590 I 5343 5650] raylet_client.cc:336: Error reporting task backlog information: IOError: 
[2022-01-10 13:46:40,590 I 5343 5650] raylet_client.cc:336: Error reporting task backlog information: IOError: 
[2022-01-10 13:46:41,590 I 5343 5650] raylet_client.cc:336: Error reporting task backlog information: IOError: 
[2022-01-10 13:46:42,590 I 5343 5650] raylet_client.cc:336: Error reporting task backlog information: IOError: 
[2022-01-10 13:46:43,590 I 5343 5650] raylet_client.cc:336: Error reporting task backlog information: IOError: 
[2022-01-10 13:46:44,590 I 5343 5650] raylet_client.cc:336: Error reporting task backlog information: IOError: 
[2022-01-10 13:46:45,590 I 5343 5650] raylet_client.cc:336: Error reporting task backlog information: IOError: 
[2022-01-10 13:46:46,590 I 5343 5650] raylet_client.cc:336: Error reporting task backlog information: IOError: 
[2022-01-10 13:46:46,627 W 5343 5651] metric_exporter.cc:206: Export metrics to agent failed: IOError: . This won't affect Ray, but you can lose metrics from the cluster.
[2022-01-10 13:46:47,591 I 5343 5650] raylet_client.cc:336: Error reporting task backlog information: IOError: 
[2022-01-10 13:46:48,591 I 5343 5650] raylet_client.cc:336: Error reporting task backlog information: IOError: 
[2022-01-10 13:46:49,591 I 5343 5650] raylet_client.cc:336: Error reporting task backlog information: IOError: 
[2022-01-10 13:46:50,591 I 5343 5650] raylet_client.cc:336: Error reporting task backlog information: IOError: 
[2022-01-10 13:46:51,591 I 5343 5650] raylet_client.cc:336: Error reporting task backlog information: IOError: 
[2022-01-10 13:46:52,591 I 5343 5650] raylet_client.cc:336: Error reporting task backlog information: IOError: 
[2022-01-10 13:46:53,591 I 5343 5650] raylet_client.cc:336: Error reporting task backlog information: IOError: 
[2022-01-10 13:46:54,591 I 5343 5650] raylet_client.cc:336: Error reporting task backlog information: IOError: 
[2022-01-10 13:46:55,591 I 5343 5650] raylet_client.cc:336: Error reporting task backlog information: IOError: 
[2022-01-10 13:46:56,591 I 5343 5650] raylet_client.cc:336: Error reporting task backlog information: IOError: 
[2022-01-10 13:46:56,634 W 5343 5651] metric_exporter.cc:206: Export metrics to agent failed: IOError: . This won't affect Ray, but you can lose metrics from the cluster.
[2022-01-10 13:46:57,592 I 5343 5650] raylet_client.cc:336: Error reporting task backlog information: IOError: 
[2022-01-10 13:46:58,592 I 5343 5650] raylet_client.cc:336: Error reporting task backlog information: IOError: 
[2022-01-10 13:46:59,592 I 5343 5650] raylet_client.cc:336: Error reporting task backlog information: IOError: 
[2022-01-10 13:47:00,592 I 5343 5650] raylet_client.cc:336: Error reporting task backlog information: IOError: 
[2022-01-10 13:47:01,592 I 5343 5650] raylet_client.cc:336: Error reporting task backlog information: IOError: 
[2022-01-10 13:47:02,592 I 5343 5650] raylet_client.cc:336: Error reporting task backlog information: IOError: 
[2022-01-10 13:47:03,592 I 5343 5650] raylet_client.cc:336: Error reporting task backlog information: IOError: 
[2022-01-10 13:47:04,592 I 5343 5650] raylet_client.cc:336: Error reporting task backlog information: IOError: 
[2022-01-10 13:47:05,592 I 5343 5650] raylet_client.cc:336: Error reporting task backlog information: IOError: 
[2022-01-10 13:47:06,592 I 5343 5650] raylet_client.cc:336: Error reporting task backlog information: IOError: 
[2022-01-10 13:47:06,641 W 5343 5651] metric_exporter.cc:206: Export metrics to agent failed: IOError: . This won't affect Ray, but you can lose metrics from the cluster.
[2022-01-10 13:47:07,592 I 5343 5650] raylet_client.cc:336: Error reporting task backlog information: IOError: 
[2022-01-10 13:47:08,592 I 5343 5650] raylet_client.cc:336: Error reporting task backlog information: IOError: 
[2022-01-10 13:47:09,593 I 5343 5650] raylet_client.cc:336: Error reporting task backlog information: IOError: 
[2022-01-10 13:47:10,593 I 5343 5650] raylet_client.cc:336: Error reporting task backlog information: IOError: 
[2022-01-10 13:47:11,593 I 5343 5650] raylet_client.cc:336: Error reporting task backlog information: IOError: 
[2022-01-10 13:47:12,593 I 5343 5650] raylet_client.cc:336: Error reporting task backlog information: IOError: 
[2022-01-10 13:47:13,593 I 5343 5650] raylet_client.cc:336: Error reporting task backlog information: IOError: 
[2022-01-10 13:47:14,593 I 5343 5650] raylet_client.cc:336: Error reporting task backlog information: IOError: 
[2022-01-10 13:47:15,593 I 5343 5650] raylet_client.cc:336: Error reporting task backlog information: IOError: 
[2022-01-10 13:47:16,593 I 5343 5650] raylet_client.cc:336: Error reporting task backlog information: IOError: 
[2022-01-10 13:47:16,651 W 5343 5651] metric_exporter.cc:206: Export metrics to agent failed: IOError: . This won't affect Ray, but you can lose metrics from the cluster.
[2022-01-10 13:47:17,593 I 5343 5650] raylet_client.cc:336: Error reporting task backlog information: IOError: 
[2022-01-10 13:47:18,593 I 5343 5650] raylet_client.cc:336: Error reporting task backlog information: IOError: 
[2022-01-10 13:47:19,593 I 5343 5650] raylet_client.cc:336: Error reporting task backlog information: IOError: 
[2022-01-10 13:47:20,594 I 5343 5650] raylet_client.cc:336: Error reporting task backlog information: IOError: 
[2022-01-10 13:47:21,594 I 5343 5650] raylet_client.cc:336: Error reporting task backlog information: IOError: 
[2022-01-10 13:47:22,594 I 5343 5650] raylet_client.cc:336: Error reporting task backlog information: IOError: 
[2022-01-10 13:47:23,594 I 5343 5650] raylet_client.cc:336: Error reporting task backlog information: IOError: 
[2022-01-10 13:47:24,594 I 5343 5650] raylet_client.cc:336: Error reporting task backlog information: IOError: 
[2022-01-10 13:47:25,594 I 5343 5650] raylet_client.cc:336: Error reporting task backlog information: IOError: 
[2022-01-10 13:47:26,594 I 5343 5650] raylet_client.cc:336: Error reporting task backlog information: IOError: 
[2022-01-10 13:47:26,658 W 5343 5651] metric_exporter.cc:206: Export metrics to agent failed: IOError: . This won't affect Ray, but you can lose metrics from the cluster.
[2022-01-10 13:47:27,594 I 5343 5650] raylet_client.cc:336: Error reporting task backlog information: IOError: 
[2022-01-10 13:47:28,594 I 5343 5650] raylet_client.cc:336: Error reporting task backlog information: IOError: 
[2022-01-10 13:47:29,594 I 5343 5650] raylet_client.cc:336: Error reporting task backlog information: IOError: 
[2022-01-10 13:47:30,594 I 5343 5650] raylet_client.cc:336: Error reporting task backlog information: IOError: 
[2022-01-10 13:47:31,594 I 5343 5650] raylet_client.cc:336: Error reporting task backlog information: IOError: 
[2022-01-10 13:47:32,595 I 5343 5650] raylet_client.cc:336: Error reporting task backlog information: IOError: 
[2022-01-10 13:47:33,595 I 5343 5650] raylet_client.cc:336: Error reporting task backlog information: IOError: 
[2022-01-10 13:47:34,595 I 5343 5650] raylet_client.cc:336: Error reporting task backlog information: IOError: 
[2022-01-10 13:47:35,595 I 5343 5650] raylet_client.cc:336: Error reporting task backlog information: IOError: 
[2022-01-10 13:47:36,595 I 5343 5650] raylet_client.cc:336: Error reporting task backlog information: IOError: 
[2022-01-10 13:47:36,665 W 5343 5651] metric_exporter.cc:206: Export metrics to agent failed: IOError: . This won't affect Ray, but you can lose metrics from the cluster.
[2022-01-10 13:47:37,595 I 5343 5650] raylet_client.cc:336: Error reporting task backlog information: IOError: 
[2022-01-10 13:47:38,595 I 5343 5650] raylet_client.cc:336: Error reporting task backlog information: IOError: 
[2022-01-10 13:47:39,595 I 5343 5650] raylet_client.cc:336: Error reporting task backlog information: IOError: 
[2022-01-10 13:47:40,595 I 5343 5650] raylet_client.cc:336: Error reporting task backlog information: IOError: 
[2022-01-10 13:47:41,595 I 5343 5650] raylet_client.cc:336: Error reporting task backlog information: IOError: 
[2022-01-10 13:47:42,595 I 5343 5650] raylet_client.cc:336: Error reporting task backlog information: IOError: 
[2022-01-10 13:47:43,596 I 5343 5650] raylet_client.cc:336: Error reporting task backlog information: IOError: 
[2022-01-10 13:47:44,596 I 5343 5650] raylet_client.cc:336: Error reporting task backlog information: IOError: 
[2022-01-10 13:47:45,596 I 5343 5650] raylet_client.cc:336: Error reporting task backlog information: IOError: 
[2022-01-10 13:47:46,596 I 5343 5650] raylet_client.cc:336: Error reporting task backlog information: IOError: 
[2022-01-10 13:47:46,672 W 5343 5651] metric_exporter.cc:206: Export metrics to agent failed: IOError: . This won't affect Ray, but you can lose metrics from the cluster.
[2022-01-10 13:47:47,596 I 5343 5650] raylet_client.cc:336: Error reporting task backlog information: IOError: 
[2022-01-10 13:47:48,596 I 5343 5650] raylet_client.cc:336: Error reporting task backlog information: IOError: 
[2022-01-10 13:47:49,596 I 5343 5650] raylet_client.cc:336: Error reporting task backlog information: IOError: 
[2022-01-10 13:47:50,596 I 5343 5650] raylet_client.cc:336: Error reporting task backlog information: IOError: 
[2022-01-10 13:47:51,596 I 5343 5650] raylet_client.cc:336: Error reporting task backlog information: IOError: 
[2022-01-10 13:47:52,596 I 5343 5650] raylet_client.cc:336: Error reporting task backlog information: IOError: 
[2022-01-10 13:47:53,597 I 5343 5650] raylet_client.cc:336: Error reporting task backlog information: IOError: 
[2022-01-10 13:47:54,597 I 5343 5650] raylet_client.cc:336: Error reporting task backlog information: IOError: 
[2022-01-10 13:47:55,597 I 5343 5650] raylet_client.cc:336: Error reporting task backlog information: IOError: 
[2022-01-10 13:47:56,597 I 5343 5650] raylet_client.cc:336: Error reporting task backlog information: IOError: 
[2022-01-10 13:47:56,680 W 5343 5651] metric_exporter.cc:206: Export metrics to agent failed: IOError: . This won't affect Ray, but you can lose metrics from the cluster.
[2022-01-10 13:47:57,597 I 5343 5650] raylet_client.cc:336: Error reporting task backlog information: IOError: 
[2022-01-10 13:47:58,597 I 5343 5650] raylet_client.cc:336: Error reporting task backlog information: IOError: 
[2022-01-10 13:47:59,597 I 5343 5650] raylet_client.cc:336: Error reporting task backlog information: IOError: 
[2022-01-10 13:48:00,597 I 5343 5650] raylet_client.cc:336: Error reporting task backlog information: IOError: 
[2022-01-10 13:48:01,597 I 5343 5650] raylet_client.cc:336: Error reporting task backlog information: IOError: 
[2022-01-10 13:48:02,597 I 5343 5650] raylet_client.cc:336: Error reporting task backlog information: IOError: 
[2022-01-10 13:48:03,598 I 5343 5650] raylet_client.cc:336: Error reporting task backlog information: IOError: 
[2022-01-10 13:48:04,598 I 5343 5650] raylet_client.cc:336: Error reporting task backlog information: IOError: 
[2022-01-10 13:48:05,598 I 5343 5650] raylet_client.cc:336: Error reporting task backlog information: IOError: 
[2022-01-10 13:48:06,598 I 5343 5650] raylet_client.cc:336: Error reporting task backlog information: IOError: 
[2022-01-10 13:48:06,688 W 5343 5651] metric_exporter.cc:206: Export metrics to agent failed: IOError: . This won't affect Ray, but you can lose metrics from the cluster.
[2022-01-10 13:48:07,598 I 5343 5650] raylet_client.cc:336: Error reporting task backlog information: IOError: 
[2022-01-10 13:48:08,598 I 5343 5650] raylet_client.cc:336: Error reporting task backlog information: IOError: 
[2022-01-10 13:48:09,598 I 5343 5650] raylet_client.cc:336: Error reporting task backlog information: IOError: 
[2022-01-10 13:48:10,598 I 5343 5650] raylet_client.cc:336: Error reporting task backlog information: IOError: 
[2022-01-10 13:48:11,598 I 5343 5650] raylet_client.cc:336: Error reporting task backlog information: IOError: 
[2022-01-10 13:48:12,598 I 5343 5650] raylet_client.cc:336: Error reporting task backlog information: IOError: 
[2022-01-10 13:48:13,598 I 5343 5650] raylet_client.cc:336: Error reporting task backlog information: IOError: 
[2022-01-10 13:48:14,599 I 5343 5650] raylet_client.cc:336: Error reporting task backlog information: IOError: 
[2022-01-10 13:48:15,599 I 5343 5650] raylet_client.cc:336: Error reporting task backlog information: IOError: 
[2022-01-10 13:48:16,599 I 5343 5650] raylet_client.cc:336: Error reporting task backlog information: IOError: 
[2022-01-10 13:48:16,696 W 5343 5651] metric_exporter.cc:206: Export metrics to agent failed: IOError: . This won't affect Ray, but you can lose metrics from the cluster.
[2022-01-10 13:48:17,599 I 5343 5650] raylet_client.cc:336: Error reporting task backlog information: IOError: 
[2022-01-10 13:48:18,599 I 5343 5650] raylet_client.cc:336: Error reporting task backlog information: IOError: 
[2022-01-10 13:48:19,599 I 5343 5650] raylet_client.cc:336: Error reporting task backlog information: IOError: 
[2022-01-10 13:48:20,599 I 5343 5650] raylet_client.cc:336: Error reporting task backlog information: IOError: 
[2022-01-10 13:48:21,599 I 5343 5650] raylet_client.cc:336: Error reporting task backlog information: IOError: 
[2022-01-10 13:48:22,599 I 5343 5650] raylet_client.cc:336: Error reporting task backlog information: IOError: 
[2022-01-10 13:48:23,599 I 5343 5650] raylet_client.cc:336: Error reporting task backlog information: IOError: 
[2022-01-10 13:48:24,599 I 5343 5650] raylet_client.cc:336: Error reporting task backlog information: IOError: 
[2022-01-10 13:48:25,600 I 5343 5650] raylet_client.cc:336: Error reporting task backlog information: IOError: 
[2022-01-10 13:48:26,600 I 5343 5650] raylet_client.cc:336: Error reporting task backlog information: IOError: 
[2022-01-10 13:48:26,704 W 5343 5651] metric_exporter.cc:206: Export metrics to agent failed: IOError: . This won't affect Ray, but you can lose metrics from the cluster.
[2022-01-10 13:48:27,600 I 5343 5650] raylet_client.cc:336: Error reporting task backlog information: IOError: 
[2022-01-10 13:48:28,600 I 5343 5650] raylet_client.cc:336: Error reporting task backlog information: IOError: 
[2022-01-10 13:48:29,600 I 5343 5650] raylet_client.cc:336: Error reporting task backlog information: IOError: 
[2022-01-10 13:48:30,600 I 5343 5650] raylet_client.cc:336: Error reporting task backlog information: IOError: 
[2022-01-10 13:48:31,600 I 5343 5650] raylet_client.cc:336: Error reporting task backlog information: IOError: 
[2022-01-10 13:48:32,600 I 5343 5650] raylet_client.cc:336: Error reporting task backlog information: IOError: 
[2022-01-10 13:48:33,600 I 5343 5650] raylet_client.cc:336: Error reporting task backlog information: IOError: 
[2022-01-10 13:48:34,601 I 5343 5650] raylet_client.cc:336: Error reporting task backlog information: IOError: 
[2022-01-10 13:48:35,601 I 5343 5650] raylet_client.cc:336: Error reporting task backlog information: IOError: 
[2022-01-10 13:48:36,601 I 5343 5650] raylet_client.cc:336: Error reporting task backlog information: IOError: 
[2022-01-10 13:48:36,712 W 5343 5651] metric_exporter.cc:206: Export metrics to agent failed: IOError: . This won't affect Ray, but you can lose metrics from the cluster.
[2022-01-10 13:48:37,601 I 5343 5650] raylet_client.cc:336: Error reporting task backlog information: IOError: 
[2022-01-10 13:48:38,601 I 5343 5650] raylet_client.cc:336: Error reporting task backlog information: IOError: 
[2022-01-10 13:48:39,601 I 5343 5650] raylet_client.cc:336: Error reporting task backlog information: IOError: 
[2022-01-10 13:48:40,601 I 5343 5650] raylet_client.cc:336: Error reporting task backlog information: IOError: 
[2022-01-10 13:48:41,601 I 5343 5650] raylet_client.cc:336: Error reporting task backlog information: IOError: 
[2022-01-10 13:48:42,601 I 5343 5650] raylet_client.cc:336: Error reporting task backlog information: IOError: 
[2022-01-10 13:48:43,601 I 5343 5650] raylet_client.cc:336: Error reporting task backlog information: IOError: 
[2022-01-10 13:48:44,601 I 5343 5650] raylet_client.cc:336: Error reporting task backlog information: IOError: 
[2022-01-10 13:48:45,601 I 5343 5650] raylet_client.cc:336: Error reporting task backlog information: IOError: 
[2022-01-10 13:48:46,601 I 5343 5650] raylet_client.cc:336: Error reporting task backlog information: IOError: 
[2022-01-10 13:48:46,720 W 5343 5651] metric_exporter.cc:206: Export metrics to agent failed: IOError: . This won't affect Ray, but you can lose metrics from the cluster.
[2022-01-10 13:48:47,602 I 5343 5650] raylet_client.cc:336: Error reporting task backlog information: IOError: 
[2022-01-10 13:48:48,602 I 5343 5650] raylet_client.cc:336: Error reporting task backlog information: IOError: 
[2022-01-10 13:48:49,602 I 5343 5650] raylet_client.cc:336: Error reporting task backlog information: IOError: 
[2022-01-10 13:48:50,602 I 5343 5650] raylet_client.cc:336: Error reporting task backlog information: IOError: 
[2022-01-10 13:48:51,602 I 5343 5650] raylet_client.cc:336: Error reporting task backlog information: IOError: 
[2022-01-10 13:48:52,602 I 5343 5650] raylet_client.cc:336: Error reporting task backlog information: IOError: 
[2022-01-10 13:48:53,602 I 5343 5650] raylet_client.cc:336: Error reporting task backlog information: IOError: 
[2022-01-10 13:48:54,602 I 5343 5650] raylet_client.cc:336: Error reporting task backlog information: IOError: 
[2022-01-10 13:48:55,602 I 5343 5650] raylet_client.cc:336: Error reporting task backlog information: IOError: 
[2022-01-10 13:48:56,602 I 5343 5650] raylet_client.cc:336: Error reporting task backlog information: IOError: 
[2022-01-10 13:48:56,728 W 5343 5651] metric_exporter.cc:206: Export metrics to agent failed: IOError: . This won't affect Ray, but you can lose metrics from the cluster.
[2022-01-10 13:48:57,603 I 5343 5650] raylet_client.cc:336: Error reporting task backlog information: IOError: 
[2022-01-10 13:48:58,603 I 5343 5650] raylet_client.cc:336: Error reporting task backlog information: IOError: 
[2022-01-10 13:48:59,603 I 5343 5650] raylet_client.cc:336: Error reporting task backlog information: IOError: 
[2022-01-10 13:49:00,603 I 5343 5650] raylet_client.cc:336: Error reporting task backlog information: IOError: 
[2022-01-10 13:49:01,603 I 5343 5650] raylet_client.cc:336: Error reporting task backlog information: IOError: 
[2022-01-10 13:49:02,603 I 5343 5650] raylet_client.cc:336: Error reporting task backlog information: IOError: 
[2022-01-10 13:49:03,603 I 5343 5650] raylet_client.cc:336: Error reporting task backlog information: IOError: 
[2022-01-10 13:49:04,603 I 5343 5650] raylet_client.cc:336: Error reporting task backlog information: IOError: 
[2022-01-10 13:49:05,603 I 5343 5650] raylet_client.cc:336: Error reporting task backlog information: IOError: 
[2022-01-10 13:49:06,604 I 5343 5650] raylet_client.cc:336: Error reporting task backlog information: IOError: 
[2022-01-10 13:49:06,736 W 5343 5651] metric_exporter.cc:206: Export metrics to agent failed: IOError: . This won't affect Ray, but you can lose metrics from the cluster.
[2022-01-10 13:49:07,604 I 5343 5650] raylet_client.cc:336: Error reporting task backlog information: IOError: 
[2022-01-10 13:49:08,604 I 5343 5650] raylet_client.cc:336: Error reporting task backlog information: IOError: 
[2022-01-10 13:49:09,604 I 5343 5650] raylet_client.cc:336: Error reporting task backlog information: IOError: 
[2022-01-10 13:49:10,604 I 5343 5650] raylet_client.cc:336: Error reporting task backlog information: IOError: 
[2022-01-10 13:49:11,604 I 5343 5650] raylet_client.cc:336: Error reporting task backlog information: IOError: 
[2022-01-10 13:49:12,604 I 5343 5650] raylet_client.cc:336: Error reporting task backlog information: IOError: 
[2022-01-10 13:49:13,604 I 5343 5650] raylet_client.cc:336: Error reporting task backlog information: IOError: 
[2022-01-10 13:49:14,604 I 5343 5650] raylet_client.cc:336: Error reporting task backlog information: IOError: 
[2022-01-10 13:49:15,604 I 5343 5650] raylet_client.cc:336: Error reporting task backlog information: IOError: 
[2022-01-10 13:49:16,604 I 5343 5650] raylet_client.cc:336: Error reporting task backlog information: IOError: 
[2022-01-10 13:49:16,744 W 5343 5651] metric_exporter.cc:206: Export metrics to agent failed: IOError: . This won't affect Ray, but you can lose metrics from the cluster.
[2022-01-10 13:49:17,605 I 5343 5650] raylet_client.cc:336: Error reporting task backlog information: IOError: 
[2022-01-10 13:49:18,605 I 5343 5650] raylet_client.cc:336: Error reporting task backlog information: IOError: 
[2022-01-10 13:49:19,605 I 5343 5650] raylet_client.cc:336: Error reporting task backlog information: IOError: 
[2022-01-10 13:49:20,605 I 5343 5650] raylet_client.cc:336: Error reporting task backlog information: IOError: 
[2022-01-10 13:49:21,605 I 5343 5650] raylet_client.cc:336: Error reporting task backlog information: IOError: 
[2022-01-10 13:49:22,605 I 5343 5650] raylet_client.cc:336: Error reporting task backlog information: IOError: 
[2022-01-10 13:49:23,605 I 5343 5650] raylet_client.cc:336: Error reporting task backlog information: IOError: 
[2022-01-10 13:49:24,605 I 5343 5650] raylet_client.cc:336: Error reporting task backlog information: IOError: 
[2022-01-10 13:49:25,605 I 5343 5650] raylet_client.cc:336: Error reporting task backlog information: IOError: 
[2022-01-10 13:49:26,605 I 5343 5650] raylet_client.cc:336: Error reporting task backlog information: IOError: 
[2022-01-10 13:49:26,752 W 5343 5651] metric_exporter.cc:206: Export metrics to agent failed: IOError: . This won't affect Ray, but you can lose metrics from the cluster.
[2022-01-10 13:49:27,606 I 5343 5650] raylet_client.cc:336: Error reporting task backlog information: IOError: 
[2022-01-10 13:49:28,606 I 5343 5650] raylet_client.cc:336: Error reporting task backlog information: IOError: 
[2022-01-10 13:49:29,606 I 5343 5650] raylet_client.cc:336: Error reporting task backlog information: IOError: 
[2022-01-10 13:49:30,606 I 5343 5650] raylet_client.cc:336: Error reporting task backlog information: IOError: 
[2022-01-10 13:49:31,606 I 5343 5650] raylet_client.cc:336: Error reporting task backlog information: IOError: 
[2022-01-10 13:49:32,606 I 5343 5650] raylet_client.cc:336: Error reporting task backlog information: IOError: 
[2022-01-10 13:49:33,606 I 5343 5650] raylet_client.cc:336: Error reporting task backlog information: IOError: 
[2022-01-10 13:49:34,606 I 5343 5650] raylet_client.cc:336: Error reporting task backlog information: IOError: 
[2022-01-10 13:49:35,606 I 5343 5650] raylet_client.cc:336: Error reporting task backlog information: IOError: 
[2022-01-10 13:49:36,607 I 5343 5650] raylet_client.cc:336: Error reporting task backlog information: IOError: 
[2022-01-10 13:49:36,761 W 5343 5651] metric_exporter.cc:206: Export metrics to agent failed: IOError: . This won't affect Ray, but you can lose metrics from the cluster.
[2022-01-10 13:49:37,607 I 5343 5650] raylet_client.cc:336: Error reporting task backlog information: IOError: 
[2022-01-10 13:49:38,607 I 5343 5650] raylet_client.cc:336: Error reporting task backlog information: IOError: 
[2022-01-10 13:49:39,607 I 5343 5650] raylet_client.cc:336: Error reporting task backlog information: IOError: 
[2022-01-10 13:49:40,607 I 5343 5650] raylet_client.cc:336: Error reporting task backlog information: IOError: 
[2022-01-10 13:49:41,607 I 5343 5650] raylet_client.cc:336: Error reporting task backlog information: IOError: 
[2022-01-10 13:49:42,607 I 5343 5650] raylet_client.cc:336: Error reporting task backlog information: IOError: 
[2022-01-10 13:49:43,607 I 5343 5650] raylet_client.cc:336: Error reporting task backlog information: IOError: 
[2022-01-10 13:49:44,607 I 5343 5650] raylet_client.cc:336: Error reporting task backlog information: IOError: 
[2022-01-10 13:49:45,607 I 5343 5650] raylet_client.cc:336: Error reporting task backlog information: IOError: 
[2022-01-10 13:49:46,607 I 5343 5650] raylet_client.cc:336: Error reporting task backlog information: IOError: 
[2022-01-10 13:49:46,769 W 5343 5651] metric_exporter.cc:206: Export metrics to agent failed: IOError: . This won't affect Ray, but you can lose metrics from the cluster.
[2022-01-10 13:49:47,607 I 5343 5650] raylet_client.cc:336: Error reporting task backlog information: IOError: 
[2022-01-10 13:49:48,607 I 5343 5650] raylet_client.cc:336: Error reporting task backlog information: IOError: 
[2022-01-10 13:49:49,608 I 5343 5650] raylet_client.cc:336: Error reporting task backlog information: IOError: 
[2022-01-10 13:49:50,608 I 5343 5650] raylet_client.cc:336: Error reporting task backlog information: IOError: 
[2022-01-10 13:49:51,608 I 5343 5650] raylet_client.cc:336: Error reporting task backlog information: IOError: 
[2022-01-10 13:49:52,608 I 5343 5650] raylet_client.cc:336: Error reporting task backlog information: IOError: 
[2022-01-10 13:49:53,608 I 5343 5650] raylet_client.cc:336: Error reporting task backlog information: IOError: 
[2022-01-10 13:49:54,608 I 5343 5650] raylet_client.cc:336: Error reporting task backlog information: IOError: 
[2022-01-10 13:49:55,608 I 5343 5650] raylet_client.cc:336: Error reporting task backlog information: IOError: 
[2022-01-10 13:49:56,608 I 5343 5650] raylet_client.cc:336: Error reporting task backlog information: IOError: 
[2022-01-10 13:49:56,777 W 5343 5651] metric_exporter.cc:206: Export metrics to agent failed: IOError: . This won't affect Ray, but you can lose metrics from the cluster.
[2022-01-10 13:49:57,608 I 5343 5650] raylet_client.cc:336: Error reporting task backlog information: IOError: 
[2022-01-10 13:49:58,608 I 5343 5650] raylet_client.cc:336: Error reporting task backlog information: IOError: 
[2022-01-10 13:49:59,608 I 5343 5650] raylet_client.cc:336: Error reporting task backlog information: IOError: 
[2022-01-10 13:50:00,608 I 5343 5650] raylet_client.cc:336: Error reporting task backlog information: IOError: 
[2022-01-10 13:50:01,609 I 5343 5650] raylet_client.cc:336: Error reporting task backlog information: IOError: 
[2022-01-10 13:50:02,609 I 5343 5650] raylet_client.cc:336: Error reporting task backlog information: IOError: 
[2022-01-10 13:50:03,609 I 5343 5650] raylet_client.cc:336: Error reporting task backlog information: IOError: 
[2022-01-10 13:50:04,609 I 5343 5650] raylet_client.cc:336: Error reporting task backlog information: IOError: 
[2022-01-10 13:50:05,609 I 5343 5650] raylet_client.cc:336: Error reporting task backlog information: IOError: 
[2022-01-10 13:50:06,609 I 5343 5650] raylet_client.cc:336: Error reporting task backlog information: IOError: 
[2022-01-10 13:50:06,785 W 5343 5651] metric_exporter.cc:206: Export metrics to agent failed: IOError: . This won't affect Ray, but you can lose metrics from the cluster.
[2022-01-10 13:50:07,609 I 5343 5650] raylet_client.cc:336: Error reporting task backlog information: IOError: 
[2022-01-10 13:50:08,609 I 5343 5650] raylet_client.cc:336: Error reporting task backlog information: IOError: 
[2022-01-10 13:50:09,609 I 5343 5650] raylet_client.cc:336: Error reporting task backlog information: IOError: 
[2022-01-10 13:50:10,609 I 5343 5650] raylet_client.cc:336: Error reporting task backlog information: IOError: 
[2022-01-10 13:50:11,609 I 5343 5650] raylet_client.cc:336: Error reporting task backlog information: IOError: 
[2022-01-10 13:50:12,609 I 5343 5650] raylet_client.cc:336: Error reporting task backlog information: IOError: 
[2022-01-10 13:50:13,610 I 5343 5650] raylet_client.cc:336: Error reporting task backlog information: IOError: 
[2022-01-10 13:50:14,610 I 5343 5650] raylet_client.cc:336: Error reporting task backlog information: IOError: 
[2022-01-10 13:50:15,610 I 5343 5650] raylet_client.cc:336: Error reporting task backlog information: IOError: 
[2022-01-10 13:50:16,610 I 5343 5650] raylet_client.cc:336: Error reporting task backlog information: IOError: 
[2022-01-10 13:50:16,793 W 5343 5651] metric_exporter.cc:206: Export metrics to agent failed: IOError: . This won't affect Ray, but you can lose metrics from the cluster.
[2022-01-10 13:50:17,610 I 5343 5650] raylet_client.cc:336: Error reporting task backlog information: IOError: 
[2022-01-10 13:50:18,610 I 5343 5650] raylet_client.cc:336: Error reporting task backlog information: IOError: 
[2022-01-10 13:50:19,610 I 5343 5650] raylet_client.cc:336: Error reporting task backlog information: IOError: 
[2022-01-10 13:50:20,610 I 5343 5650] raylet_client.cc:336: Error reporting task backlog information: IOError: 
[2022-01-10 13:50:21,610 I 5343 5650] raylet_client.cc:336: Error reporting task backlog information: IOError: 
[2022-01-10 13:50:22,610 I 5343 5650] raylet_client.cc:336: Error reporting task backlog information: IOError: 
[2022-01-10 13:50:23,610 I 5343 5650] raylet_client.cc:336: Error reporting task backlog information: IOError: 
[2022-01-10 13:50:24,611 I 5343 5650] raylet_client.cc:336: Error reporting task backlog information: IOError: 
[2022-01-10 13:50:25,611 I 5343 5650] raylet_client.cc:336: Error reporting task backlog information: IOError: 
[2022-01-10 13:50:26,611 I 5343 5650] raylet_client.cc:336: Error reporting task backlog information: IOError: 
[2022-01-10 13:50:26,801 W 5343 5651] metric_exporter.cc:206: Export metrics to agent failed: IOError: . This won't affect Ray, but you can lose metrics from the cluster.
[2022-01-10 13:50:27,611 I 5343 5650] raylet_client.cc:336: Error reporting task backlog information: IOError: 
[2022-01-10 13:50:28,611 I 5343 5650] raylet_client.cc:336: Error reporting task backlog information: IOError: 
[2022-01-10 13:50:29,611 I 5343 5650] raylet_client.cc:336: Error reporting task backlog information: IOError: 
[2022-01-10 13:50:30,611 I 5343 5650] raylet_client.cc:336: Error reporting task backlog information: IOError: 
[2022-01-10 13:50:31,611 I 5343 5650] raylet_client.cc:336: Error reporting task backlog information: IOError: 
[2022-01-10 13:50:32,611 I 5343 5650] raylet_client.cc:336: Error reporting task backlog information: IOError: 
[2022-01-10 13:50:33,611 I 5343 5650] raylet_client.cc:336: Error reporting task backlog information: IOError: 
[2022-01-10 13:50:34,611 I 5343 5650] raylet_client.cc:336: Error reporting task backlog information: IOError: 
[2022-01-10 13:50:35,612 I 5343 5650] raylet_client.cc:336: Error reporting task backlog information: IOError: 
[2022-01-10 13:50:36,612 I 5343 5650] raylet_client.cc:336: Error reporting task backlog information: IOError: 
[2022-01-10 13:50:36,809 W 5343 5651] metric_exporter.cc:206: Export metrics to agent failed: IOError: . This won't affect Ray, but you can lose metrics from the cluster.
[2022-01-10 13:50:37,612 I 5343 5650] raylet_client.cc:336: Error reporting task backlog information: IOError: 
[2022-01-10 13:50:38,612 I 5343 5650] raylet_client.cc:336: Error reporting task backlog information: IOError: 
[2022-01-10 13:50:39,612 I 5343 5650] raylet_client.cc:336: Error reporting task backlog information: IOError: 
[2022-01-10 13:50:40,612 I 5343 5650] raylet_client.cc:336: Error reporting task backlog information: IOError: 
[2022-01-10 13:50:41,612 I 5343 5650] raylet_client.cc:336: Error reporting task backlog information: IOError: 
[2022-01-10 13:50:42,612 I 5343 5650] raylet_client.cc:336: Error reporting task backlog information: IOError: 
[2022-01-10 13:50:43,612 I 5343 5650] raylet_client.cc:336: Error reporting task backlog information: IOError: 
[2022-01-10 13:50:44,612 I 5343 5650] raylet_client.cc:336: Error reporting task backlog information: IOError: 
[2022-01-10 13:50:45,612 I 5343 5650] raylet_client.cc:336: Error reporting task backlog information: IOError: 
[2022-01-10 13:50:46,612 I 5343 5650] raylet_client.cc:336: Error reporting task backlog information: IOError: 
[2022-01-10 13:50:46,817 W 5343 5651] metric_exporter.cc:206: Export metrics to agent failed: IOError: . This won't affect Ray, but you can lose metrics from the cluster.
[2022-01-10 13:50:47,613 I 5343 5650] raylet_client.cc:336: Error reporting task backlog information: IOError: 
[2022-01-10 13:50:48,613 I 5343 5650] raylet_client.cc:336: Error reporting task backlog information: IOError: 
[2022-01-10 13:50:49,613 I 5343 5650] raylet_client.cc:336: Error reporting task backlog information: IOError: 
[2022-01-10 13:50:50,613 I 5343 5650] raylet_client.cc:336: Error reporting task backlog information: IOError: 
[2022-01-10 13:50:51,613 I 5343 5650] raylet_client.cc:336: Error reporting task backlog information: IOError: 
[2022-01-10 13:50:52,613 I 5343 5650] raylet_client.cc:336: Error reporting task backlog information: IOError: 
[2022-01-10 13:50:53,613 I 5343 5650] raylet_client.cc:336: Error reporting task backlog information: IOError: 
[2022-01-10 13:50:54,613 I 5343 5650] raylet_client.cc:336: Error reporting task backlog information: IOError: 
[2022-01-10 13:50:55,613 I 5343 5650] raylet_client.cc:336: Error reporting task backlog information: IOError: 
[2022-01-10 13:50:56,613 I 5343 5650] raylet_client.cc:336: Error reporting task backlog information: IOError: 
[2022-01-10 13:50:56,823 W 5343 5651] metric_exporter.cc:206: Export metrics to agent failed: IOError: . This won't affect Ray, but you can lose metrics from the cluster.
[2022-01-10 13:50:57,613 I 5343 5650] raylet_client.cc:336: Error reporting task backlog information: IOError: 
[2022-01-10 13:50:58,614 I 5343 5650] raylet_client.cc:336: Error reporting task backlog information: IOError: 
[2022-01-10 13:50:59,614 I 5343 5650] raylet_client.cc:336: Error reporting task backlog information: IOError: 
[2022-01-10 13:51:00,614 I 5343 5650] raylet_client.cc:336: Error reporting task backlog information: IOError: 
[2022-01-10 13:51:01,614 I 5343 5650] raylet_client.cc:336: Error reporting task backlog information: IOError: 
[2022-01-10 13:51:02,614 I 5343 5650] raylet_client.cc:336: Error reporting task backlog information: IOError: 
[2022-01-10 13:51:03,614 I 5343 5650] raylet_client.cc:336: Error reporting task backlog information: IOError: 
[2022-01-10 13:51:04,614 I 5343 5650] raylet_client.cc:336: Error reporting task backlog information: IOError: 
[2022-01-10 13:51:05,614 I 5343 5650] raylet_client.cc:336: Error reporting task backlog information: IOError: 
[2022-01-10 13:51:06,614 I 5343 5650] raylet_client.cc:336: Error reporting task backlog information: IOError: 
[2022-01-10 13:51:06,831 W 5343 5651] metric_exporter.cc:206: Export metrics to agent failed: IOError: . This won't affect Ray, but you can lose metrics from the cluster.
[2022-01-10 13:51:07,614 I 5343 5650] raylet_client.cc:336: Error reporting task backlog information: IOError: 
[2022-01-10 13:51:08,615 I 5343 5650] raylet_client.cc:336: Error reporting task backlog information: IOError: 
[2022-01-10 13:51:09,615 I 5343 5650] raylet_client.cc:336: Error reporting task backlog information: IOError: 
[2022-01-10 13:51:10,615 I 5343 5650] raylet_client.cc:336: Error reporting task backlog information: IOError: 
[2022-01-10 13:51:11,615 I 5343 5650] raylet_client.cc:336: Error reporting task backlog information: IOError: 
[2022-01-10 13:51:12,615 I 5343 5650] raylet_client.cc:336: Error reporting task backlog information: IOError: 
[2022-01-10 13:51:13,615 I 5343 5650] raylet_client.cc:336: Error reporting task backlog information: IOError: 
[2022-01-10 13:51:14,615 I 5343 5650] raylet_client.cc:336: Error reporting task backlog information: IOError: 
[2022-01-10 13:51:15,615 I 5343 5650] raylet_client.cc:336: Error reporting task backlog information: IOError: 
[2022-01-10 13:51:16,615 I 5343 5650] raylet_client.cc:336: Error reporting task backlog information: IOError: 
[2022-01-10 13:51:16,838 W 5343 5651] metric_exporter.cc:206: Export metrics to agent failed: IOError: . This won't affect Ray, but you can lose metrics from the cluster.
[2022-01-10 13:51:17,615 I 5343 5650] raylet_client.cc:336: Error reporting task backlog information: IOError: 
[2022-01-10 13:51:18,616 I 5343 5650] raylet_client.cc:336: Error reporting task backlog information: IOError: 
[2022-01-10 13:51:19,616 I 5343 5650] raylet_client.cc:336: Error reporting task backlog information: IOError: 
[2022-01-10 13:51:20,616 I 5343 5650] raylet_client.cc:336: Error reporting task backlog information: IOError: 
[2022-01-10 13:51:21,616 I 5343 5650] raylet_client.cc:336: Error reporting task backlog information: IOError: 
[2022-01-10 13:51:22,616 I 5343 5650] raylet_client.cc:336: Error reporting task backlog information: IOError: 
[2022-01-10 13:51:23,616 I 5343 5650] raylet_client.cc:336: Error reporting task backlog information: IOError: 
[2022-01-10 13:51:24,616 I 5343 5650] raylet_client.cc:336: Error reporting task backlog information: IOError: 
[2022-01-10 13:51:25,616 I 5343 5650] raylet_client.cc:336: Error reporting task backlog information: IOError: 
[2022-01-10 13:51:26,616 I 5343 5650] raylet_client.cc:336: Error reporting task backlog information: IOError: 
[2022-01-10 13:51:26,846 W 5343 5651] metric_exporter.cc:206: Export metrics to agent failed: IOError: . This won't affect Ray, but you can lose metrics from the cluster.
[2022-01-10 13:51:27,616 I 5343 5650] raylet_client.cc:336: Error reporting task backlog information: IOError: 
[2022-01-10 13:51:28,616 I 5343 5650] raylet_client.cc:336: Error reporting task backlog information: IOError: 
[2022-01-10 13:51:29,617 I 5343 5650] raylet_client.cc:336: Error reporting task backlog information: IOError: 
[2022-01-10 13:51:30,617 I 5343 5650] raylet_client.cc:336: Error reporting task backlog information: IOError: 
[2022-01-10 13:51:31,617 I 5343 5650] raylet_client.cc:336: Error reporting task backlog information: IOError: 
[2022-01-10 13:51:32,617 I 5343 5650] raylet_client.cc:336: Error reporting task backlog information: IOError: 
[2022-01-10 13:51:33,617 I 5343 5650] raylet_client.cc:336: Error reporting task backlog information: IOError: 
[2022-01-10 13:51:34,617 I 5343 5650] raylet_client.cc:336: Error reporting task backlog information: IOError: 
[2022-01-10 13:51:35,617 I 5343 5650] raylet_client.cc:336: Error reporting task backlog information: IOError: 
[2022-01-10 13:51:36,617 I 5343 5650] raylet_client.cc:336: Error reporting task backlog information: IOError: 
[2022-01-10 13:51:36,853 W 5343 5651] metric_exporter.cc:206: Export metrics to agent failed: IOError: . This won't affect Ray, but you can lose metrics from the cluster.
[2022-01-10 13:51:37,617 I 5343 5650] raylet_client.cc:336: Error reporting task backlog information: IOError: 
[2022-01-10 13:51:38,506 W 5343 5563] gcs_server_address_updater.cc:61: [301] Failed to get the gcs server address from raylet 301 times in a row. If it keeps failing to obtain the address, the worker might crash. Connection status IOError: 
[2022-01-10 13:51:38,617 I 5343 5650] raylet_client.cc:336: Error reporting task backlog information: IOError: 
[2022-01-10 13:51:39,618 I 5343 5650] raylet_client.cc:336: Error reporting task backlog information: IOError: 
[2022-01-10 13:51:40,618 I 5343 5650] raylet_client.cc:336: Error reporting task backlog information: IOError: 
[2022-01-10 13:51:41,618 I 5343 5650] raylet_client.cc:336: Error reporting task backlog information: IOError: 
[2022-01-10 13:51:42,618 I 5343 5650] raylet_client.cc:336: Error reporting task backlog information: IOError: 
[2022-01-10 13:51:43,618 I 5343 5650] raylet_client.cc:336: Error reporting task backlog information: IOError: 
[2022-01-10 13:51:44,618 I 5343 5650] raylet_client.cc:336: Error reporting task backlog information: IOError: 
[2022-01-10 13:51:45,618 I 5343 5650] raylet_client.cc:336: Error reporting task backlog information: IOError: 
[2022-01-10 13:51:46,618 I 5343 5650] raylet_client.cc:336: Error reporting task backlog information: IOError: 
[2022-01-10 13:51:46,860 W 5343 5651] metric_exporter.cc:206: Export metrics to agent failed: IOError: . This won't affect Ray, but you can lose metrics from the cluster.
[2022-01-10 13:51:47,618 I 5343 5650] raylet_client.cc:336: Error reporting task backlog information: IOError: 
[2022-01-10 13:51:48,618 I 5343 5650] raylet_client.cc:336: Error reporting task backlog information: IOError: 
[2022-01-10 13:51:49,618 I 5343 5650] raylet_client.cc:336: Error reporting task backlog information: IOError: 
[2022-01-10 13:51:50,619 I 5343 5650] raylet_client.cc:336: Error reporting task backlog information: IOError: 
[2022-01-10 13:51:51,619 I 5343 5650] raylet_client.cc:336: Error reporting task backlog information: IOError: 
[2022-01-10 13:51:52,619 I 5343 5650] raylet_client.cc:336: Error reporting task backlog information: IOError: 
[2022-01-10 13:51:53,619 I 5343 5650] raylet_client.cc:336: Error reporting task backlog information: IOError: 
[2022-01-10 13:51:54,619 I 5343 5650] raylet_client.cc:336: Error reporting task backlog information: IOError: 
[2022-01-10 13:51:55,619 I 5343 5650] raylet_client.cc:336: Error reporting task backlog information: IOError: 
[2022-01-10 13:51:56,619 I 5343 5650] raylet_client.cc:336: Error reporting task backlog information: IOError: 
[2022-01-10 13:51:56,868 W 5343 5651] metric_exporter.cc:206: Export metrics to agent failed: IOError: . This won't affect Ray, but you can lose metrics from the cluster.
[2022-01-10 13:51:57,619 I 5343 5650] raylet_client.cc:336: Error reporting task backlog information: IOError: 
[2022-01-10 13:51:58,619 I 5343 5650] raylet_client.cc:336: Error reporting task backlog information: IOError: 
[2022-01-10 13:51:59,619 I 5343 5650] raylet_client.cc:336: Error reporting task backlog information: IOError: 
[2022-01-10 13:52:00,620 I 5343 5650] raylet_client.cc:336: Error reporting task backlog information: IOError: 
[2022-01-10 13:52:01,620 I 5343 5650] raylet_client.cc:336: Error reporting task backlog information: IOError: 
[2022-01-10 13:52:02,620 I 5343 5650] raylet_client.cc:336: Error reporting task backlog information: IOError: 
[2022-01-10 13:52:03,620 I 5343 5650] raylet_client.cc:336: Error reporting task backlog information: IOError: 
[2022-01-10 13:52:04,620 I 5343 5650] raylet_client.cc:336: Error reporting task backlog information: IOError: 
[2022-01-10 13:52:05,620 I 5343 5650] raylet_client.cc:336: Error reporting task backlog information: IOError: 
[2022-01-10 13:52:06,620 I 5343 5650] raylet_client.cc:336: Error reporting task backlog information: IOError: 
[2022-01-10 13:52:06,876 W 5343 5651] metric_exporter.cc:206: Export metrics to agent failed: IOError: . This won't affect Ray, but you can lose metrics from the cluster.
[2022-01-10 13:52:07,620 I 5343 5650] raylet_client.cc:336: Error reporting task backlog information: IOError: 
[2022-01-10 13:52:08,620 I 5343 5650] raylet_client.cc:336: Error reporting task backlog information: IOError: 
[2022-01-10 13:52:09,621 I 5343 5650] raylet_client.cc:336: Error reporting task backlog information: IOError: 
[2022-01-10 13:52:10,621 I 5343 5650] raylet_client.cc:336: Error reporting task backlog information: IOError: 
[2022-01-10 13:52:11,621 I 5343 5650] raylet_client.cc:336: Error reporting task backlog information: IOError: 
[2022-01-10 13:52:12,621 I 5343 5650] raylet_client.cc:336: Error reporting task backlog information: IOError: 
[2022-01-10 13:52:13,621 I 5343 5650] raylet_client.cc:336: Error reporting task backlog information: IOError: 
[2022-01-10 13:52:14,621 I 5343 5650] raylet_client.cc:336: Error reporting task backlog information: IOError: 
[2022-01-10 13:52:15,621 I 5343 5650] raylet_client.cc:336: Error reporting task backlog information: IOError: 
[2022-01-10 13:52:16,621 I 5343 5650] raylet_client.cc:336: Error reporting task backlog information: IOError: 
[2022-01-10 13:52:16,884 W 5343 5651] metric_exporter.cc:206: Export metrics to agent failed: IOError: . This won't affect Ray, but you can lose metrics from the cluster.
[2022-01-10 13:52:17,621 I 5343 5650] raylet_client.cc:336: Error reporting task backlog information: IOError: 
[2022-01-10 13:52:18,621 I 5343 5650] raylet_client.cc:336: Error reporting task backlog information: IOError: 
[2022-01-10 13:52:19,621 I 5343 5650] raylet_client.cc:336: Error reporting task backlog information: IOError: 
[2022-01-10 13:52:20,622 I 5343 5650] raylet_client.cc:336: Error reporting task backlog information: IOError: 
[2022-01-10 13:52:21,622 I 5343 5650] raylet_client.cc:336: Error reporting task backlog information: IOError: 
[2022-01-10 13:52:22,622 I 5343 5650] raylet_client.cc:336: Error reporting task backlog information: IOError: 
[2022-01-10 13:52:23,622 I 5343 5650] raylet_client.cc:336: Error reporting task backlog information: IOError: 
[2022-01-10 13:52:24,622 I 5343 5650] raylet_client.cc:336: Error reporting task backlog information: IOError: 
[2022-01-10 13:52:25,622 I 5343 5650] raylet_client.cc:336: Error reporting task backlog information: IOError: 
[2022-01-10 13:52:26,622 I 5343 5650] raylet_client.cc:336: Error reporting task backlog information: IOError: 
[2022-01-10 13:52:26,891 W 5343 5651] metric_exporter.cc:206: Export metrics to agent failed: IOError: . This won't affect Ray, but you can lose metrics from the cluster.
[2022-01-10 13:52:27,622 I 5343 5650] raylet_client.cc:336: Error reporting task backlog information: IOError: 
[2022-01-10 13:52:28,622 I 5343 5650] raylet_client.cc:336: Error reporting task backlog information: IOError: 
[2022-01-10 13:52:29,623 I 5343 5650] raylet_client.cc:336: Error reporting task backlog information: IOError: 
[2022-01-10 13:52:30,623 I 5343 5650] raylet_client.cc:336: Error reporting task backlog information: IOError: 
[2022-01-10 13:52:31,623 I 5343 5650] raylet_client.cc:336: Error reporting task backlog information: IOError: 
[2022-01-10 13:52:32,623 I 5343 5650] raylet_client.cc:336: Error reporting task backlog information: IOError: 
[2022-01-10 13:52:33,623 I 5343 5650] raylet_client.cc:336: Error reporting task backlog information: IOError: 
[2022-01-10 13:52:34,623 I 5343 5650] raylet_client.cc:336: Error reporting task backlog information: IOError: 
[2022-01-10 13:52:35,623 I 5343 5650] raylet_client.cc:336: Error reporting task backlog information: IOError: 
[2022-01-10 13:52:36,623 I 5343 5650] raylet_client.cc:336: Error reporting task backlog information: IOError: 
[2022-01-10 13:52:36,899 W 5343 5651] metric_exporter.cc:206: Export metrics to agent failed: IOError: . This won't affect Ray, but you can lose metrics from the cluster.
[2022-01-10 13:52:37,623 I 5343 5650] raylet_client.cc:336: Error reporting task backlog information: IOError: 
[2022-01-10 13:52:38,623 I 5343 5650] raylet_client.cc:336: Error reporting task backlog information: IOError: 
[2022-01-10 13:52:39,624 I 5343 5650] raylet_client.cc:336: Error reporting task backlog information: IOError: 
[2022-01-10 13:52:40,624 I 5343 5650] raylet_client.cc:336: Error reporting task backlog information: IOError: 
[2022-01-10 13:52:41,624 I 5343 5650] raylet_client.cc:336: Error reporting task backlog information: IOError: 
[2022-01-10 13:52:42,624 I 5343 5650] raylet_client.cc:336: Error reporting task backlog information: IOError: 
[2022-01-10 13:52:43,624 I 5343 5650] raylet_client.cc:336: Error reporting task backlog information: IOError: 
[2022-01-10 13:52:44,624 I 5343 5650] raylet_client.cc:336: Error reporting task backlog information: IOError: 
[2022-01-10 13:52:45,624 I 5343 5650] raylet_client.cc:336: Error reporting task backlog information: IOError: 
[2022-01-10 13:52:46,624 I 5343 5650] raylet_client.cc:336: Error reporting task backlog information: IOError: 
[2022-01-10 13:52:46,910 W 5343 5651] metric_exporter.cc:206: Export metrics to agent failed: IOError: . This won't affect Ray, but you can lose metrics from the cluster.
[2022-01-10 13:52:47,624 I 5343 5650] raylet_client.cc:336: Error reporting task backlog information: IOError: 
[2022-01-10 13:52:48,624 I 5343 5650] raylet_client.cc:336: Error reporting task backlog information: IOError: 
[2022-01-10 13:52:49,625 I 5343 5650] raylet_client.cc:336: Error reporting task backlog information: IOError: 
[2022-01-10 13:52:50,625 I 5343 5650] raylet_client.cc:336: Error reporting task backlog information: IOError: 
[2022-01-10 13:52:51,625 I 5343 5650] raylet_client.cc:336: Error reporting task backlog information: IOError: 
[2022-01-10 13:52:52,625 I 5343 5650] raylet_client.cc:336: Error reporting task backlog information: IOError: 
[2022-01-10 13:52:53,625 I 5343 5650] raylet_client.cc:336: Error reporting task backlog information: IOError: 
[2022-01-10 13:52:54,625 I 5343 5650] raylet_client.cc:336: Error reporting task backlog information: IOError: 
[2022-01-10 13:52:55,625 I 5343 5650] raylet_client.cc:336: Error reporting task backlog information: IOError: 
[2022-01-10 13:52:56,625 I 5343 5650] raylet_client.cc:336: Error reporting task backlog information: IOError: 
[2022-01-10 13:52:56,917 W 5343 5651] metric_exporter.cc:206: Export metrics to agent failed: IOError: . This won't affect Ray, but you can lose metrics from the cluster.
[2022-01-10 13:52:57,625 I 5343 5650] raylet_client.cc:336: Error reporting task backlog information: IOError: 
[2022-01-10 13:52:58,625 I 5343 5650] raylet_client.cc:336: Error reporting task backlog information: IOError: 
[2022-01-10 13:52:59,626 I 5343 5650] raylet_client.cc:336: Error reporting task backlog information: IOError: 
[2022-01-10 13:53:00,626 I 5343 5650] raylet_client.cc:336: Error reporting task backlog information: IOError: 
[2022-01-10 13:53:01,626 I 5343 5650] raylet_client.cc:336: Error reporting task backlog information: IOError: 
[2022-01-10 13:53:02,626 I 5343 5650] raylet_client.cc:336: Error reporting task backlog information: IOError: 
[2022-01-10 13:53:03,626 I 5343 5650] raylet_client.cc:336: Error reporting task backlog information: IOError: 
[2022-01-10 13:53:04,626 I 5343 5650] raylet_client.cc:336: Error reporting task backlog information: IOError: 
[2022-01-10 13:53:05,626 I 5343 5650] raylet_client.cc:336: Error reporting task backlog information: IOError: 
[2022-01-10 13:53:06,626 I 5343 5650] raylet_client.cc:336: Error reporting task backlog information: IOError: 
[2022-01-10 13:53:06,924 W 5343 5651] metric_exporter.cc:206: Export metrics to agent failed: IOError: . This won't affect Ray, but you can lose metrics from the cluster.
[2022-01-10 13:53:07,626 I 5343 5650] raylet_client.cc:336: Error reporting task backlog information: IOError: 
[2022-01-10 13:53:08,626 I 5343 5650] raylet_client.cc:336: Error reporting task backlog information: IOError: 
[2022-01-10 13:53:09,627 I 5343 5650] raylet_client.cc:336: Error reporting task backlog information: IOError: 
[2022-01-10 13:53:10,627 I 5343 5650] raylet_client.cc:336: Error reporting task backlog information: IOError: 
[2022-01-10 13:53:11,627 I 5343 5650] raylet_client.cc:336: Error reporting task backlog information: IOError: 
[2022-01-10 13:53:12,627 I 5343 5650] raylet_client.cc:336: Error reporting task backlog information: IOError: 
[2022-01-10 13:53:13,627 I 5343 5650] raylet_client.cc:336: Error reporting task backlog information: IOError: 
[2022-01-10 13:53:14,627 I 5343 5650] raylet_client.cc:336: Error reporting task backlog information: IOError: 
[2022-01-10 13:53:15,627 I 5343 5650] raylet_client.cc:336: Error reporting task backlog information: IOError: 
[2022-01-10 13:53:16,627 I 5343 5650] raylet_client.cc:336: Error reporting task backlog information: IOError: 
[2022-01-10 13:53:16,932 W 5343 5651] metric_exporter.cc:206: Export metrics to agent failed: IOError: . This won't affect Ray, but you can lose metrics from the cluster.
[2022-01-10 13:53:17,627 I 5343 5650] raylet_client.cc:336: Error reporting task backlog information: IOError: 
[2022-01-10 13:53:18,627 I 5343 5650] raylet_client.cc:336: Error reporting task backlog information: IOError: 
[2022-01-10 13:53:19,628 I 5343 5650] raylet_client.cc:336: Error reporting task backlog information: IOError: 
[2022-01-10 13:53:20,628 I 5343 5650] raylet_client.cc:336: Error reporting task backlog information: IOError: 
[2022-01-10 13:53:21,628 I 5343 5650] raylet_client.cc:336: Error reporting task backlog information: IOError: 
[2022-01-10 13:53:22,628 I 5343 5650] raylet_client.cc:336: Error reporting task backlog information: IOError: 
[2022-01-10 13:53:23,628 I 5343 5650] raylet_client.cc:336: Error reporting task backlog information: IOError: 
[2022-01-10 13:53:24,628 I 5343 5650] raylet_client.cc:336: Error reporting task backlog information: IOError: 
[2022-01-10 13:53:25,628 I 5343 5650] raylet_client.cc:336: Error reporting task backlog information: IOError: 
[2022-01-10 13:53:26,628 I 5343 5650] raylet_client.cc:336: Error reporting task backlog information: IOError: 
[2022-01-10 13:53:26,940 W 5343 5651] metric_exporter.cc:206: Export metrics to agent failed: IOError: . This won't affect Ray, but you can lose metrics from the cluster.
[2022-01-10 13:53:27,628 I 5343 5650] raylet_client.cc:336: Error reporting task backlog information: IOError: 
[2022-01-10 13:53:28,628 I 5343 5650] raylet_client.cc:336: Error reporting task backlog information: IOError: 
[2022-01-10 13:53:29,628 I 5343 5650] raylet_client.cc:336: Error reporting task backlog information: IOError: 
[2022-01-10 13:53:30,629 I 5343 5650] raylet_client.cc:336: Error reporting task backlog information: IOError: 
[2022-01-10 13:53:31,629 I 5343 5650] raylet_client.cc:336: Error reporting task backlog information: IOError: 
[2022-01-10 13:53:32,629 I 5343 5650] raylet_client.cc:336: Error reporting task backlog information: IOError: 
[2022-01-10 13:53:33,629 I 5343 5650] raylet_client.cc:336: Error reporting task backlog information: IOError: 
[2022-01-10 13:53:34,629 I 5343 5650] raylet_client.cc:336: Error reporting task backlog information: IOError: 
[2022-01-10 13:53:35,629 I 5343 5650] raylet_client.cc:336: Error reporting task backlog information: IOError: 
[2022-01-10 13:53:36,629 I 5343 5650] raylet_client.cc:336: Error reporting task backlog information: IOError: 
[2022-01-10 13:53:36,948 W 5343 5651] metric_exporter.cc:206: Export metrics to agent failed: IOError: . This won't affect Ray, but you can lose metrics from the cluster.
[2022-01-10 13:53:37,629 I 5343 5650] raylet_client.cc:336: Error reporting task backlog information: IOError: 
[2022-01-10 13:53:38,629 I 5343 5650] raylet_client.cc:336: Error reporting task backlog information: IOError: 
[2022-01-10 13:53:39,630 I 5343 5650] raylet_client.cc:336: Error reporting task backlog information: IOError: 
[2022-01-10 13:53:40,630 I 5343 5650] raylet_client.cc:336: Error reporting task backlog information: IOError: 
[2022-01-10 13:53:41,630 I 5343 5650] raylet_client.cc:336: Error reporting task backlog information: IOError: 
[2022-01-10 13:53:42,630 I 5343 5650] raylet_client.cc:336: Error reporting task backlog information: IOError: 
[2022-01-10 13:53:43,630 I 5343 5650] raylet_client.cc:336: Error reporting task backlog information: IOError: 
[2022-01-10 13:53:44,630 I 5343 5650] raylet_client.cc:336: Error reporting task backlog information: IOError: 
[2022-01-10 13:53:45,630 I 5343 5650] raylet_client.cc:336: Error reporting task backlog information: IOError: 
[2022-01-10 13:53:46,630 I 5343 5650] raylet_client.cc:336: Error reporting task backlog information: IOError: 
[2022-01-10 13:53:46,955 W 5343 5651] metric_exporter.cc:206: Export metrics to agent failed: IOError: . This won't affect Ray, but you can lose metrics from the cluster.
[2022-01-10 13:53:47,630 I 5343 5650] raylet_client.cc:336: Error reporting task backlog information: IOError: 
[2022-01-10 13:53:48,630 I 5343 5650] raylet_client.cc:336: Error reporting task backlog information: IOError: 
[2022-01-10 13:53:49,631 I 5343 5650] raylet_client.cc:336: Error reporting task backlog information: IOError: 
[2022-01-10 13:53:50,631 I 5343 5650] raylet_client.cc:336: Error reporting task backlog information: IOError: 
[2022-01-10 13:53:51,631 I 5343 5650] raylet_client.cc:336: Error reporting task backlog information: IOError: 
[2022-01-10 13:53:52,631 I 5343 5650] raylet_client.cc:336: Error reporting task backlog information: IOError: 
[2022-01-10 13:53:53,631 I 5343 5650] raylet_client.cc:336: Error reporting task backlog information: IOError: 
[2022-01-10 13:53:54,631 I 5343 5650] raylet_client.cc:336: Error reporting task backlog information: IOError: 
[2022-01-10 13:53:55,631 I 5343 5650] raylet_client.cc:336: Error reporting task backlog information: IOError: 
[2022-01-10 13:53:56,631 I 5343 5650] raylet_client.cc:336: Error reporting task backlog information: IOError: 
[2022-01-10 13:53:56,963 W 5343 5651] metric_exporter.cc:206: Export metrics to agent failed: IOError: . This won't affect Ray, but you can lose metrics from the cluster.
[2022-01-10 13:53:57,631 I 5343 5650] raylet_client.cc:336: Error reporting task backlog information: IOError: 
[2022-01-10 13:53:58,631 I 5343 5650] raylet_client.cc:336: Error reporting task backlog information: IOError: 
[2022-01-10 13:53:59,632 I 5343 5650] raylet_client.cc:336: Error reporting task backlog information: IOError: 
[2022-01-10 13:54:00,632 I 5343 5650] raylet_client.cc:336: Error reporting task backlog information: IOError: 
[2022-01-10 13:54:01,632 I 5343 5650] raylet_client.cc:336: Error reporting task backlog information: IOError: 
[2022-01-10 13:54:02,632 I 5343 5650] raylet_client.cc:336: Error reporting task backlog information: IOError: 
[2022-01-10 13:54:03,632 I 5343 5650] raylet_client.cc:336: Error reporting task backlog information: IOError: 
[2022-01-10 13:54:04,632 I 5343 5650] raylet_client.cc:336: Error reporting task backlog information: IOError: 
[2022-01-10 13:54:05,632 I 5343 5650] raylet_client.cc:336: Error reporting task backlog information: IOError: 
[2022-01-10 13:54:06,632 I 5343 5650] raylet_client.cc:336: Error reporting task backlog information: IOError: 
[2022-01-10 13:54:06,971 W 5343 5651] metric_exporter.cc:206: Export metrics to agent failed: IOError: . This won't affect Ray, but you can lose metrics from the cluster.
[2022-01-10 13:54:07,632 I 5343 5650] raylet_client.cc:336: Error reporting task backlog information: IOError: 
[2022-01-10 13:54:08,633 I 5343 5650] raylet_client.cc:336: Error reporting task backlog information: IOError: 
[2022-01-10 13:54:09,633 I 5343 5650] raylet_client.cc:336: Error reporting task backlog information: IOError: 
[2022-01-10 13:54:10,633 I 5343 5650] raylet_client.cc:336: Error reporting task backlog information: IOError: 
[2022-01-10 13:54:11,633 I 5343 5650] raylet_client.cc:336: Error reporting task backlog information: IOError: 
[2022-01-10 13:54:12,633 I 5343 5650] raylet_client.cc:336: Error reporting task backlog information: IOError: 
[2022-01-10 13:54:13,633 I 5343 5650] raylet_client.cc:336: Error reporting task backlog information: IOError: 
[2022-01-10 13:54:14,633 I 5343 5650] raylet_client.cc:336: Error reporting task backlog information: IOError: 
[2022-01-10 13:54:15,633 I 5343 5650] raylet_client.cc:336: Error reporting task backlog information: IOError: 
[2022-01-10 13:54:16,633 I 5343 5650] raylet_client.cc:336: Error reporting task backlog information: IOError: 
[2022-01-10 13:54:16,979 W 5343 5651] metric_exporter.cc:206: Export metrics to agent failed: IOError: . This won't affect Ray, but you can lose metrics from the cluster.
[2022-01-10 13:54:17,633 I 5343 5650] raylet_client.cc:336: Error reporting task backlog information: IOError: 
[2022-01-10 13:54:18,634 I 5343 5650] raylet_client.cc:336: Error reporting task backlog information: IOError: 
[2022-01-10 13:54:19,634 I 5343 5650] raylet_client.cc:336: Error reporting task backlog information: IOError: 
[2022-01-10 13:54:20,634 I 5343 5650] raylet_client.cc:336: Error reporting task backlog information: IOError: 
[2022-01-10 13:54:21,634 I 5343 5650] raylet_client.cc:336: Error reporting task backlog information: IOError: 
[2022-01-10 13:54:22,634 I 5343 5650] raylet_client.cc:336: Error reporting task backlog information: IOError: 
[2022-01-10 13:54:23,634 I 5343 5650] raylet_client.cc:336: Error reporting task backlog information: IOError: 
[2022-01-10 13:54:24,634 I 5343 5650] raylet_client.cc:336: Error reporting task backlog information: IOError: 
[2022-01-10 13:54:25,634 I 5343 5650] raylet_client.cc:336: Error reporting task backlog information: IOError: 
[2022-01-10 13:54:26,634 I 5343 5650] raylet_client.cc:336: Error reporting task backlog information: IOError: 
[2022-01-10 13:54:26,987 W 5343 5651] metric_exporter.cc:206: Export metrics to agent failed: IOError: . This won't affect Ray, but you can lose metrics from the cluster.
[2022-01-10 13:54:27,634 I 5343 5650] raylet_client.cc:336: Error reporting task backlog information: IOError: 
[2022-01-10 13:54:28,634 I 5343 5650] raylet_client.cc:336: Error reporting task backlog information: IOError: 
[2022-01-10 13:54:29,635 I 5343 5650] raylet_client.cc:336: Error reporting task backlog information: IOError: 
[2022-01-10 13:54:30,635 I 5343 5650] raylet_client.cc:336: Error reporting task backlog information: IOError: 
[2022-01-10 13:54:31,635 I 5343 5650] raylet_client.cc:336: Error reporting task backlog information: IOError: 
[2022-01-10 13:54:32,635 I 5343 5650] raylet_client.cc:336: Error reporting task backlog information: IOError: 
[2022-01-10 13:54:33,635 I 5343 5650] raylet_client.cc:336: Error reporting task backlog information: IOError: 
[2022-01-10 13:54:34,635 I 5343 5650] raylet_client.cc:336: Error reporting task backlog information: IOError: 
[2022-01-10 13:54:35,635 I 5343 5650] raylet_client.cc:336: Error reporting task backlog information: IOError: 
[2022-01-10 13:54:36,635 I 5343 5650] raylet_client.cc:336: Error reporting task backlog information: IOError: 
[2022-01-10 13:54:36,995 W 5343 5651] metric_exporter.cc:206: Export metrics to agent failed: IOError: . This won't affect Ray, but you can lose metrics from the cluster.
[2022-01-10 13:54:37,635 I 5343 5650] raylet_client.cc:336: Error reporting task backlog information: IOError: 
[2022-01-10 13:54:38,635 I 5343 5650] raylet_client.cc:336: Error reporting task backlog information: IOError: 
[2022-01-10 13:54:39,635 I 5343 5650] raylet_client.cc:336: Error reporting task backlog information: IOError: 
[2022-01-10 13:54:40,636 I 5343 5650] raylet_client.cc:336: Error reporting task backlog information: IOError: 
[2022-01-10 13:54:41,636 I 5343 5650] raylet_client.cc:336: Error reporting task backlog information: IOError: 
[2022-01-10 13:54:42,636 I 5343 5650] raylet_client.cc:336: Error reporting task backlog information: IOError: 
[2022-01-10 13:54:43,636 I 5343 5650] raylet_client.cc:336: Error reporting task backlog information: IOError: 
[2022-01-10 13:54:44,636 I 5343 5650] raylet_client.cc:336: Error reporting task backlog information: IOError: 
[2022-01-10 13:54:45,636 I 5343 5650] raylet_client.cc:336: Error reporting task backlog information: IOError: 
[2022-01-10 13:54:46,636 I 5343 5650] raylet_client.cc:336: Error reporting task backlog information: IOError: 
[2022-01-10 13:54:47,002 W 5343 5651] metric_exporter.cc:206: Export metrics to agent failed: IOError: . This won't affect Ray, but you can lose metrics from the cluster.
[2022-01-10 13:54:47,636 I 5343 5650] raylet_client.cc:336: Error reporting task backlog information: IOError: 
[2022-01-10 13:54:48,636 I 5343 5650] raylet_client.cc:336: Error reporting task backlog information: IOError: 
[2022-01-10 13:54:49,636 I 5343 5650] raylet_client.cc:336: Error reporting task backlog information: IOError: 
[2022-01-10 13:54:50,637 I 5343 5650] raylet_client.cc:336: Error reporting task backlog information: IOError: 
[2022-01-10 13:54:51,637 I 5343 5650] raylet_client.cc:336: Error reporting task backlog information: IOError: 
[2022-01-10 13:54:52,637 I 5343 5650] raylet_client.cc:336: Error reporting task backlog information: IOError: 
[2022-01-10 13:54:53,637 I 5343 5650] raylet_client.cc:336: Error reporting task backlog information: IOError: 
[2022-01-10 13:54:54,637 I 5343 5650] raylet_client.cc:336: Error reporting task backlog information: IOError: 
[2022-01-10 13:54:55,637 I 5343 5650] raylet_client.cc:336: Error reporting task backlog information: IOError: 
[2022-01-10 13:54:56,637 I 5343 5650] raylet_client.cc:336: Error reporting task backlog information: IOError: 
[2022-01-10 13:54:57,010 W 5343 5651] metric_exporter.cc:206: Export metrics to agent failed: IOError: . This won't affect Ray, but you can lose metrics from the cluster.
[2022-01-10 13:54:57,637 I 5343 5650] raylet_client.cc:336: Error reporting task backlog information: IOError: 
[2022-01-10 13:54:58,637 I 5343 5650] raylet_client.cc:336: Error reporting task backlog information: IOError: 
[2022-01-10 13:54:59,637 I 5343 5650] raylet_client.cc:336: Error reporting task backlog information: IOError: 
[2022-01-10 13:55:00,638 I 5343 5650] raylet_client.cc:336: Error reporting task backlog information: IOError: 
[2022-01-10 13:55:01,638 I 5343 5650] raylet_client.cc:336: Error reporting task backlog information: IOError: 
[2022-01-10 13:55:02,638 I 5343 5650] raylet_client.cc:336: Error reporting task backlog information: IOError: 
[2022-01-10 13:55:03,638 I 5343 5650] raylet_client.cc:336: Error reporting task backlog information: IOError: 
[2022-01-10 13:55:04,638 I 5343 5650] raylet_client.cc:336: Error reporting task backlog information: IOError: 
[2022-01-10 13:55:05,638 I 5343 5650] raylet_client.cc:336: Error reporting task backlog information: IOError: 
[2022-01-10 13:55:06,638 I 5343 5650] raylet_client.cc:336: Error reporting task backlog information: IOError: 
[2022-01-10 13:55:07,018 W 5343 5651] metric_exporter.cc:206: Export metrics to agent failed: IOError: . This won't affect Ray, but you can lose metrics from the cluster.
[2022-01-10 13:55:07,638 I 5343 5650] raylet_client.cc:336: Error reporting task backlog information: IOError: 
[2022-01-10 13:55:08,638 I 5343 5650] raylet_client.cc:336: Error reporting task backlog information: IOError: 
[2022-01-10 13:55:09,638 I 5343 5650] raylet_client.cc:336: Error reporting task backlog information: IOError: 
[2022-01-10 13:55:10,639 I 5343 5650] raylet_client.cc:336: Error reporting task backlog information: IOError: 
[2022-01-10 13:55:11,639 I 5343 5650] raylet_client.cc:336: Error reporting task backlog information: IOError: 
[2022-01-10 13:55:12,639 I 5343 5650] raylet_client.cc:336: Error reporting task backlog information: IOError: 
[2022-01-10 13:55:13,639 I 5343 5650] raylet_client.cc:336: Error reporting task backlog information: IOError: 
[2022-01-10 13:55:14,639 I 5343 5650] raylet_client.cc:336: Error reporting task backlog information: IOError: 
[2022-01-10 13:55:15,639 I 5343 5650] raylet_client.cc:336: Error reporting task backlog information: IOError: 
[2022-01-10 13:55:16,639 I 5343 5650] raylet_client.cc:336: Error reporting task backlog information: IOError: 
[2022-01-10 13:55:17,026 W 5343 5651] metric_exporter.cc:206: Export metrics to agent failed: IOError: . This won't affect Ray, but you can lose metrics from the cluster.
[2022-01-10 13:55:17,639 I 5343 5650] raylet_client.cc:336: Error reporting task backlog information: IOError: 
[2022-01-10 13:55:18,639 I 5343 5650] raylet_client.cc:336: Error reporting task backlog information: IOError: 
[2022-01-10 13:55:19,639 I 5343 5650] raylet_client.cc:336: Error reporting task backlog information: IOError: 
[2022-01-10 13:55:20,640 I 5343 5650] raylet_client.cc:336: Error reporting task backlog information: IOError: 
[2022-01-10 13:55:21,640 I 5343 5650] raylet_client.cc:336: Error reporting task backlog information: IOError: 
[2022-01-10 13:55:22,640 I 5343 5650] raylet_client.cc:336: Error reporting task backlog information: IOError: 
[2022-01-10 13:55:23,640 I 5343 5650] raylet_client.cc:336: Error reporting task backlog information: IOError: 
[2022-01-10 13:55:24,640 I 5343 5650] raylet_client.cc:336: Error reporting task backlog information: IOError: 
[2022-01-10 13:55:25,640 I 5343 5650] raylet_client.cc:336: Error reporting task backlog information: IOError: 
[2022-01-10 13:55:26,640 I 5343 5650] raylet_client.cc:336: Error reporting task backlog information: IOError: 
[2022-01-10 13:55:27,033 W 5343 5651] metric_exporter.cc:206: Export metrics to agent failed: IOError: . This won't affect Ray, but you can lose metrics from the cluster.
[2022-01-10 13:55:27,640 I 5343 5650] raylet_client.cc:336: Error reporting task backlog information: IOError: 
[2022-01-10 13:55:28,640 I 5343 5650] raylet_client.cc:336: Error reporting task backlog information: IOError: 
[2022-01-10 13:55:29,641 I 5343 5650] raylet_client.cc:336: Error reporting task backlog information: IOError: 
[2022-01-10 13:55:30,641 I 5343 5650] raylet_client.cc:336: Error reporting task backlog information: IOError: 
[2022-01-10 13:55:31,641 I 5343 5650] raylet_client.cc:336: Error reporting task backlog information: IOError: 
[2022-01-10 13:55:32,641 I 5343 5650] raylet_client.cc:336: Error reporting task backlog information: IOError: 
[2022-01-10 13:55:33,641 I 5343 5650] raylet_client.cc:336: Error reporting task backlog information: IOError: 
[2022-01-10 13:55:34,641 I 5343 5650] raylet_client.cc:336: Error reporting task backlog information: IOError: 
[2022-01-10 13:55:35,641 I 5343 5650] raylet_client.cc:336: Error reporting task backlog information: IOError: 
[2022-01-10 13:55:36,641 I 5343 5650] raylet_client.cc:336: Error reporting task backlog information: IOError: 
[2022-01-10 13:55:37,041 W 5343 5651] metric_exporter.cc:206: Export metrics to agent failed: IOError: . This won't affect Ray, but you can lose metrics from the cluster.
[2022-01-10 13:55:37,641 I 5343 5650] raylet_client.cc:336: Error reporting task backlog information: IOError: 
[2022-01-10 13:55:38,641 I 5343 5650] raylet_client.cc:336: Error reporting task backlog information: IOError: 
[2022-01-10 13:55:39,642 I 5343 5650] raylet_client.cc:336: Error reporting task backlog information: IOError: 
[2022-01-10 13:55:40,642 I 5343 5650] raylet_client.cc:336: Error reporting task backlog information: IOError: 
[2022-01-10 13:55:41,642 I 5343 5650] raylet_client.cc:336: Error reporting task backlog information: IOError: 
[2022-01-10 13:55:42,642 I 5343 5650] raylet_client.cc:336: Error reporting task backlog information: IOError: 
[2022-01-10 13:55:43,642 I 5343 5650] raylet_client.cc:336: Error reporting task backlog information: IOError: 
[2022-01-10 13:55:44,642 I 5343 5650] raylet_client.cc:336: Error reporting task backlog information: IOError: 
[2022-01-10 13:55:45,642 I 5343 5650] raylet_client.cc:336: Error reporting task backlog information: IOError: 
[2022-01-10 13:55:46,642 I 5343 5650] raylet_client.cc:336: Error reporting task backlog information: IOError: 
[2022-01-10 13:55:47,048 W 5343 5651] metric_exporter.cc:206: Export metrics to agent failed: IOError: . This won't affect Ray, but you can lose metrics from the cluster.
[2022-01-10 13:55:47,642 I 5343 5650] raylet_client.cc:336: Error reporting task backlog information: IOError: 
[2022-01-10 13:55:48,642 I 5343 5650] raylet_client.cc:336: Error reporting task backlog information: IOError: 
[2022-01-10 13:55:49,643 I 5343 5650] raylet_client.cc:336: Error reporting task backlog information: IOError: 
[2022-01-10 13:55:50,643 I 5343 5650] raylet_client.cc:336: Error reporting task backlog information: IOError: 
[2022-01-10 13:55:51,643 I 5343 5650] raylet_client.cc:336: Error reporting task backlog information: IOError: 
[2022-01-10 13:55:52,643 I 5343 5650] raylet_client.cc:336: Error reporting task backlog information: IOError: 
[2022-01-10 13:55:53,644 I 5343 5650] raylet_client.cc:336: Error reporting task backlog information: IOError: 
[2022-01-10 13:55:54,644 I 5343 5650] raylet_client.cc:336: Error reporting task backlog information: IOError: 
[2022-01-10 13:55:55,644 I 5343 5650] raylet_client.cc:336: Error reporting task backlog information: IOError: 
[2022-01-10 13:55:56,645 I 5343 5650] raylet_client.cc:336: Error reporting task backlog information: IOError: 
[2022-01-10 13:55:57,060 W 5343 5651] metric_exporter.cc:206: Export metrics to agent failed: IOError: . This won't affect Ray, but you can lose metrics from the cluster.
[2022-01-10 13:55:57,645 I 5343 5650] raylet_client.cc:336: Error reporting task backlog information: IOError: 
[2022-01-10 13:55:58,645 I 5343 5650] raylet_client.cc:336: Error reporting task backlog information: IOError: 
[2022-01-10 13:55:59,645 I 5343 5650] raylet_client.cc:336: Error reporting task backlog information: IOError: 
[2022-01-10 13:56:00,646 I 5343 5650] raylet_client.cc:336: Error reporting task backlog information: IOError: 
[2022-01-10 13:56:01,646 I 5343 5650] raylet_client.cc:336: Error reporting task backlog information: IOError: 
[2022-01-10 13:56:02,646 I 5343 5650] raylet_client.cc:336: Error reporting task backlog information: IOError: 
[2022-01-10 13:56:03,647 I 5343 5650] raylet_client.cc:336: Error reporting task backlog information: IOError: 
[2022-01-10 13:56:04,647 I 5343 5650] raylet_client.cc:336: Error reporting task backlog information: IOError: 
[2022-01-10 13:56:05,647 I 5343 5650] raylet_client.cc:336: Error reporting task backlog information: IOError: 
[2022-01-10 13:56:06,647 I 5343 5650] raylet_client.cc:336: Error reporting task backlog information: IOError: 
[2022-01-10 13:56:07,072 W 5343 5651] metric_exporter.cc:206: Export metrics to agent failed: IOError: . This won't affect Ray, but you can lose metrics from the cluster.
[2022-01-10 13:56:07,648 I 5343 5650] raylet_client.cc:336: Error reporting task backlog information: IOError: 
[2022-01-10 13:56:08,648 I 5343 5650] raylet_client.cc:336: Error reporting task backlog information: IOError: 
[2022-01-10 13:56:09,648 I 5343 5650] raylet_client.cc:336: Error reporting task backlog information: IOError: 
[2022-01-10 13:56:10,648 I 5343 5650] raylet_client.cc:336: Error reporting task backlog information: IOError: 
[2022-01-10 13:56:11,648 I 5343 5650] raylet_client.cc:336: Error reporting task backlog information: IOError: 
[2022-01-10 13:56:12,648 I 5343 5650] raylet_client.cc:336: Error reporting task backlog information: IOError: 
[2022-01-10 13:56:13,649 I 5343 5650] raylet_client.cc:336: Error reporting task backlog information: IOError: 
[2022-01-10 13:56:14,649 I 5343 5650] raylet_client.cc:336: Error reporting task backlog information: IOError: 
[2022-01-10 13:56:15,649 I 5343 5650] raylet_client.cc:336: Error reporting task backlog information: IOError: 
[2022-01-10 13:56:16,650 I 5343 5650] raylet_client.cc:336: Error reporting task backlog information: IOError: 
[2022-01-10 13:56:17,084 W 5343 5651] metric_exporter.cc:206: Export metrics to agent failed: IOError: . This won't affect Ray, but you can lose metrics from the cluster.
[2022-01-10 13:56:17,650 I 5343 5650] raylet_client.cc:336: Error reporting task backlog information: IOError: 
[2022-01-10 13:56:18,650 I 5343 5650] raylet_client.cc:336: Error reporting task backlog information: IOError: 
[2022-01-10 13:56:19,650 I 5343 5650] raylet_client.cc:336: Error reporting task backlog information: IOError: 
[2022-01-10 13:56:20,651 I 5343 5650] raylet_client.cc:336: Error reporting task backlog information: IOError: 
[2022-01-10 13:56:21,651 I 5343 5650] raylet_client.cc:336: Error reporting task backlog information: IOError: 
[2022-01-10 13:56:22,651 I 5343 5650] raylet_client.cc:336: Error reporting task backlog information: IOError: 
[2022-01-10 13:56:23,651 I 5343 5650] raylet_client.cc:336: Error reporting task backlog information: IOError: 
[2022-01-10 13:56:24,651 I 5343 5650] raylet_client.cc:336: Error reporting task backlog information: IOError: 
[2022-01-10 13:56:25,652 I 5343 5650] raylet_client.cc:336: Error reporting task backlog information: IOError: 
[2022-01-10 13:56:26,652 I 5343 5650] raylet_client.cc:336: Error reporting task backlog information: IOError: 
[2022-01-10 13:56:27,096 W 5343 5651] metric_exporter.cc:206: Export metrics to agent failed: IOError: . This won't affect Ray, but you can lose metrics from the cluster.
[2022-01-10 13:56:27,652 I 5343 5650] raylet_client.cc:336: Error reporting task backlog information: IOError: 
[2022-01-10 13:56:28,652 I 5343 5650] raylet_client.cc:336: Error reporting task backlog information: IOError: 
[2022-01-10 13:56:29,653 I 5343 5650] raylet_client.cc:336: Error reporting task backlog information: IOError: 
[2022-01-10 13:56:30,653 I 5343 5650] raylet_client.cc:336: Error reporting task backlog information: IOError: 
[2022-01-10 13:56:31,653 I 5343 5650] raylet_client.cc:336: Error reporting task backlog information: IOError: 
[2022-01-10 13:56:32,653 I 5343 5650] raylet_client.cc:336: Error reporting task backlog information: IOError: 
[2022-01-10 13:56:33,654 I 5343 5650] raylet_client.cc:336: Error reporting task backlog information: IOError: 
[2022-01-10 13:56:34,654 I 5343 5650] raylet_client.cc:336: Error reporting task backlog information: IOError: 
[2022-01-10 13:56:35,654 I 5343 5650] raylet_client.cc:336: Error reporting task backlog information: IOError: 
[2022-01-10 13:56:36,654 I 5343 5650] raylet_client.cc:336: Error reporting task backlog information: IOError: 
[2022-01-10 13:56:37,107 W 5343 5651] metric_exporter.cc:206: Export metrics to agent failed: IOError: . This won't affect Ray, but you can lose metrics from the cluster.
[2022-01-10 13:56:37,540 E 5343 5563] gcs_server_address_updater.cc:76: Failed to receive the GCS address for 600 times without success. The worker will exit ungracefully. It is because GCS has died. It could be because there was an issue that kills GCS, such as high memory usage triggering OOM killer to kill GCS. Cluster will be highly likely unavailable if you see this log. Please check the log from gcs_server.err.
