2022-01-12 11:28:14,545	INFO log_monitor.py:190 -- Beginning to track file raylet.err
2022-01-12 11:28:14,546	INFO log_monitor.py:190 -- Beginning to track file gcs_server.err
2022-01-12 11:28:14,547	INFO log_monitor.py:190 -- Beginning to track file monitor.log
2022-01-12 11:28:14,956	INFO log_monitor.py:190 -- Beginning to track file worker-a9369a55e0eb02c132fb6941d1cb73101d87eaa6453f52eedecc41ed-01000000-159817.out
2022-01-12 11:28:14,956	INFO log_monitor.py:190 -- Beginning to track file worker-c07161d8e2473722677bf71fc00cf931f1d8213025818464522aae49-01000000-159816.err
2022-01-12 11:28:14,956	INFO log_monitor.py:190 -- Beginning to track file worker-a9369a55e0eb02c132fb6941d1cb73101d87eaa6453f52eedecc41ed-01000000-159817.err
2022-01-12 11:28:14,956	INFO log_monitor.py:190 -- Beginning to track file worker-c07161d8e2473722677bf71fc00cf931f1d8213025818464522aae49-01000000-159816.out
2022-01-12 11:28:14,956	INFO log_monitor.py:190 -- Beginning to track file worker-2a4c79cfa2c5b54973dc301de73002d84985b1a38f29a0b18d57b450-01000000-159815.err
2022-01-12 11:28:14,956	INFO log_monitor.py:190 -- Beginning to track file worker-2a4c79cfa2c5b54973dc301de73002d84985b1a38f29a0b18d57b450-01000000-159815.out
2022-01-12 11:28:15,057	INFO log_monitor.py:190 -- Beginning to track file worker-d0c0a68dfff6b8558e63dbfe3ffcfa6b78d91817191da449f559d4af-01000000-159824.out
2022-01-12 11:28:15,057	INFO log_monitor.py:190 -- Beginning to track file worker-08e4bc25c59bf331b4813aa82c082f66a790eb10546fe48e82e5ccdc-01000000-159813.out
2022-01-12 11:28:15,057	INFO log_monitor.py:190 -- Beginning to track file worker-16f58aefa5c51b35f468b5c42164702e50663e39cb6a8efe095ccff8-01000000-159819.err
2022-01-12 11:28:15,057	INFO log_monitor.py:190 -- Beginning to track file worker-6dd7601f6946c42c33100d6f090d55ad767877080fc3e46c53fc0cf9-01000000-159823.err
2022-01-12 11:28:15,057	INFO log_monitor.py:190 -- Beginning to track file worker-07abbee6242296818f40390b7a3a9a2685e909b84837447e79c71f5a-01000000-159820.err
2022-01-12 11:28:15,057	INFO log_monitor.py:190 -- Beginning to track file worker-9a8b911060af95dddf1ab40d2a03b73d2c3c66ef20c650941f235a3b-01000000-159814.err
2022-01-12 11:28:15,057	INFO log_monitor.py:190 -- Beginning to track file worker-16f58aefa5c51b35f468b5c42164702e50663e39cb6a8efe095ccff8-01000000-159819.out
2022-01-12 11:28:15,057	INFO log_monitor.py:190 -- Beginning to track file worker-07abbee6242296818f40390b7a3a9a2685e909b84837447e79c71f5a-01000000-159820.out
2022-01-12 11:28:15,057	INFO log_monitor.py:190 -- Beginning to track file worker-6dd7601f6946c42c33100d6f090d55ad767877080fc3e46c53fc0cf9-01000000-159823.out
2022-01-12 11:28:15,057	INFO log_monitor.py:190 -- Beginning to track file worker-08e4bc25c59bf331b4813aa82c082f66a790eb10546fe48e82e5ccdc-01000000-159813.err
2022-01-12 11:28:15,057	INFO log_monitor.py:190 -- Beginning to track file worker-d0c0a68dfff6b8558e63dbfe3ffcfa6b78d91817191da449f559d4af-01000000-159824.err
2022-01-12 11:28:15,057	INFO log_monitor.py:190 -- Beginning to track file worker-5d441d4d61fb2186bf8fc5b1b7ca64ab1a6b8b0cd6f508a4b348d349-01000000-159818.err
2022-01-12 11:28:15,057	INFO log_monitor.py:190 -- Beginning to track file worker-3c8e3f9028cf0feb1ceb8ae57ff4996751d28de95ba818322472a0fd-01000000-159821.out
2022-01-12 11:28:15,057	INFO log_monitor.py:190 -- Beginning to track file worker-40d30ed5447ba5c2edd4edbbd1071364aa5cfa37df25f35f551c6c54-01000000-159822.out
2022-01-12 11:28:15,057	INFO log_monitor.py:190 -- Beginning to track file worker-40d30ed5447ba5c2edd4edbbd1071364aa5cfa37df25f35f551c6c54-01000000-159822.err
2022-01-12 11:28:15,057	INFO log_monitor.py:190 -- Beginning to track file worker-5d441d4d61fb2186bf8fc5b1b7ca64ab1a6b8b0cd6f508a4b348d349-01000000-159818.out
2022-01-12 11:28:15,058	INFO log_monitor.py:190 -- Beginning to track file worker-9a8b911060af95dddf1ab40d2a03b73d2c3c66ef20c650941f235a3b-01000000-159814.out
2022-01-12 11:28:15,058	INFO log_monitor.py:190 -- Beginning to track file worker-3c8e3f9028cf0feb1ceb8ae57ff4996751d28de95ba818322472a0fd-01000000-159821.err
