2022-01-10 14:01:54,223	INFO log_monitor.py:190 -- Beginning to track file raylet.err
2022-01-10 14:01:54,224	INFO log_monitor.py:190 -- Beginning to track file gcs_server.err
2022-01-10 14:01:54,225	INFO log_monitor.py:190 -- Beginning to track file monitor.log
2022-01-10 14:01:54,541	INFO log_monitor.py:190 -- Beginning to track file worker-a1704f10a2e02a7f96bb25c1811d3e2b5c2902d9a75dbef3397bb379-01000000-11052.err
2022-01-10 14:01:54,541	INFO log_monitor.py:190 -- Beginning to track file worker-338ab309649b3e468e0f24ed9558693410dafa36def3dddb518fd314-01000000-11050.err
2022-01-10 14:01:54,541	INFO log_monitor.py:190 -- Beginning to track file worker-a1704f10a2e02a7f96bb25c1811d3e2b5c2902d9a75dbef3397bb379-01000000-11052.out
2022-01-10 14:01:54,541	INFO log_monitor.py:190 -- Beginning to track file worker-28d794da96c2cc11c97aca5537634ca6ec69273f805e3eecbb8d1e0e-01000000-11051.out
2022-01-10 14:01:54,541	INFO log_monitor.py:190 -- Beginning to track file worker-338ab309649b3e468e0f24ed9558693410dafa36def3dddb518fd314-01000000-11050.out
2022-01-10 14:01:54,541	INFO log_monitor.py:190 -- Beginning to track file worker-28d794da96c2cc11c97aca5537634ca6ec69273f805e3eecbb8d1e0e-01000000-11051.err
2022-01-10 14:01:54,642	INFO log_monitor.py:190 -- Beginning to track file worker-fa6bed96e2c3467e48bb33b007f0cfb42a69c6dfbcabba555514b74e-01000000-11049.err
2022-01-10 14:01:54,642	INFO log_monitor.py:190 -- Beginning to track file worker-6d379ce1e624f848c137f2af7170eb1caf04a2c845eadff5afef7fe4-01000000-11053.out
2022-01-10 14:01:54,642	INFO log_monitor.py:190 -- Beginning to track file worker-24a352d54ce620c3dcd846a5a826d01587b08cccf3f05f75a5d6aa63-01000000-11054.out
2022-01-10 14:01:54,642	INFO log_monitor.py:190 -- Beginning to track file worker-1a27880bb9a84035b1c6f638de604c1e77ffd0adb739d476411b98e8-01000000-11059.out
2022-01-10 14:01:54,642	INFO log_monitor.py:190 -- Beginning to track file worker-6d379ce1e624f848c137f2af7170eb1caf04a2c845eadff5afef7fe4-01000000-11053.err
2022-01-10 14:01:54,642	INFO log_monitor.py:190 -- Beginning to track file worker-1a27880bb9a84035b1c6f638de604c1e77ffd0adb739d476411b98e8-01000000-11059.err
2022-01-10 14:01:54,642	INFO log_monitor.py:190 -- Beginning to track file worker-fa6bed96e2c3467e48bb33b007f0cfb42a69c6dfbcabba555514b74e-01000000-11049.out
2022-01-10 14:01:54,642	INFO log_monitor.py:190 -- Beginning to track file worker-24a352d54ce620c3dcd846a5a826d01587b08cccf3f05f75a5d6aa63-01000000-11054.err
2022-01-10 14:01:54,743	INFO log_monitor.py:190 -- Beginning to track file worker-0d25c087971c38c65ad9007c33d923095c8e4bfd799baab597d56ec5-01000000-11056.out
2022-01-10 14:01:54,743	INFO log_monitor.py:190 -- Beginning to track file worker-2eaaddcf6739615fb18733ffd6166fca5023351b8835444830f55b83-01000000-11058.out
2022-01-10 14:01:54,743	INFO log_monitor.py:190 -- Beginning to track file worker-0d25c087971c38c65ad9007c33d923095c8e4bfd799baab597d56ec5-01000000-11056.err
2022-01-10 14:01:54,743	INFO log_monitor.py:190 -- Beginning to track file worker-27d23fbdae1d4168e18b02f145f5aa335eff46d373014c10f7fb0289-01000000-11057.err
2022-01-10 14:01:54,743	INFO log_monitor.py:190 -- Beginning to track file worker-27d23fbdae1d4168e18b02f145f5aa335eff46d373014c10f7fb0289-01000000-11057.out
2022-01-10 14:01:54,743	INFO log_monitor.py:190 -- Beginning to track file worker-c8b50820aba26ad62d1621f0fd54372177bd08aef20c5b79178c284e-01000000-11060.out
2022-01-10 14:01:54,743	INFO log_monitor.py:190 -- Beginning to track file worker-c8b50820aba26ad62d1621f0fd54372177bd08aef20c5b79178c284e-01000000-11060.err
2022-01-10 14:01:54,743	INFO log_monitor.py:190 -- Beginning to track file worker-1d5790c6414c7ac693b03785cd6728b19a740366fcca4c565f123ab1-01000000-11055.err
2022-01-10 14:01:54,743	INFO log_monitor.py:190 -- Beginning to track file worker-1d5790c6414c7ac693b03785cd6728b19a740366fcca4c565f123ab1-01000000-11055.out
2022-01-10 14:01:54,744	INFO log_monitor.py:190 -- Beginning to track file worker-2eaaddcf6739615fb18733ffd6166fca5023351b8835444830f55b83-01000000-11058.err
