[2022-01-10 14:01:54,459 I 11053 11053] core_worker.cc:132: Constructing CoreWorkerProcess. pid: 11053
[2022-01-10 14:01:54,465 I 11053 11053] grpc_server.cc:112: worker server started, listening on port 40545.
[2022-01-10 14:01:54,468 I 11053 11053] core_worker.cc:479: Initializing worker at address: 131.215.21.210:40545, worker ID 6d379ce1e624f848c137f2af7170eb1caf04a2c845eadff5afef7fe4, raylet 6a2cfde15a967413756678f66be390a43f297009162ff506e2a4468c
[2022-01-10 14:01:54,578 I 11053 11053] io_service_pool.cc:35: IOServicePool is running with 1 io_service.
[2022-01-10 14:01:54,620 I 11053 11325] accessor.cc:560: Received notification for node id = 6a2cfde15a967413756678f66be390a43f297009162ff506e2a4468c, IsAlive = 1
[2022-01-10 14:02:26,475 W 11053 11202] gcs_server_address_updater.cc:61: [1] Failed to get the gcs server address from raylet 1 times in a row. If it keeps failing to obtain the address, the worker might crash. Connection status IOError: 
[2022-01-10 14:02:27,474 I 11053 11325] raylet_client.cc:336: Error reporting task backlog information: IOError: 
[2022-01-10 14:02:27,581 I 11053 11325] raylet_client.cc:336: Error reporting task backlog information: IOError: 
[2022-01-10 14:02:28,581 I 11053 11325] raylet_client.cc:336: Error reporting task backlog information: IOError: 
[2022-01-10 14:02:29,581 I 11053 11325] raylet_client.cc:336: Error reporting task backlog information: IOError: 
[2022-01-10 14:02:30,581 I 11053 11325] raylet_client.cc:336: Error reporting task backlog information: IOError: 
[2022-01-10 14:02:31,581 I 11053 11325] raylet_client.cc:336: Error reporting task backlog information: IOError: 
[2022-01-10 14:02:32,581 I 11053 11325] raylet_client.cc:336: Error reporting task backlog information: IOError: 
[2022-01-10 14:02:33,581 I 11053 11325] raylet_client.cc:336: Error reporting task backlog information: IOError: 
[2022-01-10 14:02:34,581 I 11053 11325] raylet_client.cc:336: Error reporting task backlog information: IOError: 
[2022-01-10 14:02:34,607 W 11053 11326] metric_exporter.cc:206: Export metrics to agent failed: IOError: . This won't affect Ray, but you can lose metrics from the cluster.
[2022-01-10 14:02:35,581 I 11053 11325] raylet_client.cc:336: Error reporting task backlog information: IOError: 
[2022-01-10 14:02:36,582 I 11053 11325] raylet_client.cc:336: Error reporting task backlog information: IOError: 
[2022-01-10 14:02:37,582 I 11053 11325] raylet_client.cc:336: Error reporting task backlog information: IOError: 
[2022-01-10 14:02:38,582 I 11053 11325] raylet_client.cc:336: Error reporting task backlog information: IOError: 
[2022-01-10 14:02:39,582 I 11053 11325] raylet_client.cc:336: Error reporting task backlog information: IOError: 
[2022-01-10 14:02:40,582 I 11053 11325] raylet_client.cc:336: Error reporting task backlog information: IOError: 
[2022-01-10 14:02:41,582 I 11053 11325] raylet_client.cc:336: Error reporting task backlog information: IOError: 
[2022-01-10 14:02:42,582 I 11053 11325] raylet_client.cc:336: Error reporting task backlog information: IOError: 
[2022-01-10 14:02:43,582 I 11053 11325] raylet_client.cc:336: Error reporting task backlog information: IOError: 
[2022-01-10 14:02:44,582 I 11053 11325] raylet_client.cc:336: Error reporting task backlog information: IOError: 
[2022-01-10 14:02:44,614 W 11053 11326] metric_exporter.cc:206: Export metrics to agent failed: IOError: . This won't affect Ray, but you can lose metrics from the cluster.
[2022-01-10 14:02:45,582 I 11053 11325] raylet_client.cc:336: Error reporting task backlog information: IOError: 
[2022-01-10 14:02:46,582 I 11053 11325] raylet_client.cc:336: Error reporting task backlog information: IOError: 
[2022-01-10 14:02:47,583 I 11053 11325] raylet_client.cc:336: Error reporting task backlog information: IOError: 
[2022-01-10 14:02:48,583 I 11053 11325] raylet_client.cc:336: Error reporting task backlog information: IOError: 
[2022-01-10 14:02:49,583 I 11053 11325] raylet_client.cc:336: Error reporting task backlog information: IOError: 
[2022-01-10 14:02:50,584 I 11053 11325] raylet_client.cc:336: Error reporting task backlog information: IOError: 
[2022-01-10 14:02:51,584 I 11053 11325] raylet_client.cc:336: Error reporting task backlog information: IOError: 
[2022-01-10 14:02:52,584 I 11053 11325] raylet_client.cc:336: Error reporting task backlog information: IOError: 
[2022-01-10 14:02:53,584 I 11053 11325] raylet_client.cc:336: Error reporting task backlog information: IOError: 
[2022-01-10 14:02:54,584 I 11053 11325] raylet_client.cc:336: Error reporting task backlog information: IOError: 
[2022-01-10 14:02:54,625 W 11053 11326] metric_exporter.cc:206: Export metrics to agent failed: IOError: . This won't affect Ray, but you can lose metrics from the cluster.
[2022-01-10 14:02:55,584 I 11053 11325] raylet_client.cc:336: Error reporting task backlog information: IOError: 
[2022-01-10 14:02:56,585 I 11053 11325] raylet_client.cc:336: Error reporting task backlog information: IOError: 
[2022-01-10 14:02:57,585 I 11053 11325] raylet_client.cc:336: Error reporting task backlog information: IOError: 
[2022-01-10 14:02:58,585 I 11053 11325] raylet_client.cc:336: Error reporting task backlog information: IOError: 
[2022-01-10 14:02:59,585 I 11053 11325] raylet_client.cc:336: Error reporting task backlog information: IOError: 
[2022-01-10 14:03:00,585 I 11053 11325] raylet_client.cc:336: Error reporting task backlog information: IOError: 
[2022-01-10 14:03:01,585 I 11053 11325] raylet_client.cc:336: Error reporting task backlog information: IOError: 
[2022-01-10 14:03:02,586 I 11053 11325] raylet_client.cc:336: Error reporting task backlog information: IOError: 
[2022-01-10 14:03:03,586 I 11053 11325] raylet_client.cc:336: Error reporting task backlog information: IOError: 
[2022-01-10 14:03:04,586 I 11053 11325] raylet_client.cc:336: Error reporting task backlog information: IOError: 
[2022-01-10 14:03:04,639 W 11053 11326] metric_exporter.cc:206: Export metrics to agent failed: IOError: . This won't affect Ray, but you can lose metrics from the cluster.
[2022-01-10 14:03:05,586 I 11053 11325] raylet_client.cc:336: Error reporting task backlog information: IOError: 
[2022-01-10 14:03:06,587 I 11053 11325] raylet_client.cc:336: Error reporting task backlog information: IOError: 
[2022-01-10 14:03:07,587 I 11053 11325] raylet_client.cc:336: Error reporting task backlog information: IOError: 
[2022-01-10 14:03:08,587 I 11053 11325] raylet_client.cc:336: Error reporting task backlog information: IOError: 
[2022-01-10 14:03:09,587 I 11053 11325] raylet_client.cc:336: Error reporting task backlog information: IOError: 
[2022-01-10 14:03:10,587 I 11053 11325] raylet_client.cc:336: Error reporting task backlog information: IOError: 
[2022-01-10 14:03:11,588 I 11053 11325] raylet_client.cc:336: Error reporting task backlog information: IOError: 
[2022-01-10 14:03:12,588 I 11053 11325] raylet_client.cc:336: Error reporting task backlog information: IOError: 
[2022-01-10 14:03:13,588 I 11053 11325] raylet_client.cc:336: Error reporting task backlog information: IOError: 
[2022-01-10 14:03:14,588 I 11053 11325] raylet_client.cc:336: Error reporting task backlog information: IOError: 
[2022-01-10 14:03:14,650 W 11053 11326] metric_exporter.cc:206: Export metrics to agent failed: IOError: . This won't affect Ray, but you can lose metrics from the cluster.
[2022-01-10 14:03:15,588 I 11053 11325] raylet_client.cc:336: Error reporting task backlog information: IOError: 
[2022-01-10 14:03:16,588 I 11053 11325] raylet_client.cc:336: Error reporting task backlog information: IOError: 
[2022-01-10 14:03:17,588 I 11053 11325] raylet_client.cc:336: Error reporting task backlog information: IOError: 
[2022-01-10 14:03:18,589 I 11053 11325] raylet_client.cc:336: Error reporting task backlog information: IOError: 
[2022-01-10 14:03:19,589 I 11053 11325] raylet_client.cc:336: Error reporting task backlog information: IOError: 
[2022-01-10 14:03:20,589 I 11053 11325] raylet_client.cc:336: Error reporting task backlog information: IOError: 
[2022-01-10 14:03:21,589 I 11053 11325] raylet_client.cc:336: Error reporting task backlog information: IOError: 
[2022-01-10 14:03:22,590 I 11053 11325] raylet_client.cc:336: Error reporting task backlog information: IOError: 
[2022-01-10 14:03:23,590 I 11053 11325] raylet_client.cc:336: Error reporting task backlog information: IOError: 
[2022-01-10 14:03:24,590 I 11053 11325] raylet_client.cc:336: Error reporting task backlog information: IOError: 
[2022-01-10 14:03:24,663 W 11053 11326] metric_exporter.cc:206: Export metrics to agent failed: IOError: . This won't affect Ray, but you can lose metrics from the cluster.
[2022-01-10 14:03:25,590 I 11053 11325] raylet_client.cc:336: Error reporting task backlog information: IOError: 
[2022-01-10 14:03:26,591 I 11053 11325] raylet_client.cc:336: Error reporting task backlog information: IOError: 
[2022-01-10 14:03:27,591 I 11053 11325] raylet_client.cc:336: Error reporting task backlog information: IOError: 
[2022-01-10 14:03:28,591 I 11053 11325] raylet_client.cc:336: Error reporting task backlog information: IOError: 
[2022-01-10 14:03:29,591 I 11053 11325] raylet_client.cc:336: Error reporting task backlog information: IOError: 
[2022-01-10 14:03:30,591 I 11053 11325] raylet_client.cc:336: Error reporting task backlog information: IOError: 
[2022-01-10 14:03:31,591 I 11053 11325] raylet_client.cc:336: Error reporting task backlog information: IOError: 
[2022-01-10 14:03:32,591 I 11053 11325] raylet_client.cc:336: Error reporting task backlog information: IOError: 
[2022-01-10 14:03:33,591 I 11053 11325] raylet_client.cc:336: Error reporting task backlog information: IOError: 
[2022-01-10 14:03:34,592 I 11053 11325] raylet_client.cc:336: Error reporting task backlog information: IOError: 
[2022-01-10 14:03:34,672 W 11053 11326] metric_exporter.cc:206: Export metrics to agent failed: IOError: . This won't affect Ray, but you can lose metrics from the cluster.
[2022-01-10 14:03:35,592 I 11053 11325] raylet_client.cc:336: Error reporting task backlog information: IOError: 
[2022-01-10 14:03:36,592 I 11053 11325] raylet_client.cc:336: Error reporting task backlog information: IOError: 
[2022-01-10 14:03:37,592 I 11053 11325] raylet_client.cc:336: Error reporting task backlog information: IOError: 
[2022-01-10 14:03:38,592 I 11053 11325] raylet_client.cc:336: Error reporting task backlog information: IOError: 
[2022-01-10 14:03:39,592 I 11053 11325] raylet_client.cc:336: Error reporting task backlog information: IOError: 
[2022-01-10 14:03:40,592 I 11053 11325] raylet_client.cc:336: Error reporting task backlog information: IOError: 
[2022-01-10 14:03:41,592 I 11053 11325] raylet_client.cc:336: Error reporting task backlog information: IOError: 
[2022-01-10 14:03:42,592 I 11053 11325] raylet_client.cc:336: Error reporting task backlog information: IOError: 
[2022-01-10 14:03:43,592 I 11053 11325] raylet_client.cc:336: Error reporting task backlog information: IOError: 
[2022-01-10 14:03:44,592 I 11053 11325] raylet_client.cc:336: Error reporting task backlog information: IOError: 
[2022-01-10 14:03:44,680 W 11053 11326] metric_exporter.cc:206: Export metrics to agent failed: IOError: . This won't affect Ray, but you can lose metrics from the cluster.
[2022-01-10 14:03:45,592 I 11053 11325] raylet_client.cc:336: Error reporting task backlog information: IOError: 
[2022-01-10 14:03:46,593 I 11053 11325] raylet_client.cc:336: Error reporting task backlog information: IOError: 
[2022-01-10 14:03:47,593 I 11053 11325] raylet_client.cc:336: Error reporting task backlog information: IOError: 
[2022-01-10 14:03:48,593 I 11053 11325] raylet_client.cc:336: Error reporting task backlog information: IOError: 
[2022-01-10 14:03:49,593 I 11053 11325] raylet_client.cc:336: Error reporting task backlog information: IOError: 
[2022-01-10 14:03:50,593 I 11053 11325] raylet_client.cc:336: Error reporting task backlog information: IOError: 
[2022-01-10 14:03:51,593 I 11053 11325] raylet_client.cc:336: Error reporting task backlog information: IOError: 
[2022-01-10 14:03:52,593 I 11053 11325] raylet_client.cc:336: Error reporting task backlog information: IOError: 
[2022-01-10 14:03:53,593 I 11053 11325] raylet_client.cc:336: Error reporting task backlog information: IOError: 
[2022-01-10 14:03:54,593 I 11053 11325] raylet_client.cc:336: Error reporting task backlog information: IOError: 
[2022-01-10 14:03:54,686 W 11053 11326] metric_exporter.cc:206: Export metrics to agent failed: IOError: . This won't affect Ray, but you can lose metrics from the cluster.
[2022-01-10 14:03:55,593 I 11053 11325] raylet_client.cc:336: Error reporting task backlog information: IOError: 
[2022-01-10 14:03:56,593 I 11053 11325] raylet_client.cc:336: Error reporting task backlog information: IOError: 
[2022-01-10 14:03:57,593 I 11053 11325] raylet_client.cc:336: Error reporting task backlog information: IOError: 
[2022-01-10 14:03:58,593 I 11053 11325] raylet_client.cc:336: Error reporting task backlog information: IOError: 
[2022-01-10 14:03:59,593 I 11053 11325] raylet_client.cc:336: Error reporting task backlog information: IOError: 
[2022-01-10 14:04:00,594 I 11053 11325] raylet_client.cc:336: Error reporting task backlog information: IOError: 
[2022-01-10 14:04:01,594 I 11053 11325] raylet_client.cc:336: Error reporting task backlog information: IOError: 
[2022-01-10 14:04:02,594 I 11053 11325] raylet_client.cc:336: Error reporting task backlog information: IOError: 
[2022-01-10 14:04:03,594 I 11053 11325] raylet_client.cc:336: Error reporting task backlog information: IOError: 
[2022-01-10 14:04:04,594 I 11053 11325] raylet_client.cc:336: Error reporting task backlog information: IOError: 
[2022-01-10 14:04:04,695 W 11053 11326] metric_exporter.cc:206: Export metrics to agent failed: IOError: . This won't affect Ray, but you can lose metrics from the cluster.
[2022-01-10 14:04:05,594 I 11053 11325] raylet_client.cc:336: Error reporting task backlog information: IOError: 
[2022-01-10 14:04:06,594 I 11053 11325] raylet_client.cc:336: Error reporting task backlog information: IOError: 
[2022-01-10 14:04:07,594 I 11053 11325] raylet_client.cc:336: Error reporting task backlog information: IOError: 
[2022-01-10 14:04:08,594 I 11053 11325] raylet_client.cc:336: Error reporting task backlog information: IOError: 
[2022-01-10 14:04:09,594 I 11053 11325] raylet_client.cc:336: Error reporting task backlog information: IOError: 
[2022-01-10 14:04:10,594 I 11053 11325] raylet_client.cc:336: Error reporting task backlog information: IOError: 
[2022-01-10 14:04:11,594 I 11053 11325] raylet_client.cc:336: Error reporting task backlog information: IOError: 
[2022-01-10 14:04:12,594 I 11053 11325] raylet_client.cc:336: Error reporting task backlog information: IOError: 
[2022-01-10 14:04:13,594 I 11053 11325] raylet_client.cc:336: Error reporting task backlog information: IOError: 
[2022-01-10 14:04:14,595 I 11053 11325] raylet_client.cc:336: Error reporting task backlog information: IOError: 
[2022-01-10 14:04:14,702 W 11053 11326] metric_exporter.cc:206: Export metrics to agent failed: IOError: . This won't affect Ray, but you can lose metrics from the cluster.
[2022-01-10 14:04:15,595 I 11053 11325] raylet_client.cc:336: Error reporting task backlog information: IOError: 
[2022-01-10 14:04:16,595 I 11053 11325] raylet_client.cc:336: Error reporting task backlog information: IOError: 
[2022-01-10 14:04:17,595 I 11053 11325] raylet_client.cc:336: Error reporting task backlog information: IOError: 
[2022-01-10 14:04:18,595 I 11053 11325] raylet_client.cc:336: Error reporting task backlog information: IOError: 
[2022-01-10 14:04:19,595 I 11053 11325] raylet_client.cc:336: Error reporting task backlog information: IOError: 
[2022-01-10 14:04:20,595 I 11053 11325] raylet_client.cc:336: Error reporting task backlog information: IOError: 
[2022-01-10 14:04:21,595 I 11053 11325] raylet_client.cc:336: Error reporting task backlog information: IOError: 
[2022-01-10 14:04:22,595 I 11053 11325] raylet_client.cc:336: Error reporting task backlog information: IOError: 
[2022-01-10 14:04:23,595 I 11053 11325] raylet_client.cc:336: Error reporting task backlog information: IOError: 
[2022-01-10 14:04:24,595 I 11053 11325] raylet_client.cc:336: Error reporting task backlog information: IOError: 
[2022-01-10 14:04:24,709 W 11053 11326] metric_exporter.cc:206: Export metrics to agent failed: IOError: . This won't affect Ray, but you can lose metrics from the cluster.
[2022-01-10 14:04:25,595 I 11053 11325] raylet_client.cc:336: Error reporting task backlog information: IOError: 
[2022-01-10 14:04:26,596 I 11053 11325] raylet_client.cc:336: Error reporting task backlog information: IOError: 
[2022-01-10 14:04:27,596 I 11053 11325] raylet_client.cc:336: Error reporting task backlog information: IOError: 
[2022-01-10 14:04:28,596 I 11053 11325] raylet_client.cc:336: Error reporting task backlog information: IOError: 
[2022-01-10 14:04:29,596 I 11053 11325] raylet_client.cc:336: Error reporting task backlog information: IOError: 
[2022-01-10 14:04:30,596 I 11053 11325] raylet_client.cc:336: Error reporting task backlog information: IOError: 
[2022-01-10 14:04:31,596 I 11053 11325] raylet_client.cc:336: Error reporting task backlog information: IOError: 
[2022-01-10 14:04:32,596 I 11053 11325] raylet_client.cc:336: Error reporting task backlog information: IOError: 
[2022-01-10 14:04:33,596 I 11053 11325] raylet_client.cc:336: Error reporting task backlog information: IOError: 
[2022-01-10 14:04:34,596 I 11053 11325] raylet_client.cc:336: Error reporting task backlog information: IOError: 
[2022-01-10 14:04:34,718 W 11053 11326] metric_exporter.cc:206: Export metrics to agent failed: IOError: . This won't affect Ray, but you can lose metrics from the cluster.
[2022-01-10 14:04:35,596 I 11053 11325] raylet_client.cc:336: Error reporting task backlog information: IOError: 
[2022-01-10 14:04:36,597 I 11053 11325] raylet_client.cc:336: Error reporting task backlog information: IOError: 
[2022-01-10 14:04:37,597 I 11053 11325] raylet_client.cc:336: Error reporting task backlog information: IOError: 
[2022-01-10 14:04:38,597 I 11053 11325] raylet_client.cc:336: Error reporting task backlog information: IOError: 
[2022-01-10 14:04:39,597 I 11053 11325] raylet_client.cc:336: Error reporting task backlog information: IOError: 
[2022-01-10 14:04:40,597 I 11053 11325] raylet_client.cc:336: Error reporting task backlog information: IOError: 
[2022-01-10 14:04:41,597 I 11053 11325] raylet_client.cc:336: Error reporting task backlog information: IOError: 
[2022-01-10 14:04:42,597 I 11053 11325] raylet_client.cc:336: Error reporting task backlog information: IOError: 
[2022-01-10 14:04:43,597 I 11053 11325] raylet_client.cc:336: Error reporting task backlog information: IOError: 
[2022-01-10 14:04:44,597 I 11053 11325] raylet_client.cc:336: Error reporting task backlog information: IOError: 
[2022-01-10 14:04:44,733 W 11053 11326] metric_exporter.cc:206: Export metrics to agent failed: IOError: . This won't affect Ray, but you can lose metrics from the cluster.
[2022-01-10 14:04:45,597 I 11053 11325] raylet_client.cc:336: Error reporting task backlog information: IOError: 
[2022-01-10 14:04:46,597 I 11053 11325] raylet_client.cc:336: Error reporting task backlog information: IOError: 
[2022-01-10 14:04:47,597 I 11053 11325] raylet_client.cc:336: Error reporting task backlog information: IOError: 
[2022-01-10 14:04:48,597 I 11053 11325] raylet_client.cc:336: Error reporting task backlog information: IOError: 
[2022-01-10 14:04:49,598 I 11053 11325] raylet_client.cc:336: Error reporting task backlog information: IOError: 
[2022-01-10 14:04:50,598 I 11053 11325] raylet_client.cc:336: Error reporting task backlog information: IOError: 
[2022-01-10 14:04:51,598 I 11053 11325] raylet_client.cc:336: Error reporting task backlog information: IOError: 
[2022-01-10 14:04:52,598 I 11053 11325] raylet_client.cc:336: Error reporting task backlog information: IOError: 
[2022-01-10 14:04:53,598 I 11053 11325] raylet_client.cc:336: Error reporting task backlog information: IOError: 
[2022-01-10 14:04:54,598 I 11053 11325] raylet_client.cc:336: Error reporting task backlog information: IOError: 
[2022-01-10 14:04:54,743 W 11053 11326] metric_exporter.cc:206: Export metrics to agent failed: IOError: . This won't affect Ray, but you can lose metrics from the cluster.
[2022-01-10 14:04:55,598 I 11053 11325] raylet_client.cc:336: Error reporting task backlog information: IOError: 
[2022-01-10 14:04:56,598 I 11053 11325] raylet_client.cc:336: Error reporting task backlog information: IOError: 
[2022-01-10 14:04:57,598 I 11053 11325] raylet_client.cc:336: Error reporting task backlog information: IOError: 
[2022-01-10 14:04:58,598 I 11053 11325] raylet_client.cc:336: Error reporting task backlog information: IOError: 
[2022-01-10 14:04:59,598 I 11053 11325] raylet_client.cc:336: Error reporting task backlog information: IOError: 
[2022-01-10 14:05:00,598 I 11053 11325] raylet_client.cc:336: Error reporting task backlog information: IOError: 
[2022-01-10 14:05:01,598 I 11053 11325] raylet_client.cc:336: Error reporting task backlog information: IOError: 
[2022-01-10 14:05:02,598 I 11053 11325] raylet_client.cc:336: Error reporting task backlog information: IOError: 
[2022-01-10 14:05:03,598 I 11053 11325] raylet_client.cc:336: Error reporting task backlog information: IOError: 
[2022-01-10 14:05:04,599 I 11053 11325] raylet_client.cc:336: Error reporting task backlog information: IOError: 
[2022-01-10 14:05:04,755 W 11053 11326] metric_exporter.cc:206: Export metrics to agent failed: IOError: . This won't affect Ray, but you can lose metrics from the cluster.
[2022-01-10 14:05:05,599 I 11053 11325] raylet_client.cc:336: Error reporting task backlog information: IOError: 
[2022-01-10 14:05:06,599 I 11053 11325] raylet_client.cc:336: Error reporting task backlog information: IOError: 
[2022-01-10 14:05:07,599 I 11053 11325] raylet_client.cc:336: Error reporting task backlog information: IOError: 
[2022-01-10 14:05:08,599 I 11053 11325] raylet_client.cc:336: Error reporting task backlog information: IOError: 
[2022-01-10 14:05:09,599 I 11053 11325] raylet_client.cc:336: Error reporting task backlog information: IOError: 
[2022-01-10 14:05:10,599 I 11053 11325] raylet_client.cc:336: Error reporting task backlog information: IOError: 
[2022-01-10 14:05:11,599 I 11053 11325] raylet_client.cc:336: Error reporting task backlog information: IOError: 
[2022-01-10 14:05:12,599 I 11053 11325] raylet_client.cc:336: Error reporting task backlog information: IOError: 
[2022-01-10 14:05:13,599 I 11053 11325] raylet_client.cc:336: Error reporting task backlog information: IOError: 
[2022-01-10 14:05:14,599 I 11053 11325] raylet_client.cc:336: Error reporting task backlog information: IOError: 
[2022-01-10 14:05:14,763 W 11053 11326] metric_exporter.cc:206: Export metrics to agent failed: IOError: . This won't affect Ray, but you can lose metrics from the cluster.
[2022-01-10 14:05:15,599 I 11053 11325] raylet_client.cc:336: Error reporting task backlog information: IOError: 
[2022-01-10 14:05:16,600 I 11053 11325] raylet_client.cc:336: Error reporting task backlog information: IOError: 
[2022-01-10 14:05:17,600 I 11053 11325] raylet_client.cc:336: Error reporting task backlog information: IOError: 
[2022-01-10 14:05:18,600 I 11053 11325] raylet_client.cc:336: Error reporting task backlog information: IOError: 
[2022-01-10 14:05:19,600 I 11053 11325] raylet_client.cc:336: Error reporting task backlog information: IOError: 
[2022-01-10 14:05:20,600 I 11053 11325] raylet_client.cc:336: Error reporting task backlog information: IOError: 
[2022-01-10 14:05:21,600 I 11053 11325] raylet_client.cc:336: Error reporting task backlog information: IOError: 
[2022-01-10 14:05:22,600 I 11053 11325] raylet_client.cc:336: Error reporting task backlog information: IOError: 
[2022-01-10 14:05:23,600 I 11053 11325] raylet_client.cc:336: Error reporting task backlog information: IOError: 
[2022-01-10 14:05:24,600 I 11053 11325] raylet_client.cc:336: Error reporting task backlog information: IOError: 
[2022-01-10 14:05:24,770 W 11053 11326] metric_exporter.cc:206: Export metrics to agent failed: IOError: . This won't affect Ray, but you can lose metrics from the cluster.
[2022-01-10 14:05:25,600 I 11053 11325] raylet_client.cc:336: Error reporting task backlog information: IOError: 
[2022-01-10 14:05:26,600 I 11053 11325] raylet_client.cc:336: Error reporting task backlog information: IOError: 
[2022-01-10 14:05:27,600 I 11053 11325] raylet_client.cc:336: Error reporting task backlog information: IOError: 
[2022-01-10 14:05:28,600 I 11053 11325] raylet_client.cc:336: Error reporting task backlog information: IOError: 
[2022-01-10 14:05:29,600 I 11053 11325] raylet_client.cc:336: Error reporting task backlog information: IOError: 
[2022-01-10 14:05:30,601 I 11053 11325] raylet_client.cc:336: Error reporting task backlog information: IOError: 
[2022-01-10 14:05:31,601 I 11053 11325] raylet_client.cc:336: Error reporting task backlog information: IOError: 
[2022-01-10 14:05:32,601 I 11053 11325] raylet_client.cc:336: Error reporting task backlog information: IOError: 
[2022-01-10 14:05:33,601 I 11053 11325] raylet_client.cc:336: Error reporting task backlog information: IOError: 
[2022-01-10 14:05:34,601 I 11053 11325] raylet_client.cc:336: Error reporting task backlog information: IOError: 
[2022-01-10 14:05:34,776 W 11053 11326] metric_exporter.cc:206: Export metrics to agent failed: IOError: . This won't affect Ray, but you can lose metrics from the cluster.
[2022-01-10 14:05:35,601 I 11053 11325] raylet_client.cc:336: Error reporting task backlog information: IOError: 
[2022-01-10 14:05:36,601 I 11053 11325] raylet_client.cc:336: Error reporting task backlog information: IOError: 
[2022-01-10 14:05:37,601 I 11053 11325] raylet_client.cc:336: Error reporting task backlog information: IOError: 
[2022-01-10 14:05:38,601 I 11053 11325] raylet_client.cc:336: Error reporting task backlog information: IOError: 
[2022-01-10 14:05:39,601 I 11053 11325] raylet_client.cc:336: Error reporting task backlog information: IOError: 
[2022-01-10 14:05:40,601 I 11053 11325] raylet_client.cc:336: Error reporting task backlog information: IOError: 
[2022-01-10 14:05:41,601 I 11053 11325] raylet_client.cc:336: Error reporting task backlog information: IOError: 
[2022-01-10 14:05:42,601 I 11053 11325] raylet_client.cc:336: Error reporting task backlog information: IOError: 
[2022-01-10 14:05:43,601 I 11053 11325] raylet_client.cc:336: Error reporting task backlog information: IOError: 
[2022-01-10 14:05:44,601 I 11053 11325] raylet_client.cc:336: Error reporting task backlog information: IOError: 
[2022-01-10 14:05:44,783 W 11053 11326] metric_exporter.cc:206: Export metrics to agent failed: IOError: . This won't affect Ray, but you can lose metrics from the cluster.
[2022-01-10 14:05:45,602 I 11053 11325] raylet_client.cc:336: Error reporting task backlog information: IOError: 
[2022-01-10 14:05:46,602 I 11053 11325] raylet_client.cc:336: Error reporting task backlog information: IOError: 
[2022-01-10 14:05:47,602 I 11053 11325] raylet_client.cc:336: Error reporting task backlog information: IOError: 
[2022-01-10 14:05:48,602 I 11053 11325] raylet_client.cc:336: Error reporting task backlog information: IOError: 
[2022-01-10 14:05:49,602 I 11053 11325] raylet_client.cc:336: Error reporting task backlog information: IOError: 
[2022-01-10 14:05:50,602 I 11053 11325] raylet_client.cc:336: Error reporting task backlog information: IOError: 
[2022-01-10 14:05:51,602 I 11053 11325] raylet_client.cc:336: Error reporting task backlog information: IOError: 
[2022-01-10 14:05:52,602 I 11053 11325] raylet_client.cc:336: Error reporting task backlog information: IOError: 
[2022-01-10 14:05:53,602 I 11053 11325] raylet_client.cc:336: Error reporting task backlog information: IOError: 
[2022-01-10 14:05:54,602 I 11053 11325] raylet_client.cc:336: Error reporting task backlog information: IOError: 
[2022-01-10 14:05:54,791 W 11053 11326] metric_exporter.cc:206: Export metrics to agent failed: IOError: . This won't affect Ray, but you can lose metrics from the cluster.
[2022-01-10 14:05:55,603 I 11053 11325] raylet_client.cc:336: Error reporting task backlog information: IOError: 
[2022-01-10 14:05:56,603 I 11053 11325] raylet_client.cc:336: Error reporting task backlog information: IOError: 
[2022-01-10 14:05:57,603 I 11053 11325] raylet_client.cc:336: Error reporting task backlog information: IOError: 
[2022-01-10 14:05:58,603 I 11053 11325] raylet_client.cc:336: Error reporting task backlog information: IOError: 
[2022-01-10 14:05:59,603 I 11053 11325] raylet_client.cc:336: Error reporting task backlog information: IOError: 
[2022-01-10 14:06:00,603 I 11053 11325] raylet_client.cc:336: Error reporting task backlog information: IOError: 
[2022-01-10 14:06:01,603 I 11053 11325] raylet_client.cc:336: Error reporting task backlog information: IOError: 
[2022-01-10 14:06:02,603 I 11053 11325] raylet_client.cc:336: Error reporting task backlog information: IOError: 
[2022-01-10 14:06:03,603 I 11053 11325] raylet_client.cc:336: Error reporting task backlog information: IOError: 
[2022-01-10 14:06:04,603 I 11053 11325] raylet_client.cc:336: Error reporting task backlog information: IOError: 
[2022-01-10 14:06:04,798 W 11053 11326] metric_exporter.cc:206: Export metrics to agent failed: IOError: . This won't affect Ray, but you can lose metrics from the cluster.
[2022-01-10 14:06:05,603 I 11053 11325] raylet_client.cc:336: Error reporting task backlog information: IOError: 
[2022-01-10 14:06:06,603 I 11053 11325] raylet_client.cc:336: Error reporting task backlog information: IOError: 
[2022-01-10 14:06:07,603 I 11053 11325] raylet_client.cc:336: Error reporting task backlog information: IOError: 
[2022-01-10 14:06:08,604 I 11053 11325] raylet_client.cc:336: Error reporting task backlog information: IOError: 
[2022-01-10 14:06:09,604 I 11053 11325] raylet_client.cc:336: Error reporting task backlog information: IOError: 
[2022-01-10 14:06:10,604 I 11053 11325] raylet_client.cc:336: Error reporting task backlog information: IOError: 
[2022-01-10 14:06:11,604 I 11053 11325] raylet_client.cc:336: Error reporting task backlog information: IOError: 
[2022-01-10 14:06:12,604 I 11053 11325] raylet_client.cc:336: Error reporting task backlog information: IOError: 
[2022-01-10 14:06:13,604 I 11053 11325] raylet_client.cc:336: Error reporting task backlog information: IOError: 
[2022-01-10 14:06:14,604 I 11053 11325] raylet_client.cc:336: Error reporting task backlog information: IOError: 
[2022-01-10 14:06:14,804 W 11053 11326] metric_exporter.cc:206: Export metrics to agent failed: IOError: . This won't affect Ray, but you can lose metrics from the cluster.
[2022-01-10 14:06:15,604 I 11053 11325] raylet_client.cc:336: Error reporting task backlog information: IOError: 
[2022-01-10 14:06:16,604 I 11053 11325] raylet_client.cc:336: Error reporting task backlog information: IOError: 
[2022-01-10 14:06:17,604 I 11053 11325] raylet_client.cc:336: Error reporting task backlog information: IOError: 
[2022-01-10 14:06:18,604 I 11053 11325] raylet_client.cc:336: Error reporting task backlog information: IOError: 
[2022-01-10 14:06:19,604 I 11053 11325] raylet_client.cc:336: Error reporting task backlog information: IOError: 
[2022-01-10 14:06:20,604 I 11053 11325] raylet_client.cc:336: Error reporting task backlog information: IOError: 
[2022-01-10 14:06:21,604 I 11053 11325] raylet_client.cc:336: Error reporting task backlog information: IOError: 
[2022-01-10 14:06:22,605 I 11053 11325] raylet_client.cc:336: Error reporting task backlog information: IOError: 
[2022-01-10 14:06:23,605 I 11053 11325] raylet_client.cc:336: Error reporting task backlog information: IOError: 
[2022-01-10 14:06:24,605 I 11053 11325] raylet_client.cc:336: Error reporting task backlog information: IOError: 
[2022-01-10 14:06:24,811 W 11053 11326] metric_exporter.cc:206: Export metrics to agent failed: IOError: . This won't affect Ray, but you can lose metrics from the cluster.
[2022-01-10 14:06:25,605 I 11053 11325] raylet_client.cc:336: Error reporting task backlog information: IOError: 
[2022-01-10 14:06:26,605 I 11053 11325] raylet_client.cc:336: Error reporting task backlog information: IOError: 
[2022-01-10 14:06:27,605 I 11053 11325] raylet_client.cc:336: Error reporting task backlog information: IOError: 
[2022-01-10 14:06:28,605 I 11053 11325] raylet_client.cc:336: Error reporting task backlog information: IOError: 
[2022-01-10 14:06:29,605 I 11053 11325] raylet_client.cc:336: Error reporting task backlog information: IOError: 
[2022-01-10 14:06:30,605 I 11053 11325] raylet_client.cc:336: Error reporting task backlog information: IOError: 
[2022-01-10 14:06:31,605 I 11053 11325] raylet_client.cc:336: Error reporting task backlog information: IOError: 
[2022-01-10 14:06:32,606 I 11053 11325] raylet_client.cc:336: Error reporting task backlog information: IOError: 
[2022-01-10 14:06:33,606 I 11053 11325] raylet_client.cc:336: Error reporting task backlog information: IOError: 
[2022-01-10 14:06:34,606 I 11053 11325] raylet_client.cc:336: Error reporting task backlog information: IOError: 
[2022-01-10 14:06:34,820 W 11053 11326] metric_exporter.cc:206: Export metrics to agent failed: IOError: . This won't affect Ray, but you can lose metrics from the cluster.
[2022-01-10 14:06:35,606 I 11053 11325] raylet_client.cc:336: Error reporting task backlog information: IOError: 
[2022-01-10 14:06:36,606 I 11053 11325] raylet_client.cc:336: Error reporting task backlog information: IOError: 
[2022-01-10 14:06:37,606 I 11053 11325] raylet_client.cc:336: Error reporting task backlog information: IOError: 
[2022-01-10 14:06:38,606 I 11053 11325] raylet_client.cc:336: Error reporting task backlog information: IOError: 
[2022-01-10 14:06:39,606 I 11053 11325] raylet_client.cc:336: Error reporting task backlog information: IOError: 
[2022-01-10 14:06:40,606 I 11053 11325] raylet_client.cc:336: Error reporting task backlog information: IOError: 
[2022-01-10 14:06:41,606 I 11053 11325] raylet_client.cc:336: Error reporting task backlog information: IOError: 
[2022-01-10 14:06:42,606 I 11053 11325] raylet_client.cc:336: Error reporting task backlog information: IOError: 
[2022-01-10 14:06:43,606 I 11053 11325] raylet_client.cc:336: Error reporting task backlog information: IOError: 
[2022-01-10 14:06:44,606 I 11053 11325] raylet_client.cc:336: Error reporting task backlog information: IOError: 
[2022-01-10 14:06:44,827 W 11053 11326] metric_exporter.cc:206: Export metrics to agent failed: IOError: . This won't affect Ray, but you can lose metrics from the cluster.
[2022-01-10 14:06:45,606 I 11053 11325] raylet_client.cc:336: Error reporting task backlog information: IOError: 
[2022-01-10 14:06:46,606 I 11053 11325] raylet_client.cc:336: Error reporting task backlog information: IOError: 
[2022-01-10 14:06:47,607 I 11053 11325] raylet_client.cc:336: Error reporting task backlog information: IOError: 
[2022-01-10 14:06:48,607 I 11053 11325] raylet_client.cc:336: Error reporting task backlog information: IOError: 
[2022-01-10 14:06:49,607 I 11053 11325] raylet_client.cc:336: Error reporting task backlog information: IOError: 
[2022-01-10 14:06:50,607 I 11053 11325] raylet_client.cc:336: Error reporting task backlog information: IOError: 
[2022-01-10 14:06:51,607 I 11053 11325] raylet_client.cc:336: Error reporting task backlog information: IOError: 
[2022-01-10 14:06:52,607 I 11053 11325] raylet_client.cc:336: Error reporting task backlog information: IOError: 
[2022-01-10 14:06:53,607 I 11053 11325] raylet_client.cc:336: Error reporting task backlog information: IOError: 
[2022-01-10 14:06:54,607 I 11053 11325] raylet_client.cc:336: Error reporting task backlog information: IOError: 
[2022-01-10 14:06:54,837 W 11053 11326] metric_exporter.cc:206: Export metrics to agent failed: IOError: . This won't affect Ray, but you can lose metrics from the cluster.
[2022-01-10 14:06:55,607 I 11053 11325] raylet_client.cc:336: Error reporting task backlog information: IOError: 
[2022-01-10 14:06:56,608 I 11053 11325] raylet_client.cc:336: Error reporting task backlog information: IOError: 
[2022-01-10 14:06:57,608 I 11053 11325] raylet_client.cc:336: Error reporting task backlog information: IOError: 
[2022-01-10 14:06:58,608 I 11053 11325] raylet_client.cc:336: Error reporting task backlog information: IOError: 
[2022-01-10 14:06:59,608 I 11053 11325] raylet_client.cc:336: Error reporting task backlog information: IOError: 
[2022-01-10 14:07:00,608 I 11053 11325] raylet_client.cc:336: Error reporting task backlog information: IOError: 
[2022-01-10 14:07:01,608 I 11053 11325] raylet_client.cc:336: Error reporting task backlog information: IOError: 
[2022-01-10 14:07:02,608 I 11053 11325] raylet_client.cc:336: Error reporting task backlog information: IOError: 
[2022-01-10 14:07:03,608 I 11053 11325] raylet_client.cc:336: Error reporting task backlog information: IOError: 
[2022-01-10 14:07:04,608 I 11053 11325] raylet_client.cc:336: Error reporting task backlog information: IOError: 
[2022-01-10 14:07:04,845 W 11053 11326] metric_exporter.cc:206: Export metrics to agent failed: IOError: . This won't affect Ray, but you can lose metrics from the cluster.
[2022-01-10 14:07:05,608 I 11053 11325] raylet_client.cc:336: Error reporting task backlog information: IOError: 
[2022-01-10 14:07:06,608 I 11053 11325] raylet_client.cc:336: Error reporting task backlog information: IOError: 
[2022-01-10 14:07:07,608 I 11053 11325] raylet_client.cc:336: Error reporting task backlog information: IOError: 
[2022-01-10 14:07:08,608 I 11053 11325] raylet_client.cc:336: Error reporting task backlog information: IOError: 
[2022-01-10 14:07:09,608 I 11053 11325] raylet_client.cc:336: Error reporting task backlog information: IOError: 
[2022-01-10 14:07:10,609 I 11053 11325] raylet_client.cc:336: Error reporting task backlog information: IOError: 
[2022-01-10 14:07:11,609 I 11053 11325] raylet_client.cc:336: Error reporting task backlog information: IOError: 
[2022-01-10 14:07:12,609 I 11053 11325] raylet_client.cc:336: Error reporting task backlog information: IOError: 
[2022-01-10 14:07:13,609 I 11053 11325] raylet_client.cc:336: Error reporting task backlog information: IOError: 
[2022-01-10 14:07:14,609 I 11053 11325] raylet_client.cc:336: Error reporting task backlog information: IOError: 
[2022-01-10 14:07:14,852 W 11053 11326] metric_exporter.cc:206: Export metrics to agent failed: IOError: . This won't affect Ray, but you can lose metrics from the cluster.
[2022-01-10 14:07:15,609 I 11053 11325] raylet_client.cc:336: Error reporting task backlog information: IOError: 
[2022-01-10 14:07:16,609 I 11053 11325] raylet_client.cc:336: Error reporting task backlog information: IOError: 
[2022-01-10 14:07:17,612 I 11053 11325] raylet_client.cc:336: Error reporting task backlog information: IOError: 
[2022-01-10 14:07:18,609 I 11053 11325] raylet_client.cc:336: Error reporting task backlog information: IOError: 
[2022-01-10 14:07:19,609 I 11053 11325] raylet_client.cc:336: Error reporting task backlog information: IOError: 
[2022-01-10 14:07:20,609 I 11053 11325] raylet_client.cc:336: Error reporting task backlog information: IOError: 
[2022-01-10 14:07:21,609 I 11053 11325] raylet_client.cc:336: Error reporting task backlog information: IOError: 
[2022-01-10 14:07:22,610 I 11053 11325] raylet_client.cc:336: Error reporting task backlog information: IOError: 
[2022-01-10 14:07:23,610 I 11053 11325] raylet_client.cc:336: Error reporting task backlog information: IOError: 
[2022-01-10 14:07:24,610 I 11053 11325] raylet_client.cc:336: Error reporting task backlog information: IOError: 
[2022-01-10 14:07:24,858 W 11053 11326] metric_exporter.cc:206: Export metrics to agent failed: IOError: . This won't affect Ray, but you can lose metrics from the cluster.
[2022-01-10 14:07:25,610 I 11053 11325] raylet_client.cc:336: Error reporting task backlog information: IOError: 
[2022-01-10 14:07:26,502 W 11053 11202] gcs_server_address_updater.cc:61: [301] Failed to get the gcs server address from raylet 301 times in a row. If it keeps failing to obtain the address, the worker might crash. Connection status IOError: 
[2022-01-10 14:07:26,610 I 11053 11325] raylet_client.cc:336: Error reporting task backlog information: IOError: 
[2022-01-10 14:07:27,610 I 11053 11325] raylet_client.cc:336: Error reporting task backlog information: IOError: 
[2022-01-10 14:07:28,610 I 11053 11325] raylet_client.cc:336: Error reporting task backlog information: IOError: 
[2022-01-10 14:07:29,610 I 11053 11325] raylet_client.cc:336: Error reporting task backlog information: IOError: 
[2022-01-10 14:07:30,610 I 11053 11325] raylet_client.cc:336: Error reporting task backlog information: IOError: 
[2022-01-10 14:07:31,610 I 11053 11325] raylet_client.cc:336: Error reporting task backlog information: IOError: 
[2022-01-10 14:07:32,610 I 11053 11325] raylet_client.cc:336: Error reporting task backlog information: IOError: 
[2022-01-10 14:07:33,610 I 11053 11325] raylet_client.cc:336: Error reporting task backlog information: IOError: 
[2022-01-10 14:07:34,610 I 11053 11325] raylet_client.cc:336: Error reporting task backlog information: IOError: 
[2022-01-10 14:07:34,865 W 11053 11326] metric_exporter.cc:206: Export metrics to agent failed: IOError: . This won't affect Ray, but you can lose metrics from the cluster.
[2022-01-10 14:07:35,611 I 11053 11325] raylet_client.cc:336: Error reporting task backlog information: IOError: 
[2022-01-10 14:07:36,611 I 11053 11325] raylet_client.cc:336: Error reporting task backlog information: IOError: 
[2022-01-10 14:07:37,611 I 11053 11325] raylet_client.cc:336: Error reporting task backlog information: IOError: 
[2022-01-10 14:07:38,611 I 11053 11325] raylet_client.cc:336: Error reporting task backlog information: IOError: 
[2022-01-10 14:07:39,611 I 11053 11325] raylet_client.cc:336: Error reporting task backlog information: IOError: 
[2022-01-10 14:07:40,611 I 11053 11325] raylet_client.cc:336: Error reporting task backlog information: IOError: 
[2022-01-10 14:07:41,611 I 11053 11325] raylet_client.cc:336: Error reporting task backlog information: IOError: 
[2022-01-10 14:07:42,611 I 11053 11325] raylet_client.cc:336: Error reporting task backlog information: IOError: 
[2022-01-10 14:07:43,611 I 11053 11325] raylet_client.cc:336: Error reporting task backlog information: IOError: 
[2022-01-10 14:07:44,611 I 11053 11325] raylet_client.cc:336: Error reporting task backlog information: IOError: 
[2022-01-10 14:07:44,872 W 11053 11326] metric_exporter.cc:206: Export metrics to agent failed: IOError: . This won't affect Ray, but you can lose metrics from the cluster.
[2022-01-10 14:07:45,611 I 11053 11325] raylet_client.cc:336: Error reporting task backlog information: IOError: 
[2022-01-10 14:07:46,611 I 11053 11325] raylet_client.cc:336: Error reporting task backlog information: IOError: 
[2022-01-10 14:07:47,611 I 11053 11325] raylet_client.cc:336: Error reporting task backlog information: IOError: 
[2022-01-10 14:07:48,611 I 11053 11325] raylet_client.cc:336: Error reporting task backlog information: IOError: 
[2022-01-10 14:07:49,611 I 11053 11325] raylet_client.cc:336: Error reporting task backlog information: IOError: 
[2022-01-10 14:07:50,611 I 11053 11325] raylet_client.cc:336: Error reporting task backlog information: IOError: 
[2022-01-10 14:07:51,612 I 11053 11325] raylet_client.cc:336: Error reporting task backlog information: IOError: 
[2022-01-10 14:07:52,612 I 11053 11325] raylet_client.cc:336: Error reporting task backlog information: IOError: 
[2022-01-10 14:07:53,612 I 11053 11325] raylet_client.cc:336: Error reporting task backlog information: IOError: 
[2022-01-10 14:07:54,612 I 11053 11325] raylet_client.cc:336: Error reporting task backlog information: IOError: 
[2022-01-10 14:07:54,882 W 11053 11326] metric_exporter.cc:206: Export metrics to agent failed: IOError: . This won't affect Ray, but you can lose metrics from the cluster.
[2022-01-10 14:07:55,612 I 11053 11325] raylet_client.cc:336: Error reporting task backlog information: IOError: 
[2022-01-10 14:07:56,612 I 11053 11325] raylet_client.cc:336: Error reporting task backlog information: IOError: 
[2022-01-10 14:07:57,612 I 11053 11325] raylet_client.cc:336: Error reporting task backlog information: IOError: 
[2022-01-10 14:07:58,612 I 11053 11325] raylet_client.cc:336: Error reporting task backlog information: IOError: 
[2022-01-10 14:07:59,612 I 11053 11325] raylet_client.cc:336: Error reporting task backlog information: IOError: 
[2022-01-10 14:08:00,612 I 11053 11325] raylet_client.cc:336: Error reporting task backlog information: IOError: 
[2022-01-10 14:08:01,612 I 11053 11325] raylet_client.cc:336: Error reporting task backlog information: IOError: 
[2022-01-10 14:08:02,612 I 11053 11325] raylet_client.cc:336: Error reporting task backlog information: IOError: 
[2022-01-10 14:08:03,612 I 11053 11325] raylet_client.cc:336: Error reporting task backlog information: IOError: 
[2022-01-10 14:08:04,612 I 11053 11325] raylet_client.cc:336: Error reporting task backlog information: IOError: 
[2022-01-10 14:08:04,890 W 11053 11326] metric_exporter.cc:206: Export metrics to agent failed: IOError: . This won't affect Ray, but you can lose metrics from the cluster.
[2022-01-10 14:08:05,613 I 11053 11325] raylet_client.cc:336: Error reporting task backlog information: IOError: 
[2022-01-10 14:08:06,613 I 11053 11325] raylet_client.cc:336: Error reporting task backlog information: IOError: 
[2022-01-10 14:08:07,613 I 11053 11325] raylet_client.cc:336: Error reporting task backlog information: IOError: 
[2022-01-10 14:08:08,613 I 11053 11325] raylet_client.cc:336: Error reporting task backlog information: IOError: 
[2022-01-10 14:08:09,613 I 11053 11325] raylet_client.cc:336: Error reporting task backlog information: IOError: 
[2022-01-10 14:08:10,613 I 11053 11325] raylet_client.cc:336: Error reporting task backlog information: IOError: 
[2022-01-10 14:08:11,613 I 11053 11325] raylet_client.cc:336: Error reporting task backlog information: IOError: 
[2022-01-10 14:08:12,613 I 11053 11325] raylet_client.cc:336: Error reporting task backlog information: IOError: 
[2022-01-10 14:08:13,613 I 11053 11325] raylet_client.cc:336: Error reporting task backlog information: IOError: 
[2022-01-10 14:08:14,613 I 11053 11325] raylet_client.cc:336: Error reporting task backlog information: IOError: 
[2022-01-10 14:08:14,897 W 11053 11326] metric_exporter.cc:206: Export metrics to agent failed: IOError: . This won't affect Ray, but you can lose metrics from the cluster.
[2022-01-10 14:08:15,613 I 11053 11325] raylet_client.cc:336: Error reporting task backlog information: IOError: 
[2022-01-10 14:08:16,613 I 11053 11325] raylet_client.cc:336: Error reporting task backlog information: IOError: 
[2022-01-10 14:08:17,613 I 11053 11325] raylet_client.cc:336: Error reporting task backlog information: IOError: 
[2022-01-10 14:08:18,613 I 11053 11325] raylet_client.cc:336: Error reporting task backlog information: IOError: 
[2022-01-10 14:08:19,613 I 11053 11325] raylet_client.cc:336: Error reporting task backlog information: IOError: 
[2022-01-10 14:08:20,614 I 11053 11325] raylet_client.cc:336: Error reporting task backlog information: IOError: 
[2022-01-10 14:08:21,614 I 11053 11325] raylet_client.cc:336: Error reporting task backlog information: IOError: 
[2022-01-10 14:08:22,614 I 11053 11325] raylet_client.cc:336: Error reporting task backlog information: IOError: 
[2022-01-10 14:08:23,614 I 11053 11325] raylet_client.cc:336: Error reporting task backlog information: IOError: 
[2022-01-10 14:08:24,614 I 11053 11325] raylet_client.cc:336: Error reporting task backlog information: IOError: 
[2022-01-10 14:08:24,903 W 11053 11326] metric_exporter.cc:206: Export metrics to agent failed: IOError: . This won't affect Ray, but you can lose metrics from the cluster.
[2022-01-10 14:08:25,614 I 11053 11325] raylet_client.cc:336: Error reporting task backlog information: IOError: 
[2022-01-10 14:08:26,614 I 11053 11325] raylet_client.cc:336: Error reporting task backlog information: IOError: 
[2022-01-10 14:08:27,614 I 11053 11325] raylet_client.cc:336: Error reporting task backlog information: IOError: 
[2022-01-10 14:08:28,615 I 11053 11325] raylet_client.cc:336: Error reporting task backlog information: IOError: 
[2022-01-10 14:08:29,615 I 11053 11325] raylet_client.cc:336: Error reporting task backlog information: IOError: 
[2022-01-10 14:08:30,616 I 11053 11325] raylet_client.cc:336: Error reporting task backlog information: IOError: 
[2022-01-10 14:08:31,616 I 11053 11325] raylet_client.cc:336: Error reporting task backlog information: IOError: 
[2022-01-10 14:08:32,616 I 11053 11325] raylet_client.cc:336: Error reporting task backlog information: IOError: 
[2022-01-10 14:08:33,616 I 11053 11325] raylet_client.cc:336: Error reporting task backlog information: IOError: 
[2022-01-10 14:08:34,616 I 11053 11325] raylet_client.cc:336: Error reporting task backlog information: IOError: 
[2022-01-10 14:08:34,910 W 11053 11326] metric_exporter.cc:206: Export metrics to agent failed: IOError: . This won't affect Ray, but you can lose metrics from the cluster.
[2022-01-10 14:08:35,616 I 11053 11325] raylet_client.cc:336: Error reporting task backlog information: IOError: 
[2022-01-10 14:08:36,616 I 11053 11325] raylet_client.cc:336: Error reporting task backlog information: IOError: 
[2022-01-10 14:08:37,616 I 11053 11325] raylet_client.cc:336: Error reporting task backlog information: IOError: 
[2022-01-10 14:08:38,616 I 11053 11325] raylet_client.cc:336: Error reporting task backlog information: IOError: 
[2022-01-10 14:08:39,616 I 11053 11325] raylet_client.cc:336: Error reporting task backlog information: IOError: 
[2022-01-10 14:08:40,616 I 11053 11325] raylet_client.cc:336: Error reporting task backlog information: IOError: 
[2022-01-10 14:08:41,616 I 11053 11325] raylet_client.cc:336: Error reporting task backlog information: IOError: 
[2022-01-10 14:08:42,616 I 11053 11325] raylet_client.cc:336: Error reporting task backlog information: IOError: 
[2022-01-10 14:08:43,616 I 11053 11325] raylet_client.cc:336: Error reporting task backlog information: IOError: 
[2022-01-10 14:08:44,617 I 11053 11325] raylet_client.cc:336: Error reporting task backlog information: IOError: 
[2022-01-10 14:08:44,917 W 11053 11326] metric_exporter.cc:206: Export metrics to agent failed: IOError: . This won't affect Ray, but you can lose metrics from the cluster.
[2022-01-10 14:08:45,617 I 11053 11325] raylet_client.cc:336: Error reporting task backlog information: IOError: 
[2022-01-10 14:08:46,617 I 11053 11325] raylet_client.cc:336: Error reporting task backlog information: IOError: 
[2022-01-10 14:08:47,617 I 11053 11325] raylet_client.cc:336: Error reporting task backlog information: IOError: 
[2022-01-10 14:08:48,617 I 11053 11325] raylet_client.cc:336: Error reporting task backlog information: IOError: 
[2022-01-10 14:08:49,617 I 11053 11325] raylet_client.cc:336: Error reporting task backlog information: IOError: 
[2022-01-10 14:08:50,617 I 11053 11325] raylet_client.cc:336: Error reporting task backlog information: IOError: 
[2022-01-10 14:08:51,617 I 11053 11325] raylet_client.cc:336: Error reporting task backlog information: IOError: 
[2022-01-10 14:08:52,617 I 11053 11325] raylet_client.cc:336: Error reporting task backlog information: IOError: 
[2022-01-10 14:08:53,617 I 11053 11325] raylet_client.cc:336: Error reporting task backlog information: IOError: 
[2022-01-10 14:08:54,617 I 11053 11325] raylet_client.cc:336: Error reporting task backlog information: IOError: 
[2022-01-10 14:08:54,927 W 11053 11326] metric_exporter.cc:206: Export metrics to agent failed: IOError: . This won't affect Ray, but you can lose metrics from the cluster.
[2022-01-10 14:08:55,617 I 11053 11325] raylet_client.cc:336: Error reporting task backlog information: IOError: 
[2022-01-10 14:08:56,617 I 11053 11325] raylet_client.cc:336: Error reporting task backlog information: IOError: 
[2022-01-10 14:08:57,617 I 11053 11325] raylet_client.cc:336: Error reporting task backlog information: IOError: 
[2022-01-10 14:08:58,617 I 11053 11325] raylet_client.cc:336: Error reporting task backlog information: IOError: 
[2022-01-10 14:08:59,618 I 11053 11325] raylet_client.cc:336: Error reporting task backlog information: IOError: 
[2022-01-10 14:09:00,618 I 11053 11325] raylet_client.cc:336: Error reporting task backlog information: IOError: 
[2022-01-10 14:09:01,618 I 11053 11325] raylet_client.cc:336: Error reporting task backlog information: IOError: 
[2022-01-10 14:09:02,618 I 11053 11325] raylet_client.cc:336: Error reporting task backlog information: IOError: 
[2022-01-10 14:09:03,618 I 11053 11325] raylet_client.cc:336: Error reporting task backlog information: IOError: 
[2022-01-10 14:09:04,618 I 11053 11325] raylet_client.cc:336: Error reporting task backlog information: IOError: 
[2022-01-10 14:09:04,937 W 11053 11326] metric_exporter.cc:206: Export metrics to agent failed: IOError: . This won't affect Ray, but you can lose metrics from the cluster.
[2022-01-10 14:09:05,618 I 11053 11325] raylet_client.cc:336: Error reporting task backlog information: IOError: 
[2022-01-10 14:09:06,618 I 11053 11325] raylet_client.cc:336: Error reporting task backlog information: IOError: 
[2022-01-10 14:09:07,618 I 11053 11325] raylet_client.cc:336: Error reporting task backlog information: IOError: 
[2022-01-10 14:09:08,618 I 11053 11325] raylet_client.cc:336: Error reporting task backlog information: IOError: 
[2022-01-10 14:09:09,618 I 11053 11325] raylet_client.cc:336: Error reporting task backlog information: IOError: 
[2022-01-10 14:09:10,618 I 11053 11325] raylet_client.cc:336: Error reporting task backlog information: IOError: 
[2022-01-10 14:09:11,618 I 11053 11325] raylet_client.cc:336: Error reporting task backlog information: IOError: 
[2022-01-10 14:09:12,618 I 11053 11325] raylet_client.cc:336: Error reporting task backlog information: IOError: 
[2022-01-10 14:09:13,619 I 11053 11325] raylet_client.cc:336: Error reporting task backlog information: IOError: 
[2022-01-10 14:09:14,619 I 11053 11325] raylet_client.cc:336: Error reporting task backlog information: IOError: 
[2022-01-10 14:09:14,943 W 11053 11326] metric_exporter.cc:206: Export metrics to agent failed: IOError: . This won't affect Ray, but you can lose metrics from the cluster.
[2022-01-10 14:09:15,619 I 11053 11325] raylet_client.cc:336: Error reporting task backlog information: IOError: 
[2022-01-10 14:09:16,619 I 11053 11325] raylet_client.cc:336: Error reporting task backlog information: IOError: 
[2022-01-10 14:09:17,619 I 11053 11325] raylet_client.cc:336: Error reporting task backlog information: IOError: 
[2022-01-10 14:09:18,619 I 11053 11325] raylet_client.cc:336: Error reporting task backlog information: IOError: 
[2022-01-10 14:09:19,619 I 11053 11325] raylet_client.cc:336: Error reporting task backlog information: IOError: 
[2022-01-10 14:09:20,619 I 11053 11325] raylet_client.cc:336: Error reporting task backlog information: IOError: 
[2022-01-10 14:09:21,619 I 11053 11325] raylet_client.cc:336: Error reporting task backlog information: IOError: 
[2022-01-10 14:09:22,619 I 11053 11325] raylet_client.cc:336: Error reporting task backlog information: IOError: 
[2022-01-10 14:09:23,619 I 11053 11325] raylet_client.cc:336: Error reporting task backlog information: IOError: 
[2022-01-10 14:09:24,619 I 11053 11325] raylet_client.cc:336: Error reporting task backlog information: IOError: 
[2022-01-10 14:09:24,953 W 11053 11326] metric_exporter.cc:206: Export metrics to agent failed: IOError: . This won't affect Ray, but you can lose metrics from the cluster.
[2022-01-10 14:09:25,619 I 11053 11325] raylet_client.cc:336: Error reporting task backlog information: IOError: 
[2022-01-10 14:09:26,619 I 11053 11325] raylet_client.cc:336: Error reporting task backlog information: IOError: 
[2022-01-10 14:09:27,619 I 11053 11325] raylet_client.cc:336: Error reporting task backlog information: IOError: 
[2022-01-10 14:09:28,620 I 11053 11325] raylet_client.cc:336: Error reporting task backlog information: IOError: 
[2022-01-10 14:09:29,620 I 11053 11325] raylet_client.cc:336: Error reporting task backlog information: IOError: 
[2022-01-10 14:09:30,620 I 11053 11325] raylet_client.cc:336: Error reporting task backlog information: IOError: 
[2022-01-10 14:09:31,620 I 11053 11325] raylet_client.cc:336: Error reporting task backlog information: IOError: 
[2022-01-10 14:09:32,620 I 11053 11325] raylet_client.cc:336: Error reporting task backlog information: IOError: 
[2022-01-10 14:09:33,620 I 11053 11325] raylet_client.cc:336: Error reporting task backlog information: IOError: 
[2022-01-10 14:09:34,620 I 11053 11325] raylet_client.cc:336: Error reporting task backlog information: IOError: 
[2022-01-10 14:09:34,960 W 11053 11326] metric_exporter.cc:206: Export metrics to agent failed: IOError: . This won't affect Ray, but you can lose metrics from the cluster.
[2022-01-10 14:09:35,620 I 11053 11325] raylet_client.cc:336: Error reporting task backlog information: IOError: 
[2022-01-10 14:09:36,620 I 11053 11325] raylet_client.cc:336: Error reporting task backlog information: IOError: 
[2022-01-10 14:09:37,620 I 11053 11325] raylet_client.cc:336: Error reporting task backlog information: IOError: 
[2022-01-10 14:09:38,620 I 11053 11325] raylet_client.cc:336: Error reporting task backlog information: IOError: 
[2022-01-10 14:09:39,620 I 11053 11325] raylet_client.cc:336: Error reporting task backlog information: IOError: 
[2022-01-10 14:09:40,620 I 11053 11325] raylet_client.cc:336: Error reporting task backlog information: IOError: 
[2022-01-10 14:09:41,621 I 11053 11325] raylet_client.cc:336: Error reporting task backlog information: IOError: 
[2022-01-10 14:09:42,621 I 11053 11325] raylet_client.cc:336: Error reporting task backlog information: IOError: 
[2022-01-10 14:09:43,621 I 11053 11325] raylet_client.cc:336: Error reporting task backlog information: IOError: 
[2022-01-10 14:09:44,621 I 11053 11325] raylet_client.cc:336: Error reporting task backlog information: IOError: 
[2022-01-10 14:09:44,968 W 11053 11326] metric_exporter.cc:206: Export metrics to agent failed: IOError: . This won't affect Ray, but you can lose metrics from the cluster.
[2022-01-10 14:09:45,621 I 11053 11325] raylet_client.cc:336: Error reporting task backlog information: IOError: 
[2022-01-10 14:09:46,621 I 11053 11325] raylet_client.cc:336: Error reporting task backlog information: IOError: 
[2022-01-10 14:09:47,621 I 11053 11325] raylet_client.cc:336: Error reporting task backlog information: IOError: 
[2022-01-10 14:09:48,621 I 11053 11325] raylet_client.cc:336: Error reporting task backlog information: IOError: 
[2022-01-10 14:09:49,621 I 11053 11325] raylet_client.cc:336: Error reporting task backlog information: IOError: 
[2022-01-10 14:09:50,621 I 11053 11325] raylet_client.cc:336: Error reporting task backlog information: IOError: 
[2022-01-10 14:09:51,621 I 11053 11325] raylet_client.cc:336: Error reporting task backlog information: IOError: 
[2022-01-10 14:09:52,621 I 11053 11325] raylet_client.cc:336: Error reporting task backlog information: IOError: 
[2022-01-10 14:09:53,621 I 11053 11325] raylet_client.cc:336: Error reporting task backlog information: IOError: 
[2022-01-10 14:09:54,621 I 11053 11325] raylet_client.cc:336: Error reporting task backlog information: IOError: 
[2022-01-10 14:09:54,982 W 11053 11326] metric_exporter.cc:206: Export metrics to agent failed: IOError: . This won't affect Ray, but you can lose metrics from the cluster.
[2022-01-10 14:09:55,621 I 11053 11325] raylet_client.cc:336: Error reporting task backlog information: IOError: 
[2022-01-10 14:09:56,622 I 11053 11325] raylet_client.cc:336: Error reporting task backlog information: IOError: 
[2022-01-10 14:09:57,622 I 11053 11325] raylet_client.cc:336: Error reporting task backlog information: IOError: 
[2022-01-10 14:09:58,622 I 11053 11325] raylet_client.cc:336: Error reporting task backlog information: IOError: 
[2022-01-10 14:09:59,622 I 11053 11325] raylet_client.cc:336: Error reporting task backlog information: IOError: 
[2022-01-10 14:10:00,622 I 11053 11325] raylet_client.cc:336: Error reporting task backlog information: IOError: 
[2022-01-10 14:10:01,622 I 11053 11325] raylet_client.cc:336: Error reporting task backlog information: IOError: 
[2022-01-10 14:10:02,622 I 11053 11325] raylet_client.cc:336: Error reporting task backlog information: IOError: 
[2022-01-10 14:10:03,622 I 11053 11325] raylet_client.cc:336: Error reporting task backlog information: IOError: 
[2022-01-10 14:10:04,622 I 11053 11325] raylet_client.cc:336: Error reporting task backlog information: IOError: 
[2022-01-10 14:10:04,990 W 11053 11326] metric_exporter.cc:206: Export metrics to agent failed: IOError: . This won't affect Ray, but you can lose metrics from the cluster.
[2022-01-10 14:10:05,622 I 11053 11325] raylet_client.cc:336: Error reporting task backlog information: IOError: 
[2022-01-10 14:10:06,622 I 11053 11325] raylet_client.cc:336: Error reporting task backlog information: IOError: 
[2022-01-10 14:10:07,622 I 11053 11325] raylet_client.cc:336: Error reporting task backlog information: IOError: 
[2022-01-10 14:10:08,622 I 11053 11325] raylet_client.cc:336: Error reporting task backlog information: IOError: 
[2022-01-10 14:10:09,622 I 11053 11325] raylet_client.cc:336: Error reporting task backlog information: IOError: 
[2022-01-10 14:10:10,622 I 11053 11325] raylet_client.cc:336: Error reporting task backlog information: IOError: 
[2022-01-10 14:10:11,622 I 11053 11325] raylet_client.cc:336: Error reporting task backlog information: IOError: 
[2022-01-10 14:10:12,623 I 11053 11325] raylet_client.cc:336: Error reporting task backlog information: IOError: 
[2022-01-10 14:10:13,623 I 11053 11325] raylet_client.cc:336: Error reporting task backlog information: IOError: 
[2022-01-10 14:10:14,623 I 11053 11325] raylet_client.cc:336: Error reporting task backlog information: IOError: 
[2022-01-10 14:10:15,001 W 11053 11326] metric_exporter.cc:206: Export metrics to agent failed: IOError: . This won't affect Ray, but you can lose metrics from the cluster.
[2022-01-10 14:10:15,623 I 11053 11325] raylet_client.cc:336: Error reporting task backlog information: IOError: 
[2022-01-10 14:10:16,623 I 11053 11325] raylet_client.cc:336: Error reporting task backlog information: IOError: 
[2022-01-10 14:10:17,623 I 11053 11325] raylet_client.cc:336: Error reporting task backlog information: IOError: 
[2022-01-10 14:10:18,623 I 11053 11325] raylet_client.cc:336: Error reporting task backlog information: IOError: 
[2022-01-10 14:10:19,623 I 11053 11325] raylet_client.cc:336: Error reporting task backlog information: IOError: 
[2022-01-10 14:10:20,623 I 11053 11325] raylet_client.cc:336: Error reporting task backlog information: IOError: 
[2022-01-10 14:10:21,623 I 11053 11325] raylet_client.cc:336: Error reporting task backlog information: IOError: 
[2022-01-10 14:10:22,623 I 11053 11325] raylet_client.cc:336: Error reporting task backlog information: IOError: 
[2022-01-10 14:10:23,623 I 11053 11325] raylet_client.cc:336: Error reporting task backlog information: IOError: 
[2022-01-10 14:10:24,623 I 11053 11325] raylet_client.cc:336: Error reporting task backlog information: IOError: 
[2022-01-10 14:10:25,007 W 11053 11326] metric_exporter.cc:206: Export metrics to agent failed: IOError: . This won't affect Ray, but you can lose metrics from the cluster.
[2022-01-10 14:10:25,623 I 11053 11325] raylet_client.cc:336: Error reporting task backlog information: IOError: 
[2022-01-10 14:10:26,623 I 11053 11325] raylet_client.cc:336: Error reporting task backlog information: IOError: 
[2022-01-10 14:10:27,623 I 11053 11325] raylet_client.cc:336: Error reporting task backlog information: IOError: 
[2022-01-10 14:10:28,624 I 11053 11325] raylet_client.cc:336: Error reporting task backlog information: IOError: 
[2022-01-10 14:10:29,624 I 11053 11325] raylet_client.cc:336: Error reporting task backlog information: IOError: 
[2022-01-10 14:10:30,624 I 11053 11325] raylet_client.cc:336: Error reporting task backlog information: IOError: 
[2022-01-10 14:10:31,624 I 11053 11325] raylet_client.cc:336: Error reporting task backlog information: IOError: 
[2022-01-10 14:10:32,624 I 11053 11325] raylet_client.cc:336: Error reporting task backlog information: IOError: 
[2022-01-10 14:10:33,624 I 11053 11325] raylet_client.cc:336: Error reporting task backlog information: IOError: 
[2022-01-10 14:10:34,624 I 11053 11325] raylet_client.cc:336: Error reporting task backlog information: IOError: 
[2022-01-10 14:10:35,015 W 11053 11326] metric_exporter.cc:206: Export metrics to agent failed: IOError: . This won't affect Ray, but you can lose metrics from the cluster.
[2022-01-10 14:10:35,624 I 11053 11325] raylet_client.cc:336: Error reporting task backlog information: IOError: 
[2022-01-10 14:10:36,624 I 11053 11325] raylet_client.cc:336: Error reporting task backlog information: IOError: 
[2022-01-10 14:10:37,624 I 11053 11325] raylet_client.cc:336: Error reporting task backlog information: IOError: 
[2022-01-10 14:10:38,624 I 11053 11325] raylet_client.cc:336: Error reporting task backlog information: IOError: 
[2022-01-10 14:10:39,624 I 11053 11325] raylet_client.cc:336: Error reporting task backlog information: IOError: 
[2022-01-10 14:10:40,624 I 11053 11325] raylet_client.cc:336: Error reporting task backlog information: IOError: 
[2022-01-10 14:10:41,625 I 11053 11325] raylet_client.cc:336: Error reporting task backlog information: IOError: 
[2022-01-10 14:10:42,625 I 11053 11325] raylet_client.cc:336: Error reporting task backlog information: IOError: 
[2022-01-10 14:10:43,625 I 11053 11325] raylet_client.cc:336: Error reporting task backlog information: IOError: 
[2022-01-10 14:10:44,625 I 11053 11325] raylet_client.cc:336: Error reporting task backlog information: IOError: 
[2022-01-10 14:10:45,024 W 11053 11326] metric_exporter.cc:206: Export metrics to agent failed: IOError: . This won't affect Ray, but you can lose metrics from the cluster.
[2022-01-10 14:10:45,625 I 11053 11325] raylet_client.cc:336: Error reporting task backlog information: IOError: 
[2022-01-10 14:10:46,625 I 11053 11325] raylet_client.cc:336: Error reporting task backlog information: IOError: 
[2022-01-10 14:10:47,625 I 11053 11325] raylet_client.cc:336: Error reporting task backlog information: IOError: 
[2022-01-10 14:10:48,625 I 11053 11325] raylet_client.cc:336: Error reporting task backlog information: IOError: 
[2022-01-10 14:10:49,625 I 11053 11325] raylet_client.cc:336: Error reporting task backlog information: IOError: 
[2022-01-10 14:10:50,625 I 11053 11325] raylet_client.cc:336: Error reporting task backlog information: IOError: 
[2022-01-10 14:10:51,625 I 11053 11325] raylet_client.cc:336: Error reporting task backlog information: IOError: 
[2022-01-10 14:10:52,625 I 11053 11325] raylet_client.cc:336: Error reporting task backlog information: IOError: 
[2022-01-10 14:10:53,625 I 11053 11325] raylet_client.cc:336: Error reporting task backlog information: IOError: 
[2022-01-10 14:10:54,625 I 11053 11325] raylet_client.cc:336: Error reporting task backlog information: IOError: 
[2022-01-10 14:10:55,031 W 11053 11326] metric_exporter.cc:206: Export metrics to agent failed: IOError: . This won't affect Ray, but you can lose metrics from the cluster.
[2022-01-10 14:10:55,626 I 11053 11325] raylet_client.cc:336: Error reporting task backlog information: IOError: 
[2022-01-10 14:10:56,626 I 11053 11325] raylet_client.cc:336: Error reporting task backlog information: IOError: 
[2022-01-10 14:10:57,626 I 11053 11325] raylet_client.cc:336: Error reporting task backlog information: IOError: 
[2022-01-10 14:10:58,626 I 11053 11325] raylet_client.cc:336: Error reporting task backlog information: IOError: 
[2022-01-10 14:10:59,626 I 11053 11325] raylet_client.cc:336: Error reporting task backlog information: IOError: 
[2022-01-10 14:11:00,626 I 11053 11325] raylet_client.cc:336: Error reporting task backlog information: IOError: 
[2022-01-10 14:11:01,626 I 11053 11325] raylet_client.cc:336: Error reporting task backlog information: IOError: 
[2022-01-10 14:11:02,626 I 11053 11325] raylet_client.cc:336: Error reporting task backlog information: IOError: 
[2022-01-10 14:11:03,626 I 11053 11325] raylet_client.cc:336: Error reporting task backlog information: IOError: 
[2022-01-10 14:11:04,626 I 11053 11325] raylet_client.cc:336: Error reporting task backlog information: IOError: 
[2022-01-10 14:11:05,038 W 11053 11326] metric_exporter.cc:206: Export metrics to agent failed: IOError: . This won't affect Ray, but you can lose metrics from the cluster.
[2022-01-10 14:11:05,626 I 11053 11325] raylet_client.cc:336: Error reporting task backlog information: IOError: 
[2022-01-10 14:11:06,626 I 11053 11325] raylet_client.cc:336: Error reporting task backlog information: IOError: 
[2022-01-10 14:11:07,626 I 11053 11325] raylet_client.cc:336: Error reporting task backlog information: IOError: 
[2022-01-10 14:11:08,626 I 11053 11325] raylet_client.cc:336: Error reporting task backlog information: IOError: 
[2022-01-10 14:11:09,626 I 11053 11325] raylet_client.cc:336: Error reporting task backlog information: IOError: 
[2022-01-10 14:11:10,627 I 11053 11325] raylet_client.cc:336: Error reporting task backlog information: IOError: 
[2022-01-10 14:11:11,627 I 11053 11325] raylet_client.cc:336: Error reporting task backlog information: IOError: 
[2022-01-10 14:11:12,627 I 11053 11325] raylet_client.cc:336: Error reporting task backlog information: IOError: 
[2022-01-10 14:11:13,627 I 11053 11325] raylet_client.cc:336: Error reporting task backlog information: IOError: 
[2022-01-10 14:11:14,627 I 11053 11325] raylet_client.cc:336: Error reporting task backlog information: IOError: 
[2022-01-10 14:11:15,046 W 11053 11326] metric_exporter.cc:206: Export metrics to agent failed: IOError: . This won't affect Ray, but you can lose metrics from the cluster.
[2022-01-10 14:11:15,627 I 11053 11325] raylet_client.cc:336: Error reporting task backlog information: IOError: 
[2022-01-10 14:11:16,627 I 11053 11325] raylet_client.cc:336: Error reporting task backlog information: IOError: 
[2022-01-10 14:11:17,627 I 11053 11325] raylet_client.cc:336: Error reporting task backlog information: IOError: 
[2022-01-10 14:11:18,627 I 11053 11325] raylet_client.cc:336: Error reporting task backlog information: IOError: 
[2022-01-10 14:11:19,627 I 11053 11325] raylet_client.cc:336: Error reporting task backlog information: IOError: 
[2022-01-10 14:11:20,627 I 11053 11325] raylet_client.cc:336: Error reporting task backlog information: IOError: 
[2022-01-10 14:11:21,627 I 11053 11325] raylet_client.cc:336: Error reporting task backlog information: IOError: 
[2022-01-10 14:11:22,627 I 11053 11325] raylet_client.cc:336: Error reporting task backlog information: IOError: 
[2022-01-10 14:11:23,627 I 11053 11325] raylet_client.cc:336: Error reporting task backlog information: IOError: 
[2022-01-10 14:11:24,628 I 11053 11325] raylet_client.cc:336: Error reporting task backlog information: IOError: 
[2022-01-10 14:11:25,052 W 11053 11326] metric_exporter.cc:206: Export metrics to agent failed: IOError: . This won't affect Ray, but you can lose metrics from the cluster.
[2022-01-10 14:11:25,628 I 11053 11325] raylet_client.cc:336: Error reporting task backlog information: IOError: 
[2022-01-10 14:11:26,628 I 11053 11325] raylet_client.cc:336: Error reporting task backlog information: IOError: 
[2022-01-10 14:11:27,628 I 11053 11325] raylet_client.cc:336: Error reporting task backlog information: IOError: 
[2022-01-10 14:11:28,628 I 11053 11325] raylet_client.cc:336: Error reporting task backlog information: IOError: 
[2022-01-10 14:11:29,628 I 11053 11325] raylet_client.cc:336: Error reporting task backlog information: IOError: 
[2022-01-10 14:11:30,628 I 11053 11325] raylet_client.cc:336: Error reporting task backlog information: IOError: 
[2022-01-10 14:11:31,628 I 11053 11325] raylet_client.cc:336: Error reporting task backlog information: IOError: 
[2022-01-10 14:11:32,628 I 11053 11325] raylet_client.cc:336: Error reporting task backlog information: IOError: 
[2022-01-10 14:11:33,628 I 11053 11325] raylet_client.cc:336: Error reporting task backlog information: IOError: 
[2022-01-10 14:11:34,628 I 11053 11325] raylet_client.cc:336: Error reporting task backlog information: IOError: 
[2022-01-10 14:11:35,068 W 11053 11326] metric_exporter.cc:206: Export metrics to agent failed: IOError: . This won't affect Ray, but you can lose metrics from the cluster.
[2022-01-10 14:11:35,628 I 11053 11325] raylet_client.cc:336: Error reporting task backlog information: IOError: 
[2022-01-10 14:11:36,628 I 11053 11325] raylet_client.cc:336: Error reporting task backlog information: IOError: 
[2022-01-10 14:11:37,629 I 11053 11325] raylet_client.cc:336: Error reporting task backlog information: IOError: 
[2022-01-10 14:11:38,629 I 11053 11325] raylet_client.cc:336: Error reporting task backlog information: IOError: 
[2022-01-10 14:11:39,629 I 11053 11325] raylet_client.cc:336: Error reporting task backlog information: IOError: 
[2022-01-10 14:11:40,629 I 11053 11325] raylet_client.cc:336: Error reporting task backlog information: IOError: 
[2022-01-10 14:11:41,629 I 11053 11325] raylet_client.cc:336: Error reporting task backlog information: IOError: 
[2022-01-10 14:11:42,629 I 11053 11325] raylet_client.cc:336: Error reporting task backlog information: IOError: 
[2022-01-10 14:11:43,629 I 11053 11325] raylet_client.cc:336: Error reporting task backlog information: IOError: 
[2022-01-10 14:11:44,629 I 11053 11325] raylet_client.cc:336: Error reporting task backlog information: IOError: 
[2022-01-10 14:11:45,075 W 11053 11326] metric_exporter.cc:206: Export metrics to agent failed: IOError: . This won't affect Ray, but you can lose metrics from the cluster.
[2022-01-10 14:11:45,629 I 11053 11325] raylet_client.cc:336: Error reporting task backlog information: IOError: 
[2022-01-10 14:11:46,629 I 11053 11325] raylet_client.cc:336: Error reporting task backlog information: IOError: 
[2022-01-10 14:11:47,629 I 11053 11325] raylet_client.cc:336: Error reporting task backlog information: IOError: 
[2022-01-10 14:11:48,630 I 11053 11325] raylet_client.cc:336: Error reporting task backlog information: IOError: 
[2022-01-10 14:11:49,630 I 11053 11325] raylet_client.cc:336: Error reporting task backlog information: IOError: 
[2022-01-10 14:11:50,630 I 11053 11325] raylet_client.cc:336: Error reporting task backlog information: IOError: 
[2022-01-10 14:11:51,630 I 11053 11325] raylet_client.cc:336: Error reporting task backlog information: IOError: 
[2022-01-10 14:11:52,630 I 11053 11325] raylet_client.cc:336: Error reporting task backlog information: IOError: 
[2022-01-10 14:11:53,630 I 11053 11325] raylet_client.cc:336: Error reporting task backlog information: IOError: 
[2022-01-10 14:11:54,630 I 11053 11325] raylet_client.cc:336: Error reporting task backlog information: IOError: 
[2022-01-10 14:11:55,081 W 11053 11326] metric_exporter.cc:206: Export metrics to agent failed: IOError: . This won't affect Ray, but you can lose metrics from the cluster.
[2022-01-10 14:11:55,630 I 11053 11325] raylet_client.cc:336: Error reporting task backlog information: IOError: 
[2022-01-10 14:11:56,630 I 11053 11325] raylet_client.cc:336: Error reporting task backlog information: IOError: 
[2022-01-10 14:11:57,630 I 11053 11325] raylet_client.cc:336: Error reporting task backlog information: IOError: 
[2022-01-10 14:11:58,630 I 11053 11325] raylet_client.cc:336: Error reporting task backlog information: IOError: 
[2022-01-10 14:11:59,630 I 11053 11325] raylet_client.cc:336: Error reporting task backlog information: IOError: 
[2022-01-10 14:12:00,630 I 11053 11325] raylet_client.cc:336: Error reporting task backlog information: IOError: 
[2022-01-10 14:12:01,631 I 11053 11325] raylet_client.cc:336: Error reporting task backlog information: IOError: 
[2022-01-10 14:12:02,631 I 11053 11325] raylet_client.cc:336: Error reporting task backlog information: IOError: 
[2022-01-10 14:12:03,631 I 11053 11325] raylet_client.cc:336: Error reporting task backlog information: IOError: 
[2022-01-10 14:12:04,631 I 11053 11325] raylet_client.cc:336: Error reporting task backlog information: IOError: 
[2022-01-10 14:12:05,088 W 11053 11326] metric_exporter.cc:206: Export metrics to agent failed: IOError: . This won't affect Ray, but you can lose metrics from the cluster.
[2022-01-10 14:12:05,631 I 11053 11325] raylet_client.cc:336: Error reporting task backlog information: IOError: 
[2022-01-10 14:12:06,631 I 11053 11325] raylet_client.cc:336: Error reporting task backlog information: IOError: 
[2022-01-10 14:12:07,631 I 11053 11325] raylet_client.cc:336: Error reporting task backlog information: IOError: 
[2022-01-10 14:12:08,631 I 11053 11325] raylet_client.cc:336: Error reporting task backlog information: IOError: 
[2022-01-10 14:12:09,631 I 11053 11325] raylet_client.cc:336: Error reporting task backlog information: IOError: 
[2022-01-10 14:12:10,631 I 11053 11325] raylet_client.cc:336: Error reporting task backlog information: IOError: 
[2022-01-10 14:12:11,631 I 11053 11325] raylet_client.cc:336: Error reporting task backlog information: IOError: 
[2022-01-10 14:12:12,631 I 11053 11325] raylet_client.cc:336: Error reporting task backlog information: IOError: 
[2022-01-10 14:12:13,631 I 11053 11325] raylet_client.cc:336: Error reporting task backlog information: IOError: 
[2022-01-10 14:12:14,631 I 11053 11325] raylet_client.cc:336: Error reporting task backlog information: IOError: 
[2022-01-10 14:12:15,097 W 11053 11326] metric_exporter.cc:206: Export metrics to agent failed: IOError: . This won't affect Ray, but you can lose metrics from the cluster.
[2022-01-10 14:12:15,632 I 11053 11325] raylet_client.cc:336: Error reporting task backlog information: IOError: 
[2022-01-10 14:12:16,632 I 11053 11325] raylet_client.cc:336: Error reporting task backlog information: IOError: 
[2022-01-10 14:12:17,632 I 11053 11325] raylet_client.cc:336: Error reporting task backlog information: IOError: 
[2022-01-10 14:12:18,632 I 11053 11325] raylet_client.cc:336: Error reporting task backlog information: IOError: 
[2022-01-10 14:12:19,632 I 11053 11325] raylet_client.cc:336: Error reporting task backlog information: IOError: 
[2022-01-10 14:12:20,632 I 11053 11325] raylet_client.cc:336: Error reporting task backlog information: IOError: 
[2022-01-10 14:12:21,632 I 11053 11325] raylet_client.cc:336: Error reporting task backlog information: IOError: 
[2022-01-10 14:12:22,632 I 11053 11325] raylet_client.cc:336: Error reporting task backlog information: IOError: 
[2022-01-10 14:12:23,632 I 11053 11325] raylet_client.cc:336: Error reporting task backlog information: IOError: 
[2022-01-10 14:12:24,632 I 11053 11325] raylet_client.cc:336: Error reporting task backlog information: IOError: 
[2022-01-10 14:12:25,104 W 11053 11326] metric_exporter.cc:206: Export metrics to agent failed: IOError: . This won't affect Ray, but you can lose metrics from the cluster.
[2022-01-10 14:12:25,525 E 11053 11202] gcs_server_address_updater.cc:76: Failed to receive the GCS address for 600 times without success. The worker will exit ungracefully. It is because GCS has died. It could be because there was an issue that kills GCS, such as high memory usage triggering OOM killer to kill GCS. Cluster will be highly likely unavailable if you see this log. Please check the log from gcs_server.err.
