[2022-01-10 12:50:50,146 I 21264 21264] core_worker.cc:132: Constructing CoreWorkerProcess. pid: 21264
[2022-01-10 12:50:50,915 I 21264 21264] grpc_server.cc:112: driver server started, listening on port 46103.
[2022-01-10 12:50:50,918 I 21264 21264] core_worker.cc:479: Initializing worker at address: 131.215.21.210:46103, worker ID 01000000ffffffffffffffffffffffffffffffffffffffffffffffff, raylet 6a245bc997470960313dad5e538907b1b0fb5d6fa44b0ec6d1bf8856
[2022-01-10 12:50:51,027 I 21264 21264] io_service_pool.cc:35: IOServicePool is running with 1 io_service.
[2022-01-10 12:50:51,027 I 21264 21786] accessor.cc:560: Received notification for node id = 6a245bc997470960313dad5e538907b1b0fb5d6fa44b0ec6d1bf8856, IsAlive = 1
[2022-01-10 12:51:30,466 E 21890 21264] logging.cc:317: *** SIGTERM received at time=1641847890 on cpu 0 ***
[2022-01-10 12:51:30,468 E 21890 21264] logging.cc:317: PC: @     0x7feb8daeda9d  (unknown)  (unknown)
[2022-01-10 12:51:30,468 E 21876 21264] logging.cc:317: *** SIGTERM received at time=1641847890 on cpu 5 ***
[2022-01-10 12:51:30,468 E 21890 21264] logging.cc:317:     @     0x7febb48533c0  (unknown)  (unknown)
[2022-01-10 12:51:30,468 E 21876 21264] logging.cc:317: PC: @     0x7febb48513f4  (unknown)  do_futex_wait.constprop.0
[2022-01-10 12:51:30,469 E 21820 21264] logging.cc:317: *** SIGTERM received at time=1641847890 on cpu 11 ***
[2022-01-10 12:51:30,469 E 21820 21264] logging.cc:317: PC: @     0x5572539702c6  (unknown)  lookdict_split
[2022-01-10 12:51:30,471 E 21890 21264] logging.cc:317:     @                0x5  (unknown)  (unknown)
[2022-01-10 12:51:30,471 E 21876 21264] logging.cc:317:     @     0x7febb48533c0  (unknown)  (unknown)
[2022-01-10 12:51:30,471 E 21820 21264] logging.cc:317:     @     0x7febb48533c0  1084657216  (unknown)
[2022-01-10 12:51:30,471 E 21869 21264] logging.cc:317: *** SIGTERM received at time=1641847890 on cpu 3 ***
[2022-01-10 12:51:30,472 E 21869 21264] logging.cc:317: PC: @     0x7febb48522cf  (unknown)  write
[2022-01-10 12:51:30,472 E 21897 21264] logging.cc:317: *** SIGTERM received at time=1641847890 on cpu 1 ***
[2022-01-10 12:51:30,472 E 21897 21264] logging.cc:317: PC: @     0x5572539318ae  (unknown)  frame_dealloc
[2022-01-10 12:51:30,473 E 21897 21264] logging.cc:317:     @     0x7febb48533c0  (unknown)  (unknown)
[2022-01-10 12:51:30,474 E 21869 21264] logging.cc:317:     @     0x7febb48533c0  (unknown)  (unknown)
[2022-01-10 12:51:30,474 E 21876 21264] logging.cc:317:     @               0x80  (unknown)  (unknown)
[2022-01-10 12:51:30,475 E 21820 21264] logging.cc:317:     @     0x557253b891a0  (unknown)  (unknown)
[2022-01-10 12:51:30,477 E 21869 21264] logging.cc:317:     @     0x7febb3e2622c  (unknown)  (unknown)
[2022-01-10 12:51:30,480 E 21897 21264] logging.cc:317:     @     0x557253b8edc0  (unknown)  (unknown)
[2022-01-10 12:51:30,486 E 21897 21264] logging.cc:317:     @     0x557253b8ec20  (unknown)  (unknown)
