[2022-01-10 12:50:50,619 I 21451 21451] core_worker.cc:132: Constructing CoreWorkerProcess. pid: 21451
[2022-01-10 12:50:50,683 I 21451 21451] grpc_server.cc:112: worker server started, listening on port 40665.
[2022-01-10 12:50:50,688 I 21451 21451] core_worker.cc:479: Initializing worker at address: 131.215.21.210:40665, worker ID c19e1961026fb91ff5fcfff7e9abbb324cce1501998ccde6697b1f66, raylet 6a245bc997470960313dad5e538907b1b0fb5d6fa44b0ec6d1bf8856
[2022-01-10 12:50:50,797 I 21451 21451] io_service_pool.cc:35: IOServicePool is running with 1 io_service.
[2022-01-10 12:50:50,826 I 21451 21701] accessor.cc:560: Received notification for node id = 6a245bc997470960313dad5e538907b1b0fb5d6fa44b0ec6d1bf8856, IsAlive = 1
[2022-01-10 12:51:30,801 I 21451 21701] raylet_client.cc:336: Error reporting task backlog information: IOError: 
[2022-01-10 12:51:31,801 I 21451 21701] raylet_client.cc:336: Error reporting task backlog information: IOError: 
[2022-01-10 12:51:31,801 W 21451 21581] gcs_server_address_updater.cc:61: [1] Failed to get the gcs server address from raylet 1 times in a row. If it keeps failing to obtain the address, the worker might crash. Connection status IOError: 
[2022-01-10 12:51:32,801 I 21451 21701] raylet_client.cc:336: Error reporting task backlog information: IOError: 
[2022-01-10 12:51:33,801 I 21451 21701] raylet_client.cc:336: Error reporting task backlog information: IOError: 
[2022-01-10 12:51:34,801 I 21451 21701] raylet_client.cc:336: Error reporting task backlog information: IOError: 
[2022-01-10 12:51:35,801 I 21451 21701] raylet_client.cc:336: Error reporting task backlog information: IOError: 
[2022-01-10 12:51:36,802 I 21451 21701] raylet_client.cc:336: Error reporting task backlog information: IOError: 
[2022-01-10 12:51:37,802 I 21451 21701] raylet_client.cc:336: Error reporting task backlog information: IOError: 
[2022-01-10 12:51:38,802 I 21451 21701] raylet_client.cc:336: Error reporting task backlog information: IOError: 
[2022-01-10 12:51:39,802 I 21451 21701] raylet_client.cc:336: Error reporting task backlog information: IOError: 
[2022-01-10 12:51:40,802 I 21451 21701] raylet_client.cc:336: Error reporting task backlog information: IOError: 
[2022-01-10 12:51:40,837 W 21451 21703] metric_exporter.cc:206: Export metrics to agent failed: IOError: . This won't affect Ray, but you can lose metrics from the cluster.
[2022-01-10 12:51:41,802 I 21451 21701] raylet_client.cc:336: Error reporting task backlog information: IOError: 
[2022-01-10 12:51:42,802 I 21451 21701] raylet_client.cc:336: Error reporting task backlog information: IOError: 
[2022-01-10 12:51:43,802 I 21451 21701] raylet_client.cc:336: Error reporting task backlog information: IOError: 
[2022-01-10 12:51:44,802 I 21451 21701] raylet_client.cc:336: Error reporting task backlog information: IOError: 
[2022-01-10 12:51:45,802 I 21451 21701] raylet_client.cc:336: Error reporting task backlog information: IOError: 
[2022-01-10 12:51:46,802 I 21451 21701] raylet_client.cc:336: Error reporting task backlog information: IOError: 
[2022-01-10 12:51:47,802 I 21451 21701] raylet_client.cc:336: Error reporting task backlog information: IOError: 
[2022-01-10 12:51:48,802 I 21451 21701] raylet_client.cc:336: Error reporting task backlog information: IOError: 
[2022-01-10 12:51:49,803 I 21451 21701] raylet_client.cc:336: Error reporting task backlog information: IOError: 
[2022-01-10 12:51:50,803 I 21451 21701] raylet_client.cc:336: Error reporting task backlog information: IOError: 
[2022-01-10 12:51:50,844 W 21451 21703] metric_exporter.cc:206: Export metrics to agent failed: IOError: . This won't affect Ray, but you can lose metrics from the cluster.
[2022-01-10 12:51:51,803 I 21451 21701] raylet_client.cc:336: Error reporting task backlog information: IOError: 
[2022-01-10 12:51:52,803 I 21451 21701] raylet_client.cc:336: Error reporting task backlog information: IOError: 
[2022-01-10 12:51:53,803 I 21451 21701] raylet_client.cc:336: Error reporting task backlog information: IOError: 
[2022-01-10 12:51:54,803 I 21451 21701] raylet_client.cc:336: Error reporting task backlog information: IOError: 
[2022-01-10 12:51:55,803 I 21451 21701] raylet_client.cc:336: Error reporting task backlog information: IOError: 
[2022-01-10 12:51:56,803 I 21451 21701] raylet_client.cc:336: Error reporting task backlog information: IOError: 
[2022-01-10 12:51:57,803 I 21451 21701] raylet_client.cc:336: Error reporting task backlog information: IOError: 
[2022-01-10 12:51:58,803 I 21451 21701] raylet_client.cc:336: Error reporting task backlog information: IOError: 
[2022-01-10 12:51:59,803 I 21451 21701] raylet_client.cc:336: Error reporting task backlog information: IOError: 
[2022-01-10 12:52:00,803 I 21451 21701] raylet_client.cc:336: Error reporting task backlog information: IOError: 
[2022-01-10 12:52:00,851 W 21451 21703] metric_exporter.cc:206: Export metrics to agent failed: IOError: . This won't affect Ray, but you can lose metrics from the cluster.
[2022-01-10 12:52:01,803 I 21451 21701] raylet_client.cc:336: Error reporting task backlog information: IOError: 
[2022-01-10 12:52:02,803 I 21451 21701] raylet_client.cc:336: Error reporting task backlog information: IOError: 
[2022-01-10 12:52:03,804 I 21451 21701] raylet_client.cc:336: Error reporting task backlog information: IOError: 
[2022-01-10 12:52:04,804 I 21451 21701] raylet_client.cc:336: Error reporting task backlog information: IOError: 
[2022-01-10 12:52:05,804 I 21451 21701] raylet_client.cc:336: Error reporting task backlog information: IOError: 
[2022-01-10 12:52:06,804 I 21451 21701] raylet_client.cc:336: Error reporting task backlog information: IOError: 
[2022-01-10 12:52:07,804 I 21451 21701] raylet_client.cc:336: Error reporting task backlog information: IOError: 
[2022-01-10 12:52:08,804 I 21451 21701] raylet_client.cc:336: Error reporting task backlog information: IOError: 
[2022-01-10 12:52:09,804 I 21451 21701] raylet_client.cc:336: Error reporting task backlog information: IOError: 
[2022-01-10 12:52:10,804 I 21451 21701] raylet_client.cc:336: Error reporting task backlog information: IOError: 
[2022-01-10 12:52:10,857 W 21451 21703] metric_exporter.cc:206: Export metrics to agent failed: IOError: . This won't affect Ray, but you can lose metrics from the cluster.
[2022-01-10 12:52:11,804 I 21451 21701] raylet_client.cc:336: Error reporting task backlog information: IOError: 
[2022-01-10 12:52:12,804 I 21451 21701] raylet_client.cc:336: Error reporting task backlog information: IOError: 
[2022-01-10 12:52:13,804 I 21451 21701] raylet_client.cc:336: Error reporting task backlog information: IOError: 
[2022-01-10 12:52:14,804 I 21451 21701] raylet_client.cc:336: Error reporting task backlog information: IOError: 
[2022-01-10 12:52:15,804 I 21451 21701] raylet_client.cc:336: Error reporting task backlog information: IOError: 
[2022-01-10 12:52:16,805 I 21451 21701] raylet_client.cc:336: Error reporting task backlog information: IOError: 
[2022-01-10 12:52:17,805 I 21451 21701] raylet_client.cc:336: Error reporting task backlog information: IOError: 
[2022-01-10 12:52:18,805 I 21451 21701] raylet_client.cc:336: Error reporting task backlog information: IOError: 
[2022-01-10 12:52:19,805 I 21451 21701] raylet_client.cc:336: Error reporting task backlog information: IOError: 
[2022-01-10 12:52:20,805 I 21451 21701] raylet_client.cc:336: Error reporting task backlog information: IOError: 
[2022-01-10 12:52:20,864 W 21451 21703] metric_exporter.cc:206: Export metrics to agent failed: IOError: . This won't affect Ray, but you can lose metrics from the cluster.
[2022-01-10 12:52:21,805 I 21451 21701] raylet_client.cc:336: Error reporting task backlog information: IOError: 
[2022-01-10 12:52:22,805 I 21451 21701] raylet_client.cc:336: Error reporting task backlog information: IOError: 
[2022-01-10 12:52:23,805 I 21451 21701] raylet_client.cc:336: Error reporting task backlog information: IOError: 
[2022-01-10 12:52:24,805 I 21451 21701] raylet_client.cc:336: Error reporting task backlog information: IOError: 
[2022-01-10 12:52:25,805 I 21451 21701] raylet_client.cc:336: Error reporting task backlog information: IOError: 
[2022-01-10 12:52:26,805 I 21451 21701] raylet_client.cc:336: Error reporting task backlog information: IOError: 
[2022-01-10 12:52:27,805 I 21451 21701] raylet_client.cc:336: Error reporting task backlog information: IOError: 
[2022-01-10 12:52:28,805 I 21451 21701] raylet_client.cc:336: Error reporting task backlog information: IOError: 
[2022-01-10 12:52:29,806 I 21451 21701] raylet_client.cc:336: Error reporting task backlog information: IOError: 
[2022-01-10 12:52:30,806 I 21451 21701] raylet_client.cc:336: Error reporting task backlog information: IOError: 
[2022-01-10 12:52:30,871 W 21451 21703] metric_exporter.cc:206: Export metrics to agent failed: IOError: . This won't affect Ray, but you can lose metrics from the cluster.
[2022-01-10 12:52:31,806 I 21451 21701] raylet_client.cc:336: Error reporting task backlog information: IOError: 
[2022-01-10 12:52:32,806 I 21451 21701] raylet_client.cc:336: Error reporting task backlog information: IOError: 
[2022-01-10 12:52:33,806 I 21451 21701] raylet_client.cc:336: Error reporting task backlog information: IOError: 
[2022-01-10 12:52:34,806 I 21451 21701] raylet_client.cc:336: Error reporting task backlog information: IOError: 
[2022-01-10 12:52:35,806 I 21451 21701] raylet_client.cc:336: Error reporting task backlog information: IOError: 
[2022-01-10 12:52:36,806 I 21451 21701] raylet_client.cc:336: Error reporting task backlog information: IOError: 
[2022-01-10 12:52:37,806 I 21451 21701] raylet_client.cc:336: Error reporting task backlog information: IOError: 
[2022-01-10 12:52:38,806 I 21451 21701] raylet_client.cc:336: Error reporting task backlog information: IOError: 
[2022-01-10 12:52:39,806 I 21451 21701] raylet_client.cc:336: Error reporting task backlog information: IOError: 
[2022-01-10 12:52:40,806 I 21451 21701] raylet_client.cc:336: Error reporting task backlog information: IOError: 
[2022-01-10 12:52:40,880 W 21451 21703] metric_exporter.cc:206: Export metrics to agent failed: IOError: . This won't affect Ray, but you can lose metrics from the cluster.
[2022-01-10 12:52:41,806 I 21451 21701] raylet_client.cc:336: Error reporting task backlog information: IOError: 
[2022-01-10 12:52:42,807 I 21451 21701] raylet_client.cc:336: Error reporting task backlog information: IOError: 
[2022-01-10 12:52:43,807 I 21451 21701] raylet_client.cc:336: Error reporting task backlog information: IOError: 
[2022-01-10 12:52:44,807 I 21451 21701] raylet_client.cc:336: Error reporting task backlog information: IOError: 
[2022-01-10 12:52:45,807 I 21451 21701] raylet_client.cc:336: Error reporting task backlog information: IOError: 
[2022-01-10 12:52:46,807 I 21451 21701] raylet_client.cc:336: Error reporting task backlog information: IOError: 
[2022-01-10 12:52:47,807 I 21451 21701] raylet_client.cc:336: Error reporting task backlog information: IOError: 
[2022-01-10 12:52:48,807 I 21451 21701] raylet_client.cc:336: Error reporting task backlog information: IOError: 
[2022-01-10 12:52:49,807 I 21451 21701] raylet_client.cc:336: Error reporting task backlog information: IOError: 
[2022-01-10 12:52:50,807 I 21451 21701] raylet_client.cc:336: Error reporting task backlog information: IOError: 
[2022-01-10 12:52:50,886 W 21451 21703] metric_exporter.cc:206: Export metrics to agent failed: IOError: . This won't affect Ray, but you can lose metrics from the cluster.
[2022-01-10 12:52:51,807 I 21451 21701] raylet_client.cc:336: Error reporting task backlog information: IOError: 
[2022-01-10 12:52:52,807 I 21451 21701] raylet_client.cc:336: Error reporting task backlog information: IOError: 
[2022-01-10 12:52:53,807 I 21451 21701] raylet_client.cc:336: Error reporting task backlog information: IOError: 
[2022-01-10 12:52:54,807 I 21451 21701] raylet_client.cc:336: Error reporting task backlog information: IOError: 
[2022-01-10 12:52:55,808 I 21451 21701] raylet_client.cc:336: Error reporting task backlog information: IOError: 
[2022-01-10 12:52:56,808 I 21451 21701] raylet_client.cc:336: Error reporting task backlog information: IOError: 
[2022-01-10 12:52:57,808 I 21451 21701] raylet_client.cc:336: Error reporting task backlog information: IOError: 
[2022-01-10 12:52:58,808 I 21451 21701] raylet_client.cc:336: Error reporting task backlog information: IOError: 
[2022-01-10 12:52:59,808 I 21451 21701] raylet_client.cc:336: Error reporting task backlog information: IOError: 
[2022-01-10 12:53:00,808 I 21451 21701] raylet_client.cc:336: Error reporting task backlog information: IOError: 
[2022-01-10 12:53:00,893 W 21451 21703] metric_exporter.cc:206: Export metrics to agent failed: IOError: . This won't affect Ray, but you can lose metrics from the cluster.
[2022-01-10 12:53:01,808 I 21451 21701] raylet_client.cc:336: Error reporting task backlog information: IOError: 
[2022-01-10 12:53:02,808 I 21451 21701] raylet_client.cc:336: Error reporting task backlog information: IOError: 
[2022-01-10 12:53:03,808 I 21451 21701] raylet_client.cc:336: Error reporting task backlog information: IOError: 
[2022-01-10 12:53:04,808 I 21451 21701] raylet_client.cc:336: Error reporting task backlog information: IOError: 
[2022-01-10 12:53:05,808 I 21451 21701] raylet_client.cc:336: Error reporting task backlog information: IOError: 
[2022-01-10 12:53:06,808 I 21451 21701] raylet_client.cc:336: Error reporting task backlog information: IOError: 
[2022-01-10 12:53:07,808 I 21451 21701] raylet_client.cc:336: Error reporting task backlog information: IOError: 
[2022-01-10 12:53:08,809 I 21451 21701] raylet_client.cc:336: Error reporting task backlog information: IOError: 
[2022-01-10 12:53:09,809 I 21451 21701] raylet_client.cc:336: Error reporting task backlog information: IOError: 
[2022-01-10 12:53:10,809 I 21451 21701] raylet_client.cc:336: Error reporting task backlog information: IOError: 
[2022-01-10 12:53:10,915 W 21451 21703] metric_exporter.cc:206: Export metrics to agent failed: IOError: . This won't affect Ray, but you can lose metrics from the cluster.
[2022-01-10 12:53:11,809 I 21451 21701] raylet_client.cc:336: Error reporting task backlog information: IOError: 
[2022-01-10 12:53:12,809 I 21451 21701] raylet_client.cc:336: Error reporting task backlog information: IOError: 
[2022-01-10 12:53:13,809 I 21451 21701] raylet_client.cc:336: Error reporting task backlog information: IOError: 
[2022-01-10 12:53:14,809 I 21451 21701] raylet_client.cc:336: Error reporting task backlog information: IOError: 
[2022-01-10 12:53:15,809 I 21451 21701] raylet_client.cc:336: Error reporting task backlog information: IOError: 
[2022-01-10 12:53:16,809 I 21451 21701] raylet_client.cc:336: Error reporting task backlog information: IOError: 
[2022-01-10 12:53:17,809 I 21451 21701] raylet_client.cc:336: Error reporting task backlog information: IOError: 
[2022-01-10 12:53:18,809 I 21451 21701] raylet_client.cc:336: Error reporting task backlog information: IOError: 
[2022-01-10 12:53:19,810 I 21451 21701] raylet_client.cc:336: Error reporting task backlog information: IOError: 
[2022-01-10 12:53:20,810 I 21451 21701] raylet_client.cc:336: Error reporting task backlog information: IOError: 
[2022-01-10 12:53:20,923 W 21451 21703] metric_exporter.cc:206: Export metrics to agent failed: IOError: . This won't affect Ray, but you can lose metrics from the cluster.
[2022-01-10 12:53:21,810 I 21451 21701] raylet_client.cc:336: Error reporting task backlog information: IOError: 
[2022-01-10 12:53:22,810 I 21451 21701] raylet_client.cc:336: Error reporting task backlog information: IOError: 
[2022-01-10 12:53:23,810 I 21451 21701] raylet_client.cc:336: Error reporting task backlog information: IOError: 
[2022-01-10 12:53:24,810 I 21451 21701] raylet_client.cc:336: Error reporting task backlog information: IOError: 
[2022-01-10 12:53:25,810 I 21451 21701] raylet_client.cc:336: Error reporting task backlog information: IOError: 
[2022-01-10 12:53:26,811 I 21451 21701] raylet_client.cc:336: Error reporting task backlog information: IOError: 
[2022-01-10 12:53:27,811 I 21451 21701] raylet_client.cc:336: Error reporting task backlog information: IOError: 
[2022-01-10 12:53:28,811 I 21451 21701] raylet_client.cc:336: Error reporting task backlog information: IOError: 
[2022-01-10 12:53:29,811 I 21451 21701] raylet_client.cc:336: Error reporting task backlog information: IOError: 
[2022-01-10 12:53:30,811 I 21451 21701] raylet_client.cc:336: Error reporting task backlog information: IOError: 
[2022-01-10 12:53:30,930 W 21451 21703] metric_exporter.cc:206: Export metrics to agent failed: IOError: . This won't affect Ray, but you can lose metrics from the cluster.
[2022-01-10 12:53:31,811 I 21451 21701] raylet_client.cc:336: Error reporting task backlog information: IOError: 
[2022-01-10 12:53:32,811 I 21451 21701] raylet_client.cc:336: Error reporting task backlog information: IOError: 
[2022-01-10 12:53:33,811 I 21451 21701] raylet_client.cc:336: Error reporting task backlog information: IOError: 
[2022-01-10 12:53:34,811 I 21451 21701] raylet_client.cc:336: Error reporting task backlog information: IOError: 
[2022-01-10 12:53:35,811 I 21451 21701] raylet_client.cc:336: Error reporting task backlog information: IOError: 
[2022-01-10 12:53:36,811 I 21451 21701] raylet_client.cc:336: Error reporting task backlog information: IOError: 
[2022-01-10 12:53:37,811 I 21451 21701] raylet_client.cc:336: Error reporting task backlog information: IOError: 
[2022-01-10 12:53:38,812 I 21451 21701] raylet_client.cc:336: Error reporting task backlog information: IOError: 
[2022-01-10 12:53:39,812 I 21451 21701] raylet_client.cc:336: Error reporting task backlog information: IOError: 
[2022-01-10 12:53:40,812 I 21451 21701] raylet_client.cc:336: Error reporting task backlog information: IOError: 
[2022-01-10 12:53:40,937 W 21451 21703] metric_exporter.cc:206: Export metrics to agent failed: IOError: . This won't affect Ray, but you can lose metrics from the cluster.
[2022-01-10 12:53:41,812 I 21451 21701] raylet_client.cc:336: Error reporting task backlog information: IOError: 
[2022-01-10 12:53:42,812 I 21451 21701] raylet_client.cc:336: Error reporting task backlog information: IOError: 
[2022-01-10 12:53:43,812 I 21451 21701] raylet_client.cc:336: Error reporting task backlog information: IOError: 
[2022-01-10 12:53:44,812 I 21451 21701] raylet_client.cc:336: Error reporting task backlog information: IOError: 
[2022-01-10 12:53:45,812 I 21451 21701] raylet_client.cc:336: Error reporting task backlog information: IOError: 
[2022-01-10 12:53:46,812 I 21451 21701] raylet_client.cc:336: Error reporting task backlog information: IOError: 
[2022-01-10 12:53:47,812 I 21451 21701] raylet_client.cc:336: Error reporting task backlog information: IOError: 
[2022-01-10 12:53:48,812 I 21451 21701] raylet_client.cc:336: Error reporting task backlog information: IOError: 
[2022-01-10 12:53:49,812 I 21451 21701] raylet_client.cc:336: Error reporting task backlog information: IOError: 
[2022-01-10 12:53:50,813 I 21451 21701] raylet_client.cc:336: Error reporting task backlog information: IOError: 
[2022-01-10 12:53:50,945 W 21451 21703] metric_exporter.cc:206: Export metrics to agent failed: IOError: . This won't affect Ray, but you can lose metrics from the cluster.
[2022-01-10 12:53:51,813 I 21451 21701] raylet_client.cc:336: Error reporting task backlog information: IOError: 
[2022-01-10 12:53:52,813 I 21451 21701] raylet_client.cc:336: Error reporting task backlog information: IOError: 
[2022-01-10 12:53:53,813 I 21451 21701] raylet_client.cc:336: Error reporting task backlog information: IOError: 
[2022-01-10 12:53:54,813 I 21451 21701] raylet_client.cc:336: Error reporting task backlog information: IOError: 
[2022-01-10 12:53:55,813 I 21451 21701] raylet_client.cc:336: Error reporting task backlog information: IOError: 
[2022-01-10 12:53:56,813 I 21451 21701] raylet_client.cc:336: Error reporting task backlog information: IOError: 
[2022-01-10 12:53:57,813 I 21451 21701] raylet_client.cc:336: Error reporting task backlog information: IOError: 
[2022-01-10 12:53:58,813 I 21451 21701] raylet_client.cc:336: Error reporting task backlog information: IOError: 
[2022-01-10 12:53:59,813 I 21451 21701] raylet_client.cc:336: Error reporting task backlog information: IOError: 
[2022-01-10 12:54:00,813 I 21451 21701] raylet_client.cc:336: Error reporting task backlog information: IOError: 
[2022-01-10 12:54:00,953 W 21451 21703] metric_exporter.cc:206: Export metrics to agent failed: IOError: . This won't affect Ray, but you can lose metrics from the cluster.
[2022-01-10 12:54:01,813 I 21451 21701] raylet_client.cc:336: Error reporting task backlog information: IOError: 
[2022-01-10 12:54:02,814 I 21451 21701] raylet_client.cc:336: Error reporting task backlog information: IOError: 
[2022-01-10 12:54:03,814 I 21451 21701] raylet_client.cc:336: Error reporting task backlog information: IOError: 
[2022-01-10 12:54:04,814 I 21451 21701] raylet_client.cc:336: Error reporting task backlog information: IOError: 
[2022-01-10 12:54:05,814 I 21451 21701] raylet_client.cc:336: Error reporting task backlog information: IOError: 
[2022-01-10 12:54:06,814 I 21451 21701] raylet_client.cc:336: Error reporting task backlog information: IOError: 
[2022-01-10 12:54:07,814 I 21451 21701] raylet_client.cc:336: Error reporting task backlog information: IOError: 
[2022-01-10 12:54:08,814 I 21451 21701] raylet_client.cc:336: Error reporting task backlog information: IOError: 
[2022-01-10 12:54:09,814 I 21451 21701] raylet_client.cc:336: Error reporting task backlog information: IOError: 
[2022-01-10 12:54:10,814 I 21451 21701] raylet_client.cc:336: Error reporting task backlog information: IOError: 
[2022-01-10 12:54:10,960 W 21451 21703] metric_exporter.cc:206: Export metrics to agent failed: IOError: . This won't affect Ray, but you can lose metrics from the cluster.
[2022-01-10 12:54:11,814 I 21451 21701] raylet_client.cc:336: Error reporting task backlog information: IOError: 
[2022-01-10 12:54:12,814 I 21451 21701] raylet_client.cc:336: Error reporting task backlog information: IOError: 
[2022-01-10 12:54:13,814 I 21451 21701] raylet_client.cc:336: Error reporting task backlog information: IOError: 
[2022-01-10 12:54:14,815 I 21451 21701] raylet_client.cc:336: Error reporting task backlog information: IOError: 
[2022-01-10 12:54:15,815 I 21451 21701] raylet_client.cc:336: Error reporting task backlog information: IOError: 
[2022-01-10 12:54:16,818 I 21451 21701] raylet_client.cc:336: Error reporting task backlog information: IOError: 
[2022-01-10 12:54:17,815 I 21451 21701] raylet_client.cc:336: Error reporting task backlog information: IOError: 
[2022-01-10 12:54:18,815 I 21451 21701] raylet_client.cc:336: Error reporting task backlog information: IOError: 
[2022-01-10 12:54:19,815 I 21451 21701] raylet_client.cc:336: Error reporting task backlog information: IOError: 
[2022-01-10 12:54:20,815 I 21451 21701] raylet_client.cc:336: Error reporting task backlog information: IOError: 
[2022-01-10 12:54:20,972 W 21451 21703] metric_exporter.cc:206: Export metrics to agent failed: IOError: . This won't affect Ray, but you can lose metrics from the cluster.
[2022-01-10 12:54:21,815 I 21451 21701] raylet_client.cc:336: Error reporting task backlog information: IOError: 
[2022-01-10 12:54:22,816 I 21451 21701] raylet_client.cc:336: Error reporting task backlog information: IOError: 
[2022-01-10 12:54:23,816 I 21451 21701] raylet_client.cc:336: Error reporting task backlog information: IOError: 
[2022-01-10 12:54:24,816 I 21451 21701] raylet_client.cc:336: Error reporting task backlog information: IOError: 
[2022-01-10 12:54:25,816 I 21451 21701] raylet_client.cc:336: Error reporting task backlog information: IOError: 
[2022-01-10 12:54:26,816 I 21451 21701] raylet_client.cc:336: Error reporting task backlog information: IOError: 
[2022-01-10 12:54:27,816 I 21451 21701] raylet_client.cc:336: Error reporting task backlog information: IOError: 
[2022-01-10 12:54:28,816 I 21451 21701] raylet_client.cc:336: Error reporting task backlog information: IOError: 
[2022-01-10 12:54:29,816 I 21451 21701] raylet_client.cc:336: Error reporting task backlog information: IOError: 
[2022-01-10 12:54:30,816 I 21451 21701] raylet_client.cc:336: Error reporting task backlog information: IOError: 
[2022-01-10 12:54:30,984 W 21451 21703] metric_exporter.cc:206: Export metrics to agent failed: IOError: . This won't affect Ray, but you can lose metrics from the cluster.
[2022-01-10 12:54:31,816 I 21451 21701] raylet_client.cc:336: Error reporting task backlog information: IOError: 
[2022-01-10 12:54:32,816 I 21451 21701] raylet_client.cc:336: Error reporting task backlog information: IOError: 
[2022-01-10 12:54:33,816 I 21451 21701] raylet_client.cc:336: Error reporting task backlog information: IOError: 
[2022-01-10 12:54:34,816 I 21451 21701] raylet_client.cc:336: Error reporting task backlog information: IOError: 
[2022-01-10 12:54:35,817 I 21451 21701] raylet_client.cc:336: Error reporting task backlog information: IOError: 
[2022-01-10 12:54:36,817 I 21451 21701] raylet_client.cc:336: Error reporting task backlog information: IOError: 
[2022-01-10 12:54:37,817 I 21451 21701] raylet_client.cc:336: Error reporting task backlog information: IOError: 
[2022-01-10 12:54:38,817 I 21451 21701] raylet_client.cc:336: Error reporting task backlog information: IOError: 
[2022-01-10 12:54:39,817 I 21451 21701] raylet_client.cc:336: Error reporting task backlog information: IOError: 
[2022-01-10 12:54:40,817 I 21451 21701] raylet_client.cc:336: Error reporting task backlog information: IOError: 
[2022-01-10 12:54:40,991 W 21451 21703] metric_exporter.cc:206: Export metrics to agent failed: IOError: . This won't affect Ray, but you can lose metrics from the cluster.
[2022-01-10 12:54:41,817 I 21451 21701] raylet_client.cc:336: Error reporting task backlog information: IOError: 
[2022-01-10 12:54:42,817 I 21451 21701] raylet_client.cc:336: Error reporting task backlog information: IOError: 
[2022-01-10 12:54:43,817 I 21451 21701] raylet_client.cc:336: Error reporting task backlog information: IOError: 
[2022-01-10 12:54:44,817 I 21451 21701] raylet_client.cc:336: Error reporting task backlog information: IOError: 
[2022-01-10 12:54:45,817 I 21451 21701] raylet_client.cc:336: Error reporting task backlog information: IOError: 
[2022-01-10 12:54:46,817 I 21451 21701] raylet_client.cc:336: Error reporting task backlog information: IOError: 
[2022-01-10 12:54:47,817 I 21451 21701] raylet_client.cc:336: Error reporting task backlog information: IOError: 
[2022-01-10 12:54:48,818 I 21451 21701] raylet_client.cc:336: Error reporting task backlog information: IOError: 
[2022-01-10 12:54:49,818 I 21451 21701] raylet_client.cc:336: Error reporting task backlog information: IOError: 
[2022-01-10 12:54:50,818 I 21451 21701] raylet_client.cc:336: Error reporting task backlog information: IOError: 
[2022-01-10 12:54:50,998 W 21451 21703] metric_exporter.cc:206: Export metrics to agent failed: IOError: . This won't affect Ray, but you can lose metrics from the cluster.
[2022-01-10 12:54:51,818 I 21451 21701] raylet_client.cc:336: Error reporting task backlog information: IOError: 
[2022-01-10 12:54:52,818 I 21451 21701] raylet_client.cc:336: Error reporting task backlog information: IOError: 
[2022-01-10 12:54:53,818 I 21451 21701] raylet_client.cc:336: Error reporting task backlog information: IOError: 
[2022-01-10 12:54:54,819 I 21451 21701] raylet_client.cc:336: Error reporting task backlog information: IOError: 
[2022-01-10 12:54:55,819 I 21451 21701] raylet_client.cc:336: Error reporting task backlog information: IOError: 
[2022-01-10 12:54:56,819 I 21451 21701] raylet_client.cc:336: Error reporting task backlog information: IOError: 
[2022-01-10 12:54:57,819 I 21451 21701] raylet_client.cc:336: Error reporting task backlog information: IOError: 
[2022-01-10 12:54:58,819 I 21451 21701] raylet_client.cc:336: Error reporting task backlog information: IOError: 
[2022-01-10 12:54:59,819 I 21451 21701] raylet_client.cc:336: Error reporting task backlog information: IOError: 
[2022-01-10 12:55:00,819 I 21451 21701] raylet_client.cc:336: Error reporting task backlog information: IOError: 
[2022-01-10 12:55:01,005 W 21451 21703] metric_exporter.cc:206: Export metrics to agent failed: IOError: . This won't affect Ray, but you can lose metrics from the cluster.
[2022-01-10 12:55:01,819 I 21451 21701] raylet_client.cc:336: Error reporting task backlog information: IOError: 
[2022-01-10 12:55:02,819 I 21451 21701] raylet_client.cc:336: Error reporting task backlog information: IOError: 
[2022-01-10 12:55:03,819 I 21451 21701] raylet_client.cc:336: Error reporting task backlog information: IOError: 
[2022-01-10 12:55:04,819 I 21451 21701] raylet_client.cc:336: Error reporting task backlog information: IOError: 
[2022-01-10 12:55:05,819 I 21451 21701] raylet_client.cc:336: Error reporting task backlog information: IOError: 
[2022-01-10 12:55:06,820 I 21451 21701] raylet_client.cc:336: Error reporting task backlog information: IOError: 
[2022-01-10 12:55:07,820 I 21451 21701] raylet_client.cc:336: Error reporting task backlog information: IOError: 
[2022-01-10 12:55:08,820 I 21451 21701] raylet_client.cc:336: Error reporting task backlog information: IOError: 
[2022-01-10 12:55:09,820 I 21451 21701] raylet_client.cc:336: Error reporting task backlog information: IOError: 
[2022-01-10 12:55:10,820 I 21451 21701] raylet_client.cc:336: Error reporting task backlog information: IOError: 
[2022-01-10 12:55:11,012 W 21451 21703] metric_exporter.cc:206: Export metrics to agent failed: IOError: . This won't affect Ray, but you can lose metrics from the cluster.
[2022-01-10 12:55:11,820 I 21451 21701] raylet_client.cc:336: Error reporting task backlog information: IOError: 
[2022-01-10 12:55:12,820 I 21451 21701] raylet_client.cc:336: Error reporting task backlog information: IOError: 
[2022-01-10 12:55:13,820 I 21451 21701] raylet_client.cc:336: Error reporting task backlog information: IOError: 
[2022-01-10 12:55:14,820 I 21451 21701] raylet_client.cc:336: Error reporting task backlog information: IOError: 
[2022-01-10 12:55:15,820 I 21451 21701] raylet_client.cc:336: Error reporting task backlog information: IOError: 
[2022-01-10 12:55:16,821 I 21451 21701] raylet_client.cc:336: Error reporting task backlog information: IOError: 
[2022-01-10 12:55:17,821 I 21451 21701] raylet_client.cc:336: Error reporting task backlog information: IOError: 
[2022-01-10 12:55:18,821 I 21451 21701] raylet_client.cc:336: Error reporting task backlog information: IOError: 
[2022-01-10 12:55:19,821 I 21451 21701] raylet_client.cc:336: Error reporting task backlog information: IOError: 
[2022-01-10 12:55:20,821 I 21451 21701] raylet_client.cc:336: Error reporting task backlog information: IOError: 
[2022-01-10 12:55:21,023 W 21451 21703] metric_exporter.cc:206: Export metrics to agent failed: IOError: . This won't affect Ray, but you can lose metrics from the cluster.
[2022-01-10 12:55:21,821 I 21451 21701] raylet_client.cc:336: Error reporting task backlog information: IOError: 
[2022-01-10 12:55:22,821 I 21451 21701] raylet_client.cc:336: Error reporting task backlog information: IOError: 
[2022-01-10 12:55:23,821 I 21451 21701] raylet_client.cc:336: Error reporting task backlog information: IOError: 
[2022-01-10 12:55:24,822 I 21451 21701] raylet_client.cc:336: Error reporting task backlog information: IOError: 
[2022-01-10 12:55:25,822 I 21451 21701] raylet_client.cc:336: Error reporting task backlog information: IOError: 
[2022-01-10 12:55:26,822 I 21451 21701] raylet_client.cc:336: Error reporting task backlog information: IOError: 
[2022-01-10 12:55:27,822 I 21451 21701] raylet_client.cc:336: Error reporting task backlog information: IOError: 
[2022-01-10 12:55:28,822 I 21451 21701] raylet_client.cc:336: Error reporting task backlog information: IOError: 
[2022-01-10 12:55:29,822 I 21451 21701] raylet_client.cc:336: Error reporting task backlog information: IOError: 
[2022-01-10 12:55:30,822 I 21451 21701] raylet_client.cc:336: Error reporting task backlog information: IOError: 
[2022-01-10 12:55:31,030 W 21451 21703] metric_exporter.cc:206: Export metrics to agent failed: IOError: . This won't affect Ray, but you can lose metrics from the cluster.
[2022-01-10 12:55:31,822 I 21451 21701] raylet_client.cc:336: Error reporting task backlog information: IOError: 
[2022-01-10 12:55:32,823 I 21451 21701] raylet_client.cc:336: Error reporting task backlog information: IOError: 
[2022-01-10 12:55:33,823 I 21451 21701] raylet_client.cc:336: Error reporting task backlog information: IOError: 
[2022-01-10 12:55:34,823 I 21451 21701] raylet_client.cc:336: Error reporting task backlog information: IOError: 
[2022-01-10 12:55:35,823 I 21451 21701] raylet_client.cc:336: Error reporting task backlog information: IOError: 
[2022-01-10 12:55:36,823 I 21451 21701] raylet_client.cc:336: Error reporting task backlog information: IOError: 
[2022-01-10 12:55:37,823 I 21451 21701] raylet_client.cc:336: Error reporting task backlog information: IOError: 
[2022-01-10 12:55:38,823 I 21451 21701] raylet_client.cc:336: Error reporting task backlog information: IOError: 
[2022-01-10 12:55:39,824 I 21451 21701] raylet_client.cc:336: Error reporting task backlog information: IOError: 
[2022-01-10 12:55:40,824 I 21451 21701] raylet_client.cc:336: Error reporting task backlog information: IOError: 
[2022-01-10 12:55:41,038 W 21451 21703] metric_exporter.cc:206: Export metrics to agent failed: IOError: . This won't affect Ray, but you can lose metrics from the cluster.
[2022-01-10 12:55:41,824 I 21451 21701] raylet_client.cc:336: Error reporting task backlog information: IOError: 
[2022-01-10 12:55:42,824 I 21451 21701] raylet_client.cc:336: Error reporting task backlog information: IOError: 
[2022-01-10 12:55:43,824 I 21451 21701] raylet_client.cc:336: Error reporting task backlog information: IOError: 
[2022-01-10 12:55:44,824 I 21451 21701] raylet_client.cc:336: Error reporting task backlog information: IOError: 
[2022-01-10 12:55:45,824 I 21451 21701] raylet_client.cc:336: Error reporting task backlog information: IOError: 
[2022-01-10 12:55:46,824 I 21451 21701] raylet_client.cc:336: Error reporting task backlog information: IOError: 
[2022-01-10 12:55:47,824 I 21451 21701] raylet_client.cc:336: Error reporting task backlog information: IOError: 
[2022-01-10 12:55:48,824 I 21451 21701] raylet_client.cc:336: Error reporting task backlog information: IOError: 
[2022-01-10 12:55:49,824 I 21451 21701] raylet_client.cc:336: Error reporting task backlog information: IOError: 
[2022-01-10 12:55:50,824 I 21451 21701] raylet_client.cc:336: Error reporting task backlog information: IOError: 
[2022-01-10 12:55:51,050 W 21451 21703] metric_exporter.cc:206: Export metrics to agent failed: IOError: . This won't affect Ray, but you can lose metrics from the cluster.
[2022-01-10 12:55:51,824 I 21451 21701] raylet_client.cc:336: Error reporting task backlog information: IOError: 
[2022-01-10 12:55:52,824 I 21451 21701] raylet_client.cc:336: Error reporting task backlog information: IOError: 
[2022-01-10 12:55:53,825 I 21451 21701] raylet_client.cc:336: Error reporting task backlog information: IOError: 
[2022-01-10 12:55:54,825 I 21451 21701] raylet_client.cc:336: Error reporting task backlog information: IOError: 
[2022-01-10 12:55:55,825 I 21451 21701] raylet_client.cc:336: Error reporting task backlog information: IOError: 
[2022-01-10 12:55:56,825 I 21451 21701] raylet_client.cc:336: Error reporting task backlog information: IOError: 
[2022-01-10 12:55:57,825 I 21451 21701] raylet_client.cc:336: Error reporting task backlog information: IOError: 
[2022-01-10 12:55:58,825 I 21451 21701] raylet_client.cc:336: Error reporting task backlog information: IOError: 
[2022-01-10 12:55:59,825 I 21451 21701] raylet_client.cc:336: Error reporting task backlog information: IOError: 
[2022-01-10 12:56:00,825 I 21451 21701] raylet_client.cc:336: Error reporting task backlog information: IOError: 
[2022-01-10 12:56:01,057 W 21451 21703] metric_exporter.cc:206: Export metrics to agent failed: IOError: . This won't affect Ray, but you can lose metrics from the cluster.
[2022-01-10 12:56:01,825 I 21451 21701] raylet_client.cc:336: Error reporting task backlog information: IOError: 
[2022-01-10 12:56:02,825 I 21451 21701] raylet_client.cc:336: Error reporting task backlog information: IOError: 
[2022-01-10 12:56:03,825 I 21451 21701] raylet_client.cc:336: Error reporting task backlog information: IOError: 
[2022-01-10 12:56:04,825 I 21451 21701] raylet_client.cc:336: Error reporting task backlog information: IOError: 
[2022-01-10 12:56:05,826 I 21451 21701] raylet_client.cc:336: Error reporting task backlog information: IOError: 
[2022-01-10 12:56:06,826 I 21451 21701] raylet_client.cc:336: Error reporting task backlog information: IOError: 
[2022-01-10 12:56:07,826 I 21451 21701] raylet_client.cc:336: Error reporting task backlog information: IOError: 
[2022-01-10 12:56:08,826 I 21451 21701] raylet_client.cc:336: Error reporting task backlog information: IOError: 
[2022-01-10 12:56:09,826 I 21451 21701] raylet_client.cc:336: Error reporting task backlog information: IOError: 
[2022-01-10 12:56:10,826 I 21451 21701] raylet_client.cc:336: Error reporting task backlog information: IOError: 
[2022-01-10 12:56:11,064 W 21451 21703] metric_exporter.cc:206: Export metrics to agent failed: IOError: . This won't affect Ray, but you can lose metrics from the cluster.
[2022-01-10 12:56:11,826 I 21451 21701] raylet_client.cc:336: Error reporting task backlog information: IOError: 
[2022-01-10 12:56:12,826 I 21451 21701] raylet_client.cc:336: Error reporting task backlog information: IOError: 
[2022-01-10 12:56:13,826 I 21451 21701] raylet_client.cc:336: Error reporting task backlog information: IOError: 
[2022-01-10 12:56:14,826 I 21451 21701] raylet_client.cc:336: Error reporting task backlog information: IOError: 
[2022-01-10 12:56:15,826 I 21451 21701] raylet_client.cc:336: Error reporting task backlog information: IOError: 
[2022-01-10 12:56:16,826 I 21451 21701] raylet_client.cc:336: Error reporting task backlog information: IOError: 
[2022-01-10 12:56:17,826 I 21451 21701] raylet_client.cc:336: Error reporting task backlog information: IOError: 
[2022-01-10 12:56:18,827 I 21451 21701] raylet_client.cc:336: Error reporting task backlog information: IOError: 
[2022-01-10 12:56:19,827 I 21451 21701] raylet_client.cc:336: Error reporting task backlog information: IOError: 
[2022-01-10 12:56:20,827 I 21451 21701] raylet_client.cc:336: Error reporting task backlog information: IOError: 
[2022-01-10 12:56:21,072 W 21451 21703] metric_exporter.cc:206: Export metrics to agent failed: IOError: . This won't affect Ray, but you can lose metrics from the cluster.
[2022-01-10 12:56:21,827 I 21451 21701] raylet_client.cc:336: Error reporting task backlog information: IOError: 
[2022-01-10 12:56:22,827 I 21451 21701] raylet_client.cc:336: Error reporting task backlog information: IOError: 
[2022-01-10 12:56:23,827 I 21451 21701] raylet_client.cc:336: Error reporting task backlog information: IOError: 
[2022-01-10 12:56:24,827 I 21451 21701] raylet_client.cc:336: Error reporting task backlog information: IOError: 
[2022-01-10 12:56:25,827 I 21451 21701] raylet_client.cc:336: Error reporting task backlog information: IOError: 
[2022-01-10 12:56:26,827 I 21451 21701] raylet_client.cc:336: Error reporting task backlog information: IOError: 
[2022-01-10 12:56:27,827 I 21451 21701] raylet_client.cc:336: Error reporting task backlog information: IOError: 
[2022-01-10 12:56:28,827 I 21451 21701] raylet_client.cc:336: Error reporting task backlog information: IOError: 
[2022-01-10 12:56:29,827 I 21451 21701] raylet_client.cc:336: Error reporting task backlog information: IOError: 
[2022-01-10 12:56:30,828 I 21451 21701] raylet_client.cc:336: Error reporting task backlog information: IOError: 
[2022-01-10 12:56:31,079 W 21451 21703] metric_exporter.cc:206: Export metrics to agent failed: IOError: . This won't affect Ray, but you can lose metrics from the cluster.
[2022-01-10 12:56:31,723 W 21451 21581] gcs_server_address_updater.cc:61: [301] Failed to get the gcs server address from raylet 301 times in a row. If it keeps failing to obtain the address, the worker might crash. Connection status IOError: 
[2022-01-10 12:56:31,828 I 21451 21701] raylet_client.cc:336: Error reporting task backlog information: IOError: 
[2022-01-10 12:56:32,828 I 21451 21701] raylet_client.cc:336: Error reporting task backlog information: IOError: 
[2022-01-10 12:56:33,828 I 21451 21701] raylet_client.cc:336: Error reporting task backlog information: IOError: 
[2022-01-10 12:56:34,828 I 21451 21701] raylet_client.cc:336: Error reporting task backlog information: IOError: 
[2022-01-10 12:56:35,828 I 21451 21701] raylet_client.cc:336: Error reporting task backlog information: IOError: 
[2022-01-10 12:56:36,828 I 21451 21701] raylet_client.cc:336: Error reporting task backlog information: IOError: 
[2022-01-10 12:56:37,828 I 21451 21701] raylet_client.cc:336: Error reporting task backlog information: IOError: 
[2022-01-10 12:56:38,828 I 21451 21701] raylet_client.cc:336: Error reporting task backlog information: IOError: 
[2022-01-10 12:56:39,828 I 21451 21701] raylet_client.cc:336: Error reporting task backlog information: IOError: 
[2022-01-10 12:56:40,828 I 21451 21701] raylet_client.cc:336: Error reporting task backlog information: IOError: 
[2022-01-10 12:56:41,086 W 21451 21703] metric_exporter.cc:206: Export metrics to agent failed: IOError: . This won't affect Ray, but you can lose metrics from the cluster.
[2022-01-10 12:56:41,828 I 21451 21701] raylet_client.cc:336: Error reporting task backlog information: IOError: 
[2022-01-10 12:56:42,828 I 21451 21701] raylet_client.cc:336: Error reporting task backlog information: IOError: 
[2022-01-10 12:56:43,828 I 21451 21701] raylet_client.cc:336: Error reporting task backlog information: IOError: 
[2022-01-10 12:56:44,828 I 21451 21701] raylet_client.cc:336: Error reporting task backlog information: IOError: 
[2022-01-10 12:56:45,829 I 21451 21701] raylet_client.cc:336: Error reporting task backlog information: IOError: 
[2022-01-10 12:56:46,829 I 21451 21701] raylet_client.cc:336: Error reporting task backlog information: IOError: 
[2022-01-10 12:56:47,829 I 21451 21701] raylet_client.cc:336: Error reporting task backlog information: IOError: 
[2022-01-10 12:56:48,829 I 21451 21701] raylet_client.cc:336: Error reporting task backlog information: IOError: 
[2022-01-10 12:56:49,829 I 21451 21701] raylet_client.cc:336: Error reporting task backlog information: IOError: 
[2022-01-10 12:56:50,829 I 21451 21701] raylet_client.cc:336: Error reporting task backlog information: IOError: 
[2022-01-10 12:56:51,095 W 21451 21703] metric_exporter.cc:206: Export metrics to agent failed: IOError: . This won't affect Ray, but you can lose metrics from the cluster.
[2022-01-10 12:56:51,829 I 21451 21701] raylet_client.cc:336: Error reporting task backlog information: IOError: 
[2022-01-10 12:56:52,829 I 21451 21701] raylet_client.cc:336: Error reporting task backlog information: IOError: 
[2022-01-10 12:56:53,829 I 21451 21701] raylet_client.cc:336: Error reporting task backlog information: IOError: 
[2022-01-10 12:56:54,829 I 21451 21701] raylet_client.cc:336: Error reporting task backlog information: IOError: 
[2022-01-10 12:56:55,829 I 21451 21701] raylet_client.cc:336: Error reporting task backlog information: IOError: 
[2022-01-10 12:56:56,829 I 21451 21701] raylet_client.cc:336: Error reporting task backlog information: IOError: 
[2022-01-10 12:56:57,830 I 21451 21701] raylet_client.cc:336: Error reporting task backlog information: IOError: 
[2022-01-10 12:56:58,830 I 21451 21701] raylet_client.cc:336: Error reporting task backlog information: IOError: 
[2022-01-10 12:56:59,830 I 21451 21701] raylet_client.cc:336: Error reporting task backlog information: IOError: 
[2022-01-10 12:57:00,830 I 21451 21701] raylet_client.cc:336: Error reporting task backlog information: IOError: 
[2022-01-10 12:57:01,109 W 21451 21703] metric_exporter.cc:206: Export metrics to agent failed: IOError: . This won't affect Ray, but you can lose metrics from the cluster.
[2022-01-10 12:57:01,830 I 21451 21701] raylet_client.cc:336: Error reporting task backlog information: IOError: 
[2022-01-10 12:57:02,830 I 21451 21701] raylet_client.cc:336: Error reporting task backlog information: IOError: 
[2022-01-10 12:57:03,830 I 21451 21701] raylet_client.cc:336: Error reporting task backlog information: IOError: 
[2022-01-10 12:57:04,830 I 21451 21701] raylet_client.cc:336: Error reporting task backlog information: IOError: 
[2022-01-10 12:57:05,830 I 21451 21701] raylet_client.cc:336: Error reporting task backlog information: IOError: 
[2022-01-10 12:57:06,830 I 21451 21701] raylet_client.cc:336: Error reporting task backlog information: IOError: 
[2022-01-10 12:57:07,833 I 21451 21701] raylet_client.cc:336: Error reporting task backlog information: IOError: 
[2022-01-10 12:57:08,833 I 21451 21701] raylet_client.cc:336: Error reporting task backlog information: IOError: 
[2022-01-10 12:57:09,833 I 21451 21701] raylet_client.cc:336: Error reporting task backlog information: IOError: 
[2022-01-10 12:57:10,833 I 21451 21701] raylet_client.cc:336: Error reporting task backlog information: IOError: 
[2022-01-10 12:57:11,115 W 21451 21703] metric_exporter.cc:206: Export metrics to agent failed: IOError: . This won't affect Ray, but you can lose metrics from the cluster.
[2022-01-10 12:57:11,834 I 21451 21701] raylet_client.cc:336: Error reporting task backlog information: IOError: 
[2022-01-10 12:57:12,833 I 21451 21701] raylet_client.cc:336: Error reporting task backlog information: IOError: 
[2022-01-10 12:57:13,834 I 21451 21701] raylet_client.cc:336: Error reporting task backlog information: IOError: 
[2022-01-10 12:57:14,834 I 21451 21701] raylet_client.cc:336: Error reporting task backlog information: IOError: 
[2022-01-10 12:57:15,834 I 21451 21701] raylet_client.cc:336: Error reporting task backlog information: IOError: 
[2022-01-10 12:57:16,834 I 21451 21701] raylet_client.cc:336: Error reporting task backlog information: IOError: 
[2022-01-10 12:57:17,834 I 21451 21701] raylet_client.cc:336: Error reporting task backlog information: IOError: 
[2022-01-10 12:57:18,834 I 21451 21701] raylet_client.cc:336: Error reporting task backlog information: IOError: 
[2022-01-10 12:57:19,834 I 21451 21701] raylet_client.cc:336: Error reporting task backlog information: IOError: 
[2022-01-10 12:57:20,834 I 21451 21701] raylet_client.cc:336: Error reporting task backlog information: IOError: 
[2022-01-10 12:57:21,123 W 21451 21703] metric_exporter.cc:206: Export metrics to agent failed: IOError: . This won't affect Ray, but you can lose metrics from the cluster.
[2022-01-10 12:57:21,834 I 21451 21701] raylet_client.cc:336: Error reporting task backlog information: IOError: 
[2022-01-10 12:57:22,834 I 21451 21701] raylet_client.cc:336: Error reporting task backlog information: IOError: 
[2022-01-10 12:57:23,834 I 21451 21701] raylet_client.cc:336: Error reporting task backlog information: IOError: 
[2022-01-10 12:57:24,835 I 21451 21701] raylet_client.cc:336: Error reporting task backlog information: IOError: 
[2022-01-10 12:57:25,835 I 21451 21701] raylet_client.cc:336: Error reporting task backlog information: IOError: 
[2022-01-10 12:57:26,835 I 21451 21701] raylet_client.cc:336: Error reporting task backlog information: IOError: 
[2022-01-10 12:57:27,835 I 21451 21701] raylet_client.cc:336: Error reporting task backlog information: IOError: 
[2022-01-10 12:57:28,835 I 21451 21701] raylet_client.cc:336: Error reporting task backlog information: IOError: 
[2022-01-10 12:57:29,836 I 21451 21701] raylet_client.cc:336: Error reporting task backlog information: IOError: 
[2022-01-10 12:57:30,836 I 21451 21701] raylet_client.cc:336: Error reporting task backlog information: IOError: 
[2022-01-10 12:57:31,130 W 21451 21703] metric_exporter.cc:206: Export metrics to agent failed: IOError: . This won't affect Ray, but you can lose metrics from the cluster.
[2022-01-10 12:57:31,836 I 21451 21701] raylet_client.cc:336: Error reporting task backlog information: IOError: 
[2022-01-10 12:57:32,836 I 21451 21701] raylet_client.cc:336: Error reporting task backlog information: IOError: 
[2022-01-10 12:57:33,836 I 21451 21701] raylet_client.cc:336: Error reporting task backlog information: IOError: 
[2022-01-10 12:57:34,836 I 21451 21701] raylet_client.cc:336: Error reporting task backlog information: IOError: 
[2022-01-10 12:57:35,836 I 21451 21701] raylet_client.cc:336: Error reporting task backlog information: IOError: 
[2022-01-10 12:57:36,836 I 21451 21701] raylet_client.cc:336: Error reporting task backlog information: IOError: 
[2022-01-10 12:57:37,836 I 21451 21701] raylet_client.cc:336: Error reporting task backlog information: IOError: 
[2022-01-10 12:57:38,836 I 21451 21701] raylet_client.cc:336: Error reporting task backlog information: IOError: 
[2022-01-10 12:57:39,836 I 21451 21701] raylet_client.cc:336: Error reporting task backlog information: IOError: 
[2022-01-10 12:57:40,836 I 21451 21701] raylet_client.cc:336: Error reporting task backlog information: IOError: 
[2022-01-10 12:57:41,137 W 21451 21703] metric_exporter.cc:206: Export metrics to agent failed: IOError: . This won't affect Ray, but you can lose metrics from the cluster.
[2022-01-10 12:57:41,837 I 21451 21701] raylet_client.cc:336: Error reporting task backlog information: IOError: 
[2022-01-10 12:57:42,837 I 21451 21701] raylet_client.cc:336: Error reporting task backlog information: IOError: 
[2022-01-10 12:57:43,837 I 21451 21701] raylet_client.cc:336: Error reporting task backlog information: IOError: 
[2022-01-10 12:57:44,837 I 21451 21701] raylet_client.cc:336: Error reporting task backlog information: IOError: 
[2022-01-10 12:57:45,837 I 21451 21701] raylet_client.cc:336: Error reporting task backlog information: IOError: 
[2022-01-10 12:57:46,837 I 21451 21701] raylet_client.cc:336: Error reporting task backlog information: IOError: 
[2022-01-10 12:57:47,837 I 21451 21701] raylet_client.cc:336: Error reporting task backlog information: IOError: 
[2022-01-10 12:57:48,837 I 21451 21701] raylet_client.cc:336: Error reporting task backlog information: IOError: 
[2022-01-10 12:57:49,837 I 21451 21701] raylet_client.cc:336: Error reporting task backlog information: IOError: 
[2022-01-10 12:57:50,837 I 21451 21701] raylet_client.cc:336: Error reporting task backlog information: IOError: 
[2022-01-10 12:57:51,143 W 21451 21703] metric_exporter.cc:206: Export metrics to agent failed: IOError: . This won't affect Ray, but you can lose metrics from the cluster.
[2022-01-10 12:57:51,837 I 21451 21701] raylet_client.cc:336: Error reporting task backlog information: IOError: 
[2022-01-10 12:57:52,838 I 21451 21701] raylet_client.cc:336: Error reporting task backlog information: IOError: 
[2022-01-10 12:57:53,838 I 21451 21701] raylet_client.cc:336: Error reporting task backlog information: IOError: 
[2022-01-10 12:57:54,838 I 21451 21701] raylet_client.cc:336: Error reporting task backlog information: IOError: 
[2022-01-10 12:57:55,838 I 21451 21701] raylet_client.cc:336: Error reporting task backlog information: IOError: 
[2022-01-10 12:57:56,838 I 21451 21701] raylet_client.cc:336: Error reporting task backlog information: IOError: 
[2022-01-10 12:57:57,838 I 21451 21701] raylet_client.cc:336: Error reporting task backlog information: IOError: 
[2022-01-10 12:57:58,838 I 21451 21701] raylet_client.cc:336: Error reporting task backlog information: IOError: 
[2022-01-10 12:57:59,838 I 21451 21701] raylet_client.cc:336: Error reporting task backlog information: IOError: 
[2022-01-10 12:58:00,838 I 21451 21701] raylet_client.cc:336: Error reporting task backlog information: IOError: 
[2022-01-10 12:58:01,152 W 21451 21703] metric_exporter.cc:206: Export metrics to agent failed: IOError: . This won't affect Ray, but you can lose metrics from the cluster.
[2022-01-10 12:58:01,838 I 21451 21701] raylet_client.cc:336: Error reporting task backlog information: IOError: 
[2022-01-10 12:58:02,839 I 21451 21701] raylet_client.cc:336: Error reporting task backlog information: IOError: 
[2022-01-10 12:58:03,839 I 21451 21701] raylet_client.cc:336: Error reporting task backlog information: IOError: 
[2022-01-10 12:58:04,839 I 21451 21701] raylet_client.cc:336: Error reporting task backlog information: IOError: 
[2022-01-10 12:58:05,839 I 21451 21701] raylet_client.cc:336: Error reporting task backlog information: IOError: 
[2022-01-10 12:58:06,839 I 21451 21701] raylet_client.cc:336: Error reporting task backlog information: IOError: 
[2022-01-10 12:58:07,839 I 21451 21701] raylet_client.cc:336: Error reporting task backlog information: IOError: 
[2022-01-10 12:58:08,839 I 21451 21701] raylet_client.cc:336: Error reporting task backlog information: IOError: 
[2022-01-10 12:58:09,839 I 21451 21701] raylet_client.cc:336: Error reporting task backlog information: IOError: 
[2022-01-10 12:58:10,839 I 21451 21701] raylet_client.cc:336: Error reporting task backlog information: IOError: 
[2022-01-10 12:58:11,169 W 21451 21703] metric_exporter.cc:206: Export metrics to agent failed: IOError: . This won't affect Ray, but you can lose metrics from the cluster.
[2022-01-10 12:58:11,839 I 21451 21701] raylet_client.cc:336: Error reporting task backlog information: IOError: 
[2022-01-10 12:58:12,840 I 21451 21701] raylet_client.cc:336: Error reporting task backlog information: IOError: 
[2022-01-10 12:58:13,840 I 21451 21701] raylet_client.cc:336: Error reporting task backlog information: IOError: 
[2022-01-10 12:58:14,840 I 21451 21701] raylet_client.cc:336: Error reporting task backlog information: IOError: 
[2022-01-10 12:58:15,840 I 21451 21701] raylet_client.cc:336: Error reporting task backlog information: IOError: 
[2022-01-10 12:58:16,840 I 21451 21701] raylet_client.cc:336: Error reporting task backlog information: IOError: 
[2022-01-10 12:58:17,840 I 21451 21701] raylet_client.cc:336: Error reporting task backlog information: IOError: 
[2022-01-10 12:58:18,840 I 21451 21701] raylet_client.cc:336: Error reporting task backlog information: IOError: 
[2022-01-10 12:58:19,840 I 21451 21701] raylet_client.cc:336: Error reporting task backlog information: IOError: 
[2022-01-10 12:58:20,840 I 21451 21701] raylet_client.cc:336: Error reporting task backlog information: IOError: 
[2022-01-10 12:58:21,176 W 21451 21703] metric_exporter.cc:206: Export metrics to agent failed: IOError: . This won't affect Ray, but you can lose metrics from the cluster.
[2022-01-10 12:58:21,840 I 21451 21701] raylet_client.cc:336: Error reporting task backlog information: IOError: 
[2022-01-10 12:58:22,840 I 21451 21701] raylet_client.cc:336: Error reporting task backlog information: IOError: 
[2022-01-10 12:58:23,840 I 21451 21701] raylet_client.cc:336: Error reporting task backlog information: IOError: 
[2022-01-10 12:58:24,841 I 21451 21701] raylet_client.cc:336: Error reporting task backlog information: IOError: 
[2022-01-10 12:58:25,841 I 21451 21701] raylet_client.cc:336: Error reporting task backlog information: IOError: 
[2022-01-10 12:58:26,841 I 21451 21701] raylet_client.cc:336: Error reporting task backlog information: IOError: 
[2022-01-10 12:58:27,841 I 21451 21701] raylet_client.cc:336: Error reporting task backlog information: IOError: 
[2022-01-10 12:58:28,841 I 21451 21701] raylet_client.cc:336: Error reporting task backlog information: IOError: 
[2022-01-10 12:58:29,841 I 21451 21701] raylet_client.cc:336: Error reporting task backlog information: IOError: 
[2022-01-10 12:58:30,841 I 21451 21701] raylet_client.cc:336: Error reporting task backlog information: IOError: 
[2022-01-10 12:58:31,185 W 21451 21703] metric_exporter.cc:206: Export metrics to agent failed: IOError: . This won't affect Ray, but you can lose metrics from the cluster.
[2022-01-10 12:58:31,841 I 21451 21701] raylet_client.cc:336: Error reporting task backlog information: IOError: 
[2022-01-10 12:58:32,841 I 21451 21701] raylet_client.cc:336: Error reporting task backlog information: IOError: 
[2022-01-10 12:58:33,841 I 21451 21701] raylet_client.cc:336: Error reporting task backlog information: IOError: 
[2022-01-10 12:58:34,841 I 21451 21701] raylet_client.cc:336: Error reporting task backlog information: IOError: 
[2022-01-10 12:58:35,842 I 21451 21701] raylet_client.cc:336: Error reporting task backlog information: IOError: 
[2022-01-10 12:58:36,842 I 21451 21701] raylet_client.cc:336: Error reporting task backlog information: IOError: 
[2022-01-10 12:58:37,842 I 21451 21701] raylet_client.cc:336: Error reporting task backlog information: IOError: 
[2022-01-10 12:58:38,842 I 21451 21701] raylet_client.cc:336: Error reporting task backlog information: IOError: 
[2022-01-10 12:58:39,842 I 21451 21701] raylet_client.cc:336: Error reporting task backlog information: IOError: 
[2022-01-10 12:58:40,842 I 21451 21701] raylet_client.cc:336: Error reporting task backlog information: IOError: 
[2022-01-10 12:58:41,193 W 21451 21703] metric_exporter.cc:206: Export metrics to agent failed: IOError: . This won't affect Ray, but you can lose metrics from the cluster.
[2022-01-10 12:58:41,842 I 21451 21701] raylet_client.cc:336: Error reporting task backlog information: IOError: 
[2022-01-10 12:58:42,842 I 21451 21701] raylet_client.cc:336: Error reporting task backlog information: IOError: 
[2022-01-10 12:58:43,842 I 21451 21701] raylet_client.cc:336: Error reporting task backlog information: IOError: 
[2022-01-10 12:58:44,842 I 21451 21701] raylet_client.cc:336: Error reporting task backlog information: IOError: 
[2022-01-10 12:58:45,843 I 21451 21701] raylet_client.cc:336: Error reporting task backlog information: IOError: 
[2022-01-10 12:58:46,843 I 21451 21701] raylet_client.cc:336: Error reporting task backlog information: IOError: 
[2022-01-10 12:58:47,843 I 21451 21701] raylet_client.cc:336: Error reporting task backlog information: IOError: 
[2022-01-10 12:58:48,843 I 21451 21701] raylet_client.cc:336: Error reporting task backlog information: IOError: 
[2022-01-10 12:58:49,843 I 21451 21701] raylet_client.cc:336: Error reporting task backlog information: IOError: 
[2022-01-10 12:58:50,843 I 21451 21701] raylet_client.cc:336: Error reporting task backlog information: IOError: 
[2022-01-10 12:58:51,205 W 21451 21703] metric_exporter.cc:206: Export metrics to agent failed: IOError: . This won't affect Ray, but you can lose metrics from the cluster.
[2022-01-10 12:58:51,843 I 21451 21701] raylet_client.cc:336: Error reporting task backlog information: IOError: 
[2022-01-10 12:58:52,843 I 21451 21701] raylet_client.cc:336: Error reporting task backlog information: IOError: 
[2022-01-10 12:58:53,844 I 21451 21701] raylet_client.cc:336: Error reporting task backlog information: IOError: 
[2022-01-10 12:58:54,844 I 21451 21701] raylet_client.cc:336: Error reporting task backlog information: IOError: 
[2022-01-10 12:58:55,844 I 21451 21701] raylet_client.cc:336: Error reporting task backlog information: IOError: 
[2022-01-10 12:58:56,844 I 21451 21701] raylet_client.cc:336: Error reporting task backlog information: IOError: 
[2022-01-10 12:58:57,844 I 21451 21701] raylet_client.cc:336: Error reporting task backlog information: IOError: 
[2022-01-10 12:58:58,844 I 21451 21701] raylet_client.cc:336: Error reporting task backlog information: IOError: 
[2022-01-10 12:58:59,844 I 21451 21701] raylet_client.cc:336: Error reporting task backlog information: IOError: 
[2022-01-10 12:59:00,844 I 21451 21701] raylet_client.cc:336: Error reporting task backlog information: IOError: 
[2022-01-10 12:59:01,214 W 21451 21703] metric_exporter.cc:206: Export metrics to agent failed: IOError: . This won't affect Ray, but you can lose metrics from the cluster.
[2022-01-10 12:59:01,844 I 21451 21701] raylet_client.cc:336: Error reporting task backlog information: IOError: 
[2022-01-10 12:59:02,844 I 21451 21701] raylet_client.cc:336: Error reporting task backlog information: IOError: 
[2022-01-10 12:59:03,844 I 21451 21701] raylet_client.cc:336: Error reporting task backlog information: IOError: 
[2022-01-10 12:59:04,845 I 21451 21701] raylet_client.cc:336: Error reporting task backlog information: IOError: 
[2022-01-10 12:59:05,845 I 21451 21701] raylet_client.cc:336: Error reporting task backlog information: IOError: 
[2022-01-10 12:59:06,845 I 21451 21701] raylet_client.cc:336: Error reporting task backlog information: IOError: 
[2022-01-10 12:59:07,845 I 21451 21701] raylet_client.cc:336: Error reporting task backlog information: IOError: 
[2022-01-10 12:59:08,845 I 21451 21701] raylet_client.cc:336: Error reporting task backlog information: IOError: 
[2022-01-10 12:59:09,845 I 21451 21701] raylet_client.cc:336: Error reporting task backlog information: IOError: 
[2022-01-10 12:59:10,845 I 21451 21701] raylet_client.cc:336: Error reporting task backlog information: IOError: 
[2022-01-10 12:59:11,226 W 21451 21703] metric_exporter.cc:206: Export metrics to agent failed: IOError: . This won't affect Ray, but you can lose metrics from the cluster.
[2022-01-10 12:59:11,845 I 21451 21701] raylet_client.cc:336: Error reporting task backlog information: IOError: 
[2022-01-10 12:59:12,845 I 21451 21701] raylet_client.cc:336: Error reporting task backlog information: IOError: 
[2022-01-10 12:59:13,846 I 21451 21701] raylet_client.cc:336: Error reporting task backlog information: IOError: 
[2022-01-10 12:59:14,846 I 21451 21701] raylet_client.cc:336: Error reporting task backlog information: IOError: 
[2022-01-10 12:59:15,846 I 21451 21701] raylet_client.cc:336: Error reporting task backlog information: IOError: 
[2022-01-10 12:59:16,846 I 21451 21701] raylet_client.cc:336: Error reporting task backlog information: IOError: 
[2022-01-10 12:59:17,846 I 21451 21701] raylet_client.cc:336: Error reporting task backlog information: IOError: 
[2022-01-10 12:59:18,846 I 21451 21701] raylet_client.cc:336: Error reporting task backlog information: IOError: 
[2022-01-10 12:59:19,846 I 21451 21701] raylet_client.cc:336: Error reporting task backlog information: IOError: 
[2022-01-10 12:59:20,846 I 21451 21701] raylet_client.cc:336: Error reporting task backlog information: IOError: 
[2022-01-10 12:59:21,242 W 21451 21703] metric_exporter.cc:206: Export metrics to agent failed: IOError: . This won't affect Ray, but you can lose metrics from the cluster.
[2022-01-10 12:59:21,846 I 21451 21701] raylet_client.cc:336: Error reporting task backlog information: IOError: 
[2022-01-10 12:59:22,846 I 21451 21701] raylet_client.cc:336: Error reporting task backlog information: IOError: 
[2022-01-10 12:59:23,846 I 21451 21701] raylet_client.cc:336: Error reporting task backlog information: IOError: 
[2022-01-10 12:59:24,847 I 21451 21701] raylet_client.cc:336: Error reporting task backlog information: IOError: 
[2022-01-10 12:59:25,847 I 21451 21701] raylet_client.cc:336: Error reporting task backlog information: IOError: 
[2022-01-10 12:59:26,847 I 21451 21701] raylet_client.cc:336: Error reporting task backlog information: IOError: 
[2022-01-10 12:59:27,847 I 21451 21701] raylet_client.cc:336: Error reporting task backlog information: IOError: 
[2022-01-10 12:59:28,847 I 21451 21701] raylet_client.cc:336: Error reporting task backlog information: IOError: 
[2022-01-10 12:59:29,847 I 21451 21701] raylet_client.cc:336: Error reporting task backlog information: IOError: 
[2022-01-10 12:59:30,847 I 21451 21701] raylet_client.cc:336: Error reporting task backlog information: IOError: 
[2022-01-10 12:59:31,253 W 21451 21703] metric_exporter.cc:206: Export metrics to agent failed: IOError: . This won't affect Ray, but you can lose metrics from the cluster.
[2022-01-10 12:59:31,847 I 21451 21701] raylet_client.cc:336: Error reporting task backlog information: IOError: 
[2022-01-10 12:59:32,847 I 21451 21701] raylet_client.cc:336: Error reporting task backlog information: IOError: 
[2022-01-10 12:59:33,847 I 21451 21701] raylet_client.cc:336: Error reporting task backlog information: IOError: 
[2022-01-10 12:59:34,848 I 21451 21701] raylet_client.cc:336: Error reporting task backlog information: IOError: 
[2022-01-10 12:59:35,848 I 21451 21701] raylet_client.cc:336: Error reporting task backlog information: IOError: 
[2022-01-10 12:59:36,848 I 21451 21701] raylet_client.cc:336: Error reporting task backlog information: IOError: 
[2022-01-10 12:59:37,848 I 21451 21701] raylet_client.cc:336: Error reporting task backlog information: IOError: 
[2022-01-10 12:59:38,848 I 21451 21701] raylet_client.cc:336: Error reporting task backlog information: IOError: 
[2022-01-10 12:59:39,849 I 21451 21701] raylet_client.cc:336: Error reporting task backlog information: IOError: 
[2022-01-10 12:59:40,849 I 21451 21701] raylet_client.cc:336: Error reporting task backlog information: IOError: 
[2022-01-10 12:59:41,260 W 21451 21703] metric_exporter.cc:206: Export metrics to agent failed: IOError: . This won't affect Ray, but you can lose metrics from the cluster.
[2022-01-10 12:59:41,849 I 21451 21701] raylet_client.cc:336: Error reporting task backlog information: IOError: 
[2022-01-10 12:59:42,849 I 21451 21701] raylet_client.cc:336: Error reporting task backlog information: IOError: 
[2022-01-10 12:59:43,849 I 21451 21701] raylet_client.cc:336: Error reporting task backlog information: IOError: 
[2022-01-10 12:59:44,849 I 21451 21701] raylet_client.cc:336: Error reporting task backlog information: IOError: 
[2022-01-10 12:59:45,849 I 21451 21701] raylet_client.cc:336: Error reporting task backlog information: IOError: 
[2022-01-10 12:59:46,849 I 21451 21701] raylet_client.cc:336: Error reporting task backlog information: IOError: 
[2022-01-10 12:59:47,849 I 21451 21701] raylet_client.cc:336: Error reporting task backlog information: IOError: 
[2022-01-10 12:59:48,849 I 21451 21701] raylet_client.cc:336: Error reporting task backlog information: IOError: 
[2022-01-10 12:59:49,849 I 21451 21701] raylet_client.cc:336: Error reporting task backlog information: IOError: 
[2022-01-10 12:59:50,850 I 21451 21701] raylet_client.cc:336: Error reporting task backlog information: IOError: 
[2022-01-10 12:59:51,267 W 21451 21703] metric_exporter.cc:206: Export metrics to agent failed: IOError: . This won't affect Ray, but you can lose metrics from the cluster.
[2022-01-10 12:59:51,850 I 21451 21701] raylet_client.cc:336: Error reporting task backlog information: IOError: 
[2022-01-10 12:59:52,850 I 21451 21701] raylet_client.cc:336: Error reporting task backlog information: IOError: 
[2022-01-10 12:59:53,850 I 21451 21701] raylet_client.cc:336: Error reporting task backlog information: IOError: 
[2022-01-10 12:59:54,850 I 21451 21701] raylet_client.cc:336: Error reporting task backlog information: IOError: 
[2022-01-10 12:59:55,850 I 21451 21701] raylet_client.cc:336: Error reporting task backlog information: IOError: 
[2022-01-10 12:59:56,850 I 21451 21701] raylet_client.cc:336: Error reporting task backlog information: IOError: 
[2022-01-10 12:59:57,850 I 21451 21701] raylet_client.cc:336: Error reporting task backlog information: IOError: 
[2022-01-10 12:59:58,850 I 21451 21701] raylet_client.cc:336: Error reporting task backlog information: IOError: 
[2022-01-10 12:59:59,850 I 21451 21701] raylet_client.cc:336: Error reporting task backlog information: IOError: 
[2022-01-10 13:00:00,850 I 21451 21701] raylet_client.cc:336: Error reporting task backlog information: IOError: 
[2022-01-10 13:00:01,279 W 21451 21703] metric_exporter.cc:206: Export metrics to agent failed: IOError: . This won't affect Ray, but you can lose metrics from the cluster.
[2022-01-10 13:00:01,850 I 21451 21701] raylet_client.cc:336: Error reporting task backlog information: IOError: 
[2022-01-10 13:00:02,851 I 21451 21701] raylet_client.cc:336: Error reporting task backlog information: IOError: 
[2022-01-10 13:00:03,851 I 21451 21701] raylet_client.cc:336: Error reporting task backlog information: IOError: 
[2022-01-10 13:00:04,851 I 21451 21701] raylet_client.cc:336: Error reporting task backlog information: IOError: 
[2022-01-10 13:00:05,851 I 21451 21701] raylet_client.cc:336: Error reporting task backlog information: IOError: 
[2022-01-10 13:00:06,851 I 21451 21701] raylet_client.cc:336: Error reporting task backlog information: IOError: 
[2022-01-10 13:00:07,851 I 21451 21701] raylet_client.cc:336: Error reporting task backlog information: IOError: 
[2022-01-10 13:00:08,851 I 21451 21701] raylet_client.cc:336: Error reporting task backlog information: IOError: 
[2022-01-10 13:00:09,851 I 21451 21701] raylet_client.cc:336: Error reporting task backlog information: IOError: 
[2022-01-10 13:00:10,851 I 21451 21701] raylet_client.cc:336: Error reporting task backlog information: IOError: 
[2022-01-10 13:00:11,286 W 21451 21703] metric_exporter.cc:206: Export metrics to agent failed: IOError: . This won't affect Ray, but you can lose metrics from the cluster.
[2022-01-10 13:00:11,851 I 21451 21701] raylet_client.cc:336: Error reporting task backlog information: IOError: 
[2022-01-10 13:00:12,851 I 21451 21701] raylet_client.cc:336: Error reporting task backlog information: IOError: 
[2022-01-10 13:00:13,851 I 21451 21701] raylet_client.cc:336: Error reporting task backlog information: IOError: 
[2022-01-10 13:00:14,852 I 21451 21701] raylet_client.cc:336: Error reporting task backlog information: IOError: 
[2022-01-10 13:00:15,852 I 21451 21701] raylet_client.cc:336: Error reporting task backlog information: IOError: 
[2022-01-10 13:00:16,852 I 21451 21701] raylet_client.cc:336: Error reporting task backlog information: IOError: 
[2022-01-10 13:00:17,852 I 21451 21701] raylet_client.cc:336: Error reporting task backlog information: IOError: 
[2022-01-10 13:00:18,852 I 21451 21701] raylet_client.cc:336: Error reporting task backlog information: IOError: 
[2022-01-10 13:00:19,852 I 21451 21701] raylet_client.cc:336: Error reporting task backlog information: IOError: 
[2022-01-10 13:00:20,852 I 21451 21701] raylet_client.cc:336: Error reporting task backlog information: IOError: 
[2022-01-10 13:00:21,300 W 21451 21703] metric_exporter.cc:206: Export metrics to agent failed: IOError: . This won't affect Ray, but you can lose metrics from the cluster.
[2022-01-10 13:00:21,852 I 21451 21701] raylet_client.cc:336: Error reporting task backlog information: IOError: 
[2022-01-10 13:00:22,852 I 21451 21701] raylet_client.cc:336: Error reporting task backlog information: IOError: 
[2022-01-10 13:00:23,852 I 21451 21701] raylet_client.cc:336: Error reporting task backlog information: IOError: 
[2022-01-10 13:00:24,853 I 21451 21701] raylet_client.cc:336: Error reporting task backlog information: IOError: 
[2022-01-10 13:00:25,853 I 21451 21701] raylet_client.cc:336: Error reporting task backlog information: IOError: 
[2022-01-10 13:00:26,853 I 21451 21701] raylet_client.cc:336: Error reporting task backlog information: IOError: 
[2022-01-10 13:00:27,853 I 21451 21701] raylet_client.cc:336: Error reporting task backlog information: IOError: 
[2022-01-10 13:00:28,853 I 21451 21701] raylet_client.cc:336: Error reporting task backlog information: IOError: 
[2022-01-10 13:00:29,853 I 21451 21701] raylet_client.cc:336: Error reporting task backlog information: IOError: 
[2022-01-10 13:00:30,853 I 21451 21701] raylet_client.cc:336: Error reporting task backlog information: IOError: 
[2022-01-10 13:00:31,311 W 21451 21703] metric_exporter.cc:206: Export metrics to agent failed: IOError: . This won't affect Ray, but you can lose metrics from the cluster.
[2022-01-10 13:00:31,853 I 21451 21701] raylet_client.cc:336: Error reporting task backlog information: IOError: 
[2022-01-10 13:00:32,853 I 21451 21701] raylet_client.cc:336: Error reporting task backlog information: IOError: 
[2022-01-10 13:00:33,853 I 21451 21701] raylet_client.cc:336: Error reporting task backlog information: IOError: 
[2022-01-10 13:00:34,853 I 21451 21701] raylet_client.cc:336: Error reporting task backlog information: IOError: 
[2022-01-10 13:00:35,853 I 21451 21701] raylet_client.cc:336: Error reporting task backlog information: IOError: 
[2022-01-10 13:00:36,854 I 21451 21701] raylet_client.cc:336: Error reporting task backlog information: IOError: 
[2022-01-10 13:00:37,854 I 21451 21701] raylet_client.cc:336: Error reporting task backlog information: IOError: 
[2022-01-10 13:00:38,854 I 21451 21701] raylet_client.cc:336: Error reporting task backlog information: IOError: 
[2022-01-10 13:00:39,854 I 21451 21701] raylet_client.cc:336: Error reporting task backlog information: IOError: 
[2022-01-10 13:00:40,854 I 21451 21701] raylet_client.cc:336: Error reporting task backlog information: IOError: 
[2022-01-10 13:00:41,318 W 21451 21703] metric_exporter.cc:206: Export metrics to agent failed: IOError: . This won't affect Ray, but you can lose metrics from the cluster.
[2022-01-10 13:00:41,854 I 21451 21701] raylet_client.cc:336: Error reporting task backlog information: IOError: 
[2022-01-10 13:00:42,854 I 21451 21701] raylet_client.cc:336: Error reporting task backlog information: IOError: 
[2022-01-10 13:00:43,854 I 21451 21701] raylet_client.cc:336: Error reporting task backlog information: IOError: 
[2022-01-10 13:00:44,854 I 21451 21701] raylet_client.cc:336: Error reporting task backlog information: IOError: 
[2022-01-10 13:00:45,854 I 21451 21701] raylet_client.cc:336: Error reporting task backlog information: IOError: 
[2022-01-10 13:00:46,854 I 21451 21701] raylet_client.cc:336: Error reporting task backlog information: IOError: 
[2022-01-10 13:00:47,854 I 21451 21701] raylet_client.cc:336: Error reporting task backlog information: IOError: 
[2022-01-10 13:00:48,855 I 21451 21701] raylet_client.cc:336: Error reporting task backlog information: IOError: 
[2022-01-10 13:00:49,855 I 21451 21701] raylet_client.cc:336: Error reporting task backlog information: IOError: 
[2022-01-10 13:00:50,855 I 21451 21701] raylet_client.cc:336: Error reporting task backlog information: IOError: 
[2022-01-10 13:00:51,325 W 21451 21703] metric_exporter.cc:206: Export metrics to agent failed: IOError: . This won't affect Ray, but you can lose metrics from the cluster.
[2022-01-10 13:00:51,855 I 21451 21701] raylet_client.cc:336: Error reporting task backlog information: IOError: 
[2022-01-10 13:00:52,855 I 21451 21701] raylet_client.cc:336: Error reporting task backlog information: IOError: 
[2022-01-10 13:00:53,855 I 21451 21701] raylet_client.cc:336: Error reporting task backlog information: IOError: 
[2022-01-10 13:00:54,855 I 21451 21701] raylet_client.cc:336: Error reporting task backlog information: IOError: 
[2022-01-10 13:00:55,855 I 21451 21701] raylet_client.cc:336: Error reporting task backlog information: IOError: 
[2022-01-10 13:00:56,855 I 21451 21701] raylet_client.cc:336: Error reporting task backlog information: IOError: 
[2022-01-10 13:00:57,856 I 21451 21701] raylet_client.cc:336: Error reporting task backlog information: IOError: 
[2022-01-10 13:00:58,856 I 21451 21701] raylet_client.cc:336: Error reporting task backlog information: IOError: 
[2022-01-10 13:00:59,856 I 21451 21701] raylet_client.cc:336: Error reporting task backlog information: IOError: 
[2022-01-10 13:01:00,856 I 21451 21701] raylet_client.cc:336: Error reporting task backlog information: IOError: 
[2022-01-10 13:01:01,334 W 21451 21703] metric_exporter.cc:206: Export metrics to agent failed: IOError: . This won't affect Ray, but you can lose metrics from the cluster.
[2022-01-10 13:01:01,856 I 21451 21701] raylet_client.cc:336: Error reporting task backlog information: IOError: 
[2022-01-10 13:01:02,856 I 21451 21701] raylet_client.cc:336: Error reporting task backlog information: IOError: 
[2022-01-10 13:01:03,857 I 21451 21701] raylet_client.cc:336: Error reporting task backlog information: IOError: 
[2022-01-10 13:01:04,857 I 21451 21701] raylet_client.cc:336: Error reporting task backlog information: IOError: 
[2022-01-10 13:01:05,857 I 21451 21701] raylet_client.cc:336: Error reporting task backlog information: IOError: 
[2022-01-10 13:01:06,857 I 21451 21701] raylet_client.cc:336: Error reporting task backlog information: IOError: 
[2022-01-10 13:01:07,857 I 21451 21701] raylet_client.cc:336: Error reporting task backlog information: IOError: 
[2022-01-10 13:01:08,858 I 21451 21701] raylet_client.cc:336: Error reporting task backlog information: IOError: 
[2022-01-10 13:01:09,858 I 21451 21701] raylet_client.cc:336: Error reporting task backlog information: IOError: 
[2022-01-10 13:01:10,858 I 21451 21701] raylet_client.cc:336: Error reporting task backlog information: IOError: 
[2022-01-10 13:01:11,343 W 21451 21703] metric_exporter.cc:206: Export metrics to agent failed: IOError: . This won't affect Ray, but you can lose metrics from the cluster.
[2022-01-10 13:01:11,858 I 21451 21701] raylet_client.cc:336: Error reporting task backlog information: IOError: 
[2022-01-10 13:01:12,858 I 21451 21701] raylet_client.cc:336: Error reporting task backlog information: IOError: 
[2022-01-10 13:01:13,858 I 21451 21701] raylet_client.cc:336: Error reporting task backlog information: IOError: 
[2022-01-10 13:01:14,858 I 21451 21701] raylet_client.cc:336: Error reporting task backlog information: IOError: 
[2022-01-10 13:01:15,858 I 21451 21701] raylet_client.cc:336: Error reporting task backlog information: IOError: 
[2022-01-10 13:01:16,858 I 21451 21701] raylet_client.cc:336: Error reporting task backlog information: IOError: 
[2022-01-10 13:01:17,859 I 21451 21701] raylet_client.cc:336: Error reporting task backlog information: IOError: 
[2022-01-10 13:01:18,859 I 21451 21701] raylet_client.cc:336: Error reporting task backlog information: IOError: 
[2022-01-10 13:01:19,859 I 21451 21701] raylet_client.cc:336: Error reporting task backlog information: IOError: 
[2022-01-10 13:01:20,859 I 21451 21701] raylet_client.cc:336: Error reporting task backlog information: IOError: 
[2022-01-10 13:01:21,351 W 21451 21703] metric_exporter.cc:206: Export metrics to agent failed: IOError: . This won't affect Ray, but you can lose metrics from the cluster.
[2022-01-10 13:01:21,859 I 21451 21701] raylet_client.cc:336: Error reporting task backlog information: IOError: 
[2022-01-10 13:01:22,859 I 21451 21701] raylet_client.cc:336: Error reporting task backlog information: IOError: 
[2022-01-10 13:01:23,859 I 21451 21701] raylet_client.cc:336: Error reporting task backlog information: IOError: 
[2022-01-10 13:01:24,859 I 21451 21701] raylet_client.cc:336: Error reporting task backlog information: IOError: 
[2022-01-10 13:01:25,859 I 21451 21701] raylet_client.cc:336: Error reporting task backlog information: IOError: 
[2022-01-10 13:01:26,859 I 21451 21701] raylet_client.cc:336: Error reporting task backlog information: IOError: 
[2022-01-10 13:01:27,859 I 21451 21701] raylet_client.cc:336: Error reporting task backlog information: IOError: 
[2022-01-10 13:01:28,859 I 21451 21701] raylet_client.cc:336: Error reporting task backlog information: IOError: 
[2022-01-10 13:01:29,859 I 21451 21701] raylet_client.cc:336: Error reporting task backlog information: IOError: 
[2022-01-10 13:01:30,762 E 21451 21581] gcs_server_address_updater.cc:76: Failed to receive the GCS address for 600 times without success. The worker will exit ungracefully. It is because GCS has died. It could be because there was an issue that kills GCS, such as high memory usage triggering OOM killer to kill GCS. Cluster will be highly likely unavailable if you see this log. Please check the log from gcs_server.err.
