[2022-01-12 12:57:00,091 I 16496 16496] core_worker.cc:132: Constructing CoreWorkerProcess. pid: 16496
[2022-01-12 12:57:00,133 I 16496 16496] grpc_server.cc:112: worker server started, listening on port 37841.
[2022-01-12 12:57:00,137 I 16496 16496] core_worker.cc:479: Initializing worker at address: 131.215.21.210:37841, worker ID 9103ebbc0144fecc712ccd35855124c65815576a5cb7279bca24d777, raylet a5878af0e2ceed05b67836db8334ad33271f2462b42dd7ce7bcdcc91
[2022-01-12 12:57:00,247 I 16496 16496] io_service_pool.cc:35: IOServicePool is running with 1 io_service.
[2022-01-12 12:57:00,247 I 16496 16707] accessor.cc:560: Received notification for node id = a5878af0e2ceed05b67836db8334ad33271f2462b42dd7ce7bcdcc91, IsAlive = 1
[2022-01-12 12:58:27,256 I 16496 16707] raylet_client.cc:336: Error reporting task backlog information: IOError: 
[2022-01-12 12:58:28,254 W 16496 16610] gcs_server_address_updater.cc:61: [1] Failed to get the gcs server address from raylet 1 times in a row. If it keeps failing to obtain the address, the worker might crash. Connection status IOError: 
[2022-01-12 12:58:28,255 I 16496 16707] raylet_client.cc:336: Error reporting task backlog information: IOError: 
[2022-01-12 12:58:29,256 I 16496 16707] raylet_client.cc:336: Error reporting task backlog information: IOError: 
[2022-01-12 12:58:30,256 I 16496 16707] raylet_client.cc:336: Error reporting task backlog information: IOError: 
[2022-01-12 12:58:31,256 I 16496 16707] raylet_client.cc:336: Error reporting task backlog information: IOError: 
[2022-01-12 12:58:32,256 I 16496 16707] raylet_client.cc:336: Error reporting task backlog information: IOError: 
[2022-01-12 12:58:32,493 W 16496 16708] metric_exporter.cc:206: Export metrics to agent failed: IOError: . This won't affect Ray, but you can lose metrics from the cluster.
[2022-01-12 12:58:33,256 I 16496 16707] raylet_client.cc:336: Error reporting task backlog information: IOError: 
[2022-01-12 12:58:34,256 I 16496 16707] raylet_client.cc:336: Error reporting task backlog information: IOError: 
[2022-01-12 12:58:35,256 I 16496 16707] raylet_client.cc:336: Error reporting task backlog information: IOError: 
[2022-01-12 12:58:36,256 I 16496 16707] raylet_client.cc:336: Error reporting task backlog information: IOError: 
[2022-01-12 12:58:37,257 I 16496 16707] raylet_client.cc:336: Error reporting task backlog information: IOError: 
[2022-01-12 12:58:38,257 I 16496 16707] raylet_client.cc:336: Error reporting task backlog information: IOError: 
[2022-01-12 12:58:39,257 I 16496 16707] raylet_client.cc:336: Error reporting task backlog information: IOError: 
[2022-01-12 12:58:40,257 I 16496 16707] raylet_client.cc:336: Error reporting task backlog information: IOError: 
[2022-01-12 12:58:40,329 W 16496 16708] metric_exporter.cc:206: Export metrics to agent failed: IOError: . This won't affect Ray, but you can lose metrics from the cluster.
[2022-01-12 12:58:41,257 I 16496 16707] raylet_client.cc:336: Error reporting task backlog information: IOError: 
[2022-01-12 12:58:42,258 I 16496 16707] raylet_client.cc:336: Error reporting task backlog information: IOError: 
[2022-01-12 12:58:43,258 I 16496 16707] raylet_client.cc:336: Error reporting task backlog information: IOError: 
[2022-01-12 12:58:44,258 I 16496 16707] raylet_client.cc:336: Error reporting task backlog information: IOError: 
[2022-01-12 12:58:45,258 I 16496 16707] raylet_client.cc:336: Error reporting task backlog information: IOError: 
[2022-01-12 12:58:46,259 I 16496 16707] raylet_client.cc:336: Error reporting task backlog information: IOError: 
[2022-01-12 12:58:47,259 I 16496 16707] raylet_client.cc:336: Error reporting task backlog information: IOError: 
[2022-01-12 12:58:48,259 I 16496 16707] raylet_client.cc:336: Error reporting task backlog information: IOError: 
[2022-01-12 12:58:49,260 I 16496 16707] raylet_client.cc:336: Error reporting task backlog information: IOError: 
[2022-01-12 12:58:50,260 I 16496 16707] raylet_client.cc:336: Error reporting task backlog information: IOError: 
[2022-01-12 12:58:50,340 W 16496 16708] metric_exporter.cc:206: Export metrics to agent failed: IOError: . This won't affect Ray, but you can lose metrics from the cluster.
[2022-01-12 12:58:51,260 I 16496 16707] raylet_client.cc:336: Error reporting task backlog information: IOError: 
[2022-01-12 12:58:52,260 I 16496 16707] raylet_client.cc:336: Error reporting task backlog information: IOError: 
[2022-01-12 12:58:53,261 I 16496 16707] raylet_client.cc:336: Error reporting task backlog information: IOError: 
[2022-01-12 12:58:54,260 I 16496 16707] raylet_client.cc:336: Error reporting task backlog information: IOError: 
[2022-01-12 12:58:55,260 I 16496 16707] raylet_client.cc:336: Error reporting task backlog information: IOError: 
[2022-01-12 12:58:56,261 I 16496 16707] raylet_client.cc:336: Error reporting task backlog information: IOError: 
[2022-01-12 12:58:57,261 I 16496 16707] raylet_client.cc:336: Error reporting task backlog information: IOError: 
[2022-01-12 12:58:58,261 I 16496 16707] raylet_client.cc:336: Error reporting task backlog information: IOError: 
[2022-01-12 12:58:59,261 I 16496 16707] raylet_client.cc:336: Error reporting task backlog information: IOError: 
[2022-01-12 12:59:00,261 I 16496 16707] raylet_client.cc:336: Error reporting task backlog information: IOError: 
[2022-01-12 12:59:00,349 W 16496 16708] metric_exporter.cc:206: Export metrics to agent failed: IOError: . This won't affect Ray, but you can lose metrics from the cluster.
[2022-01-12 12:59:01,262 I 16496 16707] raylet_client.cc:336: Error reporting task backlog information: IOError: 
[2022-01-12 12:59:02,262 I 16496 16707] raylet_client.cc:336: Error reporting task backlog information: IOError: 
[2022-01-12 12:59:03,262 I 16496 16707] raylet_client.cc:336: Error reporting task backlog information: IOError: 
[2022-01-12 12:59:04,262 I 16496 16707] raylet_client.cc:336: Error reporting task backlog information: IOError: 
[2022-01-12 12:59:05,262 I 16496 16707] raylet_client.cc:336: Error reporting task backlog information: IOError: 
[2022-01-12 12:59:06,262 I 16496 16707] raylet_client.cc:336: Error reporting task backlog information: IOError: 
[2022-01-12 12:59:07,263 I 16496 16707] raylet_client.cc:336: Error reporting task backlog information: IOError: 
[2022-01-12 12:59:08,263 I 16496 16707] raylet_client.cc:336: Error reporting task backlog information: IOError: 
[2022-01-12 12:59:09,263 I 16496 16707] raylet_client.cc:336: Error reporting task backlog information: IOError: 
[2022-01-12 12:59:10,263 I 16496 16707] raylet_client.cc:336: Error reporting task backlog information: IOError: 
[2022-01-12 12:59:10,360 W 16496 16708] metric_exporter.cc:206: Export metrics to agent failed: IOError: . This won't affect Ray, but you can lose metrics from the cluster.
[2022-01-12 12:59:11,264 I 16496 16707] raylet_client.cc:336: Error reporting task backlog information: IOError: 
[2022-01-12 12:59:12,264 I 16496 16707] raylet_client.cc:336: Error reporting task backlog information: IOError: 
[2022-01-12 12:59:13,264 I 16496 16707] raylet_client.cc:336: Error reporting task backlog information: IOError: 
[2022-01-12 12:59:14,264 I 16496 16707] raylet_client.cc:336: Error reporting task backlog information: IOError: 
[2022-01-12 12:59:15,265 I 16496 16707] raylet_client.cc:336: Error reporting task backlog information: IOError: 
[2022-01-12 12:59:16,265 I 16496 16707] raylet_client.cc:336: Error reporting task backlog information: IOError: 
[2022-01-12 12:59:17,265 I 16496 16707] raylet_client.cc:336: Error reporting task backlog information: IOError: 
[2022-01-12 12:59:18,265 I 16496 16707] raylet_client.cc:336: Error reporting task backlog information: IOError: 
[2022-01-12 12:59:19,265 I 16496 16707] raylet_client.cc:336: Error reporting task backlog information: IOError: 
[2022-01-12 12:59:20,266 I 16496 16707] raylet_client.cc:336: Error reporting task backlog information: IOError: 
[2022-01-12 12:59:20,372 W 16496 16708] metric_exporter.cc:206: Export metrics to agent failed: IOError: . This won't affect Ray, but you can lose metrics from the cluster.
[2022-01-12 12:59:21,266 I 16496 16707] raylet_client.cc:336: Error reporting task backlog information: IOError: 
[2022-01-12 12:59:22,266 I 16496 16707] raylet_client.cc:336: Error reporting task backlog information: IOError: 
[2022-01-12 12:59:23,266 I 16496 16707] raylet_client.cc:336: Error reporting task backlog information: IOError: 
[2022-01-12 12:59:24,267 I 16496 16707] raylet_client.cc:336: Error reporting task backlog information: IOError: 
[2022-01-12 12:59:25,267 I 16496 16707] raylet_client.cc:336: Error reporting task backlog information: IOError: 
[2022-01-12 12:59:26,267 I 16496 16707] raylet_client.cc:336: Error reporting task backlog information: IOError: 
[2022-01-12 12:59:27,267 I 16496 16707] raylet_client.cc:336: Error reporting task backlog information: IOError: 
[2022-01-12 12:59:28,267 I 16496 16707] raylet_client.cc:336: Error reporting task backlog information: IOError: 
[2022-01-12 12:59:29,268 I 16496 16707] raylet_client.cc:336: Error reporting task backlog information: IOError: 
[2022-01-12 12:59:30,268 I 16496 16707] raylet_client.cc:336: Error reporting task backlog information: IOError: 
[2022-01-12 12:59:30,383 W 16496 16708] metric_exporter.cc:206: Export metrics to agent failed: IOError: . This won't affect Ray, but you can lose metrics from the cluster.
[2022-01-12 12:59:31,268 I 16496 16707] raylet_client.cc:336: Error reporting task backlog information: IOError: 
[2022-01-12 12:59:32,268 I 16496 16707] raylet_client.cc:336: Error reporting task backlog information: IOError: 
[2022-01-12 12:59:33,269 I 16496 16707] raylet_client.cc:336: Error reporting task backlog information: IOError: 
[2022-01-12 12:59:34,269 I 16496 16707] raylet_client.cc:336: Error reporting task backlog information: IOError: 
[2022-01-12 12:59:35,269 I 16496 16707] raylet_client.cc:336: Error reporting task backlog information: IOError: 
[2022-01-12 12:59:36,269 I 16496 16707] raylet_client.cc:336: Error reporting task backlog information: IOError: 
[2022-01-12 12:59:37,269 I 16496 16707] raylet_client.cc:336: Error reporting task backlog information: IOError: 
[2022-01-12 12:59:38,270 I 16496 16707] raylet_client.cc:336: Error reporting task backlog information: IOError: 
[2022-01-12 12:59:39,270 I 16496 16707] raylet_client.cc:336: Error reporting task backlog information: IOError: 
[2022-01-12 12:59:40,270 I 16496 16707] raylet_client.cc:336: Error reporting task backlog information: IOError: 
[2022-01-12 12:59:40,393 W 16496 16708] metric_exporter.cc:206: Export metrics to agent failed: IOError: . This won't affect Ray, but you can lose metrics from the cluster.
[2022-01-12 12:59:41,270 I 16496 16707] raylet_client.cc:336: Error reporting task backlog information: IOError: 
[2022-01-12 12:59:42,270 I 16496 16707] raylet_client.cc:336: Error reporting task backlog information: IOError: 
[2022-01-12 12:59:43,271 I 16496 16707] raylet_client.cc:336: Error reporting task backlog information: IOError: 
[2022-01-12 12:59:44,271 I 16496 16707] raylet_client.cc:336: Error reporting task backlog information: IOError: 
[2022-01-12 12:59:45,271 I 16496 16707] raylet_client.cc:336: Error reporting task backlog information: IOError: 
[2022-01-12 12:59:46,271 I 16496 16707] raylet_client.cc:336: Error reporting task backlog information: IOError: 
[2022-01-12 12:59:47,271 I 16496 16707] raylet_client.cc:336: Error reporting task backlog information: IOError: 
[2022-01-12 12:59:48,272 I 16496 16707] raylet_client.cc:336: Error reporting task backlog information: IOError: 
[2022-01-12 12:59:49,272 I 16496 16707] raylet_client.cc:336: Error reporting task backlog information: IOError: 
[2022-01-12 12:59:50,272 I 16496 16707] raylet_client.cc:336: Error reporting task backlog information: IOError: 
[2022-01-12 12:59:50,403 W 16496 16708] metric_exporter.cc:206: Export metrics to agent failed: IOError: . This won't affect Ray, but you can lose metrics from the cluster.
[2022-01-12 12:59:51,272 I 16496 16707] raylet_client.cc:336: Error reporting task backlog information: IOError: 
[2022-01-12 12:59:52,272 I 16496 16707] raylet_client.cc:336: Error reporting task backlog information: IOError: 
[2022-01-12 12:59:53,272 I 16496 16707] raylet_client.cc:336: Error reporting task backlog information: IOError: 
[2022-01-12 12:59:54,273 I 16496 16707] raylet_client.cc:336: Error reporting task backlog information: IOError: 
[2022-01-12 12:59:55,273 I 16496 16707] raylet_client.cc:336: Error reporting task backlog information: IOError: 
[2022-01-12 12:59:56,273 I 16496 16707] raylet_client.cc:336: Error reporting task backlog information: IOError: 
[2022-01-12 12:59:57,273 I 16496 16707] raylet_client.cc:336: Error reporting task backlog information: IOError: 
[2022-01-12 12:59:58,273 I 16496 16707] raylet_client.cc:336: Error reporting task backlog information: IOError: 
[2022-01-12 12:59:59,273 I 16496 16707] raylet_client.cc:336: Error reporting task backlog information: IOError: 
[2022-01-12 13:00:00,274 I 16496 16707] raylet_client.cc:336: Error reporting task backlog information: IOError: 
[2022-01-12 13:00:00,412 W 16496 16708] metric_exporter.cc:206: Export metrics to agent failed: IOError: . This won't affect Ray, but you can lose metrics from the cluster.
[2022-01-12 13:00:01,274 I 16496 16707] raylet_client.cc:336: Error reporting task backlog information: IOError: 
[2022-01-12 13:00:02,274 I 16496 16707] raylet_client.cc:336: Error reporting task backlog information: IOError: 
[2022-01-12 13:00:03,274 I 16496 16707] raylet_client.cc:336: Error reporting task backlog information: IOError: 
[2022-01-12 13:00:04,275 I 16496 16707] raylet_client.cc:336: Error reporting task backlog information: IOError: 
[2022-01-12 13:00:05,275 I 16496 16707] raylet_client.cc:336: Error reporting task backlog information: IOError: 
[2022-01-12 13:00:06,275 I 16496 16707] raylet_client.cc:336: Error reporting task backlog information: IOError: 
[2022-01-12 13:00:07,275 I 16496 16707] raylet_client.cc:336: Error reporting task backlog information: IOError: 
[2022-01-12 13:00:08,275 I 16496 16707] raylet_client.cc:336: Error reporting task backlog information: IOError: 
[2022-01-12 13:00:09,276 I 16496 16707] raylet_client.cc:336: Error reporting task backlog information: IOError: 
[2022-01-12 13:00:10,276 I 16496 16707] raylet_client.cc:336: Error reporting task backlog information: IOError: 
[2022-01-12 13:00:10,423 W 16496 16708] metric_exporter.cc:206: Export metrics to agent failed: IOError: . This won't affect Ray, but you can lose metrics from the cluster.
[2022-01-12 13:00:11,276 I 16496 16707] raylet_client.cc:336: Error reporting task backlog information: IOError: 
[2022-01-12 13:00:12,276 I 16496 16707] raylet_client.cc:336: Error reporting task backlog information: IOError: 
[2022-01-12 13:00:13,277 I 16496 16707] raylet_client.cc:336: Error reporting task backlog information: IOError: 
[2022-01-12 13:00:14,277 I 16496 16707] raylet_client.cc:336: Error reporting task backlog information: IOError: 
[2022-01-12 13:00:15,277 I 16496 16707] raylet_client.cc:336: Error reporting task backlog information: IOError: 
[2022-01-12 13:00:16,277 I 16496 16707] raylet_client.cc:336: Error reporting task backlog information: IOError: 
[2022-01-12 13:00:17,278 I 16496 16707] raylet_client.cc:336: Error reporting task backlog information: IOError: 
[2022-01-12 13:00:18,278 I 16496 16707] raylet_client.cc:336: Error reporting task backlog information: IOError: 
[2022-01-12 13:00:19,278 I 16496 16707] raylet_client.cc:336: Error reporting task backlog information: IOError: 
[2022-01-12 13:00:20,278 I 16496 16707] raylet_client.cc:336: Error reporting task backlog information: IOError: 
[2022-01-12 13:00:20,433 W 16496 16708] metric_exporter.cc:206: Export metrics to agent failed: IOError: . This won't affect Ray, but you can lose metrics from the cluster.
[2022-01-12 13:00:21,279 I 16496 16707] raylet_client.cc:336: Error reporting task backlog information: IOError: 
[2022-01-12 13:00:22,279 I 16496 16707] raylet_client.cc:336: Error reporting task backlog information: IOError: 
[2022-01-12 13:00:23,280 I 16496 16707] raylet_client.cc:336: Error reporting task backlog information: IOError: 
[2022-01-12 13:00:24,280 I 16496 16707] raylet_client.cc:336: Error reporting task backlog information: IOError: 
[2022-01-12 13:00:25,280 I 16496 16707] raylet_client.cc:336: Error reporting task backlog information: IOError: 
[2022-01-12 13:00:26,280 I 16496 16707] raylet_client.cc:336: Error reporting task backlog information: IOError: 
[2022-01-12 13:00:27,281 I 16496 16707] raylet_client.cc:336: Error reporting task backlog information: IOError: 
[2022-01-12 13:00:28,281 I 16496 16707] raylet_client.cc:336: Error reporting task backlog information: IOError: 
[2022-01-12 13:00:29,281 I 16496 16707] raylet_client.cc:336: Error reporting task backlog information: IOError: 
[2022-01-12 13:00:30,281 I 16496 16707] raylet_client.cc:336: Error reporting task backlog information: IOError: 
[2022-01-12 13:00:30,445 W 16496 16708] metric_exporter.cc:206: Export metrics to agent failed: IOError: . This won't affect Ray, but you can lose metrics from the cluster.
[2022-01-12 13:00:31,282 I 16496 16707] raylet_client.cc:336: Error reporting task backlog information: IOError: 
[2022-01-12 13:00:32,282 I 16496 16707] raylet_client.cc:336: Error reporting task backlog information: IOError: 
[2022-01-12 13:00:33,282 I 16496 16707] raylet_client.cc:336: Error reporting task backlog information: IOError: 
[2022-01-12 13:00:34,282 I 16496 16707] raylet_client.cc:336: Error reporting task backlog information: IOError: 
[2022-01-12 13:00:35,283 I 16496 16707] raylet_client.cc:336: Error reporting task backlog information: IOError: 
[2022-01-12 13:00:36,283 I 16496 16707] raylet_client.cc:336: Error reporting task backlog information: IOError: 
[2022-01-12 13:00:37,283 I 16496 16707] raylet_client.cc:336: Error reporting task backlog information: IOError: 
[2022-01-12 13:00:38,283 I 16496 16707] raylet_client.cc:336: Error reporting task backlog information: IOError: 
[2022-01-12 13:00:39,284 I 16496 16707] raylet_client.cc:336: Error reporting task backlog information: IOError: 
[2022-01-12 13:00:40,284 I 16496 16707] raylet_client.cc:336: Error reporting task backlog information: IOError: 
[2022-01-12 13:00:40,456 W 16496 16708] metric_exporter.cc:206: Export metrics to agent failed: IOError: . This won't affect Ray, but you can lose metrics from the cluster.
