2022-01-12 11:12:52,473	INFO log_monitor.py:190 -- Beginning to track file raylet.err
2022-01-12 11:12:52,473	INFO log_monitor.py:190 -- Beginning to track file gcs_server.err
2022-01-12 11:12:52,473	INFO log_monitor.py:190 -- Beginning to track file monitor.log
2022-01-12 11:12:52,889	INFO log_monitor.py:190 -- Beginning to track file worker-af4cec189ab1d0c1c04d94a6a1434da2bbcff3b6587a262a41937a99-01000000-153720.err
2022-01-12 11:12:52,890	INFO log_monitor.py:190 -- Beginning to track file worker-42318337c3c6b910619d1f4c33b28678a6e67384fd3354415405c5e3-01000000-153719.err
2022-01-12 11:12:52,890	INFO log_monitor.py:190 -- Beginning to track file worker-2e2e30f449cc08bbea4f807a75ae9e391f724b9aaa990cae832dded5-01000000-153717.err
2022-01-12 11:12:52,890	INFO log_monitor.py:190 -- Beginning to track file worker-2e2e30f449cc08bbea4f807a75ae9e391f724b9aaa990cae832dded5-01000000-153717.out
2022-01-12 11:12:52,890	INFO log_monitor.py:190 -- Beginning to track file worker-42318337c3c6b910619d1f4c33b28678a6e67384fd3354415405c5e3-01000000-153719.out
2022-01-12 11:12:52,890	INFO log_monitor.py:190 -- Beginning to track file worker-af4cec189ab1d0c1c04d94a6a1434da2bbcff3b6587a262a41937a99-01000000-153720.out
2022-01-12 11:12:52,990	INFO log_monitor.py:190 -- Beginning to track file worker-c12ba71c4406877d98da56ed72a80f06fa8723306360afc8a091fd84-01000000-153718.out
2022-01-12 11:12:52,990	INFO log_monitor.py:190 -- Beginning to track file worker-2e3189ea513e9e844d3088f13f0e9dcfaea8675497d82863a06ec19e-01000000-153721.out
2022-01-12 11:12:52,990	INFO log_monitor.py:190 -- Beginning to track file worker-2e39e549f032ea7f6ac31e0d6d86eb76722980b85eb63c0a6ff4e9fb-01000000-153728.out
2022-01-12 11:12:52,991	INFO log_monitor.py:190 -- Beginning to track file worker-678967267b08faaa8c368395cb68a909c6c288821223b27f099c45c5-01000000-153724.out
2022-01-12 11:12:52,991	INFO log_monitor.py:190 -- Beginning to track file worker-bc8dfee4fb993ec663f048ecf75c37a45091a74d02e69e32b5aed370-01000000-153725.out
2022-01-12 11:12:52,991	INFO log_monitor.py:190 -- Beginning to track file worker-2e3189ea513e9e844d3088f13f0e9dcfaea8675497d82863a06ec19e-01000000-153721.err
2022-01-12 11:12:52,991	INFO log_monitor.py:190 -- Beginning to track file worker-df59ec68568d5bb861515f19aba6c429773d46534db03c15a1769106-01000000-153723.out
2022-01-12 11:12:52,991	INFO log_monitor.py:190 -- Beginning to track file worker-130405e2b65081b20f74cef569e56e2d98316d5e17355ad7db17704a-01000000-153722.err
2022-01-12 11:12:52,991	INFO log_monitor.py:190 -- Beginning to track file worker-6b61b348f8c03cdd0fde88a33e1e00d23e8a13a0e6a9005621106424-01000000-153726.out
2022-01-12 11:12:52,991	INFO log_monitor.py:190 -- Beginning to track file worker-c12ba71c4406877d98da56ed72a80f06fa8723306360afc8a091fd84-01000000-153718.err
2022-01-12 11:12:52,991	INFO log_monitor.py:190 -- Beginning to track file worker-6b61b348f8c03cdd0fde88a33e1e00d23e8a13a0e6a9005621106424-01000000-153726.err
2022-01-12 11:12:52,991	INFO log_monitor.py:190 -- Beginning to track file worker-f5afde6fe7330d5ae15937385ec0cb4e8d8a10858cc401400630b230-01000000-153727.err
2022-01-12 11:12:52,991	INFO log_monitor.py:190 -- Beginning to track file worker-bc8dfee4fb993ec663f048ecf75c37a45091a74d02e69e32b5aed370-01000000-153725.err
2022-01-12 11:12:52,991	INFO log_monitor.py:190 -- Beginning to track file worker-df59ec68568d5bb861515f19aba6c429773d46534db03c15a1769106-01000000-153723.err
2022-01-12 11:12:52,991	INFO log_monitor.py:190 -- Beginning to track file worker-130405e2b65081b20f74cef569e56e2d98316d5e17355ad7db17704a-01000000-153722.out
2022-01-12 11:12:52,991	INFO log_monitor.py:190 -- Beginning to track file worker-2e39e549f032ea7f6ac31e0d6d86eb76722980b85eb63c0a6ff4e9fb-01000000-153728.err
2022-01-12 11:12:52,991	INFO log_monitor.py:190 -- Beginning to track file worker-678967267b08faaa8c368395cb68a909c6c288821223b27f099c45c5-01000000-153724.err
2022-01-12 11:12:52,991	INFO log_monitor.py:190 -- Beginning to track file worker-f5afde6fe7330d5ae15937385ec0cb4e8d8a10858cc401400630b230-01000000-153727.out
