[2022-01-12 12:43:14,910 I 11112 11112] core_worker.cc:132: Constructing CoreWorkerProcess. pid: 11112
[2022-01-12 12:43:15,000 I 11112 11112] grpc_server.cc:112: worker server started, listening on port 44995.
[2022-01-12 12:43:15,005 I 11112 11112] core_worker.cc:479: Initializing worker at address: 131.215.21.210:44995, worker ID 0883f2f49fc380caba1420aaa531175bc320998578be18d455c09cad, raylet 243f4bce0c5cbb91e66e38927998e90476778e9c3a25f81a0fb86acb
[2022-01-12 12:43:15,114 I 11112 11112] io_service_pool.cc:35: IOServicePool is running with 1 io_service.
[2022-01-12 12:43:15,157 I 11112 11367] accessor.cc:560: Received notification for node id = 243f4bce0c5cbb91e66e38927998e90476778e9c3a25f81a0fb86acb, IsAlive = 1
[2022-01-12 12:45:08,022 W 11112 11268] gcs_server_address_updater.cc:61: [1] Failed to get the gcs server address from raylet 1 times in a row. If it keeps failing to obtain the address, the worker might crash. Connection status IOError: 
[2022-01-12 12:45:09,024 I 11112 11367] raylet_client.cc:336: Error reporting task backlog information: IOError: 
[2022-01-12 12:45:09,136 I 11112 11367] raylet_client.cc:336: Error reporting task backlog information: IOError: 
[2022-01-12 12:45:10,136 I 11112 11367] raylet_client.cc:336: Error reporting task backlog information: IOError: 
[2022-01-12 12:45:11,136 I 11112 11367] raylet_client.cc:336: Error reporting task backlog information: IOError: 
[2022-01-12 12:45:12,136 I 11112 11367] raylet_client.cc:336: Error reporting task backlog information: IOError: 
[2022-01-12 12:45:13,136 I 11112 11367] raylet_client.cc:336: Error reporting task backlog information: IOError: 
[2022-01-12 12:45:14,136 I 11112 11367] raylet_client.cc:336: Error reporting task backlog information: IOError: 
[2022-01-12 12:45:15,136 I 11112 11367] raylet_client.cc:336: Error reporting task backlog information: IOError: 
[2022-01-12 12:45:15,251 W 11112 11368] metric_exporter.cc:206: Export metrics to agent failed: IOError: . This won't affect Ray, but you can lose metrics from the cluster.
[2022-01-12 12:45:16,136 I 11112 11367] raylet_client.cc:336: Error reporting task backlog information: IOError: 
[2022-01-12 12:45:17,136 I 11112 11367] raylet_client.cc:336: Error reporting task backlog information: IOError: 
[2022-01-12 12:45:18,136 I 11112 11367] raylet_client.cc:336: Error reporting task backlog information: IOError: 
[2022-01-12 12:45:19,136 I 11112 11367] raylet_client.cc:336: Error reporting task backlog information: IOError: 
[2022-01-12 12:45:20,137 I 11112 11367] raylet_client.cc:336: Error reporting task backlog information: IOError: 
[2022-01-12 12:45:21,137 I 11112 11367] raylet_client.cc:336: Error reporting task backlog information: IOError: 
[2022-01-12 12:45:22,137 I 11112 11367] raylet_client.cc:336: Error reporting task backlog information: IOError: 
[2022-01-12 12:45:23,137 I 11112 11367] raylet_client.cc:336: Error reporting task backlog information: IOError: 
[2022-01-12 12:45:24,137 I 11112 11367] raylet_client.cc:336: Error reporting task backlog information: IOError: 
[2022-01-12 12:45:25,137 I 11112 11367] raylet_client.cc:336: Error reporting task backlog information: IOError: 
[2022-01-12 12:45:25,259 W 11112 11368] metric_exporter.cc:206: Export metrics to agent failed: IOError: . This won't affect Ray, but you can lose metrics from the cluster.
[2022-01-12 12:45:26,137 I 11112 11367] raylet_client.cc:336: Error reporting task backlog information: IOError: 
[2022-01-12 12:45:27,137 I 11112 11367] raylet_client.cc:336: Error reporting task backlog information: IOError: 
[2022-01-12 12:45:28,137 I 11112 11367] raylet_client.cc:336: Error reporting task backlog information: IOError: 
[2022-01-12 12:45:29,137 I 11112 11367] raylet_client.cc:336: Error reporting task backlog information: IOError: 
[2022-01-12 12:45:30,137 I 11112 11367] raylet_client.cc:336: Error reporting task backlog information: IOError: 
[2022-01-12 12:45:31,137 I 11112 11367] raylet_client.cc:336: Error reporting task backlog information: IOError: 
[2022-01-12 12:45:32,137 I 11112 11367] raylet_client.cc:336: Error reporting task backlog information: IOError: 
[2022-01-12 12:45:33,138 I 11112 11367] raylet_client.cc:336: Error reporting task backlog information: IOError: 
[2022-01-12 12:45:34,138 I 11112 11367] raylet_client.cc:336: Error reporting task backlog information: IOError: 
[2022-01-12 12:45:35,138 I 11112 11367] raylet_client.cc:336: Error reporting task backlog information: IOError: 
[2022-01-12 12:45:35,267 W 11112 11368] metric_exporter.cc:206: Export metrics to agent failed: IOError: . This won't affect Ray, but you can lose metrics from the cluster.
[2022-01-12 12:45:36,138 I 11112 11367] raylet_client.cc:336: Error reporting task backlog information: IOError: 
[2022-01-12 12:45:37,138 I 11112 11367] raylet_client.cc:336: Error reporting task backlog information: IOError: 
[2022-01-12 12:45:38,138 I 11112 11367] raylet_client.cc:336: Error reporting task backlog information: IOError: 
[2022-01-12 12:45:39,138 I 11112 11367] raylet_client.cc:336: Error reporting task backlog information: IOError: 
[2022-01-12 12:45:40,138 I 11112 11367] raylet_client.cc:336: Error reporting task backlog information: IOError: 
[2022-01-12 12:45:41,138 I 11112 11367] raylet_client.cc:336: Error reporting task backlog information: IOError: 
[2022-01-12 12:45:42,138 I 11112 11367] raylet_client.cc:336: Error reporting task backlog information: IOError: 
[2022-01-12 12:45:43,138 I 11112 11367] raylet_client.cc:336: Error reporting task backlog information: IOError: 
[2022-01-12 12:45:44,138 I 11112 11367] raylet_client.cc:336: Error reporting task backlog information: IOError: 
[2022-01-12 12:45:45,138 I 11112 11367] raylet_client.cc:336: Error reporting task backlog information: IOError: 
[2022-01-12 12:45:45,275 W 11112 11368] metric_exporter.cc:206: Export metrics to agent failed: IOError: . This won't affect Ray, but you can lose metrics from the cluster.
[2022-01-12 12:45:46,139 I 11112 11367] raylet_client.cc:336: Error reporting task backlog information: IOError: 
[2022-01-12 12:45:47,139 I 11112 11367] raylet_client.cc:336: Error reporting task backlog information: IOError: 
[2022-01-12 12:45:48,139 I 11112 11367] raylet_client.cc:336: Error reporting task backlog information: IOError: 
[2022-01-12 12:45:49,139 I 11112 11367] raylet_client.cc:336: Error reporting task backlog information: IOError: 
[2022-01-12 12:45:50,139 I 11112 11367] raylet_client.cc:336: Error reporting task backlog information: IOError: 
[2022-01-12 12:45:51,139 I 11112 11367] raylet_client.cc:336: Error reporting task backlog information: IOError: 
[2022-01-12 12:45:52,139 I 11112 11367] raylet_client.cc:336: Error reporting task backlog information: IOError: 
[2022-01-12 12:45:53,139 I 11112 11367] raylet_client.cc:336: Error reporting task backlog information: IOError: 
[2022-01-12 12:45:54,139 I 11112 11367] raylet_client.cc:336: Error reporting task backlog information: IOError: 
[2022-01-12 12:45:55,139 I 11112 11367] raylet_client.cc:336: Error reporting task backlog information: IOError: 
[2022-01-12 12:45:55,283 W 11112 11368] metric_exporter.cc:206: Export metrics to agent failed: IOError: . This won't affect Ray, but you can lose metrics from the cluster.
[2022-01-12 12:45:56,139 I 11112 11367] raylet_client.cc:336: Error reporting task backlog information: IOError: 
[2022-01-12 12:45:57,139 I 11112 11367] raylet_client.cc:336: Error reporting task backlog information: IOError: 
[2022-01-12 12:45:58,139 I 11112 11367] raylet_client.cc:336: Error reporting task backlog information: IOError: 
[2022-01-12 12:45:59,139 I 11112 11367] raylet_client.cc:336: Error reporting task backlog information: IOError: 
[2022-01-12 12:46:00,140 I 11112 11367] raylet_client.cc:336: Error reporting task backlog information: IOError: 
[2022-01-12 12:46:01,140 I 11112 11367] raylet_client.cc:336: Error reporting task backlog information: IOError: 
[2022-01-12 12:46:02,140 I 11112 11367] raylet_client.cc:336: Error reporting task backlog information: IOError: 
[2022-01-12 12:46:03,140 I 11112 11367] raylet_client.cc:336: Error reporting task backlog information: IOError: 
[2022-01-12 12:46:04,140 I 11112 11367] raylet_client.cc:336: Error reporting task backlog information: IOError: 
[2022-01-12 12:46:05,140 I 11112 11367] raylet_client.cc:336: Error reporting task backlog information: IOError: 
[2022-01-12 12:46:05,291 W 11112 11368] metric_exporter.cc:206: Export metrics to agent failed: IOError: . This won't affect Ray, but you can lose metrics from the cluster.
[2022-01-12 12:46:06,140 I 11112 11367] raylet_client.cc:336: Error reporting task backlog information: IOError: 
[2022-01-12 12:46:07,140 I 11112 11367] raylet_client.cc:336: Error reporting task backlog information: IOError: 
[2022-01-12 12:46:08,140 I 11112 11367] raylet_client.cc:336: Error reporting task backlog information: IOError: 
[2022-01-12 12:46:09,140 I 11112 11367] raylet_client.cc:336: Error reporting task backlog information: IOError: 
[2022-01-12 12:46:10,140 I 11112 11367] raylet_client.cc:336: Error reporting task backlog information: IOError: 
[2022-01-12 12:46:11,141 I 11112 11367] raylet_client.cc:336: Error reporting task backlog information: IOError: 
[2022-01-12 12:46:12,141 I 11112 11367] raylet_client.cc:336: Error reporting task backlog information: IOError: 
[2022-01-12 12:46:13,141 I 11112 11367] raylet_client.cc:336: Error reporting task backlog information: IOError: 
[2022-01-12 12:46:14,141 I 11112 11367] raylet_client.cc:336: Error reporting task backlog information: IOError: 
[2022-01-12 12:46:15,141 I 11112 11367] raylet_client.cc:336: Error reporting task backlog information: IOError: 
[2022-01-12 12:46:15,299 W 11112 11368] metric_exporter.cc:206: Export metrics to agent failed: IOError: . This won't affect Ray, but you can lose metrics from the cluster.
[2022-01-12 12:46:16,141 I 11112 11367] raylet_client.cc:336: Error reporting task backlog information: IOError: 
[2022-01-12 12:46:17,141 I 11112 11367] raylet_client.cc:336: Error reporting task backlog information: IOError: 
[2022-01-12 12:46:18,141 I 11112 11367] raylet_client.cc:336: Error reporting task backlog information: IOError: 
[2022-01-12 12:46:19,141 I 11112 11367] raylet_client.cc:336: Error reporting task backlog information: IOError: 
[2022-01-12 12:46:20,141 I 11112 11367] raylet_client.cc:336: Error reporting task backlog information: IOError: 
[2022-01-12 12:46:21,142 I 11112 11367] raylet_client.cc:336: Error reporting task backlog information: IOError: 
[2022-01-12 12:46:22,142 I 11112 11367] raylet_client.cc:336: Error reporting task backlog information: IOError: 
[2022-01-12 12:46:23,142 I 11112 11367] raylet_client.cc:336: Error reporting task backlog information: IOError: 
[2022-01-12 12:46:24,142 I 11112 11367] raylet_client.cc:336: Error reporting task backlog information: IOError: 
[2022-01-12 12:46:25,142 I 11112 11367] raylet_client.cc:336: Error reporting task backlog information: IOError: 
[2022-01-12 12:46:25,307 W 11112 11368] metric_exporter.cc:206: Export metrics to agent failed: IOError: . This won't affect Ray, but you can lose metrics from the cluster.
[2022-01-12 12:46:26,142 I 11112 11367] raylet_client.cc:336: Error reporting task backlog information: IOError: 
[2022-01-12 12:46:27,142 I 11112 11367] raylet_client.cc:336: Error reporting task backlog information: IOError: 
[2022-01-12 12:46:28,142 I 11112 11367] raylet_client.cc:336: Error reporting task backlog information: IOError: 
[2022-01-12 12:46:29,142 I 11112 11367] raylet_client.cc:336: Error reporting task backlog information: IOError: 
[2022-01-12 12:46:30,142 I 11112 11367] raylet_client.cc:336: Error reporting task backlog information: IOError: 
[2022-01-12 12:46:31,143 I 11112 11367] raylet_client.cc:336: Error reporting task backlog information: IOError: 
[2022-01-12 12:46:32,143 I 11112 11367] raylet_client.cc:336: Error reporting task backlog information: IOError: 
[2022-01-12 12:46:33,143 I 11112 11367] raylet_client.cc:336: Error reporting task backlog information: IOError: 
[2022-01-12 12:46:34,143 I 11112 11367] raylet_client.cc:336: Error reporting task backlog information: IOError: 
[2022-01-12 12:46:35,143 I 11112 11367] raylet_client.cc:336: Error reporting task backlog information: IOError: 
[2022-01-12 12:46:35,315 W 11112 11368] metric_exporter.cc:206: Export metrics to agent failed: IOError: . This won't affect Ray, but you can lose metrics from the cluster.
[2022-01-12 12:46:36,143 I 11112 11367] raylet_client.cc:336: Error reporting task backlog information: IOError: 
[2022-01-12 12:46:37,143 I 11112 11367] raylet_client.cc:336: Error reporting task backlog information: IOError: 
[2022-01-12 12:46:38,143 I 11112 11367] raylet_client.cc:336: Error reporting task backlog information: IOError: 
[2022-01-12 12:46:39,143 I 11112 11367] raylet_client.cc:336: Error reporting task backlog information: IOError: 
[2022-01-12 12:46:40,143 I 11112 11367] raylet_client.cc:336: Error reporting task backlog information: IOError: 
[2022-01-12 12:46:41,143 I 11112 11367] raylet_client.cc:336: Error reporting task backlog information: IOError: 
[2022-01-12 12:46:42,144 I 11112 11367] raylet_client.cc:336: Error reporting task backlog information: IOError: 
[2022-01-12 12:46:43,144 I 11112 11367] raylet_client.cc:336: Error reporting task backlog information: IOError: 
[2022-01-12 12:46:44,144 I 11112 11367] raylet_client.cc:336: Error reporting task backlog information: IOError: 
[2022-01-12 12:46:45,144 I 11112 11367] raylet_client.cc:336: Error reporting task backlog information: IOError: 
[2022-01-12 12:46:45,324 W 11112 11368] metric_exporter.cc:206: Export metrics to agent failed: IOError: . This won't affect Ray, but you can lose metrics from the cluster.
[2022-01-12 12:46:46,144 I 11112 11367] raylet_client.cc:336: Error reporting task backlog information: IOError: 
[2022-01-12 12:46:47,144 I 11112 11367] raylet_client.cc:336: Error reporting task backlog information: IOError: 
[2022-01-12 12:46:48,144 I 11112 11367] raylet_client.cc:336: Error reporting task backlog information: IOError: 
[2022-01-12 12:46:49,144 I 11112 11367] raylet_client.cc:336: Error reporting task backlog information: IOError: 
[2022-01-12 12:46:50,144 I 11112 11367] raylet_client.cc:336: Error reporting task backlog information: IOError: 
[2022-01-12 12:46:51,144 I 11112 11367] raylet_client.cc:336: Error reporting task backlog information: IOError: 
[2022-01-12 12:46:52,145 I 11112 11367] raylet_client.cc:336: Error reporting task backlog information: IOError: 
[2022-01-12 12:46:53,145 I 11112 11367] raylet_client.cc:336: Error reporting task backlog information: IOError: 
[2022-01-12 12:46:54,145 I 11112 11367] raylet_client.cc:336: Error reporting task backlog information: IOError: 
[2022-01-12 12:46:55,145 I 11112 11367] raylet_client.cc:336: Error reporting task backlog information: IOError: 
[2022-01-12 12:46:55,332 W 11112 11368] metric_exporter.cc:206: Export metrics to agent failed: IOError: . This won't affect Ray, but you can lose metrics from the cluster.
[2022-01-12 12:46:56,145 I 11112 11367] raylet_client.cc:336: Error reporting task backlog information: IOError: 
[2022-01-12 12:46:57,145 I 11112 11367] raylet_client.cc:336: Error reporting task backlog information: IOError: 
[2022-01-12 12:46:58,145 I 11112 11367] raylet_client.cc:336: Error reporting task backlog information: IOError: 
[2022-01-12 12:46:59,145 I 11112 11367] raylet_client.cc:336: Error reporting task backlog information: IOError: 
[2022-01-12 12:47:00,145 I 11112 11367] raylet_client.cc:336: Error reporting task backlog information: IOError: 
[2022-01-12 12:47:01,145 I 11112 11367] raylet_client.cc:336: Error reporting task backlog information: IOError: 
[2022-01-12 12:47:02,146 I 11112 11367] raylet_client.cc:336: Error reporting task backlog information: IOError: 
[2022-01-12 12:47:03,146 I 11112 11367] raylet_client.cc:336: Error reporting task backlog information: IOError: 
[2022-01-12 12:47:04,146 I 11112 11367] raylet_client.cc:336: Error reporting task backlog information: IOError: 
[2022-01-12 12:47:05,146 I 11112 11367] raylet_client.cc:336: Error reporting task backlog information: IOError: 
[2022-01-12 12:47:05,340 W 11112 11368] metric_exporter.cc:206: Export metrics to agent failed: IOError: . This won't affect Ray, but you can lose metrics from the cluster.
[2022-01-12 12:47:06,146 I 11112 11367] raylet_client.cc:336: Error reporting task backlog information: IOError: 
[2022-01-12 12:47:07,146 I 11112 11367] raylet_client.cc:336: Error reporting task backlog information: IOError: 
[2022-01-12 12:47:08,146 I 11112 11367] raylet_client.cc:336: Error reporting task backlog information: IOError: 
[2022-01-12 12:47:09,146 I 11112 11367] raylet_client.cc:336: Error reporting task backlog information: IOError: 
[2022-01-12 12:47:10,146 I 11112 11367] raylet_client.cc:336: Error reporting task backlog information: IOError: 
[2022-01-12 12:47:11,146 I 11112 11367] raylet_client.cc:336: Error reporting task backlog information: IOError: 
[2022-01-12 12:47:12,147 I 11112 11367] raylet_client.cc:336: Error reporting task backlog information: IOError: 
[2022-01-12 12:47:13,147 I 11112 11367] raylet_client.cc:336: Error reporting task backlog information: IOError: 
[2022-01-12 12:47:14,147 I 11112 11367] raylet_client.cc:336: Error reporting task backlog information: IOError: 
[2022-01-12 12:47:15,147 I 11112 11367] raylet_client.cc:336: Error reporting task backlog information: IOError: 
[2022-01-12 12:47:15,348 W 11112 11368] metric_exporter.cc:206: Export metrics to agent failed: IOError: . This won't affect Ray, but you can lose metrics from the cluster.
[2022-01-12 12:47:16,147 I 11112 11367] raylet_client.cc:336: Error reporting task backlog information: IOError: 
[2022-01-12 12:47:17,147 I 11112 11367] raylet_client.cc:336: Error reporting task backlog information: IOError: 
[2022-01-12 12:47:18,147 I 11112 11367] raylet_client.cc:336: Error reporting task backlog information: IOError: 
[2022-01-12 12:47:19,147 I 11112 11367] raylet_client.cc:336: Error reporting task backlog information: IOError: 
[2022-01-12 12:47:20,147 I 11112 11367] raylet_client.cc:336: Error reporting task backlog information: IOError: 
[2022-01-12 12:47:21,147 I 11112 11367] raylet_client.cc:336: Error reporting task backlog information: IOError: 
[2022-01-12 12:47:22,148 I 11112 11367] raylet_client.cc:336: Error reporting task backlog information: IOError: 
[2022-01-12 12:47:23,148 I 11112 11367] raylet_client.cc:336: Error reporting task backlog information: IOError: 
[2022-01-12 12:47:24,148 I 11112 11367] raylet_client.cc:336: Error reporting task backlog information: IOError: 
[2022-01-12 12:47:25,148 I 11112 11367] raylet_client.cc:336: Error reporting task backlog information: IOError: 
[2022-01-12 12:47:25,357 W 11112 11368] metric_exporter.cc:206: Export metrics to agent failed: IOError: . This won't affect Ray, but you can lose metrics from the cluster.
[2022-01-12 12:47:26,148 I 11112 11367] raylet_client.cc:336: Error reporting task backlog information: IOError: 
[2022-01-12 12:47:27,148 I 11112 11367] raylet_client.cc:336: Error reporting task backlog information: IOError: 
[2022-01-12 12:47:28,148 I 11112 11367] raylet_client.cc:336: Error reporting task backlog information: IOError: 
[2022-01-12 12:47:29,148 I 11112 11367] raylet_client.cc:336: Error reporting task backlog information: IOError: 
[2022-01-12 12:47:30,148 I 11112 11367] raylet_client.cc:336: Error reporting task backlog information: IOError: 
[2022-01-12 12:47:31,148 I 11112 11367] raylet_client.cc:336: Error reporting task backlog information: IOError: 
[2022-01-12 12:47:32,149 I 11112 11367] raylet_client.cc:336: Error reporting task backlog information: IOError: 
[2022-01-12 12:47:33,149 I 11112 11367] raylet_client.cc:336: Error reporting task backlog information: IOError: 
[2022-01-12 12:47:34,149 I 11112 11367] raylet_client.cc:336: Error reporting task backlog information: IOError: 
[2022-01-12 12:47:35,149 I 11112 11367] raylet_client.cc:336: Error reporting task backlog information: IOError: 
[2022-01-12 12:47:35,365 W 11112 11368] metric_exporter.cc:206: Export metrics to agent failed: IOError: . This won't affect Ray, but you can lose metrics from the cluster.
[2022-01-12 12:47:36,149 I 11112 11367] raylet_client.cc:336: Error reporting task backlog information: IOError: 
[2022-01-12 12:47:37,149 I 11112 11367] raylet_client.cc:336: Error reporting task backlog information: IOError: 
[2022-01-12 12:47:38,149 I 11112 11367] raylet_client.cc:336: Error reporting task backlog information: IOError: 
[2022-01-12 12:47:39,149 I 11112 11367] raylet_client.cc:336: Error reporting task backlog information: IOError: 
[2022-01-12 12:47:40,149 I 11112 11367] raylet_client.cc:336: Error reporting task backlog information: IOError: 
[2022-01-12 12:47:41,149 I 11112 11367] raylet_client.cc:336: Error reporting task backlog information: IOError: 
[2022-01-12 12:47:42,149 I 11112 11367] raylet_client.cc:336: Error reporting task backlog information: IOError: 
[2022-01-12 12:47:43,150 I 11112 11367] raylet_client.cc:336: Error reporting task backlog information: IOError: 
[2022-01-12 12:47:44,150 I 11112 11367] raylet_client.cc:336: Error reporting task backlog information: IOError: 
[2022-01-12 12:47:45,150 I 11112 11367] raylet_client.cc:336: Error reporting task backlog information: IOError: 
[2022-01-12 12:47:45,373 W 11112 11368] metric_exporter.cc:206: Export metrics to agent failed: IOError: . This won't affect Ray, but you can lose metrics from the cluster.
[2022-01-12 12:47:46,150 I 11112 11367] raylet_client.cc:336: Error reporting task backlog information: IOError: 
[2022-01-12 12:47:47,150 I 11112 11367] raylet_client.cc:336: Error reporting task backlog information: IOError: 
[2022-01-12 12:47:48,150 I 11112 11367] raylet_client.cc:336: Error reporting task backlog information: IOError: 
[2022-01-12 12:47:49,150 I 11112 11367] raylet_client.cc:336: Error reporting task backlog information: IOError: 
[2022-01-12 12:47:50,150 I 11112 11367] raylet_client.cc:336: Error reporting task backlog information: IOError: 
[2022-01-12 12:47:51,150 I 11112 11367] raylet_client.cc:336: Error reporting task backlog information: IOError: 
[2022-01-12 12:47:52,150 I 11112 11367] raylet_client.cc:336: Error reporting task backlog information: IOError: 
[2022-01-12 12:47:53,151 I 11112 11367] raylet_client.cc:336: Error reporting task backlog information: IOError: 
[2022-01-12 12:47:54,151 I 11112 11367] raylet_client.cc:336: Error reporting task backlog information: IOError: 
[2022-01-12 12:47:55,151 I 11112 11367] raylet_client.cc:336: Error reporting task backlog information: IOError: 
[2022-01-12 12:47:55,381 W 11112 11368] metric_exporter.cc:206: Export metrics to agent failed: IOError: . This won't affect Ray, but you can lose metrics from the cluster.
[2022-01-12 12:47:56,151 I 11112 11367] raylet_client.cc:336: Error reporting task backlog information: IOError: 
[2022-01-12 12:47:57,151 I 11112 11367] raylet_client.cc:336: Error reporting task backlog information: IOError: 
[2022-01-12 12:47:58,151 I 11112 11367] raylet_client.cc:336: Error reporting task backlog information: IOError: 
[2022-01-12 12:47:59,151 I 11112 11367] raylet_client.cc:336: Error reporting task backlog information: IOError: 
[2022-01-12 12:48:00,151 I 11112 11367] raylet_client.cc:336: Error reporting task backlog information: IOError: 
[2022-01-12 12:48:01,151 I 11112 11367] raylet_client.cc:336: Error reporting task backlog information: IOError: 
[2022-01-12 12:48:02,151 I 11112 11367] raylet_client.cc:336: Error reporting task backlog information: IOError: 
[2022-01-12 12:48:03,151 I 11112 11367] raylet_client.cc:336: Error reporting task backlog information: IOError: 
[2022-01-12 12:48:04,152 I 11112 11367] raylet_client.cc:336: Error reporting task backlog information: IOError: 
[2022-01-12 12:48:05,152 I 11112 11367] raylet_client.cc:336: Error reporting task backlog information: IOError: 
[2022-01-12 12:48:05,389 W 11112 11368] metric_exporter.cc:206: Export metrics to agent failed: IOError: . This won't affect Ray, but you can lose metrics from the cluster.
[2022-01-12 12:48:06,152 I 11112 11367] raylet_client.cc:336: Error reporting task backlog information: IOError: 
[2022-01-12 12:48:07,152 I 11112 11367] raylet_client.cc:336: Error reporting task backlog information: IOError: 
[2022-01-12 12:48:08,152 I 11112 11367] raylet_client.cc:336: Error reporting task backlog information: IOError: 
[2022-01-12 12:48:09,152 I 11112 11367] raylet_client.cc:336: Error reporting task backlog information: IOError: 
[2022-01-12 12:48:10,152 I 11112 11367] raylet_client.cc:336: Error reporting task backlog information: IOError: 
[2022-01-12 12:48:11,152 I 11112 11367] raylet_client.cc:336: Error reporting task backlog information: IOError: 
[2022-01-12 12:48:12,152 I 11112 11367] raylet_client.cc:336: Error reporting task backlog information: IOError: 
[2022-01-12 12:48:13,152 I 11112 11367] raylet_client.cc:336: Error reporting task backlog information: IOError: 
[2022-01-12 12:48:14,153 I 11112 11367] raylet_client.cc:336: Error reporting task backlog information: IOError: 
[2022-01-12 12:48:15,153 I 11112 11367] raylet_client.cc:336: Error reporting task backlog information: IOError: 
[2022-01-12 12:48:15,396 W 11112 11368] metric_exporter.cc:206: Export metrics to agent failed: IOError: . This won't affect Ray, but you can lose metrics from the cluster.
[2022-01-12 12:48:16,153 I 11112 11367] raylet_client.cc:336: Error reporting task backlog information: IOError: 
[2022-01-12 12:48:17,153 I 11112 11367] raylet_client.cc:336: Error reporting task backlog information: IOError: 
[2022-01-12 12:48:18,153 I 11112 11367] raylet_client.cc:336: Error reporting task backlog information: IOError: 
[2022-01-12 12:48:19,153 I 11112 11367] raylet_client.cc:336: Error reporting task backlog information: IOError: 
[2022-01-12 12:48:20,153 I 11112 11367] raylet_client.cc:336: Error reporting task backlog information: IOError: 
[2022-01-12 12:48:21,153 I 11112 11367] raylet_client.cc:336: Error reporting task backlog information: IOError: 
[2022-01-12 12:48:22,153 I 11112 11367] raylet_client.cc:336: Error reporting task backlog information: IOError: 
[2022-01-12 12:48:23,153 I 11112 11367] raylet_client.cc:336: Error reporting task backlog information: IOError: 
[2022-01-12 12:48:24,153 I 11112 11367] raylet_client.cc:336: Error reporting task backlog information: IOError: 
[2022-01-12 12:48:25,153 I 11112 11367] raylet_client.cc:336: Error reporting task backlog information: IOError: 
[2022-01-12 12:48:25,403 W 11112 11368] metric_exporter.cc:206: Export metrics to agent failed: IOError: . This won't affect Ray, but you can lose metrics from the cluster.
[2022-01-12 12:48:26,154 I 11112 11367] raylet_client.cc:336: Error reporting task backlog information: IOError: 
[2022-01-12 12:48:27,154 I 11112 11367] raylet_client.cc:336: Error reporting task backlog information: IOError: 
[2022-01-12 12:48:28,154 I 11112 11367] raylet_client.cc:336: Error reporting task backlog information: IOError: 
[2022-01-12 12:48:29,154 I 11112 11367] raylet_client.cc:336: Error reporting task backlog information: IOError: 
[2022-01-12 12:48:30,154 I 11112 11367] raylet_client.cc:336: Error reporting task backlog information: IOError: 
[2022-01-12 12:48:31,154 I 11112 11367] raylet_client.cc:336: Error reporting task backlog information: IOError: 
[2022-01-12 12:48:32,154 I 11112 11367] raylet_client.cc:336: Error reporting task backlog information: IOError: 
[2022-01-12 12:48:33,154 I 11112 11367] raylet_client.cc:336: Error reporting task backlog information: IOError: 
[2022-01-12 12:48:34,154 I 11112 11367] raylet_client.cc:336: Error reporting task backlog information: IOError: 
[2022-01-12 12:48:35,155 I 11112 11367] raylet_client.cc:336: Error reporting task backlog information: IOError: 
[2022-01-12 12:48:35,411 W 11112 11368] metric_exporter.cc:206: Export metrics to agent failed: IOError: . This won't affect Ray, but you can lose metrics from the cluster.
[2022-01-12 12:48:36,155 I 11112 11367] raylet_client.cc:336: Error reporting task backlog information: IOError: 
[2022-01-12 12:48:37,155 I 11112 11367] raylet_client.cc:336: Error reporting task backlog information: IOError: 
[2022-01-12 12:48:38,155 I 11112 11367] raylet_client.cc:336: Error reporting task backlog information: IOError: 
[2022-01-12 12:48:39,156 I 11112 11367] raylet_client.cc:336: Error reporting task backlog information: IOError: 
[2022-01-12 12:48:40,156 I 11112 11367] raylet_client.cc:336: Error reporting task backlog information: IOError: 
[2022-01-12 12:48:41,156 I 11112 11367] raylet_client.cc:336: Error reporting task backlog information: IOError: 
[2022-01-12 12:48:42,156 I 11112 11367] raylet_client.cc:336: Error reporting task backlog information: IOError: 
[2022-01-12 12:48:43,156 I 11112 11367] raylet_client.cc:336: Error reporting task backlog information: IOError: 
[2022-01-12 12:48:44,156 I 11112 11367] raylet_client.cc:336: Error reporting task backlog information: IOError: 
[2022-01-12 12:48:45,156 I 11112 11367] raylet_client.cc:336: Error reporting task backlog information: IOError: 
[2022-01-12 12:48:45,419 W 11112 11368] metric_exporter.cc:206: Export metrics to agent failed: IOError: . This won't affect Ray, but you can lose metrics from the cluster.
[2022-01-12 12:48:46,157 I 11112 11367] raylet_client.cc:336: Error reporting task backlog information: IOError: 
[2022-01-12 12:48:47,157 I 11112 11367] raylet_client.cc:336: Error reporting task backlog information: IOError: 
[2022-01-12 12:48:48,157 I 11112 11367] raylet_client.cc:336: Error reporting task backlog information: IOError: 
[2022-01-12 12:48:49,157 I 11112 11367] raylet_client.cc:336: Error reporting task backlog information: IOError: 
[2022-01-12 12:48:50,157 I 11112 11367] raylet_client.cc:336: Error reporting task backlog information: IOError: 
[2022-01-12 12:48:51,158 I 11112 11367] raylet_client.cc:336: Error reporting task backlog information: IOError: 
[2022-01-12 12:48:52,158 I 11112 11367] raylet_client.cc:336: Error reporting task backlog information: IOError: 
[2022-01-12 12:48:53,158 I 11112 11367] raylet_client.cc:336: Error reporting task backlog information: IOError: 
[2022-01-12 12:48:54,158 I 11112 11367] raylet_client.cc:336: Error reporting task backlog information: IOError: 
[2022-01-12 12:48:55,158 I 11112 11367] raylet_client.cc:336: Error reporting task backlog information: IOError: 
[2022-01-12 12:48:55,437 W 11112 11368] metric_exporter.cc:206: Export metrics to agent failed: IOError: . This won't affect Ray, but you can lose metrics from the cluster.
[2022-01-12 12:48:56,158 I 11112 11367] raylet_client.cc:336: Error reporting task backlog information: IOError: 
[2022-01-12 12:48:57,159 I 11112 11367] raylet_client.cc:336: Error reporting task backlog information: IOError: 
[2022-01-12 12:48:58,159 I 11112 11367] raylet_client.cc:336: Error reporting task backlog information: IOError: 
[2022-01-12 12:48:59,159 I 11112 11367] raylet_client.cc:336: Error reporting task backlog information: IOError: 
[2022-01-12 12:49:00,159 I 11112 11367] raylet_client.cc:336: Error reporting task backlog information: IOError: 
[2022-01-12 12:49:01,159 I 11112 11367] raylet_client.cc:336: Error reporting task backlog information: IOError: 
[2022-01-12 12:49:02,159 I 11112 11367] raylet_client.cc:336: Error reporting task backlog information: IOError: 
[2022-01-12 12:49:03,159 I 11112 11367] raylet_client.cc:336: Error reporting task backlog information: IOError: 
[2022-01-12 12:49:04,159 I 11112 11367] raylet_client.cc:336: Error reporting task backlog information: IOError: 
[2022-01-12 12:49:05,159 I 11112 11367] raylet_client.cc:336: Error reporting task backlog information: IOError: 
[2022-01-12 12:49:05,444 W 11112 11368] metric_exporter.cc:206: Export metrics to agent failed: IOError: . This won't affect Ray, but you can lose metrics from the cluster.
[2022-01-12 12:49:06,160 I 11112 11367] raylet_client.cc:336: Error reporting task backlog information: IOError: 
[2022-01-12 12:49:07,160 I 11112 11367] raylet_client.cc:336: Error reporting task backlog information: IOError: 
[2022-01-12 12:49:08,160 I 11112 11367] raylet_client.cc:336: Error reporting task backlog information: IOError: 
[2022-01-12 12:49:09,160 I 11112 11367] raylet_client.cc:336: Error reporting task backlog information: IOError: 
[2022-01-12 12:49:10,160 I 11112 11367] raylet_client.cc:336: Error reporting task backlog information: IOError: 
[2022-01-12 12:49:11,160 I 11112 11367] raylet_client.cc:336: Error reporting task backlog information: IOError: 
[2022-01-12 12:49:12,160 I 11112 11367] raylet_client.cc:336: Error reporting task backlog information: IOError: 
[2022-01-12 12:49:13,160 I 11112 11367] raylet_client.cc:336: Error reporting task backlog information: IOError: 
[2022-01-12 12:49:14,160 I 11112 11367] raylet_client.cc:336: Error reporting task backlog information: IOError: 
[2022-01-12 12:49:15,160 I 11112 11367] raylet_client.cc:336: Error reporting task backlog information: IOError: 
[2022-01-12 12:49:15,451 W 11112 11368] metric_exporter.cc:206: Export metrics to agent failed: IOError: . This won't affect Ray, but you can lose metrics from the cluster.
[2022-01-12 12:49:16,160 I 11112 11367] raylet_client.cc:336: Error reporting task backlog information: IOError: 
[2022-01-12 12:49:17,161 I 11112 11367] raylet_client.cc:336: Error reporting task backlog information: IOError: 
[2022-01-12 12:49:18,168 I 11112 11367] raylet_client.cc:336: Error reporting task backlog information: IOError: 
[2022-01-12 12:49:19,168 I 11112 11367] raylet_client.cc:336: Error reporting task backlog information: IOError: 
[2022-01-12 12:49:20,168 I 11112 11367] raylet_client.cc:336: Error reporting task backlog information: IOError: 
[2022-01-12 12:49:21,168 I 11112 11367] raylet_client.cc:336: Error reporting task backlog information: IOError: 
[2022-01-12 12:49:22,168 I 11112 11367] raylet_client.cc:336: Error reporting task backlog information: IOError: 
[2022-01-12 12:49:23,168 I 11112 11367] raylet_client.cc:336: Error reporting task backlog information: IOError: 
[2022-01-12 12:49:24,168 I 11112 11367] raylet_client.cc:336: Error reporting task backlog information: IOError: 
[2022-01-12 12:49:25,168 I 11112 11367] raylet_client.cc:336: Error reporting task backlog information: IOError: 
[2022-01-12 12:49:25,458 W 11112 11368] metric_exporter.cc:206: Export metrics to agent failed: IOError: . This won't affect Ray, but you can lose metrics from the cluster.
[2022-01-12 12:49:26,169 I 11112 11367] raylet_client.cc:336: Error reporting task backlog information: IOError: 
[2022-01-12 12:49:27,169 I 11112 11367] raylet_client.cc:336: Error reporting task backlog information: IOError: 
[2022-01-12 12:49:28,169 I 11112 11367] raylet_client.cc:336: Error reporting task backlog information: IOError: 
[2022-01-12 12:49:29,169 I 11112 11367] raylet_client.cc:336: Error reporting task backlog information: IOError: 
[2022-01-12 12:49:30,169 I 11112 11367] raylet_client.cc:336: Error reporting task backlog information: IOError: 
[2022-01-12 12:49:31,169 I 11112 11367] raylet_client.cc:336: Error reporting task backlog information: IOError: 
[2022-01-12 12:49:32,169 I 11112 11367] raylet_client.cc:336: Error reporting task backlog information: IOError: 
[2022-01-12 12:49:33,169 I 11112 11367] raylet_client.cc:336: Error reporting task backlog information: IOError: 
[2022-01-12 12:49:34,169 I 11112 11367] raylet_client.cc:336: Error reporting task backlog information: IOError: 
[2022-01-12 12:49:35,169 I 11112 11367] raylet_client.cc:336: Error reporting task backlog information: IOError: 
[2022-01-12 12:49:35,470 W 11112 11368] metric_exporter.cc:206: Export metrics to agent failed: IOError: . This won't affect Ray, but you can lose metrics from the cluster.
[2022-01-12 12:49:36,170 I 11112 11367] raylet_client.cc:336: Error reporting task backlog information: IOError: 
[2022-01-12 12:49:37,170 I 11112 11367] raylet_client.cc:336: Error reporting task backlog information: IOError: 
[2022-01-12 12:49:38,170 I 11112 11367] raylet_client.cc:336: Error reporting task backlog information: IOError: 
[2022-01-12 12:49:39,170 I 11112 11367] raylet_client.cc:336: Error reporting task backlog information: IOError: 
[2022-01-12 12:49:40,170 I 11112 11367] raylet_client.cc:336: Error reporting task backlog information: IOError: 
[2022-01-12 12:49:41,170 I 11112 11367] raylet_client.cc:336: Error reporting task backlog information: IOError: 
[2022-01-12 12:49:42,170 I 11112 11367] raylet_client.cc:336: Error reporting task backlog information: IOError: 
[2022-01-12 12:49:43,170 I 11112 11367] raylet_client.cc:336: Error reporting task backlog information: IOError: 
[2022-01-12 12:49:44,170 I 11112 11367] raylet_client.cc:336: Error reporting task backlog information: IOError: 
[2022-01-12 12:49:45,170 I 11112 11367] raylet_client.cc:336: Error reporting task backlog information: IOError: 
[2022-01-12 12:49:45,477 W 11112 11368] metric_exporter.cc:206: Export metrics to agent failed: IOError: . This won't affect Ray, but you can lose metrics from the cluster.
[2022-01-12 12:49:46,170 I 11112 11367] raylet_client.cc:336: Error reporting task backlog information: IOError: 
[2022-01-12 12:49:47,170 I 11112 11367] raylet_client.cc:336: Error reporting task backlog information: IOError: 
[2022-01-12 12:49:48,171 I 11112 11367] raylet_client.cc:336: Error reporting task backlog information: IOError: 
[2022-01-12 12:49:49,171 I 11112 11367] raylet_client.cc:336: Error reporting task backlog information: IOError: 
[2022-01-12 12:49:50,171 I 11112 11367] raylet_client.cc:336: Error reporting task backlog information: IOError: 
[2022-01-12 12:49:51,171 I 11112 11367] raylet_client.cc:336: Error reporting task backlog information: IOError: 
[2022-01-12 12:49:52,171 I 11112 11367] raylet_client.cc:336: Error reporting task backlog information: IOError: 
[2022-01-12 12:49:53,171 I 11112 11367] raylet_client.cc:336: Error reporting task backlog information: IOError: 
[2022-01-12 12:49:54,171 I 11112 11367] raylet_client.cc:336: Error reporting task backlog information: IOError: 
[2022-01-12 12:49:55,171 I 11112 11367] raylet_client.cc:336: Error reporting task backlog information: IOError: 
[2022-01-12 12:49:55,485 W 11112 11368] metric_exporter.cc:206: Export metrics to agent failed: IOError: . This won't affect Ray, but you can lose metrics from the cluster.
[2022-01-12 12:49:56,171 I 11112 11367] raylet_client.cc:336: Error reporting task backlog information: IOError: 
[2022-01-12 12:49:57,171 I 11112 11367] raylet_client.cc:336: Error reporting task backlog information: IOError: 
[2022-01-12 12:49:58,171 I 11112 11367] raylet_client.cc:336: Error reporting task backlog information: IOError: 
[2022-01-12 12:49:59,171 I 11112 11367] raylet_client.cc:336: Error reporting task backlog information: IOError: 
[2022-01-12 12:50:00,172 I 11112 11367] raylet_client.cc:336: Error reporting task backlog information: IOError: 
[2022-01-12 12:50:01,172 I 11112 11367] raylet_client.cc:336: Error reporting task backlog information: IOError: 
[2022-01-12 12:50:02,172 I 11112 11367] raylet_client.cc:336: Error reporting task backlog information: IOError: 
[2022-01-12 12:50:03,172 I 11112 11367] raylet_client.cc:336: Error reporting task backlog information: IOError: 
[2022-01-12 12:50:04,172 I 11112 11367] raylet_client.cc:336: Error reporting task backlog information: IOError: 
[2022-01-12 12:50:05,172 I 11112 11367] raylet_client.cc:336: Error reporting task backlog information: IOError: 
[2022-01-12 12:50:05,492 W 11112 11368] metric_exporter.cc:206: Export metrics to agent failed: IOError: . This won't affect Ray, but you can lose metrics from the cluster.
[2022-01-12 12:50:06,172 I 11112 11367] raylet_client.cc:336: Error reporting task backlog information: IOError: 
[2022-01-12 12:50:07,172 I 11112 11367] raylet_client.cc:336: Error reporting task backlog information: IOError: 
[2022-01-12 12:50:08,054 W 11112 11268] gcs_server_address_updater.cc:61: [301] Failed to get the gcs server address from raylet 301 times in a row. If it keeps failing to obtain the address, the worker might crash. Connection status IOError: 
[2022-01-12 12:50:08,172 I 11112 11367] raylet_client.cc:336: Error reporting task backlog information: IOError: 
[2022-01-12 12:50:09,172 I 11112 11367] raylet_client.cc:336: Error reporting task backlog information: IOError: 
[2022-01-12 12:50:10,172 I 11112 11367] raylet_client.cc:336: Error reporting task backlog information: IOError: 
[2022-01-12 12:50:11,173 I 11112 11367] raylet_client.cc:336: Error reporting task backlog information: IOError: 
[2022-01-12 12:50:12,173 I 11112 11367] raylet_client.cc:336: Error reporting task backlog information: IOError: 
[2022-01-12 12:50:13,173 I 11112 11367] raylet_client.cc:336: Error reporting task backlog information: IOError: 
[2022-01-12 12:50:14,173 I 11112 11367] raylet_client.cc:336: Error reporting task backlog information: IOError: 
[2022-01-12 12:50:15,173 I 11112 11367] raylet_client.cc:336: Error reporting task backlog information: IOError: 
[2022-01-12 12:50:15,504 W 11112 11368] metric_exporter.cc:206: Export metrics to agent failed: IOError: . This won't affect Ray, but you can lose metrics from the cluster.
[2022-01-12 12:50:16,173 I 11112 11367] raylet_client.cc:336: Error reporting task backlog information: IOError: 
[2022-01-12 12:50:17,173 I 11112 11367] raylet_client.cc:336: Error reporting task backlog information: IOError: 
[2022-01-12 12:50:18,173 I 11112 11367] raylet_client.cc:336: Error reporting task backlog information: IOError: 
[2022-01-12 12:50:19,173 I 11112 11367] raylet_client.cc:336: Error reporting task backlog information: IOError: 
[2022-01-12 12:50:20,174 I 11112 11367] raylet_client.cc:336: Error reporting task backlog information: IOError: 
[2022-01-12 12:50:21,174 I 11112 11367] raylet_client.cc:336: Error reporting task backlog information: IOError: 
[2022-01-12 12:50:22,174 I 11112 11367] raylet_client.cc:336: Error reporting task backlog information: IOError: 
[2022-01-12 12:50:23,174 I 11112 11367] raylet_client.cc:336: Error reporting task backlog information: IOError: 
[2022-01-12 12:50:24,174 I 11112 11367] raylet_client.cc:336: Error reporting task backlog information: IOError: 
[2022-01-12 12:50:25,174 I 11112 11367] raylet_client.cc:336: Error reporting task backlog information: IOError: 
[2022-01-12 12:50:25,511 W 11112 11368] metric_exporter.cc:206: Export metrics to agent failed: IOError: . This won't affect Ray, but you can lose metrics from the cluster.
[2022-01-12 12:50:26,174 I 11112 11367] raylet_client.cc:336: Error reporting task backlog information: IOError: 
[2022-01-12 12:50:27,174 I 11112 11367] raylet_client.cc:336: Error reporting task backlog information: IOError: 
[2022-01-12 12:50:28,174 I 11112 11367] raylet_client.cc:336: Error reporting task backlog information: IOError: 
[2022-01-12 12:50:29,174 I 11112 11367] raylet_client.cc:336: Error reporting task backlog information: IOError: 
[2022-01-12 12:50:30,175 I 11112 11367] raylet_client.cc:336: Error reporting task backlog information: IOError: 
[2022-01-12 12:50:31,175 I 11112 11367] raylet_client.cc:336: Error reporting task backlog information: IOError: 
[2022-01-12 12:50:32,175 I 11112 11367] raylet_client.cc:336: Error reporting task backlog information: IOError: 
[2022-01-12 12:50:33,175 I 11112 11367] raylet_client.cc:336: Error reporting task backlog information: IOError: 
[2022-01-12 12:50:34,175 I 11112 11367] raylet_client.cc:336: Error reporting task backlog information: IOError: 
[2022-01-12 12:50:35,175 I 11112 11367] raylet_client.cc:336: Error reporting task backlog information: IOError: 
[2022-01-12 12:50:35,523 W 11112 11368] metric_exporter.cc:206: Export metrics to agent failed: IOError: . This won't affect Ray, but you can lose metrics from the cluster.
[2022-01-12 12:50:36,175 I 11112 11367] raylet_client.cc:336: Error reporting task backlog information: IOError: 
[2022-01-12 12:50:37,175 I 11112 11367] raylet_client.cc:336: Error reporting task backlog information: IOError: 
[2022-01-12 12:50:38,175 I 11112 11367] raylet_client.cc:336: Error reporting task backlog information: IOError: 
[2022-01-12 12:50:39,175 I 11112 11367] raylet_client.cc:336: Error reporting task backlog information: IOError: 
[2022-01-12 12:50:40,176 I 11112 11367] raylet_client.cc:336: Error reporting task backlog information: IOError: 
[2022-01-12 12:50:41,176 I 11112 11367] raylet_client.cc:336: Error reporting task backlog information: IOError: 
[2022-01-12 12:50:42,176 I 11112 11367] raylet_client.cc:336: Error reporting task backlog information: IOError: 
[2022-01-12 12:50:43,176 I 11112 11367] raylet_client.cc:336: Error reporting task backlog information: IOError: 
[2022-01-12 12:50:44,176 I 11112 11367] raylet_client.cc:336: Error reporting task backlog information: IOError: 
[2022-01-12 12:50:45,176 I 11112 11367] raylet_client.cc:336: Error reporting task backlog information: IOError: 
[2022-01-12 12:50:45,536 W 11112 11368] metric_exporter.cc:206: Export metrics to agent failed: IOError: . This won't affect Ray, but you can lose metrics from the cluster.
[2022-01-12 12:50:46,177 I 11112 11367] raylet_client.cc:336: Error reporting task backlog information: IOError: 
[2022-01-12 12:50:47,177 I 11112 11367] raylet_client.cc:336: Error reporting task backlog information: IOError: 
[2022-01-12 12:50:48,177 I 11112 11367] raylet_client.cc:336: Error reporting task backlog information: IOError: 
[2022-01-12 12:50:49,177 I 11112 11367] raylet_client.cc:336: Error reporting task backlog information: IOError: 
[2022-01-12 12:50:50,177 I 11112 11367] raylet_client.cc:336: Error reporting task backlog information: IOError: 
[2022-01-12 12:50:51,177 I 11112 11367] raylet_client.cc:336: Error reporting task backlog information: IOError: 
[2022-01-12 12:50:52,177 I 11112 11367] raylet_client.cc:336: Error reporting task backlog information: IOError: 
[2022-01-12 12:50:53,177 I 11112 11367] raylet_client.cc:336: Error reporting task backlog information: IOError: 
[2022-01-12 12:50:54,177 I 11112 11367] raylet_client.cc:336: Error reporting task backlog information: IOError: 
[2022-01-12 12:50:55,177 I 11112 11367] raylet_client.cc:336: Error reporting task backlog information: IOError: 
[2022-01-12 12:50:55,544 W 11112 11368] metric_exporter.cc:206: Export metrics to agent failed: IOError: . This won't affect Ray, but you can lose metrics from the cluster.
[2022-01-12 12:50:56,177 I 11112 11367] raylet_client.cc:336: Error reporting task backlog information: IOError: 
[2022-01-12 12:50:57,178 I 11112 11367] raylet_client.cc:336: Error reporting task backlog information: IOError: 
[2022-01-12 12:50:58,178 I 11112 11367] raylet_client.cc:336: Error reporting task backlog information: IOError: 
[2022-01-12 12:50:59,178 I 11112 11367] raylet_client.cc:336: Error reporting task backlog information: IOError: 
[2022-01-12 12:51:00,178 I 11112 11367] raylet_client.cc:336: Error reporting task backlog information: IOError: 
[2022-01-12 12:51:01,178 I 11112 11367] raylet_client.cc:336: Error reporting task backlog information: IOError: 
[2022-01-12 12:51:02,178 I 11112 11367] raylet_client.cc:336: Error reporting task backlog information: IOError: 
[2022-01-12 12:51:03,178 I 11112 11367] raylet_client.cc:336: Error reporting task backlog information: IOError: 
[2022-01-12 12:51:04,178 I 11112 11367] raylet_client.cc:336: Error reporting task backlog information: IOError: 
[2022-01-12 12:51:05,178 I 11112 11367] raylet_client.cc:336: Error reporting task backlog information: IOError: 
[2022-01-12 12:51:05,552 W 11112 11368] metric_exporter.cc:206: Export metrics to agent failed: IOError: . This won't affect Ray, but you can lose metrics from the cluster.
[2022-01-12 12:51:06,178 I 11112 11367] raylet_client.cc:336: Error reporting task backlog information: IOError: 
[2022-01-12 12:51:07,178 I 11112 11367] raylet_client.cc:336: Error reporting task backlog information: IOError: 
[2022-01-12 12:51:08,179 I 11112 11367] raylet_client.cc:336: Error reporting task backlog information: IOError: 
[2022-01-12 12:51:09,179 I 11112 11367] raylet_client.cc:336: Error reporting task backlog information: IOError: 
[2022-01-12 12:51:10,179 I 11112 11367] raylet_client.cc:336: Error reporting task backlog information: IOError: 
[2022-01-12 12:51:11,179 I 11112 11367] raylet_client.cc:336: Error reporting task backlog information: IOError: 
[2022-01-12 12:51:12,179 I 11112 11367] raylet_client.cc:336: Error reporting task backlog information: IOError: 
[2022-01-12 12:51:13,179 I 11112 11367] raylet_client.cc:336: Error reporting task backlog information: IOError: 
[2022-01-12 12:51:14,179 I 11112 11367] raylet_client.cc:336: Error reporting task backlog information: IOError: 
[2022-01-12 12:51:15,179 I 11112 11367] raylet_client.cc:336: Error reporting task backlog information: IOError: 
[2022-01-12 12:51:15,559 W 11112 11368] metric_exporter.cc:206: Export metrics to agent failed: IOError: . This won't affect Ray, but you can lose metrics from the cluster.
[2022-01-12 12:51:16,179 I 11112 11367] raylet_client.cc:336: Error reporting task backlog information: IOError: 
[2022-01-12 12:51:17,179 I 11112 11367] raylet_client.cc:336: Error reporting task backlog information: IOError: 
[2022-01-12 12:51:18,180 I 11112 11367] raylet_client.cc:336: Error reporting task backlog information: IOError: 
[2022-01-12 12:51:19,180 I 11112 11367] raylet_client.cc:336: Error reporting task backlog information: IOError: 
[2022-01-12 12:51:20,180 I 11112 11367] raylet_client.cc:336: Error reporting task backlog information: IOError: 
[2022-01-12 12:51:21,180 I 11112 11367] raylet_client.cc:336: Error reporting task backlog information: IOError: 
[2022-01-12 12:51:22,180 I 11112 11367] raylet_client.cc:336: Error reporting task backlog information: IOError: 
[2022-01-12 12:51:23,180 I 11112 11367] raylet_client.cc:336: Error reporting task backlog information: IOError: 
[2022-01-12 12:51:24,180 I 11112 11367] raylet_client.cc:336: Error reporting task backlog information: IOError: 
[2022-01-12 12:51:25,180 I 11112 11367] raylet_client.cc:336: Error reporting task backlog information: IOError: 
[2022-01-12 12:51:25,566 W 11112 11368] metric_exporter.cc:206: Export metrics to agent failed: IOError: . This won't affect Ray, but you can lose metrics from the cluster.
[2022-01-12 12:51:26,180 I 11112 11367] raylet_client.cc:336: Error reporting task backlog information: IOError: 
[2022-01-12 12:51:27,180 I 11112 11367] raylet_client.cc:336: Error reporting task backlog information: IOError: 
[2022-01-12 12:51:28,180 I 11112 11367] raylet_client.cc:336: Error reporting task backlog information: IOError: 
[2022-01-12 12:51:29,180 I 11112 11367] raylet_client.cc:336: Error reporting task backlog information: IOError: 
[2022-01-12 12:51:30,181 I 11112 11367] raylet_client.cc:336: Error reporting task backlog information: IOError: 
[2022-01-12 12:51:31,181 I 11112 11367] raylet_client.cc:336: Error reporting task backlog information: IOError: 
[2022-01-12 12:51:32,181 I 11112 11367] raylet_client.cc:336: Error reporting task backlog information: IOError: 
[2022-01-12 12:51:33,181 I 11112 11367] raylet_client.cc:336: Error reporting task backlog information: IOError: 
[2022-01-12 12:51:34,181 I 11112 11367] raylet_client.cc:336: Error reporting task backlog information: IOError: 
[2022-01-12 12:51:35,181 I 11112 11367] raylet_client.cc:336: Error reporting task backlog information: IOError: 
[2022-01-12 12:51:35,582 W 11112 11368] metric_exporter.cc:206: Export metrics to agent failed: IOError: . This won't affect Ray, but you can lose metrics from the cluster.
[2022-01-12 12:51:36,181 I 11112 11367] raylet_client.cc:336: Error reporting task backlog information: IOError: 
[2022-01-12 12:51:37,181 I 11112 11367] raylet_client.cc:336: Error reporting task backlog information: IOError: 
[2022-01-12 12:51:38,181 I 11112 11367] raylet_client.cc:336: Error reporting task backlog information: IOError: 
[2022-01-12 12:51:39,181 I 11112 11367] raylet_client.cc:336: Error reporting task backlog information: IOError: 
[2022-01-12 12:51:40,181 I 11112 11367] raylet_client.cc:336: Error reporting task backlog information: IOError: 
[2022-01-12 12:51:41,181 I 11112 11367] raylet_client.cc:336: Error reporting task backlog information: IOError: 
[2022-01-12 12:51:42,182 I 11112 11367] raylet_client.cc:336: Error reporting task backlog information: IOError: 
[2022-01-12 12:51:43,182 I 11112 11367] raylet_client.cc:336: Error reporting task backlog information: IOError: 
[2022-01-12 12:51:44,182 I 11112 11367] raylet_client.cc:336: Error reporting task backlog information: IOError: 
[2022-01-12 12:51:45,182 I 11112 11367] raylet_client.cc:336: Error reporting task backlog information: IOError: 
[2022-01-12 12:51:45,589 W 11112 11368] metric_exporter.cc:206: Export metrics to agent failed: IOError: . This won't affect Ray, but you can lose metrics from the cluster.
[2022-01-12 12:51:46,182 I 11112 11367] raylet_client.cc:336: Error reporting task backlog information: IOError: 
[2022-01-12 12:51:47,182 I 11112 11367] raylet_client.cc:336: Error reporting task backlog information: IOError: 
[2022-01-12 12:51:48,182 I 11112 11367] raylet_client.cc:336: Error reporting task backlog information: IOError: 
[2022-01-12 12:51:49,182 I 11112 11367] raylet_client.cc:336: Error reporting task backlog information: IOError: 
[2022-01-12 12:51:50,182 I 11112 11367] raylet_client.cc:336: Error reporting task backlog information: IOError: 
[2022-01-12 12:51:51,182 I 11112 11367] raylet_client.cc:336: Error reporting task backlog information: IOError: 
[2022-01-12 12:51:52,182 I 11112 11367] raylet_client.cc:336: Error reporting task backlog information: IOError: 
[2022-01-12 12:51:53,182 I 11112 11367] raylet_client.cc:336: Error reporting task backlog information: IOError: 
[2022-01-12 12:51:54,183 I 11112 11367] raylet_client.cc:336: Error reporting task backlog information: IOError: 
[2022-01-12 12:51:55,183 I 11112 11367] raylet_client.cc:336: Error reporting task backlog information: IOError: 
[2022-01-12 12:51:55,596 W 11112 11368] metric_exporter.cc:206: Export metrics to agent failed: IOError: . This won't affect Ray, but you can lose metrics from the cluster.
[2022-01-12 12:51:56,183 I 11112 11367] raylet_client.cc:336: Error reporting task backlog information: IOError: 
[2022-01-12 12:51:57,183 I 11112 11367] raylet_client.cc:336: Error reporting task backlog information: IOError: 
[2022-01-12 12:51:58,183 I 11112 11367] raylet_client.cc:336: Error reporting task backlog information: IOError: 
[2022-01-12 12:51:59,183 I 11112 11367] raylet_client.cc:336: Error reporting task backlog information: IOError: 
[2022-01-12 12:52:00,183 I 11112 11367] raylet_client.cc:336: Error reporting task backlog information: IOError: 
[2022-01-12 12:52:01,183 I 11112 11367] raylet_client.cc:336: Error reporting task backlog information: IOError: 
[2022-01-12 12:52:02,183 I 11112 11367] raylet_client.cc:336: Error reporting task backlog information: IOError: 
[2022-01-12 12:52:03,183 I 11112 11367] raylet_client.cc:336: Error reporting task backlog information: IOError: 
[2022-01-12 12:52:04,183 I 11112 11367] raylet_client.cc:336: Error reporting task backlog information: IOError: 
[2022-01-12 12:52:05,183 I 11112 11367] raylet_client.cc:336: Error reporting task backlog information: IOError: 
[2022-01-12 12:52:05,602 W 11112 11368] metric_exporter.cc:206: Export metrics to agent failed: IOError: . This won't affect Ray, but you can lose metrics from the cluster.
[2022-01-12 12:52:06,184 I 11112 11367] raylet_client.cc:336: Error reporting task backlog information: IOError: 
[2022-01-12 12:52:07,184 I 11112 11367] raylet_client.cc:336: Error reporting task backlog information: IOError: 
[2022-01-12 12:52:08,184 I 11112 11367] raylet_client.cc:336: Error reporting task backlog information: IOError: 
[2022-01-12 12:52:09,184 I 11112 11367] raylet_client.cc:336: Error reporting task backlog information: IOError: 
[2022-01-12 12:52:10,184 I 11112 11367] raylet_client.cc:336: Error reporting task backlog information: IOError: 
[2022-01-12 12:52:11,184 I 11112 11367] raylet_client.cc:336: Error reporting task backlog information: IOError: 
[2022-01-12 12:52:12,184 I 11112 11367] raylet_client.cc:336: Error reporting task backlog information: IOError: 
[2022-01-12 12:52:13,184 I 11112 11367] raylet_client.cc:336: Error reporting task backlog information: IOError: 
[2022-01-12 12:52:14,184 I 11112 11367] raylet_client.cc:336: Error reporting task backlog information: IOError: 
[2022-01-12 12:52:15,184 I 11112 11367] raylet_client.cc:336: Error reporting task backlog information: IOError: 
[2022-01-12 12:52:15,609 W 11112 11368] metric_exporter.cc:206: Export metrics to agent failed: IOError: . This won't affect Ray, but you can lose metrics from the cluster.
[2022-01-12 12:52:16,184 I 11112 11367] raylet_client.cc:336: Error reporting task backlog information: IOError: 
[2022-01-12 12:52:17,185 I 11112 11367] raylet_client.cc:336: Error reporting task backlog information: IOError: 
[2022-01-12 12:52:18,185 I 11112 11367] raylet_client.cc:336: Error reporting task backlog information: IOError: 
[2022-01-12 12:52:19,185 I 11112 11367] raylet_client.cc:336: Error reporting task backlog information: IOError: 
[2022-01-12 12:52:20,185 I 11112 11367] raylet_client.cc:336: Error reporting task backlog information: IOError: 
[2022-01-12 12:52:21,185 I 11112 11367] raylet_client.cc:336: Error reporting task backlog information: IOError: 
[2022-01-12 12:52:22,185 I 11112 11367] raylet_client.cc:336: Error reporting task backlog information: IOError: 
[2022-01-12 12:52:23,185 I 11112 11367] raylet_client.cc:336: Error reporting task backlog information: IOError: 
[2022-01-12 12:52:24,185 I 11112 11367] raylet_client.cc:336: Error reporting task backlog information: IOError: 
[2022-01-12 12:52:25,185 I 11112 11367] raylet_client.cc:336: Error reporting task backlog information: IOError: 
[2022-01-12 12:52:25,616 W 11112 11368] metric_exporter.cc:206: Export metrics to agent failed: IOError: . This won't affect Ray, but you can lose metrics from the cluster.
[2022-01-12 12:52:26,185 I 11112 11367] raylet_client.cc:336: Error reporting task backlog information: IOError: 
[2022-01-12 12:52:27,185 I 11112 11367] raylet_client.cc:336: Error reporting task backlog information: IOError: 
[2022-01-12 12:52:28,186 I 11112 11367] raylet_client.cc:336: Error reporting task backlog information: IOError: 
[2022-01-12 12:52:29,186 I 11112 11367] raylet_client.cc:336: Error reporting task backlog information: IOError: 
[2022-01-12 12:52:30,186 I 11112 11367] raylet_client.cc:336: Error reporting task backlog information: IOError: 
[2022-01-12 12:52:31,186 I 11112 11367] raylet_client.cc:336: Error reporting task backlog information: IOError: 
[2022-01-12 12:52:32,186 I 11112 11367] raylet_client.cc:336: Error reporting task backlog information: IOError: 
[2022-01-12 12:52:33,186 I 11112 11367] raylet_client.cc:336: Error reporting task backlog information: IOError: 
[2022-01-12 12:52:34,186 I 11112 11367] raylet_client.cc:336: Error reporting task backlog information: IOError: 
[2022-01-12 12:52:35,186 I 11112 11367] raylet_client.cc:336: Error reporting task backlog information: IOError: 
[2022-01-12 12:52:35,625 W 11112 11368] metric_exporter.cc:206: Export metrics to agent failed: IOError: . This won't affect Ray, but you can lose metrics from the cluster.
[2022-01-12 12:52:36,186 I 11112 11367] raylet_client.cc:336: Error reporting task backlog information: IOError: 
[2022-01-12 12:52:37,186 I 11112 11367] raylet_client.cc:336: Error reporting task backlog information: IOError: 
[2022-01-12 12:52:38,186 I 11112 11367] raylet_client.cc:336: Error reporting task backlog information: IOError: 
[2022-01-12 12:52:39,186 I 11112 11367] raylet_client.cc:336: Error reporting task backlog information: IOError: 
[2022-01-12 12:52:40,186 I 11112 11367] raylet_client.cc:336: Error reporting task backlog information: IOError: 
[2022-01-12 12:52:41,187 I 11112 11367] raylet_client.cc:336: Error reporting task backlog information: IOError: 
[2022-01-12 12:52:42,187 I 11112 11367] raylet_client.cc:336: Error reporting task backlog information: IOError: 
[2022-01-12 12:52:43,187 I 11112 11367] raylet_client.cc:336: Error reporting task backlog information: IOError: 
[2022-01-12 12:52:44,187 I 11112 11367] raylet_client.cc:336: Error reporting task backlog information: IOError: 
[2022-01-12 12:52:45,187 I 11112 11367] raylet_client.cc:336: Error reporting task backlog information: IOError: 
[2022-01-12 12:52:45,632 W 11112 11368] metric_exporter.cc:206: Export metrics to agent failed: IOError: . This won't affect Ray, but you can lose metrics from the cluster.
[2022-01-12 12:52:46,187 I 11112 11367] raylet_client.cc:336: Error reporting task backlog information: IOError: 
[2022-01-12 12:52:47,187 I 11112 11367] raylet_client.cc:336: Error reporting task backlog information: IOError: 
[2022-01-12 12:52:48,187 I 11112 11367] raylet_client.cc:336: Error reporting task backlog information: IOError: 
[2022-01-12 12:52:49,187 I 11112 11367] raylet_client.cc:336: Error reporting task backlog information: IOError: 
[2022-01-12 12:52:50,187 I 11112 11367] raylet_client.cc:336: Error reporting task backlog information: IOError: 
[2022-01-12 12:52:51,187 I 11112 11367] raylet_client.cc:336: Error reporting task backlog information: IOError: 
[2022-01-12 12:52:52,187 I 11112 11367] raylet_client.cc:336: Error reporting task backlog information: IOError: 
[2022-01-12 12:52:53,188 I 11112 11367] raylet_client.cc:336: Error reporting task backlog information: IOError: 
[2022-01-12 12:52:54,188 I 11112 11367] raylet_client.cc:336: Error reporting task backlog information: IOError: 
[2022-01-12 12:52:55,188 I 11112 11367] raylet_client.cc:336: Error reporting task backlog information: IOError: 
[2022-01-12 12:52:55,639 W 11112 11368] metric_exporter.cc:206: Export metrics to agent failed: IOError: . This won't affect Ray, but you can lose metrics from the cluster.
[2022-01-12 12:52:56,188 I 11112 11367] raylet_client.cc:336: Error reporting task backlog information: IOError: 
[2022-01-12 12:52:57,188 I 11112 11367] raylet_client.cc:336: Error reporting task backlog information: IOError: 
[2022-01-12 12:52:58,188 I 11112 11367] raylet_client.cc:336: Error reporting task backlog information: IOError: 
[2022-01-12 12:52:59,188 I 11112 11367] raylet_client.cc:336: Error reporting task backlog information: IOError: 
[2022-01-12 12:53:00,188 I 11112 11367] raylet_client.cc:336: Error reporting task backlog information: IOError: 
[2022-01-12 12:53:01,188 I 11112 11367] raylet_client.cc:336: Error reporting task backlog information: IOError: 
[2022-01-12 12:53:02,188 I 11112 11367] raylet_client.cc:336: Error reporting task backlog information: IOError: 
[2022-01-12 12:53:03,188 I 11112 11367] raylet_client.cc:336: Error reporting task backlog information: IOError: 
[2022-01-12 12:53:04,188 I 11112 11367] raylet_client.cc:336: Error reporting task backlog information: IOError: 
[2022-01-12 12:53:05,189 I 11112 11367] raylet_client.cc:336: Error reporting task backlog information: IOError: 
[2022-01-12 12:53:05,646 W 11112 11368] metric_exporter.cc:206: Export metrics to agent failed: IOError: . This won't affect Ray, but you can lose metrics from the cluster.
[2022-01-12 12:53:06,189 I 11112 11367] raylet_client.cc:336: Error reporting task backlog information: IOError: 
[2022-01-12 12:53:07,189 I 11112 11367] raylet_client.cc:336: Error reporting task backlog information: IOError: 
[2022-01-12 12:53:08,189 I 11112 11367] raylet_client.cc:336: Error reporting task backlog information: IOError: 
[2022-01-12 12:53:09,189 I 11112 11367] raylet_client.cc:336: Error reporting task backlog information: IOError: 
[2022-01-12 12:53:10,189 I 11112 11367] raylet_client.cc:336: Error reporting task backlog information: IOError: 
[2022-01-12 12:53:11,189 I 11112 11367] raylet_client.cc:336: Error reporting task backlog information: IOError: 
[2022-01-12 12:53:12,189 I 11112 11367] raylet_client.cc:336: Error reporting task backlog information: IOError: 
[2022-01-12 12:53:13,189 I 11112 11367] raylet_client.cc:336: Error reporting task backlog information: IOError: 
[2022-01-12 12:53:14,189 I 11112 11367] raylet_client.cc:336: Error reporting task backlog information: IOError: 
[2022-01-12 12:53:15,189 I 11112 11367] raylet_client.cc:336: Error reporting task backlog information: IOError: 
[2022-01-12 12:53:15,653 W 11112 11368] metric_exporter.cc:206: Export metrics to agent failed: IOError: . This won't affect Ray, but you can lose metrics from the cluster.
[2022-01-12 12:53:16,189 I 11112 11367] raylet_client.cc:336: Error reporting task backlog information: IOError: 
[2022-01-12 12:53:17,189 I 11112 11367] raylet_client.cc:336: Error reporting task backlog information: IOError: 
[2022-01-12 12:53:18,189 I 11112 11367] raylet_client.cc:336: Error reporting task backlog information: IOError: 
[2022-01-12 12:53:19,190 I 11112 11367] raylet_client.cc:336: Error reporting task backlog information: IOError: 
[2022-01-12 12:53:20,190 I 11112 11367] raylet_client.cc:336: Error reporting task backlog information: IOError: 
[2022-01-12 12:53:21,190 I 11112 11367] raylet_client.cc:336: Error reporting task backlog information: IOError: 
[2022-01-12 12:53:22,190 I 11112 11367] raylet_client.cc:336: Error reporting task backlog information: IOError: 
[2022-01-12 12:53:23,190 I 11112 11367] raylet_client.cc:336: Error reporting task backlog information: IOError: 
[2022-01-12 12:53:24,190 I 11112 11367] raylet_client.cc:336: Error reporting task backlog information: IOError: 
[2022-01-12 12:53:25,190 I 11112 11367] raylet_client.cc:336: Error reporting task backlog information: IOError: 
[2022-01-12 12:53:25,660 W 11112 11368] metric_exporter.cc:206: Export metrics to agent failed: IOError: . This won't affect Ray, but you can lose metrics from the cluster.
[2022-01-12 12:53:26,190 I 11112 11367] raylet_client.cc:336: Error reporting task backlog information: IOError: 
[2022-01-12 12:53:27,190 I 11112 11367] raylet_client.cc:336: Error reporting task backlog information: IOError: 
[2022-01-12 12:53:28,190 I 11112 11367] raylet_client.cc:336: Error reporting task backlog information: IOError: 
[2022-01-12 12:53:29,190 I 11112 11367] raylet_client.cc:336: Error reporting task backlog information: IOError: 
[2022-01-12 12:53:30,190 I 11112 11367] raylet_client.cc:336: Error reporting task backlog information: IOError: 
[2022-01-12 12:53:31,190 I 11112 11367] raylet_client.cc:336: Error reporting task backlog information: IOError: 
[2022-01-12 12:53:32,191 I 11112 11367] raylet_client.cc:336: Error reporting task backlog information: IOError: 
[2022-01-12 12:53:33,191 I 11112 11367] raylet_client.cc:336: Error reporting task backlog information: IOError: 
[2022-01-12 12:53:34,191 I 11112 11367] raylet_client.cc:336: Error reporting task backlog information: IOError: 
[2022-01-12 12:53:35,191 I 11112 11367] raylet_client.cc:336: Error reporting task backlog information: IOError: 
[2022-01-12 12:53:35,666 W 11112 11368] metric_exporter.cc:206: Export metrics to agent failed: IOError: . This won't affect Ray, but you can lose metrics from the cluster.
[2022-01-12 12:53:36,191 I 11112 11367] raylet_client.cc:336: Error reporting task backlog information: IOError: 
[2022-01-12 12:53:37,191 I 11112 11367] raylet_client.cc:336: Error reporting task backlog information: IOError: 
[2022-01-12 12:53:38,191 I 11112 11367] raylet_client.cc:336: Error reporting task backlog information: IOError: 
[2022-01-12 12:53:39,191 I 11112 11367] raylet_client.cc:336: Error reporting task backlog information: IOError: 
[2022-01-12 12:53:40,191 I 11112 11367] raylet_client.cc:336: Error reporting task backlog information: IOError: 
[2022-01-12 12:53:41,191 I 11112 11367] raylet_client.cc:336: Error reporting task backlog information: IOError: 
[2022-01-12 12:53:42,191 I 11112 11367] raylet_client.cc:336: Error reporting task backlog information: IOError: 
[2022-01-12 12:53:43,191 I 11112 11367] raylet_client.cc:336: Error reporting task backlog information: IOError: 
[2022-01-12 12:53:44,191 I 11112 11367] raylet_client.cc:336: Error reporting task backlog information: IOError: 
[2022-01-12 12:53:45,191 I 11112 11367] raylet_client.cc:336: Error reporting task backlog information: IOError: 
[2022-01-12 12:53:45,673 W 11112 11368] metric_exporter.cc:206: Export metrics to agent failed: IOError: . This won't affect Ray, but you can lose metrics from the cluster.
[2022-01-12 12:53:46,191 I 11112 11367] raylet_client.cc:336: Error reporting task backlog information: IOError: 
[2022-01-12 12:53:47,192 I 11112 11367] raylet_client.cc:336: Error reporting task backlog information: IOError: 
[2022-01-12 12:53:48,192 I 11112 11367] raylet_client.cc:336: Error reporting task backlog information: IOError: 
[2022-01-12 12:53:49,192 I 11112 11367] raylet_client.cc:336: Error reporting task backlog information: IOError: 
[2022-01-12 12:53:50,192 I 11112 11367] raylet_client.cc:336: Error reporting task backlog information: IOError: 
[2022-01-12 12:53:51,192 I 11112 11367] raylet_client.cc:336: Error reporting task backlog information: IOError: 
[2022-01-12 12:53:52,192 I 11112 11367] raylet_client.cc:336: Error reporting task backlog information: IOError: 
[2022-01-12 12:53:53,192 I 11112 11367] raylet_client.cc:336: Error reporting task backlog information: IOError: 
[2022-01-12 12:53:54,192 I 11112 11367] raylet_client.cc:336: Error reporting task backlog information: IOError: 
[2022-01-12 12:53:55,192 I 11112 11367] raylet_client.cc:336: Error reporting task backlog information: IOError: 
[2022-01-12 12:53:55,680 W 11112 11368] metric_exporter.cc:206: Export metrics to agent failed: IOError: . This won't affect Ray, but you can lose metrics from the cluster.
[2022-01-12 12:53:56,192 I 11112 11367] raylet_client.cc:336: Error reporting task backlog information: IOError: 
[2022-01-12 12:53:57,192 I 11112 11367] raylet_client.cc:336: Error reporting task backlog information: IOError: 
[2022-01-12 12:53:58,192 I 11112 11367] raylet_client.cc:336: Error reporting task backlog information: IOError: 
[2022-01-12 12:53:59,192 I 11112 11367] raylet_client.cc:336: Error reporting task backlog information: IOError: 
[2022-01-12 12:54:00,192 I 11112 11367] raylet_client.cc:336: Error reporting task backlog information: IOError: 
[2022-01-12 12:54:01,193 I 11112 11367] raylet_client.cc:336: Error reporting task backlog information: IOError: 
[2022-01-12 12:54:02,193 I 11112 11367] raylet_client.cc:336: Error reporting task backlog information: IOError: 
[2022-01-12 12:54:03,193 I 11112 11367] raylet_client.cc:336: Error reporting task backlog information: IOError: 
[2022-01-12 12:54:04,193 I 11112 11367] raylet_client.cc:336: Error reporting task backlog information: IOError: 
[2022-01-12 12:54:05,193 I 11112 11367] raylet_client.cc:336: Error reporting task backlog information: IOError: 
[2022-01-12 12:54:05,687 W 11112 11368] metric_exporter.cc:206: Export metrics to agent failed: IOError: . This won't affect Ray, but you can lose metrics from the cluster.
[2022-01-12 12:54:06,193 I 11112 11367] raylet_client.cc:336: Error reporting task backlog information: IOError: 
[2022-01-12 12:54:07,193 I 11112 11367] raylet_client.cc:336: Error reporting task backlog information: IOError: 
[2022-01-12 12:54:08,193 I 11112 11367] raylet_client.cc:336: Error reporting task backlog information: IOError: 
[2022-01-12 12:54:09,193 I 11112 11367] raylet_client.cc:336: Error reporting task backlog information: IOError: 
[2022-01-12 12:54:10,193 I 11112 11367] raylet_client.cc:336: Error reporting task backlog information: IOError: 
[2022-01-12 12:54:11,193 I 11112 11367] raylet_client.cc:336: Error reporting task backlog information: IOError: 
[2022-01-12 12:54:12,193 I 11112 11367] raylet_client.cc:336: Error reporting task backlog information: IOError: 
[2022-01-12 12:54:13,193 I 11112 11367] raylet_client.cc:336: Error reporting task backlog information: IOError: 
[2022-01-12 12:54:14,193 I 11112 11367] raylet_client.cc:336: Error reporting task backlog information: IOError: 
[2022-01-12 12:54:15,193 I 11112 11367] raylet_client.cc:336: Error reporting task backlog information: IOError: 
[2022-01-12 12:54:15,700 W 11112 11368] metric_exporter.cc:206: Export metrics to agent failed: IOError: . This won't affect Ray, but you can lose metrics from the cluster.
[2022-01-12 12:54:16,194 I 11112 11367] raylet_client.cc:336: Error reporting task backlog information: IOError: 
[2022-01-12 12:54:17,194 I 11112 11367] raylet_client.cc:336: Error reporting task backlog information: IOError: 
[2022-01-12 12:54:18,194 I 11112 11367] raylet_client.cc:336: Error reporting task backlog information: IOError: 
[2022-01-12 12:54:19,194 I 11112 11367] raylet_client.cc:336: Error reporting task backlog information: IOError: 
[2022-01-12 12:54:20,194 I 11112 11367] raylet_client.cc:336: Error reporting task backlog information: IOError: 
[2022-01-12 12:54:21,194 I 11112 11367] raylet_client.cc:336: Error reporting task backlog information: IOError: 
[2022-01-12 12:54:22,194 I 11112 11367] raylet_client.cc:336: Error reporting task backlog information: IOError: 
[2022-01-12 12:54:23,194 I 11112 11367] raylet_client.cc:336: Error reporting task backlog information: IOError: 
[2022-01-12 12:54:24,194 I 11112 11367] raylet_client.cc:336: Error reporting task backlog information: IOError: 
[2022-01-12 12:54:25,194 I 11112 11367] raylet_client.cc:336: Error reporting task backlog information: IOError: 
[2022-01-12 12:54:25,707 W 11112 11368] metric_exporter.cc:206: Export metrics to agent failed: IOError: . This won't affect Ray, but you can lose metrics from the cluster.
[2022-01-12 12:54:26,194 I 11112 11367] raylet_client.cc:336: Error reporting task backlog information: IOError: 
[2022-01-12 12:54:27,194 I 11112 11367] raylet_client.cc:336: Error reporting task backlog information: IOError: 
[2022-01-12 12:54:28,194 I 11112 11367] raylet_client.cc:336: Error reporting task backlog information: IOError: 
[2022-01-12 12:54:29,194 I 11112 11367] raylet_client.cc:336: Error reporting task backlog information: IOError: 
[2022-01-12 12:54:30,195 I 11112 11367] raylet_client.cc:336: Error reporting task backlog information: IOError: 
[2022-01-12 12:54:31,195 I 11112 11367] raylet_client.cc:336: Error reporting task backlog information: IOError: 
[2022-01-12 12:54:32,195 I 11112 11367] raylet_client.cc:336: Error reporting task backlog information: IOError: 
[2022-01-12 12:54:33,195 I 11112 11367] raylet_client.cc:336: Error reporting task backlog information: IOError: 
[2022-01-12 12:54:34,195 I 11112 11367] raylet_client.cc:336: Error reporting task backlog information: IOError: 
[2022-01-12 12:54:35,195 I 11112 11367] raylet_client.cc:336: Error reporting task backlog information: IOError: 
[2022-01-12 12:54:35,713 W 11112 11368] metric_exporter.cc:206: Export metrics to agent failed: IOError: . This won't affect Ray, but you can lose metrics from the cluster.
[2022-01-12 12:54:36,195 I 11112 11367] raylet_client.cc:336: Error reporting task backlog information: IOError: 
[2022-01-12 12:54:37,195 I 11112 11367] raylet_client.cc:336: Error reporting task backlog information: IOError: 
[2022-01-12 12:54:38,195 I 11112 11367] raylet_client.cc:336: Error reporting task backlog information: IOError: 
[2022-01-12 12:54:39,195 I 11112 11367] raylet_client.cc:336: Error reporting task backlog information: IOError: 
[2022-01-12 12:54:40,195 I 11112 11367] raylet_client.cc:336: Error reporting task backlog information: IOError: 
[2022-01-12 12:54:41,195 I 11112 11367] raylet_client.cc:336: Error reporting task backlog information: IOError: 
[2022-01-12 12:54:42,195 I 11112 11367] raylet_client.cc:336: Error reporting task backlog information: IOError: 
[2022-01-12 12:54:43,195 I 11112 11367] raylet_client.cc:336: Error reporting task backlog information: IOError: 
[2022-01-12 12:54:44,196 I 11112 11367] raylet_client.cc:336: Error reporting task backlog information: IOError: 
[2022-01-12 12:54:45,196 I 11112 11367] raylet_client.cc:336: Error reporting task backlog information: IOError: 
[2022-01-12 12:54:45,720 W 11112 11368] metric_exporter.cc:206: Export metrics to agent failed: IOError: . This won't affect Ray, but you can lose metrics from the cluster.
[2022-01-12 12:54:46,196 I 11112 11367] raylet_client.cc:336: Error reporting task backlog information: IOError: 
[2022-01-12 12:54:47,196 I 11112 11367] raylet_client.cc:336: Error reporting task backlog information: IOError: 
[2022-01-12 12:54:48,196 I 11112 11367] raylet_client.cc:336: Error reporting task backlog information: IOError: 
[2022-01-12 12:54:49,196 I 11112 11367] raylet_client.cc:336: Error reporting task backlog information: IOError: 
[2022-01-12 12:54:50,196 I 11112 11367] raylet_client.cc:336: Error reporting task backlog information: IOError: 
[2022-01-12 12:54:51,196 I 11112 11367] raylet_client.cc:336: Error reporting task backlog information: IOError: 
[2022-01-12 12:54:52,196 I 11112 11367] raylet_client.cc:336: Error reporting task backlog information: IOError: 
[2022-01-12 12:54:53,196 I 11112 11367] raylet_client.cc:336: Error reporting task backlog information: IOError: 
[2022-01-12 12:54:54,196 I 11112 11367] raylet_client.cc:336: Error reporting task backlog information: IOError: 
[2022-01-12 12:54:55,196 I 11112 11367] raylet_client.cc:336: Error reporting task backlog information: IOError: 
[2022-01-12 12:54:55,727 W 11112 11368] metric_exporter.cc:206: Export metrics to agent failed: IOError: . This won't affect Ray, but you can lose metrics from the cluster.
[2022-01-12 12:54:56,196 I 11112 11367] raylet_client.cc:336: Error reporting task backlog information: IOError: 
[2022-01-12 12:54:57,196 I 11112 11367] raylet_client.cc:336: Error reporting task backlog information: IOError: 
[2022-01-12 12:54:58,196 I 11112 11367] raylet_client.cc:336: Error reporting task backlog information: IOError: 
[2022-01-12 12:54:59,197 I 11112 11367] raylet_client.cc:336: Error reporting task backlog information: IOError: 
[2022-01-12 12:55:00,197 I 11112 11367] raylet_client.cc:336: Error reporting task backlog information: IOError: 
[2022-01-12 12:55:01,197 I 11112 11367] raylet_client.cc:336: Error reporting task backlog information: IOError: 
[2022-01-12 12:55:02,197 I 11112 11367] raylet_client.cc:336: Error reporting task backlog information: IOError: 
[2022-01-12 12:55:03,197 I 11112 11367] raylet_client.cc:336: Error reporting task backlog information: IOError: 
[2022-01-12 12:55:04,197 I 11112 11367] raylet_client.cc:336: Error reporting task backlog information: IOError: 
[2022-01-12 12:55:05,197 I 11112 11367] raylet_client.cc:336: Error reporting task backlog information: IOError: 
[2022-01-12 12:55:05,734 W 11112 11368] metric_exporter.cc:206: Export metrics to agent failed: IOError: . This won't affect Ray, but you can lose metrics from the cluster.
[2022-01-12 12:55:06,197 I 11112 11367] raylet_client.cc:336: Error reporting task backlog information: IOError: 
[2022-01-12 12:55:07,076 E 11112 11268] gcs_server_address_updater.cc:76: Failed to receive the GCS address for 600 times without success. The worker will exit ungracefully. It is because GCS has died. It could be because there was an issue that kills GCS, such as high memory usage triggering OOM killer to kill GCS. Cluster will be highly likely unavailable if you see this log. Please check the log from gcs_server.err.
