[2022-01-12 12:43:14,896 I 11120 11120] core_worker.cc:132: Constructing CoreWorkerProcess. pid: 11120
[2022-01-12 12:43:15,000 I 11120 11120] grpc_server.cc:112: worker server started, listening on port 46149.
[2022-01-12 12:43:15,005 I 11120 11120] core_worker.cc:479: Initializing worker at address: 131.215.21.210:46149, worker ID 638c8c82b3a904e5cc10ae6a7e2ca6896530f7a61f7b2d09d4c21048, raylet 243f4bce0c5cbb91e66e38927998e90476778e9c3a25f81a0fb86acb
[2022-01-12 12:43:15,113 I 11120 11120] io_service_pool.cc:35: IOServicePool is running with 1 io_service.
[2022-01-12 12:43:15,189 I 11120 11354] accessor.cc:560: Received notification for node id = 243f4bce0c5cbb91e66e38927998e90476778e9c3a25f81a0fb86acb, IsAlive = 1
[2022-01-12 12:45:08,030 W 11120 11269] gcs_server_address_updater.cc:61: [1] Failed to get the gcs server address from raylet 1 times in a row. If it keeps failing to obtain the address, the worker might crash. Connection status IOError: 
[2022-01-12 12:45:09,030 I 11120 11354] raylet_client.cc:336: Error reporting task backlog information: IOError: 
[2022-01-12 12:45:09,193 I 11120 11354] raylet_client.cc:336: Error reporting task backlog information: IOError: 
[2022-01-12 12:45:10,193 I 11120 11354] raylet_client.cc:336: Error reporting task backlog information: IOError: 
[2022-01-12 12:45:11,193 I 11120 11354] raylet_client.cc:336: Error reporting task backlog information: IOError: 
[2022-01-12 12:45:12,194 I 11120 11354] raylet_client.cc:336: Error reporting task backlog information: IOError: 
[2022-01-12 12:45:13,194 I 11120 11354] raylet_client.cc:336: Error reporting task backlog information: IOError: 
[2022-01-12 12:45:14,194 I 11120 11354] raylet_client.cc:336: Error reporting task backlog information: IOError: 
[2022-01-12 12:45:15,194 I 11120 11354] raylet_client.cc:336: Error reporting task backlog information: IOError: 
[2022-01-12 12:45:15,210 W 11120 11355] metric_exporter.cc:206: Export metrics to agent failed: IOError: . This won't affect Ray, but you can lose metrics from the cluster.
[2022-01-12 12:45:16,194 I 11120 11354] raylet_client.cc:336: Error reporting task backlog information: IOError: 
[2022-01-12 12:45:17,194 I 11120 11354] raylet_client.cc:336: Error reporting task backlog information: IOError: 
[2022-01-12 12:45:18,194 I 11120 11354] raylet_client.cc:336: Error reporting task backlog information: IOError: 
[2022-01-12 12:45:19,194 I 11120 11354] raylet_client.cc:336: Error reporting task backlog information: IOError: 
[2022-01-12 12:45:20,194 I 11120 11354] raylet_client.cc:336: Error reporting task backlog information: IOError: 
[2022-01-12 12:45:21,194 I 11120 11354] raylet_client.cc:336: Error reporting task backlog information: IOError: 
[2022-01-12 12:45:22,194 I 11120 11354] raylet_client.cc:336: Error reporting task backlog information: IOError: 
[2022-01-12 12:45:23,195 I 11120 11354] raylet_client.cc:336: Error reporting task backlog information: IOError: 
[2022-01-12 12:45:24,195 I 11120 11354] raylet_client.cc:336: Error reporting task backlog information: IOError: 
[2022-01-12 12:45:25,195 I 11120 11354] raylet_client.cc:336: Error reporting task backlog information: IOError: 
[2022-01-12 12:45:25,218 W 11120 11355] metric_exporter.cc:206: Export metrics to agent failed: IOError: . This won't affect Ray, but you can lose metrics from the cluster.
[2022-01-12 12:45:26,195 I 11120 11354] raylet_client.cc:336: Error reporting task backlog information: IOError: 
[2022-01-12 12:45:27,195 I 11120 11354] raylet_client.cc:336: Error reporting task backlog information: IOError: 
[2022-01-12 12:45:28,195 I 11120 11354] raylet_client.cc:336: Error reporting task backlog information: IOError: 
[2022-01-12 12:45:29,195 I 11120 11354] raylet_client.cc:336: Error reporting task backlog information: IOError: 
[2022-01-12 12:45:30,195 I 11120 11354] raylet_client.cc:336: Error reporting task backlog information: IOError: 
[2022-01-12 12:45:31,195 I 11120 11354] raylet_client.cc:336: Error reporting task backlog information: IOError: 
[2022-01-12 12:45:32,196 I 11120 11354] raylet_client.cc:336: Error reporting task backlog information: IOError: 
[2022-01-12 12:45:33,196 I 11120 11354] raylet_client.cc:336: Error reporting task backlog information: IOError: 
[2022-01-12 12:45:34,196 I 11120 11354] raylet_client.cc:336: Error reporting task backlog information: IOError: 
[2022-01-12 12:45:35,196 I 11120 11354] raylet_client.cc:336: Error reporting task backlog information: IOError: 
[2022-01-12 12:45:35,226 W 11120 11355] metric_exporter.cc:206: Export metrics to agent failed: IOError: . This won't affect Ray, but you can lose metrics from the cluster.
[2022-01-12 12:45:36,196 I 11120 11354] raylet_client.cc:336: Error reporting task backlog information: IOError: 
[2022-01-12 12:45:37,196 I 11120 11354] raylet_client.cc:336: Error reporting task backlog information: IOError: 
[2022-01-12 12:45:38,196 I 11120 11354] raylet_client.cc:336: Error reporting task backlog information: IOError: 
[2022-01-12 12:45:39,196 I 11120 11354] raylet_client.cc:336: Error reporting task backlog information: IOError: 
[2022-01-12 12:45:40,196 I 11120 11354] raylet_client.cc:336: Error reporting task backlog information: IOError: 
[2022-01-12 12:45:41,196 I 11120 11354] raylet_client.cc:336: Error reporting task backlog information: IOError: 
[2022-01-12 12:45:42,196 I 11120 11354] raylet_client.cc:336: Error reporting task backlog information: IOError: 
[2022-01-12 12:45:43,196 I 11120 11354] raylet_client.cc:336: Error reporting task backlog information: IOError: 
[2022-01-12 12:45:44,197 I 11120 11354] raylet_client.cc:336: Error reporting task backlog information: IOError: 
[2022-01-12 12:45:45,197 I 11120 11354] raylet_client.cc:336: Error reporting task backlog information: IOError: 
[2022-01-12 12:45:45,234 W 11120 11355] metric_exporter.cc:206: Export metrics to agent failed: IOError: . This won't affect Ray, but you can lose metrics from the cluster.
[2022-01-12 12:45:46,197 I 11120 11354] raylet_client.cc:336: Error reporting task backlog information: IOError: 
[2022-01-12 12:45:47,197 I 11120 11354] raylet_client.cc:336: Error reporting task backlog information: IOError: 
[2022-01-12 12:45:48,197 I 11120 11354] raylet_client.cc:336: Error reporting task backlog information: IOError: 
[2022-01-12 12:45:49,197 I 11120 11354] raylet_client.cc:336: Error reporting task backlog information: IOError: 
[2022-01-12 12:45:50,197 I 11120 11354] raylet_client.cc:336: Error reporting task backlog information: IOError: 
[2022-01-12 12:45:51,197 I 11120 11354] raylet_client.cc:336: Error reporting task backlog information: IOError: 
[2022-01-12 12:45:52,198 I 11120 11354] raylet_client.cc:336: Error reporting task backlog information: IOError: 
[2022-01-12 12:45:53,198 I 11120 11354] raylet_client.cc:336: Error reporting task backlog information: IOError: 
[2022-01-12 12:45:54,198 I 11120 11354] raylet_client.cc:336: Error reporting task backlog information: IOError: 
[2022-01-12 12:45:55,198 I 11120 11354] raylet_client.cc:336: Error reporting task backlog information: IOError: 
[2022-01-12 12:45:55,241 W 11120 11355] metric_exporter.cc:206: Export metrics to agent failed: IOError: . This won't affect Ray, but you can lose metrics from the cluster.
[2022-01-12 12:45:56,198 I 11120 11354] raylet_client.cc:336: Error reporting task backlog information: IOError: 
[2022-01-12 12:45:57,198 I 11120 11354] raylet_client.cc:336: Error reporting task backlog information: IOError: 
[2022-01-12 12:45:58,199 I 11120 11354] raylet_client.cc:336: Error reporting task backlog information: IOError: 
[2022-01-12 12:45:59,199 I 11120 11354] raylet_client.cc:336: Error reporting task backlog information: IOError: 
[2022-01-12 12:46:00,199 I 11120 11354] raylet_client.cc:336: Error reporting task backlog information: IOError: 
[2022-01-12 12:46:01,199 I 11120 11354] raylet_client.cc:336: Error reporting task backlog information: IOError: 
[2022-01-12 12:46:02,199 I 11120 11354] raylet_client.cc:336: Error reporting task backlog information: IOError: 
[2022-01-12 12:46:03,199 I 11120 11354] raylet_client.cc:336: Error reporting task backlog information: IOError: 
[2022-01-12 12:46:04,199 I 11120 11354] raylet_client.cc:336: Error reporting task backlog information: IOError: 
[2022-01-12 12:46:05,199 I 11120 11354] raylet_client.cc:336: Error reporting task backlog information: IOError: 
[2022-01-12 12:46:05,249 W 11120 11355] metric_exporter.cc:206: Export metrics to agent failed: IOError: . This won't affect Ray, but you can lose metrics from the cluster.
[2022-01-12 12:46:06,199 I 11120 11354] raylet_client.cc:336: Error reporting task backlog information: IOError: 
[2022-01-12 12:46:07,199 I 11120 11354] raylet_client.cc:336: Error reporting task backlog information: IOError: 
[2022-01-12 12:46:08,199 I 11120 11354] raylet_client.cc:336: Error reporting task backlog information: IOError: 
[2022-01-12 12:46:09,199 I 11120 11354] raylet_client.cc:336: Error reporting task backlog information: IOError: 
[2022-01-12 12:46:10,200 I 11120 11354] raylet_client.cc:336: Error reporting task backlog information: IOError: 
[2022-01-12 12:46:11,200 I 11120 11354] raylet_client.cc:336: Error reporting task backlog information: IOError: 
[2022-01-12 12:46:12,200 I 11120 11354] raylet_client.cc:336: Error reporting task backlog information: IOError: 
[2022-01-12 12:46:13,200 I 11120 11354] raylet_client.cc:336: Error reporting task backlog information: IOError: 
[2022-01-12 12:46:14,200 I 11120 11354] raylet_client.cc:336: Error reporting task backlog information: IOError: 
[2022-01-12 12:46:15,200 I 11120 11354] raylet_client.cc:336: Error reporting task backlog information: IOError: 
[2022-01-12 12:46:15,258 W 11120 11355] metric_exporter.cc:206: Export metrics to agent failed: IOError: . This won't affect Ray, but you can lose metrics from the cluster.
[2022-01-12 12:46:16,200 I 11120 11354] raylet_client.cc:336: Error reporting task backlog information: IOError: 
[2022-01-12 12:46:17,200 I 11120 11354] raylet_client.cc:336: Error reporting task backlog information: IOError: 
[2022-01-12 12:46:18,200 I 11120 11354] raylet_client.cc:336: Error reporting task backlog information: IOError: 
[2022-01-12 12:46:19,200 I 11120 11354] raylet_client.cc:336: Error reporting task backlog information: IOError: 
[2022-01-12 12:46:20,201 I 11120 11354] raylet_client.cc:336: Error reporting task backlog information: IOError: 
[2022-01-12 12:46:21,201 I 11120 11354] raylet_client.cc:336: Error reporting task backlog information: IOError: 
[2022-01-12 12:46:22,201 I 11120 11354] raylet_client.cc:336: Error reporting task backlog information: IOError: 
[2022-01-12 12:46:23,201 I 11120 11354] raylet_client.cc:336: Error reporting task backlog information: IOError: 
[2022-01-12 12:46:24,201 I 11120 11354] raylet_client.cc:336: Error reporting task backlog information: IOError: 
[2022-01-12 12:46:25,201 I 11120 11354] raylet_client.cc:336: Error reporting task backlog information: IOError: 
[2022-01-12 12:46:25,266 W 11120 11355] metric_exporter.cc:206: Export metrics to agent failed: IOError: . This won't affect Ray, but you can lose metrics from the cluster.
[2022-01-12 12:46:26,201 I 11120 11354] raylet_client.cc:336: Error reporting task backlog information: IOError: 
[2022-01-12 12:46:27,201 I 11120 11354] raylet_client.cc:336: Error reporting task backlog information: IOError: 
[2022-01-12 12:46:28,201 I 11120 11354] raylet_client.cc:336: Error reporting task backlog information: IOError: 
[2022-01-12 12:46:29,202 I 11120 11354] raylet_client.cc:336: Error reporting task backlog information: IOError: 
[2022-01-12 12:46:30,202 I 11120 11354] raylet_client.cc:336: Error reporting task backlog information: IOError: 
[2022-01-12 12:46:31,202 I 11120 11354] raylet_client.cc:336: Error reporting task backlog information: IOError: 
[2022-01-12 12:46:32,202 I 11120 11354] raylet_client.cc:336: Error reporting task backlog information: IOError: 
[2022-01-12 12:46:33,202 I 11120 11354] raylet_client.cc:336: Error reporting task backlog information: IOError: 
[2022-01-12 12:46:34,202 I 11120 11354] raylet_client.cc:336: Error reporting task backlog information: IOError: 
[2022-01-12 12:46:35,202 I 11120 11354] raylet_client.cc:336: Error reporting task backlog information: IOError: 
[2022-01-12 12:46:35,274 W 11120 11355] metric_exporter.cc:206: Export metrics to agent failed: IOError: . This won't affect Ray, but you can lose metrics from the cluster.
[2022-01-12 12:46:36,202 I 11120 11354] raylet_client.cc:336: Error reporting task backlog information: IOError: 
[2022-01-12 12:46:37,202 I 11120 11354] raylet_client.cc:336: Error reporting task backlog information: IOError: 
[2022-01-12 12:46:38,202 I 11120 11354] raylet_client.cc:336: Error reporting task backlog information: IOError: 
[2022-01-12 12:46:39,202 I 11120 11354] raylet_client.cc:336: Error reporting task backlog information: IOError: 
[2022-01-12 12:46:40,203 I 11120 11354] raylet_client.cc:336: Error reporting task backlog information: IOError: 
[2022-01-12 12:46:41,203 I 11120 11354] raylet_client.cc:336: Error reporting task backlog information: IOError: 
[2022-01-12 12:46:42,203 I 11120 11354] raylet_client.cc:336: Error reporting task backlog information: IOError: 
[2022-01-12 12:46:43,203 I 11120 11354] raylet_client.cc:336: Error reporting task backlog information: IOError: 
[2022-01-12 12:46:44,203 I 11120 11354] raylet_client.cc:336: Error reporting task backlog information: IOError: 
[2022-01-12 12:46:45,203 I 11120 11354] raylet_client.cc:336: Error reporting task backlog information: IOError: 
[2022-01-12 12:46:45,281 W 11120 11355] metric_exporter.cc:206: Export metrics to agent failed: IOError: . This won't affect Ray, but you can lose metrics from the cluster.
[2022-01-12 12:46:46,203 I 11120 11354] raylet_client.cc:336: Error reporting task backlog information: IOError: 
[2022-01-12 12:46:47,203 I 11120 11354] raylet_client.cc:336: Error reporting task backlog information: IOError: 
[2022-01-12 12:46:48,203 I 11120 11354] raylet_client.cc:336: Error reporting task backlog information: IOError: 
[2022-01-12 12:46:49,203 I 11120 11354] raylet_client.cc:336: Error reporting task backlog information: IOError: 
[2022-01-12 12:46:50,203 I 11120 11354] raylet_client.cc:336: Error reporting task backlog information: IOError: 
[2022-01-12 12:46:51,204 I 11120 11354] raylet_client.cc:336: Error reporting task backlog information: IOError: 
[2022-01-12 12:46:52,204 I 11120 11354] raylet_client.cc:336: Error reporting task backlog information: IOError: 
[2022-01-12 12:46:53,204 I 11120 11354] raylet_client.cc:336: Error reporting task backlog information: IOError: 
[2022-01-12 12:46:54,204 I 11120 11354] raylet_client.cc:336: Error reporting task backlog information: IOError: 
[2022-01-12 12:46:55,204 I 11120 11354] raylet_client.cc:336: Error reporting task backlog information: IOError: 
[2022-01-12 12:46:55,290 W 11120 11355] metric_exporter.cc:206: Export metrics to agent failed: IOError: . This won't affect Ray, but you can lose metrics from the cluster.
[2022-01-12 12:46:56,204 I 11120 11354] raylet_client.cc:336: Error reporting task backlog information: IOError: 
[2022-01-12 12:46:57,204 I 11120 11354] raylet_client.cc:336: Error reporting task backlog information: IOError: 
[2022-01-12 12:46:58,204 I 11120 11354] raylet_client.cc:336: Error reporting task backlog information: IOError: 
[2022-01-12 12:46:59,204 I 11120 11354] raylet_client.cc:336: Error reporting task backlog information: IOError: 
[2022-01-12 12:47:00,204 I 11120 11354] raylet_client.cc:336: Error reporting task backlog information: IOError: 
[2022-01-12 12:47:01,205 I 11120 11354] raylet_client.cc:336: Error reporting task backlog information: IOError: 
[2022-01-12 12:47:02,205 I 11120 11354] raylet_client.cc:336: Error reporting task backlog information: IOError: 
[2022-01-12 12:47:03,205 I 11120 11354] raylet_client.cc:336: Error reporting task backlog information: IOError: 
[2022-01-12 12:47:04,205 I 11120 11354] raylet_client.cc:336: Error reporting task backlog information: IOError: 
[2022-01-12 12:47:05,205 I 11120 11354] raylet_client.cc:336: Error reporting task backlog information: IOError: 
[2022-01-12 12:47:05,298 W 11120 11355] metric_exporter.cc:206: Export metrics to agent failed: IOError: . This won't affect Ray, but you can lose metrics from the cluster.
[2022-01-12 12:47:06,205 I 11120 11354] raylet_client.cc:336: Error reporting task backlog information: IOError: 
[2022-01-12 12:47:07,205 I 11120 11354] raylet_client.cc:336: Error reporting task backlog information: IOError: 
[2022-01-12 12:47:08,205 I 11120 11354] raylet_client.cc:336: Error reporting task backlog information: IOError: 
[2022-01-12 12:47:09,205 I 11120 11354] raylet_client.cc:336: Error reporting task backlog information: IOError: 
[2022-01-12 12:47:10,205 I 11120 11354] raylet_client.cc:336: Error reporting task backlog information: IOError: 
[2022-01-12 12:47:11,206 I 11120 11354] raylet_client.cc:336: Error reporting task backlog information: IOError: 
[2022-01-12 12:47:12,206 I 11120 11354] raylet_client.cc:336: Error reporting task backlog information: IOError: 
[2022-01-12 12:47:13,206 I 11120 11354] raylet_client.cc:336: Error reporting task backlog information: IOError: 
[2022-01-12 12:47:14,206 I 11120 11354] raylet_client.cc:336: Error reporting task backlog information: IOError: 
[2022-01-12 12:47:15,206 I 11120 11354] raylet_client.cc:336: Error reporting task backlog information: IOError: 
[2022-01-12 12:47:15,306 W 11120 11355] metric_exporter.cc:206: Export metrics to agent failed: IOError: . This won't affect Ray, but you can lose metrics from the cluster.
[2022-01-12 12:47:16,206 I 11120 11354] raylet_client.cc:336: Error reporting task backlog information: IOError: 
[2022-01-12 12:47:17,206 I 11120 11354] raylet_client.cc:336: Error reporting task backlog information: IOError: 
[2022-01-12 12:47:18,206 I 11120 11354] raylet_client.cc:336: Error reporting task backlog information: IOError: 
[2022-01-12 12:47:19,206 I 11120 11354] raylet_client.cc:336: Error reporting task backlog information: IOError: 
[2022-01-12 12:47:20,206 I 11120 11354] raylet_client.cc:336: Error reporting task backlog information: IOError: 
[2022-01-12 12:47:21,207 I 11120 11354] raylet_client.cc:336: Error reporting task backlog information: IOError: 
[2022-01-12 12:47:22,207 I 11120 11354] raylet_client.cc:336: Error reporting task backlog information: IOError: 
[2022-01-12 12:47:23,207 I 11120 11354] raylet_client.cc:336: Error reporting task backlog information: IOError: 
[2022-01-12 12:47:24,207 I 11120 11354] raylet_client.cc:336: Error reporting task backlog information: IOError: 
[2022-01-12 12:47:25,207 I 11120 11354] raylet_client.cc:336: Error reporting task backlog information: IOError: 
[2022-01-12 12:47:25,315 W 11120 11355] metric_exporter.cc:206: Export metrics to agent failed: IOError: . This won't affect Ray, but you can lose metrics from the cluster.
[2022-01-12 12:47:26,207 I 11120 11354] raylet_client.cc:336: Error reporting task backlog information: IOError: 
[2022-01-12 12:47:27,207 I 11120 11354] raylet_client.cc:336: Error reporting task backlog information: IOError: 
[2022-01-12 12:47:28,207 I 11120 11354] raylet_client.cc:336: Error reporting task backlog information: IOError: 
[2022-01-12 12:47:29,207 I 11120 11354] raylet_client.cc:336: Error reporting task backlog information: IOError: 
[2022-01-12 12:47:30,207 I 11120 11354] raylet_client.cc:336: Error reporting task backlog information: IOError: 
[2022-01-12 12:47:31,208 I 11120 11354] raylet_client.cc:336: Error reporting task backlog information: IOError: 
[2022-01-12 12:47:32,208 I 11120 11354] raylet_client.cc:336: Error reporting task backlog information: IOError: 
[2022-01-12 12:47:33,208 I 11120 11354] raylet_client.cc:336: Error reporting task backlog information: IOError: 
[2022-01-12 12:47:34,208 I 11120 11354] raylet_client.cc:336: Error reporting task backlog information: IOError: 
[2022-01-12 12:47:35,208 I 11120 11354] raylet_client.cc:336: Error reporting task backlog information: IOError: 
[2022-01-12 12:47:35,323 W 11120 11355] metric_exporter.cc:206: Export metrics to agent failed: IOError: . This won't affect Ray, but you can lose metrics from the cluster.
[2022-01-12 12:47:36,208 I 11120 11354] raylet_client.cc:336: Error reporting task backlog information: IOError: 
[2022-01-12 12:47:37,208 I 11120 11354] raylet_client.cc:336: Error reporting task backlog information: IOError: 
[2022-01-12 12:47:38,208 I 11120 11354] raylet_client.cc:336: Error reporting task backlog information: IOError: 
[2022-01-12 12:47:39,208 I 11120 11354] raylet_client.cc:336: Error reporting task backlog information: IOError: 
[2022-01-12 12:47:40,208 I 11120 11354] raylet_client.cc:336: Error reporting task backlog information: IOError: 
[2022-01-12 12:47:41,208 I 11120 11354] raylet_client.cc:336: Error reporting task backlog information: IOError: 
[2022-01-12 12:47:42,209 I 11120 11354] raylet_client.cc:336: Error reporting task backlog information: IOError: 
[2022-01-12 12:47:43,209 I 11120 11354] raylet_client.cc:336: Error reporting task backlog information: IOError: 
[2022-01-12 12:47:44,209 I 11120 11354] raylet_client.cc:336: Error reporting task backlog information: IOError: 
[2022-01-12 12:47:45,209 I 11120 11354] raylet_client.cc:336: Error reporting task backlog information: IOError: 
[2022-01-12 12:47:45,331 W 11120 11355] metric_exporter.cc:206: Export metrics to agent failed: IOError: . This won't affect Ray, but you can lose metrics from the cluster.
[2022-01-12 12:47:46,209 I 11120 11354] raylet_client.cc:336: Error reporting task backlog information: IOError: 
[2022-01-12 12:47:47,209 I 11120 11354] raylet_client.cc:336: Error reporting task backlog information: IOError: 
[2022-01-12 12:47:48,209 I 11120 11354] raylet_client.cc:336: Error reporting task backlog information: IOError: 
[2022-01-12 12:47:49,209 I 11120 11354] raylet_client.cc:336: Error reporting task backlog information: IOError: 
[2022-01-12 12:47:50,209 I 11120 11354] raylet_client.cc:336: Error reporting task backlog information: IOError: 
[2022-01-12 12:47:51,209 I 11120 11354] raylet_client.cc:336: Error reporting task backlog information: IOError: 
[2022-01-12 12:47:52,210 I 11120 11354] raylet_client.cc:336: Error reporting task backlog information: IOError: 
[2022-01-12 12:47:53,210 I 11120 11354] raylet_client.cc:336: Error reporting task backlog information: IOError: 
[2022-01-12 12:47:54,210 I 11120 11354] raylet_client.cc:336: Error reporting task backlog information: IOError: 
[2022-01-12 12:47:55,210 I 11120 11354] raylet_client.cc:336: Error reporting task backlog information: IOError: 
[2022-01-12 12:47:55,339 W 11120 11355] metric_exporter.cc:206: Export metrics to agent failed: IOError: . This won't affect Ray, but you can lose metrics from the cluster.
[2022-01-12 12:47:56,210 I 11120 11354] raylet_client.cc:336: Error reporting task backlog information: IOError: 
[2022-01-12 12:47:57,210 I 11120 11354] raylet_client.cc:336: Error reporting task backlog information: IOError: 
[2022-01-12 12:47:58,210 I 11120 11354] raylet_client.cc:336: Error reporting task backlog information: IOError: 
[2022-01-12 12:47:59,210 I 11120 11354] raylet_client.cc:336: Error reporting task backlog information: IOError: 
[2022-01-12 12:48:00,210 I 11120 11354] raylet_client.cc:336: Error reporting task backlog information: IOError: 
[2022-01-12 12:48:01,210 I 11120 11354] raylet_client.cc:336: Error reporting task backlog information: IOError: 
[2022-01-12 12:48:02,210 I 11120 11354] raylet_client.cc:336: Error reporting task backlog information: IOError: 
[2022-01-12 12:48:03,210 I 11120 11354] raylet_client.cc:336: Error reporting task backlog information: IOError: 
[2022-01-12 12:48:04,211 I 11120 11354] raylet_client.cc:336: Error reporting task backlog information: IOError: 
[2022-01-12 12:48:05,211 I 11120 11354] raylet_client.cc:336: Error reporting task backlog information: IOError: 
[2022-01-12 12:48:05,347 W 11120 11355] metric_exporter.cc:206: Export metrics to agent failed: IOError: . This won't affect Ray, but you can lose metrics from the cluster.
[2022-01-12 12:48:06,211 I 11120 11354] raylet_client.cc:336: Error reporting task backlog information: IOError: 
[2022-01-12 12:48:07,211 I 11120 11354] raylet_client.cc:336: Error reporting task backlog information: IOError: 
[2022-01-12 12:48:08,211 I 11120 11354] raylet_client.cc:336: Error reporting task backlog information: IOError: 
[2022-01-12 12:48:09,211 I 11120 11354] raylet_client.cc:336: Error reporting task backlog information: IOError: 
[2022-01-12 12:48:10,211 I 11120 11354] raylet_client.cc:336: Error reporting task backlog information: IOError: 
[2022-01-12 12:48:11,211 I 11120 11354] raylet_client.cc:336: Error reporting task backlog information: IOError: 
[2022-01-12 12:48:12,211 I 11120 11354] raylet_client.cc:336: Error reporting task backlog information: IOError: 
[2022-01-12 12:48:13,211 I 11120 11354] raylet_client.cc:336: Error reporting task backlog information: IOError: 
[2022-01-12 12:48:14,212 I 11120 11354] raylet_client.cc:336: Error reporting task backlog information: IOError: 
[2022-01-12 12:48:15,212 I 11120 11354] raylet_client.cc:336: Error reporting task backlog information: IOError: 
[2022-01-12 12:48:15,355 W 11120 11355] metric_exporter.cc:206: Export metrics to agent failed: IOError: . This won't affect Ray, but you can lose metrics from the cluster.
[2022-01-12 12:48:16,212 I 11120 11354] raylet_client.cc:336: Error reporting task backlog information: IOError: 
[2022-01-12 12:48:17,212 I 11120 11354] raylet_client.cc:336: Error reporting task backlog information: IOError: 
[2022-01-12 12:48:18,212 I 11120 11354] raylet_client.cc:336: Error reporting task backlog information: IOError: 
[2022-01-12 12:48:19,212 I 11120 11354] raylet_client.cc:336: Error reporting task backlog information: IOError: 
[2022-01-12 12:48:20,212 I 11120 11354] raylet_client.cc:336: Error reporting task backlog information: IOError: 
[2022-01-12 12:48:21,212 I 11120 11354] raylet_client.cc:336: Error reporting task backlog information: IOError: 
[2022-01-12 12:48:22,212 I 11120 11354] raylet_client.cc:336: Error reporting task backlog information: IOError: 
[2022-01-12 12:48:23,212 I 11120 11354] raylet_client.cc:336: Error reporting task backlog information: IOError: 
[2022-01-12 12:48:24,212 I 11120 11354] raylet_client.cc:336: Error reporting task backlog information: IOError: 
[2022-01-12 12:48:25,212 I 11120 11354] raylet_client.cc:336: Error reporting task backlog information: IOError: 
[2022-01-12 12:48:25,362 W 11120 11355] metric_exporter.cc:206: Export metrics to agent failed: IOError: . This won't affect Ray, but you can lose metrics from the cluster.
[2022-01-12 12:48:26,212 I 11120 11354] raylet_client.cc:336: Error reporting task backlog information: IOError: 
[2022-01-12 12:48:27,213 I 11120 11354] raylet_client.cc:336: Error reporting task backlog information: IOError: 
[2022-01-12 12:48:28,213 I 11120 11354] raylet_client.cc:336: Error reporting task backlog information: IOError: 
[2022-01-12 12:48:29,213 I 11120 11354] raylet_client.cc:336: Error reporting task backlog information: IOError: 
[2022-01-12 12:48:30,213 I 11120 11354] raylet_client.cc:336: Error reporting task backlog information: IOError: 
[2022-01-12 12:48:31,213 I 11120 11354] raylet_client.cc:336: Error reporting task backlog information: IOError: 
[2022-01-12 12:48:32,213 I 11120 11354] raylet_client.cc:336: Error reporting task backlog information: IOError: 
[2022-01-12 12:48:33,214 I 11120 11354] raylet_client.cc:336: Error reporting task backlog information: IOError: 
[2022-01-12 12:48:34,213 I 11120 11354] raylet_client.cc:336: Error reporting task backlog information: IOError: 
[2022-01-12 12:48:35,213 I 11120 11354] raylet_client.cc:336: Error reporting task backlog information: IOError: 
[2022-01-12 12:48:35,370 W 11120 11355] metric_exporter.cc:206: Export metrics to agent failed: IOError: . This won't affect Ray, but you can lose metrics from the cluster.
[2022-01-12 12:48:36,214 I 11120 11354] raylet_client.cc:336: Error reporting task backlog information: IOError: 
[2022-01-12 12:48:37,214 I 11120 11354] raylet_client.cc:336: Error reporting task backlog information: IOError: 
[2022-01-12 12:48:38,214 I 11120 11354] raylet_client.cc:336: Error reporting task backlog information: IOError: 
[2022-01-12 12:48:39,214 I 11120 11354] raylet_client.cc:336: Error reporting task backlog information: IOError: 
[2022-01-12 12:48:40,214 I 11120 11354] raylet_client.cc:336: Error reporting task backlog information: IOError: 
[2022-01-12 12:48:41,214 I 11120 11354] raylet_client.cc:336: Error reporting task backlog information: IOError: 
[2022-01-12 12:48:42,214 I 11120 11354] raylet_client.cc:336: Error reporting task backlog information: IOError: 
[2022-01-12 12:48:43,215 I 11120 11354] raylet_client.cc:336: Error reporting task backlog information: IOError: 
[2022-01-12 12:48:44,215 I 11120 11354] raylet_client.cc:336: Error reporting task backlog information: IOError: 
[2022-01-12 12:48:45,215 I 11120 11354] raylet_client.cc:336: Error reporting task backlog information: IOError: 
[2022-01-12 12:48:45,379 W 11120 11355] metric_exporter.cc:206: Export metrics to agent failed: IOError: . This won't affect Ray, but you can lose metrics from the cluster.
[2022-01-12 12:48:46,215 I 11120 11354] raylet_client.cc:336: Error reporting task backlog information: IOError: 
[2022-01-12 12:48:47,216 I 11120 11354] raylet_client.cc:336: Error reporting task backlog information: IOError: 
[2022-01-12 12:48:48,216 I 11120 11354] raylet_client.cc:336: Error reporting task backlog information: IOError: 
[2022-01-12 12:48:49,216 I 11120 11354] raylet_client.cc:336: Error reporting task backlog information: IOError: 
[2022-01-12 12:48:50,216 I 11120 11354] raylet_client.cc:336: Error reporting task backlog information: IOError: 
[2022-01-12 12:48:51,217 I 11120 11354] raylet_client.cc:336: Error reporting task backlog information: IOError: 
[2022-01-12 12:48:52,217 I 11120 11354] raylet_client.cc:336: Error reporting task backlog information: IOError: 
[2022-01-12 12:48:53,217 I 11120 11354] raylet_client.cc:336: Error reporting task backlog information: IOError: 
[2022-01-12 12:48:54,217 I 11120 11354] raylet_client.cc:336: Error reporting task backlog information: IOError: 
[2022-01-12 12:48:55,217 I 11120 11354] raylet_client.cc:336: Error reporting task backlog information: IOError: 
[2022-01-12 12:48:55,387 W 11120 11355] metric_exporter.cc:206: Export metrics to agent failed: IOError: . This won't affect Ray, but you can lose metrics from the cluster.
[2022-01-12 12:48:56,217 I 11120 11354] raylet_client.cc:336: Error reporting task backlog information: IOError: 
[2022-01-12 12:48:57,218 I 11120 11354] raylet_client.cc:336: Error reporting task backlog information: IOError: 
[2022-01-12 12:48:58,218 I 11120 11354] raylet_client.cc:336: Error reporting task backlog information: IOError: 
[2022-01-12 12:48:59,218 I 11120 11354] raylet_client.cc:336: Error reporting task backlog information: IOError: 
[2022-01-12 12:49:00,218 I 11120 11354] raylet_client.cc:336: Error reporting task backlog information: IOError: 
[2022-01-12 12:49:01,218 I 11120 11354] raylet_client.cc:336: Error reporting task backlog information: IOError: 
[2022-01-12 12:49:02,218 I 11120 11354] raylet_client.cc:336: Error reporting task backlog information: IOError: 
[2022-01-12 12:49:03,218 I 11120 11354] raylet_client.cc:336: Error reporting task backlog information: IOError: 
[2022-01-12 12:49:04,218 I 11120 11354] raylet_client.cc:336: Error reporting task backlog information: IOError: 
[2022-01-12 12:49:05,218 I 11120 11354] raylet_client.cc:336: Error reporting task backlog information: IOError: 
[2022-01-12 12:49:05,394 W 11120 11355] metric_exporter.cc:206: Export metrics to agent failed: IOError: . This won't affect Ray, but you can lose metrics from the cluster.
[2022-01-12 12:49:06,219 I 11120 11354] raylet_client.cc:336: Error reporting task backlog information: IOError: 
[2022-01-12 12:49:07,219 I 11120 11354] raylet_client.cc:336: Error reporting task backlog information: IOError: 
[2022-01-12 12:49:08,219 I 11120 11354] raylet_client.cc:336: Error reporting task backlog information: IOError: 
[2022-01-12 12:49:09,219 I 11120 11354] raylet_client.cc:336: Error reporting task backlog information: IOError: 
[2022-01-12 12:49:10,219 I 11120 11354] raylet_client.cc:336: Error reporting task backlog information: IOError: 
[2022-01-12 12:49:11,219 I 11120 11354] raylet_client.cc:336: Error reporting task backlog information: IOError: 
[2022-01-12 12:49:12,219 I 11120 11354] raylet_client.cc:336: Error reporting task backlog information: IOError: 
[2022-01-12 12:49:13,219 I 11120 11354] raylet_client.cc:336: Error reporting task backlog information: IOError: 
[2022-01-12 12:49:14,219 I 11120 11354] raylet_client.cc:336: Error reporting task backlog information: IOError: 
[2022-01-12 12:49:15,219 I 11120 11354] raylet_client.cc:336: Error reporting task backlog information: IOError: 
[2022-01-12 12:49:15,408 W 11120 11355] metric_exporter.cc:206: Export metrics to agent failed: IOError: . This won't affect Ray, but you can lose metrics from the cluster.
[2022-01-12 12:49:16,220 I 11120 11354] raylet_client.cc:336: Error reporting task backlog information: IOError: 
[2022-01-12 12:49:17,220 I 11120 11354] raylet_client.cc:336: Error reporting task backlog information: IOError: 
[2022-01-12 12:49:18,220 I 11120 11354] raylet_client.cc:336: Error reporting task backlog information: IOError: 
[2022-01-12 12:49:19,220 I 11120 11354] raylet_client.cc:336: Error reporting task backlog information: IOError: 
[2022-01-12 12:49:20,220 I 11120 11354] raylet_client.cc:336: Error reporting task backlog information: IOError: 
[2022-01-12 12:49:21,220 I 11120 11354] raylet_client.cc:336: Error reporting task backlog information: IOError: 
[2022-01-12 12:49:22,220 I 11120 11354] raylet_client.cc:336: Error reporting task backlog information: IOError: 
[2022-01-12 12:49:23,220 I 11120 11354] raylet_client.cc:336: Error reporting task backlog information: IOError: 
[2022-01-12 12:49:24,220 I 11120 11354] raylet_client.cc:336: Error reporting task backlog information: IOError: 
[2022-01-12 12:49:25,220 I 11120 11354] raylet_client.cc:336: Error reporting task backlog information: IOError: 
[2022-01-12 12:49:25,415 W 11120 11355] metric_exporter.cc:206: Export metrics to agent failed: IOError: . This won't affect Ray, but you can lose metrics from the cluster.
[2022-01-12 12:49:26,221 I 11120 11354] raylet_client.cc:336: Error reporting task backlog information: IOError: 
[2022-01-12 12:49:27,221 I 11120 11354] raylet_client.cc:336: Error reporting task backlog information: IOError: 
[2022-01-12 12:49:28,221 I 11120 11354] raylet_client.cc:336: Error reporting task backlog information: IOError: 
[2022-01-12 12:49:29,221 I 11120 11354] raylet_client.cc:336: Error reporting task backlog information: IOError: 
[2022-01-12 12:49:30,221 I 11120 11354] raylet_client.cc:336: Error reporting task backlog information: IOError: 
[2022-01-12 12:49:31,221 I 11120 11354] raylet_client.cc:336: Error reporting task backlog information: IOError: 
[2022-01-12 12:49:32,221 I 11120 11354] raylet_client.cc:336: Error reporting task backlog information: IOError: 
[2022-01-12 12:49:33,221 I 11120 11354] raylet_client.cc:336: Error reporting task backlog information: IOError: 
[2022-01-12 12:49:34,221 I 11120 11354] raylet_client.cc:336: Error reporting task backlog information: IOError: 
[2022-01-12 12:49:35,221 I 11120 11354] raylet_client.cc:336: Error reporting task backlog information: IOError: 
[2022-01-12 12:49:35,422 W 11120 11355] metric_exporter.cc:206: Export metrics to agent failed: IOError: . This won't affect Ray, but you can lose metrics from the cluster.
[2022-01-12 12:49:36,222 I 11120 11354] raylet_client.cc:336: Error reporting task backlog information: IOError: 
[2022-01-12 12:49:37,222 I 11120 11354] raylet_client.cc:336: Error reporting task backlog information: IOError: 
[2022-01-12 12:49:38,222 I 11120 11354] raylet_client.cc:336: Error reporting task backlog information: IOError: 
[2022-01-12 12:49:39,222 I 11120 11354] raylet_client.cc:336: Error reporting task backlog information: IOError: 
[2022-01-12 12:49:40,222 I 11120 11354] raylet_client.cc:336: Error reporting task backlog information: IOError: 
[2022-01-12 12:49:41,222 I 11120 11354] raylet_client.cc:336: Error reporting task backlog information: IOError: 
[2022-01-12 12:49:42,222 I 11120 11354] raylet_client.cc:336: Error reporting task backlog information: IOError: 
[2022-01-12 12:49:43,222 I 11120 11354] raylet_client.cc:336: Error reporting task backlog information: IOError: 
[2022-01-12 12:49:44,222 I 11120 11354] raylet_client.cc:336: Error reporting task backlog information: IOError: 
[2022-01-12 12:49:45,222 I 11120 11354] raylet_client.cc:336: Error reporting task backlog information: IOError: 
[2022-01-12 12:49:45,429 W 11120 11355] metric_exporter.cc:206: Export metrics to agent failed: IOError: . This won't affect Ray, but you can lose metrics from the cluster.
[2022-01-12 12:49:46,222 I 11120 11354] raylet_client.cc:336: Error reporting task backlog information: IOError: 
[2022-01-12 12:49:47,222 I 11120 11354] raylet_client.cc:336: Error reporting task backlog information: IOError: 
[2022-01-12 12:49:48,223 I 11120 11354] raylet_client.cc:336: Error reporting task backlog information: IOError: 
[2022-01-12 12:49:49,223 I 11120 11354] raylet_client.cc:336: Error reporting task backlog information: IOError: 
[2022-01-12 12:49:50,223 I 11120 11354] raylet_client.cc:336: Error reporting task backlog information: IOError: 
[2022-01-12 12:49:51,223 I 11120 11354] raylet_client.cc:336: Error reporting task backlog information: IOError: 
[2022-01-12 12:49:52,223 I 11120 11354] raylet_client.cc:336: Error reporting task backlog information: IOError: 
[2022-01-12 12:49:53,223 I 11120 11354] raylet_client.cc:336: Error reporting task backlog information: IOError: 
[2022-01-12 12:49:54,223 I 11120 11354] raylet_client.cc:336: Error reporting task backlog information: IOError: 
[2022-01-12 12:49:55,223 I 11120 11354] raylet_client.cc:336: Error reporting task backlog information: IOError: 
[2022-01-12 12:49:55,441 W 11120 11355] metric_exporter.cc:206: Export metrics to agent failed: IOError: . This won't affect Ray, but you can lose metrics from the cluster.
[2022-01-12 12:49:56,223 I 11120 11354] raylet_client.cc:336: Error reporting task backlog information: IOError: 
[2022-01-12 12:49:57,223 I 11120 11354] raylet_client.cc:336: Error reporting task backlog information: IOError: 
[2022-01-12 12:49:58,224 I 11120 11354] raylet_client.cc:336: Error reporting task backlog information: IOError: 
[2022-01-12 12:49:59,224 I 11120 11354] raylet_client.cc:336: Error reporting task backlog information: IOError: 
[2022-01-12 12:50:00,224 I 11120 11354] raylet_client.cc:336: Error reporting task backlog information: IOError: 
[2022-01-12 12:50:01,224 I 11120 11354] raylet_client.cc:336: Error reporting task backlog information: IOError: 
[2022-01-12 12:50:02,224 I 11120 11354] raylet_client.cc:336: Error reporting task backlog information: IOError: 
[2022-01-12 12:50:03,224 I 11120 11354] raylet_client.cc:336: Error reporting task backlog information: IOError: 
[2022-01-12 12:50:04,224 I 11120 11354] raylet_client.cc:336: Error reporting task backlog information: IOError: 
[2022-01-12 12:50:05,225 I 11120 11354] raylet_client.cc:336: Error reporting task backlog information: IOError: 
[2022-01-12 12:50:05,448 W 11120 11355] metric_exporter.cc:206: Export metrics to agent failed: IOError: . This won't affect Ray, but you can lose metrics from the cluster.
[2022-01-12 12:50:06,224 I 11120 11354] raylet_client.cc:336: Error reporting task backlog information: IOError: 
[2022-01-12 12:50:07,224 I 11120 11354] raylet_client.cc:336: Error reporting task backlog information: IOError: 
[2022-01-12 12:50:08,057 W 11120 11269] gcs_server_address_updater.cc:61: [301] Failed to get the gcs server address from raylet 301 times in a row. If it keeps failing to obtain the address, the worker might crash. Connection status IOError: 
[2022-01-12 12:50:08,224 I 11120 11354] raylet_client.cc:336: Error reporting task backlog information: IOError: 
[2022-01-12 12:50:09,224 I 11120 11354] raylet_client.cc:336: Error reporting task backlog information: IOError: 
[2022-01-12 12:50:10,225 I 11120 11354] raylet_client.cc:336: Error reporting task backlog information: IOError: 
[2022-01-12 12:50:11,225 I 11120 11354] raylet_client.cc:336: Error reporting task backlog information: IOError: 
[2022-01-12 12:50:12,225 I 11120 11354] raylet_client.cc:336: Error reporting task backlog information: IOError: 
[2022-01-12 12:50:13,225 I 11120 11354] raylet_client.cc:336: Error reporting task backlog information: IOError: 
[2022-01-12 12:50:14,225 I 11120 11354] raylet_client.cc:336: Error reporting task backlog information: IOError: 
[2022-01-12 12:50:15,225 I 11120 11354] raylet_client.cc:336: Error reporting task backlog information: IOError: 
[2022-01-12 12:50:15,455 W 11120 11355] metric_exporter.cc:206: Export metrics to agent failed: IOError: . This won't affect Ray, but you can lose metrics from the cluster.
[2022-01-12 12:50:16,225 I 11120 11354] raylet_client.cc:336: Error reporting task backlog information: IOError: 
[2022-01-12 12:50:17,225 I 11120 11354] raylet_client.cc:336: Error reporting task backlog information: IOError: 
[2022-01-12 12:50:18,225 I 11120 11354] raylet_client.cc:336: Error reporting task backlog information: IOError: 
[2022-01-12 12:50:19,226 I 11120 11354] raylet_client.cc:336: Error reporting task backlog information: IOError: 
[2022-01-12 12:50:20,226 I 11120 11354] raylet_client.cc:336: Error reporting task backlog information: IOError: 
[2022-01-12 12:50:21,226 I 11120 11354] raylet_client.cc:336: Error reporting task backlog information: IOError: 
[2022-01-12 12:50:22,226 I 11120 11354] raylet_client.cc:336: Error reporting task backlog information: IOError: 
[2022-01-12 12:50:23,226 I 11120 11354] raylet_client.cc:336: Error reporting task backlog information: IOError: 
[2022-01-12 12:50:24,226 I 11120 11354] raylet_client.cc:336: Error reporting task backlog information: IOError: 
[2022-01-12 12:50:25,226 I 11120 11354] raylet_client.cc:336: Error reporting task backlog information: IOError: 
[2022-01-12 12:50:25,463 W 11120 11355] metric_exporter.cc:206: Export metrics to agent failed: IOError: . This won't affect Ray, but you can lose metrics from the cluster.
[2022-01-12 12:50:26,226 I 11120 11354] raylet_client.cc:336: Error reporting task backlog information: IOError: 
[2022-01-12 12:50:27,226 I 11120 11354] raylet_client.cc:336: Error reporting task backlog information: IOError: 
[2022-01-12 12:50:28,226 I 11120 11354] raylet_client.cc:336: Error reporting task backlog information: IOError: 
[2022-01-12 12:50:29,226 I 11120 11354] raylet_client.cc:336: Error reporting task backlog information: IOError: 
[2022-01-12 12:50:30,226 I 11120 11354] raylet_client.cc:336: Error reporting task backlog information: IOError: 
[2022-01-12 12:50:31,227 I 11120 11354] raylet_client.cc:336: Error reporting task backlog information: IOError: 
[2022-01-12 12:50:32,227 I 11120 11354] raylet_client.cc:336: Error reporting task backlog information: IOError: 
[2022-01-12 12:50:33,227 I 11120 11354] raylet_client.cc:336: Error reporting task backlog information: IOError: 
[2022-01-12 12:50:34,227 I 11120 11354] raylet_client.cc:336: Error reporting task backlog information: IOError: 
[2022-01-12 12:50:35,227 I 11120 11354] raylet_client.cc:336: Error reporting task backlog information: IOError: 
[2022-01-12 12:50:35,471 W 11120 11355] metric_exporter.cc:206: Export metrics to agent failed: IOError: . This won't affect Ray, but you can lose metrics from the cluster.
[2022-01-12 12:50:36,227 I 11120 11354] raylet_client.cc:336: Error reporting task backlog information: IOError: 
[2022-01-12 12:50:37,227 I 11120 11354] raylet_client.cc:336: Error reporting task backlog information: IOError: 
[2022-01-12 12:50:38,227 I 11120 11354] raylet_client.cc:336: Error reporting task backlog information: IOError: 
[2022-01-12 12:50:39,227 I 11120 11354] raylet_client.cc:336: Error reporting task backlog information: IOError: 
[2022-01-12 12:50:40,228 I 11120 11354] raylet_client.cc:336: Error reporting task backlog information: IOError: 
[2022-01-12 12:50:41,228 I 11120 11354] raylet_client.cc:336: Error reporting task backlog information: IOError: 
[2022-01-12 12:50:42,228 I 11120 11354] raylet_client.cc:336: Error reporting task backlog information: IOError: 
[2022-01-12 12:50:43,228 I 11120 11354] raylet_client.cc:336: Error reporting task backlog information: IOError: 
[2022-01-12 12:50:44,228 I 11120 11354] raylet_client.cc:336: Error reporting task backlog information: IOError: 
[2022-01-12 12:50:45,229 I 11120 11354] raylet_client.cc:336: Error reporting task backlog information: IOError: 
[2022-01-12 12:50:45,479 W 11120 11355] metric_exporter.cc:206: Export metrics to agent failed: IOError: . This won't affect Ray, but you can lose metrics from the cluster.
[2022-01-12 12:50:46,229 I 11120 11354] raylet_client.cc:336: Error reporting task backlog information: IOError: 
[2022-01-12 12:50:47,229 I 11120 11354] raylet_client.cc:336: Error reporting task backlog information: IOError: 
[2022-01-12 12:50:48,229 I 11120 11354] raylet_client.cc:336: Error reporting task backlog information: IOError: 
[2022-01-12 12:50:49,229 I 11120 11354] raylet_client.cc:336: Error reporting task backlog information: IOError: 
[2022-01-12 12:50:50,229 I 11120 11354] raylet_client.cc:336: Error reporting task backlog information: IOError: 
[2022-01-12 12:50:51,229 I 11120 11354] raylet_client.cc:336: Error reporting task backlog information: IOError: 
[2022-01-12 12:50:52,229 I 11120 11354] raylet_client.cc:336: Error reporting task backlog information: IOError: 
[2022-01-12 12:50:53,229 I 11120 11354] raylet_client.cc:336: Error reporting task backlog information: IOError: 
[2022-01-12 12:50:54,229 I 11120 11354] raylet_client.cc:336: Error reporting task backlog information: IOError: 
[2022-01-12 12:50:55,229 I 11120 11354] raylet_client.cc:336: Error reporting task backlog information: IOError: 
[2022-01-12 12:50:55,487 W 11120 11355] metric_exporter.cc:206: Export metrics to agent failed: IOError: . This won't affect Ray, but you can lose metrics from the cluster.
[2022-01-12 12:50:56,230 I 11120 11354] raylet_client.cc:336: Error reporting task backlog information: IOError: 
[2022-01-12 12:50:57,230 I 11120 11354] raylet_client.cc:336: Error reporting task backlog information: IOError: 
[2022-01-12 12:50:58,230 I 11120 11354] raylet_client.cc:336: Error reporting task backlog information: IOError: 
[2022-01-12 12:50:59,230 I 11120 11354] raylet_client.cc:336: Error reporting task backlog information: IOError: 
[2022-01-12 12:51:00,230 I 11120 11354] raylet_client.cc:336: Error reporting task backlog information: IOError: 
[2022-01-12 12:51:01,230 I 11120 11354] raylet_client.cc:336: Error reporting task backlog information: IOError: 
[2022-01-12 12:51:02,230 I 11120 11354] raylet_client.cc:336: Error reporting task backlog information: IOError: 
[2022-01-12 12:51:03,230 I 11120 11354] raylet_client.cc:336: Error reporting task backlog information: IOError: 
[2022-01-12 12:51:04,230 I 11120 11354] raylet_client.cc:336: Error reporting task backlog information: IOError: 
[2022-01-12 12:51:05,230 I 11120 11354] raylet_client.cc:336: Error reporting task backlog information: IOError: 
[2022-01-12 12:51:05,495 W 11120 11355] metric_exporter.cc:206: Export metrics to agent failed: IOError: . This won't affect Ray, but you can lose metrics from the cluster.
[2022-01-12 12:51:06,230 I 11120 11354] raylet_client.cc:336: Error reporting task backlog information: IOError: 
[2022-01-12 12:51:07,230 I 11120 11354] raylet_client.cc:336: Error reporting task backlog information: IOError: 
[2022-01-12 12:51:08,231 I 11120 11354] raylet_client.cc:336: Error reporting task backlog information: IOError: 
[2022-01-12 12:51:09,231 I 11120 11354] raylet_client.cc:336: Error reporting task backlog information: IOError: 
[2022-01-12 12:51:10,231 I 11120 11354] raylet_client.cc:336: Error reporting task backlog information: IOError: 
[2022-01-12 12:51:11,231 I 11120 11354] raylet_client.cc:336: Error reporting task backlog information: IOError: 
[2022-01-12 12:51:12,231 I 11120 11354] raylet_client.cc:336: Error reporting task backlog information: IOError: 
[2022-01-12 12:51:13,231 I 11120 11354] raylet_client.cc:336: Error reporting task backlog information: IOError: 
[2022-01-12 12:51:14,231 I 11120 11354] raylet_client.cc:336: Error reporting task backlog information: IOError: 
[2022-01-12 12:51:15,231 I 11120 11354] raylet_client.cc:336: Error reporting task backlog information: IOError: 
[2022-01-12 12:51:15,502 W 11120 11355] metric_exporter.cc:206: Export metrics to agent failed: IOError: . This won't affect Ray, but you can lose metrics from the cluster.
[2022-01-12 12:51:16,231 I 11120 11354] raylet_client.cc:336: Error reporting task backlog information: IOError: 
[2022-01-12 12:51:17,231 I 11120 11354] raylet_client.cc:336: Error reporting task backlog information: IOError: 
[2022-01-12 12:51:18,231 I 11120 11354] raylet_client.cc:336: Error reporting task backlog information: IOError: 
[2022-01-12 12:51:19,232 I 11120 11354] raylet_client.cc:336: Error reporting task backlog information: IOError: 
[2022-01-12 12:51:20,232 I 11120 11354] raylet_client.cc:336: Error reporting task backlog information: IOError: 
[2022-01-12 12:51:21,232 I 11120 11354] raylet_client.cc:336: Error reporting task backlog information: IOError: 
[2022-01-12 12:51:22,232 I 11120 11354] raylet_client.cc:336: Error reporting task backlog information: IOError: 
[2022-01-12 12:51:23,232 I 11120 11354] raylet_client.cc:336: Error reporting task backlog information: IOError: 
[2022-01-12 12:51:24,232 I 11120 11354] raylet_client.cc:336: Error reporting task backlog information: IOError: 
[2022-01-12 12:51:25,234 I 11120 11354] raylet_client.cc:336: Error reporting task backlog information: IOError: 
[2022-01-12 12:51:25,509 W 11120 11355] metric_exporter.cc:206: Export metrics to agent failed: IOError: . This won't affect Ray, but you can lose metrics from the cluster.
[2022-01-12 12:51:26,233 I 11120 11354] raylet_client.cc:336: Error reporting task backlog information: IOError: 
[2022-01-12 12:51:27,233 I 11120 11354] raylet_client.cc:336: Error reporting task backlog information: IOError: 
[2022-01-12 12:51:28,233 I 11120 11354] raylet_client.cc:336: Error reporting task backlog information: IOError: 
[2022-01-12 12:51:29,233 I 11120 11354] raylet_client.cc:336: Error reporting task backlog information: IOError: 
[2022-01-12 12:51:30,233 I 11120 11354] raylet_client.cc:336: Error reporting task backlog information: IOError: 
[2022-01-12 12:51:31,233 I 11120 11354] raylet_client.cc:336: Error reporting task backlog information: IOError: 
[2022-01-12 12:51:32,233 I 11120 11354] raylet_client.cc:336: Error reporting task backlog information: IOError: 
[2022-01-12 12:51:33,233 I 11120 11354] raylet_client.cc:336: Error reporting task backlog information: IOError: 
[2022-01-12 12:51:34,234 I 11120 11354] raylet_client.cc:336: Error reporting task backlog information: IOError: 
[2022-01-12 12:51:35,234 I 11120 11354] raylet_client.cc:336: Error reporting task backlog information: IOError: 
[2022-01-12 12:51:35,516 W 11120 11355] metric_exporter.cc:206: Export metrics to agent failed: IOError: . This won't affect Ray, but you can lose metrics from the cluster.
[2022-01-12 12:51:36,234 I 11120 11354] raylet_client.cc:336: Error reporting task backlog information: IOError: 
[2022-01-12 12:51:37,234 I 11120 11354] raylet_client.cc:336: Error reporting task backlog information: IOError: 
[2022-01-12 12:51:38,234 I 11120 11354] raylet_client.cc:336: Error reporting task backlog information: IOError: 
[2022-01-12 12:51:39,234 I 11120 11354] raylet_client.cc:336: Error reporting task backlog information: IOError: 
[2022-01-12 12:51:40,234 I 11120 11354] raylet_client.cc:336: Error reporting task backlog information: IOError: 
[2022-01-12 12:51:41,234 I 11120 11354] raylet_client.cc:336: Error reporting task backlog information: IOError: 
[2022-01-12 12:51:42,234 I 11120 11354] raylet_client.cc:336: Error reporting task backlog information: IOError: 
[2022-01-12 12:51:43,235 I 11120 11354] raylet_client.cc:336: Error reporting task backlog information: IOError: 
[2022-01-12 12:51:44,235 I 11120 11354] raylet_client.cc:336: Error reporting task backlog information: IOError: 
[2022-01-12 12:51:45,235 I 11120 11354] raylet_client.cc:336: Error reporting task backlog information: IOError: 
[2022-01-12 12:51:45,523 W 11120 11355] metric_exporter.cc:206: Export metrics to agent failed: IOError: . This won't affect Ray, but you can lose metrics from the cluster.
[2022-01-12 12:51:46,235 I 11120 11354] raylet_client.cc:336: Error reporting task backlog information: IOError: 
[2022-01-12 12:51:47,235 I 11120 11354] raylet_client.cc:336: Error reporting task backlog information: IOError: 
[2022-01-12 12:51:48,235 I 11120 11354] raylet_client.cc:336: Error reporting task backlog information: IOError: 
[2022-01-12 12:51:49,235 I 11120 11354] raylet_client.cc:336: Error reporting task backlog information: IOError: 
[2022-01-12 12:51:50,235 I 11120 11354] raylet_client.cc:336: Error reporting task backlog information: IOError: 
[2022-01-12 12:51:51,236 I 11120 11354] raylet_client.cc:336: Error reporting task backlog information: IOError: 
[2022-01-12 12:51:52,236 I 11120 11354] raylet_client.cc:336: Error reporting task backlog information: IOError: 
[2022-01-12 12:51:53,236 I 11120 11354] raylet_client.cc:336: Error reporting task backlog information: IOError: 
[2022-01-12 12:51:54,236 I 11120 11354] raylet_client.cc:336: Error reporting task backlog information: IOError: 
[2022-01-12 12:51:55,236 I 11120 11354] raylet_client.cc:336: Error reporting task backlog information: IOError: 
[2022-01-12 12:51:55,529 W 11120 11355] metric_exporter.cc:206: Export metrics to agent failed: IOError: . This won't affect Ray, but you can lose metrics from the cluster.
[2022-01-12 12:51:56,236 I 11120 11354] raylet_client.cc:336: Error reporting task backlog information: IOError: 
[2022-01-12 12:51:57,236 I 11120 11354] raylet_client.cc:336: Error reporting task backlog information: IOError: 
[2022-01-12 12:51:58,236 I 11120 11354] raylet_client.cc:336: Error reporting task backlog information: IOError: 
[2022-01-12 12:51:59,236 I 11120 11354] raylet_client.cc:336: Error reporting task backlog information: IOError: 
[2022-01-12 12:52:00,236 I 11120 11354] raylet_client.cc:336: Error reporting task backlog information: IOError: 
[2022-01-12 12:52:01,237 I 11120 11354] raylet_client.cc:336: Error reporting task backlog information: IOError: 
[2022-01-12 12:52:02,237 I 11120 11354] raylet_client.cc:336: Error reporting task backlog information: IOError: 
[2022-01-12 12:52:03,237 I 11120 11354] raylet_client.cc:336: Error reporting task backlog information: IOError: 
[2022-01-12 12:52:04,237 I 11120 11354] raylet_client.cc:336: Error reporting task backlog information: IOError: 
[2022-01-12 12:52:05,237 I 11120 11354] raylet_client.cc:336: Error reporting task backlog information: IOError: 
[2022-01-12 12:52:05,536 W 11120 11355] metric_exporter.cc:206: Export metrics to agent failed: IOError: . This won't affect Ray, but you can lose metrics from the cluster.
[2022-01-12 12:52:06,237 I 11120 11354] raylet_client.cc:336: Error reporting task backlog information: IOError: 
[2022-01-12 12:52:07,237 I 11120 11354] raylet_client.cc:336: Error reporting task backlog information: IOError: 
[2022-01-12 12:52:08,237 I 11120 11354] raylet_client.cc:336: Error reporting task backlog information: IOError: 
[2022-01-12 12:52:09,237 I 11120 11354] raylet_client.cc:336: Error reporting task backlog information: IOError: 
[2022-01-12 12:52:10,237 I 11120 11354] raylet_client.cc:336: Error reporting task backlog information: IOError: 
[2022-01-12 12:52:11,237 I 11120 11354] raylet_client.cc:336: Error reporting task backlog information: IOError: 
[2022-01-12 12:52:12,238 I 11120 11354] raylet_client.cc:336: Error reporting task backlog information: IOError: 
[2022-01-12 12:52:13,238 I 11120 11354] raylet_client.cc:336: Error reporting task backlog information: IOError: 
[2022-01-12 12:52:14,238 I 11120 11354] raylet_client.cc:336: Error reporting task backlog information: IOError: 
[2022-01-12 12:52:15,238 I 11120 11354] raylet_client.cc:336: Error reporting task backlog information: IOError: 
[2022-01-12 12:52:15,543 W 11120 11355] metric_exporter.cc:206: Export metrics to agent failed: IOError: . This won't affect Ray, but you can lose metrics from the cluster.
[2022-01-12 12:52:16,238 I 11120 11354] raylet_client.cc:336: Error reporting task backlog information: IOError: 
[2022-01-12 12:52:17,238 I 11120 11354] raylet_client.cc:336: Error reporting task backlog information: IOError: 
[2022-01-12 12:52:18,238 I 11120 11354] raylet_client.cc:336: Error reporting task backlog information: IOError: 
[2022-01-12 12:52:19,238 I 11120 11354] raylet_client.cc:336: Error reporting task backlog information: IOError: 
[2022-01-12 12:52:20,238 I 11120 11354] raylet_client.cc:336: Error reporting task backlog information: IOError: 
[2022-01-12 12:52:21,238 I 11120 11354] raylet_client.cc:336: Error reporting task backlog information: IOError: 
[2022-01-12 12:52:22,239 I 11120 11354] raylet_client.cc:336: Error reporting task backlog information: IOError: 
[2022-01-12 12:52:23,239 I 11120 11354] raylet_client.cc:336: Error reporting task backlog information: IOError: 
[2022-01-12 12:52:24,239 I 11120 11354] raylet_client.cc:336: Error reporting task backlog information: IOError: 
[2022-01-12 12:52:25,239 I 11120 11354] raylet_client.cc:336: Error reporting task backlog information: IOError: 
[2022-01-12 12:52:25,550 W 11120 11355] metric_exporter.cc:206: Export metrics to agent failed: IOError: . This won't affect Ray, but you can lose metrics from the cluster.
[2022-01-12 12:52:26,239 I 11120 11354] raylet_client.cc:336: Error reporting task backlog information: IOError: 
[2022-01-12 12:52:27,239 I 11120 11354] raylet_client.cc:336: Error reporting task backlog information: IOError: 
[2022-01-12 12:52:28,239 I 11120 11354] raylet_client.cc:336: Error reporting task backlog information: IOError: 
[2022-01-12 12:52:29,239 I 11120 11354] raylet_client.cc:336: Error reporting task backlog information: IOError: 
[2022-01-12 12:52:30,239 I 11120 11354] raylet_client.cc:336: Error reporting task backlog information: IOError: 
[2022-01-12 12:52:31,239 I 11120 11354] raylet_client.cc:336: Error reporting task backlog information: IOError: 
[2022-01-12 12:52:32,239 I 11120 11354] raylet_client.cc:336: Error reporting task backlog information: IOError: 
[2022-01-12 12:52:33,240 I 11120 11354] raylet_client.cc:336: Error reporting task backlog information: IOError: 
[2022-01-12 12:52:34,240 I 11120 11354] raylet_client.cc:336: Error reporting task backlog information: IOError: 
[2022-01-12 12:52:35,240 I 11120 11354] raylet_client.cc:336: Error reporting task backlog information: IOError: 
[2022-01-12 12:52:35,559 W 11120 11355] metric_exporter.cc:206: Export metrics to agent failed: IOError: . This won't affect Ray, but you can lose metrics from the cluster.
[2022-01-12 12:52:36,240 I 11120 11354] raylet_client.cc:336: Error reporting task backlog information: IOError: 
[2022-01-12 12:52:37,240 I 11120 11354] raylet_client.cc:336: Error reporting task backlog information: IOError: 
[2022-01-12 12:52:38,240 I 11120 11354] raylet_client.cc:336: Error reporting task backlog information: IOError: 
[2022-01-12 12:52:39,240 I 11120 11354] raylet_client.cc:336: Error reporting task backlog information: IOError: 
[2022-01-12 12:52:40,240 I 11120 11354] raylet_client.cc:336: Error reporting task backlog information: IOError: 
[2022-01-12 12:52:41,240 I 11120 11354] raylet_client.cc:336: Error reporting task backlog information: IOError: 
[2022-01-12 12:52:42,240 I 11120 11354] raylet_client.cc:336: Error reporting task backlog information: IOError: 
[2022-01-12 12:52:43,240 I 11120 11354] raylet_client.cc:336: Error reporting task backlog information: IOError: 
[2022-01-12 12:52:44,241 I 11120 11354] raylet_client.cc:336: Error reporting task backlog information: IOError: 
[2022-01-12 12:52:45,241 I 11120 11354] raylet_client.cc:336: Error reporting task backlog information: IOError: 
[2022-01-12 12:52:45,565 W 11120 11355] metric_exporter.cc:206: Export metrics to agent failed: IOError: . This won't affect Ray, but you can lose metrics from the cluster.
[2022-01-12 12:52:46,241 I 11120 11354] raylet_client.cc:336: Error reporting task backlog information: IOError: 
[2022-01-12 12:52:47,241 I 11120 11354] raylet_client.cc:336: Error reporting task backlog information: IOError: 
[2022-01-12 12:52:48,241 I 11120 11354] raylet_client.cc:336: Error reporting task backlog information: IOError: 
[2022-01-12 12:52:49,241 I 11120 11354] raylet_client.cc:336: Error reporting task backlog information: IOError: 
[2022-01-12 12:52:50,241 I 11120 11354] raylet_client.cc:336: Error reporting task backlog information: IOError: 
[2022-01-12 12:52:51,241 I 11120 11354] raylet_client.cc:336: Error reporting task backlog information: IOError: 
[2022-01-12 12:52:52,241 I 11120 11354] raylet_client.cc:336: Error reporting task backlog information: IOError: 
[2022-01-12 12:52:53,241 I 11120 11354] raylet_client.cc:336: Error reporting task backlog information: IOError: 
[2022-01-12 12:52:54,241 I 11120 11354] raylet_client.cc:336: Error reporting task backlog information: IOError: 
[2022-01-12 12:52:55,242 I 11120 11354] raylet_client.cc:336: Error reporting task backlog information: IOError: 
[2022-01-12 12:52:55,572 W 11120 11355] metric_exporter.cc:206: Export metrics to agent failed: IOError: . This won't affect Ray, but you can lose metrics from the cluster.
[2022-01-12 12:52:56,242 I 11120 11354] raylet_client.cc:336: Error reporting task backlog information: IOError: 
[2022-01-12 12:52:57,242 I 11120 11354] raylet_client.cc:336: Error reporting task backlog information: IOError: 
[2022-01-12 12:52:58,242 I 11120 11354] raylet_client.cc:336: Error reporting task backlog information: IOError: 
[2022-01-12 12:52:59,242 I 11120 11354] raylet_client.cc:336: Error reporting task backlog information: IOError: 
[2022-01-12 12:53:00,242 I 11120 11354] raylet_client.cc:336: Error reporting task backlog information: IOError: 
[2022-01-12 12:53:01,242 I 11120 11354] raylet_client.cc:336: Error reporting task backlog information: IOError: 
[2022-01-12 12:53:02,242 I 11120 11354] raylet_client.cc:336: Error reporting task backlog information: IOError: 
[2022-01-12 12:53:03,242 I 11120 11354] raylet_client.cc:336: Error reporting task backlog information: IOError: 
[2022-01-12 12:53:04,242 I 11120 11354] raylet_client.cc:336: Error reporting task backlog information: IOError: 
[2022-01-12 12:53:05,242 I 11120 11354] raylet_client.cc:336: Error reporting task backlog information: IOError: 
[2022-01-12 12:53:05,579 W 11120 11355] metric_exporter.cc:206: Export metrics to agent failed: IOError: . This won't affect Ray, but you can lose metrics from the cluster.
[2022-01-12 12:53:06,242 I 11120 11354] raylet_client.cc:336: Error reporting task backlog information: IOError: 
[2022-01-12 12:53:07,243 I 11120 11354] raylet_client.cc:336: Error reporting task backlog information: IOError: 
[2022-01-12 12:53:08,243 I 11120 11354] raylet_client.cc:336: Error reporting task backlog information: IOError: 
[2022-01-12 12:53:09,243 I 11120 11354] raylet_client.cc:336: Error reporting task backlog information: IOError: 
[2022-01-12 12:53:10,243 I 11120 11354] raylet_client.cc:336: Error reporting task backlog information: IOError: 
[2022-01-12 12:53:11,243 I 11120 11354] raylet_client.cc:336: Error reporting task backlog information: IOError: 
[2022-01-12 12:53:12,243 I 11120 11354] raylet_client.cc:336: Error reporting task backlog information: IOError: 
[2022-01-12 12:53:13,243 I 11120 11354] raylet_client.cc:336: Error reporting task backlog information: IOError: 
[2022-01-12 12:53:14,243 I 11120 11354] raylet_client.cc:336: Error reporting task backlog information: IOError: 
[2022-01-12 12:53:15,243 I 11120 11354] raylet_client.cc:336: Error reporting task backlog information: IOError: 
[2022-01-12 12:53:15,585 W 11120 11355] metric_exporter.cc:206: Export metrics to agent failed: IOError: . This won't affect Ray, but you can lose metrics from the cluster.
[2022-01-12 12:53:16,243 I 11120 11354] raylet_client.cc:336: Error reporting task backlog information: IOError: 
[2022-01-12 12:53:17,244 I 11120 11354] raylet_client.cc:336: Error reporting task backlog information: IOError: 
[2022-01-12 12:53:18,244 I 11120 11354] raylet_client.cc:336: Error reporting task backlog information: IOError: 
[2022-01-12 12:53:19,244 I 11120 11354] raylet_client.cc:336: Error reporting task backlog information: IOError: 
[2022-01-12 12:53:20,244 I 11120 11354] raylet_client.cc:336: Error reporting task backlog information: IOError: 
[2022-01-12 12:53:21,244 I 11120 11354] raylet_client.cc:336: Error reporting task backlog information: IOError: 
[2022-01-12 12:53:22,244 I 11120 11354] raylet_client.cc:336: Error reporting task backlog information: IOError: 
[2022-01-12 12:53:23,244 I 11120 11354] raylet_client.cc:336: Error reporting task backlog information: IOError: 
[2022-01-12 12:53:24,244 I 11120 11354] raylet_client.cc:336: Error reporting task backlog information: IOError: 
[2022-01-12 12:53:25,244 I 11120 11354] raylet_client.cc:336: Error reporting task backlog information: IOError: 
[2022-01-12 12:53:25,595 W 11120 11355] metric_exporter.cc:206: Export metrics to agent failed: IOError: . This won't affect Ray, but you can lose metrics from the cluster.
[2022-01-12 12:53:26,244 I 11120 11354] raylet_client.cc:336: Error reporting task backlog information: IOError: 
[2022-01-12 12:53:27,244 I 11120 11354] raylet_client.cc:336: Error reporting task backlog information: IOError: 
[2022-01-12 12:53:28,244 I 11120 11354] raylet_client.cc:336: Error reporting task backlog information: IOError: 
[2022-01-12 12:53:29,244 I 11120 11354] raylet_client.cc:336: Error reporting task backlog information: IOError: 
[2022-01-12 12:53:30,245 I 11120 11354] raylet_client.cc:336: Error reporting task backlog information: IOError: 
[2022-01-12 12:53:31,245 I 11120 11354] raylet_client.cc:336: Error reporting task backlog information: IOError: 
[2022-01-12 12:53:32,245 I 11120 11354] raylet_client.cc:336: Error reporting task backlog information: IOError: 
[2022-01-12 12:53:33,245 I 11120 11354] raylet_client.cc:336: Error reporting task backlog information: IOError: 
[2022-01-12 12:53:34,245 I 11120 11354] raylet_client.cc:336: Error reporting task backlog information: IOError: 
[2022-01-12 12:53:35,245 I 11120 11354] raylet_client.cc:336: Error reporting task backlog information: IOError: 
[2022-01-12 12:53:35,602 W 11120 11355] metric_exporter.cc:206: Export metrics to agent failed: IOError: . This won't affect Ray, but you can lose metrics from the cluster.
[2022-01-12 12:53:36,245 I 11120 11354] raylet_client.cc:336: Error reporting task backlog information: IOError: 
[2022-01-12 12:53:37,245 I 11120 11354] raylet_client.cc:336: Error reporting task backlog information: IOError: 
[2022-01-12 12:53:38,245 I 11120 11354] raylet_client.cc:336: Error reporting task backlog information: IOError: 
[2022-01-12 12:53:39,245 I 11120 11354] raylet_client.cc:336: Error reporting task backlog information: IOError: 
[2022-01-12 12:53:40,245 I 11120 11354] raylet_client.cc:336: Error reporting task backlog information: IOError: 
[2022-01-12 12:53:41,245 I 11120 11354] raylet_client.cc:336: Error reporting task backlog information: IOError: 
[2022-01-12 12:53:42,246 I 11120 11354] raylet_client.cc:336: Error reporting task backlog information: IOError: 
[2022-01-12 12:53:43,246 I 11120 11354] raylet_client.cc:336: Error reporting task backlog information: IOError: 
[2022-01-12 12:53:44,246 I 11120 11354] raylet_client.cc:336: Error reporting task backlog information: IOError: 
[2022-01-12 12:53:45,246 I 11120 11354] raylet_client.cc:336: Error reporting task backlog information: IOError: 
[2022-01-12 12:53:45,609 W 11120 11355] metric_exporter.cc:206: Export metrics to agent failed: IOError: . This won't affect Ray, but you can lose metrics from the cluster.
[2022-01-12 12:53:46,246 I 11120 11354] raylet_client.cc:336: Error reporting task backlog information: IOError: 
[2022-01-12 12:53:47,246 I 11120 11354] raylet_client.cc:336: Error reporting task backlog information: IOError: 
[2022-01-12 12:53:48,246 I 11120 11354] raylet_client.cc:336: Error reporting task backlog information: IOError: 
[2022-01-12 12:53:49,246 I 11120 11354] raylet_client.cc:336: Error reporting task backlog information: IOError: 
[2022-01-12 12:53:50,246 I 11120 11354] raylet_client.cc:336: Error reporting task backlog information: IOError: 
[2022-01-12 12:53:51,246 I 11120 11354] raylet_client.cc:336: Error reporting task backlog information: IOError: 
[2022-01-12 12:53:52,246 I 11120 11354] raylet_client.cc:336: Error reporting task backlog information: IOError: 
[2022-01-12 12:53:53,247 I 11120 11354] raylet_client.cc:336: Error reporting task backlog information: IOError: 
[2022-01-12 12:53:54,247 I 11120 11354] raylet_client.cc:336: Error reporting task backlog information: IOError: 
[2022-01-12 12:53:55,247 I 11120 11354] raylet_client.cc:336: Error reporting task backlog information: IOError: 
[2022-01-12 12:53:55,616 W 11120 11355] metric_exporter.cc:206: Export metrics to agent failed: IOError: . This won't affect Ray, but you can lose metrics from the cluster.
[2022-01-12 12:53:56,247 I 11120 11354] raylet_client.cc:336: Error reporting task backlog information: IOError: 
[2022-01-12 12:53:57,247 I 11120 11354] raylet_client.cc:336: Error reporting task backlog information: IOError: 
[2022-01-12 12:53:58,247 I 11120 11354] raylet_client.cc:336: Error reporting task backlog information: IOError: 
[2022-01-12 12:53:59,247 I 11120 11354] raylet_client.cc:336: Error reporting task backlog information: IOError: 
[2022-01-12 12:54:00,247 I 11120 11354] raylet_client.cc:336: Error reporting task backlog information: IOError: 
[2022-01-12 12:54:01,247 I 11120 11354] raylet_client.cc:336: Error reporting task backlog information: IOError: 
[2022-01-12 12:54:02,247 I 11120 11354] raylet_client.cc:336: Error reporting task backlog information: IOError: 
[2022-01-12 12:54:03,247 I 11120 11354] raylet_client.cc:336: Error reporting task backlog information: IOError: 
[2022-01-12 12:54:04,247 I 11120 11354] raylet_client.cc:336: Error reporting task backlog information: IOError: 
[2022-01-12 12:54:05,248 I 11120 11354] raylet_client.cc:336: Error reporting task backlog information: IOError: 
[2022-01-12 12:54:05,630 W 11120 11355] metric_exporter.cc:206: Export metrics to agent failed: IOError: . This won't affect Ray, but you can lose metrics from the cluster.
[2022-01-12 12:54:06,248 I 11120 11354] raylet_client.cc:336: Error reporting task backlog information: IOError: 
[2022-01-12 12:54:07,248 I 11120 11354] raylet_client.cc:336: Error reporting task backlog information: IOError: 
[2022-01-12 12:54:08,248 I 11120 11354] raylet_client.cc:336: Error reporting task backlog information: IOError: 
[2022-01-12 12:54:09,248 I 11120 11354] raylet_client.cc:336: Error reporting task backlog information: IOError: 
[2022-01-12 12:54:10,248 I 11120 11354] raylet_client.cc:336: Error reporting task backlog information: IOError: 
[2022-01-12 12:54:11,248 I 11120 11354] raylet_client.cc:336: Error reporting task backlog information: IOError: 
[2022-01-12 12:54:12,248 I 11120 11354] raylet_client.cc:336: Error reporting task backlog information: IOError: 
[2022-01-12 12:54:13,248 I 11120 11354] raylet_client.cc:336: Error reporting task backlog information: IOError: 
[2022-01-12 12:54:14,248 I 11120 11354] raylet_client.cc:336: Error reporting task backlog information: IOError: 
[2022-01-12 12:54:15,248 I 11120 11354] raylet_client.cc:336: Error reporting task backlog information: IOError: 
[2022-01-12 12:54:15,637 W 11120 11355] metric_exporter.cc:206: Export metrics to agent failed: IOError: . This won't affect Ray, but you can lose metrics from the cluster.
[2022-01-12 12:54:16,249 I 11120 11354] raylet_client.cc:336: Error reporting task backlog information: IOError: 
[2022-01-12 12:54:17,249 I 11120 11354] raylet_client.cc:336: Error reporting task backlog information: IOError: 
[2022-01-12 12:54:18,249 I 11120 11354] raylet_client.cc:336: Error reporting task backlog information: IOError: 
[2022-01-12 12:54:19,249 I 11120 11354] raylet_client.cc:336: Error reporting task backlog information: IOError: 
[2022-01-12 12:54:20,249 I 11120 11354] raylet_client.cc:336: Error reporting task backlog information: IOError: 
[2022-01-12 12:54:21,249 I 11120 11354] raylet_client.cc:336: Error reporting task backlog information: IOError: 
[2022-01-12 12:54:22,249 I 11120 11354] raylet_client.cc:336: Error reporting task backlog information: IOError: 
[2022-01-12 12:54:23,249 I 11120 11354] raylet_client.cc:336: Error reporting task backlog information: IOError: 
[2022-01-12 12:54:24,249 I 11120 11354] raylet_client.cc:336: Error reporting task backlog information: IOError: 
[2022-01-12 12:54:25,249 I 11120 11354] raylet_client.cc:336: Error reporting task backlog information: IOError: 
[2022-01-12 12:54:25,643 W 11120 11355] metric_exporter.cc:206: Export metrics to agent failed: IOError: . This won't affect Ray, but you can lose metrics from the cluster.
[2022-01-12 12:54:26,249 I 11120 11354] raylet_client.cc:336: Error reporting task backlog information: IOError: 
[2022-01-12 12:54:27,249 I 11120 11354] raylet_client.cc:336: Error reporting task backlog information: IOError: 
[2022-01-12 12:54:28,250 I 11120 11354] raylet_client.cc:336: Error reporting task backlog information: IOError: 
[2022-01-12 12:54:29,250 I 11120 11354] raylet_client.cc:336: Error reporting task backlog information: IOError: 
[2022-01-12 12:54:30,250 I 11120 11354] raylet_client.cc:336: Error reporting task backlog information: IOError: 
[2022-01-12 12:54:31,250 I 11120 11354] raylet_client.cc:336: Error reporting task backlog information: IOError: 
[2022-01-12 12:54:32,250 I 11120 11354] raylet_client.cc:336: Error reporting task backlog information: IOError: 
[2022-01-12 12:54:33,250 I 11120 11354] raylet_client.cc:336: Error reporting task backlog information: IOError: 
[2022-01-12 12:54:34,250 I 11120 11354] raylet_client.cc:336: Error reporting task backlog information: IOError: 
[2022-01-12 12:54:35,250 I 11120 11354] raylet_client.cc:336: Error reporting task backlog information: IOError: 
[2022-01-12 12:54:35,650 W 11120 11355] metric_exporter.cc:206: Export metrics to agent failed: IOError: . This won't affect Ray, but you can lose metrics from the cluster.
[2022-01-12 12:54:36,250 I 11120 11354] raylet_client.cc:336: Error reporting task backlog information: IOError: 
[2022-01-12 12:54:37,250 I 11120 11354] raylet_client.cc:336: Error reporting task backlog information: IOError: 
[2022-01-12 12:54:38,251 I 11120 11354] raylet_client.cc:336: Error reporting task backlog information: IOError: 
[2022-01-12 12:54:39,251 I 11120 11354] raylet_client.cc:336: Error reporting task backlog information: IOError: 
[2022-01-12 12:54:40,251 I 11120 11354] raylet_client.cc:336: Error reporting task backlog information: IOError: 
[2022-01-12 12:54:41,251 I 11120 11354] raylet_client.cc:336: Error reporting task backlog information: IOError: 
[2022-01-12 12:54:42,251 I 11120 11354] raylet_client.cc:336: Error reporting task backlog information: IOError: 
[2022-01-12 12:54:43,251 I 11120 11354] raylet_client.cc:336: Error reporting task backlog information: IOError: 
[2022-01-12 12:54:44,251 I 11120 11354] raylet_client.cc:336: Error reporting task backlog information: IOError: 
[2022-01-12 12:54:45,251 I 11120 11354] raylet_client.cc:336: Error reporting task backlog information: IOError: 
[2022-01-12 12:54:45,656 W 11120 11355] metric_exporter.cc:206: Export metrics to agent failed: IOError: . This won't affect Ray, but you can lose metrics from the cluster.
[2022-01-12 12:54:46,251 I 11120 11354] raylet_client.cc:336: Error reporting task backlog information: IOError: 
[2022-01-12 12:54:47,251 I 11120 11354] raylet_client.cc:336: Error reporting task backlog information: IOError: 
[2022-01-12 12:54:48,251 I 11120 11354] raylet_client.cc:336: Error reporting task backlog information: IOError: 
[2022-01-12 12:54:49,251 I 11120 11354] raylet_client.cc:336: Error reporting task backlog information: IOError: 
[2022-01-12 12:54:50,252 I 11120 11354] raylet_client.cc:336: Error reporting task backlog information: IOError: 
[2022-01-12 12:54:51,252 I 11120 11354] raylet_client.cc:336: Error reporting task backlog information: IOError: 
[2022-01-12 12:54:52,252 I 11120 11354] raylet_client.cc:336: Error reporting task backlog information: IOError: 
[2022-01-12 12:54:53,252 I 11120 11354] raylet_client.cc:336: Error reporting task backlog information: IOError: 
[2022-01-12 12:54:54,252 I 11120 11354] raylet_client.cc:336: Error reporting task backlog information: IOError: 
[2022-01-12 12:54:55,252 I 11120 11354] raylet_client.cc:336: Error reporting task backlog information: IOError: 
[2022-01-12 12:54:55,663 W 11120 11355] metric_exporter.cc:206: Export metrics to agent failed: IOError: . This won't affect Ray, but you can lose metrics from the cluster.
[2022-01-12 12:54:56,252 I 11120 11354] raylet_client.cc:336: Error reporting task backlog information: IOError: 
[2022-01-12 12:54:57,252 I 11120 11354] raylet_client.cc:336: Error reporting task backlog information: IOError: 
[2022-01-12 12:54:58,252 I 11120 11354] raylet_client.cc:336: Error reporting task backlog information: IOError: 
[2022-01-12 12:54:59,252 I 11120 11354] raylet_client.cc:336: Error reporting task backlog information: IOError: 
[2022-01-12 12:55:00,252 I 11120 11354] raylet_client.cc:336: Error reporting task backlog information: IOError: 
[2022-01-12 12:55:01,252 I 11120 11354] raylet_client.cc:336: Error reporting task backlog information: IOError: 
[2022-01-12 12:55:02,253 I 11120 11354] raylet_client.cc:336: Error reporting task backlog information: IOError: 
[2022-01-12 12:55:03,253 I 11120 11354] raylet_client.cc:336: Error reporting task backlog information: IOError: 
[2022-01-12 12:55:04,253 I 11120 11354] raylet_client.cc:336: Error reporting task backlog information: IOError: 
[2022-01-12 12:55:05,253 I 11120 11354] raylet_client.cc:336: Error reporting task backlog information: IOError: 
[2022-01-12 12:55:05,670 W 11120 11355] metric_exporter.cc:206: Export metrics to agent failed: IOError: . This won't affect Ray, but you can lose metrics from the cluster.
[2022-01-12 12:55:06,253 I 11120 11354] raylet_client.cc:336: Error reporting task backlog information: IOError: 
[2022-01-12 12:55:07,081 E 11120 11269] gcs_server_address_updater.cc:76: Failed to receive the GCS address for 600 times without success. The worker will exit ungracefully. It is because GCS has died. It could be because there was an issue that kills GCS, such as high memory usage triggering OOM killer to kill GCS. Cluster will be highly likely unavailable if you see this log. Please check the log from gcs_server.err.
