[2022-01-28 12:02:58,961 I 35873 35873] core_worker.cc:132: Constructing CoreWorkerProcess. pid: 35873
[2022-01-28 12:02:58,984 I 35873 35873] grpc_server.cc:112: worker server started, listening on port 37811.
[2022-01-28 12:02:58,987 I 35873 35873] core_worker.cc:479: Initializing worker at address: 131.215.21.210:37811, worker ID ae8855b2edba5297a6d53e1f23dcf4344ab037edd3b638605966078b, raylet a3633cf6d2151fd57674ad1a7c39f81bbb51b9c59fbe942d2cd84e0b
[2022-01-28 12:02:59,096 I 35873 35873] io_service_pool.cc:35: IOServicePool is running with 1 io_service.
[2022-01-28 12:02:59,137 I 35873 36156] accessor.cc:560: Received notification for node id = a3633cf6d2151fd57674ad1a7c39f81bbb51b9c59fbe942d2cd84e0b, IsAlive = 1
[2022-01-28 12:03:04,129 I 35873 36156] raylet_client.cc:336: Error reporting task backlog information: IOError: 
[2022-01-28 12:03:05,128 W 35873 36053] gcs_server_address_updater.cc:61: [1] Failed to get the gcs server address from raylet 1 times in a row. If it keeps failing to obtain the address, the worker might crash. Connection status IOError: 
[2022-01-28 12:03:05,129 I 35873 36156] raylet_client.cc:336: Error reporting task backlog information: IOError: 
[2022-01-28 12:03:06,129 I 35873 36156] raylet_client.cc:336: Error reporting task backlog information: IOError: 
[2022-01-28 12:03:07,129 I 35873 36156] raylet_client.cc:336: Error reporting task backlog information: IOError: 
[2022-01-28 12:03:08,129 I 35873 36156] raylet_client.cc:336: Error reporting task backlog information: IOError: 
[2022-01-28 12:03:09,129 I 35873 36156] raylet_client.cc:336: Error reporting task backlog information: IOError: 
[2022-01-28 12:03:09,778 W 35873 36157] metric_exporter.cc:206: Export metrics to agent failed: IOError: . This won't affect Ray, but you can lose metrics from the cluster.
[2022-01-28 12:03:10,129 I 35873 36156] raylet_client.cc:336: Error reporting task backlog information: IOError: 
[2022-01-28 12:03:11,130 I 35873 36156] raylet_client.cc:336: Error reporting task backlog information: IOError: 
[2022-01-28 12:03:12,130 I 35873 36156] raylet_client.cc:336: Error reporting task backlog information: IOError: 
[2022-01-28 12:03:13,130 I 35873 36156] raylet_client.cc:336: Error reporting task backlog information: IOError: 
[2022-01-28 12:03:14,130 I 35873 36156] raylet_client.cc:336: Error reporting task backlog information: IOError: 
[2022-01-28 12:03:15,130 I 35873 36156] raylet_client.cc:336: Error reporting task backlog information: IOError: 
[2022-01-28 12:03:16,130 I 35873 36156] raylet_client.cc:336: Error reporting task backlog information: IOError: 
[2022-01-28 12:03:17,130 I 35873 36156] raylet_client.cc:336: Error reporting task backlog information: IOError: 
[2022-01-28 12:03:18,130 I 35873 36156] raylet_client.cc:336: Error reporting task backlog information: IOError: 
[2022-01-28 12:03:19,122 W 35873 36157] metric_exporter.cc:206: Export metrics to agent failed: IOError: . This won't affect Ray, but you can lose metrics from the cluster.
[2022-01-28 12:03:19,131 I 35873 36156] raylet_client.cc:336: Error reporting task backlog information: IOError: 
[2022-01-28 12:03:20,131 I 35873 36156] raylet_client.cc:336: Error reporting task backlog information: IOError: 
[2022-01-28 12:03:21,131 I 35873 36156] raylet_client.cc:336: Error reporting task backlog information: IOError: 
[2022-01-28 12:03:22,131 I 35873 36156] raylet_client.cc:336: Error reporting task backlog information: IOError: 
[2022-01-28 12:03:23,131 I 35873 36156] raylet_client.cc:336: Error reporting task backlog information: IOError: 
[2022-01-28 12:03:24,131 I 35873 36156] raylet_client.cc:336: Error reporting task backlog information: IOError: 
[2022-01-28 12:03:25,131 I 35873 36156] raylet_client.cc:336: Error reporting task backlog information: IOError: 
[2022-01-28 12:03:26,131 I 35873 36156] raylet_client.cc:336: Error reporting task backlog information: IOError: 
[2022-01-28 12:03:27,131 I 35873 36156] raylet_client.cc:336: Error reporting task backlog information: IOError: 
[2022-01-28 12:03:28,131 I 35873 36156] raylet_client.cc:336: Error reporting task backlog information: IOError: 
[2022-01-28 12:03:29,130 W 35873 36157] metric_exporter.cc:206: Export metrics to agent failed: IOError: . This won't affect Ray, but you can lose metrics from the cluster.
[2022-01-28 12:03:29,131 I 35873 36156] raylet_client.cc:336: Error reporting task backlog information: IOError: 
[2022-01-28 12:03:30,132 I 35873 36156] raylet_client.cc:336: Error reporting task backlog information: IOError: 
[2022-01-28 12:03:31,132 I 35873 36156] raylet_client.cc:336: Error reporting task backlog information: IOError: 
[2022-01-28 12:03:32,132 I 35873 36156] raylet_client.cc:336: Error reporting task backlog information: IOError: 
[2022-01-28 12:03:33,132 I 35873 36156] raylet_client.cc:336: Error reporting task backlog information: IOError: 
[2022-01-28 12:03:34,132 I 35873 36156] raylet_client.cc:336: Error reporting task backlog information: IOError: 
[2022-01-28 12:03:35,132 I 35873 36156] raylet_client.cc:336: Error reporting task backlog information: IOError: 
[2022-01-28 12:03:36,132 I 35873 36156] raylet_client.cc:336: Error reporting task backlog information: IOError: 
[2022-01-28 12:03:37,132 I 35873 36156] raylet_client.cc:336: Error reporting task backlog information: IOError: 
[2022-01-28 12:03:38,132 I 35873 36156] raylet_client.cc:336: Error reporting task backlog information: IOError: 
[2022-01-28 12:03:39,132 I 35873 36156] raylet_client.cc:336: Error reporting task backlog information: IOError: 
[2022-01-28 12:03:39,138 W 35873 36157] metric_exporter.cc:206: Export metrics to agent failed: IOError: . This won't affect Ray, but you can lose metrics from the cluster.
[2022-01-28 12:03:40,132 I 35873 36156] raylet_client.cc:336: Error reporting task backlog information: IOError: 
[2022-01-28 12:03:41,132 I 35873 36156] raylet_client.cc:336: Error reporting task backlog information: IOError: 
[2022-01-28 12:03:42,132 I 35873 36156] raylet_client.cc:336: Error reporting task backlog information: IOError: 
[2022-01-28 12:03:43,132 I 35873 36156] raylet_client.cc:336: Error reporting task backlog information: IOError: 
[2022-01-28 12:03:44,132 I 35873 36156] raylet_client.cc:336: Error reporting task backlog information: IOError: 
[2022-01-28 12:03:45,133 I 35873 36156] raylet_client.cc:336: Error reporting task backlog information: IOError: 
[2022-01-28 12:03:46,133 I 35873 36156] raylet_client.cc:336: Error reporting task backlog information: IOError: 
[2022-01-28 12:03:47,133 I 35873 36156] raylet_client.cc:336: Error reporting task backlog information: IOError: 
[2022-01-28 12:03:48,133 I 35873 36156] raylet_client.cc:336: Error reporting task backlog information: IOError: 
[2022-01-28 12:03:49,133 I 35873 36156] raylet_client.cc:336: Error reporting task backlog information: IOError: 
[2022-01-28 12:03:49,146 W 35873 36157] metric_exporter.cc:206: Export metrics to agent failed: IOError: . This won't affect Ray, but you can lose metrics from the cluster.
[2022-01-28 12:03:50,133 I 35873 36156] raylet_client.cc:336: Error reporting task backlog information: IOError: 
[2022-01-28 12:03:51,133 I 35873 36156] raylet_client.cc:336: Error reporting task backlog information: IOError: 
[2022-01-28 12:03:52,133 I 35873 36156] raylet_client.cc:336: Error reporting task backlog information: IOError: 
[2022-01-28 12:03:53,134 I 35873 36156] raylet_client.cc:336: Error reporting task backlog information: IOError: 
[2022-01-28 12:03:54,134 I 35873 36156] raylet_client.cc:336: Error reporting task backlog information: IOError: 
[2022-01-28 12:03:55,134 I 35873 36156] raylet_client.cc:336: Error reporting task backlog information: IOError: 
[2022-01-28 12:03:56,134 I 35873 36156] raylet_client.cc:336: Error reporting task backlog information: IOError: 
[2022-01-28 12:03:57,134 I 35873 36156] raylet_client.cc:336: Error reporting task backlog information: IOError: 
[2022-01-28 12:03:58,134 I 35873 36156] raylet_client.cc:336: Error reporting task backlog information: IOError: 
[2022-01-28 12:03:59,135 I 35873 36156] raylet_client.cc:336: Error reporting task backlog information: IOError: 
[2022-01-28 12:03:59,157 W 35873 36157] metric_exporter.cc:206: Export metrics to agent failed: IOError: . This won't affect Ray, but you can lose metrics from the cluster.
[2022-01-28 12:04:00,135 I 35873 36156] raylet_client.cc:336: Error reporting task backlog information: IOError: 
[2022-01-28 12:04:01,135 I 35873 36156] raylet_client.cc:336: Error reporting task backlog information: IOError: 
[2022-01-28 12:04:02,135 I 35873 36156] raylet_client.cc:336: Error reporting task backlog information: IOError: 
[2022-01-28 12:04:03,135 I 35873 36156] raylet_client.cc:336: Error reporting task backlog information: IOError: 
[2022-01-28 12:04:04,136 I 35873 36156] raylet_client.cc:336: Error reporting task backlog information: IOError: 
[2022-01-28 12:04:05,136 I 35873 36156] raylet_client.cc:336: Error reporting task backlog information: IOError: 
[2022-01-28 12:04:06,136 I 35873 36156] raylet_client.cc:336: Error reporting task backlog information: IOError: 
[2022-01-28 12:04:07,136 I 35873 36156] raylet_client.cc:336: Error reporting task backlog information: IOError: 
[2022-01-28 12:04:08,136 I 35873 36156] raylet_client.cc:336: Error reporting task backlog information: IOError: 
[2022-01-28 12:04:09,136 I 35873 36156] raylet_client.cc:336: Error reporting task backlog information: IOError: 
[2022-01-28 12:04:09,172 W 35873 36157] metric_exporter.cc:206: Export metrics to agent failed: IOError: . This won't affect Ray, but you can lose metrics from the cluster.
[2022-01-28 12:04:10,137 I 35873 36156] raylet_client.cc:336: Error reporting task backlog information: IOError: 
[2022-01-28 12:04:11,137 I 35873 36156] raylet_client.cc:336: Error reporting task backlog information: IOError: 
[2022-01-28 12:04:12,137 I 35873 36156] raylet_client.cc:336: Error reporting task backlog information: IOError: 
[2022-01-28 12:04:13,137 I 35873 36156] raylet_client.cc:336: Error reporting task backlog information: IOError: 
[2022-01-28 12:04:14,138 I 35873 36156] raylet_client.cc:336: Error reporting task backlog information: IOError: 
[2022-01-28 12:04:15,138 I 35873 36156] raylet_client.cc:336: Error reporting task backlog information: IOError: 
[2022-01-28 12:04:16,138 I 35873 36156] raylet_client.cc:336: Error reporting task backlog information: IOError: 
[2022-01-28 12:04:17,138 I 35873 36156] raylet_client.cc:336: Error reporting task backlog information: IOError: 
[2022-01-28 12:04:18,138 I 35873 36156] raylet_client.cc:336: Error reporting task backlog information: IOError: 
[2022-01-28 12:04:19,138 I 35873 36156] raylet_client.cc:336: Error reporting task backlog information: IOError: 
[2022-01-28 12:04:19,184 W 35873 36157] metric_exporter.cc:206: Export metrics to agent failed: IOError: . This won't affect Ray, but you can lose metrics from the cluster.
[2022-01-28 12:04:20,139 I 35873 36156] raylet_client.cc:336: Error reporting task backlog information: IOError: 
[2022-01-28 12:04:21,139 I 35873 36156] raylet_client.cc:336: Error reporting task backlog information: IOError: 
[2022-01-28 12:04:22,139 I 35873 36156] raylet_client.cc:336: Error reporting task backlog information: IOError: 
[2022-01-28 12:04:23,139 I 35873 36156] raylet_client.cc:336: Error reporting task backlog information: IOError: 
[2022-01-28 12:04:24,139 I 35873 36156] raylet_client.cc:336: Error reporting task backlog information: IOError: 
[2022-01-28 12:04:25,139 I 35873 36156] raylet_client.cc:336: Error reporting task backlog information: IOError: 
[2022-01-28 12:04:26,139 I 35873 36156] raylet_client.cc:336: Error reporting task backlog information: IOError: 
[2022-01-28 12:04:27,140 I 35873 36156] raylet_client.cc:336: Error reporting task backlog information: IOError: 
[2022-01-28 12:04:28,140 I 35873 36156] raylet_client.cc:336: Error reporting task backlog information: IOError: 
[2022-01-28 12:04:29,140 I 35873 36156] raylet_client.cc:336: Error reporting task backlog information: IOError: 
[2022-01-28 12:04:29,196 W 35873 36157] metric_exporter.cc:206: Export metrics to agent failed: IOError: . This won't affect Ray, but you can lose metrics from the cluster.
[2022-01-28 12:04:30,140 I 35873 36156] raylet_client.cc:336: Error reporting task backlog information: IOError: 
[2022-01-28 12:04:31,141 I 35873 36156] raylet_client.cc:336: Error reporting task backlog information: IOError: 
[2022-01-28 12:04:32,141 I 35873 36156] raylet_client.cc:336: Error reporting task backlog information: IOError: 
[2022-01-28 12:04:33,141 I 35873 36156] raylet_client.cc:336: Error reporting task backlog information: IOError: 
[2022-01-28 12:04:34,141 I 35873 36156] raylet_client.cc:336: Error reporting task backlog information: IOError: 
[2022-01-28 12:04:35,141 I 35873 36156] raylet_client.cc:336: Error reporting task backlog information: IOError: 
[2022-01-28 12:04:36,141 I 35873 36156] raylet_client.cc:336: Error reporting task backlog information: IOError: 
[2022-01-28 12:04:37,142 I 35873 36156] raylet_client.cc:336: Error reporting task backlog information: IOError: 
[2022-01-28 12:04:38,142 I 35873 36156] raylet_client.cc:336: Error reporting task backlog information: IOError: 
[2022-01-28 12:04:39,142 I 35873 36156] raylet_client.cc:336: Error reporting task backlog information: IOError: 
[2022-01-28 12:04:39,208 W 35873 36157] metric_exporter.cc:206: Export metrics to agent failed: IOError: . This won't affect Ray, but you can lose metrics from the cluster.
[2022-01-28 12:04:40,142 I 35873 36156] raylet_client.cc:336: Error reporting task backlog information: IOError: 
[2022-01-28 12:04:41,143 I 35873 36156] raylet_client.cc:336: Error reporting task backlog information: IOError: 
[2022-01-28 12:04:42,143 I 35873 36156] raylet_client.cc:336: Error reporting task backlog information: IOError: 
[2022-01-28 12:04:43,143 I 35873 36156] raylet_client.cc:336: Error reporting task backlog information: IOError: 
[2022-01-28 12:04:44,143 I 35873 36156] raylet_client.cc:336: Error reporting task backlog information: IOError: 
[2022-01-28 12:04:45,143 I 35873 36156] raylet_client.cc:336: Error reporting task backlog information: IOError: 
[2022-01-28 12:04:46,143 I 35873 36156] raylet_client.cc:336: Error reporting task backlog information: IOError: 
[2022-01-28 12:04:47,144 I 35873 36156] raylet_client.cc:336: Error reporting task backlog information: IOError: 
[2022-01-28 12:04:48,144 I 35873 36156] raylet_client.cc:336: Error reporting task backlog information: IOError: 
[2022-01-28 12:04:49,144 I 35873 36156] raylet_client.cc:336: Error reporting task backlog information: IOError: 
[2022-01-28 12:04:49,220 W 35873 36157] metric_exporter.cc:206: Export metrics to agent failed: IOError: . This won't affect Ray, but you can lose metrics from the cluster.
[2022-01-28 12:04:50,144 I 35873 36156] raylet_client.cc:336: Error reporting task backlog information: IOError: 
[2022-01-28 12:04:51,144 I 35873 36156] raylet_client.cc:336: Error reporting task backlog information: IOError: 
[2022-01-28 12:04:52,145 I 35873 36156] raylet_client.cc:336: Error reporting task backlog information: IOError: 
[2022-01-28 12:04:53,145 I 35873 36156] raylet_client.cc:336: Error reporting task backlog information: IOError: 
[2022-01-28 12:04:54,145 I 35873 36156] raylet_client.cc:336: Error reporting task backlog information: IOError: 
[2022-01-28 12:04:55,145 I 35873 36156] raylet_client.cc:336: Error reporting task backlog information: IOError: 
[2022-01-28 12:04:56,145 I 35873 36156] raylet_client.cc:336: Error reporting task backlog information: IOError: 
[2022-01-28 12:04:57,146 I 35873 36156] raylet_client.cc:336: Error reporting task backlog information: IOError: 
[2022-01-28 12:04:58,146 I 35873 36156] raylet_client.cc:336: Error reporting task backlog information: IOError: 
[2022-01-28 12:04:59,146 I 35873 36156] raylet_client.cc:336: Error reporting task backlog information: IOError: 
[2022-01-28 12:04:59,234 W 35873 36157] metric_exporter.cc:206: Export metrics to agent failed: IOError: . This won't affect Ray, but you can lose metrics from the cluster.
[2022-01-28 12:05:00,146 I 35873 36156] raylet_client.cc:336: Error reporting task backlog information: IOError: 
[2022-01-28 12:05:01,146 I 35873 36156] raylet_client.cc:336: Error reporting task backlog information: IOError: 
[2022-01-28 12:05:02,147 I 35873 36156] raylet_client.cc:336: Error reporting task backlog information: IOError: 
[2022-01-28 12:05:03,147 I 35873 36156] raylet_client.cc:336: Error reporting task backlog information: IOError: 
[2022-01-28 12:05:04,147 I 35873 36156] raylet_client.cc:336: Error reporting task backlog information: IOError: 
[2022-01-28 12:05:05,147 I 35873 36156] raylet_client.cc:336: Error reporting task backlog information: IOError: 
[2022-01-28 12:05:06,147 I 35873 36156] raylet_client.cc:336: Error reporting task backlog information: IOError: 
[2022-01-28 12:05:07,148 I 35873 36156] raylet_client.cc:336: Error reporting task backlog information: IOError: 
[2022-01-28 12:05:08,148 I 35873 36156] raylet_client.cc:336: Error reporting task backlog information: IOError: 
[2022-01-28 12:05:09,148 I 35873 36156] raylet_client.cc:336: Error reporting task backlog information: IOError: 
[2022-01-28 12:05:09,248 W 35873 36157] metric_exporter.cc:206: Export metrics to agent failed: IOError: . This won't affect Ray, but you can lose metrics from the cluster.
[2022-01-28 12:05:10,148 I 35873 36156] raylet_client.cc:336: Error reporting task backlog information: IOError: 
[2022-01-28 12:05:11,148 I 35873 36156] raylet_client.cc:336: Error reporting task backlog information: IOError: 
[2022-01-28 12:05:12,149 I 35873 36156] raylet_client.cc:336: Error reporting task backlog information: IOError: 
[2022-01-28 12:05:13,149 I 35873 36156] raylet_client.cc:336: Error reporting task backlog information: IOError: 
[2022-01-28 12:05:14,149 I 35873 36156] raylet_client.cc:336: Error reporting task backlog information: IOError: 
[2022-01-28 12:05:15,149 I 35873 36156] raylet_client.cc:336: Error reporting task backlog information: IOError: 
[2022-01-28 12:05:16,149 I 35873 36156] raylet_client.cc:336: Error reporting task backlog information: IOError: 
[2022-01-28 12:05:17,150 I 35873 36156] raylet_client.cc:336: Error reporting task backlog information: IOError: 
[2022-01-28 12:05:18,150 I 35873 36156] raylet_client.cc:336: Error reporting task backlog information: IOError: 
[2022-01-28 12:05:19,150 I 35873 36156] raylet_client.cc:336: Error reporting task backlog information: IOError: 
[2022-01-28 12:05:19,260 W 35873 36157] metric_exporter.cc:206: Export metrics to agent failed: IOError: . This won't affect Ray, but you can lose metrics from the cluster.
[2022-01-28 12:05:20,150 I 35873 36156] raylet_client.cc:336: Error reporting task backlog information: IOError: 
[2022-01-28 12:05:21,150 I 35873 36156] raylet_client.cc:336: Error reporting task backlog information: IOError: 
[2022-01-28 12:05:22,151 I 35873 36156] raylet_client.cc:336: Error reporting task backlog information: IOError: 
[2022-01-28 12:05:23,151 I 35873 36156] raylet_client.cc:336: Error reporting task backlog information: IOError: 
[2022-01-28 12:05:24,151 I 35873 36156] raylet_client.cc:336: Error reporting task backlog information: IOError: 
[2022-01-28 12:05:25,151 I 35873 36156] raylet_client.cc:336: Error reporting task backlog information: IOError: 
[2022-01-28 12:05:26,151 I 35873 36156] raylet_client.cc:336: Error reporting task backlog information: IOError: 
[2022-01-28 12:05:27,151 I 35873 36156] raylet_client.cc:336: Error reporting task backlog information: IOError: 
[2022-01-28 12:05:28,152 I 35873 36156] raylet_client.cc:336: Error reporting task backlog information: IOError: 
[2022-01-28 12:05:29,152 I 35873 36156] raylet_client.cc:336: Error reporting task backlog information: IOError: 
[2022-01-28 12:05:29,273 W 35873 36157] metric_exporter.cc:206: Export metrics to agent failed: IOError: . This won't affect Ray, but you can lose metrics from the cluster.
[2022-01-28 12:05:30,152 I 35873 36156] raylet_client.cc:336: Error reporting task backlog information: IOError: 
[2022-01-28 12:05:31,152 I 35873 36156] raylet_client.cc:336: Error reporting task backlog information: IOError: 
[2022-01-28 12:05:32,152 I 35873 36156] raylet_client.cc:336: Error reporting task backlog information: IOError: 
[2022-01-28 12:05:33,152 I 35873 36156] raylet_client.cc:336: Error reporting task backlog information: IOError: 
[2022-01-28 12:05:34,153 I 35873 36156] raylet_client.cc:336: Error reporting task backlog information: IOError: 
[2022-01-28 12:05:35,153 I 35873 36156] raylet_client.cc:336: Error reporting task backlog information: IOError: 
[2022-01-28 12:05:36,153 I 35873 36156] raylet_client.cc:336: Error reporting task backlog information: IOError: 
[2022-01-28 12:05:37,153 I 35873 36156] raylet_client.cc:336: Error reporting task backlog information: IOError: 
[2022-01-28 12:05:38,153 I 35873 36156] raylet_client.cc:336: Error reporting task backlog information: IOError: 
[2022-01-28 12:05:39,153 I 35873 36156] raylet_client.cc:336: Error reporting task backlog information: IOError: 
[2022-01-28 12:05:39,285 W 35873 36157] metric_exporter.cc:206: Export metrics to agent failed: IOError: . This won't affect Ray, but you can lose metrics from the cluster.
[2022-01-28 12:05:40,154 I 35873 36156] raylet_client.cc:336: Error reporting task backlog information: IOError: 
[2022-01-28 12:05:41,154 I 35873 36156] raylet_client.cc:336: Error reporting task backlog information: IOError: 
[2022-01-28 12:05:42,154 I 35873 36156] raylet_client.cc:336: Error reporting task backlog information: IOError: 
[2022-01-28 12:05:43,154 I 35873 36156] raylet_client.cc:336: Error reporting task backlog information: IOError: 
[2022-01-28 12:05:44,154 I 35873 36156] raylet_client.cc:336: Error reporting task backlog information: IOError: 
[2022-01-28 12:05:45,154 I 35873 36156] raylet_client.cc:336: Error reporting task backlog information: IOError: 
[2022-01-28 12:05:46,154 I 35873 36156] raylet_client.cc:336: Error reporting task backlog information: IOError: 
[2022-01-28 12:05:47,154 I 35873 36156] raylet_client.cc:336: Error reporting task backlog information: IOError: 
[2022-01-28 12:05:48,155 I 35873 36156] raylet_client.cc:336: Error reporting task backlog information: IOError: 
[2022-01-28 12:05:49,155 I 35873 36156] raylet_client.cc:336: Error reporting task backlog information: IOError: 
[2022-01-28 12:05:49,297 W 35873 36157] metric_exporter.cc:206: Export metrics to agent failed: IOError: . This won't affect Ray, but you can lose metrics from the cluster.
[2022-01-28 12:05:50,155 I 35873 36156] raylet_client.cc:336: Error reporting task backlog information: IOError: 
[2022-01-28 12:05:51,155 I 35873 36156] raylet_client.cc:336: Error reporting task backlog information: IOError: 
[2022-01-28 12:05:52,155 I 35873 36156] raylet_client.cc:336: Error reporting task backlog information: IOError: 
[2022-01-28 12:05:53,156 I 35873 36156] raylet_client.cc:336: Error reporting task backlog information: IOError: 
[2022-01-28 12:05:54,156 I 35873 36156] raylet_client.cc:336: Error reporting task backlog information: IOError: 
[2022-01-28 12:05:55,156 I 35873 36156] raylet_client.cc:336: Error reporting task backlog information: IOError: 
[2022-01-28 12:05:56,156 I 35873 36156] raylet_client.cc:336: Error reporting task backlog information: IOError: 
[2022-01-28 12:05:57,156 I 35873 36156] raylet_client.cc:336: Error reporting task backlog information: IOError: 
[2022-01-28 12:05:58,156 I 35873 36156] raylet_client.cc:336: Error reporting task backlog information: IOError: 
[2022-01-28 12:05:59,156 I 35873 36156] raylet_client.cc:336: Error reporting task backlog information: IOError: 
[2022-01-28 12:05:59,309 W 35873 36157] metric_exporter.cc:206: Export metrics to agent failed: IOError: . This won't affect Ray, but you can lose metrics from the cluster.
[2022-01-28 12:06:00,156 I 35873 36156] raylet_client.cc:336: Error reporting task backlog information: IOError: 
[2022-01-28 12:06:01,157 I 35873 36156] raylet_client.cc:336: Error reporting task backlog information: IOError: 
[2022-01-28 12:06:02,157 I 35873 36156] raylet_client.cc:336: Error reporting task backlog information: IOError: 
[2022-01-28 12:06:03,157 I 35873 36156] raylet_client.cc:336: Error reporting task backlog information: IOError: 
[2022-01-28 12:06:04,157 I 35873 36156] raylet_client.cc:336: Error reporting task backlog information: IOError: 
[2022-01-28 12:06:05,157 I 35873 36156] raylet_client.cc:336: Error reporting task backlog information: IOError: 
[2022-01-28 12:06:06,157 I 35873 36156] raylet_client.cc:336: Error reporting task backlog information: IOError: 
[2022-01-28 12:06:07,158 I 35873 36156] raylet_client.cc:336: Error reporting task backlog information: IOError: 
[2022-01-28 12:06:08,158 I 35873 36156] raylet_client.cc:336: Error reporting task backlog information: IOError: 
[2022-01-28 12:06:09,158 I 35873 36156] raylet_client.cc:336: Error reporting task backlog information: IOError: 
[2022-01-28 12:06:09,320 W 35873 36157] metric_exporter.cc:206: Export metrics to agent failed: IOError: . This won't affect Ray, but you can lose metrics from the cluster.
[2022-01-28 12:06:10,158 I 35873 36156] raylet_client.cc:336: Error reporting task backlog information: IOError: 
[2022-01-28 12:06:11,158 I 35873 36156] raylet_client.cc:336: Error reporting task backlog information: IOError: 
[2022-01-28 12:06:12,158 I 35873 36156] raylet_client.cc:336: Error reporting task backlog information: IOError: 
[2022-01-28 12:06:13,158 I 35873 36156] raylet_client.cc:336: Error reporting task backlog information: IOError: 
[2022-01-28 12:06:14,159 I 35873 36156] raylet_client.cc:336: Error reporting task backlog information: IOError: 
[2022-01-28 12:06:15,159 I 35873 36156] raylet_client.cc:336: Error reporting task backlog information: IOError: 
[2022-01-28 12:06:16,159 I 35873 36156] raylet_client.cc:336: Error reporting task backlog information: IOError: 
[2022-01-28 12:06:17,159 I 35873 36156] raylet_client.cc:336: Error reporting task backlog information: IOError: 
[2022-01-28 12:06:18,159 I 35873 36156] raylet_client.cc:336: Error reporting task backlog information: IOError: 
[2022-01-28 12:06:19,159 I 35873 36156] raylet_client.cc:336: Error reporting task backlog information: IOError: 
[2022-01-28 12:06:19,330 W 35873 36157] metric_exporter.cc:206: Export metrics to agent failed: IOError: . This won't affect Ray, but you can lose metrics from the cluster.
[2022-01-28 12:06:20,160 I 35873 36156] raylet_client.cc:336: Error reporting task backlog information: IOError: 
[2022-01-28 12:06:21,160 I 35873 36156] raylet_client.cc:336: Error reporting task backlog information: IOError: 
[2022-01-28 12:06:22,160 I 35873 36156] raylet_client.cc:336: Error reporting task backlog information: IOError: 
[2022-01-28 12:06:23,160 I 35873 36156] raylet_client.cc:336: Error reporting task backlog information: IOError: 
[2022-01-28 12:06:24,160 I 35873 36156] raylet_client.cc:336: Error reporting task backlog information: IOError: 
[2022-01-28 12:06:25,160 I 35873 36156] raylet_client.cc:336: Error reporting task backlog information: IOError: 
[2022-01-28 12:06:26,161 I 35873 36156] raylet_client.cc:336: Error reporting task backlog information: IOError: 
[2022-01-28 12:06:27,161 I 35873 36156] raylet_client.cc:336: Error reporting task backlog information: IOError: 
[2022-01-28 12:06:28,161 I 35873 36156] raylet_client.cc:336: Error reporting task backlog information: IOError: 
[2022-01-28 12:06:29,161 I 35873 36156] raylet_client.cc:336: Error reporting task backlog information: IOError: 
[2022-01-28 12:06:29,340 W 35873 36157] metric_exporter.cc:206: Export metrics to agent failed: IOError: . This won't affect Ray, but you can lose metrics from the cluster.
[2022-01-28 12:06:30,161 I 35873 36156] raylet_client.cc:336: Error reporting task backlog information: IOError: 
[2022-01-28 12:06:31,162 I 35873 36156] raylet_client.cc:336: Error reporting task backlog information: IOError: 
[2022-01-28 12:06:32,162 I 35873 36156] raylet_client.cc:336: Error reporting task backlog information: IOError: 
[2022-01-28 12:06:33,162 I 35873 36156] raylet_client.cc:336: Error reporting task backlog information: IOError: 
[2022-01-28 12:06:34,162 I 35873 36156] raylet_client.cc:336: Error reporting task backlog information: IOError: 
[2022-01-28 12:06:35,163 I 35873 36156] raylet_client.cc:336: Error reporting task backlog information: IOError: 
[2022-01-28 12:06:36,163 I 35873 36156] raylet_client.cc:336: Error reporting task backlog information: IOError: 
[2022-01-28 12:06:37,163 I 35873 36156] raylet_client.cc:336: Error reporting task backlog information: IOError: 
[2022-01-28 12:06:38,163 I 35873 36156] raylet_client.cc:336: Error reporting task backlog information: IOError: 
[2022-01-28 12:06:39,163 I 35873 36156] raylet_client.cc:336: Error reporting task backlog information: IOError: 
[2022-01-28 12:06:39,352 W 35873 36157] metric_exporter.cc:206: Export metrics to agent failed: IOError: . This won't affect Ray, but you can lose metrics from the cluster.
[2022-01-28 12:06:40,164 I 35873 36156] raylet_client.cc:336: Error reporting task backlog information: IOError: 
[2022-01-28 12:06:41,164 I 35873 36156] raylet_client.cc:336: Error reporting task backlog information: IOError: 
[2022-01-28 12:06:42,164 I 35873 36156] raylet_client.cc:336: Error reporting task backlog information: IOError: 
[2022-01-28 12:06:43,164 I 35873 36156] raylet_client.cc:336: Error reporting task backlog information: IOError: 
[2022-01-28 12:06:44,164 I 35873 36156] raylet_client.cc:336: Error reporting task backlog information: IOError: 
[2022-01-28 12:06:45,165 I 35873 36156] raylet_client.cc:336: Error reporting task backlog information: IOError: 
[2022-01-28 12:06:46,165 I 35873 36156] raylet_client.cc:336: Error reporting task backlog information: IOError: 
[2022-01-28 12:06:47,165 I 35873 36156] raylet_client.cc:336: Error reporting task backlog information: IOError: 
[2022-01-28 12:06:48,165 I 35873 36156] raylet_client.cc:336: Error reporting task backlog information: IOError: 
[2022-01-28 12:06:49,165 I 35873 36156] raylet_client.cc:336: Error reporting task backlog information: IOError: 
[2022-01-28 12:06:49,367 W 35873 36157] metric_exporter.cc:206: Export metrics to agent failed: IOError: . This won't affect Ray, but you can lose metrics from the cluster.
[2022-01-28 12:06:50,166 I 35873 36156] raylet_client.cc:336: Error reporting task backlog information: IOError: 
[2022-01-28 12:06:51,166 I 35873 36156] raylet_client.cc:336: Error reporting task backlog information: IOError: 
[2022-01-28 12:06:52,166 I 35873 36156] raylet_client.cc:336: Error reporting task backlog information: IOError: 
[2022-01-28 12:06:53,166 I 35873 36156] raylet_client.cc:336: Error reporting task backlog information: IOError: 
[2022-01-28 12:06:54,167 I 35873 36156] raylet_client.cc:336: Error reporting task backlog information: IOError: 
[2022-01-28 12:06:55,167 I 35873 36156] raylet_client.cc:336: Error reporting task backlog information: IOError: 
[2022-01-28 12:06:56,167 I 35873 36156] raylet_client.cc:336: Error reporting task backlog information: IOError: 
[2022-01-28 12:06:57,167 I 35873 36156] raylet_client.cc:336: Error reporting task backlog information: IOError: 
[2022-01-28 12:06:58,167 I 35873 36156] raylet_client.cc:336: Error reporting task backlog information: IOError: 
[2022-01-28 12:06:59,168 I 35873 36156] raylet_client.cc:336: Error reporting task backlog information: IOError: 
[2022-01-28 12:06:59,382 W 35873 36157] metric_exporter.cc:206: Export metrics to agent failed: IOError: . This won't affect Ray, but you can lose metrics from the cluster.
[2022-01-28 12:07:00,168 I 35873 36156] raylet_client.cc:336: Error reporting task backlog information: IOError: 
[2022-01-28 12:07:01,168 I 35873 36156] raylet_client.cc:336: Error reporting task backlog information: IOError: 
[2022-01-28 12:07:02,168 I 35873 36156] raylet_client.cc:336: Error reporting task backlog information: IOError: 
[2022-01-28 12:07:03,168 I 35873 36156] raylet_client.cc:336: Error reporting task backlog information: IOError: 
[2022-01-28 12:07:04,169 I 35873 36156] raylet_client.cc:336: Error reporting task backlog information: IOError: 
[2022-01-28 12:07:05,169 I 35873 36156] raylet_client.cc:336: Error reporting task backlog information: IOError: 
[2022-01-28 12:07:06,169 I 35873 36156] raylet_client.cc:336: Error reporting task backlog information: IOError: 
[2022-01-28 12:07:07,169 I 35873 36156] raylet_client.cc:336: Error reporting task backlog information: IOError: 
[2022-01-28 12:07:08,170 I 35873 36156] raylet_client.cc:336: Error reporting task backlog information: IOError: 
[2022-01-28 12:07:09,170 I 35873 36156] raylet_client.cc:336: Error reporting task backlog information: IOError: 
[2022-01-28 12:07:09,397 W 35873 36157] metric_exporter.cc:206: Export metrics to agent failed: IOError: . This won't affect Ray, but you can lose metrics from the cluster.
[2022-01-28 12:07:10,170 I 35873 36156] raylet_client.cc:336: Error reporting task backlog information: IOError: 
[2022-01-28 12:07:11,170 I 35873 36156] raylet_client.cc:336: Error reporting task backlog information: IOError: 
[2022-01-28 12:07:12,171 I 35873 36156] raylet_client.cc:336: Error reporting task backlog information: IOError: 
[2022-01-28 12:07:13,171 I 35873 36156] raylet_client.cc:336: Error reporting task backlog information: IOError: 
[2022-01-28 12:07:14,171 I 35873 36156] raylet_client.cc:336: Error reporting task backlog information: IOError: 
[2022-01-28 12:07:15,171 I 35873 36156] raylet_client.cc:336: Error reporting task backlog information: IOError: 
[2022-01-28 12:07:16,171 I 35873 36156] raylet_client.cc:336: Error reporting task backlog information: IOError: 
[2022-01-28 12:07:17,172 I 35873 36156] raylet_client.cc:336: Error reporting task backlog information: IOError: 
[2022-01-28 12:07:18,172 I 35873 36156] raylet_client.cc:336: Error reporting task backlog information: IOError: 
[2022-01-28 12:07:19,172 I 35873 36156] raylet_client.cc:336: Error reporting task backlog information: IOError: 
[2022-01-28 12:07:19,411 W 35873 36157] metric_exporter.cc:206: Export metrics to agent failed: IOError: . This won't affect Ray, but you can lose metrics from the cluster.
[2022-01-28 12:07:20,172 I 35873 36156] raylet_client.cc:336: Error reporting task backlog information: IOError: 
[2022-01-28 12:07:21,173 I 35873 36156] raylet_client.cc:336: Error reporting task backlog information: IOError: 
[2022-01-28 12:07:22,173 I 35873 36156] raylet_client.cc:336: Error reporting task backlog information: IOError: 
[2022-01-28 12:07:23,173 I 35873 36156] raylet_client.cc:336: Error reporting task backlog information: IOError: 
[2022-01-28 12:07:24,173 I 35873 36156] raylet_client.cc:336: Error reporting task backlog information: IOError: 
[2022-01-28 12:07:25,174 I 35873 36156] raylet_client.cc:336: Error reporting task backlog information: IOError: 
[2022-01-28 12:07:26,174 I 35873 36156] raylet_client.cc:336: Error reporting task backlog information: IOError: 
[2022-01-28 12:07:27,174 I 35873 36156] raylet_client.cc:336: Error reporting task backlog information: IOError: 
[2022-01-28 12:07:28,174 I 35873 36156] raylet_client.cc:336: Error reporting task backlog information: IOError: 
[2022-01-28 12:07:29,174 I 35873 36156] raylet_client.cc:336: Error reporting task backlog information: IOError: 
[2022-01-28 12:07:29,426 W 35873 36157] metric_exporter.cc:206: Export metrics to agent failed: IOError: . This won't affect Ray, but you can lose metrics from the cluster.
[2022-01-28 12:07:30,175 I 35873 36156] raylet_client.cc:336: Error reporting task backlog information: IOError: 
[2022-01-28 12:07:31,175 I 35873 36156] raylet_client.cc:336: Error reporting task backlog information: IOError: 
[2022-01-28 12:07:32,175 I 35873 36156] raylet_client.cc:336: Error reporting task backlog information: IOError: 
[2022-01-28 12:07:33,175 I 35873 36156] raylet_client.cc:336: Error reporting task backlog information: IOError: 
[2022-01-28 12:07:34,176 I 35873 36156] raylet_client.cc:336: Error reporting task backlog information: IOError: 
[2022-01-28 12:07:35,176 I 35873 36156] raylet_client.cc:336: Error reporting task backlog information: IOError: 
[2022-01-28 12:07:36,176 I 35873 36156] raylet_client.cc:336: Error reporting task backlog information: IOError: 
[2022-01-28 12:07:37,176 I 35873 36156] raylet_client.cc:336: Error reporting task backlog information: IOError: 
[2022-01-28 12:07:38,177 I 35873 36156] raylet_client.cc:336: Error reporting task backlog information: IOError: 
[2022-01-28 12:07:39,177 I 35873 36156] raylet_client.cc:336: Error reporting task backlog information: IOError: 
[2022-01-28 12:07:39,441 W 35873 36157] metric_exporter.cc:206: Export metrics to agent failed: IOError: . This won't affect Ray, but you can lose metrics from the cluster.
[2022-01-28 12:07:40,177 I 35873 36156] raylet_client.cc:336: Error reporting task backlog information: IOError: 
[2022-01-28 12:07:41,177 I 35873 36156] raylet_client.cc:336: Error reporting task backlog information: IOError: 
[2022-01-28 12:07:42,177 I 35873 36156] raylet_client.cc:336: Error reporting task backlog information: IOError: 
[2022-01-28 12:07:43,177 I 35873 36156] raylet_client.cc:336: Error reporting task backlog information: IOError: 
[2022-01-28 12:07:44,178 I 35873 36156] raylet_client.cc:336: Error reporting task backlog information: IOError: 
[2022-01-28 12:07:45,178 I 35873 36156] raylet_client.cc:336: Error reporting task backlog information: IOError: 
[2022-01-28 12:07:46,178 I 35873 36156] raylet_client.cc:336: Error reporting task backlog information: IOError: 
[2022-01-28 12:07:47,178 I 35873 36156] raylet_client.cc:336: Error reporting task backlog information: IOError: 
[2022-01-28 12:07:48,179 I 35873 36156] raylet_client.cc:336: Error reporting task backlog information: IOError: 
[2022-01-28 12:07:49,179 I 35873 36156] raylet_client.cc:336: Error reporting task backlog information: IOError: 
[2022-01-28 12:07:49,455 W 35873 36157] metric_exporter.cc:206: Export metrics to agent failed: IOError: . This won't affect Ray, but you can lose metrics from the cluster.
[2022-01-28 12:07:50,179 I 35873 36156] raylet_client.cc:336: Error reporting task backlog information: IOError: 
[2022-01-28 12:07:51,179 I 35873 36156] raylet_client.cc:336: Error reporting task backlog information: IOError: 
[2022-01-28 12:07:52,180 I 35873 36156] raylet_client.cc:336: Error reporting task backlog information: IOError: 
[2022-01-28 12:07:53,180 I 35873 36156] raylet_client.cc:336: Error reporting task backlog information: IOError: 
[2022-01-28 12:07:54,180 I 35873 36156] raylet_client.cc:336: Error reporting task backlog information: IOError: 
[2022-01-28 12:07:55,180 I 35873 36156] raylet_client.cc:336: Error reporting task backlog information: IOError: 
[2022-01-28 12:07:56,181 I 35873 36156] raylet_client.cc:336: Error reporting task backlog information: IOError: 
[2022-01-28 12:07:57,181 I 35873 36156] raylet_client.cc:336: Error reporting task backlog information: IOError: 
[2022-01-28 12:07:58,181 I 35873 36156] raylet_client.cc:336: Error reporting task backlog information: IOError: 
[2022-01-28 12:07:59,181 I 35873 36156] raylet_client.cc:336: Error reporting task backlog information: IOError: 
[2022-01-28 12:07:59,469 W 35873 36157] metric_exporter.cc:206: Export metrics to agent failed: IOError: . This won't affect Ray, but you can lose metrics from the cluster.
[2022-01-28 12:08:00,181 I 35873 36156] raylet_client.cc:336: Error reporting task backlog information: IOError: 
[2022-01-28 12:08:01,182 I 35873 36156] raylet_client.cc:336: Error reporting task backlog information: IOError: 
[2022-01-28 12:08:02,182 I 35873 36156] raylet_client.cc:336: Error reporting task backlog information: IOError: 
[2022-01-28 12:08:03,182 I 35873 36156] raylet_client.cc:336: Error reporting task backlog information: IOError: 
[2022-01-28 12:08:04,183 I 35873 36156] raylet_client.cc:336: Error reporting task backlog information: IOError: 
[2022-01-28 12:08:05,054 W 35873 36053] gcs_server_address_updater.cc:61: [301] Failed to get the gcs server address from raylet 301 times in a row. If it keeps failing to obtain the address, the worker might crash. Connection status IOError: 
[2022-01-28 12:08:05,182 I 35873 36156] raylet_client.cc:336: Error reporting task backlog information: IOError: 
[2022-01-28 12:08:06,183 I 35873 36156] raylet_client.cc:336: Error reporting task backlog information: IOError: 
[2022-01-28 12:08:07,183 I 35873 36156] raylet_client.cc:336: Error reporting task backlog information: IOError: 
[2022-01-28 12:08:08,183 I 35873 36156] raylet_client.cc:336: Error reporting task backlog information: IOError: 
[2022-01-28 12:08:09,184 I 35873 36156] raylet_client.cc:336: Error reporting task backlog information: IOError: 
[2022-01-28 12:08:09,482 W 35873 36157] metric_exporter.cc:206: Export metrics to agent failed: IOError: . This won't affect Ray, but you can lose metrics from the cluster.
[2022-01-28 12:08:10,184 I 35873 36156] raylet_client.cc:336: Error reporting task backlog information: IOError: 
[2022-01-28 12:08:11,184 I 35873 36156] raylet_client.cc:336: Error reporting task backlog information: IOError: 
[2022-01-28 12:08:12,184 I 35873 36156] raylet_client.cc:336: Error reporting task backlog information: IOError: 
[2022-01-28 12:08:13,184 I 35873 36156] raylet_client.cc:336: Error reporting task backlog information: IOError: 
[2022-01-28 12:08:14,185 I 35873 36156] raylet_client.cc:336: Error reporting task backlog information: IOError: 
[2022-01-28 12:08:15,185 I 35873 36156] raylet_client.cc:336: Error reporting task backlog information: IOError: 
[2022-01-28 12:08:16,185 I 35873 36156] raylet_client.cc:336: Error reporting task backlog information: IOError: 
[2022-01-28 12:08:17,185 I 35873 36156] raylet_client.cc:336: Error reporting task backlog information: IOError: 
[2022-01-28 12:08:18,186 I 35873 36156] raylet_client.cc:336: Error reporting task backlog information: IOError: 
[2022-01-28 12:08:19,186 I 35873 36156] raylet_client.cc:336: Error reporting task backlog information: IOError: 
[2022-01-28 12:08:19,494 W 35873 36157] metric_exporter.cc:206: Export metrics to agent failed: IOError: . This won't affect Ray, but you can lose metrics from the cluster.
[2022-01-28 12:08:20,186 I 35873 36156] raylet_client.cc:336: Error reporting task backlog information: IOError: 
[2022-01-28 12:08:21,186 I 35873 36156] raylet_client.cc:336: Error reporting task backlog information: IOError: 
[2022-01-28 12:08:22,187 I 35873 36156] raylet_client.cc:336: Error reporting task backlog information: IOError: 
[2022-01-28 12:08:23,187 I 35873 36156] raylet_client.cc:336: Error reporting task backlog information: IOError: 
[2022-01-28 12:08:24,187 I 35873 36156] raylet_client.cc:336: Error reporting task backlog information: IOError: 
[2022-01-28 12:08:25,187 I 35873 36156] raylet_client.cc:336: Error reporting task backlog information: IOError: 
[2022-01-28 12:08:26,187 I 35873 36156] raylet_client.cc:336: Error reporting task backlog information: IOError: 
[2022-01-28 12:08:27,187 I 35873 36156] raylet_client.cc:336: Error reporting task backlog information: IOError: 
[2022-01-28 12:08:28,187 I 35873 36156] raylet_client.cc:336: Error reporting task backlog information: IOError: 
[2022-01-28 12:08:29,188 I 35873 36156] raylet_client.cc:336: Error reporting task backlog information: IOError: 
[2022-01-28 12:08:29,506 W 35873 36157] metric_exporter.cc:206: Export metrics to agent failed: IOError: . This won't affect Ray, but you can lose metrics from the cluster.
[2022-01-28 12:08:30,188 I 35873 36156] raylet_client.cc:336: Error reporting task backlog information: IOError: 
[2022-01-28 12:08:31,188 I 35873 36156] raylet_client.cc:336: Error reporting task backlog information: IOError: 
[2022-01-28 12:08:32,189 I 35873 36156] raylet_client.cc:336: Error reporting task backlog information: IOError: 
[2022-01-28 12:08:33,189 I 35873 36156] raylet_client.cc:336: Error reporting task backlog information: IOError: 
[2022-01-28 12:08:34,189 I 35873 36156] raylet_client.cc:336: Error reporting task backlog information: IOError: 
[2022-01-28 12:08:35,189 I 35873 36156] raylet_client.cc:336: Error reporting task backlog information: IOError: 
[2022-01-28 12:08:36,190 I 35873 36156] raylet_client.cc:336: Error reporting task backlog information: IOError: 
[2022-01-28 12:08:37,190 I 35873 36156] raylet_client.cc:336: Error reporting task backlog information: IOError: 
[2022-01-28 12:08:38,190 I 35873 36156] raylet_client.cc:336: Error reporting task backlog information: IOError: 
[2022-01-28 12:08:39,190 I 35873 36156] raylet_client.cc:336: Error reporting task backlog information: IOError: 
[2022-01-28 12:08:39,518 W 35873 36157] metric_exporter.cc:206: Export metrics to agent failed: IOError: . This won't affect Ray, but you can lose metrics from the cluster.
[2022-01-28 12:08:40,190 I 35873 36156] raylet_client.cc:336: Error reporting task backlog information: IOError: 
[2022-01-28 12:08:41,191 I 35873 36156] raylet_client.cc:336: Error reporting task backlog information: IOError: 
[2022-01-28 12:08:42,191 I 35873 36156] raylet_client.cc:336: Error reporting task backlog information: IOError: 
[2022-01-28 12:08:43,191 I 35873 36156] raylet_client.cc:336: Error reporting task backlog information: IOError: 
[2022-01-28 12:08:44,191 I 35873 36156] raylet_client.cc:336: Error reporting task backlog information: IOError: 
[2022-01-28 12:08:45,192 I 35873 36156] raylet_client.cc:336: Error reporting task backlog information: IOError: 
[2022-01-28 12:08:46,192 I 35873 36156] raylet_client.cc:336: Error reporting task backlog information: IOError: 
[2022-01-28 12:08:47,192 I 35873 36156] raylet_client.cc:336: Error reporting task backlog information: IOError: 
[2022-01-28 12:08:48,192 I 35873 36156] raylet_client.cc:336: Error reporting task backlog information: IOError: 
[2022-01-28 12:08:49,192 I 35873 36156] raylet_client.cc:336: Error reporting task backlog information: IOError: 
[2022-01-28 12:08:49,529 W 35873 36157] metric_exporter.cc:206: Export metrics to agent failed: IOError: . This won't affect Ray, but you can lose metrics from the cluster.
[2022-01-28 12:08:50,193 I 35873 36156] raylet_client.cc:336: Error reporting task backlog information: IOError: 
[2022-01-28 12:08:51,193 I 35873 36156] raylet_client.cc:336: Error reporting task backlog information: IOError: 
[2022-01-28 12:08:52,193 I 35873 36156] raylet_client.cc:336: Error reporting task backlog information: IOError: 
[2022-01-28 12:08:53,193 I 35873 36156] raylet_client.cc:336: Error reporting task backlog information: IOError: 
[2022-01-28 12:08:54,193 I 35873 36156] raylet_client.cc:336: Error reporting task backlog information: IOError: 
[2022-01-28 12:08:55,194 I 35873 36156] raylet_client.cc:336: Error reporting task backlog information: IOError: 
[2022-01-28 12:08:56,194 I 35873 36156] raylet_client.cc:336: Error reporting task backlog information: IOError: 
[2022-01-28 12:08:57,194 I 35873 36156] raylet_client.cc:336: Error reporting task backlog information: IOError: 
[2022-01-28 12:08:58,194 I 35873 36156] raylet_client.cc:336: Error reporting task backlog information: IOError: 
[2022-01-28 12:08:59,195 I 35873 36156] raylet_client.cc:336: Error reporting task backlog information: IOError: 
[2022-01-28 12:08:59,540 W 35873 36157] metric_exporter.cc:206: Export metrics to agent failed: IOError: . This won't affect Ray, but you can lose metrics from the cluster.
[2022-01-28 12:09:00,195 I 35873 36156] raylet_client.cc:336: Error reporting task backlog information: IOError: 
[2022-01-28 12:09:01,195 I 35873 36156] raylet_client.cc:336: Error reporting task backlog information: IOError: 
[2022-01-28 12:09:02,195 I 35873 36156] raylet_client.cc:336: Error reporting task backlog information: IOError: 
[2022-01-28 12:09:03,195 I 35873 36156] raylet_client.cc:336: Error reporting task backlog information: IOError: 
[2022-01-28 12:09:04,195 I 35873 36156] raylet_client.cc:336: Error reporting task backlog information: IOError: 
[2022-01-28 12:09:05,195 I 35873 36156] raylet_client.cc:336: Error reporting task backlog information: IOError: 
[2022-01-28 12:09:06,195 I 35873 36156] raylet_client.cc:336: Error reporting task backlog information: IOError: 
[2022-01-28 12:09:07,196 I 35873 36156] raylet_client.cc:336: Error reporting task backlog information: IOError: 
[2022-01-28 12:09:08,196 I 35873 36156] raylet_client.cc:336: Error reporting task backlog information: IOError: 
[2022-01-28 12:09:09,196 I 35873 36156] raylet_client.cc:336: Error reporting task backlog information: IOError: 
[2022-01-28 12:09:09,552 W 35873 36157] metric_exporter.cc:206: Export metrics to agent failed: IOError: . This won't affect Ray, but you can lose metrics from the cluster.
[2022-01-28 12:09:10,197 I 35873 36156] raylet_client.cc:336: Error reporting task backlog information: IOError: 
[2022-01-28 12:09:11,197 I 35873 36156] raylet_client.cc:336: Error reporting task backlog information: IOError: 
[2022-01-28 12:09:12,197 I 35873 36156] raylet_client.cc:336: Error reporting task backlog information: IOError: 
[2022-01-28 12:09:13,197 I 35873 36156] raylet_client.cc:336: Error reporting task backlog information: IOError: 
[2022-01-28 12:09:14,198 I 35873 36156] raylet_client.cc:336: Error reporting task backlog information: IOError: 
[2022-01-28 12:09:15,198 I 35873 36156] raylet_client.cc:336: Error reporting task backlog information: IOError: 
[2022-01-28 12:09:16,198 I 35873 36156] raylet_client.cc:336: Error reporting task backlog information: IOError: 
[2022-01-28 12:09:17,198 I 35873 36156] raylet_client.cc:336: Error reporting task backlog information: IOError: 
[2022-01-28 12:09:18,198 I 35873 36156] raylet_client.cc:336: Error reporting task backlog information: IOError: 
[2022-01-28 12:09:19,199 I 35873 36156] raylet_client.cc:336: Error reporting task backlog information: IOError: 
[2022-01-28 12:09:19,566 W 35873 36157] metric_exporter.cc:206: Export metrics to agent failed: IOError: . This won't affect Ray, but you can lose metrics from the cluster.
[2022-01-28 12:09:20,199 I 35873 36156] raylet_client.cc:336: Error reporting task backlog information: IOError: 
[2022-01-28 12:09:21,199 I 35873 36156] raylet_client.cc:336: Error reporting task backlog information: IOError: 
[2022-01-28 12:09:22,199 I 35873 36156] raylet_client.cc:336: Error reporting task backlog information: IOError: 
[2022-01-28 12:09:23,200 I 35873 36156] raylet_client.cc:336: Error reporting task backlog information: IOError: 
[2022-01-28 12:09:24,200 I 35873 36156] raylet_client.cc:336: Error reporting task backlog information: IOError: 
[2022-01-28 12:09:25,200 I 35873 36156] raylet_client.cc:336: Error reporting task backlog information: IOError: 
[2022-01-28 12:09:26,200 I 35873 36156] raylet_client.cc:336: Error reporting task backlog information: IOError: 
[2022-01-28 12:09:27,200 I 35873 36156] raylet_client.cc:336: Error reporting task backlog information: IOError: 
[2022-01-28 12:09:28,201 I 35873 36156] raylet_client.cc:336: Error reporting task backlog information: IOError: 
[2022-01-28 12:09:29,201 I 35873 36156] raylet_client.cc:336: Error reporting task backlog information: IOError: 
[2022-01-28 12:09:29,579 W 35873 36157] metric_exporter.cc:206: Export metrics to agent failed: IOError: . This won't affect Ray, but you can lose metrics from the cluster.
[2022-01-28 12:09:30,201 I 35873 36156] raylet_client.cc:336: Error reporting task backlog information: IOError: 
[2022-01-28 12:09:31,201 I 35873 36156] raylet_client.cc:336: Error reporting task backlog information: IOError: 
[2022-01-28 12:09:32,201 I 35873 36156] raylet_client.cc:336: Error reporting task backlog information: IOError: 
[2022-01-28 12:09:33,202 I 35873 36156] raylet_client.cc:336: Error reporting task backlog information: IOError: 
[2022-01-28 12:09:34,202 I 35873 36156] raylet_client.cc:336: Error reporting task backlog information: IOError: 
[2022-01-28 12:09:35,202 I 35873 36156] raylet_client.cc:336: Error reporting task backlog information: IOError: 
[2022-01-28 12:09:36,203 I 35873 36156] raylet_client.cc:336: Error reporting task backlog information: IOError: 
[2022-01-28 12:09:37,203 I 35873 36156] raylet_client.cc:336: Error reporting task backlog information: IOError: 
[2022-01-28 12:09:38,203 I 35873 36156] raylet_client.cc:336: Error reporting task backlog information: IOError: 
[2022-01-28 12:09:39,203 I 35873 36156] raylet_client.cc:336: Error reporting task backlog information: IOError: 
[2022-01-28 12:09:39,591 W 35873 36157] metric_exporter.cc:206: Export metrics to agent failed: IOError: . This won't affect Ray, but you can lose metrics from the cluster.
[2022-01-28 12:09:40,204 I 35873 36156] raylet_client.cc:336: Error reporting task backlog information: IOError: 
[2022-01-28 12:09:41,204 I 35873 36156] raylet_client.cc:336: Error reporting task backlog information: IOError: 
[2022-01-28 12:09:42,204 I 35873 36156] raylet_client.cc:336: Error reporting task backlog information: IOError: 
[2022-01-28 12:09:43,204 I 35873 36156] raylet_client.cc:336: Error reporting task backlog information: IOError: 
[2022-01-28 12:09:44,204 I 35873 36156] raylet_client.cc:336: Error reporting task backlog information: IOError: 
[2022-01-28 12:09:45,204 I 35873 36156] raylet_client.cc:336: Error reporting task backlog information: IOError: 
[2022-01-28 12:09:46,205 I 35873 36156] raylet_client.cc:336: Error reporting task backlog information: IOError: 
[2022-01-28 12:09:47,205 I 35873 36156] raylet_client.cc:336: Error reporting task backlog information: IOError: 
[2022-01-28 12:09:48,205 I 35873 36156] raylet_client.cc:336: Error reporting task backlog information: IOError: 
[2022-01-28 12:09:49,205 I 35873 36156] raylet_client.cc:336: Error reporting task backlog information: IOError: 
[2022-01-28 12:09:49,604 W 35873 36157] metric_exporter.cc:206: Export metrics to agent failed: IOError: . This won't affect Ray, but you can lose metrics from the cluster.
[2022-01-28 12:09:50,205 I 35873 36156] raylet_client.cc:336: Error reporting task backlog information: IOError: 
[2022-01-28 12:09:51,206 I 35873 36156] raylet_client.cc:336: Error reporting task backlog information: IOError: 
[2022-01-28 12:09:52,206 I 35873 36156] raylet_client.cc:336: Error reporting task backlog information: IOError: 
[2022-01-28 12:09:53,206 I 35873 36156] raylet_client.cc:336: Error reporting task backlog information: IOError: 
[2022-01-28 12:09:54,207 I 35873 36156] raylet_client.cc:336: Error reporting task backlog information: IOError: 
[2022-01-28 12:09:55,207 I 35873 36156] raylet_client.cc:336: Error reporting task backlog information: IOError: 
[2022-01-28 12:09:56,207 I 35873 36156] raylet_client.cc:336: Error reporting task backlog information: IOError: 
[2022-01-28 12:09:57,207 I 35873 36156] raylet_client.cc:336: Error reporting task backlog information: IOError: 
[2022-01-28 12:09:58,208 I 35873 36156] raylet_client.cc:336: Error reporting task backlog information: IOError: 
[2022-01-28 12:09:59,208 I 35873 36156] raylet_client.cc:336: Error reporting task backlog information: IOError: 
[2022-01-28 12:09:59,617 W 35873 36157] metric_exporter.cc:206: Export metrics to agent failed: IOError: . This won't affect Ray, but you can lose metrics from the cluster.
[2022-01-28 12:10:00,208 I 35873 36156] raylet_client.cc:336: Error reporting task backlog information: IOError: 
[2022-01-28 12:10:01,208 I 35873 36156] raylet_client.cc:336: Error reporting task backlog information: IOError: 
[2022-01-28 12:10:02,209 I 35873 36156] raylet_client.cc:336: Error reporting task backlog information: IOError: 
[2022-01-28 12:10:03,209 I 35873 36156] raylet_client.cc:336: Error reporting task backlog information: IOError: 
[2022-01-28 12:10:04,209 I 35873 36156] raylet_client.cc:336: Error reporting task backlog information: IOError: 
[2022-01-28 12:10:05,209 I 35873 36156] raylet_client.cc:336: Error reporting task backlog information: IOError: 
[2022-01-28 12:10:06,210 I 35873 36156] raylet_client.cc:336: Error reporting task backlog information: IOError: 
[2022-01-28 12:10:07,210 I 35873 36156] raylet_client.cc:336: Error reporting task backlog information: IOError: 
[2022-01-28 12:10:08,210 I 35873 36156] raylet_client.cc:336: Error reporting task backlog information: IOError: 
[2022-01-28 12:10:09,210 I 35873 36156] raylet_client.cc:336: Error reporting task backlog information: IOError: 
[2022-01-28 12:10:09,629 W 35873 36157] metric_exporter.cc:206: Export metrics to agent failed: IOError: . This won't affect Ray, but you can lose metrics from the cluster.
[2022-01-28 12:10:10,210 I 35873 36156] raylet_client.cc:336: Error reporting task backlog information: IOError: 
[2022-01-28 12:10:11,211 I 35873 36156] raylet_client.cc:336: Error reporting task backlog information: IOError: 
[2022-01-28 12:10:12,211 I 35873 36156] raylet_client.cc:336: Error reporting task backlog information: IOError: 
[2022-01-28 12:10:13,211 I 35873 36156] raylet_client.cc:336: Error reporting task backlog information: IOError: 
[2022-01-28 12:10:14,211 I 35873 36156] raylet_client.cc:336: Error reporting task backlog information: IOError: 
[2022-01-28 12:10:15,212 I 35873 36156] raylet_client.cc:336: Error reporting task backlog information: IOError: 
[2022-01-28 12:10:16,212 I 35873 36156] raylet_client.cc:336: Error reporting task backlog information: IOError: 
[2022-01-28 12:10:17,212 I 35873 36156] raylet_client.cc:336: Error reporting task backlog information: IOError: 
[2022-01-28 12:10:18,212 I 35873 36156] raylet_client.cc:336: Error reporting task backlog information: IOError: 
[2022-01-28 12:10:19,212 I 35873 36156] raylet_client.cc:336: Error reporting task backlog information: IOError: 
[2022-01-28 12:10:19,642 W 35873 36157] metric_exporter.cc:206: Export metrics to agent failed: IOError: . This won't affect Ray, but you can lose metrics from the cluster.
[2022-01-28 12:10:20,213 I 35873 36156] raylet_client.cc:336: Error reporting task backlog information: IOError: 
[2022-01-28 12:10:21,213 I 35873 36156] raylet_client.cc:336: Error reporting task backlog information: IOError: 
[2022-01-28 12:10:22,213 I 35873 36156] raylet_client.cc:336: Error reporting task backlog information: IOError: 
[2022-01-28 12:10:23,213 I 35873 36156] raylet_client.cc:336: Error reporting task backlog information: IOError: 
[2022-01-28 12:10:24,214 I 35873 36156] raylet_client.cc:336: Error reporting task backlog information: IOError: 
[2022-01-28 12:10:25,214 I 35873 36156] raylet_client.cc:336: Error reporting task backlog information: IOError: 
[2022-01-28 12:10:26,214 I 35873 36156] raylet_client.cc:336: Error reporting task backlog information: IOError: 
[2022-01-28 12:10:27,214 I 35873 36156] raylet_client.cc:336: Error reporting task backlog information: IOError: 
[2022-01-28 12:10:28,215 I 35873 36156] raylet_client.cc:336: Error reporting task backlog information: IOError: 
[2022-01-28 12:10:29,215 I 35873 36156] raylet_client.cc:336: Error reporting task backlog information: IOError: 
[2022-01-28 12:10:29,656 W 35873 36157] metric_exporter.cc:206: Export metrics to agent failed: IOError: . This won't affect Ray, but you can lose metrics from the cluster.
[2022-01-28 12:10:30,215 I 35873 36156] raylet_client.cc:336: Error reporting task backlog information: IOError: 
[2022-01-28 12:10:31,215 I 35873 36156] raylet_client.cc:336: Error reporting task backlog information: IOError: 
[2022-01-28 12:10:32,216 I 35873 36156] raylet_client.cc:336: Error reporting task backlog information: IOError: 
[2022-01-28 12:10:33,216 I 35873 36156] raylet_client.cc:336: Error reporting task backlog information: IOError: 
[2022-01-28 12:10:34,216 I 35873 36156] raylet_client.cc:336: Error reporting task backlog information: IOError: 
[2022-01-28 12:10:35,216 I 35873 36156] raylet_client.cc:336: Error reporting task backlog information: IOError: 
[2022-01-28 12:10:36,216 I 35873 36156] raylet_client.cc:336: Error reporting task backlog information: IOError: 
[2022-01-28 12:10:37,217 I 35873 36156] raylet_client.cc:336: Error reporting task backlog information: IOError: 
[2022-01-28 12:10:38,217 I 35873 36156] raylet_client.cc:336: Error reporting task backlog information: IOError: 
[2022-01-28 12:10:39,217 I 35873 36156] raylet_client.cc:336: Error reporting task backlog information: IOError: 
[2022-01-28 12:10:39,670 W 35873 36157] metric_exporter.cc:206: Export metrics to agent failed: IOError: . This won't affect Ray, but you can lose metrics from the cluster.
[2022-01-28 12:10:40,217 I 35873 36156] raylet_client.cc:336: Error reporting task backlog information: IOError: 
[2022-01-28 12:10:41,218 I 35873 36156] raylet_client.cc:336: Error reporting task backlog information: IOError: 
[2022-01-28 12:10:42,218 I 35873 36156] raylet_client.cc:336: Error reporting task backlog information: IOError: 
[2022-01-28 12:10:43,218 I 35873 36156] raylet_client.cc:336: Error reporting task backlog information: IOError: 
[2022-01-28 12:10:44,218 I 35873 36156] raylet_client.cc:336: Error reporting task backlog information: IOError: 
[2022-01-28 12:10:45,218 I 35873 36156] raylet_client.cc:336: Error reporting task backlog information: IOError: 
[2022-01-28 12:10:46,219 I 35873 36156] raylet_client.cc:336: Error reporting task backlog information: IOError: 
[2022-01-28 12:10:47,219 I 35873 36156] raylet_client.cc:336: Error reporting task backlog information: IOError: 
[2022-01-28 12:10:48,219 I 35873 36156] raylet_client.cc:336: Error reporting task backlog information: IOError: 
[2022-01-28 12:10:49,219 I 35873 36156] raylet_client.cc:336: Error reporting task backlog information: IOError: 
[2022-01-28 12:10:49,683 W 35873 36157] metric_exporter.cc:206: Export metrics to agent failed: IOError: . This won't affect Ray, but you can lose metrics from the cluster.
[2022-01-28 12:10:50,220 I 35873 36156] raylet_client.cc:336: Error reporting task backlog information: IOError: 
[2022-01-28 12:10:51,220 I 35873 36156] raylet_client.cc:336: Error reporting task backlog information: IOError: 
[2022-01-28 12:10:52,220 I 35873 36156] raylet_client.cc:336: Error reporting task backlog information: IOError: 
[2022-01-28 12:10:53,220 I 35873 36156] raylet_client.cc:336: Error reporting task backlog information: IOError: 
[2022-01-28 12:10:54,221 I 35873 36156] raylet_client.cc:336: Error reporting task backlog information: IOError: 
[2022-01-28 12:10:55,221 I 35873 36156] raylet_client.cc:336: Error reporting task backlog information: IOError: 
[2022-01-28 12:10:56,221 I 35873 36156] raylet_client.cc:336: Error reporting task backlog information: IOError: 
[2022-01-28 12:10:57,221 I 35873 36156] raylet_client.cc:336: Error reporting task backlog information: IOError: 
[2022-01-28 12:10:58,221 I 35873 36156] raylet_client.cc:336: Error reporting task backlog information: IOError: 
[2022-01-28 12:10:59,221 I 35873 36156] raylet_client.cc:336: Error reporting task backlog information: IOError: 
[2022-01-28 12:10:59,697 W 35873 36157] metric_exporter.cc:206: Export metrics to agent failed: IOError: . This won't affect Ray, but you can lose metrics from the cluster.
[2022-01-28 12:11:00,222 I 35873 36156] raylet_client.cc:336: Error reporting task backlog information: IOError: 
[2022-01-28 12:11:01,222 I 35873 36156] raylet_client.cc:336: Error reporting task backlog information: IOError: 
[2022-01-28 12:11:02,222 I 35873 36156] raylet_client.cc:336: Error reporting task backlog information: IOError: 
[2022-01-28 12:11:03,222 I 35873 36156] raylet_client.cc:336: Error reporting task backlog information: IOError: 
[2022-01-28 12:11:04,223 I 35873 36156] raylet_client.cc:336: Error reporting task backlog information: IOError: 
[2022-01-28 12:11:05,223 I 35873 36156] raylet_client.cc:336: Error reporting task backlog information: IOError: 
[2022-01-28 12:11:06,223 I 35873 36156] raylet_client.cc:336: Error reporting task backlog information: IOError: 
[2022-01-28 12:11:07,223 I 35873 36156] raylet_client.cc:336: Error reporting task backlog information: IOError: 
[2022-01-28 12:11:08,224 I 35873 36156] raylet_client.cc:336: Error reporting task backlog information: IOError: 
[2022-01-28 12:11:09,224 I 35873 36156] raylet_client.cc:336: Error reporting task backlog information: IOError: 
[2022-01-28 12:11:09,712 W 35873 36157] metric_exporter.cc:206: Export metrics to agent failed: IOError: . This won't affect Ray, but you can lose metrics from the cluster.
[2022-01-28 12:11:10,224 I 35873 36156] raylet_client.cc:336: Error reporting task backlog information: IOError: 
[2022-01-28 12:11:11,224 I 35873 36156] raylet_client.cc:336: Error reporting task backlog information: IOError: 
[2022-01-28 12:11:12,224 I 35873 36156] raylet_client.cc:336: Error reporting task backlog information: IOError: 
[2022-01-28 12:11:13,225 I 35873 36156] raylet_client.cc:336: Error reporting task backlog information: IOError: 
[2022-01-28 12:11:14,225 I 35873 36156] raylet_client.cc:336: Error reporting task backlog information: IOError: 
[2022-01-28 12:11:15,225 I 35873 36156] raylet_client.cc:336: Error reporting task backlog information: IOError: 
[2022-01-28 12:11:16,225 I 35873 36156] raylet_client.cc:336: Error reporting task backlog information: IOError: 
[2022-01-28 12:11:17,225 I 35873 36156] raylet_client.cc:336: Error reporting task backlog information: IOError: 
[2022-01-28 12:11:18,226 I 35873 36156] raylet_client.cc:336: Error reporting task backlog information: IOError: 
[2022-01-28 12:11:19,226 I 35873 36156] raylet_client.cc:336: Error reporting task backlog information: IOError: 
[2022-01-28 12:11:19,726 W 35873 36157] metric_exporter.cc:206: Export metrics to agent failed: IOError: . This won't affect Ray, but you can lose metrics from the cluster.
[2022-01-28 12:11:20,226 I 35873 36156] raylet_client.cc:336: Error reporting task backlog information: IOError: 
[2022-01-28 12:11:21,226 I 35873 36156] raylet_client.cc:336: Error reporting task backlog information: IOError: 
[2022-01-28 12:11:22,227 I 35873 36156] raylet_client.cc:336: Error reporting task backlog information: IOError: 
[2022-01-28 12:11:23,227 I 35873 36156] raylet_client.cc:336: Error reporting task backlog information: IOError: 
[2022-01-28 12:11:24,227 I 35873 36156] raylet_client.cc:336: Error reporting task backlog information: IOError: 
[2022-01-28 12:11:25,227 I 35873 36156] raylet_client.cc:336: Error reporting task backlog information: IOError: 
[2022-01-28 12:11:26,228 I 35873 36156] raylet_client.cc:336: Error reporting task backlog information: IOError: 
[2022-01-28 12:11:27,228 I 35873 36156] raylet_client.cc:336: Error reporting task backlog information: IOError: 
[2022-01-28 12:11:28,228 I 35873 36156] raylet_client.cc:336: Error reporting task backlog information: IOError: 
[2022-01-28 12:11:29,228 I 35873 36156] raylet_client.cc:336: Error reporting task backlog information: IOError: 
[2022-01-28 12:11:29,740 W 35873 36157] metric_exporter.cc:206: Export metrics to agent failed: IOError: . This won't affect Ray, but you can lose metrics from the cluster.
[2022-01-28 12:11:30,229 I 35873 36156] raylet_client.cc:336: Error reporting task backlog information: IOError: 
[2022-01-28 12:11:31,229 I 35873 36156] raylet_client.cc:336: Error reporting task backlog information: IOError: 
[2022-01-28 12:11:32,229 I 35873 36156] raylet_client.cc:336: Error reporting task backlog information: IOError: 
[2022-01-28 12:11:33,229 I 35873 36156] raylet_client.cc:336: Error reporting task backlog information: IOError: 
[2022-01-28 12:11:34,229 I 35873 36156] raylet_client.cc:336: Error reporting task backlog information: IOError: 
[2022-01-28 12:11:35,230 I 35873 36156] raylet_client.cc:336: Error reporting task backlog information: IOError: 
[2022-01-28 12:11:36,230 I 35873 36156] raylet_client.cc:336: Error reporting task backlog information: IOError: 
[2022-01-28 12:11:37,230 I 35873 36156] raylet_client.cc:336: Error reporting task backlog information: IOError: 
[2022-01-28 12:11:38,230 I 35873 36156] raylet_client.cc:336: Error reporting task backlog information: IOError: 
[2022-01-28 12:11:39,230 I 35873 36156] raylet_client.cc:336: Error reporting task backlog information: IOError: 
[2022-01-28 12:11:39,753 W 35873 36157] metric_exporter.cc:206: Export metrics to agent failed: IOError: . This won't affect Ray, but you can lose metrics from the cluster.
[2022-01-28 12:11:40,230 I 35873 36156] raylet_client.cc:336: Error reporting task backlog information: IOError: 
[2022-01-28 12:11:41,231 I 35873 36156] raylet_client.cc:336: Error reporting task backlog information: IOError: 
[2022-01-28 12:11:42,231 I 35873 36156] raylet_client.cc:336: Error reporting task backlog information: IOError: 
[2022-01-28 12:11:43,231 I 35873 36156] raylet_client.cc:336: Error reporting task backlog information: IOError: 
[2022-01-28 12:11:44,231 I 35873 36156] raylet_client.cc:336: Error reporting task backlog information: IOError: 
[2022-01-28 12:11:45,232 I 35873 36156] raylet_client.cc:336: Error reporting task backlog information: IOError: 
[2022-01-28 12:11:46,232 I 35873 36156] raylet_client.cc:336: Error reporting task backlog information: IOError: 
[2022-01-28 12:11:47,232 I 35873 36156] raylet_client.cc:336: Error reporting task backlog information: IOError: 
[2022-01-28 12:11:48,232 I 35873 36156] raylet_client.cc:336: Error reporting task backlog information: IOError: 
[2022-01-28 12:11:49,233 I 35873 36156] raylet_client.cc:336: Error reporting task backlog information: IOError: 
[2022-01-28 12:11:49,767 W 35873 36157] metric_exporter.cc:206: Export metrics to agent failed: IOError: . This won't affect Ray, but you can lose metrics from the cluster.
[2022-01-28 12:11:50,233 I 35873 36156] raylet_client.cc:336: Error reporting task backlog information: IOError: 
[2022-01-28 12:11:51,233 I 35873 36156] raylet_client.cc:336: Error reporting task backlog information: IOError: 
[2022-01-28 12:11:52,233 I 35873 36156] raylet_client.cc:336: Error reporting task backlog information: IOError: 
[2022-01-28 12:11:53,234 I 35873 36156] raylet_client.cc:336: Error reporting task backlog information: IOError: 
[2022-01-28 12:11:54,234 I 35873 36156] raylet_client.cc:336: Error reporting task backlog information: IOError: 
[2022-01-28 12:11:55,234 I 35873 36156] raylet_client.cc:336: Error reporting task backlog information: IOError: 
[2022-01-28 12:11:56,234 I 35873 36156] raylet_client.cc:336: Error reporting task backlog information: IOError: 
[2022-01-28 12:11:57,235 I 35873 36156] raylet_client.cc:336: Error reporting task backlog information: IOError: 
[2022-01-28 12:11:58,235 I 35873 36156] raylet_client.cc:336: Error reporting task backlog information: IOError: 
[2022-01-28 12:11:59,235 I 35873 36156] raylet_client.cc:336: Error reporting task backlog information: IOError: 
[2022-01-28 12:11:59,781 W 35873 36157] metric_exporter.cc:206: Export metrics to agent failed: IOError: . This won't affect Ray, but you can lose metrics from the cluster.
[2022-01-28 12:12:00,235 I 35873 36156] raylet_client.cc:336: Error reporting task backlog information: IOError: 
[2022-01-28 12:12:01,236 I 35873 36156] raylet_client.cc:336: Error reporting task backlog information: IOError: 
[2022-01-28 12:12:02,236 I 35873 36156] raylet_client.cc:336: Error reporting task backlog information: IOError: 
[2022-01-28 12:12:03,236 I 35873 36156] raylet_client.cc:336: Error reporting task backlog information: IOError: 
[2022-01-28 12:12:04,236 I 35873 36156] raylet_client.cc:336: Error reporting task backlog information: IOError: 
[2022-01-28 12:12:05,236 I 35873 36156] raylet_client.cc:336: Error reporting task backlog information: IOError: 
[2022-01-28 12:12:06,237 I 35873 36156] raylet_client.cc:336: Error reporting task backlog information: IOError: 
[2022-01-28 12:12:07,237 I 35873 36156] raylet_client.cc:336: Error reporting task backlog information: IOError: 
[2022-01-28 12:12:08,237 I 35873 36156] raylet_client.cc:336: Error reporting task backlog information: IOError: 
[2022-01-28 12:12:09,237 I 35873 36156] raylet_client.cc:336: Error reporting task backlog information: IOError: 
[2022-01-28 12:12:09,798 W 35873 36157] metric_exporter.cc:206: Export metrics to agent failed: IOError: . This won't affect Ray, but you can lose metrics from the cluster.
[2022-01-28 12:12:10,237 I 35873 36156] raylet_client.cc:336: Error reporting task backlog information: IOError: 
[2022-01-28 12:12:11,238 I 35873 36156] raylet_client.cc:336: Error reporting task backlog information: IOError: 
[2022-01-28 12:12:12,238 I 35873 36156] raylet_client.cc:336: Error reporting task backlog information: IOError: 
[2022-01-28 12:12:13,238 I 35873 36156] raylet_client.cc:336: Error reporting task backlog information: IOError: 
[2022-01-28 12:12:14,238 I 35873 36156] raylet_client.cc:336: Error reporting task backlog information: IOError: 
[2022-01-28 12:12:15,239 I 35873 36156] raylet_client.cc:336: Error reporting task backlog information: IOError: 
[2022-01-28 12:12:16,239 I 35873 36156] raylet_client.cc:336: Error reporting task backlog information: IOError: 
[2022-01-28 12:12:17,239 I 35873 36156] raylet_client.cc:336: Error reporting task backlog information: IOError: 
[2022-01-28 12:12:18,239 I 35873 36156] raylet_client.cc:336: Error reporting task backlog information: IOError: 
[2022-01-28 12:12:19,240 I 35873 36156] raylet_client.cc:336: Error reporting task backlog information: IOError: 
[2022-01-28 12:12:19,811 W 35873 36157] metric_exporter.cc:206: Export metrics to agent failed: IOError: . This won't affect Ray, but you can lose metrics from the cluster.
[2022-01-28 12:12:20,240 I 35873 36156] raylet_client.cc:336: Error reporting task backlog information: IOError: 
[2022-01-28 12:12:21,240 I 35873 36156] raylet_client.cc:336: Error reporting task backlog information: IOError: 
[2022-01-28 12:12:22,240 I 35873 36156] raylet_client.cc:336: Error reporting task backlog information: IOError: 
[2022-01-28 12:12:23,241 I 35873 36156] raylet_client.cc:336: Error reporting task backlog information: IOError: 
[2022-01-28 12:12:24,241 I 35873 36156] raylet_client.cc:336: Error reporting task backlog information: IOError: 
[2022-01-28 12:12:25,241 I 35873 36156] raylet_client.cc:336: Error reporting task backlog information: IOError: 
[2022-01-28 12:12:26,241 I 35873 36156] raylet_client.cc:336: Error reporting task backlog information: IOError: 
[2022-01-28 12:12:27,242 I 35873 36156] raylet_client.cc:336: Error reporting task backlog information: IOError: 
[2022-01-28 12:12:28,242 I 35873 36156] raylet_client.cc:336: Error reporting task backlog information: IOError: 
[2022-01-28 12:12:29,242 I 35873 36156] raylet_client.cc:336: Error reporting task backlog information: IOError: 
[2022-01-28 12:12:29,824 W 35873 36157] metric_exporter.cc:206: Export metrics to agent failed: IOError: . This won't affect Ray, but you can lose metrics from the cluster.
[2022-01-28 12:12:30,242 I 35873 36156] raylet_client.cc:336: Error reporting task backlog information: IOError: 
[2022-01-28 12:12:31,242 I 35873 36156] raylet_client.cc:336: Error reporting task backlog information: IOError: 
[2022-01-28 12:12:32,243 I 35873 36156] raylet_client.cc:336: Error reporting task backlog information: IOError: 
[2022-01-28 12:12:33,243 I 35873 36156] raylet_client.cc:336: Error reporting task backlog information: IOError: 
[2022-01-28 12:12:34,243 I 35873 36156] raylet_client.cc:336: Error reporting task backlog information: IOError: 
[2022-01-28 12:12:35,244 I 35873 36156] raylet_client.cc:336: Error reporting task backlog information: IOError: 
[2022-01-28 12:12:36,244 I 35873 36156] raylet_client.cc:336: Error reporting task backlog information: IOError: 
[2022-01-28 12:12:37,244 I 35873 36156] raylet_client.cc:336: Error reporting task backlog information: IOError: 
[2022-01-28 12:12:38,244 I 35873 36156] raylet_client.cc:336: Error reporting task backlog information: IOError: 
[2022-01-28 12:12:39,245 I 35873 36156] raylet_client.cc:336: Error reporting task backlog information: IOError: 
[2022-01-28 12:12:39,838 W 35873 36157] metric_exporter.cc:206: Export metrics to agent failed: IOError: . This won't affect Ray, but you can lose metrics from the cluster.
[2022-01-28 12:12:40,245 I 35873 36156] raylet_client.cc:336: Error reporting task backlog information: IOError: 
[2022-01-28 12:12:41,245 I 35873 36156] raylet_client.cc:336: Error reporting task backlog information: IOError: 
[2022-01-28 12:12:42,245 I 35873 36156] raylet_client.cc:336: Error reporting task backlog information: IOError: 
[2022-01-28 12:12:43,245 I 35873 36156] raylet_client.cc:336: Error reporting task backlog information: IOError: 
[2022-01-28 12:12:44,246 I 35873 36156] raylet_client.cc:336: Error reporting task backlog information: IOError: 
[2022-01-28 12:12:45,246 I 35873 36156] raylet_client.cc:336: Error reporting task backlog information: IOError: 
[2022-01-28 12:12:46,246 I 35873 36156] raylet_client.cc:336: Error reporting task backlog information: IOError: 
[2022-01-28 12:12:47,246 I 35873 36156] raylet_client.cc:336: Error reporting task backlog information: IOError: 
[2022-01-28 12:12:48,247 I 35873 36156] raylet_client.cc:336: Error reporting task backlog information: IOError: 
[2022-01-28 12:12:49,247 I 35873 36156] raylet_client.cc:336: Error reporting task backlog information: IOError: 
[2022-01-28 12:12:49,852 W 35873 36157] metric_exporter.cc:206: Export metrics to agent failed: IOError: . This won't affect Ray, but you can lose metrics from the cluster.
[2022-01-28 12:12:50,247 I 35873 36156] raylet_client.cc:336: Error reporting task backlog information: IOError: 
[2022-01-28 12:12:51,247 I 35873 36156] raylet_client.cc:336: Error reporting task backlog information: IOError: 
[2022-01-28 12:12:52,247 I 35873 36156] raylet_client.cc:336: Error reporting task backlog information: IOError: 
[2022-01-28 12:12:53,248 I 35873 36156] raylet_client.cc:336: Error reporting task backlog information: IOError: 
[2022-01-28 12:12:54,248 I 35873 36156] raylet_client.cc:336: Error reporting task backlog information: IOError: 
[2022-01-28 12:12:55,248 I 35873 36156] raylet_client.cc:336: Error reporting task backlog information: IOError: 
[2022-01-28 12:12:56,248 I 35873 36156] raylet_client.cc:336: Error reporting task backlog information: IOError: 
[2022-01-28 12:12:57,248 I 35873 36156] raylet_client.cc:336: Error reporting task backlog information: IOError: 
[2022-01-28 12:12:58,248 I 35873 36156] raylet_client.cc:336: Error reporting task backlog information: IOError: 
[2022-01-28 12:12:59,248 I 35873 36156] raylet_client.cc:336: Error reporting task backlog information: IOError: 
[2022-01-28 12:12:59,866 W 35873 36157] metric_exporter.cc:206: Export metrics to agent failed: IOError: . This won't affect Ray, but you can lose metrics from the cluster.
[2022-01-28 12:13:00,249 I 35873 36156] raylet_client.cc:336: Error reporting task backlog information: IOError: 
[2022-01-28 12:13:01,249 I 35873 36156] raylet_client.cc:336: Error reporting task backlog information: IOError: 
[2022-01-28 12:13:02,249 I 35873 36156] raylet_client.cc:336: Error reporting task backlog information: IOError: 
[2022-01-28 12:13:03,249 I 35873 36156] raylet_client.cc:336: Error reporting task backlog information: IOError: 
[2022-01-28 12:13:04,134 E 35873 36053] gcs_server_address_updater.cc:76: Failed to receive the GCS address for 600 times without success. The worker will exit ungracefully. It is because GCS has died. It could be because there was an issue that kills GCS, such as high memory usage triggering OOM killer to kill GCS. Cluster will be highly likely unavailable if you see this log. Please check the log from gcs_server.err.
