[2022-01-28 12:02:58,878 I 35870 35870] core_worker.cc:132: Constructing CoreWorkerProcess. pid: 35870
[2022-01-28 12:02:58,972 I 35870 35870] grpc_server.cc:112: worker server started, listening on port 35869.
[2022-01-28 12:02:58,975 I 35870 35870] core_worker.cc:479: Initializing worker at address: 131.215.21.210:35869, worker ID d5ddc4b05d54a9afb672d5e233b8cdfadcab348b798b07c9410ffd22, raylet a3633cf6d2151fd57674ad1a7c39f81bbb51b9c59fbe942d2cd84e0b
[2022-01-28 12:02:58,989 I 35870 35870] io_service_pool.cc:35: IOServicePool is running with 1 io_service.
[2022-01-28 12:02:58,992 I 35870 36058] accessor.cc:560: Received notification for node id = a3633cf6d2151fd57674ad1a7c39f81bbb51b9c59fbe942d2cd84e0b, IsAlive = 1
[2022-01-28 12:03:04,977 W 35870 36006] gcs_server_address_updater.cc:61: [1] Failed to get the gcs server address from raylet 1 times in a row. If it keeps failing to obtain the address, the worker might crash. Connection status IOError: 
[2022-01-28 12:03:05,978 I 35870 36058] raylet_client.cc:336: Error reporting task backlog information: IOError: 
[2022-01-28 12:03:05,993 I 35870 36058] raylet_client.cc:336: Error reporting task backlog information: IOError: 
[2022-01-28 12:03:06,993 I 35870 36058] raylet_client.cc:336: Error reporting task backlog information: IOError: 
[2022-01-28 12:03:07,993 I 35870 36058] raylet_client.cc:336: Error reporting task backlog information: IOError: 
[2022-01-28 12:03:08,994 I 35870 36058] raylet_client.cc:336: Error reporting task backlog information: IOError: 
[2022-01-28 12:03:09,778 W 35870 36059] metric_exporter.cc:206: Export metrics to agent failed: IOError: . This won't affect Ray, but you can lose metrics from the cluster.
[2022-01-28 12:03:09,994 I 35870 36058] raylet_client.cc:336: Error reporting task backlog information: IOError: 
[2022-01-28 12:03:10,994 I 35870 36058] raylet_client.cc:336: Error reporting task backlog information: IOError: 
[2022-01-28 12:03:11,994 I 35870 36058] raylet_client.cc:336: Error reporting task backlog information: IOError: 
[2022-01-28 12:03:12,995 I 35870 36058] raylet_client.cc:336: Error reporting task backlog information: IOError: 
[2022-01-28 12:03:13,995 I 35870 36058] raylet_client.cc:336: Error reporting task backlog information: IOError: 
[2022-01-28 12:03:14,995 I 35870 36058] raylet_client.cc:336: Error reporting task backlog information: IOError: 
[2022-01-28 12:03:15,995 I 35870 36058] raylet_client.cc:336: Error reporting task backlog information: IOError: 
[2022-01-28 12:03:16,996 I 35870 36058] raylet_client.cc:336: Error reporting task backlog information: IOError: 
[2022-01-28 12:03:17,995 I 35870 36058] raylet_client.cc:336: Error reporting task backlog information: IOError: 
[2022-01-28 12:03:18,996 I 35870 36058] raylet_client.cc:336: Error reporting task backlog information: IOError: 
[2022-01-28 12:03:19,018 W 35870 36059] metric_exporter.cc:206: Export metrics to agent failed: IOError: . This won't affect Ray, but you can lose metrics from the cluster.
[2022-01-28 12:03:19,996 I 35870 36058] raylet_client.cc:336: Error reporting task backlog information: IOError: 
[2022-01-28 12:03:20,996 I 35870 36058] raylet_client.cc:336: Error reporting task backlog information: IOError: 
[2022-01-28 12:03:21,996 I 35870 36058] raylet_client.cc:336: Error reporting task backlog information: IOError: 
[2022-01-28 12:03:22,996 I 35870 36058] raylet_client.cc:336: Error reporting task backlog information: IOError: 
[2022-01-28 12:03:23,996 I 35870 36058] raylet_client.cc:336: Error reporting task backlog information: IOError: 
[2022-01-28 12:03:24,996 I 35870 36058] raylet_client.cc:336: Error reporting task backlog information: IOError: 
[2022-01-28 12:03:25,996 I 35870 36058] raylet_client.cc:336: Error reporting task backlog information: IOError: 
[2022-01-28 12:03:26,996 I 35870 36058] raylet_client.cc:336: Error reporting task backlog information: IOError: 
[2022-01-28 12:03:27,996 I 35870 36058] raylet_client.cc:336: Error reporting task backlog information: IOError: 
[2022-01-28 12:03:28,997 I 35870 36058] raylet_client.cc:336: Error reporting task backlog information: IOError: 
[2022-01-28 12:03:29,026 W 35870 36059] metric_exporter.cc:206: Export metrics to agent failed: IOError: . This won't affect Ray, but you can lose metrics from the cluster.
[2022-01-28 12:03:29,997 I 35870 36058] raylet_client.cc:336: Error reporting task backlog information: IOError: 
[2022-01-28 12:03:30,997 I 35870 36058] raylet_client.cc:336: Error reporting task backlog information: IOError: 
[2022-01-28 12:03:31,997 I 35870 36058] raylet_client.cc:336: Error reporting task backlog information: IOError: 
[2022-01-28 12:03:32,997 I 35870 36058] raylet_client.cc:336: Error reporting task backlog information: IOError: 
[2022-01-28 12:03:33,997 I 35870 36058] raylet_client.cc:336: Error reporting task backlog information: IOError: 
[2022-01-28 12:03:34,997 I 35870 36058] raylet_client.cc:336: Error reporting task backlog information: IOError: 
[2022-01-28 12:03:35,997 I 35870 36058] raylet_client.cc:336: Error reporting task backlog information: IOError: 
[2022-01-28 12:03:36,997 I 35870 36058] raylet_client.cc:336: Error reporting task backlog information: IOError: 
[2022-01-28 12:03:37,997 I 35870 36058] raylet_client.cc:336: Error reporting task backlog information: IOError: 
[2022-01-28 12:03:38,997 I 35870 36058] raylet_client.cc:336: Error reporting task backlog information: IOError: 
[2022-01-28 12:03:39,034 W 35870 36059] metric_exporter.cc:206: Export metrics to agent failed: IOError: . This won't affect Ray, but you can lose metrics from the cluster.
[2022-01-28 12:03:39,997 I 35870 36058] raylet_client.cc:336: Error reporting task backlog information: IOError: 
[2022-01-28 12:03:40,997 I 35870 36058] raylet_client.cc:336: Error reporting task backlog information: IOError: 
[2022-01-28 12:03:41,997 I 35870 36058] raylet_client.cc:336: Error reporting task backlog information: IOError: 
[2022-01-28 12:03:42,998 I 35870 36058] raylet_client.cc:336: Error reporting task backlog information: IOError: 
[2022-01-28 12:03:43,998 I 35870 36058] raylet_client.cc:336: Error reporting task backlog information: IOError: 
[2022-01-28 12:03:44,998 I 35870 36058] raylet_client.cc:336: Error reporting task backlog information: IOError: 
[2022-01-28 12:03:45,998 I 35870 36058] raylet_client.cc:336: Error reporting task backlog information: IOError: 
[2022-01-28 12:03:46,998 I 35870 36058] raylet_client.cc:336: Error reporting task backlog information: IOError: 
[2022-01-28 12:03:47,998 I 35870 36058] raylet_client.cc:336: Error reporting task backlog information: IOError: 
[2022-01-28 12:03:48,998 I 35870 36058] raylet_client.cc:336: Error reporting task backlog information: IOError: 
[2022-01-28 12:03:49,042 W 35870 36059] metric_exporter.cc:206: Export metrics to agent failed: IOError: . This won't affect Ray, but you can lose metrics from the cluster.
[2022-01-28 12:03:49,999 I 35870 36058] raylet_client.cc:336: Error reporting task backlog information: IOError: 
[2022-01-28 12:03:50,999 I 35870 36058] raylet_client.cc:336: Error reporting task backlog information: IOError: 
[2022-01-28 12:03:51,999 I 35870 36058] raylet_client.cc:336: Error reporting task backlog information: IOError: 
[2022-01-28 12:03:52,999 I 35870 36058] raylet_client.cc:336: Error reporting task backlog information: IOError: 
[2022-01-28 12:03:53,999 I 35870 36058] raylet_client.cc:336: Error reporting task backlog information: IOError: 
[2022-01-28 12:03:55,000 I 35870 36058] raylet_client.cc:336: Error reporting task backlog information: IOError: 
[2022-01-28 12:03:56,000 I 35870 36058] raylet_client.cc:336: Error reporting task backlog information: IOError: 
[2022-01-28 12:03:57,000 I 35870 36058] raylet_client.cc:336: Error reporting task backlog information: IOError: 
[2022-01-28 12:03:58,000 I 35870 36058] raylet_client.cc:336: Error reporting task backlog information: IOError: 
[2022-01-28 12:03:59,000 I 35870 36058] raylet_client.cc:336: Error reporting task backlog information: IOError: 
[2022-01-28 12:03:59,054 W 35870 36059] metric_exporter.cc:206: Export metrics to agent failed: IOError: . This won't affect Ray, but you can lose metrics from the cluster.
[2022-01-28 12:04:00,001 I 35870 36058] raylet_client.cc:336: Error reporting task backlog information: IOError: 
[2022-01-28 12:04:01,001 I 35870 36058] raylet_client.cc:336: Error reporting task backlog information: IOError: 
[2022-01-28 12:04:02,001 I 35870 36058] raylet_client.cc:336: Error reporting task backlog information: IOError: 
[2022-01-28 12:04:03,002 I 35870 36058] raylet_client.cc:336: Error reporting task backlog information: IOError: 
[2022-01-28 12:04:04,002 I 35870 36058] raylet_client.cc:336: Error reporting task backlog information: IOError: 
[2022-01-28 12:04:05,002 I 35870 36058] raylet_client.cc:336: Error reporting task backlog information: IOError: 
[2022-01-28 12:04:06,002 I 35870 36058] raylet_client.cc:336: Error reporting task backlog information: IOError: 
[2022-01-28 12:04:07,002 I 35870 36058] raylet_client.cc:336: Error reporting task backlog information: IOError: 
[2022-01-28 12:04:08,003 I 35870 36058] raylet_client.cc:336: Error reporting task backlog information: IOError: 
[2022-01-28 12:04:09,003 I 35870 36058] raylet_client.cc:336: Error reporting task backlog information: IOError: 
[2022-01-28 12:04:09,066 W 35870 36059] metric_exporter.cc:206: Export metrics to agent failed: IOError: . This won't affect Ray, but you can lose metrics from the cluster.
[2022-01-28 12:04:10,003 I 35870 36058] raylet_client.cc:336: Error reporting task backlog information: IOError: 
[2022-01-28 12:04:11,003 I 35870 36058] raylet_client.cc:336: Error reporting task backlog information: IOError: 
[2022-01-28 12:04:12,004 I 35870 36058] raylet_client.cc:336: Error reporting task backlog information: IOError: 
[2022-01-28 12:04:13,004 I 35870 36058] raylet_client.cc:336: Error reporting task backlog information: IOError: 
[2022-01-28 12:04:14,004 I 35870 36058] raylet_client.cc:336: Error reporting task backlog information: IOError: 
[2022-01-28 12:04:15,004 I 35870 36058] raylet_client.cc:336: Error reporting task backlog information: IOError: 
[2022-01-28 12:04:16,005 I 35870 36058] raylet_client.cc:336: Error reporting task backlog information: IOError: 
[2022-01-28 12:04:17,005 I 35870 36058] raylet_client.cc:336: Error reporting task backlog information: IOError: 
[2022-01-28 12:04:18,005 I 35870 36058] raylet_client.cc:336: Error reporting task backlog information: IOError: 
[2022-01-28 12:04:19,005 I 35870 36058] raylet_client.cc:336: Error reporting task backlog information: IOError: 
[2022-01-28 12:04:19,078 W 35870 36059] metric_exporter.cc:206: Export metrics to agent failed: IOError: . This won't affect Ray, but you can lose metrics from the cluster.
[2022-01-28 12:04:20,006 I 35870 36058] raylet_client.cc:336: Error reporting task backlog information: IOError: 
[2022-01-28 12:04:21,006 I 35870 36058] raylet_client.cc:336: Error reporting task backlog information: IOError: 
[2022-01-28 12:04:22,006 I 35870 36058] raylet_client.cc:336: Error reporting task backlog information: IOError: 
[2022-01-28 12:04:23,006 I 35870 36058] raylet_client.cc:336: Error reporting task backlog information: IOError: 
[2022-01-28 12:04:24,006 I 35870 36058] raylet_client.cc:336: Error reporting task backlog information: IOError: 
[2022-01-28 12:04:25,007 I 35870 36058] raylet_client.cc:336: Error reporting task backlog information: IOError: 
[2022-01-28 12:04:26,007 I 35870 36058] raylet_client.cc:336: Error reporting task backlog information: IOError: 
[2022-01-28 12:04:27,007 I 35870 36058] raylet_client.cc:336: Error reporting task backlog information: IOError: 
[2022-01-28 12:04:28,007 I 35870 36058] raylet_client.cc:336: Error reporting task backlog information: IOError: 
[2022-01-28 12:04:29,008 I 35870 36058] raylet_client.cc:336: Error reporting task backlog information: IOError: 
[2022-01-28 12:04:29,089 W 35870 36059] metric_exporter.cc:206: Export metrics to agent failed: IOError: . This won't affect Ray, but you can lose metrics from the cluster.
[2022-01-28 12:04:30,008 I 35870 36058] raylet_client.cc:336: Error reporting task backlog information: IOError: 
[2022-01-28 12:04:31,008 I 35870 36058] raylet_client.cc:336: Error reporting task backlog information: IOError: 
[2022-01-28 12:04:32,008 I 35870 36058] raylet_client.cc:336: Error reporting task backlog information: IOError: 
[2022-01-28 12:04:33,009 I 35870 36058] raylet_client.cc:336: Error reporting task backlog information: IOError: 
[2022-01-28 12:04:34,009 I 35870 36058] raylet_client.cc:336: Error reporting task backlog information: IOError: 
[2022-01-28 12:04:35,009 I 35870 36058] raylet_client.cc:336: Error reporting task backlog information: IOError: 
[2022-01-28 12:04:36,009 I 35870 36058] raylet_client.cc:336: Error reporting task backlog information: IOError: 
[2022-01-28 12:04:37,009 I 35870 36058] raylet_client.cc:336: Error reporting task backlog information: IOError: 
[2022-01-28 12:04:38,010 I 35870 36058] raylet_client.cc:336: Error reporting task backlog information: IOError: 
[2022-01-28 12:04:39,010 I 35870 36058] raylet_client.cc:336: Error reporting task backlog information: IOError: 
[2022-01-28 12:04:39,101 W 35870 36059] metric_exporter.cc:206: Export metrics to agent failed: IOError: . This won't affect Ray, but you can lose metrics from the cluster.
[2022-01-28 12:04:40,010 I 35870 36058] raylet_client.cc:336: Error reporting task backlog information: IOError: 
[2022-01-28 12:04:41,010 I 35870 36058] raylet_client.cc:336: Error reporting task backlog information: IOError: 
[2022-01-28 12:04:42,011 I 35870 36058] raylet_client.cc:336: Error reporting task backlog information: IOError: 
[2022-01-28 12:04:43,011 I 35870 36058] raylet_client.cc:336: Error reporting task backlog information: IOError: 
[2022-01-28 12:04:44,011 I 35870 36058] raylet_client.cc:336: Error reporting task backlog information: IOError: 
[2022-01-28 12:04:45,011 I 35870 36058] raylet_client.cc:336: Error reporting task backlog information: IOError: 
[2022-01-28 12:04:46,012 I 35870 36058] raylet_client.cc:336: Error reporting task backlog information: IOError: 
[2022-01-28 12:04:47,012 I 35870 36058] raylet_client.cc:336: Error reporting task backlog information: IOError: 
[2022-01-28 12:04:48,012 I 35870 36058] raylet_client.cc:336: Error reporting task backlog information: IOError: 
[2022-01-28 12:04:49,012 I 35870 36058] raylet_client.cc:336: Error reporting task backlog information: IOError: 
[2022-01-28 12:04:49,113 W 35870 36059] metric_exporter.cc:206: Export metrics to agent failed: IOError: . This won't affect Ray, but you can lose metrics from the cluster.
[2022-01-28 12:04:50,013 I 35870 36058] raylet_client.cc:336: Error reporting task backlog information: IOError: 
[2022-01-28 12:04:51,013 I 35870 36058] raylet_client.cc:336: Error reporting task backlog information: IOError: 
[2022-01-28 12:04:52,013 I 35870 36058] raylet_client.cc:336: Error reporting task backlog information: IOError: 
[2022-01-28 12:04:53,013 I 35870 36058] raylet_client.cc:336: Error reporting task backlog information: IOError: 
[2022-01-28 12:04:54,014 I 35870 36058] raylet_client.cc:336: Error reporting task backlog information: IOError: 
[2022-01-28 12:04:55,014 I 35870 36058] raylet_client.cc:336: Error reporting task backlog information: IOError: 
[2022-01-28 12:04:56,014 I 35870 36058] raylet_client.cc:336: Error reporting task backlog information: IOError: 
[2022-01-28 12:04:57,014 I 35870 36058] raylet_client.cc:336: Error reporting task backlog information: IOError: 
[2022-01-28 12:04:58,015 I 35870 36058] raylet_client.cc:336: Error reporting task backlog information: IOError: 
[2022-01-28 12:04:59,015 I 35870 36058] raylet_client.cc:336: Error reporting task backlog information: IOError: 
[2022-01-28 12:04:59,125 W 35870 36059] metric_exporter.cc:206: Export metrics to agent failed: IOError: . This won't affect Ray, but you can lose metrics from the cluster.
[2022-01-28 12:05:00,015 I 35870 36058] raylet_client.cc:336: Error reporting task backlog information: IOError: 
[2022-01-28 12:05:01,015 I 35870 36058] raylet_client.cc:336: Error reporting task backlog information: IOError: 
[2022-01-28 12:05:02,016 I 35870 36058] raylet_client.cc:336: Error reporting task backlog information: IOError: 
[2022-01-28 12:05:03,016 I 35870 36058] raylet_client.cc:336: Error reporting task backlog information: IOError: 
[2022-01-28 12:05:04,016 I 35870 36058] raylet_client.cc:336: Error reporting task backlog information: IOError: 
[2022-01-28 12:05:05,016 I 35870 36058] raylet_client.cc:336: Error reporting task backlog information: IOError: 
[2022-01-28 12:05:06,016 I 35870 36058] raylet_client.cc:336: Error reporting task backlog information: IOError: 
[2022-01-28 12:05:07,017 I 35870 36058] raylet_client.cc:336: Error reporting task backlog information: IOError: 
[2022-01-28 12:05:08,017 I 35870 36058] raylet_client.cc:336: Error reporting task backlog information: IOError: 
[2022-01-28 12:05:09,017 I 35870 36058] raylet_client.cc:336: Error reporting task backlog information: IOError: 
[2022-01-28 12:05:09,137 W 35870 36059] metric_exporter.cc:206: Export metrics to agent failed: IOError: . This won't affect Ray, but you can lose metrics from the cluster.
[2022-01-28 12:05:10,017 I 35870 36058] raylet_client.cc:336: Error reporting task backlog information: IOError: 
[2022-01-28 12:05:11,018 I 35870 36058] raylet_client.cc:336: Error reporting task backlog information: IOError: 
[2022-01-28 12:05:12,018 I 35870 36058] raylet_client.cc:336: Error reporting task backlog information: IOError: 
[2022-01-28 12:05:13,018 I 35870 36058] raylet_client.cc:336: Error reporting task backlog information: IOError: 
[2022-01-28 12:05:14,018 I 35870 36058] raylet_client.cc:336: Error reporting task backlog information: IOError: 
[2022-01-28 12:05:15,019 I 35870 36058] raylet_client.cc:336: Error reporting task backlog information: IOError: 
[2022-01-28 12:05:16,019 I 35870 36058] raylet_client.cc:336: Error reporting task backlog information: IOError: 
[2022-01-28 12:05:17,019 I 35870 36058] raylet_client.cc:336: Error reporting task backlog information: IOError: 
[2022-01-28 12:05:18,019 I 35870 36058] raylet_client.cc:336: Error reporting task backlog information: IOError: 
[2022-01-28 12:05:19,020 I 35870 36058] raylet_client.cc:336: Error reporting task backlog information: IOError: 
[2022-01-28 12:05:19,150 W 35870 36059] metric_exporter.cc:206: Export metrics to agent failed: IOError: . This won't affect Ray, but you can lose metrics from the cluster.
[2022-01-28 12:05:20,020 I 35870 36058] raylet_client.cc:336: Error reporting task backlog information: IOError: 
[2022-01-28 12:05:21,020 I 35870 36058] raylet_client.cc:336: Error reporting task backlog information: IOError: 
[2022-01-28 12:05:22,020 I 35870 36058] raylet_client.cc:336: Error reporting task backlog information: IOError: 
[2022-01-28 12:05:23,021 I 35870 36058] raylet_client.cc:336: Error reporting task backlog information: IOError: 
[2022-01-28 12:05:24,021 I 35870 36058] raylet_client.cc:336: Error reporting task backlog information: IOError: 
[2022-01-28 12:05:25,021 I 35870 36058] raylet_client.cc:336: Error reporting task backlog information: IOError: 
[2022-01-28 12:05:26,022 I 35870 36058] raylet_client.cc:336: Error reporting task backlog information: IOError: 
[2022-01-28 12:05:27,022 I 35870 36058] raylet_client.cc:336: Error reporting task backlog information: IOError: 
[2022-01-28 12:05:28,022 I 35870 36058] raylet_client.cc:336: Error reporting task backlog information: IOError: 
[2022-01-28 12:05:29,022 I 35870 36058] raylet_client.cc:336: Error reporting task backlog information: IOError: 
[2022-01-28 12:05:29,161 W 35870 36059] metric_exporter.cc:206: Export metrics to agent failed: IOError: . This won't affect Ray, but you can lose metrics from the cluster.
[2022-01-28 12:05:30,022 I 35870 36058] raylet_client.cc:336: Error reporting task backlog information: IOError: 
[2022-01-28 12:05:31,022 I 35870 36058] raylet_client.cc:336: Error reporting task backlog information: IOError: 
[2022-01-28 12:05:32,022 I 35870 36058] raylet_client.cc:336: Error reporting task backlog information: IOError: 
[2022-01-28 12:05:33,023 I 35870 36058] raylet_client.cc:336: Error reporting task backlog information: IOError: 
[2022-01-28 12:05:34,023 I 35870 36058] raylet_client.cc:336: Error reporting task backlog information: IOError: 
[2022-01-28 12:05:35,023 I 35870 36058] raylet_client.cc:336: Error reporting task backlog information: IOError: 
[2022-01-28 12:05:36,023 I 35870 36058] raylet_client.cc:336: Error reporting task backlog information: IOError: 
[2022-01-28 12:05:37,024 I 35870 36058] raylet_client.cc:336: Error reporting task backlog information: IOError: 
[2022-01-28 12:05:38,024 I 35870 36058] raylet_client.cc:336: Error reporting task backlog information: IOError: 
[2022-01-28 12:05:39,024 I 35870 36058] raylet_client.cc:336: Error reporting task backlog information: IOError: 
[2022-01-28 12:05:39,173 W 35870 36059] metric_exporter.cc:206: Export metrics to agent failed: IOError: . This won't affect Ray, but you can lose metrics from the cluster.
[2022-01-28 12:05:40,024 I 35870 36058] raylet_client.cc:336: Error reporting task backlog information: IOError: 
[2022-01-28 12:05:41,025 I 35870 36058] raylet_client.cc:336: Error reporting task backlog information: IOError: 
[2022-01-28 12:05:42,025 I 35870 36058] raylet_client.cc:336: Error reporting task backlog information: IOError: 
[2022-01-28 12:05:43,025 I 35870 36058] raylet_client.cc:336: Error reporting task backlog information: IOError: 
[2022-01-28 12:05:44,025 I 35870 36058] raylet_client.cc:336: Error reporting task backlog information: IOError: 
[2022-01-28 12:05:45,025 I 35870 36058] raylet_client.cc:336: Error reporting task backlog information: IOError: 
[2022-01-28 12:05:46,025 I 35870 36058] raylet_client.cc:336: Error reporting task backlog information: IOError: 
[2022-01-28 12:05:47,025 I 35870 36058] raylet_client.cc:336: Error reporting task backlog information: IOError: 
[2022-01-28 12:05:48,026 I 35870 36058] raylet_client.cc:336: Error reporting task backlog information: IOError: 
[2022-01-28 12:05:49,026 I 35870 36058] raylet_client.cc:336: Error reporting task backlog information: IOError: 
[2022-01-28 12:05:49,184 W 35870 36059] metric_exporter.cc:206: Export metrics to agent failed: IOError: . This won't affect Ray, but you can lose metrics from the cluster.
[2022-01-28 12:05:50,026 I 35870 36058] raylet_client.cc:336: Error reporting task backlog information: IOError: 
[2022-01-28 12:05:51,026 I 35870 36058] raylet_client.cc:336: Error reporting task backlog information: IOError: 
[2022-01-28 12:05:52,027 I 35870 36058] raylet_client.cc:336: Error reporting task backlog information: IOError: 
[2022-01-28 12:05:53,027 I 35870 36058] raylet_client.cc:336: Error reporting task backlog information: IOError: 
[2022-01-28 12:05:54,027 I 35870 36058] raylet_client.cc:336: Error reporting task backlog information: IOError: 
[2022-01-28 12:05:55,027 I 35870 36058] raylet_client.cc:336: Error reporting task backlog information: IOError: 
[2022-01-28 12:05:56,027 I 35870 36058] raylet_client.cc:336: Error reporting task backlog information: IOError: 
[2022-01-28 12:05:57,027 I 35870 36058] raylet_client.cc:336: Error reporting task backlog information: IOError: 
[2022-01-28 12:05:58,027 I 35870 36058] raylet_client.cc:336: Error reporting task backlog information: IOError: 
[2022-01-28 12:05:59,027 I 35870 36058] raylet_client.cc:336: Error reporting task backlog information: IOError: 
[2022-01-28 12:05:59,194 W 35870 36059] metric_exporter.cc:206: Export metrics to agent failed: IOError: . This won't affect Ray, but you can lose metrics from the cluster.
[2022-01-28 12:06:00,028 I 35870 36058] raylet_client.cc:336: Error reporting task backlog information: IOError: 
[2022-01-28 12:06:01,028 I 35870 36058] raylet_client.cc:336: Error reporting task backlog information: IOError: 
[2022-01-28 12:06:02,028 I 35870 36058] raylet_client.cc:336: Error reporting task backlog information: IOError: 
[2022-01-28 12:06:03,028 I 35870 36058] raylet_client.cc:336: Error reporting task backlog information: IOError: 
[2022-01-28 12:06:04,028 I 35870 36058] raylet_client.cc:336: Error reporting task backlog information: IOError: 
[2022-01-28 12:06:05,028 I 35870 36058] raylet_client.cc:336: Error reporting task backlog information: IOError: 
[2022-01-28 12:06:06,029 I 35870 36058] raylet_client.cc:336: Error reporting task backlog information: IOError: 
[2022-01-28 12:06:07,029 I 35870 36058] raylet_client.cc:336: Error reporting task backlog information: IOError: 
[2022-01-28 12:06:08,029 I 35870 36058] raylet_client.cc:336: Error reporting task backlog information: IOError: 
[2022-01-28 12:06:09,029 I 35870 36058] raylet_client.cc:336: Error reporting task backlog information: IOError: 
[2022-01-28 12:06:09,205 W 35870 36059] metric_exporter.cc:206: Export metrics to agent failed: IOError: . This won't affect Ray, but you can lose metrics from the cluster.
[2022-01-28 12:06:10,030 I 35870 36058] raylet_client.cc:336: Error reporting task backlog information: IOError: 
[2022-01-28 12:06:11,030 I 35870 36058] raylet_client.cc:336: Error reporting task backlog information: IOError: 
[2022-01-28 12:06:12,030 I 35870 36058] raylet_client.cc:336: Error reporting task backlog information: IOError: 
[2022-01-28 12:06:13,030 I 35870 36058] raylet_client.cc:336: Error reporting task backlog information: IOError: 
[2022-01-28 12:06:14,030 I 35870 36058] raylet_client.cc:336: Error reporting task backlog information: IOError: 
[2022-01-28 12:06:15,031 I 35870 36058] raylet_client.cc:336: Error reporting task backlog information: IOError: 
[2022-01-28 12:06:16,031 I 35870 36058] raylet_client.cc:336: Error reporting task backlog information: IOError: 
[2022-01-28 12:06:17,031 I 35870 36058] raylet_client.cc:336: Error reporting task backlog information: IOError: 
[2022-01-28 12:06:18,031 I 35870 36058] raylet_client.cc:336: Error reporting task backlog information: IOError: 
[2022-01-28 12:06:19,031 I 35870 36058] raylet_client.cc:336: Error reporting task backlog information: IOError: 
[2022-01-28 12:06:19,215 W 35870 36059] metric_exporter.cc:206: Export metrics to agent failed: IOError: . This won't affect Ray, but you can lose metrics from the cluster.
[2022-01-28 12:06:20,032 I 35870 36058] raylet_client.cc:336: Error reporting task backlog information: IOError: 
[2022-01-28 12:06:21,032 I 35870 36058] raylet_client.cc:336: Error reporting task backlog information: IOError: 
[2022-01-28 12:06:22,032 I 35870 36058] raylet_client.cc:336: Error reporting task backlog information: IOError: 
[2022-01-28 12:06:23,032 I 35870 36058] raylet_client.cc:336: Error reporting task backlog information: IOError: 
[2022-01-28 12:06:24,032 I 35870 36058] raylet_client.cc:336: Error reporting task backlog information: IOError: 
[2022-01-28 12:06:25,033 I 35870 36058] raylet_client.cc:336: Error reporting task backlog information: IOError: 
[2022-01-28 12:06:26,033 I 35870 36058] raylet_client.cc:336: Error reporting task backlog information: IOError: 
[2022-01-28 12:06:27,033 I 35870 36058] raylet_client.cc:336: Error reporting task backlog information: IOError: 
[2022-01-28 12:06:28,033 I 35870 36058] raylet_client.cc:336: Error reporting task backlog information: IOError: 
[2022-01-28 12:06:29,034 I 35870 36058] raylet_client.cc:336: Error reporting task backlog information: IOError: 
[2022-01-28 12:06:29,225 W 35870 36059] metric_exporter.cc:206: Export metrics to agent failed: IOError: . This won't affect Ray, but you can lose metrics from the cluster.
[2022-01-28 12:06:30,034 I 35870 36058] raylet_client.cc:336: Error reporting task backlog information: IOError: 
[2022-01-28 12:06:31,034 I 35870 36058] raylet_client.cc:336: Error reporting task backlog information: IOError: 
[2022-01-28 12:06:32,034 I 35870 36058] raylet_client.cc:336: Error reporting task backlog information: IOError: 
[2022-01-28 12:06:33,034 I 35870 36058] raylet_client.cc:336: Error reporting task backlog information: IOError: 
[2022-01-28 12:06:34,035 I 35870 36058] raylet_client.cc:336: Error reporting task backlog information: IOError: 
[2022-01-28 12:06:35,035 I 35870 36058] raylet_client.cc:336: Error reporting task backlog information: IOError: 
[2022-01-28 12:06:36,035 I 35870 36058] raylet_client.cc:336: Error reporting task backlog information: IOError: 
[2022-01-28 12:06:37,035 I 35870 36058] raylet_client.cc:336: Error reporting task backlog information: IOError: 
[2022-01-28 12:06:38,035 I 35870 36058] raylet_client.cc:336: Error reporting task backlog information: IOError: 
[2022-01-28 12:06:39,035 I 35870 36058] raylet_client.cc:336: Error reporting task backlog information: IOError: 
[2022-01-28 12:06:39,238 W 35870 36059] metric_exporter.cc:206: Export metrics to agent failed: IOError: . This won't affect Ray, but you can lose metrics from the cluster.
[2022-01-28 12:06:40,036 I 35870 36058] raylet_client.cc:336: Error reporting task backlog information: IOError: 
[2022-01-28 12:06:41,036 I 35870 36058] raylet_client.cc:336: Error reporting task backlog information: IOError: 
[2022-01-28 12:06:42,036 I 35870 36058] raylet_client.cc:336: Error reporting task backlog information: IOError: 
[2022-01-28 12:06:43,036 I 35870 36058] raylet_client.cc:336: Error reporting task backlog information: IOError: 
[2022-01-28 12:06:44,037 I 35870 36058] raylet_client.cc:336: Error reporting task backlog information: IOError: 
[2022-01-28 12:06:45,037 I 35870 36058] raylet_client.cc:336: Error reporting task backlog information: IOError: 
[2022-01-28 12:06:46,037 I 35870 36058] raylet_client.cc:336: Error reporting task backlog information: IOError: 
[2022-01-28 12:06:47,037 I 35870 36058] raylet_client.cc:336: Error reporting task backlog information: IOError: 
[2022-01-28 12:06:48,038 I 35870 36058] raylet_client.cc:336: Error reporting task backlog information: IOError: 
[2022-01-28 12:06:49,038 I 35870 36058] raylet_client.cc:336: Error reporting task backlog information: IOError: 
[2022-01-28 12:06:49,251 W 35870 36059] metric_exporter.cc:206: Export metrics to agent failed: IOError: . This won't affect Ray, but you can lose metrics from the cluster.
[2022-01-28 12:06:50,038 I 35870 36058] raylet_client.cc:336: Error reporting task backlog information: IOError: 
[2022-01-28 12:06:51,038 I 35870 36058] raylet_client.cc:336: Error reporting task backlog information: IOError: 
[2022-01-28 12:06:52,039 I 35870 36058] raylet_client.cc:336: Error reporting task backlog information: IOError: 
[2022-01-28 12:06:53,039 I 35870 36058] raylet_client.cc:336: Error reporting task backlog information: IOError: 
[2022-01-28 12:06:54,039 I 35870 36058] raylet_client.cc:336: Error reporting task backlog information: IOError: 
[2022-01-28 12:06:55,040 I 35870 36058] raylet_client.cc:336: Error reporting task backlog information: IOError: 
[2022-01-28 12:06:56,040 I 35870 36058] raylet_client.cc:336: Error reporting task backlog information: IOError: 
[2022-01-28 12:06:57,040 I 35870 36058] raylet_client.cc:336: Error reporting task backlog information: IOError: 
[2022-01-28 12:06:58,041 I 35870 36058] raylet_client.cc:336: Error reporting task backlog information: IOError: 
[2022-01-28 12:06:59,041 I 35870 36058] raylet_client.cc:336: Error reporting task backlog information: IOError: 
[2022-01-28 12:06:59,264 W 35870 36059] metric_exporter.cc:206: Export metrics to agent failed: IOError: . This won't affect Ray, but you can lose metrics from the cluster.
[2022-01-28 12:07:00,041 I 35870 36058] raylet_client.cc:336: Error reporting task backlog information: IOError: 
[2022-01-28 12:07:01,041 I 35870 36058] raylet_client.cc:336: Error reporting task backlog information: IOError: 
[2022-01-28 12:07:02,042 I 35870 36058] raylet_client.cc:336: Error reporting task backlog information: IOError: 
[2022-01-28 12:07:03,042 I 35870 36058] raylet_client.cc:336: Error reporting task backlog information: IOError: 
[2022-01-28 12:07:04,042 I 35870 36058] raylet_client.cc:336: Error reporting task backlog information: IOError: 
[2022-01-28 12:07:05,042 I 35870 36058] raylet_client.cc:336: Error reporting task backlog information: IOError: 
[2022-01-28 12:07:06,043 I 35870 36058] raylet_client.cc:336: Error reporting task backlog information: IOError: 
[2022-01-28 12:07:07,043 I 35870 36058] raylet_client.cc:336: Error reporting task backlog information: IOError: 
[2022-01-28 12:07:08,043 I 35870 36058] raylet_client.cc:336: Error reporting task backlog information: IOError: 
[2022-01-28 12:07:09,043 I 35870 36058] raylet_client.cc:336: Error reporting task backlog information: IOError: 
[2022-01-28 12:07:09,278 W 35870 36059] metric_exporter.cc:206: Export metrics to agent failed: IOError: . This won't affect Ray, but you can lose metrics from the cluster.
[2022-01-28 12:07:10,044 I 35870 36058] raylet_client.cc:336: Error reporting task backlog information: IOError: 
[2022-01-28 12:07:11,044 I 35870 36058] raylet_client.cc:336: Error reporting task backlog information: IOError: 
[2022-01-28 12:07:12,044 I 35870 36058] raylet_client.cc:336: Error reporting task backlog information: IOError: 
[2022-01-28 12:07:13,044 I 35870 36058] raylet_client.cc:336: Error reporting task backlog information: IOError: 
[2022-01-28 12:07:14,045 I 35870 36058] raylet_client.cc:336: Error reporting task backlog information: IOError: 
[2022-01-28 12:07:15,045 I 35870 36058] raylet_client.cc:336: Error reporting task backlog information: IOError: 
[2022-01-28 12:07:16,045 I 35870 36058] raylet_client.cc:336: Error reporting task backlog information: IOError: 
[2022-01-28 12:07:17,045 I 35870 36058] raylet_client.cc:336: Error reporting task backlog information: IOError: 
[2022-01-28 12:07:18,046 I 35870 36058] raylet_client.cc:336: Error reporting task backlog information: IOError: 
[2022-01-28 12:07:19,046 I 35870 36058] raylet_client.cc:336: Error reporting task backlog information: IOError: 
[2022-01-28 12:07:19,290 W 35870 36059] metric_exporter.cc:206: Export metrics to agent failed: IOError: . This won't affect Ray, but you can lose metrics from the cluster.
[2022-01-28 12:07:20,046 I 35870 36058] raylet_client.cc:336: Error reporting task backlog information: IOError: 
[2022-01-28 12:07:21,047 I 35870 36058] raylet_client.cc:336: Error reporting task backlog information: IOError: 
[2022-01-28 12:07:22,047 I 35870 36058] raylet_client.cc:336: Error reporting task backlog information: IOError: 
[2022-01-28 12:07:23,047 I 35870 36058] raylet_client.cc:336: Error reporting task backlog information: IOError: 
[2022-01-28 12:07:24,047 I 35870 36058] raylet_client.cc:336: Error reporting task backlog information: IOError: 
[2022-01-28 12:07:25,047 I 35870 36058] raylet_client.cc:336: Error reporting task backlog information: IOError: 
[2022-01-28 12:07:26,047 I 35870 36058] raylet_client.cc:336: Error reporting task backlog information: IOError: 
[2022-01-28 12:07:27,048 I 35870 36058] raylet_client.cc:336: Error reporting task backlog information: IOError: 
[2022-01-28 12:07:28,048 I 35870 36058] raylet_client.cc:336: Error reporting task backlog information: IOError: 
[2022-01-28 12:07:29,048 I 35870 36058] raylet_client.cc:336: Error reporting task backlog information: IOError: 
[2022-01-28 12:07:29,302 W 35870 36059] metric_exporter.cc:206: Export metrics to agent failed: IOError: . This won't affect Ray, but you can lose metrics from the cluster.
[2022-01-28 12:07:30,049 I 35870 36058] raylet_client.cc:336: Error reporting task backlog information: IOError: 
[2022-01-28 12:07:31,049 I 35870 36058] raylet_client.cc:336: Error reporting task backlog information: IOError: 
[2022-01-28 12:07:32,049 I 35870 36058] raylet_client.cc:336: Error reporting task backlog information: IOError: 
[2022-01-28 12:07:33,050 I 35870 36058] raylet_client.cc:336: Error reporting task backlog information: IOError: 
[2022-01-28 12:07:34,050 I 35870 36058] raylet_client.cc:336: Error reporting task backlog information: IOError: 
[2022-01-28 12:07:35,050 I 35870 36058] raylet_client.cc:336: Error reporting task backlog information: IOError: 
[2022-01-28 12:07:36,050 I 35870 36058] raylet_client.cc:336: Error reporting task backlog information: IOError: 
[2022-01-28 12:07:37,051 I 35870 36058] raylet_client.cc:336: Error reporting task backlog information: IOError: 
[2022-01-28 12:07:38,051 I 35870 36058] raylet_client.cc:336: Error reporting task backlog information: IOError: 
[2022-01-28 12:07:39,051 I 35870 36058] raylet_client.cc:336: Error reporting task backlog information: IOError: 
[2022-01-28 12:07:39,316 W 35870 36059] metric_exporter.cc:206: Export metrics to agent failed: IOError: . This won't affect Ray, but you can lose metrics from the cluster.
[2022-01-28 12:07:40,051 I 35870 36058] raylet_client.cc:336: Error reporting task backlog information: IOError: 
[2022-01-28 12:07:41,052 I 35870 36058] raylet_client.cc:336: Error reporting task backlog information: IOError: 
[2022-01-28 12:07:42,052 I 35870 36058] raylet_client.cc:336: Error reporting task backlog information: IOError: 
[2022-01-28 12:07:43,052 I 35870 36058] raylet_client.cc:336: Error reporting task backlog information: IOError: 
[2022-01-28 12:07:44,052 I 35870 36058] raylet_client.cc:336: Error reporting task backlog information: IOError: 
[2022-01-28 12:07:45,053 I 35870 36058] raylet_client.cc:336: Error reporting task backlog information: IOError: 
[2022-01-28 12:07:46,053 I 35870 36058] raylet_client.cc:336: Error reporting task backlog information: IOError: 
[2022-01-28 12:07:47,053 I 35870 36058] raylet_client.cc:336: Error reporting task backlog information: IOError: 
[2022-01-28 12:07:48,053 I 35870 36058] raylet_client.cc:336: Error reporting task backlog information: IOError: 
[2022-01-28 12:07:49,054 I 35870 36058] raylet_client.cc:336: Error reporting task backlog information: IOError: 
[2022-01-28 12:07:49,330 W 35870 36059] metric_exporter.cc:206: Export metrics to agent failed: IOError: . This won't affect Ray, but you can lose metrics from the cluster.
[2022-01-28 12:07:50,054 I 35870 36058] raylet_client.cc:336: Error reporting task backlog information: IOError: 
[2022-01-28 12:07:51,054 I 35870 36058] raylet_client.cc:336: Error reporting task backlog information: IOError: 
[2022-01-28 12:07:52,055 I 35870 36058] raylet_client.cc:336: Error reporting task backlog information: IOError: 
[2022-01-28 12:07:53,055 I 35870 36058] raylet_client.cc:336: Error reporting task backlog information: IOError: 
[2022-01-28 12:07:54,055 I 35870 36058] raylet_client.cc:336: Error reporting task backlog information: IOError: 
[2022-01-28 12:07:55,055 I 35870 36058] raylet_client.cc:336: Error reporting task backlog information: IOError: 
[2022-01-28 12:07:56,056 I 35870 36058] raylet_client.cc:336: Error reporting task backlog information: IOError: 
[2022-01-28 12:07:57,056 I 35870 36058] raylet_client.cc:336: Error reporting task backlog information: IOError: 
[2022-01-28 12:07:58,056 I 35870 36058] raylet_client.cc:336: Error reporting task backlog information: IOError: 
[2022-01-28 12:07:59,056 I 35870 36058] raylet_client.cc:336: Error reporting task backlog information: IOError: 
[2022-01-28 12:07:59,345 W 35870 36059] metric_exporter.cc:206: Export metrics to agent failed: IOError: . This won't affect Ray, but you can lose metrics from the cluster.
[2022-01-28 12:08:00,057 I 35870 36058] raylet_client.cc:336: Error reporting task backlog information: IOError: 
[2022-01-28 12:08:01,057 I 35870 36058] raylet_client.cc:336: Error reporting task backlog information: IOError: 
[2022-01-28 12:08:02,057 I 35870 36058] raylet_client.cc:336: Error reporting task backlog information: IOError: 
[2022-01-28 12:08:03,057 I 35870 36058] raylet_client.cc:336: Error reporting task backlog information: IOError: 
[2022-01-28 12:08:04,058 I 35870 36058] raylet_client.cc:336: Error reporting task backlog information: IOError: 
[2022-01-28 12:08:05,046 W 35870 36006] gcs_server_address_updater.cc:61: [301] Failed to get the gcs server address from raylet 301 times in a row. If it keeps failing to obtain the address, the worker might crash. Connection status IOError: 
[2022-01-28 12:08:05,058 I 35870 36058] raylet_client.cc:336: Error reporting task backlog information: IOError: 
[2022-01-28 12:08:06,058 I 35870 36058] raylet_client.cc:336: Error reporting task backlog information: IOError: 
[2022-01-28 12:08:07,058 I 35870 36058] raylet_client.cc:336: Error reporting task backlog information: IOError: 
[2022-01-28 12:08:08,059 I 35870 36058] raylet_client.cc:336: Error reporting task backlog information: IOError: 
[2022-01-28 12:08:09,059 I 35870 36058] raylet_client.cc:336: Error reporting task backlog information: IOError: 
[2022-01-28 12:08:09,357 W 35870 36059] metric_exporter.cc:206: Export metrics to agent failed: IOError: . This won't affect Ray, but you can lose metrics from the cluster.
[2022-01-28 12:08:10,059 I 35870 36058] raylet_client.cc:336: Error reporting task backlog information: IOError: 
[2022-01-28 12:08:11,059 I 35870 36058] raylet_client.cc:336: Error reporting task backlog information: IOError: 
[2022-01-28 12:08:12,060 I 35870 36058] raylet_client.cc:336: Error reporting task backlog information: IOError: 
[2022-01-28 12:08:13,060 I 35870 36058] raylet_client.cc:336: Error reporting task backlog information: IOError: 
[2022-01-28 12:08:14,060 I 35870 36058] raylet_client.cc:336: Error reporting task backlog information: IOError: 
[2022-01-28 12:08:15,060 I 35870 36058] raylet_client.cc:336: Error reporting task backlog information: IOError: 
[2022-01-28 12:08:16,061 I 35870 36058] raylet_client.cc:336: Error reporting task backlog information: IOError: 
[2022-01-28 12:08:17,061 I 35870 36058] raylet_client.cc:336: Error reporting task backlog information: IOError: 
[2022-01-28 12:08:18,061 I 35870 36058] raylet_client.cc:336: Error reporting task backlog information: IOError: 
[2022-01-28 12:08:19,061 I 35870 36058] raylet_client.cc:336: Error reporting task backlog information: IOError: 
[2022-01-28 12:08:19,371 W 35870 36059] metric_exporter.cc:206: Export metrics to agent failed: IOError: . This won't affect Ray, but you can lose metrics from the cluster.
[2022-01-28 12:08:20,062 I 35870 36058] raylet_client.cc:336: Error reporting task backlog information: IOError: 
[2022-01-28 12:08:21,062 I 35870 36058] raylet_client.cc:336: Error reporting task backlog information: IOError: 
[2022-01-28 12:08:22,062 I 35870 36058] raylet_client.cc:336: Error reporting task backlog information: IOError: 
[2022-01-28 12:08:23,063 I 35870 36058] raylet_client.cc:336: Error reporting task backlog information: IOError: 
[2022-01-28 12:08:24,063 I 35870 36058] raylet_client.cc:336: Error reporting task backlog information: IOError: 
[2022-01-28 12:08:25,063 I 35870 36058] raylet_client.cc:336: Error reporting task backlog information: IOError: 
[2022-01-28 12:08:26,063 I 35870 36058] raylet_client.cc:336: Error reporting task backlog information: IOError: 
[2022-01-28 12:08:27,064 I 35870 36058] raylet_client.cc:336: Error reporting task backlog information: IOError: 
[2022-01-28 12:08:28,064 I 35870 36058] raylet_client.cc:336: Error reporting task backlog information: IOError: 
[2022-01-28 12:08:29,064 I 35870 36058] raylet_client.cc:336: Error reporting task backlog information: IOError: 
[2022-01-28 12:08:29,383 W 35870 36059] metric_exporter.cc:206: Export metrics to agent failed: IOError: . This won't affect Ray, but you can lose metrics from the cluster.
[2022-01-28 12:08:30,064 I 35870 36058] raylet_client.cc:336: Error reporting task backlog information: IOError: 
[2022-01-28 12:08:31,065 I 35870 36058] raylet_client.cc:336: Error reporting task backlog information: IOError: 
[2022-01-28 12:08:32,065 I 35870 36058] raylet_client.cc:336: Error reporting task backlog information: IOError: 
[2022-01-28 12:08:33,065 I 35870 36058] raylet_client.cc:336: Error reporting task backlog information: IOError: 
[2022-01-28 12:08:34,066 I 35870 36058] raylet_client.cc:336: Error reporting task backlog information: IOError: 
[2022-01-28 12:08:35,065 I 35870 36058] raylet_client.cc:336: Error reporting task backlog information: IOError: 
[2022-01-28 12:08:36,066 I 35870 36058] raylet_client.cc:336: Error reporting task backlog information: IOError: 
[2022-01-28 12:08:37,066 I 35870 36058] raylet_client.cc:336: Error reporting task backlog information: IOError: 
[2022-01-28 12:08:38,066 I 35870 36058] raylet_client.cc:336: Error reporting task backlog information: IOError: 
[2022-01-28 12:08:39,066 I 35870 36058] raylet_client.cc:336: Error reporting task backlog information: IOError: 
[2022-01-28 12:08:39,397 W 35870 36059] metric_exporter.cc:206: Export metrics to agent failed: IOError: . This won't affect Ray, but you can lose metrics from the cluster.
[2022-01-28 12:08:40,067 I 35870 36058] raylet_client.cc:336: Error reporting task backlog information: IOError: 
[2022-01-28 12:08:41,067 I 35870 36058] raylet_client.cc:336: Error reporting task backlog information: IOError: 
[2022-01-28 12:08:42,067 I 35870 36058] raylet_client.cc:336: Error reporting task backlog information: IOError: 
[2022-01-28 12:08:43,067 I 35870 36058] raylet_client.cc:336: Error reporting task backlog information: IOError: 
[2022-01-28 12:08:44,068 I 35870 36058] raylet_client.cc:336: Error reporting task backlog information: IOError: 
[2022-01-28 12:08:45,068 I 35870 36058] raylet_client.cc:336: Error reporting task backlog information: IOError: 
[2022-01-28 12:08:46,068 I 35870 36058] raylet_client.cc:336: Error reporting task backlog information: IOError: 
[2022-01-28 12:08:47,068 I 35870 36058] raylet_client.cc:336: Error reporting task backlog information: IOError: 
[2022-01-28 12:08:48,069 I 35870 36058] raylet_client.cc:336: Error reporting task backlog information: IOError: 
[2022-01-28 12:08:49,069 I 35870 36058] raylet_client.cc:336: Error reporting task backlog information: IOError: 
[2022-01-28 12:08:49,409 W 35870 36059] metric_exporter.cc:206: Export metrics to agent failed: IOError: . This won't affect Ray, but you can lose metrics from the cluster.
[2022-01-28 12:08:50,069 I 35870 36058] raylet_client.cc:336: Error reporting task backlog information: IOError: 
[2022-01-28 12:08:51,069 I 35870 36058] raylet_client.cc:336: Error reporting task backlog information: IOError: 
[2022-01-28 12:08:52,070 I 35870 36058] raylet_client.cc:336: Error reporting task backlog information: IOError: 
[2022-01-28 12:08:53,070 I 35870 36058] raylet_client.cc:336: Error reporting task backlog information: IOError: 
[2022-01-28 12:08:54,070 I 35870 36058] raylet_client.cc:336: Error reporting task backlog information: IOError: 
[2022-01-28 12:08:55,071 I 35870 36058] raylet_client.cc:336: Error reporting task backlog information: IOError: 
[2022-01-28 12:08:56,071 I 35870 36058] raylet_client.cc:336: Error reporting task backlog information: IOError: 
[2022-01-28 12:08:57,071 I 35870 36058] raylet_client.cc:336: Error reporting task backlog information: IOError: 
[2022-01-28 12:08:58,071 I 35870 36058] raylet_client.cc:336: Error reporting task backlog information: IOError: 
[2022-01-28 12:08:59,072 I 35870 36058] raylet_client.cc:336: Error reporting task backlog information: IOError: 
[2022-01-28 12:08:59,421 W 35870 36059] metric_exporter.cc:206: Export metrics to agent failed: IOError: . This won't affect Ray, but you can lose metrics from the cluster.
[2022-01-28 12:09:00,072 I 35870 36058] raylet_client.cc:336: Error reporting task backlog information: IOError: 
[2022-01-28 12:09:01,072 I 35870 36058] raylet_client.cc:336: Error reporting task backlog information: IOError: 
[2022-01-28 12:09:02,072 I 35870 36058] raylet_client.cc:336: Error reporting task backlog information: IOError: 
[2022-01-28 12:09:03,072 I 35870 36058] raylet_client.cc:336: Error reporting task backlog information: IOError: 
[2022-01-28 12:09:04,072 I 35870 36058] raylet_client.cc:336: Error reporting task backlog information: IOError: 
[2022-01-28 12:09:05,073 I 35870 36058] raylet_client.cc:336: Error reporting task backlog information: IOError: 
[2022-01-28 12:09:06,073 I 35870 36058] raylet_client.cc:336: Error reporting task backlog information: IOError: 
[2022-01-28 12:09:07,073 I 35870 36058] raylet_client.cc:336: Error reporting task backlog information: IOError: 
[2022-01-28 12:09:08,073 I 35870 36058] raylet_client.cc:336: Error reporting task backlog information: IOError: 
[2022-01-28 12:09:09,074 I 35870 36058] raylet_client.cc:336: Error reporting task backlog information: IOError: 
[2022-01-28 12:09:09,434 W 35870 36059] metric_exporter.cc:206: Export metrics to agent failed: IOError: . This won't affect Ray, but you can lose metrics from the cluster.
[2022-01-28 12:09:10,074 I 35870 36058] raylet_client.cc:336: Error reporting task backlog information: IOError: 
[2022-01-28 12:09:11,074 I 35870 36058] raylet_client.cc:336: Error reporting task backlog information: IOError: 
[2022-01-28 12:09:12,074 I 35870 36058] raylet_client.cc:336: Error reporting task backlog information: IOError: 
[2022-01-28 12:09:13,075 I 35870 36058] raylet_client.cc:336: Error reporting task backlog information: IOError: 
[2022-01-28 12:09:14,075 I 35870 36058] raylet_client.cc:336: Error reporting task backlog information: IOError: 
[2022-01-28 12:09:15,075 I 35870 36058] raylet_client.cc:336: Error reporting task backlog information: IOError: 
[2022-01-28 12:09:16,075 I 35870 36058] raylet_client.cc:336: Error reporting task backlog information: IOError: 
[2022-01-28 12:09:17,076 I 35870 36058] raylet_client.cc:336: Error reporting task backlog information: IOError: 
[2022-01-28 12:09:18,076 I 35870 36058] raylet_client.cc:336: Error reporting task backlog information: IOError: 
[2022-01-28 12:09:19,076 I 35870 36058] raylet_client.cc:336: Error reporting task backlog information: IOError: 
[2022-01-28 12:09:19,450 W 35870 36059] metric_exporter.cc:206: Export metrics to agent failed: IOError: . This won't affect Ray, but you can lose metrics from the cluster.
[2022-01-28 12:09:20,076 I 35870 36058] raylet_client.cc:336: Error reporting task backlog information: IOError: 
[2022-01-28 12:09:21,077 I 35870 36058] raylet_client.cc:336: Error reporting task backlog information: IOError: 
[2022-01-28 12:09:22,077 I 35870 36058] raylet_client.cc:336: Error reporting task backlog information: IOError: 
[2022-01-28 12:09:23,077 I 35870 36058] raylet_client.cc:336: Error reporting task backlog information: IOError: 
[2022-01-28 12:09:24,077 I 35870 36058] raylet_client.cc:336: Error reporting task backlog information: IOError: 
[2022-01-28 12:09:25,078 I 35870 36058] raylet_client.cc:336: Error reporting task backlog information: IOError: 
[2022-01-28 12:09:26,078 I 35870 36058] raylet_client.cc:336: Error reporting task backlog information: IOError: 
[2022-01-28 12:09:27,078 I 35870 36058] raylet_client.cc:336: Error reporting task backlog information: IOError: 
[2022-01-28 12:09:28,079 I 35870 36058] raylet_client.cc:336: Error reporting task backlog information: IOError: 
[2022-01-28 12:09:29,079 I 35870 36058] raylet_client.cc:336: Error reporting task backlog information: IOError: 
[2022-01-28 12:09:29,464 W 35870 36059] metric_exporter.cc:206: Export metrics to agent failed: IOError: . This won't affect Ray, but you can lose metrics from the cluster.
[2022-01-28 12:09:30,079 I 35870 36058] raylet_client.cc:336: Error reporting task backlog information: IOError: 
[2022-01-28 12:09:31,079 I 35870 36058] raylet_client.cc:336: Error reporting task backlog information: IOError: 
[2022-01-28 12:09:32,080 I 35870 36058] raylet_client.cc:336: Error reporting task backlog information: IOError: 
[2022-01-28 12:09:33,080 I 35870 36058] raylet_client.cc:336: Error reporting task backlog information: IOError: 
[2022-01-28 12:09:34,080 I 35870 36058] raylet_client.cc:336: Error reporting task backlog information: IOError: 
[2022-01-28 12:09:35,080 I 35870 36058] raylet_client.cc:336: Error reporting task backlog information: IOError: 
[2022-01-28 12:09:36,080 I 35870 36058] raylet_client.cc:336: Error reporting task backlog information: IOError: 
[2022-01-28 12:09:37,081 I 35870 36058] raylet_client.cc:336: Error reporting task backlog information: IOError: 
[2022-01-28 12:09:38,081 I 35870 36058] raylet_client.cc:336: Error reporting task backlog information: IOError: 
[2022-01-28 12:09:39,081 I 35870 36058] raylet_client.cc:336: Error reporting task backlog information: IOError: 
[2022-01-28 12:09:39,477 W 35870 36059] metric_exporter.cc:206: Export metrics to agent failed: IOError: . This won't affect Ray, but you can lose metrics from the cluster.
[2022-01-28 12:09:40,081 I 35870 36058] raylet_client.cc:336: Error reporting task backlog information: IOError: 
[2022-01-28 12:09:41,082 I 35870 36058] raylet_client.cc:336: Error reporting task backlog information: IOError: 
[2022-01-28 12:09:42,082 I 35870 36058] raylet_client.cc:336: Error reporting task backlog information: IOError: 
[2022-01-28 12:09:43,082 I 35870 36058] raylet_client.cc:336: Error reporting task backlog information: IOError: 
[2022-01-28 12:09:44,082 I 35870 36058] raylet_client.cc:336: Error reporting task backlog information: IOError: 
[2022-01-28 12:09:45,083 I 35870 36058] raylet_client.cc:336: Error reporting task backlog information: IOError: 
[2022-01-28 12:09:46,083 I 35870 36058] raylet_client.cc:336: Error reporting task backlog information: IOError: 
[2022-01-28 12:09:47,083 I 35870 36058] raylet_client.cc:336: Error reporting task backlog information: IOError: 
[2022-01-28 12:09:48,084 I 35870 36058] raylet_client.cc:336: Error reporting task backlog information: IOError: 
[2022-01-28 12:09:49,084 I 35870 36058] raylet_client.cc:336: Error reporting task backlog information: IOError: 
[2022-01-28 12:09:49,490 W 35870 36059] metric_exporter.cc:206: Export metrics to agent failed: IOError: . This won't affect Ray, but you can lose metrics from the cluster.
[2022-01-28 12:09:50,084 I 35870 36058] raylet_client.cc:336: Error reporting task backlog information: IOError: 
[2022-01-28 12:09:51,084 I 35870 36058] raylet_client.cc:336: Error reporting task backlog information: IOError: 
[2022-01-28 12:09:52,085 I 35870 36058] raylet_client.cc:336: Error reporting task backlog information: IOError: 
[2022-01-28 12:09:53,085 I 35870 36058] raylet_client.cc:336: Error reporting task backlog information: IOError: 
[2022-01-28 12:09:54,085 I 35870 36058] raylet_client.cc:336: Error reporting task backlog information: IOError: 
[2022-01-28 12:09:55,085 I 35870 36058] raylet_client.cc:336: Error reporting task backlog information: IOError: 
[2022-01-28 12:09:56,086 I 35870 36058] raylet_client.cc:336: Error reporting task backlog information: IOError: 
[2022-01-28 12:09:57,086 I 35870 36058] raylet_client.cc:336: Error reporting task backlog information: IOError: 
[2022-01-28 12:09:58,086 I 35870 36058] raylet_client.cc:336: Error reporting task backlog information: IOError: 
[2022-01-28 12:09:59,086 I 35870 36058] raylet_client.cc:336: Error reporting task backlog information: IOError: 
[2022-01-28 12:09:59,501 W 35870 36059] metric_exporter.cc:206: Export metrics to agent failed: IOError: . This won't affect Ray, but you can lose metrics from the cluster.
[2022-01-28 12:10:00,087 I 35870 36058] raylet_client.cc:336: Error reporting task backlog information: IOError: 
[2022-01-28 12:10:01,087 I 35870 36058] raylet_client.cc:336: Error reporting task backlog information: IOError: 
[2022-01-28 12:10:02,087 I 35870 36058] raylet_client.cc:336: Error reporting task backlog information: IOError: 
[2022-01-28 12:10:03,088 I 35870 36058] raylet_client.cc:336: Error reporting task backlog information: IOError: 
[2022-01-28 12:10:04,088 I 35870 36058] raylet_client.cc:336: Error reporting task backlog information: IOError: 
[2022-01-28 12:10:05,088 I 35870 36058] raylet_client.cc:336: Error reporting task backlog information: IOError: 
[2022-01-28 12:10:06,088 I 35870 36058] raylet_client.cc:336: Error reporting task backlog information: IOError: 
[2022-01-28 12:10:07,089 I 35870 36058] raylet_client.cc:336: Error reporting task backlog information: IOError: 
[2022-01-28 12:10:08,089 I 35870 36058] raylet_client.cc:336: Error reporting task backlog information: IOError: 
[2022-01-28 12:10:09,089 I 35870 36058] raylet_client.cc:336: Error reporting task backlog information: IOError: 
[2022-01-28 12:10:09,513 W 35870 36059] metric_exporter.cc:206: Export metrics to agent failed: IOError: . This won't affect Ray, but you can lose metrics from the cluster.
[2022-01-28 12:10:10,089 I 35870 36058] raylet_client.cc:336: Error reporting task backlog information: IOError: 
[2022-01-28 12:10:11,090 I 35870 36058] raylet_client.cc:336: Error reporting task backlog information: IOError: 
[2022-01-28 12:10:12,090 I 35870 36058] raylet_client.cc:336: Error reporting task backlog information: IOError: 
[2022-01-28 12:10:13,090 I 35870 36058] raylet_client.cc:336: Error reporting task backlog information: IOError: 
[2022-01-28 12:10:14,091 I 35870 36058] raylet_client.cc:336: Error reporting task backlog information: IOError: 
[2022-01-28 12:10:15,091 I 35870 36058] raylet_client.cc:336: Error reporting task backlog information: IOError: 
[2022-01-28 12:10:16,091 I 35870 36058] raylet_client.cc:336: Error reporting task backlog information: IOError: 
[2022-01-28 12:10:17,092 I 35870 36058] raylet_client.cc:336: Error reporting task backlog information: IOError: 
[2022-01-28 12:10:18,092 I 35870 36058] raylet_client.cc:336: Error reporting task backlog information: IOError: 
[2022-01-28 12:10:19,092 I 35870 36058] raylet_client.cc:336: Error reporting task backlog information: IOError: 
[2022-01-28 12:10:19,527 W 35870 36059] metric_exporter.cc:206: Export metrics to agent failed: IOError: . This won't affect Ray, but you can lose metrics from the cluster.
[2022-01-28 12:10:20,093 I 35870 36058] raylet_client.cc:336: Error reporting task backlog information: IOError: 
[2022-01-28 12:10:21,093 I 35870 36058] raylet_client.cc:336: Error reporting task backlog information: IOError: 
[2022-01-28 12:10:22,093 I 35870 36058] raylet_client.cc:336: Error reporting task backlog information: IOError: 
[2022-01-28 12:10:23,093 I 35870 36058] raylet_client.cc:336: Error reporting task backlog information: IOError: 
[2022-01-28 12:10:24,094 I 35870 36058] raylet_client.cc:336: Error reporting task backlog information: IOError: 
[2022-01-28 12:10:25,094 I 35870 36058] raylet_client.cc:336: Error reporting task backlog information: IOError: 
[2022-01-28 12:10:26,094 I 35870 36058] raylet_client.cc:336: Error reporting task backlog information: IOError: 
[2022-01-28 12:10:27,095 I 35870 36058] raylet_client.cc:336: Error reporting task backlog information: IOError: 
[2022-01-28 12:10:28,095 I 35870 36058] raylet_client.cc:336: Error reporting task backlog information: IOError: 
[2022-01-28 12:10:29,095 I 35870 36058] raylet_client.cc:336: Error reporting task backlog information: IOError: 
[2022-01-28 12:10:29,539 W 35870 36059] metric_exporter.cc:206: Export metrics to agent failed: IOError: . This won't affect Ray, but you can lose metrics from the cluster.
[2022-01-28 12:10:30,096 I 35870 36058] raylet_client.cc:336: Error reporting task backlog information: IOError: 
[2022-01-28 12:10:31,096 I 35870 36058] raylet_client.cc:336: Error reporting task backlog information: IOError: 
[2022-01-28 12:10:32,096 I 35870 36058] raylet_client.cc:336: Error reporting task backlog information: IOError: 
[2022-01-28 12:10:33,096 I 35870 36058] raylet_client.cc:336: Error reporting task backlog information: IOError: 
[2022-01-28 12:10:34,097 I 35870 36058] raylet_client.cc:336: Error reporting task backlog information: IOError: 
[2022-01-28 12:10:35,097 I 35870 36058] raylet_client.cc:336: Error reporting task backlog information: IOError: 
[2022-01-28 12:10:36,097 I 35870 36058] raylet_client.cc:336: Error reporting task backlog information: IOError: 
[2022-01-28 12:10:37,097 I 35870 36058] raylet_client.cc:336: Error reporting task backlog information: IOError: 
[2022-01-28 12:10:38,098 I 35870 36058] raylet_client.cc:336: Error reporting task backlog information: IOError: 
[2022-01-28 12:10:39,098 I 35870 36058] raylet_client.cc:336: Error reporting task backlog information: IOError: 
[2022-01-28 12:10:39,553 W 35870 36059] metric_exporter.cc:206: Export metrics to agent failed: IOError: . This won't affect Ray, but you can lose metrics from the cluster.
[2022-01-28 12:10:40,098 I 35870 36058] raylet_client.cc:336: Error reporting task backlog information: IOError: 
[2022-01-28 12:10:41,099 I 35870 36058] raylet_client.cc:336: Error reporting task backlog information: IOError: 
[2022-01-28 12:10:42,099 I 35870 36058] raylet_client.cc:336: Error reporting task backlog information: IOError: 
[2022-01-28 12:10:43,099 I 35870 36058] raylet_client.cc:336: Error reporting task backlog information: IOError: 
[2022-01-28 12:10:44,100 I 35870 36058] raylet_client.cc:336: Error reporting task backlog information: IOError: 
[2022-01-28 12:10:45,100 I 35870 36058] raylet_client.cc:336: Error reporting task backlog information: IOError: 
[2022-01-28 12:10:46,100 I 35870 36058] raylet_client.cc:336: Error reporting task backlog information: IOError: 
[2022-01-28 12:10:47,100 I 35870 36058] raylet_client.cc:336: Error reporting task backlog information: IOError: 
[2022-01-28 12:10:48,101 I 35870 36058] raylet_client.cc:336: Error reporting task backlog information: IOError: 
[2022-01-28 12:10:49,101 I 35870 36058] raylet_client.cc:336: Error reporting task backlog information: IOError: 
[2022-01-28 12:10:49,565 W 35870 36059] metric_exporter.cc:206: Export metrics to agent failed: IOError: . This won't affect Ray, but you can lose metrics from the cluster.
[2022-01-28 12:10:50,101 I 35870 36058] raylet_client.cc:336: Error reporting task backlog information: IOError: 
[2022-01-28 12:10:51,101 I 35870 36058] raylet_client.cc:336: Error reporting task backlog information: IOError: 
[2022-01-28 12:10:52,102 I 35870 36058] raylet_client.cc:336: Error reporting task backlog information: IOError: 
[2022-01-28 12:10:53,102 I 35870 36058] raylet_client.cc:336: Error reporting task backlog information: IOError: 
[2022-01-28 12:10:54,102 I 35870 36058] raylet_client.cc:336: Error reporting task backlog information: IOError: 
[2022-01-28 12:10:55,102 I 35870 36058] raylet_client.cc:336: Error reporting task backlog information: IOError: 
[2022-01-28 12:10:56,103 I 35870 36058] raylet_client.cc:336: Error reporting task backlog information: IOError: 
[2022-01-28 12:10:57,103 I 35870 36058] raylet_client.cc:336: Error reporting task backlog information: IOError: 
[2022-01-28 12:10:58,103 I 35870 36058] raylet_client.cc:336: Error reporting task backlog information: IOError: 
[2022-01-28 12:10:59,104 I 35870 36058] raylet_client.cc:336: Error reporting task backlog information: IOError: 
[2022-01-28 12:10:59,578 W 35870 36059] metric_exporter.cc:206: Export metrics to agent failed: IOError: . This won't affect Ray, but you can lose metrics from the cluster.
[2022-01-28 12:11:00,104 I 35870 36058] raylet_client.cc:336: Error reporting task backlog information: IOError: 
[2022-01-28 12:11:01,104 I 35870 36058] raylet_client.cc:336: Error reporting task backlog information: IOError: 
[2022-01-28 12:11:02,104 I 35870 36058] raylet_client.cc:336: Error reporting task backlog information: IOError: 
[2022-01-28 12:11:03,105 I 35870 36058] raylet_client.cc:336: Error reporting task backlog information: IOError: 
[2022-01-28 12:11:04,105 I 35870 36058] raylet_client.cc:336: Error reporting task backlog information: IOError: 
[2022-01-28 12:11:05,105 I 35870 36058] raylet_client.cc:336: Error reporting task backlog information: IOError: 
[2022-01-28 12:11:06,105 I 35870 36058] raylet_client.cc:336: Error reporting task backlog information: IOError: 
[2022-01-28 12:11:07,106 I 35870 36058] raylet_client.cc:336: Error reporting task backlog information: IOError: 
[2022-01-28 12:11:08,106 I 35870 36058] raylet_client.cc:336: Error reporting task backlog information: IOError: 
[2022-01-28 12:11:09,106 I 35870 36058] raylet_client.cc:336: Error reporting task backlog information: IOError: 
[2022-01-28 12:11:09,591 W 35870 36059] metric_exporter.cc:206: Export metrics to agent failed: IOError: . This won't affect Ray, but you can lose metrics from the cluster.
[2022-01-28 12:11:10,106 I 35870 36058] raylet_client.cc:336: Error reporting task backlog information: IOError: 
[2022-01-28 12:11:11,107 I 35870 36058] raylet_client.cc:336: Error reporting task backlog information: IOError: 
[2022-01-28 12:11:12,107 I 35870 36058] raylet_client.cc:336: Error reporting task backlog information: IOError: 
[2022-01-28 12:11:13,107 I 35870 36058] raylet_client.cc:336: Error reporting task backlog information: IOError: 
[2022-01-28 12:11:14,108 I 35870 36058] raylet_client.cc:336: Error reporting task backlog information: IOError: 
[2022-01-28 12:11:15,108 I 35870 36058] raylet_client.cc:336: Error reporting task backlog information: IOError: 
[2022-01-28 12:11:16,108 I 35870 36058] raylet_client.cc:336: Error reporting task backlog information: IOError: 
[2022-01-28 12:11:17,109 I 35870 36058] raylet_client.cc:336: Error reporting task backlog information: IOError: 
[2022-01-28 12:11:18,109 I 35870 36058] raylet_client.cc:336: Error reporting task backlog information: IOError: 
[2022-01-28 12:11:19,109 I 35870 36058] raylet_client.cc:336: Error reporting task backlog information: IOError: 
[2022-01-28 12:11:19,604 W 35870 36059] metric_exporter.cc:206: Export metrics to agent failed: IOError: . This won't affect Ray, but you can lose metrics from the cluster.
[2022-01-28 12:11:20,109 I 35870 36058] raylet_client.cc:336: Error reporting task backlog information: IOError: 
[2022-01-28 12:11:21,110 I 35870 36058] raylet_client.cc:336: Error reporting task backlog information: IOError: 
[2022-01-28 12:11:22,110 I 35870 36058] raylet_client.cc:336: Error reporting task backlog information: IOError: 
[2022-01-28 12:11:23,110 I 35870 36058] raylet_client.cc:336: Error reporting task backlog information: IOError: 
[2022-01-28 12:11:24,110 I 35870 36058] raylet_client.cc:336: Error reporting task backlog information: IOError: 
[2022-01-28 12:11:25,111 I 35870 36058] raylet_client.cc:336: Error reporting task backlog information: IOError: 
[2022-01-28 12:11:26,111 I 35870 36058] raylet_client.cc:336: Error reporting task backlog information: IOError: 
[2022-01-28 12:11:27,111 I 35870 36058] raylet_client.cc:336: Error reporting task backlog information: IOError: 
[2022-01-28 12:11:28,111 I 35870 36058] raylet_client.cc:336: Error reporting task backlog information: IOError: 
[2022-01-28 12:11:29,112 I 35870 36058] raylet_client.cc:336: Error reporting task backlog information: IOError: 
[2022-01-28 12:11:29,618 W 35870 36059] metric_exporter.cc:206: Export metrics to agent failed: IOError: . This won't affect Ray, but you can lose metrics from the cluster.
[2022-01-28 12:11:30,112 I 35870 36058] raylet_client.cc:336: Error reporting task backlog information: IOError: 
[2022-01-28 12:11:31,112 I 35870 36058] raylet_client.cc:336: Error reporting task backlog information: IOError: 
[2022-01-28 12:11:32,112 I 35870 36058] raylet_client.cc:336: Error reporting task backlog information: IOError: 
[2022-01-28 12:11:33,113 I 35870 36058] raylet_client.cc:336: Error reporting task backlog information: IOError: 
[2022-01-28 12:11:34,113 I 35870 36058] raylet_client.cc:336: Error reporting task backlog information: IOError: 
[2022-01-28 12:11:35,113 I 35870 36058] raylet_client.cc:336: Error reporting task backlog information: IOError: 
[2022-01-28 12:11:36,113 I 35870 36058] raylet_client.cc:336: Error reporting task backlog information: IOError: 
[2022-01-28 12:11:37,113 I 35870 36058] raylet_client.cc:336: Error reporting task backlog information: IOError: 
[2022-01-28 12:11:38,114 I 35870 36058] raylet_client.cc:336: Error reporting task backlog information: IOError: 
[2022-01-28 12:11:39,114 I 35870 36058] raylet_client.cc:336: Error reporting task backlog information: IOError: 
[2022-01-28 12:11:39,632 W 35870 36059] metric_exporter.cc:206: Export metrics to agent failed: IOError: . This won't affect Ray, but you can lose metrics from the cluster.
[2022-01-28 12:11:40,114 I 35870 36058] raylet_client.cc:336: Error reporting task backlog information: IOError: 
[2022-01-28 12:11:41,114 I 35870 36058] raylet_client.cc:336: Error reporting task backlog information: IOError: 
[2022-01-28 12:11:42,115 I 35870 36058] raylet_client.cc:336: Error reporting task backlog information: IOError: 
[2022-01-28 12:11:43,115 I 35870 36058] raylet_client.cc:336: Error reporting task backlog information: IOError: 
[2022-01-28 12:11:44,115 I 35870 36058] raylet_client.cc:336: Error reporting task backlog information: IOError: 
[2022-01-28 12:11:45,116 I 35870 36058] raylet_client.cc:336: Error reporting task backlog information: IOError: 
[2022-01-28 12:11:46,116 I 35870 36058] raylet_client.cc:336: Error reporting task backlog information: IOError: 
[2022-01-28 12:11:47,116 I 35870 36058] raylet_client.cc:336: Error reporting task backlog information: IOError: 
[2022-01-28 12:11:48,116 I 35870 36058] raylet_client.cc:336: Error reporting task backlog information: IOError: 
[2022-01-28 12:11:49,117 I 35870 36058] raylet_client.cc:336: Error reporting task backlog information: IOError: 
[2022-01-28 12:11:49,648 W 35870 36059] metric_exporter.cc:206: Export metrics to agent failed: IOError: . This won't affect Ray, but you can lose metrics from the cluster.
[2022-01-28 12:11:50,117 I 35870 36058] raylet_client.cc:336: Error reporting task backlog information: IOError: 
[2022-01-28 12:11:51,117 I 35870 36058] raylet_client.cc:336: Error reporting task backlog information: IOError: 
[2022-01-28 12:11:52,117 I 35870 36058] raylet_client.cc:336: Error reporting task backlog information: IOError: 
[2022-01-28 12:11:53,118 I 35870 36058] raylet_client.cc:336: Error reporting task backlog information: IOError: 
[2022-01-28 12:11:54,118 I 35870 36058] raylet_client.cc:336: Error reporting task backlog information: IOError: 
[2022-01-28 12:11:55,118 I 35870 36058] raylet_client.cc:336: Error reporting task backlog information: IOError: 
[2022-01-28 12:11:56,118 I 35870 36058] raylet_client.cc:336: Error reporting task backlog information: IOError: 
[2022-01-28 12:11:57,118 I 35870 36058] raylet_client.cc:336: Error reporting task backlog information: IOError: 
[2022-01-28 12:11:58,119 I 35870 36058] raylet_client.cc:336: Error reporting task backlog information: IOError: 
[2022-01-28 12:11:59,119 I 35870 36058] raylet_client.cc:336: Error reporting task backlog information: IOError: 
[2022-01-28 12:11:59,661 W 35870 36059] metric_exporter.cc:206: Export metrics to agent failed: IOError: . This won't affect Ray, but you can lose metrics from the cluster.
[2022-01-28 12:12:00,119 I 35870 36058] raylet_client.cc:336: Error reporting task backlog information: IOError: 
[2022-01-28 12:12:01,120 I 35870 36058] raylet_client.cc:336: Error reporting task backlog information: IOError: 
[2022-01-28 12:12:02,120 I 35870 36058] raylet_client.cc:336: Error reporting task backlog information: IOError: 
[2022-01-28 12:12:03,120 I 35870 36058] raylet_client.cc:336: Error reporting task backlog information: IOError: 
[2022-01-28 12:12:04,120 I 35870 36058] raylet_client.cc:336: Error reporting task backlog information: IOError: 
[2022-01-28 12:12:05,121 I 35870 36058] raylet_client.cc:336: Error reporting task backlog information: IOError: 
[2022-01-28 12:12:06,121 I 35870 36058] raylet_client.cc:336: Error reporting task backlog information: IOError: 
[2022-01-28 12:12:07,121 I 35870 36058] raylet_client.cc:336: Error reporting task backlog information: IOError: 
[2022-01-28 12:12:08,121 I 35870 36058] raylet_client.cc:336: Error reporting task backlog information: IOError: 
[2022-01-28 12:12:09,122 I 35870 36058] raylet_client.cc:336: Error reporting task backlog information: IOError: 
[2022-01-28 12:12:09,676 W 35870 36059] metric_exporter.cc:206: Export metrics to agent failed: IOError: . This won't affect Ray, but you can lose metrics from the cluster.
[2022-01-28 12:12:10,122 I 35870 36058] raylet_client.cc:336: Error reporting task backlog information: IOError: 
[2022-01-28 12:12:11,122 I 35870 36058] raylet_client.cc:336: Error reporting task backlog information: IOError: 
[2022-01-28 12:12:12,122 I 35870 36058] raylet_client.cc:336: Error reporting task backlog information: IOError: 
[2022-01-28 12:12:13,123 I 35870 36058] raylet_client.cc:336: Error reporting task backlog information: IOError: 
[2022-01-28 12:12:14,123 I 35870 36058] raylet_client.cc:336: Error reporting task backlog information: IOError: 
[2022-01-28 12:12:15,123 I 35870 36058] raylet_client.cc:336: Error reporting task backlog information: IOError: 
[2022-01-28 12:12:16,123 I 35870 36058] raylet_client.cc:336: Error reporting task backlog information: IOError: 
[2022-01-28 12:12:17,124 I 35870 36058] raylet_client.cc:336: Error reporting task backlog information: IOError: 
[2022-01-28 12:12:18,124 I 35870 36058] raylet_client.cc:336: Error reporting task backlog information: IOError: 
[2022-01-28 12:12:19,124 I 35870 36058] raylet_client.cc:336: Error reporting task backlog information: IOError: 
[2022-01-28 12:12:19,689 W 35870 36059] metric_exporter.cc:206: Export metrics to agent failed: IOError: . This won't affect Ray, but you can lose metrics from the cluster.
[2022-01-28 12:12:20,125 I 35870 36058] raylet_client.cc:336: Error reporting task backlog information: IOError: 
[2022-01-28 12:12:21,125 I 35870 36058] raylet_client.cc:336: Error reporting task backlog information: IOError: 
[2022-01-28 12:12:22,125 I 35870 36058] raylet_client.cc:336: Error reporting task backlog information: IOError: 
[2022-01-28 12:12:23,125 I 35870 36058] raylet_client.cc:336: Error reporting task backlog information: IOError: 
[2022-01-28 12:12:24,126 I 35870 36058] raylet_client.cc:336: Error reporting task backlog information: IOError: 
[2022-01-28 12:12:25,126 I 35870 36058] raylet_client.cc:336: Error reporting task backlog information: IOError: 
[2022-01-28 12:12:26,126 I 35870 36058] raylet_client.cc:336: Error reporting task backlog information: IOError: 
[2022-01-28 12:12:27,126 I 35870 36058] raylet_client.cc:336: Error reporting task backlog information: IOError: 
[2022-01-28 12:12:28,127 I 35870 36058] raylet_client.cc:336: Error reporting task backlog information: IOError: 
[2022-01-28 12:12:29,127 I 35870 36058] raylet_client.cc:336: Error reporting task backlog information: IOError: 
[2022-01-28 12:12:29,703 W 35870 36059] metric_exporter.cc:206: Export metrics to agent failed: IOError: . This won't affect Ray, but you can lose metrics from the cluster.
[2022-01-28 12:12:30,127 I 35870 36058] raylet_client.cc:336: Error reporting task backlog information: IOError: 
[2022-01-28 12:12:31,128 I 35870 36058] raylet_client.cc:336: Error reporting task backlog information: IOError: 
[2022-01-28 12:12:32,128 I 35870 36058] raylet_client.cc:336: Error reporting task backlog information: IOError: 
[2022-01-28 12:12:33,128 I 35870 36058] raylet_client.cc:336: Error reporting task backlog information: IOError: 
[2022-01-28 12:12:34,128 I 35870 36058] raylet_client.cc:336: Error reporting task backlog information: IOError: 
[2022-01-28 12:12:35,129 I 35870 36058] raylet_client.cc:336: Error reporting task backlog information: IOError: 
[2022-01-28 12:12:36,129 I 35870 36058] raylet_client.cc:336: Error reporting task backlog information: IOError: 
[2022-01-28 12:12:37,129 I 35870 36058] raylet_client.cc:336: Error reporting task backlog information: IOError: 
[2022-01-28 12:12:38,129 I 35870 36058] raylet_client.cc:336: Error reporting task backlog information: IOError: 
[2022-01-28 12:12:39,130 I 35870 36058] raylet_client.cc:336: Error reporting task backlog information: IOError: 
[2022-01-28 12:12:39,718 W 35870 36059] metric_exporter.cc:206: Export metrics to agent failed: IOError: . This won't affect Ray, but you can lose metrics from the cluster.
[2022-01-28 12:12:40,130 I 35870 36058] raylet_client.cc:336: Error reporting task backlog information: IOError: 
[2022-01-28 12:12:41,130 I 35870 36058] raylet_client.cc:336: Error reporting task backlog information: IOError: 
[2022-01-28 12:12:42,131 I 35870 36058] raylet_client.cc:336: Error reporting task backlog information: IOError: 
[2022-01-28 12:12:43,131 I 35870 36058] raylet_client.cc:336: Error reporting task backlog information: IOError: 
[2022-01-28 12:12:44,131 I 35870 36058] raylet_client.cc:336: Error reporting task backlog information: IOError: 
[2022-01-28 12:12:45,131 I 35870 36058] raylet_client.cc:336: Error reporting task backlog information: IOError: 
[2022-01-28 12:12:46,132 I 35870 36058] raylet_client.cc:336: Error reporting task backlog information: IOError: 
[2022-01-28 12:12:47,132 I 35870 36058] raylet_client.cc:336: Error reporting task backlog information: IOError: 
[2022-01-28 12:12:48,132 I 35870 36058] raylet_client.cc:336: Error reporting task backlog information: IOError: 
[2022-01-28 12:12:49,132 I 35870 36058] raylet_client.cc:336: Error reporting task backlog information: IOError: 
[2022-01-28 12:12:49,734 W 35870 36059] metric_exporter.cc:206: Export metrics to agent failed: IOError: . This won't affect Ray, but you can lose metrics from the cluster.
[2022-01-28 12:12:50,133 I 35870 36058] raylet_client.cc:336: Error reporting task backlog information: IOError: 
[2022-01-28 12:12:51,133 I 35870 36058] raylet_client.cc:336: Error reporting task backlog information: IOError: 
[2022-01-28 12:12:52,133 I 35870 36058] raylet_client.cc:336: Error reporting task backlog information: IOError: 
[2022-01-28 12:12:53,133 I 35870 36058] raylet_client.cc:336: Error reporting task backlog information: IOError: 
[2022-01-28 12:12:54,134 I 35870 36058] raylet_client.cc:336: Error reporting task backlog information: IOError: 
[2022-01-28 12:12:55,134 I 35870 36058] raylet_client.cc:336: Error reporting task backlog information: IOError: 
[2022-01-28 12:12:56,134 I 35870 36058] raylet_client.cc:336: Error reporting task backlog information: IOError: 
[2022-01-28 12:12:57,134 I 35870 36058] raylet_client.cc:336: Error reporting task backlog information: IOError: 
[2022-01-28 12:12:58,135 I 35870 36058] raylet_client.cc:336: Error reporting task backlog information: IOError: 
[2022-01-28 12:12:59,135 I 35870 36058] raylet_client.cc:336: Error reporting task backlog information: IOError: 
[2022-01-28 12:12:59,750 W 35870 36059] metric_exporter.cc:206: Export metrics to agent failed: IOError: . This won't affect Ray, but you can lose metrics from the cluster.
[2022-01-28 12:13:00,135 I 35870 36058] raylet_client.cc:336: Error reporting task backlog information: IOError: 
[2022-01-28 12:13:01,136 I 35870 36058] raylet_client.cc:336: Error reporting task backlog information: IOError: 
[2022-01-28 12:13:02,136 I 35870 36058] raylet_client.cc:336: Error reporting task backlog information: IOError: 
[2022-01-28 12:13:03,136 I 35870 36058] raylet_client.cc:336: Error reporting task backlog information: IOError: 
[2022-01-28 12:13:04,123 E 35870 36006] gcs_server_address_updater.cc:76: Failed to receive the GCS address for 600 times without success. The worker will exit ungracefully. It is because GCS has died. It could be because there was an issue that kills GCS, such as high memory usage triggering OOM killer to kill GCS. Cluster will be highly likely unavailable if you see this log. Please check the log from gcs_server.err.
