2022-01-12 12:32:09,146	INFO log_monitor.py:190 -- Beginning to track file raylet.err
2022-01-12 12:32:09,147	INFO log_monitor.py:190 -- Beginning to track file gcs_server.err
2022-01-12 12:32:09,148	INFO log_monitor.py:190 -- Beginning to track file monitor.log
2022-01-12 12:32:09,652	INFO log_monitor.py:190 -- Beginning to track file worker-c0ffd40a41111e5bd1f1fccb842e038ab8063df5924e67aca2095cfc-01000000-166945.out
2022-01-12 12:32:09,652	INFO log_monitor.py:190 -- Beginning to track file worker-10b1494a2c87c4db1fba2640cbc1c8684808b54c3cc963d65b743624-01000000-166951.err
2022-01-12 12:32:09,652	INFO log_monitor.py:190 -- Beginning to track file worker-10b1494a2c87c4db1fba2640cbc1c8684808b54c3cc963d65b743624-01000000-166951.out
2022-01-12 12:32:09,652	INFO log_monitor.py:190 -- Beginning to track file worker-1208ffdad98009aabb3025a747a2b63d937e1e86b1a6726f1e416168-01000000-166946.err
2022-01-12 12:32:09,652	INFO log_monitor.py:190 -- Beginning to track file worker-fe4026e347ac1132964125a41ef5eff6d424677e57b8c94b6e757285-01000000-166948.err
2022-01-12 12:32:09,652	INFO log_monitor.py:190 -- Beginning to track file worker-4bb9de12f04cac80917377595f51bffa9fa513f8eedd78b9db200e3d-01000000-166950.out
2022-01-12 12:32:09,652	INFO log_monitor.py:190 -- Beginning to track file worker-73f7cac14fa8c4c0e6ddb879d1db1daa0466c205eb35ce1151f7f216-01000000-166952.out
2022-01-12 12:32:09,652	INFO log_monitor.py:190 -- Beginning to track file worker-4bb9de12f04cac80917377595f51bffa9fa513f8eedd78b9db200e3d-01000000-166950.err
2022-01-12 12:32:09,653	INFO log_monitor.py:190 -- Beginning to track file worker-73f7cac14fa8c4c0e6ddb879d1db1daa0466c205eb35ce1151f7f216-01000000-166952.err
2022-01-12 12:32:09,653	INFO log_monitor.py:190 -- Beginning to track file worker-319e87a6c7b1260e211d1931433104cb456bd45e0aca22fe4c255a19-01000000-166947.out
2022-01-12 12:32:09,653	INFO log_monitor.py:190 -- Beginning to track file worker-6da59898b07e042fa551821780eee6ef1fc850f24ae3d20ce7d892a9-01000000-166956.out
2022-01-12 12:32:09,653	INFO log_monitor.py:190 -- Beginning to track file worker-37e96d42d56e111d3ccfd779a0e78131816caa06803f47897c7ff813-01000000-166954.err
2022-01-12 12:32:09,653	INFO log_monitor.py:190 -- Beginning to track file worker-1208ffdad98009aabb3025a747a2b63d937e1e86b1a6726f1e416168-01000000-166946.out
2022-01-12 12:32:09,653	INFO log_monitor.py:190 -- Beginning to track file worker-b6a08bd94fe689da042495ab806a96b033efd7a62364836160209af9-01000000-166953.err
2022-01-12 12:32:09,653	INFO log_monitor.py:190 -- Beginning to track file worker-fe4026e347ac1132964125a41ef5eff6d424677e57b8c94b6e757285-01000000-166948.out
2022-01-12 12:32:09,653	INFO log_monitor.py:190 -- Beginning to track file worker-b6a08bd94fe689da042495ab806a96b033efd7a62364836160209af9-01000000-166953.out
2022-01-12 12:32:09,653	INFO log_monitor.py:190 -- Beginning to track file worker-319e87a6c7b1260e211d1931433104cb456bd45e0aca22fe4c255a19-01000000-166947.err
2022-01-12 12:32:09,653	INFO log_monitor.py:190 -- Beginning to track file worker-c0ffd40a41111e5bd1f1fccb842e038ab8063df5924e67aca2095cfc-01000000-166945.err
2022-01-12 12:32:09,653	INFO log_monitor.py:190 -- Beginning to track file worker-6da59898b07e042fa551821780eee6ef1fc850f24ae3d20ce7d892a9-01000000-166956.err
2022-01-12 12:32:09,653	INFO log_monitor.py:190 -- Beginning to track file worker-37e96d42d56e111d3ccfd779a0e78131816caa06803f47897c7ff813-01000000-166954.out
2022-01-12 12:32:09,653	INFO log_monitor.py:190 -- Beginning to track file worker-a3c8122685a7937f18c89193834e447032bdd0ca7c506c7e4f3d8881-01000000-166949.out
2022-01-12 12:32:09,653	INFO log_monitor.py:190 -- Beginning to track file worker-a3c8122685a7937f18c89193834e447032bdd0ca7c506c7e4f3d8881-01000000-166949.err
2022-01-12 12:32:09,754	INFO log_monitor.py:190 -- Beginning to track file worker-46733da7af74ed25c0252ed8cef0ddd2daa551d00429c6a857f4834c-01000000-166955.out
2022-01-12 12:32:09,754	INFO log_monitor.py:190 -- Beginning to track file worker-46733da7af74ed25c0252ed8cef0ddd2daa551d00429c6a857f4834c-01000000-166955.err
