[2022-01-12 12:32:09,369 I 166947 166947] core_worker.cc:132: Constructing CoreWorkerProcess. pid: 166947
[2022-01-12 12:32:09,448 I 166947 166947] grpc_server.cc:112: worker server started, listening on port 39823.
[2022-01-12 12:32:09,451 I 166947 166947] core_worker.cc:479: Initializing worker at address: 131.215.21.210:39823, worker ID 319e87a6c7b1260e211d1931433104cb456bd45e0aca22fe4c255a19, raylet 09bcb87f501604811c699f98d510f8c03076fc05d848d8a5bebbe3f2
[2022-01-12 12:32:09,561 I 166947 166947] io_service_pool.cc:35: IOServicePool is running with 1 io_service.
[2022-01-12 12:32:09,588 I 166947 167192] accessor.cc:560: Received notification for node id = 09bcb87f501604811c699f98d510f8c03076fc05d848d8a5bebbe3f2, IsAlive = 1
[2022-01-12 12:33:41,463 W 166947 167074] gcs_server_address_updater.cc:61: [1] Failed to get the gcs server address from raylet 1 times in a row. If it keeps failing to obtain the address, the worker might crash. Connection status IOError: 
[2022-01-12 12:33:42,462 I 166947 167192] raylet_client.cc:336: Error reporting task backlog information: IOError: 
[2022-01-12 12:33:42,575 I 166947 167192] raylet_client.cc:336: Error reporting task backlog information: IOError: 
[2022-01-12 12:33:43,575 I 166947 167192] raylet_client.cc:336: Error reporting task backlog information: IOError: 
[2022-01-12 12:33:44,576 I 166947 167192] raylet_client.cc:336: Error reporting task backlog information: IOError: 
[2022-01-12 12:33:45,575 I 166947 167192] raylet_client.cc:336: Error reporting task backlog information: IOError: 
[2022-01-12 12:33:46,576 I 166947 167192] raylet_client.cc:336: Error reporting task backlog information: IOError: 
[2022-01-12 12:33:47,576 I 166947 167192] raylet_client.cc:336: Error reporting task backlog information: IOError: 
[2022-01-12 12:33:48,576 I 166947 167192] raylet_client.cc:336: Error reporting task backlog information: IOError: 
[2022-01-12 12:33:49,576 I 166947 167192] raylet_client.cc:336: Error reporting task backlog information: IOError: 
[2022-01-12 12:33:49,652 W 166947 167193] metric_exporter.cc:206: Export metrics to agent failed: IOError: . This won't affect Ray, but you can lose metrics from the cluster.
[2022-01-12 12:33:50,576 I 166947 167192] raylet_client.cc:336: Error reporting task backlog information: IOError: 
[2022-01-12 12:33:51,576 I 166947 167192] raylet_client.cc:336: Error reporting task backlog information: IOError: 
[2022-01-12 12:33:52,576 I 166947 167192] raylet_client.cc:336: Error reporting task backlog information: IOError: 
[2022-01-12 12:33:53,576 I 166947 167192] raylet_client.cc:336: Error reporting task backlog information: IOError: 
[2022-01-12 12:33:54,576 I 166947 167192] raylet_client.cc:336: Error reporting task backlog information: IOError: 
[2022-01-12 12:33:55,576 I 166947 167192] raylet_client.cc:336: Error reporting task backlog information: IOError: 
[2022-01-12 12:33:56,576 I 166947 167192] raylet_client.cc:336: Error reporting task backlog information: IOError: 
[2022-01-12 12:33:57,576 I 166947 167192] raylet_client.cc:336: Error reporting task backlog information: IOError: 
[2022-01-12 12:33:58,576 I 166947 167192] raylet_client.cc:336: Error reporting task backlog information: IOError: 
[2022-01-12 12:33:59,576 I 166947 167192] raylet_client.cc:336: Error reporting task backlog information: IOError: 
[2022-01-12 12:33:59,659 W 166947 167193] metric_exporter.cc:206: Export metrics to agent failed: IOError: . This won't affect Ray, but you can lose metrics from the cluster.
[2022-01-12 12:34:00,577 I 166947 167192] raylet_client.cc:336: Error reporting task backlog information: IOError: 
[2022-01-12 12:34:01,577 I 166947 167192] raylet_client.cc:336: Error reporting task backlog information: IOError: 
[2022-01-12 12:34:02,577 I 166947 167192] raylet_client.cc:336: Error reporting task backlog information: IOError: 
[2022-01-12 12:34:03,577 I 166947 167192] raylet_client.cc:336: Error reporting task backlog information: IOError: 
[2022-01-12 12:34:04,577 I 166947 167192] raylet_client.cc:336: Error reporting task backlog information: IOError: 
[2022-01-12 12:34:05,577 I 166947 167192] raylet_client.cc:336: Error reporting task backlog information: IOError: 
[2022-01-12 12:34:06,577 I 166947 167192] raylet_client.cc:336: Error reporting task backlog information: IOError: 
[2022-01-12 12:34:07,577 I 166947 167192] raylet_client.cc:336: Error reporting task backlog information: IOError: 
[2022-01-12 12:34:08,577 I 166947 167192] raylet_client.cc:336: Error reporting task backlog information: IOError: 
[2022-01-12 12:34:09,577 I 166947 167192] raylet_client.cc:336: Error reporting task backlog information: IOError: 
[2022-01-12 12:34:09,677 W 166947 167193] metric_exporter.cc:206: Export metrics to agent failed: IOError: . This won't affect Ray, but you can lose metrics from the cluster.
[2022-01-12 12:34:10,577 I 166947 167192] raylet_client.cc:336: Error reporting task backlog information: IOError: 
[2022-01-12 12:34:11,578 I 166947 167192] raylet_client.cc:336: Error reporting task backlog information: IOError: 
[2022-01-12 12:34:12,578 I 166947 167192] raylet_client.cc:336: Error reporting task backlog information: IOError: 
[2022-01-12 12:34:13,578 I 166947 167192] raylet_client.cc:336: Error reporting task backlog information: IOError: 
[2022-01-12 12:34:14,578 I 166947 167192] raylet_client.cc:336: Error reporting task backlog information: IOError: 
[2022-01-12 12:34:15,578 I 166947 167192] raylet_client.cc:336: Error reporting task backlog information: IOError: 
[2022-01-12 12:34:16,578 I 166947 167192] raylet_client.cc:336: Error reporting task backlog information: IOError: 
[2022-01-12 12:34:17,578 I 166947 167192] raylet_client.cc:336: Error reporting task backlog information: IOError: 
[2022-01-12 12:34:18,578 I 166947 167192] raylet_client.cc:336: Error reporting task backlog information: IOError: 
[2022-01-12 12:34:19,579 I 166947 167192] raylet_client.cc:336: Error reporting task backlog information: IOError: 
[2022-01-12 12:34:19,693 W 166947 167193] metric_exporter.cc:206: Export metrics to agent failed: IOError: . This won't affect Ray, but you can lose metrics from the cluster.
[2022-01-12 12:34:20,579 I 166947 167192] raylet_client.cc:336: Error reporting task backlog information: IOError: 
[2022-01-12 12:34:21,579 I 166947 167192] raylet_client.cc:336: Error reporting task backlog information: IOError: 
[2022-01-12 12:34:22,579 I 166947 167192] raylet_client.cc:336: Error reporting task backlog information: IOError: 
[2022-01-12 12:34:23,579 I 166947 167192] raylet_client.cc:336: Error reporting task backlog information: IOError: 
[2022-01-12 12:34:24,579 I 166947 167192] raylet_client.cc:336: Error reporting task backlog information: IOError: 
[2022-01-12 12:34:25,579 I 166947 167192] raylet_client.cc:336: Error reporting task backlog information: IOError: 
[2022-01-12 12:34:26,579 I 166947 167192] raylet_client.cc:336: Error reporting task backlog information: IOError: 
[2022-01-12 12:34:27,580 I 166947 167192] raylet_client.cc:336: Error reporting task backlog information: IOError: 
[2022-01-12 12:34:28,580 I 166947 167192] raylet_client.cc:336: Error reporting task backlog information: IOError: 
[2022-01-12 12:34:29,580 I 166947 167192] raylet_client.cc:336: Error reporting task backlog information: IOError: 
[2022-01-12 12:34:29,702 W 166947 167193] metric_exporter.cc:206: Export metrics to agent failed: IOError: . This won't affect Ray, but you can lose metrics from the cluster.
[2022-01-12 12:34:30,580 I 166947 167192] raylet_client.cc:336: Error reporting task backlog information: IOError: 
[2022-01-12 12:34:31,580 I 166947 167192] raylet_client.cc:336: Error reporting task backlog information: IOError: 
[2022-01-12 12:34:32,580 I 166947 167192] raylet_client.cc:336: Error reporting task backlog information: IOError: 
[2022-01-12 12:34:33,580 I 166947 167192] raylet_client.cc:336: Error reporting task backlog information: IOError: 
[2022-01-12 12:34:34,580 I 166947 167192] raylet_client.cc:336: Error reporting task backlog information: IOError: 
[2022-01-12 12:34:35,580 I 166947 167192] raylet_client.cc:336: Error reporting task backlog information: IOError: 
[2022-01-12 12:34:36,581 I 166947 167192] raylet_client.cc:336: Error reporting task backlog information: IOError: 
[2022-01-12 12:34:37,581 I 166947 167192] raylet_client.cc:336: Error reporting task backlog information: IOError: 
[2022-01-12 12:34:38,582 I 166947 167192] raylet_client.cc:336: Error reporting task backlog information: IOError: 
[2022-01-12 12:34:39,581 I 166947 167192] raylet_client.cc:336: Error reporting task backlog information: IOError: 
[2022-01-12 12:34:39,710 W 166947 167193] metric_exporter.cc:206: Export metrics to agent failed: IOError: . This won't affect Ray, but you can lose metrics from the cluster.
[2022-01-12 12:34:40,581 I 166947 167192] raylet_client.cc:336: Error reporting task backlog information: IOError: 
[2022-01-12 12:34:41,581 I 166947 167192] raylet_client.cc:336: Error reporting task backlog information: IOError: 
[2022-01-12 12:34:42,581 I 166947 167192] raylet_client.cc:336: Error reporting task backlog information: IOError: 
[2022-01-12 12:34:43,582 I 166947 167192] raylet_client.cc:336: Error reporting task backlog information: IOError: 
[2022-01-12 12:34:44,582 I 166947 167192] raylet_client.cc:336: Error reporting task backlog information: IOError: 
[2022-01-12 12:34:45,582 I 166947 167192] raylet_client.cc:336: Error reporting task backlog information: IOError: 
[2022-01-12 12:34:46,582 I 166947 167192] raylet_client.cc:336: Error reporting task backlog information: IOError: 
[2022-01-12 12:34:47,582 I 166947 167192] raylet_client.cc:336: Error reporting task backlog information: IOError: 
[2022-01-12 12:34:48,582 I 166947 167192] raylet_client.cc:336: Error reporting task backlog information: IOError: 
[2022-01-12 12:34:49,582 I 166947 167192] raylet_client.cc:336: Error reporting task backlog information: IOError: 
[2022-01-12 12:34:49,718 W 166947 167193] metric_exporter.cc:206: Export metrics to agent failed: IOError: . This won't affect Ray, but you can lose metrics from the cluster.
[2022-01-12 12:34:50,583 I 166947 167192] raylet_client.cc:336: Error reporting task backlog information: IOError: 
[2022-01-12 12:34:51,583 I 166947 167192] raylet_client.cc:336: Error reporting task backlog information: IOError: 
[2022-01-12 12:34:52,583 I 166947 167192] raylet_client.cc:336: Error reporting task backlog information: IOError: 
[2022-01-12 12:34:53,583 I 166947 167192] raylet_client.cc:336: Error reporting task backlog information: IOError: 
[2022-01-12 12:34:54,583 I 166947 167192] raylet_client.cc:336: Error reporting task backlog information: IOError: 
[2022-01-12 12:34:55,583 I 166947 167192] raylet_client.cc:336: Error reporting task backlog information: IOError: 
[2022-01-12 12:34:56,583 I 166947 167192] raylet_client.cc:336: Error reporting task backlog information: IOError: 
[2022-01-12 12:34:57,584 I 166947 167192] raylet_client.cc:336: Error reporting task backlog information: IOError: 
[2022-01-12 12:34:58,584 I 166947 167192] raylet_client.cc:336: Error reporting task backlog information: IOError: 
[2022-01-12 12:34:59,584 I 166947 167192] raylet_client.cc:336: Error reporting task backlog information: IOError: 
[2022-01-12 12:34:59,731 W 166947 167193] metric_exporter.cc:206: Export metrics to agent failed: IOError: . This won't affect Ray, but you can lose metrics from the cluster.
[2022-01-12 12:35:00,584 I 166947 167192] raylet_client.cc:336: Error reporting task backlog information: IOError: 
[2022-01-12 12:35:01,584 I 166947 167192] raylet_client.cc:336: Error reporting task backlog information: IOError: 
[2022-01-12 12:35:02,584 I 166947 167192] raylet_client.cc:336: Error reporting task backlog information: IOError: 
[2022-01-12 12:35:03,584 I 166947 167192] raylet_client.cc:336: Error reporting task backlog information: IOError: 
[2022-01-12 12:35:04,585 I 166947 167192] raylet_client.cc:336: Error reporting task backlog information: IOError: 
[2022-01-12 12:35:05,585 I 166947 167192] raylet_client.cc:336: Error reporting task backlog information: IOError: 
[2022-01-12 12:35:06,585 I 166947 167192] raylet_client.cc:336: Error reporting task backlog information: IOError: 
[2022-01-12 12:35:07,585 I 166947 167192] raylet_client.cc:336: Error reporting task backlog information: IOError: 
[2022-01-12 12:35:08,585 I 166947 167192] raylet_client.cc:336: Error reporting task backlog information: IOError: 
[2022-01-12 12:35:09,585 I 166947 167192] raylet_client.cc:336: Error reporting task backlog information: IOError: 
[2022-01-12 12:35:09,740 W 166947 167193] metric_exporter.cc:206: Export metrics to agent failed: IOError: . This won't affect Ray, but you can lose metrics from the cluster.
[2022-01-12 12:35:10,585 I 166947 167192] raylet_client.cc:336: Error reporting task backlog information: IOError: 
[2022-01-12 12:35:11,586 I 166947 167192] raylet_client.cc:336: Error reporting task backlog information: IOError: 
[2022-01-12 12:35:12,586 I 166947 167192] raylet_client.cc:336: Error reporting task backlog information: IOError: 
[2022-01-12 12:35:13,586 I 166947 167192] raylet_client.cc:336: Error reporting task backlog information: IOError: 
[2022-01-12 12:35:14,586 I 166947 167192] raylet_client.cc:336: Error reporting task backlog information: IOError: 
[2022-01-12 12:35:15,586 I 166947 167192] raylet_client.cc:336: Error reporting task backlog information: IOError: 
[2022-01-12 12:35:16,587 I 166947 167192] raylet_client.cc:336: Error reporting task backlog information: IOError: 
[2022-01-12 12:35:17,587 I 166947 167192] raylet_client.cc:336: Error reporting task backlog information: IOError: 
[2022-01-12 12:35:18,587 I 166947 167192] raylet_client.cc:336: Error reporting task backlog information: IOError: 
[2022-01-12 12:35:19,587 I 166947 167192] raylet_client.cc:336: Error reporting task backlog information: IOError: 
[2022-01-12 12:35:19,751 W 166947 167193] metric_exporter.cc:206: Export metrics to agent failed: IOError: . This won't affect Ray, but you can lose metrics from the cluster.
[2022-01-12 12:35:20,587 I 166947 167192] raylet_client.cc:336: Error reporting task backlog information: IOError: 
[2022-01-12 12:35:21,587 I 166947 167192] raylet_client.cc:336: Error reporting task backlog information: IOError: 
[2022-01-12 12:35:22,588 I 166947 167192] raylet_client.cc:336: Error reporting task backlog information: IOError: 
[2022-01-12 12:35:23,588 I 166947 167192] raylet_client.cc:336: Error reporting task backlog information: IOError: 
[2022-01-12 12:35:24,588 I 166947 167192] raylet_client.cc:336: Error reporting task backlog information: IOError: 
[2022-01-12 12:35:25,588 I 166947 167192] raylet_client.cc:336: Error reporting task backlog information: IOError: 
[2022-01-12 12:35:26,588 I 166947 167192] raylet_client.cc:336: Error reporting task backlog information: IOError: 
[2022-01-12 12:35:27,588 I 166947 167192] raylet_client.cc:336: Error reporting task backlog information: IOError: 
[2022-01-12 12:35:28,588 I 166947 167192] raylet_client.cc:336: Error reporting task backlog information: IOError: 
[2022-01-12 12:35:29,588 I 166947 167192] raylet_client.cc:336: Error reporting task backlog information: IOError: 
[2022-01-12 12:35:29,763 W 166947 167193] metric_exporter.cc:206: Export metrics to agent failed: IOError: . This won't affect Ray, but you can lose metrics from the cluster.
[2022-01-12 12:35:30,588 I 166947 167192] raylet_client.cc:336: Error reporting task backlog information: IOError: 
[2022-01-12 12:35:31,588 I 166947 167192] raylet_client.cc:336: Error reporting task backlog information: IOError: 
[2022-01-12 12:35:32,589 I 166947 167192] raylet_client.cc:336: Error reporting task backlog information: IOError: 
[2022-01-12 12:35:33,589 I 166947 167192] raylet_client.cc:336: Error reporting task backlog information: IOError: 
[2022-01-12 12:35:34,589 I 166947 167192] raylet_client.cc:336: Error reporting task backlog information: IOError: 
[2022-01-12 12:35:35,589 I 166947 167192] raylet_client.cc:336: Error reporting task backlog information: IOError: 
[2022-01-12 12:35:36,590 I 166947 167192] raylet_client.cc:336: Error reporting task backlog information: IOError: 
[2022-01-12 12:35:37,590 I 166947 167192] raylet_client.cc:336: Error reporting task backlog information: IOError: 
[2022-01-12 12:35:38,590 I 166947 167192] raylet_client.cc:336: Error reporting task backlog information: IOError: 
[2022-01-12 12:35:39,591 I 166947 167192] raylet_client.cc:336: Error reporting task backlog information: IOError: 
[2022-01-12 12:35:39,773 W 166947 167193] metric_exporter.cc:206: Export metrics to agent failed: IOError: . This won't affect Ray, but you can lose metrics from the cluster.
[2022-01-12 12:35:40,591 I 166947 167192] raylet_client.cc:336: Error reporting task backlog information: IOError: 
[2022-01-12 12:35:41,591 I 166947 167192] raylet_client.cc:336: Error reporting task backlog information: IOError: 
[2022-01-12 12:35:42,591 I 166947 167192] raylet_client.cc:336: Error reporting task backlog information: IOError: 
[2022-01-12 12:35:43,591 I 166947 167192] raylet_client.cc:336: Error reporting task backlog information: IOError: 
[2022-01-12 12:35:44,591 I 166947 167192] raylet_client.cc:336: Error reporting task backlog information: IOError: 
[2022-01-12 12:35:45,591 I 166947 167192] raylet_client.cc:336: Error reporting task backlog information: IOError: 
[2022-01-12 12:35:46,591 I 166947 167192] raylet_client.cc:336: Error reporting task backlog information: IOError: 
[2022-01-12 12:35:47,592 I 166947 167192] raylet_client.cc:336: Error reporting task backlog information: IOError: 
[2022-01-12 12:35:48,592 I 166947 167192] raylet_client.cc:336: Error reporting task backlog information: IOError: 
[2022-01-12 12:35:49,592 I 166947 167192] raylet_client.cc:336: Error reporting task backlog information: IOError: 
[2022-01-12 12:35:49,798 W 166947 167193] metric_exporter.cc:206: Export metrics to agent failed: IOError: . This won't affect Ray, but you can lose metrics from the cluster.
[2022-01-12 12:35:50,592 I 166947 167192] raylet_client.cc:336: Error reporting task backlog information: IOError: 
[2022-01-12 12:35:51,592 I 166947 167192] raylet_client.cc:336: Error reporting task backlog information: IOError: 
[2022-01-12 12:35:52,592 I 166947 167192] raylet_client.cc:336: Error reporting task backlog information: IOError: 
[2022-01-12 12:35:53,592 I 166947 167192] raylet_client.cc:336: Error reporting task backlog information: IOError: 
