[2022-01-12 12:32:09,466 I 166945 166945] core_worker.cc:132: Constructing CoreWorkerProcess. pid: 166945
[2022-01-12 12:32:09,480 I 166945 166945] grpc_server.cc:112: worker server started, listening on port 36753.
[2022-01-12 12:32:09,484 I 166945 166945] core_worker.cc:479: Initializing worker at address: 131.215.21.210:36753, worker ID c0ffd40a41111e5bd1f1fccb842e038ab8063df5924e67aca2095cfc, raylet 09bcb87f501604811c699f98d510f8c03076fc05d848d8a5bebbe3f2
[2022-01-12 12:32:09,593 I 166945 166945] io_service_pool.cc:35: IOServicePool is running with 1 io_service.
[2022-01-12 12:32:09,612 I 166945 167251] accessor.cc:560: Received notification for node id = 09bcb87f501604811c699f98d510f8c03076fc05d848d8a5bebbe3f2, IsAlive = 1
[2022-01-12 12:33:41,505 W 166945 167154] gcs_server_address_updater.cc:61: [1] Failed to get the gcs server address from raylet 1 times in a row. If it keeps failing to obtain the address, the worker might crash. Connection status IOError: 
[2022-01-12 12:33:42,505 I 166945 167251] raylet_client.cc:336: Error reporting task backlog information: IOError: 
[2022-01-12 12:33:42,608 I 166945 167251] raylet_client.cc:336: Error reporting task backlog information: IOError: 
[2022-01-12 12:33:43,608 I 166945 167251] raylet_client.cc:336: Error reporting task backlog information: IOError: 
[2022-01-12 12:33:44,608 I 166945 167251] raylet_client.cc:336: Error reporting task backlog information: IOError: 
[2022-01-12 12:33:45,608 I 166945 167251] raylet_client.cc:336: Error reporting task backlog information: IOError: 
[2022-01-12 12:33:46,609 I 166945 167251] raylet_client.cc:336: Error reporting task backlog information: IOError: 
[2022-01-12 12:33:47,609 I 166945 167251] raylet_client.cc:336: Error reporting task backlog information: IOError: 
[2022-01-12 12:33:48,609 I 166945 167251] raylet_client.cc:336: Error reporting task backlog information: IOError: 
[2022-01-12 12:33:49,609 I 166945 167251] raylet_client.cc:336: Error reporting task backlog information: IOError: 
[2022-01-12 12:33:49,732 W 166945 167252] metric_exporter.cc:206: Export metrics to agent failed: IOError: . This won't affect Ray, but you can lose metrics from the cluster.
[2022-01-12 12:33:50,609 I 166945 167251] raylet_client.cc:336: Error reporting task backlog information: IOError: 
[2022-01-12 12:33:51,609 I 166945 167251] raylet_client.cc:336: Error reporting task backlog information: IOError: 
[2022-01-12 12:33:52,609 I 166945 167251] raylet_client.cc:336: Error reporting task backlog information: IOError: 
[2022-01-12 12:33:53,609 I 166945 167251] raylet_client.cc:336: Error reporting task backlog information: IOError: 
[2022-01-12 12:33:54,609 I 166945 167251] raylet_client.cc:336: Error reporting task backlog information: IOError: 
[2022-01-12 12:33:55,609 I 166945 167251] raylet_client.cc:336: Error reporting task backlog information: IOError: 
[2022-01-12 12:33:56,609 I 166945 167251] raylet_client.cc:336: Error reporting task backlog information: IOError: 
[2022-01-12 12:33:57,609 I 166945 167251] raylet_client.cc:336: Error reporting task backlog information: IOError: 
[2022-01-12 12:33:58,609 I 166945 167251] raylet_client.cc:336: Error reporting task backlog information: IOError: 
[2022-01-12 12:33:59,610 I 166945 167251] raylet_client.cc:336: Error reporting task backlog information: IOError: 
[2022-01-12 12:33:59,739 W 166945 167252] metric_exporter.cc:206: Export metrics to agent failed: IOError: . This won't affect Ray, but you can lose metrics from the cluster.
[2022-01-12 12:34:00,610 I 166945 167251] raylet_client.cc:336: Error reporting task backlog information: IOError: 
[2022-01-12 12:34:01,610 I 166945 167251] raylet_client.cc:336: Error reporting task backlog information: IOError: 
[2022-01-12 12:34:02,610 I 166945 167251] raylet_client.cc:336: Error reporting task backlog information: IOError: 
[2022-01-12 12:34:03,610 I 166945 167251] raylet_client.cc:336: Error reporting task backlog information: IOError: 
[2022-01-12 12:34:04,610 I 166945 167251] raylet_client.cc:336: Error reporting task backlog information: IOError: 
[2022-01-12 12:34:05,610 I 166945 167251] raylet_client.cc:336: Error reporting task backlog information: IOError: 
[2022-01-12 12:34:06,610 I 166945 167251] raylet_client.cc:336: Error reporting task backlog information: IOError: 
[2022-01-12 12:34:07,610 I 166945 167251] raylet_client.cc:336: Error reporting task backlog information: IOError: 
[2022-01-12 12:34:08,610 I 166945 167251] raylet_client.cc:336: Error reporting task backlog information: IOError: 
[2022-01-12 12:34:09,611 I 166945 167251] raylet_client.cc:336: Error reporting task backlog information: IOError: 
[2022-01-12 12:34:09,750 W 166945 167252] metric_exporter.cc:206: Export metrics to agent failed: IOError: . This won't affect Ray, but you can lose metrics from the cluster.
[2022-01-12 12:34:10,611 I 166945 167251] raylet_client.cc:336: Error reporting task backlog information: IOError: 
[2022-01-12 12:34:11,611 I 166945 167251] raylet_client.cc:336: Error reporting task backlog information: IOError: 
[2022-01-12 12:34:12,611 I 166945 167251] raylet_client.cc:336: Error reporting task backlog information: IOError: 
[2022-01-12 12:34:13,611 I 166945 167251] raylet_client.cc:336: Error reporting task backlog information: IOError: 
[2022-01-12 12:34:14,611 I 166945 167251] raylet_client.cc:336: Error reporting task backlog information: IOError: 
[2022-01-12 12:34:15,611 I 166945 167251] raylet_client.cc:336: Error reporting task backlog information: IOError: 
[2022-01-12 12:34:16,611 I 166945 167251] raylet_client.cc:336: Error reporting task backlog information: IOError: 
[2022-01-12 12:34:17,612 I 166945 167251] raylet_client.cc:336: Error reporting task backlog information: IOError: 
[2022-01-12 12:34:18,612 I 166945 167251] raylet_client.cc:336: Error reporting task backlog information: IOError: 
[2022-01-12 12:34:19,612 I 166945 167251] raylet_client.cc:336: Error reporting task backlog information: IOError: 
[2022-01-12 12:34:19,771 W 166945 167252] metric_exporter.cc:206: Export metrics to agent failed: IOError: . This won't affect Ray, but you can lose metrics from the cluster.
[2022-01-12 12:34:20,612 I 166945 167251] raylet_client.cc:336: Error reporting task backlog information: IOError: 
[2022-01-12 12:34:21,612 I 166945 167251] raylet_client.cc:336: Error reporting task backlog information: IOError: 
[2022-01-12 12:34:22,612 I 166945 167251] raylet_client.cc:336: Error reporting task backlog information: IOError: 
[2022-01-12 12:34:23,612 I 166945 167251] raylet_client.cc:336: Error reporting task backlog information: IOError: 
[2022-01-12 12:34:24,612 I 166945 167251] raylet_client.cc:336: Error reporting task backlog information: IOError: 
[2022-01-12 12:34:25,613 I 166945 167251] raylet_client.cc:336: Error reporting task backlog information: IOError: 
[2022-01-12 12:34:26,613 I 166945 167251] raylet_client.cc:336: Error reporting task backlog information: IOError: 
[2022-01-12 12:34:27,613 I 166945 167251] raylet_client.cc:336: Error reporting task backlog information: IOError: 
[2022-01-12 12:34:28,613 I 166945 167251] raylet_client.cc:336: Error reporting task backlog information: IOError: 
[2022-01-12 12:34:29,613 I 166945 167251] raylet_client.cc:336: Error reporting task backlog information: IOError: 
[2022-01-12 12:34:29,784 W 166945 167252] metric_exporter.cc:206: Export metrics to agent failed: IOError: . This won't affect Ray, but you can lose metrics from the cluster.
[2022-01-12 12:34:30,614 I 166945 167251] raylet_client.cc:336: Error reporting task backlog information: IOError: 
[2022-01-12 12:34:31,613 I 166945 167251] raylet_client.cc:336: Error reporting task backlog information: IOError: 
[2022-01-12 12:34:32,614 I 166945 167251] raylet_client.cc:336: Error reporting task backlog information: IOError: 
[2022-01-12 12:34:33,614 I 166945 167251] raylet_client.cc:336: Error reporting task backlog information: IOError: 
[2022-01-12 12:34:34,614 I 166945 167251] raylet_client.cc:336: Error reporting task backlog information: IOError: 
[2022-01-12 12:34:35,614 I 166945 167251] raylet_client.cc:336: Error reporting task backlog information: IOError: 
[2022-01-12 12:34:36,614 I 166945 167251] raylet_client.cc:336: Error reporting task backlog information: IOError: 
[2022-01-12 12:34:37,615 I 166945 167251] raylet_client.cc:336: Error reporting task backlog information: IOError: 
[2022-01-12 12:34:38,615 I 166945 167251] raylet_client.cc:336: Error reporting task backlog information: IOError: 
[2022-01-12 12:34:39,615 I 166945 167251] raylet_client.cc:336: Error reporting task backlog information: IOError: 
[2022-01-12 12:34:39,800 W 166945 167252] metric_exporter.cc:206: Export metrics to agent failed: IOError: . This won't affect Ray, but you can lose metrics from the cluster.
[2022-01-12 12:34:40,615 I 166945 167251] raylet_client.cc:336: Error reporting task backlog information: IOError: 
[2022-01-12 12:34:41,616 I 166945 167251] raylet_client.cc:336: Error reporting task backlog information: IOError: 
[2022-01-12 12:34:42,616 I 166945 167251] raylet_client.cc:336: Error reporting task backlog information: IOError: 
[2022-01-12 12:34:43,616 I 166945 167251] raylet_client.cc:336: Error reporting task backlog information: IOError: 
[2022-01-12 12:34:44,616 I 166945 167251] raylet_client.cc:336: Error reporting task backlog information: IOError: 
[2022-01-12 12:34:45,616 I 166945 167251] raylet_client.cc:336: Error reporting task backlog information: IOError: 
[2022-01-12 12:34:46,619 I 166945 167251] raylet_client.cc:336: Error reporting task backlog information: IOError: 
[2022-01-12 12:34:47,618 I 166945 167251] raylet_client.cc:336: Error reporting task backlog information: IOError: 
[2022-01-12 12:34:48,618 I 166945 167251] raylet_client.cc:336: Error reporting task backlog information: IOError: 
[2022-01-12 12:34:49,618 I 166945 167251] raylet_client.cc:336: Error reporting task backlog information: IOError: 
[2022-01-12 12:34:49,810 W 166945 167252] metric_exporter.cc:206: Export metrics to agent failed: IOError: . This won't affect Ray, but you can lose metrics from the cluster.
[2022-01-12 12:34:50,618 I 166945 167251] raylet_client.cc:336: Error reporting task backlog information: IOError: 
[2022-01-12 12:34:51,618 I 166945 167251] raylet_client.cc:336: Error reporting task backlog information: IOError: 
[2022-01-12 12:34:52,618 I 166945 167251] raylet_client.cc:336: Error reporting task backlog information: IOError: 
[2022-01-12 12:34:53,618 I 166945 167251] raylet_client.cc:336: Error reporting task backlog information: IOError: 
[2022-01-12 12:34:54,619 I 166945 167251] raylet_client.cc:336: Error reporting task backlog information: IOError: 
[2022-01-12 12:34:55,619 I 166945 167251] raylet_client.cc:336: Error reporting task backlog information: IOError: 
[2022-01-12 12:34:56,619 I 166945 167251] raylet_client.cc:336: Error reporting task backlog information: IOError: 
[2022-01-12 12:34:57,619 I 166945 167251] raylet_client.cc:336: Error reporting task backlog information: IOError: 
[2022-01-12 12:34:58,619 I 166945 167251] raylet_client.cc:336: Error reporting task backlog information: IOError: 
[2022-01-12 12:34:59,619 I 166945 167251] raylet_client.cc:336: Error reporting task backlog information: IOError: 
[2022-01-12 12:34:59,818 W 166945 167252] metric_exporter.cc:206: Export metrics to agent failed: IOError: . This won't affect Ray, but you can lose metrics from the cluster.
[2022-01-12 12:35:00,619 I 166945 167251] raylet_client.cc:336: Error reporting task backlog information: IOError: 
[2022-01-12 12:35:01,620 I 166945 167251] raylet_client.cc:336: Error reporting task backlog information: IOError: 
[2022-01-12 12:35:02,620 I 166945 167251] raylet_client.cc:336: Error reporting task backlog information: IOError: 
[2022-01-12 12:35:03,620 I 166945 167251] raylet_client.cc:336: Error reporting task backlog information: IOError: 
[2022-01-12 12:35:04,620 I 166945 167251] raylet_client.cc:336: Error reporting task backlog information: IOError: 
[2022-01-12 12:35:05,620 I 166945 167251] raylet_client.cc:336: Error reporting task backlog information: IOError: 
[2022-01-12 12:35:06,620 I 166945 167251] raylet_client.cc:336: Error reporting task backlog information: IOError: 
[2022-01-12 12:35:07,621 I 166945 167251] raylet_client.cc:336: Error reporting task backlog information: IOError: 
[2022-01-12 12:35:08,621 I 166945 167251] raylet_client.cc:336: Error reporting task backlog information: IOError: 
[2022-01-12 12:35:09,621 I 166945 167251] raylet_client.cc:336: Error reporting task backlog information: IOError: 
[2022-01-12 12:35:09,829 W 166945 167252] metric_exporter.cc:206: Export metrics to agent failed: IOError: . This won't affect Ray, but you can lose metrics from the cluster.
[2022-01-12 12:35:10,621 I 166945 167251] raylet_client.cc:336: Error reporting task backlog information: IOError: 
[2022-01-12 12:35:11,621 I 166945 167251] raylet_client.cc:336: Error reporting task backlog information: IOError: 
[2022-01-12 12:35:12,621 I 166945 167251] raylet_client.cc:336: Error reporting task backlog information: IOError: 
[2022-01-12 12:35:13,622 I 166945 167251] raylet_client.cc:336: Error reporting task backlog information: IOError: 
[2022-01-12 12:35:14,622 I 166945 167251] raylet_client.cc:336: Error reporting task backlog information: IOError: 
[2022-01-12 12:35:15,622 I 166945 167251] raylet_client.cc:336: Error reporting task backlog information: IOError: 
[2022-01-12 12:35:16,623 I 166945 167251] raylet_client.cc:336: Error reporting task backlog information: IOError: 
[2022-01-12 12:35:17,622 I 166945 167251] raylet_client.cc:336: Error reporting task backlog information: IOError: 
[2022-01-12 12:35:18,622 I 166945 167251] raylet_client.cc:336: Error reporting task backlog information: IOError: 
[2022-01-12 12:35:19,623 I 166945 167251] raylet_client.cc:336: Error reporting task backlog information: IOError: 
[2022-01-12 12:35:19,838 W 166945 167252] metric_exporter.cc:206: Export metrics to agent failed: IOError: . This won't affect Ray, but you can lose metrics from the cluster.
[2022-01-12 12:35:20,623 I 166945 167251] raylet_client.cc:336: Error reporting task backlog information: IOError: 
[2022-01-12 12:35:21,623 I 166945 167251] raylet_client.cc:336: Error reporting task backlog information: IOError: 
[2022-01-12 12:35:22,623 I 166945 167251] raylet_client.cc:336: Error reporting task backlog information: IOError: 
[2022-01-12 12:35:23,623 I 166945 167251] raylet_client.cc:336: Error reporting task backlog information: IOError: 
[2022-01-12 12:35:24,623 I 166945 167251] raylet_client.cc:336: Error reporting task backlog information: IOError: 
[2022-01-12 12:35:25,623 I 166945 167251] raylet_client.cc:336: Error reporting task backlog information: IOError: 
[2022-01-12 12:35:26,623 I 166945 167251] raylet_client.cc:336: Error reporting task backlog information: IOError: 
[2022-01-12 12:35:27,623 I 166945 167251] raylet_client.cc:336: Error reporting task backlog information: IOError: 
[2022-01-12 12:35:28,624 I 166945 167251] raylet_client.cc:336: Error reporting task backlog information: IOError: 
[2022-01-12 12:35:29,624 I 166945 167251] raylet_client.cc:336: Error reporting task backlog information: IOError: 
[2022-01-12 12:35:29,852 W 166945 167252] metric_exporter.cc:206: Export metrics to agent failed: IOError: . This won't affect Ray, but you can lose metrics from the cluster.
[2022-01-12 12:35:30,624 I 166945 167251] raylet_client.cc:336: Error reporting task backlog information: IOError: 
[2022-01-12 12:35:31,624 I 166945 167251] raylet_client.cc:336: Error reporting task backlog information: IOError: 
[2022-01-12 12:35:32,624 I 166945 167251] raylet_client.cc:336: Error reporting task backlog information: IOError: 
[2022-01-12 12:35:33,624 I 166945 167251] raylet_client.cc:336: Error reporting task backlog information: IOError: 
[2022-01-12 12:35:34,624 I 166945 167251] raylet_client.cc:336: Error reporting task backlog information: IOError: 
[2022-01-12 12:35:35,624 I 166945 167251] raylet_client.cc:336: Error reporting task backlog information: IOError: 
[2022-01-12 12:35:36,624 I 166945 167251] raylet_client.cc:336: Error reporting task backlog information: IOError: 
[2022-01-12 12:35:37,625 I 166945 167251] raylet_client.cc:336: Error reporting task backlog information: IOError: 
[2022-01-12 12:35:38,625 I 166945 167251] raylet_client.cc:336: Error reporting task backlog information: IOError: 
[2022-01-12 12:35:39,625 I 166945 167251] raylet_client.cc:336: Error reporting task backlog information: IOError: 
[2022-01-12 12:35:39,874 W 166945 167252] metric_exporter.cc:206: Export metrics to agent failed: IOError: . This won't affect Ray, but you can lose metrics from the cluster.
[2022-01-12 12:35:40,625 I 166945 167251] raylet_client.cc:336: Error reporting task backlog information: IOError: 
[2022-01-12 12:35:41,625 I 166945 167251] raylet_client.cc:336: Error reporting task backlog information: IOError: 
[2022-01-12 12:35:42,625 I 166945 167251] raylet_client.cc:336: Error reporting task backlog information: IOError: 
[2022-01-12 12:35:43,625 I 166945 167251] raylet_client.cc:336: Error reporting task backlog information: IOError: 
[2022-01-12 12:35:44,625 I 166945 167251] raylet_client.cc:336: Error reporting task backlog information: IOError: 
[2022-01-12 12:35:45,626 I 166945 167251] raylet_client.cc:336: Error reporting task backlog information: IOError: 
[2022-01-12 12:35:46,626 I 166945 167251] raylet_client.cc:336: Error reporting task backlog information: IOError: 
[2022-01-12 12:35:47,626 I 166945 167251] raylet_client.cc:336: Error reporting task backlog information: IOError: 
[2022-01-12 12:35:48,626 I 166945 167251] raylet_client.cc:336: Error reporting task backlog information: IOError: 
[2022-01-12 12:35:49,629 I 166945 167251] raylet_client.cc:336: Error reporting task backlog information: IOError: 
[2022-01-12 12:35:49,889 W 166945 167252] metric_exporter.cc:206: Export metrics to agent failed: IOError: . This won't affect Ray, but you can lose metrics from the cluster.
[2022-01-12 12:35:50,629 I 166945 167251] raylet_client.cc:336: Error reporting task backlog information: IOError: 
[2022-01-12 12:35:51,629 I 166945 167251] raylet_client.cc:336: Error reporting task backlog information: IOError: 
[2022-01-12 12:35:52,629 I 166945 167251] raylet_client.cc:336: Error reporting task backlog information: IOError: 
[2022-01-12 12:35:53,629 I 166945 167251] raylet_client.cc:336: Error reporting task backlog information: IOError: 
