[2022-01-12 12:26:15,063 I 165337 165337] core_worker.cc:132: Constructing CoreWorkerProcess. pid: 165337
[2022-01-12 12:26:15,068 I 165337 165337] grpc_server.cc:112: worker server started, listening on port 39905.
[2022-01-12 12:26:15,072 I 165337 165337] core_worker.cc:479: Initializing worker at address: 131.215.21.210:39905, worker ID 36da1c174ce9b751ae5a65d2dc63d7cb7f14a599b8507af29eef4c2a, raylet 032e92ab54e8bb63bee324991edccfaab1c1429401edfa0c09bb71ce
[2022-01-12 12:26:15,220 I 165337 165337] io_service_pool.cc:35: IOServicePool is running with 1 io_service.
[2022-01-12 12:26:15,268 I 165337 165606] accessor.cc:560: Received notification for node id = 032e92ab54e8bb63bee324991edccfaab1c1429401edfa0c09bb71ce, IsAlive = 1
[2022-01-12 12:28:04,084 W 165337 165433] gcs_server_address_updater.cc:61: [1] Failed to get the gcs server address from raylet 1 times in a row. If it keeps failing to obtain the address, the worker might crash. Connection status IOError: 
[2022-01-12 12:28:05,084 I 165337 165606] raylet_client.cc:336: Error reporting task backlog information: IOError: 
[2022-01-12 12:28:05,233 I 165337 165606] raylet_client.cc:336: Error reporting task backlog information: IOError: 
[2022-01-12 12:28:05,355 W 165337 165607] metric_exporter.cc:206: Export metrics to agent failed: IOError: . This won't affect Ray, but you can lose metrics from the cluster.
[2022-01-12 12:28:06,234 I 165337 165606] raylet_client.cc:336: Error reporting task backlog information: IOError: 
[2022-01-12 12:28:07,234 I 165337 165606] raylet_client.cc:336: Error reporting task backlog information: IOError: 
[2022-01-12 12:28:08,234 I 165337 165606] raylet_client.cc:336: Error reporting task backlog information: IOError: 
[2022-01-12 12:28:09,234 I 165337 165606] raylet_client.cc:336: Error reporting task backlog information: IOError: 
[2022-01-12 12:28:10,234 I 165337 165606] raylet_client.cc:336: Error reporting task backlog information: IOError: 
[2022-01-12 12:28:11,235 I 165337 165606] raylet_client.cc:336: Error reporting task backlog information: IOError: 
[2022-01-12 12:28:12,235 I 165337 165606] raylet_client.cc:336: Error reporting task backlog information: IOError: 
[2022-01-12 12:28:13,235 I 165337 165606] raylet_client.cc:336: Error reporting task backlog information: IOError: 
[2022-01-12 12:28:14,235 I 165337 165606] raylet_client.cc:336: Error reporting task backlog information: IOError: 
[2022-01-12 12:28:15,235 I 165337 165606] raylet_client.cc:336: Error reporting task backlog information: IOError: 
[2022-01-12 12:28:15,327 W 165337 165607] metric_exporter.cc:206: Export metrics to agent failed: IOError: . This won't affect Ray, but you can lose metrics from the cluster.
[2022-01-12 12:28:16,236 I 165337 165606] raylet_client.cc:336: Error reporting task backlog information: IOError: 
[2022-01-12 12:28:17,236 I 165337 165606] raylet_client.cc:336: Error reporting task backlog information: IOError: 
[2022-01-12 12:28:18,236 I 165337 165606] raylet_client.cc:336: Error reporting task backlog information: IOError: 
[2022-01-12 12:28:19,236 I 165337 165606] raylet_client.cc:336: Error reporting task backlog information: IOError: 
[2022-01-12 12:28:20,236 I 165337 165606] raylet_client.cc:336: Error reporting task backlog information: IOError: 
[2022-01-12 12:28:21,236 I 165337 165606] raylet_client.cc:336: Error reporting task backlog information: IOError: 
[2022-01-12 12:28:22,237 I 165337 165606] raylet_client.cc:336: Error reporting task backlog information: IOError: 
[2022-01-12 12:28:23,237 I 165337 165606] raylet_client.cc:336: Error reporting task backlog information: IOError: 
[2022-01-12 12:28:24,237 I 165337 165606] raylet_client.cc:336: Error reporting task backlog information: IOError: 
[2022-01-12 12:28:25,237 I 165337 165606] raylet_client.cc:336: Error reporting task backlog information: IOError: 
[2022-01-12 12:28:25,340 W 165337 165607] metric_exporter.cc:206: Export metrics to agent failed: IOError: . This won't affect Ray, but you can lose metrics from the cluster.
[2022-01-12 12:28:26,237 I 165337 165606] raylet_client.cc:336: Error reporting task backlog information: IOError: 
[2022-01-12 12:28:27,237 I 165337 165606] raylet_client.cc:336: Error reporting task backlog information: IOError: 
[2022-01-12 12:28:28,237 I 165337 165606] raylet_client.cc:336: Error reporting task backlog information: IOError: 
[2022-01-12 12:28:29,238 I 165337 165606] raylet_client.cc:336: Error reporting task backlog information: IOError: 
[2022-01-12 12:28:30,238 I 165337 165606] raylet_client.cc:336: Error reporting task backlog information: IOError: 
[2022-01-12 12:28:31,238 I 165337 165606] raylet_client.cc:336: Error reporting task backlog information: IOError: 
[2022-01-12 12:28:32,238 I 165337 165606] raylet_client.cc:336: Error reporting task backlog information: IOError: 
[2022-01-12 12:28:33,238 I 165337 165606] raylet_client.cc:336: Error reporting task backlog information: IOError: 
[2022-01-12 12:28:34,239 I 165337 165606] raylet_client.cc:336: Error reporting task backlog information: IOError: 
[2022-01-12 12:28:35,239 I 165337 165606] raylet_client.cc:336: Error reporting task backlog information: IOError: 
[2022-01-12 12:28:35,352 W 165337 165607] metric_exporter.cc:206: Export metrics to agent failed: IOError: . This won't affect Ray, but you can lose metrics from the cluster.
[2022-01-12 12:28:36,239 I 165337 165606] raylet_client.cc:336: Error reporting task backlog information: IOError: 
[2022-01-12 12:28:37,239 I 165337 165606] raylet_client.cc:336: Error reporting task backlog information: IOError: 
[2022-01-12 12:28:38,240 I 165337 165606] raylet_client.cc:336: Error reporting task backlog information: IOError: 
[2022-01-12 12:28:39,240 I 165337 165606] raylet_client.cc:336: Error reporting task backlog information: IOError: 
[2022-01-12 12:28:40,240 I 165337 165606] raylet_client.cc:336: Error reporting task backlog information: IOError: 
[2022-01-12 12:28:41,240 I 165337 165606] raylet_client.cc:336: Error reporting task backlog information: IOError: 
[2022-01-12 12:28:42,240 I 165337 165606] raylet_client.cc:336: Error reporting task backlog information: IOError: 
[2022-01-12 12:28:43,240 I 165337 165606] raylet_client.cc:336: Error reporting task backlog information: IOError: 
[2022-01-12 12:28:44,241 I 165337 165606] raylet_client.cc:336: Error reporting task backlog information: IOError: 
[2022-01-12 12:28:45,241 I 165337 165606] raylet_client.cc:336: Error reporting task backlog information: IOError: 
[2022-01-12 12:28:45,365 W 165337 165607] metric_exporter.cc:206: Export metrics to agent failed: IOError: . This won't affect Ray, but you can lose metrics from the cluster.
[2022-01-12 12:28:46,241 I 165337 165606] raylet_client.cc:336: Error reporting task backlog information: IOError: 
[2022-01-12 12:28:47,241 I 165337 165606] raylet_client.cc:336: Error reporting task backlog information: IOError: 
[2022-01-12 12:28:48,242 I 165337 165606] raylet_client.cc:336: Error reporting task backlog information: IOError: 
[2022-01-12 12:28:49,242 I 165337 165606] raylet_client.cc:336: Error reporting task backlog information: IOError: 
[2022-01-12 12:28:50,242 I 165337 165606] raylet_client.cc:336: Error reporting task backlog information: IOError: 
[2022-01-12 12:28:51,242 I 165337 165606] raylet_client.cc:336: Error reporting task backlog information: IOError: 
[2022-01-12 12:28:52,242 I 165337 165606] raylet_client.cc:336: Error reporting task backlog information: IOError: 
[2022-01-12 12:28:53,242 I 165337 165606] raylet_client.cc:336: Error reporting task backlog information: IOError: 
[2022-01-12 12:28:54,243 I 165337 165606] raylet_client.cc:336: Error reporting task backlog information: IOError: 
[2022-01-12 12:28:55,243 I 165337 165606] raylet_client.cc:336: Error reporting task backlog information: IOError: 
[2022-01-12 12:28:55,378 W 165337 165607] metric_exporter.cc:206: Export metrics to agent failed: IOError: . This won't affect Ray, but you can lose metrics from the cluster.
[2022-01-12 12:28:56,243 I 165337 165606] raylet_client.cc:336: Error reporting task backlog information: IOError: 
[2022-01-12 12:28:57,243 I 165337 165606] raylet_client.cc:336: Error reporting task backlog information: IOError: 
[2022-01-12 12:28:58,243 I 165337 165606] raylet_client.cc:336: Error reporting task backlog information: IOError: 
[2022-01-12 12:28:59,244 I 165337 165606] raylet_client.cc:336: Error reporting task backlog information: IOError: 
[2022-01-12 12:29:00,244 I 165337 165606] raylet_client.cc:336: Error reporting task backlog information: IOError: 
[2022-01-12 12:29:01,244 I 165337 165606] raylet_client.cc:336: Error reporting task backlog information: IOError: 
[2022-01-12 12:29:02,244 I 165337 165606] raylet_client.cc:336: Error reporting task backlog information: IOError: 
[2022-01-12 12:29:03,244 I 165337 165606] raylet_client.cc:336: Error reporting task backlog information: IOError: 
[2022-01-12 12:29:04,245 I 165337 165606] raylet_client.cc:336: Error reporting task backlog information: IOError: 
[2022-01-12 12:29:05,245 I 165337 165606] raylet_client.cc:336: Error reporting task backlog information: IOError: 
[2022-01-12 12:29:05,393 W 165337 165607] metric_exporter.cc:206: Export metrics to agent failed: IOError: . This won't affect Ray, but you can lose metrics from the cluster.
[2022-01-12 12:29:06,245 I 165337 165606] raylet_client.cc:336: Error reporting task backlog information: IOError: 
[2022-01-12 12:29:07,245 I 165337 165606] raylet_client.cc:336: Error reporting task backlog information: IOError: 
[2022-01-12 12:29:08,245 I 165337 165606] raylet_client.cc:336: Error reporting task backlog information: IOError: 
[2022-01-12 12:29:09,246 I 165337 165606] raylet_client.cc:336: Error reporting task backlog information: IOError: 
[2022-01-12 12:29:10,246 I 165337 165606] raylet_client.cc:336: Error reporting task backlog information: IOError: 
[2022-01-12 12:29:11,246 I 165337 165606] raylet_client.cc:336: Error reporting task backlog information: IOError: 
[2022-01-12 12:29:12,246 I 165337 165606] raylet_client.cc:336: Error reporting task backlog information: IOError: 
[2022-01-12 12:29:13,246 I 165337 165606] raylet_client.cc:336: Error reporting task backlog information: IOError: 
[2022-01-12 12:29:14,247 I 165337 165606] raylet_client.cc:336: Error reporting task backlog information: IOError: 
[2022-01-12 12:29:15,247 I 165337 165606] raylet_client.cc:336: Error reporting task backlog information: IOError: 
[2022-01-12 12:29:15,407 W 165337 165607] metric_exporter.cc:206: Export metrics to agent failed: IOError: . This won't affect Ray, but you can lose metrics from the cluster.
[2022-01-12 12:29:16,247 I 165337 165606] raylet_client.cc:336: Error reporting task backlog information: IOError: 
[2022-01-12 12:29:17,247 I 165337 165606] raylet_client.cc:336: Error reporting task backlog information: IOError: 
[2022-01-12 12:29:18,248 I 165337 165606] raylet_client.cc:336: Error reporting task backlog information: IOError: 
[2022-01-12 12:29:19,248 I 165337 165606] raylet_client.cc:336: Error reporting task backlog information: IOError: 
[2022-01-12 12:29:20,248 I 165337 165606] raylet_client.cc:336: Error reporting task backlog information: IOError: 
[2022-01-12 12:29:21,248 I 165337 165606] raylet_client.cc:336: Error reporting task backlog information: IOError: 
[2022-01-12 12:29:22,248 I 165337 165606] raylet_client.cc:336: Error reporting task backlog information: IOError: 
[2022-01-12 12:29:23,249 I 165337 165606] raylet_client.cc:336: Error reporting task backlog information: IOError: 
[2022-01-12 12:29:24,249 I 165337 165606] raylet_client.cc:336: Error reporting task backlog information: IOError: 
[2022-01-12 12:29:25,249 I 165337 165606] raylet_client.cc:336: Error reporting task backlog information: IOError: 
[2022-01-12 12:29:25,421 W 165337 165607] metric_exporter.cc:206: Export metrics to agent failed: IOError: . This won't affect Ray, but you can lose metrics from the cluster.
[2022-01-12 12:29:26,249 I 165337 165606] raylet_client.cc:336: Error reporting task backlog information: IOError: 
[2022-01-12 12:29:27,249 I 165337 165606] raylet_client.cc:336: Error reporting task backlog information: IOError: 
[2022-01-12 12:29:28,250 I 165337 165606] raylet_client.cc:336: Error reporting task backlog information: IOError: 
[2022-01-12 12:29:29,250 I 165337 165606] raylet_client.cc:336: Error reporting task backlog information: IOError: 
[2022-01-12 12:29:30,250 I 165337 165606] raylet_client.cc:336: Error reporting task backlog information: IOError: 
[2022-01-12 12:29:31,250 I 165337 165606] raylet_client.cc:336: Error reporting task backlog information: IOError: 
[2022-01-12 12:29:32,250 I 165337 165606] raylet_client.cc:336: Error reporting task backlog information: IOError: 
[2022-01-12 12:29:33,251 I 165337 165606] raylet_client.cc:336: Error reporting task backlog information: IOError: 
[2022-01-12 12:29:34,251 I 165337 165606] raylet_client.cc:336: Error reporting task backlog information: IOError: 
[2022-01-12 12:29:35,251 I 165337 165606] raylet_client.cc:336: Error reporting task backlog information: IOError: 
[2022-01-12 12:29:35,434 W 165337 165607] metric_exporter.cc:206: Export metrics to agent failed: IOError: . This won't affect Ray, but you can lose metrics from the cluster.
[2022-01-12 12:29:36,251 I 165337 165606] raylet_client.cc:336: Error reporting task backlog information: IOError: 
[2022-01-12 12:29:37,251 I 165337 165606] raylet_client.cc:336: Error reporting task backlog information: IOError: 
[2022-01-12 12:29:38,252 I 165337 165606] raylet_client.cc:336: Error reporting task backlog information: IOError: 
[2022-01-12 12:29:39,252 I 165337 165606] raylet_client.cc:336: Error reporting task backlog information: IOError: 
[2022-01-12 12:29:40,252 I 165337 165606] raylet_client.cc:336: Error reporting task backlog information: IOError: 
[2022-01-12 12:29:41,252 I 165337 165606] raylet_client.cc:336: Error reporting task backlog information: IOError: 
[2022-01-12 12:29:42,252 I 165337 165606] raylet_client.cc:336: Error reporting task backlog information: IOError: 
[2022-01-12 12:29:43,253 I 165337 165606] raylet_client.cc:336: Error reporting task backlog information: IOError: 
[2022-01-12 12:29:44,253 I 165337 165606] raylet_client.cc:336: Error reporting task backlog information: IOError: 
[2022-01-12 12:29:45,253 I 165337 165606] raylet_client.cc:336: Error reporting task backlog information: IOError: 
[2022-01-12 12:29:45,447 W 165337 165607] metric_exporter.cc:206: Export metrics to agent failed: IOError: . This won't affect Ray, but you can lose metrics from the cluster.
[2022-01-12 12:29:46,253 I 165337 165606] raylet_client.cc:336: Error reporting task backlog information: IOError: 
[2022-01-12 12:29:47,254 I 165337 165606] raylet_client.cc:336: Error reporting task backlog information: IOError: 
[2022-01-12 12:29:48,254 I 165337 165606] raylet_client.cc:336: Error reporting task backlog information: IOError: 
[2022-01-12 12:29:49,254 I 165337 165606] raylet_client.cc:336: Error reporting task backlog information: IOError: 
[2022-01-12 12:29:50,254 I 165337 165606] raylet_client.cc:336: Error reporting task backlog information: IOError: 
[2022-01-12 12:29:51,254 I 165337 165606] raylet_client.cc:336: Error reporting task backlog information: IOError: 
[2022-01-12 12:29:52,255 I 165337 165606] raylet_client.cc:336: Error reporting task backlog information: IOError: 
[2022-01-12 12:29:53,255 I 165337 165606] raylet_client.cc:336: Error reporting task backlog information: IOError: 
[2022-01-12 12:29:54,255 I 165337 165606] raylet_client.cc:336: Error reporting task backlog information: IOError: 
[2022-01-12 12:29:55,255 I 165337 165606] raylet_client.cc:336: Error reporting task backlog information: IOError: 
[2022-01-12 12:29:55,460 W 165337 165607] metric_exporter.cc:206: Export metrics to agent failed: IOError: . This won't affect Ray, but you can lose metrics from the cluster.
[2022-01-12 12:29:56,256 I 165337 165606] raylet_client.cc:336: Error reporting task backlog information: IOError: 
[2022-01-12 12:29:57,256 I 165337 165606] raylet_client.cc:336: Error reporting task backlog information: IOError: 
[2022-01-12 12:29:58,256 I 165337 165606] raylet_client.cc:336: Error reporting task backlog information: IOError: 
[2022-01-12 12:29:59,256 I 165337 165606] raylet_client.cc:336: Error reporting task backlog information: IOError: 
[2022-01-12 12:30:00,256 I 165337 165606] raylet_client.cc:336: Error reporting task backlog information: IOError: 
[2022-01-12 12:30:01,257 I 165337 165606] raylet_client.cc:336: Error reporting task backlog information: IOError: 
[2022-01-12 12:30:02,257 I 165337 165606] raylet_client.cc:336: Error reporting task backlog information: IOError: 
[2022-01-12 12:30:03,257 I 165337 165606] raylet_client.cc:336: Error reporting task backlog information: IOError: 
[2022-01-12 12:30:04,257 I 165337 165606] raylet_client.cc:336: Error reporting task backlog information: IOError: 
[2022-01-12 12:30:05,257 I 165337 165606] raylet_client.cc:336: Error reporting task backlog information: IOError: 
[2022-01-12 12:30:05,474 W 165337 165607] metric_exporter.cc:206: Export metrics to agent failed: IOError: . This won't affect Ray, but you can lose metrics from the cluster.
[2022-01-12 12:30:06,257 I 165337 165606] raylet_client.cc:336: Error reporting task backlog information: IOError: 
[2022-01-12 12:30:07,257 I 165337 165606] raylet_client.cc:336: Error reporting task backlog information: IOError: 
[2022-01-12 12:30:08,258 I 165337 165606] raylet_client.cc:336: Error reporting task backlog information: IOError: 
[2022-01-12 12:30:09,258 I 165337 165606] raylet_client.cc:336: Error reporting task backlog information: IOError: 
[2022-01-12 12:30:10,258 I 165337 165606] raylet_client.cc:336: Error reporting task backlog information: IOError: 
[2022-01-12 12:30:11,258 I 165337 165606] raylet_client.cc:336: Error reporting task backlog information: IOError: 
[2022-01-12 12:30:12,259 I 165337 165606] raylet_client.cc:336: Error reporting task backlog information: IOError: 
[2022-01-12 12:30:13,259 I 165337 165606] raylet_client.cc:336: Error reporting task backlog information: IOError: 
[2022-01-12 12:30:14,259 I 165337 165606] raylet_client.cc:336: Error reporting task backlog information: IOError: 
[2022-01-12 12:30:15,259 I 165337 165606] raylet_client.cc:336: Error reporting task backlog information: IOError: 
[2022-01-12 12:30:15,487 W 165337 165607] metric_exporter.cc:206: Export metrics to agent failed: IOError: . This won't affect Ray, but you can lose metrics from the cluster.
[2022-01-12 12:30:16,259 I 165337 165606] raylet_client.cc:336: Error reporting task backlog information: IOError: 
[2022-01-12 12:30:17,260 I 165337 165606] raylet_client.cc:336: Error reporting task backlog information: IOError: 
[2022-01-12 12:30:18,260 I 165337 165606] raylet_client.cc:336: Error reporting task backlog information: IOError: 
[2022-01-12 12:30:19,260 I 165337 165606] raylet_client.cc:336: Error reporting task backlog information: IOError: 
[2022-01-12 12:30:20,260 I 165337 165606] raylet_client.cc:336: Error reporting task backlog information: IOError: 
[2022-01-12 12:30:21,260 I 165337 165606] raylet_client.cc:336: Error reporting task backlog information: IOError: 
[2022-01-12 12:30:22,260 I 165337 165606] raylet_client.cc:336: Error reporting task backlog information: IOError: 
[2022-01-12 12:30:23,261 I 165337 165606] raylet_client.cc:336: Error reporting task backlog information: IOError: 
[2022-01-12 12:30:24,261 I 165337 165606] raylet_client.cc:336: Error reporting task backlog information: IOError: 
[2022-01-12 12:30:25,261 I 165337 165606] raylet_client.cc:336: Error reporting task backlog information: IOError: 
[2022-01-12 12:30:25,503 W 165337 165607] metric_exporter.cc:206: Export metrics to agent failed: IOError: . This won't affect Ray, but you can lose metrics from the cluster.
[2022-01-12 12:30:26,261 I 165337 165606] raylet_client.cc:336: Error reporting task backlog information: IOError: 
[2022-01-12 12:30:27,261 I 165337 165606] raylet_client.cc:336: Error reporting task backlog information: IOError: 
[2022-01-12 12:30:28,262 I 165337 165606] raylet_client.cc:336: Error reporting task backlog information: IOError: 
[2022-01-12 12:30:29,262 I 165337 165606] raylet_client.cc:336: Error reporting task backlog information: IOError: 
[2022-01-12 12:30:30,262 I 165337 165606] raylet_client.cc:336: Error reporting task backlog information: IOError: 
[2022-01-12 12:30:31,262 I 165337 165606] raylet_client.cc:336: Error reporting task backlog information: IOError: 
[2022-01-12 12:30:32,262 I 165337 165606] raylet_client.cc:336: Error reporting task backlog information: IOError: 
[2022-01-12 12:30:33,263 I 165337 165606] raylet_client.cc:336: Error reporting task backlog information: IOError: 
[2022-01-12 12:30:34,263 I 165337 165606] raylet_client.cc:336: Error reporting task backlog information: IOError: 
[2022-01-12 12:30:35,263 I 165337 165606] raylet_client.cc:336: Error reporting task backlog information: IOError: 
[2022-01-12 12:30:35,516 W 165337 165607] metric_exporter.cc:206: Export metrics to agent failed: IOError: . This won't affect Ray, but you can lose metrics from the cluster.
[2022-01-12 12:30:36,263 I 165337 165606] raylet_client.cc:336: Error reporting task backlog information: IOError: 
[2022-01-12 12:30:37,264 I 165337 165606] raylet_client.cc:336: Error reporting task backlog information: IOError: 
[2022-01-12 12:30:38,264 I 165337 165606] raylet_client.cc:336: Error reporting task backlog information: IOError: 
[2022-01-12 12:30:39,264 I 165337 165606] raylet_client.cc:336: Error reporting task backlog information: IOError: 
[2022-01-12 12:30:40,264 I 165337 165606] raylet_client.cc:336: Error reporting task backlog information: IOError: 
[2022-01-12 12:30:41,264 I 165337 165606] raylet_client.cc:336: Error reporting task backlog information: IOError: 
[2022-01-12 12:30:42,265 I 165337 165606] raylet_client.cc:336: Error reporting task backlog information: IOError: 
[2022-01-12 12:30:43,265 I 165337 165606] raylet_client.cc:336: Error reporting task backlog information: IOError: 
[2022-01-12 12:30:44,265 I 165337 165606] raylet_client.cc:336: Error reporting task backlog information: IOError: 
[2022-01-12 12:30:45,265 I 165337 165606] raylet_client.cc:336: Error reporting task backlog information: IOError: 
[2022-01-12 12:30:45,530 W 165337 165607] metric_exporter.cc:206: Export metrics to agent failed: IOError: . This won't affect Ray, but you can lose metrics from the cluster.
[2022-01-12 12:30:46,266 I 165337 165606] raylet_client.cc:336: Error reporting task backlog information: IOError: 
[2022-01-12 12:30:47,266 I 165337 165606] raylet_client.cc:336: Error reporting task backlog information: IOError: 
[2022-01-12 12:30:48,266 I 165337 165606] raylet_client.cc:336: Error reporting task backlog information: IOError: 
[2022-01-12 12:30:49,266 I 165337 165606] raylet_client.cc:336: Error reporting task backlog information: IOError: 
[2022-01-12 12:30:50,266 I 165337 165606] raylet_client.cc:336: Error reporting task backlog information: IOError: 
[2022-01-12 12:30:51,267 I 165337 165606] raylet_client.cc:336: Error reporting task backlog information: IOError: 
[2022-01-12 12:30:52,267 I 165337 165606] raylet_client.cc:336: Error reporting task backlog information: IOError: 
[2022-01-12 12:30:53,267 I 165337 165606] raylet_client.cc:336: Error reporting task backlog information: IOError: 
[2022-01-12 12:30:54,267 I 165337 165606] raylet_client.cc:336: Error reporting task backlog information: IOError: 
[2022-01-12 12:30:55,268 I 165337 165606] raylet_client.cc:336: Error reporting task backlog information: IOError: 
[2022-01-12 12:30:55,544 W 165337 165607] metric_exporter.cc:206: Export metrics to agent failed: IOError: . This won't affect Ray, but you can lose metrics from the cluster.
[2022-01-12 12:30:56,268 I 165337 165606] raylet_client.cc:336: Error reporting task backlog information: IOError: 
[2022-01-12 12:30:57,268 I 165337 165606] raylet_client.cc:336: Error reporting task backlog information: IOError: 
[2022-01-12 12:30:58,268 I 165337 165606] raylet_client.cc:336: Error reporting task backlog information: IOError: 
[2022-01-12 12:30:59,268 I 165337 165606] raylet_client.cc:336: Error reporting task backlog information: IOError: 
[2022-01-12 12:31:00,269 I 165337 165606] raylet_client.cc:336: Error reporting task backlog information: IOError: 
[2022-01-12 12:31:01,269 I 165337 165606] raylet_client.cc:336: Error reporting task backlog information: IOError: 
[2022-01-12 12:31:02,269 I 165337 165606] raylet_client.cc:336: Error reporting task backlog information: IOError: 
[2022-01-12 12:31:03,269 I 165337 165606] raylet_client.cc:336: Error reporting task backlog information: IOError: 
[2022-01-12 12:31:04,269 I 165337 165606] raylet_client.cc:336: Error reporting task backlog information: IOError: 
[2022-01-12 12:31:05,269 I 165337 165606] raylet_client.cc:336: Error reporting task backlog information: IOError: 
[2022-01-12 12:31:05,558 W 165337 165607] metric_exporter.cc:206: Export metrics to agent failed: IOError: . This won't affect Ray, but you can lose metrics from the cluster.
[2022-01-12 12:31:06,269 I 165337 165606] raylet_client.cc:336: Error reporting task backlog information: IOError: 
[2022-01-12 12:31:07,270 I 165337 165606] raylet_client.cc:336: Error reporting task backlog information: IOError: 
[2022-01-12 12:31:08,270 I 165337 165606] raylet_client.cc:336: Error reporting task backlog information: IOError: 
[2022-01-12 12:31:09,270 I 165337 165606] raylet_client.cc:336: Error reporting task backlog information: IOError: 
[2022-01-12 12:31:10,270 I 165337 165606] raylet_client.cc:336: Error reporting task backlog information: IOError: 
[2022-01-12 12:31:11,271 I 165337 165606] raylet_client.cc:336: Error reporting task backlog information: IOError: 
[2022-01-12 12:31:12,271 I 165337 165606] raylet_client.cc:336: Error reporting task backlog information: IOError: 
[2022-01-12 12:31:13,271 I 165337 165606] raylet_client.cc:336: Error reporting task backlog information: IOError: 
[2022-01-12 12:31:14,271 I 165337 165606] raylet_client.cc:336: Error reporting task backlog information: IOError: 
[2022-01-12 12:31:15,272 I 165337 165606] raylet_client.cc:336: Error reporting task backlog information: IOError: 
[2022-01-12 12:31:15,572 W 165337 165607] metric_exporter.cc:206: Export metrics to agent failed: IOError: . This won't affect Ray, but you can lose metrics from the cluster.
[2022-01-12 12:31:16,272 I 165337 165606] raylet_client.cc:336: Error reporting task backlog information: IOError: 
[2022-01-12 12:31:17,272 I 165337 165606] raylet_client.cc:336: Error reporting task backlog information: IOError: 
[2022-01-12 12:31:18,272 I 165337 165606] raylet_client.cc:336: Error reporting task backlog information: IOError: 
[2022-01-12 12:31:19,272 I 165337 165606] raylet_client.cc:336: Error reporting task backlog information: IOError: 
[2022-01-12 12:31:20,273 I 165337 165606] raylet_client.cc:336: Error reporting task backlog information: IOError: 
[2022-01-12 12:31:21,273 I 165337 165606] raylet_client.cc:336: Error reporting task backlog information: IOError: 
[2022-01-12 12:31:22,273 I 165337 165606] raylet_client.cc:336: Error reporting task backlog information: IOError: 
[2022-01-12 12:31:23,273 I 165337 165606] raylet_client.cc:336: Error reporting task backlog information: IOError: 
[2022-01-12 12:31:24,273 I 165337 165606] raylet_client.cc:336: Error reporting task backlog information: IOError: 
[2022-01-12 12:31:25,274 I 165337 165606] raylet_client.cc:336: Error reporting task backlog information: IOError: 
[2022-01-12 12:31:25,584 W 165337 165607] metric_exporter.cc:206: Export metrics to agent failed: IOError: . This won't affect Ray, but you can lose metrics from the cluster.
[2022-01-12 12:31:26,274 I 165337 165606] raylet_client.cc:336: Error reporting task backlog information: IOError: 
[2022-01-12 12:31:27,274 I 165337 165606] raylet_client.cc:336: Error reporting task backlog information: IOError: 
[2022-01-12 12:31:28,274 I 165337 165606] raylet_client.cc:336: Error reporting task backlog information: IOError: 
[2022-01-12 12:31:29,274 I 165337 165606] raylet_client.cc:336: Error reporting task backlog information: IOError: 
[2022-01-12 12:31:30,275 I 165337 165606] raylet_client.cc:336: Error reporting task backlog information: IOError: 
[2022-01-12 12:31:31,275 I 165337 165606] raylet_client.cc:336: Error reporting task backlog information: IOError: 
[2022-01-12 12:31:32,275 I 165337 165606] raylet_client.cc:336: Error reporting task backlog information: IOError: 
[2022-01-12 12:31:33,275 I 165337 165606] raylet_client.cc:336: Error reporting task backlog information: IOError: 
[2022-01-12 12:31:34,275 I 165337 165606] raylet_client.cc:336: Error reporting task backlog information: IOError: 
[2022-01-12 12:31:35,275 I 165337 165606] raylet_client.cc:336: Error reporting task backlog information: IOError: 
[2022-01-12 12:31:35,595 W 165337 165607] metric_exporter.cc:206: Export metrics to agent failed: IOError: . This won't affect Ray, but you can lose metrics from the cluster.
[2022-01-12 12:31:36,276 I 165337 165606] raylet_client.cc:336: Error reporting task backlog information: IOError: 
[2022-01-12 12:31:37,276 I 165337 165606] raylet_client.cc:336: Error reporting task backlog information: IOError: 
[2022-01-12 12:31:38,276 I 165337 165606] raylet_client.cc:336: Error reporting task backlog information: IOError: 
[2022-01-12 12:31:39,276 I 165337 165606] raylet_client.cc:336: Error reporting task backlog information: IOError: 
[2022-01-12 12:31:40,276 I 165337 165606] raylet_client.cc:336: Error reporting task backlog information: IOError: 
[2022-01-12 12:31:41,276 I 165337 165606] raylet_client.cc:336: Error reporting task backlog information: IOError: 
[2022-01-12 12:31:42,277 I 165337 165606] raylet_client.cc:336: Error reporting task backlog information: IOError: 
[2022-01-12 12:31:43,277 I 165337 165606] raylet_client.cc:336: Error reporting task backlog information: IOError: 
[2022-01-12 12:31:44,277 I 165337 165606] raylet_client.cc:336: Error reporting task backlog information: IOError: 
[2022-01-12 12:31:45,277 I 165337 165606] raylet_client.cc:336: Error reporting task backlog information: IOError: 
[2022-01-12 12:31:45,606 W 165337 165607] metric_exporter.cc:206: Export metrics to agent failed: IOError: . This won't affect Ray, but you can lose metrics from the cluster.
[2022-01-12 12:31:46,277 I 165337 165606] raylet_client.cc:336: Error reporting task backlog information: IOError: 
[2022-01-12 12:31:47,277 I 165337 165606] raylet_client.cc:336: Error reporting task backlog information: IOError: 
[2022-01-12 12:31:48,277 I 165337 165606] raylet_client.cc:336: Error reporting task backlog information: IOError: 
[2022-01-12 12:31:49,278 I 165337 165606] raylet_client.cc:336: Error reporting task backlog information: IOError: 
[2022-01-12 12:31:50,278 I 165337 165606] raylet_client.cc:336: Error reporting task backlog information: IOError: 
[2022-01-12 12:31:51,278 I 165337 165606] raylet_client.cc:336: Error reporting task backlog information: IOError: 
[2022-01-12 12:31:52,278 I 165337 165606] raylet_client.cc:336: Error reporting task backlog information: IOError: 
[2022-01-12 12:31:53,278 I 165337 165606] raylet_client.cc:336: Error reporting task backlog information: IOError: 
[2022-01-12 12:31:54,278 I 165337 165606] raylet_client.cc:336: Error reporting task backlog information: IOError: 
[2022-01-12 12:31:55,278 I 165337 165606] raylet_client.cc:336: Error reporting task backlog information: IOError: 
[2022-01-12 12:31:55,614 W 165337 165607] metric_exporter.cc:206: Export metrics to agent failed: IOError: . This won't affect Ray, but you can lose metrics from the cluster.
[2022-01-12 12:31:56,278 I 165337 165606] raylet_client.cc:336: Error reporting task backlog information: IOError: 
[2022-01-12 12:31:57,278 I 165337 165606] raylet_client.cc:336: Error reporting task backlog information: IOError: 
[2022-01-12 12:31:58,279 I 165337 165606] raylet_client.cc:336: Error reporting task backlog information: IOError: 
[2022-01-12 12:31:59,279 I 165337 165606] raylet_client.cc:336: Error reporting task backlog information: IOError: 
[2022-01-12 12:32:00,279 I 165337 165606] raylet_client.cc:336: Error reporting task backlog information: IOError: 
[2022-01-12 12:32:01,279 I 165337 165606] raylet_client.cc:336: Error reporting task backlog information: IOError: 
[2022-01-12 12:32:02,279 I 165337 165606] raylet_client.cc:336: Error reporting task backlog information: IOError: 
[2022-01-12 12:32:03,280 I 165337 165606] raylet_client.cc:336: Error reporting task backlog information: IOError: 
[2022-01-12 12:32:04,280 I 165337 165606] raylet_client.cc:336: Error reporting task backlog information: IOError: 
[2022-01-12 12:32:05,280 I 165337 165606] raylet_client.cc:336: Error reporting task backlog information: IOError: 
[2022-01-12 12:32:05,627 W 165337 165607] metric_exporter.cc:206: Export metrics to agent failed: IOError: . This won't affect Ray, but you can lose metrics from the cluster.
[2022-01-12 12:32:06,280 I 165337 165606] raylet_client.cc:336: Error reporting task backlog information: IOError: 
[2022-01-12 12:32:07,280 I 165337 165606] raylet_client.cc:336: Error reporting task backlog information: IOError: 
[2022-01-12 12:32:08,280 I 165337 165606] raylet_client.cc:336: Error reporting task backlog information: IOError: 
[2022-01-12 12:32:09,280 I 165337 165606] raylet_client.cc:336: Error reporting task backlog information: IOError: 
[2022-01-12 12:32:10,280 I 165337 165606] raylet_client.cc:336: Error reporting task backlog information: IOError: 
[2022-01-12 12:32:11,280 I 165337 165606] raylet_client.cc:336: Error reporting task backlog information: IOError: 
[2022-01-12 12:32:12,281 I 165337 165606] raylet_client.cc:336: Error reporting task backlog information: IOError: 
[2022-01-12 12:32:13,281 I 165337 165606] raylet_client.cc:336: Error reporting task backlog information: IOError: 
[2022-01-12 12:32:14,281 I 165337 165606] raylet_client.cc:336: Error reporting task backlog information: IOError: 
[2022-01-12 12:32:15,281 I 165337 165606] raylet_client.cc:336: Error reporting task backlog information: IOError: 
[2022-01-12 12:32:15,634 W 165337 165607] metric_exporter.cc:206: Export metrics to agent failed: IOError: . This won't affect Ray, but you can lose metrics from the cluster.
[2022-01-12 12:32:16,281 I 165337 165606] raylet_client.cc:336: Error reporting task backlog information: IOError: 
[2022-01-12 12:32:17,281 I 165337 165606] raylet_client.cc:336: Error reporting task backlog information: IOError: 
[2022-01-12 12:32:18,281 I 165337 165606] raylet_client.cc:336: Error reporting task backlog information: IOError: 
[2022-01-12 12:32:19,281 I 165337 165606] raylet_client.cc:336: Error reporting task backlog information: IOError: 
[2022-01-12 12:32:20,281 I 165337 165606] raylet_client.cc:336: Error reporting task backlog information: IOError: 
[2022-01-12 12:32:21,281 I 165337 165606] raylet_client.cc:336: Error reporting task backlog information: IOError: 
[2022-01-12 12:32:22,281 I 165337 165606] raylet_client.cc:336: Error reporting task backlog information: IOError: 
[2022-01-12 12:32:23,281 I 165337 165606] raylet_client.cc:336: Error reporting task backlog information: IOError: 
[2022-01-12 12:32:24,282 I 165337 165606] raylet_client.cc:336: Error reporting task backlog information: IOError: 
[2022-01-12 12:32:25,282 I 165337 165606] raylet_client.cc:336: Error reporting task backlog information: IOError: 
[2022-01-12 12:32:25,643 W 165337 165607] metric_exporter.cc:206: Export metrics to agent failed: IOError: . This won't affect Ray, but you can lose metrics from the cluster.
[2022-01-12 12:32:26,282 I 165337 165606] raylet_client.cc:336: Error reporting task backlog information: IOError: 
[2022-01-12 12:32:27,282 I 165337 165606] raylet_client.cc:336: Error reporting task backlog information: IOError: 
[2022-01-12 12:32:28,282 I 165337 165606] raylet_client.cc:336: Error reporting task backlog information: IOError: 
[2022-01-12 12:32:29,282 I 165337 165606] raylet_client.cc:336: Error reporting task backlog information: IOError: 
[2022-01-12 12:32:30,282 I 165337 165606] raylet_client.cc:336: Error reporting task backlog information: IOError: 
[2022-01-12 12:32:31,282 I 165337 165606] raylet_client.cc:336: Error reporting task backlog information: IOError: 
[2022-01-12 12:32:32,282 I 165337 165606] raylet_client.cc:336: Error reporting task backlog information: IOError: 
[2022-01-12 12:32:33,282 I 165337 165606] raylet_client.cc:336: Error reporting task backlog information: IOError: 
[2022-01-12 12:32:34,283 I 165337 165606] raylet_client.cc:336: Error reporting task backlog information: IOError: 
[2022-01-12 12:32:35,283 I 165337 165606] raylet_client.cc:336: Error reporting task backlog information: IOError: 
[2022-01-12 12:32:35,667 W 165337 165607] metric_exporter.cc:206: Export metrics to agent failed: IOError: . This won't affect Ray, but you can lose metrics from the cluster.
[2022-01-12 12:32:36,283 I 165337 165606] raylet_client.cc:336: Error reporting task backlog information: IOError: 
[2022-01-12 12:32:37,283 I 165337 165606] raylet_client.cc:336: Error reporting task backlog information: IOError: 
[2022-01-12 12:32:38,283 I 165337 165606] raylet_client.cc:336: Error reporting task backlog information: IOError: 
[2022-01-12 12:32:39,283 I 165337 165606] raylet_client.cc:336: Error reporting task backlog information: IOError: 
[2022-01-12 12:32:40,283 I 165337 165606] raylet_client.cc:336: Error reporting task backlog information: IOError: 
[2022-01-12 12:32:41,283 I 165337 165606] raylet_client.cc:336: Error reporting task backlog information: IOError: 
[2022-01-12 12:32:42,283 I 165337 165606] raylet_client.cc:336: Error reporting task backlog information: IOError: 
[2022-01-12 12:32:43,283 I 165337 165606] raylet_client.cc:336: Error reporting task backlog information: IOError: 
[2022-01-12 12:32:44,283 I 165337 165606] raylet_client.cc:336: Error reporting task backlog information: IOError: 
[2022-01-12 12:32:45,284 I 165337 165606] raylet_client.cc:336: Error reporting task backlog information: IOError: 
[2022-01-12 12:32:45,667 W 165337 165607] metric_exporter.cc:206: Export metrics to agent failed: IOError: . This won't affect Ray, but you can lose metrics from the cluster.
[2022-01-12 12:32:46,284 I 165337 165606] raylet_client.cc:336: Error reporting task backlog information: IOError: 
[2022-01-12 12:32:47,284 I 165337 165606] raylet_client.cc:336: Error reporting task backlog information: IOError: 
[2022-01-12 12:32:48,284 I 165337 165606] raylet_client.cc:336: Error reporting task backlog information: IOError: 
[2022-01-12 12:32:49,284 I 165337 165606] raylet_client.cc:336: Error reporting task backlog information: IOError: 
[2022-01-12 12:32:50,284 I 165337 165606] raylet_client.cc:336: Error reporting task backlog information: IOError: 
[2022-01-12 12:32:51,284 I 165337 165606] raylet_client.cc:336: Error reporting task backlog information: IOError: 
[2022-01-12 12:32:52,284 I 165337 165606] raylet_client.cc:336: Error reporting task backlog information: IOError: 
[2022-01-12 12:32:53,284 I 165337 165606] raylet_client.cc:336: Error reporting task backlog information: IOError: 
[2022-01-12 12:32:54,284 I 165337 165606] raylet_client.cc:336: Error reporting task backlog information: IOError: 
[2022-01-12 12:32:55,284 I 165337 165606] raylet_client.cc:336: Error reporting task backlog information: IOError: 
[2022-01-12 12:32:55,676 W 165337 165607] metric_exporter.cc:206: Export metrics to agent failed: IOError: . This won't affect Ray, but you can lose metrics from the cluster.
[2022-01-12 12:32:56,284 I 165337 165606] raylet_client.cc:336: Error reporting task backlog information: IOError: 
[2022-01-12 12:32:57,285 I 165337 165606] raylet_client.cc:336: Error reporting task backlog information: IOError: 
[2022-01-12 12:32:58,285 I 165337 165606] raylet_client.cc:336: Error reporting task backlog information: IOError: 
[2022-01-12 12:32:59,285 I 165337 165606] raylet_client.cc:336: Error reporting task backlog information: IOError: 
[2022-01-12 12:33:00,285 I 165337 165606] raylet_client.cc:336: Error reporting task backlog information: IOError: 
[2022-01-12 12:33:01,285 I 165337 165606] raylet_client.cc:336: Error reporting task backlog information: IOError: 
[2022-01-12 12:33:02,285 I 165337 165606] raylet_client.cc:336: Error reporting task backlog information: IOError: 
[2022-01-12 12:33:03,285 I 165337 165606] raylet_client.cc:336: Error reporting task backlog information: IOError: 
[2022-01-12 12:33:04,148 W 165337 165433] gcs_server_address_updater.cc:61: [301] Failed to get the gcs server address from raylet 301 times in a row. If it keeps failing to obtain the address, the worker might crash. Connection status IOError: 
[2022-01-12 12:33:04,285 I 165337 165606] raylet_client.cc:336: Error reporting task backlog information: IOError: 
[2022-01-12 12:33:05,285 I 165337 165606] raylet_client.cc:336: Error reporting task backlog information: IOError: 
[2022-01-12 12:33:05,683 W 165337 165607] metric_exporter.cc:206: Export metrics to agent failed: IOError: . This won't affect Ray, but you can lose metrics from the cluster.
[2022-01-12 12:33:06,285 I 165337 165606] raylet_client.cc:336: Error reporting task backlog information: IOError: 
[2022-01-12 12:33:07,285 I 165337 165606] raylet_client.cc:336: Error reporting task backlog information: IOError: 
[2022-01-12 12:33:08,285 I 165337 165606] raylet_client.cc:336: Error reporting task backlog information: IOError: 
[2022-01-12 12:33:09,286 I 165337 165606] raylet_client.cc:336: Error reporting task backlog information: IOError: 
[2022-01-12 12:33:10,286 I 165337 165606] raylet_client.cc:336: Error reporting task backlog information: IOError: 
[2022-01-12 12:33:11,286 I 165337 165606] raylet_client.cc:336: Error reporting task backlog information: IOError: 
[2022-01-12 12:33:12,286 I 165337 165606] raylet_client.cc:336: Error reporting task backlog information: IOError: 
[2022-01-12 12:33:13,286 I 165337 165606] raylet_client.cc:336: Error reporting task backlog information: IOError: 
[2022-01-12 12:33:14,286 I 165337 165606] raylet_client.cc:336: Error reporting task backlog information: IOError: 
[2022-01-12 12:33:15,286 I 165337 165606] raylet_client.cc:336: Error reporting task backlog information: IOError: 
[2022-01-12 12:33:15,692 W 165337 165607] metric_exporter.cc:206: Export metrics to agent failed: IOError: . This won't affect Ray, but you can lose metrics from the cluster.
[2022-01-12 12:33:16,286 I 165337 165606] raylet_client.cc:336: Error reporting task backlog information: IOError: 
[2022-01-12 12:33:17,286 I 165337 165606] raylet_client.cc:336: Error reporting task backlog information: IOError: 
[2022-01-12 12:33:18,286 I 165337 165606] raylet_client.cc:336: Error reporting task backlog information: IOError: 
[2022-01-12 12:33:19,286 I 165337 165606] raylet_client.cc:336: Error reporting task backlog information: IOError: 
[2022-01-12 12:33:20,287 I 165337 165606] raylet_client.cc:336: Error reporting task backlog information: IOError: 
[2022-01-12 12:33:21,287 I 165337 165606] raylet_client.cc:336: Error reporting task backlog information: IOError: 
[2022-01-12 12:33:22,287 I 165337 165606] raylet_client.cc:336: Error reporting task backlog information: IOError: 
[2022-01-12 12:33:23,287 I 165337 165606] raylet_client.cc:336: Error reporting task backlog information: IOError: 
[2022-01-12 12:33:24,287 I 165337 165606] raylet_client.cc:336: Error reporting task backlog information: IOError: 
[2022-01-12 12:33:25,287 I 165337 165606] raylet_client.cc:336: Error reporting task backlog information: IOError: 
[2022-01-12 12:33:25,698 W 165337 165607] metric_exporter.cc:206: Export metrics to agent failed: IOError: . This won't affect Ray, but you can lose metrics from the cluster.
[2022-01-12 12:33:26,287 I 165337 165606] raylet_client.cc:336: Error reporting task backlog information: IOError: 
[2022-01-12 12:33:27,287 I 165337 165606] raylet_client.cc:336: Error reporting task backlog information: IOError: 
[2022-01-12 12:33:28,287 I 165337 165606] raylet_client.cc:336: Error reporting task backlog information: IOError: 
[2022-01-12 12:33:29,287 I 165337 165606] raylet_client.cc:336: Error reporting task backlog information: IOError: 
[2022-01-12 12:33:30,287 I 165337 165606] raylet_client.cc:336: Error reporting task backlog information: IOError: 
[2022-01-12 12:33:31,287 I 165337 165606] raylet_client.cc:336: Error reporting task backlog information: IOError: 
[2022-01-12 12:33:32,288 I 165337 165606] raylet_client.cc:336: Error reporting task backlog information: IOError: 
[2022-01-12 12:33:33,288 I 165337 165606] raylet_client.cc:336: Error reporting task backlog information: IOError: 
[2022-01-12 12:33:34,288 I 165337 165606] raylet_client.cc:336: Error reporting task backlog information: IOError: 
[2022-01-12 12:33:35,288 I 165337 165606] raylet_client.cc:336: Error reporting task backlog information: IOError: 
[2022-01-12 12:33:35,706 W 165337 165607] metric_exporter.cc:206: Export metrics to agent failed: IOError: . This won't affect Ray, but you can lose metrics from the cluster.
[2022-01-12 12:33:36,288 I 165337 165606] raylet_client.cc:336: Error reporting task backlog information: IOError: 
[2022-01-12 12:33:37,288 I 165337 165606] raylet_client.cc:336: Error reporting task backlog information: IOError: 
[2022-01-12 12:33:38,288 I 165337 165606] raylet_client.cc:336: Error reporting task backlog information: IOError: 
[2022-01-12 12:33:39,288 I 165337 165606] raylet_client.cc:336: Error reporting task backlog information: IOError: 
[2022-01-12 12:33:40,288 I 165337 165606] raylet_client.cc:336: Error reporting task backlog information: IOError: 
[2022-01-12 12:33:41,288 I 165337 165606] raylet_client.cc:336: Error reporting task backlog information: IOError: 
[2022-01-12 12:33:42,288 I 165337 165606] raylet_client.cc:336: Error reporting task backlog information: IOError: 
[2022-01-12 12:33:43,289 I 165337 165606] raylet_client.cc:336: Error reporting task backlog information: IOError: 
[2022-01-12 12:33:44,289 I 165337 165606] raylet_client.cc:336: Error reporting task backlog information: IOError: 
[2022-01-12 12:33:45,289 I 165337 165606] raylet_client.cc:336: Error reporting task backlog information: IOError: 
[2022-01-12 12:33:45,713 W 165337 165607] metric_exporter.cc:206: Export metrics to agent failed: IOError: . This won't affect Ray, but you can lose metrics from the cluster.
[2022-01-12 12:33:46,289 I 165337 165606] raylet_client.cc:336: Error reporting task backlog information: IOError: 
[2022-01-12 12:33:47,289 I 165337 165606] raylet_client.cc:336: Error reporting task backlog information: IOError: 
[2022-01-12 12:33:48,289 I 165337 165606] raylet_client.cc:336: Error reporting task backlog information: IOError: 
[2022-01-12 12:33:49,289 I 165337 165606] raylet_client.cc:336: Error reporting task backlog information: IOError: 
[2022-01-12 12:33:50,289 I 165337 165606] raylet_client.cc:336: Error reporting task backlog information: IOError: 
[2022-01-12 12:33:51,289 I 165337 165606] raylet_client.cc:336: Error reporting task backlog information: IOError: 
[2022-01-12 12:33:52,289 I 165337 165606] raylet_client.cc:336: Error reporting task backlog information: IOError: 
[2022-01-12 12:33:53,289 I 165337 165606] raylet_client.cc:336: Error reporting task backlog information: IOError: 
[2022-01-12 12:33:54,289 I 165337 165606] raylet_client.cc:336: Error reporting task backlog information: IOError: 
[2022-01-12 12:33:55,290 I 165337 165606] raylet_client.cc:336: Error reporting task backlog information: IOError: 
[2022-01-12 12:33:55,720 W 165337 165607] metric_exporter.cc:206: Export metrics to agent failed: IOError: . This won't affect Ray, but you can lose metrics from the cluster.
[2022-01-12 12:33:56,290 I 165337 165606] raylet_client.cc:336: Error reporting task backlog information: IOError: 
[2022-01-12 12:33:57,290 I 165337 165606] raylet_client.cc:336: Error reporting task backlog information: IOError: 
[2022-01-12 12:33:58,290 I 165337 165606] raylet_client.cc:336: Error reporting task backlog information: IOError: 
[2022-01-12 12:33:59,290 I 165337 165606] raylet_client.cc:336: Error reporting task backlog information: IOError: 
[2022-01-12 12:34:00,290 I 165337 165606] raylet_client.cc:336: Error reporting task backlog information: IOError: 
[2022-01-12 12:34:01,290 I 165337 165606] raylet_client.cc:336: Error reporting task backlog information: IOError: 
[2022-01-12 12:34:02,290 I 165337 165606] raylet_client.cc:336: Error reporting task backlog information: IOError: 
[2022-01-12 12:34:03,290 I 165337 165606] raylet_client.cc:336: Error reporting task backlog information: IOError: 
[2022-01-12 12:34:04,291 I 165337 165606] raylet_client.cc:336: Error reporting task backlog information: IOError: 
[2022-01-12 12:34:05,291 I 165337 165606] raylet_client.cc:336: Error reporting task backlog information: IOError: 
[2022-01-12 12:34:05,729 W 165337 165607] metric_exporter.cc:206: Export metrics to agent failed: IOError: . This won't affect Ray, but you can lose metrics from the cluster.
[2022-01-12 12:34:06,291 I 165337 165606] raylet_client.cc:336: Error reporting task backlog information: IOError: 
[2022-01-12 12:34:07,291 I 165337 165606] raylet_client.cc:336: Error reporting task backlog information: IOError: 
[2022-01-12 12:34:08,291 I 165337 165606] raylet_client.cc:336: Error reporting task backlog information: IOError: 
[2022-01-12 12:34:09,291 I 165337 165606] raylet_client.cc:336: Error reporting task backlog information: IOError: 
[2022-01-12 12:34:10,291 I 165337 165606] raylet_client.cc:336: Error reporting task backlog information: IOError: 
[2022-01-12 12:34:11,291 I 165337 165606] raylet_client.cc:336: Error reporting task backlog information: IOError: 
[2022-01-12 12:34:12,291 I 165337 165606] raylet_client.cc:336: Error reporting task backlog information: IOError: 
[2022-01-12 12:34:13,292 I 165337 165606] raylet_client.cc:336: Error reporting task backlog information: IOError: 
[2022-01-12 12:34:14,292 I 165337 165606] raylet_client.cc:336: Error reporting task backlog information: IOError: 
[2022-01-12 12:34:15,292 I 165337 165606] raylet_client.cc:336: Error reporting task backlog information: IOError: 
[2022-01-12 12:34:15,741 W 165337 165607] metric_exporter.cc:206: Export metrics to agent failed: IOError: . This won't affect Ray, but you can lose metrics from the cluster.
[2022-01-12 12:34:16,292 I 165337 165606] raylet_client.cc:336: Error reporting task backlog information: IOError: 
[2022-01-12 12:34:17,292 I 165337 165606] raylet_client.cc:336: Error reporting task backlog information: IOError: 
[2022-01-12 12:34:18,292 I 165337 165606] raylet_client.cc:336: Error reporting task backlog information: IOError: 
[2022-01-12 12:34:19,292 I 165337 165606] raylet_client.cc:336: Error reporting task backlog information: IOError: 
[2022-01-12 12:34:20,293 I 165337 165606] raylet_client.cc:336: Error reporting task backlog information: IOError: 
[2022-01-12 12:34:21,293 I 165337 165606] raylet_client.cc:336: Error reporting task backlog information: IOError: 
[2022-01-12 12:34:22,295 I 165337 165606] raylet_client.cc:336: Error reporting task backlog information: IOError: 
[2022-01-12 12:34:23,295 I 165337 165606] raylet_client.cc:336: Error reporting task backlog information: IOError: 
[2022-01-12 12:34:24,295 I 165337 165606] raylet_client.cc:336: Error reporting task backlog information: IOError: 
[2022-01-12 12:34:25,296 I 165337 165606] raylet_client.cc:336: Error reporting task backlog information: IOError: 
[2022-01-12 12:34:25,750 W 165337 165607] metric_exporter.cc:206: Export metrics to agent failed: IOError: . This won't affect Ray, but you can lose metrics from the cluster.
[2022-01-12 12:34:26,296 I 165337 165606] raylet_client.cc:336: Error reporting task backlog information: IOError: 
[2022-01-12 12:34:27,296 I 165337 165606] raylet_client.cc:336: Error reporting task backlog information: IOError: 
[2022-01-12 12:34:28,296 I 165337 165606] raylet_client.cc:336: Error reporting task backlog information: IOError: 
[2022-01-12 12:34:29,296 I 165337 165606] raylet_client.cc:336: Error reporting task backlog information: IOError: 
[2022-01-12 12:34:30,296 I 165337 165606] raylet_client.cc:336: Error reporting task backlog information: IOError: 
[2022-01-12 12:34:31,297 I 165337 165606] raylet_client.cc:336: Error reporting task backlog information: IOError: 
[2022-01-12 12:34:32,297 I 165337 165606] raylet_client.cc:336: Error reporting task backlog information: IOError: 
[2022-01-12 12:34:33,297 I 165337 165606] raylet_client.cc:336: Error reporting task backlog information: IOError: 
[2022-01-12 12:34:34,297 I 165337 165606] raylet_client.cc:336: Error reporting task backlog information: IOError: 
[2022-01-12 12:34:35,297 I 165337 165606] raylet_client.cc:336: Error reporting task backlog information: IOError: 
[2022-01-12 12:34:35,757 W 165337 165607] metric_exporter.cc:206: Export metrics to agent failed: IOError: . This won't affect Ray, but you can lose metrics from the cluster.
[2022-01-12 12:34:36,297 I 165337 165606] raylet_client.cc:336: Error reporting task backlog information: IOError: 
[2022-01-12 12:34:37,298 I 165337 165606] raylet_client.cc:336: Error reporting task backlog information: IOError: 
[2022-01-12 12:34:38,298 I 165337 165606] raylet_client.cc:336: Error reporting task backlog information: IOError: 
[2022-01-12 12:34:39,298 I 165337 165606] raylet_client.cc:336: Error reporting task backlog information: IOError: 
[2022-01-12 12:34:40,298 I 165337 165606] raylet_client.cc:336: Error reporting task backlog information: IOError: 
[2022-01-12 12:34:41,298 I 165337 165606] raylet_client.cc:336: Error reporting task backlog information: IOError: 
[2022-01-12 12:34:42,299 I 165337 165606] raylet_client.cc:336: Error reporting task backlog information: IOError: 
[2022-01-12 12:34:43,299 I 165337 165606] raylet_client.cc:336: Error reporting task backlog information: IOError: 
[2022-01-12 12:34:44,299 I 165337 165606] raylet_client.cc:336: Error reporting task backlog information: IOError: 
[2022-01-12 12:34:45,301 I 165337 165606] raylet_client.cc:336: Error reporting task backlog information: IOError: 
[2022-01-12 12:34:45,765 W 165337 165607] metric_exporter.cc:206: Export metrics to agent failed: IOError: . This won't affect Ray, but you can lose metrics from the cluster.
[2022-01-12 12:34:46,301 I 165337 165606] raylet_client.cc:336: Error reporting task backlog information: IOError: 
[2022-01-12 12:34:47,301 I 165337 165606] raylet_client.cc:336: Error reporting task backlog information: IOError: 
[2022-01-12 12:34:48,301 I 165337 165606] raylet_client.cc:336: Error reporting task backlog information: IOError: 
[2022-01-12 12:34:49,301 I 165337 165606] raylet_client.cc:336: Error reporting task backlog information: IOError: 
[2022-01-12 12:34:50,302 I 165337 165606] raylet_client.cc:336: Error reporting task backlog information: IOError: 
[2022-01-12 12:34:51,302 I 165337 165606] raylet_client.cc:336: Error reporting task backlog information: IOError: 
[2022-01-12 12:34:52,302 I 165337 165606] raylet_client.cc:336: Error reporting task backlog information: IOError: 
[2022-01-12 12:34:53,302 I 165337 165606] raylet_client.cc:336: Error reporting task backlog information: IOError: 
[2022-01-12 12:34:54,302 I 165337 165606] raylet_client.cc:336: Error reporting task backlog information: IOError: 
[2022-01-12 12:34:55,302 I 165337 165606] raylet_client.cc:336: Error reporting task backlog information: IOError: 
[2022-01-12 12:34:55,773 W 165337 165607] metric_exporter.cc:206: Export metrics to agent failed: IOError: . This won't affect Ray, but you can lose metrics from the cluster.
[2022-01-12 12:34:56,302 I 165337 165606] raylet_client.cc:336: Error reporting task backlog information: IOError: 
[2022-01-12 12:34:57,303 I 165337 165606] raylet_client.cc:336: Error reporting task backlog information: IOError: 
[2022-01-12 12:34:58,303 I 165337 165606] raylet_client.cc:336: Error reporting task backlog information: IOError: 
[2022-01-12 12:34:59,303 I 165337 165606] raylet_client.cc:336: Error reporting task backlog information: IOError: 
[2022-01-12 12:35:00,303 I 165337 165606] raylet_client.cc:336: Error reporting task backlog information: IOError: 
[2022-01-12 12:35:01,303 I 165337 165606] raylet_client.cc:336: Error reporting task backlog information: IOError: 
[2022-01-12 12:35:02,303 I 165337 165606] raylet_client.cc:336: Error reporting task backlog information: IOError: 
[2022-01-12 12:35:03,303 I 165337 165606] raylet_client.cc:336: Error reporting task backlog information: IOError: 
[2022-01-12 12:35:04,304 I 165337 165606] raylet_client.cc:336: Error reporting task backlog information: IOError: 
[2022-01-12 12:35:05,304 I 165337 165606] raylet_client.cc:336: Error reporting task backlog information: IOError: 
[2022-01-12 12:35:05,787 W 165337 165607] metric_exporter.cc:206: Export metrics to agent failed: IOError: . This won't affect Ray, but you can lose metrics from the cluster.
[2022-01-12 12:35:06,304 I 165337 165606] raylet_client.cc:336: Error reporting task backlog information: IOError: 
[2022-01-12 12:35:07,304 I 165337 165606] raylet_client.cc:336: Error reporting task backlog information: IOError: 
[2022-01-12 12:35:08,305 I 165337 165606] raylet_client.cc:336: Error reporting task backlog information: IOError: 
[2022-01-12 12:35:09,305 I 165337 165606] raylet_client.cc:336: Error reporting task backlog information: IOError: 
[2022-01-12 12:35:10,305 I 165337 165606] raylet_client.cc:336: Error reporting task backlog information: IOError: 
[2022-01-12 12:35:11,305 I 165337 165606] raylet_client.cc:336: Error reporting task backlog information: IOError: 
[2022-01-12 12:35:12,305 I 165337 165606] raylet_client.cc:336: Error reporting task backlog information: IOError: 
[2022-01-12 12:35:13,305 I 165337 165606] raylet_client.cc:336: Error reporting task backlog information: IOError: 
[2022-01-12 12:35:14,305 I 165337 165606] raylet_client.cc:336: Error reporting task backlog information: IOError: 
[2022-01-12 12:35:15,305 I 165337 165606] raylet_client.cc:336: Error reporting task backlog information: IOError: 
[2022-01-12 12:35:15,797 W 165337 165607] metric_exporter.cc:206: Export metrics to agent failed: IOError: . This won't affect Ray, but you can lose metrics from the cluster.
[2022-01-12 12:35:16,305 I 165337 165606] raylet_client.cc:336: Error reporting task backlog information: IOError: 
[2022-01-12 12:35:17,306 I 165337 165606] raylet_client.cc:336: Error reporting task backlog information: IOError: 
[2022-01-12 12:35:18,306 I 165337 165606] raylet_client.cc:336: Error reporting task backlog information: IOError: 
[2022-01-12 12:35:19,306 I 165337 165606] raylet_client.cc:336: Error reporting task backlog information: IOError: 
[2022-01-12 12:35:20,306 I 165337 165606] raylet_client.cc:336: Error reporting task backlog information: IOError: 
[2022-01-12 12:35:21,306 I 165337 165606] raylet_client.cc:336: Error reporting task backlog information: IOError: 
[2022-01-12 12:35:22,306 I 165337 165606] raylet_client.cc:336: Error reporting task backlog information: IOError: 
[2022-01-12 12:35:23,306 I 165337 165606] raylet_client.cc:336: Error reporting task backlog information: IOError: 
[2022-01-12 12:35:24,306 I 165337 165606] raylet_client.cc:336: Error reporting task backlog information: IOError: 
[2022-01-12 12:35:25,307 I 165337 165606] raylet_client.cc:336: Error reporting task backlog information: IOError: 
[2022-01-12 12:35:25,807 W 165337 165607] metric_exporter.cc:206: Export metrics to agent failed: IOError: . This won't affect Ray, but you can lose metrics from the cluster.
[2022-01-12 12:35:26,307 I 165337 165606] raylet_client.cc:336: Error reporting task backlog information: IOError: 
[2022-01-12 12:35:27,307 I 165337 165606] raylet_client.cc:336: Error reporting task backlog information: IOError: 
[2022-01-12 12:35:28,307 I 165337 165606] raylet_client.cc:336: Error reporting task backlog information: IOError: 
[2022-01-12 12:35:29,307 I 165337 165606] raylet_client.cc:336: Error reporting task backlog information: IOError: 
[2022-01-12 12:35:30,307 I 165337 165606] raylet_client.cc:336: Error reporting task backlog information: IOError: 
[2022-01-12 12:35:31,307 I 165337 165606] raylet_client.cc:336: Error reporting task backlog information: IOError: 
[2022-01-12 12:35:32,307 I 165337 165606] raylet_client.cc:336: Error reporting task backlog information: IOError: 
[2022-01-12 12:35:33,308 I 165337 165606] raylet_client.cc:336: Error reporting task backlog information: IOError: 
[2022-01-12 12:35:34,308 I 165337 165606] raylet_client.cc:336: Error reporting task backlog information: IOError: 
[2022-01-12 12:35:35,308 I 165337 165606] raylet_client.cc:336: Error reporting task backlog information: IOError: 
[2022-01-12 12:35:35,814 W 165337 165607] metric_exporter.cc:206: Export metrics to agent failed: IOError: . This won't affect Ray, but you can lose metrics from the cluster.
[2022-01-12 12:35:36,308 I 165337 165606] raylet_client.cc:336: Error reporting task backlog information: IOError: 
[2022-01-12 12:35:37,308 I 165337 165606] raylet_client.cc:336: Error reporting task backlog information: IOError: 
[2022-01-12 12:35:38,308 I 165337 165606] raylet_client.cc:336: Error reporting task backlog information: IOError: 
[2022-01-12 12:35:39,308 I 165337 165606] raylet_client.cc:336: Error reporting task backlog information: IOError: 
[2022-01-12 12:35:40,308 I 165337 165606] raylet_client.cc:336: Error reporting task backlog information: IOError: 
[2022-01-12 12:35:41,309 I 165337 165606] raylet_client.cc:336: Error reporting task backlog information: IOError: 
[2022-01-12 12:35:42,309 I 165337 165606] raylet_client.cc:336: Error reporting task backlog information: IOError: 
[2022-01-12 12:35:43,309 I 165337 165606] raylet_client.cc:336: Error reporting task backlog information: IOError: 
[2022-01-12 12:35:44,309 I 165337 165606] raylet_client.cc:336: Error reporting task backlog information: IOError: 
[2022-01-12 12:35:45,310 I 165337 165606] raylet_client.cc:336: Error reporting task backlog information: IOError: 
[2022-01-12 12:35:45,837 W 165337 165607] metric_exporter.cc:206: Export metrics to agent failed: IOError: . This won't affect Ray, but you can lose metrics from the cluster.
[2022-01-12 12:35:46,310 I 165337 165606] raylet_client.cc:336: Error reporting task backlog information: IOError: 
[2022-01-12 12:35:47,310 I 165337 165606] raylet_client.cc:336: Error reporting task backlog information: IOError: 
[2022-01-12 12:35:48,310 I 165337 165606] raylet_client.cc:336: Error reporting task backlog information: IOError: 
[2022-01-12 12:35:49,310 I 165337 165606] raylet_client.cc:336: Error reporting task backlog information: IOError: 
[2022-01-12 12:35:50,311 I 165337 165606] raylet_client.cc:336: Error reporting task backlog information: IOError: 
[2022-01-12 12:35:51,311 I 165337 165606] raylet_client.cc:336: Error reporting task backlog information: IOError: 
[2022-01-12 12:35:52,311 I 165337 165606] raylet_client.cc:336: Error reporting task backlog information: IOError: 
[2022-01-12 12:35:53,311 I 165337 165606] raylet_client.cc:336: Error reporting task backlog information: IOError: 
[2022-01-12 12:36:46,000 W 165337 165607] metric_exporter.cc:206: Export metrics to agent failed: IOError: . This won't affect Ray, but you can lose metrics from the cluster.
[2022-01-12 12:36:59,358 I 165337 165606] raylet_client.cc:336: Error reporting task backlog information: IOError: 
