[2022-01-12 12:26:15,142 I 165331 165331] core_worker.cc:132: Constructing CoreWorkerProcess. pid: 165331
[2022-01-12 12:26:15,144 I 165331 165331] grpc_server.cc:112: worker server started, listening on port 44787.
[2022-01-12 12:26:15,148 I 165331 165331] core_worker.cc:479: Initializing worker at address: 131.215.21.210:44787, worker ID 00fc76227dcac58ee7adfdb826ad0cca6d9b96b9ee39e54d58fa2f4d, raylet 032e92ab54e8bb63bee324991edccfaab1c1429401edfa0c09bb71ce
[2022-01-12 12:26:15,257 I 165331 165331] io_service_pool.cc:35: IOServicePool is running with 1 io_service.
[2022-01-12 12:26:15,320 I 165331 165653] accessor.cc:560: Received notification for node id = 032e92ab54e8bb63bee324991edccfaab1c1429401edfa0c09bb71ce, IsAlive = 1
[2022-01-12 12:28:04,157 W 165331 165560] gcs_server_address_updater.cc:61: [1] Failed to get the gcs server address from raylet 1 times in a row. If it keeps failing to obtain the address, the worker might crash. Connection status IOError: 
[2022-01-12 12:28:05,156 I 165331 165653] raylet_client.cc:336: Error reporting task backlog information: IOError: 
[2022-01-12 12:28:05,272 I 165331 165653] raylet_client.cc:336: Error reporting task backlog information: IOError: 
[2022-01-12 12:28:05,364 W 165331 165654] metric_exporter.cc:206: Export metrics to agent failed: IOError: . This won't affect Ray, but you can lose metrics from the cluster.
[2022-01-12 12:28:06,272 I 165331 165653] raylet_client.cc:336: Error reporting task backlog information: IOError: 
[2022-01-12 12:28:07,272 I 165331 165653] raylet_client.cc:336: Error reporting task backlog information: IOError: 
[2022-01-12 12:28:08,272 I 165331 165653] raylet_client.cc:336: Error reporting task backlog information: IOError: 
[2022-01-12 12:28:09,272 I 165331 165653] raylet_client.cc:336: Error reporting task backlog information: IOError: 
[2022-01-12 12:28:10,272 I 165331 165653] raylet_client.cc:336: Error reporting task backlog information: IOError: 
[2022-01-12 12:28:11,272 I 165331 165653] raylet_client.cc:336: Error reporting task backlog information: IOError: 
[2022-01-12 12:28:12,272 I 165331 165653] raylet_client.cc:336: Error reporting task backlog information: IOError: 
[2022-01-12 12:28:13,273 I 165331 165653] raylet_client.cc:336: Error reporting task backlog information: IOError: 
[2022-01-12 12:28:14,273 I 165331 165653] raylet_client.cc:336: Error reporting task backlog information: IOError: 
[2022-01-12 12:28:15,273 I 165331 165653] raylet_client.cc:336: Error reporting task backlog information: IOError: 
[2022-01-12 12:28:15,377 W 165331 165654] metric_exporter.cc:206: Export metrics to agent failed: IOError: . This won't affect Ray, but you can lose metrics from the cluster.
[2022-01-12 12:28:16,273 I 165331 165653] raylet_client.cc:336: Error reporting task backlog information: IOError: 
[2022-01-12 12:28:17,273 I 165331 165653] raylet_client.cc:336: Error reporting task backlog information: IOError: 
[2022-01-12 12:28:18,273 I 165331 165653] raylet_client.cc:336: Error reporting task backlog information: IOError: 
[2022-01-12 12:28:19,273 I 165331 165653] raylet_client.cc:336: Error reporting task backlog information: IOError: 
[2022-01-12 12:28:20,273 I 165331 165653] raylet_client.cc:336: Error reporting task backlog information: IOError: 
[2022-01-12 12:28:21,274 I 165331 165653] raylet_client.cc:336: Error reporting task backlog information: IOError: 
[2022-01-12 12:28:22,274 I 165331 165653] raylet_client.cc:336: Error reporting task backlog information: IOError: 
[2022-01-12 12:28:23,274 I 165331 165653] raylet_client.cc:336: Error reporting task backlog information: IOError: 
[2022-01-12 12:28:24,274 I 165331 165653] raylet_client.cc:336: Error reporting task backlog information: IOError: 
[2022-01-12 12:28:25,274 I 165331 165653] raylet_client.cc:336: Error reporting task backlog information: IOError: 
[2022-01-12 12:28:25,389 W 165331 165654] metric_exporter.cc:206: Export metrics to agent failed: IOError: . This won't affect Ray, but you can lose metrics from the cluster.
[2022-01-12 12:28:26,274 I 165331 165653] raylet_client.cc:336: Error reporting task backlog information: IOError: 
[2022-01-12 12:28:27,274 I 165331 165653] raylet_client.cc:336: Error reporting task backlog information: IOError: 
[2022-01-12 12:28:28,274 I 165331 165653] raylet_client.cc:336: Error reporting task backlog information: IOError: 
[2022-01-12 12:28:29,274 I 165331 165653] raylet_client.cc:336: Error reporting task backlog information: IOError: 
[2022-01-12 12:28:30,275 I 165331 165653] raylet_client.cc:336: Error reporting task backlog information: IOError: 
[2022-01-12 12:28:31,275 I 165331 165653] raylet_client.cc:336: Error reporting task backlog information: IOError: 
[2022-01-12 12:28:32,275 I 165331 165653] raylet_client.cc:336: Error reporting task backlog information: IOError: 
[2022-01-12 12:28:33,275 I 165331 165653] raylet_client.cc:336: Error reporting task backlog information: IOError: 
[2022-01-12 12:28:34,275 I 165331 165653] raylet_client.cc:336: Error reporting task backlog information: IOError: 
[2022-01-12 12:28:35,275 I 165331 165653] raylet_client.cc:336: Error reporting task backlog information: IOError: 
[2022-01-12 12:28:35,401 W 165331 165654] metric_exporter.cc:206: Export metrics to agent failed: IOError: . This won't affect Ray, but you can lose metrics from the cluster.
[2022-01-12 12:28:36,275 I 165331 165653] raylet_client.cc:336: Error reporting task backlog information: IOError: 
[2022-01-12 12:28:37,275 I 165331 165653] raylet_client.cc:336: Error reporting task backlog information: IOError: 
[2022-01-12 12:28:38,275 I 165331 165653] raylet_client.cc:336: Error reporting task backlog information: IOError: 
[2022-01-12 12:28:39,276 I 165331 165653] raylet_client.cc:336: Error reporting task backlog information: IOError: 
[2022-01-12 12:28:40,276 I 165331 165653] raylet_client.cc:336: Error reporting task backlog information: IOError: 
[2022-01-12 12:28:41,276 I 165331 165653] raylet_client.cc:336: Error reporting task backlog information: IOError: 
[2022-01-12 12:28:42,276 I 165331 165653] raylet_client.cc:336: Error reporting task backlog information: IOError: 
[2022-01-12 12:28:43,276 I 165331 165653] raylet_client.cc:336: Error reporting task backlog information: IOError: 
[2022-01-12 12:28:44,276 I 165331 165653] raylet_client.cc:336: Error reporting task backlog information: IOError: 
[2022-01-12 12:28:45,276 I 165331 165653] raylet_client.cc:336: Error reporting task backlog information: IOError: 
[2022-01-12 12:28:45,416 W 165331 165654] metric_exporter.cc:206: Export metrics to agent failed: IOError: . This won't affect Ray, but you can lose metrics from the cluster.
[2022-01-12 12:28:46,276 I 165331 165653] raylet_client.cc:336: Error reporting task backlog information: IOError: 
[2022-01-12 12:28:47,276 I 165331 165653] raylet_client.cc:336: Error reporting task backlog information: IOError: 
[2022-01-12 12:28:48,276 I 165331 165653] raylet_client.cc:336: Error reporting task backlog information: IOError: 
[2022-01-12 12:28:49,277 I 165331 165653] raylet_client.cc:336: Error reporting task backlog information: IOError: 
[2022-01-12 12:28:50,277 I 165331 165653] raylet_client.cc:336: Error reporting task backlog information: IOError: 
[2022-01-12 12:28:51,277 I 165331 165653] raylet_client.cc:336: Error reporting task backlog information: IOError: 
[2022-01-12 12:28:52,277 I 165331 165653] raylet_client.cc:336: Error reporting task backlog information: IOError: 
[2022-01-12 12:28:53,277 I 165331 165653] raylet_client.cc:336: Error reporting task backlog information: IOError: 
[2022-01-12 12:28:54,277 I 165331 165653] raylet_client.cc:336: Error reporting task backlog information: IOError: 
[2022-01-12 12:28:55,277 I 165331 165653] raylet_client.cc:336: Error reporting task backlog information: IOError: 
[2022-01-12 12:28:55,430 W 165331 165654] metric_exporter.cc:206: Export metrics to agent failed: IOError: . This won't affect Ray, but you can lose metrics from the cluster.
[2022-01-12 12:28:56,277 I 165331 165653] raylet_client.cc:336: Error reporting task backlog information: IOError: 
[2022-01-12 12:28:57,277 I 165331 165653] raylet_client.cc:336: Error reporting task backlog information: IOError: 
[2022-01-12 12:28:58,278 I 165331 165653] raylet_client.cc:336: Error reporting task backlog information: IOError: 
[2022-01-12 12:28:59,278 I 165331 165653] raylet_client.cc:336: Error reporting task backlog information: IOError: 
[2022-01-12 12:29:00,278 I 165331 165653] raylet_client.cc:336: Error reporting task backlog information: IOError: 
[2022-01-12 12:29:01,278 I 165331 165653] raylet_client.cc:336: Error reporting task backlog information: IOError: 
[2022-01-12 12:29:02,278 I 165331 165653] raylet_client.cc:336: Error reporting task backlog information: IOError: 
[2022-01-12 12:29:03,278 I 165331 165653] raylet_client.cc:336: Error reporting task backlog information: IOError: 
[2022-01-12 12:29:04,278 I 165331 165653] raylet_client.cc:336: Error reporting task backlog information: IOError: 
[2022-01-12 12:29:05,278 I 165331 165653] raylet_client.cc:336: Error reporting task backlog information: IOError: 
[2022-01-12 12:29:05,444 W 165331 165654] metric_exporter.cc:206: Export metrics to agent failed: IOError: . This won't affect Ray, but you can lose metrics from the cluster.
[2022-01-12 12:29:06,278 I 165331 165653] raylet_client.cc:336: Error reporting task backlog information: IOError: 
[2022-01-12 12:29:07,279 I 165331 165653] raylet_client.cc:336: Error reporting task backlog information: IOError: 
[2022-01-12 12:29:08,279 I 165331 165653] raylet_client.cc:336: Error reporting task backlog information: IOError: 
[2022-01-12 12:29:09,279 I 165331 165653] raylet_client.cc:336: Error reporting task backlog information: IOError: 
[2022-01-12 12:29:10,279 I 165331 165653] raylet_client.cc:336: Error reporting task backlog information: IOError: 
[2022-01-12 12:29:11,279 I 165331 165653] raylet_client.cc:336: Error reporting task backlog information: IOError: 
[2022-01-12 12:29:12,279 I 165331 165653] raylet_client.cc:336: Error reporting task backlog information: IOError: 
[2022-01-12 12:29:13,279 I 165331 165653] raylet_client.cc:336: Error reporting task backlog information: IOError: 
[2022-01-12 12:29:14,279 I 165331 165653] raylet_client.cc:336: Error reporting task backlog information: IOError: 
[2022-01-12 12:29:15,280 I 165331 165653] raylet_client.cc:336: Error reporting task backlog information: IOError: 
[2022-01-12 12:29:15,458 W 165331 165654] metric_exporter.cc:206: Export metrics to agent failed: IOError: . This won't affect Ray, but you can lose metrics from the cluster.
[2022-01-12 12:29:16,280 I 165331 165653] raylet_client.cc:336: Error reporting task backlog information: IOError: 
[2022-01-12 12:29:17,280 I 165331 165653] raylet_client.cc:336: Error reporting task backlog information: IOError: 
[2022-01-12 12:29:18,280 I 165331 165653] raylet_client.cc:336: Error reporting task backlog information: IOError: 
[2022-01-12 12:29:19,280 I 165331 165653] raylet_client.cc:336: Error reporting task backlog information: IOError: 
[2022-01-12 12:29:20,280 I 165331 165653] raylet_client.cc:336: Error reporting task backlog information: IOError: 
[2022-01-12 12:29:21,280 I 165331 165653] raylet_client.cc:336: Error reporting task backlog information: IOError: 
[2022-01-12 12:29:22,280 I 165331 165653] raylet_client.cc:336: Error reporting task backlog information: IOError: 
[2022-01-12 12:29:23,281 I 165331 165653] raylet_client.cc:336: Error reporting task backlog information: IOError: 
[2022-01-12 12:29:24,281 I 165331 165653] raylet_client.cc:336: Error reporting task backlog information: IOError: 
[2022-01-12 12:29:25,281 I 165331 165653] raylet_client.cc:336: Error reporting task backlog information: IOError: 
[2022-01-12 12:29:25,471 W 165331 165654] metric_exporter.cc:206: Export metrics to agent failed: IOError: . This won't affect Ray, but you can lose metrics from the cluster.
[2022-01-12 12:29:26,281 I 165331 165653] raylet_client.cc:336: Error reporting task backlog information: IOError: 
[2022-01-12 12:29:27,281 I 165331 165653] raylet_client.cc:336: Error reporting task backlog information: IOError: 
[2022-01-12 12:29:28,281 I 165331 165653] raylet_client.cc:336: Error reporting task backlog information: IOError: 
[2022-01-12 12:29:29,281 I 165331 165653] raylet_client.cc:336: Error reporting task backlog information: IOError: 
[2022-01-12 12:29:30,281 I 165331 165653] raylet_client.cc:336: Error reporting task backlog information: IOError: 
[2022-01-12 12:29:31,281 I 165331 165653] raylet_client.cc:336: Error reporting task backlog information: IOError: 
[2022-01-12 12:29:32,281 I 165331 165653] raylet_client.cc:336: Error reporting task backlog information: IOError: 
[2022-01-12 12:29:33,281 I 165331 165653] raylet_client.cc:336: Error reporting task backlog information: IOError: 
[2022-01-12 12:29:34,282 I 165331 165653] raylet_client.cc:336: Error reporting task backlog information: IOError: 
[2022-01-12 12:29:35,282 I 165331 165653] raylet_client.cc:336: Error reporting task backlog information: IOError: 
[2022-01-12 12:29:35,485 W 165331 165654] metric_exporter.cc:206: Export metrics to agent failed: IOError: . This won't affect Ray, but you can lose metrics from the cluster.
[2022-01-12 12:29:36,282 I 165331 165653] raylet_client.cc:336: Error reporting task backlog information: IOError: 
[2022-01-12 12:29:37,282 I 165331 165653] raylet_client.cc:336: Error reporting task backlog information: IOError: 
[2022-01-12 12:29:38,282 I 165331 165653] raylet_client.cc:336: Error reporting task backlog information: IOError: 
[2022-01-12 12:29:39,282 I 165331 165653] raylet_client.cc:336: Error reporting task backlog information: IOError: 
[2022-01-12 12:29:40,282 I 165331 165653] raylet_client.cc:336: Error reporting task backlog information: IOError: 
[2022-01-12 12:29:41,282 I 165331 165653] raylet_client.cc:336: Error reporting task backlog information: IOError: 
[2022-01-12 12:29:42,282 I 165331 165653] raylet_client.cc:336: Error reporting task backlog information: IOError: 
[2022-01-12 12:29:43,283 I 165331 165653] raylet_client.cc:336: Error reporting task backlog information: IOError: 
[2022-01-12 12:29:44,283 I 165331 165653] raylet_client.cc:336: Error reporting task backlog information: IOError: 
[2022-01-12 12:29:45,283 I 165331 165653] raylet_client.cc:336: Error reporting task backlog information: IOError: 
[2022-01-12 12:29:45,498 W 165331 165654] metric_exporter.cc:206: Export metrics to agent failed: IOError: . This won't affect Ray, but you can lose metrics from the cluster.
[2022-01-12 12:29:46,283 I 165331 165653] raylet_client.cc:336: Error reporting task backlog information: IOError: 
[2022-01-12 12:29:47,283 I 165331 165653] raylet_client.cc:336: Error reporting task backlog information: IOError: 
[2022-01-12 12:29:48,283 I 165331 165653] raylet_client.cc:336: Error reporting task backlog information: IOError: 
[2022-01-12 12:29:49,283 I 165331 165653] raylet_client.cc:336: Error reporting task backlog information: IOError: 
[2022-01-12 12:29:50,283 I 165331 165653] raylet_client.cc:336: Error reporting task backlog information: IOError: 
[2022-01-12 12:29:51,283 I 165331 165653] raylet_client.cc:336: Error reporting task backlog information: IOError: 
[2022-01-12 12:29:52,283 I 165331 165653] raylet_client.cc:336: Error reporting task backlog information: IOError: 
[2022-01-12 12:29:53,284 I 165331 165653] raylet_client.cc:336: Error reporting task backlog information: IOError: 
[2022-01-12 12:29:54,284 I 165331 165653] raylet_client.cc:336: Error reporting task backlog information: IOError: 
[2022-01-12 12:29:55,284 I 165331 165653] raylet_client.cc:336: Error reporting task backlog information: IOError: 
[2022-01-12 12:29:55,513 W 165331 165654] metric_exporter.cc:206: Export metrics to agent failed: IOError: . This won't affect Ray, but you can lose metrics from the cluster.
[2022-01-12 12:29:56,284 I 165331 165653] raylet_client.cc:336: Error reporting task backlog information: IOError: 
[2022-01-12 12:29:57,284 I 165331 165653] raylet_client.cc:336: Error reporting task backlog information: IOError: 
[2022-01-12 12:29:58,284 I 165331 165653] raylet_client.cc:336: Error reporting task backlog information: IOError: 
[2022-01-12 12:29:59,284 I 165331 165653] raylet_client.cc:336: Error reporting task backlog information: IOError: 
[2022-01-12 12:30:00,284 I 165331 165653] raylet_client.cc:336: Error reporting task backlog information: IOError: 
[2022-01-12 12:30:01,284 I 165331 165653] raylet_client.cc:336: Error reporting task backlog information: IOError: 
[2022-01-12 12:30:02,284 I 165331 165653] raylet_client.cc:336: Error reporting task backlog information: IOError: 
[2022-01-12 12:30:03,285 I 165331 165653] raylet_client.cc:336: Error reporting task backlog information: IOError: 
[2022-01-12 12:30:04,285 I 165331 165653] raylet_client.cc:336: Error reporting task backlog information: IOError: 
[2022-01-12 12:30:05,285 I 165331 165653] raylet_client.cc:336: Error reporting task backlog information: IOError: 
[2022-01-12 12:30:05,526 W 165331 165654] metric_exporter.cc:206: Export metrics to agent failed: IOError: . This won't affect Ray, but you can lose metrics from the cluster.
[2022-01-12 12:30:06,285 I 165331 165653] raylet_client.cc:336: Error reporting task backlog information: IOError: 
[2022-01-12 12:30:07,285 I 165331 165653] raylet_client.cc:336: Error reporting task backlog information: IOError: 
[2022-01-12 12:30:08,285 I 165331 165653] raylet_client.cc:336: Error reporting task backlog information: IOError: 
[2022-01-12 12:30:09,285 I 165331 165653] raylet_client.cc:336: Error reporting task backlog information: IOError: 
[2022-01-12 12:30:10,285 I 165331 165653] raylet_client.cc:336: Error reporting task backlog information: IOError: 
[2022-01-12 12:30:11,286 I 165331 165653] raylet_client.cc:336: Error reporting task backlog information: IOError: 
[2022-01-12 12:30:12,286 I 165331 165653] raylet_client.cc:336: Error reporting task backlog information: IOError: 
[2022-01-12 12:30:13,286 I 165331 165653] raylet_client.cc:336: Error reporting task backlog information: IOError: 
[2022-01-12 12:30:14,286 I 165331 165653] raylet_client.cc:336: Error reporting task backlog information: IOError: 
[2022-01-12 12:30:15,286 I 165331 165653] raylet_client.cc:336: Error reporting task backlog information: IOError: 
[2022-01-12 12:30:15,539 W 165331 165654] metric_exporter.cc:206: Export metrics to agent failed: IOError: . This won't affect Ray, but you can lose metrics from the cluster.
[2022-01-12 12:30:16,286 I 165331 165653] raylet_client.cc:336: Error reporting task backlog information: IOError: 
[2022-01-12 12:30:17,286 I 165331 165653] raylet_client.cc:336: Error reporting task backlog information: IOError: 
[2022-01-12 12:30:18,286 I 165331 165653] raylet_client.cc:336: Error reporting task backlog information: IOError: 
[2022-01-12 12:30:19,286 I 165331 165653] raylet_client.cc:336: Error reporting task backlog information: IOError: 
[2022-01-12 12:30:20,287 I 165331 165653] raylet_client.cc:336: Error reporting task backlog information: IOError: 
[2022-01-12 12:30:21,287 I 165331 165653] raylet_client.cc:336: Error reporting task backlog information: IOError: 
[2022-01-12 12:30:22,287 I 165331 165653] raylet_client.cc:336: Error reporting task backlog information: IOError: 
[2022-01-12 12:30:23,287 I 165331 165653] raylet_client.cc:336: Error reporting task backlog information: IOError: 
[2022-01-12 12:30:24,287 I 165331 165653] raylet_client.cc:336: Error reporting task backlog information: IOError: 
[2022-01-12 12:30:25,287 I 165331 165653] raylet_client.cc:336: Error reporting task backlog information: IOError: 
[2022-01-12 12:30:25,556 W 165331 165654] metric_exporter.cc:206: Export metrics to agent failed: IOError: . This won't affect Ray, but you can lose metrics from the cluster.
[2022-01-12 12:30:26,287 I 165331 165653] raylet_client.cc:336: Error reporting task backlog information: IOError: 
[2022-01-12 12:30:27,287 I 165331 165653] raylet_client.cc:336: Error reporting task backlog information: IOError: 
[2022-01-12 12:30:28,288 I 165331 165653] raylet_client.cc:336: Error reporting task backlog information: IOError: 
[2022-01-12 12:30:29,288 I 165331 165653] raylet_client.cc:336: Error reporting task backlog information: IOError: 
[2022-01-12 12:30:30,288 I 165331 165653] raylet_client.cc:336: Error reporting task backlog information: IOError: 
[2022-01-12 12:30:31,288 I 165331 165653] raylet_client.cc:336: Error reporting task backlog information: IOError: 
[2022-01-12 12:30:32,288 I 165331 165653] raylet_client.cc:336: Error reporting task backlog information: IOError: 
[2022-01-12 12:30:33,288 I 165331 165653] raylet_client.cc:336: Error reporting task backlog information: IOError: 
[2022-01-12 12:30:34,288 I 165331 165653] raylet_client.cc:336: Error reporting task backlog information: IOError: 
[2022-01-12 12:30:35,288 I 165331 165653] raylet_client.cc:336: Error reporting task backlog information: IOError: 
[2022-01-12 12:30:35,570 W 165331 165654] metric_exporter.cc:206: Export metrics to agent failed: IOError: . This won't affect Ray, but you can lose metrics from the cluster.
[2022-01-12 12:30:36,288 I 165331 165653] raylet_client.cc:336: Error reporting task backlog information: IOError: 
[2022-01-12 12:30:37,288 I 165331 165653] raylet_client.cc:336: Error reporting task backlog information: IOError: 
[2022-01-12 12:30:38,289 I 165331 165653] raylet_client.cc:336: Error reporting task backlog information: IOError: 
[2022-01-12 12:30:39,289 I 165331 165653] raylet_client.cc:336: Error reporting task backlog information: IOError: 
[2022-01-12 12:30:40,289 I 165331 165653] raylet_client.cc:336: Error reporting task backlog information: IOError: 
[2022-01-12 12:30:41,289 I 165331 165653] raylet_client.cc:336: Error reporting task backlog information: IOError: 
[2022-01-12 12:30:42,289 I 165331 165653] raylet_client.cc:336: Error reporting task backlog information: IOError: 
[2022-01-12 12:30:43,289 I 165331 165653] raylet_client.cc:336: Error reporting task backlog information: IOError: 
[2022-01-12 12:30:44,289 I 165331 165653] raylet_client.cc:336: Error reporting task backlog information: IOError: 
[2022-01-12 12:30:45,289 I 165331 165653] raylet_client.cc:336: Error reporting task backlog information: IOError: 
[2022-01-12 12:30:45,584 W 165331 165654] metric_exporter.cc:206: Export metrics to agent failed: IOError: . This won't affect Ray, but you can lose metrics from the cluster.
[2022-01-12 12:30:46,290 I 165331 165653] raylet_client.cc:336: Error reporting task backlog information: IOError: 
[2022-01-12 12:30:47,290 I 165331 165653] raylet_client.cc:336: Error reporting task backlog information: IOError: 
[2022-01-12 12:30:48,290 I 165331 165653] raylet_client.cc:336: Error reporting task backlog information: IOError: 
[2022-01-12 12:30:49,290 I 165331 165653] raylet_client.cc:336: Error reporting task backlog information: IOError: 
[2022-01-12 12:30:50,290 I 165331 165653] raylet_client.cc:336: Error reporting task backlog information: IOError: 
[2022-01-12 12:30:51,290 I 165331 165653] raylet_client.cc:336: Error reporting task backlog information: IOError: 
[2022-01-12 12:30:52,290 I 165331 165653] raylet_client.cc:336: Error reporting task backlog information: IOError: 
[2022-01-12 12:30:53,290 I 165331 165653] raylet_client.cc:336: Error reporting task backlog information: IOError: 
[2022-01-12 12:30:54,290 I 165331 165653] raylet_client.cc:336: Error reporting task backlog information: IOError: 
[2022-01-12 12:30:55,291 I 165331 165653] raylet_client.cc:336: Error reporting task backlog information: IOError: 
[2022-01-12 12:30:55,596 W 165331 165654] metric_exporter.cc:206: Export metrics to agent failed: IOError: . This won't affect Ray, but you can lose metrics from the cluster.
[2022-01-12 12:30:56,291 I 165331 165653] raylet_client.cc:336: Error reporting task backlog information: IOError: 
[2022-01-12 12:30:57,291 I 165331 165653] raylet_client.cc:336: Error reporting task backlog information: IOError: 
[2022-01-12 12:30:58,291 I 165331 165653] raylet_client.cc:336: Error reporting task backlog information: IOError: 
[2022-01-12 12:30:59,291 I 165331 165653] raylet_client.cc:336: Error reporting task backlog information: IOError: 
[2022-01-12 12:31:00,291 I 165331 165653] raylet_client.cc:336: Error reporting task backlog information: IOError: 
[2022-01-12 12:31:01,291 I 165331 165653] raylet_client.cc:336: Error reporting task backlog information: IOError: 
[2022-01-12 12:31:02,291 I 165331 165653] raylet_client.cc:336: Error reporting task backlog information: IOError: 
[2022-01-12 12:31:03,291 I 165331 165653] raylet_client.cc:336: Error reporting task backlog information: IOError: 
[2022-01-12 12:31:04,292 I 165331 165653] raylet_client.cc:336: Error reporting task backlog information: IOError: 
[2022-01-12 12:31:05,292 I 165331 165653] raylet_client.cc:336: Error reporting task backlog information: IOError: 
[2022-01-12 12:31:05,609 W 165331 165654] metric_exporter.cc:206: Export metrics to agent failed: IOError: . This won't affect Ray, but you can lose metrics from the cluster.
[2022-01-12 12:31:06,292 I 165331 165653] raylet_client.cc:336: Error reporting task backlog information: IOError: 
[2022-01-12 12:31:07,292 I 165331 165653] raylet_client.cc:336: Error reporting task backlog information: IOError: 
[2022-01-12 12:31:08,292 I 165331 165653] raylet_client.cc:336: Error reporting task backlog information: IOError: 
[2022-01-12 12:31:09,292 I 165331 165653] raylet_client.cc:336: Error reporting task backlog information: IOError: 
[2022-01-12 12:31:10,292 I 165331 165653] raylet_client.cc:336: Error reporting task backlog information: IOError: 
[2022-01-12 12:31:11,293 I 165331 165653] raylet_client.cc:336: Error reporting task backlog information: IOError: 
[2022-01-12 12:31:12,293 I 165331 165653] raylet_client.cc:336: Error reporting task backlog information: IOError: 
[2022-01-12 12:31:13,293 I 165331 165653] raylet_client.cc:336: Error reporting task backlog information: IOError: 
[2022-01-12 12:31:14,293 I 165331 165653] raylet_client.cc:336: Error reporting task backlog information: IOError: 
[2022-01-12 12:31:15,293 I 165331 165653] raylet_client.cc:336: Error reporting task backlog information: IOError: 
[2022-01-12 12:31:15,624 W 165331 165654] metric_exporter.cc:206: Export metrics to agent failed: IOError: . This won't affect Ray, but you can lose metrics from the cluster.
[2022-01-12 12:31:16,293 I 165331 165653] raylet_client.cc:336: Error reporting task backlog information: IOError: 
[2022-01-12 12:31:17,293 I 165331 165653] raylet_client.cc:336: Error reporting task backlog information: IOError: 
[2022-01-12 12:31:18,293 I 165331 165653] raylet_client.cc:336: Error reporting task backlog information: IOError: 
[2022-01-12 12:31:19,294 I 165331 165653] raylet_client.cc:336: Error reporting task backlog information: IOError: 
[2022-01-12 12:31:20,294 I 165331 165653] raylet_client.cc:336: Error reporting task backlog information: IOError: 
[2022-01-12 12:31:21,294 I 165331 165653] raylet_client.cc:336: Error reporting task backlog information: IOError: 
[2022-01-12 12:31:22,294 I 165331 165653] raylet_client.cc:336: Error reporting task backlog information: IOError: 
[2022-01-12 12:31:23,294 I 165331 165653] raylet_client.cc:336: Error reporting task backlog information: IOError: 
[2022-01-12 12:31:24,294 I 165331 165653] raylet_client.cc:336: Error reporting task backlog information: IOError: 
[2022-01-12 12:31:25,294 I 165331 165653] raylet_client.cc:336: Error reporting task backlog information: IOError: 
[2022-01-12 12:31:25,636 W 165331 165654] metric_exporter.cc:206: Export metrics to agent failed: IOError: . This won't affect Ray, but you can lose metrics from the cluster.
[2022-01-12 12:31:26,294 I 165331 165653] raylet_client.cc:336: Error reporting task backlog information: IOError: 
[2022-01-12 12:31:27,294 I 165331 165653] raylet_client.cc:336: Error reporting task backlog information: IOError: 
[2022-01-12 12:31:28,294 I 165331 165653] raylet_client.cc:336: Error reporting task backlog information: IOError: 
[2022-01-12 12:31:29,294 I 165331 165653] raylet_client.cc:336: Error reporting task backlog information: IOError: 
[2022-01-12 12:31:30,295 I 165331 165653] raylet_client.cc:336: Error reporting task backlog information: IOError: 
[2022-01-12 12:31:31,295 I 165331 165653] raylet_client.cc:336: Error reporting task backlog information: IOError: 
[2022-01-12 12:31:32,295 I 165331 165653] raylet_client.cc:336: Error reporting task backlog information: IOError: 
[2022-01-12 12:31:33,295 I 165331 165653] raylet_client.cc:336: Error reporting task backlog information: IOError: 
[2022-01-12 12:31:34,295 I 165331 165653] raylet_client.cc:336: Error reporting task backlog information: IOError: 
[2022-01-12 12:31:35,295 I 165331 165653] raylet_client.cc:336: Error reporting task backlog information: IOError: 
[2022-01-12 12:31:35,648 W 165331 165654] metric_exporter.cc:206: Export metrics to agent failed: IOError: . This won't affect Ray, but you can lose metrics from the cluster.
[2022-01-12 12:31:36,295 I 165331 165653] raylet_client.cc:336: Error reporting task backlog information: IOError: 
[2022-01-12 12:31:37,295 I 165331 165653] raylet_client.cc:336: Error reporting task backlog information: IOError: 
[2022-01-12 12:31:38,296 I 165331 165653] raylet_client.cc:336: Error reporting task backlog information: IOError: 
[2022-01-12 12:31:39,296 I 165331 165653] raylet_client.cc:336: Error reporting task backlog information: IOError: 
[2022-01-12 12:31:40,296 I 165331 165653] raylet_client.cc:336: Error reporting task backlog information: IOError: 
[2022-01-12 12:31:41,296 I 165331 165653] raylet_client.cc:336: Error reporting task backlog information: IOError: 
[2022-01-12 12:31:42,296 I 165331 165653] raylet_client.cc:336: Error reporting task backlog information: IOError: 
[2022-01-12 12:31:43,296 I 165331 165653] raylet_client.cc:336: Error reporting task backlog information: IOError: 
[2022-01-12 12:31:44,296 I 165331 165653] raylet_client.cc:336: Error reporting task backlog information: IOError: 
[2022-01-12 12:31:45,297 I 165331 165653] raylet_client.cc:336: Error reporting task backlog information: IOError: 
[2022-01-12 12:31:45,660 W 165331 165654] metric_exporter.cc:206: Export metrics to agent failed: IOError: . This won't affect Ray, but you can lose metrics from the cluster.
[2022-01-12 12:31:46,297 I 165331 165653] raylet_client.cc:336: Error reporting task backlog information: IOError: 
[2022-01-12 12:31:47,297 I 165331 165653] raylet_client.cc:336: Error reporting task backlog information: IOError: 
[2022-01-12 12:31:48,297 I 165331 165653] raylet_client.cc:336: Error reporting task backlog information: IOError: 
[2022-01-12 12:31:49,297 I 165331 165653] raylet_client.cc:336: Error reporting task backlog information: IOError: 
[2022-01-12 12:31:50,297 I 165331 165653] raylet_client.cc:336: Error reporting task backlog information: IOError: 
[2022-01-12 12:31:51,297 I 165331 165653] raylet_client.cc:336: Error reporting task backlog information: IOError: 
[2022-01-12 12:31:52,298 I 165331 165653] raylet_client.cc:336: Error reporting task backlog information: IOError: 
[2022-01-12 12:31:53,298 I 165331 165653] raylet_client.cc:336: Error reporting task backlog information: IOError: 
[2022-01-12 12:31:54,298 I 165331 165653] raylet_client.cc:336: Error reporting task backlog information: IOError: 
[2022-01-12 12:31:55,298 I 165331 165653] raylet_client.cc:336: Error reporting task backlog information: IOError: 
[2022-01-12 12:31:55,668 W 165331 165654] metric_exporter.cc:206: Export metrics to agent failed: IOError: . This won't affect Ray, but you can lose metrics from the cluster.
[2022-01-12 12:31:56,298 I 165331 165653] raylet_client.cc:336: Error reporting task backlog information: IOError: 
[2022-01-12 12:31:57,298 I 165331 165653] raylet_client.cc:336: Error reporting task backlog information: IOError: 
[2022-01-12 12:31:58,298 I 165331 165653] raylet_client.cc:336: Error reporting task backlog information: IOError: 
[2022-01-12 12:31:59,298 I 165331 165653] raylet_client.cc:336: Error reporting task backlog information: IOError: 
[2022-01-12 12:32:00,299 I 165331 165653] raylet_client.cc:336: Error reporting task backlog information: IOError: 
[2022-01-12 12:32:01,299 I 165331 165653] raylet_client.cc:336: Error reporting task backlog information: IOError: 
[2022-01-12 12:32:02,299 I 165331 165653] raylet_client.cc:336: Error reporting task backlog information: IOError: 
[2022-01-12 12:32:03,299 I 165331 165653] raylet_client.cc:336: Error reporting task backlog information: IOError: 
[2022-01-12 12:32:04,299 I 165331 165653] raylet_client.cc:336: Error reporting task backlog information: IOError: 
[2022-01-12 12:32:05,299 I 165331 165653] raylet_client.cc:336: Error reporting task backlog information: IOError: 
[2022-01-12 12:32:05,678 W 165331 165654] metric_exporter.cc:206: Export metrics to agent failed: IOError: . This won't affect Ray, but you can lose metrics from the cluster.
[2022-01-12 12:32:06,299 I 165331 165653] raylet_client.cc:336: Error reporting task backlog information: IOError: 
[2022-01-12 12:32:07,300 I 165331 165653] raylet_client.cc:336: Error reporting task backlog information: IOError: 
[2022-01-12 12:32:08,300 I 165331 165653] raylet_client.cc:336: Error reporting task backlog information: IOError: 
[2022-01-12 12:32:09,300 I 165331 165653] raylet_client.cc:336: Error reporting task backlog information: IOError: 
[2022-01-12 12:32:10,300 I 165331 165653] raylet_client.cc:336: Error reporting task backlog information: IOError: 
[2022-01-12 12:32:11,300 I 165331 165653] raylet_client.cc:336: Error reporting task backlog information: IOError: 
[2022-01-12 12:32:12,300 I 165331 165653] raylet_client.cc:336: Error reporting task backlog information: IOError: 
[2022-01-12 12:32:13,300 I 165331 165653] raylet_client.cc:336: Error reporting task backlog information: IOError: 
[2022-01-12 12:32:14,300 I 165331 165653] raylet_client.cc:336: Error reporting task backlog information: IOError: 
[2022-01-12 12:32:15,300 I 165331 165653] raylet_client.cc:336: Error reporting task backlog information: IOError: 
[2022-01-12 12:32:15,685 W 165331 165654] metric_exporter.cc:206: Export metrics to agent failed: IOError: . This won't affect Ray, but you can lose metrics from the cluster.
[2022-01-12 12:32:16,300 I 165331 165653] raylet_client.cc:336: Error reporting task backlog information: IOError: 
[2022-01-12 12:32:17,300 I 165331 165653] raylet_client.cc:336: Error reporting task backlog information: IOError: 
[2022-01-12 12:32:18,300 I 165331 165653] raylet_client.cc:336: Error reporting task backlog information: IOError: 
[2022-01-12 12:32:19,300 I 165331 165653] raylet_client.cc:336: Error reporting task backlog information: IOError: 
[2022-01-12 12:32:20,301 I 165331 165653] raylet_client.cc:336: Error reporting task backlog information: IOError: 
[2022-01-12 12:32:21,301 I 165331 165653] raylet_client.cc:336: Error reporting task backlog information: IOError: 
[2022-01-12 12:32:22,301 I 165331 165653] raylet_client.cc:336: Error reporting task backlog information: IOError: 
[2022-01-12 12:32:23,301 I 165331 165653] raylet_client.cc:336: Error reporting task backlog information: IOError: 
[2022-01-12 12:32:24,301 I 165331 165653] raylet_client.cc:336: Error reporting task backlog information: IOError: 
[2022-01-12 12:32:25,301 I 165331 165653] raylet_client.cc:336: Error reporting task backlog information: IOError: 
[2022-01-12 12:32:25,694 W 165331 165654] metric_exporter.cc:206: Export metrics to agent failed: IOError: . This won't affect Ray, but you can lose metrics from the cluster.
[2022-01-12 12:32:26,301 I 165331 165653] raylet_client.cc:336: Error reporting task backlog information: IOError: 
[2022-01-12 12:32:27,301 I 165331 165653] raylet_client.cc:336: Error reporting task backlog information: IOError: 
[2022-01-12 12:32:28,301 I 165331 165653] raylet_client.cc:336: Error reporting task backlog information: IOError: 
[2022-01-12 12:32:29,301 I 165331 165653] raylet_client.cc:336: Error reporting task backlog information: IOError: 
[2022-01-12 12:32:30,301 I 165331 165653] raylet_client.cc:336: Error reporting task backlog information: IOError: 
[2022-01-12 12:32:31,301 I 165331 165653] raylet_client.cc:336: Error reporting task backlog information: IOError: 
[2022-01-12 12:32:32,302 I 165331 165653] raylet_client.cc:336: Error reporting task backlog information: IOError: 
[2022-01-12 12:32:33,302 I 165331 165653] raylet_client.cc:336: Error reporting task backlog information: IOError: 
[2022-01-12 12:32:34,302 I 165331 165653] raylet_client.cc:336: Error reporting task backlog information: IOError: 
[2022-01-12 12:32:35,302 I 165331 165653] raylet_client.cc:336: Error reporting task backlog information: IOError: 
[2022-01-12 12:32:35,701 W 165331 165654] metric_exporter.cc:206: Export metrics to agent failed: IOError: . This won't affect Ray, but you can lose metrics from the cluster.
[2022-01-12 12:32:36,302 I 165331 165653] raylet_client.cc:336: Error reporting task backlog information: IOError: 
[2022-01-12 12:32:37,302 I 165331 165653] raylet_client.cc:336: Error reporting task backlog information: IOError: 
[2022-01-12 12:32:38,303 I 165331 165653] raylet_client.cc:336: Error reporting task backlog information: IOError: 
[2022-01-12 12:32:39,303 I 165331 165653] raylet_client.cc:336: Error reporting task backlog information: IOError: 
[2022-01-12 12:32:40,303 I 165331 165653] raylet_client.cc:336: Error reporting task backlog information: IOError: 
[2022-01-12 12:32:41,303 I 165331 165653] raylet_client.cc:336: Error reporting task backlog information: IOError: 
[2022-01-12 12:32:42,303 I 165331 165653] raylet_client.cc:336: Error reporting task backlog information: IOError: 
[2022-01-12 12:32:43,303 I 165331 165653] raylet_client.cc:336: Error reporting task backlog information: IOError: 
[2022-01-12 12:32:44,303 I 165331 165653] raylet_client.cc:336: Error reporting task backlog information: IOError: 
[2022-01-12 12:32:45,303 I 165331 165653] raylet_client.cc:336: Error reporting task backlog information: IOError: 
[2022-01-12 12:32:45,708 W 165331 165654] metric_exporter.cc:206: Export metrics to agent failed: IOError: . This won't affect Ray, but you can lose metrics from the cluster.
[2022-01-12 12:32:46,303 I 165331 165653] raylet_client.cc:336: Error reporting task backlog information: IOError: 
[2022-01-12 12:32:47,303 I 165331 165653] raylet_client.cc:336: Error reporting task backlog information: IOError: 
[2022-01-12 12:32:48,303 I 165331 165653] raylet_client.cc:336: Error reporting task backlog information: IOError: 
[2022-01-12 12:32:49,303 I 165331 165653] raylet_client.cc:336: Error reporting task backlog information: IOError: 
[2022-01-12 12:32:50,303 I 165331 165653] raylet_client.cc:336: Error reporting task backlog information: IOError: 
[2022-01-12 12:32:51,303 I 165331 165653] raylet_client.cc:336: Error reporting task backlog information: IOError: 
[2022-01-12 12:32:52,304 I 165331 165653] raylet_client.cc:336: Error reporting task backlog information: IOError: 
[2022-01-12 12:32:53,304 I 165331 165653] raylet_client.cc:336: Error reporting task backlog information: IOError: 
[2022-01-12 12:32:54,304 I 165331 165653] raylet_client.cc:336: Error reporting task backlog information: IOError: 
[2022-01-12 12:32:55,304 I 165331 165653] raylet_client.cc:336: Error reporting task backlog information: IOError: 
[2022-01-12 12:32:55,717 W 165331 165654] metric_exporter.cc:206: Export metrics to agent failed: IOError: . This won't affect Ray, but you can lose metrics from the cluster.
[2022-01-12 12:32:56,304 I 165331 165653] raylet_client.cc:336: Error reporting task backlog information: IOError: 
[2022-01-12 12:32:57,304 I 165331 165653] raylet_client.cc:336: Error reporting task backlog information: IOError: 
[2022-01-12 12:32:58,304 I 165331 165653] raylet_client.cc:336: Error reporting task backlog information: IOError: 
[2022-01-12 12:32:59,304 I 165331 165653] raylet_client.cc:336: Error reporting task backlog information: IOError: 
[2022-01-12 12:33:00,304 I 165331 165653] raylet_client.cc:336: Error reporting task backlog information: IOError: 
[2022-01-12 12:33:01,304 I 165331 165653] raylet_client.cc:336: Error reporting task backlog information: IOError: 
[2022-01-12 12:33:02,304 I 165331 165653] raylet_client.cc:336: Error reporting task backlog information: IOError: 
[2022-01-12 12:33:03,304 I 165331 165653] raylet_client.cc:336: Error reporting task backlog information: IOError: 
[2022-01-12 12:33:04,208 W 165331 165560] gcs_server_address_updater.cc:61: [301] Failed to get the gcs server address from raylet 301 times in a row. If it keeps failing to obtain the address, the worker might crash. Connection status IOError: 
[2022-01-12 12:33:04,304 I 165331 165653] raylet_client.cc:336: Error reporting task backlog information: IOError: 
[2022-01-12 12:33:05,304 I 165331 165653] raylet_client.cc:336: Error reporting task backlog information: IOError: 
[2022-01-12 12:33:05,731 W 165331 165654] metric_exporter.cc:206: Export metrics to agent failed: IOError: . This won't affect Ray, but you can lose metrics from the cluster.
[2022-01-12 12:33:06,304 I 165331 165653] raylet_client.cc:336: Error reporting task backlog information: IOError: 
[2022-01-12 12:33:07,305 I 165331 165653] raylet_client.cc:336: Error reporting task backlog information: IOError: 
[2022-01-12 12:33:08,305 I 165331 165653] raylet_client.cc:336: Error reporting task backlog information: IOError: 
[2022-01-12 12:33:09,305 I 165331 165653] raylet_client.cc:336: Error reporting task backlog information: IOError: 
[2022-01-12 12:33:10,305 I 165331 165653] raylet_client.cc:336: Error reporting task backlog information: IOError: 
[2022-01-12 12:33:11,305 I 165331 165653] raylet_client.cc:336: Error reporting task backlog information: IOError: 
[2022-01-12 12:33:12,305 I 165331 165653] raylet_client.cc:336: Error reporting task backlog information: IOError: 
[2022-01-12 12:33:13,305 I 165331 165653] raylet_client.cc:336: Error reporting task backlog information: IOError: 
[2022-01-12 12:33:14,305 I 165331 165653] raylet_client.cc:336: Error reporting task backlog information: IOError: 
[2022-01-12 12:33:15,305 I 165331 165653] raylet_client.cc:336: Error reporting task backlog information: IOError: 
[2022-01-12 12:33:15,738 W 165331 165654] metric_exporter.cc:206: Export metrics to agent failed: IOError: . This won't affect Ray, but you can lose metrics from the cluster.
[2022-01-12 12:33:16,305 I 165331 165653] raylet_client.cc:336: Error reporting task backlog information: IOError: 
[2022-01-12 12:33:17,305 I 165331 165653] raylet_client.cc:336: Error reporting task backlog information: IOError: 
[2022-01-12 12:33:18,305 I 165331 165653] raylet_client.cc:336: Error reporting task backlog information: IOError: 
[2022-01-12 12:33:19,305 I 165331 165653] raylet_client.cc:336: Error reporting task backlog information: IOError: 
[2022-01-12 12:33:20,306 I 165331 165653] raylet_client.cc:336: Error reporting task backlog information: IOError: 
[2022-01-12 12:33:21,306 I 165331 165653] raylet_client.cc:336: Error reporting task backlog information: IOError: 
[2022-01-12 12:33:22,306 I 165331 165653] raylet_client.cc:336: Error reporting task backlog information: IOError: 
[2022-01-12 12:33:23,306 I 165331 165653] raylet_client.cc:336: Error reporting task backlog information: IOError: 
[2022-01-12 12:33:24,306 I 165331 165653] raylet_client.cc:336: Error reporting task backlog information: IOError: 
[2022-01-12 12:33:25,306 I 165331 165653] raylet_client.cc:336: Error reporting task backlog information: IOError: 
[2022-01-12 12:33:25,752 W 165331 165654] metric_exporter.cc:206: Export metrics to agent failed: IOError: . This won't affect Ray, but you can lose metrics from the cluster.
[2022-01-12 12:33:26,306 I 165331 165653] raylet_client.cc:336: Error reporting task backlog information: IOError: 
[2022-01-12 12:33:27,306 I 165331 165653] raylet_client.cc:336: Error reporting task backlog information: IOError: 
[2022-01-12 12:33:28,306 I 165331 165653] raylet_client.cc:336: Error reporting task backlog information: IOError: 
[2022-01-12 12:33:29,306 I 165331 165653] raylet_client.cc:336: Error reporting task backlog information: IOError: 
[2022-01-12 12:33:30,306 I 165331 165653] raylet_client.cc:336: Error reporting task backlog information: IOError: 
[2022-01-12 12:33:31,306 I 165331 165653] raylet_client.cc:336: Error reporting task backlog information: IOError: 
[2022-01-12 12:33:32,307 I 165331 165653] raylet_client.cc:336: Error reporting task backlog information: IOError: 
[2022-01-12 12:33:33,307 I 165331 165653] raylet_client.cc:336: Error reporting task backlog information: IOError: 
[2022-01-12 12:33:34,307 I 165331 165653] raylet_client.cc:336: Error reporting task backlog information: IOError: 
[2022-01-12 12:33:35,307 I 165331 165653] raylet_client.cc:336: Error reporting task backlog information: IOError: 
[2022-01-12 12:33:35,767 W 165331 165654] metric_exporter.cc:206: Export metrics to agent failed: IOError: . This won't affect Ray, but you can lose metrics from the cluster.
[2022-01-12 12:33:36,307 I 165331 165653] raylet_client.cc:336: Error reporting task backlog information: IOError: 
[2022-01-12 12:33:37,307 I 165331 165653] raylet_client.cc:336: Error reporting task backlog information: IOError: 
[2022-01-12 12:33:38,307 I 165331 165653] raylet_client.cc:336: Error reporting task backlog information: IOError: 
[2022-01-12 12:33:39,307 I 165331 165653] raylet_client.cc:336: Error reporting task backlog information: IOError: 
[2022-01-12 12:33:40,307 I 165331 165653] raylet_client.cc:336: Error reporting task backlog information: IOError: 
[2022-01-12 12:33:41,307 I 165331 165653] raylet_client.cc:336: Error reporting task backlog information: IOError: 
[2022-01-12 12:33:42,307 I 165331 165653] raylet_client.cc:336: Error reporting task backlog information: IOError: 
[2022-01-12 12:33:43,308 I 165331 165653] raylet_client.cc:336: Error reporting task backlog information: IOError: 
[2022-01-12 12:33:44,308 I 165331 165653] raylet_client.cc:336: Error reporting task backlog information: IOError: 
[2022-01-12 12:33:45,308 I 165331 165653] raylet_client.cc:336: Error reporting task backlog information: IOError: 
[2022-01-12 12:33:45,777 W 165331 165654] metric_exporter.cc:206: Export metrics to agent failed: IOError: . This won't affect Ray, but you can lose metrics from the cluster.
[2022-01-12 12:33:46,308 I 165331 165653] raylet_client.cc:336: Error reporting task backlog information: IOError: 
[2022-01-12 12:33:47,308 I 165331 165653] raylet_client.cc:336: Error reporting task backlog information: IOError: 
[2022-01-12 12:33:48,308 I 165331 165653] raylet_client.cc:336: Error reporting task backlog information: IOError: 
[2022-01-12 12:33:49,308 I 165331 165653] raylet_client.cc:336: Error reporting task backlog information: IOError: 
[2022-01-12 12:33:50,308 I 165331 165653] raylet_client.cc:336: Error reporting task backlog information: IOError: 
[2022-01-12 12:33:51,308 I 165331 165653] raylet_client.cc:336: Error reporting task backlog information: IOError: 
[2022-01-12 12:33:52,308 I 165331 165653] raylet_client.cc:336: Error reporting task backlog information: IOError: 
[2022-01-12 12:33:53,308 I 165331 165653] raylet_client.cc:336: Error reporting task backlog information: IOError: 
[2022-01-12 12:33:54,308 I 165331 165653] raylet_client.cc:336: Error reporting task backlog information: IOError: 
[2022-01-12 12:33:55,309 I 165331 165653] raylet_client.cc:336: Error reporting task backlog information: IOError: 
[2022-01-12 12:33:55,784 W 165331 165654] metric_exporter.cc:206: Export metrics to agent failed: IOError: . This won't affect Ray, but you can lose metrics from the cluster.
[2022-01-12 12:33:56,309 I 165331 165653] raylet_client.cc:336: Error reporting task backlog information: IOError: 
[2022-01-12 12:33:57,309 I 165331 165653] raylet_client.cc:336: Error reporting task backlog information: IOError: 
[2022-01-12 12:33:58,309 I 165331 165653] raylet_client.cc:336: Error reporting task backlog information: IOError: 
[2022-01-12 12:33:59,309 I 165331 165653] raylet_client.cc:336: Error reporting task backlog information: IOError: 
[2022-01-12 12:34:00,309 I 165331 165653] raylet_client.cc:336: Error reporting task backlog information: IOError: 
[2022-01-12 12:34:01,309 I 165331 165653] raylet_client.cc:336: Error reporting task backlog information: IOError: 
[2022-01-12 12:34:02,309 I 165331 165653] raylet_client.cc:336: Error reporting task backlog information: IOError: 
[2022-01-12 12:34:03,309 I 165331 165653] raylet_client.cc:336: Error reporting task backlog information: IOError: 
[2022-01-12 12:34:04,309 I 165331 165653] raylet_client.cc:336: Error reporting task backlog information: IOError: 
[2022-01-12 12:34:05,310 I 165331 165653] raylet_client.cc:336: Error reporting task backlog information: IOError: 
[2022-01-12 12:34:05,798 W 165331 165654] metric_exporter.cc:206: Export metrics to agent failed: IOError: . This won't affect Ray, but you can lose metrics from the cluster.
[2022-01-12 12:34:06,310 I 165331 165653] raylet_client.cc:336: Error reporting task backlog information: IOError: 
[2022-01-12 12:34:07,310 I 165331 165653] raylet_client.cc:336: Error reporting task backlog information: IOError: 
[2022-01-12 12:34:08,310 I 165331 165653] raylet_client.cc:336: Error reporting task backlog information: IOError: 
[2022-01-12 12:34:09,310 I 165331 165653] raylet_client.cc:336: Error reporting task backlog information: IOError: 
[2022-01-12 12:34:10,310 I 165331 165653] raylet_client.cc:336: Error reporting task backlog information: IOError: 
[2022-01-12 12:34:11,310 I 165331 165653] raylet_client.cc:336: Error reporting task backlog information: IOError: 
[2022-01-12 12:34:12,310 I 165331 165653] raylet_client.cc:336: Error reporting task backlog information: IOError: 
[2022-01-12 12:34:13,310 I 165331 165653] raylet_client.cc:336: Error reporting task backlog information: IOError: 
[2022-01-12 12:34:14,311 I 165331 165653] raylet_client.cc:336: Error reporting task backlog information: IOError: 
[2022-01-12 12:34:15,311 I 165331 165653] raylet_client.cc:336: Error reporting task backlog information: IOError: 
[2022-01-12 12:34:15,808 W 165331 165654] metric_exporter.cc:206: Export metrics to agent failed: IOError: . This won't affect Ray, but you can lose metrics from the cluster.
[2022-01-12 12:34:16,311 I 165331 165653] raylet_client.cc:336: Error reporting task backlog information: IOError: 
[2022-01-12 12:34:17,311 I 165331 165653] raylet_client.cc:336: Error reporting task backlog information: IOError: 
[2022-01-12 12:34:18,311 I 165331 165653] raylet_client.cc:336: Error reporting task backlog information: IOError: 
[2022-01-12 12:34:19,311 I 165331 165653] raylet_client.cc:336: Error reporting task backlog information: IOError: 
[2022-01-12 12:34:20,311 I 165331 165653] raylet_client.cc:336: Error reporting task backlog information: IOError: 
[2022-01-12 12:34:21,311 I 165331 165653] raylet_client.cc:336: Error reporting task backlog information: IOError: 
[2022-01-12 12:34:22,312 I 165331 165653] raylet_client.cc:336: Error reporting task backlog information: IOError: 
[2022-01-12 12:34:23,312 I 165331 165653] raylet_client.cc:336: Error reporting task backlog information: IOError: 
[2022-01-12 12:34:24,312 I 165331 165653] raylet_client.cc:336: Error reporting task backlog information: IOError: 
[2022-01-12 12:34:25,312 I 165331 165653] raylet_client.cc:336: Error reporting task backlog information: IOError: 
[2022-01-12 12:34:25,825 W 165331 165654] metric_exporter.cc:206: Export metrics to agent failed: IOError: . This won't affect Ray, but you can lose metrics from the cluster.
[2022-01-12 12:34:26,312 I 165331 165653] raylet_client.cc:336: Error reporting task backlog information: IOError: 
[2022-01-12 12:34:27,312 I 165331 165653] raylet_client.cc:336: Error reporting task backlog information: IOError: 
[2022-01-12 12:34:28,312 I 165331 165653] raylet_client.cc:336: Error reporting task backlog information: IOError: 
[2022-01-12 12:34:29,312 I 165331 165653] raylet_client.cc:336: Error reporting task backlog information: IOError: 
[2022-01-12 12:34:30,312 I 165331 165653] raylet_client.cc:336: Error reporting task backlog information: IOError: 
[2022-01-12 12:34:31,313 I 165331 165653] raylet_client.cc:336: Error reporting task backlog information: IOError: 
[2022-01-12 12:34:32,313 I 165331 165653] raylet_client.cc:336: Error reporting task backlog information: IOError: 
[2022-01-12 12:34:33,313 I 165331 165653] raylet_client.cc:336: Error reporting task backlog information: IOError: 
[2022-01-12 12:34:34,313 I 165331 165653] raylet_client.cc:336: Error reporting task backlog information: IOError: 
[2022-01-12 12:34:35,313 I 165331 165653] raylet_client.cc:336: Error reporting task backlog information: IOError: 
[2022-01-12 12:34:35,835 W 165331 165654] metric_exporter.cc:206: Export metrics to agent failed: IOError: . This won't affect Ray, but you can lose metrics from the cluster.
[2022-01-12 12:34:36,313 I 165331 165653] raylet_client.cc:336: Error reporting task backlog information: IOError: 
[2022-01-12 12:34:37,313 I 165331 165653] raylet_client.cc:336: Error reporting task backlog information: IOError: 
[2022-01-12 12:34:38,313 I 165331 165653] raylet_client.cc:336: Error reporting task backlog information: IOError: 
[2022-01-12 12:34:39,313 I 165331 165653] raylet_client.cc:336: Error reporting task backlog information: IOError: 
[2022-01-12 12:34:40,314 I 165331 165653] raylet_client.cc:336: Error reporting task backlog information: IOError: 
[2022-01-12 12:34:41,314 I 165331 165653] raylet_client.cc:336: Error reporting task backlog information: IOError: 
[2022-01-12 12:34:42,314 I 165331 165653] raylet_client.cc:336: Error reporting task backlog information: IOError: 
[2022-01-12 12:34:43,314 I 165331 165653] raylet_client.cc:336: Error reporting task backlog information: IOError: 
[2022-01-12 12:34:44,314 I 165331 165653] raylet_client.cc:336: Error reporting task backlog information: IOError: 
[2022-01-12 12:34:45,314 I 165331 165653] raylet_client.cc:336: Error reporting task backlog information: IOError: 
[2022-01-12 12:34:45,844 W 165331 165654] metric_exporter.cc:206: Export metrics to agent failed: IOError: . This won't affect Ray, but you can lose metrics from the cluster.
[2022-01-12 12:34:46,314 I 165331 165653] raylet_client.cc:336: Error reporting task backlog information: IOError: 
[2022-01-12 12:34:47,315 I 165331 165653] raylet_client.cc:336: Error reporting task backlog information: IOError: 
[2022-01-12 12:34:48,315 I 165331 165653] raylet_client.cc:336: Error reporting task backlog information: IOError: 
[2022-01-12 12:34:49,315 I 165331 165653] raylet_client.cc:336: Error reporting task backlog information: IOError: 
[2022-01-12 12:34:50,315 I 165331 165653] raylet_client.cc:336: Error reporting task backlog information: IOError: 
[2022-01-12 12:34:51,315 I 165331 165653] raylet_client.cc:336: Error reporting task backlog information: IOError: 
[2022-01-12 12:34:52,315 I 165331 165653] raylet_client.cc:336: Error reporting task backlog information: IOError: 
[2022-01-12 12:34:53,315 I 165331 165653] raylet_client.cc:336: Error reporting task backlog information: IOError: 
[2022-01-12 12:34:54,316 I 165331 165653] raylet_client.cc:336: Error reporting task backlog information: IOError: 
[2022-01-12 12:34:55,316 I 165331 165653] raylet_client.cc:336: Error reporting task backlog information: IOError: 
[2022-01-12 12:34:55,853 W 165331 165654] metric_exporter.cc:206: Export metrics to agent failed: IOError: . This won't affect Ray, but you can lose metrics from the cluster.
[2022-01-12 12:34:56,316 I 165331 165653] raylet_client.cc:336: Error reporting task backlog information: IOError: 
[2022-01-12 12:34:57,316 I 165331 165653] raylet_client.cc:336: Error reporting task backlog information: IOError: 
[2022-01-12 12:34:58,316 I 165331 165653] raylet_client.cc:336: Error reporting task backlog information: IOError: 
[2022-01-12 12:34:59,316 I 165331 165653] raylet_client.cc:336: Error reporting task backlog information: IOError: 
[2022-01-12 12:35:00,316 I 165331 165653] raylet_client.cc:336: Error reporting task backlog information: IOError: 
[2022-01-12 12:35:01,317 I 165331 165653] raylet_client.cc:336: Error reporting task backlog information: IOError: 
[2022-01-12 12:35:02,317 I 165331 165653] raylet_client.cc:336: Error reporting task backlog information: IOError: 
[2022-01-12 12:35:03,317 I 165331 165653] raylet_client.cc:336: Error reporting task backlog information: IOError: 
[2022-01-12 12:35:04,317 I 165331 165653] raylet_client.cc:336: Error reporting task backlog information: IOError: 
[2022-01-12 12:35:05,317 I 165331 165653] raylet_client.cc:336: Error reporting task backlog information: IOError: 
[2022-01-12 12:35:05,861 W 165331 165654] metric_exporter.cc:206: Export metrics to agent failed: IOError: . This won't affect Ray, but you can lose metrics from the cluster.
[2022-01-12 12:35:06,317 I 165331 165653] raylet_client.cc:336: Error reporting task backlog information: IOError: 
[2022-01-12 12:35:07,318 I 165331 165653] raylet_client.cc:336: Error reporting task backlog information: IOError: 
[2022-01-12 12:35:08,318 I 165331 165653] raylet_client.cc:336: Error reporting task backlog information: IOError: 
[2022-01-12 12:35:09,318 I 165331 165653] raylet_client.cc:336: Error reporting task backlog information: IOError: 
[2022-01-12 12:35:10,318 I 165331 165653] raylet_client.cc:336: Error reporting task backlog information: IOError: 
[2022-01-12 12:35:11,318 I 165331 165653] raylet_client.cc:336: Error reporting task backlog information: IOError: 
[2022-01-12 12:35:12,318 I 165331 165653] raylet_client.cc:336: Error reporting task backlog information: IOError: 
[2022-01-12 12:35:13,318 I 165331 165653] raylet_client.cc:336: Error reporting task backlog information: IOError: 
[2022-01-12 12:35:14,318 I 165331 165653] raylet_client.cc:336: Error reporting task backlog information: IOError: 
[2022-01-12 12:35:15,318 I 165331 165653] raylet_client.cc:336: Error reporting task backlog information: IOError: 
[2022-01-12 12:35:15,868 W 165331 165654] metric_exporter.cc:206: Export metrics to agent failed: IOError: . This won't affect Ray, but you can lose metrics from the cluster.
[2022-01-12 12:35:16,318 I 165331 165653] raylet_client.cc:336: Error reporting task backlog information: IOError: 
[2022-01-12 12:35:17,319 I 165331 165653] raylet_client.cc:336: Error reporting task backlog information: IOError: 
[2022-01-12 12:35:18,319 I 165331 165653] raylet_client.cc:336: Error reporting task backlog information: IOError: 
[2022-01-12 12:35:19,319 I 165331 165653] raylet_client.cc:336: Error reporting task backlog information: IOError: 
[2022-01-12 12:35:20,319 I 165331 165653] raylet_client.cc:336: Error reporting task backlog information: IOError: 
[2022-01-12 12:35:21,319 I 165331 165653] raylet_client.cc:336: Error reporting task backlog information: IOError: 
[2022-01-12 12:35:22,319 I 165331 165653] raylet_client.cc:336: Error reporting task backlog information: IOError: 
[2022-01-12 12:35:23,319 I 165331 165653] raylet_client.cc:336: Error reporting task backlog information: IOError: 
[2022-01-12 12:35:24,319 I 165331 165653] raylet_client.cc:336: Error reporting task backlog information: IOError: 
[2022-01-12 12:35:25,319 I 165331 165653] raylet_client.cc:336: Error reporting task backlog information: IOError: 
[2022-01-12 12:35:25,882 W 165331 165654] metric_exporter.cc:206: Export metrics to agent failed: IOError: . This won't affect Ray, but you can lose metrics from the cluster.
[2022-01-12 12:35:26,320 I 165331 165653] raylet_client.cc:336: Error reporting task backlog information: IOError: 
[2022-01-12 12:35:27,320 I 165331 165653] raylet_client.cc:336: Error reporting task backlog information: IOError: 
[2022-01-12 12:35:28,320 I 165331 165653] raylet_client.cc:336: Error reporting task backlog information: IOError: 
[2022-01-12 12:35:29,320 I 165331 165653] raylet_client.cc:336: Error reporting task backlog information: IOError: 
[2022-01-12 12:35:30,320 I 165331 165653] raylet_client.cc:336: Error reporting task backlog information: IOError: 
[2022-01-12 12:35:31,320 I 165331 165653] raylet_client.cc:336: Error reporting task backlog information: IOError: 
[2022-01-12 12:35:32,324 I 165331 165653] raylet_client.cc:336: Error reporting task backlog information: IOError: 
[2022-01-12 12:35:33,324 I 165331 165653] raylet_client.cc:336: Error reporting task backlog information: IOError: 
[2022-01-12 12:35:34,324 I 165331 165653] raylet_client.cc:336: Error reporting task backlog information: IOError: 
[2022-01-12 12:35:35,324 I 165331 165653] raylet_client.cc:336: Error reporting task backlog information: IOError: 
[2022-01-12 12:35:35,889 W 165331 165654] metric_exporter.cc:206: Export metrics to agent failed: IOError: . This won't affect Ray, but you can lose metrics from the cluster.
[2022-01-12 12:35:36,324 I 165331 165653] raylet_client.cc:336: Error reporting task backlog information: IOError: 
[2022-01-12 12:35:37,324 I 165331 165653] raylet_client.cc:336: Error reporting task backlog information: IOError: 
[2022-01-12 12:35:38,324 I 165331 165653] raylet_client.cc:336: Error reporting task backlog information: IOError: 
[2022-01-12 12:35:39,325 I 165331 165653] raylet_client.cc:336: Error reporting task backlog information: IOError: 
[2022-01-12 12:35:40,325 I 165331 165653] raylet_client.cc:336: Error reporting task backlog information: IOError: 
[2022-01-12 12:35:41,325 I 165331 165653] raylet_client.cc:336: Error reporting task backlog information: IOError: 
[2022-01-12 12:35:42,325 I 165331 165653] raylet_client.cc:336: Error reporting task backlog information: IOError: 
[2022-01-12 12:35:43,325 I 165331 165653] raylet_client.cc:336: Error reporting task backlog information: IOError: 
[2022-01-12 12:35:44,326 I 165331 165653] raylet_client.cc:336: Error reporting task backlog information: IOError: 
[2022-01-12 12:35:45,326 I 165331 165653] raylet_client.cc:336: Error reporting task backlog information: IOError: 
[2022-01-12 12:35:45,900 W 165331 165654] metric_exporter.cc:206: Export metrics to agent failed: IOError: . This won't affect Ray, but you can lose metrics from the cluster.
[2022-01-12 12:35:46,326 I 165331 165653] raylet_client.cc:336: Error reporting task backlog information: IOError: 
[2022-01-12 12:35:47,326 I 165331 165653] raylet_client.cc:336: Error reporting task backlog information: IOError: 
[2022-01-12 12:35:48,327 I 165331 165653] raylet_client.cc:336: Error reporting task backlog information: IOError: 
[2022-01-12 12:35:49,327 I 165331 165653] raylet_client.cc:336: Error reporting task backlog information: IOError: 
[2022-01-12 12:35:50,327 I 165331 165653] raylet_client.cc:336: Error reporting task backlog information: IOError: 
[2022-01-12 12:35:51,327 I 165331 165653] raylet_client.cc:336: Error reporting task backlog information: IOError: 
[2022-01-12 12:35:52,328 I 165331 165653] raylet_client.cc:336: Error reporting task backlog information: IOError: 
[2022-01-12 12:35:53,328 I 165331 165653] raylet_client.cc:336: Error reporting task backlog information: IOError: 
[2022-01-12 12:36:43,983 W 165331 165654] metric_exporter.cc:206: Export metrics to agent failed: IOError: . This won't affect Ray, but you can lose metrics from the cluster.
[2022-01-12 12:36:46,001 I 165331 165653] raylet_client.cc:336: Error reporting task backlog information: IOError: 
