[2022-01-10 14:03:39,359 I 12494 12494] core_worker.cc:132: Constructing CoreWorkerProcess. pid: 12494
[2022-01-10 14:03:39,432 I 12494 12494] grpc_server.cc:112: worker server started, listening on port 35519.
[2022-01-10 14:03:39,436 I 12494 12494] core_worker.cc:479: Initializing worker at address: 131.215.21.210:35519, worker ID cca8f45882a7d115322398050a475b16fa9b7183ddddda3cd2f395c4, raylet 3444c778f652fd30b3f7a78105bf12c5ae0cba4ca1617cef66bc1163
[2022-01-10 14:03:39,545 I 12494 12494] io_service_pool.cc:35: IOServicePool is running with 1 io_service.
[2022-01-10 14:03:39,546 I 12494 12712] accessor.cc:560: Received notification for node id = 3444c778f652fd30b3f7a78105bf12c5ae0cba4ca1617cef66bc1163, IsAlive = 1
[2022-01-10 14:04:13,444 W 12494 12577] gcs_server_address_updater.cc:61: [1] Failed to get the gcs server address from raylet 1 times in a row. If it keeps failing to obtain the address, the worker might crash. Connection status IOError: 
[2022-01-10 14:04:14,444 I 12494 12712] raylet_client.cc:336: Error reporting task backlog information: IOError: 
[2022-01-10 14:04:14,549 I 12494 12712] raylet_client.cc:336: Error reporting task backlog information: IOError: 
[2022-01-10 14:04:15,549 I 12494 12712] raylet_client.cc:336: Error reporting task backlog information: IOError: 
[2022-01-10 14:04:16,549 I 12494 12712] raylet_client.cc:336: Error reporting task backlog information: IOError: 
[2022-01-10 14:04:17,549 I 12494 12712] raylet_client.cc:336: Error reporting task backlog information: IOError: 
[2022-01-10 14:04:18,549 I 12494 12712] raylet_client.cc:336: Error reporting task backlog information: IOError: 
[2022-01-10 14:04:19,549 I 12494 12712] raylet_client.cc:336: Error reporting task backlog information: IOError: 
[2022-01-10 14:04:19,574 W 12494 12715] metric_exporter.cc:206: Export metrics to agent failed: IOError: . This won't affect Ray, but you can lose metrics from the cluster.
[2022-01-10 14:04:20,549 I 12494 12712] raylet_client.cc:336: Error reporting task backlog information: IOError: 
[2022-01-10 14:04:21,549 I 12494 12712] raylet_client.cc:336: Error reporting task backlog information: IOError: 
[2022-01-10 14:04:22,549 I 12494 12712] raylet_client.cc:336: Error reporting task backlog information: IOError: 
[2022-01-10 14:04:23,549 I 12494 12712] raylet_client.cc:336: Error reporting task backlog information: IOError: 
[2022-01-10 14:04:24,549 I 12494 12712] raylet_client.cc:336: Error reporting task backlog information: IOError: 
[2022-01-10 14:04:25,550 I 12494 12712] raylet_client.cc:336: Error reporting task backlog information: IOError: 
[2022-01-10 14:04:26,550 I 12494 12712] raylet_client.cc:336: Error reporting task backlog information: IOError: 
[2022-01-10 14:04:27,550 I 12494 12712] raylet_client.cc:336: Error reporting task backlog information: IOError: 
[2022-01-10 14:04:28,550 I 12494 12712] raylet_client.cc:336: Error reporting task backlog information: IOError: 
[2022-01-10 14:04:29,550 I 12494 12712] raylet_client.cc:336: Error reporting task backlog information: IOError: 
[2022-01-10 14:04:29,581 W 12494 12715] metric_exporter.cc:206: Export metrics to agent failed: IOError: . This won't affect Ray, but you can lose metrics from the cluster.
[2022-01-10 14:04:30,550 I 12494 12712] raylet_client.cc:336: Error reporting task backlog information: IOError: 
[2022-01-10 14:04:31,550 I 12494 12712] raylet_client.cc:336: Error reporting task backlog information: IOError: 
[2022-01-10 14:04:32,550 I 12494 12712] raylet_client.cc:336: Error reporting task backlog information: IOError: 
[2022-01-10 14:04:33,550 I 12494 12712] raylet_client.cc:336: Error reporting task backlog information: IOError: 
[2022-01-10 14:04:34,550 I 12494 12712] raylet_client.cc:336: Error reporting task backlog information: IOError: 
[2022-01-10 14:04:35,550 I 12494 12712] raylet_client.cc:336: Error reporting task backlog information: IOError: 
[2022-01-10 14:04:36,551 I 12494 12712] raylet_client.cc:336: Error reporting task backlog information: IOError: 
[2022-01-10 14:04:37,551 I 12494 12712] raylet_client.cc:336: Error reporting task backlog information: IOError: 
[2022-01-10 14:04:38,551 I 12494 12712] raylet_client.cc:336: Error reporting task backlog information: IOError: 
[2022-01-10 14:04:39,551 I 12494 12712] raylet_client.cc:336: Error reporting task backlog information: IOError: 
[2022-01-10 14:04:39,589 W 12494 12715] metric_exporter.cc:206: Export metrics to agent failed: IOError: . This won't affect Ray, but you can lose metrics from the cluster.
[2022-01-10 14:04:40,551 I 12494 12712] raylet_client.cc:336: Error reporting task backlog information: IOError: 
[2022-01-10 14:04:41,551 I 12494 12712] raylet_client.cc:336: Error reporting task backlog information: IOError: 
[2022-01-10 14:04:42,551 I 12494 12712] raylet_client.cc:336: Error reporting task backlog information: IOError: 
[2022-01-10 14:04:43,551 I 12494 12712] raylet_client.cc:336: Error reporting task backlog information: IOError: 
[2022-01-10 14:04:44,551 I 12494 12712] raylet_client.cc:336: Error reporting task backlog information: IOError: 
[2022-01-10 14:04:45,551 I 12494 12712] raylet_client.cc:336: Error reporting task backlog information: IOError: 
[2022-01-10 14:04:46,551 I 12494 12712] raylet_client.cc:336: Error reporting task backlog information: IOError: 
[2022-01-10 14:04:47,551 I 12494 12712] raylet_client.cc:336: Error reporting task backlog information: IOError: 
[2022-01-10 14:04:48,551 I 12494 12712] raylet_client.cc:336: Error reporting task backlog information: IOError: 
[2022-01-10 14:04:49,551 I 12494 12712] raylet_client.cc:336: Error reporting task backlog information: IOError: 
[2022-01-10 14:04:49,596 W 12494 12715] metric_exporter.cc:206: Export metrics to agent failed: IOError: . This won't affect Ray, but you can lose metrics from the cluster.
[2022-01-10 14:04:50,551 I 12494 12712] raylet_client.cc:336: Error reporting task backlog information: IOError: 
[2022-01-10 14:04:51,552 I 12494 12712] raylet_client.cc:336: Error reporting task backlog information: IOError: 
[2022-01-10 14:04:52,552 I 12494 12712] raylet_client.cc:336: Error reporting task backlog information: IOError: 
[2022-01-10 14:04:53,552 I 12494 12712] raylet_client.cc:336: Error reporting task backlog information: IOError: 
[2022-01-10 14:04:54,552 I 12494 12712] raylet_client.cc:336: Error reporting task backlog information: IOError: 
[2022-01-10 14:04:55,552 I 12494 12712] raylet_client.cc:336: Error reporting task backlog information: IOError: 
[2022-01-10 14:04:56,552 I 12494 12712] raylet_client.cc:336: Error reporting task backlog information: IOError: 
[2022-01-10 14:04:57,552 I 12494 12712] raylet_client.cc:336: Error reporting task backlog information: IOError: 
[2022-01-10 14:04:58,552 I 12494 12712] raylet_client.cc:336: Error reporting task backlog information: IOError: 
[2022-01-10 14:04:59,552 I 12494 12712] raylet_client.cc:336: Error reporting task backlog information: IOError: 
[2022-01-10 14:04:59,602 W 12494 12715] metric_exporter.cc:206: Export metrics to agent failed: IOError: . This won't affect Ray, but you can lose metrics from the cluster.
[2022-01-10 14:05:00,552 I 12494 12712] raylet_client.cc:336: Error reporting task backlog information: IOError: 
[2022-01-10 14:05:01,552 I 12494 12712] raylet_client.cc:336: Error reporting task backlog information: IOError: 
[2022-01-10 14:05:02,552 I 12494 12712] raylet_client.cc:336: Error reporting task backlog information: IOError: 
[2022-01-10 14:05:03,552 I 12494 12712] raylet_client.cc:336: Error reporting task backlog information: IOError: 
[2022-01-10 14:05:04,552 I 12494 12712] raylet_client.cc:336: Error reporting task backlog information: IOError: 
[2022-01-10 14:05:05,552 I 12494 12712] raylet_client.cc:336: Error reporting task backlog information: IOError: 
[2022-01-10 14:05:06,553 I 12494 12712] raylet_client.cc:336: Error reporting task backlog information: IOError: 
[2022-01-10 14:05:07,553 I 12494 12712] raylet_client.cc:336: Error reporting task backlog information: IOError: 
[2022-01-10 14:05:08,553 I 12494 12712] raylet_client.cc:336: Error reporting task backlog information: IOError: 
[2022-01-10 14:05:09,553 I 12494 12712] raylet_client.cc:336: Error reporting task backlog information: IOError: 
[2022-01-10 14:05:09,610 W 12494 12715] metric_exporter.cc:206: Export metrics to agent failed: IOError: . This won't affect Ray, but you can lose metrics from the cluster.
[2022-01-10 14:05:10,553 I 12494 12712] raylet_client.cc:336: Error reporting task backlog information: IOError: 
[2022-01-10 14:05:11,553 I 12494 12712] raylet_client.cc:336: Error reporting task backlog information: IOError: 
[2022-01-10 14:05:12,553 I 12494 12712] raylet_client.cc:336: Error reporting task backlog information: IOError: 
[2022-01-10 14:05:13,553 I 12494 12712] raylet_client.cc:336: Error reporting task backlog information: IOError: 
[2022-01-10 14:05:14,553 I 12494 12712] raylet_client.cc:336: Error reporting task backlog information: IOError: 
[2022-01-10 14:05:15,553 I 12494 12712] raylet_client.cc:336: Error reporting task backlog information: IOError: 
[2022-01-10 14:05:16,553 I 12494 12712] raylet_client.cc:336: Error reporting task backlog information: IOError: 
[2022-01-10 14:05:17,553 I 12494 12712] raylet_client.cc:336: Error reporting task backlog information: IOError: 
[2022-01-10 14:05:18,554 I 12494 12712] raylet_client.cc:336: Error reporting task backlog information: IOError: 
[2022-01-10 14:05:19,554 I 12494 12712] raylet_client.cc:336: Error reporting task backlog information: IOError: 
[2022-01-10 14:05:19,617 W 12494 12715] metric_exporter.cc:206: Export metrics to agent failed: IOError: . This won't affect Ray, but you can lose metrics from the cluster.
[2022-01-10 14:05:20,554 I 12494 12712] raylet_client.cc:336: Error reporting task backlog information: IOError: 
[2022-01-10 14:05:21,554 I 12494 12712] raylet_client.cc:336: Error reporting task backlog information: IOError: 
[2022-01-10 14:05:22,554 I 12494 12712] raylet_client.cc:336: Error reporting task backlog information: IOError: 
[2022-01-10 14:05:23,554 I 12494 12712] raylet_client.cc:336: Error reporting task backlog information: IOError: 
[2022-01-10 14:05:24,554 I 12494 12712] raylet_client.cc:336: Error reporting task backlog information: IOError: 
[2022-01-10 14:05:25,554 I 12494 12712] raylet_client.cc:336: Error reporting task backlog information: IOError: 
[2022-01-10 14:05:26,554 I 12494 12712] raylet_client.cc:336: Error reporting task backlog information: IOError: 
[2022-01-10 14:05:27,554 I 12494 12712] raylet_client.cc:336: Error reporting task backlog information: IOError: 
[2022-01-10 14:05:28,554 I 12494 12712] raylet_client.cc:336: Error reporting task backlog information: IOError: 
[2022-01-10 14:05:29,554 I 12494 12712] raylet_client.cc:336: Error reporting task backlog information: IOError: 
[2022-01-10 14:05:29,624 W 12494 12715] metric_exporter.cc:206: Export metrics to agent failed: IOError: . This won't affect Ray, but you can lose metrics from the cluster.
[2022-01-10 14:05:30,554 I 12494 12712] raylet_client.cc:336: Error reporting task backlog information: IOError: 
[2022-01-10 14:05:31,554 I 12494 12712] raylet_client.cc:336: Error reporting task backlog information: IOError: 
[2022-01-10 14:05:32,555 I 12494 12712] raylet_client.cc:336: Error reporting task backlog information: IOError: 
[2022-01-10 14:05:33,555 I 12494 12712] raylet_client.cc:336: Error reporting task backlog information: IOError: 
[2022-01-10 14:05:34,555 I 12494 12712] raylet_client.cc:336: Error reporting task backlog information: IOError: 
[2022-01-10 14:05:35,555 I 12494 12712] raylet_client.cc:336: Error reporting task backlog information: IOError: 
[2022-01-10 14:05:36,555 I 12494 12712] raylet_client.cc:336: Error reporting task backlog information: IOError: 
[2022-01-10 14:05:37,555 I 12494 12712] raylet_client.cc:336: Error reporting task backlog information: IOError: 
[2022-01-10 14:05:38,555 I 12494 12712] raylet_client.cc:336: Error reporting task backlog information: IOError: 
[2022-01-10 14:05:39,555 I 12494 12712] raylet_client.cc:336: Error reporting task backlog information: IOError: 
[2022-01-10 14:05:39,631 W 12494 12715] metric_exporter.cc:206: Export metrics to agent failed: IOError: . This won't affect Ray, but you can lose metrics from the cluster.
[2022-01-10 14:05:40,555 I 12494 12712] raylet_client.cc:336: Error reporting task backlog information: IOError: 
[2022-01-10 14:05:41,555 I 12494 12712] raylet_client.cc:336: Error reporting task backlog information: IOError: 
[2022-01-10 14:05:42,555 I 12494 12712] raylet_client.cc:336: Error reporting task backlog information: IOError: 
[2022-01-10 14:05:43,555 I 12494 12712] raylet_client.cc:336: Error reporting task backlog information: IOError: 
[2022-01-10 14:05:44,555 I 12494 12712] raylet_client.cc:336: Error reporting task backlog information: IOError: 
[2022-01-10 14:05:45,555 I 12494 12712] raylet_client.cc:336: Error reporting task backlog information: IOError: 
[2022-01-10 14:05:46,556 I 12494 12712] raylet_client.cc:336: Error reporting task backlog information: IOError: 
[2022-01-10 14:05:47,556 I 12494 12712] raylet_client.cc:336: Error reporting task backlog information: IOError: 
[2022-01-10 14:05:48,556 I 12494 12712] raylet_client.cc:336: Error reporting task backlog information: IOError: 
[2022-01-10 14:05:49,556 I 12494 12712] raylet_client.cc:336: Error reporting task backlog information: IOError: 
[2022-01-10 14:05:49,637 W 12494 12715] metric_exporter.cc:206: Export metrics to agent failed: IOError: . This won't affect Ray, but you can lose metrics from the cluster.
[2022-01-10 14:05:50,556 I 12494 12712] raylet_client.cc:336: Error reporting task backlog information: IOError: 
[2022-01-10 14:05:51,556 I 12494 12712] raylet_client.cc:336: Error reporting task backlog information: IOError: 
[2022-01-10 14:05:52,556 I 12494 12712] raylet_client.cc:336: Error reporting task backlog information: IOError: 
[2022-01-10 14:05:53,556 I 12494 12712] raylet_client.cc:336: Error reporting task backlog information: IOError: 
[2022-01-10 14:05:54,556 I 12494 12712] raylet_client.cc:336: Error reporting task backlog information: IOError: 
[2022-01-10 14:05:55,556 I 12494 12712] raylet_client.cc:336: Error reporting task backlog information: IOError: 
[2022-01-10 14:05:56,556 I 12494 12712] raylet_client.cc:336: Error reporting task backlog information: IOError: 
[2022-01-10 14:05:57,556 I 12494 12712] raylet_client.cc:336: Error reporting task backlog information: IOError: 
[2022-01-10 14:05:58,557 I 12494 12712] raylet_client.cc:336: Error reporting task backlog information: IOError: 
[2022-01-10 14:05:59,557 I 12494 12712] raylet_client.cc:336: Error reporting task backlog information: IOError: 
[2022-01-10 14:05:59,645 W 12494 12715] metric_exporter.cc:206: Export metrics to agent failed: IOError: . This won't affect Ray, but you can lose metrics from the cluster.
[2022-01-10 14:06:00,557 I 12494 12712] raylet_client.cc:336: Error reporting task backlog information: IOError: 
[2022-01-10 14:06:01,557 I 12494 12712] raylet_client.cc:336: Error reporting task backlog information: IOError: 
[2022-01-10 14:06:02,557 I 12494 12712] raylet_client.cc:336: Error reporting task backlog information: IOError: 
[2022-01-10 14:06:03,557 I 12494 12712] raylet_client.cc:336: Error reporting task backlog information: IOError: 
[2022-01-10 14:06:04,557 I 12494 12712] raylet_client.cc:336: Error reporting task backlog information: IOError: 
[2022-01-10 14:06:05,557 I 12494 12712] raylet_client.cc:336: Error reporting task backlog information: IOError: 
[2022-01-10 14:06:06,557 I 12494 12712] raylet_client.cc:336: Error reporting task backlog information: IOError: 
[2022-01-10 14:06:07,557 I 12494 12712] raylet_client.cc:336: Error reporting task backlog information: IOError: 
[2022-01-10 14:06:08,557 I 12494 12712] raylet_client.cc:336: Error reporting task backlog information: IOError: 
[2022-01-10 14:06:09,557 I 12494 12712] raylet_client.cc:336: Error reporting task backlog information: IOError: 
[2022-01-10 14:06:09,652 W 12494 12715] metric_exporter.cc:206: Export metrics to agent failed: IOError: . This won't affect Ray, but you can lose metrics from the cluster.
[2022-01-10 14:06:10,557 I 12494 12712] raylet_client.cc:336: Error reporting task backlog information: IOError: 
[2022-01-10 14:06:11,557 I 12494 12712] raylet_client.cc:336: Error reporting task backlog information: IOError: 
[2022-01-10 14:06:12,562 I 12494 12712] raylet_client.cc:336: Error reporting task backlog information: IOError: 
[2022-01-10 14:06:13,562 I 12494 12712] raylet_client.cc:336: Error reporting task backlog information: IOError: 
[2022-01-10 14:06:14,562 I 12494 12712] raylet_client.cc:336: Error reporting task backlog information: IOError: 
[2022-01-10 14:06:15,562 I 12494 12712] raylet_client.cc:336: Error reporting task backlog information: IOError: 
[2022-01-10 14:06:16,563 I 12494 12712] raylet_client.cc:336: Error reporting task backlog information: IOError: 
[2022-01-10 14:06:17,563 I 12494 12712] raylet_client.cc:336: Error reporting task backlog information: IOError: 
[2022-01-10 14:06:18,563 I 12494 12712] raylet_client.cc:336: Error reporting task backlog information: IOError: 
[2022-01-10 14:06:19,563 I 12494 12712] raylet_client.cc:336: Error reporting task backlog information: IOError: 
[2022-01-10 14:06:19,660 W 12494 12715] metric_exporter.cc:206: Export metrics to agent failed: IOError: . This won't affect Ray, but you can lose metrics from the cluster.
[2022-01-10 14:06:20,563 I 12494 12712] raylet_client.cc:336: Error reporting task backlog information: IOError: 
[2022-01-10 14:06:21,563 I 12494 12712] raylet_client.cc:336: Error reporting task backlog information: IOError: 
[2022-01-10 14:06:22,563 I 12494 12712] raylet_client.cc:336: Error reporting task backlog information: IOError: 
[2022-01-10 14:06:23,563 I 12494 12712] raylet_client.cc:336: Error reporting task backlog information: IOError: 
[2022-01-10 14:06:24,563 I 12494 12712] raylet_client.cc:336: Error reporting task backlog information: IOError: 
[2022-01-10 14:06:25,563 I 12494 12712] raylet_client.cc:336: Error reporting task backlog information: IOError: 
[2022-01-10 14:06:26,563 I 12494 12712] raylet_client.cc:336: Error reporting task backlog information: IOError: 
[2022-01-10 14:06:27,563 I 12494 12712] raylet_client.cc:336: Error reporting task backlog information: IOError: 
[2022-01-10 14:06:28,563 I 12494 12712] raylet_client.cc:336: Error reporting task backlog information: IOError: 
[2022-01-10 14:06:29,563 I 12494 12712] raylet_client.cc:336: Error reporting task backlog information: IOError: 
[2022-01-10 14:06:29,666 W 12494 12715] metric_exporter.cc:206: Export metrics to agent failed: IOError: . This won't affect Ray, but you can lose metrics from the cluster.
[2022-01-10 14:06:30,563 I 12494 12712] raylet_client.cc:336: Error reporting task backlog information: IOError: 
[2022-01-10 14:06:31,564 I 12494 12712] raylet_client.cc:336: Error reporting task backlog information: IOError: 
[2022-01-10 14:06:32,564 I 12494 12712] raylet_client.cc:336: Error reporting task backlog information: IOError: 
[2022-01-10 14:06:33,564 I 12494 12712] raylet_client.cc:336: Error reporting task backlog information: IOError: 
[2022-01-10 14:06:34,564 I 12494 12712] raylet_client.cc:336: Error reporting task backlog information: IOError: 
[2022-01-10 14:06:35,564 I 12494 12712] raylet_client.cc:336: Error reporting task backlog information: IOError: 
[2022-01-10 14:06:36,564 I 12494 12712] raylet_client.cc:336: Error reporting task backlog information: IOError: 
[2022-01-10 14:06:37,564 I 12494 12712] raylet_client.cc:336: Error reporting task backlog information: IOError: 
[2022-01-10 14:06:38,564 I 12494 12712] raylet_client.cc:336: Error reporting task backlog information: IOError: 
[2022-01-10 14:06:39,564 I 12494 12712] raylet_client.cc:336: Error reporting task backlog information: IOError: 
[2022-01-10 14:06:39,672 W 12494 12715] metric_exporter.cc:206: Export metrics to agent failed: IOError: . This won't affect Ray, but you can lose metrics from the cluster.
[2022-01-10 14:06:40,564 I 12494 12712] raylet_client.cc:336: Error reporting task backlog information: IOError: 
[2022-01-10 14:06:41,564 I 12494 12712] raylet_client.cc:336: Error reporting task backlog information: IOError: 
[2022-01-10 14:06:42,564 I 12494 12712] raylet_client.cc:336: Error reporting task backlog information: IOError: 
[2022-01-10 14:06:43,564 I 12494 12712] raylet_client.cc:336: Error reporting task backlog information: IOError: 
[2022-01-10 14:06:44,564 I 12494 12712] raylet_client.cc:336: Error reporting task backlog information: IOError: 
[2022-01-10 14:06:45,564 I 12494 12712] raylet_client.cc:336: Error reporting task backlog information: IOError: 
[2022-01-10 14:06:46,564 I 12494 12712] raylet_client.cc:336: Error reporting task backlog information: IOError: 
[2022-01-10 14:06:47,565 I 12494 12712] raylet_client.cc:336: Error reporting task backlog information: IOError: 
[2022-01-10 14:06:48,565 I 12494 12712] raylet_client.cc:336: Error reporting task backlog information: IOError: 
[2022-01-10 14:06:49,565 I 12494 12712] raylet_client.cc:336: Error reporting task backlog information: IOError: 
[2022-01-10 14:06:49,689 W 12494 12715] metric_exporter.cc:206: Export metrics to agent failed: IOError: . This won't affect Ray, but you can lose metrics from the cluster.
[2022-01-10 14:06:50,565 I 12494 12712] raylet_client.cc:336: Error reporting task backlog information: IOError: 
[2022-01-10 14:06:51,565 I 12494 12712] raylet_client.cc:336: Error reporting task backlog information: IOError: 
[2022-01-10 14:06:52,565 I 12494 12712] raylet_client.cc:336: Error reporting task backlog information: IOError: 
[2022-01-10 14:06:53,565 I 12494 12712] raylet_client.cc:336: Error reporting task backlog information: IOError: 
[2022-01-10 14:06:54,565 I 12494 12712] raylet_client.cc:336: Error reporting task backlog information: IOError: 
[2022-01-10 14:06:55,565 I 12494 12712] raylet_client.cc:336: Error reporting task backlog information: IOError: 
[2022-01-10 14:06:56,566 I 12494 12712] raylet_client.cc:336: Error reporting task backlog information: IOError: 
[2022-01-10 14:06:57,566 I 12494 12712] raylet_client.cc:336: Error reporting task backlog information: IOError: 
[2022-01-10 14:06:58,566 I 12494 12712] raylet_client.cc:336: Error reporting task backlog information: IOError: 
[2022-01-10 14:06:59,566 I 12494 12712] raylet_client.cc:336: Error reporting task backlog information: IOError: 
[2022-01-10 14:06:59,696 W 12494 12715] metric_exporter.cc:206: Export metrics to agent failed: IOError: . This won't affect Ray, but you can lose metrics from the cluster.
[2022-01-10 14:07:00,566 I 12494 12712] raylet_client.cc:336: Error reporting task backlog information: IOError: 
[2022-01-10 14:07:01,566 I 12494 12712] raylet_client.cc:336: Error reporting task backlog information: IOError: 
[2022-01-10 14:07:02,566 I 12494 12712] raylet_client.cc:336: Error reporting task backlog information: IOError: 
[2022-01-10 14:07:03,566 I 12494 12712] raylet_client.cc:336: Error reporting task backlog information: IOError: 
[2022-01-10 14:07:04,566 I 12494 12712] raylet_client.cc:336: Error reporting task backlog information: IOError: 
[2022-01-10 14:07:05,566 I 12494 12712] raylet_client.cc:336: Error reporting task backlog information: IOError: 
[2022-01-10 14:07:06,566 I 12494 12712] raylet_client.cc:336: Error reporting task backlog information: IOError: 
[2022-01-10 14:07:07,566 I 12494 12712] raylet_client.cc:336: Error reporting task backlog information: IOError: 
[2022-01-10 14:07:08,566 I 12494 12712] raylet_client.cc:336: Error reporting task backlog information: IOError: 
[2022-01-10 14:07:09,567 I 12494 12712] raylet_client.cc:336: Error reporting task backlog information: IOError: 
[2022-01-10 14:07:09,703 W 12494 12715] metric_exporter.cc:206: Export metrics to agent failed: IOError: . This won't affect Ray, but you can lose metrics from the cluster.
[2022-01-10 14:07:10,567 I 12494 12712] raylet_client.cc:336: Error reporting task backlog information: IOError: 
[2022-01-10 14:07:11,567 I 12494 12712] raylet_client.cc:336: Error reporting task backlog information: IOError: 
[2022-01-10 14:07:12,567 I 12494 12712] raylet_client.cc:336: Error reporting task backlog information: IOError: 
[2022-01-10 14:07:13,567 I 12494 12712] raylet_client.cc:336: Error reporting task backlog information: IOError: 
[2022-01-10 14:07:14,567 I 12494 12712] raylet_client.cc:336: Error reporting task backlog information: IOError: 
[2022-01-10 14:07:15,567 I 12494 12712] raylet_client.cc:336: Error reporting task backlog information: IOError: 
[2022-01-10 14:07:16,567 I 12494 12712] raylet_client.cc:336: Error reporting task backlog information: IOError: 
[2022-01-10 14:07:17,567 I 12494 12712] raylet_client.cc:336: Error reporting task backlog information: IOError: 
[2022-01-10 14:07:18,567 I 12494 12712] raylet_client.cc:336: Error reporting task backlog information: IOError: 
[2022-01-10 14:07:19,567 I 12494 12712] raylet_client.cc:336: Error reporting task backlog information: IOError: 
[2022-01-10 14:07:19,715 W 12494 12715] metric_exporter.cc:206: Export metrics to agent failed: IOError: . This won't affect Ray, but you can lose metrics from the cluster.
[2022-01-10 14:07:20,567 I 12494 12712] raylet_client.cc:336: Error reporting task backlog information: IOError: 
[2022-01-10 14:07:21,567 I 12494 12712] raylet_client.cc:336: Error reporting task backlog information: IOError: 
[2022-01-10 14:07:22,567 I 12494 12712] raylet_client.cc:336: Error reporting task backlog information: IOError: 
[2022-01-10 14:07:23,567 I 12494 12712] raylet_client.cc:336: Error reporting task backlog information: IOError: 
[2022-01-10 14:07:24,567 I 12494 12712] raylet_client.cc:336: Error reporting task backlog information: IOError: 
[2022-01-10 14:07:25,568 I 12494 12712] raylet_client.cc:336: Error reporting task backlog information: IOError: 
[2022-01-10 14:07:26,568 I 12494 12712] raylet_client.cc:336: Error reporting task backlog information: IOError: 
[2022-01-10 14:07:27,568 I 12494 12712] raylet_client.cc:336: Error reporting task backlog information: IOError: 
[2022-01-10 14:07:28,568 I 12494 12712] raylet_client.cc:336: Error reporting task backlog information: IOError: 
[2022-01-10 14:07:29,568 I 12494 12712] raylet_client.cc:336: Error reporting task backlog information: IOError: 
[2022-01-10 14:07:29,722 W 12494 12715] metric_exporter.cc:206: Export metrics to agent failed: IOError: . This won't affect Ray, but you can lose metrics from the cluster.
[2022-01-10 14:07:30,568 I 12494 12712] raylet_client.cc:336: Error reporting task backlog information: IOError: 
[2022-01-10 14:07:31,568 I 12494 12712] raylet_client.cc:336: Error reporting task backlog information: IOError: 
[2022-01-10 14:07:32,568 I 12494 12712] raylet_client.cc:336: Error reporting task backlog information: IOError: 
[2022-01-10 14:07:33,568 I 12494 12712] raylet_client.cc:336: Error reporting task backlog information: IOError: 
[2022-01-10 14:07:34,568 I 12494 12712] raylet_client.cc:336: Error reporting task backlog information: IOError: 
[2022-01-10 14:07:35,568 I 12494 12712] raylet_client.cc:336: Error reporting task backlog information: IOError: 
[2022-01-10 14:07:36,568 I 12494 12712] raylet_client.cc:336: Error reporting task backlog information: IOError: 
[2022-01-10 14:07:37,568 I 12494 12712] raylet_client.cc:336: Error reporting task backlog information: IOError: 
[2022-01-10 14:07:38,568 I 12494 12712] raylet_client.cc:336: Error reporting task backlog information: IOError: 
[2022-01-10 14:07:39,568 I 12494 12712] raylet_client.cc:336: Error reporting task backlog information: IOError: 
[2022-01-10 14:07:39,728 W 12494 12715] metric_exporter.cc:206: Export metrics to agent failed: IOError: . This won't affect Ray, but you can lose metrics from the cluster.
[2022-01-10 14:07:40,568 I 12494 12712] raylet_client.cc:336: Error reporting task backlog information: IOError: 
[2022-01-10 14:07:41,569 I 12494 12712] raylet_client.cc:336: Error reporting task backlog information: IOError: 
[2022-01-10 14:07:42,569 I 12494 12712] raylet_client.cc:336: Error reporting task backlog information: IOError: 
[2022-01-10 14:07:43,569 I 12494 12712] raylet_client.cc:336: Error reporting task backlog information: IOError: 
[2022-01-10 14:07:44,569 I 12494 12712] raylet_client.cc:336: Error reporting task backlog information: IOError: 
[2022-01-10 14:07:45,569 I 12494 12712] raylet_client.cc:336: Error reporting task backlog information: IOError: 
[2022-01-10 14:07:46,569 I 12494 12712] raylet_client.cc:336: Error reporting task backlog information: IOError: 
[2022-01-10 14:07:47,569 I 12494 12712] raylet_client.cc:336: Error reporting task backlog information: IOError: 
[2022-01-10 14:07:48,569 I 12494 12712] raylet_client.cc:336: Error reporting task backlog information: IOError: 
[2022-01-10 14:07:49,569 I 12494 12712] raylet_client.cc:336: Error reporting task backlog information: IOError: 
[2022-01-10 14:07:49,735 W 12494 12715] metric_exporter.cc:206: Export metrics to agent failed: IOError: . This won't affect Ray, but you can lose metrics from the cluster.
[2022-01-10 14:07:50,569 I 12494 12712] raylet_client.cc:336: Error reporting task backlog information: IOError: 
[2022-01-10 14:07:51,569 I 12494 12712] raylet_client.cc:336: Error reporting task backlog information: IOError: 
[2022-01-10 14:07:52,569 I 12494 12712] raylet_client.cc:336: Error reporting task backlog information: IOError: 
[2022-01-10 14:07:53,569 I 12494 12712] raylet_client.cc:336: Error reporting task backlog information: IOError: 
[2022-01-10 14:07:54,569 I 12494 12712] raylet_client.cc:336: Error reporting task backlog information: IOError: 
[2022-01-10 14:07:55,569 I 12494 12712] raylet_client.cc:336: Error reporting task backlog information: IOError: 
[2022-01-10 14:07:56,570 I 12494 12712] raylet_client.cc:336: Error reporting task backlog information: IOError: 
[2022-01-10 14:07:57,570 I 12494 12712] raylet_client.cc:336: Error reporting task backlog information: IOError: 
[2022-01-10 14:07:58,570 I 12494 12712] raylet_client.cc:336: Error reporting task backlog information: IOError: 
[2022-01-10 14:07:59,570 I 12494 12712] raylet_client.cc:336: Error reporting task backlog information: IOError: 
[2022-01-10 14:07:59,742 W 12494 12715] metric_exporter.cc:206: Export metrics to agent failed: IOError: . This won't affect Ray, but you can lose metrics from the cluster.
[2022-01-10 14:08:00,570 I 12494 12712] raylet_client.cc:336: Error reporting task backlog information: IOError: 
[2022-01-10 14:08:01,570 I 12494 12712] raylet_client.cc:336: Error reporting task backlog information: IOError: 
[2022-01-10 14:08:02,570 I 12494 12712] raylet_client.cc:336: Error reporting task backlog information: IOError: 
[2022-01-10 14:08:03,570 I 12494 12712] raylet_client.cc:336: Error reporting task backlog information: IOError: 
[2022-01-10 14:08:04,570 I 12494 12712] raylet_client.cc:336: Error reporting task backlog information: IOError: 
[2022-01-10 14:08:05,570 I 12494 12712] raylet_client.cc:336: Error reporting task backlog information: IOError: 
[2022-01-10 14:08:06,570 I 12494 12712] raylet_client.cc:336: Error reporting task backlog information: IOError: 
[2022-01-10 14:08:07,570 I 12494 12712] raylet_client.cc:336: Error reporting task backlog information: IOError: 
[2022-01-10 14:08:08,570 I 12494 12712] raylet_client.cc:336: Error reporting task backlog information: IOError: 
[2022-01-10 14:08:09,570 I 12494 12712] raylet_client.cc:336: Error reporting task backlog information: IOError: 
[2022-01-10 14:08:09,749 W 12494 12715] metric_exporter.cc:206: Export metrics to agent failed: IOError: . This won't affect Ray, but you can lose metrics from the cluster.
[2022-01-10 14:08:10,570 I 12494 12712] raylet_client.cc:336: Error reporting task backlog information: IOError: 
[2022-01-10 14:08:11,571 I 12494 12712] raylet_client.cc:336: Error reporting task backlog information: IOError: 
[2022-01-10 14:08:12,571 I 12494 12712] raylet_client.cc:336: Error reporting task backlog information: IOError: 
[2022-01-10 14:08:13,571 I 12494 12712] raylet_client.cc:336: Error reporting task backlog information: IOError: 
[2022-01-10 14:08:14,571 I 12494 12712] raylet_client.cc:336: Error reporting task backlog information: IOError: 
[2022-01-10 14:08:15,571 I 12494 12712] raylet_client.cc:336: Error reporting task backlog information: IOError: 
[2022-01-10 14:08:16,571 I 12494 12712] raylet_client.cc:336: Error reporting task backlog information: IOError: 
[2022-01-10 14:08:17,571 I 12494 12712] raylet_client.cc:336: Error reporting task backlog information: IOError: 
[2022-01-10 14:08:18,571 I 12494 12712] raylet_client.cc:336: Error reporting task backlog information: IOError: 
[2022-01-10 14:08:19,571 I 12494 12712] raylet_client.cc:336: Error reporting task backlog information: IOError: 
[2022-01-10 14:08:19,756 W 12494 12715] metric_exporter.cc:206: Export metrics to agent failed: IOError: . This won't affect Ray, but you can lose metrics from the cluster.
[2022-01-10 14:08:20,571 I 12494 12712] raylet_client.cc:336: Error reporting task backlog information: IOError: 
[2022-01-10 14:08:21,571 I 12494 12712] raylet_client.cc:336: Error reporting task backlog information: IOError: 
[2022-01-10 14:08:22,571 I 12494 12712] raylet_client.cc:336: Error reporting task backlog information: IOError: 
[2022-01-10 14:08:23,571 I 12494 12712] raylet_client.cc:336: Error reporting task backlog information: IOError: 
[2022-01-10 14:08:24,571 I 12494 12712] raylet_client.cc:336: Error reporting task backlog information: IOError: 
[2022-01-10 14:08:25,572 I 12494 12712] raylet_client.cc:336: Error reporting task backlog information: IOError: 
[2022-01-10 14:08:26,572 I 12494 12712] raylet_client.cc:336: Error reporting task backlog information: IOError: 
[2022-01-10 14:08:27,572 I 12494 12712] raylet_client.cc:336: Error reporting task backlog information: IOError: 
[2022-01-10 14:08:28,572 I 12494 12712] raylet_client.cc:336: Error reporting task backlog information: IOError: 
[2022-01-10 14:08:29,572 I 12494 12712] raylet_client.cc:336: Error reporting task backlog information: IOError: 
[2022-01-10 14:08:29,762 W 12494 12715] metric_exporter.cc:206: Export metrics to agent failed: IOError: . This won't affect Ray, but you can lose metrics from the cluster.
[2022-01-10 14:08:30,572 I 12494 12712] raylet_client.cc:336: Error reporting task backlog information: IOError: 
[2022-01-10 14:08:31,572 I 12494 12712] raylet_client.cc:336: Error reporting task backlog information: IOError: 
[2022-01-10 14:08:32,572 I 12494 12712] raylet_client.cc:336: Error reporting task backlog information: IOError: 
[2022-01-10 14:08:33,572 I 12494 12712] raylet_client.cc:336: Error reporting task backlog information: IOError: 
[2022-01-10 14:08:34,572 I 12494 12712] raylet_client.cc:336: Error reporting task backlog information: IOError: 
[2022-01-10 14:08:35,572 I 12494 12712] raylet_client.cc:336: Error reporting task backlog information: IOError: 
[2022-01-10 14:08:36,572 I 12494 12712] raylet_client.cc:336: Error reporting task backlog information: IOError: 
[2022-01-10 14:08:37,572 I 12494 12712] raylet_client.cc:336: Error reporting task backlog information: IOError: 
[2022-01-10 14:08:38,573 I 12494 12712] raylet_client.cc:336: Error reporting task backlog information: IOError: 
[2022-01-10 14:08:39,573 I 12494 12712] raylet_client.cc:336: Error reporting task backlog information: IOError: 
[2022-01-10 14:08:39,769 W 12494 12715] metric_exporter.cc:206: Export metrics to agent failed: IOError: . This won't affect Ray, but you can lose metrics from the cluster.
[2022-01-10 14:08:40,573 I 12494 12712] raylet_client.cc:336: Error reporting task backlog information: IOError: 
[2022-01-10 14:08:41,573 I 12494 12712] raylet_client.cc:336: Error reporting task backlog information: IOError: 
[2022-01-10 14:08:42,573 I 12494 12712] raylet_client.cc:336: Error reporting task backlog information: IOError: 
[2022-01-10 14:08:43,573 I 12494 12712] raylet_client.cc:336: Error reporting task backlog information: IOError: 
[2022-01-10 14:08:44,573 I 12494 12712] raylet_client.cc:336: Error reporting task backlog information: IOError: 
[2022-01-10 14:08:45,573 I 12494 12712] raylet_client.cc:336: Error reporting task backlog information: IOError: 
[2022-01-10 14:08:46,573 I 12494 12712] raylet_client.cc:336: Error reporting task backlog information: IOError: 
[2022-01-10 14:08:47,573 I 12494 12712] raylet_client.cc:336: Error reporting task backlog information: IOError: 
[2022-01-10 14:08:48,573 I 12494 12712] raylet_client.cc:336: Error reporting task backlog information: IOError: 
[2022-01-10 14:08:49,573 I 12494 12712] raylet_client.cc:336: Error reporting task backlog information: IOError: 
[2022-01-10 14:08:49,775 W 12494 12715] metric_exporter.cc:206: Export metrics to agent failed: IOError: . This won't affect Ray, but you can lose metrics from the cluster.
[2022-01-10 14:08:50,573 I 12494 12712] raylet_client.cc:336: Error reporting task backlog information: IOError: 
[2022-01-10 14:08:51,573 I 12494 12712] raylet_client.cc:336: Error reporting task backlog information: IOError: 
[2022-01-10 14:08:52,573 I 12494 12712] raylet_client.cc:336: Error reporting task backlog information: IOError: 
[2022-01-10 14:08:53,574 I 12494 12712] raylet_client.cc:336: Error reporting task backlog information: IOError: 
[2022-01-10 14:08:54,574 I 12494 12712] raylet_client.cc:336: Error reporting task backlog information: IOError: 
[2022-01-10 14:08:55,574 I 12494 12712] raylet_client.cc:336: Error reporting task backlog information: IOError: 
[2022-01-10 14:08:56,574 I 12494 12712] raylet_client.cc:336: Error reporting task backlog information: IOError: 
[2022-01-10 14:08:57,574 I 12494 12712] raylet_client.cc:336: Error reporting task backlog information: IOError: 
[2022-01-10 14:08:58,574 I 12494 12712] raylet_client.cc:336: Error reporting task backlog information: IOError: 
[2022-01-10 14:08:59,574 I 12494 12712] raylet_client.cc:336: Error reporting task backlog information: IOError: 
[2022-01-10 14:08:59,785 W 12494 12715] metric_exporter.cc:206: Export metrics to agent failed: IOError: . This won't affect Ray, but you can lose metrics from the cluster.
[2022-01-10 14:09:00,574 I 12494 12712] raylet_client.cc:336: Error reporting task backlog information: IOError: 
[2022-01-10 14:09:01,574 I 12494 12712] raylet_client.cc:336: Error reporting task backlog information: IOError: 
[2022-01-10 14:09:02,574 I 12494 12712] raylet_client.cc:336: Error reporting task backlog information: IOError: 
[2022-01-10 14:09:03,574 I 12494 12712] raylet_client.cc:336: Error reporting task backlog information: IOError: 
[2022-01-10 14:09:04,574 I 12494 12712] raylet_client.cc:336: Error reporting task backlog information: IOError: 
[2022-01-10 14:09:05,574 I 12494 12712] raylet_client.cc:336: Error reporting task backlog information: IOError: 
[2022-01-10 14:09:06,574 I 12494 12712] raylet_client.cc:336: Error reporting task backlog information: IOError: 
[2022-01-10 14:09:07,574 I 12494 12712] raylet_client.cc:336: Error reporting task backlog information: IOError: 
[2022-01-10 14:09:08,574 I 12494 12712] raylet_client.cc:336: Error reporting task backlog information: IOError: 
[2022-01-10 14:09:09,575 I 12494 12712] raylet_client.cc:336: Error reporting task backlog information: IOError: 
[2022-01-10 14:09:09,791 W 12494 12715] metric_exporter.cc:206: Export metrics to agent failed: IOError: . This won't affect Ray, but you can lose metrics from the cluster.
[2022-01-10 14:09:10,575 I 12494 12712] raylet_client.cc:336: Error reporting task backlog information: IOError: 
[2022-01-10 14:09:11,575 I 12494 12712] raylet_client.cc:336: Error reporting task backlog information: IOError: 
[2022-01-10 14:09:12,575 I 12494 12712] raylet_client.cc:336: Error reporting task backlog information: IOError: 
[2022-01-10 14:09:13,466 W 12494 12577] gcs_server_address_updater.cc:61: [301] Failed to get the gcs server address from raylet 301 times in a row. If it keeps failing to obtain the address, the worker might crash. Connection status IOError: 
[2022-01-10 14:09:13,575 I 12494 12712] raylet_client.cc:336: Error reporting task backlog information: IOError: 
[2022-01-10 14:09:14,575 I 12494 12712] raylet_client.cc:336: Error reporting task backlog information: IOError: 
[2022-01-10 14:09:15,575 I 12494 12712] raylet_client.cc:336: Error reporting task backlog information: IOError: 
[2022-01-10 14:09:16,575 I 12494 12712] raylet_client.cc:336: Error reporting task backlog information: IOError: 
[2022-01-10 14:09:17,575 I 12494 12712] raylet_client.cc:336: Error reporting task backlog information: IOError: 
[2022-01-10 14:09:18,575 I 12494 12712] raylet_client.cc:336: Error reporting task backlog information: IOError: 
[2022-01-10 14:09:19,575 I 12494 12712] raylet_client.cc:336: Error reporting task backlog information: IOError: 
[2022-01-10 14:09:19,799 W 12494 12715] metric_exporter.cc:206: Export metrics to agent failed: IOError: . This won't affect Ray, but you can lose metrics from the cluster.
[2022-01-10 14:09:20,575 I 12494 12712] raylet_client.cc:336: Error reporting task backlog information: IOError: 
[2022-01-10 14:09:21,578 I 12494 12712] raylet_client.cc:336: Error reporting task backlog information: IOError: 
[2022-01-10 14:09:22,579 I 12494 12712] raylet_client.cc:336: Error reporting task backlog information: IOError: 
[2022-01-10 14:09:23,579 I 12494 12712] raylet_client.cc:336: Error reporting task backlog information: IOError: 
[2022-01-10 14:09:24,579 I 12494 12712] raylet_client.cc:336: Error reporting task backlog information: IOError: 
[2022-01-10 14:09:25,579 I 12494 12712] raylet_client.cc:336: Error reporting task backlog information: IOError: 
[2022-01-10 14:09:26,579 I 12494 12712] raylet_client.cc:336: Error reporting task backlog information: IOError: 
[2022-01-10 14:09:27,579 I 12494 12712] raylet_client.cc:336: Error reporting task backlog information: IOError: 
[2022-01-10 14:09:28,579 I 12494 12712] raylet_client.cc:336: Error reporting task backlog information: IOError: 
[2022-01-10 14:09:29,579 I 12494 12712] raylet_client.cc:336: Error reporting task backlog information: IOError: 
[2022-01-10 14:09:29,805 W 12494 12715] metric_exporter.cc:206: Export metrics to agent failed: IOError: . This won't affect Ray, but you can lose metrics from the cluster.
[2022-01-10 14:09:30,579 I 12494 12712] raylet_client.cc:336: Error reporting task backlog information: IOError: 
[2022-01-10 14:09:31,580 I 12494 12712] raylet_client.cc:336: Error reporting task backlog information: IOError: 
[2022-01-10 14:09:32,580 I 12494 12712] raylet_client.cc:336: Error reporting task backlog information: IOError: 
[2022-01-10 14:09:33,580 I 12494 12712] raylet_client.cc:336: Error reporting task backlog information: IOError: 
[2022-01-10 14:09:34,580 I 12494 12712] raylet_client.cc:336: Error reporting task backlog information: IOError: 
[2022-01-10 14:09:35,580 I 12494 12712] raylet_client.cc:336: Error reporting task backlog information: IOError: 
[2022-01-10 14:09:36,580 I 12494 12712] raylet_client.cc:336: Error reporting task backlog information: IOError: 
[2022-01-10 14:09:37,580 I 12494 12712] raylet_client.cc:336: Error reporting task backlog information: IOError: 
[2022-01-10 14:09:38,580 I 12494 12712] raylet_client.cc:336: Error reporting task backlog information: IOError: 
[2022-01-10 14:09:39,580 I 12494 12712] raylet_client.cc:336: Error reporting task backlog information: IOError: 
[2022-01-10 14:09:39,814 W 12494 12715] metric_exporter.cc:206: Export metrics to agent failed: IOError: . This won't affect Ray, but you can lose metrics from the cluster.
[2022-01-10 14:09:40,580 I 12494 12712] raylet_client.cc:336: Error reporting task backlog information: IOError: 
[2022-01-10 14:09:41,580 I 12494 12712] raylet_client.cc:336: Error reporting task backlog information: IOError: 
[2022-01-10 14:09:42,580 I 12494 12712] raylet_client.cc:336: Error reporting task backlog information: IOError: 
[2022-01-10 14:09:43,580 I 12494 12712] raylet_client.cc:336: Error reporting task backlog information: IOError: 
[2022-01-10 14:09:44,580 I 12494 12712] raylet_client.cc:336: Error reporting task backlog information: IOError: 
[2022-01-10 14:09:45,581 I 12494 12712] raylet_client.cc:336: Error reporting task backlog information: IOError: 
[2022-01-10 14:09:46,581 I 12494 12712] raylet_client.cc:336: Error reporting task backlog information: IOError: 
[2022-01-10 14:09:47,581 I 12494 12712] raylet_client.cc:336: Error reporting task backlog information: IOError: 
[2022-01-10 14:09:48,581 I 12494 12712] raylet_client.cc:336: Error reporting task backlog information: IOError: 
[2022-01-10 14:09:49,581 I 12494 12712] raylet_client.cc:336: Error reporting task backlog information: IOError: 
[2022-01-10 14:09:49,821 W 12494 12715] metric_exporter.cc:206: Export metrics to agent failed: IOError: . This won't affect Ray, but you can lose metrics from the cluster.
[2022-01-10 14:09:50,581 I 12494 12712] raylet_client.cc:336: Error reporting task backlog information: IOError: 
[2022-01-10 14:09:51,581 I 12494 12712] raylet_client.cc:336: Error reporting task backlog information: IOError: 
[2022-01-10 14:09:52,581 I 12494 12712] raylet_client.cc:336: Error reporting task backlog information: IOError: 
[2022-01-10 14:09:53,581 I 12494 12712] raylet_client.cc:336: Error reporting task backlog information: IOError: 
[2022-01-10 14:09:54,581 I 12494 12712] raylet_client.cc:336: Error reporting task backlog information: IOError: 
[2022-01-10 14:09:55,581 I 12494 12712] raylet_client.cc:336: Error reporting task backlog information: IOError: 
[2022-01-10 14:09:56,581 I 12494 12712] raylet_client.cc:336: Error reporting task backlog information: IOError: 
[2022-01-10 14:09:57,581 I 12494 12712] raylet_client.cc:336: Error reporting task backlog information: IOError: 
[2022-01-10 14:09:58,581 I 12494 12712] raylet_client.cc:336: Error reporting task backlog information: IOError: 
[2022-01-10 14:09:59,581 I 12494 12712] raylet_client.cc:336: Error reporting task backlog information: IOError: 
[2022-01-10 14:09:59,828 W 12494 12715] metric_exporter.cc:206: Export metrics to agent failed: IOError: . This won't affect Ray, but you can lose metrics from the cluster.
[2022-01-10 14:10:00,581 I 12494 12712] raylet_client.cc:336: Error reporting task backlog information: IOError: 
[2022-01-10 14:10:01,582 I 12494 12712] raylet_client.cc:336: Error reporting task backlog information: IOError: 
[2022-01-10 14:10:02,582 I 12494 12712] raylet_client.cc:336: Error reporting task backlog information: IOError: 
[2022-01-10 14:10:03,582 I 12494 12712] raylet_client.cc:336: Error reporting task backlog information: IOError: 
[2022-01-10 14:10:04,582 I 12494 12712] raylet_client.cc:336: Error reporting task backlog information: IOError: 
[2022-01-10 14:10:05,582 I 12494 12712] raylet_client.cc:336: Error reporting task backlog information: IOError: 
[2022-01-10 14:10:06,582 I 12494 12712] raylet_client.cc:336: Error reporting task backlog information: IOError: 
[2022-01-10 14:10:07,582 I 12494 12712] raylet_client.cc:336: Error reporting task backlog information: IOError: 
[2022-01-10 14:10:08,582 I 12494 12712] raylet_client.cc:336: Error reporting task backlog information: IOError: 
[2022-01-10 14:10:09,582 I 12494 12712] raylet_client.cc:336: Error reporting task backlog information: IOError: 
[2022-01-10 14:10:09,835 W 12494 12715] metric_exporter.cc:206: Export metrics to agent failed: IOError: . This won't affect Ray, but you can lose metrics from the cluster.
[2022-01-10 14:10:10,582 I 12494 12712] raylet_client.cc:336: Error reporting task backlog information: IOError: 
[2022-01-10 14:10:11,582 I 12494 12712] raylet_client.cc:336: Error reporting task backlog information: IOError: 
[2022-01-10 14:10:12,582 I 12494 12712] raylet_client.cc:336: Error reporting task backlog information: IOError: 
[2022-01-10 14:10:13,582 I 12494 12712] raylet_client.cc:336: Error reporting task backlog information: IOError: 
[2022-01-10 14:10:14,582 I 12494 12712] raylet_client.cc:336: Error reporting task backlog information: IOError: 
[2022-01-10 14:10:15,583 I 12494 12712] raylet_client.cc:336: Error reporting task backlog information: IOError: 
[2022-01-10 14:10:16,583 I 12494 12712] raylet_client.cc:336: Error reporting task backlog information: IOError: 
[2022-01-10 14:10:17,583 I 12494 12712] raylet_client.cc:336: Error reporting task backlog information: IOError: 
[2022-01-10 14:10:18,583 I 12494 12712] raylet_client.cc:336: Error reporting task backlog information: IOError: 
[2022-01-10 14:10:19,583 I 12494 12712] raylet_client.cc:336: Error reporting task backlog information: IOError: 
[2022-01-10 14:10:19,841 W 12494 12715] metric_exporter.cc:206: Export metrics to agent failed: IOError: . This won't affect Ray, but you can lose metrics from the cluster.
[2022-01-10 14:10:20,583 I 12494 12712] raylet_client.cc:336: Error reporting task backlog information: IOError: 
[2022-01-10 14:10:21,583 I 12494 12712] raylet_client.cc:336: Error reporting task backlog information: IOError: 
[2022-01-10 14:10:22,583 I 12494 12712] raylet_client.cc:336: Error reporting task backlog information: IOError: 
[2022-01-10 14:10:23,583 I 12494 12712] raylet_client.cc:336: Error reporting task backlog information: IOError: 
[2022-01-10 14:10:24,583 I 12494 12712] raylet_client.cc:336: Error reporting task backlog information: IOError: 
[2022-01-10 14:10:25,583 I 12494 12712] raylet_client.cc:336: Error reporting task backlog information: IOError: 
[2022-01-10 14:10:26,583 I 12494 12712] raylet_client.cc:336: Error reporting task backlog information: IOError: 
[2022-01-10 14:10:27,583 I 12494 12712] raylet_client.cc:336: Error reporting task backlog information: IOError: 
[2022-01-10 14:10:28,583 I 12494 12712] raylet_client.cc:336: Error reporting task backlog information: IOError: 
[2022-01-10 14:10:29,583 I 12494 12712] raylet_client.cc:336: Error reporting task backlog information: IOError: 
[2022-01-10 14:10:29,847 W 12494 12715] metric_exporter.cc:206: Export metrics to agent failed: IOError: . This won't affect Ray, but you can lose metrics from the cluster.
[2022-01-10 14:10:30,583 I 12494 12712] raylet_client.cc:336: Error reporting task backlog information: IOError: 
[2022-01-10 14:10:31,583 I 12494 12712] raylet_client.cc:336: Error reporting task backlog information: IOError: 
[2022-01-10 14:10:32,584 I 12494 12712] raylet_client.cc:336: Error reporting task backlog information: IOError: 
[2022-01-10 14:10:33,584 I 12494 12712] raylet_client.cc:336: Error reporting task backlog information: IOError: 
[2022-01-10 14:10:34,584 I 12494 12712] raylet_client.cc:336: Error reporting task backlog information: IOError: 
[2022-01-10 14:10:35,584 I 12494 12712] raylet_client.cc:336: Error reporting task backlog information: IOError: 
[2022-01-10 14:10:36,584 I 12494 12712] raylet_client.cc:336: Error reporting task backlog information: IOError: 
[2022-01-10 14:10:37,584 I 12494 12712] raylet_client.cc:336: Error reporting task backlog information: IOError: 
[2022-01-10 14:10:38,584 I 12494 12712] raylet_client.cc:336: Error reporting task backlog information: IOError: 
[2022-01-10 14:10:39,584 I 12494 12712] raylet_client.cc:336: Error reporting task backlog information: IOError: 
[2022-01-10 14:10:39,854 W 12494 12715] metric_exporter.cc:206: Export metrics to agent failed: IOError: . This won't affect Ray, but you can lose metrics from the cluster.
[2022-01-10 14:10:40,584 I 12494 12712] raylet_client.cc:336: Error reporting task backlog information: IOError: 
[2022-01-10 14:10:41,586 I 12494 12712] raylet_client.cc:336: Error reporting task backlog information: IOError: 
[2022-01-10 14:10:42,586 I 12494 12712] raylet_client.cc:336: Error reporting task backlog information: IOError: 
[2022-01-10 14:10:43,587 I 12494 12712] raylet_client.cc:336: Error reporting task backlog information: IOError: 
[2022-01-10 14:10:44,587 I 12494 12712] raylet_client.cc:336: Error reporting task backlog information: IOError: 
[2022-01-10 14:10:45,587 I 12494 12712] raylet_client.cc:336: Error reporting task backlog information: IOError: 
[2022-01-10 14:10:46,587 I 12494 12712] raylet_client.cc:336: Error reporting task backlog information: IOError: 
[2022-01-10 14:10:47,587 I 12494 12712] raylet_client.cc:336: Error reporting task backlog information: IOError: 
[2022-01-10 14:10:48,587 I 12494 12712] raylet_client.cc:336: Error reporting task backlog information: IOError: 
[2022-01-10 14:10:49,587 I 12494 12712] raylet_client.cc:336: Error reporting task backlog information: IOError: 
[2022-01-10 14:10:49,860 W 12494 12715] metric_exporter.cc:206: Export metrics to agent failed: IOError: . This won't affect Ray, but you can lose metrics from the cluster.
[2022-01-10 14:10:50,587 I 12494 12712] raylet_client.cc:336: Error reporting task backlog information: IOError: 
[2022-01-10 14:10:51,587 I 12494 12712] raylet_client.cc:336: Error reporting task backlog information: IOError: 
[2022-01-10 14:10:52,587 I 12494 12712] raylet_client.cc:336: Error reporting task backlog information: IOError: 
[2022-01-10 14:10:53,587 I 12494 12712] raylet_client.cc:336: Error reporting task backlog information: IOError: 
[2022-01-10 14:10:54,587 I 12494 12712] raylet_client.cc:336: Error reporting task backlog information: IOError: 
[2022-01-10 14:10:55,587 I 12494 12712] raylet_client.cc:336: Error reporting task backlog information: IOError: 
[2022-01-10 14:10:56,587 I 12494 12712] raylet_client.cc:336: Error reporting task backlog information: IOError: 
[2022-01-10 14:10:57,588 I 12494 12712] raylet_client.cc:336: Error reporting task backlog information: IOError: 
[2022-01-10 14:10:58,588 I 12494 12712] raylet_client.cc:336: Error reporting task backlog information: IOError: 
[2022-01-10 14:10:59,588 I 12494 12712] raylet_client.cc:336: Error reporting task backlog information: IOError: 
[2022-01-10 14:10:59,868 W 12494 12715] metric_exporter.cc:206: Export metrics to agent failed: IOError: . This won't affect Ray, but you can lose metrics from the cluster.
[2022-01-10 14:11:00,588 I 12494 12712] raylet_client.cc:336: Error reporting task backlog information: IOError: 
[2022-01-10 14:11:01,588 I 12494 12712] raylet_client.cc:336: Error reporting task backlog information: IOError: 
[2022-01-10 14:11:02,588 I 12494 12712] raylet_client.cc:336: Error reporting task backlog information: IOError: 
[2022-01-10 14:11:03,588 I 12494 12712] raylet_client.cc:336: Error reporting task backlog information: IOError: 
[2022-01-10 14:11:04,588 I 12494 12712] raylet_client.cc:336: Error reporting task backlog information: IOError: 
[2022-01-10 14:11:05,588 I 12494 12712] raylet_client.cc:336: Error reporting task backlog information: IOError: 
[2022-01-10 14:11:06,588 I 12494 12712] raylet_client.cc:336: Error reporting task backlog information: IOError: 
[2022-01-10 14:11:07,588 I 12494 12712] raylet_client.cc:336: Error reporting task backlog information: IOError: 
[2022-01-10 14:11:08,588 I 12494 12712] raylet_client.cc:336: Error reporting task backlog information: IOError: 
[2022-01-10 14:11:09,588 I 12494 12712] raylet_client.cc:336: Error reporting task backlog information: IOError: 
[2022-01-10 14:11:09,876 W 12494 12715] metric_exporter.cc:206: Export metrics to agent failed: IOError: . This won't affect Ray, but you can lose metrics from the cluster.
[2022-01-10 14:11:10,588 I 12494 12712] raylet_client.cc:336: Error reporting task backlog information: IOError: 
[2022-01-10 14:11:11,589 I 12494 12712] raylet_client.cc:336: Error reporting task backlog information: IOError: 
[2022-01-10 14:11:12,589 I 12494 12712] raylet_client.cc:336: Error reporting task backlog information: IOError: 
[2022-01-10 14:11:13,589 I 12494 12712] raylet_client.cc:336: Error reporting task backlog information: IOError: 
[2022-01-10 14:11:14,589 I 12494 12712] raylet_client.cc:336: Error reporting task backlog information: IOError: 
[2022-01-10 14:11:15,589 I 12494 12712] raylet_client.cc:336: Error reporting task backlog information: IOError: 
[2022-01-10 14:11:16,589 I 12494 12712] raylet_client.cc:336: Error reporting task backlog information: IOError: 
[2022-01-10 14:11:17,589 I 12494 12712] raylet_client.cc:336: Error reporting task backlog information: IOError: 
[2022-01-10 14:11:18,589 I 12494 12712] raylet_client.cc:336: Error reporting task backlog information: IOError: 
[2022-01-10 14:11:19,589 I 12494 12712] raylet_client.cc:336: Error reporting task backlog information: IOError: 
[2022-01-10 14:11:19,882 W 12494 12715] metric_exporter.cc:206: Export metrics to agent failed: IOError: . This won't affect Ray, but you can lose metrics from the cluster.
[2022-01-10 14:11:20,589 I 12494 12712] raylet_client.cc:336: Error reporting task backlog information: IOError: 
[2022-01-10 14:11:21,589 I 12494 12712] raylet_client.cc:336: Error reporting task backlog information: IOError: 
[2022-01-10 14:11:22,589 I 12494 12712] raylet_client.cc:336: Error reporting task backlog information: IOError: 
[2022-01-10 14:11:23,590 I 12494 12712] raylet_client.cc:336: Error reporting task backlog information: IOError: 
[2022-01-10 14:11:24,590 I 12494 12712] raylet_client.cc:336: Error reporting task backlog information: IOError: 
[2022-01-10 14:11:25,590 I 12494 12712] raylet_client.cc:336: Error reporting task backlog information: IOError: 
[2022-01-10 14:11:26,590 I 12494 12712] raylet_client.cc:336: Error reporting task backlog information: IOError: 
[2022-01-10 14:11:27,590 I 12494 12712] raylet_client.cc:336: Error reporting task backlog information: IOError: 
[2022-01-10 14:11:28,590 I 12494 12712] raylet_client.cc:336: Error reporting task backlog information: IOError: 
[2022-01-10 14:11:29,590 I 12494 12712] raylet_client.cc:336: Error reporting task backlog information: IOError: 
[2022-01-10 14:11:29,888 W 12494 12715] metric_exporter.cc:206: Export metrics to agent failed: IOError: . This won't affect Ray, but you can lose metrics from the cluster.
[2022-01-10 14:11:30,590 I 12494 12712] raylet_client.cc:336: Error reporting task backlog information: IOError: 
[2022-01-10 14:11:31,590 I 12494 12712] raylet_client.cc:336: Error reporting task backlog information: IOError: 
[2022-01-10 14:11:32,590 I 12494 12712] raylet_client.cc:336: Error reporting task backlog information: IOError: 
[2022-01-10 14:11:33,590 I 12494 12712] raylet_client.cc:336: Error reporting task backlog information: IOError: 
[2022-01-10 14:11:34,590 I 12494 12712] raylet_client.cc:336: Error reporting task backlog information: IOError: 
[2022-01-10 14:11:35,590 I 12494 12712] raylet_client.cc:336: Error reporting task backlog information: IOError: 
[2022-01-10 14:11:36,590 I 12494 12712] raylet_client.cc:336: Error reporting task backlog information: IOError: 
[2022-01-10 14:11:37,591 I 12494 12712] raylet_client.cc:336: Error reporting task backlog information: IOError: 
[2022-01-10 14:11:38,591 I 12494 12712] raylet_client.cc:336: Error reporting task backlog information: IOError: 
[2022-01-10 14:11:39,591 I 12494 12712] raylet_client.cc:336: Error reporting task backlog information: IOError: 
[2022-01-10 14:11:39,895 W 12494 12715] metric_exporter.cc:206: Export metrics to agent failed: IOError: . This won't affect Ray, but you can lose metrics from the cluster.
[2022-01-10 14:11:40,591 I 12494 12712] raylet_client.cc:336: Error reporting task backlog information: IOError: 
[2022-01-10 14:11:41,591 I 12494 12712] raylet_client.cc:336: Error reporting task backlog information: IOError: 
[2022-01-10 14:11:42,591 I 12494 12712] raylet_client.cc:336: Error reporting task backlog information: IOError: 
[2022-01-10 14:11:43,591 I 12494 12712] raylet_client.cc:336: Error reporting task backlog information: IOError: 
[2022-01-10 14:11:44,591 I 12494 12712] raylet_client.cc:336: Error reporting task backlog information: IOError: 
[2022-01-10 14:11:45,591 I 12494 12712] raylet_client.cc:336: Error reporting task backlog information: IOError: 
[2022-01-10 14:11:46,591 I 12494 12712] raylet_client.cc:336: Error reporting task backlog information: IOError: 
[2022-01-10 14:11:47,591 I 12494 12712] raylet_client.cc:336: Error reporting task backlog information: IOError: 
[2022-01-10 14:11:48,591 I 12494 12712] raylet_client.cc:336: Error reporting task backlog information: IOError: 
[2022-01-10 14:11:49,591 I 12494 12712] raylet_client.cc:336: Error reporting task backlog information: IOError: 
[2022-01-10 14:11:49,901 W 12494 12715] metric_exporter.cc:206: Export metrics to agent failed: IOError: . This won't affect Ray, but you can lose metrics from the cluster.
[2022-01-10 14:11:50,592 I 12494 12712] raylet_client.cc:336: Error reporting task backlog information: IOError: 
[2022-01-10 14:11:51,592 I 12494 12712] raylet_client.cc:336: Error reporting task backlog information: IOError: 
[2022-01-10 14:11:52,592 I 12494 12712] raylet_client.cc:336: Error reporting task backlog information: IOError: 
[2022-01-10 14:11:53,592 I 12494 12712] raylet_client.cc:336: Error reporting task backlog information: IOError: 
[2022-01-10 14:11:54,592 I 12494 12712] raylet_client.cc:336: Error reporting task backlog information: IOError: 
[2022-01-10 14:11:55,592 I 12494 12712] raylet_client.cc:336: Error reporting task backlog information: IOError: 
[2022-01-10 14:11:56,592 I 12494 12712] raylet_client.cc:336: Error reporting task backlog information: IOError: 
[2022-01-10 14:11:57,592 I 12494 12712] raylet_client.cc:336: Error reporting task backlog information: IOError: 
[2022-01-10 14:11:58,592 I 12494 12712] raylet_client.cc:336: Error reporting task backlog information: IOError: 
[2022-01-10 14:11:59,592 I 12494 12712] raylet_client.cc:336: Error reporting task backlog information: IOError: 
[2022-01-10 14:11:59,908 W 12494 12715] metric_exporter.cc:206: Export metrics to agent failed: IOError: . This won't affect Ray, but you can lose metrics from the cluster.
[2022-01-10 14:12:00,592 I 12494 12712] raylet_client.cc:336: Error reporting task backlog information: IOError: 
[2022-01-10 14:12:01,592 I 12494 12712] raylet_client.cc:336: Error reporting task backlog information: IOError: 
[2022-01-10 14:12:02,593 I 12494 12712] raylet_client.cc:336: Error reporting task backlog information: IOError: 
[2022-01-10 14:12:03,593 I 12494 12712] raylet_client.cc:336: Error reporting task backlog information: IOError: 
[2022-01-10 14:12:04,593 I 12494 12712] raylet_client.cc:336: Error reporting task backlog information: IOError: 
[2022-01-10 14:12:05,593 I 12494 12712] raylet_client.cc:336: Error reporting task backlog information: IOError: 
[2022-01-10 14:12:06,593 I 12494 12712] raylet_client.cc:336: Error reporting task backlog information: IOError: 
[2022-01-10 14:12:07,593 I 12494 12712] raylet_client.cc:336: Error reporting task backlog information: IOError: 
[2022-01-10 14:12:08,593 I 12494 12712] raylet_client.cc:336: Error reporting task backlog information: IOError: 
[2022-01-10 14:12:09,593 I 12494 12712] raylet_client.cc:336: Error reporting task backlog information: IOError: 
[2022-01-10 14:12:09,914 W 12494 12715] metric_exporter.cc:206: Export metrics to agent failed: IOError: . This won't affect Ray, but you can lose metrics from the cluster.
[2022-01-10 14:12:10,593 I 12494 12712] raylet_client.cc:336: Error reporting task backlog information: IOError: 
[2022-01-10 14:12:11,593 I 12494 12712] raylet_client.cc:336: Error reporting task backlog information: IOError: 
[2022-01-10 14:12:12,593 I 12494 12712] raylet_client.cc:336: Error reporting task backlog information: IOError: 
[2022-01-10 14:12:13,593 I 12494 12712] raylet_client.cc:336: Error reporting task backlog information: IOError: 
[2022-01-10 14:12:14,593 I 12494 12712] raylet_client.cc:336: Error reporting task backlog information: IOError: 
[2022-01-10 14:12:15,593 I 12494 12712] raylet_client.cc:336: Error reporting task backlog information: IOError: 
[2022-01-10 14:12:16,593 I 12494 12712] raylet_client.cc:336: Error reporting task backlog information: IOError: 
[2022-01-10 14:12:17,593 I 12494 12712] raylet_client.cc:336: Error reporting task backlog information: IOError: 
[2022-01-10 14:12:18,594 I 12494 12712] raylet_client.cc:336: Error reporting task backlog information: IOError: 
[2022-01-10 14:12:19,594 I 12494 12712] raylet_client.cc:336: Error reporting task backlog information: IOError: 
[2022-01-10 14:12:19,924 W 12494 12715] metric_exporter.cc:206: Export metrics to agent failed: IOError: . This won't affect Ray, but you can lose metrics from the cluster.
[2022-01-10 14:12:20,594 I 12494 12712] raylet_client.cc:336: Error reporting task backlog information: IOError: 
[2022-01-10 14:12:21,594 I 12494 12712] raylet_client.cc:336: Error reporting task backlog information: IOError: 
[2022-01-10 14:12:22,594 I 12494 12712] raylet_client.cc:336: Error reporting task backlog information: IOError: 
[2022-01-10 14:12:23,594 I 12494 12712] raylet_client.cc:336: Error reporting task backlog information: IOError: 
[2022-01-10 14:12:24,594 I 12494 12712] raylet_client.cc:336: Error reporting task backlog information: IOError: 
[2022-01-10 14:12:25,594 I 12494 12712] raylet_client.cc:336: Error reporting task backlog information: IOError: 
[2022-01-10 14:12:26,594 I 12494 12712] raylet_client.cc:336: Error reporting task backlog information: IOError: 
[2022-01-10 14:12:27,594 I 12494 12712] raylet_client.cc:336: Error reporting task backlog information: IOError: 
[2022-01-10 14:12:28,594 I 12494 12712] raylet_client.cc:336: Error reporting task backlog information: IOError: 
[2022-01-10 14:12:29,594 I 12494 12712] raylet_client.cc:336: Error reporting task backlog information: IOError: 
[2022-01-10 14:12:29,934 W 12494 12715] metric_exporter.cc:206: Export metrics to agent failed: IOError: . This won't affect Ray, but you can lose metrics from the cluster.
[2022-01-10 14:12:30,594 I 12494 12712] raylet_client.cc:336: Error reporting task backlog information: IOError: 
[2022-01-10 14:12:31,594 I 12494 12712] raylet_client.cc:336: Error reporting task backlog information: IOError: 
[2022-01-10 14:12:32,595 I 12494 12712] raylet_client.cc:336: Error reporting task backlog information: IOError: 
[2022-01-10 14:12:33,595 I 12494 12712] raylet_client.cc:336: Error reporting task backlog information: IOError: 
[2022-01-10 14:12:34,595 I 12494 12712] raylet_client.cc:336: Error reporting task backlog information: IOError: 
[2022-01-10 14:12:35,595 I 12494 12712] raylet_client.cc:336: Error reporting task backlog information: IOError: 
[2022-01-10 14:12:36,595 I 12494 12712] raylet_client.cc:336: Error reporting task backlog information: IOError: 
[2022-01-10 14:12:37,595 I 12494 12712] raylet_client.cc:336: Error reporting task backlog information: IOError: 
[2022-01-10 14:12:38,595 I 12494 12712] raylet_client.cc:336: Error reporting task backlog information: IOError: 
[2022-01-10 14:12:39,595 I 12494 12712] raylet_client.cc:336: Error reporting task backlog information: IOError: 
[2022-01-10 14:12:39,941 W 12494 12715] metric_exporter.cc:206: Export metrics to agent failed: IOError: . This won't affect Ray, but you can lose metrics from the cluster.
[2022-01-10 14:12:40,595 I 12494 12712] raylet_client.cc:336: Error reporting task backlog information: IOError: 
[2022-01-10 14:12:41,595 I 12494 12712] raylet_client.cc:336: Error reporting task backlog information: IOError: 
[2022-01-10 14:12:42,595 I 12494 12712] raylet_client.cc:336: Error reporting task backlog information: IOError: 
[2022-01-10 14:12:43,595 I 12494 12712] raylet_client.cc:336: Error reporting task backlog information: IOError: 
[2022-01-10 14:12:44,595 I 12494 12712] raylet_client.cc:336: Error reporting task backlog information: IOError: 
[2022-01-10 14:12:45,595 I 12494 12712] raylet_client.cc:336: Error reporting task backlog information: IOError: 
[2022-01-10 14:12:46,595 I 12494 12712] raylet_client.cc:336: Error reporting task backlog information: IOError: 
[2022-01-10 14:12:47,595 I 12494 12712] raylet_client.cc:336: Error reporting task backlog information: IOError: 
[2022-01-10 14:12:48,596 I 12494 12712] raylet_client.cc:336: Error reporting task backlog information: IOError: 
[2022-01-10 14:12:49,596 I 12494 12712] raylet_client.cc:336: Error reporting task backlog information: IOError: 
[2022-01-10 14:12:49,947 W 12494 12715] metric_exporter.cc:206: Export metrics to agent failed: IOError: . This won't affect Ray, but you can lose metrics from the cluster.
[2022-01-10 14:12:50,596 I 12494 12712] raylet_client.cc:336: Error reporting task backlog information: IOError: 
[2022-01-10 14:12:51,596 I 12494 12712] raylet_client.cc:336: Error reporting task backlog information: IOError: 
[2022-01-10 14:12:52,596 I 12494 12712] raylet_client.cc:336: Error reporting task backlog information: IOError: 
[2022-01-10 14:12:53,596 I 12494 12712] raylet_client.cc:336: Error reporting task backlog information: IOError: 
[2022-01-10 14:12:54,596 I 12494 12712] raylet_client.cc:336: Error reporting task backlog information: IOError: 
[2022-01-10 14:12:55,596 I 12494 12712] raylet_client.cc:336: Error reporting task backlog information: IOError: 
[2022-01-10 14:12:56,596 I 12494 12712] raylet_client.cc:336: Error reporting task backlog information: IOError: 
[2022-01-10 14:12:57,596 I 12494 12712] raylet_client.cc:336: Error reporting task backlog information: IOError: 
[2022-01-10 14:12:58,596 I 12494 12712] raylet_client.cc:336: Error reporting task backlog information: IOError: 
[2022-01-10 14:12:59,596 I 12494 12712] raylet_client.cc:336: Error reporting task backlog information: IOError: 
[2022-01-10 14:12:59,954 W 12494 12715] metric_exporter.cc:206: Export metrics to agent failed: IOError: . This won't affect Ray, but you can lose metrics from the cluster.
[2022-01-10 14:13:00,596 I 12494 12712] raylet_client.cc:336: Error reporting task backlog information: IOError: 
[2022-01-10 14:13:01,597 I 12494 12712] raylet_client.cc:336: Error reporting task backlog information: IOError: 
[2022-01-10 14:13:02,597 I 12494 12712] raylet_client.cc:336: Error reporting task backlog information: IOError: 
[2022-01-10 14:13:03,597 I 12494 12712] raylet_client.cc:336: Error reporting task backlog information: IOError: 
[2022-01-10 14:13:04,597 I 12494 12712] raylet_client.cc:336: Error reporting task backlog information: IOError: 
[2022-01-10 14:13:05,597 I 12494 12712] raylet_client.cc:336: Error reporting task backlog information: IOError: 
[2022-01-10 14:13:06,597 I 12494 12712] raylet_client.cc:336: Error reporting task backlog information: IOError: 
[2022-01-10 14:13:07,597 I 12494 12712] raylet_client.cc:336: Error reporting task backlog information: IOError: 
[2022-01-10 14:13:08,597 I 12494 12712] raylet_client.cc:336: Error reporting task backlog information: IOError: 
[2022-01-10 14:13:09,597 I 12494 12712] raylet_client.cc:336: Error reporting task backlog information: IOError: 
[2022-01-10 14:13:09,961 W 12494 12715] metric_exporter.cc:206: Export metrics to agent failed: IOError: . This won't affect Ray, but you can lose metrics from the cluster.
[2022-01-10 14:13:10,597 I 12494 12712] raylet_client.cc:336: Error reporting task backlog information: IOError: 
[2022-01-10 14:13:11,597 I 12494 12712] raylet_client.cc:336: Error reporting task backlog information: IOError: 
[2022-01-10 14:13:12,597 I 12494 12712] raylet_client.cc:336: Error reporting task backlog information: IOError: 
[2022-01-10 14:13:13,597 I 12494 12712] raylet_client.cc:336: Error reporting task backlog information: IOError: 
[2022-01-10 14:13:14,597 I 12494 12712] raylet_client.cc:336: Error reporting task backlog information: IOError: 
[2022-01-10 14:13:15,597 I 12494 12712] raylet_client.cc:336: Error reporting task backlog information: IOError: 
[2022-01-10 14:13:16,598 I 12494 12712] raylet_client.cc:336: Error reporting task backlog information: IOError: 
[2022-01-10 14:13:17,598 I 12494 12712] raylet_client.cc:336: Error reporting task backlog information: IOError: 
[2022-01-10 14:13:18,598 I 12494 12712] raylet_client.cc:336: Error reporting task backlog information: IOError: 
[2022-01-10 14:13:19,598 I 12494 12712] raylet_client.cc:336: Error reporting task backlog information: IOError: 
[2022-01-10 14:13:19,968 W 12494 12715] metric_exporter.cc:206: Export metrics to agent failed: IOError: . This won't affect Ray, but you can lose metrics from the cluster.
[2022-01-10 14:13:20,598 I 12494 12712] raylet_client.cc:336: Error reporting task backlog information: IOError: 
[2022-01-10 14:13:21,598 I 12494 12712] raylet_client.cc:336: Error reporting task backlog information: IOError: 
[2022-01-10 14:13:22,598 I 12494 12712] raylet_client.cc:336: Error reporting task backlog information: IOError: 
[2022-01-10 14:13:23,598 I 12494 12712] raylet_client.cc:336: Error reporting task backlog information: IOError: 
[2022-01-10 14:13:24,598 I 12494 12712] raylet_client.cc:336: Error reporting task backlog information: IOError: 
[2022-01-10 14:13:25,598 I 12494 12712] raylet_client.cc:336: Error reporting task backlog information: IOError: 
[2022-01-10 14:13:26,598 I 12494 12712] raylet_client.cc:336: Error reporting task backlog information: IOError: 
[2022-01-10 14:13:27,598 I 12494 12712] raylet_client.cc:336: Error reporting task backlog information: IOError: 
[2022-01-10 14:13:28,598 I 12494 12712] raylet_client.cc:336: Error reporting task backlog information: IOError: 
[2022-01-10 14:13:29,598 I 12494 12712] raylet_client.cc:336: Error reporting task backlog information: IOError: 
[2022-01-10 14:13:29,974 W 12494 12715] metric_exporter.cc:206: Export metrics to agent failed: IOError: . This won't affect Ray, but you can lose metrics from the cluster.
[2022-01-10 14:13:30,598 I 12494 12712] raylet_client.cc:336: Error reporting task backlog information: IOError: 
[2022-01-10 14:13:31,599 I 12494 12712] raylet_client.cc:336: Error reporting task backlog information: IOError: 
[2022-01-10 14:13:32,599 I 12494 12712] raylet_client.cc:336: Error reporting task backlog information: IOError: 
[2022-01-10 14:13:33,599 I 12494 12712] raylet_client.cc:336: Error reporting task backlog information: IOError: 
[2022-01-10 14:13:34,599 I 12494 12712] raylet_client.cc:336: Error reporting task backlog information: IOError: 
[2022-01-10 14:13:35,599 I 12494 12712] raylet_client.cc:336: Error reporting task backlog information: IOError: 
[2022-01-10 14:13:36,599 I 12494 12712] raylet_client.cc:336: Error reporting task backlog information: IOError: 
[2022-01-10 14:13:37,599 I 12494 12712] raylet_client.cc:336: Error reporting task backlog information: IOError: 
[2022-01-10 14:13:38,599 I 12494 12712] raylet_client.cc:336: Error reporting task backlog information: IOError: 
[2022-01-10 14:13:39,599 I 12494 12712] raylet_client.cc:336: Error reporting task backlog information: IOError: 
[2022-01-10 14:13:39,982 W 12494 12715] metric_exporter.cc:206: Export metrics to agent failed: IOError: . This won't affect Ray, but you can lose metrics from the cluster.
[2022-01-10 14:13:40,599 I 12494 12712] raylet_client.cc:336: Error reporting task backlog information: IOError: 
[2022-01-10 14:13:41,599 I 12494 12712] raylet_client.cc:336: Error reporting task backlog information: IOError: 
[2022-01-10 14:13:42,599 I 12494 12712] raylet_client.cc:336: Error reporting task backlog information: IOError: 
[2022-01-10 14:13:43,599 I 12494 12712] raylet_client.cc:336: Error reporting task backlog information: IOError: 
[2022-01-10 14:13:44,599 I 12494 12712] raylet_client.cc:336: Error reporting task backlog information: IOError: 
[2022-01-10 14:13:45,599 I 12494 12712] raylet_client.cc:336: Error reporting task backlog information: IOError: 
[2022-01-10 14:13:46,600 I 12494 12712] raylet_client.cc:336: Error reporting task backlog information: IOError: 
[2022-01-10 14:13:47,600 I 12494 12712] raylet_client.cc:336: Error reporting task backlog information: IOError: 
[2022-01-10 14:13:48,600 I 12494 12712] raylet_client.cc:336: Error reporting task backlog information: IOError: 
[2022-01-10 14:13:49,600 I 12494 12712] raylet_client.cc:336: Error reporting task backlog information: IOError: 
[2022-01-10 14:13:49,989 W 12494 12715] metric_exporter.cc:206: Export metrics to agent failed: IOError: . This won't affect Ray, but you can lose metrics from the cluster.
[2022-01-10 14:13:50,600 I 12494 12712] raylet_client.cc:336: Error reporting task backlog information: IOError: 
[2022-01-10 14:13:51,600 I 12494 12712] raylet_client.cc:336: Error reporting task backlog information: IOError: 
[2022-01-10 14:13:52,600 I 12494 12712] raylet_client.cc:336: Error reporting task backlog information: IOError: 
[2022-01-10 14:13:53,600 I 12494 12712] raylet_client.cc:336: Error reporting task backlog information: IOError: 
[2022-01-10 14:13:54,600 I 12494 12712] raylet_client.cc:336: Error reporting task backlog information: IOError: 
[2022-01-10 14:13:55,600 I 12494 12712] raylet_client.cc:336: Error reporting task backlog information: IOError: 
[2022-01-10 14:13:56,600 I 12494 12712] raylet_client.cc:336: Error reporting task backlog information: IOError: 
[2022-01-10 14:13:57,600 I 12494 12712] raylet_client.cc:336: Error reporting task backlog information: IOError: 
[2022-01-10 14:13:58,600 I 12494 12712] raylet_client.cc:336: Error reporting task backlog information: IOError: 
[2022-01-10 14:13:59,600 I 12494 12712] raylet_client.cc:336: Error reporting task backlog information: IOError: 
[2022-01-10 14:13:59,995 W 12494 12715] metric_exporter.cc:206: Export metrics to agent failed: IOError: . This won't affect Ray, but you can lose metrics from the cluster.
[2022-01-10 14:14:00,601 I 12494 12712] raylet_client.cc:336: Error reporting task backlog information: IOError: 
[2022-01-10 14:14:01,601 I 12494 12712] raylet_client.cc:336: Error reporting task backlog information: IOError: 
[2022-01-10 14:14:02,601 I 12494 12712] raylet_client.cc:336: Error reporting task backlog information: IOError: 
[2022-01-10 14:14:03,601 I 12494 12712] raylet_client.cc:336: Error reporting task backlog information: IOError: 
[2022-01-10 14:14:04,601 I 12494 12712] raylet_client.cc:336: Error reporting task backlog information: IOError: 
[2022-01-10 14:14:05,601 I 12494 12712] raylet_client.cc:336: Error reporting task backlog information: IOError: 
[2022-01-10 14:14:06,601 I 12494 12712] raylet_client.cc:336: Error reporting task backlog information: IOError: 
[2022-01-10 14:14:07,601 I 12494 12712] raylet_client.cc:336: Error reporting task backlog information: IOError: 
[2022-01-10 14:14:08,601 I 12494 12712] raylet_client.cc:336: Error reporting task backlog information: IOError: 
[2022-01-10 14:14:09,601 I 12494 12712] raylet_client.cc:336: Error reporting task backlog information: IOError: 
[2022-01-10 14:14:10,001 W 12494 12715] metric_exporter.cc:206: Export metrics to agent failed: IOError: . This won't affect Ray, but you can lose metrics from the cluster.
[2022-01-10 14:14:10,601 I 12494 12712] raylet_client.cc:336: Error reporting task backlog information: IOError: 
[2022-01-10 14:14:11,601 I 12494 12712] raylet_client.cc:336: Error reporting task backlog information: IOError: 
[2022-01-10 14:14:12,491 E 12494 12577] gcs_server_address_updater.cc:76: Failed to receive the GCS address for 600 times without success. The worker will exit ungracefully. It is because GCS has died. It could be because there was an issue that kills GCS, such as high memory usage triggering OOM killer to kill GCS. Cluster will be highly likely unavailable if you see this log. Please check the log from gcs_server.err.
