[2022-01-10 14:03:39,448 I 12499 12499] core_worker.cc:132: Constructing CoreWorkerProcess. pid: 12499
[2022-01-10 14:03:39,464 I 12499 12499] grpc_server.cc:112: worker server started, listening on port 38387.
[2022-01-10 14:03:39,467 I 12499 12499] core_worker.cc:479: Initializing worker at address: 131.215.21.210:38387, worker ID 8daba1506cd3b0a03aacce71714c39fd21640892a6dcfe1ecc5d3624, raylet 3444c778f652fd30b3f7a78105bf12c5ae0cba4ca1617cef66bc1163
[2022-01-10 14:03:39,576 I 12499 12499] io_service_pool.cc:35: IOServicePool is running with 1 io_service.
[2022-01-10 14:03:39,608 I 12499 12760] accessor.cc:560: Received notification for node id = 3444c778f652fd30b3f7a78105bf12c5ae0cba4ca1617cef66bc1163, IsAlive = 1
[2022-01-10 14:04:12,610 I 12499 12760] raylet_client.cc:336: Error reporting task backlog information: IOError: 
[2022-01-10 14:04:13,609 W 12499 12634] gcs_server_address_updater.cc:61: [1] Failed to get the gcs server address from raylet 1 times in a row. If it keeps failing to obtain the address, the worker might crash. Connection status IOError: 
[2022-01-10 14:04:13,610 I 12499 12760] raylet_client.cc:336: Error reporting task backlog information: IOError: 
[2022-01-10 14:04:14,610 I 12499 12760] raylet_client.cc:336: Error reporting task backlog information: IOError: 
[2022-01-10 14:04:15,610 I 12499 12760] raylet_client.cc:336: Error reporting task backlog information: IOError: 
[2022-01-10 14:04:16,610 I 12499 12760] raylet_client.cc:336: Error reporting task backlog information: IOError: 
[2022-01-10 14:04:17,610 I 12499 12760] raylet_client.cc:336: Error reporting task backlog information: IOError: 
[2022-01-10 14:04:18,610 I 12499 12760] raylet_client.cc:336: Error reporting task backlog information: IOError: 
[2022-01-10 14:04:19,611 I 12499 12760] raylet_client.cc:336: Error reporting task backlog information: IOError: 
[2022-01-10 14:04:19,611 W 12499 12761] metric_exporter.cc:206: Export metrics to agent failed: IOError: . This won't affect Ray, but you can lose metrics from the cluster.
[2022-01-10 14:04:20,611 I 12499 12760] raylet_client.cc:336: Error reporting task backlog information: IOError: 
[2022-01-10 14:04:21,611 I 12499 12760] raylet_client.cc:336: Error reporting task backlog information: IOError: 
[2022-01-10 14:04:22,611 I 12499 12760] raylet_client.cc:336: Error reporting task backlog information: IOError: 
[2022-01-10 14:04:23,611 I 12499 12760] raylet_client.cc:336: Error reporting task backlog information: IOError: 
[2022-01-10 14:04:24,611 I 12499 12760] raylet_client.cc:336: Error reporting task backlog information: IOError: 
[2022-01-10 14:04:25,611 I 12499 12760] raylet_client.cc:336: Error reporting task backlog information: IOError: 
[2022-01-10 14:04:26,611 I 12499 12760] raylet_client.cc:336: Error reporting task backlog information: IOError: 
[2022-01-10 14:04:27,611 I 12499 12760] raylet_client.cc:336: Error reporting task backlog information: IOError: 
[2022-01-10 14:04:28,611 I 12499 12760] raylet_client.cc:336: Error reporting task backlog information: IOError: 
[2022-01-10 14:04:29,611 I 12499 12760] raylet_client.cc:336: Error reporting task backlog information: IOError: 
[2022-01-10 14:04:29,618 W 12499 12761] metric_exporter.cc:206: Export metrics to agent failed: IOError: . This won't affect Ray, but you can lose metrics from the cluster.
[2022-01-10 14:04:30,611 I 12499 12760] raylet_client.cc:336: Error reporting task backlog information: IOError: 
[2022-01-10 14:04:31,612 I 12499 12760] raylet_client.cc:336: Error reporting task backlog information: IOError: 
[2022-01-10 14:04:32,612 I 12499 12760] raylet_client.cc:336: Error reporting task backlog information: IOError: 
[2022-01-10 14:04:33,612 I 12499 12760] raylet_client.cc:336: Error reporting task backlog information: IOError: 
[2022-01-10 14:04:34,612 I 12499 12760] raylet_client.cc:336: Error reporting task backlog information: IOError: 
[2022-01-10 14:04:35,612 I 12499 12760] raylet_client.cc:336: Error reporting task backlog information: IOError: 
[2022-01-10 14:04:36,612 I 12499 12760] raylet_client.cc:336: Error reporting task backlog information: IOError: 
[2022-01-10 14:04:37,612 I 12499 12760] raylet_client.cc:336: Error reporting task backlog information: IOError: 
[2022-01-10 14:04:38,612 I 12499 12760] raylet_client.cc:336: Error reporting task backlog information: IOError: 
[2022-01-10 14:04:39,612 I 12499 12760] raylet_client.cc:336: Error reporting task backlog information: IOError: 
[2022-01-10 14:04:39,626 W 12499 12761] metric_exporter.cc:206: Export metrics to agent failed: IOError: . This won't affect Ray, but you can lose metrics from the cluster.
[2022-01-10 14:04:40,612 I 12499 12760] raylet_client.cc:336: Error reporting task backlog information: IOError: 
[2022-01-10 14:04:41,612 I 12499 12760] raylet_client.cc:336: Error reporting task backlog information: IOError: 
[2022-01-10 14:04:42,612 I 12499 12760] raylet_client.cc:336: Error reporting task backlog information: IOError: 
[2022-01-10 14:04:43,612 I 12499 12760] raylet_client.cc:336: Error reporting task backlog information: IOError: 
[2022-01-10 14:04:44,612 I 12499 12760] raylet_client.cc:336: Error reporting task backlog information: IOError: 
[2022-01-10 14:04:45,612 I 12499 12760] raylet_client.cc:336: Error reporting task backlog information: IOError: 
[2022-01-10 14:04:46,613 I 12499 12760] raylet_client.cc:336: Error reporting task backlog information: IOError: 
[2022-01-10 14:04:47,613 I 12499 12760] raylet_client.cc:336: Error reporting task backlog information: IOError: 
[2022-01-10 14:04:48,613 I 12499 12760] raylet_client.cc:336: Error reporting task backlog information: IOError: 
[2022-01-10 14:04:49,613 I 12499 12760] raylet_client.cc:336: Error reporting task backlog information: IOError: 
[2022-01-10 14:04:49,632 W 12499 12761] metric_exporter.cc:206: Export metrics to agent failed: IOError: . This won't affect Ray, but you can lose metrics from the cluster.
[2022-01-10 14:04:50,613 I 12499 12760] raylet_client.cc:336: Error reporting task backlog information: IOError: 
[2022-01-10 14:04:51,613 I 12499 12760] raylet_client.cc:336: Error reporting task backlog information: IOError: 
[2022-01-10 14:04:52,613 I 12499 12760] raylet_client.cc:336: Error reporting task backlog information: IOError: 
[2022-01-10 14:04:53,613 I 12499 12760] raylet_client.cc:336: Error reporting task backlog information: IOError: 
[2022-01-10 14:04:54,613 I 12499 12760] raylet_client.cc:336: Error reporting task backlog information: IOError: 
[2022-01-10 14:04:55,613 I 12499 12760] raylet_client.cc:336: Error reporting task backlog information: IOError: 
[2022-01-10 14:04:56,613 I 12499 12760] raylet_client.cc:336: Error reporting task backlog information: IOError: 
[2022-01-10 14:04:57,613 I 12499 12760] raylet_client.cc:336: Error reporting task backlog information: IOError: 
[2022-01-10 14:04:58,613 I 12499 12760] raylet_client.cc:336: Error reporting task backlog information: IOError: 
[2022-01-10 14:04:59,613 I 12499 12760] raylet_client.cc:336: Error reporting task backlog information: IOError: 
[2022-01-10 14:04:59,639 W 12499 12761] metric_exporter.cc:206: Export metrics to agent failed: IOError: . This won't affect Ray, but you can lose metrics from the cluster.
[2022-01-10 14:05:00,614 I 12499 12760] raylet_client.cc:336: Error reporting task backlog information: IOError: 
[2022-01-10 14:05:01,614 I 12499 12760] raylet_client.cc:336: Error reporting task backlog information: IOError: 
[2022-01-10 14:05:02,614 I 12499 12760] raylet_client.cc:336: Error reporting task backlog information: IOError: 
[2022-01-10 14:05:03,614 I 12499 12760] raylet_client.cc:336: Error reporting task backlog information: IOError: 
[2022-01-10 14:05:04,614 I 12499 12760] raylet_client.cc:336: Error reporting task backlog information: IOError: 
[2022-01-10 14:05:05,614 I 12499 12760] raylet_client.cc:336: Error reporting task backlog information: IOError: 
[2022-01-10 14:05:06,614 I 12499 12760] raylet_client.cc:336: Error reporting task backlog information: IOError: 
[2022-01-10 14:05:07,614 I 12499 12760] raylet_client.cc:336: Error reporting task backlog information: IOError: 
[2022-01-10 14:05:08,614 I 12499 12760] raylet_client.cc:336: Error reporting task backlog information: IOError: 
[2022-01-10 14:05:09,614 I 12499 12760] raylet_client.cc:336: Error reporting task backlog information: IOError: 
[2022-01-10 14:05:09,646 W 12499 12761] metric_exporter.cc:206: Export metrics to agent failed: IOError: . This won't affect Ray, but you can lose metrics from the cluster.
[2022-01-10 14:05:10,614 I 12499 12760] raylet_client.cc:336: Error reporting task backlog information: IOError: 
[2022-01-10 14:05:11,614 I 12499 12760] raylet_client.cc:336: Error reporting task backlog information: IOError: 
[2022-01-10 14:05:12,614 I 12499 12760] raylet_client.cc:336: Error reporting task backlog information: IOError: 
[2022-01-10 14:05:13,615 I 12499 12760] raylet_client.cc:336: Error reporting task backlog information: IOError: 
[2022-01-10 14:05:14,615 I 12499 12760] raylet_client.cc:336: Error reporting task backlog information: IOError: 
[2022-01-10 14:05:15,615 I 12499 12760] raylet_client.cc:336: Error reporting task backlog information: IOError: 
[2022-01-10 14:05:16,615 I 12499 12760] raylet_client.cc:336: Error reporting task backlog information: IOError: 
[2022-01-10 14:05:17,615 I 12499 12760] raylet_client.cc:336: Error reporting task backlog information: IOError: 
[2022-01-10 14:05:18,615 I 12499 12760] raylet_client.cc:336: Error reporting task backlog information: IOError: 
[2022-01-10 14:05:19,615 I 12499 12760] raylet_client.cc:336: Error reporting task backlog information: IOError: 
[2022-01-10 14:05:19,653 W 12499 12761] metric_exporter.cc:206: Export metrics to agent failed: IOError: . This won't affect Ray, but you can lose metrics from the cluster.
[2022-01-10 14:05:20,615 I 12499 12760] raylet_client.cc:336: Error reporting task backlog information: IOError: 
[2022-01-10 14:05:21,615 I 12499 12760] raylet_client.cc:336: Error reporting task backlog information: IOError: 
[2022-01-10 14:05:22,615 I 12499 12760] raylet_client.cc:336: Error reporting task backlog information: IOError: 
[2022-01-10 14:05:23,615 I 12499 12760] raylet_client.cc:336: Error reporting task backlog information: IOError: 
[2022-01-10 14:05:24,615 I 12499 12760] raylet_client.cc:336: Error reporting task backlog information: IOError: 
[2022-01-10 14:05:25,615 I 12499 12760] raylet_client.cc:336: Error reporting task backlog information: IOError: 
[2022-01-10 14:05:26,615 I 12499 12760] raylet_client.cc:336: Error reporting task backlog information: IOError: 
[2022-01-10 14:05:27,615 I 12499 12760] raylet_client.cc:336: Error reporting task backlog information: IOError: 
[2022-01-10 14:05:28,615 I 12499 12760] raylet_client.cc:336: Error reporting task backlog information: IOError: 
[2022-01-10 14:05:29,615 I 12499 12760] raylet_client.cc:336: Error reporting task backlog information: IOError: 
[2022-01-10 14:05:29,660 W 12499 12761] metric_exporter.cc:206: Export metrics to agent failed: IOError: . This won't affect Ray, but you can lose metrics from the cluster.
[2022-01-10 14:05:30,616 I 12499 12760] raylet_client.cc:336: Error reporting task backlog information: IOError: 
[2022-01-10 14:05:31,616 I 12499 12760] raylet_client.cc:336: Error reporting task backlog information: IOError: 
[2022-01-10 14:05:32,616 I 12499 12760] raylet_client.cc:336: Error reporting task backlog information: IOError: 
[2022-01-10 14:05:33,616 I 12499 12760] raylet_client.cc:336: Error reporting task backlog information: IOError: 
[2022-01-10 14:05:34,616 I 12499 12760] raylet_client.cc:336: Error reporting task backlog information: IOError: 
[2022-01-10 14:05:35,616 I 12499 12760] raylet_client.cc:336: Error reporting task backlog information: IOError: 
[2022-01-10 14:05:36,616 I 12499 12760] raylet_client.cc:336: Error reporting task backlog information: IOError: 
[2022-01-10 14:05:37,616 I 12499 12760] raylet_client.cc:336: Error reporting task backlog information: IOError: 
[2022-01-10 14:05:38,616 I 12499 12760] raylet_client.cc:336: Error reporting task backlog information: IOError: 
[2022-01-10 14:05:39,616 I 12499 12760] raylet_client.cc:336: Error reporting task backlog information: IOError: 
[2022-01-10 14:05:39,667 W 12499 12761] metric_exporter.cc:206: Export metrics to agent failed: IOError: . This won't affect Ray, but you can lose metrics from the cluster.
[2022-01-10 14:05:40,616 I 12499 12760] raylet_client.cc:336: Error reporting task backlog information: IOError: 
[2022-01-10 14:05:41,616 I 12499 12760] raylet_client.cc:336: Error reporting task backlog information: IOError: 
[2022-01-10 14:05:42,616 I 12499 12760] raylet_client.cc:336: Error reporting task backlog information: IOError: 
[2022-01-10 14:05:43,616 I 12499 12760] raylet_client.cc:336: Error reporting task backlog information: IOError: 
[2022-01-10 14:05:44,616 I 12499 12760] raylet_client.cc:336: Error reporting task backlog information: IOError: 
[2022-01-10 14:05:45,616 I 12499 12760] raylet_client.cc:336: Error reporting task backlog information: IOError: 
[2022-01-10 14:05:46,617 I 12499 12760] raylet_client.cc:336: Error reporting task backlog information: IOError: 
[2022-01-10 14:05:47,617 I 12499 12760] raylet_client.cc:336: Error reporting task backlog information: IOError: 
[2022-01-10 14:05:48,617 I 12499 12760] raylet_client.cc:336: Error reporting task backlog information: IOError: 
[2022-01-10 14:05:49,617 I 12499 12760] raylet_client.cc:336: Error reporting task backlog information: IOError: 
[2022-01-10 14:05:49,674 W 12499 12761] metric_exporter.cc:206: Export metrics to agent failed: IOError: . This won't affect Ray, but you can lose metrics from the cluster.
[2022-01-10 14:05:50,617 I 12499 12760] raylet_client.cc:336: Error reporting task backlog information: IOError: 
[2022-01-10 14:05:51,617 I 12499 12760] raylet_client.cc:336: Error reporting task backlog information: IOError: 
[2022-01-10 14:05:52,617 I 12499 12760] raylet_client.cc:336: Error reporting task backlog information: IOError: 
[2022-01-10 14:05:53,617 I 12499 12760] raylet_client.cc:336: Error reporting task backlog information: IOError: 
[2022-01-10 14:05:54,617 I 12499 12760] raylet_client.cc:336: Error reporting task backlog information: IOError: 
[2022-01-10 14:05:55,617 I 12499 12760] raylet_client.cc:336: Error reporting task backlog information: IOError: 
[2022-01-10 14:05:56,617 I 12499 12760] raylet_client.cc:336: Error reporting task backlog information: IOError: 
[2022-01-10 14:05:57,617 I 12499 12760] raylet_client.cc:336: Error reporting task backlog information: IOError: 
[2022-01-10 14:05:58,617 I 12499 12760] raylet_client.cc:336: Error reporting task backlog information: IOError: 
[2022-01-10 14:05:59,617 I 12499 12760] raylet_client.cc:336: Error reporting task backlog information: IOError: 
[2022-01-10 14:05:59,682 W 12499 12761] metric_exporter.cc:206: Export metrics to agent failed: IOError: . This won't affect Ray, but you can lose metrics from the cluster.
[2022-01-10 14:06:00,618 I 12499 12760] raylet_client.cc:336: Error reporting task backlog information: IOError: 
[2022-01-10 14:06:01,618 I 12499 12760] raylet_client.cc:336: Error reporting task backlog information: IOError: 
[2022-01-10 14:06:02,618 I 12499 12760] raylet_client.cc:336: Error reporting task backlog information: IOError: 
[2022-01-10 14:06:03,618 I 12499 12760] raylet_client.cc:336: Error reporting task backlog information: IOError: 
[2022-01-10 14:06:04,618 I 12499 12760] raylet_client.cc:336: Error reporting task backlog information: IOError: 
[2022-01-10 14:06:05,618 I 12499 12760] raylet_client.cc:336: Error reporting task backlog information: IOError: 
[2022-01-10 14:06:06,618 I 12499 12760] raylet_client.cc:336: Error reporting task backlog information: IOError: 
[2022-01-10 14:06:07,618 I 12499 12760] raylet_client.cc:336: Error reporting task backlog information: IOError: 
[2022-01-10 14:06:08,618 I 12499 12760] raylet_client.cc:336: Error reporting task backlog information: IOError: 
[2022-01-10 14:06:09,618 I 12499 12760] raylet_client.cc:336: Error reporting task backlog information: IOError: 
[2022-01-10 14:06:09,688 W 12499 12761] metric_exporter.cc:206: Export metrics to agent failed: IOError: . This won't affect Ray, but you can lose metrics from the cluster.
[2022-01-10 14:06:10,618 I 12499 12760] raylet_client.cc:336: Error reporting task backlog information: IOError: 
[2022-01-10 14:06:11,618 I 12499 12760] raylet_client.cc:336: Error reporting task backlog information: IOError: 
[2022-01-10 14:06:12,618 I 12499 12760] raylet_client.cc:336: Error reporting task backlog information: IOError: 
[2022-01-10 14:06:13,618 I 12499 12760] raylet_client.cc:336: Error reporting task backlog information: IOError: 
[2022-01-10 14:06:14,618 I 12499 12760] raylet_client.cc:336: Error reporting task backlog information: IOError: 
[2022-01-10 14:06:15,618 I 12499 12760] raylet_client.cc:336: Error reporting task backlog information: IOError: 
[2022-01-10 14:06:16,619 I 12499 12760] raylet_client.cc:336: Error reporting task backlog information: IOError: 
[2022-01-10 14:06:17,619 I 12499 12760] raylet_client.cc:336: Error reporting task backlog information: IOError: 
[2022-01-10 14:06:18,619 I 12499 12760] raylet_client.cc:336: Error reporting task backlog information: IOError: 
[2022-01-10 14:06:19,619 I 12499 12760] raylet_client.cc:336: Error reporting task backlog information: IOError: 
[2022-01-10 14:06:19,695 W 12499 12761] metric_exporter.cc:206: Export metrics to agent failed: IOError: . This won't affect Ray, but you can lose metrics from the cluster.
[2022-01-10 14:06:20,619 I 12499 12760] raylet_client.cc:336: Error reporting task backlog information: IOError: 
[2022-01-10 14:06:21,619 I 12499 12760] raylet_client.cc:336: Error reporting task backlog information: IOError: 
[2022-01-10 14:06:22,619 I 12499 12760] raylet_client.cc:336: Error reporting task backlog information: IOError: 
[2022-01-10 14:06:23,619 I 12499 12760] raylet_client.cc:336: Error reporting task backlog information: IOError: 
[2022-01-10 14:06:24,619 I 12499 12760] raylet_client.cc:336: Error reporting task backlog information: IOError: 
[2022-01-10 14:06:25,619 I 12499 12760] raylet_client.cc:336: Error reporting task backlog information: IOError: 
[2022-01-10 14:06:26,619 I 12499 12760] raylet_client.cc:336: Error reporting task backlog information: IOError: 
[2022-01-10 14:06:27,619 I 12499 12760] raylet_client.cc:336: Error reporting task backlog information: IOError: 
[2022-01-10 14:06:28,619 I 12499 12760] raylet_client.cc:336: Error reporting task backlog information: IOError: 
[2022-01-10 14:06:29,619 I 12499 12760] raylet_client.cc:336: Error reporting task backlog information: IOError: 
[2022-01-10 14:06:29,702 W 12499 12761] metric_exporter.cc:206: Export metrics to agent failed: IOError: . This won't affect Ray, but you can lose metrics from the cluster.
[2022-01-10 14:06:30,619 I 12499 12760] raylet_client.cc:336: Error reporting task backlog information: IOError: 
[2022-01-10 14:06:31,619 I 12499 12760] raylet_client.cc:336: Error reporting task backlog information: IOError: 
[2022-01-10 14:06:32,619 I 12499 12760] raylet_client.cc:336: Error reporting task backlog information: IOError: 
[2022-01-10 14:06:33,620 I 12499 12760] raylet_client.cc:336: Error reporting task backlog information: IOError: 
[2022-01-10 14:06:34,620 I 12499 12760] raylet_client.cc:336: Error reporting task backlog information: IOError: 
[2022-01-10 14:06:35,620 I 12499 12760] raylet_client.cc:336: Error reporting task backlog information: IOError: 
[2022-01-10 14:06:36,620 I 12499 12760] raylet_client.cc:336: Error reporting task backlog information: IOError: 
[2022-01-10 14:06:37,620 I 12499 12760] raylet_client.cc:336: Error reporting task backlog information: IOError: 
[2022-01-10 14:06:38,620 I 12499 12760] raylet_client.cc:336: Error reporting task backlog information: IOError: 
[2022-01-10 14:06:39,620 I 12499 12760] raylet_client.cc:336: Error reporting task backlog information: IOError: 
[2022-01-10 14:06:39,717 W 12499 12761] metric_exporter.cc:206: Export metrics to agent failed: IOError: . This won't affect Ray, but you can lose metrics from the cluster.
[2022-01-10 14:06:40,620 I 12499 12760] raylet_client.cc:336: Error reporting task backlog information: IOError: 
[2022-01-10 14:06:41,620 I 12499 12760] raylet_client.cc:336: Error reporting task backlog information: IOError: 
[2022-01-10 14:06:42,620 I 12499 12760] raylet_client.cc:336: Error reporting task backlog information: IOError: 
[2022-01-10 14:06:43,620 I 12499 12760] raylet_client.cc:336: Error reporting task backlog information: IOError: 
[2022-01-10 14:06:44,620 I 12499 12760] raylet_client.cc:336: Error reporting task backlog information: IOError: 
[2022-01-10 14:06:45,620 I 12499 12760] raylet_client.cc:336: Error reporting task backlog information: IOError: 
[2022-01-10 14:06:46,620 I 12499 12760] raylet_client.cc:336: Error reporting task backlog information: IOError: 
[2022-01-10 14:06:47,620 I 12499 12760] raylet_client.cc:336: Error reporting task backlog information: IOError: 
[2022-01-10 14:06:48,620 I 12499 12760] raylet_client.cc:336: Error reporting task backlog information: IOError: 
[2022-01-10 14:06:49,621 I 12499 12760] raylet_client.cc:336: Error reporting task backlog information: IOError: 
[2022-01-10 14:06:49,723 W 12499 12761] metric_exporter.cc:206: Export metrics to agent failed: IOError: . This won't affect Ray, but you can lose metrics from the cluster.
[2022-01-10 14:06:50,621 I 12499 12760] raylet_client.cc:336: Error reporting task backlog information: IOError: 
[2022-01-10 14:06:51,621 I 12499 12760] raylet_client.cc:336: Error reporting task backlog information: IOError: 
[2022-01-10 14:06:52,621 I 12499 12760] raylet_client.cc:336: Error reporting task backlog information: IOError: 
[2022-01-10 14:06:53,621 I 12499 12760] raylet_client.cc:336: Error reporting task backlog information: IOError: 
[2022-01-10 14:06:54,621 I 12499 12760] raylet_client.cc:336: Error reporting task backlog information: IOError: 
[2022-01-10 14:06:55,621 I 12499 12760] raylet_client.cc:336: Error reporting task backlog information: IOError: 
[2022-01-10 14:06:56,621 I 12499 12760] raylet_client.cc:336: Error reporting task backlog information: IOError: 
[2022-01-10 14:06:57,621 I 12499 12760] raylet_client.cc:336: Error reporting task backlog information: IOError: 
[2022-01-10 14:06:58,622 I 12499 12760] raylet_client.cc:336: Error reporting task backlog information: IOError: 
[2022-01-10 14:06:59,622 I 12499 12760] raylet_client.cc:336: Error reporting task backlog information: IOError: 
[2022-01-10 14:06:59,731 W 12499 12761] metric_exporter.cc:206: Export metrics to agent failed: IOError: . This won't affect Ray, but you can lose metrics from the cluster.
[2022-01-10 14:07:00,622 I 12499 12760] raylet_client.cc:336: Error reporting task backlog information: IOError: 
[2022-01-10 14:07:01,622 I 12499 12760] raylet_client.cc:336: Error reporting task backlog information: IOError: 
[2022-01-10 14:07:02,622 I 12499 12760] raylet_client.cc:336: Error reporting task backlog information: IOError: 
[2022-01-10 14:07:03,622 I 12499 12760] raylet_client.cc:336: Error reporting task backlog information: IOError: 
[2022-01-10 14:07:04,622 I 12499 12760] raylet_client.cc:336: Error reporting task backlog information: IOError: 
[2022-01-10 14:07:05,622 I 12499 12760] raylet_client.cc:336: Error reporting task backlog information: IOError: 
[2022-01-10 14:07:06,622 I 12499 12760] raylet_client.cc:336: Error reporting task backlog information: IOError: 
[2022-01-10 14:07:07,622 I 12499 12760] raylet_client.cc:336: Error reporting task backlog information: IOError: 
[2022-01-10 14:07:08,622 I 12499 12760] raylet_client.cc:336: Error reporting task backlog information: IOError: 
[2022-01-10 14:07:09,622 I 12499 12760] raylet_client.cc:336: Error reporting task backlog information: IOError: 
[2022-01-10 14:07:09,738 W 12499 12761] metric_exporter.cc:206: Export metrics to agent failed: IOError: . This won't affect Ray, but you can lose metrics from the cluster.
[2022-01-10 14:07:10,622 I 12499 12760] raylet_client.cc:336: Error reporting task backlog information: IOError: 
[2022-01-10 14:07:11,622 I 12499 12760] raylet_client.cc:336: Error reporting task backlog information: IOError: 
[2022-01-10 14:07:12,622 I 12499 12760] raylet_client.cc:336: Error reporting task backlog information: IOError: 
[2022-01-10 14:07:13,623 I 12499 12760] raylet_client.cc:336: Error reporting task backlog information: IOError: 
[2022-01-10 14:07:14,623 I 12499 12760] raylet_client.cc:336: Error reporting task backlog information: IOError: 
[2022-01-10 14:07:15,623 I 12499 12760] raylet_client.cc:336: Error reporting task backlog information: IOError: 
[2022-01-10 14:07:16,623 I 12499 12760] raylet_client.cc:336: Error reporting task backlog information: IOError: 
[2022-01-10 14:07:17,623 I 12499 12760] raylet_client.cc:336: Error reporting task backlog information: IOError: 
[2022-01-10 14:07:18,623 I 12499 12760] raylet_client.cc:336: Error reporting task backlog information: IOError: 
[2022-01-10 14:07:19,623 I 12499 12760] raylet_client.cc:336: Error reporting task backlog information: IOError: 
[2022-01-10 14:07:19,745 W 12499 12761] metric_exporter.cc:206: Export metrics to agent failed: IOError: . This won't affect Ray, but you can lose metrics from the cluster.
[2022-01-10 14:07:20,623 I 12499 12760] raylet_client.cc:336: Error reporting task backlog information: IOError: 
[2022-01-10 14:07:21,623 I 12499 12760] raylet_client.cc:336: Error reporting task backlog information: IOError: 
[2022-01-10 14:07:22,623 I 12499 12760] raylet_client.cc:336: Error reporting task backlog information: IOError: 
[2022-01-10 14:07:23,623 I 12499 12760] raylet_client.cc:336: Error reporting task backlog information: IOError: 
[2022-01-10 14:07:24,623 I 12499 12760] raylet_client.cc:336: Error reporting task backlog information: IOError: 
[2022-01-10 14:07:25,623 I 12499 12760] raylet_client.cc:336: Error reporting task backlog information: IOError: 
[2022-01-10 14:07:26,623 I 12499 12760] raylet_client.cc:336: Error reporting task backlog information: IOError: 
[2022-01-10 14:07:27,623 I 12499 12760] raylet_client.cc:336: Error reporting task backlog information: IOError: 
[2022-01-10 14:07:28,627 I 12499 12760] raylet_client.cc:336: Error reporting task backlog information: IOError: 
[2022-01-10 14:07:29,627 I 12499 12760] raylet_client.cc:336: Error reporting task backlog information: IOError: 
[2022-01-10 14:07:29,752 W 12499 12761] metric_exporter.cc:206: Export metrics to agent failed: IOError: . This won't affect Ray, but you can lose metrics from the cluster.
[2022-01-10 14:07:30,627 I 12499 12760] raylet_client.cc:336: Error reporting task backlog information: IOError: 
[2022-01-10 14:07:31,627 I 12499 12760] raylet_client.cc:336: Error reporting task backlog information: IOError: 
[2022-01-10 14:07:32,627 I 12499 12760] raylet_client.cc:336: Error reporting task backlog information: IOError: 
[2022-01-10 14:07:33,627 I 12499 12760] raylet_client.cc:336: Error reporting task backlog information: IOError: 
[2022-01-10 14:07:34,627 I 12499 12760] raylet_client.cc:336: Error reporting task backlog information: IOError: 
[2022-01-10 14:07:35,627 I 12499 12760] raylet_client.cc:336: Error reporting task backlog information: IOError: 
[2022-01-10 14:07:36,627 I 12499 12760] raylet_client.cc:336: Error reporting task backlog information: IOError: 
[2022-01-10 14:07:37,627 I 12499 12760] raylet_client.cc:336: Error reporting task backlog information: IOError: 
[2022-01-10 14:07:38,627 I 12499 12760] raylet_client.cc:336: Error reporting task backlog information: IOError: 
[2022-01-10 14:07:39,628 I 12499 12760] raylet_client.cc:336: Error reporting task backlog information: IOError: 
[2022-01-10 14:07:39,759 W 12499 12761] metric_exporter.cc:206: Export metrics to agent failed: IOError: . This won't affect Ray, but you can lose metrics from the cluster.
[2022-01-10 14:07:40,628 I 12499 12760] raylet_client.cc:336: Error reporting task backlog information: IOError: 
[2022-01-10 14:07:41,628 I 12499 12760] raylet_client.cc:336: Error reporting task backlog information: IOError: 
[2022-01-10 14:07:42,628 I 12499 12760] raylet_client.cc:336: Error reporting task backlog information: IOError: 
[2022-01-10 14:07:43,628 I 12499 12760] raylet_client.cc:336: Error reporting task backlog information: IOError: 
[2022-01-10 14:07:44,628 I 12499 12760] raylet_client.cc:336: Error reporting task backlog information: IOError: 
[2022-01-10 14:07:45,628 I 12499 12760] raylet_client.cc:336: Error reporting task backlog information: IOError: 
[2022-01-10 14:07:46,628 I 12499 12760] raylet_client.cc:336: Error reporting task backlog information: IOError: 
[2022-01-10 14:07:47,628 I 12499 12760] raylet_client.cc:336: Error reporting task backlog information: IOError: 
[2022-01-10 14:07:48,628 I 12499 12760] raylet_client.cc:336: Error reporting task backlog information: IOError: 
[2022-01-10 14:07:49,628 I 12499 12760] raylet_client.cc:336: Error reporting task backlog information: IOError: 
[2022-01-10 14:07:49,765 W 12499 12761] metric_exporter.cc:206: Export metrics to agent failed: IOError: . This won't affect Ray, but you can lose metrics from the cluster.
[2022-01-10 14:07:50,628 I 12499 12760] raylet_client.cc:336: Error reporting task backlog information: IOError: 
[2022-01-10 14:07:51,628 I 12499 12760] raylet_client.cc:336: Error reporting task backlog information: IOError: 
[2022-01-10 14:07:52,628 I 12499 12760] raylet_client.cc:336: Error reporting task backlog information: IOError: 
[2022-01-10 14:07:53,629 I 12499 12760] raylet_client.cc:336: Error reporting task backlog information: IOError: 
[2022-01-10 14:07:54,629 I 12499 12760] raylet_client.cc:336: Error reporting task backlog information: IOError: 
[2022-01-10 14:07:55,629 I 12499 12760] raylet_client.cc:336: Error reporting task backlog information: IOError: 
[2022-01-10 14:07:56,629 I 12499 12760] raylet_client.cc:336: Error reporting task backlog information: IOError: 
[2022-01-10 14:07:57,629 I 12499 12760] raylet_client.cc:336: Error reporting task backlog information: IOError: 
[2022-01-10 14:07:58,629 I 12499 12760] raylet_client.cc:336: Error reporting task backlog information: IOError: 
[2022-01-10 14:07:59,629 I 12499 12760] raylet_client.cc:336: Error reporting task backlog information: IOError: 
[2022-01-10 14:07:59,775 W 12499 12761] metric_exporter.cc:206: Export metrics to agent failed: IOError: . This won't affect Ray, but you can lose metrics from the cluster.
[2022-01-10 14:08:00,629 I 12499 12760] raylet_client.cc:336: Error reporting task backlog information: IOError: 
[2022-01-10 14:08:01,629 I 12499 12760] raylet_client.cc:336: Error reporting task backlog information: IOError: 
[2022-01-10 14:08:02,629 I 12499 12760] raylet_client.cc:336: Error reporting task backlog information: IOError: 
[2022-01-10 14:08:03,629 I 12499 12760] raylet_client.cc:336: Error reporting task backlog information: IOError: 
[2022-01-10 14:08:04,629 I 12499 12760] raylet_client.cc:336: Error reporting task backlog information: IOError: 
[2022-01-10 14:08:05,629 I 12499 12760] raylet_client.cc:336: Error reporting task backlog information: IOError: 
[2022-01-10 14:08:06,629 I 12499 12760] raylet_client.cc:336: Error reporting task backlog information: IOError: 
[2022-01-10 14:08:07,630 I 12499 12760] raylet_client.cc:336: Error reporting task backlog information: IOError: 
[2022-01-10 14:08:08,630 I 12499 12760] raylet_client.cc:336: Error reporting task backlog information: IOError: 
[2022-01-10 14:08:09,630 I 12499 12760] raylet_client.cc:336: Error reporting task backlog information: IOError: 
[2022-01-10 14:08:09,782 W 12499 12761] metric_exporter.cc:206: Export metrics to agent failed: IOError: . This won't affect Ray, but you can lose metrics from the cluster.
[2022-01-10 14:08:10,630 I 12499 12760] raylet_client.cc:336: Error reporting task backlog information: IOError: 
[2022-01-10 14:08:11,630 I 12499 12760] raylet_client.cc:336: Error reporting task backlog information: IOError: 
[2022-01-10 14:08:12,630 I 12499 12760] raylet_client.cc:336: Error reporting task backlog information: IOError: 
[2022-01-10 14:08:13,630 I 12499 12760] raylet_client.cc:336: Error reporting task backlog information: IOError: 
[2022-01-10 14:08:14,630 I 12499 12760] raylet_client.cc:336: Error reporting task backlog information: IOError: 
[2022-01-10 14:08:15,630 I 12499 12760] raylet_client.cc:336: Error reporting task backlog information: IOError: 
[2022-01-10 14:08:16,630 I 12499 12760] raylet_client.cc:336: Error reporting task backlog information: IOError: 
[2022-01-10 14:08:17,630 I 12499 12760] raylet_client.cc:336: Error reporting task backlog information: IOError: 
[2022-01-10 14:08:18,630 I 12499 12760] raylet_client.cc:336: Error reporting task backlog information: IOError: 
[2022-01-10 14:08:19,630 I 12499 12760] raylet_client.cc:336: Error reporting task backlog information: IOError: 
[2022-01-10 14:08:19,788 W 12499 12761] metric_exporter.cc:206: Export metrics to agent failed: IOError: . This won't affect Ray, but you can lose metrics from the cluster.
[2022-01-10 14:08:20,630 I 12499 12760] raylet_client.cc:336: Error reporting task backlog information: IOError: 
[2022-01-10 14:08:21,631 I 12499 12760] raylet_client.cc:336: Error reporting task backlog information: IOError: 
[2022-01-10 14:08:22,631 I 12499 12760] raylet_client.cc:336: Error reporting task backlog information: IOError: 
[2022-01-10 14:08:23,631 I 12499 12760] raylet_client.cc:336: Error reporting task backlog information: IOError: 
[2022-01-10 14:08:24,631 I 12499 12760] raylet_client.cc:336: Error reporting task backlog information: IOError: 
[2022-01-10 14:08:25,631 I 12499 12760] raylet_client.cc:336: Error reporting task backlog information: IOError: 
[2022-01-10 14:08:26,631 I 12499 12760] raylet_client.cc:336: Error reporting task backlog information: IOError: 
[2022-01-10 14:08:27,631 I 12499 12760] raylet_client.cc:336: Error reporting task backlog information: IOError: 
[2022-01-10 14:08:28,631 I 12499 12760] raylet_client.cc:336: Error reporting task backlog information: IOError: 
[2022-01-10 14:08:29,631 I 12499 12760] raylet_client.cc:336: Error reporting task backlog information: IOError: 
[2022-01-10 14:08:29,795 W 12499 12761] metric_exporter.cc:206: Export metrics to agent failed: IOError: . This won't affect Ray, but you can lose metrics from the cluster.
[2022-01-10 14:08:30,631 I 12499 12760] raylet_client.cc:336: Error reporting task backlog information: IOError: 
[2022-01-10 14:08:31,631 I 12499 12760] raylet_client.cc:336: Error reporting task backlog information: IOError: 
[2022-01-10 14:08:32,631 I 12499 12760] raylet_client.cc:336: Error reporting task backlog information: IOError: 
[2022-01-10 14:08:33,631 I 12499 12760] raylet_client.cc:336: Error reporting task backlog information: IOError: 
[2022-01-10 14:08:34,631 I 12499 12760] raylet_client.cc:336: Error reporting task backlog information: IOError: 
[2022-01-10 14:08:35,631 I 12499 12760] raylet_client.cc:336: Error reporting task backlog information: IOError: 
[2022-01-10 14:08:36,632 I 12499 12760] raylet_client.cc:336: Error reporting task backlog information: IOError: 
[2022-01-10 14:08:37,632 I 12499 12760] raylet_client.cc:336: Error reporting task backlog information: IOError: 
[2022-01-10 14:08:38,632 I 12499 12760] raylet_client.cc:336: Error reporting task backlog information: IOError: 
[2022-01-10 14:08:39,632 I 12499 12760] raylet_client.cc:336: Error reporting task backlog information: IOError: 
[2022-01-10 14:08:39,802 W 12499 12761] metric_exporter.cc:206: Export metrics to agent failed: IOError: . This won't affect Ray, but you can lose metrics from the cluster.
[2022-01-10 14:08:40,632 I 12499 12760] raylet_client.cc:336: Error reporting task backlog information: IOError: 
[2022-01-10 14:08:41,632 I 12499 12760] raylet_client.cc:336: Error reporting task backlog information: IOError: 
[2022-01-10 14:08:42,632 I 12499 12760] raylet_client.cc:336: Error reporting task backlog information: IOError: 
[2022-01-10 14:08:43,632 I 12499 12760] raylet_client.cc:336: Error reporting task backlog information: IOError: 
[2022-01-10 14:08:44,632 I 12499 12760] raylet_client.cc:336: Error reporting task backlog information: IOError: 
[2022-01-10 14:08:45,632 I 12499 12760] raylet_client.cc:336: Error reporting task backlog information: IOError: 
[2022-01-10 14:08:46,632 I 12499 12760] raylet_client.cc:336: Error reporting task backlog information: IOError: 
[2022-01-10 14:08:47,632 I 12499 12760] raylet_client.cc:336: Error reporting task backlog information: IOError: 
[2022-01-10 14:08:48,632 I 12499 12760] raylet_client.cc:336: Error reporting task backlog information: IOError: 
[2022-01-10 14:08:49,632 I 12499 12760] raylet_client.cc:336: Error reporting task backlog information: IOError: 
[2022-01-10 14:08:49,811 W 12499 12761] metric_exporter.cc:206: Export metrics to agent failed: IOError: . This won't affect Ray, but you can lose metrics from the cluster.
[2022-01-10 14:08:50,633 I 12499 12760] raylet_client.cc:336: Error reporting task backlog information: IOError: 
[2022-01-10 14:08:51,633 I 12499 12760] raylet_client.cc:336: Error reporting task backlog information: IOError: 
[2022-01-10 14:08:52,633 I 12499 12760] raylet_client.cc:336: Error reporting task backlog information: IOError: 
[2022-01-10 14:08:53,633 I 12499 12760] raylet_client.cc:336: Error reporting task backlog information: IOError: 
[2022-01-10 14:08:54,633 I 12499 12760] raylet_client.cc:336: Error reporting task backlog information: IOError: 
[2022-01-10 14:08:55,633 I 12499 12760] raylet_client.cc:336: Error reporting task backlog information: IOError: 
[2022-01-10 14:08:56,633 I 12499 12760] raylet_client.cc:336: Error reporting task backlog information: IOError: 
[2022-01-10 14:08:57,633 I 12499 12760] raylet_client.cc:336: Error reporting task backlog information: IOError: 
[2022-01-10 14:08:58,633 I 12499 12760] raylet_client.cc:336: Error reporting task backlog information: IOError: 
[2022-01-10 14:08:59,633 I 12499 12760] raylet_client.cc:336: Error reporting task backlog information: IOError: 
[2022-01-10 14:08:59,818 W 12499 12761] metric_exporter.cc:206: Export metrics to agent failed: IOError: . This won't affect Ray, but you can lose metrics from the cluster.
[2022-01-10 14:09:00,633 I 12499 12760] raylet_client.cc:336: Error reporting task backlog information: IOError: 
[2022-01-10 14:09:01,633 I 12499 12760] raylet_client.cc:336: Error reporting task backlog information: IOError: 
[2022-01-10 14:09:02,633 I 12499 12760] raylet_client.cc:336: Error reporting task backlog information: IOError: 
[2022-01-10 14:09:03,634 I 12499 12760] raylet_client.cc:336: Error reporting task backlog information: IOError: 
[2022-01-10 14:09:04,634 I 12499 12760] raylet_client.cc:336: Error reporting task backlog information: IOError: 
[2022-01-10 14:09:05,634 I 12499 12760] raylet_client.cc:336: Error reporting task backlog information: IOError: 
[2022-01-10 14:09:06,634 I 12499 12760] raylet_client.cc:336: Error reporting task backlog information: IOError: 
[2022-01-10 14:09:07,634 I 12499 12760] raylet_client.cc:336: Error reporting task backlog information: IOError: 
[2022-01-10 14:09:08,634 I 12499 12760] raylet_client.cc:336: Error reporting task backlog information: IOError: 
[2022-01-10 14:09:09,634 I 12499 12760] raylet_client.cc:336: Error reporting task backlog information: IOError: 
[2022-01-10 14:09:09,825 W 12499 12761] metric_exporter.cc:206: Export metrics to agent failed: IOError: . This won't affect Ray, but you can lose metrics from the cluster.
[2022-01-10 14:09:10,634 I 12499 12760] raylet_client.cc:336: Error reporting task backlog information: IOError: 
[2022-01-10 14:09:11,634 I 12499 12760] raylet_client.cc:336: Error reporting task backlog information: IOError: 
[2022-01-10 14:09:12,634 I 12499 12760] raylet_client.cc:336: Error reporting task backlog information: IOError: 
[2022-01-10 14:09:13,493 W 12499 12634] gcs_server_address_updater.cc:61: [301] Failed to get the gcs server address from raylet 301 times in a row. If it keeps failing to obtain the address, the worker might crash. Connection status IOError: 
[2022-01-10 14:09:13,634 I 12499 12760] raylet_client.cc:336: Error reporting task backlog information: IOError: 
[2022-01-10 14:09:14,634 I 12499 12760] raylet_client.cc:336: Error reporting task backlog information: IOError: 
[2022-01-10 14:09:15,634 I 12499 12760] raylet_client.cc:336: Error reporting task backlog information: IOError: 
[2022-01-10 14:09:16,635 I 12499 12760] raylet_client.cc:336: Error reporting task backlog information: IOError: 
[2022-01-10 14:09:17,635 I 12499 12760] raylet_client.cc:336: Error reporting task backlog information: IOError: 
[2022-01-10 14:09:18,635 I 12499 12760] raylet_client.cc:336: Error reporting task backlog information: IOError: 
[2022-01-10 14:09:19,635 I 12499 12760] raylet_client.cc:336: Error reporting task backlog information: IOError: 
[2022-01-10 14:09:19,832 W 12499 12761] metric_exporter.cc:206: Export metrics to agent failed: IOError: . This won't affect Ray, but you can lose metrics from the cluster.
[2022-01-10 14:09:20,635 I 12499 12760] raylet_client.cc:336: Error reporting task backlog information: IOError: 
[2022-01-10 14:09:21,635 I 12499 12760] raylet_client.cc:336: Error reporting task backlog information: IOError: 
[2022-01-10 14:09:22,635 I 12499 12760] raylet_client.cc:336: Error reporting task backlog information: IOError: 
[2022-01-10 14:09:23,635 I 12499 12760] raylet_client.cc:336: Error reporting task backlog information: IOError: 
[2022-01-10 14:09:24,635 I 12499 12760] raylet_client.cc:336: Error reporting task backlog information: IOError: 
[2022-01-10 14:09:25,635 I 12499 12760] raylet_client.cc:336: Error reporting task backlog information: IOError: 
[2022-01-10 14:09:26,635 I 12499 12760] raylet_client.cc:336: Error reporting task backlog information: IOError: 
[2022-01-10 14:09:27,635 I 12499 12760] raylet_client.cc:336: Error reporting task backlog information: IOError: 
[2022-01-10 14:09:28,635 I 12499 12760] raylet_client.cc:336: Error reporting task backlog information: IOError: 
[2022-01-10 14:09:29,635 I 12499 12760] raylet_client.cc:336: Error reporting task backlog information: IOError: 
[2022-01-10 14:09:29,845 W 12499 12761] metric_exporter.cc:206: Export metrics to agent failed: IOError: . This won't affect Ray, but you can lose metrics from the cluster.
[2022-01-10 14:09:30,635 I 12499 12760] raylet_client.cc:336: Error reporting task backlog information: IOError: 
[2022-01-10 14:09:31,636 I 12499 12760] raylet_client.cc:336: Error reporting task backlog information: IOError: 
[2022-01-10 14:09:32,636 I 12499 12760] raylet_client.cc:336: Error reporting task backlog information: IOError: 
[2022-01-10 14:09:33,636 I 12499 12760] raylet_client.cc:336: Error reporting task backlog information: IOError: 
[2022-01-10 14:09:34,636 I 12499 12760] raylet_client.cc:336: Error reporting task backlog information: IOError: 
[2022-01-10 14:09:35,636 I 12499 12760] raylet_client.cc:336: Error reporting task backlog information: IOError: 
[2022-01-10 14:09:36,636 I 12499 12760] raylet_client.cc:336: Error reporting task backlog information: IOError: 
[2022-01-10 14:09:37,636 I 12499 12760] raylet_client.cc:336: Error reporting task backlog information: IOError: 
[2022-01-10 14:09:38,636 I 12499 12760] raylet_client.cc:336: Error reporting task backlog information: IOError: 
[2022-01-10 14:09:39,636 I 12499 12760] raylet_client.cc:336: Error reporting task backlog information: IOError: 
[2022-01-10 14:09:39,852 W 12499 12761] metric_exporter.cc:206: Export metrics to agent failed: IOError: . This won't affect Ray, but you can lose metrics from the cluster.
[2022-01-10 14:09:40,636 I 12499 12760] raylet_client.cc:336: Error reporting task backlog information: IOError: 
[2022-01-10 14:09:41,636 I 12499 12760] raylet_client.cc:336: Error reporting task backlog information: IOError: 
[2022-01-10 14:09:42,636 I 12499 12760] raylet_client.cc:336: Error reporting task backlog information: IOError: 
[2022-01-10 14:09:43,636 I 12499 12760] raylet_client.cc:336: Error reporting task backlog information: IOError: 
[2022-01-10 14:09:44,636 I 12499 12760] raylet_client.cc:336: Error reporting task backlog information: IOError: 
[2022-01-10 14:09:45,637 I 12499 12760] raylet_client.cc:336: Error reporting task backlog information: IOError: 
[2022-01-10 14:09:46,637 I 12499 12760] raylet_client.cc:336: Error reporting task backlog information: IOError: 
[2022-01-10 14:09:47,637 I 12499 12760] raylet_client.cc:336: Error reporting task backlog information: IOError: 
[2022-01-10 14:09:48,637 I 12499 12760] raylet_client.cc:336: Error reporting task backlog information: IOError: 
[2022-01-10 14:09:49,637 I 12499 12760] raylet_client.cc:336: Error reporting task backlog information: IOError: 
[2022-01-10 14:09:49,867 W 12499 12761] metric_exporter.cc:206: Export metrics to agent failed: IOError: . This won't affect Ray, but you can lose metrics from the cluster.
[2022-01-10 14:09:50,637 I 12499 12760] raylet_client.cc:336: Error reporting task backlog information: IOError: 
[2022-01-10 14:09:51,637 I 12499 12760] raylet_client.cc:336: Error reporting task backlog information: IOError: 
[2022-01-10 14:09:52,637 I 12499 12760] raylet_client.cc:336: Error reporting task backlog information: IOError: 
[2022-01-10 14:09:53,637 I 12499 12760] raylet_client.cc:336: Error reporting task backlog information: IOError: 
[2022-01-10 14:09:54,637 I 12499 12760] raylet_client.cc:336: Error reporting task backlog information: IOError: 
[2022-01-10 14:09:55,637 I 12499 12760] raylet_client.cc:336: Error reporting task backlog information: IOError: 
[2022-01-10 14:09:56,637 I 12499 12760] raylet_client.cc:336: Error reporting task backlog information: IOError: 
[2022-01-10 14:09:57,637 I 12499 12760] raylet_client.cc:336: Error reporting task backlog information: IOError: 
[2022-01-10 14:09:58,637 I 12499 12760] raylet_client.cc:336: Error reporting task backlog information: IOError: 
[2022-01-10 14:09:59,637 I 12499 12760] raylet_client.cc:336: Error reporting task backlog information: IOError: 
[2022-01-10 14:09:59,874 W 12499 12761] metric_exporter.cc:206: Export metrics to agent failed: IOError: . This won't affect Ray, but you can lose metrics from the cluster.
[2022-01-10 14:10:00,638 I 12499 12760] raylet_client.cc:336: Error reporting task backlog information: IOError: 
[2022-01-10 14:10:01,638 I 12499 12760] raylet_client.cc:336: Error reporting task backlog information: IOError: 
[2022-01-10 14:10:02,638 I 12499 12760] raylet_client.cc:336: Error reporting task backlog information: IOError: 
[2022-01-10 14:10:03,638 I 12499 12760] raylet_client.cc:336: Error reporting task backlog information: IOError: 
[2022-01-10 14:10:04,638 I 12499 12760] raylet_client.cc:336: Error reporting task backlog information: IOError: 
[2022-01-10 14:10:05,638 I 12499 12760] raylet_client.cc:336: Error reporting task backlog information: IOError: 
[2022-01-10 14:10:06,638 I 12499 12760] raylet_client.cc:336: Error reporting task backlog information: IOError: 
[2022-01-10 14:10:07,638 I 12499 12760] raylet_client.cc:336: Error reporting task backlog information: IOError: 
[2022-01-10 14:10:08,638 I 12499 12760] raylet_client.cc:336: Error reporting task backlog information: IOError: 
[2022-01-10 14:10:09,638 I 12499 12760] raylet_client.cc:336: Error reporting task backlog information: IOError: 
[2022-01-10 14:10:09,880 W 12499 12761] metric_exporter.cc:206: Export metrics to agent failed: IOError: . This won't affect Ray, but you can lose metrics from the cluster.
[2022-01-10 14:10:10,638 I 12499 12760] raylet_client.cc:336: Error reporting task backlog information: IOError: 
[2022-01-10 14:10:11,638 I 12499 12760] raylet_client.cc:336: Error reporting task backlog information: IOError: 
[2022-01-10 14:10:12,638 I 12499 12760] raylet_client.cc:336: Error reporting task backlog information: IOError: 
[2022-01-10 14:10:13,638 I 12499 12760] raylet_client.cc:336: Error reporting task backlog information: IOError: 
[2022-01-10 14:10:14,638 I 12499 12760] raylet_client.cc:336: Error reporting task backlog information: IOError: 
[2022-01-10 14:10:15,638 I 12499 12760] raylet_client.cc:336: Error reporting task backlog information: IOError: 
[2022-01-10 14:10:16,639 I 12499 12760] raylet_client.cc:336: Error reporting task backlog information: IOError: 
[2022-01-10 14:10:17,639 I 12499 12760] raylet_client.cc:336: Error reporting task backlog information: IOError: 
[2022-01-10 14:10:18,639 I 12499 12760] raylet_client.cc:336: Error reporting task backlog information: IOError: 
[2022-01-10 14:10:19,639 I 12499 12760] raylet_client.cc:336: Error reporting task backlog information: IOError: 
[2022-01-10 14:10:19,887 W 12499 12761] metric_exporter.cc:206: Export metrics to agent failed: IOError: . This won't affect Ray, but you can lose metrics from the cluster.
[2022-01-10 14:10:20,639 I 12499 12760] raylet_client.cc:336: Error reporting task backlog information: IOError: 
[2022-01-10 14:10:21,639 I 12499 12760] raylet_client.cc:336: Error reporting task backlog information: IOError: 
[2022-01-10 14:10:22,639 I 12499 12760] raylet_client.cc:336: Error reporting task backlog information: IOError: 
[2022-01-10 14:10:23,639 I 12499 12760] raylet_client.cc:336: Error reporting task backlog information: IOError: 
[2022-01-10 14:10:24,639 I 12499 12760] raylet_client.cc:336: Error reporting task backlog information: IOError: 
[2022-01-10 14:10:25,639 I 12499 12760] raylet_client.cc:336: Error reporting task backlog information: IOError: 
[2022-01-10 14:10:26,639 I 12499 12760] raylet_client.cc:336: Error reporting task backlog information: IOError: 
[2022-01-10 14:10:27,639 I 12499 12760] raylet_client.cc:336: Error reporting task backlog information: IOError: 
[2022-01-10 14:10:28,639 I 12499 12760] raylet_client.cc:336: Error reporting task backlog information: IOError: 
[2022-01-10 14:10:29,639 I 12499 12760] raylet_client.cc:336: Error reporting task backlog information: IOError: 
[2022-01-10 14:10:29,893 W 12499 12761] metric_exporter.cc:206: Export metrics to agent failed: IOError: . This won't affect Ray, but you can lose metrics from the cluster.
[2022-01-10 14:10:30,639 I 12499 12760] raylet_client.cc:336: Error reporting task backlog information: IOError: 
[2022-01-10 14:10:31,639 I 12499 12760] raylet_client.cc:336: Error reporting task backlog information: IOError: 
[2022-01-10 14:10:32,640 I 12499 12760] raylet_client.cc:336: Error reporting task backlog information: IOError: 
[2022-01-10 14:10:33,640 I 12499 12760] raylet_client.cc:336: Error reporting task backlog information: IOError: 
[2022-01-10 14:10:34,640 I 12499 12760] raylet_client.cc:336: Error reporting task backlog information: IOError: 
[2022-01-10 14:10:35,640 I 12499 12760] raylet_client.cc:336: Error reporting task backlog information: IOError: 
[2022-01-10 14:10:36,640 I 12499 12760] raylet_client.cc:336: Error reporting task backlog information: IOError: 
[2022-01-10 14:10:37,640 I 12499 12760] raylet_client.cc:336: Error reporting task backlog information: IOError: 
[2022-01-10 14:10:38,640 I 12499 12760] raylet_client.cc:336: Error reporting task backlog information: IOError: 
[2022-01-10 14:10:39,640 I 12499 12760] raylet_client.cc:336: Error reporting task backlog information: IOError: 
[2022-01-10 14:10:39,901 W 12499 12761] metric_exporter.cc:206: Export metrics to agent failed: IOError: . This won't affect Ray, but you can lose metrics from the cluster.
[2022-01-10 14:10:40,640 I 12499 12760] raylet_client.cc:336: Error reporting task backlog information: IOError: 
[2022-01-10 14:10:41,640 I 12499 12760] raylet_client.cc:336: Error reporting task backlog information: IOError: 
[2022-01-10 14:10:42,640 I 12499 12760] raylet_client.cc:336: Error reporting task backlog information: IOError: 
[2022-01-10 14:10:43,640 I 12499 12760] raylet_client.cc:336: Error reporting task backlog information: IOError: 
[2022-01-10 14:10:44,640 I 12499 12760] raylet_client.cc:336: Error reporting task backlog information: IOError: 
[2022-01-10 14:10:45,641 I 12499 12760] raylet_client.cc:336: Error reporting task backlog information: IOError: 
[2022-01-10 14:10:46,641 I 12499 12760] raylet_client.cc:336: Error reporting task backlog information: IOError: 
[2022-01-10 14:10:47,641 I 12499 12760] raylet_client.cc:336: Error reporting task backlog information: IOError: 
[2022-01-10 14:10:48,641 I 12499 12760] raylet_client.cc:336: Error reporting task backlog information: IOError: 
[2022-01-10 14:10:49,641 I 12499 12760] raylet_client.cc:336: Error reporting task backlog information: IOError: 
[2022-01-10 14:10:49,908 W 12499 12761] metric_exporter.cc:206: Export metrics to agent failed: IOError: . This won't affect Ray, but you can lose metrics from the cluster.
[2022-01-10 14:10:50,641 I 12499 12760] raylet_client.cc:336: Error reporting task backlog information: IOError: 
[2022-01-10 14:10:51,641 I 12499 12760] raylet_client.cc:336: Error reporting task backlog information: IOError: 
[2022-01-10 14:10:52,641 I 12499 12760] raylet_client.cc:336: Error reporting task backlog information: IOError: 
[2022-01-10 14:10:53,641 I 12499 12760] raylet_client.cc:336: Error reporting task backlog information: IOError: 
[2022-01-10 14:10:54,641 I 12499 12760] raylet_client.cc:336: Error reporting task backlog information: IOError: 
[2022-01-10 14:10:55,641 I 12499 12760] raylet_client.cc:336: Error reporting task backlog information: IOError: 
[2022-01-10 14:10:56,641 I 12499 12760] raylet_client.cc:336: Error reporting task backlog information: IOError: 
[2022-01-10 14:10:57,642 I 12499 12760] raylet_client.cc:336: Error reporting task backlog information: IOError: 
[2022-01-10 14:10:58,642 I 12499 12760] raylet_client.cc:336: Error reporting task backlog information: IOError: 
[2022-01-10 14:10:59,642 I 12499 12760] raylet_client.cc:336: Error reporting task backlog information: IOError: 
[2022-01-10 14:10:59,915 W 12499 12761] metric_exporter.cc:206: Export metrics to agent failed: IOError: . This won't affect Ray, but you can lose metrics from the cluster.
[2022-01-10 14:11:00,642 I 12499 12760] raylet_client.cc:336: Error reporting task backlog information: IOError: 
[2022-01-10 14:11:01,642 I 12499 12760] raylet_client.cc:336: Error reporting task backlog information: IOError: 
[2022-01-10 14:11:02,642 I 12499 12760] raylet_client.cc:336: Error reporting task backlog information: IOError: 
[2022-01-10 14:11:03,642 I 12499 12760] raylet_client.cc:336: Error reporting task backlog information: IOError: 
[2022-01-10 14:11:04,642 I 12499 12760] raylet_client.cc:336: Error reporting task backlog information: IOError: 
[2022-01-10 14:11:05,642 I 12499 12760] raylet_client.cc:336: Error reporting task backlog information: IOError: 
[2022-01-10 14:11:06,642 I 12499 12760] raylet_client.cc:336: Error reporting task backlog information: IOError: 
[2022-01-10 14:11:07,643 I 12499 12760] raylet_client.cc:336: Error reporting task backlog information: IOError: 
[2022-01-10 14:11:08,643 I 12499 12760] raylet_client.cc:336: Error reporting task backlog information: IOError: 
[2022-01-10 14:11:09,643 I 12499 12760] raylet_client.cc:336: Error reporting task backlog information: IOError: 
[2022-01-10 14:11:09,922 W 12499 12761] metric_exporter.cc:206: Export metrics to agent failed: IOError: . This won't affect Ray, but you can lose metrics from the cluster.
[2022-01-10 14:11:10,643 I 12499 12760] raylet_client.cc:336: Error reporting task backlog information: IOError: 
[2022-01-10 14:11:11,643 I 12499 12760] raylet_client.cc:336: Error reporting task backlog information: IOError: 
[2022-01-10 14:11:12,643 I 12499 12760] raylet_client.cc:336: Error reporting task backlog information: IOError: 
[2022-01-10 14:11:13,643 I 12499 12760] raylet_client.cc:336: Error reporting task backlog information: IOError: 
[2022-01-10 14:11:14,643 I 12499 12760] raylet_client.cc:336: Error reporting task backlog information: IOError: 
[2022-01-10 14:11:15,643 I 12499 12760] raylet_client.cc:336: Error reporting task backlog information: IOError: 
[2022-01-10 14:11:16,643 I 12499 12760] raylet_client.cc:336: Error reporting task backlog information: IOError: 
[2022-01-10 14:11:17,643 I 12499 12760] raylet_client.cc:336: Error reporting task backlog information: IOError: 
[2022-01-10 14:11:18,643 I 12499 12760] raylet_client.cc:336: Error reporting task backlog information: IOError: 
[2022-01-10 14:11:19,643 I 12499 12760] raylet_client.cc:336: Error reporting task backlog information: IOError: 
[2022-01-10 14:11:19,928 W 12499 12761] metric_exporter.cc:206: Export metrics to agent failed: IOError: . This won't affect Ray, but you can lose metrics from the cluster.
[2022-01-10 14:11:20,643 I 12499 12760] raylet_client.cc:336: Error reporting task backlog information: IOError: 
[2022-01-10 14:11:21,643 I 12499 12760] raylet_client.cc:336: Error reporting task backlog information: IOError: 
[2022-01-10 14:11:22,643 I 12499 12760] raylet_client.cc:336: Error reporting task backlog information: IOError: 
[2022-01-10 14:11:23,644 I 12499 12760] raylet_client.cc:336: Error reporting task backlog information: IOError: 
[2022-01-10 14:11:24,644 I 12499 12760] raylet_client.cc:336: Error reporting task backlog information: IOError: 
[2022-01-10 14:11:25,644 I 12499 12760] raylet_client.cc:336: Error reporting task backlog information: IOError: 
[2022-01-10 14:11:26,644 I 12499 12760] raylet_client.cc:336: Error reporting task backlog information: IOError: 
[2022-01-10 14:11:27,644 I 12499 12760] raylet_client.cc:336: Error reporting task backlog information: IOError: 
[2022-01-10 14:11:28,644 I 12499 12760] raylet_client.cc:336: Error reporting task backlog information: IOError: 
[2022-01-10 14:11:29,644 I 12499 12760] raylet_client.cc:336: Error reporting task backlog information: IOError: 
[2022-01-10 14:11:29,934 W 12499 12761] metric_exporter.cc:206: Export metrics to agent failed: IOError: . This won't affect Ray, but you can lose metrics from the cluster.
[2022-01-10 14:11:30,644 I 12499 12760] raylet_client.cc:336: Error reporting task backlog information: IOError: 
[2022-01-10 14:11:31,644 I 12499 12760] raylet_client.cc:336: Error reporting task backlog information: IOError: 
[2022-01-10 14:11:32,644 I 12499 12760] raylet_client.cc:336: Error reporting task backlog information: IOError: 
[2022-01-10 14:11:33,644 I 12499 12760] raylet_client.cc:336: Error reporting task backlog information: IOError: 
[2022-01-10 14:11:34,644 I 12499 12760] raylet_client.cc:336: Error reporting task backlog information: IOError: 
[2022-01-10 14:11:35,644 I 12499 12760] raylet_client.cc:336: Error reporting task backlog information: IOError: 
[2022-01-10 14:11:36,644 I 12499 12760] raylet_client.cc:336: Error reporting task backlog information: IOError: 
[2022-01-10 14:11:37,644 I 12499 12760] raylet_client.cc:336: Error reporting task backlog information: IOError: 
[2022-01-10 14:11:38,645 I 12499 12760] raylet_client.cc:336: Error reporting task backlog information: IOError: 
[2022-01-10 14:11:39,645 I 12499 12760] raylet_client.cc:336: Error reporting task backlog information: IOError: 
[2022-01-10 14:11:39,946 W 12499 12761] metric_exporter.cc:206: Export metrics to agent failed: IOError: . This won't affect Ray, but you can lose metrics from the cluster.
[2022-01-10 14:11:40,645 I 12499 12760] raylet_client.cc:336: Error reporting task backlog information: IOError: 
[2022-01-10 14:11:41,645 I 12499 12760] raylet_client.cc:336: Error reporting task backlog information: IOError: 
[2022-01-10 14:11:42,645 I 12499 12760] raylet_client.cc:336: Error reporting task backlog information: IOError: 
[2022-01-10 14:11:43,645 I 12499 12760] raylet_client.cc:336: Error reporting task backlog information: IOError: 
[2022-01-10 14:11:44,645 I 12499 12760] raylet_client.cc:336: Error reporting task backlog information: IOError: 
[2022-01-10 14:11:45,645 I 12499 12760] raylet_client.cc:336: Error reporting task backlog information: IOError: 
[2022-01-10 14:11:46,645 I 12499 12760] raylet_client.cc:336: Error reporting task backlog information: IOError: 
[2022-01-10 14:11:47,645 I 12499 12760] raylet_client.cc:336: Error reporting task backlog information: IOError: 
[2022-01-10 14:11:48,645 I 12499 12760] raylet_client.cc:336: Error reporting task backlog information: IOError: 
[2022-01-10 14:11:49,645 I 12499 12760] raylet_client.cc:336: Error reporting task backlog information: IOError: 
[2022-01-10 14:11:49,952 W 12499 12761] metric_exporter.cc:206: Export metrics to agent failed: IOError: . This won't affect Ray, but you can lose metrics from the cluster.
[2022-01-10 14:11:50,645 I 12499 12760] raylet_client.cc:336: Error reporting task backlog information: IOError: 
[2022-01-10 14:11:51,645 I 12499 12760] raylet_client.cc:336: Error reporting task backlog information: IOError: 
[2022-01-10 14:11:52,646 I 12499 12760] raylet_client.cc:336: Error reporting task backlog information: IOError: 
[2022-01-10 14:11:53,646 I 12499 12760] raylet_client.cc:336: Error reporting task backlog information: IOError: 
[2022-01-10 14:11:54,646 I 12499 12760] raylet_client.cc:336: Error reporting task backlog information: IOError: 
[2022-01-10 14:11:55,646 I 12499 12760] raylet_client.cc:336: Error reporting task backlog information: IOError: 
[2022-01-10 14:11:56,646 I 12499 12760] raylet_client.cc:336: Error reporting task backlog information: IOError: 
[2022-01-10 14:11:57,646 I 12499 12760] raylet_client.cc:336: Error reporting task backlog information: IOError: 
[2022-01-10 14:11:58,646 I 12499 12760] raylet_client.cc:336: Error reporting task backlog information: IOError: 
[2022-01-10 14:11:59,646 I 12499 12760] raylet_client.cc:336: Error reporting task backlog information: IOError: 
[2022-01-10 14:11:59,959 W 12499 12761] metric_exporter.cc:206: Export metrics to agent failed: IOError: . This won't affect Ray, but you can lose metrics from the cluster.
[2022-01-10 14:12:00,646 I 12499 12760] raylet_client.cc:336: Error reporting task backlog information: IOError: 
[2022-01-10 14:12:01,646 I 12499 12760] raylet_client.cc:336: Error reporting task backlog information: IOError: 
[2022-01-10 14:12:02,646 I 12499 12760] raylet_client.cc:336: Error reporting task backlog information: IOError: 
[2022-01-10 14:12:03,646 I 12499 12760] raylet_client.cc:336: Error reporting task backlog information: IOError: 
[2022-01-10 14:12:04,646 I 12499 12760] raylet_client.cc:336: Error reporting task backlog information: IOError: 
[2022-01-10 14:12:05,646 I 12499 12760] raylet_client.cc:336: Error reporting task backlog information: IOError: 
[2022-01-10 14:12:06,647 I 12499 12760] raylet_client.cc:336: Error reporting task backlog information: IOError: 
[2022-01-10 14:12:07,647 I 12499 12760] raylet_client.cc:336: Error reporting task backlog information: IOError: 
[2022-01-10 14:12:08,647 I 12499 12760] raylet_client.cc:336: Error reporting task backlog information: IOError: 
[2022-01-10 14:12:09,647 I 12499 12760] raylet_client.cc:336: Error reporting task backlog information: IOError: 
[2022-01-10 14:12:09,966 W 12499 12761] metric_exporter.cc:206: Export metrics to agent failed: IOError: . This won't affect Ray, but you can lose metrics from the cluster.
[2022-01-10 14:12:10,647 I 12499 12760] raylet_client.cc:336: Error reporting task backlog information: IOError: 
[2022-01-10 14:12:11,647 I 12499 12760] raylet_client.cc:336: Error reporting task backlog information: IOError: 
[2022-01-10 14:12:12,647 I 12499 12760] raylet_client.cc:336: Error reporting task backlog information: IOError: 
[2022-01-10 14:12:13,647 I 12499 12760] raylet_client.cc:336: Error reporting task backlog information: IOError: 
[2022-01-10 14:12:14,647 I 12499 12760] raylet_client.cc:336: Error reporting task backlog information: IOError: 
[2022-01-10 14:12:15,647 I 12499 12760] raylet_client.cc:336: Error reporting task backlog information: IOError: 
[2022-01-10 14:12:16,647 I 12499 12760] raylet_client.cc:336: Error reporting task backlog information: IOError: 
[2022-01-10 14:12:17,647 I 12499 12760] raylet_client.cc:336: Error reporting task backlog information: IOError: 
[2022-01-10 14:12:18,647 I 12499 12760] raylet_client.cc:336: Error reporting task backlog information: IOError: 
[2022-01-10 14:12:19,647 I 12499 12760] raylet_client.cc:336: Error reporting task backlog information: IOError: 
[2022-01-10 14:12:19,973 W 12499 12761] metric_exporter.cc:206: Export metrics to agent failed: IOError: . This won't affect Ray, but you can lose metrics from the cluster.
[2022-01-10 14:12:20,647 I 12499 12760] raylet_client.cc:336: Error reporting task backlog information: IOError: 
[2022-01-10 14:12:21,648 I 12499 12760] raylet_client.cc:336: Error reporting task backlog information: IOError: 
[2022-01-10 14:12:22,648 I 12499 12760] raylet_client.cc:336: Error reporting task backlog information: IOError: 
[2022-01-10 14:12:23,648 I 12499 12760] raylet_client.cc:336: Error reporting task backlog information: IOError: 
[2022-01-10 14:12:24,648 I 12499 12760] raylet_client.cc:336: Error reporting task backlog information: IOError: 
[2022-01-10 14:12:25,648 I 12499 12760] raylet_client.cc:336: Error reporting task backlog information: IOError: 
[2022-01-10 14:12:26,648 I 12499 12760] raylet_client.cc:336: Error reporting task backlog information: IOError: 
[2022-01-10 14:12:27,648 I 12499 12760] raylet_client.cc:336: Error reporting task backlog information: IOError: 
[2022-01-10 14:12:28,648 I 12499 12760] raylet_client.cc:336: Error reporting task backlog information: IOError: 
[2022-01-10 14:12:29,648 I 12499 12760] raylet_client.cc:336: Error reporting task backlog information: IOError: 
[2022-01-10 14:12:29,979 W 12499 12761] metric_exporter.cc:206: Export metrics to agent failed: IOError: . This won't affect Ray, but you can lose metrics from the cluster.
[2022-01-10 14:12:30,648 I 12499 12760] raylet_client.cc:336: Error reporting task backlog information: IOError: 
[2022-01-10 14:12:31,648 I 12499 12760] raylet_client.cc:336: Error reporting task backlog information: IOError: 
[2022-01-10 14:12:32,648 I 12499 12760] raylet_client.cc:336: Error reporting task backlog information: IOError: 
[2022-01-10 14:12:33,648 I 12499 12760] raylet_client.cc:336: Error reporting task backlog information: IOError: 
[2022-01-10 14:12:34,649 I 12499 12760] raylet_client.cc:336: Error reporting task backlog information: IOError: 
[2022-01-10 14:12:35,649 I 12499 12760] raylet_client.cc:336: Error reporting task backlog information: IOError: 
[2022-01-10 14:12:36,649 I 12499 12760] raylet_client.cc:336: Error reporting task backlog information: IOError: 
[2022-01-10 14:12:37,649 I 12499 12760] raylet_client.cc:336: Error reporting task backlog information: IOError: 
[2022-01-10 14:12:38,649 I 12499 12760] raylet_client.cc:336: Error reporting task backlog information: IOError: 
[2022-01-10 14:12:39,649 I 12499 12760] raylet_client.cc:336: Error reporting task backlog information: IOError: 
[2022-01-10 14:12:39,986 W 12499 12761] metric_exporter.cc:206: Export metrics to agent failed: IOError: . This won't affect Ray, but you can lose metrics from the cluster.
[2022-01-10 14:12:40,649 I 12499 12760] raylet_client.cc:336: Error reporting task backlog information: IOError: 
[2022-01-10 14:12:41,649 I 12499 12760] raylet_client.cc:336: Error reporting task backlog information: IOError: 
[2022-01-10 14:12:42,649 I 12499 12760] raylet_client.cc:336: Error reporting task backlog information: IOError: 
[2022-01-10 14:12:43,649 I 12499 12760] raylet_client.cc:336: Error reporting task backlog information: IOError: 
[2022-01-10 14:12:44,649 I 12499 12760] raylet_client.cc:336: Error reporting task backlog information: IOError: 
[2022-01-10 14:12:45,649 I 12499 12760] raylet_client.cc:336: Error reporting task backlog information: IOError: 
[2022-01-10 14:12:46,649 I 12499 12760] raylet_client.cc:336: Error reporting task backlog information: IOError: 
[2022-01-10 14:12:47,649 I 12499 12760] raylet_client.cc:336: Error reporting task backlog information: IOError: 
[2022-01-10 14:12:48,650 I 12499 12760] raylet_client.cc:336: Error reporting task backlog information: IOError: 
[2022-01-10 14:12:49,650 I 12499 12760] raylet_client.cc:336: Error reporting task backlog information: IOError: 
[2022-01-10 14:12:49,994 W 12499 12761] metric_exporter.cc:206: Export metrics to agent failed: IOError: . This won't affect Ray, but you can lose metrics from the cluster.
[2022-01-10 14:12:50,650 I 12499 12760] raylet_client.cc:336: Error reporting task backlog information: IOError: 
[2022-01-10 14:12:51,650 I 12499 12760] raylet_client.cc:336: Error reporting task backlog information: IOError: 
[2022-01-10 14:12:52,650 I 12499 12760] raylet_client.cc:336: Error reporting task backlog information: IOError: 
[2022-01-10 14:12:53,650 I 12499 12760] raylet_client.cc:336: Error reporting task backlog information: IOError: 
[2022-01-10 14:12:54,650 I 12499 12760] raylet_client.cc:336: Error reporting task backlog information: IOError: 
[2022-01-10 14:12:55,650 I 12499 12760] raylet_client.cc:336: Error reporting task backlog information: IOError: 
[2022-01-10 14:12:56,650 I 12499 12760] raylet_client.cc:336: Error reporting task backlog information: IOError: 
[2022-01-10 14:12:57,650 I 12499 12760] raylet_client.cc:336: Error reporting task backlog information: IOError: 
[2022-01-10 14:12:58,650 I 12499 12760] raylet_client.cc:336: Error reporting task backlog information: IOError: 
[2022-01-10 14:12:59,651 I 12499 12760] raylet_client.cc:336: Error reporting task backlog information: IOError: 
[2022-01-10 14:13:00,004 W 12499 12761] metric_exporter.cc:206: Export metrics to agent failed: IOError: . This won't affect Ray, but you can lose metrics from the cluster.
[2022-01-10 14:13:00,651 I 12499 12760] raylet_client.cc:336: Error reporting task backlog information: IOError: 
[2022-01-10 14:13:01,651 I 12499 12760] raylet_client.cc:336: Error reporting task backlog information: IOError: 
[2022-01-10 14:13:02,651 I 12499 12760] raylet_client.cc:336: Error reporting task backlog information: IOError: 
[2022-01-10 14:13:03,651 I 12499 12760] raylet_client.cc:336: Error reporting task backlog information: IOError: 
[2022-01-10 14:13:04,651 I 12499 12760] raylet_client.cc:336: Error reporting task backlog information: IOError: 
[2022-01-10 14:13:05,651 I 12499 12760] raylet_client.cc:336: Error reporting task backlog information: IOError: 
[2022-01-10 14:13:06,651 I 12499 12760] raylet_client.cc:336: Error reporting task backlog information: IOError: 
[2022-01-10 14:13:07,652 I 12499 12760] raylet_client.cc:336: Error reporting task backlog information: IOError: 
[2022-01-10 14:13:08,652 I 12499 12760] raylet_client.cc:336: Error reporting task backlog information: IOError: 
[2022-01-10 14:13:09,652 I 12499 12760] raylet_client.cc:336: Error reporting task backlog information: IOError: 
[2022-01-10 14:13:10,010 W 12499 12761] metric_exporter.cc:206: Export metrics to agent failed: IOError: . This won't affect Ray, but you can lose metrics from the cluster.
[2022-01-10 14:13:10,652 I 12499 12760] raylet_client.cc:336: Error reporting task backlog information: IOError: 
[2022-01-10 14:13:11,652 I 12499 12760] raylet_client.cc:336: Error reporting task backlog information: IOError: 
[2022-01-10 14:13:12,652 I 12499 12760] raylet_client.cc:336: Error reporting task backlog information: IOError: 
[2022-01-10 14:13:13,652 I 12499 12760] raylet_client.cc:336: Error reporting task backlog information: IOError: 
[2022-01-10 14:13:14,652 I 12499 12760] raylet_client.cc:336: Error reporting task backlog information: IOError: 
[2022-01-10 14:13:15,652 I 12499 12760] raylet_client.cc:336: Error reporting task backlog information: IOError: 
[2022-01-10 14:13:16,652 I 12499 12760] raylet_client.cc:336: Error reporting task backlog information: IOError: 
[2022-01-10 14:13:17,652 I 12499 12760] raylet_client.cc:336: Error reporting task backlog information: IOError: 
[2022-01-10 14:13:18,652 I 12499 12760] raylet_client.cc:336: Error reporting task backlog information: IOError: 
[2022-01-10 14:13:19,653 I 12499 12760] raylet_client.cc:336: Error reporting task backlog information: IOError: 
[2022-01-10 14:13:20,030 W 12499 12761] metric_exporter.cc:206: Export metrics to agent failed: IOError: . This won't affect Ray, but you can lose metrics from the cluster.
[2022-01-10 14:13:20,653 I 12499 12760] raylet_client.cc:336: Error reporting task backlog information: IOError: 
[2022-01-10 14:13:21,653 I 12499 12760] raylet_client.cc:336: Error reporting task backlog information: IOError: 
[2022-01-10 14:13:22,653 I 12499 12760] raylet_client.cc:336: Error reporting task backlog information: IOError: 
[2022-01-10 14:13:23,653 I 12499 12760] raylet_client.cc:336: Error reporting task backlog information: IOError: 
[2022-01-10 14:13:24,654 I 12499 12760] raylet_client.cc:336: Error reporting task backlog information: IOError: 
[2022-01-10 14:13:25,654 I 12499 12760] raylet_client.cc:336: Error reporting task backlog information: IOError: 
[2022-01-10 14:13:26,654 I 12499 12760] raylet_client.cc:336: Error reporting task backlog information: IOError: 
[2022-01-10 14:13:27,654 I 12499 12760] raylet_client.cc:336: Error reporting task backlog information: IOError: 
[2022-01-10 14:13:28,654 I 12499 12760] raylet_client.cc:336: Error reporting task backlog information: IOError: 
[2022-01-10 14:13:29,654 I 12499 12760] raylet_client.cc:336: Error reporting task backlog information: IOError: 
[2022-01-10 14:13:30,037 W 12499 12761] metric_exporter.cc:206: Export metrics to agent failed: IOError: . This won't affect Ray, but you can lose metrics from the cluster.
[2022-01-10 14:13:30,654 I 12499 12760] raylet_client.cc:336: Error reporting task backlog information: IOError: 
[2022-01-10 14:13:31,654 I 12499 12760] raylet_client.cc:336: Error reporting task backlog information: IOError: 
[2022-01-10 14:13:32,654 I 12499 12760] raylet_client.cc:336: Error reporting task backlog information: IOError: 
[2022-01-10 14:13:33,654 I 12499 12760] raylet_client.cc:336: Error reporting task backlog information: IOError: 
[2022-01-10 14:13:34,654 I 12499 12760] raylet_client.cc:336: Error reporting task backlog information: IOError: 
[2022-01-10 14:13:35,654 I 12499 12760] raylet_client.cc:336: Error reporting task backlog information: IOError: 
[2022-01-10 14:13:36,655 I 12499 12760] raylet_client.cc:336: Error reporting task backlog information: IOError: 
[2022-01-10 14:13:37,655 I 12499 12760] raylet_client.cc:336: Error reporting task backlog information: IOError: 
[2022-01-10 14:13:38,655 I 12499 12760] raylet_client.cc:336: Error reporting task backlog information: IOError: 
[2022-01-10 14:13:39,655 I 12499 12760] raylet_client.cc:336: Error reporting task backlog information: IOError: 
[2022-01-10 14:13:40,043 W 12499 12761] metric_exporter.cc:206: Export metrics to agent failed: IOError: . This won't affect Ray, but you can lose metrics from the cluster.
[2022-01-10 14:13:40,655 I 12499 12760] raylet_client.cc:336: Error reporting task backlog information: IOError: 
[2022-01-10 14:13:41,655 I 12499 12760] raylet_client.cc:336: Error reporting task backlog information: IOError: 
[2022-01-10 14:13:42,655 I 12499 12760] raylet_client.cc:336: Error reporting task backlog information: IOError: 
[2022-01-10 14:13:43,655 I 12499 12760] raylet_client.cc:336: Error reporting task backlog information: IOError: 
[2022-01-10 14:13:44,655 I 12499 12760] raylet_client.cc:336: Error reporting task backlog information: IOError: 
[2022-01-10 14:13:45,655 I 12499 12760] raylet_client.cc:336: Error reporting task backlog information: IOError: 
[2022-01-10 14:13:46,655 I 12499 12760] raylet_client.cc:336: Error reporting task backlog information: IOError: 
[2022-01-10 14:13:47,655 I 12499 12760] raylet_client.cc:336: Error reporting task backlog information: IOError: 
[2022-01-10 14:13:48,655 I 12499 12760] raylet_client.cc:336: Error reporting task backlog information: IOError: 
[2022-01-10 14:13:49,655 I 12499 12760] raylet_client.cc:336: Error reporting task backlog information: IOError: 
[2022-01-10 14:13:50,051 W 12499 12761] metric_exporter.cc:206: Export metrics to agent failed: IOError: . This won't affect Ray, but you can lose metrics from the cluster.
[2022-01-10 14:13:50,656 I 12499 12760] raylet_client.cc:336: Error reporting task backlog information: IOError: 
[2022-01-10 14:13:51,656 I 12499 12760] raylet_client.cc:336: Error reporting task backlog information: IOError: 
[2022-01-10 14:13:52,656 I 12499 12760] raylet_client.cc:336: Error reporting task backlog information: IOError: 
[2022-01-10 14:13:53,656 I 12499 12760] raylet_client.cc:336: Error reporting task backlog information: IOError: 
[2022-01-10 14:13:54,656 I 12499 12760] raylet_client.cc:336: Error reporting task backlog information: IOError: 
[2022-01-10 14:13:55,656 I 12499 12760] raylet_client.cc:336: Error reporting task backlog information: IOError: 
[2022-01-10 14:13:56,656 I 12499 12760] raylet_client.cc:336: Error reporting task backlog information: IOError: 
[2022-01-10 14:13:57,656 I 12499 12760] raylet_client.cc:336: Error reporting task backlog information: IOError: 
[2022-01-10 14:13:58,656 I 12499 12760] raylet_client.cc:336: Error reporting task backlog information: IOError: 
[2022-01-10 14:13:59,656 I 12499 12760] raylet_client.cc:336: Error reporting task backlog information: IOError: 
[2022-01-10 14:14:00,057 W 12499 12761] metric_exporter.cc:206: Export metrics to agent failed: IOError: . This won't affect Ray, but you can lose metrics from the cluster.
[2022-01-10 14:14:00,656 I 12499 12760] raylet_client.cc:336: Error reporting task backlog information: IOError: 
[2022-01-10 14:14:01,656 I 12499 12760] raylet_client.cc:336: Error reporting task backlog information: IOError: 
[2022-01-10 14:14:02,656 I 12499 12760] raylet_client.cc:336: Error reporting task backlog information: IOError: 
[2022-01-10 14:14:03,656 I 12499 12760] raylet_client.cc:336: Error reporting task backlog information: IOError: 
[2022-01-10 14:14:04,656 I 12499 12760] raylet_client.cc:336: Error reporting task backlog information: IOError: 
[2022-01-10 14:14:05,657 I 12499 12760] raylet_client.cc:336: Error reporting task backlog information: IOError: 
[2022-01-10 14:14:06,657 I 12499 12760] raylet_client.cc:336: Error reporting task backlog information: IOError: 
[2022-01-10 14:14:07,657 I 12499 12760] raylet_client.cc:336: Error reporting task backlog information: IOError: 
[2022-01-10 14:14:08,657 I 12499 12760] raylet_client.cc:336: Error reporting task backlog information: IOError: 
[2022-01-10 14:14:09,657 I 12499 12760] raylet_client.cc:336: Error reporting task backlog information: IOError: 
[2022-01-10 14:14:10,065 W 12499 12761] metric_exporter.cc:206: Export metrics to agent failed: IOError: . This won't affect Ray, but you can lose metrics from the cluster.
[2022-01-10 14:14:10,657 I 12499 12760] raylet_client.cc:336: Error reporting task backlog information: IOError: 
[2022-01-10 14:14:11,657 I 12499 12760] raylet_client.cc:336: Error reporting task backlog information: IOError: 
[2022-01-10 14:14:12,517 E 12499 12634] gcs_server_address_updater.cc:76: Failed to receive the GCS address for 600 times without success. The worker will exit ungracefully. It is because GCS has died. It could be because there was an issue that kills GCS, such as high memory usage triggering OOM killer to kill GCS. Cluster will be highly likely unavailable if you see this log. Please check the log from gcs_server.err.
