2022-01-10 12:36:38,465	INFO log_monitor.py:190 -- Beginning to track file raylet.err
2022-01-10 12:36:38,466	INFO log_monitor.py:190 -- Beginning to track file gcs_server.err
2022-01-10 12:36:38,466	INFO log_monitor.py:190 -- Beginning to track file monitor.log
2022-01-10 12:36:39,972	INFO log_monitor.py:190 -- Beginning to track file worker-41fccca22cb2689056708cb8a4ff4695a044ffb1fdbc0ef8e0fc4c3c-01000000-19016.out
2022-01-10 12:36:39,973	INFO log_monitor.py:190 -- Beginning to track file worker-41fccca22cb2689056708cb8a4ff4695a044ffb1fdbc0ef8e0fc4c3c-01000000-19016.err
2022-01-10 12:36:40,073	INFO log_monitor.py:190 -- Beginning to track file worker-5a2cee5a1c9e6ba50b43c6c820aa939f770ad9f173923d66f033622d-01000000-19017.err
2022-01-10 12:36:40,073	INFO log_monitor.py:190 -- Beginning to track file worker-5a2cee5a1c9e6ba50b43c6c820aa939f770ad9f173923d66f033622d-01000000-19017.out
2022-01-10 12:36:40,073	INFO log_monitor.py:190 -- Beginning to track file worker-cca6bb3d732579c5dcc476b06a64d750da04529f2d0e541a4b3cc10d-01000000-19025.err
2022-01-10 12:36:40,073	INFO log_monitor.py:190 -- Beginning to track file worker-4a65227304232ee0756a1853828ae5d73be52a9cd02110d008a9c3b5-01000000-19027.out
2022-01-10 12:36:40,073	INFO log_monitor.py:190 -- Beginning to track file worker-d940442c15a55b43f15e55cc1471715b5ffc1a582e8bc07d94ee8852-01000000-19019.out
2022-01-10 12:36:40,073	INFO log_monitor.py:190 -- Beginning to track file worker-254fd825741296863116aead2aa4dfe441ed46d40cc7f06b67881d36-01000000-19026.out
2022-01-10 12:36:40,074	INFO log_monitor.py:190 -- Beginning to track file worker-583023049b737c9e4affe8df9a4fe85d61088567b3b26e1a536bbbe3-01000000-19018.err
2022-01-10 12:36:40,074	INFO log_monitor.py:190 -- Beginning to track file worker-4c0f93c0f5ef3b8a6eb1a172524031d3e7616ffaca5d13d1cb60eff6-01000000-19020.err
2022-01-10 12:36:40,074	INFO log_monitor.py:190 -- Beginning to track file worker-583023049b737c9e4affe8df9a4fe85d61088567b3b26e1a536bbbe3-01000000-19018.out
2022-01-10 12:36:40,074	INFO log_monitor.py:190 -- Beginning to track file worker-120dcba9483b5a3454e3d9f46db7d9cf357bcee73e1abe401efac66c-01000000-19023.out
2022-01-10 12:36:40,074	INFO log_monitor.py:190 -- Beginning to track file worker-d9950bac9b2f719216881b268279502a8346d606e2860e753a854b6f-01000000-19021.err
2022-01-10 12:36:40,074	INFO log_monitor.py:190 -- Beginning to track file worker-254fd825741296863116aead2aa4dfe441ed46d40cc7f06b67881d36-01000000-19026.err
2022-01-10 12:36:40,074	INFO log_monitor.py:190 -- Beginning to track file worker-55e993164c5b669a9a2734d80a7a0180fbb6136f54d61ef094d966a2-01000000-19024.err
2022-01-10 12:36:40,074	INFO log_monitor.py:190 -- Beginning to track file worker-ee9b462c597bf1afe87887558b2d6e20390665263e991cb2321791bb-01000000-19022.err
2022-01-10 12:36:40,074	INFO log_monitor.py:190 -- Beginning to track file worker-d9950bac9b2f719216881b268279502a8346d606e2860e753a854b6f-01000000-19021.out
2022-01-10 12:36:40,074	INFO log_monitor.py:190 -- Beginning to track file worker-4a65227304232ee0756a1853828ae5d73be52a9cd02110d008a9c3b5-01000000-19027.err
2022-01-10 12:36:40,074	INFO log_monitor.py:190 -- Beginning to track file worker-d940442c15a55b43f15e55cc1471715b5ffc1a582e8bc07d94ee8852-01000000-19019.err
2022-01-10 12:36:40,074	INFO log_monitor.py:190 -- Beginning to track file worker-ee9b462c597bf1afe87887558b2d6e20390665263e991cb2321791bb-01000000-19022.out
2022-01-10 12:36:40,074	INFO log_monitor.py:190 -- Beginning to track file worker-4c0f93c0f5ef3b8a6eb1a172524031d3e7616ffaca5d13d1cb60eff6-01000000-19020.out
2022-01-10 12:36:40,074	INFO log_monitor.py:190 -- Beginning to track file worker-55e993164c5b669a9a2734d80a7a0180fbb6136f54d61ef094d966a2-01000000-19024.out
2022-01-10 12:36:40,074	INFO log_monitor.py:190 -- Beginning to track file worker-120dcba9483b5a3454e3d9f46db7d9cf357bcee73e1abe401efac66c-01000000-19023.err
2022-01-10 12:36:40,074	INFO log_monitor.py:190 -- Beginning to track file worker-cca6bb3d732579c5dcc476b06a64d750da04529f2d0e541a4b3cc10d-01000000-19025.out
