[2022-01-12 10:07:42,449 I 143585 143585] core_worker.cc:132: Constructing CoreWorkerProcess. pid: 143585
[2022-01-12 10:07:42,450 I 143585 143585] grpc_server.cc:112: worker server started, listening on port 34533.
[2022-01-12 10:07:42,453 I 143585 143585] core_worker.cc:479: Initializing worker at address: 131.215.21.210:34533, worker ID a865b445b15020d35827f6bef9290f6ae5006447fa138d767b20489b, raylet 10999f05f6cac99ae47c08b61c068305160dd60674ba98f196462ed5
[2022-01-12 10:07:42,596 I 143585 143585] io_service_pool.cc:35: IOServicePool is running with 1 io_service.
[2022-01-12 10:07:42,596 I 143585 143902] accessor.cc:560: Received notification for node id = 10999f05f6cac99ae47c08b61c068305160dd60674ba98f196462ed5, IsAlive = 1
[2022-01-12 10:08:45,459 W 143585 143832] gcs_server_address_updater.cc:61: [1] Failed to get the gcs server address from raylet 1 times in a row. If it keeps failing to obtain the address, the worker might crash. Connection status IOError: 
[2022-01-12 10:08:46,458 I 143585 143902] raylet_client.cc:336: Error reporting task backlog information: IOError: 
[2022-01-12 10:08:46,603 I 143585 143902] raylet_client.cc:336: Error reporting task backlog information: IOError: 
[2022-01-12 10:08:47,603 I 143585 143902] raylet_client.cc:336: Error reporting task backlog information: IOError: 
[2022-01-12 10:08:48,603 I 143585 143902] raylet_client.cc:336: Error reporting task backlog information: IOError: 
[2022-01-12 10:08:49,603 I 143585 143902] raylet_client.cc:336: Error reporting task backlog information: IOError: 
[2022-01-12 10:08:50,603 I 143585 143902] raylet_client.cc:336: Error reporting task backlog information: IOError: 
[2022-01-12 10:08:51,604 I 143585 143902] raylet_client.cc:336: Error reporting task backlog information: IOError: 
[2022-01-12 10:08:52,604 I 143585 143902] raylet_client.cc:336: Error reporting task backlog information: IOError: 
[2022-01-12 10:08:52,645 W 143585 143903] metric_exporter.cc:206: Export metrics to agent failed: IOError: . This won't affect Ray, but you can lose metrics from the cluster.
[2022-01-12 10:08:53,604 I 143585 143902] raylet_client.cc:336: Error reporting task backlog information: IOError: 
[2022-01-12 10:08:54,604 I 143585 143902] raylet_client.cc:336: Error reporting task backlog information: IOError: 
[2022-01-12 10:08:55,604 I 143585 143902] raylet_client.cc:336: Error reporting task backlog information: IOError: 
[2022-01-12 10:08:56,604 I 143585 143902] raylet_client.cc:336: Error reporting task backlog information: IOError: 
[2022-01-12 10:08:57,604 I 143585 143902] raylet_client.cc:336: Error reporting task backlog information: IOError: 
[2022-01-12 10:08:58,604 I 143585 143902] raylet_client.cc:336: Error reporting task backlog information: IOError: 
[2022-01-12 10:08:59,604 I 143585 143902] raylet_client.cc:336: Error reporting task backlog information: IOError: 
[2022-01-12 10:09:00,605 I 143585 143902] raylet_client.cc:336: Error reporting task backlog information: IOError: 
[2022-01-12 10:09:01,605 I 143585 143902] raylet_client.cc:336: Error reporting task backlog information: IOError: 
[2022-01-12 10:09:02,605 I 143585 143902] raylet_client.cc:336: Error reporting task backlog information: IOError: 
[2022-01-12 10:09:02,655 W 143585 143903] metric_exporter.cc:206: Export metrics to agent failed: IOError: . This won't affect Ray, but you can lose metrics from the cluster.
[2022-01-12 10:09:03,606 I 143585 143902] raylet_client.cc:336: Error reporting task backlog information: IOError: 
[2022-01-12 10:09:04,606 I 143585 143902] raylet_client.cc:336: Error reporting task backlog information: IOError: 
[2022-01-12 10:09:05,606 I 143585 143902] raylet_client.cc:336: Error reporting task backlog information: IOError: 
[2022-01-12 10:09:06,606 I 143585 143902] raylet_client.cc:336: Error reporting task backlog information: IOError: 
[2022-01-12 10:09:07,606 I 143585 143902] raylet_client.cc:336: Error reporting task backlog information: IOError: 
[2022-01-12 10:09:08,607 I 143585 143902] raylet_client.cc:336: Error reporting task backlog information: IOError: 
[2022-01-12 10:09:09,607 I 143585 143902] raylet_client.cc:336: Error reporting task backlog information: IOError: 
[2022-01-12 10:09:10,607 I 143585 143902] raylet_client.cc:336: Error reporting task backlog information: IOError: 
[2022-01-12 10:09:11,607 I 143585 143902] raylet_client.cc:336: Error reporting task backlog information: IOError: 
[2022-01-12 10:09:12,608 I 143585 143902] raylet_client.cc:336: Error reporting task backlog information: IOError: 
[2022-01-12 10:09:12,665 W 143585 143903] metric_exporter.cc:206: Export metrics to agent failed: IOError: . This won't affect Ray, but you can lose metrics from the cluster.
[2022-01-12 10:09:13,608 I 143585 143902] raylet_client.cc:336: Error reporting task backlog information: IOError: 
[2022-01-12 10:09:14,608 I 143585 143902] raylet_client.cc:336: Error reporting task backlog information: IOError: 
[2022-01-12 10:09:15,609 I 143585 143902] raylet_client.cc:336: Error reporting task backlog information: IOError: 
[2022-01-12 10:09:16,609 I 143585 143902] raylet_client.cc:336: Error reporting task backlog information: IOError: 
[2022-01-12 10:09:17,609 I 143585 143902] raylet_client.cc:336: Error reporting task backlog information: IOError: 
[2022-01-12 10:09:18,609 I 143585 143902] raylet_client.cc:336: Error reporting task backlog information: IOError: 
[2022-01-12 10:09:19,610 I 143585 143902] raylet_client.cc:336: Error reporting task backlog information: IOError: 
[2022-01-12 10:09:20,610 I 143585 143902] raylet_client.cc:336: Error reporting task backlog information: IOError: 
[2022-01-12 10:09:21,610 I 143585 143902] raylet_client.cc:336: Error reporting task backlog information: IOError: 
[2022-01-12 10:09:22,610 I 143585 143902] raylet_client.cc:336: Error reporting task backlog information: IOError: 
[2022-01-12 10:09:22,677 W 143585 143903] metric_exporter.cc:206: Export metrics to agent failed: IOError: . This won't affect Ray, but you can lose metrics from the cluster.
[2022-01-12 10:09:23,611 I 143585 143902] raylet_client.cc:336: Error reporting task backlog information: IOError: 
[2022-01-12 10:09:24,611 I 143585 143902] raylet_client.cc:336: Error reporting task backlog information: IOError: 
[2022-01-12 10:09:25,611 I 143585 143902] raylet_client.cc:336: Error reporting task backlog information: IOError: 
[2022-01-12 10:09:26,611 I 143585 143902] raylet_client.cc:336: Error reporting task backlog information: IOError: 
[2022-01-12 10:09:27,612 I 143585 143902] raylet_client.cc:336: Error reporting task backlog information: IOError: 
[2022-01-12 10:09:28,612 I 143585 143902] raylet_client.cc:336: Error reporting task backlog information: IOError: 
[2022-01-12 10:09:29,612 I 143585 143902] raylet_client.cc:336: Error reporting task backlog information: IOError: 
[2022-01-12 10:09:30,612 I 143585 143902] raylet_client.cc:336: Error reporting task backlog information: IOError: 
[2022-01-12 10:09:31,612 I 143585 143902] raylet_client.cc:336: Error reporting task backlog information: IOError: 
[2022-01-12 10:09:32,612 I 143585 143902] raylet_client.cc:336: Error reporting task backlog information: IOError: 
[2022-01-12 10:09:32,688 W 143585 143903] metric_exporter.cc:206: Export metrics to agent failed: IOError: . This won't affect Ray, but you can lose metrics from the cluster.
[2022-01-12 10:09:33,613 I 143585 143902] raylet_client.cc:336: Error reporting task backlog information: IOError: 
[2022-01-12 10:09:34,613 I 143585 143902] raylet_client.cc:336: Error reporting task backlog information: IOError: 
[2022-01-12 10:09:35,613 I 143585 143902] raylet_client.cc:336: Error reporting task backlog information: IOError: 
[2022-01-12 10:09:36,613 I 143585 143902] raylet_client.cc:336: Error reporting task backlog information: IOError: 
[2022-01-12 10:09:37,613 I 143585 143902] raylet_client.cc:336: Error reporting task backlog information: IOError: 
[2022-01-12 10:09:38,613 I 143585 143902] raylet_client.cc:336: Error reporting task backlog information: IOError: 
[2022-01-12 10:09:39,613 I 143585 143902] raylet_client.cc:336: Error reporting task backlog information: IOError: 
[2022-01-12 10:09:40,613 I 143585 143902] raylet_client.cc:336: Error reporting task backlog information: IOError: 
[2022-01-12 10:09:41,613 I 143585 143902] raylet_client.cc:336: Error reporting task backlog information: IOError: 
[2022-01-12 10:09:42,613 I 143585 143902] raylet_client.cc:336: Error reporting task backlog information: IOError: 
[2022-01-12 10:09:42,695 W 143585 143903] metric_exporter.cc:206: Export metrics to agent failed: IOError: . This won't affect Ray, but you can lose metrics from the cluster.
[2022-01-12 10:09:43,613 I 143585 143902] raylet_client.cc:336: Error reporting task backlog information: IOError: 
[2022-01-12 10:09:44,613 I 143585 143902] raylet_client.cc:336: Error reporting task backlog information: IOError: 
[2022-01-12 10:09:45,613 I 143585 143902] raylet_client.cc:336: Error reporting task backlog information: IOError: 
[2022-01-12 10:09:46,613 I 143585 143902] raylet_client.cc:336: Error reporting task backlog information: IOError: 
[2022-01-12 10:09:47,613 I 143585 143902] raylet_client.cc:336: Error reporting task backlog information: IOError: 
[2022-01-12 10:09:48,613 I 143585 143902] raylet_client.cc:336: Error reporting task backlog information: IOError: 
[2022-01-12 10:09:49,614 I 143585 143902] raylet_client.cc:336: Error reporting task backlog information: IOError: 
[2022-01-12 10:09:50,614 I 143585 143902] raylet_client.cc:336: Error reporting task backlog information: IOError: 
[2022-01-12 10:09:51,614 I 143585 143902] raylet_client.cc:336: Error reporting task backlog information: IOError: 
[2022-01-12 10:09:52,614 I 143585 143902] raylet_client.cc:336: Error reporting task backlog information: IOError: 
[2022-01-12 10:09:52,703 W 143585 143903] metric_exporter.cc:206: Export metrics to agent failed: IOError: . This won't affect Ray, but you can lose metrics from the cluster.
[2022-01-12 10:09:53,614 I 143585 143902] raylet_client.cc:336: Error reporting task backlog information: IOError: 
[2022-01-12 10:09:54,614 I 143585 143902] raylet_client.cc:336: Error reporting task backlog information: IOError: 
[2022-01-12 10:09:55,614 I 143585 143902] raylet_client.cc:336: Error reporting task backlog information: IOError: 
[2022-01-12 10:09:56,614 I 143585 143902] raylet_client.cc:336: Error reporting task backlog information: IOError: 
[2022-01-12 10:09:57,614 I 143585 143902] raylet_client.cc:336: Error reporting task backlog information: IOError: 
[2022-01-12 10:09:58,614 I 143585 143902] raylet_client.cc:336: Error reporting task backlog information: IOError: 
[2022-01-12 10:09:59,614 I 143585 143902] raylet_client.cc:336: Error reporting task backlog information: IOError: 
[2022-01-12 10:10:00,614 I 143585 143902] raylet_client.cc:336: Error reporting task backlog information: IOError: 
[2022-01-12 10:10:01,615 I 143585 143902] raylet_client.cc:336: Error reporting task backlog information: IOError: 
[2022-01-12 10:10:02,615 I 143585 143902] raylet_client.cc:336: Error reporting task backlog information: IOError: 
[2022-01-12 10:10:02,710 W 143585 143903] metric_exporter.cc:206: Export metrics to agent failed: IOError: . This won't affect Ray, but you can lose metrics from the cluster.
[2022-01-12 10:10:03,615 I 143585 143902] raylet_client.cc:336: Error reporting task backlog information: IOError: 
[2022-01-12 10:10:04,615 I 143585 143902] raylet_client.cc:336: Error reporting task backlog information: IOError: 
[2022-01-12 10:10:05,615 I 143585 143902] raylet_client.cc:336: Error reporting task backlog information: IOError: 
[2022-01-12 10:10:06,615 I 143585 143902] raylet_client.cc:336: Error reporting task backlog information: IOError: 
[2022-01-12 10:10:07,615 I 143585 143902] raylet_client.cc:336: Error reporting task backlog information: IOError: 
[2022-01-12 10:10:08,615 I 143585 143902] raylet_client.cc:336: Error reporting task backlog information: IOError: 
[2022-01-12 10:10:09,615 I 143585 143902] raylet_client.cc:336: Error reporting task backlog information: IOError: 
[2022-01-12 10:10:10,616 I 143585 143902] raylet_client.cc:336: Error reporting task backlog information: IOError: 
[2022-01-12 10:10:11,616 I 143585 143902] raylet_client.cc:336: Error reporting task backlog information: IOError: 
[2022-01-12 10:10:12,616 I 143585 143902] raylet_client.cc:336: Error reporting task backlog information: IOError: 
[2022-01-12 10:10:12,718 W 143585 143903] metric_exporter.cc:206: Export metrics to agent failed: IOError: . This won't affect Ray, but you can lose metrics from the cluster.
[2022-01-12 10:10:13,616 I 143585 143902] raylet_client.cc:336: Error reporting task backlog information: IOError: 
[2022-01-12 10:10:14,616 I 143585 143902] raylet_client.cc:336: Error reporting task backlog information: IOError: 
[2022-01-12 10:10:15,616 I 143585 143902] raylet_client.cc:336: Error reporting task backlog information: IOError: 
[2022-01-12 10:10:16,616 I 143585 143902] raylet_client.cc:336: Error reporting task backlog information: IOError: 
[2022-01-12 10:10:17,616 I 143585 143902] raylet_client.cc:336: Error reporting task backlog information: IOError: 
[2022-01-12 10:10:18,616 I 143585 143902] raylet_client.cc:336: Error reporting task backlog information: IOError: 
[2022-01-12 10:10:19,616 I 143585 143902] raylet_client.cc:336: Error reporting task backlog information: IOError: 
[2022-01-12 10:10:20,617 I 143585 143902] raylet_client.cc:336: Error reporting task backlog information: IOError: 
[2022-01-12 10:10:21,617 I 143585 143902] raylet_client.cc:336: Error reporting task backlog information: IOError: 
[2022-01-12 10:10:22,617 I 143585 143902] raylet_client.cc:336: Error reporting task backlog information: IOError: 
[2022-01-12 10:10:22,748 W 143585 143903] metric_exporter.cc:206: Export metrics to agent failed: IOError: . This won't affect Ray, but you can lose metrics from the cluster.
[2022-01-12 10:10:23,617 I 143585 143902] raylet_client.cc:336: Error reporting task backlog information: IOError: 
[2022-01-12 10:10:24,617 I 143585 143902] raylet_client.cc:336: Error reporting task backlog information: IOError: 
[2022-01-12 10:10:25,617 I 143585 143902] raylet_client.cc:336: Error reporting task backlog information: IOError: 
[2022-01-12 10:10:26,617 I 143585 143902] raylet_client.cc:336: Error reporting task backlog information: IOError: 
[2022-01-12 10:10:27,617 I 143585 143902] raylet_client.cc:336: Error reporting task backlog information: IOError: 
[2022-01-12 10:10:28,617 I 143585 143902] raylet_client.cc:336: Error reporting task backlog information: IOError: 
[2022-01-12 10:10:29,618 I 143585 143902] raylet_client.cc:336: Error reporting task backlog information: IOError: 
[2022-01-12 10:10:30,618 I 143585 143902] raylet_client.cc:336: Error reporting task backlog information: IOError: 
[2022-01-12 10:10:31,618 I 143585 143902] raylet_client.cc:336: Error reporting task backlog information: IOError: 
[2022-01-12 10:10:32,618 I 143585 143902] raylet_client.cc:336: Error reporting task backlog information: IOError: 
[2022-01-12 10:10:32,756 W 143585 143903] metric_exporter.cc:206: Export metrics to agent failed: IOError: . This won't affect Ray, but you can lose metrics from the cluster.
[2022-01-12 10:10:33,618 I 143585 143902] raylet_client.cc:336: Error reporting task backlog information: IOError: 
[2022-01-12 10:10:34,618 I 143585 143902] raylet_client.cc:336: Error reporting task backlog information: IOError: 
[2022-01-12 10:10:35,618 I 143585 143902] raylet_client.cc:336: Error reporting task backlog information: IOError: 
[2022-01-12 10:10:36,618 I 143585 143902] raylet_client.cc:336: Error reporting task backlog information: IOError: 
[2022-01-12 10:10:37,618 I 143585 143902] raylet_client.cc:336: Error reporting task backlog information: IOError: 
[2022-01-12 10:10:38,619 I 143585 143902] raylet_client.cc:336: Error reporting task backlog information: IOError: 
[2022-01-12 10:10:39,619 I 143585 143902] raylet_client.cc:336: Error reporting task backlog information: IOError: 
[2022-01-12 10:10:40,619 I 143585 143902] raylet_client.cc:336: Error reporting task backlog information: IOError: 
[2022-01-12 10:10:41,619 I 143585 143902] raylet_client.cc:336: Error reporting task backlog information: IOError: 
[2022-01-12 10:10:42,619 I 143585 143902] raylet_client.cc:336: Error reporting task backlog information: IOError: 
[2022-01-12 10:10:42,764 W 143585 143903] metric_exporter.cc:206: Export metrics to agent failed: IOError: . This won't affect Ray, but you can lose metrics from the cluster.
[2022-01-12 10:10:43,619 I 143585 143902] raylet_client.cc:336: Error reporting task backlog information: IOError: 
[2022-01-12 10:10:44,619 I 143585 143902] raylet_client.cc:336: Error reporting task backlog information: IOError: 
[2022-01-12 10:10:45,619 I 143585 143902] raylet_client.cc:336: Error reporting task backlog information: IOError: 
[2022-01-12 10:10:46,619 I 143585 143902] raylet_client.cc:336: Error reporting task backlog information: IOError: 
[2022-01-12 10:10:47,620 I 143585 143902] raylet_client.cc:336: Error reporting task backlog information: IOError: 
[2022-01-12 10:10:48,620 I 143585 143902] raylet_client.cc:336: Error reporting task backlog information: IOError: 
[2022-01-12 10:10:49,620 I 143585 143902] raylet_client.cc:336: Error reporting task backlog information: IOError: 
[2022-01-12 10:10:50,620 I 143585 143902] raylet_client.cc:336: Error reporting task backlog information: IOError: 
[2022-01-12 10:10:51,620 I 143585 143902] raylet_client.cc:336: Error reporting task backlog information: IOError: 
[2022-01-12 10:10:52,620 I 143585 143902] raylet_client.cc:336: Error reporting task backlog information: IOError: 
[2022-01-12 10:10:52,771 W 143585 143903] metric_exporter.cc:206: Export metrics to agent failed: IOError: . This won't affect Ray, but you can lose metrics from the cluster.
[2022-01-12 10:10:53,620 I 143585 143902] raylet_client.cc:336: Error reporting task backlog information: IOError: 
[2022-01-12 10:10:54,620 I 143585 143902] raylet_client.cc:336: Error reporting task backlog information: IOError: 
[2022-01-12 10:10:55,620 I 143585 143902] raylet_client.cc:336: Error reporting task backlog information: IOError: 
[2022-01-12 10:10:56,621 I 143585 143902] raylet_client.cc:336: Error reporting task backlog information: IOError: 
[2022-01-12 10:10:57,621 I 143585 143902] raylet_client.cc:336: Error reporting task backlog information: IOError: 
[2022-01-12 10:10:58,621 I 143585 143902] raylet_client.cc:336: Error reporting task backlog information: IOError: 
[2022-01-12 10:10:59,621 I 143585 143902] raylet_client.cc:336: Error reporting task backlog information: IOError: 
[2022-01-12 10:11:00,621 I 143585 143902] raylet_client.cc:336: Error reporting task backlog information: IOError: 
[2022-01-12 10:11:01,621 I 143585 143902] raylet_client.cc:336: Error reporting task backlog information: IOError: 
[2022-01-12 10:11:02,622 I 143585 143902] raylet_client.cc:336: Error reporting task backlog information: IOError: 
[2022-01-12 10:11:02,779 W 143585 143903] metric_exporter.cc:206: Export metrics to agent failed: IOError: . This won't affect Ray, but you can lose metrics from the cluster.
[2022-01-12 10:11:03,622 I 143585 143902] raylet_client.cc:336: Error reporting task backlog information: IOError: 
[2022-01-12 10:11:04,622 I 143585 143902] raylet_client.cc:336: Error reporting task backlog information: IOError: 
[2022-01-12 10:11:05,622 I 143585 143902] raylet_client.cc:336: Error reporting task backlog information: IOError: 
[2022-01-12 10:11:06,622 I 143585 143902] raylet_client.cc:336: Error reporting task backlog information: IOError: 
[2022-01-12 10:11:07,622 I 143585 143902] raylet_client.cc:336: Error reporting task backlog information: IOError: 
[2022-01-12 10:11:08,622 I 143585 143902] raylet_client.cc:336: Error reporting task backlog information: IOError: 
[2022-01-12 10:11:09,622 I 143585 143902] raylet_client.cc:336: Error reporting task backlog information: IOError: 
[2022-01-12 10:11:10,623 I 143585 143902] raylet_client.cc:336: Error reporting task backlog information: IOError: 
[2022-01-12 10:11:11,623 I 143585 143902] raylet_client.cc:336: Error reporting task backlog information: IOError: 
[2022-01-12 10:11:12,623 I 143585 143902] raylet_client.cc:336: Error reporting task backlog information: IOError: 
[2022-01-12 10:11:12,795 W 143585 143903] metric_exporter.cc:206: Export metrics to agent failed: IOError: . This won't affect Ray, but you can lose metrics from the cluster.
[2022-01-12 10:11:13,623 I 143585 143902] raylet_client.cc:336: Error reporting task backlog information: IOError: 
[2022-01-12 10:11:14,623 I 143585 143902] raylet_client.cc:336: Error reporting task backlog information: IOError: 
[2022-01-12 10:11:15,623 I 143585 143902] raylet_client.cc:336: Error reporting task backlog information: IOError: 
[2022-01-12 10:11:16,623 I 143585 143902] raylet_client.cc:336: Error reporting task backlog information: IOError: 
[2022-01-12 10:11:17,624 I 143585 143902] raylet_client.cc:336: Error reporting task backlog information: IOError: 
[2022-01-12 10:11:18,624 I 143585 143902] raylet_client.cc:336: Error reporting task backlog information: IOError: 
[2022-01-12 10:11:19,624 I 143585 143902] raylet_client.cc:336: Error reporting task backlog information: IOError: 
[2022-01-12 10:11:20,624 I 143585 143902] raylet_client.cc:336: Error reporting task backlog information: IOError: 
[2022-01-12 10:11:21,625 I 143585 143902] raylet_client.cc:336: Error reporting task backlog information: IOError: 
[2022-01-12 10:11:22,625 I 143585 143902] raylet_client.cc:336: Error reporting task backlog information: IOError: 
[2022-01-12 10:11:22,808 W 143585 143903] metric_exporter.cc:206: Export metrics to agent failed: IOError: . This won't affect Ray, but you can lose metrics from the cluster.
[2022-01-12 10:11:23,625 I 143585 143902] raylet_client.cc:336: Error reporting task backlog information: IOError: 
[2022-01-12 10:11:24,626 I 143585 143902] raylet_client.cc:336: Error reporting task backlog information: IOError: 
[2022-01-12 10:11:25,626 I 143585 143902] raylet_client.cc:336: Error reporting task backlog information: IOError: 
[2022-01-12 10:11:26,626 I 143585 143902] raylet_client.cc:336: Error reporting task backlog information: IOError: 
[2022-01-12 10:11:27,626 I 143585 143902] raylet_client.cc:336: Error reporting task backlog information: IOError: 
[2022-01-12 10:11:28,627 I 143585 143902] raylet_client.cc:336: Error reporting task backlog information: IOError: 
[2022-01-12 10:11:29,626 I 143585 143902] raylet_client.cc:336: Error reporting task backlog information: IOError: 
[2022-01-12 10:11:30,627 I 143585 143902] raylet_client.cc:336: Error reporting task backlog information: IOError: 
[2022-01-12 10:11:31,627 I 143585 143902] raylet_client.cc:336: Error reporting task backlog information: IOError: 
[2022-01-12 10:11:32,627 I 143585 143902] raylet_client.cc:336: Error reporting task backlog information: IOError: 
[2022-01-12 10:11:32,820 W 143585 143903] metric_exporter.cc:206: Export metrics to agent failed: IOError: . This won't affect Ray, but you can lose metrics from the cluster.
[2022-01-12 10:11:33,628 I 143585 143902] raylet_client.cc:336: Error reporting task backlog information: IOError: 
[2022-01-12 10:11:34,628 I 143585 143902] raylet_client.cc:336: Error reporting task backlog information: IOError: 
[2022-01-12 10:11:35,628 I 143585 143902] raylet_client.cc:336: Error reporting task backlog information: IOError: 
[2022-01-12 10:11:36,628 I 143585 143902] raylet_client.cc:336: Error reporting task backlog information: IOError: 
[2022-01-12 10:11:37,629 I 143585 143902] raylet_client.cc:336: Error reporting task backlog information: IOError: 
[2022-01-12 10:11:38,629 I 143585 143902] raylet_client.cc:336: Error reporting task backlog information: IOError: 
[2022-01-12 10:11:39,629 I 143585 143902] raylet_client.cc:336: Error reporting task backlog information: IOError: 
[2022-01-12 10:11:40,629 I 143585 143902] raylet_client.cc:336: Error reporting task backlog information: IOError: 
[2022-01-12 10:11:41,630 I 143585 143902] raylet_client.cc:336: Error reporting task backlog information: IOError: 
[2022-01-12 10:11:42,630 I 143585 143902] raylet_client.cc:336: Error reporting task backlog information: IOError: 
[2022-01-12 10:11:42,834 W 143585 143903] metric_exporter.cc:206: Export metrics to agent failed: IOError: . This won't affect Ray, but you can lose metrics from the cluster.
[2022-01-12 10:11:43,630 I 143585 143902] raylet_client.cc:336: Error reporting task backlog information: IOError: 
[2022-01-12 10:11:44,631 I 143585 143902] raylet_client.cc:336: Error reporting task backlog information: IOError: 
[2022-01-12 10:11:45,631 I 143585 143902] raylet_client.cc:336: Error reporting task backlog information: IOError: 
[2022-01-12 10:11:46,631 I 143585 143902] raylet_client.cc:336: Error reporting task backlog information: IOError: 
[2022-01-12 10:11:47,631 I 143585 143902] raylet_client.cc:336: Error reporting task backlog information: IOError: 
[2022-01-12 10:11:48,632 I 143585 143902] raylet_client.cc:336: Error reporting task backlog information: IOError: 
[2022-01-12 10:11:49,632 I 143585 143902] raylet_client.cc:336: Error reporting task backlog information: IOError: 
[2022-01-12 10:11:50,632 I 143585 143902] raylet_client.cc:336: Error reporting task backlog information: IOError: 
[2022-01-12 10:11:51,632 I 143585 143902] raylet_client.cc:336: Error reporting task backlog information: IOError: 
[2022-01-12 10:11:52,632 I 143585 143902] raylet_client.cc:336: Error reporting task backlog information: IOError: 
[2022-01-12 10:11:52,847 W 143585 143903] metric_exporter.cc:206: Export metrics to agent failed: IOError: . This won't affect Ray, but you can lose metrics from the cluster.
[2022-01-12 10:11:53,633 I 143585 143902] raylet_client.cc:336: Error reporting task backlog information: IOError: 
[2022-01-12 10:11:54,633 I 143585 143902] raylet_client.cc:336: Error reporting task backlog information: IOError: 
[2022-01-12 10:11:55,633 I 143585 143902] raylet_client.cc:336: Error reporting task backlog information: IOError: 
[2022-01-12 10:11:56,633 I 143585 143902] raylet_client.cc:336: Error reporting task backlog information: IOError: 
[2022-01-12 10:11:57,634 I 143585 143902] raylet_client.cc:336: Error reporting task backlog information: IOError: 
[2022-01-12 10:11:58,634 I 143585 143902] raylet_client.cc:336: Error reporting task backlog information: IOError: 
[2022-01-12 10:11:59,634 I 143585 143902] raylet_client.cc:336: Error reporting task backlog information: IOError: 
[2022-01-12 10:12:00,635 I 143585 143902] raylet_client.cc:336: Error reporting task backlog information: IOError: 
[2022-01-12 10:12:01,635 I 143585 143902] raylet_client.cc:336: Error reporting task backlog information: IOError: 
[2022-01-12 10:12:02,635 I 143585 143902] raylet_client.cc:336: Error reporting task backlog information: IOError: 
[2022-01-12 10:12:02,857 W 143585 143903] metric_exporter.cc:206: Export metrics to agent failed: IOError: . This won't affect Ray, but you can lose metrics from the cluster.
[2022-01-12 10:12:03,636 I 143585 143902] raylet_client.cc:336: Error reporting task backlog information: IOError: 
[2022-01-12 10:12:04,636 I 143585 143902] raylet_client.cc:336: Error reporting task backlog information: IOError: 
[2022-01-12 10:12:05,636 I 143585 143902] raylet_client.cc:336: Error reporting task backlog information: IOError: 
[2022-01-12 10:12:06,636 I 143585 143902] raylet_client.cc:336: Error reporting task backlog information: IOError: 
[2022-01-12 10:12:07,637 I 143585 143902] raylet_client.cc:336: Error reporting task backlog information: IOError: 
[2022-01-12 10:12:08,637 I 143585 143902] raylet_client.cc:336: Error reporting task backlog information: IOError: 
[2022-01-12 10:12:09,637 I 143585 143902] raylet_client.cc:336: Error reporting task backlog information: IOError: 
[2022-01-12 10:12:10,638 I 143585 143902] raylet_client.cc:336: Error reporting task backlog information: IOError: 
[2022-01-12 10:12:11,638 I 143585 143902] raylet_client.cc:336: Error reporting task backlog information: IOError: 
[2022-01-12 10:12:12,638 I 143585 143902] raylet_client.cc:336: Error reporting task backlog information: IOError: 
[2022-01-12 10:12:12,870 W 143585 143903] metric_exporter.cc:206: Export metrics to agent failed: IOError: . This won't affect Ray, but you can lose metrics from the cluster.
[2022-01-12 10:12:13,638 I 143585 143902] raylet_client.cc:336: Error reporting task backlog information: IOError: 
[2022-01-12 10:12:14,639 I 143585 143902] raylet_client.cc:336: Error reporting task backlog information: IOError: 
[2022-01-12 10:12:15,639 I 143585 143902] raylet_client.cc:336: Error reporting task backlog information: IOError: 
[2022-01-12 10:12:16,639 I 143585 143902] raylet_client.cc:336: Error reporting task backlog information: IOError: 
[2022-01-12 10:12:17,640 I 143585 143902] raylet_client.cc:336: Error reporting task backlog information: IOError: 
[2022-01-12 10:12:18,640 I 143585 143902] raylet_client.cc:336: Error reporting task backlog information: IOError: 
[2022-01-12 10:12:19,640 I 143585 143902] raylet_client.cc:336: Error reporting task backlog information: IOError: 
[2022-01-12 10:12:20,641 I 143585 143902] raylet_client.cc:336: Error reporting task backlog information: IOError: 
[2022-01-12 10:12:21,641 I 143585 143902] raylet_client.cc:336: Error reporting task backlog information: IOError: 
[2022-01-12 10:12:22,641 I 143585 143902] raylet_client.cc:336: Error reporting task backlog information: IOError: 
[2022-01-12 10:12:22,882 W 143585 143903] metric_exporter.cc:206: Export metrics to agent failed: IOError: . This won't affect Ray, but you can lose metrics from the cluster.
[2022-01-12 10:12:23,641 I 143585 143902] raylet_client.cc:336: Error reporting task backlog information: IOError: 
[2022-01-12 10:12:24,641 I 143585 143902] raylet_client.cc:336: Error reporting task backlog information: IOError: 
[2022-01-12 10:12:25,642 I 143585 143902] raylet_client.cc:336: Error reporting task backlog information: IOError: 
[2022-01-12 10:12:26,642 I 143585 143902] raylet_client.cc:336: Error reporting task backlog information: IOError: 
[2022-01-12 10:12:27,642 I 143585 143902] raylet_client.cc:336: Error reporting task backlog information: IOError: 
[2022-01-12 10:12:28,643 I 143585 143902] raylet_client.cc:336: Error reporting task backlog information: IOError: 
[2022-01-12 10:12:29,643 I 143585 143902] raylet_client.cc:336: Error reporting task backlog information: IOError: 
[2022-01-12 10:12:30,643 I 143585 143902] raylet_client.cc:336: Error reporting task backlog information: IOError: 
[2022-01-12 10:12:31,643 I 143585 143902] raylet_client.cc:336: Error reporting task backlog information: IOError: 
[2022-01-12 10:12:32,643 I 143585 143902] raylet_client.cc:336: Error reporting task backlog information: IOError: 
[2022-01-12 10:12:32,896 W 143585 143903] metric_exporter.cc:206: Export metrics to agent failed: IOError: . This won't affect Ray, but you can lose metrics from the cluster.
[2022-01-12 10:12:33,644 I 143585 143902] raylet_client.cc:336: Error reporting task backlog information: IOError: 
[2022-01-12 10:12:34,644 I 143585 143902] raylet_client.cc:336: Error reporting task backlog information: IOError: 
[2022-01-12 10:12:35,644 I 143585 143902] raylet_client.cc:336: Error reporting task backlog information: IOError: 
[2022-01-12 10:12:36,644 I 143585 143902] raylet_client.cc:336: Error reporting task backlog information: IOError: 
[2022-01-12 10:12:37,645 I 143585 143902] raylet_client.cc:336: Error reporting task backlog information: IOError: 
[2022-01-12 10:12:38,645 I 143585 143902] raylet_client.cc:336: Error reporting task backlog information: IOError: 
[2022-01-12 10:12:39,645 I 143585 143902] raylet_client.cc:336: Error reporting task backlog information: IOError: 
[2022-01-12 10:12:40,645 I 143585 143902] raylet_client.cc:336: Error reporting task backlog information: IOError: 
[2022-01-12 10:12:41,646 I 143585 143902] raylet_client.cc:336: Error reporting task backlog information: IOError: 
[2022-01-12 10:12:42,646 I 143585 143902] raylet_client.cc:336: Error reporting task backlog information: IOError: 
[2022-01-12 10:12:42,909 W 143585 143903] metric_exporter.cc:206: Export metrics to agent failed: IOError: . This won't affect Ray, but you can lose metrics from the cluster.
[2022-01-12 10:12:43,646 I 143585 143902] raylet_client.cc:336: Error reporting task backlog information: IOError: 
[2022-01-12 10:12:44,647 I 143585 143902] raylet_client.cc:336: Error reporting task backlog information: IOError: 
[2022-01-12 10:12:45,647 I 143585 143902] raylet_client.cc:336: Error reporting task backlog information: IOError: 
[2022-01-12 10:12:46,647 I 143585 143902] raylet_client.cc:336: Error reporting task backlog information: IOError: 
[2022-01-12 10:12:47,647 I 143585 143902] raylet_client.cc:336: Error reporting task backlog information: IOError: 
[2022-01-12 10:12:48,647 I 143585 143902] raylet_client.cc:336: Error reporting task backlog information: IOError: 
[2022-01-12 10:12:49,648 I 143585 143902] raylet_client.cc:336: Error reporting task backlog information: IOError: 
[2022-01-12 10:12:50,648 I 143585 143902] raylet_client.cc:336: Error reporting task backlog information: IOError: 
[2022-01-12 10:12:51,648 I 143585 143902] raylet_client.cc:336: Error reporting task backlog information: IOError: 
[2022-01-12 10:12:52,648 I 143585 143902] raylet_client.cc:336: Error reporting task backlog information: IOError: 
[2022-01-12 10:12:52,920 W 143585 143903] metric_exporter.cc:206: Export metrics to agent failed: IOError: . This won't affect Ray, but you can lose metrics from the cluster.
[2022-01-12 10:12:53,649 I 143585 143902] raylet_client.cc:336: Error reporting task backlog information: IOError: 
[2022-01-12 10:12:54,649 I 143585 143902] raylet_client.cc:336: Error reporting task backlog information: IOError: 
[2022-01-12 10:12:55,649 I 143585 143902] raylet_client.cc:336: Error reporting task backlog information: IOError: 
[2022-01-12 10:12:56,649 I 143585 143902] raylet_client.cc:336: Error reporting task backlog information: IOError: 
[2022-01-12 10:12:57,650 I 143585 143902] raylet_client.cc:336: Error reporting task backlog information: IOError: 
[2022-01-12 10:12:58,650 I 143585 143902] raylet_client.cc:336: Error reporting task backlog information: IOError: 
[2022-01-12 10:12:59,650 I 143585 143902] raylet_client.cc:336: Error reporting task backlog information: IOError: 
[2022-01-12 10:13:00,650 I 143585 143902] raylet_client.cc:336: Error reporting task backlog information: IOError: 
[2022-01-12 10:13:01,651 I 143585 143902] raylet_client.cc:336: Error reporting task backlog information: IOError: 
[2022-01-12 10:13:02,651 I 143585 143902] raylet_client.cc:336: Error reporting task backlog information: IOError: 
[2022-01-12 10:13:02,935 W 143585 143903] metric_exporter.cc:206: Export metrics to agent failed: IOError: . This won't affect Ray, but you can lose metrics from the cluster.
[2022-01-12 10:13:03,651 I 143585 143902] raylet_client.cc:336: Error reporting task backlog information: IOError: 
[2022-01-12 10:13:04,651 I 143585 143902] raylet_client.cc:336: Error reporting task backlog information: IOError: 
[2022-01-12 10:13:05,652 I 143585 143902] raylet_client.cc:336: Error reporting task backlog information: IOError: 
[2022-01-12 10:13:06,652 I 143585 143902] raylet_client.cc:336: Error reporting task backlog information: IOError: 
[2022-01-12 10:13:07,652 I 143585 143902] raylet_client.cc:336: Error reporting task backlog information: IOError: 
[2022-01-12 10:13:08,652 I 143585 143902] raylet_client.cc:336: Error reporting task backlog information: IOError: 
[2022-01-12 10:13:09,653 I 143585 143902] raylet_client.cc:336: Error reporting task backlog information: IOError: 
[2022-01-12 10:13:10,653 I 143585 143902] raylet_client.cc:336: Error reporting task backlog information: IOError: 
[2022-01-12 10:13:11,653 I 143585 143902] raylet_client.cc:336: Error reporting task backlog information: IOError: 
[2022-01-12 10:13:12,654 I 143585 143902] raylet_client.cc:336: Error reporting task backlog information: IOError: 
[2022-01-12 10:13:12,948 W 143585 143903] metric_exporter.cc:206: Export metrics to agent failed: IOError: . This won't affect Ray, but you can lose metrics from the cluster.
[2022-01-12 10:13:13,654 I 143585 143902] raylet_client.cc:336: Error reporting task backlog information: IOError: 
[2022-01-12 10:13:14,654 I 143585 143902] raylet_client.cc:336: Error reporting task backlog information: IOError: 
[2022-01-12 10:13:15,654 I 143585 143902] raylet_client.cc:336: Error reporting task backlog information: IOError: 
[2022-01-12 10:13:16,655 I 143585 143902] raylet_client.cc:336: Error reporting task backlog information: IOError: 
[2022-01-12 10:13:17,655 I 143585 143902] raylet_client.cc:336: Error reporting task backlog information: IOError: 
[2022-01-12 10:13:18,655 I 143585 143902] raylet_client.cc:336: Error reporting task backlog information: IOError: 
[2022-01-12 10:13:19,655 I 143585 143902] raylet_client.cc:336: Error reporting task backlog information: IOError: 
[2022-01-12 10:13:20,656 I 143585 143902] raylet_client.cc:336: Error reporting task backlog information: IOError: 
[2022-01-12 10:13:21,656 I 143585 143902] raylet_client.cc:336: Error reporting task backlog information: IOError: 
[2022-01-12 10:13:22,656 I 143585 143902] raylet_client.cc:336: Error reporting task backlog information: IOError: 
[2022-01-12 10:13:22,962 W 143585 143903] metric_exporter.cc:206: Export metrics to agent failed: IOError: . This won't affect Ray, but you can lose metrics from the cluster.
[2022-01-12 10:13:23,656 I 143585 143902] raylet_client.cc:336: Error reporting task backlog information: IOError: 
[2022-01-12 10:13:24,657 I 143585 143902] raylet_client.cc:336: Error reporting task backlog information: IOError: 
[2022-01-12 10:13:25,657 I 143585 143902] raylet_client.cc:336: Error reporting task backlog information: IOError: 
[2022-01-12 10:13:26,657 I 143585 143902] raylet_client.cc:336: Error reporting task backlog information: IOError: 
[2022-01-12 10:13:27,657 I 143585 143902] raylet_client.cc:336: Error reporting task backlog information: IOError: 
[2022-01-12 10:13:28,658 I 143585 143902] raylet_client.cc:336: Error reporting task backlog information: IOError: 
[2022-01-12 10:13:29,658 I 143585 143902] raylet_client.cc:336: Error reporting task backlog information: IOError: 
[2022-01-12 10:13:30,658 I 143585 143902] raylet_client.cc:336: Error reporting task backlog information: IOError: 
[2022-01-12 10:13:31,658 I 143585 143902] raylet_client.cc:336: Error reporting task backlog information: IOError: 
[2022-01-12 10:13:32,659 I 143585 143902] raylet_client.cc:336: Error reporting task backlog information: IOError: 
[2022-01-12 10:13:32,975 W 143585 143903] metric_exporter.cc:206: Export metrics to agent failed: IOError: . This won't affect Ray, but you can lose metrics from the cluster.
[2022-01-12 10:13:33,659 I 143585 143902] raylet_client.cc:336: Error reporting task backlog information: IOError: 
[2022-01-12 10:13:34,659 I 143585 143902] raylet_client.cc:336: Error reporting task backlog information: IOError: 
[2022-01-12 10:13:35,659 I 143585 143902] raylet_client.cc:336: Error reporting task backlog information: IOError: 
[2022-01-12 10:13:36,659 I 143585 143902] raylet_client.cc:336: Error reporting task backlog information: IOError: 
[2022-01-12 10:13:37,660 I 143585 143902] raylet_client.cc:336: Error reporting task backlog information: IOError: 
[2022-01-12 10:13:38,660 I 143585 143902] raylet_client.cc:336: Error reporting task backlog information: IOError: 
[2022-01-12 10:13:39,660 I 143585 143902] raylet_client.cc:336: Error reporting task backlog information: IOError: 
[2022-01-12 10:13:40,660 I 143585 143902] raylet_client.cc:336: Error reporting task backlog information: IOError: 
[2022-01-12 10:13:41,660 I 143585 143902] raylet_client.cc:336: Error reporting task backlog information: IOError: 
[2022-01-12 10:13:42,660 I 143585 143902] raylet_client.cc:336: Error reporting task backlog information: IOError: 
[2022-01-12 10:13:42,984 W 143585 143903] metric_exporter.cc:206: Export metrics to agent failed: IOError: . This won't affect Ray, but you can lose metrics from the cluster.
[2022-01-12 10:13:43,660 I 143585 143902] raylet_client.cc:336: Error reporting task backlog information: IOError: 
[2022-01-12 10:13:44,661 I 143585 143902] raylet_client.cc:336: Error reporting task backlog information: IOError: 
[2022-01-12 10:13:45,517 W 143585 143832] gcs_server_address_updater.cc:61: [301] Failed to get the gcs server address from raylet 301 times in a row. If it keeps failing to obtain the address, the worker might crash. Connection status IOError: 
[2022-01-12 10:13:45,661 I 143585 143902] raylet_client.cc:336: Error reporting task backlog information: IOError: 
[2022-01-12 10:13:46,661 I 143585 143902] raylet_client.cc:336: Error reporting task backlog information: IOError: 
[2022-01-12 10:13:47,661 I 143585 143902] raylet_client.cc:336: Error reporting task backlog information: IOError: 
[2022-01-12 10:13:48,662 I 143585 143902] raylet_client.cc:336: Error reporting task backlog information: IOError: 
[2022-01-12 10:13:49,662 I 143585 143902] raylet_client.cc:336: Error reporting task backlog information: IOError: 
[2022-01-12 10:13:50,662 I 143585 143902] raylet_client.cc:336: Error reporting task backlog information: IOError: 
[2022-01-12 10:13:51,662 I 143585 143902] raylet_client.cc:336: Error reporting task backlog information: IOError: 
[2022-01-12 10:13:52,663 I 143585 143902] raylet_client.cc:336: Error reporting task backlog information: IOError: 
[2022-01-12 10:13:52,996 W 143585 143903] metric_exporter.cc:206: Export metrics to agent failed: IOError: . This won't affect Ray, but you can lose metrics from the cluster.
[2022-01-12 10:13:53,663 I 143585 143902] raylet_client.cc:336: Error reporting task backlog information: IOError: 
[2022-01-12 10:13:54,663 I 143585 143902] raylet_client.cc:336: Error reporting task backlog information: IOError: 
[2022-01-12 10:13:55,663 I 143585 143902] raylet_client.cc:336: Error reporting task backlog information: IOError: 
[2022-01-12 10:13:56,664 I 143585 143902] raylet_client.cc:336: Error reporting task backlog information: IOError: 
[2022-01-12 10:13:57,664 I 143585 143902] raylet_client.cc:336: Error reporting task backlog information: IOError: 
[2022-01-12 10:13:58,664 I 143585 143902] raylet_client.cc:336: Error reporting task backlog information: IOError: 
[2022-01-12 10:13:59,664 I 143585 143902] raylet_client.cc:336: Error reporting task backlog information: IOError: 
[2022-01-12 10:14:00,664 I 143585 143902] raylet_client.cc:336: Error reporting task backlog information: IOError: 
[2022-01-12 10:14:01,664 I 143585 143902] raylet_client.cc:336: Error reporting task backlog information: IOError: 
[2022-01-12 10:14:02,664 I 143585 143902] raylet_client.cc:336: Error reporting task backlog information: IOError: 
[2022-01-12 10:14:03,005 W 143585 143903] metric_exporter.cc:206: Export metrics to agent failed: IOError: . This won't affect Ray, but you can lose metrics from the cluster.
[2022-01-12 10:14:03,664 I 143585 143902] raylet_client.cc:336: Error reporting task backlog information: IOError: 
[2022-01-12 10:14:04,665 I 143585 143902] raylet_client.cc:336: Error reporting task backlog information: IOError: 
[2022-01-12 10:14:05,665 I 143585 143902] raylet_client.cc:336: Error reporting task backlog information: IOError: 
[2022-01-12 10:14:06,665 I 143585 143902] raylet_client.cc:336: Error reporting task backlog information: IOError: 
[2022-01-12 10:14:07,665 I 143585 143902] raylet_client.cc:336: Error reporting task backlog information: IOError: 
[2022-01-12 10:14:08,665 I 143585 143902] raylet_client.cc:336: Error reporting task backlog information: IOError: 
[2022-01-12 10:14:09,666 I 143585 143902] raylet_client.cc:336: Error reporting task backlog information: IOError: 
[2022-01-12 10:14:10,666 I 143585 143902] raylet_client.cc:336: Error reporting task backlog information: IOError: 
[2022-01-12 10:14:11,666 I 143585 143902] raylet_client.cc:336: Error reporting task backlog information: IOError: 
[2022-01-12 10:14:12,666 I 143585 143902] raylet_client.cc:336: Error reporting task backlog information: IOError: 
[2022-01-12 10:14:13,015 W 143585 143903] metric_exporter.cc:206: Export metrics to agent failed: IOError: . This won't affect Ray, but you can lose metrics from the cluster.
[2022-01-12 10:14:13,667 I 143585 143902] raylet_client.cc:336: Error reporting task backlog information: IOError: 
[2022-01-12 10:14:14,667 I 143585 143902] raylet_client.cc:336: Error reporting task backlog information: IOError: 
[2022-01-12 10:14:15,667 I 143585 143902] raylet_client.cc:336: Error reporting task backlog information: IOError: 
[2022-01-12 10:14:16,667 I 143585 143902] raylet_client.cc:336: Error reporting task backlog information: IOError: 
[2022-01-12 10:14:17,668 I 143585 143902] raylet_client.cc:336: Error reporting task backlog information: IOError: 
[2022-01-12 10:14:18,668 I 143585 143902] raylet_client.cc:336: Error reporting task backlog information: IOError: 
[2022-01-12 10:14:19,668 I 143585 143902] raylet_client.cc:336: Error reporting task backlog information: IOError: 
[2022-01-12 10:14:20,668 I 143585 143902] raylet_client.cc:336: Error reporting task backlog information: IOError: 
[2022-01-12 10:14:21,668 I 143585 143902] raylet_client.cc:336: Error reporting task backlog information: IOError: 
[2022-01-12 10:14:22,669 I 143585 143902] raylet_client.cc:336: Error reporting task backlog information: IOError: 
[2022-01-12 10:14:23,026 W 143585 143903] metric_exporter.cc:206: Export metrics to agent failed: IOError: . This won't affect Ray, but you can lose metrics from the cluster.
[2022-01-12 10:14:23,669 I 143585 143902] raylet_client.cc:336: Error reporting task backlog information: IOError: 
[2022-01-12 10:14:24,669 I 143585 143902] raylet_client.cc:336: Error reporting task backlog information: IOError: 
[2022-01-12 10:14:25,669 I 143585 143902] raylet_client.cc:336: Error reporting task backlog information: IOError: 
[2022-01-12 10:14:26,669 I 143585 143902] raylet_client.cc:336: Error reporting task backlog information: IOError: 
[2022-01-12 10:14:27,669 I 143585 143902] raylet_client.cc:336: Error reporting task backlog information: IOError: 
[2022-01-12 10:14:28,669 I 143585 143902] raylet_client.cc:336: Error reporting task backlog information: IOError: 
[2022-01-12 10:14:29,669 I 143585 143902] raylet_client.cc:336: Error reporting task backlog information: IOError: 
[2022-01-12 10:14:30,669 I 143585 143902] raylet_client.cc:336: Error reporting task backlog information: IOError: 
[2022-01-12 10:14:31,670 I 143585 143902] raylet_client.cc:336: Error reporting task backlog information: IOError: 
[2022-01-12 10:14:32,670 I 143585 143902] raylet_client.cc:336: Error reporting task backlog information: IOError: 
[2022-01-12 10:14:33,035 W 143585 143903] metric_exporter.cc:206: Export metrics to agent failed: IOError: . This won't affect Ray, but you can lose metrics from the cluster.
[2022-01-12 10:14:33,670 I 143585 143902] raylet_client.cc:336: Error reporting task backlog information: IOError: 
[2022-01-12 10:14:34,670 I 143585 143902] raylet_client.cc:336: Error reporting task backlog information: IOError: 
[2022-01-12 10:14:35,670 I 143585 143902] raylet_client.cc:336: Error reporting task backlog information: IOError: 
[2022-01-12 10:14:36,670 I 143585 143902] raylet_client.cc:336: Error reporting task backlog information: IOError: 
[2022-01-12 10:14:37,670 I 143585 143902] raylet_client.cc:336: Error reporting task backlog information: IOError: 
[2022-01-12 10:14:38,670 I 143585 143902] raylet_client.cc:336: Error reporting task backlog information: IOError: 
[2022-01-12 10:14:39,670 I 143585 143902] raylet_client.cc:336: Error reporting task backlog information: IOError: 
[2022-01-12 10:14:40,670 I 143585 143902] raylet_client.cc:336: Error reporting task backlog information: IOError: 
[2022-01-12 10:14:41,671 I 143585 143902] raylet_client.cc:336: Error reporting task backlog information: IOError: 
[2022-01-12 10:14:42,671 I 143585 143902] raylet_client.cc:336: Error reporting task backlog information: IOError: 
[2022-01-12 10:14:43,043 W 143585 143903] metric_exporter.cc:206: Export metrics to agent failed: IOError: . This won't affect Ray, but you can lose metrics from the cluster.
[2022-01-12 10:14:43,671 I 143585 143902] raylet_client.cc:336: Error reporting task backlog information: IOError: 
[2022-01-12 10:14:44,671 I 143585 143902] raylet_client.cc:336: Error reporting task backlog information: IOError: 
[2022-01-12 10:14:45,671 I 143585 143902] raylet_client.cc:336: Error reporting task backlog information: IOError: 
[2022-01-12 10:14:46,671 I 143585 143902] raylet_client.cc:336: Error reporting task backlog information: IOError: 
[2022-01-12 10:14:47,671 I 143585 143902] raylet_client.cc:336: Error reporting task backlog information: IOError: 
[2022-01-12 10:14:48,671 I 143585 143902] raylet_client.cc:336: Error reporting task backlog information: IOError: 
[2022-01-12 10:14:49,671 I 143585 143902] raylet_client.cc:336: Error reporting task backlog information: IOError: 
[2022-01-12 10:14:50,671 I 143585 143902] raylet_client.cc:336: Error reporting task backlog information: IOError: 
[2022-01-12 10:14:51,671 I 143585 143902] raylet_client.cc:336: Error reporting task backlog information: IOError: 
[2022-01-12 10:14:52,671 I 143585 143902] raylet_client.cc:336: Error reporting task backlog information: IOError: 
[2022-01-12 10:14:53,050 W 143585 143903] metric_exporter.cc:206: Export metrics to agent failed: IOError: . This won't affect Ray, but you can lose metrics from the cluster.
[2022-01-12 10:14:53,671 I 143585 143902] raylet_client.cc:336: Error reporting task backlog information: IOError: 
[2022-01-12 10:14:54,671 I 143585 143902] raylet_client.cc:336: Error reporting task backlog information: IOError: 
[2022-01-12 10:14:55,672 I 143585 143902] raylet_client.cc:336: Error reporting task backlog information: IOError: 
[2022-01-12 10:14:56,672 I 143585 143902] raylet_client.cc:336: Error reporting task backlog information: IOError: 
[2022-01-12 10:14:57,672 I 143585 143902] raylet_client.cc:336: Error reporting task backlog information: IOError: 
[2022-01-12 10:14:58,672 I 143585 143902] raylet_client.cc:336: Error reporting task backlog information: IOError: 
[2022-01-12 10:14:59,672 I 143585 143902] raylet_client.cc:336: Error reporting task backlog information: IOError: 
[2022-01-12 10:15:00,672 I 143585 143902] raylet_client.cc:336: Error reporting task backlog information: IOError: 
[2022-01-12 10:15:01,672 I 143585 143902] raylet_client.cc:336: Error reporting task backlog information: IOError: 
[2022-01-12 10:15:02,672 I 143585 143902] raylet_client.cc:336: Error reporting task backlog information: IOError: 
[2022-01-12 10:15:03,057 W 143585 143903] metric_exporter.cc:206: Export metrics to agent failed: IOError: . This won't affect Ray, but you can lose metrics from the cluster.
[2022-01-12 10:15:03,672 I 143585 143902] raylet_client.cc:336: Error reporting task backlog information: IOError: 
[2022-01-12 10:15:04,673 I 143585 143902] raylet_client.cc:336: Error reporting task backlog information: IOError: 
[2022-01-12 10:15:05,673 I 143585 143902] raylet_client.cc:336: Error reporting task backlog information: IOError: 
[2022-01-12 10:15:06,673 I 143585 143902] raylet_client.cc:336: Error reporting task backlog information: IOError: 
[2022-01-12 10:15:07,673 I 143585 143902] raylet_client.cc:336: Error reporting task backlog information: IOError: 
[2022-01-12 10:15:08,673 I 143585 143902] raylet_client.cc:336: Error reporting task backlog information: IOError: 
[2022-01-12 10:15:09,674 I 143585 143902] raylet_client.cc:336: Error reporting task backlog information: IOError: 
[2022-01-12 10:15:10,674 I 143585 143902] raylet_client.cc:336: Error reporting task backlog information: IOError: 
[2022-01-12 10:15:11,674 I 143585 143902] raylet_client.cc:336: Error reporting task backlog information: IOError: 
[2022-01-12 10:15:12,676 I 143585 143902] raylet_client.cc:336: Error reporting task backlog information: IOError: 
[2022-01-12 10:15:13,066 W 143585 143903] metric_exporter.cc:206: Export metrics to agent failed: IOError: . This won't affect Ray, but you can lose metrics from the cluster.
[2022-01-12 10:15:13,676 I 143585 143902] raylet_client.cc:336: Error reporting task backlog information: IOError: 
[2022-01-12 10:15:14,676 I 143585 143902] raylet_client.cc:336: Error reporting task backlog information: IOError: 
[2022-01-12 10:15:15,676 I 143585 143902] raylet_client.cc:336: Error reporting task backlog information: IOError: 
[2022-01-12 10:15:16,676 I 143585 143902] raylet_client.cc:336: Error reporting task backlog information: IOError: 
[2022-01-12 10:15:17,676 I 143585 143902] raylet_client.cc:336: Error reporting task backlog information: IOError: 
[2022-01-12 10:15:18,677 I 143585 143902] raylet_client.cc:336: Error reporting task backlog information: IOError: 
[2022-01-12 10:15:19,677 I 143585 143902] raylet_client.cc:336: Error reporting task backlog information: IOError: 
[2022-01-12 10:15:20,677 I 143585 143902] raylet_client.cc:336: Error reporting task backlog information: IOError: 
[2022-01-12 10:15:21,678 I 143585 143902] raylet_client.cc:336: Error reporting task backlog information: IOError: 
[2022-01-12 10:15:22,678 I 143585 143902] raylet_client.cc:336: Error reporting task backlog information: IOError: 
[2022-01-12 10:15:23,076 W 143585 143903] metric_exporter.cc:206: Export metrics to agent failed: IOError: . This won't affect Ray, but you can lose metrics from the cluster.
[2022-01-12 10:15:23,678 I 143585 143902] raylet_client.cc:336: Error reporting task backlog information: IOError: 
[2022-01-12 10:15:24,678 I 143585 143902] raylet_client.cc:336: Error reporting task backlog information: IOError: 
[2022-01-12 10:15:25,678 I 143585 143902] raylet_client.cc:336: Error reporting task backlog information: IOError: 
[2022-01-12 10:15:26,678 I 143585 143902] raylet_client.cc:336: Error reporting task backlog information: IOError: 
[2022-01-12 10:15:27,678 I 143585 143902] raylet_client.cc:336: Error reporting task backlog information: IOError: 
[2022-01-12 10:15:28,679 I 143585 143902] raylet_client.cc:336: Error reporting task backlog information: IOError: 
[2022-01-12 10:15:29,679 I 143585 143902] raylet_client.cc:336: Error reporting task backlog information: IOError: 
[2022-01-12 10:15:30,679 I 143585 143902] raylet_client.cc:336: Error reporting task backlog information: IOError: 
[2022-01-12 10:15:31,679 I 143585 143902] raylet_client.cc:336: Error reporting task backlog information: IOError: 
[2022-01-12 10:15:32,680 I 143585 143902] raylet_client.cc:336: Error reporting task backlog information: IOError: 
[2022-01-12 10:15:33,087 W 143585 143903] metric_exporter.cc:206: Export metrics to agent failed: IOError: . This won't affect Ray, but you can lose metrics from the cluster.
[2022-01-12 10:15:33,680 I 143585 143902] raylet_client.cc:336: Error reporting task backlog information: IOError: 
[2022-01-12 10:15:34,680 I 143585 143902] raylet_client.cc:336: Error reporting task backlog information: IOError: 
[2022-01-12 10:15:35,680 I 143585 143902] raylet_client.cc:336: Error reporting task backlog information: IOError: 
[2022-01-12 10:15:36,680 I 143585 143902] raylet_client.cc:336: Error reporting task backlog information: IOError: 
[2022-01-12 10:15:37,681 I 143585 143902] raylet_client.cc:336: Error reporting task backlog information: IOError: 
[2022-01-12 10:15:38,681 I 143585 143902] raylet_client.cc:336: Error reporting task backlog information: IOError: 
[2022-01-12 10:15:39,681 I 143585 143902] raylet_client.cc:336: Error reporting task backlog information: IOError: 
[2022-01-12 10:15:40,681 I 143585 143902] raylet_client.cc:336: Error reporting task backlog information: IOError: 
[2022-01-12 10:15:41,681 I 143585 143902] raylet_client.cc:336: Error reporting task backlog information: IOError: 
[2022-01-12 10:15:42,682 I 143585 143902] raylet_client.cc:336: Error reporting task backlog information: IOError: 
[2022-01-12 10:15:43,099 W 143585 143903] metric_exporter.cc:206: Export metrics to agent failed: IOError: . This won't affect Ray, but you can lose metrics from the cluster.
[2022-01-12 10:15:43,682 I 143585 143902] raylet_client.cc:336: Error reporting task backlog information: IOError: 
[2022-01-12 10:15:44,683 I 143585 143902] raylet_client.cc:336: Error reporting task backlog information: IOError: 
[2022-01-12 10:15:45,683 I 143585 143902] raylet_client.cc:336: Error reporting task backlog information: IOError: 
[2022-01-12 10:15:46,683 I 143585 143902] raylet_client.cc:336: Error reporting task backlog information: IOError: 
[2022-01-12 10:15:47,683 I 143585 143902] raylet_client.cc:336: Error reporting task backlog information: IOError: 
[2022-01-12 10:15:48,683 I 143585 143902] raylet_client.cc:336: Error reporting task backlog information: IOError: 
[2022-01-12 10:15:49,684 I 143585 143902] raylet_client.cc:336: Error reporting task backlog information: IOError: 
[2022-01-12 10:15:50,684 I 143585 143902] raylet_client.cc:336: Error reporting task backlog information: IOError: 
[2022-01-12 10:15:51,684 I 143585 143902] raylet_client.cc:336: Error reporting task backlog information: IOError: 
[2022-01-12 10:15:52,684 I 143585 143902] raylet_client.cc:336: Error reporting task backlog information: IOError: 
[2022-01-12 10:15:53,110 W 143585 143903] metric_exporter.cc:206: Export metrics to agent failed: IOError: . This won't affect Ray, but you can lose metrics from the cluster.
[2022-01-12 10:15:53,685 I 143585 143902] raylet_client.cc:336: Error reporting task backlog information: IOError: 
[2022-01-12 10:15:54,685 I 143585 143902] raylet_client.cc:336: Error reporting task backlog information: IOError: 
[2022-01-12 10:15:55,685 I 143585 143902] raylet_client.cc:336: Error reporting task backlog information: IOError: 
[2022-01-12 10:15:56,685 I 143585 143902] raylet_client.cc:336: Error reporting task backlog information: IOError: 
[2022-01-12 10:15:57,686 I 143585 143902] raylet_client.cc:336: Error reporting task backlog information: IOError: 
[2022-01-12 10:15:58,686 I 143585 143902] raylet_client.cc:336: Error reporting task backlog information: IOError: 
[2022-01-12 10:15:59,686 I 143585 143902] raylet_client.cc:336: Error reporting task backlog information: IOError: 
[2022-01-12 10:16:00,686 I 143585 143902] raylet_client.cc:336: Error reporting task backlog information: IOError: 
[2022-01-12 10:16:01,686 I 143585 143902] raylet_client.cc:336: Error reporting task backlog information: IOError: 
[2022-01-12 10:16:02,687 I 143585 143902] raylet_client.cc:336: Error reporting task backlog information: IOError: 
[2022-01-12 10:16:03,122 W 143585 143903] metric_exporter.cc:206: Export metrics to agent failed: IOError: . This won't affect Ray, but you can lose metrics from the cluster.
[2022-01-12 10:16:03,687 I 143585 143902] raylet_client.cc:336: Error reporting task backlog information: IOError: 
[2022-01-12 10:16:04,687 I 143585 143902] raylet_client.cc:336: Error reporting task backlog information: IOError: 
[2022-01-12 10:16:05,687 I 143585 143902] raylet_client.cc:336: Error reporting task backlog information: IOError: 
[2022-01-12 10:16:06,688 I 143585 143902] raylet_client.cc:336: Error reporting task backlog information: IOError: 
[2022-01-12 10:16:07,688 I 143585 143902] raylet_client.cc:336: Error reporting task backlog information: IOError: 
[2022-01-12 10:16:08,688 I 143585 143902] raylet_client.cc:336: Error reporting task backlog information: IOError: 
[2022-01-12 10:16:09,688 I 143585 143902] raylet_client.cc:336: Error reporting task backlog information: IOError: 
[2022-01-12 10:16:10,689 I 143585 143902] raylet_client.cc:336: Error reporting task backlog information: IOError: 
[2022-01-12 10:16:11,689 I 143585 143902] raylet_client.cc:336: Error reporting task backlog information: IOError: 
[2022-01-12 10:16:12,689 I 143585 143902] raylet_client.cc:336: Error reporting task backlog information: IOError: 
[2022-01-12 10:16:13,133 W 143585 143903] metric_exporter.cc:206: Export metrics to agent failed: IOError: . This won't affect Ray, but you can lose metrics from the cluster.
[2022-01-12 10:16:13,689 I 143585 143902] raylet_client.cc:336: Error reporting task backlog information: IOError: 
[2022-01-12 10:16:14,690 I 143585 143902] raylet_client.cc:336: Error reporting task backlog information: IOError: 
[2022-01-12 10:16:15,690 I 143585 143902] raylet_client.cc:336: Error reporting task backlog information: IOError: 
[2022-01-12 10:16:16,690 I 143585 143902] raylet_client.cc:336: Error reporting task backlog information: IOError: 
[2022-01-12 10:16:17,690 I 143585 143902] raylet_client.cc:336: Error reporting task backlog information: IOError: 
[2022-01-12 10:16:18,690 I 143585 143902] raylet_client.cc:336: Error reporting task backlog information: IOError: 
[2022-01-12 10:16:19,691 I 143585 143902] raylet_client.cc:336: Error reporting task backlog information: IOError: 
[2022-01-12 10:16:20,691 I 143585 143902] raylet_client.cc:336: Error reporting task backlog information: IOError: 
[2022-01-12 10:16:21,691 I 143585 143902] raylet_client.cc:336: Error reporting task backlog information: IOError: 
[2022-01-12 10:16:22,691 I 143585 143902] raylet_client.cc:336: Error reporting task backlog information: IOError: 
[2022-01-12 10:16:23,145 W 143585 143903] metric_exporter.cc:206: Export metrics to agent failed: IOError: . This won't affect Ray, but you can lose metrics from the cluster.
[2022-01-12 10:16:23,691 I 143585 143902] raylet_client.cc:336: Error reporting task backlog information: IOError: 
[2022-01-12 10:16:24,692 I 143585 143902] raylet_client.cc:336: Error reporting task backlog information: IOError: 
[2022-01-12 10:16:25,692 I 143585 143902] raylet_client.cc:336: Error reporting task backlog information: IOError: 
[2022-01-12 10:16:26,692 I 143585 143902] raylet_client.cc:336: Error reporting task backlog information: IOError: 
[2022-01-12 10:16:27,692 I 143585 143902] raylet_client.cc:336: Error reporting task backlog information: IOError: 
[2022-01-12 10:16:28,692 I 143585 143902] raylet_client.cc:336: Error reporting task backlog information: IOError: 
[2022-01-12 10:16:29,693 I 143585 143902] raylet_client.cc:336: Error reporting task backlog information: IOError: 
[2022-01-12 10:16:30,693 I 143585 143902] raylet_client.cc:336: Error reporting task backlog information: IOError: 
[2022-01-12 10:16:31,693 I 143585 143902] raylet_client.cc:336: Error reporting task backlog information: IOError: 
[2022-01-12 10:16:32,693 I 143585 143902] raylet_client.cc:336: Error reporting task backlog information: IOError: 
[2022-01-12 10:16:33,158 W 143585 143903] metric_exporter.cc:206: Export metrics to agent failed: IOError: . This won't affect Ray, but you can lose metrics from the cluster.
[2022-01-12 10:16:33,694 I 143585 143902] raylet_client.cc:336: Error reporting task backlog information: IOError: 
[2022-01-12 10:16:34,694 I 143585 143902] raylet_client.cc:336: Error reporting task backlog information: IOError: 
[2022-01-12 10:16:35,694 I 143585 143902] raylet_client.cc:336: Error reporting task backlog information: IOError: 
[2022-01-12 10:16:36,694 I 143585 143902] raylet_client.cc:336: Error reporting task backlog information: IOError: 
[2022-01-12 10:16:37,695 I 143585 143902] raylet_client.cc:336: Error reporting task backlog information: IOError: 
[2022-01-12 10:16:38,695 I 143585 143902] raylet_client.cc:336: Error reporting task backlog information: IOError: 
[2022-01-12 10:16:39,695 I 143585 143902] raylet_client.cc:336: Error reporting task backlog information: IOError: 
[2022-01-12 10:16:40,695 I 143585 143902] raylet_client.cc:336: Error reporting task backlog information: IOError: 
[2022-01-12 10:16:41,695 I 143585 143902] raylet_client.cc:336: Error reporting task backlog information: IOError: 
[2022-01-12 10:16:42,696 I 143585 143902] raylet_client.cc:336: Error reporting task backlog information: IOError: 
[2022-01-12 10:16:43,172 W 143585 143903] metric_exporter.cc:206: Export metrics to agent failed: IOError: . This won't affect Ray, but you can lose metrics from the cluster.
[2022-01-12 10:16:43,696 I 143585 143902] raylet_client.cc:336: Error reporting task backlog information: IOError: 
[2022-01-12 10:16:44,696 I 143585 143902] raylet_client.cc:336: Error reporting task backlog information: IOError: 
[2022-01-12 10:16:45,696 I 143585 143902] raylet_client.cc:336: Error reporting task backlog information: IOError: 
[2022-01-12 10:16:46,696 I 143585 143902] raylet_client.cc:336: Error reporting task backlog information: IOError: 
[2022-01-12 10:16:47,697 I 143585 143902] raylet_client.cc:336: Error reporting task backlog information: IOError: 
[2022-01-12 10:16:48,697 I 143585 143902] raylet_client.cc:336: Error reporting task backlog information: IOError: 
[2022-01-12 10:16:49,697 I 143585 143902] raylet_client.cc:336: Error reporting task backlog information: IOError: 
[2022-01-12 10:16:50,697 I 143585 143902] raylet_client.cc:336: Error reporting task backlog information: IOError: 
[2022-01-12 10:16:51,697 I 143585 143902] raylet_client.cc:336: Error reporting task backlog information: IOError: 
[2022-01-12 10:16:52,697 I 143585 143902] raylet_client.cc:336: Error reporting task backlog information: IOError: 
[2022-01-12 10:16:53,184 W 143585 143903] metric_exporter.cc:206: Export metrics to agent failed: IOError: . This won't affect Ray, but you can lose metrics from the cluster.
[2022-01-12 10:16:53,698 I 143585 143902] raylet_client.cc:336: Error reporting task backlog information: IOError: 
[2022-01-12 10:16:54,698 I 143585 143902] raylet_client.cc:336: Error reporting task backlog information: IOError: 
[2022-01-12 10:16:55,698 I 143585 143902] raylet_client.cc:336: Error reporting task backlog information: IOError: 
[2022-01-12 10:16:56,698 I 143585 143902] raylet_client.cc:336: Error reporting task backlog information: IOError: 
[2022-01-12 10:16:57,699 I 143585 143902] raylet_client.cc:336: Error reporting task backlog information: IOError: 
[2022-01-12 10:16:58,699 I 143585 143902] raylet_client.cc:336: Error reporting task backlog information: IOError: 
[2022-01-12 10:16:59,699 I 143585 143902] raylet_client.cc:336: Error reporting task backlog information: IOError: 
[2022-01-12 10:17:00,700 I 143585 143902] raylet_client.cc:336: Error reporting task backlog information: IOError: 
[2022-01-12 10:17:01,700 I 143585 143902] raylet_client.cc:336: Error reporting task backlog information: IOError: 
[2022-01-12 10:17:02,700 I 143585 143902] raylet_client.cc:336: Error reporting task backlog information: IOError: 
[2022-01-12 10:17:03,195 W 143585 143903] metric_exporter.cc:206: Export metrics to agent failed: IOError: . This won't affect Ray, but you can lose metrics from the cluster.
[2022-01-12 10:17:03,700 I 143585 143902] raylet_client.cc:336: Error reporting task backlog information: IOError: 
[2022-01-12 10:17:04,700 I 143585 143902] raylet_client.cc:336: Error reporting task backlog information: IOError: 
[2022-01-12 10:17:05,701 I 143585 143902] raylet_client.cc:336: Error reporting task backlog information: IOError: 
[2022-01-12 10:17:06,701 I 143585 143902] raylet_client.cc:336: Error reporting task backlog information: IOError: 
[2022-01-12 10:17:07,701 I 143585 143902] raylet_client.cc:336: Error reporting task backlog information: IOError: 
[2022-01-12 10:17:08,701 I 143585 143902] raylet_client.cc:336: Error reporting task backlog information: IOError: 
[2022-01-12 10:17:09,701 I 143585 143902] raylet_client.cc:336: Error reporting task backlog information: IOError: 
[2022-01-12 10:17:10,702 I 143585 143902] raylet_client.cc:336: Error reporting task backlog information: IOError: 
[2022-01-12 10:17:11,702 I 143585 143902] raylet_client.cc:336: Error reporting task backlog information: IOError: 
[2022-01-12 10:17:12,702 I 143585 143902] raylet_client.cc:336: Error reporting task backlog information: IOError: 
[2022-01-12 10:17:13,207 W 143585 143903] metric_exporter.cc:206: Export metrics to agent failed: IOError: . This won't affect Ray, but you can lose metrics from the cluster.
[2022-01-12 10:17:13,702 I 143585 143902] raylet_client.cc:336: Error reporting task backlog information: IOError: 
[2022-01-12 10:17:14,703 I 143585 143902] raylet_client.cc:336: Error reporting task backlog information: IOError: 
[2022-01-12 10:17:15,703 I 143585 143902] raylet_client.cc:336: Error reporting task backlog information: IOError: 
[2022-01-12 10:17:16,703 I 143585 143902] raylet_client.cc:336: Error reporting task backlog information: IOError: 
[2022-01-12 10:17:17,703 I 143585 143902] raylet_client.cc:336: Error reporting task backlog information: IOError: 
[2022-01-12 10:17:18,703 I 143585 143902] raylet_client.cc:336: Error reporting task backlog information: IOError: 
[2022-01-12 10:17:19,703 I 143585 143902] raylet_client.cc:336: Error reporting task backlog information: IOError: 
[2022-01-12 10:17:20,704 I 143585 143902] raylet_client.cc:336: Error reporting task backlog information: IOError: 
[2022-01-12 10:17:21,704 I 143585 143902] raylet_client.cc:336: Error reporting task backlog information: IOError: 
[2022-01-12 10:17:22,704 I 143585 143902] raylet_client.cc:336: Error reporting task backlog information: IOError: 
[2022-01-12 10:17:23,218 W 143585 143903] metric_exporter.cc:206: Export metrics to agent failed: IOError: . This won't affect Ray, but you can lose metrics from the cluster.
[2022-01-12 10:17:23,704 I 143585 143902] raylet_client.cc:336: Error reporting task backlog information: IOError: 
[2022-01-12 10:17:24,705 I 143585 143902] raylet_client.cc:336: Error reporting task backlog information: IOError: 
[2022-01-12 10:17:25,705 I 143585 143902] raylet_client.cc:336: Error reporting task backlog information: IOError: 
[2022-01-12 10:17:26,705 I 143585 143902] raylet_client.cc:336: Error reporting task backlog information: IOError: 
[2022-01-12 10:17:27,705 I 143585 143902] raylet_client.cc:336: Error reporting task backlog information: IOError: 
[2022-01-12 10:17:28,706 I 143585 143902] raylet_client.cc:336: Error reporting task backlog information: IOError: 
[2022-01-12 10:17:29,706 I 143585 143902] raylet_client.cc:336: Error reporting task backlog information: IOError: 
[2022-01-12 10:17:30,706 I 143585 143902] raylet_client.cc:336: Error reporting task backlog information: IOError: 
[2022-01-12 10:17:31,706 I 143585 143902] raylet_client.cc:336: Error reporting task backlog information: IOError: 
[2022-01-12 10:17:32,706 I 143585 143902] raylet_client.cc:336: Error reporting task backlog information: IOError: 
[2022-01-12 10:17:33,229 W 143585 143903] metric_exporter.cc:206: Export metrics to agent failed: IOError: . This won't affect Ray, but you can lose metrics from the cluster.
[2022-01-12 10:17:33,707 I 143585 143902] raylet_client.cc:336: Error reporting task backlog information: IOError: 
[2022-01-12 10:17:34,707 I 143585 143902] raylet_client.cc:336: Error reporting task backlog information: IOError: 
[2022-01-12 10:17:35,707 I 143585 143902] raylet_client.cc:336: Error reporting task backlog information: IOError: 
[2022-01-12 10:17:36,707 I 143585 143902] raylet_client.cc:336: Error reporting task backlog information: IOError: 
[2022-01-12 10:17:37,707 I 143585 143902] raylet_client.cc:336: Error reporting task backlog information: IOError: 
[2022-01-12 10:17:38,707 I 143585 143902] raylet_client.cc:336: Error reporting task backlog information: IOError: 
[2022-01-12 10:17:39,708 I 143585 143902] raylet_client.cc:336: Error reporting task backlog information: IOError: 
[2022-01-12 10:17:40,708 I 143585 143902] raylet_client.cc:336: Error reporting task backlog information: IOError: 
[2022-01-12 10:17:41,708 I 143585 143902] raylet_client.cc:336: Error reporting task backlog information: IOError: 
[2022-01-12 10:17:42,708 I 143585 143902] raylet_client.cc:336: Error reporting task backlog information: IOError: 
[2022-01-12 10:17:43,240 W 143585 143903] metric_exporter.cc:206: Export metrics to agent failed: IOError: . This won't affect Ray, but you can lose metrics from the cluster.
[2022-01-12 10:17:43,708 I 143585 143902] raylet_client.cc:336: Error reporting task backlog information: IOError: 
[2022-01-12 10:17:44,709 I 143585 143902] raylet_client.cc:336: Error reporting task backlog information: IOError: 
[2022-01-12 10:17:45,709 I 143585 143902] raylet_client.cc:336: Error reporting task backlog information: IOError: 
[2022-01-12 10:17:46,709 I 143585 143902] raylet_client.cc:336: Error reporting task backlog information: IOError: 
[2022-01-12 10:17:47,709 I 143585 143902] raylet_client.cc:336: Error reporting task backlog information: IOError: 
[2022-01-12 10:17:48,710 I 143585 143902] raylet_client.cc:336: Error reporting task backlog information: IOError: 
[2022-01-12 10:17:49,710 I 143585 143902] raylet_client.cc:336: Error reporting task backlog information: IOError: 
[2022-01-12 10:17:50,710 I 143585 143902] raylet_client.cc:336: Error reporting task backlog information: IOError: 
[2022-01-12 10:17:51,710 I 143585 143902] raylet_client.cc:336: Error reporting task backlog information: IOError: 
[2022-01-12 10:17:52,710 I 143585 143902] raylet_client.cc:336: Error reporting task backlog information: IOError: 
[2022-01-12 10:17:53,252 W 143585 143903] metric_exporter.cc:206: Export metrics to agent failed: IOError: . This won't affect Ray, but you can lose metrics from the cluster.
[2022-01-12 10:17:53,711 I 143585 143902] raylet_client.cc:336: Error reporting task backlog information: IOError: 
[2022-01-12 10:17:54,711 I 143585 143902] raylet_client.cc:336: Error reporting task backlog information: IOError: 
[2022-01-12 10:17:55,711 I 143585 143902] raylet_client.cc:336: Error reporting task backlog information: IOError: 
[2022-01-12 10:17:56,711 I 143585 143902] raylet_client.cc:336: Error reporting task backlog information: IOError: 
[2022-01-12 10:17:57,711 I 143585 143902] raylet_client.cc:336: Error reporting task backlog information: IOError: 
[2022-01-12 10:17:58,712 I 143585 143902] raylet_client.cc:336: Error reporting task backlog information: IOError: 
[2022-01-12 10:17:59,712 I 143585 143902] raylet_client.cc:336: Error reporting task backlog information: IOError: 
[2022-01-12 10:18:00,712 I 143585 143902] raylet_client.cc:336: Error reporting task backlog information: IOError: 
[2022-01-12 10:18:01,712 I 143585 143902] raylet_client.cc:336: Error reporting task backlog information: IOError: 
[2022-01-12 10:18:02,712 I 143585 143902] raylet_client.cc:336: Error reporting task backlog information: IOError: 
[2022-01-12 10:18:03,264 W 143585 143903] metric_exporter.cc:206: Export metrics to agent failed: IOError: . This won't affect Ray, but you can lose metrics from the cluster.
[2022-01-12 10:18:03,712 I 143585 143902] raylet_client.cc:336: Error reporting task backlog information: IOError: 
[2022-01-12 10:18:04,712 I 143585 143902] raylet_client.cc:336: Error reporting task backlog information: IOError: 
[2022-01-12 10:18:05,712 I 143585 143902] raylet_client.cc:336: Error reporting task backlog information: IOError: 
[2022-01-12 10:18:06,713 I 143585 143902] raylet_client.cc:336: Error reporting task backlog information: IOError: 
[2022-01-12 10:18:07,713 I 143585 143902] raylet_client.cc:336: Error reporting task backlog information: IOError: 
[2022-01-12 10:18:08,713 I 143585 143902] raylet_client.cc:336: Error reporting task backlog information: IOError: 
[2022-01-12 10:18:09,713 I 143585 143902] raylet_client.cc:336: Error reporting task backlog information: IOError: 
[2022-01-12 10:18:10,713 I 143585 143902] raylet_client.cc:336: Error reporting task backlog information: IOError: 
[2022-01-12 10:18:11,713 I 143585 143902] raylet_client.cc:336: Error reporting task backlog information: IOError: 
[2022-01-12 10:18:12,713 I 143585 143902] raylet_client.cc:336: Error reporting task backlog information: IOError: 
[2022-01-12 10:18:13,276 W 143585 143903] metric_exporter.cc:206: Export metrics to agent failed: IOError: . This won't affect Ray, but you can lose metrics from the cluster.
[2022-01-12 10:18:13,713 I 143585 143902] raylet_client.cc:336: Error reporting task backlog information: IOError: 
[2022-01-12 10:18:14,713 I 143585 143902] raylet_client.cc:336: Error reporting task backlog information: IOError: 
[2022-01-12 10:18:15,713 I 143585 143902] raylet_client.cc:336: Error reporting task backlog information: IOError: 
[2022-01-12 10:18:16,714 I 143585 143902] raylet_client.cc:336: Error reporting task backlog information: IOError: 
[2022-01-12 10:18:17,714 I 143585 143902] raylet_client.cc:336: Error reporting task backlog information: IOError: 
[2022-01-12 10:18:18,714 I 143585 143902] raylet_client.cc:336: Error reporting task backlog information: IOError: 
[2022-01-12 10:18:19,714 I 143585 143902] raylet_client.cc:336: Error reporting task backlog information: IOError: 
[2022-01-12 10:18:20,714 I 143585 143902] raylet_client.cc:336: Error reporting task backlog information: IOError: 
[2022-01-12 10:18:21,714 I 143585 143902] raylet_client.cc:336: Error reporting task backlog information: IOError: 
[2022-01-12 10:18:22,714 I 143585 143902] raylet_client.cc:336: Error reporting task backlog information: IOError: 
[2022-01-12 10:18:23,289 W 143585 143903] metric_exporter.cc:206: Export metrics to agent failed: IOError: . This won't affect Ray, but you can lose metrics from the cluster.
[2022-01-12 10:18:23,715 I 143585 143902] raylet_client.cc:336: Error reporting task backlog information: IOError: 
[2022-01-12 10:18:24,715 I 143585 143902] raylet_client.cc:336: Error reporting task backlog information: IOError: 
[2022-01-12 10:18:25,715 I 143585 143902] raylet_client.cc:336: Error reporting task backlog information: IOError: 
[2022-01-12 10:18:26,715 I 143585 143902] raylet_client.cc:336: Error reporting task backlog information: IOError: 
[2022-01-12 10:18:27,715 I 143585 143902] raylet_client.cc:336: Error reporting task backlog information: IOError: 
[2022-01-12 10:18:28,716 I 143585 143902] raylet_client.cc:336: Error reporting task backlog information: IOError: 
[2022-01-12 10:18:29,716 I 143585 143902] raylet_client.cc:336: Error reporting task backlog information: IOError: 
[2022-01-12 10:18:30,716 I 143585 143902] raylet_client.cc:336: Error reporting task backlog information: IOError: 
[2022-01-12 10:18:31,716 I 143585 143902] raylet_client.cc:336: Error reporting task backlog information: IOError: 
[2022-01-12 10:18:32,717 I 143585 143902] raylet_client.cc:336: Error reporting task backlog information: IOError: 
[2022-01-12 10:18:33,301 W 143585 143903] metric_exporter.cc:206: Export metrics to agent failed: IOError: . This won't affect Ray, but you can lose metrics from the cluster.
[2022-01-12 10:18:33,717 I 143585 143902] raylet_client.cc:336: Error reporting task backlog information: IOError: 
[2022-01-12 10:18:34,717 I 143585 143902] raylet_client.cc:336: Error reporting task backlog information: IOError: 
[2022-01-12 10:18:35,717 I 143585 143902] raylet_client.cc:336: Error reporting task backlog information: IOError: 
[2022-01-12 10:18:36,718 I 143585 143902] raylet_client.cc:336: Error reporting task backlog information: IOError: 
[2022-01-12 10:18:37,718 I 143585 143902] raylet_client.cc:336: Error reporting task backlog information: IOError: 
[2022-01-12 10:18:38,718 I 143585 143902] raylet_client.cc:336: Error reporting task backlog information: IOError: 
[2022-01-12 10:18:39,718 I 143585 143902] raylet_client.cc:336: Error reporting task backlog information: IOError: 
[2022-01-12 10:18:40,719 I 143585 143902] raylet_client.cc:336: Error reporting task backlog information: IOError: 
[2022-01-12 10:18:41,719 I 143585 143902] raylet_client.cc:336: Error reporting task backlog information: IOError: 
[2022-01-12 10:18:42,719 I 143585 143902] raylet_client.cc:336: Error reporting task backlog information: IOError: 
[2022-01-12 10:18:43,314 W 143585 143903] metric_exporter.cc:206: Export metrics to agent failed: IOError: . This won't affect Ray, but you can lose metrics from the cluster.
[2022-01-12 10:18:43,719 I 143585 143902] raylet_client.cc:336: Error reporting task backlog information: IOError: 
[2022-01-12 10:18:44,589 E 143585 143832] gcs_server_address_updater.cc:76: Failed to receive the GCS address for 600 times without success. The worker will exit ungracefully. It is because GCS has died. It could be because there was an issue that kills GCS, such as high memory usage triggering OOM killer to kill GCS. Cluster will be highly likely unavailable if you see this log. Please check the log from gcs_server.err.
