[2022-01-12 10:07:42,334 I 143579 143579] core_worker.cc:132: Constructing CoreWorkerProcess. pid: 143579
[2022-01-12 10:07:42,343 I 143579 143579] grpc_server.cc:112: worker server started, listening on port 41113.
[2022-01-12 10:07:42,347 I 143579 143579] core_worker.cc:479: Initializing worker at address: 131.215.21.210:41113, worker ID 832e6c101dd580492e53c90ae7dddfc9e7edb995696e4ee20d59802e, raylet 10999f05f6cac99ae47c08b61c068305160dd60674ba98f196462ed5
[2022-01-12 10:07:42,456 I 143579 143579] io_service_pool.cc:35: IOServicePool is running with 1 io_service.
[2022-01-12 10:07:42,457 I 143579 143834] accessor.cc:560: Received notification for node id = 10999f05f6cac99ae47c08b61c068305160dd60674ba98f196462ed5, IsAlive = 1
[2022-01-12 10:08:45,463 I 143579 143834] raylet_client.cc:336: Error reporting task backlog information: IOError: 
[2022-01-12 10:08:46,462 W 143579 143696] gcs_server_address_updater.cc:61: [1] Failed to get the gcs server address from raylet 1 times in a row. If it keeps failing to obtain the address, the worker might crash. Connection status IOError: 
[2022-01-12 10:08:46,463 I 143579 143834] raylet_client.cc:336: Error reporting task backlog information: IOError: 
[2022-01-12 10:08:47,463 I 143579 143834] raylet_client.cc:336: Error reporting task backlog information: IOError: 
[2022-01-12 10:08:48,463 I 143579 143834] raylet_client.cc:336: Error reporting task backlog information: IOError: 
[2022-01-12 10:08:49,463 I 143579 143834] raylet_client.cc:336: Error reporting task backlog information: IOError: 
[2022-01-12 10:08:50,463 I 143579 143834] raylet_client.cc:336: Error reporting task backlog information: IOError: 
[2022-01-12 10:08:51,470 I 143579 143834] raylet_client.cc:336: Error reporting task backlog information: IOError: 
[2022-01-12 10:08:52,470 I 143579 143834] raylet_client.cc:336: Error reporting task backlog information: IOError: 
[2022-01-12 10:08:52,506 W 143579 143835] metric_exporter.cc:206: Export metrics to agent failed: IOError: . This won't affect Ray, but you can lose metrics from the cluster.
[2022-01-12 10:08:53,470 I 143579 143834] raylet_client.cc:336: Error reporting task backlog information: IOError: 
[2022-01-12 10:08:54,470 I 143579 143834] raylet_client.cc:336: Error reporting task backlog information: IOError: 
[2022-01-12 10:08:55,471 I 143579 143834] raylet_client.cc:336: Error reporting task backlog information: IOError: 
[2022-01-12 10:08:56,471 I 143579 143834] raylet_client.cc:336: Error reporting task backlog information: IOError: 
[2022-01-12 10:08:57,471 I 143579 143834] raylet_client.cc:336: Error reporting task backlog information: IOError: 
[2022-01-12 10:08:58,471 I 143579 143834] raylet_client.cc:336: Error reporting task backlog information: IOError: 
[2022-01-12 10:08:59,471 I 143579 143834] raylet_client.cc:336: Error reporting task backlog information: IOError: 
[2022-01-12 10:09:00,472 I 143579 143834] raylet_client.cc:336: Error reporting task backlog information: IOError: 
[2022-01-12 10:09:01,472 I 143579 143834] raylet_client.cc:336: Error reporting task backlog information: IOError: 
[2022-01-12 10:09:02,472 I 143579 143834] raylet_client.cc:336: Error reporting task backlog information: IOError: 
[2022-01-12 10:09:02,515 W 143579 143835] metric_exporter.cc:206: Export metrics to agent failed: IOError: . This won't affect Ray, but you can lose metrics from the cluster.
[2022-01-12 10:09:03,472 I 143579 143834] raylet_client.cc:336: Error reporting task backlog information: IOError: 
[2022-01-12 10:09:04,473 I 143579 143834] raylet_client.cc:336: Error reporting task backlog information: IOError: 
[2022-01-12 10:09:05,473 I 143579 143834] raylet_client.cc:336: Error reporting task backlog information: IOError: 
[2022-01-12 10:09:06,473 I 143579 143834] raylet_client.cc:336: Error reporting task backlog information: IOError: 
[2022-01-12 10:09:07,473 I 143579 143834] raylet_client.cc:336: Error reporting task backlog information: IOError: 
[2022-01-12 10:09:08,473 I 143579 143834] raylet_client.cc:336: Error reporting task backlog information: IOError: 
[2022-01-12 10:09:09,474 I 143579 143834] raylet_client.cc:336: Error reporting task backlog information: IOError: 
[2022-01-12 10:09:10,474 I 143579 143834] raylet_client.cc:336: Error reporting task backlog information: IOError: 
[2022-01-12 10:09:11,474 I 143579 143834] raylet_client.cc:336: Error reporting task backlog information: IOError: 
[2022-01-12 10:09:12,474 I 143579 143834] raylet_client.cc:336: Error reporting task backlog information: IOError: 
[2022-01-12 10:09:12,526 W 143579 143835] metric_exporter.cc:206: Export metrics to agent failed: IOError: . This won't affect Ray, but you can lose metrics from the cluster.
[2022-01-12 10:09:13,474 I 143579 143834] raylet_client.cc:336: Error reporting task backlog information: IOError: 
[2022-01-12 10:09:14,475 I 143579 143834] raylet_client.cc:336: Error reporting task backlog information: IOError: 
[2022-01-12 10:09:15,475 I 143579 143834] raylet_client.cc:336: Error reporting task backlog information: IOError: 
[2022-01-12 10:09:16,475 I 143579 143834] raylet_client.cc:336: Error reporting task backlog information: IOError: 
[2022-01-12 10:09:17,475 I 143579 143834] raylet_client.cc:336: Error reporting task backlog information: IOError: 
[2022-01-12 10:09:18,476 I 143579 143834] raylet_client.cc:336: Error reporting task backlog information: IOError: 
[2022-01-12 10:09:19,476 I 143579 143834] raylet_client.cc:336: Error reporting task backlog information: IOError: 
[2022-01-12 10:09:20,476 I 143579 143834] raylet_client.cc:336: Error reporting task backlog information: IOError: 
[2022-01-12 10:09:21,476 I 143579 143834] raylet_client.cc:336: Error reporting task backlog information: IOError: 
[2022-01-12 10:09:22,476 I 143579 143834] raylet_client.cc:336: Error reporting task backlog information: IOError: 
[2022-01-12 10:09:22,537 W 143579 143835] metric_exporter.cc:206: Export metrics to agent failed: IOError: . This won't affect Ray, but you can lose metrics from the cluster.
[2022-01-12 10:09:23,477 I 143579 143834] raylet_client.cc:336: Error reporting task backlog information: IOError: 
[2022-01-12 10:09:24,477 I 143579 143834] raylet_client.cc:336: Error reporting task backlog information: IOError: 
[2022-01-12 10:09:25,477 I 143579 143834] raylet_client.cc:336: Error reporting task backlog information: IOError: 
[2022-01-12 10:09:26,477 I 143579 143834] raylet_client.cc:336: Error reporting task backlog information: IOError: 
[2022-01-12 10:09:27,477 I 143579 143834] raylet_client.cc:336: Error reporting task backlog information: IOError: 
[2022-01-12 10:09:28,478 I 143579 143834] raylet_client.cc:336: Error reporting task backlog information: IOError: 
[2022-01-12 10:09:29,478 I 143579 143834] raylet_client.cc:336: Error reporting task backlog information: IOError: 
[2022-01-12 10:09:30,478 I 143579 143834] raylet_client.cc:336: Error reporting task backlog information: IOError: 
[2022-01-12 10:09:31,478 I 143579 143834] raylet_client.cc:336: Error reporting task backlog information: IOError: 
[2022-01-12 10:09:32,478 I 143579 143834] raylet_client.cc:336: Error reporting task backlog information: IOError: 
[2022-01-12 10:09:32,547 W 143579 143835] metric_exporter.cc:206: Export metrics to agent failed: IOError: . This won't affect Ray, but you can lose metrics from the cluster.
[2022-01-12 10:09:33,478 I 143579 143834] raylet_client.cc:336: Error reporting task backlog information: IOError: 
[2022-01-12 10:09:34,478 I 143579 143834] raylet_client.cc:336: Error reporting task backlog information: IOError: 
[2022-01-12 10:09:35,479 I 143579 143834] raylet_client.cc:336: Error reporting task backlog information: IOError: 
[2022-01-12 10:09:36,479 I 143579 143834] raylet_client.cc:336: Error reporting task backlog information: IOError: 
[2022-01-12 10:09:37,479 I 143579 143834] raylet_client.cc:336: Error reporting task backlog information: IOError: 
[2022-01-12 10:09:38,479 I 143579 143834] raylet_client.cc:336: Error reporting task backlog information: IOError: 
[2022-01-12 10:09:39,479 I 143579 143834] raylet_client.cc:336: Error reporting task backlog information: IOError: 
[2022-01-12 10:09:40,479 I 143579 143834] raylet_client.cc:336: Error reporting task backlog information: IOError: 
[2022-01-12 10:09:41,479 I 143579 143834] raylet_client.cc:336: Error reporting task backlog information: IOError: 
[2022-01-12 10:09:42,479 I 143579 143834] raylet_client.cc:336: Error reporting task backlog information: IOError: 
[2022-01-12 10:09:42,554 W 143579 143835] metric_exporter.cc:206: Export metrics to agent failed: IOError: . This won't affect Ray, but you can lose metrics from the cluster.
[2022-01-12 10:09:43,479 I 143579 143834] raylet_client.cc:336: Error reporting task backlog information: IOError: 
[2022-01-12 10:09:44,479 I 143579 143834] raylet_client.cc:336: Error reporting task backlog information: IOError: 
[2022-01-12 10:09:45,479 I 143579 143834] raylet_client.cc:336: Error reporting task backlog information: IOError: 
[2022-01-12 10:09:46,479 I 143579 143834] raylet_client.cc:336: Error reporting task backlog information: IOError: 
[2022-01-12 10:09:47,479 I 143579 143834] raylet_client.cc:336: Error reporting task backlog information: IOError: 
[2022-01-12 10:09:48,479 I 143579 143834] raylet_client.cc:336: Error reporting task backlog information: IOError: 
[2022-01-12 10:09:49,479 I 143579 143834] raylet_client.cc:336: Error reporting task backlog information: IOError: 
[2022-01-12 10:09:50,480 I 143579 143834] raylet_client.cc:336: Error reporting task backlog information: IOError: 
[2022-01-12 10:09:51,480 I 143579 143834] raylet_client.cc:336: Error reporting task backlog information: IOError: 
[2022-01-12 10:09:52,480 I 143579 143834] raylet_client.cc:336: Error reporting task backlog information: IOError: 
[2022-01-12 10:09:52,561 W 143579 143835] metric_exporter.cc:206: Export metrics to agent failed: IOError: . This won't affect Ray, but you can lose metrics from the cluster.
[2022-01-12 10:09:53,480 I 143579 143834] raylet_client.cc:336: Error reporting task backlog information: IOError: 
[2022-01-12 10:09:54,480 I 143579 143834] raylet_client.cc:336: Error reporting task backlog information: IOError: 
[2022-01-12 10:09:55,480 I 143579 143834] raylet_client.cc:336: Error reporting task backlog information: IOError: 
[2022-01-12 10:09:56,480 I 143579 143834] raylet_client.cc:336: Error reporting task backlog information: IOError: 
[2022-01-12 10:09:57,480 I 143579 143834] raylet_client.cc:336: Error reporting task backlog information: IOError: 
[2022-01-12 10:09:58,480 I 143579 143834] raylet_client.cc:336: Error reporting task backlog information: IOError: 
[2022-01-12 10:09:59,480 I 143579 143834] raylet_client.cc:336: Error reporting task backlog information: IOError: 
[2022-01-12 10:10:00,480 I 143579 143834] raylet_client.cc:336: Error reporting task backlog information: IOError: 
[2022-01-12 10:10:01,480 I 143579 143834] raylet_client.cc:336: Error reporting task backlog information: IOError: 
[2022-01-12 10:10:02,480 I 143579 143834] raylet_client.cc:336: Error reporting task backlog information: IOError: 
[2022-01-12 10:10:02,572 W 143579 143835] metric_exporter.cc:206: Export metrics to agent failed: IOError: . This won't affect Ray, but you can lose metrics from the cluster.
[2022-01-12 10:10:03,481 I 143579 143834] raylet_client.cc:336: Error reporting task backlog information: IOError: 
[2022-01-12 10:10:04,481 I 143579 143834] raylet_client.cc:336: Error reporting task backlog information: IOError: 
[2022-01-12 10:10:05,481 I 143579 143834] raylet_client.cc:336: Error reporting task backlog information: IOError: 
[2022-01-12 10:10:06,481 I 143579 143834] raylet_client.cc:336: Error reporting task backlog information: IOError: 
[2022-01-12 10:10:07,481 I 143579 143834] raylet_client.cc:336: Error reporting task backlog information: IOError: 
[2022-01-12 10:10:08,481 I 143579 143834] raylet_client.cc:336: Error reporting task backlog information: IOError: 
[2022-01-12 10:10:09,481 I 143579 143834] raylet_client.cc:336: Error reporting task backlog information: IOError: 
[2022-01-12 10:10:10,481 I 143579 143834] raylet_client.cc:336: Error reporting task backlog information: IOError: 
[2022-01-12 10:10:11,482 I 143579 143834] raylet_client.cc:336: Error reporting task backlog information: IOError: 
[2022-01-12 10:10:12,482 I 143579 143834] raylet_client.cc:336: Error reporting task backlog information: IOError: 
[2022-01-12 10:10:12,581 W 143579 143835] metric_exporter.cc:206: Export metrics to agent failed: IOError: . This won't affect Ray, but you can lose metrics from the cluster.
[2022-01-12 10:10:13,482 I 143579 143834] raylet_client.cc:336: Error reporting task backlog information: IOError: 
[2022-01-12 10:10:14,482 I 143579 143834] raylet_client.cc:336: Error reporting task backlog information: IOError: 
[2022-01-12 10:10:15,482 I 143579 143834] raylet_client.cc:336: Error reporting task backlog information: IOError: 
[2022-01-12 10:10:16,482 I 143579 143834] raylet_client.cc:336: Error reporting task backlog information: IOError: 
[2022-01-12 10:10:17,482 I 143579 143834] raylet_client.cc:336: Error reporting task backlog information: IOError: 
[2022-01-12 10:10:18,482 I 143579 143834] raylet_client.cc:336: Error reporting task backlog information: IOError: 
[2022-01-12 10:10:19,482 I 143579 143834] raylet_client.cc:336: Error reporting task backlog information: IOError: 
[2022-01-12 10:10:20,483 I 143579 143834] raylet_client.cc:336: Error reporting task backlog information: IOError: 
[2022-01-12 10:10:21,483 I 143579 143834] raylet_client.cc:336: Error reporting task backlog information: IOError: 
[2022-01-12 10:10:22,483 I 143579 143834] raylet_client.cc:336: Error reporting task backlog information: IOError: 
[2022-01-12 10:10:22,597 W 143579 143835] metric_exporter.cc:206: Export metrics to agent failed: IOError: . This won't affect Ray, but you can lose metrics from the cluster.
[2022-01-12 10:10:23,483 I 143579 143834] raylet_client.cc:336: Error reporting task backlog information: IOError: 
[2022-01-12 10:10:24,483 I 143579 143834] raylet_client.cc:336: Error reporting task backlog information: IOError: 
[2022-01-12 10:10:25,483 I 143579 143834] raylet_client.cc:336: Error reporting task backlog information: IOError: 
[2022-01-12 10:10:26,484 I 143579 143834] raylet_client.cc:336: Error reporting task backlog information: IOError: 
[2022-01-12 10:10:27,484 I 143579 143834] raylet_client.cc:336: Error reporting task backlog information: IOError: 
[2022-01-12 10:10:28,484 I 143579 143834] raylet_client.cc:336: Error reporting task backlog information: IOError: 
[2022-01-12 10:10:29,484 I 143579 143834] raylet_client.cc:336: Error reporting task backlog information: IOError: 
[2022-01-12 10:10:30,484 I 143579 143834] raylet_client.cc:336: Error reporting task backlog information: IOError: 
[2022-01-12 10:10:31,485 I 143579 143834] raylet_client.cc:336: Error reporting task backlog information: IOError: 
[2022-01-12 10:10:32,485 I 143579 143834] raylet_client.cc:336: Error reporting task backlog information: IOError: 
[2022-01-12 10:10:32,609 W 143579 143835] metric_exporter.cc:206: Export metrics to agent failed: IOError: . This won't affect Ray, but you can lose metrics from the cluster.
[2022-01-12 10:10:33,485 I 143579 143834] raylet_client.cc:336: Error reporting task backlog information: IOError: 
[2022-01-12 10:10:34,485 I 143579 143834] raylet_client.cc:336: Error reporting task backlog information: IOError: 
[2022-01-12 10:10:35,485 I 143579 143834] raylet_client.cc:336: Error reporting task backlog information: IOError: 
[2022-01-12 10:10:36,485 I 143579 143834] raylet_client.cc:336: Error reporting task backlog information: IOError: 
[2022-01-12 10:10:37,486 I 143579 143834] raylet_client.cc:336: Error reporting task backlog information: IOError: 
[2022-01-12 10:10:38,486 I 143579 143834] raylet_client.cc:336: Error reporting task backlog information: IOError: 
[2022-01-12 10:10:39,486 I 143579 143834] raylet_client.cc:336: Error reporting task backlog information: IOError: 
[2022-01-12 10:10:40,486 I 143579 143834] raylet_client.cc:336: Error reporting task backlog information: IOError: 
[2022-01-12 10:10:41,486 I 143579 143834] raylet_client.cc:336: Error reporting task backlog information: IOError: 
[2022-01-12 10:10:42,486 I 143579 143834] raylet_client.cc:336: Error reporting task backlog information: IOError: 
[2022-01-12 10:10:42,616 W 143579 143835] metric_exporter.cc:206: Export metrics to agent failed: IOError: . This won't affect Ray, but you can lose metrics from the cluster.
[2022-01-12 10:10:43,486 I 143579 143834] raylet_client.cc:336: Error reporting task backlog information: IOError: 
[2022-01-12 10:10:44,486 I 143579 143834] raylet_client.cc:336: Error reporting task backlog information: IOError: 
[2022-01-12 10:10:45,486 I 143579 143834] raylet_client.cc:336: Error reporting task backlog information: IOError: 
[2022-01-12 10:10:46,487 I 143579 143834] raylet_client.cc:336: Error reporting task backlog information: IOError: 
[2022-01-12 10:10:47,487 I 143579 143834] raylet_client.cc:336: Error reporting task backlog information: IOError: 
[2022-01-12 10:10:48,487 I 143579 143834] raylet_client.cc:336: Error reporting task backlog information: IOError: 
[2022-01-12 10:10:49,487 I 143579 143834] raylet_client.cc:336: Error reporting task backlog information: IOError: 
[2022-01-12 10:10:50,487 I 143579 143834] raylet_client.cc:336: Error reporting task backlog information: IOError: 
[2022-01-12 10:10:51,487 I 143579 143834] raylet_client.cc:336: Error reporting task backlog information: IOError: 
[2022-01-12 10:10:52,487 I 143579 143834] raylet_client.cc:336: Error reporting task backlog information: IOError: 
[2022-01-12 10:10:52,623 W 143579 143835] metric_exporter.cc:206: Export metrics to agent failed: IOError: . This won't affect Ray, but you can lose metrics from the cluster.
[2022-01-12 10:10:53,487 I 143579 143834] raylet_client.cc:336: Error reporting task backlog information: IOError: 
[2022-01-12 10:10:54,487 I 143579 143834] raylet_client.cc:336: Error reporting task backlog information: IOError: 
[2022-01-12 10:10:55,488 I 143579 143834] raylet_client.cc:336: Error reporting task backlog information: IOError: 
[2022-01-12 10:10:56,488 I 143579 143834] raylet_client.cc:336: Error reporting task backlog information: IOError: 
[2022-01-12 10:10:57,488 I 143579 143834] raylet_client.cc:336: Error reporting task backlog information: IOError: 
[2022-01-12 10:10:58,488 I 143579 143834] raylet_client.cc:336: Error reporting task backlog information: IOError: 
[2022-01-12 10:10:59,488 I 143579 143834] raylet_client.cc:336: Error reporting task backlog information: IOError: 
[2022-01-12 10:11:00,488 I 143579 143834] raylet_client.cc:336: Error reporting task backlog information: IOError: 
[2022-01-12 10:11:01,489 I 143579 143834] raylet_client.cc:336: Error reporting task backlog information: IOError: 
[2022-01-12 10:11:02,489 I 143579 143834] raylet_client.cc:336: Error reporting task backlog information: IOError: 
[2022-01-12 10:11:02,631 W 143579 143835] metric_exporter.cc:206: Export metrics to agent failed: IOError: . This won't affect Ray, but you can lose metrics from the cluster.
[2022-01-12 10:11:03,489 I 143579 143834] raylet_client.cc:336: Error reporting task backlog information: IOError: 
[2022-01-12 10:11:04,494 I 143579 143834] raylet_client.cc:336: Error reporting task backlog information: IOError: 
[2022-01-12 10:11:05,491 I 143579 143834] raylet_client.cc:336: Error reporting task backlog information: IOError: 
[2022-01-12 10:11:06,491 I 143579 143834] raylet_client.cc:336: Error reporting task backlog information: IOError: 
[2022-01-12 10:11:07,491 I 143579 143834] raylet_client.cc:336: Error reporting task backlog information: IOError: 
[2022-01-12 10:11:08,491 I 143579 143834] raylet_client.cc:336: Error reporting task backlog information: IOError: 
[2022-01-12 10:11:09,491 I 143579 143834] raylet_client.cc:336: Error reporting task backlog information: IOError: 
[2022-01-12 10:11:10,491 I 143579 143834] raylet_client.cc:336: Error reporting task backlog information: IOError: 
[2022-01-12 10:11:11,491 I 143579 143834] raylet_client.cc:336: Error reporting task backlog information: IOError: 
[2022-01-12 10:11:12,491 I 143579 143834] raylet_client.cc:336: Error reporting task backlog information: IOError: 
[2022-01-12 10:11:12,658 W 143579 143835] metric_exporter.cc:206: Export metrics to agent failed: IOError: . This won't affect Ray, but you can lose metrics from the cluster.
[2022-01-12 10:11:13,492 I 143579 143834] raylet_client.cc:336: Error reporting task backlog information: IOError: 
[2022-01-12 10:11:14,492 I 143579 143834] raylet_client.cc:336: Error reporting task backlog information: IOError: 
[2022-01-12 10:11:15,492 I 143579 143834] raylet_client.cc:336: Error reporting task backlog information: IOError: 
[2022-01-12 10:11:16,492 I 143579 143834] raylet_client.cc:336: Error reporting task backlog information: IOError: 
[2022-01-12 10:11:17,493 I 143579 143834] raylet_client.cc:336: Error reporting task backlog information: IOError: 
[2022-01-12 10:11:18,493 I 143579 143834] raylet_client.cc:336: Error reporting task backlog information: IOError: 
[2022-01-12 10:11:19,493 I 143579 143834] raylet_client.cc:336: Error reporting task backlog information: IOError: 
[2022-01-12 10:11:20,494 I 143579 143834] raylet_client.cc:336: Error reporting task backlog information: IOError: 
[2022-01-12 10:11:21,494 I 143579 143834] raylet_client.cc:336: Error reporting task backlog information: IOError: 
[2022-01-12 10:11:22,494 I 143579 143834] raylet_client.cc:336: Error reporting task backlog information: IOError: 
[2022-01-12 10:11:22,669 W 143579 143835] metric_exporter.cc:206: Export metrics to agent failed: IOError: . This won't affect Ray, but you can lose metrics from the cluster.
[2022-01-12 10:11:23,495 I 143579 143834] raylet_client.cc:336: Error reporting task backlog information: IOError: 
[2022-01-12 10:11:24,494 I 143579 143834] raylet_client.cc:336: Error reporting task backlog information: IOError: 
[2022-01-12 10:11:25,495 I 143579 143834] raylet_client.cc:336: Error reporting task backlog information: IOError: 
[2022-01-12 10:11:26,495 I 143579 143834] raylet_client.cc:336: Error reporting task backlog information: IOError: 
[2022-01-12 10:11:27,496 I 143579 143834] raylet_client.cc:336: Error reporting task backlog information: IOError: 
[2022-01-12 10:11:28,496 I 143579 143834] raylet_client.cc:336: Error reporting task backlog information: IOError: 
[2022-01-12 10:11:29,496 I 143579 143834] raylet_client.cc:336: Error reporting task backlog information: IOError: 
[2022-01-12 10:11:30,496 I 143579 143834] raylet_client.cc:336: Error reporting task backlog information: IOError: 
[2022-01-12 10:11:31,497 I 143579 143834] raylet_client.cc:336: Error reporting task backlog information: IOError: 
[2022-01-12 10:11:32,497 I 143579 143834] raylet_client.cc:336: Error reporting task backlog information: IOError: 
[2022-01-12 10:11:32,680 W 143579 143835] metric_exporter.cc:206: Export metrics to agent failed: IOError: . This won't affect Ray, but you can lose metrics from the cluster.
[2022-01-12 10:11:33,497 I 143579 143834] raylet_client.cc:336: Error reporting task backlog information: IOError: 
[2022-01-12 10:11:34,497 I 143579 143834] raylet_client.cc:336: Error reporting task backlog information: IOError: 
[2022-01-12 10:11:35,498 I 143579 143834] raylet_client.cc:336: Error reporting task backlog information: IOError: 
[2022-01-12 10:11:36,498 I 143579 143834] raylet_client.cc:336: Error reporting task backlog information: IOError: 
[2022-01-12 10:11:37,499 I 143579 143834] raylet_client.cc:336: Error reporting task backlog information: IOError: 
[2022-01-12 10:11:38,499 I 143579 143834] raylet_client.cc:336: Error reporting task backlog information: IOError: 
[2022-01-12 10:11:39,499 I 143579 143834] raylet_client.cc:336: Error reporting task backlog information: IOError: 
[2022-01-12 10:11:40,499 I 143579 143834] raylet_client.cc:336: Error reporting task backlog information: IOError: 
[2022-01-12 10:11:41,500 I 143579 143834] raylet_client.cc:336: Error reporting task backlog information: IOError: 
[2022-01-12 10:11:42,500 I 143579 143834] raylet_client.cc:336: Error reporting task backlog information: IOError: 
[2022-01-12 10:11:42,691 W 143579 143835] metric_exporter.cc:206: Export metrics to agent failed: IOError: . This won't affect Ray, but you can lose metrics from the cluster.
[2022-01-12 10:11:43,500 I 143579 143834] raylet_client.cc:336: Error reporting task backlog information: IOError: 
[2022-01-12 10:11:44,500 I 143579 143834] raylet_client.cc:336: Error reporting task backlog information: IOError: 
[2022-01-12 10:11:45,501 I 143579 143834] raylet_client.cc:336: Error reporting task backlog information: IOError: 
[2022-01-12 10:11:46,501 I 143579 143834] raylet_client.cc:336: Error reporting task backlog information: IOError: 
[2022-01-12 10:11:47,502 I 143579 143834] raylet_client.cc:336: Error reporting task backlog information: IOError: 
[2022-01-12 10:11:48,502 I 143579 143834] raylet_client.cc:336: Error reporting task backlog information: IOError: 
[2022-01-12 10:11:49,502 I 143579 143834] raylet_client.cc:336: Error reporting task backlog information: IOError: 
[2022-01-12 10:11:50,503 I 143579 143834] raylet_client.cc:336: Error reporting task backlog information: IOError: 
[2022-01-12 10:11:51,503 I 143579 143834] raylet_client.cc:336: Error reporting task backlog information: IOError: 
[2022-01-12 10:11:52,503 I 143579 143834] raylet_client.cc:336: Error reporting task backlog information: IOError: 
[2022-01-12 10:11:52,703 W 143579 143835] metric_exporter.cc:206: Export metrics to agent failed: IOError: . This won't affect Ray, but you can lose metrics from the cluster.
[2022-01-12 10:11:53,503 I 143579 143834] raylet_client.cc:336: Error reporting task backlog information: IOError: 
[2022-01-12 10:11:54,503 I 143579 143834] raylet_client.cc:336: Error reporting task backlog information: IOError: 
[2022-01-12 10:11:55,504 I 143579 143834] raylet_client.cc:336: Error reporting task backlog information: IOError: 
[2022-01-12 10:11:56,504 I 143579 143834] raylet_client.cc:336: Error reporting task backlog information: IOError: 
[2022-01-12 10:11:57,504 I 143579 143834] raylet_client.cc:336: Error reporting task backlog information: IOError: 
[2022-01-12 10:11:58,504 I 143579 143834] raylet_client.cc:336: Error reporting task backlog information: IOError: 
[2022-01-12 10:11:59,504 I 143579 143834] raylet_client.cc:336: Error reporting task backlog information: IOError: 
[2022-01-12 10:12:00,505 I 143579 143834] raylet_client.cc:336: Error reporting task backlog information: IOError: 
[2022-01-12 10:12:01,505 I 143579 143834] raylet_client.cc:336: Error reporting task backlog information: IOError: 
[2022-01-12 10:12:02,505 I 143579 143834] raylet_client.cc:336: Error reporting task backlog information: IOError: 
[2022-01-12 10:12:02,715 W 143579 143835] metric_exporter.cc:206: Export metrics to agent failed: IOError: . This won't affect Ray, but you can lose metrics from the cluster.
[2022-01-12 10:12:03,505 I 143579 143834] raylet_client.cc:336: Error reporting task backlog information: IOError: 
[2022-01-12 10:12:04,506 I 143579 143834] raylet_client.cc:336: Error reporting task backlog information: IOError: 
[2022-01-12 10:12:05,506 I 143579 143834] raylet_client.cc:336: Error reporting task backlog information: IOError: 
[2022-01-12 10:12:06,506 I 143579 143834] raylet_client.cc:336: Error reporting task backlog information: IOError: 
[2022-01-12 10:12:07,506 I 143579 143834] raylet_client.cc:336: Error reporting task backlog information: IOError: 
[2022-01-12 10:12:08,507 I 143579 143834] raylet_client.cc:336: Error reporting task backlog information: IOError: 
[2022-01-12 10:12:09,507 I 143579 143834] raylet_client.cc:336: Error reporting task backlog information: IOError: 
[2022-01-12 10:12:10,508 I 143579 143834] raylet_client.cc:336: Error reporting task backlog information: IOError: 
[2022-01-12 10:12:11,508 I 143579 143834] raylet_client.cc:336: Error reporting task backlog information: IOError: 
[2022-01-12 10:12:12,508 I 143579 143834] raylet_client.cc:336: Error reporting task backlog information: IOError: 
[2022-01-12 10:12:12,726 W 143579 143835] metric_exporter.cc:206: Export metrics to agent failed: IOError: . This won't affect Ray, but you can lose metrics from the cluster.
[2022-01-12 10:12:13,508 I 143579 143834] raylet_client.cc:336: Error reporting task backlog information: IOError: 
[2022-01-12 10:12:14,508 I 143579 143834] raylet_client.cc:336: Error reporting task backlog information: IOError: 
[2022-01-12 10:12:15,509 I 143579 143834] raylet_client.cc:336: Error reporting task backlog information: IOError: 
[2022-01-12 10:12:16,509 I 143579 143834] raylet_client.cc:336: Error reporting task backlog information: IOError: 
[2022-01-12 10:12:17,509 I 143579 143834] raylet_client.cc:336: Error reporting task backlog information: IOError: 
[2022-01-12 10:12:18,509 I 143579 143834] raylet_client.cc:336: Error reporting task backlog information: IOError: 
[2022-01-12 10:12:19,510 I 143579 143834] raylet_client.cc:336: Error reporting task backlog information: IOError: 
[2022-01-12 10:12:20,510 I 143579 143834] raylet_client.cc:336: Error reporting task backlog information: IOError: 
[2022-01-12 10:12:21,510 I 143579 143834] raylet_client.cc:336: Error reporting task backlog information: IOError: 
[2022-01-12 10:12:22,510 I 143579 143834] raylet_client.cc:336: Error reporting task backlog information: IOError: 
[2022-01-12 10:12:22,737 W 143579 143835] metric_exporter.cc:206: Export metrics to agent failed: IOError: . This won't affect Ray, but you can lose metrics from the cluster.
[2022-01-12 10:12:23,511 I 143579 143834] raylet_client.cc:336: Error reporting task backlog information: IOError: 
[2022-01-12 10:12:24,511 I 143579 143834] raylet_client.cc:336: Error reporting task backlog information: IOError: 
[2022-01-12 10:12:25,511 I 143579 143834] raylet_client.cc:336: Error reporting task backlog information: IOError: 
[2022-01-12 10:12:26,511 I 143579 143834] raylet_client.cc:336: Error reporting task backlog information: IOError: 
[2022-01-12 10:12:27,512 I 143579 143834] raylet_client.cc:336: Error reporting task backlog information: IOError: 
[2022-01-12 10:12:28,512 I 143579 143834] raylet_client.cc:336: Error reporting task backlog information: IOError: 
[2022-01-12 10:12:29,512 I 143579 143834] raylet_client.cc:336: Error reporting task backlog information: IOError: 
[2022-01-12 10:12:30,512 I 143579 143834] raylet_client.cc:336: Error reporting task backlog information: IOError: 
[2022-01-12 10:12:31,513 I 143579 143834] raylet_client.cc:336: Error reporting task backlog information: IOError: 
[2022-01-12 10:12:32,513 I 143579 143834] raylet_client.cc:336: Error reporting task backlog information: IOError: 
[2022-01-12 10:12:32,749 W 143579 143835] metric_exporter.cc:206: Export metrics to agent failed: IOError: . This won't affect Ray, but you can lose metrics from the cluster.
[2022-01-12 10:12:33,513 I 143579 143834] raylet_client.cc:336: Error reporting task backlog information: IOError: 
[2022-01-12 10:12:34,513 I 143579 143834] raylet_client.cc:336: Error reporting task backlog information: IOError: 
[2022-01-12 10:12:35,514 I 143579 143834] raylet_client.cc:336: Error reporting task backlog information: IOError: 
[2022-01-12 10:12:36,514 I 143579 143834] raylet_client.cc:336: Error reporting task backlog information: IOError: 
[2022-01-12 10:12:37,514 I 143579 143834] raylet_client.cc:336: Error reporting task backlog information: IOError: 
[2022-01-12 10:12:38,514 I 143579 143834] raylet_client.cc:336: Error reporting task backlog information: IOError: 
[2022-01-12 10:12:39,515 I 143579 143834] raylet_client.cc:336: Error reporting task backlog information: IOError: 
[2022-01-12 10:12:40,515 I 143579 143834] raylet_client.cc:336: Error reporting task backlog information: IOError: 
[2022-01-12 10:12:41,515 I 143579 143834] raylet_client.cc:336: Error reporting task backlog information: IOError: 
[2022-01-12 10:12:42,515 I 143579 143834] raylet_client.cc:336: Error reporting task backlog information: IOError: 
[2022-01-12 10:12:42,762 W 143579 143835] metric_exporter.cc:206: Export metrics to agent failed: IOError: . This won't affect Ray, but you can lose metrics from the cluster.
[2022-01-12 10:12:43,515 I 143579 143834] raylet_client.cc:336: Error reporting task backlog information: IOError: 
[2022-01-12 10:12:44,516 I 143579 143834] raylet_client.cc:336: Error reporting task backlog information: IOError: 
[2022-01-12 10:12:45,516 I 143579 143834] raylet_client.cc:336: Error reporting task backlog information: IOError: 
[2022-01-12 10:12:46,516 I 143579 143834] raylet_client.cc:336: Error reporting task backlog information: IOError: 
[2022-01-12 10:12:47,516 I 143579 143834] raylet_client.cc:336: Error reporting task backlog information: IOError: 
[2022-01-12 10:12:48,516 I 143579 143834] raylet_client.cc:336: Error reporting task backlog information: IOError: 
[2022-01-12 10:12:49,517 I 143579 143834] raylet_client.cc:336: Error reporting task backlog information: IOError: 
[2022-01-12 10:12:50,517 I 143579 143834] raylet_client.cc:336: Error reporting task backlog information: IOError: 
[2022-01-12 10:12:51,517 I 143579 143834] raylet_client.cc:336: Error reporting task backlog information: IOError: 
[2022-01-12 10:12:52,517 I 143579 143834] raylet_client.cc:336: Error reporting task backlog information: IOError: 
[2022-01-12 10:12:52,772 W 143579 143835] metric_exporter.cc:206: Export metrics to agent failed: IOError: . This won't affect Ray, but you can lose metrics from the cluster.
[2022-01-12 10:12:53,518 I 143579 143834] raylet_client.cc:336: Error reporting task backlog information: IOError: 
[2022-01-12 10:12:54,518 I 143579 143834] raylet_client.cc:336: Error reporting task backlog information: IOError: 
[2022-01-12 10:12:55,518 I 143579 143834] raylet_client.cc:336: Error reporting task backlog information: IOError: 
[2022-01-12 10:12:56,518 I 143579 143834] raylet_client.cc:336: Error reporting task backlog information: IOError: 
[2022-01-12 10:12:57,519 I 143579 143834] raylet_client.cc:336: Error reporting task backlog information: IOError: 
[2022-01-12 10:12:58,519 I 143579 143834] raylet_client.cc:336: Error reporting task backlog information: IOError: 
[2022-01-12 10:12:59,519 I 143579 143834] raylet_client.cc:336: Error reporting task backlog information: IOError: 
[2022-01-12 10:13:00,520 I 143579 143834] raylet_client.cc:336: Error reporting task backlog information: IOError: 
[2022-01-12 10:13:01,520 I 143579 143834] raylet_client.cc:336: Error reporting task backlog information: IOError: 
[2022-01-12 10:13:02,520 I 143579 143834] raylet_client.cc:336: Error reporting task backlog information: IOError: 
[2022-01-12 10:13:02,783 W 143579 143835] metric_exporter.cc:206: Export metrics to agent failed: IOError: . This won't affect Ray, but you can lose metrics from the cluster.
[2022-01-12 10:13:03,520 I 143579 143834] raylet_client.cc:336: Error reporting task backlog information: IOError: 
[2022-01-12 10:13:04,521 I 143579 143834] raylet_client.cc:336: Error reporting task backlog information: IOError: 
[2022-01-12 10:13:05,521 I 143579 143834] raylet_client.cc:336: Error reporting task backlog information: IOError: 
[2022-01-12 10:13:06,521 I 143579 143834] raylet_client.cc:336: Error reporting task backlog information: IOError: 
[2022-01-12 10:13:07,521 I 143579 143834] raylet_client.cc:336: Error reporting task backlog information: IOError: 
[2022-01-12 10:13:08,522 I 143579 143834] raylet_client.cc:336: Error reporting task backlog information: IOError: 
[2022-01-12 10:13:09,522 I 143579 143834] raylet_client.cc:336: Error reporting task backlog information: IOError: 
[2022-01-12 10:13:10,522 I 143579 143834] raylet_client.cc:336: Error reporting task backlog information: IOError: 
[2022-01-12 10:13:11,523 I 143579 143834] raylet_client.cc:336: Error reporting task backlog information: IOError: 
[2022-01-12 10:13:12,523 I 143579 143834] raylet_client.cc:336: Error reporting task backlog information: IOError: 
[2022-01-12 10:13:12,795 W 143579 143835] metric_exporter.cc:206: Export metrics to agent failed: IOError: . This won't affect Ray, but you can lose metrics from the cluster.
[2022-01-12 10:13:13,523 I 143579 143834] raylet_client.cc:336: Error reporting task backlog information: IOError: 
[2022-01-12 10:13:14,524 I 143579 143834] raylet_client.cc:336: Error reporting task backlog information: IOError: 
[2022-01-12 10:13:15,524 I 143579 143834] raylet_client.cc:336: Error reporting task backlog information: IOError: 
[2022-01-12 10:13:16,524 I 143579 143834] raylet_client.cc:336: Error reporting task backlog information: IOError: 
[2022-01-12 10:13:17,525 I 143579 143834] raylet_client.cc:336: Error reporting task backlog information: IOError: 
[2022-01-12 10:13:18,525 I 143579 143834] raylet_client.cc:336: Error reporting task backlog information: IOError: 
[2022-01-12 10:13:19,525 I 143579 143834] raylet_client.cc:336: Error reporting task backlog information: IOError: 
[2022-01-12 10:13:20,526 I 143579 143834] raylet_client.cc:336: Error reporting task backlog information: IOError: 
[2022-01-12 10:13:21,526 I 143579 143834] raylet_client.cc:336: Error reporting task backlog information: IOError: 
[2022-01-12 10:13:22,526 I 143579 143834] raylet_client.cc:336: Error reporting task backlog information: IOError: 
[2022-01-12 10:13:22,807 W 143579 143835] metric_exporter.cc:206: Export metrics to agent failed: IOError: . This won't affect Ray, but you can lose metrics from the cluster.
[2022-01-12 10:13:23,527 I 143579 143834] raylet_client.cc:336: Error reporting task backlog information: IOError: 
[2022-01-12 10:13:24,527 I 143579 143834] raylet_client.cc:336: Error reporting task backlog information: IOError: 
[2022-01-12 10:13:25,528 I 143579 143834] raylet_client.cc:336: Error reporting task backlog information: IOError: 
[2022-01-12 10:13:26,528 I 143579 143834] raylet_client.cc:336: Error reporting task backlog information: IOError: 
[2022-01-12 10:13:27,528 I 143579 143834] raylet_client.cc:336: Error reporting task backlog information: IOError: 
[2022-01-12 10:13:28,528 I 143579 143834] raylet_client.cc:336: Error reporting task backlog information: IOError: 
[2022-01-12 10:13:29,529 I 143579 143834] raylet_client.cc:336: Error reporting task backlog information: IOError: 
[2022-01-12 10:13:30,529 I 143579 143834] raylet_client.cc:336: Error reporting task backlog information: IOError: 
[2022-01-12 10:13:31,529 I 143579 143834] raylet_client.cc:336: Error reporting task backlog information: IOError: 
[2022-01-12 10:13:32,530 I 143579 143834] raylet_client.cc:336: Error reporting task backlog information: IOError: 
[2022-01-12 10:13:32,820 W 143579 143835] metric_exporter.cc:206: Export metrics to agent failed: IOError: . This won't affect Ray, but you can lose metrics from the cluster.
[2022-01-12 10:13:33,530 I 143579 143834] raylet_client.cc:336: Error reporting task backlog information: IOError: 
[2022-01-12 10:13:34,530 I 143579 143834] raylet_client.cc:336: Error reporting task backlog information: IOError: 
[2022-01-12 10:13:35,531 I 143579 143834] raylet_client.cc:336: Error reporting task backlog information: IOError: 
[2022-01-12 10:13:36,531 I 143579 143834] raylet_client.cc:336: Error reporting task backlog information: IOError: 
[2022-01-12 10:13:37,531 I 143579 143834] raylet_client.cc:336: Error reporting task backlog information: IOError: 
[2022-01-12 10:13:38,531 I 143579 143834] raylet_client.cc:336: Error reporting task backlog information: IOError: 
[2022-01-12 10:13:39,531 I 143579 143834] raylet_client.cc:336: Error reporting task backlog information: IOError: 
[2022-01-12 10:13:40,531 I 143579 143834] raylet_client.cc:336: Error reporting task backlog information: IOError: 
[2022-01-12 10:13:41,531 I 143579 143834] raylet_client.cc:336: Error reporting task backlog information: IOError: 
[2022-01-12 10:13:42,531 I 143579 143834] raylet_client.cc:336: Error reporting task backlog information: IOError: 
[2022-01-12 10:13:42,830 W 143579 143835] metric_exporter.cc:206: Export metrics to agent failed: IOError: . This won't affect Ray, but you can lose metrics from the cluster.
[2022-01-12 10:13:43,532 I 143579 143834] raylet_client.cc:336: Error reporting task backlog information: IOError: 
[2022-01-12 10:13:44,532 I 143579 143834] raylet_client.cc:336: Error reporting task backlog information: IOError: 
[2022-01-12 10:13:45,532 I 143579 143834] raylet_client.cc:336: Error reporting task backlog information: IOError: 
[2022-01-12 10:13:46,414 W 143579 143696] gcs_server_address_updater.cc:61: [301] Failed to get the gcs server address from raylet 301 times in a row. If it keeps failing to obtain the address, the worker might crash. Connection status IOError: 
[2022-01-12 10:13:46,532 I 143579 143834] raylet_client.cc:336: Error reporting task backlog information: IOError: 
[2022-01-12 10:13:47,533 I 143579 143834] raylet_client.cc:336: Error reporting task backlog information: IOError: 
[2022-01-12 10:13:48,533 I 143579 143834] raylet_client.cc:336: Error reporting task backlog information: IOError: 
[2022-01-12 10:13:49,533 I 143579 143834] raylet_client.cc:336: Error reporting task backlog information: IOError: 
[2022-01-12 10:13:50,534 I 143579 143834] raylet_client.cc:336: Error reporting task backlog information: IOError: 
[2022-01-12 10:13:51,534 I 143579 143834] raylet_client.cc:336: Error reporting task backlog information: IOError: 
[2022-01-12 10:13:52,534 I 143579 143834] raylet_client.cc:336: Error reporting task backlog information: IOError: 
[2022-01-12 10:13:52,844 W 143579 143835] metric_exporter.cc:206: Export metrics to agent failed: IOError: . This won't affect Ray, but you can lose metrics from the cluster.
[2022-01-12 10:13:53,534 I 143579 143834] raylet_client.cc:336: Error reporting task backlog information: IOError: 
[2022-01-12 10:13:54,534 I 143579 143834] raylet_client.cc:336: Error reporting task backlog information: IOError: 
[2022-01-12 10:13:55,535 I 143579 143834] raylet_client.cc:336: Error reporting task backlog information: IOError: 
[2022-01-12 10:13:56,535 I 143579 143834] raylet_client.cc:336: Error reporting task backlog information: IOError: 
[2022-01-12 10:13:57,535 I 143579 143834] raylet_client.cc:336: Error reporting task backlog information: IOError: 
[2022-01-12 10:13:58,535 I 143579 143834] raylet_client.cc:336: Error reporting task backlog information: IOError: 
[2022-01-12 10:13:59,535 I 143579 143834] raylet_client.cc:336: Error reporting task backlog information: IOError: 
[2022-01-12 10:14:00,536 I 143579 143834] raylet_client.cc:336: Error reporting task backlog information: IOError: 
[2022-01-12 10:14:01,536 I 143579 143834] raylet_client.cc:336: Error reporting task backlog information: IOError: 
[2022-01-12 10:14:02,536 I 143579 143834] raylet_client.cc:336: Error reporting task backlog information: IOError: 
[2022-01-12 10:14:02,854 W 143579 143835] metric_exporter.cc:206: Export metrics to agent failed: IOError: . This won't affect Ray, but you can lose metrics from the cluster.
[2022-01-12 10:14:03,536 I 143579 143834] raylet_client.cc:336: Error reporting task backlog information: IOError: 
[2022-01-12 10:14:04,536 I 143579 143834] raylet_client.cc:336: Error reporting task backlog information: IOError: 
[2022-01-12 10:14:05,537 I 143579 143834] raylet_client.cc:336: Error reporting task backlog information: IOError: 
[2022-01-12 10:14:06,537 I 143579 143834] raylet_client.cc:336: Error reporting task backlog information: IOError: 
[2022-01-12 10:14:07,537 I 143579 143834] raylet_client.cc:336: Error reporting task backlog information: IOError: 
[2022-01-12 10:14:08,537 I 143579 143834] raylet_client.cc:336: Error reporting task backlog information: IOError: 
[2022-01-12 10:14:09,537 I 143579 143834] raylet_client.cc:336: Error reporting task backlog information: IOError: 
[2022-01-12 10:14:10,538 I 143579 143834] raylet_client.cc:336: Error reporting task backlog information: IOError: 
[2022-01-12 10:14:11,538 I 143579 143834] raylet_client.cc:336: Error reporting task backlog information: IOError: 
[2022-01-12 10:14:12,538 I 143579 143834] raylet_client.cc:336: Error reporting task backlog information: IOError: 
[2022-01-12 10:14:12,865 W 143579 143835] metric_exporter.cc:206: Export metrics to agent failed: IOError: . This won't affect Ray, but you can lose metrics from the cluster.
[2022-01-12 10:14:13,539 I 143579 143834] raylet_client.cc:336: Error reporting task backlog information: IOError: 
[2022-01-12 10:14:14,539 I 143579 143834] raylet_client.cc:336: Error reporting task backlog information: IOError: 
[2022-01-12 10:14:15,539 I 143579 143834] raylet_client.cc:336: Error reporting task backlog information: IOError: 
[2022-01-12 10:14:16,539 I 143579 143834] raylet_client.cc:336: Error reporting task backlog information: IOError: 
[2022-01-12 10:14:17,540 I 143579 143834] raylet_client.cc:336: Error reporting task backlog information: IOError: 
[2022-01-12 10:14:18,540 I 143579 143834] raylet_client.cc:336: Error reporting task backlog information: IOError: 
[2022-01-12 10:14:19,540 I 143579 143834] raylet_client.cc:336: Error reporting task backlog information: IOError: 
[2022-01-12 10:14:20,540 I 143579 143834] raylet_client.cc:336: Error reporting task backlog information: IOError: 
[2022-01-12 10:14:21,540 I 143579 143834] raylet_client.cc:336: Error reporting task backlog information: IOError: 
[2022-01-12 10:14:22,541 I 143579 143834] raylet_client.cc:336: Error reporting task backlog information: IOError: 
[2022-01-12 10:14:22,875 W 143579 143835] metric_exporter.cc:206: Export metrics to agent failed: IOError: . This won't affect Ray, but you can lose metrics from the cluster.
[2022-01-12 10:14:23,541 I 143579 143834] raylet_client.cc:336: Error reporting task backlog information: IOError: 
[2022-01-12 10:14:24,541 I 143579 143834] raylet_client.cc:336: Error reporting task backlog information: IOError: 
[2022-01-12 10:14:25,541 I 143579 143834] raylet_client.cc:336: Error reporting task backlog information: IOError: 
[2022-01-12 10:14:26,541 I 143579 143834] raylet_client.cc:336: Error reporting task backlog information: IOError: 
[2022-01-12 10:14:27,541 I 143579 143834] raylet_client.cc:336: Error reporting task backlog information: IOError: 
[2022-01-12 10:14:28,541 I 143579 143834] raylet_client.cc:336: Error reporting task backlog information: IOError: 
[2022-01-12 10:14:29,541 I 143579 143834] raylet_client.cc:336: Error reporting task backlog information: IOError: 
[2022-01-12 10:14:30,542 I 143579 143834] raylet_client.cc:336: Error reporting task backlog information: IOError: 
[2022-01-12 10:14:31,542 I 143579 143834] raylet_client.cc:336: Error reporting task backlog information: IOError: 
[2022-01-12 10:14:32,542 I 143579 143834] raylet_client.cc:336: Error reporting task backlog information: IOError: 
[2022-01-12 10:14:32,885 W 143579 143835] metric_exporter.cc:206: Export metrics to agent failed: IOError: . This won't affect Ray, but you can lose metrics from the cluster.
[2022-01-12 10:14:33,542 I 143579 143834] raylet_client.cc:336: Error reporting task backlog information: IOError: 
[2022-01-12 10:14:34,542 I 143579 143834] raylet_client.cc:336: Error reporting task backlog information: IOError: 
[2022-01-12 10:14:35,542 I 143579 143834] raylet_client.cc:336: Error reporting task backlog information: IOError: 
[2022-01-12 10:14:36,542 I 143579 143834] raylet_client.cc:336: Error reporting task backlog information: IOError: 
[2022-01-12 10:14:37,542 I 143579 143834] raylet_client.cc:336: Error reporting task backlog information: IOError: 
[2022-01-12 10:14:38,542 I 143579 143834] raylet_client.cc:336: Error reporting task backlog information: IOError: 
[2022-01-12 10:14:39,542 I 143579 143834] raylet_client.cc:336: Error reporting task backlog information: IOError: 
[2022-01-12 10:14:40,543 I 143579 143834] raylet_client.cc:336: Error reporting task backlog information: IOError: 
[2022-01-12 10:14:41,543 I 143579 143834] raylet_client.cc:336: Error reporting task backlog information: IOError: 
[2022-01-12 10:14:42,543 I 143579 143834] raylet_client.cc:336: Error reporting task backlog information: IOError: 
[2022-01-12 10:14:42,892 W 143579 143835] metric_exporter.cc:206: Export metrics to agent failed: IOError: . This won't affect Ray, but you can lose metrics from the cluster.
[2022-01-12 10:14:43,543 I 143579 143834] raylet_client.cc:336: Error reporting task backlog information: IOError: 
[2022-01-12 10:14:44,543 I 143579 143834] raylet_client.cc:336: Error reporting task backlog information: IOError: 
[2022-01-12 10:14:45,543 I 143579 143834] raylet_client.cc:336: Error reporting task backlog information: IOError: 
[2022-01-12 10:14:46,543 I 143579 143834] raylet_client.cc:336: Error reporting task backlog information: IOError: 
[2022-01-12 10:14:47,543 I 143579 143834] raylet_client.cc:336: Error reporting task backlog information: IOError: 
[2022-01-12 10:14:48,543 I 143579 143834] raylet_client.cc:336: Error reporting task backlog information: IOError: 
[2022-01-12 10:14:49,543 I 143579 143834] raylet_client.cc:336: Error reporting task backlog information: IOError: 
[2022-01-12 10:14:50,543 I 143579 143834] raylet_client.cc:336: Error reporting task backlog information: IOError: 
[2022-01-12 10:14:51,543 I 143579 143834] raylet_client.cc:336: Error reporting task backlog information: IOError: 
[2022-01-12 10:14:52,543 I 143579 143834] raylet_client.cc:336: Error reporting task backlog information: IOError: 
[2022-01-12 10:14:52,900 W 143579 143835] metric_exporter.cc:206: Export metrics to agent failed: IOError: . This won't affect Ray, but you can lose metrics from the cluster.
[2022-01-12 10:14:53,543 I 143579 143834] raylet_client.cc:336: Error reporting task backlog information: IOError: 
[2022-01-12 10:14:54,543 I 143579 143834] raylet_client.cc:336: Error reporting task backlog information: IOError: 
[2022-01-12 10:14:55,544 I 143579 143834] raylet_client.cc:336: Error reporting task backlog information: IOError: 
[2022-01-12 10:14:56,544 I 143579 143834] raylet_client.cc:336: Error reporting task backlog information: IOError: 
[2022-01-12 10:14:57,544 I 143579 143834] raylet_client.cc:336: Error reporting task backlog information: IOError: 
[2022-01-12 10:14:58,544 I 143579 143834] raylet_client.cc:336: Error reporting task backlog information: IOError: 
[2022-01-12 10:14:59,544 I 143579 143834] raylet_client.cc:336: Error reporting task backlog information: IOError: 
[2022-01-12 10:15:00,544 I 143579 143834] raylet_client.cc:336: Error reporting task backlog information: IOError: 
[2022-01-12 10:15:01,544 I 143579 143834] raylet_client.cc:336: Error reporting task backlog information: IOError: 
[2022-01-12 10:15:02,545 I 143579 143834] raylet_client.cc:336: Error reporting task backlog information: IOError: 
[2022-01-12 10:15:02,913 W 143579 143835] metric_exporter.cc:206: Export metrics to agent failed: IOError: . This won't affect Ray, but you can lose metrics from the cluster.
[2022-01-12 10:15:03,545 I 143579 143834] raylet_client.cc:336: Error reporting task backlog information: IOError: 
[2022-01-12 10:15:04,545 I 143579 143834] raylet_client.cc:336: Error reporting task backlog information: IOError: 
[2022-01-12 10:15:05,545 I 143579 143834] raylet_client.cc:336: Error reporting task backlog information: IOError: 
[2022-01-12 10:15:06,545 I 143579 143834] raylet_client.cc:336: Error reporting task backlog information: IOError: 
[2022-01-12 10:15:07,545 I 143579 143834] raylet_client.cc:336: Error reporting task backlog information: IOError: 
[2022-01-12 10:15:08,545 I 143579 143834] raylet_client.cc:336: Error reporting task backlog information: IOError: 
[2022-01-12 10:15:09,545 I 143579 143834] raylet_client.cc:336: Error reporting task backlog information: IOError: 
[2022-01-12 10:15:10,545 I 143579 143834] raylet_client.cc:336: Error reporting task backlog information: IOError: 
[2022-01-12 10:15:11,545 I 143579 143834] raylet_client.cc:336: Error reporting task backlog information: IOError: 
[2022-01-12 10:15:12,546 I 143579 143834] raylet_client.cc:336: Error reporting task backlog information: IOError: 
[2022-01-12 10:15:12,926 W 143579 143835] metric_exporter.cc:206: Export metrics to agent failed: IOError: . This won't affect Ray, but you can lose metrics from the cluster.
[2022-01-12 10:15:13,546 I 143579 143834] raylet_client.cc:336: Error reporting task backlog information: IOError: 
[2022-01-12 10:15:14,546 I 143579 143834] raylet_client.cc:336: Error reporting task backlog information: IOError: 
[2022-01-12 10:15:15,546 I 143579 143834] raylet_client.cc:336: Error reporting task backlog information: IOError: 
[2022-01-12 10:15:16,546 I 143579 143834] raylet_client.cc:336: Error reporting task backlog information: IOError: 
[2022-01-12 10:15:17,546 I 143579 143834] raylet_client.cc:336: Error reporting task backlog information: IOError: 
[2022-01-12 10:15:18,547 I 143579 143834] raylet_client.cc:336: Error reporting task backlog information: IOError: 
[2022-01-12 10:15:19,548 I 143579 143834] raylet_client.cc:336: Error reporting task backlog information: IOError: 
[2022-01-12 10:15:20,548 I 143579 143834] raylet_client.cc:336: Error reporting task backlog information: IOError: 
[2022-01-12 10:15:21,548 I 143579 143834] raylet_client.cc:336: Error reporting task backlog information: IOError: 
[2022-01-12 10:15:22,549 I 143579 143834] raylet_client.cc:336: Error reporting task backlog information: IOError: 
[2022-01-12 10:15:22,938 W 143579 143835] metric_exporter.cc:206: Export metrics to agent failed: IOError: . This won't affect Ray, but you can lose metrics from the cluster.
[2022-01-12 10:15:23,549 I 143579 143834] raylet_client.cc:336: Error reporting task backlog information: IOError: 
[2022-01-12 10:15:24,549 I 143579 143834] raylet_client.cc:336: Error reporting task backlog information: IOError: 
[2022-01-12 10:15:25,549 I 143579 143834] raylet_client.cc:336: Error reporting task backlog information: IOError: 
[2022-01-12 10:15:26,549 I 143579 143834] raylet_client.cc:336: Error reporting task backlog information: IOError: 
[2022-01-12 10:15:27,550 I 143579 143834] raylet_client.cc:336: Error reporting task backlog information: IOError: 
[2022-01-12 10:15:28,550 I 143579 143834] raylet_client.cc:336: Error reporting task backlog information: IOError: 
[2022-01-12 10:15:29,550 I 143579 143834] raylet_client.cc:336: Error reporting task backlog information: IOError: 
[2022-01-12 10:15:30,551 I 143579 143834] raylet_client.cc:336: Error reporting task backlog information: IOError: 
[2022-01-12 10:15:31,551 I 143579 143834] raylet_client.cc:336: Error reporting task backlog information: IOError: 
[2022-01-12 10:15:32,551 I 143579 143834] raylet_client.cc:336: Error reporting task backlog information: IOError: 
[2022-01-12 10:15:32,949 W 143579 143835] metric_exporter.cc:206: Export metrics to agent failed: IOError: . This won't affect Ray, but you can lose metrics from the cluster.
[2022-01-12 10:15:33,552 I 143579 143834] raylet_client.cc:336: Error reporting task backlog information: IOError: 
[2022-01-12 10:15:34,552 I 143579 143834] raylet_client.cc:336: Error reporting task backlog information: IOError: 
[2022-01-12 10:15:35,552 I 143579 143834] raylet_client.cc:336: Error reporting task backlog information: IOError: 
[2022-01-12 10:15:36,552 I 143579 143834] raylet_client.cc:336: Error reporting task backlog information: IOError: 
[2022-01-12 10:15:37,553 I 143579 143834] raylet_client.cc:336: Error reporting task backlog information: IOError: 
[2022-01-12 10:15:38,553 I 143579 143834] raylet_client.cc:336: Error reporting task backlog information: IOError: 
[2022-01-12 10:15:39,553 I 143579 143834] raylet_client.cc:336: Error reporting task backlog information: IOError: 
[2022-01-12 10:15:40,554 I 143579 143834] raylet_client.cc:336: Error reporting task backlog information: IOError: 
[2022-01-12 10:15:41,554 I 143579 143834] raylet_client.cc:336: Error reporting task backlog information: IOError: 
[2022-01-12 10:15:42,554 I 143579 143834] raylet_client.cc:336: Error reporting task backlog information: IOError: 
[2022-01-12 10:15:42,962 W 143579 143835] metric_exporter.cc:206: Export metrics to agent failed: IOError: . This won't affect Ray, but you can lose metrics from the cluster.
[2022-01-12 10:15:43,555 I 143579 143834] raylet_client.cc:336: Error reporting task backlog information: IOError: 
[2022-01-12 10:15:44,555 I 143579 143834] raylet_client.cc:336: Error reporting task backlog information: IOError: 
[2022-01-12 10:15:45,555 I 143579 143834] raylet_client.cc:336: Error reporting task backlog information: IOError: 
[2022-01-12 10:15:46,555 I 143579 143834] raylet_client.cc:336: Error reporting task backlog information: IOError: 
[2022-01-12 10:15:47,556 I 143579 143834] raylet_client.cc:336: Error reporting task backlog information: IOError: 
[2022-01-12 10:15:48,556 I 143579 143834] raylet_client.cc:336: Error reporting task backlog information: IOError: 
[2022-01-12 10:15:49,556 I 143579 143834] raylet_client.cc:336: Error reporting task backlog information: IOError: 
[2022-01-12 10:15:50,556 I 143579 143834] raylet_client.cc:336: Error reporting task backlog information: IOError: 
[2022-01-12 10:15:51,557 I 143579 143834] raylet_client.cc:336: Error reporting task backlog information: IOError: 
[2022-01-12 10:15:52,557 I 143579 143834] raylet_client.cc:336: Error reporting task backlog information: IOError: 
[2022-01-12 10:15:52,975 W 143579 143835] metric_exporter.cc:206: Export metrics to agent failed: IOError: . This won't affect Ray, but you can lose metrics from the cluster.
[2022-01-12 10:15:53,557 I 143579 143834] raylet_client.cc:336: Error reporting task backlog information: IOError: 
[2022-01-12 10:15:54,558 I 143579 143834] raylet_client.cc:336: Error reporting task backlog information: IOError: 
[2022-01-12 10:15:55,558 I 143579 143834] raylet_client.cc:336: Error reporting task backlog information: IOError: 
[2022-01-12 10:15:56,558 I 143579 143834] raylet_client.cc:336: Error reporting task backlog information: IOError: 
[2022-01-12 10:15:57,558 I 143579 143834] raylet_client.cc:336: Error reporting task backlog information: IOError: 
[2022-01-12 10:15:58,559 I 143579 143834] raylet_client.cc:336: Error reporting task backlog information: IOError: 
[2022-01-12 10:15:59,559 I 143579 143834] raylet_client.cc:336: Error reporting task backlog information: IOError: 
[2022-01-12 10:16:00,560 I 143579 143834] raylet_client.cc:336: Error reporting task backlog information: IOError: 
[2022-01-12 10:16:01,560 I 143579 143834] raylet_client.cc:336: Error reporting task backlog information: IOError: 
[2022-01-12 10:16:02,560 I 143579 143834] raylet_client.cc:336: Error reporting task backlog information: IOError: 
[2022-01-12 10:16:02,987 W 143579 143835] metric_exporter.cc:206: Export metrics to agent failed: IOError: . This won't affect Ray, but you can lose metrics from the cluster.
[2022-01-12 10:16:03,560 I 143579 143834] raylet_client.cc:336: Error reporting task backlog information: IOError: 
[2022-01-12 10:16:04,560 I 143579 143834] raylet_client.cc:336: Error reporting task backlog information: IOError: 
[2022-01-12 10:16:05,561 I 143579 143834] raylet_client.cc:336: Error reporting task backlog information: IOError: 
[2022-01-12 10:16:06,561 I 143579 143834] raylet_client.cc:336: Error reporting task backlog information: IOError: 
[2022-01-12 10:16:07,561 I 143579 143834] raylet_client.cc:336: Error reporting task backlog information: IOError: 
[2022-01-12 10:16:08,562 I 143579 143834] raylet_client.cc:336: Error reporting task backlog information: IOError: 
[2022-01-12 10:16:09,562 I 143579 143834] raylet_client.cc:336: Error reporting task backlog information: IOError: 
[2022-01-12 10:16:10,562 I 143579 143834] raylet_client.cc:336: Error reporting task backlog information: IOError: 
[2022-01-12 10:16:11,562 I 143579 143834] raylet_client.cc:336: Error reporting task backlog information: IOError: 
[2022-01-12 10:16:12,563 I 143579 143834] raylet_client.cc:336: Error reporting task backlog information: IOError: 
[2022-01-12 10:16:13,000 W 143579 143835] metric_exporter.cc:206: Export metrics to agent failed: IOError: . This won't affect Ray, but you can lose metrics from the cluster.
[2022-01-12 10:16:13,563 I 143579 143834] raylet_client.cc:336: Error reporting task backlog information: IOError: 
[2022-01-12 10:16:14,563 I 143579 143834] raylet_client.cc:336: Error reporting task backlog information: IOError: 
[2022-01-12 10:16:15,564 I 143579 143834] raylet_client.cc:336: Error reporting task backlog information: IOError: 
[2022-01-12 10:16:16,564 I 143579 143834] raylet_client.cc:336: Error reporting task backlog information: IOError: 
[2022-01-12 10:16:17,564 I 143579 143834] raylet_client.cc:336: Error reporting task backlog information: IOError: 
[2022-01-12 10:16:18,564 I 143579 143834] raylet_client.cc:336: Error reporting task backlog information: IOError: 
[2022-01-12 10:16:19,565 I 143579 143834] raylet_client.cc:336: Error reporting task backlog information: IOError: 
[2022-01-12 10:16:20,565 I 143579 143834] raylet_client.cc:336: Error reporting task backlog information: IOError: 
[2022-01-12 10:16:21,565 I 143579 143834] raylet_client.cc:336: Error reporting task backlog information: IOError: 
[2022-01-12 10:16:22,566 I 143579 143834] raylet_client.cc:336: Error reporting task backlog information: IOError: 
[2022-01-12 10:16:23,013 W 143579 143835] metric_exporter.cc:206: Export metrics to agent failed: IOError: . This won't affect Ray, but you can lose metrics from the cluster.
[2022-01-12 10:16:23,566 I 143579 143834] raylet_client.cc:336: Error reporting task backlog information: IOError: 
[2022-01-12 10:16:24,566 I 143579 143834] raylet_client.cc:336: Error reporting task backlog information: IOError: 
[2022-01-12 10:16:25,567 I 143579 143834] raylet_client.cc:336: Error reporting task backlog information: IOError: 
[2022-01-12 10:16:26,567 I 143579 143834] raylet_client.cc:336: Error reporting task backlog information: IOError: 
[2022-01-12 10:16:27,567 I 143579 143834] raylet_client.cc:336: Error reporting task backlog information: IOError: 
[2022-01-12 10:16:28,567 I 143579 143834] raylet_client.cc:336: Error reporting task backlog information: IOError: 
[2022-01-12 10:16:29,568 I 143579 143834] raylet_client.cc:336: Error reporting task backlog information: IOError: 
[2022-01-12 10:16:30,568 I 143579 143834] raylet_client.cc:336: Error reporting task backlog information: IOError: 
[2022-01-12 10:16:31,568 I 143579 143834] raylet_client.cc:336: Error reporting task backlog information: IOError: 
[2022-01-12 10:16:32,569 I 143579 143834] raylet_client.cc:336: Error reporting task backlog information: IOError: 
[2022-01-12 10:16:33,028 W 143579 143835] metric_exporter.cc:206: Export metrics to agent failed: IOError: . This won't affect Ray, but you can lose metrics from the cluster.
[2022-01-12 10:16:33,569 I 143579 143834] raylet_client.cc:336: Error reporting task backlog information: IOError: 
[2022-01-12 10:16:34,569 I 143579 143834] raylet_client.cc:336: Error reporting task backlog information: IOError: 
[2022-01-12 10:16:35,570 I 143579 143834] raylet_client.cc:336: Error reporting task backlog information: IOError: 
[2022-01-12 10:16:36,570 I 143579 143834] raylet_client.cc:336: Error reporting task backlog information: IOError: 
[2022-01-12 10:16:37,570 I 143579 143834] raylet_client.cc:336: Error reporting task backlog information: IOError: 
[2022-01-12 10:16:38,571 I 143579 143834] raylet_client.cc:336: Error reporting task backlog information: IOError: 
[2022-01-12 10:16:39,571 I 143579 143834] raylet_client.cc:336: Error reporting task backlog information: IOError: 
[2022-01-12 10:16:40,571 I 143579 143834] raylet_client.cc:336: Error reporting task backlog information: IOError: 
[2022-01-12 10:16:41,572 I 143579 143834] raylet_client.cc:336: Error reporting task backlog information: IOError: 
[2022-01-12 10:16:42,572 I 143579 143834] raylet_client.cc:336: Error reporting task backlog information: IOError: 
[2022-01-12 10:16:43,040 W 143579 143835] metric_exporter.cc:206: Export metrics to agent failed: IOError: . This won't affect Ray, but you can lose metrics from the cluster.
[2022-01-12 10:16:43,572 I 143579 143834] raylet_client.cc:336: Error reporting task backlog information: IOError: 
[2022-01-12 10:16:44,573 I 143579 143834] raylet_client.cc:336: Error reporting task backlog information: IOError: 
[2022-01-12 10:16:45,573 I 143579 143834] raylet_client.cc:336: Error reporting task backlog information: IOError: 
[2022-01-12 10:16:46,573 I 143579 143834] raylet_client.cc:336: Error reporting task backlog information: IOError: 
[2022-01-12 10:16:47,573 I 143579 143834] raylet_client.cc:336: Error reporting task backlog information: IOError: 
[2022-01-12 10:16:48,574 I 143579 143834] raylet_client.cc:336: Error reporting task backlog information: IOError: 
[2022-01-12 10:16:49,574 I 143579 143834] raylet_client.cc:336: Error reporting task backlog information: IOError: 
[2022-01-12 10:16:50,574 I 143579 143834] raylet_client.cc:336: Error reporting task backlog information: IOError: 
[2022-01-12 10:16:51,575 I 143579 143834] raylet_client.cc:336: Error reporting task backlog information: IOError: 
[2022-01-12 10:16:52,575 I 143579 143834] raylet_client.cc:336: Error reporting task backlog information: IOError: 
[2022-01-12 10:16:53,052 W 143579 143835] metric_exporter.cc:206: Export metrics to agent failed: IOError: . This won't affect Ray, but you can lose metrics from the cluster.
[2022-01-12 10:16:53,575 I 143579 143834] raylet_client.cc:336: Error reporting task backlog information: IOError: 
[2022-01-12 10:16:54,576 I 143579 143834] raylet_client.cc:336: Error reporting task backlog information: IOError: 
[2022-01-12 10:16:55,576 I 143579 143834] raylet_client.cc:336: Error reporting task backlog information: IOError: 
[2022-01-12 10:16:56,576 I 143579 143834] raylet_client.cc:336: Error reporting task backlog information: IOError: 
[2022-01-12 10:16:57,577 I 143579 143834] raylet_client.cc:336: Error reporting task backlog information: IOError: 
[2022-01-12 10:16:58,577 I 143579 143834] raylet_client.cc:336: Error reporting task backlog information: IOError: 
[2022-01-12 10:16:59,577 I 143579 143834] raylet_client.cc:336: Error reporting task backlog information: IOError: 
[2022-01-12 10:17:00,578 I 143579 143834] raylet_client.cc:336: Error reporting task backlog information: IOError: 
[2022-01-12 10:17:01,578 I 143579 143834] raylet_client.cc:336: Error reporting task backlog information: IOError: 
[2022-01-12 10:17:02,578 I 143579 143834] raylet_client.cc:336: Error reporting task backlog information: IOError: 
[2022-01-12 10:17:03,065 W 143579 143835] metric_exporter.cc:206: Export metrics to agent failed: IOError: . This won't affect Ray, but you can lose metrics from the cluster.
[2022-01-12 10:17:03,579 I 143579 143834] raylet_client.cc:336: Error reporting task backlog information: IOError: 
[2022-01-12 10:17:04,579 I 143579 143834] raylet_client.cc:336: Error reporting task backlog information: IOError: 
[2022-01-12 10:17:05,579 I 143579 143834] raylet_client.cc:336: Error reporting task backlog information: IOError: 
[2022-01-12 10:17:06,580 I 143579 143834] raylet_client.cc:336: Error reporting task backlog information: IOError: 
[2022-01-12 10:17:07,580 I 143579 143834] raylet_client.cc:336: Error reporting task backlog information: IOError: 
[2022-01-12 10:17:08,580 I 143579 143834] raylet_client.cc:336: Error reporting task backlog information: IOError: 
[2022-01-12 10:17:09,581 I 143579 143834] raylet_client.cc:336: Error reporting task backlog information: IOError: 
[2022-01-12 10:17:10,581 I 143579 143834] raylet_client.cc:336: Error reporting task backlog information: IOError: 
[2022-01-12 10:17:11,581 I 143579 143834] raylet_client.cc:336: Error reporting task backlog information: IOError: 
[2022-01-12 10:17:12,581 I 143579 143834] raylet_client.cc:336: Error reporting task backlog information: IOError: 
[2022-01-12 10:17:13,077 W 143579 143835] metric_exporter.cc:206: Export metrics to agent failed: IOError: . This won't affect Ray, but you can lose metrics from the cluster.
[2022-01-12 10:17:13,581 I 143579 143834] raylet_client.cc:336: Error reporting task backlog information: IOError: 
[2022-01-12 10:17:14,582 I 143579 143834] raylet_client.cc:336: Error reporting task backlog information: IOError: 
[2022-01-12 10:17:15,582 I 143579 143834] raylet_client.cc:336: Error reporting task backlog information: IOError: 
[2022-01-12 10:17:16,582 I 143579 143834] raylet_client.cc:336: Error reporting task backlog information: IOError: 
[2022-01-12 10:17:17,582 I 143579 143834] raylet_client.cc:336: Error reporting task backlog information: IOError: 
[2022-01-12 10:17:18,583 I 143579 143834] raylet_client.cc:336: Error reporting task backlog information: IOError: 
[2022-01-12 10:17:19,583 I 143579 143834] raylet_client.cc:336: Error reporting task backlog information: IOError: 
[2022-01-12 10:17:20,583 I 143579 143834] raylet_client.cc:336: Error reporting task backlog information: IOError: 
[2022-01-12 10:17:21,583 I 143579 143834] raylet_client.cc:336: Error reporting task backlog information: IOError: 
[2022-01-12 10:17:22,584 I 143579 143834] raylet_client.cc:336: Error reporting task backlog information: IOError: 
[2022-01-12 10:17:23,088 W 143579 143835] metric_exporter.cc:206: Export metrics to agent failed: IOError: . This won't affect Ray, but you can lose metrics from the cluster.
[2022-01-12 10:17:23,584 I 143579 143834] raylet_client.cc:336: Error reporting task backlog information: IOError: 
[2022-01-12 10:17:24,584 I 143579 143834] raylet_client.cc:336: Error reporting task backlog information: IOError: 
[2022-01-12 10:17:25,584 I 143579 143834] raylet_client.cc:336: Error reporting task backlog information: IOError: 
[2022-01-12 10:17:26,585 I 143579 143834] raylet_client.cc:336: Error reporting task backlog information: IOError: 
[2022-01-12 10:17:27,585 I 143579 143834] raylet_client.cc:336: Error reporting task backlog information: IOError: 
[2022-01-12 10:17:28,585 I 143579 143834] raylet_client.cc:336: Error reporting task backlog information: IOError: 
[2022-01-12 10:17:29,585 I 143579 143834] raylet_client.cc:336: Error reporting task backlog information: IOError: 
[2022-01-12 10:17:30,586 I 143579 143834] raylet_client.cc:336: Error reporting task backlog information: IOError: 
[2022-01-12 10:17:31,586 I 143579 143834] raylet_client.cc:336: Error reporting task backlog information: IOError: 
[2022-01-12 10:17:32,586 I 143579 143834] raylet_client.cc:336: Error reporting task backlog information: IOError: 
[2022-01-12 10:17:33,100 W 143579 143835] metric_exporter.cc:206: Export metrics to agent failed: IOError: . This won't affect Ray, but you can lose metrics from the cluster.
[2022-01-12 10:17:33,587 I 143579 143834] raylet_client.cc:336: Error reporting task backlog information: IOError: 
[2022-01-12 10:17:34,587 I 143579 143834] raylet_client.cc:336: Error reporting task backlog information: IOError: 
[2022-01-12 10:17:35,587 I 143579 143834] raylet_client.cc:336: Error reporting task backlog information: IOError: 
[2022-01-12 10:17:36,587 I 143579 143834] raylet_client.cc:336: Error reporting task backlog information: IOError: 
[2022-01-12 10:17:37,588 I 143579 143834] raylet_client.cc:336: Error reporting task backlog information: IOError: 
[2022-01-12 10:17:38,588 I 143579 143834] raylet_client.cc:336: Error reporting task backlog information: IOError: 
[2022-01-12 10:17:39,588 I 143579 143834] raylet_client.cc:336: Error reporting task backlog information: IOError: 
[2022-01-12 10:17:40,589 I 143579 143834] raylet_client.cc:336: Error reporting task backlog information: IOError: 
[2022-01-12 10:17:41,589 I 143579 143834] raylet_client.cc:336: Error reporting task backlog information: IOError: 
[2022-01-12 10:17:42,589 I 143579 143834] raylet_client.cc:336: Error reporting task backlog information: IOError: 
[2022-01-12 10:17:43,111 W 143579 143835] metric_exporter.cc:206: Export metrics to agent failed: IOError: . This won't affect Ray, but you can lose metrics from the cluster.
[2022-01-12 10:17:43,590 I 143579 143834] raylet_client.cc:336: Error reporting task backlog information: IOError: 
[2022-01-12 10:17:44,590 I 143579 143834] raylet_client.cc:336: Error reporting task backlog information: IOError: 
[2022-01-12 10:17:45,590 I 143579 143834] raylet_client.cc:336: Error reporting task backlog information: IOError: 
[2022-01-12 10:17:46,590 I 143579 143834] raylet_client.cc:336: Error reporting task backlog information: IOError: 
[2022-01-12 10:17:47,591 I 143579 143834] raylet_client.cc:336: Error reporting task backlog information: IOError: 
[2022-01-12 10:17:48,591 I 143579 143834] raylet_client.cc:336: Error reporting task backlog information: IOError: 
[2022-01-12 10:17:49,591 I 143579 143834] raylet_client.cc:336: Error reporting task backlog information: IOError: 
[2022-01-12 10:17:50,592 I 143579 143834] raylet_client.cc:336: Error reporting task backlog information: IOError: 
[2022-01-12 10:17:51,592 I 143579 143834] raylet_client.cc:336: Error reporting task backlog information: IOError: 
[2022-01-12 10:17:52,592 I 143579 143834] raylet_client.cc:336: Error reporting task backlog information: IOError: 
[2022-01-12 10:17:53,124 W 143579 143835] metric_exporter.cc:206: Export metrics to agent failed: IOError: . This won't affect Ray, but you can lose metrics from the cluster.
[2022-01-12 10:17:53,592 I 143579 143834] raylet_client.cc:336: Error reporting task backlog information: IOError: 
[2022-01-12 10:17:54,593 I 143579 143834] raylet_client.cc:336: Error reporting task backlog information: IOError: 
[2022-01-12 10:17:55,593 I 143579 143834] raylet_client.cc:336: Error reporting task backlog information: IOError: 
[2022-01-12 10:17:56,593 I 143579 143834] raylet_client.cc:336: Error reporting task backlog information: IOError: 
[2022-01-12 10:17:57,594 I 143579 143834] raylet_client.cc:336: Error reporting task backlog information: IOError: 
[2022-01-12 10:17:58,594 I 143579 143834] raylet_client.cc:336: Error reporting task backlog information: IOError: 
[2022-01-12 10:17:59,594 I 143579 143834] raylet_client.cc:336: Error reporting task backlog information: IOError: 
[2022-01-12 10:18:00,595 I 143579 143834] raylet_client.cc:336: Error reporting task backlog information: IOError: 
[2022-01-12 10:18:01,595 I 143579 143834] raylet_client.cc:336: Error reporting task backlog information: IOError: 
[2022-01-12 10:18:02,595 I 143579 143834] raylet_client.cc:336: Error reporting task backlog information: IOError: 
[2022-01-12 10:18:03,137 W 143579 143835] metric_exporter.cc:206: Export metrics to agent failed: IOError: . This won't affect Ray, but you can lose metrics from the cluster.
[2022-01-12 10:18:03,595 I 143579 143834] raylet_client.cc:336: Error reporting task backlog information: IOError: 
[2022-01-12 10:18:04,596 I 143579 143834] raylet_client.cc:336: Error reporting task backlog information: IOError: 
[2022-01-12 10:18:05,596 I 143579 143834] raylet_client.cc:336: Error reporting task backlog information: IOError: 
[2022-01-12 10:18:06,596 I 143579 143834] raylet_client.cc:336: Error reporting task backlog information: IOError: 
[2022-01-12 10:18:07,597 I 143579 143834] raylet_client.cc:336: Error reporting task backlog information: IOError: 
[2022-01-12 10:18:08,597 I 143579 143834] raylet_client.cc:336: Error reporting task backlog information: IOError: 
[2022-01-12 10:18:09,597 I 143579 143834] raylet_client.cc:336: Error reporting task backlog information: IOError: 
[2022-01-12 10:18:10,598 I 143579 143834] raylet_client.cc:336: Error reporting task backlog information: IOError: 
[2022-01-12 10:18:11,598 I 143579 143834] raylet_client.cc:336: Error reporting task backlog information: IOError: 
[2022-01-12 10:18:12,598 I 143579 143834] raylet_client.cc:336: Error reporting task backlog information: IOError: 
[2022-01-12 10:18:13,150 W 143579 143835] metric_exporter.cc:206: Export metrics to agent failed: IOError: . This won't affect Ray, but you can lose metrics from the cluster.
[2022-01-12 10:18:13,598 I 143579 143834] raylet_client.cc:336: Error reporting task backlog information: IOError: 
[2022-01-12 10:18:14,599 I 143579 143834] raylet_client.cc:336: Error reporting task backlog information: IOError: 
[2022-01-12 10:18:15,599 I 143579 143834] raylet_client.cc:336: Error reporting task backlog information: IOError: 
[2022-01-12 10:18:16,599 I 143579 143834] raylet_client.cc:336: Error reporting task backlog information: IOError: 
[2022-01-12 10:18:17,599 I 143579 143834] raylet_client.cc:336: Error reporting task backlog information: IOError: 
[2022-01-12 10:18:18,600 I 143579 143834] raylet_client.cc:336: Error reporting task backlog information: IOError: 
[2022-01-12 10:18:19,600 I 143579 143834] raylet_client.cc:336: Error reporting task backlog information: IOError: 
[2022-01-12 10:18:20,600 I 143579 143834] raylet_client.cc:336: Error reporting task backlog information: IOError: 
[2022-01-12 10:18:21,600 I 143579 143834] raylet_client.cc:336: Error reporting task backlog information: IOError: 
[2022-01-12 10:18:22,601 I 143579 143834] raylet_client.cc:336: Error reporting task backlog information: IOError: 
[2022-01-12 10:18:23,163 W 143579 143835] metric_exporter.cc:206: Export metrics to agent failed: IOError: . This won't affect Ray, but you can lose metrics from the cluster.
[2022-01-12 10:18:23,601 I 143579 143834] raylet_client.cc:336: Error reporting task backlog information: IOError: 
[2022-01-12 10:18:24,601 I 143579 143834] raylet_client.cc:336: Error reporting task backlog information: IOError: 
[2022-01-12 10:18:25,602 I 143579 143834] raylet_client.cc:336: Error reporting task backlog information: IOError: 
[2022-01-12 10:18:26,602 I 143579 143834] raylet_client.cc:336: Error reporting task backlog information: IOError: 
[2022-01-12 10:18:27,602 I 143579 143834] raylet_client.cc:336: Error reporting task backlog information: IOError: 
[2022-01-12 10:18:28,602 I 143579 143834] raylet_client.cc:336: Error reporting task backlog information: IOError: 
[2022-01-12 10:18:29,603 I 143579 143834] raylet_client.cc:336: Error reporting task backlog information: IOError: 
[2022-01-12 10:18:30,603 I 143579 143834] raylet_client.cc:336: Error reporting task backlog information: IOError: 
[2022-01-12 10:18:31,603 I 143579 143834] raylet_client.cc:336: Error reporting task backlog information: IOError: 
[2022-01-12 10:18:32,604 I 143579 143834] raylet_client.cc:336: Error reporting task backlog information: IOError: 
[2022-01-12 10:18:33,176 W 143579 143835] metric_exporter.cc:206: Export metrics to agent failed: IOError: . This won't affect Ray, but you can lose metrics from the cluster.
[2022-01-12 10:18:33,604 I 143579 143834] raylet_client.cc:336: Error reporting task backlog information: IOError: 
[2022-01-12 10:18:34,604 I 143579 143834] raylet_client.cc:336: Error reporting task backlog information: IOError: 
[2022-01-12 10:18:35,604 I 143579 143834] raylet_client.cc:336: Error reporting task backlog information: IOError: 
[2022-01-12 10:18:36,605 I 143579 143834] raylet_client.cc:336: Error reporting task backlog information: IOError: 
[2022-01-12 10:18:37,605 I 143579 143834] raylet_client.cc:336: Error reporting task backlog information: IOError: 
[2022-01-12 10:18:38,605 I 143579 143834] raylet_client.cc:336: Error reporting task backlog information: IOError: 
[2022-01-12 10:18:39,605 I 143579 143834] raylet_client.cc:336: Error reporting task backlog information: IOError: 
[2022-01-12 10:18:40,606 I 143579 143834] raylet_client.cc:336: Error reporting task backlog information: IOError: 
[2022-01-12 10:18:41,606 I 143579 143834] raylet_client.cc:336: Error reporting task backlog information: IOError: 
[2022-01-12 10:18:42,607 I 143579 143834] raylet_client.cc:336: Error reporting task backlog information: IOError: 
[2022-01-12 10:18:43,189 W 143579 143835] metric_exporter.cc:206: Export metrics to agent failed: IOError: . This won't affect Ray, but you can lose metrics from the cluster.
[2022-01-12 10:18:43,607 I 143579 143834] raylet_client.cc:336: Error reporting task backlog information: IOError: 
[2022-01-12 10:18:44,607 I 143579 143834] raylet_client.cc:336: Error reporting task backlog information: IOError: 
[2022-01-12 10:18:45,482 E 143579 143696] gcs_server_address_updater.cc:76: Failed to receive the GCS address for 600 times without success. The worker will exit ungracefully. It is because GCS has died. It could be because there was an issue that kills GCS, such as high memory usage triggering OOM killer to kill GCS. Cluster will be highly likely unavailable if you see this log. Please check the log from gcs_server.err.
