2022-01-10 14:04:18,432	INFO log_monitor.py:190 -- Beginning to track file raylet.err
2022-01-10 14:04:18,432	INFO log_monitor.py:190 -- Beginning to track file gcs_server.err
2022-01-10 14:04:18,432	INFO log_monitor.py:190 -- Beginning to track file monitor.log
2022-01-10 14:04:18,843	INFO log_monitor.py:190 -- Beginning to track file worker-fa389ee530e734affd834a22df6f27c7b91181e8fd6f012a2510b07f-01000000-13222.out
2022-01-10 14:04:18,843	INFO log_monitor.py:190 -- Beginning to track file worker-0bf7bf995a3a0f2febb7b3da6563e5c8bc002eae7a50e28c05337a57-01000000-13223.err
2022-01-10 14:04:18,843	INFO log_monitor.py:190 -- Beginning to track file worker-fa389ee530e734affd834a22df6f27c7b91181e8fd6f012a2510b07f-01000000-13222.err
2022-01-10 14:04:18,844	INFO log_monitor.py:190 -- Beginning to track file worker-69f9934fec72d1788c7245efa00642764d2f8cc1e97a99aade40a45a-01000000-13226.out
2022-01-10 14:04:18,844	INFO log_monitor.py:190 -- Beginning to track file worker-93ae9c31481e76254d0ac2419c873126635e7753f30fcacd99e771a5-01000000-13225.out
2022-01-10 14:04:18,844	INFO log_monitor.py:190 -- Beginning to track file worker-93ae9c31481e76254d0ac2419c873126635e7753f30fcacd99e771a5-01000000-13225.err
2022-01-10 14:04:18,844	INFO log_monitor.py:190 -- Beginning to track file worker-811082dde581e536a717fde8aab96b4843ccaef9605909f0815f85e7-01000000-13227.out
2022-01-10 14:04:18,844	INFO log_monitor.py:190 -- Beginning to track file worker-aa9aa4cbe53ff02b6f5d668313df087b6b8a8a30236e4a39e4b717c1-01000000-13231.out
2022-01-10 14:04:18,844	INFO log_monitor.py:190 -- Beginning to track file worker-df7a81a5696875484b1f60b224830f05e018f8af61e886ec8631d83b-01000000-13228.err
2022-01-10 14:04:18,844	INFO log_monitor.py:190 -- Beginning to track file worker-4e75ddfe7283e841cd7f38f6b42959cdf7dd65a77d2b2e18092edcb8-01000000-13232.out
2022-01-10 14:04:18,844	INFO log_monitor.py:190 -- Beginning to track file worker-aa9aa4cbe53ff02b6f5d668313df087b6b8a8a30236e4a39e4b717c1-01000000-13231.err
2022-01-10 14:04:18,844	INFO log_monitor.py:190 -- Beginning to track file worker-f27878e0dabb3e993e6d4b1f0d47acc12274721e3d2b9a41f567baff-01000000-13224.err
2022-01-10 14:04:18,844	INFO log_monitor.py:190 -- Beginning to track file worker-811082dde581e536a717fde8aab96b4843ccaef9605909f0815f85e7-01000000-13227.err
2022-01-10 14:04:18,844	INFO log_monitor.py:190 -- Beginning to track file worker-4e75ddfe7283e841cd7f38f6b42959cdf7dd65a77d2b2e18092edcb8-01000000-13232.err
2022-01-10 14:04:18,844	INFO log_monitor.py:190 -- Beginning to track file worker-69f9934fec72d1788c7245efa00642764d2f8cc1e97a99aade40a45a-01000000-13226.err
2022-01-10 14:04:18,844	INFO log_monitor.py:190 -- Beginning to track file worker-4133188b253d624e0bd1d3cf8cb54a94e23d0d9e49e071e056cff904-01000000-13229.err
2022-01-10 14:04:18,844	INFO log_monitor.py:190 -- Beginning to track file worker-f27878e0dabb3e993e6d4b1f0d47acc12274721e3d2b9a41f567baff-01000000-13224.out
2022-01-10 14:04:18,844	INFO log_monitor.py:190 -- Beginning to track file worker-0bf7bf995a3a0f2febb7b3da6563e5c8bc002eae7a50e28c05337a57-01000000-13223.out
2022-01-10 14:04:18,844	INFO log_monitor.py:190 -- Beginning to track file worker-df7a81a5696875484b1f60b224830f05e018f8af61e886ec8631d83b-01000000-13228.out
2022-01-10 14:04:18,844	INFO log_monitor.py:190 -- Beginning to track file worker-4133188b253d624e0bd1d3cf8cb54a94e23d0d9e49e071e056cff904-01000000-13229.out
2022-01-10 14:04:18,945	INFO log_monitor.py:190 -- Beginning to track file worker-3963f1cac7698656db9fe51d1f312c409c8a5e05f0bc6aaa42462c8b-01000000-13230.out
2022-01-10 14:04:18,945	INFO log_monitor.py:190 -- Beginning to track file worker-3963f1cac7698656db9fe51d1f312c409c8a5e05f0bc6aaa42462c8b-01000000-13230.err
2022-01-10 14:04:18,945	INFO log_monitor.py:190 -- Beginning to track file worker-cee6f3f76fc9afe1bdd888b024f18a72d30b5918c8d566285bb42aa8-01000000-13233.out
2022-01-10 14:04:18,945	INFO log_monitor.py:190 -- Beginning to track file worker-cee6f3f76fc9afe1bdd888b024f18a72d30b5918c8d566285bb42aa8-01000000-13233.err
