[2022-01-10 14:04:18,565 I 13227 13227] core_worker.cc:132: Constructing CoreWorkerProcess. pid: 13227
[2022-01-10 14:04:18,636 I 13227 13227] grpc_server.cc:112: worker server started, listening on port 34381.
[2022-01-10 14:04:18,639 I 13227 13227] core_worker.cc:479: Initializing worker at address: 131.215.21.210:34381, worker ID 811082dde581e536a717fde8aab96b4843ccaef9605909f0815f85e7, raylet 8584dfd1dd16c241d52eb27232fcbb680a439fa417ddb1f089e92f38
[2022-01-10 14:04:18,748 I 13227 13227] io_service_pool.cc:35: IOServicePool is running with 1 io_service.
[2022-01-10 14:04:18,800 I 13227 13462] accessor.cc:560: Received notification for node id = 8584dfd1dd16c241d52eb27232fcbb680a439fa417ddb1f089e92f38, IsAlive = 1
[2022-01-10 14:04:31,642 W 13227 13329] gcs_server_address_updater.cc:61: [1] Failed to get the gcs server address from raylet 1 times in a row. If it keeps failing to obtain the address, the worker might crash. Connection status IOError: 
[2022-01-10 14:04:32,641 I 13227 13462] raylet_client.cc:336: Error reporting task backlog information: IOError: 
[2022-01-10 14:04:32,793 I 13227 13462] raylet_client.cc:336: Error reporting task backlog information: IOError: 
[2022-01-10 14:04:33,793 I 13227 13462] raylet_client.cc:336: Error reporting task backlog information: IOError: 
[2022-01-10 14:04:34,793 I 13227 13462] raylet_client.cc:336: Error reporting task backlog information: IOError: 
[2022-01-10 14:04:35,793 I 13227 13462] raylet_client.cc:336: Error reporting task backlog information: IOError: 
[2022-01-10 14:04:36,793 I 13227 13462] raylet_client.cc:336: Error reporting task backlog information: IOError: 
[2022-01-10 14:04:37,793 I 13227 13462] raylet_client.cc:336: Error reporting task backlog information: IOError: 
[2022-01-10 14:04:38,762 W 13227 13463] metric_exporter.cc:206: Export metrics to agent failed: IOError: . This won't affect Ray, but you can lose metrics from the cluster.
[2022-01-10 14:04:38,793 I 13227 13462] raylet_client.cc:336: Error reporting task backlog information: IOError: 
[2022-01-10 14:04:39,793 I 13227 13462] raylet_client.cc:336: Error reporting task backlog information: IOError: 
[2022-01-10 14:04:40,793 I 13227 13462] raylet_client.cc:336: Error reporting task backlog information: IOError: 
[2022-01-10 14:04:41,794 I 13227 13462] raylet_client.cc:336: Error reporting task backlog information: IOError: 
[2022-01-10 14:04:42,794 I 13227 13462] raylet_client.cc:336: Error reporting task backlog information: IOError: 
[2022-01-10 14:04:43,794 I 13227 13462] raylet_client.cc:336: Error reporting task backlog information: IOError: 
[2022-01-10 14:04:44,794 I 13227 13462] raylet_client.cc:336: Error reporting task backlog information: IOError: 
[2022-01-10 14:04:45,794 I 13227 13462] raylet_client.cc:336: Error reporting task backlog information: IOError: 
[2022-01-10 14:04:46,794 I 13227 13462] raylet_client.cc:336: Error reporting task backlog information: IOError: 
[2022-01-10 14:04:47,794 I 13227 13462] raylet_client.cc:336: Error reporting task backlog information: IOError: 
[2022-01-10 14:04:48,768 W 13227 13463] metric_exporter.cc:206: Export metrics to agent failed: IOError: . This won't affect Ray, but you can lose metrics from the cluster.
[2022-01-10 14:04:48,794 I 13227 13462] raylet_client.cc:336: Error reporting task backlog information: IOError: 
[2022-01-10 14:04:49,794 I 13227 13462] raylet_client.cc:336: Error reporting task backlog information: IOError: 
[2022-01-10 14:04:50,794 I 13227 13462] raylet_client.cc:336: Error reporting task backlog information: IOError: 
[2022-01-10 14:04:51,794 I 13227 13462] raylet_client.cc:336: Error reporting task backlog information: IOError: 
[2022-01-10 14:04:52,794 I 13227 13462] raylet_client.cc:336: Error reporting task backlog information: IOError: 
[2022-01-10 14:04:53,794 I 13227 13462] raylet_client.cc:336: Error reporting task backlog information: IOError: 
[2022-01-10 14:04:54,795 I 13227 13462] raylet_client.cc:336: Error reporting task backlog information: IOError: 
[2022-01-10 14:04:55,795 I 13227 13462] raylet_client.cc:336: Error reporting task backlog information: IOError: 
[2022-01-10 14:04:56,795 I 13227 13462] raylet_client.cc:336: Error reporting task backlog information: IOError: 
[2022-01-10 14:04:57,795 I 13227 13462] raylet_client.cc:336: Error reporting task backlog information: IOError: 
[2022-01-10 14:04:58,777 W 13227 13463] metric_exporter.cc:206: Export metrics to agent failed: IOError: . This won't affect Ray, but you can lose metrics from the cluster.
[2022-01-10 14:04:58,795 I 13227 13462] raylet_client.cc:336: Error reporting task backlog information: IOError: 
[2022-01-10 14:04:59,795 I 13227 13462] raylet_client.cc:336: Error reporting task backlog information: IOError: 
[2022-01-10 14:05:00,795 I 13227 13462] raylet_client.cc:336: Error reporting task backlog information: IOError: 
[2022-01-10 14:05:01,795 I 13227 13462] raylet_client.cc:336: Error reporting task backlog information: IOError: 
[2022-01-10 14:05:02,795 I 13227 13462] raylet_client.cc:336: Error reporting task backlog information: IOError: 
[2022-01-10 14:05:03,795 I 13227 13462] raylet_client.cc:336: Error reporting task backlog information: IOError: 
[2022-01-10 14:05:04,795 I 13227 13462] raylet_client.cc:336: Error reporting task backlog information: IOError: 
[2022-01-10 14:05:05,795 I 13227 13462] raylet_client.cc:336: Error reporting task backlog information: IOError: 
[2022-01-10 14:05:06,795 I 13227 13462] raylet_client.cc:336: Error reporting task backlog information: IOError: 
[2022-01-10 14:05:07,796 I 13227 13462] raylet_client.cc:336: Error reporting task backlog information: IOError: 
[2022-01-10 14:05:08,784 W 13227 13463] metric_exporter.cc:206: Export metrics to agent failed: IOError: . This won't affect Ray, but you can lose metrics from the cluster.
[2022-01-10 14:05:08,796 I 13227 13462] raylet_client.cc:336: Error reporting task backlog information: IOError: 
[2022-01-10 14:05:09,796 I 13227 13462] raylet_client.cc:336: Error reporting task backlog information: IOError: 
[2022-01-10 14:05:10,796 I 13227 13462] raylet_client.cc:336: Error reporting task backlog information: IOError: 
[2022-01-10 14:05:11,796 I 13227 13462] raylet_client.cc:336: Error reporting task backlog information: IOError: 
[2022-01-10 14:05:12,796 I 13227 13462] raylet_client.cc:336: Error reporting task backlog information: IOError: 
[2022-01-10 14:05:13,796 I 13227 13462] raylet_client.cc:336: Error reporting task backlog information: IOError: 
[2022-01-10 14:05:14,796 I 13227 13462] raylet_client.cc:336: Error reporting task backlog information: IOError: 
[2022-01-10 14:05:15,796 I 13227 13462] raylet_client.cc:336: Error reporting task backlog information: IOError: 
[2022-01-10 14:05:16,796 I 13227 13462] raylet_client.cc:336: Error reporting task backlog information: IOError: 
[2022-01-10 14:05:17,796 I 13227 13462] raylet_client.cc:336: Error reporting task backlog information: IOError: 
[2022-01-10 14:05:18,794 W 13227 13463] metric_exporter.cc:206: Export metrics to agent failed: IOError: . This won't affect Ray, but you can lose metrics from the cluster.
[2022-01-10 14:05:18,796 I 13227 13462] raylet_client.cc:336: Error reporting task backlog information: IOError: 
[2022-01-10 14:05:19,796 I 13227 13462] raylet_client.cc:336: Error reporting task backlog information: IOError: 
[2022-01-10 14:05:20,797 I 13227 13462] raylet_client.cc:336: Error reporting task backlog information: IOError: 
[2022-01-10 14:05:21,797 I 13227 13462] raylet_client.cc:336: Error reporting task backlog information: IOError: 
[2022-01-10 14:05:22,797 I 13227 13462] raylet_client.cc:336: Error reporting task backlog information: IOError: 
[2022-01-10 14:05:23,797 I 13227 13462] raylet_client.cc:336: Error reporting task backlog information: IOError: 
[2022-01-10 14:05:24,797 I 13227 13462] raylet_client.cc:336: Error reporting task backlog information: IOError: 
[2022-01-10 14:05:25,797 I 13227 13462] raylet_client.cc:336: Error reporting task backlog information: IOError: 
[2022-01-10 14:05:26,797 I 13227 13462] raylet_client.cc:336: Error reporting task backlog information: IOError: 
[2022-01-10 14:05:27,797 I 13227 13462] raylet_client.cc:336: Error reporting task backlog information: IOError: 
[2022-01-10 14:05:28,797 I 13227 13462] raylet_client.cc:336: Error reporting task backlog information: IOError: 
[2022-01-10 14:05:28,800 W 13227 13463] metric_exporter.cc:206: Export metrics to agent failed: IOError: . This won't affect Ray, but you can lose metrics from the cluster.
[2022-01-10 14:05:29,797 I 13227 13462] raylet_client.cc:336: Error reporting task backlog information: IOError: 
[2022-01-10 14:05:30,797 I 13227 13462] raylet_client.cc:336: Error reporting task backlog information: IOError: 
[2022-01-10 14:05:31,797 I 13227 13462] raylet_client.cc:336: Error reporting task backlog information: IOError: 
[2022-01-10 14:05:32,797 I 13227 13462] raylet_client.cc:336: Error reporting task backlog information: IOError: 
[2022-01-10 14:05:33,797 I 13227 13462] raylet_client.cc:336: Error reporting task backlog information: IOError: 
[2022-01-10 14:05:34,797 I 13227 13462] raylet_client.cc:336: Error reporting task backlog information: IOError: 
[2022-01-10 14:05:35,798 I 13227 13462] raylet_client.cc:336: Error reporting task backlog information: IOError: 
[2022-01-10 14:05:36,798 I 13227 13462] raylet_client.cc:336: Error reporting task backlog information: IOError: 
[2022-01-10 14:05:37,798 I 13227 13462] raylet_client.cc:336: Error reporting task backlog information: IOError: 
[2022-01-10 14:05:38,798 I 13227 13462] raylet_client.cc:336: Error reporting task backlog information: IOError: 
[2022-01-10 14:05:38,807 W 13227 13463] metric_exporter.cc:206: Export metrics to agent failed: IOError: . This won't affect Ray, but you can lose metrics from the cluster.
[2022-01-10 14:05:39,798 I 13227 13462] raylet_client.cc:336: Error reporting task backlog information: IOError: 
[2022-01-10 14:05:40,798 I 13227 13462] raylet_client.cc:336: Error reporting task backlog information: IOError: 
[2022-01-10 14:05:41,798 I 13227 13462] raylet_client.cc:336: Error reporting task backlog information: IOError: 
[2022-01-10 14:05:42,798 I 13227 13462] raylet_client.cc:336: Error reporting task backlog information: IOError: 
[2022-01-10 14:05:43,798 I 13227 13462] raylet_client.cc:336: Error reporting task backlog information: IOError: 
[2022-01-10 14:05:44,798 I 13227 13462] raylet_client.cc:336: Error reporting task backlog information: IOError: 
[2022-01-10 14:05:45,798 I 13227 13462] raylet_client.cc:336: Error reporting task backlog information: IOError: 
[2022-01-10 14:05:46,798 I 13227 13462] raylet_client.cc:336: Error reporting task backlog information: IOError: 
[2022-01-10 14:05:47,798 I 13227 13462] raylet_client.cc:336: Error reporting task backlog information: IOError: 
[2022-01-10 14:05:48,798 I 13227 13462] raylet_client.cc:336: Error reporting task backlog information: IOError: 
[2022-01-10 14:05:48,813 W 13227 13463] metric_exporter.cc:206: Export metrics to agent failed: IOError: . This won't affect Ray, but you can lose metrics from the cluster.
[2022-01-10 14:05:49,798 I 13227 13462] raylet_client.cc:336: Error reporting task backlog information: IOError: 
[2022-01-10 14:05:50,799 I 13227 13462] raylet_client.cc:336: Error reporting task backlog information: IOError: 
[2022-01-10 14:05:51,799 I 13227 13462] raylet_client.cc:336: Error reporting task backlog information: IOError: 
[2022-01-10 14:05:52,799 I 13227 13462] raylet_client.cc:336: Error reporting task backlog information: IOError: 
[2022-01-10 14:05:53,799 I 13227 13462] raylet_client.cc:336: Error reporting task backlog information: IOError: 
[2022-01-10 14:05:54,799 I 13227 13462] raylet_client.cc:336: Error reporting task backlog information: IOError: 
[2022-01-10 14:05:55,799 I 13227 13462] raylet_client.cc:336: Error reporting task backlog information: IOError: 
[2022-01-10 14:05:56,799 I 13227 13462] raylet_client.cc:336: Error reporting task backlog information: IOError: 
[2022-01-10 14:05:57,799 I 13227 13462] raylet_client.cc:336: Error reporting task backlog information: IOError: 
[2022-01-10 14:05:58,799 I 13227 13462] raylet_client.cc:336: Error reporting task backlog information: IOError: 
[2022-01-10 14:05:58,820 W 13227 13463] metric_exporter.cc:206: Export metrics to agent failed: IOError: . This won't affect Ray, but you can lose metrics from the cluster.
[2022-01-10 14:05:59,799 I 13227 13462] raylet_client.cc:336: Error reporting task backlog information: IOError: 
[2022-01-10 14:06:00,799 I 13227 13462] raylet_client.cc:336: Error reporting task backlog information: IOError: 
[2022-01-10 14:06:01,799 I 13227 13462] raylet_client.cc:336: Error reporting task backlog information: IOError: 
[2022-01-10 14:06:02,799 I 13227 13462] raylet_client.cc:336: Error reporting task backlog information: IOError: 
[2022-01-10 14:06:03,799 I 13227 13462] raylet_client.cc:336: Error reporting task backlog information: IOError: 
[2022-01-10 14:06:04,799 I 13227 13462] raylet_client.cc:336: Error reporting task backlog information: IOError: 
[2022-01-10 14:06:05,800 I 13227 13462] raylet_client.cc:336: Error reporting task backlog information: IOError: 
[2022-01-10 14:06:06,800 I 13227 13462] raylet_client.cc:336: Error reporting task backlog information: IOError: 
[2022-01-10 14:06:07,800 I 13227 13462] raylet_client.cc:336: Error reporting task backlog information: IOError: 
[2022-01-10 14:06:08,800 I 13227 13462] raylet_client.cc:336: Error reporting task backlog information: IOError: 
[2022-01-10 14:06:08,828 W 13227 13463] metric_exporter.cc:206: Export metrics to agent failed: IOError: . This won't affect Ray, but you can lose metrics from the cluster.
[2022-01-10 14:06:09,800 I 13227 13462] raylet_client.cc:336: Error reporting task backlog information: IOError: 
[2022-01-10 14:06:10,800 I 13227 13462] raylet_client.cc:336: Error reporting task backlog information: IOError: 
[2022-01-10 14:06:11,800 I 13227 13462] raylet_client.cc:336: Error reporting task backlog information: IOError: 
[2022-01-10 14:06:12,800 I 13227 13462] raylet_client.cc:336: Error reporting task backlog information: IOError: 
[2022-01-10 14:06:13,800 I 13227 13462] raylet_client.cc:336: Error reporting task backlog information: IOError: 
[2022-01-10 14:06:14,800 I 13227 13462] raylet_client.cc:336: Error reporting task backlog information: IOError: 
[2022-01-10 14:06:15,800 I 13227 13462] raylet_client.cc:336: Error reporting task backlog information: IOError: 
[2022-01-10 14:06:16,801 I 13227 13462] raylet_client.cc:336: Error reporting task backlog information: IOError: 
[2022-01-10 14:06:17,801 I 13227 13462] raylet_client.cc:336: Error reporting task backlog information: IOError: 
[2022-01-10 14:06:18,801 I 13227 13462] raylet_client.cc:336: Error reporting task backlog information: IOError: 
[2022-01-10 14:06:18,834 W 13227 13463] metric_exporter.cc:206: Export metrics to agent failed: IOError: . This won't affect Ray, but you can lose metrics from the cluster.
[2022-01-10 14:06:19,801 I 13227 13462] raylet_client.cc:336: Error reporting task backlog information: IOError: 
[2022-01-10 14:06:20,801 I 13227 13462] raylet_client.cc:336: Error reporting task backlog information: IOError: 
[2022-01-10 14:06:21,801 I 13227 13462] raylet_client.cc:336: Error reporting task backlog information: IOError: 
[2022-01-10 14:06:22,801 I 13227 13462] raylet_client.cc:336: Error reporting task backlog information: IOError: 
[2022-01-10 14:06:23,801 I 13227 13462] raylet_client.cc:336: Error reporting task backlog information: IOError: 
[2022-01-10 14:06:24,801 I 13227 13462] raylet_client.cc:336: Error reporting task backlog information: IOError: 
[2022-01-10 14:06:25,801 I 13227 13462] raylet_client.cc:336: Error reporting task backlog information: IOError: 
[2022-01-10 14:06:26,801 I 13227 13462] raylet_client.cc:336: Error reporting task backlog information: IOError: 
[2022-01-10 14:06:27,801 I 13227 13462] raylet_client.cc:336: Error reporting task backlog information: IOError: 
[2022-01-10 14:06:28,801 I 13227 13462] raylet_client.cc:336: Error reporting task backlog information: IOError: 
[2022-01-10 14:06:28,841 W 13227 13463] metric_exporter.cc:206: Export metrics to agent failed: IOError: . This won't affect Ray, but you can lose metrics from the cluster.
[2022-01-10 14:06:29,802 I 13227 13462] raylet_client.cc:336: Error reporting task backlog information: IOError: 
[2022-01-10 14:06:30,802 I 13227 13462] raylet_client.cc:336: Error reporting task backlog information: IOError: 
[2022-01-10 14:06:31,802 I 13227 13462] raylet_client.cc:336: Error reporting task backlog information: IOError: 
[2022-01-10 14:06:32,802 I 13227 13462] raylet_client.cc:336: Error reporting task backlog information: IOError: 
[2022-01-10 14:06:33,802 I 13227 13462] raylet_client.cc:336: Error reporting task backlog information: IOError: 
[2022-01-10 14:06:34,802 I 13227 13462] raylet_client.cc:336: Error reporting task backlog information: IOError: 
[2022-01-10 14:06:35,802 I 13227 13462] raylet_client.cc:336: Error reporting task backlog information: IOError: 
[2022-01-10 14:06:36,802 I 13227 13462] raylet_client.cc:336: Error reporting task backlog information: IOError: 
[2022-01-10 14:06:37,802 I 13227 13462] raylet_client.cc:336: Error reporting task backlog information: IOError: 
[2022-01-10 14:06:38,802 I 13227 13462] raylet_client.cc:336: Error reporting task backlog information: IOError: 
[2022-01-10 14:06:38,847 W 13227 13463] metric_exporter.cc:206: Export metrics to agent failed: IOError: . This won't affect Ray, but you can lose metrics from the cluster.
[2022-01-10 14:06:39,802 I 13227 13462] raylet_client.cc:336: Error reporting task backlog information: IOError: 
[2022-01-10 14:06:40,802 I 13227 13462] raylet_client.cc:336: Error reporting task backlog information: IOError: 
[2022-01-10 14:06:41,802 I 13227 13462] raylet_client.cc:336: Error reporting task backlog information: IOError: 
[2022-01-10 14:06:42,802 I 13227 13462] raylet_client.cc:336: Error reporting task backlog information: IOError: 
[2022-01-10 14:06:43,803 I 13227 13462] raylet_client.cc:336: Error reporting task backlog information: IOError: 
[2022-01-10 14:06:44,803 I 13227 13462] raylet_client.cc:336: Error reporting task backlog information: IOError: 
[2022-01-10 14:06:45,803 I 13227 13462] raylet_client.cc:336: Error reporting task backlog information: IOError: 
[2022-01-10 14:06:46,803 I 13227 13462] raylet_client.cc:336: Error reporting task backlog information: IOError: 
[2022-01-10 14:06:47,803 I 13227 13462] raylet_client.cc:336: Error reporting task backlog information: IOError: 
[2022-01-10 14:06:48,803 I 13227 13462] raylet_client.cc:336: Error reporting task backlog information: IOError: 
[2022-01-10 14:06:48,854 W 13227 13463] metric_exporter.cc:206: Export metrics to agent failed: IOError: . This won't affect Ray, but you can lose metrics from the cluster.
[2022-01-10 14:06:49,803 I 13227 13462] raylet_client.cc:336: Error reporting task backlog information: IOError: 
[2022-01-10 14:06:50,803 I 13227 13462] raylet_client.cc:336: Error reporting task backlog information: IOError: 
[2022-01-10 14:06:51,803 I 13227 13462] raylet_client.cc:336: Error reporting task backlog information: IOError: 
[2022-01-10 14:06:52,803 I 13227 13462] raylet_client.cc:336: Error reporting task backlog information: IOError: 
[2022-01-10 14:06:53,803 I 13227 13462] raylet_client.cc:336: Error reporting task backlog information: IOError: 
[2022-01-10 14:06:54,804 I 13227 13462] raylet_client.cc:336: Error reporting task backlog information: IOError: 
[2022-01-10 14:06:55,804 I 13227 13462] raylet_client.cc:336: Error reporting task backlog information: IOError: 
[2022-01-10 14:06:56,804 I 13227 13462] raylet_client.cc:336: Error reporting task backlog information: IOError: 
[2022-01-10 14:06:57,804 I 13227 13462] raylet_client.cc:336: Error reporting task backlog information: IOError: 
[2022-01-10 14:06:58,804 I 13227 13462] raylet_client.cc:336: Error reporting task backlog information: IOError: 
[2022-01-10 14:06:58,862 W 13227 13463] metric_exporter.cc:206: Export metrics to agent failed: IOError: . This won't affect Ray, but you can lose metrics from the cluster.
[2022-01-10 14:06:59,804 I 13227 13462] raylet_client.cc:336: Error reporting task backlog information: IOError: 
[2022-01-10 14:07:00,804 I 13227 13462] raylet_client.cc:336: Error reporting task backlog information: IOError: 
[2022-01-10 14:07:01,804 I 13227 13462] raylet_client.cc:336: Error reporting task backlog information: IOError: 
[2022-01-10 14:07:02,804 I 13227 13462] raylet_client.cc:336: Error reporting task backlog information: IOError: 
[2022-01-10 14:07:03,804 I 13227 13462] raylet_client.cc:336: Error reporting task backlog information: IOError: 
[2022-01-10 14:07:04,804 I 13227 13462] raylet_client.cc:336: Error reporting task backlog information: IOError: 
[2022-01-10 14:07:05,805 I 13227 13462] raylet_client.cc:336: Error reporting task backlog information: IOError: 
[2022-01-10 14:07:06,805 I 13227 13462] raylet_client.cc:336: Error reporting task backlog information: IOError: 
[2022-01-10 14:07:07,805 I 13227 13462] raylet_client.cc:336: Error reporting task backlog information: IOError: 
[2022-01-10 14:07:08,805 I 13227 13462] raylet_client.cc:336: Error reporting task backlog information: IOError: 
[2022-01-10 14:07:08,869 W 13227 13463] metric_exporter.cc:206: Export metrics to agent failed: IOError: . This won't affect Ray, but you can lose metrics from the cluster.
[2022-01-10 14:07:09,805 I 13227 13462] raylet_client.cc:336: Error reporting task backlog information: IOError: 
[2022-01-10 14:07:10,805 I 13227 13462] raylet_client.cc:336: Error reporting task backlog information: IOError: 
[2022-01-10 14:07:11,805 I 13227 13462] raylet_client.cc:336: Error reporting task backlog information: IOError: 
[2022-01-10 14:07:12,805 I 13227 13462] raylet_client.cc:336: Error reporting task backlog information: IOError: 
[2022-01-10 14:07:13,805 I 13227 13462] raylet_client.cc:336: Error reporting task backlog information: IOError: 
[2022-01-10 14:07:14,805 I 13227 13462] raylet_client.cc:336: Error reporting task backlog information: IOError: 
[2022-01-10 14:07:15,805 I 13227 13462] raylet_client.cc:336: Error reporting task backlog information: IOError: 
[2022-01-10 14:07:16,805 I 13227 13462] raylet_client.cc:336: Error reporting task backlog information: IOError: 
[2022-01-10 14:07:17,805 I 13227 13462] raylet_client.cc:336: Error reporting task backlog information: IOError: 
[2022-01-10 14:07:18,805 I 13227 13462] raylet_client.cc:336: Error reporting task backlog information: IOError: 
[2022-01-10 14:07:18,875 W 13227 13463] metric_exporter.cc:206: Export metrics to agent failed: IOError: . This won't affect Ray, but you can lose metrics from the cluster.
[2022-01-10 14:07:19,806 I 13227 13462] raylet_client.cc:336: Error reporting task backlog information: IOError: 
[2022-01-10 14:07:20,806 I 13227 13462] raylet_client.cc:336: Error reporting task backlog information: IOError: 
[2022-01-10 14:07:21,806 I 13227 13462] raylet_client.cc:336: Error reporting task backlog information: IOError: 
[2022-01-10 14:07:22,806 I 13227 13462] raylet_client.cc:336: Error reporting task backlog information: IOError: 
[2022-01-10 14:07:23,806 I 13227 13462] raylet_client.cc:336: Error reporting task backlog information: IOError: 
[2022-01-10 14:07:24,806 I 13227 13462] raylet_client.cc:336: Error reporting task backlog information: IOError: 
[2022-01-10 14:07:25,806 I 13227 13462] raylet_client.cc:336: Error reporting task backlog information: IOError: 
[2022-01-10 14:07:26,806 I 13227 13462] raylet_client.cc:336: Error reporting task backlog information: IOError: 
[2022-01-10 14:07:27,806 I 13227 13462] raylet_client.cc:336: Error reporting task backlog information: IOError: 
[2022-01-10 14:07:28,806 I 13227 13462] raylet_client.cc:336: Error reporting task backlog information: IOError: 
[2022-01-10 14:07:28,882 W 13227 13463] metric_exporter.cc:206: Export metrics to agent failed: IOError: . This won't affect Ray, but you can lose metrics from the cluster.
[2022-01-10 14:07:29,806 I 13227 13462] raylet_client.cc:336: Error reporting task backlog information: IOError: 
[2022-01-10 14:07:30,806 I 13227 13462] raylet_client.cc:336: Error reporting task backlog information: IOError: 
[2022-01-10 14:07:31,806 I 13227 13462] raylet_client.cc:336: Error reporting task backlog information: IOError: 
[2022-01-10 14:07:32,806 I 13227 13462] raylet_client.cc:336: Error reporting task backlog information: IOError: 
[2022-01-10 14:07:33,807 I 13227 13462] raylet_client.cc:336: Error reporting task backlog information: IOError: 
[2022-01-10 14:07:34,807 I 13227 13462] raylet_client.cc:336: Error reporting task backlog information: IOError: 
[2022-01-10 14:07:35,807 I 13227 13462] raylet_client.cc:336: Error reporting task backlog information: IOError: 
[2022-01-10 14:07:36,807 I 13227 13462] raylet_client.cc:336: Error reporting task backlog information: IOError: 
[2022-01-10 14:07:37,807 I 13227 13462] raylet_client.cc:336: Error reporting task backlog information: IOError: 
[2022-01-10 14:07:38,807 I 13227 13462] raylet_client.cc:336: Error reporting task backlog information: IOError: 
[2022-01-10 14:07:38,889 W 13227 13463] metric_exporter.cc:206: Export metrics to agent failed: IOError: . This won't affect Ray, but you can lose metrics from the cluster.
[2022-01-10 14:07:39,807 I 13227 13462] raylet_client.cc:336: Error reporting task backlog information: IOError: 
[2022-01-10 14:07:40,807 I 13227 13462] raylet_client.cc:336: Error reporting task backlog information: IOError: 
[2022-01-10 14:07:41,807 I 13227 13462] raylet_client.cc:336: Error reporting task backlog information: IOError: 
[2022-01-10 14:07:42,807 I 13227 13462] raylet_client.cc:336: Error reporting task backlog information: IOError: 
[2022-01-10 14:07:43,807 I 13227 13462] raylet_client.cc:336: Error reporting task backlog information: IOError: 
[2022-01-10 14:07:44,807 I 13227 13462] raylet_client.cc:336: Error reporting task backlog information: IOError: 
[2022-01-10 14:07:45,807 I 13227 13462] raylet_client.cc:336: Error reporting task backlog information: IOError: 
[2022-01-10 14:07:46,807 I 13227 13462] raylet_client.cc:336: Error reporting task backlog information: IOError: 
[2022-01-10 14:07:47,807 I 13227 13462] raylet_client.cc:336: Error reporting task backlog information: IOError: 
[2022-01-10 14:07:48,808 I 13227 13462] raylet_client.cc:336: Error reporting task backlog information: IOError: 
[2022-01-10 14:07:48,896 W 13227 13463] metric_exporter.cc:206: Export metrics to agent failed: IOError: . This won't affect Ray, but you can lose metrics from the cluster.
[2022-01-10 14:07:49,808 I 13227 13462] raylet_client.cc:336: Error reporting task backlog information: IOError: 
[2022-01-10 14:07:50,808 I 13227 13462] raylet_client.cc:336: Error reporting task backlog information: IOError: 
[2022-01-10 14:07:51,808 I 13227 13462] raylet_client.cc:336: Error reporting task backlog information: IOError: 
[2022-01-10 14:07:52,808 I 13227 13462] raylet_client.cc:336: Error reporting task backlog information: IOError: 
[2022-01-10 14:07:53,808 I 13227 13462] raylet_client.cc:336: Error reporting task backlog information: IOError: 
[2022-01-10 14:07:54,808 I 13227 13462] raylet_client.cc:336: Error reporting task backlog information: IOError: 
[2022-01-10 14:07:55,808 I 13227 13462] raylet_client.cc:336: Error reporting task backlog information: IOError: 
[2022-01-10 14:07:56,808 I 13227 13462] raylet_client.cc:336: Error reporting task backlog information: IOError: 
[2022-01-10 14:07:57,808 I 13227 13462] raylet_client.cc:336: Error reporting task backlog information: IOError: 
[2022-01-10 14:07:58,808 I 13227 13462] raylet_client.cc:336: Error reporting task backlog information: IOError: 
[2022-01-10 14:07:58,903 W 13227 13463] metric_exporter.cc:206: Export metrics to agent failed: IOError: . This won't affect Ray, but you can lose metrics from the cluster.
[2022-01-10 14:07:59,808 I 13227 13462] raylet_client.cc:336: Error reporting task backlog information: IOError: 
[2022-01-10 14:08:00,808 I 13227 13462] raylet_client.cc:336: Error reporting task backlog information: IOError: 
[2022-01-10 14:08:01,808 I 13227 13462] raylet_client.cc:336: Error reporting task backlog information: IOError: 
[2022-01-10 14:08:02,808 I 13227 13462] raylet_client.cc:336: Error reporting task backlog information: IOError: 
[2022-01-10 14:08:03,809 I 13227 13462] raylet_client.cc:336: Error reporting task backlog information: IOError: 
[2022-01-10 14:08:04,809 I 13227 13462] raylet_client.cc:336: Error reporting task backlog information: IOError: 
[2022-01-10 14:08:05,809 I 13227 13462] raylet_client.cc:336: Error reporting task backlog information: IOError: 
[2022-01-10 14:08:06,809 I 13227 13462] raylet_client.cc:336: Error reporting task backlog information: IOError: 
[2022-01-10 14:08:07,809 I 13227 13462] raylet_client.cc:336: Error reporting task backlog information: IOError: 
[2022-01-10 14:08:08,809 I 13227 13462] raylet_client.cc:336: Error reporting task backlog information: IOError: 
[2022-01-10 14:08:08,909 W 13227 13463] metric_exporter.cc:206: Export metrics to agent failed: IOError: . This won't affect Ray, but you can lose metrics from the cluster.
[2022-01-10 14:08:09,809 I 13227 13462] raylet_client.cc:336: Error reporting task backlog information: IOError: 
[2022-01-10 14:08:10,809 I 13227 13462] raylet_client.cc:336: Error reporting task backlog information: IOError: 
[2022-01-10 14:08:11,809 I 13227 13462] raylet_client.cc:336: Error reporting task backlog information: IOError: 
[2022-01-10 14:08:12,809 I 13227 13462] raylet_client.cc:336: Error reporting task backlog information: IOError: 
[2022-01-10 14:08:13,809 I 13227 13462] raylet_client.cc:336: Error reporting task backlog information: IOError: 
[2022-01-10 14:08:14,809 I 13227 13462] raylet_client.cc:336: Error reporting task backlog information: IOError: 
[2022-01-10 14:08:15,809 I 13227 13462] raylet_client.cc:336: Error reporting task backlog information: IOError: 
[2022-01-10 14:08:16,809 I 13227 13462] raylet_client.cc:336: Error reporting task backlog information: IOError: 
[2022-01-10 14:08:17,809 I 13227 13462] raylet_client.cc:336: Error reporting task backlog information: IOError: 
[2022-01-10 14:08:18,809 I 13227 13462] raylet_client.cc:336: Error reporting task backlog information: IOError: 
[2022-01-10 14:08:18,916 W 13227 13463] metric_exporter.cc:206: Export metrics to agent failed: IOError: . This won't affect Ray, but you can lose metrics from the cluster.
[2022-01-10 14:08:19,810 I 13227 13462] raylet_client.cc:336: Error reporting task backlog information: IOError: 
[2022-01-10 14:08:20,810 I 13227 13462] raylet_client.cc:336: Error reporting task backlog information: IOError: 
[2022-01-10 14:08:21,810 I 13227 13462] raylet_client.cc:336: Error reporting task backlog information: IOError: 
[2022-01-10 14:08:22,810 I 13227 13462] raylet_client.cc:336: Error reporting task backlog information: IOError: 
[2022-01-10 14:08:23,810 I 13227 13462] raylet_client.cc:336: Error reporting task backlog information: IOError: 
[2022-01-10 14:08:24,810 I 13227 13462] raylet_client.cc:336: Error reporting task backlog information: IOError: 
[2022-01-10 14:08:25,810 I 13227 13462] raylet_client.cc:336: Error reporting task backlog information: IOError: 
[2022-01-10 14:08:26,810 I 13227 13462] raylet_client.cc:336: Error reporting task backlog information: IOError: 
[2022-01-10 14:08:27,810 I 13227 13462] raylet_client.cc:336: Error reporting task backlog information: IOError: 
[2022-01-10 14:08:28,810 I 13227 13462] raylet_client.cc:336: Error reporting task backlog information: IOError: 
[2022-01-10 14:08:28,922 W 13227 13463] metric_exporter.cc:206: Export metrics to agent failed: IOError: . This won't affect Ray, but you can lose metrics from the cluster.
[2022-01-10 14:08:29,810 I 13227 13462] raylet_client.cc:336: Error reporting task backlog information: IOError: 
[2022-01-10 14:08:30,810 I 13227 13462] raylet_client.cc:336: Error reporting task backlog information: IOError: 
[2022-01-10 14:08:31,810 I 13227 13462] raylet_client.cc:336: Error reporting task backlog information: IOError: 
[2022-01-10 14:08:32,810 I 13227 13462] raylet_client.cc:336: Error reporting task backlog information: IOError: 
[2022-01-10 14:08:33,810 I 13227 13462] raylet_client.cc:336: Error reporting task backlog information: IOError: 
[2022-01-10 14:08:34,811 I 13227 13462] raylet_client.cc:336: Error reporting task backlog information: IOError: 
[2022-01-10 14:08:35,811 I 13227 13462] raylet_client.cc:336: Error reporting task backlog information: IOError: 
[2022-01-10 14:08:36,811 I 13227 13462] raylet_client.cc:336: Error reporting task backlog information: IOError: 
[2022-01-10 14:08:37,811 I 13227 13462] raylet_client.cc:336: Error reporting task backlog information: IOError: 
[2022-01-10 14:08:38,811 I 13227 13462] raylet_client.cc:336: Error reporting task backlog information: IOError: 
[2022-01-10 14:08:38,932 W 13227 13463] metric_exporter.cc:206: Export metrics to agent failed: IOError: . This won't affect Ray, but you can lose metrics from the cluster.
[2022-01-10 14:08:39,811 I 13227 13462] raylet_client.cc:336: Error reporting task backlog information: IOError: 
[2022-01-10 14:08:40,811 I 13227 13462] raylet_client.cc:336: Error reporting task backlog information: IOError: 
[2022-01-10 14:08:41,811 I 13227 13462] raylet_client.cc:336: Error reporting task backlog information: IOError: 
[2022-01-10 14:08:42,811 I 13227 13462] raylet_client.cc:336: Error reporting task backlog information: IOError: 
[2022-01-10 14:08:43,811 I 13227 13462] raylet_client.cc:336: Error reporting task backlog information: IOError: 
[2022-01-10 14:08:44,811 I 13227 13462] raylet_client.cc:336: Error reporting task backlog information: IOError: 
[2022-01-10 14:08:45,811 I 13227 13462] raylet_client.cc:336: Error reporting task backlog information: IOError: 
[2022-01-10 14:08:46,817 I 13227 13462] raylet_client.cc:336: Error reporting task backlog information: IOError: 
[2022-01-10 14:08:47,811 I 13227 13462] raylet_client.cc:336: Error reporting task backlog information: IOError: 
[2022-01-10 14:08:48,812 I 13227 13462] raylet_client.cc:336: Error reporting task backlog information: IOError: 
[2022-01-10 14:08:48,945 W 13227 13463] metric_exporter.cc:206: Export metrics to agent failed: IOError: . This won't affect Ray, but you can lose metrics from the cluster.
[2022-01-10 14:08:49,812 I 13227 13462] raylet_client.cc:336: Error reporting task backlog information: IOError: 
[2022-01-10 14:08:50,812 I 13227 13462] raylet_client.cc:336: Error reporting task backlog information: IOError: 
[2022-01-10 14:08:51,812 I 13227 13462] raylet_client.cc:336: Error reporting task backlog information: IOError: 
[2022-01-10 14:08:52,812 I 13227 13462] raylet_client.cc:336: Error reporting task backlog information: IOError: 
[2022-01-10 14:08:53,812 I 13227 13462] raylet_client.cc:336: Error reporting task backlog information: IOError: 
[2022-01-10 14:08:54,812 I 13227 13462] raylet_client.cc:336: Error reporting task backlog information: IOError: 
[2022-01-10 14:08:55,812 I 13227 13462] raylet_client.cc:336: Error reporting task backlog information: IOError: 
[2022-01-10 14:08:56,812 I 13227 13462] raylet_client.cc:336: Error reporting task backlog information: IOError: 
[2022-01-10 14:08:57,812 I 13227 13462] raylet_client.cc:336: Error reporting task backlog information: IOError: 
[2022-01-10 14:08:58,812 I 13227 13462] raylet_client.cc:336: Error reporting task backlog information: IOError: 
[2022-01-10 14:08:58,956 W 13227 13463] metric_exporter.cc:206: Export metrics to agent failed: IOError: . This won't affect Ray, but you can lose metrics from the cluster.
[2022-01-10 14:08:59,812 I 13227 13462] raylet_client.cc:336: Error reporting task backlog information: IOError: 
[2022-01-10 14:09:00,812 I 13227 13462] raylet_client.cc:336: Error reporting task backlog information: IOError: 
[2022-01-10 14:09:01,812 I 13227 13462] raylet_client.cc:336: Error reporting task backlog information: IOError: 
[2022-01-10 14:09:02,812 I 13227 13462] raylet_client.cc:336: Error reporting task backlog information: IOError: 
[2022-01-10 14:09:03,813 I 13227 13462] raylet_client.cc:336: Error reporting task backlog information: IOError: 
[2022-01-10 14:09:04,813 I 13227 13462] raylet_client.cc:336: Error reporting task backlog information: IOError: 
[2022-01-10 14:09:05,813 I 13227 13462] raylet_client.cc:336: Error reporting task backlog information: IOError: 
[2022-01-10 14:09:06,813 I 13227 13462] raylet_client.cc:336: Error reporting task backlog information: IOError: 
[2022-01-10 14:09:07,813 I 13227 13462] raylet_client.cc:336: Error reporting task backlog information: IOError: 
[2022-01-10 14:09:08,813 I 13227 13462] raylet_client.cc:336: Error reporting task backlog information: IOError: 
[2022-01-10 14:09:08,963 W 13227 13463] metric_exporter.cc:206: Export metrics to agent failed: IOError: . This won't affect Ray, but you can lose metrics from the cluster.
[2022-01-10 14:09:09,815 I 13227 13462] raylet_client.cc:336: Error reporting task backlog information: IOError: 
[2022-01-10 14:09:10,815 I 13227 13462] raylet_client.cc:336: Error reporting task backlog information: IOError: 
[2022-01-10 14:09:11,815 I 13227 13462] raylet_client.cc:336: Error reporting task backlog information: IOError: 
[2022-01-10 14:09:12,815 I 13227 13462] raylet_client.cc:336: Error reporting task backlog information: IOError: 
[2022-01-10 14:09:13,815 I 13227 13462] raylet_client.cc:336: Error reporting task backlog information: IOError: 
[2022-01-10 14:09:14,815 I 13227 13462] raylet_client.cc:336: Error reporting task backlog information: IOError: 
[2022-01-10 14:09:15,815 I 13227 13462] raylet_client.cc:336: Error reporting task backlog information: IOError: 
[2022-01-10 14:09:16,815 I 13227 13462] raylet_client.cc:336: Error reporting task backlog information: IOError: 
[2022-01-10 14:09:17,815 I 13227 13462] raylet_client.cc:336: Error reporting task backlog information: IOError: 
[2022-01-10 14:09:18,816 I 13227 13462] raylet_client.cc:336: Error reporting task backlog information: IOError: 
[2022-01-10 14:09:18,970 W 13227 13463] metric_exporter.cc:206: Export metrics to agent failed: IOError: . This won't affect Ray, but you can lose metrics from the cluster.
[2022-01-10 14:09:19,816 I 13227 13462] raylet_client.cc:336: Error reporting task backlog information: IOError: 
[2022-01-10 14:09:20,816 I 13227 13462] raylet_client.cc:336: Error reporting task backlog information: IOError: 
[2022-01-10 14:09:21,816 I 13227 13462] raylet_client.cc:336: Error reporting task backlog information: IOError: 
[2022-01-10 14:09:22,816 I 13227 13462] raylet_client.cc:336: Error reporting task backlog information: IOError: 
[2022-01-10 14:09:23,816 I 13227 13462] raylet_client.cc:336: Error reporting task backlog information: IOError: 
[2022-01-10 14:09:24,816 I 13227 13462] raylet_client.cc:336: Error reporting task backlog information: IOError: 
[2022-01-10 14:09:25,816 I 13227 13462] raylet_client.cc:336: Error reporting task backlog information: IOError: 
[2022-01-10 14:09:26,816 I 13227 13462] raylet_client.cc:336: Error reporting task backlog information: IOError: 
[2022-01-10 14:09:27,816 I 13227 13462] raylet_client.cc:336: Error reporting task backlog information: IOError: 
[2022-01-10 14:09:28,816 I 13227 13462] raylet_client.cc:336: Error reporting task backlog information: IOError: 
[2022-01-10 14:09:28,978 W 13227 13463] metric_exporter.cc:206: Export metrics to agent failed: IOError: . This won't affect Ray, but you can lose metrics from the cluster.
[2022-01-10 14:09:29,816 I 13227 13462] raylet_client.cc:336: Error reporting task backlog information: IOError: 
[2022-01-10 14:09:30,816 I 13227 13462] raylet_client.cc:336: Error reporting task backlog information: IOError: 
[2022-01-10 14:09:31,664 W 13227 13329] gcs_server_address_updater.cc:61: [301] Failed to get the gcs server address from raylet 301 times in a row. If it keeps failing to obtain the address, the worker might crash. Connection status IOError: 
[2022-01-10 14:09:31,816 I 13227 13462] raylet_client.cc:336: Error reporting task backlog information: IOError: 
[2022-01-10 14:09:32,817 I 13227 13462] raylet_client.cc:336: Error reporting task backlog information: IOError: 
[2022-01-10 14:09:33,817 I 13227 13462] raylet_client.cc:336: Error reporting task backlog information: IOError: 
[2022-01-10 14:09:34,817 I 13227 13462] raylet_client.cc:336: Error reporting task backlog information: IOError: 
[2022-01-10 14:09:35,817 I 13227 13462] raylet_client.cc:336: Error reporting task backlog information: IOError: 
[2022-01-10 14:09:36,817 I 13227 13462] raylet_client.cc:336: Error reporting task backlog information: IOError: 
[2022-01-10 14:09:37,817 I 13227 13462] raylet_client.cc:336: Error reporting task backlog information: IOError: 
[2022-01-10 14:09:38,817 I 13227 13462] raylet_client.cc:336: Error reporting task backlog information: IOError: 
[2022-01-10 14:09:38,984 W 13227 13463] metric_exporter.cc:206: Export metrics to agent failed: IOError: . This won't affect Ray, but you can lose metrics from the cluster.
[2022-01-10 14:09:39,817 I 13227 13462] raylet_client.cc:336: Error reporting task backlog information: IOError: 
[2022-01-10 14:09:40,817 I 13227 13462] raylet_client.cc:336: Error reporting task backlog information: IOError: 
[2022-01-10 14:09:41,817 I 13227 13462] raylet_client.cc:336: Error reporting task backlog information: IOError: 
[2022-01-10 14:09:42,817 I 13227 13462] raylet_client.cc:336: Error reporting task backlog information: IOError: 
[2022-01-10 14:09:43,817 I 13227 13462] raylet_client.cc:336: Error reporting task backlog information: IOError: 
[2022-01-10 14:09:44,817 I 13227 13462] raylet_client.cc:336: Error reporting task backlog information: IOError: 
[2022-01-10 14:09:45,817 I 13227 13462] raylet_client.cc:336: Error reporting task backlog information: IOError: 
[2022-01-10 14:09:46,817 I 13227 13462] raylet_client.cc:336: Error reporting task backlog information: IOError: 
[2022-01-10 14:09:47,818 I 13227 13462] raylet_client.cc:336: Error reporting task backlog information: IOError: 
[2022-01-10 14:09:48,818 I 13227 13462] raylet_client.cc:336: Error reporting task backlog information: IOError: 
[2022-01-10 14:09:48,991 W 13227 13463] metric_exporter.cc:206: Export metrics to agent failed: IOError: . This won't affect Ray, but you can lose metrics from the cluster.
[2022-01-10 14:09:49,818 I 13227 13462] raylet_client.cc:336: Error reporting task backlog information: IOError: 
[2022-01-10 14:09:50,818 I 13227 13462] raylet_client.cc:336: Error reporting task backlog information: IOError: 
[2022-01-10 14:09:51,818 I 13227 13462] raylet_client.cc:336: Error reporting task backlog information: IOError: 
[2022-01-10 14:09:52,818 I 13227 13462] raylet_client.cc:336: Error reporting task backlog information: IOError: 
[2022-01-10 14:09:53,818 I 13227 13462] raylet_client.cc:336: Error reporting task backlog information: IOError: 
[2022-01-10 14:09:54,818 I 13227 13462] raylet_client.cc:336: Error reporting task backlog information: IOError: 
[2022-01-10 14:09:55,818 I 13227 13462] raylet_client.cc:336: Error reporting task backlog information: IOError: 
[2022-01-10 14:09:56,818 I 13227 13462] raylet_client.cc:336: Error reporting task backlog information: IOError: 
[2022-01-10 14:09:57,818 I 13227 13462] raylet_client.cc:336: Error reporting task backlog information: IOError: 
[2022-01-10 14:09:58,818 I 13227 13462] raylet_client.cc:336: Error reporting task backlog information: IOError: 
[2022-01-10 14:09:58,999 W 13227 13463] metric_exporter.cc:206: Export metrics to agent failed: IOError: . This won't affect Ray, but you can lose metrics from the cluster.
[2022-01-10 14:09:59,818 I 13227 13462] raylet_client.cc:336: Error reporting task backlog information: IOError: 
[2022-01-10 14:10:00,818 I 13227 13462] raylet_client.cc:336: Error reporting task backlog information: IOError: 
[2022-01-10 14:10:01,818 I 13227 13462] raylet_client.cc:336: Error reporting task backlog information: IOError: 
[2022-01-10 14:10:02,819 I 13227 13462] raylet_client.cc:336: Error reporting task backlog information: IOError: 
[2022-01-10 14:10:03,819 I 13227 13462] raylet_client.cc:336: Error reporting task backlog information: IOError: 
[2022-01-10 14:10:04,819 I 13227 13462] raylet_client.cc:336: Error reporting task backlog information: IOError: 
[2022-01-10 14:10:05,819 I 13227 13462] raylet_client.cc:336: Error reporting task backlog information: IOError: 
[2022-01-10 14:10:06,819 I 13227 13462] raylet_client.cc:336: Error reporting task backlog information: IOError: 
[2022-01-10 14:10:07,819 I 13227 13462] raylet_client.cc:336: Error reporting task backlog information: IOError: 
[2022-01-10 14:10:08,819 I 13227 13462] raylet_client.cc:336: Error reporting task backlog information: IOError: 
[2022-01-10 14:10:09,011 W 13227 13463] metric_exporter.cc:206: Export metrics to agent failed: IOError: . This won't affect Ray, but you can lose metrics from the cluster.
[2022-01-10 14:10:09,819 I 13227 13462] raylet_client.cc:336: Error reporting task backlog information: IOError: 
[2022-01-10 14:10:10,819 I 13227 13462] raylet_client.cc:336: Error reporting task backlog information: IOError: 
[2022-01-10 14:10:11,819 I 13227 13462] raylet_client.cc:336: Error reporting task backlog information: IOError: 
[2022-01-10 14:10:12,819 I 13227 13462] raylet_client.cc:336: Error reporting task backlog information: IOError: 
[2022-01-10 14:10:13,819 I 13227 13462] raylet_client.cc:336: Error reporting task backlog information: IOError: 
[2022-01-10 14:10:14,819 I 13227 13462] raylet_client.cc:336: Error reporting task backlog information: IOError: 
[2022-01-10 14:10:15,819 I 13227 13462] raylet_client.cc:336: Error reporting task backlog information: IOError: 
[2022-01-10 14:10:16,819 I 13227 13462] raylet_client.cc:336: Error reporting task backlog information: IOError: 
[2022-01-10 14:10:17,819 I 13227 13462] raylet_client.cc:336: Error reporting task backlog information: IOError: 
[2022-01-10 14:10:18,819 I 13227 13462] raylet_client.cc:336: Error reporting task backlog information: IOError: 
[2022-01-10 14:10:19,018 W 13227 13463] metric_exporter.cc:206: Export metrics to agent failed: IOError: . This won't affect Ray, but you can lose metrics from the cluster.
[2022-01-10 14:10:19,819 I 13227 13462] raylet_client.cc:336: Error reporting task backlog information: IOError: 
[2022-01-10 14:10:20,820 I 13227 13462] raylet_client.cc:336: Error reporting task backlog information: IOError: 
[2022-01-10 14:10:21,820 I 13227 13462] raylet_client.cc:336: Error reporting task backlog information: IOError: 
[2022-01-10 14:10:22,820 I 13227 13462] raylet_client.cc:336: Error reporting task backlog information: IOError: 
[2022-01-10 14:10:23,820 I 13227 13462] raylet_client.cc:336: Error reporting task backlog information: IOError: 
[2022-01-10 14:10:24,820 I 13227 13462] raylet_client.cc:336: Error reporting task backlog information: IOError: 
[2022-01-10 14:10:25,820 I 13227 13462] raylet_client.cc:336: Error reporting task backlog information: IOError: 
[2022-01-10 14:10:26,820 I 13227 13462] raylet_client.cc:336: Error reporting task backlog information: IOError: 
[2022-01-10 14:10:27,820 I 13227 13462] raylet_client.cc:336: Error reporting task backlog information: IOError: 
[2022-01-10 14:10:28,820 I 13227 13462] raylet_client.cc:336: Error reporting task backlog information: IOError: 
[2022-01-10 14:10:29,024 W 13227 13463] metric_exporter.cc:206: Export metrics to agent failed: IOError: . This won't affect Ray, but you can lose metrics from the cluster.
[2022-01-10 14:10:29,820 I 13227 13462] raylet_client.cc:336: Error reporting task backlog information: IOError: 
[2022-01-10 14:10:30,820 I 13227 13462] raylet_client.cc:336: Error reporting task backlog information: IOError: 
[2022-01-10 14:10:31,820 I 13227 13462] raylet_client.cc:336: Error reporting task backlog information: IOError: 
[2022-01-10 14:10:32,820 I 13227 13462] raylet_client.cc:336: Error reporting task backlog information: IOError: 
[2022-01-10 14:10:33,820 I 13227 13462] raylet_client.cc:336: Error reporting task backlog information: IOError: 
[2022-01-10 14:10:34,821 I 13227 13462] raylet_client.cc:336: Error reporting task backlog information: IOError: 
[2022-01-10 14:10:35,821 I 13227 13462] raylet_client.cc:336: Error reporting task backlog information: IOError: 
[2022-01-10 14:10:36,821 I 13227 13462] raylet_client.cc:336: Error reporting task backlog information: IOError: 
[2022-01-10 14:10:37,821 I 13227 13462] raylet_client.cc:336: Error reporting task backlog information: IOError: 
[2022-01-10 14:10:38,821 I 13227 13462] raylet_client.cc:336: Error reporting task backlog information: IOError: 
[2022-01-10 14:10:39,031 W 13227 13463] metric_exporter.cc:206: Export metrics to agent failed: IOError: . This won't affect Ray, but you can lose metrics from the cluster.
[2022-01-10 14:10:39,821 I 13227 13462] raylet_client.cc:336: Error reporting task backlog information: IOError: 
[2022-01-10 14:10:40,821 I 13227 13462] raylet_client.cc:336: Error reporting task backlog information: IOError: 
[2022-01-10 14:10:41,821 I 13227 13462] raylet_client.cc:336: Error reporting task backlog information: IOError: 
[2022-01-10 14:10:42,821 I 13227 13462] raylet_client.cc:336: Error reporting task backlog information: IOError: 
[2022-01-10 14:10:43,821 I 13227 13462] raylet_client.cc:336: Error reporting task backlog information: IOError: 
[2022-01-10 14:10:44,821 I 13227 13462] raylet_client.cc:336: Error reporting task backlog information: IOError: 
[2022-01-10 14:10:45,822 I 13227 13462] raylet_client.cc:336: Error reporting task backlog information: IOError: 
[2022-01-10 14:10:46,822 I 13227 13462] raylet_client.cc:336: Error reporting task backlog information: IOError: 
[2022-01-10 14:10:47,822 I 13227 13462] raylet_client.cc:336: Error reporting task backlog information: IOError: 
[2022-01-10 14:10:48,822 I 13227 13462] raylet_client.cc:336: Error reporting task backlog information: IOError: 
[2022-01-10 14:10:49,038 W 13227 13463] metric_exporter.cc:206: Export metrics to agent failed: IOError: . This won't affect Ray, but you can lose metrics from the cluster.
[2022-01-10 14:10:49,822 I 13227 13462] raylet_client.cc:336: Error reporting task backlog information: IOError: 
[2022-01-10 14:10:50,822 I 13227 13462] raylet_client.cc:336: Error reporting task backlog information: IOError: 
[2022-01-10 14:10:51,822 I 13227 13462] raylet_client.cc:336: Error reporting task backlog information: IOError: 
[2022-01-10 14:10:52,822 I 13227 13462] raylet_client.cc:336: Error reporting task backlog information: IOError: 
[2022-01-10 14:10:53,822 I 13227 13462] raylet_client.cc:336: Error reporting task backlog information: IOError: 
[2022-01-10 14:10:54,822 I 13227 13462] raylet_client.cc:336: Error reporting task backlog information: IOError: 
[2022-01-10 14:10:55,822 I 13227 13462] raylet_client.cc:336: Error reporting task backlog information: IOError: 
[2022-01-10 14:10:56,822 I 13227 13462] raylet_client.cc:336: Error reporting task backlog information: IOError: 
[2022-01-10 14:10:57,822 I 13227 13462] raylet_client.cc:336: Error reporting task backlog information: IOError: 
[2022-01-10 14:10:58,822 I 13227 13462] raylet_client.cc:336: Error reporting task backlog information: IOError: 
[2022-01-10 14:10:59,044 W 13227 13463] metric_exporter.cc:206: Export metrics to agent failed: IOError: . This won't affect Ray, but you can lose metrics from the cluster.
[2022-01-10 14:10:59,822 I 13227 13462] raylet_client.cc:336: Error reporting task backlog information: IOError: 
[2022-01-10 14:11:00,823 I 13227 13462] raylet_client.cc:336: Error reporting task backlog information: IOError: 
[2022-01-10 14:11:01,823 I 13227 13462] raylet_client.cc:336: Error reporting task backlog information: IOError: 
[2022-01-10 14:11:02,823 I 13227 13462] raylet_client.cc:336: Error reporting task backlog information: IOError: 
[2022-01-10 14:11:03,823 I 13227 13462] raylet_client.cc:336: Error reporting task backlog information: IOError: 
[2022-01-10 14:11:04,823 I 13227 13462] raylet_client.cc:336: Error reporting task backlog information: IOError: 
[2022-01-10 14:11:05,823 I 13227 13462] raylet_client.cc:336: Error reporting task backlog information: IOError: 
[2022-01-10 14:11:06,823 I 13227 13462] raylet_client.cc:336: Error reporting task backlog information: IOError: 
[2022-01-10 14:11:07,823 I 13227 13462] raylet_client.cc:336: Error reporting task backlog information: IOError: 
[2022-01-10 14:11:08,823 I 13227 13462] raylet_client.cc:336: Error reporting task backlog information: IOError: 
[2022-01-10 14:11:09,051 W 13227 13463] metric_exporter.cc:206: Export metrics to agent failed: IOError: . This won't affect Ray, but you can lose metrics from the cluster.
[2022-01-10 14:11:09,823 I 13227 13462] raylet_client.cc:336: Error reporting task backlog information: IOError: 
[2022-01-10 14:11:10,823 I 13227 13462] raylet_client.cc:336: Error reporting task backlog information: IOError: 
[2022-01-10 14:11:11,823 I 13227 13462] raylet_client.cc:336: Error reporting task backlog information: IOError: 
[2022-01-10 14:11:12,823 I 13227 13462] raylet_client.cc:336: Error reporting task backlog information: IOError: 
[2022-01-10 14:11:13,823 I 13227 13462] raylet_client.cc:336: Error reporting task backlog information: IOError: 
[2022-01-10 14:11:14,823 I 13227 13462] raylet_client.cc:336: Error reporting task backlog information: IOError: 
[2022-01-10 14:11:15,824 I 13227 13462] raylet_client.cc:336: Error reporting task backlog information: IOError: 
[2022-01-10 14:11:16,824 I 13227 13462] raylet_client.cc:336: Error reporting task backlog information: IOError: 
[2022-01-10 14:11:17,824 I 13227 13462] raylet_client.cc:336: Error reporting task backlog information: IOError: 
[2022-01-10 14:11:18,824 I 13227 13462] raylet_client.cc:336: Error reporting task backlog information: IOError: 
[2022-01-10 14:11:19,065 W 13227 13463] metric_exporter.cc:206: Export metrics to agent failed: IOError: . This won't affect Ray, but you can lose metrics from the cluster.
[2022-01-10 14:11:19,824 I 13227 13462] raylet_client.cc:336: Error reporting task backlog information: IOError: 
[2022-01-10 14:11:20,824 I 13227 13462] raylet_client.cc:336: Error reporting task backlog information: IOError: 
[2022-01-10 14:11:21,824 I 13227 13462] raylet_client.cc:336: Error reporting task backlog information: IOError: 
[2022-01-10 14:11:22,824 I 13227 13462] raylet_client.cc:336: Error reporting task backlog information: IOError: 
[2022-01-10 14:11:23,824 I 13227 13462] raylet_client.cc:336: Error reporting task backlog information: IOError: 
[2022-01-10 14:11:24,824 I 13227 13462] raylet_client.cc:336: Error reporting task backlog information: IOError: 
[2022-01-10 14:11:25,827 I 13227 13462] raylet_client.cc:336: Error reporting task backlog information: IOError: 
[2022-01-10 14:11:26,827 I 13227 13462] raylet_client.cc:336: Error reporting task backlog information: IOError: 
[2022-01-10 14:11:27,828 I 13227 13462] raylet_client.cc:336: Error reporting task backlog information: IOError: 
[2022-01-10 14:11:28,828 I 13227 13462] raylet_client.cc:336: Error reporting task backlog information: IOError: 
[2022-01-10 14:11:29,072 W 13227 13463] metric_exporter.cc:206: Export metrics to agent failed: IOError: . This won't affect Ray, but you can lose metrics from the cluster.
[2022-01-10 14:11:29,828 I 13227 13462] raylet_client.cc:336: Error reporting task backlog information: IOError: 
[2022-01-10 14:11:30,828 I 13227 13462] raylet_client.cc:336: Error reporting task backlog information: IOError: 
[2022-01-10 14:11:31,828 I 13227 13462] raylet_client.cc:336: Error reporting task backlog information: IOError: 
[2022-01-10 14:11:32,828 I 13227 13462] raylet_client.cc:336: Error reporting task backlog information: IOError: 
[2022-01-10 14:11:33,828 I 13227 13462] raylet_client.cc:336: Error reporting task backlog information: IOError: 
[2022-01-10 14:11:34,828 I 13227 13462] raylet_client.cc:336: Error reporting task backlog information: IOError: 
[2022-01-10 14:11:35,828 I 13227 13462] raylet_client.cc:336: Error reporting task backlog information: IOError: 
[2022-01-10 14:11:36,828 I 13227 13462] raylet_client.cc:336: Error reporting task backlog information: IOError: 
[2022-01-10 14:11:37,828 I 13227 13462] raylet_client.cc:336: Error reporting task backlog information: IOError: 
[2022-01-10 14:11:38,828 I 13227 13462] raylet_client.cc:336: Error reporting task backlog information: IOError: 
[2022-01-10 14:11:39,079 W 13227 13463] metric_exporter.cc:206: Export metrics to agent failed: IOError: . This won't affect Ray, but you can lose metrics from the cluster.
[2022-01-10 14:11:39,828 I 13227 13462] raylet_client.cc:336: Error reporting task backlog information: IOError: 
[2022-01-10 14:11:40,829 I 13227 13462] raylet_client.cc:336: Error reporting task backlog information: IOError: 
[2022-01-10 14:11:41,829 I 13227 13462] raylet_client.cc:336: Error reporting task backlog information: IOError: 
[2022-01-10 14:11:42,829 I 13227 13462] raylet_client.cc:336: Error reporting task backlog information: IOError: 
[2022-01-10 14:11:43,829 I 13227 13462] raylet_client.cc:336: Error reporting task backlog information: IOError: 
[2022-01-10 14:11:44,829 I 13227 13462] raylet_client.cc:336: Error reporting task backlog information: IOError: 
[2022-01-10 14:11:45,829 I 13227 13462] raylet_client.cc:336: Error reporting task backlog information: IOError: 
[2022-01-10 14:11:46,829 I 13227 13462] raylet_client.cc:336: Error reporting task backlog information: IOError: 
[2022-01-10 14:11:47,829 I 13227 13462] raylet_client.cc:336: Error reporting task backlog information: IOError: 
[2022-01-10 14:11:48,829 I 13227 13462] raylet_client.cc:336: Error reporting task backlog information: IOError: 
[2022-01-10 14:11:49,086 W 13227 13463] metric_exporter.cc:206: Export metrics to agent failed: IOError: . This won't affect Ray, but you can lose metrics from the cluster.
[2022-01-10 14:11:49,829 I 13227 13462] raylet_client.cc:336: Error reporting task backlog information: IOError: 
[2022-01-10 14:11:50,829 I 13227 13462] raylet_client.cc:336: Error reporting task backlog information: IOError: 
[2022-01-10 14:11:51,829 I 13227 13462] raylet_client.cc:336: Error reporting task backlog information: IOError: 
[2022-01-10 14:11:52,829 I 13227 13462] raylet_client.cc:336: Error reporting task backlog information: IOError: 
[2022-01-10 14:11:53,829 I 13227 13462] raylet_client.cc:336: Error reporting task backlog information: IOError: 
[2022-01-10 14:11:54,829 I 13227 13462] raylet_client.cc:336: Error reporting task backlog information: IOError: 
[2022-01-10 14:11:55,829 I 13227 13462] raylet_client.cc:336: Error reporting task backlog information: IOError: 
[2022-01-10 14:11:56,830 I 13227 13462] raylet_client.cc:336: Error reporting task backlog information: IOError: 
[2022-01-10 14:11:57,830 I 13227 13462] raylet_client.cc:336: Error reporting task backlog information: IOError: 
[2022-01-10 14:11:58,830 I 13227 13462] raylet_client.cc:336: Error reporting task backlog information: IOError: 
[2022-01-10 14:11:59,093 W 13227 13463] metric_exporter.cc:206: Export metrics to agent failed: IOError: . This won't affect Ray, but you can lose metrics from the cluster.
[2022-01-10 14:11:59,830 I 13227 13462] raylet_client.cc:336: Error reporting task backlog information: IOError: 
[2022-01-10 14:12:00,830 I 13227 13462] raylet_client.cc:336: Error reporting task backlog information: IOError: 
[2022-01-10 14:12:01,830 I 13227 13462] raylet_client.cc:336: Error reporting task backlog information: IOError: 
[2022-01-10 14:12:02,830 I 13227 13462] raylet_client.cc:336: Error reporting task backlog information: IOError: 
[2022-01-10 14:12:03,830 I 13227 13462] raylet_client.cc:336: Error reporting task backlog information: IOError: 
[2022-01-10 14:12:04,830 I 13227 13462] raylet_client.cc:336: Error reporting task backlog information: IOError: 
[2022-01-10 14:12:05,830 I 13227 13462] raylet_client.cc:336: Error reporting task backlog information: IOError: 
[2022-01-10 14:12:06,830 I 13227 13462] raylet_client.cc:336: Error reporting task backlog information: IOError: 
[2022-01-10 14:12:07,830 I 13227 13462] raylet_client.cc:336: Error reporting task backlog information: IOError: 
[2022-01-10 14:12:08,830 I 13227 13462] raylet_client.cc:336: Error reporting task backlog information: IOError: 
[2022-01-10 14:12:09,100 W 13227 13463] metric_exporter.cc:206: Export metrics to agent failed: IOError: . This won't affect Ray, but you can lose metrics from the cluster.
[2022-01-10 14:12:09,830 I 13227 13462] raylet_client.cc:336: Error reporting task backlog information: IOError: 
[2022-01-10 14:12:10,831 I 13227 13462] raylet_client.cc:336: Error reporting task backlog information: IOError: 
[2022-01-10 14:12:11,831 I 13227 13462] raylet_client.cc:336: Error reporting task backlog information: IOError: 
[2022-01-10 14:12:12,831 I 13227 13462] raylet_client.cc:336: Error reporting task backlog information: IOError: 
[2022-01-10 14:12:13,831 I 13227 13462] raylet_client.cc:336: Error reporting task backlog information: IOError: 
[2022-01-10 14:12:14,831 I 13227 13462] raylet_client.cc:336: Error reporting task backlog information: IOError: 
[2022-01-10 14:12:15,831 I 13227 13462] raylet_client.cc:336: Error reporting task backlog information: IOError: 
[2022-01-10 14:12:16,831 I 13227 13462] raylet_client.cc:336: Error reporting task backlog information: IOError: 
[2022-01-10 14:12:17,831 I 13227 13462] raylet_client.cc:336: Error reporting task backlog information: IOError: 
[2022-01-10 14:12:18,831 I 13227 13462] raylet_client.cc:336: Error reporting task backlog information: IOError: 
[2022-01-10 14:12:19,108 W 13227 13463] metric_exporter.cc:206: Export metrics to agent failed: IOError: . This won't affect Ray, but you can lose metrics from the cluster.
[2022-01-10 14:12:19,831 I 13227 13462] raylet_client.cc:336: Error reporting task backlog information: IOError: 
[2022-01-10 14:12:20,831 I 13227 13462] raylet_client.cc:336: Error reporting task backlog information: IOError: 
[2022-01-10 14:12:21,831 I 13227 13462] raylet_client.cc:336: Error reporting task backlog information: IOError: 
[2022-01-10 14:12:22,831 I 13227 13462] raylet_client.cc:336: Error reporting task backlog information: IOError: 
[2022-01-10 14:12:23,831 I 13227 13462] raylet_client.cc:336: Error reporting task backlog information: IOError: 
[2022-01-10 14:12:24,831 I 13227 13462] raylet_client.cc:336: Error reporting task backlog information: IOError: 
[2022-01-10 14:12:25,832 I 13227 13462] raylet_client.cc:336: Error reporting task backlog information: IOError: 
[2022-01-10 14:12:26,832 I 13227 13462] raylet_client.cc:336: Error reporting task backlog information: IOError: 
[2022-01-10 14:12:27,832 I 13227 13462] raylet_client.cc:336: Error reporting task backlog information: IOError: 
[2022-01-10 14:12:28,832 I 13227 13462] raylet_client.cc:336: Error reporting task backlog information: IOError: 
[2022-01-10 14:12:29,115 W 13227 13463] metric_exporter.cc:206: Export metrics to agent failed: IOError: . This won't affect Ray, but you can lose metrics from the cluster.
[2022-01-10 14:12:29,832 I 13227 13462] raylet_client.cc:336: Error reporting task backlog information: IOError: 
[2022-01-10 14:12:30,832 I 13227 13462] raylet_client.cc:336: Error reporting task backlog information: IOError: 
[2022-01-10 14:12:31,832 I 13227 13462] raylet_client.cc:336: Error reporting task backlog information: IOError: 
[2022-01-10 14:12:32,832 I 13227 13462] raylet_client.cc:336: Error reporting task backlog information: IOError: 
[2022-01-10 14:12:33,832 I 13227 13462] raylet_client.cc:336: Error reporting task backlog information: IOError: 
[2022-01-10 14:12:34,832 I 13227 13462] raylet_client.cc:336: Error reporting task backlog information: IOError: 
[2022-01-10 14:12:35,832 I 13227 13462] raylet_client.cc:336: Error reporting task backlog information: IOError: 
[2022-01-10 14:12:36,832 I 13227 13462] raylet_client.cc:336: Error reporting task backlog information: IOError: 
[2022-01-10 14:12:37,832 I 13227 13462] raylet_client.cc:336: Error reporting task backlog information: IOError: 
[2022-01-10 14:12:38,832 I 13227 13462] raylet_client.cc:336: Error reporting task backlog information: IOError: 
[2022-01-10 14:12:39,121 W 13227 13463] metric_exporter.cc:206: Export metrics to agent failed: IOError: . This won't affect Ray, but you can lose metrics from the cluster.
[2022-01-10 14:12:39,832 I 13227 13462] raylet_client.cc:336: Error reporting task backlog information: IOError: 
[2022-01-10 14:12:40,833 I 13227 13462] raylet_client.cc:336: Error reporting task backlog information: IOError: 
[2022-01-10 14:12:41,833 I 13227 13462] raylet_client.cc:336: Error reporting task backlog information: IOError: 
[2022-01-10 14:12:42,833 I 13227 13462] raylet_client.cc:336: Error reporting task backlog information: IOError: 
[2022-01-10 14:12:43,833 I 13227 13462] raylet_client.cc:336: Error reporting task backlog information: IOError: 
[2022-01-10 14:12:44,833 I 13227 13462] raylet_client.cc:336: Error reporting task backlog information: IOError: 
[2022-01-10 14:12:45,833 I 13227 13462] raylet_client.cc:336: Error reporting task backlog information: IOError: 
[2022-01-10 14:12:46,833 I 13227 13462] raylet_client.cc:336: Error reporting task backlog information: IOError: 
[2022-01-10 14:12:47,833 I 13227 13462] raylet_client.cc:336: Error reporting task backlog information: IOError: 
[2022-01-10 14:12:48,833 I 13227 13462] raylet_client.cc:336: Error reporting task backlog information: IOError: 
[2022-01-10 14:12:49,128 W 13227 13463] metric_exporter.cc:206: Export metrics to agent failed: IOError: . This won't affect Ray, but you can lose metrics from the cluster.
[2022-01-10 14:12:49,833 I 13227 13462] raylet_client.cc:336: Error reporting task backlog information: IOError: 
[2022-01-10 14:12:50,833 I 13227 13462] raylet_client.cc:336: Error reporting task backlog information: IOError: 
[2022-01-10 14:12:51,833 I 13227 13462] raylet_client.cc:336: Error reporting task backlog information: IOError: 
[2022-01-10 14:12:52,833 I 13227 13462] raylet_client.cc:336: Error reporting task backlog information: IOError: 
[2022-01-10 14:12:53,833 I 13227 13462] raylet_client.cc:336: Error reporting task backlog information: IOError: 
[2022-01-10 14:12:54,834 I 13227 13462] raylet_client.cc:336: Error reporting task backlog information: IOError: 
[2022-01-10 14:12:55,834 I 13227 13462] raylet_client.cc:336: Error reporting task backlog information: IOError: 
[2022-01-10 14:12:56,834 I 13227 13462] raylet_client.cc:336: Error reporting task backlog information: IOError: 
[2022-01-10 14:12:57,834 I 13227 13462] raylet_client.cc:336: Error reporting task backlog information: IOError: 
[2022-01-10 14:12:58,834 I 13227 13462] raylet_client.cc:336: Error reporting task backlog information: IOError: 
[2022-01-10 14:12:59,135 W 13227 13463] metric_exporter.cc:206: Export metrics to agent failed: IOError: . This won't affect Ray, but you can lose metrics from the cluster.
[2022-01-10 14:12:59,834 I 13227 13462] raylet_client.cc:336: Error reporting task backlog information: IOError: 
[2022-01-10 14:13:00,834 I 13227 13462] raylet_client.cc:336: Error reporting task backlog information: IOError: 
[2022-01-10 14:13:01,834 I 13227 13462] raylet_client.cc:336: Error reporting task backlog information: IOError: 
[2022-01-10 14:13:02,834 I 13227 13462] raylet_client.cc:336: Error reporting task backlog information: IOError: 
[2022-01-10 14:13:03,834 I 13227 13462] raylet_client.cc:336: Error reporting task backlog information: IOError: 
[2022-01-10 14:13:04,834 I 13227 13462] raylet_client.cc:336: Error reporting task backlog information: IOError: 
[2022-01-10 14:13:05,834 I 13227 13462] raylet_client.cc:336: Error reporting task backlog information: IOError: 
[2022-01-10 14:13:06,834 I 13227 13462] raylet_client.cc:336: Error reporting task backlog information: IOError: 
[2022-01-10 14:13:07,834 I 13227 13462] raylet_client.cc:336: Error reporting task backlog information: IOError: 
[2022-01-10 14:13:08,835 I 13227 13462] raylet_client.cc:336: Error reporting task backlog information: IOError: 
[2022-01-10 14:13:09,142 W 13227 13463] metric_exporter.cc:206: Export metrics to agent failed: IOError: . This won't affect Ray, but you can lose metrics from the cluster.
[2022-01-10 14:13:09,835 I 13227 13462] raylet_client.cc:336: Error reporting task backlog information: IOError: 
[2022-01-10 14:13:10,835 I 13227 13462] raylet_client.cc:336: Error reporting task backlog information: IOError: 
[2022-01-10 14:13:11,835 I 13227 13462] raylet_client.cc:336: Error reporting task backlog information: IOError: 
[2022-01-10 14:13:12,835 I 13227 13462] raylet_client.cc:336: Error reporting task backlog information: IOError: 
[2022-01-10 14:13:13,835 I 13227 13462] raylet_client.cc:336: Error reporting task backlog information: IOError: 
[2022-01-10 14:13:14,835 I 13227 13462] raylet_client.cc:336: Error reporting task backlog information: IOError: 
[2022-01-10 14:13:15,835 I 13227 13462] raylet_client.cc:336: Error reporting task backlog information: IOError: 
[2022-01-10 14:13:16,835 I 13227 13462] raylet_client.cc:336: Error reporting task backlog information: IOError: 
[2022-01-10 14:13:17,835 I 13227 13462] raylet_client.cc:336: Error reporting task backlog information: IOError: 
[2022-01-10 14:13:18,835 I 13227 13462] raylet_client.cc:336: Error reporting task backlog information: IOError: 
[2022-01-10 14:13:19,148 W 13227 13463] metric_exporter.cc:206: Export metrics to agent failed: IOError: . This won't affect Ray, but you can lose metrics from the cluster.
[2022-01-10 14:13:19,835 I 13227 13462] raylet_client.cc:336: Error reporting task backlog information: IOError: 
[2022-01-10 14:13:20,835 I 13227 13462] raylet_client.cc:336: Error reporting task backlog information: IOError: 
[2022-01-10 14:13:21,835 I 13227 13462] raylet_client.cc:336: Error reporting task backlog information: IOError: 
[2022-01-10 14:13:22,836 I 13227 13462] raylet_client.cc:336: Error reporting task backlog information: IOError: 
[2022-01-10 14:13:23,836 I 13227 13462] raylet_client.cc:336: Error reporting task backlog information: IOError: 
[2022-01-10 14:13:24,836 I 13227 13462] raylet_client.cc:336: Error reporting task backlog information: IOError: 
[2022-01-10 14:13:25,836 I 13227 13462] raylet_client.cc:336: Error reporting task backlog information: IOError: 
[2022-01-10 14:13:26,836 I 13227 13462] raylet_client.cc:336: Error reporting task backlog information: IOError: 
[2022-01-10 14:13:27,836 I 13227 13462] raylet_client.cc:336: Error reporting task backlog information: IOError: 
[2022-01-10 14:13:28,836 I 13227 13462] raylet_client.cc:336: Error reporting task backlog information: IOError: 
[2022-01-10 14:13:29,163 W 13227 13463] metric_exporter.cc:206: Export metrics to agent failed: IOError: . This won't affect Ray, but you can lose metrics from the cluster.
[2022-01-10 14:13:29,836 I 13227 13462] raylet_client.cc:336: Error reporting task backlog information: IOError: 
[2022-01-10 14:13:30,836 I 13227 13462] raylet_client.cc:336: Error reporting task backlog information: IOError: 
[2022-01-10 14:13:31,836 I 13227 13462] raylet_client.cc:336: Error reporting task backlog information: IOError: 
[2022-01-10 14:13:32,836 I 13227 13462] raylet_client.cc:336: Error reporting task backlog information: IOError: 
[2022-01-10 14:13:33,836 I 13227 13462] raylet_client.cc:336: Error reporting task backlog information: IOError: 
[2022-01-10 14:13:34,836 I 13227 13462] raylet_client.cc:336: Error reporting task backlog information: IOError: 
[2022-01-10 14:13:35,836 I 13227 13462] raylet_client.cc:336: Error reporting task backlog information: IOError: 
[2022-01-10 14:13:36,836 I 13227 13462] raylet_client.cc:336: Error reporting task backlog information: IOError: 
[2022-01-10 14:13:37,837 I 13227 13462] raylet_client.cc:336: Error reporting task backlog information: IOError: 
[2022-01-10 14:13:38,837 I 13227 13462] raylet_client.cc:336: Error reporting task backlog information: IOError: 
[2022-01-10 14:13:39,169 W 13227 13463] metric_exporter.cc:206: Export metrics to agent failed: IOError: . This won't affect Ray, but you can lose metrics from the cluster.
[2022-01-10 14:13:39,837 I 13227 13462] raylet_client.cc:336: Error reporting task backlog information: IOError: 
[2022-01-10 14:13:40,837 I 13227 13462] raylet_client.cc:336: Error reporting task backlog information: IOError: 
[2022-01-10 14:13:41,837 I 13227 13462] raylet_client.cc:336: Error reporting task backlog information: IOError: 
[2022-01-10 14:13:42,837 I 13227 13462] raylet_client.cc:336: Error reporting task backlog information: IOError: 
[2022-01-10 14:13:43,837 I 13227 13462] raylet_client.cc:336: Error reporting task backlog information: IOError: 
[2022-01-10 14:13:44,837 I 13227 13462] raylet_client.cc:336: Error reporting task backlog information: IOError: 
[2022-01-10 14:13:45,837 I 13227 13462] raylet_client.cc:336: Error reporting task backlog information: IOError: 
[2022-01-10 14:13:46,837 I 13227 13462] raylet_client.cc:336: Error reporting task backlog information: IOError: 
[2022-01-10 14:13:47,837 I 13227 13462] raylet_client.cc:336: Error reporting task backlog information: IOError: 
[2022-01-10 14:13:48,838 I 13227 13462] raylet_client.cc:336: Error reporting task backlog information: IOError: 
[2022-01-10 14:13:49,175 W 13227 13463] metric_exporter.cc:206: Export metrics to agent failed: IOError: . This won't affect Ray, but you can lose metrics from the cluster.
[2022-01-10 14:13:49,838 I 13227 13462] raylet_client.cc:336: Error reporting task backlog information: IOError: 
[2022-01-10 14:13:50,838 I 13227 13462] raylet_client.cc:336: Error reporting task backlog information: IOError: 
[2022-01-10 14:13:51,838 I 13227 13462] raylet_client.cc:336: Error reporting task backlog information: IOError: 
[2022-01-10 14:13:52,838 I 13227 13462] raylet_client.cc:336: Error reporting task backlog information: IOError: 
[2022-01-10 14:13:53,838 I 13227 13462] raylet_client.cc:336: Error reporting task backlog information: IOError: 
[2022-01-10 14:13:54,838 I 13227 13462] raylet_client.cc:336: Error reporting task backlog information: IOError: 
[2022-01-10 14:13:55,838 I 13227 13462] raylet_client.cc:336: Error reporting task backlog information: IOError: 
[2022-01-10 14:13:56,838 I 13227 13462] raylet_client.cc:336: Error reporting task backlog information: IOError: 
[2022-01-10 14:13:57,838 I 13227 13462] raylet_client.cc:336: Error reporting task backlog information: IOError: 
[2022-01-10 14:13:58,838 I 13227 13462] raylet_client.cc:336: Error reporting task backlog information: IOError: 
[2022-01-10 14:13:59,182 W 13227 13463] metric_exporter.cc:206: Export metrics to agent failed: IOError: . This won't affect Ray, but you can lose metrics from the cluster.
[2022-01-10 14:13:59,838 I 13227 13462] raylet_client.cc:336: Error reporting task backlog information: IOError: 
[2022-01-10 14:14:00,838 I 13227 13462] raylet_client.cc:336: Error reporting task backlog information: IOError: 
[2022-01-10 14:14:01,838 I 13227 13462] raylet_client.cc:336: Error reporting task backlog information: IOError: 
[2022-01-10 14:14:02,839 I 13227 13462] raylet_client.cc:336: Error reporting task backlog information: IOError: 
[2022-01-10 14:14:03,839 I 13227 13462] raylet_client.cc:336: Error reporting task backlog information: IOError: 
[2022-01-10 14:14:04,839 I 13227 13462] raylet_client.cc:336: Error reporting task backlog information: IOError: 
[2022-01-10 14:14:05,839 I 13227 13462] raylet_client.cc:336: Error reporting task backlog information: IOError: 
[2022-01-10 14:14:06,839 I 13227 13462] raylet_client.cc:336: Error reporting task backlog information: IOError: 
[2022-01-10 14:14:07,839 I 13227 13462] raylet_client.cc:336: Error reporting task backlog information: IOError: 
[2022-01-10 14:14:08,839 I 13227 13462] raylet_client.cc:336: Error reporting task backlog information: IOError: 
[2022-01-10 14:14:09,189 W 13227 13463] metric_exporter.cc:206: Export metrics to agent failed: IOError: . This won't affect Ray, but you can lose metrics from the cluster.
[2022-01-10 14:14:09,839 I 13227 13462] raylet_client.cc:336: Error reporting task backlog information: IOError: 
[2022-01-10 14:14:10,839 I 13227 13462] raylet_client.cc:336: Error reporting task backlog information: IOError: 
[2022-01-10 14:14:11,840 I 13227 13462] raylet_client.cc:336: Error reporting task backlog information: IOError: 
[2022-01-10 14:14:12,840 I 13227 13462] raylet_client.cc:336: Error reporting task backlog information: IOError: 
[2022-01-10 14:14:13,840 I 13227 13462] raylet_client.cc:336: Error reporting task backlog information: IOError: 
[2022-01-10 14:14:14,840 I 13227 13462] raylet_client.cc:336: Error reporting task backlog information: IOError: 
[2022-01-10 14:14:15,840 I 13227 13462] raylet_client.cc:336: Error reporting task backlog information: IOError: 
[2022-01-10 14:14:16,840 I 13227 13462] raylet_client.cc:336: Error reporting task backlog information: IOError: 
[2022-01-10 14:14:17,840 I 13227 13462] raylet_client.cc:336: Error reporting task backlog information: IOError: 
[2022-01-10 14:14:18,840 I 13227 13462] raylet_client.cc:336: Error reporting task backlog information: IOError: 
[2022-01-10 14:14:19,195 W 13227 13463] metric_exporter.cc:206: Export metrics to agent failed: IOError: . This won't affect Ray, but you can lose metrics from the cluster.
[2022-01-10 14:14:19,840 I 13227 13462] raylet_client.cc:336: Error reporting task backlog information: IOError: 
[2022-01-10 14:14:20,840 I 13227 13462] raylet_client.cc:336: Error reporting task backlog information: IOError: 
[2022-01-10 14:14:21,840 I 13227 13462] raylet_client.cc:336: Error reporting task backlog information: IOError: 
[2022-01-10 14:14:22,840 I 13227 13462] raylet_client.cc:336: Error reporting task backlog information: IOError: 
[2022-01-10 14:14:23,840 I 13227 13462] raylet_client.cc:336: Error reporting task backlog information: IOError: 
[2022-01-10 14:14:24,841 I 13227 13462] raylet_client.cc:336: Error reporting task backlog information: IOError: 
[2022-01-10 14:14:25,841 I 13227 13462] raylet_client.cc:336: Error reporting task backlog information: IOError: 
[2022-01-10 14:14:26,841 I 13227 13462] raylet_client.cc:336: Error reporting task backlog information: IOError: 
[2022-01-10 14:14:27,841 I 13227 13462] raylet_client.cc:336: Error reporting task backlog information: IOError: 
[2022-01-10 14:14:28,841 I 13227 13462] raylet_client.cc:336: Error reporting task backlog information: IOError: 
[2022-01-10 14:14:29,201 W 13227 13463] metric_exporter.cc:206: Export metrics to agent failed: IOError: . This won't affect Ray, but you can lose metrics from the cluster.
[2022-01-10 14:14:29,841 I 13227 13462] raylet_client.cc:336: Error reporting task backlog information: IOError: 
[2022-01-10 14:14:30,692 E 13227 13329] gcs_server_address_updater.cc:76: Failed to receive the GCS address for 600 times without success. The worker will exit ungracefully. It is because GCS has died. It could be because there was an issue that kills GCS, such as high memory usage triggering OOM killer to kill GCS. Cluster will be highly likely unavailable if you see this log. Please check the log from gcs_server.err.
