[2022-01-10 14:04:18,670 I 13232 13232] core_worker.cc:132: Constructing CoreWorkerProcess. pid: 13232
[2022-01-10 14:04:18,684 I 13232 13232] grpc_server.cc:112: worker server started, listening on port 35047.
[2022-01-10 14:04:18,687 I 13232 13232] core_worker.cc:479: Initializing worker at address: 131.215.21.210:35047, worker ID 4e75ddfe7283e841cd7f38f6b42959cdf7dd65a77d2b2e18092edcb8, raylet 8584dfd1dd16c241d52eb27232fcbb680a439fa417ddb1f089e92f38
[2022-01-10 14:04:18,819 I 13232 13232] io_service_pool.cc:35: IOServicePool is running with 1 io_service.
[2022-01-10 14:04:18,820 I 13232 13534] accessor.cc:560: Received notification for node id = 8584dfd1dd16c241d52eb27232fcbb680a439fa417ddb1f089e92f38, IsAlive = 1
[2022-01-10 14:04:31,689 W 13232 13418] gcs_server_address_updater.cc:61: [1] Failed to get the gcs server address from raylet 1 times in a row. If it keeps failing to obtain the address, the worker might crash. Connection status IOError: 
[2022-01-10 14:04:32,688 I 13232 13534] raylet_client.cc:336: Error reporting task backlog information: IOError: 
[2022-01-10 14:04:32,821 I 13232 13534] raylet_client.cc:336: Error reporting task backlog information: IOError: 
[2022-01-10 14:04:33,821 I 13232 13534] raylet_client.cc:336: Error reporting task backlog information: IOError: 
[2022-01-10 14:04:34,821 I 13232 13534] raylet_client.cc:336: Error reporting task backlog information: IOError: 
[2022-01-10 14:04:35,822 I 13232 13534] raylet_client.cc:336: Error reporting task backlog information: IOError: 
[2022-01-10 14:04:36,822 I 13232 13534] raylet_client.cc:336: Error reporting task backlog information: IOError: 
[2022-01-10 14:04:37,822 I 13232 13534] raylet_client.cc:336: Error reporting task backlog information: IOError: 
[2022-01-10 14:04:38,822 I 13232 13534] raylet_client.cc:336: Error reporting task backlog information: IOError: 
[2022-01-10 14:04:38,834 W 13232 13535] metric_exporter.cc:206: Export metrics to agent failed: IOError: . This won't affect Ray, but you can lose metrics from the cluster.
[2022-01-10 14:04:39,822 I 13232 13534] raylet_client.cc:336: Error reporting task backlog information: IOError: 
[2022-01-10 14:04:40,822 I 13232 13534] raylet_client.cc:336: Error reporting task backlog information: IOError: 
[2022-01-10 14:04:41,822 I 13232 13534] raylet_client.cc:336: Error reporting task backlog information: IOError: 
[2022-01-10 14:04:42,822 I 13232 13534] raylet_client.cc:336: Error reporting task backlog information: IOError: 
[2022-01-10 14:04:43,822 I 13232 13534] raylet_client.cc:336: Error reporting task backlog information: IOError: 
[2022-01-10 14:04:44,822 I 13232 13534] raylet_client.cc:336: Error reporting task backlog information: IOError: 
[2022-01-10 14:04:45,822 I 13232 13534] raylet_client.cc:336: Error reporting task backlog information: IOError: 
[2022-01-10 14:04:46,822 I 13232 13534] raylet_client.cc:336: Error reporting task backlog information: IOError: 
[2022-01-10 14:04:47,823 I 13232 13534] raylet_client.cc:336: Error reporting task backlog information: IOError: 
[2022-01-10 14:04:48,823 I 13232 13534] raylet_client.cc:336: Error reporting task backlog information: IOError: 
[2022-01-10 14:04:48,841 W 13232 13535] metric_exporter.cc:206: Export metrics to agent failed: IOError: . This won't affect Ray, but you can lose metrics from the cluster.
[2022-01-10 14:04:49,823 I 13232 13534] raylet_client.cc:336: Error reporting task backlog information: IOError: 
[2022-01-10 14:04:50,823 I 13232 13534] raylet_client.cc:336: Error reporting task backlog information: IOError: 
[2022-01-10 14:04:51,823 I 13232 13534] raylet_client.cc:336: Error reporting task backlog information: IOError: 
[2022-01-10 14:04:52,823 I 13232 13534] raylet_client.cc:336: Error reporting task backlog information: IOError: 
[2022-01-10 14:04:53,823 I 13232 13534] raylet_client.cc:336: Error reporting task backlog information: IOError: 
[2022-01-10 14:04:54,823 I 13232 13534] raylet_client.cc:336: Error reporting task backlog information: IOError: 
[2022-01-10 14:04:55,823 I 13232 13534] raylet_client.cc:336: Error reporting task backlog information: IOError: 
[2022-01-10 14:04:56,823 I 13232 13534] raylet_client.cc:336: Error reporting task backlog information: IOError: 
[2022-01-10 14:04:57,823 I 13232 13534] raylet_client.cc:336: Error reporting task backlog information: IOError: 
[2022-01-10 14:04:58,823 I 13232 13534] raylet_client.cc:336: Error reporting task backlog information: IOError: 
[2022-01-10 14:04:58,849 W 13232 13535] metric_exporter.cc:206: Export metrics to agent failed: IOError: . This won't affect Ray, but you can lose metrics from the cluster.
[2022-01-10 14:04:59,823 I 13232 13534] raylet_client.cc:336: Error reporting task backlog information: IOError: 
[2022-01-10 14:05:00,823 I 13232 13534] raylet_client.cc:336: Error reporting task backlog information: IOError: 
[2022-01-10 14:05:01,824 I 13232 13534] raylet_client.cc:336: Error reporting task backlog information: IOError: 
[2022-01-10 14:05:02,824 I 13232 13534] raylet_client.cc:336: Error reporting task backlog information: IOError: 
[2022-01-10 14:05:03,824 I 13232 13534] raylet_client.cc:336: Error reporting task backlog information: IOError: 
[2022-01-10 14:05:04,824 I 13232 13534] raylet_client.cc:336: Error reporting task backlog information: IOError: 
[2022-01-10 14:05:05,824 I 13232 13534] raylet_client.cc:336: Error reporting task backlog information: IOError: 
[2022-01-10 14:05:06,824 I 13232 13534] raylet_client.cc:336: Error reporting task backlog information: IOError: 
[2022-01-10 14:05:07,824 I 13232 13534] raylet_client.cc:336: Error reporting task backlog information: IOError: 
[2022-01-10 14:05:08,824 I 13232 13534] raylet_client.cc:336: Error reporting task backlog information: IOError: 
[2022-01-10 14:05:08,856 W 13232 13535] metric_exporter.cc:206: Export metrics to agent failed: IOError: . This won't affect Ray, but you can lose metrics from the cluster.
[2022-01-10 14:05:09,824 I 13232 13534] raylet_client.cc:336: Error reporting task backlog information: IOError: 
[2022-01-10 14:05:10,824 I 13232 13534] raylet_client.cc:336: Error reporting task backlog information: IOError: 
[2022-01-10 14:05:11,824 I 13232 13534] raylet_client.cc:336: Error reporting task backlog information: IOError: 
[2022-01-10 14:05:12,825 I 13232 13534] raylet_client.cc:336: Error reporting task backlog information: IOError: 
[2022-01-10 14:05:13,825 I 13232 13534] raylet_client.cc:336: Error reporting task backlog information: IOError: 
[2022-01-10 14:05:14,825 I 13232 13534] raylet_client.cc:336: Error reporting task backlog information: IOError: 
[2022-01-10 14:05:15,825 I 13232 13534] raylet_client.cc:336: Error reporting task backlog information: IOError: 
[2022-01-10 14:05:16,825 I 13232 13534] raylet_client.cc:336: Error reporting task backlog information: IOError: 
[2022-01-10 14:05:17,825 I 13232 13534] raylet_client.cc:336: Error reporting task backlog information: IOError: 
[2022-01-10 14:05:18,825 I 13232 13534] raylet_client.cc:336: Error reporting task backlog information: IOError: 
[2022-01-10 14:05:18,864 W 13232 13535] metric_exporter.cc:206: Export metrics to agent failed: IOError: . This won't affect Ray, but you can lose metrics from the cluster.
[2022-01-10 14:05:19,825 I 13232 13534] raylet_client.cc:336: Error reporting task backlog information: IOError: 
[2022-01-10 14:05:20,825 I 13232 13534] raylet_client.cc:336: Error reporting task backlog information: IOError: 
[2022-01-10 14:05:21,825 I 13232 13534] raylet_client.cc:336: Error reporting task backlog information: IOError: 
[2022-01-10 14:05:22,825 I 13232 13534] raylet_client.cc:336: Error reporting task backlog information: IOError: 
[2022-01-10 14:05:23,825 I 13232 13534] raylet_client.cc:336: Error reporting task backlog information: IOError: 
[2022-01-10 14:05:24,825 I 13232 13534] raylet_client.cc:336: Error reporting task backlog information: IOError: 
[2022-01-10 14:05:25,825 I 13232 13534] raylet_client.cc:336: Error reporting task backlog information: IOError: 
[2022-01-10 14:05:26,826 I 13232 13534] raylet_client.cc:336: Error reporting task backlog information: IOError: 
[2022-01-10 14:05:27,826 I 13232 13534] raylet_client.cc:336: Error reporting task backlog information: IOError: 
[2022-01-10 14:05:28,826 I 13232 13534] raylet_client.cc:336: Error reporting task backlog information: IOError: 
[2022-01-10 14:05:28,871 W 13232 13535] metric_exporter.cc:206: Export metrics to agent failed: IOError: . This won't affect Ray, but you can lose metrics from the cluster.
[2022-01-10 14:05:29,826 I 13232 13534] raylet_client.cc:336: Error reporting task backlog information: IOError: 
[2022-01-10 14:05:30,826 I 13232 13534] raylet_client.cc:336: Error reporting task backlog information: IOError: 
[2022-01-10 14:05:31,826 I 13232 13534] raylet_client.cc:336: Error reporting task backlog information: IOError: 
[2022-01-10 14:05:32,826 I 13232 13534] raylet_client.cc:336: Error reporting task backlog information: IOError: 
[2022-01-10 14:05:33,826 I 13232 13534] raylet_client.cc:336: Error reporting task backlog information: IOError: 
[2022-01-10 14:05:34,826 I 13232 13534] raylet_client.cc:336: Error reporting task backlog information: IOError: 
[2022-01-10 14:05:35,826 I 13232 13534] raylet_client.cc:336: Error reporting task backlog information: IOError: 
[2022-01-10 14:05:36,826 I 13232 13534] raylet_client.cc:336: Error reporting task backlog information: IOError: 
[2022-01-10 14:05:37,826 I 13232 13534] raylet_client.cc:336: Error reporting task backlog information: IOError: 
[2022-01-10 14:05:38,826 I 13232 13534] raylet_client.cc:336: Error reporting task backlog information: IOError: 
[2022-01-10 14:05:38,878 W 13232 13535] metric_exporter.cc:206: Export metrics to agent failed: IOError: . This won't affect Ray, but you can lose metrics from the cluster.
[2022-01-10 14:05:39,827 I 13232 13534] raylet_client.cc:336: Error reporting task backlog information: IOError: 
[2022-01-10 14:05:40,827 I 13232 13534] raylet_client.cc:336: Error reporting task backlog information: IOError: 
[2022-01-10 14:05:41,827 I 13232 13534] raylet_client.cc:336: Error reporting task backlog information: IOError: 
[2022-01-10 14:05:42,827 I 13232 13534] raylet_client.cc:336: Error reporting task backlog information: IOError: 
[2022-01-10 14:05:43,827 I 13232 13534] raylet_client.cc:336: Error reporting task backlog information: IOError: 
[2022-01-10 14:05:44,827 I 13232 13534] raylet_client.cc:336: Error reporting task backlog information: IOError: 
[2022-01-10 14:05:45,827 I 13232 13534] raylet_client.cc:336: Error reporting task backlog information: IOError: 
[2022-01-10 14:05:46,827 I 13232 13534] raylet_client.cc:336: Error reporting task backlog information: IOError: 
[2022-01-10 14:05:47,827 I 13232 13534] raylet_client.cc:336: Error reporting task backlog information: IOError: 
[2022-01-10 14:05:48,827 I 13232 13534] raylet_client.cc:336: Error reporting task backlog information: IOError: 
[2022-01-10 14:05:48,884 W 13232 13535] metric_exporter.cc:206: Export metrics to agent failed: IOError: . This won't affect Ray, but you can lose metrics from the cluster.
[2022-01-10 14:05:49,827 I 13232 13534] raylet_client.cc:336: Error reporting task backlog information: IOError: 
[2022-01-10 14:05:50,827 I 13232 13534] raylet_client.cc:336: Error reporting task backlog information: IOError: 
[2022-01-10 14:05:51,827 I 13232 13534] raylet_client.cc:336: Error reporting task backlog information: IOError: 
[2022-01-10 14:05:52,827 I 13232 13534] raylet_client.cc:336: Error reporting task backlog information: IOError: 
[2022-01-10 14:05:53,827 I 13232 13534] raylet_client.cc:336: Error reporting task backlog information: IOError: 
[2022-01-10 14:05:54,828 I 13232 13534] raylet_client.cc:336: Error reporting task backlog information: IOError: 
[2022-01-10 14:05:55,828 I 13232 13534] raylet_client.cc:336: Error reporting task backlog information: IOError: 
[2022-01-10 14:05:56,828 I 13232 13534] raylet_client.cc:336: Error reporting task backlog information: IOError: 
[2022-01-10 14:05:57,828 I 13232 13534] raylet_client.cc:336: Error reporting task backlog information: IOError: 
[2022-01-10 14:05:58,828 I 13232 13534] raylet_client.cc:336: Error reporting task backlog information: IOError: 
[2022-01-10 14:05:58,892 W 13232 13535] metric_exporter.cc:206: Export metrics to agent failed: IOError: . This won't affect Ray, but you can lose metrics from the cluster.
[2022-01-10 14:05:59,828 I 13232 13534] raylet_client.cc:336: Error reporting task backlog information: IOError: 
[2022-01-10 14:06:00,828 I 13232 13534] raylet_client.cc:336: Error reporting task backlog information: IOError: 
[2022-01-10 14:06:01,828 I 13232 13534] raylet_client.cc:336: Error reporting task backlog information: IOError: 
[2022-01-10 14:06:02,828 I 13232 13534] raylet_client.cc:336: Error reporting task backlog information: IOError: 
[2022-01-10 14:06:03,828 I 13232 13534] raylet_client.cc:336: Error reporting task backlog information: IOError: 
[2022-01-10 14:06:04,828 I 13232 13534] raylet_client.cc:336: Error reporting task backlog information: IOError: 
[2022-01-10 14:06:05,828 I 13232 13534] raylet_client.cc:336: Error reporting task backlog information: IOError: 
[2022-01-10 14:06:06,828 I 13232 13534] raylet_client.cc:336: Error reporting task backlog information: IOError: 
[2022-01-10 14:06:07,829 I 13232 13534] raylet_client.cc:336: Error reporting task backlog information: IOError: 
[2022-01-10 14:06:08,829 I 13232 13534] raylet_client.cc:336: Error reporting task backlog information: IOError: 
[2022-01-10 14:06:08,899 W 13232 13535] metric_exporter.cc:206: Export metrics to agent failed: IOError: . This won't affect Ray, but you can lose metrics from the cluster.
[2022-01-10 14:06:09,829 I 13232 13534] raylet_client.cc:336: Error reporting task backlog information: IOError: 
[2022-01-10 14:06:10,829 I 13232 13534] raylet_client.cc:336: Error reporting task backlog information: IOError: 
[2022-01-10 14:06:11,829 I 13232 13534] raylet_client.cc:336: Error reporting task backlog information: IOError: 
[2022-01-10 14:06:12,829 I 13232 13534] raylet_client.cc:336: Error reporting task backlog information: IOError: 
[2022-01-10 14:06:13,829 I 13232 13534] raylet_client.cc:336: Error reporting task backlog information: IOError: 
[2022-01-10 14:06:14,829 I 13232 13534] raylet_client.cc:336: Error reporting task backlog information: IOError: 
[2022-01-10 14:06:15,829 I 13232 13534] raylet_client.cc:336: Error reporting task backlog information: IOError: 
[2022-01-10 14:06:16,829 I 13232 13534] raylet_client.cc:336: Error reporting task backlog information: IOError: 
[2022-01-10 14:06:17,829 I 13232 13534] raylet_client.cc:336: Error reporting task backlog information: IOError: 
[2022-01-10 14:06:18,829 I 13232 13534] raylet_client.cc:336: Error reporting task backlog information: IOError: 
[2022-01-10 14:06:18,907 W 13232 13535] metric_exporter.cc:206: Export metrics to agent failed: IOError: . This won't affect Ray, but you can lose metrics from the cluster.
[2022-01-10 14:06:19,829 I 13232 13534] raylet_client.cc:336: Error reporting task backlog information: IOError: 
[2022-01-10 14:06:20,829 I 13232 13534] raylet_client.cc:336: Error reporting task backlog information: IOError: 
[2022-01-10 14:06:21,830 I 13232 13534] raylet_client.cc:336: Error reporting task backlog information: IOError: 
[2022-01-10 14:06:22,830 I 13232 13534] raylet_client.cc:336: Error reporting task backlog information: IOError: 
[2022-01-10 14:06:23,830 I 13232 13534] raylet_client.cc:336: Error reporting task backlog information: IOError: 
[2022-01-10 14:06:24,830 I 13232 13534] raylet_client.cc:336: Error reporting task backlog information: IOError: 
[2022-01-10 14:06:25,830 I 13232 13534] raylet_client.cc:336: Error reporting task backlog information: IOError: 
[2022-01-10 14:06:26,830 I 13232 13534] raylet_client.cc:336: Error reporting task backlog information: IOError: 
[2022-01-10 14:06:27,830 I 13232 13534] raylet_client.cc:336: Error reporting task backlog information: IOError: 
[2022-01-10 14:06:28,830 I 13232 13534] raylet_client.cc:336: Error reporting task backlog information: IOError: 
[2022-01-10 14:06:28,913 W 13232 13535] metric_exporter.cc:206: Export metrics to agent failed: IOError: . This won't affect Ray, but you can lose metrics from the cluster.
[2022-01-10 14:06:29,830 I 13232 13534] raylet_client.cc:336: Error reporting task backlog information: IOError: 
[2022-01-10 14:06:30,830 I 13232 13534] raylet_client.cc:336: Error reporting task backlog information: IOError: 
[2022-01-10 14:06:31,830 I 13232 13534] raylet_client.cc:336: Error reporting task backlog information: IOError: 
[2022-01-10 14:06:32,830 I 13232 13534] raylet_client.cc:336: Error reporting task backlog information: IOError: 
[2022-01-10 14:06:33,830 I 13232 13534] raylet_client.cc:336: Error reporting task backlog information: IOError: 
[2022-01-10 14:06:34,831 I 13232 13534] raylet_client.cc:336: Error reporting task backlog information: IOError: 
[2022-01-10 14:06:35,831 I 13232 13534] raylet_client.cc:336: Error reporting task backlog information: IOError: 
[2022-01-10 14:06:36,831 I 13232 13534] raylet_client.cc:336: Error reporting task backlog information: IOError: 
[2022-01-10 14:06:37,831 I 13232 13534] raylet_client.cc:336: Error reporting task backlog information: IOError: 
[2022-01-10 14:06:38,831 I 13232 13534] raylet_client.cc:336: Error reporting task backlog information: IOError: 
[2022-01-10 14:06:38,920 W 13232 13535] metric_exporter.cc:206: Export metrics to agent failed: IOError: . This won't affect Ray, but you can lose metrics from the cluster.
[2022-01-10 14:06:39,831 I 13232 13534] raylet_client.cc:336: Error reporting task backlog information: IOError: 
[2022-01-10 14:06:40,831 I 13232 13534] raylet_client.cc:336: Error reporting task backlog information: IOError: 
[2022-01-10 14:06:41,831 I 13232 13534] raylet_client.cc:336: Error reporting task backlog information: IOError: 
[2022-01-10 14:06:42,831 I 13232 13534] raylet_client.cc:336: Error reporting task backlog information: IOError: 
[2022-01-10 14:06:43,831 I 13232 13534] raylet_client.cc:336: Error reporting task backlog information: IOError: 
[2022-01-10 14:06:44,831 I 13232 13534] raylet_client.cc:336: Error reporting task backlog information: IOError: 
[2022-01-10 14:06:45,831 I 13232 13534] raylet_client.cc:336: Error reporting task backlog information: IOError: 
[2022-01-10 14:06:46,832 I 13232 13534] raylet_client.cc:336: Error reporting task backlog information: IOError: 
[2022-01-10 14:06:47,832 I 13232 13534] raylet_client.cc:336: Error reporting task backlog information: IOError: 
[2022-01-10 14:06:48,832 I 13232 13534] raylet_client.cc:336: Error reporting task backlog information: IOError: 
[2022-01-10 14:06:48,931 W 13232 13535] metric_exporter.cc:206: Export metrics to agent failed: IOError: . This won't affect Ray, but you can lose metrics from the cluster.
[2022-01-10 14:06:49,832 I 13232 13534] raylet_client.cc:336: Error reporting task backlog information: IOError: 
[2022-01-10 14:06:50,832 I 13232 13534] raylet_client.cc:336: Error reporting task backlog information: IOError: 
[2022-01-10 14:06:51,832 I 13232 13534] raylet_client.cc:336: Error reporting task backlog information: IOError: 
[2022-01-10 14:06:52,832 I 13232 13534] raylet_client.cc:336: Error reporting task backlog information: IOError: 
[2022-01-10 14:06:53,832 I 13232 13534] raylet_client.cc:336: Error reporting task backlog information: IOError: 
[2022-01-10 14:06:54,832 I 13232 13534] raylet_client.cc:336: Error reporting task backlog information: IOError: 
[2022-01-10 14:06:55,833 I 13232 13534] raylet_client.cc:336: Error reporting task backlog information: IOError: 
[2022-01-10 14:06:56,833 I 13232 13534] raylet_client.cc:336: Error reporting task backlog information: IOError: 
[2022-01-10 14:06:57,833 I 13232 13534] raylet_client.cc:336: Error reporting task backlog information: IOError: 
[2022-01-10 14:06:58,833 I 13232 13534] raylet_client.cc:336: Error reporting task backlog information: IOError: 
[2022-01-10 14:06:58,940 W 13232 13535] metric_exporter.cc:206: Export metrics to agent failed: IOError: . This won't affect Ray, but you can lose metrics from the cluster.
[2022-01-10 14:06:59,833 I 13232 13534] raylet_client.cc:336: Error reporting task backlog information: IOError: 
[2022-01-10 14:07:00,833 I 13232 13534] raylet_client.cc:336: Error reporting task backlog information: IOError: 
[2022-01-10 14:07:01,833 I 13232 13534] raylet_client.cc:336: Error reporting task backlog information: IOError: 
[2022-01-10 14:07:02,833 I 13232 13534] raylet_client.cc:336: Error reporting task backlog information: IOError: 
[2022-01-10 14:07:03,833 I 13232 13534] raylet_client.cc:336: Error reporting task backlog information: IOError: 
[2022-01-10 14:07:04,833 I 13232 13534] raylet_client.cc:336: Error reporting task backlog information: IOError: 
[2022-01-10 14:07:05,834 I 13232 13534] raylet_client.cc:336: Error reporting task backlog information: IOError: 
[2022-01-10 14:07:06,834 I 13232 13534] raylet_client.cc:336: Error reporting task backlog information: IOError: 
[2022-01-10 14:07:07,834 I 13232 13534] raylet_client.cc:336: Error reporting task backlog information: IOError: 
[2022-01-10 14:07:08,834 I 13232 13534] raylet_client.cc:336: Error reporting task backlog information: IOError: 
[2022-01-10 14:07:08,947 W 13232 13535] metric_exporter.cc:206: Export metrics to agent failed: IOError: . This won't affect Ray, but you can lose metrics from the cluster.
[2022-01-10 14:07:09,834 I 13232 13534] raylet_client.cc:336: Error reporting task backlog information: IOError: 
[2022-01-10 14:07:10,834 I 13232 13534] raylet_client.cc:336: Error reporting task backlog information: IOError: 
[2022-01-10 14:07:11,834 I 13232 13534] raylet_client.cc:336: Error reporting task backlog information: IOError: 
[2022-01-10 14:07:12,834 I 13232 13534] raylet_client.cc:336: Error reporting task backlog information: IOError: 
[2022-01-10 14:07:13,834 I 13232 13534] raylet_client.cc:336: Error reporting task backlog information: IOError: 
[2022-01-10 14:07:14,834 I 13232 13534] raylet_client.cc:336: Error reporting task backlog information: IOError: 
[2022-01-10 14:07:15,834 I 13232 13534] raylet_client.cc:336: Error reporting task backlog information: IOError: 
[2022-01-10 14:07:16,834 I 13232 13534] raylet_client.cc:336: Error reporting task backlog information: IOError: 
[2022-01-10 14:07:17,834 I 13232 13534] raylet_client.cc:336: Error reporting task backlog information: IOError: 
[2022-01-10 14:07:18,834 I 13232 13534] raylet_client.cc:336: Error reporting task backlog information: IOError: 
[2022-01-10 14:07:18,954 W 13232 13535] metric_exporter.cc:206: Export metrics to agent failed: IOError: . This won't affect Ray, but you can lose metrics from the cluster.
[2022-01-10 14:07:19,834 I 13232 13534] raylet_client.cc:336: Error reporting task backlog information: IOError: 
[2022-01-10 14:07:20,834 I 13232 13534] raylet_client.cc:336: Error reporting task backlog information: IOError: 
[2022-01-10 14:07:21,835 I 13232 13534] raylet_client.cc:336: Error reporting task backlog information: IOError: 
[2022-01-10 14:07:22,835 I 13232 13534] raylet_client.cc:336: Error reporting task backlog information: IOError: 
[2022-01-10 14:07:23,835 I 13232 13534] raylet_client.cc:336: Error reporting task backlog information: IOError: 
[2022-01-10 14:07:24,835 I 13232 13534] raylet_client.cc:336: Error reporting task backlog information: IOError: 
[2022-01-10 14:07:25,835 I 13232 13534] raylet_client.cc:336: Error reporting task backlog information: IOError: 
[2022-01-10 14:07:26,835 I 13232 13534] raylet_client.cc:336: Error reporting task backlog information: IOError: 
[2022-01-10 14:07:27,835 I 13232 13534] raylet_client.cc:336: Error reporting task backlog information: IOError: 
[2022-01-10 14:07:28,835 I 13232 13534] raylet_client.cc:336: Error reporting task backlog information: IOError: 
[2022-01-10 14:07:28,960 W 13232 13535] metric_exporter.cc:206: Export metrics to agent failed: IOError: . This won't affect Ray, but you can lose metrics from the cluster.
[2022-01-10 14:07:29,835 I 13232 13534] raylet_client.cc:336: Error reporting task backlog information: IOError: 
[2022-01-10 14:07:30,835 I 13232 13534] raylet_client.cc:336: Error reporting task backlog information: IOError: 
[2022-01-10 14:07:31,835 I 13232 13534] raylet_client.cc:336: Error reporting task backlog information: IOError: 
[2022-01-10 14:07:32,835 I 13232 13534] raylet_client.cc:336: Error reporting task backlog information: IOError: 
[2022-01-10 14:07:33,835 I 13232 13534] raylet_client.cc:336: Error reporting task backlog information: IOError: 
[2022-01-10 14:07:34,835 I 13232 13534] raylet_client.cc:336: Error reporting task backlog information: IOError: 
[2022-01-10 14:07:35,836 I 13232 13534] raylet_client.cc:336: Error reporting task backlog information: IOError: 
[2022-01-10 14:07:36,836 I 13232 13534] raylet_client.cc:336: Error reporting task backlog information: IOError: 
[2022-01-10 14:07:37,836 I 13232 13534] raylet_client.cc:336: Error reporting task backlog information: IOError: 
[2022-01-10 14:07:38,836 I 13232 13534] raylet_client.cc:336: Error reporting task backlog information: IOError: 
[2022-01-10 14:07:38,972 W 13232 13535] metric_exporter.cc:206: Export metrics to agent failed: IOError: . This won't affect Ray, but you can lose metrics from the cluster.
[2022-01-10 14:07:39,836 I 13232 13534] raylet_client.cc:336: Error reporting task backlog information: IOError: 
[2022-01-10 14:07:40,836 I 13232 13534] raylet_client.cc:336: Error reporting task backlog information: IOError: 
[2022-01-10 14:07:41,836 I 13232 13534] raylet_client.cc:336: Error reporting task backlog information: IOError: 
[2022-01-10 14:07:42,836 I 13232 13534] raylet_client.cc:336: Error reporting task backlog information: IOError: 
[2022-01-10 14:07:43,836 I 13232 13534] raylet_client.cc:336: Error reporting task backlog information: IOError: 
[2022-01-10 14:07:44,836 I 13232 13534] raylet_client.cc:336: Error reporting task backlog information: IOError: 
[2022-01-10 14:07:45,836 I 13232 13534] raylet_client.cc:336: Error reporting task backlog information: IOError: 
[2022-01-10 14:07:46,836 I 13232 13534] raylet_client.cc:336: Error reporting task backlog information: IOError: 
[2022-01-10 14:07:47,836 I 13232 13534] raylet_client.cc:336: Error reporting task backlog information: IOError: 
[2022-01-10 14:07:48,837 I 13232 13534] raylet_client.cc:336: Error reporting task backlog information: IOError: 
[2022-01-10 14:07:48,982 W 13232 13535] metric_exporter.cc:206: Export metrics to agent failed: IOError: . This won't affect Ray, but you can lose metrics from the cluster.
[2022-01-10 14:07:49,837 I 13232 13534] raylet_client.cc:336: Error reporting task backlog information: IOError: 
[2022-01-10 14:07:50,837 I 13232 13534] raylet_client.cc:336: Error reporting task backlog information: IOError: 
[2022-01-10 14:07:51,837 I 13232 13534] raylet_client.cc:336: Error reporting task backlog information: IOError: 
[2022-01-10 14:07:52,837 I 13232 13534] raylet_client.cc:336: Error reporting task backlog information: IOError: 
[2022-01-10 14:07:53,837 I 13232 13534] raylet_client.cc:336: Error reporting task backlog information: IOError: 
[2022-01-10 14:07:54,837 I 13232 13534] raylet_client.cc:336: Error reporting task backlog information: IOError: 
[2022-01-10 14:07:55,837 I 13232 13534] raylet_client.cc:336: Error reporting task backlog information: IOError: 
[2022-01-10 14:07:56,837 I 13232 13534] raylet_client.cc:336: Error reporting task backlog information: IOError: 
[2022-01-10 14:07:57,837 I 13232 13534] raylet_client.cc:336: Error reporting task backlog information: IOError: 
[2022-01-10 14:07:58,837 I 13232 13534] raylet_client.cc:336: Error reporting task backlog information: IOError: 
[2022-01-10 14:07:58,988 W 13232 13535] metric_exporter.cc:206: Export metrics to agent failed: IOError: . This won't affect Ray, but you can lose metrics from the cluster.
[2022-01-10 14:07:59,837 I 13232 13534] raylet_client.cc:336: Error reporting task backlog information: IOError: 
[2022-01-10 14:08:00,837 I 13232 13534] raylet_client.cc:336: Error reporting task backlog information: IOError: 
[2022-01-10 14:08:01,838 I 13232 13534] raylet_client.cc:336: Error reporting task backlog information: IOError: 
[2022-01-10 14:08:02,838 I 13232 13534] raylet_client.cc:336: Error reporting task backlog information: IOError: 
[2022-01-10 14:08:03,838 I 13232 13534] raylet_client.cc:336: Error reporting task backlog information: IOError: 
[2022-01-10 14:08:04,838 I 13232 13534] raylet_client.cc:336: Error reporting task backlog information: IOError: 
[2022-01-10 14:08:05,838 I 13232 13534] raylet_client.cc:336: Error reporting task backlog information: IOError: 
[2022-01-10 14:08:06,838 I 13232 13534] raylet_client.cc:336: Error reporting task backlog information: IOError: 
[2022-01-10 14:08:07,838 I 13232 13534] raylet_client.cc:336: Error reporting task backlog information: IOError: 
[2022-01-10 14:08:08,838 I 13232 13534] raylet_client.cc:336: Error reporting task backlog information: IOError: 
[2022-01-10 14:08:08,995 W 13232 13535] metric_exporter.cc:206: Export metrics to agent failed: IOError: . This won't affect Ray, but you can lose metrics from the cluster.
[2022-01-10 14:08:09,838 I 13232 13534] raylet_client.cc:336: Error reporting task backlog information: IOError: 
[2022-01-10 14:08:10,838 I 13232 13534] raylet_client.cc:336: Error reporting task backlog information: IOError: 
[2022-01-10 14:08:11,838 I 13232 13534] raylet_client.cc:336: Error reporting task backlog information: IOError: 
[2022-01-10 14:08:12,838 I 13232 13534] raylet_client.cc:336: Error reporting task backlog information: IOError: 
[2022-01-10 14:08:13,838 I 13232 13534] raylet_client.cc:336: Error reporting task backlog information: IOError: 
[2022-01-10 14:08:14,839 I 13232 13534] raylet_client.cc:336: Error reporting task backlog information: IOError: 
[2022-01-10 14:08:15,839 I 13232 13534] raylet_client.cc:336: Error reporting task backlog information: IOError: 
[2022-01-10 14:08:16,839 I 13232 13534] raylet_client.cc:336: Error reporting task backlog information: IOError: 
[2022-01-10 14:08:17,839 I 13232 13534] raylet_client.cc:336: Error reporting task backlog information: IOError: 
[2022-01-10 14:08:18,839 I 13232 13534] raylet_client.cc:336: Error reporting task backlog information: IOError: 
[2022-01-10 14:08:19,002 W 13232 13535] metric_exporter.cc:206: Export metrics to agent failed: IOError: . This won't affect Ray, but you can lose metrics from the cluster.
[2022-01-10 14:08:19,839 I 13232 13534] raylet_client.cc:336: Error reporting task backlog information: IOError: 
[2022-01-10 14:08:20,839 I 13232 13534] raylet_client.cc:336: Error reporting task backlog information: IOError: 
[2022-01-10 14:08:21,839 I 13232 13534] raylet_client.cc:336: Error reporting task backlog information: IOError: 
[2022-01-10 14:08:22,839 I 13232 13534] raylet_client.cc:336: Error reporting task backlog information: IOError: 
[2022-01-10 14:08:23,839 I 13232 13534] raylet_client.cc:336: Error reporting task backlog information: IOError: 
[2022-01-10 14:08:24,839 I 13232 13534] raylet_client.cc:336: Error reporting task backlog information: IOError: 
[2022-01-10 14:08:25,840 I 13232 13534] raylet_client.cc:336: Error reporting task backlog information: IOError: 
[2022-01-10 14:08:26,840 I 13232 13534] raylet_client.cc:336: Error reporting task backlog information: IOError: 
[2022-01-10 14:08:27,840 I 13232 13534] raylet_client.cc:336: Error reporting task backlog information: IOError: 
[2022-01-10 14:08:28,840 I 13232 13534] raylet_client.cc:336: Error reporting task backlog information: IOError: 
[2022-01-10 14:08:29,008 W 13232 13535] metric_exporter.cc:206: Export metrics to agent failed: IOError: . This won't affect Ray, but you can lose metrics from the cluster.
[2022-01-10 14:08:29,840 I 13232 13534] raylet_client.cc:336: Error reporting task backlog information: IOError: 
[2022-01-10 14:08:30,840 I 13232 13534] raylet_client.cc:336: Error reporting task backlog information: IOError: 
[2022-01-10 14:08:31,840 I 13232 13534] raylet_client.cc:336: Error reporting task backlog information: IOError: 
[2022-01-10 14:08:32,840 I 13232 13534] raylet_client.cc:336: Error reporting task backlog information: IOError: 
[2022-01-10 14:08:33,840 I 13232 13534] raylet_client.cc:336: Error reporting task backlog information: IOError: 
[2022-01-10 14:08:34,840 I 13232 13534] raylet_client.cc:336: Error reporting task backlog information: IOError: 
[2022-01-10 14:08:35,841 I 13232 13534] raylet_client.cc:336: Error reporting task backlog information: IOError: 
[2022-01-10 14:08:36,841 I 13232 13534] raylet_client.cc:336: Error reporting task backlog information: IOError: 
[2022-01-10 14:08:37,841 I 13232 13534] raylet_client.cc:336: Error reporting task backlog information: IOError: 
[2022-01-10 14:08:38,841 I 13232 13534] raylet_client.cc:336: Error reporting task backlog information: IOError: 
[2022-01-10 14:08:39,015 W 13232 13535] metric_exporter.cc:206: Export metrics to agent failed: IOError: . This won't affect Ray, but you can lose metrics from the cluster.
[2022-01-10 14:08:39,841 I 13232 13534] raylet_client.cc:336: Error reporting task backlog information: IOError: 
[2022-01-10 14:08:40,841 I 13232 13534] raylet_client.cc:336: Error reporting task backlog information: IOError: 
[2022-01-10 14:08:41,841 I 13232 13534] raylet_client.cc:336: Error reporting task backlog information: IOError: 
[2022-01-10 14:08:42,841 I 13232 13534] raylet_client.cc:336: Error reporting task backlog information: IOError: 
[2022-01-10 14:08:43,841 I 13232 13534] raylet_client.cc:336: Error reporting task backlog information: IOError: 
[2022-01-10 14:08:44,841 I 13232 13534] raylet_client.cc:336: Error reporting task backlog information: IOError: 
[2022-01-10 14:08:45,841 I 13232 13534] raylet_client.cc:336: Error reporting task backlog information: IOError: 
[2022-01-10 14:08:46,842 I 13232 13534] raylet_client.cc:336: Error reporting task backlog information: IOError: 
[2022-01-10 14:08:47,842 I 13232 13534] raylet_client.cc:336: Error reporting task backlog information: IOError: 
[2022-01-10 14:08:48,842 I 13232 13534] raylet_client.cc:336: Error reporting task backlog information: IOError: 
[2022-01-10 14:08:49,025 W 13232 13535] metric_exporter.cc:206: Export metrics to agent failed: IOError: . This won't affect Ray, but you can lose metrics from the cluster.
[2022-01-10 14:08:49,843 I 13232 13534] raylet_client.cc:336: Error reporting task backlog information: IOError: 
[2022-01-10 14:08:50,842 I 13232 13534] raylet_client.cc:336: Error reporting task backlog information: IOError: 
[2022-01-10 14:08:51,842 I 13232 13534] raylet_client.cc:336: Error reporting task backlog information: IOError: 
[2022-01-10 14:08:52,842 I 13232 13534] raylet_client.cc:336: Error reporting task backlog information: IOError: 
[2022-01-10 14:08:53,842 I 13232 13534] raylet_client.cc:336: Error reporting task backlog information: IOError: 
[2022-01-10 14:08:54,842 I 13232 13534] raylet_client.cc:336: Error reporting task backlog information: IOError: 
[2022-01-10 14:08:55,842 I 13232 13534] raylet_client.cc:336: Error reporting task backlog information: IOError: 
[2022-01-10 14:08:56,842 I 13232 13534] raylet_client.cc:336: Error reporting task backlog information: IOError: 
[2022-01-10 14:08:57,843 I 13232 13534] raylet_client.cc:336: Error reporting task backlog information: IOError: 
[2022-01-10 14:08:58,843 I 13232 13534] raylet_client.cc:336: Error reporting task backlog information: IOError: 
[2022-01-10 14:08:59,031 W 13232 13535] metric_exporter.cc:206: Export metrics to agent failed: IOError: . This won't affect Ray, but you can lose metrics from the cluster.
[2022-01-10 14:08:59,843 I 13232 13534] raylet_client.cc:336: Error reporting task backlog information: IOError: 
[2022-01-10 14:09:00,843 I 13232 13534] raylet_client.cc:336: Error reporting task backlog information: IOError: 
[2022-01-10 14:09:01,843 I 13232 13534] raylet_client.cc:336: Error reporting task backlog information: IOError: 
[2022-01-10 14:09:02,843 I 13232 13534] raylet_client.cc:336: Error reporting task backlog information: IOError: 
[2022-01-10 14:09:03,843 I 13232 13534] raylet_client.cc:336: Error reporting task backlog information: IOError: 
[2022-01-10 14:09:04,843 I 13232 13534] raylet_client.cc:336: Error reporting task backlog information: IOError: 
[2022-01-10 14:09:05,843 I 13232 13534] raylet_client.cc:336: Error reporting task backlog information: IOError: 
[2022-01-10 14:09:06,843 I 13232 13534] raylet_client.cc:336: Error reporting task backlog information: IOError: 
[2022-01-10 14:09:07,843 I 13232 13534] raylet_client.cc:336: Error reporting task backlog information: IOError: 
[2022-01-10 14:09:08,843 I 13232 13534] raylet_client.cc:336: Error reporting task backlog information: IOError: 
[2022-01-10 14:09:09,040 W 13232 13535] metric_exporter.cc:206: Export metrics to agent failed: IOError: . This won't affect Ray, but you can lose metrics from the cluster.
[2022-01-10 14:09:09,844 I 13232 13534] raylet_client.cc:336: Error reporting task backlog information: IOError: 
[2022-01-10 14:09:10,844 I 13232 13534] raylet_client.cc:336: Error reporting task backlog information: IOError: 
[2022-01-10 14:09:11,844 I 13232 13534] raylet_client.cc:336: Error reporting task backlog information: IOError: 
[2022-01-10 14:09:12,844 I 13232 13534] raylet_client.cc:336: Error reporting task backlog information: IOError: 
[2022-01-10 14:09:13,844 I 13232 13534] raylet_client.cc:336: Error reporting task backlog information: IOError: 
[2022-01-10 14:09:14,844 I 13232 13534] raylet_client.cc:336: Error reporting task backlog information: IOError: 
[2022-01-10 14:09:15,844 I 13232 13534] raylet_client.cc:336: Error reporting task backlog information: IOError: 
[2022-01-10 14:09:16,844 I 13232 13534] raylet_client.cc:336: Error reporting task backlog information: IOError: 
[2022-01-10 14:09:17,844 I 13232 13534] raylet_client.cc:336: Error reporting task backlog information: IOError: 
[2022-01-10 14:09:18,844 I 13232 13534] raylet_client.cc:336: Error reporting task backlog information: IOError: 
[2022-01-10 14:09:19,050 W 13232 13535] metric_exporter.cc:206: Export metrics to agent failed: IOError: . This won't affect Ray, but you can lose metrics from the cluster.
[2022-01-10 14:09:19,844 I 13232 13534] raylet_client.cc:336: Error reporting task backlog information: IOError: 
[2022-01-10 14:09:20,844 I 13232 13534] raylet_client.cc:336: Error reporting task backlog information: IOError: 
[2022-01-10 14:09:21,845 I 13232 13534] raylet_client.cc:336: Error reporting task backlog information: IOError: 
[2022-01-10 14:09:22,845 I 13232 13534] raylet_client.cc:336: Error reporting task backlog information: IOError: 
[2022-01-10 14:09:23,845 I 13232 13534] raylet_client.cc:336: Error reporting task backlog information: IOError: 
[2022-01-10 14:09:24,845 I 13232 13534] raylet_client.cc:336: Error reporting task backlog information: IOError: 
[2022-01-10 14:09:25,845 I 13232 13534] raylet_client.cc:336: Error reporting task backlog information: IOError: 
[2022-01-10 14:09:26,845 I 13232 13534] raylet_client.cc:336: Error reporting task backlog information: IOError: 
[2022-01-10 14:09:27,845 I 13232 13534] raylet_client.cc:336: Error reporting task backlog information: IOError: 
[2022-01-10 14:09:28,845 I 13232 13534] raylet_client.cc:336: Error reporting task backlog information: IOError: 
[2022-01-10 14:09:29,056 W 13232 13535] metric_exporter.cc:206: Export metrics to agent failed: IOError: . This won't affect Ray, but you can lose metrics from the cluster.
[2022-01-10 14:09:29,845 I 13232 13534] raylet_client.cc:336: Error reporting task backlog information: IOError: 
[2022-01-10 14:09:30,845 I 13232 13534] raylet_client.cc:336: Error reporting task backlog information: IOError: 
[2022-01-10 14:09:31,710 W 13232 13418] gcs_server_address_updater.cc:61: [301] Failed to get the gcs server address from raylet 301 times in a row. If it keeps failing to obtain the address, the worker might crash. Connection status IOError: 
[2022-01-10 14:09:31,845 I 13232 13534] raylet_client.cc:336: Error reporting task backlog information: IOError: 
[2022-01-10 14:09:32,845 I 13232 13534] raylet_client.cc:336: Error reporting task backlog information: IOError: 
[2022-01-10 14:09:33,845 I 13232 13534] raylet_client.cc:336: Error reporting task backlog information: IOError: 
[2022-01-10 14:09:34,846 I 13232 13534] raylet_client.cc:336: Error reporting task backlog information: IOError: 
[2022-01-10 14:09:35,846 I 13232 13534] raylet_client.cc:336: Error reporting task backlog information: IOError: 
[2022-01-10 14:09:36,846 I 13232 13534] raylet_client.cc:336: Error reporting task backlog information: IOError: 
[2022-01-10 14:09:37,846 I 13232 13534] raylet_client.cc:336: Error reporting task backlog information: IOError: 
[2022-01-10 14:09:38,846 I 13232 13534] raylet_client.cc:336: Error reporting task backlog information: IOError: 
[2022-01-10 14:09:39,063 W 13232 13535] metric_exporter.cc:206: Export metrics to agent failed: IOError: . This won't affect Ray, but you can lose metrics from the cluster.
[2022-01-10 14:09:39,846 I 13232 13534] raylet_client.cc:336: Error reporting task backlog information: IOError: 
[2022-01-10 14:09:40,846 I 13232 13534] raylet_client.cc:336: Error reporting task backlog information: IOError: 
[2022-01-10 14:09:41,846 I 13232 13534] raylet_client.cc:336: Error reporting task backlog information: IOError: 
[2022-01-10 14:09:42,846 I 13232 13534] raylet_client.cc:336: Error reporting task backlog information: IOError: 
[2022-01-10 14:09:43,846 I 13232 13534] raylet_client.cc:336: Error reporting task backlog information: IOError: 
[2022-01-10 14:09:44,846 I 13232 13534] raylet_client.cc:336: Error reporting task backlog information: IOError: 
[2022-01-10 14:09:45,847 I 13232 13534] raylet_client.cc:336: Error reporting task backlog information: IOError: 
[2022-01-10 14:09:46,847 I 13232 13534] raylet_client.cc:336: Error reporting task backlog information: IOError: 
[2022-01-10 14:09:47,847 I 13232 13534] raylet_client.cc:336: Error reporting task backlog information: IOError: 
[2022-01-10 14:09:48,847 I 13232 13534] raylet_client.cc:336: Error reporting task backlog information: IOError: 
[2022-01-10 14:09:49,070 W 13232 13535] metric_exporter.cc:206: Export metrics to agent failed: IOError: . This won't affect Ray, but you can lose metrics from the cluster.
[2022-01-10 14:09:49,847 I 13232 13534] raylet_client.cc:336: Error reporting task backlog information: IOError: 
[2022-01-10 14:09:50,847 I 13232 13534] raylet_client.cc:336: Error reporting task backlog information: IOError: 
[2022-01-10 14:09:51,847 I 13232 13534] raylet_client.cc:336: Error reporting task backlog information: IOError: 
[2022-01-10 14:09:52,847 I 13232 13534] raylet_client.cc:336: Error reporting task backlog information: IOError: 
[2022-01-10 14:09:53,847 I 13232 13534] raylet_client.cc:336: Error reporting task backlog information: IOError: 
[2022-01-10 14:09:54,848 I 13232 13534] raylet_client.cc:336: Error reporting task backlog information: IOError: 
[2022-01-10 14:09:55,848 I 13232 13534] raylet_client.cc:336: Error reporting task backlog information: IOError: 
[2022-01-10 14:09:56,848 I 13232 13534] raylet_client.cc:336: Error reporting task backlog information: IOError: 
[2022-01-10 14:09:57,848 I 13232 13534] raylet_client.cc:336: Error reporting task backlog information: IOError: 
[2022-01-10 14:09:58,848 I 13232 13534] raylet_client.cc:336: Error reporting task backlog information: IOError: 
[2022-01-10 14:09:59,077 W 13232 13535] metric_exporter.cc:206: Export metrics to agent failed: IOError: . This won't affect Ray, but you can lose metrics from the cluster.
[2022-01-10 14:09:59,848 I 13232 13534] raylet_client.cc:336: Error reporting task backlog information: IOError: 
[2022-01-10 14:10:00,848 I 13232 13534] raylet_client.cc:336: Error reporting task backlog information: IOError: 
[2022-01-10 14:10:01,848 I 13232 13534] raylet_client.cc:336: Error reporting task backlog information: IOError: 
[2022-01-10 14:10:02,848 I 13232 13534] raylet_client.cc:336: Error reporting task backlog information: IOError: 
[2022-01-10 14:10:03,848 I 13232 13534] raylet_client.cc:336: Error reporting task backlog information: IOError: 
[2022-01-10 14:10:04,848 I 13232 13534] raylet_client.cc:336: Error reporting task backlog information: IOError: 
[2022-01-10 14:10:05,848 I 13232 13534] raylet_client.cc:336: Error reporting task backlog information: IOError: 
[2022-01-10 14:10:06,848 I 13232 13534] raylet_client.cc:336: Error reporting task backlog information: IOError: 
[2022-01-10 14:10:07,849 I 13232 13534] raylet_client.cc:336: Error reporting task backlog information: IOError: 
[2022-01-10 14:10:08,849 I 13232 13534] raylet_client.cc:336: Error reporting task backlog information: IOError: 
[2022-01-10 14:10:09,086 W 13232 13535] metric_exporter.cc:206: Export metrics to agent failed: IOError: . This won't affect Ray, but you can lose metrics from the cluster.
[2022-01-10 14:10:09,849 I 13232 13534] raylet_client.cc:336: Error reporting task backlog information: IOError: 
[2022-01-10 14:10:10,849 I 13232 13534] raylet_client.cc:336: Error reporting task backlog information: IOError: 
[2022-01-10 14:10:11,849 I 13232 13534] raylet_client.cc:336: Error reporting task backlog information: IOError: 
[2022-01-10 14:10:12,849 I 13232 13534] raylet_client.cc:336: Error reporting task backlog information: IOError: 
[2022-01-10 14:10:13,849 I 13232 13534] raylet_client.cc:336: Error reporting task backlog information: IOError: 
[2022-01-10 14:10:14,849 I 13232 13534] raylet_client.cc:336: Error reporting task backlog information: IOError: 
[2022-01-10 14:10:15,849 I 13232 13534] raylet_client.cc:336: Error reporting task backlog information: IOError: 
[2022-01-10 14:10:16,849 I 13232 13534] raylet_client.cc:336: Error reporting task backlog information: IOError: 
[2022-01-10 14:10:17,849 I 13232 13534] raylet_client.cc:336: Error reporting task backlog information: IOError: 
[2022-01-10 14:10:18,849 I 13232 13534] raylet_client.cc:336: Error reporting task backlog information: IOError: 
[2022-01-10 14:10:19,094 W 13232 13535] metric_exporter.cc:206: Export metrics to agent failed: IOError: . This won't affect Ray, but you can lose metrics from the cluster.
[2022-01-10 14:10:19,849 I 13232 13534] raylet_client.cc:336: Error reporting task backlog information: IOError: 
[2022-01-10 14:10:20,849 I 13232 13534] raylet_client.cc:336: Error reporting task backlog information: IOError: 
[2022-01-10 14:10:21,849 I 13232 13534] raylet_client.cc:336: Error reporting task backlog information: IOError: 
[2022-01-10 14:10:22,850 I 13232 13534] raylet_client.cc:336: Error reporting task backlog information: IOError: 
[2022-01-10 14:10:23,850 I 13232 13534] raylet_client.cc:336: Error reporting task backlog information: IOError: 
[2022-01-10 14:10:24,850 I 13232 13534] raylet_client.cc:336: Error reporting task backlog information: IOError: 
[2022-01-10 14:10:25,850 I 13232 13534] raylet_client.cc:336: Error reporting task backlog information: IOError: 
[2022-01-10 14:10:26,850 I 13232 13534] raylet_client.cc:336: Error reporting task backlog information: IOError: 
[2022-01-10 14:10:27,850 I 13232 13534] raylet_client.cc:336: Error reporting task backlog information: IOError: 
[2022-01-10 14:10:28,850 I 13232 13534] raylet_client.cc:336: Error reporting task backlog information: IOError: 
[2022-01-10 14:10:29,101 W 13232 13535] metric_exporter.cc:206: Export metrics to agent failed: IOError: . This won't affect Ray, but you can lose metrics from the cluster.
[2022-01-10 14:10:29,850 I 13232 13534] raylet_client.cc:336: Error reporting task backlog information: IOError: 
[2022-01-10 14:10:30,850 I 13232 13534] raylet_client.cc:336: Error reporting task backlog information: IOError: 
[2022-01-10 14:10:31,850 I 13232 13534] raylet_client.cc:336: Error reporting task backlog information: IOError: 
[2022-01-10 14:10:32,850 I 13232 13534] raylet_client.cc:336: Error reporting task backlog information: IOError: 
[2022-01-10 14:10:33,851 I 13232 13534] raylet_client.cc:336: Error reporting task backlog information: IOError: 
[2022-01-10 14:10:34,851 I 13232 13534] raylet_client.cc:336: Error reporting task backlog information: IOError: 
[2022-01-10 14:10:35,851 I 13232 13534] raylet_client.cc:336: Error reporting task backlog information: IOError: 
[2022-01-10 14:10:36,851 I 13232 13534] raylet_client.cc:336: Error reporting task backlog information: IOError: 
[2022-01-10 14:10:37,851 I 13232 13534] raylet_client.cc:336: Error reporting task backlog information: IOError: 
[2022-01-10 14:10:38,851 I 13232 13534] raylet_client.cc:336: Error reporting task backlog information: IOError: 
[2022-01-10 14:10:39,109 W 13232 13535] metric_exporter.cc:206: Export metrics to agent failed: IOError: . This won't affect Ray, but you can lose metrics from the cluster.
[2022-01-10 14:10:39,851 I 13232 13534] raylet_client.cc:336: Error reporting task backlog information: IOError: 
[2022-01-10 14:10:40,851 I 13232 13534] raylet_client.cc:336: Error reporting task backlog information: IOError: 
[2022-01-10 14:10:41,851 I 13232 13534] raylet_client.cc:336: Error reporting task backlog information: IOError: 
[2022-01-10 14:10:42,851 I 13232 13534] raylet_client.cc:336: Error reporting task backlog information: IOError: 
[2022-01-10 14:10:43,851 I 13232 13534] raylet_client.cc:336: Error reporting task backlog information: IOError: 
[2022-01-10 14:10:44,851 I 13232 13534] raylet_client.cc:336: Error reporting task backlog information: IOError: 
[2022-01-10 14:10:45,852 I 13232 13534] raylet_client.cc:336: Error reporting task backlog information: IOError: 
[2022-01-10 14:10:46,852 I 13232 13534] raylet_client.cc:336: Error reporting task backlog information: IOError: 
[2022-01-10 14:10:47,852 I 13232 13534] raylet_client.cc:336: Error reporting task backlog information: IOError: 
[2022-01-10 14:10:48,852 I 13232 13534] raylet_client.cc:336: Error reporting task backlog information: IOError: 
[2022-01-10 14:10:49,123 W 13232 13535] metric_exporter.cc:206: Export metrics to agent failed: IOError: . This won't affect Ray, but you can lose metrics from the cluster.
[2022-01-10 14:10:49,852 I 13232 13534] raylet_client.cc:336: Error reporting task backlog information: IOError: 
[2022-01-10 14:10:50,852 I 13232 13534] raylet_client.cc:336: Error reporting task backlog information: IOError: 
[2022-01-10 14:10:51,852 I 13232 13534] raylet_client.cc:336: Error reporting task backlog information: IOError: 
[2022-01-10 14:10:52,852 I 13232 13534] raylet_client.cc:336: Error reporting task backlog information: IOError: 
[2022-01-10 14:10:53,852 I 13232 13534] raylet_client.cc:336: Error reporting task backlog information: IOError: 
[2022-01-10 14:10:54,852 I 13232 13534] raylet_client.cc:336: Error reporting task backlog information: IOError: 
[2022-01-10 14:10:55,852 I 13232 13534] raylet_client.cc:336: Error reporting task backlog information: IOError: 
[2022-01-10 14:10:56,852 I 13232 13534] raylet_client.cc:336: Error reporting task backlog information: IOError: 
[2022-01-10 14:10:57,852 I 13232 13534] raylet_client.cc:336: Error reporting task backlog information: IOError: 
[2022-01-10 14:10:58,853 I 13232 13534] raylet_client.cc:336: Error reporting task backlog information: IOError: 
[2022-01-10 14:10:59,130 W 13232 13535] metric_exporter.cc:206: Export metrics to agent failed: IOError: . This won't affect Ray, but you can lose metrics from the cluster.
[2022-01-10 14:10:59,853 I 13232 13534] raylet_client.cc:336: Error reporting task backlog information: IOError: 
[2022-01-10 14:11:00,853 I 13232 13534] raylet_client.cc:336: Error reporting task backlog information: IOError: 
[2022-01-10 14:11:01,853 I 13232 13534] raylet_client.cc:336: Error reporting task backlog information: IOError: 
[2022-01-10 14:11:02,853 I 13232 13534] raylet_client.cc:336: Error reporting task backlog information: IOError: 
[2022-01-10 14:11:03,853 I 13232 13534] raylet_client.cc:336: Error reporting task backlog information: IOError: 
[2022-01-10 14:11:04,853 I 13232 13534] raylet_client.cc:336: Error reporting task backlog information: IOError: 
[2022-01-10 14:11:05,853 I 13232 13534] raylet_client.cc:336: Error reporting task backlog information: IOError: 
[2022-01-10 14:11:06,853 I 13232 13534] raylet_client.cc:336: Error reporting task backlog information: IOError: 
[2022-01-10 14:11:07,853 I 13232 13534] raylet_client.cc:336: Error reporting task backlog information: IOError: 
[2022-01-10 14:11:08,853 I 13232 13534] raylet_client.cc:336: Error reporting task backlog information: IOError: 
[2022-01-10 14:11:09,136 W 13232 13535] metric_exporter.cc:206: Export metrics to agent failed: IOError: . This won't affect Ray, but you can lose metrics from the cluster.
[2022-01-10 14:11:09,858 I 13232 13534] raylet_client.cc:336: Error reporting task backlog information: IOError: 
[2022-01-10 14:11:10,858 I 13232 13534] raylet_client.cc:336: Error reporting task backlog information: IOError: 
[2022-01-10 14:11:11,858 I 13232 13534] raylet_client.cc:336: Error reporting task backlog information: IOError: 
[2022-01-10 14:11:12,858 I 13232 13534] raylet_client.cc:336: Error reporting task backlog information: IOError: 
[2022-01-10 14:11:13,858 I 13232 13534] raylet_client.cc:336: Error reporting task backlog information: IOError: 
[2022-01-10 14:11:14,858 I 13232 13534] raylet_client.cc:336: Error reporting task backlog information: IOError: 
[2022-01-10 14:11:15,858 I 13232 13534] raylet_client.cc:336: Error reporting task backlog information: IOError: 
[2022-01-10 14:11:16,858 I 13232 13534] raylet_client.cc:336: Error reporting task backlog information: IOError: 
[2022-01-10 14:11:17,858 I 13232 13534] raylet_client.cc:336: Error reporting task backlog information: IOError: 
[2022-01-10 14:11:18,858 I 13232 13534] raylet_client.cc:336: Error reporting task backlog information: IOError: 
[2022-01-10 14:11:19,145 W 13232 13535] metric_exporter.cc:206: Export metrics to agent failed: IOError: . This won't affect Ray, but you can lose metrics from the cluster.
[2022-01-10 14:11:19,858 I 13232 13534] raylet_client.cc:336: Error reporting task backlog information: IOError: 
[2022-01-10 14:11:20,859 I 13232 13534] raylet_client.cc:336: Error reporting task backlog information: IOError: 
[2022-01-10 14:11:21,859 I 13232 13534] raylet_client.cc:336: Error reporting task backlog information: IOError: 
[2022-01-10 14:11:22,859 I 13232 13534] raylet_client.cc:336: Error reporting task backlog information: IOError: 
[2022-01-10 14:11:23,859 I 13232 13534] raylet_client.cc:336: Error reporting task backlog information: IOError: 
[2022-01-10 14:11:24,859 I 13232 13534] raylet_client.cc:336: Error reporting task backlog information: IOError: 
[2022-01-10 14:11:25,859 I 13232 13534] raylet_client.cc:336: Error reporting task backlog information: IOError: 
[2022-01-10 14:11:26,859 I 13232 13534] raylet_client.cc:336: Error reporting task backlog information: IOError: 
[2022-01-10 14:11:27,859 I 13232 13534] raylet_client.cc:336: Error reporting task backlog information: IOError: 
[2022-01-10 14:11:28,859 I 13232 13534] raylet_client.cc:336: Error reporting task backlog information: IOError: 
[2022-01-10 14:11:29,151 W 13232 13535] metric_exporter.cc:206: Export metrics to agent failed: IOError: . This won't affect Ray, but you can lose metrics from the cluster.
[2022-01-10 14:11:29,859 I 13232 13534] raylet_client.cc:336: Error reporting task backlog information: IOError: 
[2022-01-10 14:11:30,859 I 13232 13534] raylet_client.cc:336: Error reporting task backlog information: IOError: 
[2022-01-10 14:11:31,859 I 13232 13534] raylet_client.cc:336: Error reporting task backlog information: IOError: 
[2022-01-10 14:11:32,859 I 13232 13534] raylet_client.cc:336: Error reporting task backlog information: IOError: 
[2022-01-10 14:11:33,859 I 13232 13534] raylet_client.cc:336: Error reporting task backlog information: IOError: 
[2022-01-10 14:11:34,859 I 13232 13534] raylet_client.cc:336: Error reporting task backlog information: IOError: 
[2022-01-10 14:11:35,859 I 13232 13534] raylet_client.cc:336: Error reporting task backlog information: IOError: 
[2022-01-10 14:11:36,860 I 13232 13534] raylet_client.cc:336: Error reporting task backlog information: IOError: 
[2022-01-10 14:11:37,860 I 13232 13534] raylet_client.cc:336: Error reporting task backlog information: IOError: 
[2022-01-10 14:11:38,860 I 13232 13534] raylet_client.cc:336: Error reporting task backlog information: IOError: 
[2022-01-10 14:11:39,158 W 13232 13535] metric_exporter.cc:206: Export metrics to agent failed: IOError: . This won't affect Ray, but you can lose metrics from the cluster.
[2022-01-10 14:11:39,860 I 13232 13534] raylet_client.cc:336: Error reporting task backlog information: IOError: 
[2022-01-10 14:11:40,860 I 13232 13534] raylet_client.cc:336: Error reporting task backlog information: IOError: 
[2022-01-10 14:11:41,860 I 13232 13534] raylet_client.cc:336: Error reporting task backlog information: IOError: 
[2022-01-10 14:11:42,860 I 13232 13534] raylet_client.cc:336: Error reporting task backlog information: IOError: 
[2022-01-10 14:11:43,860 I 13232 13534] raylet_client.cc:336: Error reporting task backlog information: IOError: 
[2022-01-10 14:11:44,860 I 13232 13534] raylet_client.cc:336: Error reporting task backlog information: IOError: 
[2022-01-10 14:11:45,860 I 13232 13534] raylet_client.cc:336: Error reporting task backlog information: IOError: 
[2022-01-10 14:11:46,860 I 13232 13534] raylet_client.cc:336: Error reporting task backlog information: IOError: 
[2022-01-10 14:11:47,860 I 13232 13534] raylet_client.cc:336: Error reporting task backlog information: IOError: 
[2022-01-10 14:11:48,860 I 13232 13534] raylet_client.cc:336: Error reporting task backlog information: IOError: 
[2022-01-10 14:11:49,165 W 13232 13535] metric_exporter.cc:206: Export metrics to agent failed: IOError: . This won't affect Ray, but you can lose metrics from the cluster.
[2022-01-10 14:11:49,861 I 13232 13534] raylet_client.cc:336: Error reporting task backlog information: IOError: 
[2022-01-10 14:11:50,861 I 13232 13534] raylet_client.cc:336: Error reporting task backlog information: IOError: 
[2022-01-10 14:11:51,861 I 13232 13534] raylet_client.cc:336: Error reporting task backlog information: IOError: 
[2022-01-10 14:11:52,861 I 13232 13534] raylet_client.cc:336: Error reporting task backlog information: IOError: 
[2022-01-10 14:11:53,861 I 13232 13534] raylet_client.cc:336: Error reporting task backlog information: IOError: 
[2022-01-10 14:11:54,861 I 13232 13534] raylet_client.cc:336: Error reporting task backlog information: IOError: 
[2022-01-10 14:11:55,861 I 13232 13534] raylet_client.cc:336: Error reporting task backlog information: IOError: 
[2022-01-10 14:11:56,861 I 13232 13534] raylet_client.cc:336: Error reporting task backlog information: IOError: 
[2022-01-10 14:11:57,861 I 13232 13534] raylet_client.cc:336: Error reporting task backlog information: IOError: 
[2022-01-10 14:11:58,861 I 13232 13534] raylet_client.cc:336: Error reporting task backlog information: IOError: 
[2022-01-10 14:11:59,172 W 13232 13535] metric_exporter.cc:206: Export metrics to agent failed: IOError: . This won't affect Ray, but you can lose metrics from the cluster.
[2022-01-10 14:11:59,861 I 13232 13534] raylet_client.cc:336: Error reporting task backlog information: IOError: 
[2022-01-10 14:12:00,862 I 13232 13534] raylet_client.cc:336: Error reporting task backlog information: IOError: 
[2022-01-10 14:12:01,862 I 13232 13534] raylet_client.cc:336: Error reporting task backlog information: IOError: 
[2022-01-10 14:12:02,862 I 13232 13534] raylet_client.cc:336: Error reporting task backlog information: IOError: 
[2022-01-10 14:12:03,862 I 13232 13534] raylet_client.cc:336: Error reporting task backlog information: IOError: 
[2022-01-10 14:12:04,862 I 13232 13534] raylet_client.cc:336: Error reporting task backlog information: IOError: 
[2022-01-10 14:12:05,862 I 13232 13534] raylet_client.cc:336: Error reporting task backlog information: IOError: 
[2022-01-10 14:12:06,862 I 13232 13534] raylet_client.cc:336: Error reporting task backlog information: IOError: 
[2022-01-10 14:12:07,862 I 13232 13534] raylet_client.cc:336: Error reporting task backlog information: IOError: 
[2022-01-10 14:12:08,862 I 13232 13534] raylet_client.cc:336: Error reporting task backlog information: IOError: 
[2022-01-10 14:12:09,182 W 13232 13535] metric_exporter.cc:206: Export metrics to agent failed: IOError: . This won't affect Ray, but you can lose metrics from the cluster.
[2022-01-10 14:12:09,862 I 13232 13534] raylet_client.cc:336: Error reporting task backlog information: IOError: 
[2022-01-10 14:12:10,862 I 13232 13534] raylet_client.cc:336: Error reporting task backlog information: IOError: 
[2022-01-10 14:12:11,862 I 13232 13534] raylet_client.cc:336: Error reporting task backlog information: IOError: 
[2022-01-10 14:12:12,863 I 13232 13534] raylet_client.cc:336: Error reporting task backlog information: IOError: 
[2022-01-10 14:12:13,863 I 13232 13534] raylet_client.cc:336: Error reporting task backlog information: IOError: 
[2022-01-10 14:12:14,863 I 13232 13534] raylet_client.cc:336: Error reporting task backlog information: IOError: 
[2022-01-10 14:12:15,863 I 13232 13534] raylet_client.cc:336: Error reporting task backlog information: IOError: 
[2022-01-10 14:12:16,863 I 13232 13534] raylet_client.cc:336: Error reporting task backlog information: IOError: 
[2022-01-10 14:12:17,863 I 13232 13534] raylet_client.cc:336: Error reporting task backlog information: IOError: 
[2022-01-10 14:12:18,863 I 13232 13534] raylet_client.cc:336: Error reporting task backlog information: IOError: 
[2022-01-10 14:12:19,190 W 13232 13535] metric_exporter.cc:206: Export metrics to agent failed: IOError: . This won't affect Ray, but you can lose metrics from the cluster.
[2022-01-10 14:12:19,863 I 13232 13534] raylet_client.cc:336: Error reporting task backlog information: IOError: 
[2022-01-10 14:12:20,863 I 13232 13534] raylet_client.cc:336: Error reporting task backlog information: IOError: 
[2022-01-10 14:12:21,863 I 13232 13534] raylet_client.cc:336: Error reporting task backlog information: IOError: 
[2022-01-10 14:12:22,863 I 13232 13534] raylet_client.cc:336: Error reporting task backlog information: IOError: 
[2022-01-10 14:12:23,863 I 13232 13534] raylet_client.cc:336: Error reporting task backlog information: IOError: 
[2022-01-10 14:12:24,864 I 13232 13534] raylet_client.cc:336: Error reporting task backlog information: IOError: 
[2022-01-10 14:12:25,864 I 13232 13534] raylet_client.cc:336: Error reporting task backlog information: IOError: 
[2022-01-10 14:12:26,864 I 13232 13534] raylet_client.cc:336: Error reporting task backlog information: IOError: 
[2022-01-10 14:12:27,864 I 13232 13534] raylet_client.cc:336: Error reporting task backlog information: IOError: 
[2022-01-10 14:12:28,864 I 13232 13534] raylet_client.cc:336: Error reporting task backlog information: IOError: 
[2022-01-10 14:12:29,197 W 13232 13535] metric_exporter.cc:206: Export metrics to agent failed: IOError: . This won't affect Ray, but you can lose metrics from the cluster.
[2022-01-10 14:12:29,864 I 13232 13534] raylet_client.cc:336: Error reporting task backlog information: IOError: 
[2022-01-10 14:12:30,864 I 13232 13534] raylet_client.cc:336: Error reporting task backlog information: IOError: 
[2022-01-10 14:12:31,864 I 13232 13534] raylet_client.cc:336: Error reporting task backlog information: IOError: 
[2022-01-10 14:12:32,864 I 13232 13534] raylet_client.cc:336: Error reporting task backlog information: IOError: 
[2022-01-10 14:12:33,864 I 13232 13534] raylet_client.cc:336: Error reporting task backlog information: IOError: 
[2022-01-10 14:12:34,864 I 13232 13534] raylet_client.cc:336: Error reporting task backlog information: IOError: 
[2022-01-10 14:12:35,865 I 13232 13534] raylet_client.cc:336: Error reporting task backlog information: IOError: 
[2022-01-10 14:12:36,865 I 13232 13534] raylet_client.cc:336: Error reporting task backlog information: IOError: 
[2022-01-10 14:12:37,865 I 13232 13534] raylet_client.cc:336: Error reporting task backlog information: IOError: 
[2022-01-10 14:12:38,865 I 13232 13534] raylet_client.cc:336: Error reporting task backlog information: IOError: 
[2022-01-10 14:12:39,203 W 13232 13535] metric_exporter.cc:206: Export metrics to agent failed: IOError: . This won't affect Ray, but you can lose metrics from the cluster.
[2022-01-10 14:12:39,865 I 13232 13534] raylet_client.cc:336: Error reporting task backlog information: IOError: 
[2022-01-10 14:12:40,865 I 13232 13534] raylet_client.cc:336: Error reporting task backlog information: IOError: 
[2022-01-10 14:12:41,865 I 13232 13534] raylet_client.cc:336: Error reporting task backlog information: IOError: 
[2022-01-10 14:12:42,865 I 13232 13534] raylet_client.cc:336: Error reporting task backlog information: IOError: 
[2022-01-10 14:12:43,865 I 13232 13534] raylet_client.cc:336: Error reporting task backlog information: IOError: 
[2022-01-10 14:12:44,865 I 13232 13534] raylet_client.cc:336: Error reporting task backlog information: IOError: 
[2022-01-10 14:12:45,865 I 13232 13534] raylet_client.cc:336: Error reporting task backlog information: IOError: 
[2022-01-10 14:12:46,865 I 13232 13534] raylet_client.cc:336: Error reporting task backlog information: IOError: 
[2022-01-10 14:12:47,865 I 13232 13534] raylet_client.cc:336: Error reporting task backlog information: IOError: 
[2022-01-10 14:12:48,866 I 13232 13534] raylet_client.cc:336: Error reporting task backlog information: IOError: 
[2022-01-10 14:12:49,217 W 13232 13535] metric_exporter.cc:206: Export metrics to agent failed: IOError: . This won't affect Ray, but you can lose metrics from the cluster.
[2022-01-10 14:12:49,866 I 13232 13534] raylet_client.cc:336: Error reporting task backlog information: IOError: 
[2022-01-10 14:12:50,866 I 13232 13534] raylet_client.cc:336: Error reporting task backlog information: IOError: 
[2022-01-10 14:12:51,866 I 13232 13534] raylet_client.cc:336: Error reporting task backlog information: IOError: 
[2022-01-10 14:12:52,866 I 13232 13534] raylet_client.cc:336: Error reporting task backlog information: IOError: 
[2022-01-10 14:12:53,866 I 13232 13534] raylet_client.cc:336: Error reporting task backlog information: IOError: 
[2022-01-10 14:12:54,866 I 13232 13534] raylet_client.cc:336: Error reporting task backlog information: IOError: 
[2022-01-10 14:12:55,866 I 13232 13534] raylet_client.cc:336: Error reporting task backlog information: IOError: 
[2022-01-10 14:12:56,866 I 13232 13534] raylet_client.cc:336: Error reporting task backlog information: IOError: 
[2022-01-10 14:12:57,866 I 13232 13534] raylet_client.cc:336: Error reporting task backlog information: IOError: 
[2022-01-10 14:12:58,866 I 13232 13534] raylet_client.cc:336: Error reporting task backlog information: IOError: 
[2022-01-10 14:12:59,224 W 13232 13535] metric_exporter.cc:206: Export metrics to agent failed: IOError: . This won't affect Ray, but you can lose metrics from the cluster.
[2022-01-10 14:12:59,866 I 13232 13534] raylet_client.cc:336: Error reporting task backlog information: IOError: 
[2022-01-10 14:13:00,867 I 13232 13534] raylet_client.cc:336: Error reporting task backlog information: IOError: 
[2022-01-10 14:13:01,867 I 13232 13534] raylet_client.cc:336: Error reporting task backlog information: IOError: 
[2022-01-10 14:13:02,867 I 13232 13534] raylet_client.cc:336: Error reporting task backlog information: IOError: 
[2022-01-10 14:13:03,867 I 13232 13534] raylet_client.cc:336: Error reporting task backlog information: IOError: 
[2022-01-10 14:13:04,867 I 13232 13534] raylet_client.cc:336: Error reporting task backlog information: IOError: 
[2022-01-10 14:13:05,867 I 13232 13534] raylet_client.cc:336: Error reporting task backlog information: IOError: 
[2022-01-10 14:13:06,867 I 13232 13534] raylet_client.cc:336: Error reporting task backlog information: IOError: 
[2022-01-10 14:13:07,867 I 13232 13534] raylet_client.cc:336: Error reporting task backlog information: IOError: 
[2022-01-10 14:13:08,867 I 13232 13534] raylet_client.cc:336: Error reporting task backlog information: IOError: 
[2022-01-10 14:13:09,232 W 13232 13535] metric_exporter.cc:206: Export metrics to agent failed: IOError: . This won't affect Ray, but you can lose metrics from the cluster.
[2022-01-10 14:13:09,867 I 13232 13534] raylet_client.cc:336: Error reporting task backlog information: IOError: 
[2022-01-10 14:13:10,867 I 13232 13534] raylet_client.cc:336: Error reporting task backlog information: IOError: 
[2022-01-10 14:13:11,868 I 13232 13534] raylet_client.cc:336: Error reporting task backlog information: IOError: 
[2022-01-10 14:13:12,868 I 13232 13534] raylet_client.cc:336: Error reporting task backlog information: IOError: 
[2022-01-10 14:13:13,868 I 13232 13534] raylet_client.cc:336: Error reporting task backlog information: IOError: 
[2022-01-10 14:13:14,868 I 13232 13534] raylet_client.cc:336: Error reporting task backlog information: IOError: 
[2022-01-10 14:13:15,868 I 13232 13534] raylet_client.cc:336: Error reporting task backlog information: IOError: 
[2022-01-10 14:13:16,868 I 13232 13534] raylet_client.cc:336: Error reporting task backlog information: IOError: 
[2022-01-10 14:13:17,868 I 13232 13534] raylet_client.cc:336: Error reporting task backlog information: IOError: 
[2022-01-10 14:13:18,868 I 13232 13534] raylet_client.cc:336: Error reporting task backlog information: IOError: 
[2022-01-10 14:13:19,239 W 13232 13535] metric_exporter.cc:206: Export metrics to agent failed: IOError: . This won't affect Ray, but you can lose metrics from the cluster.
[2022-01-10 14:13:19,868 I 13232 13534] raylet_client.cc:336: Error reporting task backlog information: IOError: 
[2022-01-10 14:13:20,868 I 13232 13534] raylet_client.cc:336: Error reporting task backlog information: IOError: 
[2022-01-10 14:13:21,868 I 13232 13534] raylet_client.cc:336: Error reporting task backlog information: IOError: 
[2022-01-10 14:13:22,869 I 13232 13534] raylet_client.cc:336: Error reporting task backlog information: IOError: 
[2022-01-10 14:13:23,869 I 13232 13534] raylet_client.cc:336: Error reporting task backlog information: IOError: 
[2022-01-10 14:13:24,869 I 13232 13534] raylet_client.cc:336: Error reporting task backlog information: IOError: 
[2022-01-10 14:13:25,869 I 13232 13534] raylet_client.cc:336: Error reporting task backlog information: IOError: 
[2022-01-10 14:13:26,869 I 13232 13534] raylet_client.cc:336: Error reporting task backlog information: IOError: 
[2022-01-10 14:13:27,869 I 13232 13534] raylet_client.cc:336: Error reporting task backlog information: IOError: 
[2022-01-10 14:13:28,869 I 13232 13534] raylet_client.cc:336: Error reporting task backlog information: IOError: 
[2022-01-10 14:13:29,246 W 13232 13535] metric_exporter.cc:206: Export metrics to agent failed: IOError: . This won't affect Ray, but you can lose metrics from the cluster.
[2022-01-10 14:13:29,869 I 13232 13534] raylet_client.cc:336: Error reporting task backlog information: IOError: 
[2022-01-10 14:13:30,869 I 13232 13534] raylet_client.cc:336: Error reporting task backlog information: IOError: 
[2022-01-10 14:13:31,869 I 13232 13534] raylet_client.cc:336: Error reporting task backlog information: IOError: 
[2022-01-10 14:13:32,869 I 13232 13534] raylet_client.cc:336: Error reporting task backlog information: IOError: 
[2022-01-10 14:13:33,870 I 13232 13534] raylet_client.cc:336: Error reporting task backlog information: IOError: 
[2022-01-10 14:13:34,870 I 13232 13534] raylet_client.cc:336: Error reporting task backlog information: IOError: 
[2022-01-10 14:13:35,870 I 13232 13534] raylet_client.cc:336: Error reporting task backlog information: IOError: 
[2022-01-10 14:13:36,870 I 13232 13534] raylet_client.cc:336: Error reporting task backlog information: IOError: 
[2022-01-10 14:13:37,870 I 13232 13534] raylet_client.cc:336: Error reporting task backlog information: IOError: 
[2022-01-10 14:13:38,870 I 13232 13534] raylet_client.cc:336: Error reporting task backlog information: IOError: 
[2022-01-10 14:13:39,265 W 13232 13535] metric_exporter.cc:206: Export metrics to agent failed: IOError: . This won't affect Ray, but you can lose metrics from the cluster.
[2022-01-10 14:13:39,870 I 13232 13534] raylet_client.cc:336: Error reporting task backlog information: IOError: 
[2022-01-10 14:13:40,870 I 13232 13534] raylet_client.cc:336: Error reporting task backlog information: IOError: 
[2022-01-10 14:13:41,870 I 13232 13534] raylet_client.cc:336: Error reporting task backlog information: IOError: 
[2022-01-10 14:13:42,870 I 13232 13534] raylet_client.cc:336: Error reporting task backlog information: IOError: 
[2022-01-10 14:13:43,870 I 13232 13534] raylet_client.cc:336: Error reporting task backlog information: IOError: 
[2022-01-10 14:13:44,870 I 13232 13534] raylet_client.cc:336: Error reporting task backlog information: IOError: 
[2022-01-10 14:13:45,870 I 13232 13534] raylet_client.cc:336: Error reporting task backlog information: IOError: 
[2022-01-10 14:13:46,870 I 13232 13534] raylet_client.cc:336: Error reporting task backlog information: IOError: 
[2022-01-10 14:13:47,871 I 13232 13534] raylet_client.cc:336: Error reporting task backlog information: IOError: 
[2022-01-10 14:13:48,871 I 13232 13534] raylet_client.cc:336: Error reporting task backlog information: IOError: 
[2022-01-10 14:13:49,272 W 13232 13535] metric_exporter.cc:206: Export metrics to agent failed: IOError: . This won't affect Ray, but you can lose metrics from the cluster.
[2022-01-10 14:13:49,871 I 13232 13534] raylet_client.cc:336: Error reporting task backlog information: IOError: 
[2022-01-10 14:13:50,871 I 13232 13534] raylet_client.cc:336: Error reporting task backlog information: IOError: 
[2022-01-10 14:13:51,871 I 13232 13534] raylet_client.cc:336: Error reporting task backlog information: IOError: 
[2022-01-10 14:13:52,871 I 13232 13534] raylet_client.cc:336: Error reporting task backlog information: IOError: 
[2022-01-10 14:13:53,871 I 13232 13534] raylet_client.cc:336: Error reporting task backlog information: IOError: 
[2022-01-10 14:13:54,871 I 13232 13534] raylet_client.cc:336: Error reporting task backlog information: IOError: 
[2022-01-10 14:13:55,871 I 13232 13534] raylet_client.cc:336: Error reporting task backlog information: IOError: 
[2022-01-10 14:13:56,871 I 13232 13534] raylet_client.cc:336: Error reporting task backlog information: IOError: 
[2022-01-10 14:13:57,871 I 13232 13534] raylet_client.cc:336: Error reporting task backlog information: IOError: 
[2022-01-10 14:13:58,871 I 13232 13534] raylet_client.cc:336: Error reporting task backlog information: IOError: 
[2022-01-10 14:13:59,281 W 13232 13535] metric_exporter.cc:206: Export metrics to agent failed: IOError: . This won't affect Ray, but you can lose metrics from the cluster.
[2022-01-10 14:13:59,871 I 13232 13534] raylet_client.cc:336: Error reporting task backlog information: IOError: 
[2022-01-10 14:14:00,872 I 13232 13534] raylet_client.cc:336: Error reporting task backlog information: IOError: 
[2022-01-10 14:14:01,872 I 13232 13534] raylet_client.cc:336: Error reporting task backlog information: IOError: 
[2022-01-10 14:14:02,872 I 13232 13534] raylet_client.cc:336: Error reporting task backlog information: IOError: 
[2022-01-10 14:14:03,872 I 13232 13534] raylet_client.cc:336: Error reporting task backlog information: IOError: 
[2022-01-10 14:14:04,872 I 13232 13534] raylet_client.cc:336: Error reporting task backlog information: IOError: 
[2022-01-10 14:14:05,872 I 13232 13534] raylet_client.cc:336: Error reporting task backlog information: IOError: 
[2022-01-10 14:14:06,872 I 13232 13534] raylet_client.cc:336: Error reporting task backlog information: IOError: 
[2022-01-10 14:14:07,872 I 13232 13534] raylet_client.cc:336: Error reporting task backlog information: IOError: 
[2022-01-10 14:14:08,872 I 13232 13534] raylet_client.cc:336: Error reporting task backlog information: IOError: 
[2022-01-10 14:14:09,288 W 13232 13535] metric_exporter.cc:206: Export metrics to agent failed: IOError: . This won't affect Ray, but you can lose metrics from the cluster.
[2022-01-10 14:14:09,872 I 13232 13534] raylet_client.cc:336: Error reporting task backlog information: IOError: 
[2022-01-10 14:14:10,872 I 13232 13534] raylet_client.cc:336: Error reporting task backlog information: IOError: 
[2022-01-10 14:14:11,872 I 13232 13534] raylet_client.cc:336: Error reporting task backlog information: IOError: 
[2022-01-10 14:14:12,873 I 13232 13534] raylet_client.cc:336: Error reporting task backlog information: IOError: 
[2022-01-10 14:14:13,873 I 13232 13534] raylet_client.cc:336: Error reporting task backlog information: IOError: 
[2022-01-10 14:14:14,873 I 13232 13534] raylet_client.cc:336: Error reporting task backlog information: IOError: 
[2022-01-10 14:14:15,873 I 13232 13534] raylet_client.cc:336: Error reporting task backlog information: IOError: 
[2022-01-10 14:14:16,873 I 13232 13534] raylet_client.cc:336: Error reporting task backlog information: IOError: 
[2022-01-10 14:14:17,873 I 13232 13534] raylet_client.cc:336: Error reporting task backlog information: IOError: 
[2022-01-10 14:14:18,873 I 13232 13534] raylet_client.cc:336: Error reporting task backlog information: IOError: 
[2022-01-10 14:14:19,297 W 13232 13535] metric_exporter.cc:206: Export metrics to agent failed: IOError: . This won't affect Ray, but you can lose metrics from the cluster.
[2022-01-10 14:14:19,873 I 13232 13534] raylet_client.cc:336: Error reporting task backlog information: IOError: 
[2022-01-10 14:14:20,873 I 13232 13534] raylet_client.cc:336: Error reporting task backlog information: IOError: 
[2022-01-10 14:14:21,873 I 13232 13534] raylet_client.cc:336: Error reporting task backlog information: IOError: 
[2022-01-10 14:14:22,873 I 13232 13534] raylet_client.cc:336: Error reporting task backlog information: IOError: 
[2022-01-10 14:14:23,873 I 13232 13534] raylet_client.cc:336: Error reporting task backlog information: IOError: 
[2022-01-10 14:14:24,874 I 13232 13534] raylet_client.cc:336: Error reporting task backlog information: IOError: 
[2022-01-10 14:14:25,874 I 13232 13534] raylet_client.cc:336: Error reporting task backlog information: IOError: 
[2022-01-10 14:14:26,874 I 13232 13534] raylet_client.cc:336: Error reporting task backlog information: IOError: 
[2022-01-10 14:14:27,874 I 13232 13534] raylet_client.cc:336: Error reporting task backlog information: IOError: 
[2022-01-10 14:14:28,874 I 13232 13534] raylet_client.cc:336: Error reporting task backlog information: IOError: 
[2022-01-10 14:14:29,303 W 13232 13535] metric_exporter.cc:206: Export metrics to agent failed: IOError: . This won't affect Ray, but you can lose metrics from the cluster.
[2022-01-10 14:14:29,874 I 13232 13534] raylet_client.cc:336: Error reporting task backlog information: IOError: 
[2022-01-10 14:14:30,730 E 13232 13418] gcs_server_address_updater.cc:76: Failed to receive the GCS address for 600 times without success. The worker will exit ungracefully. It is because GCS has died. It could be because there was an issue that kills GCS, such as high memory usage triggering OOM killer to kill GCS. Cluster will be highly likely unavailable if you see this log. Please check the log from gcs_server.err.
