[2022-01-10 13:52:38,190 I 7813 7813] core_worker.cc:132: Constructing CoreWorkerProcess. pid: 7813
[2022-01-10 13:52:38,297 I 7813 7813] grpc_server.cc:112: worker server started, listening on port 45485.
[2022-01-10 13:52:38,301 I 7813 7813] core_worker.cc:479: Initializing worker at address: 131.215.21.210:45485, worker ID 9c29ab947f29b4aa90e9d589d4a33abab23eafef9330b5255e4701f0, raylet 390f8b42bb448f3e70d662490a796dfa7cb7f119dc88d150775106ab
[2022-01-10 13:52:38,410 I 7813 7813] io_service_pool.cc:35: IOServicePool is running with 1 io_service.
[2022-01-10 13:52:38,452 I 7813 8094] accessor.cc:560: Received notification for node id = 390f8b42bb448f3e70d662490a796dfa7cb7f119dc88d150775106ab, IsAlive = 1
[2022-01-10 13:52:39,308 W 7813 7973] gcs_server_address_updater.cc:61: [1] Failed to get the gcs server address from raylet 1 times in a row. If it keeps failing to obtain the address, the worker might crash. Connection status IOError: 
[2022-01-10 13:52:40,307 I 7813 8094] raylet_client.cc:336: Error reporting task backlog information: IOError: 
[2022-01-10 13:52:40,452 I 7813 8094] raylet_client.cc:336: Error reporting task backlog information: IOError: 
[2022-01-10 13:52:41,452 I 7813 8094] raylet_client.cc:336: Error reporting task backlog information: IOError: 
[2022-01-10 13:52:42,452 I 7813 8094] raylet_client.cc:336: Error reporting task backlog information: IOError: 
[2022-01-10 13:52:43,452 I 7813 8094] raylet_client.cc:336: Error reporting task backlog information: IOError: 
[2022-01-10 13:52:44,452 I 7813 8094] raylet_client.cc:336: Error reporting task backlog information: IOError: 
[2022-01-10 13:52:45,452 I 7813 8094] raylet_client.cc:336: Error reporting task backlog information: IOError: 
[2022-01-10 13:52:46,452 I 7813 8094] raylet_client.cc:336: Error reporting task backlog information: IOError: 
[2022-01-10 13:52:47,452 I 7813 8094] raylet_client.cc:336: Error reporting task backlog information: IOError: 
[2022-01-10 13:52:48,419 W 7813 8095] metric_exporter.cc:206: Export metrics to agent failed: IOError: . This won't affect Ray, but you can lose metrics from the cluster.
[2022-01-10 13:52:48,452 I 7813 8094] raylet_client.cc:336: Error reporting task backlog information: IOError: 
[2022-01-10 13:52:49,452 I 7813 8094] raylet_client.cc:336: Error reporting task backlog information: IOError: 
[2022-01-10 13:52:50,452 I 7813 8094] raylet_client.cc:336: Error reporting task backlog information: IOError: 
[2022-01-10 13:52:51,453 I 7813 8094] raylet_client.cc:336: Error reporting task backlog information: IOError: 
[2022-01-10 13:52:52,453 I 7813 8094] raylet_client.cc:336: Error reporting task backlog information: IOError: 
[2022-01-10 13:52:53,453 I 7813 8094] raylet_client.cc:336: Error reporting task backlog information: IOError: 
[2022-01-10 13:52:54,453 I 7813 8094] raylet_client.cc:336: Error reporting task backlog information: IOError: 
[2022-01-10 13:52:55,453 I 7813 8094] raylet_client.cc:336: Error reporting task backlog information: IOError: 
[2022-01-10 13:52:56,453 I 7813 8094] raylet_client.cc:336: Error reporting task backlog information: IOError: 
[2022-01-10 13:52:57,453 I 7813 8094] raylet_client.cc:336: Error reporting task backlog information: IOError: 
[2022-01-10 13:52:58,426 W 7813 8095] metric_exporter.cc:206: Export metrics to agent failed: IOError: . This won't affect Ray, but you can lose metrics from the cluster.
[2022-01-10 13:52:58,453 I 7813 8094] raylet_client.cc:336: Error reporting task backlog information: IOError: 
[2022-01-10 13:52:59,453 I 7813 8094] raylet_client.cc:336: Error reporting task backlog information: IOError: 
[2022-01-10 13:53:00,453 I 7813 8094] raylet_client.cc:336: Error reporting task backlog information: IOError: 
[2022-01-10 13:53:01,454 I 7813 8094] raylet_client.cc:336: Error reporting task backlog information: IOError: 
[2022-01-10 13:53:02,454 I 7813 8094] raylet_client.cc:336: Error reporting task backlog information: IOError: 
[2022-01-10 13:53:03,454 I 7813 8094] raylet_client.cc:336: Error reporting task backlog information: IOError: 
[2022-01-10 13:53:04,454 I 7813 8094] raylet_client.cc:336: Error reporting task backlog information: IOError: 
[2022-01-10 13:53:05,454 I 7813 8094] raylet_client.cc:336: Error reporting task backlog information: IOError: 
[2022-01-10 13:53:06,454 I 7813 8094] raylet_client.cc:336: Error reporting task backlog information: IOError: 
[2022-01-10 13:53:07,454 I 7813 8094] raylet_client.cc:336: Error reporting task backlog information: IOError: 
[2022-01-10 13:53:08,433 W 7813 8095] metric_exporter.cc:206: Export metrics to agent failed: IOError: . This won't affect Ray, but you can lose metrics from the cluster.
[2022-01-10 13:53:08,454 I 7813 8094] raylet_client.cc:336: Error reporting task backlog information: IOError: 
[2022-01-10 13:53:09,454 I 7813 8094] raylet_client.cc:336: Error reporting task backlog information: IOError: 
[2022-01-10 13:53:10,454 I 7813 8094] raylet_client.cc:336: Error reporting task backlog information: IOError: 
[2022-01-10 13:53:11,455 I 7813 8094] raylet_client.cc:336: Error reporting task backlog information: IOError: 
[2022-01-10 13:53:12,455 I 7813 8094] raylet_client.cc:336: Error reporting task backlog information: IOError: 
[2022-01-10 13:53:13,455 I 7813 8094] raylet_client.cc:336: Error reporting task backlog information: IOError: 
[2022-01-10 13:53:14,455 I 7813 8094] raylet_client.cc:336: Error reporting task backlog information: IOError: 
[2022-01-10 13:53:15,455 I 7813 8094] raylet_client.cc:336: Error reporting task backlog information: IOError: 
[2022-01-10 13:53:16,455 I 7813 8094] raylet_client.cc:336: Error reporting task backlog information: IOError: 
[2022-01-10 13:53:17,455 I 7813 8094] raylet_client.cc:336: Error reporting task backlog information: IOError: 
[2022-01-10 13:53:18,441 W 7813 8095] metric_exporter.cc:206: Export metrics to agent failed: IOError: . This won't affect Ray, but you can lose metrics from the cluster.
[2022-01-10 13:53:18,455 I 7813 8094] raylet_client.cc:336: Error reporting task backlog information: IOError: 
[2022-01-10 13:53:19,455 I 7813 8094] raylet_client.cc:336: Error reporting task backlog information: IOError: 
[2022-01-10 13:53:20,455 I 7813 8094] raylet_client.cc:336: Error reporting task backlog information: IOError: 
[2022-01-10 13:53:21,456 I 7813 8094] raylet_client.cc:336: Error reporting task backlog information: IOError: 
[2022-01-10 13:53:22,456 I 7813 8094] raylet_client.cc:336: Error reporting task backlog information: IOError: 
[2022-01-10 13:53:23,456 I 7813 8094] raylet_client.cc:336: Error reporting task backlog information: IOError: 
[2022-01-10 13:53:24,456 I 7813 8094] raylet_client.cc:336: Error reporting task backlog information: IOError: 
[2022-01-10 13:53:25,456 I 7813 8094] raylet_client.cc:336: Error reporting task backlog information: IOError: 
[2022-01-10 13:53:26,456 I 7813 8094] raylet_client.cc:336: Error reporting task backlog information: IOError: 
[2022-01-10 13:53:27,456 I 7813 8094] raylet_client.cc:336: Error reporting task backlog information: IOError: 
[2022-01-10 13:53:28,448 W 7813 8095] metric_exporter.cc:206: Export metrics to agent failed: IOError: . This won't affect Ray, but you can lose metrics from the cluster.
[2022-01-10 13:53:28,456 I 7813 8094] raylet_client.cc:336: Error reporting task backlog information: IOError: 
[2022-01-10 13:53:29,456 I 7813 8094] raylet_client.cc:336: Error reporting task backlog information: IOError: 
[2022-01-10 13:53:30,456 I 7813 8094] raylet_client.cc:336: Error reporting task backlog information: IOError: 
[2022-01-10 13:53:31,457 I 7813 8094] raylet_client.cc:336: Error reporting task backlog information: IOError: 
[2022-01-10 13:53:32,457 I 7813 8094] raylet_client.cc:336: Error reporting task backlog information: IOError: 
[2022-01-10 13:53:33,457 I 7813 8094] raylet_client.cc:336: Error reporting task backlog information: IOError: 
[2022-01-10 13:53:34,457 I 7813 8094] raylet_client.cc:336: Error reporting task backlog information: IOError: 
[2022-01-10 13:53:35,457 I 7813 8094] raylet_client.cc:336: Error reporting task backlog information: IOError: 
[2022-01-10 13:53:36,457 I 7813 8094] raylet_client.cc:336: Error reporting task backlog information: IOError: 
[2022-01-10 13:53:37,457 I 7813 8094] raylet_client.cc:336: Error reporting task backlog information: IOError: 
[2022-01-10 13:53:38,456 W 7813 8095] metric_exporter.cc:206: Export metrics to agent failed: IOError: . This won't affect Ray, but you can lose metrics from the cluster.
[2022-01-10 13:53:38,457 I 7813 8094] raylet_client.cc:336: Error reporting task backlog information: IOError: 
[2022-01-10 13:53:39,457 I 7813 8094] raylet_client.cc:336: Error reporting task backlog information: IOError: 
[2022-01-10 13:53:40,457 I 7813 8094] raylet_client.cc:336: Error reporting task backlog information: IOError: 
[2022-01-10 13:53:41,457 I 7813 8094] raylet_client.cc:336: Error reporting task backlog information: IOError: 
[2022-01-10 13:53:42,457 I 7813 8094] raylet_client.cc:336: Error reporting task backlog information: IOError: 
[2022-01-10 13:53:43,458 I 7813 8094] raylet_client.cc:336: Error reporting task backlog information: IOError: 
[2022-01-10 13:53:44,458 I 7813 8094] raylet_client.cc:336: Error reporting task backlog information: IOError: 
[2022-01-10 13:53:45,458 I 7813 8094] raylet_client.cc:336: Error reporting task backlog information: IOError: 
[2022-01-10 13:53:46,458 I 7813 8094] raylet_client.cc:336: Error reporting task backlog information: IOError: 
[2022-01-10 13:53:47,458 I 7813 8094] raylet_client.cc:336: Error reporting task backlog information: IOError: 
[2022-01-10 13:53:48,458 I 7813 8094] raylet_client.cc:336: Error reporting task backlog information: IOError: 
[2022-01-10 13:53:48,464 W 7813 8095] metric_exporter.cc:206: Export metrics to agent failed: IOError: . This won't affect Ray, but you can lose metrics from the cluster.
[2022-01-10 13:53:49,458 I 7813 8094] raylet_client.cc:336: Error reporting task backlog information: IOError: 
[2022-01-10 13:53:50,458 I 7813 8094] raylet_client.cc:336: Error reporting task backlog information: IOError: 
[2022-01-10 13:53:51,458 I 7813 8094] raylet_client.cc:336: Error reporting task backlog information: IOError: 
[2022-01-10 13:53:52,459 I 7813 8094] raylet_client.cc:336: Error reporting task backlog information: IOError: 
[2022-01-10 13:53:53,459 I 7813 8094] raylet_client.cc:336: Error reporting task backlog information: IOError: 
[2022-01-10 13:53:54,459 I 7813 8094] raylet_client.cc:336: Error reporting task backlog information: IOError: 
[2022-01-10 13:53:55,459 I 7813 8094] raylet_client.cc:336: Error reporting task backlog information: IOError: 
[2022-01-10 13:53:56,459 I 7813 8094] raylet_client.cc:336: Error reporting task backlog information: IOError: 
[2022-01-10 13:53:57,459 I 7813 8094] raylet_client.cc:336: Error reporting task backlog information: IOError: 
[2022-01-10 13:53:58,459 I 7813 8094] raylet_client.cc:336: Error reporting task backlog information: IOError: 
[2022-01-10 13:53:58,471 W 7813 8095] metric_exporter.cc:206: Export metrics to agent failed: IOError: . This won't affect Ray, but you can lose metrics from the cluster.
[2022-01-10 13:53:59,459 I 7813 8094] raylet_client.cc:336: Error reporting task backlog information: IOError: 
[2022-01-10 13:54:00,459 I 7813 8094] raylet_client.cc:336: Error reporting task backlog information: IOError: 
[2022-01-10 13:54:01,459 I 7813 8094] raylet_client.cc:336: Error reporting task backlog information: IOError: 
[2022-01-10 13:54:02,460 I 7813 8094] raylet_client.cc:336: Error reporting task backlog information: IOError: 
[2022-01-10 13:54:03,460 I 7813 8094] raylet_client.cc:336: Error reporting task backlog information: IOError: 
[2022-01-10 13:54:04,460 I 7813 8094] raylet_client.cc:336: Error reporting task backlog information: IOError: 
[2022-01-10 13:54:05,460 I 7813 8094] raylet_client.cc:336: Error reporting task backlog information: IOError: 
[2022-01-10 13:54:06,460 I 7813 8094] raylet_client.cc:336: Error reporting task backlog information: IOError: 
[2022-01-10 13:54:07,460 I 7813 8094] raylet_client.cc:336: Error reporting task backlog information: IOError: 
[2022-01-10 13:54:08,460 I 7813 8094] raylet_client.cc:336: Error reporting task backlog information: IOError: 
[2022-01-10 13:54:08,479 W 7813 8095] metric_exporter.cc:206: Export metrics to agent failed: IOError: . This won't affect Ray, but you can lose metrics from the cluster.
[2022-01-10 13:54:09,460 I 7813 8094] raylet_client.cc:336: Error reporting task backlog information: IOError: 
[2022-01-10 13:54:10,460 I 7813 8094] raylet_client.cc:336: Error reporting task backlog information: IOError: 
[2022-01-10 13:54:11,460 I 7813 8094] raylet_client.cc:336: Error reporting task backlog information: IOError: 
[2022-01-10 13:54:12,460 I 7813 8094] raylet_client.cc:336: Error reporting task backlog information: IOError: 
[2022-01-10 13:54:13,461 I 7813 8094] raylet_client.cc:336: Error reporting task backlog information: IOError: 
[2022-01-10 13:54:14,461 I 7813 8094] raylet_client.cc:336: Error reporting task backlog information: IOError: 
[2022-01-10 13:54:15,461 I 7813 8094] raylet_client.cc:336: Error reporting task backlog information: IOError: 
[2022-01-10 13:54:16,461 I 7813 8094] raylet_client.cc:336: Error reporting task backlog information: IOError: 
[2022-01-10 13:54:17,461 I 7813 8094] raylet_client.cc:336: Error reporting task backlog information: IOError: 
[2022-01-10 13:54:18,461 I 7813 8094] raylet_client.cc:336: Error reporting task backlog information: IOError: 
[2022-01-10 13:54:18,487 W 7813 8095] metric_exporter.cc:206: Export metrics to agent failed: IOError: . This won't affect Ray, but you can lose metrics from the cluster.
[2022-01-10 13:54:19,461 I 7813 8094] raylet_client.cc:336: Error reporting task backlog information: IOError: 
[2022-01-10 13:54:20,461 I 7813 8094] raylet_client.cc:336: Error reporting task backlog information: IOError: 
[2022-01-10 13:54:21,461 I 7813 8094] raylet_client.cc:336: Error reporting task backlog information: IOError: 
[2022-01-10 13:54:22,461 I 7813 8094] raylet_client.cc:336: Error reporting task backlog information: IOError: 
[2022-01-10 13:54:23,461 I 7813 8094] raylet_client.cc:336: Error reporting task backlog information: IOError: 
[2022-01-10 13:54:24,462 I 7813 8094] raylet_client.cc:336: Error reporting task backlog information: IOError: 
[2022-01-10 13:54:25,462 I 7813 8094] raylet_client.cc:336: Error reporting task backlog information: IOError: 
[2022-01-10 13:54:26,462 I 7813 8094] raylet_client.cc:336: Error reporting task backlog information: IOError: 
[2022-01-10 13:54:27,462 I 7813 8094] raylet_client.cc:336: Error reporting task backlog information: IOError: 
[2022-01-10 13:54:28,462 I 7813 8094] raylet_client.cc:336: Error reporting task backlog information: IOError: 
[2022-01-10 13:54:28,494 W 7813 8095] metric_exporter.cc:206: Export metrics to agent failed: IOError: . This won't affect Ray, but you can lose metrics from the cluster.
[2022-01-10 13:54:29,462 I 7813 8094] raylet_client.cc:336: Error reporting task backlog information: IOError: 
[2022-01-10 13:54:30,462 I 7813 8094] raylet_client.cc:336: Error reporting task backlog information: IOError: 
[2022-01-10 13:54:31,462 I 7813 8094] raylet_client.cc:336: Error reporting task backlog information: IOError: 
[2022-01-10 13:54:32,462 I 7813 8094] raylet_client.cc:336: Error reporting task backlog information: IOError: 
[2022-01-10 13:54:33,462 I 7813 8094] raylet_client.cc:336: Error reporting task backlog information: IOError: 
[2022-01-10 13:54:34,463 I 7813 8094] raylet_client.cc:336: Error reporting task backlog information: IOError: 
[2022-01-10 13:54:35,463 I 7813 8094] raylet_client.cc:336: Error reporting task backlog information: IOError: 
[2022-01-10 13:54:36,463 I 7813 8094] raylet_client.cc:336: Error reporting task backlog information: IOError: 
[2022-01-10 13:54:37,463 I 7813 8094] raylet_client.cc:336: Error reporting task backlog information: IOError: 
[2022-01-10 13:54:38,463 I 7813 8094] raylet_client.cc:336: Error reporting task backlog information: IOError: 
[2022-01-10 13:54:38,502 W 7813 8095] metric_exporter.cc:206: Export metrics to agent failed: IOError: . This won't affect Ray, but you can lose metrics from the cluster.
[2022-01-10 13:54:39,463 I 7813 8094] raylet_client.cc:336: Error reporting task backlog information: IOError: 
[2022-01-10 13:54:40,463 I 7813 8094] raylet_client.cc:336: Error reporting task backlog information: IOError: 
[2022-01-10 13:54:41,463 I 7813 8094] raylet_client.cc:336: Error reporting task backlog information: IOError: 
[2022-01-10 13:54:42,463 I 7813 8094] raylet_client.cc:336: Error reporting task backlog information: IOError: 
[2022-01-10 13:54:43,463 I 7813 8094] raylet_client.cc:336: Error reporting task backlog information: IOError: 
[2022-01-10 13:54:44,464 I 7813 8094] raylet_client.cc:336: Error reporting task backlog information: IOError: 
[2022-01-10 13:54:45,464 I 7813 8094] raylet_client.cc:336: Error reporting task backlog information: IOError: 
[2022-01-10 13:54:46,464 I 7813 8094] raylet_client.cc:336: Error reporting task backlog information: IOError: 
[2022-01-10 13:54:47,464 I 7813 8094] raylet_client.cc:336: Error reporting task backlog information: IOError: 
[2022-01-10 13:54:48,464 I 7813 8094] raylet_client.cc:336: Error reporting task backlog information: IOError: 
[2022-01-10 13:54:48,510 W 7813 8095] metric_exporter.cc:206: Export metrics to agent failed: IOError: . This won't affect Ray, but you can lose metrics from the cluster.
[2022-01-10 13:54:49,464 I 7813 8094] raylet_client.cc:336: Error reporting task backlog information: IOError: 
[2022-01-10 13:54:50,464 I 7813 8094] raylet_client.cc:336: Error reporting task backlog information: IOError: 
[2022-01-10 13:54:51,464 I 7813 8094] raylet_client.cc:336: Error reporting task backlog information: IOError: 
[2022-01-10 13:54:52,464 I 7813 8094] raylet_client.cc:336: Error reporting task backlog information: IOError: 
[2022-01-10 13:54:53,464 I 7813 8094] raylet_client.cc:336: Error reporting task backlog information: IOError: 
[2022-01-10 13:54:54,465 I 7813 8094] raylet_client.cc:336: Error reporting task backlog information: IOError: 
[2022-01-10 13:54:55,465 I 7813 8094] raylet_client.cc:336: Error reporting task backlog information: IOError: 
[2022-01-10 13:54:56,465 I 7813 8094] raylet_client.cc:336: Error reporting task backlog information: IOError: 
[2022-01-10 13:54:57,465 I 7813 8094] raylet_client.cc:336: Error reporting task backlog information: IOError: 
[2022-01-10 13:54:58,465 I 7813 8094] raylet_client.cc:336: Error reporting task backlog information: IOError: 
[2022-01-10 13:54:58,517 W 7813 8095] metric_exporter.cc:206: Export metrics to agent failed: IOError: . This won't affect Ray, but you can lose metrics from the cluster.
[2022-01-10 13:54:59,465 I 7813 8094] raylet_client.cc:336: Error reporting task backlog information: IOError: 
[2022-01-10 13:55:00,465 I 7813 8094] raylet_client.cc:336: Error reporting task backlog information: IOError: 
[2022-01-10 13:55:01,465 I 7813 8094] raylet_client.cc:336: Error reporting task backlog information: IOError: 
[2022-01-10 13:55:02,465 I 7813 8094] raylet_client.cc:336: Error reporting task backlog information: IOError: 
[2022-01-10 13:55:03,465 I 7813 8094] raylet_client.cc:336: Error reporting task backlog information: IOError: 
[2022-01-10 13:55:04,466 I 7813 8094] raylet_client.cc:336: Error reporting task backlog information: IOError: 
[2022-01-10 13:55:05,466 I 7813 8094] raylet_client.cc:336: Error reporting task backlog information: IOError: 
[2022-01-10 13:55:06,466 I 7813 8094] raylet_client.cc:336: Error reporting task backlog information: IOError: 
[2022-01-10 13:55:07,466 I 7813 8094] raylet_client.cc:336: Error reporting task backlog information: IOError: 
[2022-01-10 13:55:08,466 I 7813 8094] raylet_client.cc:336: Error reporting task backlog information: IOError: 
[2022-01-10 13:55:08,525 W 7813 8095] metric_exporter.cc:206: Export metrics to agent failed: IOError: . This won't affect Ray, but you can lose metrics from the cluster.
[2022-01-10 13:55:09,466 I 7813 8094] raylet_client.cc:336: Error reporting task backlog information: IOError: 
[2022-01-10 13:55:10,466 I 7813 8094] raylet_client.cc:336: Error reporting task backlog information: IOError: 
[2022-01-10 13:55:11,466 I 7813 8094] raylet_client.cc:336: Error reporting task backlog information: IOError: 
[2022-01-10 13:55:12,466 I 7813 8094] raylet_client.cc:336: Error reporting task backlog information: IOError: 
[2022-01-10 13:55:13,466 I 7813 8094] raylet_client.cc:336: Error reporting task backlog information: IOError: 
[2022-01-10 13:55:14,466 I 7813 8094] raylet_client.cc:336: Error reporting task backlog information: IOError: 
[2022-01-10 13:55:15,467 I 7813 8094] raylet_client.cc:336: Error reporting task backlog information: IOError: 
[2022-01-10 13:55:16,467 I 7813 8094] raylet_client.cc:336: Error reporting task backlog information: IOError: 
[2022-01-10 13:55:17,467 I 7813 8094] raylet_client.cc:336: Error reporting task backlog information: IOError: 
[2022-01-10 13:55:18,467 I 7813 8094] raylet_client.cc:336: Error reporting task backlog information: IOError: 
[2022-01-10 13:55:18,532 W 7813 8095] metric_exporter.cc:206: Export metrics to agent failed: IOError: . This won't affect Ray, but you can lose metrics from the cluster.
[2022-01-10 13:55:19,467 I 7813 8094] raylet_client.cc:336: Error reporting task backlog information: IOError: 
[2022-01-10 13:55:20,467 I 7813 8094] raylet_client.cc:336: Error reporting task backlog information: IOError: 
[2022-01-10 13:55:21,467 I 7813 8094] raylet_client.cc:336: Error reporting task backlog information: IOError: 
[2022-01-10 13:55:22,467 I 7813 8094] raylet_client.cc:336: Error reporting task backlog information: IOError: 
[2022-01-10 13:55:23,467 I 7813 8094] raylet_client.cc:336: Error reporting task backlog information: IOError: 
[2022-01-10 13:55:24,467 I 7813 8094] raylet_client.cc:336: Error reporting task backlog information: IOError: 
[2022-01-10 13:55:25,468 I 7813 8094] raylet_client.cc:336: Error reporting task backlog information: IOError: 
[2022-01-10 13:55:26,468 I 7813 8094] raylet_client.cc:336: Error reporting task backlog information: IOError: 
[2022-01-10 13:55:27,468 I 7813 8094] raylet_client.cc:336: Error reporting task backlog information: IOError: 
[2022-01-10 13:55:28,468 I 7813 8094] raylet_client.cc:336: Error reporting task backlog information: IOError: 
[2022-01-10 13:55:28,540 W 7813 8095] metric_exporter.cc:206: Export metrics to agent failed: IOError: . This won't affect Ray, but you can lose metrics from the cluster.
[2022-01-10 13:55:29,468 I 7813 8094] raylet_client.cc:336: Error reporting task backlog information: IOError: 
[2022-01-10 13:55:30,468 I 7813 8094] raylet_client.cc:336: Error reporting task backlog information: IOError: 
[2022-01-10 13:55:31,468 I 7813 8094] raylet_client.cc:336: Error reporting task backlog information: IOError: 
[2022-01-10 13:55:32,468 I 7813 8094] raylet_client.cc:336: Error reporting task backlog information: IOError: 
[2022-01-10 13:55:33,468 I 7813 8094] raylet_client.cc:336: Error reporting task backlog information: IOError: 
[2022-01-10 13:55:34,468 I 7813 8094] raylet_client.cc:336: Error reporting task backlog information: IOError: 
[2022-01-10 13:55:35,468 I 7813 8094] raylet_client.cc:336: Error reporting task backlog information: IOError: 
[2022-01-10 13:55:36,469 I 7813 8094] raylet_client.cc:336: Error reporting task backlog information: IOError: 
[2022-01-10 13:55:37,469 I 7813 8094] raylet_client.cc:336: Error reporting task backlog information: IOError: 
[2022-01-10 13:55:38,469 I 7813 8094] raylet_client.cc:336: Error reporting task backlog information: IOError: 
[2022-01-10 13:55:38,548 W 7813 8095] metric_exporter.cc:206: Export metrics to agent failed: IOError: . This won't affect Ray, but you can lose metrics from the cluster.
[2022-01-10 13:55:39,469 I 7813 8094] raylet_client.cc:336: Error reporting task backlog information: IOError: 
[2022-01-10 13:55:40,469 I 7813 8094] raylet_client.cc:336: Error reporting task backlog information: IOError: 
[2022-01-10 13:55:41,469 I 7813 8094] raylet_client.cc:336: Error reporting task backlog information: IOError: 
[2022-01-10 13:55:42,469 I 7813 8094] raylet_client.cc:336: Error reporting task backlog information: IOError: 
[2022-01-10 13:55:43,469 I 7813 8094] raylet_client.cc:336: Error reporting task backlog information: IOError: 
[2022-01-10 13:55:44,469 I 7813 8094] raylet_client.cc:336: Error reporting task backlog information: IOError: 
[2022-01-10 13:55:45,469 I 7813 8094] raylet_client.cc:336: Error reporting task backlog information: IOError: 
[2022-01-10 13:55:46,470 I 7813 8094] raylet_client.cc:336: Error reporting task backlog information: IOError: 
[2022-01-10 13:55:47,470 I 7813 8094] raylet_client.cc:336: Error reporting task backlog information: IOError: 
[2022-01-10 13:55:48,470 I 7813 8094] raylet_client.cc:336: Error reporting task backlog information: IOError: 
[2022-01-10 13:55:48,555 W 7813 8095] metric_exporter.cc:206: Export metrics to agent failed: IOError: . This won't affect Ray, but you can lose metrics from the cluster.
[2022-01-10 13:55:49,470 I 7813 8094] raylet_client.cc:336: Error reporting task backlog information: IOError: 
[2022-01-10 13:55:50,470 I 7813 8094] raylet_client.cc:336: Error reporting task backlog information: IOError: 
[2022-01-10 13:55:51,471 I 7813 8094] raylet_client.cc:336: Error reporting task backlog information: IOError: 
[2022-01-10 13:55:52,471 I 7813 8094] raylet_client.cc:336: Error reporting task backlog information: IOError: 
[2022-01-10 13:55:53,471 I 7813 8094] raylet_client.cc:336: Error reporting task backlog information: IOError: 
[2022-01-10 13:55:54,471 I 7813 8094] raylet_client.cc:336: Error reporting task backlog information: IOError: 
[2022-01-10 13:55:55,471 I 7813 8094] raylet_client.cc:336: Error reporting task backlog information: IOError: 
[2022-01-10 13:55:56,472 I 7813 8094] raylet_client.cc:336: Error reporting task backlog information: IOError: 
[2022-01-10 13:55:57,472 I 7813 8094] raylet_client.cc:336: Error reporting task backlog information: IOError: 
[2022-01-10 13:55:58,472 I 7813 8094] raylet_client.cc:336: Error reporting task backlog information: IOError: 
[2022-01-10 13:55:58,567 W 7813 8095] metric_exporter.cc:206: Export metrics to agent failed: IOError: . This won't affect Ray, but you can lose metrics from the cluster.
[2022-01-10 13:55:59,472 I 7813 8094] raylet_client.cc:336: Error reporting task backlog information: IOError: 
[2022-01-10 13:56:00,473 I 7813 8094] raylet_client.cc:336: Error reporting task backlog information: IOError: 
[2022-01-10 13:56:01,473 I 7813 8094] raylet_client.cc:336: Error reporting task backlog information: IOError: 
[2022-01-10 13:56:02,473 I 7813 8094] raylet_client.cc:336: Error reporting task backlog information: IOError: 
[2022-01-10 13:56:03,473 I 7813 8094] raylet_client.cc:336: Error reporting task backlog information: IOError: 
[2022-01-10 13:56:04,474 I 7813 8094] raylet_client.cc:336: Error reporting task backlog information: IOError: 
[2022-01-10 13:56:05,474 I 7813 8094] raylet_client.cc:336: Error reporting task backlog information: IOError: 
[2022-01-10 13:56:06,474 I 7813 8094] raylet_client.cc:336: Error reporting task backlog information: IOError: 
[2022-01-10 13:56:07,475 I 7813 8094] raylet_client.cc:336: Error reporting task backlog information: IOError: 
[2022-01-10 13:56:08,475 I 7813 8094] raylet_client.cc:336: Error reporting task backlog information: IOError: 
[2022-01-10 13:56:08,578 W 7813 8095] metric_exporter.cc:206: Export metrics to agent failed: IOError: . This won't affect Ray, but you can lose metrics from the cluster.
[2022-01-10 13:56:09,475 I 7813 8094] raylet_client.cc:336: Error reporting task backlog information: IOError: 
[2022-01-10 13:56:10,475 I 7813 8094] raylet_client.cc:336: Error reporting task backlog information: IOError: 
[2022-01-10 13:56:11,475 I 7813 8094] raylet_client.cc:336: Error reporting task backlog information: IOError: 
[2022-01-10 13:56:12,476 I 7813 8094] raylet_client.cc:336: Error reporting task backlog information: IOError: 
[2022-01-10 13:56:13,476 I 7813 8094] raylet_client.cc:336: Error reporting task backlog information: IOError: 
[2022-01-10 13:56:14,476 I 7813 8094] raylet_client.cc:336: Error reporting task backlog information: IOError: 
[2022-01-10 13:56:15,476 I 7813 8094] raylet_client.cc:336: Error reporting task backlog information: IOError: 
[2022-01-10 13:56:16,477 I 7813 8094] raylet_client.cc:336: Error reporting task backlog information: IOError: 
[2022-01-10 13:56:17,477 I 7813 8094] raylet_client.cc:336: Error reporting task backlog information: IOError: 
[2022-01-10 13:56:18,477 I 7813 8094] raylet_client.cc:336: Error reporting task backlog information: IOError: 
[2022-01-10 13:56:18,591 W 7813 8095] metric_exporter.cc:206: Export metrics to agent failed: IOError: . This won't affect Ray, but you can lose metrics from the cluster.
[2022-01-10 13:56:19,477 I 7813 8094] raylet_client.cc:336: Error reporting task backlog information: IOError: 
[2022-01-10 13:56:20,478 I 7813 8094] raylet_client.cc:336: Error reporting task backlog information: IOError: 
[2022-01-10 13:56:21,478 I 7813 8094] raylet_client.cc:336: Error reporting task backlog information: IOError: 
[2022-01-10 13:56:22,478 I 7813 8094] raylet_client.cc:336: Error reporting task backlog information: IOError: 
[2022-01-10 13:56:23,478 I 7813 8094] raylet_client.cc:336: Error reporting task backlog information: IOError: 
[2022-01-10 13:56:24,479 I 7813 8094] raylet_client.cc:336: Error reporting task backlog information: IOError: 
[2022-01-10 13:56:25,479 I 7813 8094] raylet_client.cc:336: Error reporting task backlog information: IOError: 
[2022-01-10 13:56:26,479 I 7813 8094] raylet_client.cc:336: Error reporting task backlog information: IOError: 
[2022-01-10 13:56:27,480 I 7813 8094] raylet_client.cc:336: Error reporting task backlog information: IOError: 
[2022-01-10 13:56:28,480 I 7813 8094] raylet_client.cc:336: Error reporting task backlog information: IOError: 
[2022-01-10 13:56:28,605 W 7813 8095] metric_exporter.cc:206: Export metrics to agent failed: IOError: . This won't affect Ray, but you can lose metrics from the cluster.
[2022-01-10 13:56:29,480 I 7813 8094] raylet_client.cc:336: Error reporting task backlog information: IOError: 
[2022-01-10 13:56:30,480 I 7813 8094] raylet_client.cc:336: Error reporting task backlog information: IOError: 
[2022-01-10 13:56:31,481 I 7813 8094] raylet_client.cc:336: Error reporting task backlog information: IOError: 
[2022-01-10 13:56:32,481 I 7813 8094] raylet_client.cc:336: Error reporting task backlog information: IOError: 
[2022-01-10 13:56:33,481 I 7813 8094] raylet_client.cc:336: Error reporting task backlog information: IOError: 
[2022-01-10 13:56:34,481 I 7813 8094] raylet_client.cc:336: Error reporting task backlog information: IOError: 
[2022-01-10 13:56:35,481 I 7813 8094] raylet_client.cc:336: Error reporting task backlog information: IOError: 
[2022-01-10 13:56:36,481 I 7813 8094] raylet_client.cc:336: Error reporting task backlog information: IOError: 
[2022-01-10 13:56:37,481 I 7813 8094] raylet_client.cc:336: Error reporting task backlog information: IOError: 
[2022-01-10 13:56:38,481 I 7813 8094] raylet_client.cc:336: Error reporting task backlog information: IOError: 
[2022-01-10 13:56:38,614 W 7813 8095] metric_exporter.cc:206: Export metrics to agent failed: IOError: . This won't affect Ray, but you can lose metrics from the cluster.
[2022-01-10 13:56:39,482 I 7813 8094] raylet_client.cc:336: Error reporting task backlog information: IOError: 
[2022-01-10 13:56:40,482 I 7813 8094] raylet_client.cc:336: Error reporting task backlog information: IOError: 
[2022-01-10 13:56:41,482 I 7813 8094] raylet_client.cc:336: Error reporting task backlog information: IOError: 
[2022-01-10 13:56:42,483 I 7813 8094] raylet_client.cc:336: Error reporting task backlog information: IOError: 
[2022-01-10 13:56:43,483 I 7813 8094] raylet_client.cc:336: Error reporting task backlog information: IOError: 
[2022-01-10 13:56:44,483 I 7813 8094] raylet_client.cc:336: Error reporting task backlog information: IOError: 
[2022-01-10 13:56:45,483 I 7813 8094] raylet_client.cc:336: Error reporting task backlog information: IOError: 
[2022-01-10 13:56:46,483 I 7813 8094] raylet_client.cc:336: Error reporting task backlog information: IOError: 
[2022-01-10 13:56:47,484 I 7813 8094] raylet_client.cc:336: Error reporting task backlog information: IOError: 
[2022-01-10 13:56:48,484 I 7813 8094] raylet_client.cc:336: Error reporting task backlog information: IOError: 
[2022-01-10 13:56:48,626 W 7813 8095] metric_exporter.cc:206: Export metrics to agent failed: IOError: . This won't affect Ray, but you can lose metrics from the cluster.
[2022-01-10 13:56:49,484 I 7813 8094] raylet_client.cc:336: Error reporting task backlog information: IOError: 
[2022-01-10 13:56:50,484 I 7813 8094] raylet_client.cc:336: Error reporting task backlog information: IOError: 
[2022-01-10 13:56:51,484 I 7813 8094] raylet_client.cc:336: Error reporting task backlog information: IOError: 
[2022-01-10 13:56:52,485 I 7813 8094] raylet_client.cc:336: Error reporting task backlog information: IOError: 
[2022-01-10 13:56:53,485 I 7813 8094] raylet_client.cc:336: Error reporting task backlog information: IOError: 
[2022-01-10 13:56:54,485 I 7813 8094] raylet_client.cc:336: Error reporting task backlog information: IOError: 
[2022-01-10 13:56:55,485 I 7813 8094] raylet_client.cc:336: Error reporting task backlog information: IOError: 
[2022-01-10 13:56:56,485 I 7813 8094] raylet_client.cc:336: Error reporting task backlog information: IOError: 
[2022-01-10 13:56:57,485 I 7813 8094] raylet_client.cc:336: Error reporting task backlog information: IOError: 
[2022-01-10 13:56:58,486 I 7813 8094] raylet_client.cc:336: Error reporting task backlog information: IOError: 
[2022-01-10 13:56:58,637 W 7813 8095] metric_exporter.cc:206: Export metrics to agent failed: IOError: . This won't affect Ray, but you can lose metrics from the cluster.
[2022-01-10 13:56:59,486 I 7813 8094] raylet_client.cc:336: Error reporting task backlog information: IOError: 
[2022-01-10 13:57:00,486 I 7813 8094] raylet_client.cc:336: Error reporting task backlog information: IOError: 
[2022-01-10 13:57:01,486 I 7813 8094] raylet_client.cc:336: Error reporting task backlog information: IOError: 
[2022-01-10 13:57:02,486 I 7813 8094] raylet_client.cc:336: Error reporting task backlog information: IOError: 
[2022-01-10 13:57:03,486 I 7813 8094] raylet_client.cc:336: Error reporting task backlog information: IOError: 
[2022-01-10 13:57:04,487 I 7813 8094] raylet_client.cc:336: Error reporting task backlog information: IOError: 
[2022-01-10 13:57:05,487 I 7813 8094] raylet_client.cc:336: Error reporting task backlog information: IOError: 
[2022-01-10 13:57:06,487 I 7813 8094] raylet_client.cc:336: Error reporting task backlog information: IOError: 
[2022-01-10 13:57:07,487 I 7813 8094] raylet_client.cc:336: Error reporting task backlog information: IOError: 
[2022-01-10 13:57:08,487 I 7813 8094] raylet_client.cc:336: Error reporting task backlog information: IOError: 
[2022-01-10 13:57:08,647 W 7813 8095] metric_exporter.cc:206: Export metrics to agent failed: IOError: . This won't affect Ray, but you can lose metrics from the cluster.
[2022-01-10 13:57:09,487 I 7813 8094] raylet_client.cc:336: Error reporting task backlog information: IOError: 
[2022-01-10 13:57:10,488 I 7813 8094] raylet_client.cc:336: Error reporting task backlog information: IOError: 
[2022-01-10 13:57:11,488 I 7813 8094] raylet_client.cc:336: Error reporting task backlog information: IOError: 
[2022-01-10 13:57:12,488 I 7813 8094] raylet_client.cc:336: Error reporting task backlog information: IOError: 
[2022-01-10 13:57:13,489 I 7813 8094] raylet_client.cc:336: Error reporting task backlog information: IOError: 
[2022-01-10 13:57:14,489 I 7813 8094] raylet_client.cc:336: Error reporting task backlog information: IOError: 
[2022-01-10 13:57:15,489 I 7813 8094] raylet_client.cc:336: Error reporting task backlog information: IOError: 
[2022-01-10 13:57:16,489 I 7813 8094] raylet_client.cc:336: Error reporting task backlog information: IOError: 
[2022-01-10 13:57:17,490 I 7813 8094] raylet_client.cc:336: Error reporting task backlog information: IOError: 
[2022-01-10 13:57:18,490 I 7813 8094] raylet_client.cc:336: Error reporting task backlog information: IOError: 
[2022-01-10 13:57:18,660 W 7813 8095] metric_exporter.cc:206: Export metrics to agent failed: IOError: . This won't affect Ray, but you can lose metrics from the cluster.
[2022-01-10 13:57:19,490 I 7813 8094] raylet_client.cc:336: Error reporting task backlog information: IOError: 
[2022-01-10 13:57:20,491 I 7813 8094] raylet_client.cc:336: Error reporting task backlog information: IOError: 
[2022-01-10 13:57:21,491 I 7813 8094] raylet_client.cc:336: Error reporting task backlog information: IOError: 
[2022-01-10 13:57:22,491 I 7813 8094] raylet_client.cc:336: Error reporting task backlog information: IOError: 
[2022-01-10 13:57:23,492 I 7813 8094] raylet_client.cc:336: Error reporting task backlog information: IOError: 
[2022-01-10 13:57:24,492 I 7813 8094] raylet_client.cc:336: Error reporting task backlog information: IOError: 
[2022-01-10 13:57:25,492 I 7813 8094] raylet_client.cc:336: Error reporting task backlog information: IOError: 
[2022-01-10 13:57:26,492 I 7813 8094] raylet_client.cc:336: Error reporting task backlog information: IOError: 
[2022-01-10 13:57:27,492 I 7813 8094] raylet_client.cc:336: Error reporting task backlog information: IOError: 
[2022-01-10 13:57:28,493 I 7813 8094] raylet_client.cc:336: Error reporting task backlog information: IOError: 
[2022-01-10 13:57:28,675 W 7813 8095] metric_exporter.cc:206: Export metrics to agent failed: IOError: . This won't affect Ray, but you can lose metrics from the cluster.
[2022-01-10 13:57:29,493 I 7813 8094] raylet_client.cc:336: Error reporting task backlog information: IOError: 
[2022-01-10 13:57:30,493 I 7813 8094] raylet_client.cc:336: Error reporting task backlog information: IOError: 
[2022-01-10 13:57:31,494 I 7813 8094] raylet_client.cc:336: Error reporting task backlog information: IOError: 
[2022-01-10 13:57:32,494 I 7813 8094] raylet_client.cc:336: Error reporting task backlog information: IOError: 
[2022-01-10 13:57:33,494 I 7813 8094] raylet_client.cc:336: Error reporting task backlog information: IOError: 
[2022-01-10 13:57:34,495 I 7813 8094] raylet_client.cc:336: Error reporting task backlog information: IOError: 
[2022-01-10 13:57:35,495 I 7813 8094] raylet_client.cc:336: Error reporting task backlog information: IOError: 
[2022-01-10 13:57:36,496 I 7813 8094] raylet_client.cc:336: Error reporting task backlog information: IOError: 
[2022-01-10 13:57:37,496 I 7813 8094] raylet_client.cc:336: Error reporting task backlog information: IOError: 
[2022-01-10 13:57:38,496 I 7813 8094] raylet_client.cc:336: Error reporting task backlog information: IOError: 
[2022-01-10 13:57:38,689 W 7813 8095] metric_exporter.cc:206: Export metrics to agent failed: IOError: . This won't affect Ray, but you can lose metrics from the cluster.
[2022-01-10 13:57:39,349 W 7813 7973] gcs_server_address_updater.cc:61: [301] Failed to get the gcs server address from raylet 301 times in a row. If it keeps failing to obtain the address, the worker might crash. Connection status IOError: 
[2022-01-10 13:57:39,496 I 7813 8094] raylet_client.cc:336: Error reporting task backlog information: IOError: 
[2022-01-10 13:57:40,497 I 7813 8094] raylet_client.cc:336: Error reporting task backlog information: IOError: 
[2022-01-10 13:57:41,497 I 7813 8094] raylet_client.cc:336: Error reporting task backlog information: IOError: 
[2022-01-10 13:57:42,497 I 7813 8094] raylet_client.cc:336: Error reporting task backlog information: IOError: 
[2022-01-10 13:57:43,498 I 7813 8094] raylet_client.cc:336: Error reporting task backlog information: IOError: 
[2022-01-10 13:57:44,498 I 7813 8094] raylet_client.cc:336: Error reporting task backlog information: IOError: 
[2022-01-10 13:57:45,498 I 7813 8094] raylet_client.cc:336: Error reporting task backlog information: IOError: 
[2022-01-10 13:57:46,499 I 7813 8094] raylet_client.cc:336: Error reporting task backlog information: IOError: 
[2022-01-10 13:57:47,499 I 7813 8094] raylet_client.cc:336: Error reporting task backlog information: IOError: 
[2022-01-10 13:57:48,499 I 7813 8094] raylet_client.cc:336: Error reporting task backlog information: IOError: 
[2022-01-10 13:57:48,705 W 7813 8095] metric_exporter.cc:206: Export metrics to agent failed: IOError: . This won't affect Ray, but you can lose metrics from the cluster.
[2022-01-10 13:57:49,500 I 7813 8094] raylet_client.cc:336: Error reporting task backlog information: IOError: 
[2022-01-10 13:57:50,500 I 7813 8094] raylet_client.cc:336: Error reporting task backlog information: IOError: 
[2022-01-10 13:57:51,500 I 7813 8094] raylet_client.cc:336: Error reporting task backlog information: IOError: 
[2022-01-10 13:57:52,501 I 7813 8094] raylet_client.cc:336: Error reporting task backlog information: IOError: 
[2022-01-10 13:57:53,501 I 7813 8094] raylet_client.cc:336: Error reporting task backlog information: IOError: 
[2022-01-10 13:57:54,501 I 7813 8094] raylet_client.cc:336: Error reporting task backlog information: IOError: 
[2022-01-10 13:57:55,502 I 7813 8094] raylet_client.cc:336: Error reporting task backlog information: IOError: 
[2022-01-10 13:57:56,502 I 7813 8094] raylet_client.cc:336: Error reporting task backlog information: IOError: 
[2022-01-10 13:57:57,503 I 7813 8094] raylet_client.cc:336: Error reporting task backlog information: IOError: 
[2022-01-10 13:57:58,503 I 7813 8094] raylet_client.cc:336: Error reporting task backlog information: IOError: 
[2022-01-10 13:57:58,721 W 7813 8095] metric_exporter.cc:206: Export metrics to agent failed: IOError: . This won't affect Ray, but you can lose metrics from the cluster.
[2022-01-10 13:57:59,503 I 7813 8094] raylet_client.cc:336: Error reporting task backlog information: IOError: 
[2022-01-10 13:58:00,504 I 7813 8094] raylet_client.cc:336: Error reporting task backlog information: IOError: 
[2022-01-10 13:58:01,504 I 7813 8094] raylet_client.cc:336: Error reporting task backlog information: IOError: 
[2022-01-10 13:58:02,505 I 7813 8094] raylet_client.cc:336: Error reporting task backlog information: IOError: 
[2022-01-10 13:58:03,505 I 7813 8094] raylet_client.cc:336: Error reporting task backlog information: IOError: 
[2022-01-10 13:58:04,505 I 7813 8094] raylet_client.cc:336: Error reporting task backlog information: IOError: 
[2022-01-10 13:58:05,505 I 7813 8094] raylet_client.cc:336: Error reporting task backlog information: IOError: 
[2022-01-10 13:58:06,505 I 7813 8094] raylet_client.cc:336: Error reporting task backlog information: IOError: 
[2022-01-10 13:58:07,505 I 7813 8094] raylet_client.cc:336: Error reporting task backlog information: IOError: 
[2022-01-10 13:58:08,505 I 7813 8094] raylet_client.cc:336: Error reporting task backlog information: IOError: 
[2022-01-10 13:58:08,732 W 7813 8095] metric_exporter.cc:206: Export metrics to agent failed: IOError: . This won't affect Ray, but you can lose metrics from the cluster.
[2022-01-10 13:58:09,505 I 7813 8094] raylet_client.cc:336: Error reporting task backlog information: IOError: 
[2022-01-10 13:58:10,505 I 7813 8094] raylet_client.cc:336: Error reporting task backlog information: IOError: 
[2022-01-10 13:58:11,505 I 7813 8094] raylet_client.cc:336: Error reporting task backlog information: IOError: 
[2022-01-10 13:58:12,505 I 7813 8094] raylet_client.cc:336: Error reporting task backlog information: IOError: 
[2022-01-10 13:58:13,506 I 7813 8094] raylet_client.cc:336: Error reporting task backlog information: IOError: 
[2022-01-10 13:58:14,506 I 7813 8094] raylet_client.cc:336: Error reporting task backlog information: IOError: 
[2022-01-10 13:58:15,506 I 7813 8094] raylet_client.cc:336: Error reporting task backlog information: IOError: 
[2022-01-10 13:58:16,507 I 7813 8094] raylet_client.cc:336: Error reporting task backlog information: IOError: 
[2022-01-10 13:58:17,507 I 7813 8094] raylet_client.cc:336: Error reporting task backlog information: IOError: 
[2022-01-10 13:58:18,507 I 7813 8094] raylet_client.cc:336: Error reporting task backlog information: IOError: 
[2022-01-10 13:58:18,743 W 7813 8095] metric_exporter.cc:206: Export metrics to agent failed: IOError: . This won't affect Ray, but you can lose metrics from the cluster.
[2022-01-10 13:58:19,508 I 7813 8094] raylet_client.cc:336: Error reporting task backlog information: IOError: 
[2022-01-10 13:58:20,508 I 7813 8094] raylet_client.cc:336: Error reporting task backlog information: IOError: 
[2022-01-10 13:58:21,508 I 7813 8094] raylet_client.cc:336: Error reporting task backlog information: IOError: 
[2022-01-10 13:58:22,508 I 7813 8094] raylet_client.cc:336: Error reporting task backlog information: IOError: 
[2022-01-10 13:58:23,509 I 7813 8094] raylet_client.cc:336: Error reporting task backlog information: IOError: 
[2022-01-10 13:58:24,509 I 7813 8094] raylet_client.cc:336: Error reporting task backlog information: IOError: 
[2022-01-10 13:58:25,509 I 7813 8094] raylet_client.cc:336: Error reporting task backlog information: IOError: 
[2022-01-10 13:58:26,510 I 7813 8094] raylet_client.cc:336: Error reporting task backlog information: IOError: 
[2022-01-10 13:58:27,510 I 7813 8094] raylet_client.cc:336: Error reporting task backlog information: IOError: 
[2022-01-10 13:58:28,510 I 7813 8094] raylet_client.cc:336: Error reporting task backlog information: IOError: 
[2022-01-10 13:58:28,756 W 7813 8095] metric_exporter.cc:206: Export metrics to agent failed: IOError: . This won't affect Ray, but you can lose metrics from the cluster.
[2022-01-10 13:58:29,511 I 7813 8094] raylet_client.cc:336: Error reporting task backlog information: IOError: 
[2022-01-10 13:58:30,511 I 7813 8094] raylet_client.cc:336: Error reporting task backlog information: IOError: 
[2022-01-10 13:58:31,512 I 7813 8094] raylet_client.cc:336: Error reporting task backlog information: IOError: 
[2022-01-10 13:58:32,512 I 7813 8094] raylet_client.cc:336: Error reporting task backlog information: IOError: 
[2022-01-10 13:58:33,512 I 7813 8094] raylet_client.cc:336: Error reporting task backlog information: IOError: 
[2022-01-10 13:58:34,512 I 7813 8094] raylet_client.cc:336: Error reporting task backlog information: IOError: 
[2022-01-10 13:58:35,512 I 7813 8094] raylet_client.cc:336: Error reporting task backlog information: IOError: 
[2022-01-10 13:58:36,513 I 7813 8094] raylet_client.cc:336: Error reporting task backlog information: IOError: 
[2022-01-10 13:58:37,513 I 7813 8094] raylet_client.cc:336: Error reporting task backlog information: IOError: 
[2022-01-10 13:58:38,513 I 7813 8094] raylet_client.cc:336: Error reporting task backlog information: IOError: 
[2022-01-10 13:58:38,770 W 7813 8095] metric_exporter.cc:206: Export metrics to agent failed: IOError: . This won't affect Ray, but you can lose metrics from the cluster.
[2022-01-10 13:58:39,514 I 7813 8094] raylet_client.cc:336: Error reporting task backlog information: IOError: 
[2022-01-10 13:58:40,514 I 7813 8094] raylet_client.cc:336: Error reporting task backlog information: IOError: 
[2022-01-10 13:58:41,514 I 7813 8094] raylet_client.cc:336: Error reporting task backlog information: IOError: 
[2022-01-10 13:58:42,515 I 7813 8094] raylet_client.cc:336: Error reporting task backlog information: IOError: 
[2022-01-10 13:58:43,515 I 7813 8094] raylet_client.cc:336: Error reporting task backlog information: IOError: 
[2022-01-10 13:58:44,516 I 7813 8094] raylet_client.cc:336: Error reporting task backlog information: IOError: 
[2022-01-10 13:58:45,516 I 7813 8094] raylet_client.cc:336: Error reporting task backlog information: IOError: 
[2022-01-10 13:58:46,516 I 7813 8094] raylet_client.cc:336: Error reporting task backlog information: IOError: 
[2022-01-10 13:58:47,516 I 7813 8094] raylet_client.cc:336: Error reporting task backlog information: IOError: 
[2022-01-10 13:58:48,517 I 7813 8094] raylet_client.cc:336: Error reporting task backlog information: IOError: 
[2022-01-10 13:58:48,784 W 7813 8095] metric_exporter.cc:206: Export metrics to agent failed: IOError: . This won't affect Ray, but you can lose metrics from the cluster.
[2022-01-10 13:58:49,517 I 7813 8094] raylet_client.cc:336: Error reporting task backlog information: IOError: 
[2022-01-10 13:58:50,517 I 7813 8094] raylet_client.cc:336: Error reporting task backlog information: IOError: 
[2022-01-10 13:58:51,518 I 7813 8094] raylet_client.cc:336: Error reporting task backlog information: IOError: 
[2022-01-10 13:58:52,518 I 7813 8094] raylet_client.cc:336: Error reporting task backlog information: IOError: 
[2022-01-10 13:58:53,518 I 7813 8094] raylet_client.cc:336: Error reporting task backlog information: IOError: 
[2022-01-10 13:58:54,519 I 7813 8094] raylet_client.cc:336: Error reporting task backlog information: IOError: 
[2022-01-10 13:58:55,519 I 7813 8094] raylet_client.cc:336: Error reporting task backlog information: IOError: 
[2022-01-10 13:58:56,520 I 7813 8094] raylet_client.cc:336: Error reporting task backlog information: IOError: 
[2022-01-10 13:58:57,520 I 7813 8094] raylet_client.cc:336: Error reporting task backlog information: IOError: 
[2022-01-10 13:58:58,520 I 7813 8094] raylet_client.cc:336: Error reporting task backlog information: IOError: 
[2022-01-10 13:58:58,799 W 7813 8095] metric_exporter.cc:206: Export metrics to agent failed: IOError: . This won't affect Ray, but you can lose metrics from the cluster.
[2022-01-10 13:58:59,520 I 7813 8094] raylet_client.cc:336: Error reporting task backlog information: IOError: 
[2022-01-10 13:59:00,521 I 7813 8094] raylet_client.cc:336: Error reporting task backlog information: IOError: 
[2022-01-10 13:59:01,521 I 7813 8094] raylet_client.cc:336: Error reporting task backlog information: IOError: 
[2022-01-10 13:59:02,521 I 7813 8094] raylet_client.cc:336: Error reporting task backlog information: IOError: 
[2022-01-10 13:59:03,521 I 7813 8094] raylet_client.cc:336: Error reporting task backlog information: IOError: 
[2022-01-10 13:59:04,522 I 7813 8094] raylet_client.cc:336: Error reporting task backlog information: IOError: 
[2022-01-10 13:59:05,522 I 7813 8094] raylet_client.cc:336: Error reporting task backlog information: IOError: 
[2022-01-10 13:59:06,523 I 7813 8094] raylet_client.cc:336: Error reporting task backlog information: IOError: 
[2022-01-10 13:59:07,523 I 7813 8094] raylet_client.cc:336: Error reporting task backlog information: IOError: 
[2022-01-10 13:59:08,523 I 7813 8094] raylet_client.cc:336: Error reporting task backlog information: IOError: 
[2022-01-10 13:59:08,814 W 7813 8095] metric_exporter.cc:206: Export metrics to agent failed: IOError: . This won't affect Ray, but you can lose metrics from the cluster.
[2022-01-10 13:59:09,524 I 7813 8094] raylet_client.cc:336: Error reporting task backlog information: IOError: 
[2022-01-10 13:59:10,524 I 7813 8094] raylet_client.cc:336: Error reporting task backlog information: IOError: 
[2022-01-10 13:59:11,524 I 7813 8094] raylet_client.cc:336: Error reporting task backlog information: IOError: 
[2022-01-10 13:59:12,524 I 7813 8094] raylet_client.cc:336: Error reporting task backlog information: IOError: 
[2022-01-10 13:59:13,524 I 7813 8094] raylet_client.cc:336: Error reporting task backlog information: IOError: 
[2022-01-10 13:59:14,525 I 7813 8094] raylet_client.cc:336: Error reporting task backlog information: IOError: 
[2022-01-10 13:59:15,525 I 7813 8094] raylet_client.cc:336: Error reporting task backlog information: IOError: 
[2022-01-10 13:59:16,525 I 7813 8094] raylet_client.cc:336: Error reporting task backlog information: IOError: 
[2022-01-10 13:59:17,526 I 7813 8094] raylet_client.cc:336: Error reporting task backlog information: IOError: 
[2022-01-10 13:59:18,526 I 7813 8094] raylet_client.cc:336: Error reporting task backlog information: IOError: 
[2022-01-10 13:59:18,831 W 7813 8095] metric_exporter.cc:206: Export metrics to agent failed: IOError: . This won't affect Ray, but you can lose metrics from the cluster.
[2022-01-10 13:59:19,526 I 7813 8094] raylet_client.cc:336: Error reporting task backlog information: IOError: 
[2022-01-10 13:59:20,527 I 7813 8094] raylet_client.cc:336: Error reporting task backlog information: IOError: 
[2022-01-10 13:59:21,527 I 7813 8094] raylet_client.cc:336: Error reporting task backlog information: IOError: 
[2022-01-10 13:59:22,527 I 7813 8094] raylet_client.cc:336: Error reporting task backlog information: IOError: 
[2022-01-10 13:59:23,527 I 7813 8094] raylet_client.cc:336: Error reporting task backlog information: IOError: 
[2022-01-10 13:59:24,528 I 7813 8094] raylet_client.cc:336: Error reporting task backlog information: IOError: 
[2022-01-10 13:59:25,528 I 7813 8094] raylet_client.cc:336: Error reporting task backlog information: IOError: 
[2022-01-10 13:59:26,529 I 7813 8094] raylet_client.cc:336: Error reporting task backlog information: IOError: 
[2022-01-10 13:59:27,529 I 7813 8094] raylet_client.cc:336: Error reporting task backlog information: IOError: 
[2022-01-10 13:59:28,529 I 7813 8094] raylet_client.cc:336: Error reporting task backlog information: IOError: 
[2022-01-10 13:59:28,846 W 7813 8095] metric_exporter.cc:206: Export metrics to agent failed: IOError: . This won't affect Ray, but you can lose metrics from the cluster.
[2022-01-10 13:59:29,529 I 7813 8094] raylet_client.cc:336: Error reporting task backlog information: IOError: 
[2022-01-10 13:59:30,530 I 7813 8094] raylet_client.cc:336: Error reporting task backlog information: IOError: 
[2022-01-10 13:59:31,530 I 7813 8094] raylet_client.cc:336: Error reporting task backlog information: IOError: 
[2022-01-10 13:59:32,530 I 7813 8094] raylet_client.cc:336: Error reporting task backlog information: IOError: 
[2022-01-10 13:59:33,531 I 7813 8094] raylet_client.cc:336: Error reporting task backlog information: IOError: 
[2022-01-10 13:59:34,531 I 7813 8094] raylet_client.cc:336: Error reporting task backlog information: IOError: 
[2022-01-10 13:59:35,531 I 7813 8094] raylet_client.cc:336: Error reporting task backlog information: IOError: 
[2022-01-10 13:59:36,532 I 7813 8094] raylet_client.cc:336: Error reporting task backlog information: IOError: 
[2022-01-10 13:59:37,532 I 7813 8094] raylet_client.cc:336: Error reporting task backlog information: IOError: 
[2022-01-10 13:59:38,532 I 7813 8094] raylet_client.cc:336: Error reporting task backlog information: IOError: 
[2022-01-10 13:59:38,861 W 7813 8095] metric_exporter.cc:206: Export metrics to agent failed: IOError: . This won't affect Ray, but you can lose metrics from the cluster.
[2022-01-10 13:59:39,533 I 7813 8094] raylet_client.cc:336: Error reporting task backlog information: IOError: 
[2022-01-10 13:59:40,533 I 7813 8094] raylet_client.cc:336: Error reporting task backlog information: IOError: 
[2022-01-10 13:59:41,533 I 7813 8094] raylet_client.cc:336: Error reporting task backlog information: IOError: 
[2022-01-10 13:59:42,534 I 7813 8094] raylet_client.cc:336: Error reporting task backlog information: IOError: 
[2022-01-10 13:59:43,534 I 7813 8094] raylet_client.cc:336: Error reporting task backlog information: IOError: 
[2022-01-10 13:59:44,534 I 7813 8094] raylet_client.cc:336: Error reporting task backlog information: IOError: 
[2022-01-10 13:59:45,535 I 7813 8094] raylet_client.cc:336: Error reporting task backlog information: IOError: 
[2022-01-10 13:59:46,535 I 7813 8094] raylet_client.cc:336: Error reporting task backlog information: IOError: 
[2022-01-10 13:59:47,535 I 7813 8094] raylet_client.cc:336: Error reporting task backlog information: IOError: 
[2022-01-10 13:59:48,536 I 7813 8094] raylet_client.cc:336: Error reporting task backlog information: IOError: 
[2022-01-10 13:59:48,877 W 7813 8095] metric_exporter.cc:206: Export metrics to agent failed: IOError: . This won't affect Ray, but you can lose metrics from the cluster.
[2022-01-10 13:59:49,536 I 7813 8094] raylet_client.cc:336: Error reporting task backlog information: IOError: 
[2022-01-10 13:59:50,536 I 7813 8094] raylet_client.cc:336: Error reporting task backlog information: IOError: 
[2022-01-10 13:59:51,536 I 7813 8094] raylet_client.cc:336: Error reporting task backlog information: IOError: 
[2022-01-10 13:59:52,536 I 7813 8094] raylet_client.cc:336: Error reporting task backlog information: IOError: 
[2022-01-10 13:59:53,536 I 7813 8094] raylet_client.cc:336: Error reporting task backlog information: IOError: 
[2022-01-10 13:59:54,536 I 7813 8094] raylet_client.cc:336: Error reporting task backlog information: IOError: 
[2022-01-10 13:59:55,536 I 7813 8094] raylet_client.cc:336: Error reporting task backlog information: IOError: 
[2022-01-10 13:59:56,536 I 7813 8094] raylet_client.cc:336: Error reporting task backlog information: IOError: 
[2022-01-10 13:59:57,537 I 7813 8094] raylet_client.cc:336: Error reporting task backlog information: IOError: 
[2022-01-10 13:59:58,537 I 7813 8094] raylet_client.cc:336: Error reporting task backlog information: IOError: 
[2022-01-10 13:59:58,885 W 7813 8095] metric_exporter.cc:206: Export metrics to agent failed: IOError: . This won't affect Ray, but you can lose metrics from the cluster.
[2022-01-10 13:59:59,537 I 7813 8094] raylet_client.cc:336: Error reporting task backlog information: IOError: 
[2022-01-10 14:00:00,538 I 7813 8094] raylet_client.cc:336: Error reporting task backlog information: IOError: 
[2022-01-10 14:00:01,538 I 7813 8094] raylet_client.cc:336: Error reporting task backlog information: IOError: 
[2022-01-10 14:00:02,538 I 7813 8094] raylet_client.cc:336: Error reporting task backlog information: IOError: 
[2022-01-10 14:00:03,538 I 7813 8094] raylet_client.cc:336: Error reporting task backlog information: IOError: 
[2022-01-10 14:00:04,538 I 7813 8094] raylet_client.cc:336: Error reporting task backlog information: IOError: 
[2022-01-10 14:00:05,539 I 7813 8094] raylet_client.cc:336: Error reporting task backlog information: IOError: 
[2022-01-10 14:00:06,539 I 7813 8094] raylet_client.cc:336: Error reporting task backlog information: IOError: 
[2022-01-10 14:00:07,539 I 7813 8094] raylet_client.cc:336: Error reporting task backlog information: IOError: 
[2022-01-10 14:00:08,539 I 7813 8094] raylet_client.cc:336: Error reporting task backlog information: IOError: 
[2022-01-10 14:00:08,896 W 7813 8095] metric_exporter.cc:206: Export metrics to agent failed: IOError: . This won't affect Ray, but you can lose metrics from the cluster.
[2022-01-10 14:00:09,540 I 7813 8094] raylet_client.cc:336: Error reporting task backlog information: IOError: 
[2022-01-10 14:00:10,540 I 7813 8094] raylet_client.cc:336: Error reporting task backlog information: IOError: 
[2022-01-10 14:00:11,540 I 7813 8094] raylet_client.cc:336: Error reporting task backlog information: IOError: 
[2022-01-10 14:00:12,540 I 7813 8094] raylet_client.cc:336: Error reporting task backlog information: IOError: 
[2022-01-10 14:00:13,541 I 7813 8094] raylet_client.cc:336: Error reporting task backlog information: IOError: 
[2022-01-10 14:00:14,541 I 7813 8094] raylet_client.cc:336: Error reporting task backlog information: IOError: 
[2022-01-10 14:00:15,542 I 7813 8094] raylet_client.cc:336: Error reporting task backlog information: IOError: 
[2022-01-10 14:00:16,543 I 7813 8094] raylet_client.cc:336: Error reporting task backlog information: IOError: 
[2022-01-10 14:00:17,544 I 7813 8094] raylet_client.cc:336: Error reporting task backlog information: IOError: 
[2022-01-10 14:00:18,544 I 7813 8094] raylet_client.cc:336: Error reporting task backlog information: IOError: 
[2022-01-10 14:00:18,911 W 7813 8095] metric_exporter.cc:206: Export metrics to agent failed: IOError: . This won't affect Ray, but you can lose metrics from the cluster.
[2022-01-10 14:00:19,544 I 7813 8094] raylet_client.cc:336: Error reporting task backlog information: IOError: 
[2022-01-10 14:00:20,544 I 7813 8094] raylet_client.cc:336: Error reporting task backlog information: IOError: 
[2022-01-10 14:00:21,545 I 7813 8094] raylet_client.cc:336: Error reporting task backlog information: IOError: 
[2022-01-10 14:00:22,545 I 7813 8094] raylet_client.cc:336: Error reporting task backlog information: IOError: 
[2022-01-10 14:00:23,545 I 7813 8094] raylet_client.cc:336: Error reporting task backlog information: IOError: 
[2022-01-10 14:00:24,546 I 7813 8094] raylet_client.cc:336: Error reporting task backlog information: IOError: 
[2022-01-10 14:00:25,546 I 7813 8094] raylet_client.cc:336: Error reporting task backlog information: IOError: 
[2022-01-10 14:00:26,546 I 7813 8094] raylet_client.cc:336: Error reporting task backlog information: IOError: 
[2022-01-10 14:00:27,547 I 7813 8094] raylet_client.cc:336: Error reporting task backlog information: IOError: 
[2022-01-10 14:00:28,547 I 7813 8094] raylet_client.cc:336: Error reporting task backlog information: IOError: 
[2022-01-10 14:00:28,926 W 7813 8095] metric_exporter.cc:206: Export metrics to agent failed: IOError: . This won't affect Ray, but you can lose metrics from the cluster.
[2022-01-10 14:00:29,547 I 7813 8094] raylet_client.cc:336: Error reporting task backlog information: IOError: 
[2022-01-10 14:00:30,548 I 7813 8094] raylet_client.cc:336: Error reporting task backlog information: IOError: 
[2022-01-10 14:00:31,548 I 7813 8094] raylet_client.cc:336: Error reporting task backlog information: IOError: 
[2022-01-10 14:00:32,548 I 7813 8094] raylet_client.cc:336: Error reporting task backlog information: IOError: 
[2022-01-10 14:00:33,548 I 7813 8094] raylet_client.cc:336: Error reporting task backlog information: IOError: 
[2022-01-10 14:00:34,548 I 7813 8094] raylet_client.cc:336: Error reporting task backlog information: IOError: 
[2022-01-10 14:00:35,548 I 7813 8094] raylet_client.cc:336: Error reporting task backlog information: IOError: 
[2022-01-10 14:00:36,548 I 7813 8094] raylet_client.cc:336: Error reporting task backlog information: IOError: 
[2022-01-10 14:00:37,549 I 7813 8094] raylet_client.cc:336: Error reporting task backlog information: IOError: 
[2022-01-10 14:00:38,549 I 7813 8094] raylet_client.cc:336: Error reporting task backlog information: IOError: 
[2022-01-10 14:00:38,937 W 7813 8095] metric_exporter.cc:206: Export metrics to agent failed: IOError: . This won't affect Ray, but you can lose metrics from the cluster.
[2022-01-10 14:00:39,549 I 7813 8094] raylet_client.cc:336: Error reporting task backlog information: IOError: 
[2022-01-10 14:00:40,549 I 7813 8094] raylet_client.cc:336: Error reporting task backlog information: IOError: 
[2022-01-10 14:00:41,550 I 7813 8094] raylet_client.cc:336: Error reporting task backlog information: IOError: 
[2022-01-10 14:00:42,550 I 7813 8094] raylet_client.cc:336: Error reporting task backlog information: IOError: 
[2022-01-10 14:00:43,550 I 7813 8094] raylet_client.cc:336: Error reporting task backlog information: IOError: 
[2022-01-10 14:00:44,551 I 7813 8094] raylet_client.cc:336: Error reporting task backlog information: IOError: 
[2022-01-10 14:00:45,551 I 7813 8094] raylet_client.cc:336: Error reporting task backlog information: IOError: 
[2022-01-10 14:00:46,551 I 7813 8094] raylet_client.cc:336: Error reporting task backlog information: IOError: 
[2022-01-10 14:00:47,552 I 7813 8094] raylet_client.cc:336: Error reporting task backlog information: IOError: 
[2022-01-10 14:00:48,552 I 7813 8094] raylet_client.cc:336: Error reporting task backlog information: IOError: 
[2022-01-10 14:00:48,953 W 7813 8095] metric_exporter.cc:206: Export metrics to agent failed: IOError: . This won't affect Ray, but you can lose metrics from the cluster.
[2022-01-10 14:00:49,552 I 7813 8094] raylet_client.cc:336: Error reporting task backlog information: IOError: 
[2022-01-10 14:00:50,552 I 7813 8094] raylet_client.cc:336: Error reporting task backlog information: IOError: 
[2022-01-10 14:00:51,553 I 7813 8094] raylet_client.cc:336: Error reporting task backlog information: IOError: 
[2022-01-10 14:00:52,553 I 7813 8094] raylet_client.cc:336: Error reporting task backlog information: IOError: 
[2022-01-10 14:00:53,553 I 7813 8094] raylet_client.cc:336: Error reporting task backlog information: IOError: 
[2022-01-10 14:00:54,554 I 7813 8094] raylet_client.cc:336: Error reporting task backlog information: IOError: 
[2022-01-10 14:00:55,554 I 7813 8094] raylet_client.cc:336: Error reporting task backlog information: IOError: 
[2022-01-10 14:00:56,555 I 7813 8094] raylet_client.cc:336: Error reporting task backlog information: IOError: 
[2022-01-10 14:00:57,555 I 7813 8094] raylet_client.cc:336: Error reporting task backlog information: IOError: 
[2022-01-10 14:00:58,555 I 7813 8094] raylet_client.cc:336: Error reporting task backlog information: IOError: 
[2022-01-10 14:00:58,969 W 7813 8095] metric_exporter.cc:206: Export metrics to agent failed: IOError: . This won't affect Ray, but you can lose metrics from the cluster.
[2022-01-10 14:00:59,556 I 7813 8094] raylet_client.cc:336: Error reporting task backlog information: IOError: 
[2022-01-10 14:01:00,556 I 7813 8094] raylet_client.cc:336: Error reporting task backlog information: IOError: 
[2022-01-10 14:01:01,556 I 7813 8094] raylet_client.cc:336: Error reporting task backlog information: IOError: 
[2022-01-10 14:01:02,556 I 7813 8094] raylet_client.cc:336: Error reporting task backlog information: IOError: 
[2022-01-10 14:01:03,556 I 7813 8094] raylet_client.cc:336: Error reporting task backlog information: IOError: 
[2022-01-10 14:01:04,557 I 7813 8094] raylet_client.cc:336: Error reporting task backlog information: IOError: 
[2022-01-10 14:01:05,557 I 7813 8094] raylet_client.cc:336: Error reporting task backlog information: IOError: 
[2022-01-10 14:01:06,557 I 7813 8094] raylet_client.cc:336: Error reporting task backlog information: IOError: 
[2022-01-10 14:01:07,557 I 7813 8094] raylet_client.cc:336: Error reporting task backlog information: IOError: 
[2022-01-10 14:01:08,557 I 7813 8094] raylet_client.cc:336: Error reporting task backlog information: IOError: 
[2022-01-10 14:01:08,981 W 7813 8095] metric_exporter.cc:206: Export metrics to agent failed: IOError: . This won't affect Ray, but you can lose metrics from the cluster.
[2022-01-10 14:01:09,557 I 7813 8094] raylet_client.cc:336: Error reporting task backlog information: IOError: 
[2022-01-10 14:01:10,557 I 7813 8094] raylet_client.cc:336: Error reporting task backlog information: IOError: 
[2022-01-10 14:01:11,557 I 7813 8094] raylet_client.cc:336: Error reporting task backlog information: IOError: 
[2022-01-10 14:01:12,557 I 7813 8094] raylet_client.cc:336: Error reporting task backlog information: IOError: 
[2022-01-10 14:01:13,557 I 7813 8094] raylet_client.cc:336: Error reporting task backlog information: IOError: 
[2022-01-10 14:01:14,558 I 7813 8094] raylet_client.cc:336: Error reporting task backlog information: IOError: 
[2022-01-10 14:01:15,558 I 7813 8094] raylet_client.cc:336: Error reporting task backlog information: IOError: 
[2022-01-10 14:01:16,558 I 7813 8094] raylet_client.cc:336: Error reporting task backlog information: IOError: 
[2022-01-10 14:01:17,558 I 7813 8094] raylet_client.cc:336: Error reporting task backlog information: IOError: 
[2022-01-10 14:01:18,559 I 7813 8094] raylet_client.cc:336: Error reporting task backlog information: IOError: 
[2022-01-10 14:01:18,994 W 7813 8095] metric_exporter.cc:206: Export metrics to agent failed: IOError: . This won't affect Ray, but you can lose metrics from the cluster.
[2022-01-10 14:01:19,559 I 7813 8094] raylet_client.cc:336: Error reporting task backlog information: IOError: 
[2022-01-10 14:01:20,559 I 7813 8094] raylet_client.cc:336: Error reporting task backlog information: IOError: 
[2022-01-10 14:01:21,560 I 7813 8094] raylet_client.cc:336: Error reporting task backlog information: IOError: 
[2022-01-10 14:01:22,560 I 7813 8094] raylet_client.cc:336: Error reporting task backlog information: IOError: 
[2022-01-10 14:01:23,560 I 7813 8094] raylet_client.cc:336: Error reporting task backlog information: IOError: 
[2022-01-10 14:01:24,560 I 7813 8094] raylet_client.cc:336: Error reporting task backlog information: IOError: 
[2022-01-10 14:01:25,561 I 7813 8094] raylet_client.cc:336: Error reporting task backlog information: IOError: 
[2022-01-10 14:01:26,561 I 7813 8094] raylet_client.cc:336: Error reporting task backlog information: IOError: 
[2022-01-10 14:01:27,561 I 7813 8094] raylet_client.cc:336: Error reporting task backlog information: IOError: 
[2022-01-10 14:01:28,561 I 7813 8094] raylet_client.cc:336: Error reporting task backlog information: IOError: 
[2022-01-10 14:01:29,009 W 7813 8095] metric_exporter.cc:206: Export metrics to agent failed: IOError: . This won't affect Ray, but you can lose metrics from the cluster.
[2022-01-10 14:01:29,562 I 7813 8094] raylet_client.cc:336: Error reporting task backlog information: IOError: 
[2022-01-10 14:01:30,562 I 7813 8094] raylet_client.cc:336: Error reporting task backlog information: IOError: 
[2022-01-10 14:01:31,562 I 7813 8094] raylet_client.cc:336: Error reporting task backlog information: IOError: 
[2022-01-10 14:01:32,563 I 7813 8094] raylet_client.cc:336: Error reporting task backlog information: IOError: 
[2022-01-10 14:01:33,563 I 7813 8094] raylet_client.cc:336: Error reporting task backlog information: IOError: 
[2022-01-10 14:01:34,563 I 7813 8094] raylet_client.cc:336: Error reporting task backlog information: IOError: 
[2022-01-10 14:01:35,564 I 7813 8094] raylet_client.cc:336: Error reporting task backlog information: IOError: 
[2022-01-10 14:01:36,564 I 7813 8094] raylet_client.cc:336: Error reporting task backlog information: IOError: 
[2022-01-10 14:01:37,564 I 7813 8094] raylet_client.cc:336: Error reporting task backlog information: IOError: 
[2022-01-10 14:01:38,564 I 7813 8094] raylet_client.cc:336: Error reporting task backlog information: IOError: 
[2022-01-10 14:01:39,024 W 7813 8095] metric_exporter.cc:206: Export metrics to agent failed: IOError: . This won't affect Ray, but you can lose metrics from the cluster.
[2022-01-10 14:01:39,564 I 7813 8094] raylet_client.cc:336: Error reporting task backlog information: IOError: 
[2022-01-10 14:01:40,565 I 7813 8094] raylet_client.cc:336: Error reporting task backlog information: IOError: 
[2022-01-10 14:01:41,565 I 7813 8094] raylet_client.cc:336: Error reporting task backlog information: IOError: 
[2022-01-10 14:01:42,565 I 7813 8094] raylet_client.cc:336: Error reporting task backlog information: IOError: 
[2022-01-10 14:01:43,565 I 7813 8094] raylet_client.cc:336: Error reporting task backlog information: IOError: 
[2022-01-10 14:01:44,565 I 7813 8094] raylet_client.cc:336: Error reporting task backlog information: IOError: 
[2022-01-10 14:01:45,565 I 7813 8094] raylet_client.cc:336: Error reporting task backlog information: IOError: 
[2022-01-10 14:01:46,565 I 7813 8094] raylet_client.cc:336: Error reporting task backlog information: IOError: 
[2022-01-10 14:01:47,565 I 7813 8094] raylet_client.cc:336: Error reporting task backlog information: IOError: 
[2022-01-10 14:01:48,565 I 7813 8094] raylet_client.cc:336: Error reporting task backlog information: IOError: 
[2022-01-10 14:01:49,033 W 7813 8095] metric_exporter.cc:206: Export metrics to agent failed: IOError: . This won't affect Ray, but you can lose metrics from the cluster.
[2022-01-10 14:01:49,566 I 7813 8094] raylet_client.cc:336: Error reporting task backlog information: IOError: 
[2022-01-10 14:01:50,566 I 7813 8094] raylet_client.cc:336: Error reporting task backlog information: IOError: 
[2022-01-10 14:01:51,566 I 7813 8094] raylet_client.cc:336: Error reporting task backlog information: IOError: 
[2022-01-10 14:01:52,566 I 7813 8094] raylet_client.cc:336: Error reporting task backlog information: IOError: 
[2022-01-10 14:01:53,566 I 7813 8094] raylet_client.cc:336: Error reporting task backlog information: IOError: 
[2022-01-10 14:01:54,566 I 7813 8094] raylet_client.cc:336: Error reporting task backlog information: IOError: 
[2022-01-10 14:01:55,566 I 7813 8094] raylet_client.cc:336: Error reporting task backlog information: IOError: 
[2022-01-10 14:01:56,566 I 7813 8094] raylet_client.cc:336: Error reporting task backlog information: IOError: 
[2022-01-10 14:01:57,566 I 7813 8094] raylet_client.cc:336: Error reporting task backlog information: IOError: 
[2022-01-10 14:01:58,566 I 7813 8094] raylet_client.cc:336: Error reporting task backlog information: IOError: 
[2022-01-10 14:01:59,042 W 7813 8095] metric_exporter.cc:206: Export metrics to agent failed: IOError: . This won't affect Ray, but you can lose metrics from the cluster.
[2022-01-10 14:01:59,566 I 7813 8094] raylet_client.cc:336: Error reporting task backlog information: IOError: 
[2022-01-10 14:02:00,566 I 7813 8094] raylet_client.cc:336: Error reporting task backlog information: IOError: 
[2022-01-10 14:02:01,567 I 7813 8094] raylet_client.cc:336: Error reporting task backlog information: IOError: 
[2022-01-10 14:02:02,567 I 7813 8094] raylet_client.cc:336: Error reporting task backlog information: IOError: 
[2022-01-10 14:02:03,567 I 7813 8094] raylet_client.cc:336: Error reporting task backlog information: IOError: 
[2022-01-10 14:02:04,567 I 7813 8094] raylet_client.cc:336: Error reporting task backlog information: IOError: 
[2022-01-10 14:02:05,567 I 7813 8094] raylet_client.cc:336: Error reporting task backlog information: IOError: 
[2022-01-10 14:02:06,567 I 7813 8094] raylet_client.cc:336: Error reporting task backlog information: IOError: 
[2022-01-10 14:02:07,567 I 7813 8094] raylet_client.cc:336: Error reporting task backlog information: IOError: 
[2022-01-10 14:02:08,567 I 7813 8094] raylet_client.cc:336: Error reporting task backlog information: IOError: 
[2022-01-10 14:02:09,049 W 7813 8095] metric_exporter.cc:206: Export metrics to agent failed: IOError: . This won't affect Ray, but you can lose metrics from the cluster.
[2022-01-10 14:02:09,567 I 7813 8094] raylet_client.cc:336: Error reporting task backlog information: IOError: 
[2022-01-10 14:02:10,567 I 7813 8094] raylet_client.cc:336: Error reporting task backlog information: IOError: 
[2022-01-10 14:02:11,567 I 7813 8094] raylet_client.cc:336: Error reporting task backlog information: IOError: 
[2022-01-10 14:02:12,567 I 7813 8094] raylet_client.cc:336: Error reporting task backlog information: IOError: 
[2022-01-10 14:02:13,567 I 7813 8094] raylet_client.cc:336: Error reporting task backlog information: IOError: 
[2022-01-10 14:02:14,567 I 7813 8094] raylet_client.cc:336: Error reporting task backlog information: IOError: 
[2022-01-10 14:02:15,568 I 7813 8094] raylet_client.cc:336: Error reporting task backlog information: IOError: 
[2022-01-10 14:02:16,568 I 7813 8094] raylet_client.cc:336: Error reporting task backlog information: IOError: 
[2022-01-10 14:02:17,568 I 7813 8094] raylet_client.cc:336: Error reporting task backlog information: IOError: 
[2022-01-10 14:02:18,568 I 7813 8094] raylet_client.cc:336: Error reporting task backlog information: IOError: 
[2022-01-10 14:02:19,056 W 7813 8095] metric_exporter.cc:206: Export metrics to agent failed: IOError: . This won't affect Ray, but you can lose metrics from the cluster.
[2022-01-10 14:02:19,568 I 7813 8094] raylet_client.cc:336: Error reporting task backlog information: IOError: 
[2022-01-10 14:02:20,568 I 7813 8094] raylet_client.cc:336: Error reporting task backlog information: IOError: 
[2022-01-10 14:02:21,568 I 7813 8094] raylet_client.cc:336: Error reporting task backlog information: IOError: 
[2022-01-10 14:02:22,568 I 7813 8094] raylet_client.cc:336: Error reporting task backlog information: IOError: 
[2022-01-10 14:02:23,568 I 7813 8094] raylet_client.cc:336: Error reporting task backlog information: IOError: 
[2022-01-10 14:02:24,568 I 7813 8094] raylet_client.cc:336: Error reporting task backlog information: IOError: 
[2022-01-10 14:02:25,568 I 7813 8094] raylet_client.cc:336: Error reporting task backlog information: IOError: 
[2022-01-10 14:02:26,569 I 7813 8094] raylet_client.cc:336: Error reporting task backlog information: IOError: 
[2022-01-10 14:02:27,569 I 7813 8094] raylet_client.cc:336: Error reporting task backlog information: IOError: 
[2022-01-10 14:02:28,569 I 7813 8094] raylet_client.cc:336: Error reporting task backlog information: IOError: 
[2022-01-10 14:02:29,064 W 7813 8095] metric_exporter.cc:206: Export metrics to agent failed: IOError: . This won't affect Ray, but you can lose metrics from the cluster.
[2022-01-10 14:02:29,569 I 7813 8094] raylet_client.cc:336: Error reporting task backlog information: IOError: 
[2022-01-10 14:02:30,569 I 7813 8094] raylet_client.cc:336: Error reporting task backlog information: IOError: 
[2022-01-10 14:02:31,569 I 7813 8094] raylet_client.cc:336: Error reporting task backlog information: IOError: 
[2022-01-10 14:02:32,569 I 7813 8094] raylet_client.cc:336: Error reporting task backlog information: IOError: 
[2022-01-10 14:02:33,569 I 7813 8094] raylet_client.cc:336: Error reporting task backlog information: IOError: 
[2022-01-10 14:02:34,569 I 7813 8094] raylet_client.cc:336: Error reporting task backlog information: IOError: 
[2022-01-10 14:02:35,569 I 7813 8094] raylet_client.cc:336: Error reporting task backlog information: IOError: 
[2022-01-10 14:02:36,569 I 7813 8094] raylet_client.cc:336: Error reporting task backlog information: IOError: 
[2022-01-10 14:02:37,569 I 7813 8094] raylet_client.cc:336: Error reporting task backlog information: IOError: 
[2022-01-10 14:02:38,416 E 7813 7973] gcs_server_address_updater.cc:76: Failed to receive the GCS address for 600 times without success. The worker will exit ungracefully. It is because GCS has died. It could be because there was an issue that kills GCS, such as high memory usage triggering OOM killer to kill GCS. Cluster will be highly likely unavailable if you see this log. Please check the log from gcs_server.err.
