[2022-01-10 13:52:38,353 I 7819 7819] core_worker.cc:132: Constructing CoreWorkerProcess. pid: 7819
[2022-01-10 13:52:38,356 I 7819 7819] grpc_server.cc:112: worker server started, listening on port 39175.
[2022-01-10 13:52:38,360 I 7819 7819] core_worker.cc:479: Initializing worker at address: 131.215.21.210:39175, worker ID c876eaef928a6b1f323d0070c0c2e75bd1bd565ca314a320e39c490a, raylet 390f8b42bb448f3e70d662490a796dfa7cb7f119dc88d150775106ab
[2022-01-10 13:52:38,528 I 7819 7819] io_service_pool.cc:35: IOServicePool is running with 1 io_service.
[2022-01-10 13:52:38,528 I 7819 8135] accessor.cc:560: Received notification for node id = 390f8b42bb448f3e70d662490a796dfa7cb7f119dc88d150775106ab, IsAlive = 1
[2022-01-10 13:52:39,362 W 7819 8021] gcs_server_address_updater.cc:61: [1] Failed to get the gcs server address from raylet 1 times in a row. If it keeps failing to obtain the address, the worker might crash. Connection status IOError: 
[2022-01-10 13:52:40,362 I 7819 8135] raylet_client.cc:336: Error reporting task backlog information: IOError: 
[2022-01-10 13:52:40,528 I 7819 8135] raylet_client.cc:336: Error reporting task backlog information: IOError: 
[2022-01-10 13:52:41,528 I 7819 8135] raylet_client.cc:336: Error reporting task backlog information: IOError: 
[2022-01-10 13:52:42,528 I 7819 8135] raylet_client.cc:336: Error reporting task backlog information: IOError: 
[2022-01-10 13:52:43,528 I 7819 8135] raylet_client.cc:336: Error reporting task backlog information: IOError: 
[2022-01-10 13:52:44,528 I 7819 8135] raylet_client.cc:336: Error reporting task backlog information: IOError: 
[2022-01-10 13:52:45,528 I 7819 8135] raylet_client.cc:336: Error reporting task backlog information: IOError: 
[2022-01-10 13:52:46,529 I 7819 8135] raylet_client.cc:336: Error reporting task backlog information: IOError: 
[2022-01-10 13:52:47,529 I 7819 8135] raylet_client.cc:336: Error reporting task backlog information: IOError: 
[2022-01-10 13:52:48,529 I 7819 8135] raylet_client.cc:336: Error reporting task backlog information: IOError: 
[2022-01-10 13:52:48,535 W 7819 8136] metric_exporter.cc:206: Export metrics to agent failed: IOError: . This won't affect Ray, but you can lose metrics from the cluster.
[2022-01-10 13:52:49,529 I 7819 8135] raylet_client.cc:336: Error reporting task backlog information: IOError: 
[2022-01-10 13:52:50,529 I 7819 8135] raylet_client.cc:336: Error reporting task backlog information: IOError: 
[2022-01-10 13:52:51,529 I 7819 8135] raylet_client.cc:336: Error reporting task backlog information: IOError: 
[2022-01-10 13:52:52,529 I 7819 8135] raylet_client.cc:336: Error reporting task backlog information: IOError: 
[2022-01-10 13:52:53,529 I 7819 8135] raylet_client.cc:336: Error reporting task backlog information: IOError: 
[2022-01-10 13:52:54,529 I 7819 8135] raylet_client.cc:336: Error reporting task backlog information: IOError: 
[2022-01-10 13:52:55,529 I 7819 8135] raylet_client.cc:336: Error reporting task backlog information: IOError: 
[2022-01-10 13:52:56,529 I 7819 8135] raylet_client.cc:336: Error reporting task backlog information: IOError: 
[2022-01-10 13:52:57,530 I 7819 8135] raylet_client.cc:336: Error reporting task backlog information: IOError: 
[2022-01-10 13:52:58,530 I 7819 8135] raylet_client.cc:336: Error reporting task backlog information: IOError: 
[2022-01-10 13:52:58,542 W 7819 8136] metric_exporter.cc:206: Export metrics to agent failed: IOError: . This won't affect Ray, but you can lose metrics from the cluster.
[2022-01-10 13:52:59,530 I 7819 8135] raylet_client.cc:336: Error reporting task backlog information: IOError: 
[2022-01-10 13:53:00,530 I 7819 8135] raylet_client.cc:336: Error reporting task backlog information: IOError: 
[2022-01-10 13:53:01,530 I 7819 8135] raylet_client.cc:336: Error reporting task backlog information: IOError: 
[2022-01-10 13:53:02,530 I 7819 8135] raylet_client.cc:336: Error reporting task backlog information: IOError: 
[2022-01-10 13:53:03,530 I 7819 8135] raylet_client.cc:336: Error reporting task backlog information: IOError: 
[2022-01-10 13:53:04,530 I 7819 8135] raylet_client.cc:336: Error reporting task backlog information: IOError: 
[2022-01-10 13:53:05,530 I 7819 8135] raylet_client.cc:336: Error reporting task backlog information: IOError: 
[2022-01-10 13:53:06,530 I 7819 8135] raylet_client.cc:336: Error reporting task backlog information: IOError: 
[2022-01-10 13:53:07,530 I 7819 8135] raylet_client.cc:336: Error reporting task backlog information: IOError: 
[2022-01-10 13:53:08,530 I 7819 8135] raylet_client.cc:336: Error reporting task backlog information: IOError: 
[2022-01-10 13:53:08,550 W 7819 8136] metric_exporter.cc:206: Export metrics to agent failed: IOError: . This won't affect Ray, but you can lose metrics from the cluster.
[2022-01-10 13:53:09,531 I 7819 8135] raylet_client.cc:336: Error reporting task backlog information: IOError: 
[2022-01-10 13:53:10,531 I 7819 8135] raylet_client.cc:336: Error reporting task backlog information: IOError: 
[2022-01-10 13:53:11,531 I 7819 8135] raylet_client.cc:336: Error reporting task backlog information: IOError: 
[2022-01-10 13:53:12,531 I 7819 8135] raylet_client.cc:336: Error reporting task backlog information: IOError: 
[2022-01-10 13:53:13,531 I 7819 8135] raylet_client.cc:336: Error reporting task backlog information: IOError: 
[2022-01-10 13:53:14,531 I 7819 8135] raylet_client.cc:336: Error reporting task backlog information: IOError: 
[2022-01-10 13:53:15,531 I 7819 8135] raylet_client.cc:336: Error reporting task backlog information: IOError: 
[2022-01-10 13:53:16,531 I 7819 8135] raylet_client.cc:336: Error reporting task backlog information: IOError: 
[2022-01-10 13:53:17,531 I 7819 8135] raylet_client.cc:336: Error reporting task backlog information: IOError: 
[2022-01-10 13:53:18,531 I 7819 8135] raylet_client.cc:336: Error reporting task backlog information: IOError: 
[2022-01-10 13:53:18,558 W 7819 8136] metric_exporter.cc:206: Export metrics to agent failed: IOError: . This won't affect Ray, but you can lose metrics from the cluster.
[2022-01-10 13:53:19,531 I 7819 8135] raylet_client.cc:336: Error reporting task backlog information: IOError: 
[2022-01-10 13:53:20,532 I 7819 8135] raylet_client.cc:336: Error reporting task backlog information: IOError: 
[2022-01-10 13:53:21,532 I 7819 8135] raylet_client.cc:336: Error reporting task backlog information: IOError: 
[2022-01-10 13:53:22,532 I 7819 8135] raylet_client.cc:336: Error reporting task backlog information: IOError: 
[2022-01-10 13:53:23,532 I 7819 8135] raylet_client.cc:336: Error reporting task backlog information: IOError: 
[2022-01-10 13:53:24,532 I 7819 8135] raylet_client.cc:336: Error reporting task backlog information: IOError: 
[2022-01-10 13:53:25,532 I 7819 8135] raylet_client.cc:336: Error reporting task backlog information: IOError: 
[2022-01-10 13:53:26,532 I 7819 8135] raylet_client.cc:336: Error reporting task backlog information: IOError: 
[2022-01-10 13:53:27,532 I 7819 8135] raylet_client.cc:336: Error reporting task backlog information: IOError: 
[2022-01-10 13:53:28,532 I 7819 8135] raylet_client.cc:336: Error reporting task backlog information: IOError: 
[2022-01-10 13:53:28,565 W 7819 8136] metric_exporter.cc:206: Export metrics to agent failed: IOError: . This won't affect Ray, but you can lose metrics from the cluster.
[2022-01-10 13:53:29,532 I 7819 8135] raylet_client.cc:336: Error reporting task backlog information: IOError: 
[2022-01-10 13:53:30,532 I 7819 8135] raylet_client.cc:336: Error reporting task backlog information: IOError: 
[2022-01-10 13:53:31,533 I 7819 8135] raylet_client.cc:336: Error reporting task backlog information: IOError: 
[2022-01-10 13:53:32,533 I 7819 8135] raylet_client.cc:336: Error reporting task backlog information: IOError: 
[2022-01-10 13:53:33,533 I 7819 8135] raylet_client.cc:336: Error reporting task backlog information: IOError: 
[2022-01-10 13:53:34,533 I 7819 8135] raylet_client.cc:336: Error reporting task backlog information: IOError: 
[2022-01-10 13:53:35,533 I 7819 8135] raylet_client.cc:336: Error reporting task backlog information: IOError: 
[2022-01-10 13:53:36,533 I 7819 8135] raylet_client.cc:336: Error reporting task backlog information: IOError: 
[2022-01-10 13:53:37,533 I 7819 8135] raylet_client.cc:336: Error reporting task backlog information: IOError: 
[2022-01-10 13:53:38,533 I 7819 8135] raylet_client.cc:336: Error reporting task backlog information: IOError: 
[2022-01-10 13:53:38,573 W 7819 8136] metric_exporter.cc:206: Export metrics to agent failed: IOError: . This won't affect Ray, but you can lose metrics from the cluster.
[2022-01-10 13:53:39,533 I 7819 8135] raylet_client.cc:336: Error reporting task backlog information: IOError: 
[2022-01-10 13:53:40,533 I 7819 8135] raylet_client.cc:336: Error reporting task backlog information: IOError: 
[2022-01-10 13:53:41,534 I 7819 8135] raylet_client.cc:336: Error reporting task backlog information: IOError: 
[2022-01-10 13:53:42,534 I 7819 8135] raylet_client.cc:336: Error reporting task backlog information: IOError: 
[2022-01-10 13:53:43,534 I 7819 8135] raylet_client.cc:336: Error reporting task backlog information: IOError: 
[2022-01-10 13:53:44,534 I 7819 8135] raylet_client.cc:336: Error reporting task backlog information: IOError: 
[2022-01-10 13:53:45,534 I 7819 8135] raylet_client.cc:336: Error reporting task backlog information: IOError: 
[2022-01-10 13:53:46,534 I 7819 8135] raylet_client.cc:336: Error reporting task backlog information: IOError: 
[2022-01-10 13:53:47,534 I 7819 8135] raylet_client.cc:336: Error reporting task backlog information: IOError: 
[2022-01-10 13:53:48,534 I 7819 8135] raylet_client.cc:336: Error reporting task backlog information: IOError: 
[2022-01-10 13:53:48,581 W 7819 8136] metric_exporter.cc:206: Export metrics to agent failed: IOError: . This won't affect Ray, but you can lose metrics from the cluster.
[2022-01-10 13:53:49,534 I 7819 8135] raylet_client.cc:336: Error reporting task backlog information: IOError: 
[2022-01-10 13:53:50,534 I 7819 8135] raylet_client.cc:336: Error reporting task backlog information: IOError: 
[2022-01-10 13:53:51,534 I 7819 8135] raylet_client.cc:336: Error reporting task backlog information: IOError: 
[2022-01-10 13:53:52,535 I 7819 8135] raylet_client.cc:336: Error reporting task backlog information: IOError: 
[2022-01-10 13:53:53,535 I 7819 8135] raylet_client.cc:336: Error reporting task backlog information: IOError: 
[2022-01-10 13:53:54,535 I 7819 8135] raylet_client.cc:336: Error reporting task backlog information: IOError: 
[2022-01-10 13:53:55,535 I 7819 8135] raylet_client.cc:336: Error reporting task backlog information: IOError: 
[2022-01-10 13:53:56,535 I 7819 8135] raylet_client.cc:336: Error reporting task backlog information: IOError: 
[2022-01-10 13:53:57,535 I 7819 8135] raylet_client.cc:336: Error reporting task backlog information: IOError: 
[2022-01-10 13:53:58,535 I 7819 8135] raylet_client.cc:336: Error reporting task backlog information: IOError: 
[2022-01-10 13:53:58,589 W 7819 8136] metric_exporter.cc:206: Export metrics to agent failed: IOError: . This won't affect Ray, but you can lose metrics from the cluster.
[2022-01-10 13:53:59,535 I 7819 8135] raylet_client.cc:336: Error reporting task backlog information: IOError: 
[2022-01-10 13:54:00,535 I 7819 8135] raylet_client.cc:336: Error reporting task backlog information: IOError: 
[2022-01-10 13:54:01,535 I 7819 8135] raylet_client.cc:336: Error reporting task backlog information: IOError: 
[2022-01-10 13:54:02,535 I 7819 8135] raylet_client.cc:336: Error reporting task backlog information: IOError: 
[2022-01-10 13:54:03,536 I 7819 8135] raylet_client.cc:336: Error reporting task backlog information: IOError: 
[2022-01-10 13:54:04,536 I 7819 8135] raylet_client.cc:336: Error reporting task backlog information: IOError: 
[2022-01-10 13:54:05,536 I 7819 8135] raylet_client.cc:336: Error reporting task backlog information: IOError: 
[2022-01-10 13:54:06,536 I 7819 8135] raylet_client.cc:336: Error reporting task backlog information: IOError: 
[2022-01-10 13:54:07,536 I 7819 8135] raylet_client.cc:336: Error reporting task backlog information: IOError: 
[2022-01-10 13:54:08,536 I 7819 8135] raylet_client.cc:336: Error reporting task backlog information: IOError: 
[2022-01-10 13:54:08,598 W 7819 8136] metric_exporter.cc:206: Export metrics to agent failed: IOError: . This won't affect Ray, but you can lose metrics from the cluster.
[2022-01-10 13:54:09,536 I 7819 8135] raylet_client.cc:336: Error reporting task backlog information: IOError: 
[2022-01-10 13:54:10,536 I 7819 8135] raylet_client.cc:336: Error reporting task backlog information: IOError: 
[2022-01-10 13:54:11,536 I 7819 8135] raylet_client.cc:336: Error reporting task backlog information: IOError: 
[2022-01-10 13:54:12,536 I 7819 8135] raylet_client.cc:336: Error reporting task backlog information: IOError: 
[2022-01-10 13:54:13,536 I 7819 8135] raylet_client.cc:336: Error reporting task backlog information: IOError: 
[2022-01-10 13:54:14,537 I 7819 8135] raylet_client.cc:336: Error reporting task backlog information: IOError: 
[2022-01-10 13:54:15,537 I 7819 8135] raylet_client.cc:336: Error reporting task backlog information: IOError: 
[2022-01-10 13:54:16,537 I 7819 8135] raylet_client.cc:336: Error reporting task backlog information: IOError: 
[2022-01-10 13:54:17,537 I 7819 8135] raylet_client.cc:336: Error reporting task backlog information: IOError: 
[2022-01-10 13:54:18,537 I 7819 8135] raylet_client.cc:336: Error reporting task backlog information: IOError: 
[2022-01-10 13:54:18,605 W 7819 8136] metric_exporter.cc:206: Export metrics to agent failed: IOError: . This won't affect Ray, but you can lose metrics from the cluster.
[2022-01-10 13:54:19,537 I 7819 8135] raylet_client.cc:336: Error reporting task backlog information: IOError: 
[2022-01-10 13:54:20,537 I 7819 8135] raylet_client.cc:336: Error reporting task backlog information: IOError: 
[2022-01-10 13:54:21,537 I 7819 8135] raylet_client.cc:336: Error reporting task backlog information: IOError: 
[2022-01-10 13:54:22,537 I 7819 8135] raylet_client.cc:336: Error reporting task backlog information: IOError: 
[2022-01-10 13:54:23,537 I 7819 8135] raylet_client.cc:336: Error reporting task backlog information: IOError: 
[2022-01-10 13:54:24,537 I 7819 8135] raylet_client.cc:336: Error reporting task backlog information: IOError: 
[2022-01-10 13:54:25,538 I 7819 8135] raylet_client.cc:336: Error reporting task backlog information: IOError: 
[2022-01-10 13:54:26,538 I 7819 8135] raylet_client.cc:336: Error reporting task backlog information: IOError: 
[2022-01-10 13:54:27,538 I 7819 8135] raylet_client.cc:336: Error reporting task backlog information: IOError: 
[2022-01-10 13:54:28,538 I 7819 8135] raylet_client.cc:336: Error reporting task backlog information: IOError: 
[2022-01-10 13:54:28,613 W 7819 8136] metric_exporter.cc:206: Export metrics to agent failed: IOError: . This won't affect Ray, but you can lose metrics from the cluster.
[2022-01-10 13:54:29,538 I 7819 8135] raylet_client.cc:336: Error reporting task backlog information: IOError: 
[2022-01-10 13:54:30,538 I 7819 8135] raylet_client.cc:336: Error reporting task backlog information: IOError: 
[2022-01-10 13:54:31,538 I 7819 8135] raylet_client.cc:336: Error reporting task backlog information: IOError: 
[2022-01-10 13:54:32,538 I 7819 8135] raylet_client.cc:336: Error reporting task backlog information: IOError: 
[2022-01-10 13:54:33,538 I 7819 8135] raylet_client.cc:336: Error reporting task backlog information: IOError: 
[2022-01-10 13:54:34,538 I 7819 8135] raylet_client.cc:336: Error reporting task backlog information: IOError: 
[2022-01-10 13:54:35,539 I 7819 8135] raylet_client.cc:336: Error reporting task backlog information: IOError: 
[2022-01-10 13:54:36,539 I 7819 8135] raylet_client.cc:336: Error reporting task backlog information: IOError: 
[2022-01-10 13:54:37,539 I 7819 8135] raylet_client.cc:336: Error reporting task backlog information: IOError: 
[2022-01-10 13:54:38,539 I 7819 8135] raylet_client.cc:336: Error reporting task backlog information: IOError: 
[2022-01-10 13:54:38,621 W 7819 8136] metric_exporter.cc:206: Export metrics to agent failed: IOError: . This won't affect Ray, but you can lose metrics from the cluster.
[2022-01-10 13:54:39,539 I 7819 8135] raylet_client.cc:336: Error reporting task backlog information: IOError: 
[2022-01-10 13:54:40,539 I 7819 8135] raylet_client.cc:336: Error reporting task backlog information: IOError: 
[2022-01-10 13:54:41,539 I 7819 8135] raylet_client.cc:336: Error reporting task backlog information: IOError: 
[2022-01-10 13:54:42,539 I 7819 8135] raylet_client.cc:336: Error reporting task backlog information: IOError: 
[2022-01-10 13:54:43,539 I 7819 8135] raylet_client.cc:336: Error reporting task backlog information: IOError: 
[2022-01-10 13:54:44,539 I 7819 8135] raylet_client.cc:336: Error reporting task backlog information: IOError: 
[2022-01-10 13:54:45,540 I 7819 8135] raylet_client.cc:336: Error reporting task backlog information: IOError: 
[2022-01-10 13:54:46,540 I 7819 8135] raylet_client.cc:336: Error reporting task backlog information: IOError: 
[2022-01-10 13:54:47,540 I 7819 8135] raylet_client.cc:336: Error reporting task backlog information: IOError: 
[2022-01-10 13:54:48,540 I 7819 8135] raylet_client.cc:336: Error reporting task backlog information: IOError: 
[2022-01-10 13:54:48,628 W 7819 8136] metric_exporter.cc:206: Export metrics to agent failed: IOError: . This won't affect Ray, but you can lose metrics from the cluster.
[2022-01-10 13:54:49,540 I 7819 8135] raylet_client.cc:336: Error reporting task backlog information: IOError: 
[2022-01-10 13:54:50,540 I 7819 8135] raylet_client.cc:336: Error reporting task backlog information: IOError: 
[2022-01-10 13:54:51,540 I 7819 8135] raylet_client.cc:336: Error reporting task backlog information: IOError: 
[2022-01-10 13:54:52,540 I 7819 8135] raylet_client.cc:336: Error reporting task backlog information: IOError: 
[2022-01-10 13:54:53,540 I 7819 8135] raylet_client.cc:336: Error reporting task backlog information: IOError: 
[2022-01-10 13:54:54,540 I 7819 8135] raylet_client.cc:336: Error reporting task backlog information: IOError: 
[2022-01-10 13:54:55,541 I 7819 8135] raylet_client.cc:336: Error reporting task backlog information: IOError: 
[2022-01-10 13:54:56,541 I 7819 8135] raylet_client.cc:336: Error reporting task backlog information: IOError: 
[2022-01-10 13:54:57,541 I 7819 8135] raylet_client.cc:336: Error reporting task backlog information: IOError: 
[2022-01-10 13:54:58,541 I 7819 8135] raylet_client.cc:336: Error reporting task backlog information: IOError: 
[2022-01-10 13:54:58,636 W 7819 8136] metric_exporter.cc:206: Export metrics to agent failed: IOError: . This won't affect Ray, but you can lose metrics from the cluster.
[2022-01-10 13:54:59,541 I 7819 8135] raylet_client.cc:336: Error reporting task backlog information: IOError: 
[2022-01-10 13:55:00,541 I 7819 8135] raylet_client.cc:336: Error reporting task backlog information: IOError: 
[2022-01-10 13:55:01,541 I 7819 8135] raylet_client.cc:336: Error reporting task backlog information: IOError: 
[2022-01-10 13:55:02,541 I 7819 8135] raylet_client.cc:336: Error reporting task backlog information: IOError: 
[2022-01-10 13:55:03,541 I 7819 8135] raylet_client.cc:336: Error reporting task backlog information: IOError: 
[2022-01-10 13:55:04,541 I 7819 8135] raylet_client.cc:336: Error reporting task backlog information: IOError: 
[2022-01-10 13:55:05,541 I 7819 8135] raylet_client.cc:336: Error reporting task backlog information: IOError: 
[2022-01-10 13:55:06,542 I 7819 8135] raylet_client.cc:336: Error reporting task backlog information: IOError: 
[2022-01-10 13:55:07,542 I 7819 8135] raylet_client.cc:336: Error reporting task backlog information: IOError: 
[2022-01-10 13:55:08,542 I 7819 8135] raylet_client.cc:336: Error reporting task backlog information: IOError: 
[2022-01-10 13:55:08,644 W 7819 8136] metric_exporter.cc:206: Export metrics to agent failed: IOError: . This won't affect Ray, but you can lose metrics from the cluster.
[2022-01-10 13:55:09,542 I 7819 8135] raylet_client.cc:336: Error reporting task backlog information: IOError: 
[2022-01-10 13:55:10,542 I 7819 8135] raylet_client.cc:336: Error reporting task backlog information: IOError: 
[2022-01-10 13:55:11,542 I 7819 8135] raylet_client.cc:336: Error reporting task backlog information: IOError: 
[2022-01-10 13:55:12,542 I 7819 8135] raylet_client.cc:336: Error reporting task backlog information: IOError: 
[2022-01-10 13:55:13,542 I 7819 8135] raylet_client.cc:336: Error reporting task backlog information: IOError: 
[2022-01-10 13:55:14,542 I 7819 8135] raylet_client.cc:336: Error reporting task backlog information: IOError: 
[2022-01-10 13:55:15,542 I 7819 8135] raylet_client.cc:336: Error reporting task backlog information: IOError: 
[2022-01-10 13:55:16,543 I 7819 8135] raylet_client.cc:336: Error reporting task backlog information: IOError: 
[2022-01-10 13:55:17,543 I 7819 8135] raylet_client.cc:336: Error reporting task backlog information: IOError: 
[2022-01-10 13:55:18,543 I 7819 8135] raylet_client.cc:336: Error reporting task backlog information: IOError: 
[2022-01-10 13:55:18,652 W 7819 8136] metric_exporter.cc:206: Export metrics to agent failed: IOError: . This won't affect Ray, but you can lose metrics from the cluster.
[2022-01-10 13:55:19,543 I 7819 8135] raylet_client.cc:336: Error reporting task backlog information: IOError: 
[2022-01-10 13:55:20,543 I 7819 8135] raylet_client.cc:336: Error reporting task backlog information: IOError: 
[2022-01-10 13:55:21,543 I 7819 8135] raylet_client.cc:336: Error reporting task backlog information: IOError: 
[2022-01-10 13:55:22,543 I 7819 8135] raylet_client.cc:336: Error reporting task backlog information: IOError: 
[2022-01-10 13:55:23,543 I 7819 8135] raylet_client.cc:336: Error reporting task backlog information: IOError: 
[2022-01-10 13:55:24,543 I 7819 8135] raylet_client.cc:336: Error reporting task backlog information: IOError: 
[2022-01-10 13:55:25,543 I 7819 8135] raylet_client.cc:336: Error reporting task backlog information: IOError: 
[2022-01-10 13:55:26,544 I 7819 8135] raylet_client.cc:336: Error reporting task backlog information: IOError: 
[2022-01-10 13:55:27,544 I 7819 8135] raylet_client.cc:336: Error reporting task backlog information: IOError: 
[2022-01-10 13:55:28,544 I 7819 8135] raylet_client.cc:336: Error reporting task backlog information: IOError: 
[2022-01-10 13:55:28,660 W 7819 8136] metric_exporter.cc:206: Export metrics to agent failed: IOError: . This won't affect Ray, but you can lose metrics from the cluster.
[2022-01-10 13:55:29,544 I 7819 8135] raylet_client.cc:336: Error reporting task backlog information: IOError: 
[2022-01-10 13:55:30,544 I 7819 8135] raylet_client.cc:336: Error reporting task backlog information: IOError: 
[2022-01-10 13:55:31,544 I 7819 8135] raylet_client.cc:336: Error reporting task backlog information: IOError: 
[2022-01-10 13:55:32,544 I 7819 8135] raylet_client.cc:336: Error reporting task backlog information: IOError: 
[2022-01-10 13:55:33,544 I 7819 8135] raylet_client.cc:336: Error reporting task backlog information: IOError: 
[2022-01-10 13:55:34,544 I 7819 8135] raylet_client.cc:336: Error reporting task backlog information: IOError: 
[2022-01-10 13:55:35,544 I 7819 8135] raylet_client.cc:336: Error reporting task backlog information: IOError: 
[2022-01-10 13:55:36,544 I 7819 8135] raylet_client.cc:336: Error reporting task backlog information: IOError: 
[2022-01-10 13:55:37,545 I 7819 8135] raylet_client.cc:336: Error reporting task backlog information: IOError: 
[2022-01-10 13:55:38,545 I 7819 8135] raylet_client.cc:336: Error reporting task backlog information: IOError: 
[2022-01-10 13:55:38,667 W 7819 8136] metric_exporter.cc:206: Export metrics to agent failed: IOError: . This won't affect Ray, but you can lose metrics from the cluster.
[2022-01-10 13:55:39,545 I 7819 8135] raylet_client.cc:336: Error reporting task backlog information: IOError: 
[2022-01-10 13:55:40,545 I 7819 8135] raylet_client.cc:336: Error reporting task backlog information: IOError: 
[2022-01-10 13:55:41,545 I 7819 8135] raylet_client.cc:336: Error reporting task backlog information: IOError: 
[2022-01-10 13:55:42,545 I 7819 8135] raylet_client.cc:336: Error reporting task backlog information: IOError: 
[2022-01-10 13:55:43,545 I 7819 8135] raylet_client.cc:336: Error reporting task backlog information: IOError: 
[2022-01-10 13:55:44,545 I 7819 8135] raylet_client.cc:336: Error reporting task backlog information: IOError: 
[2022-01-10 13:55:45,545 I 7819 8135] raylet_client.cc:336: Error reporting task backlog information: IOError: 
[2022-01-10 13:55:46,545 I 7819 8135] raylet_client.cc:336: Error reporting task backlog information: IOError: 
[2022-01-10 13:55:47,546 I 7819 8135] raylet_client.cc:336: Error reporting task backlog information: IOError: 
[2022-01-10 13:55:48,546 I 7819 8135] raylet_client.cc:336: Error reporting task backlog information: IOError: 
[2022-01-10 13:55:48,675 W 7819 8136] metric_exporter.cc:206: Export metrics to agent failed: IOError: . This won't affect Ray, but you can lose metrics from the cluster.
[2022-01-10 13:55:49,546 I 7819 8135] raylet_client.cc:336: Error reporting task backlog information: IOError: 
[2022-01-10 13:55:50,546 I 7819 8135] raylet_client.cc:336: Error reporting task backlog information: IOError: 
[2022-01-10 13:55:51,546 I 7819 8135] raylet_client.cc:336: Error reporting task backlog information: IOError: 
[2022-01-10 13:55:52,546 I 7819 8135] raylet_client.cc:336: Error reporting task backlog information: IOError: 
[2022-01-10 13:55:53,547 I 7819 8135] raylet_client.cc:336: Error reporting task backlog information: IOError: 
[2022-01-10 13:55:54,547 I 7819 8135] raylet_client.cc:336: Error reporting task backlog information: IOError: 
[2022-01-10 13:55:55,547 I 7819 8135] raylet_client.cc:336: Error reporting task backlog information: IOError: 
[2022-01-10 13:55:56,547 I 7819 8135] raylet_client.cc:336: Error reporting task backlog information: IOError: 
[2022-01-10 13:55:57,548 I 7819 8135] raylet_client.cc:336: Error reporting task backlog information: IOError: 
[2022-01-10 13:55:58,548 I 7819 8135] raylet_client.cc:336: Error reporting task backlog information: IOError: 
[2022-01-10 13:55:58,686 W 7819 8136] metric_exporter.cc:206: Export metrics to agent failed: IOError: . This won't affect Ray, but you can lose metrics from the cluster.
[2022-01-10 13:55:59,548 I 7819 8135] raylet_client.cc:336: Error reporting task backlog information: IOError: 
[2022-01-10 13:56:00,548 I 7819 8135] raylet_client.cc:336: Error reporting task backlog information: IOError: 
[2022-01-10 13:56:01,549 I 7819 8135] raylet_client.cc:336: Error reporting task backlog information: IOError: 
[2022-01-10 13:56:02,549 I 7819 8135] raylet_client.cc:336: Error reporting task backlog information: IOError: 
[2022-01-10 13:56:03,549 I 7819 8135] raylet_client.cc:336: Error reporting task backlog information: IOError: 
[2022-01-10 13:56:04,550 I 7819 8135] raylet_client.cc:336: Error reporting task backlog information: IOError: 
[2022-01-10 13:56:05,550 I 7819 8135] raylet_client.cc:336: Error reporting task backlog information: IOError: 
[2022-01-10 13:56:06,550 I 7819 8135] raylet_client.cc:336: Error reporting task backlog information: IOError: 
[2022-01-10 13:56:07,550 I 7819 8135] raylet_client.cc:336: Error reporting task backlog information: IOError: 
[2022-01-10 13:56:08,551 I 7819 8135] raylet_client.cc:336: Error reporting task backlog information: IOError: 
[2022-01-10 13:56:08,698 W 7819 8136] metric_exporter.cc:206: Export metrics to agent failed: IOError: . This won't affect Ray, but you can lose metrics from the cluster.
[2022-01-10 13:56:09,551 I 7819 8135] raylet_client.cc:336: Error reporting task backlog information: IOError: 
[2022-01-10 13:56:10,551 I 7819 8135] raylet_client.cc:336: Error reporting task backlog information: IOError: 
[2022-01-10 13:56:11,551 I 7819 8135] raylet_client.cc:336: Error reporting task backlog information: IOError: 
[2022-01-10 13:56:12,552 I 7819 8135] raylet_client.cc:336: Error reporting task backlog information: IOError: 
[2022-01-10 13:56:13,552 I 7819 8135] raylet_client.cc:336: Error reporting task backlog information: IOError: 
[2022-01-10 13:56:14,552 I 7819 8135] raylet_client.cc:336: Error reporting task backlog information: IOError: 
[2022-01-10 13:56:15,552 I 7819 8135] raylet_client.cc:336: Error reporting task backlog information: IOError: 
[2022-01-10 13:56:16,553 I 7819 8135] raylet_client.cc:336: Error reporting task backlog information: IOError: 
[2022-01-10 13:56:17,553 I 7819 8135] raylet_client.cc:336: Error reporting task backlog information: IOError: 
[2022-01-10 13:56:18,553 I 7819 8135] raylet_client.cc:336: Error reporting task backlog information: IOError: 
[2022-01-10 13:56:18,710 W 7819 8136] metric_exporter.cc:206: Export metrics to agent failed: IOError: . This won't affect Ray, but you can lose metrics from the cluster.
[2022-01-10 13:56:19,553 I 7819 8135] raylet_client.cc:336: Error reporting task backlog information: IOError: 
[2022-01-10 13:56:20,554 I 7819 8135] raylet_client.cc:336: Error reporting task backlog information: IOError: 
[2022-01-10 13:56:21,554 I 7819 8135] raylet_client.cc:336: Error reporting task backlog information: IOError: 
[2022-01-10 13:56:22,554 I 7819 8135] raylet_client.cc:336: Error reporting task backlog information: IOError: 
[2022-01-10 13:56:23,555 I 7819 8135] raylet_client.cc:336: Error reporting task backlog information: IOError: 
[2022-01-10 13:56:24,555 I 7819 8135] raylet_client.cc:336: Error reporting task backlog information: IOError: 
[2022-01-10 13:56:25,555 I 7819 8135] raylet_client.cc:336: Error reporting task backlog information: IOError: 
[2022-01-10 13:56:26,555 I 7819 8135] raylet_client.cc:336: Error reporting task backlog information: IOError: 
[2022-01-10 13:56:27,556 I 7819 8135] raylet_client.cc:336: Error reporting task backlog information: IOError: 
[2022-01-10 13:56:28,556 I 7819 8135] raylet_client.cc:336: Error reporting task backlog information: IOError: 
[2022-01-10 13:56:28,724 W 7819 8136] metric_exporter.cc:206: Export metrics to agent failed: IOError: . This won't affect Ray, but you can lose metrics from the cluster.
[2022-01-10 13:56:29,556 I 7819 8135] raylet_client.cc:336: Error reporting task backlog information: IOError: 
[2022-01-10 13:56:30,557 I 7819 8135] raylet_client.cc:336: Error reporting task backlog information: IOError: 
[2022-01-10 13:56:31,557 I 7819 8135] raylet_client.cc:336: Error reporting task backlog information: IOError: 
[2022-01-10 13:56:32,557 I 7819 8135] raylet_client.cc:336: Error reporting task backlog information: IOError: 
[2022-01-10 13:56:33,557 I 7819 8135] raylet_client.cc:336: Error reporting task backlog information: IOError: 
[2022-01-10 13:56:34,557 I 7819 8135] raylet_client.cc:336: Error reporting task backlog information: IOError: 
[2022-01-10 13:56:35,557 I 7819 8135] raylet_client.cc:336: Error reporting task backlog information: IOError: 
[2022-01-10 13:56:36,557 I 7819 8135] raylet_client.cc:336: Error reporting task backlog information: IOError: 
[2022-01-10 13:56:37,557 I 7819 8135] raylet_client.cc:336: Error reporting task backlog information: IOError: 
[2022-01-10 13:56:38,557 I 7819 8135] raylet_client.cc:336: Error reporting task backlog information: IOError: 
[2022-01-10 13:56:38,733 W 7819 8136] metric_exporter.cc:206: Export metrics to agent failed: IOError: . This won't affect Ray, but you can lose metrics from the cluster.
[2022-01-10 13:56:39,558 I 7819 8135] raylet_client.cc:336: Error reporting task backlog information: IOError: 
[2022-01-10 13:56:40,558 I 7819 8135] raylet_client.cc:336: Error reporting task backlog information: IOError: 
[2022-01-10 13:56:41,558 I 7819 8135] raylet_client.cc:336: Error reporting task backlog information: IOError: 
[2022-01-10 13:56:42,559 I 7819 8135] raylet_client.cc:336: Error reporting task backlog information: IOError: 
[2022-01-10 13:56:43,559 I 7819 8135] raylet_client.cc:336: Error reporting task backlog information: IOError: 
[2022-01-10 13:56:44,559 I 7819 8135] raylet_client.cc:336: Error reporting task backlog information: IOError: 
[2022-01-10 13:56:45,559 I 7819 8135] raylet_client.cc:336: Error reporting task backlog information: IOError: 
[2022-01-10 13:56:46,560 I 7819 8135] raylet_client.cc:336: Error reporting task backlog information: IOError: 
[2022-01-10 13:56:47,560 I 7819 8135] raylet_client.cc:336: Error reporting task backlog information: IOError: 
[2022-01-10 13:56:48,560 I 7819 8135] raylet_client.cc:336: Error reporting task backlog information: IOError: 
[2022-01-10 13:56:48,746 W 7819 8136] metric_exporter.cc:206: Export metrics to agent failed: IOError: . This won't affect Ray, but you can lose metrics from the cluster.
[2022-01-10 13:56:49,560 I 7819 8135] raylet_client.cc:336: Error reporting task backlog information: IOError: 
[2022-01-10 13:56:50,560 I 7819 8135] raylet_client.cc:336: Error reporting task backlog information: IOError: 
[2022-01-10 13:56:51,560 I 7819 8135] raylet_client.cc:336: Error reporting task backlog information: IOError: 
[2022-01-10 13:56:52,561 I 7819 8135] raylet_client.cc:336: Error reporting task backlog information: IOError: 
[2022-01-10 13:56:53,561 I 7819 8135] raylet_client.cc:336: Error reporting task backlog information: IOError: 
[2022-01-10 13:56:54,561 I 7819 8135] raylet_client.cc:336: Error reporting task backlog information: IOError: 
[2022-01-10 13:56:55,561 I 7819 8135] raylet_client.cc:336: Error reporting task backlog information: IOError: 
[2022-01-10 13:56:56,561 I 7819 8135] raylet_client.cc:336: Error reporting task backlog information: IOError: 
[2022-01-10 13:56:57,562 I 7819 8135] raylet_client.cc:336: Error reporting task backlog information: IOError: 
[2022-01-10 13:56:58,562 I 7819 8135] raylet_client.cc:336: Error reporting task backlog information: IOError: 
[2022-01-10 13:56:58,757 W 7819 8136] metric_exporter.cc:206: Export metrics to agent failed: IOError: . This won't affect Ray, but you can lose metrics from the cluster.
[2022-01-10 13:56:59,562 I 7819 8135] raylet_client.cc:336: Error reporting task backlog information: IOError: 
[2022-01-10 13:57:00,563 I 7819 8135] raylet_client.cc:336: Error reporting task backlog information: IOError: 
[2022-01-10 13:57:01,562 I 7819 8135] raylet_client.cc:336: Error reporting task backlog information: IOError: 
[2022-01-10 13:57:02,563 I 7819 8135] raylet_client.cc:336: Error reporting task backlog information: IOError: 
[2022-01-10 13:57:03,563 I 7819 8135] raylet_client.cc:336: Error reporting task backlog information: IOError: 
[2022-01-10 13:57:04,563 I 7819 8135] raylet_client.cc:336: Error reporting task backlog information: IOError: 
[2022-01-10 13:57:05,563 I 7819 8135] raylet_client.cc:336: Error reporting task backlog information: IOError: 
[2022-01-10 13:57:06,563 I 7819 8135] raylet_client.cc:336: Error reporting task backlog information: IOError: 
[2022-01-10 13:57:07,563 I 7819 8135] raylet_client.cc:336: Error reporting task backlog information: IOError: 
[2022-01-10 13:57:08,563 I 7819 8135] raylet_client.cc:336: Error reporting task backlog information: IOError: 
[2022-01-10 13:57:08,766 W 7819 8136] metric_exporter.cc:206: Export metrics to agent failed: IOError: . This won't affect Ray, but you can lose metrics from the cluster.
[2022-01-10 13:57:09,563 I 7819 8135] raylet_client.cc:336: Error reporting task backlog information: IOError: 
[2022-01-10 13:57:10,564 I 7819 8135] raylet_client.cc:336: Error reporting task backlog information: IOError: 
[2022-01-10 13:57:11,564 I 7819 8135] raylet_client.cc:336: Error reporting task backlog information: IOError: 
[2022-01-10 13:57:12,564 I 7819 8135] raylet_client.cc:336: Error reporting task backlog information: IOError: 
[2022-01-10 13:57:13,564 I 7819 8135] raylet_client.cc:336: Error reporting task backlog information: IOError: 
[2022-01-10 13:57:14,565 I 7819 8135] raylet_client.cc:336: Error reporting task backlog information: IOError: 
[2022-01-10 13:57:15,565 I 7819 8135] raylet_client.cc:336: Error reporting task backlog information: IOError: 
[2022-01-10 13:57:16,565 I 7819 8135] raylet_client.cc:336: Error reporting task backlog information: IOError: 
[2022-01-10 13:57:17,565 I 7819 8135] raylet_client.cc:336: Error reporting task backlog information: IOError: 
[2022-01-10 13:57:18,565 I 7819 8135] raylet_client.cc:336: Error reporting task backlog information: IOError: 
[2022-01-10 13:57:18,780 W 7819 8136] metric_exporter.cc:206: Export metrics to agent failed: IOError: . This won't affect Ray, but you can lose metrics from the cluster.
[2022-01-10 13:57:19,566 I 7819 8135] raylet_client.cc:336: Error reporting task backlog information: IOError: 
[2022-01-10 13:57:20,566 I 7819 8135] raylet_client.cc:336: Error reporting task backlog information: IOError: 
[2022-01-10 13:57:21,566 I 7819 8135] raylet_client.cc:336: Error reporting task backlog information: IOError: 
[2022-01-10 13:57:22,566 I 7819 8135] raylet_client.cc:336: Error reporting task backlog information: IOError: 
[2022-01-10 13:57:23,567 I 7819 8135] raylet_client.cc:336: Error reporting task backlog information: IOError: 
[2022-01-10 13:57:24,567 I 7819 8135] raylet_client.cc:336: Error reporting task backlog information: IOError: 
[2022-01-10 13:57:25,567 I 7819 8135] raylet_client.cc:336: Error reporting task backlog information: IOError: 
[2022-01-10 13:57:26,567 I 7819 8135] raylet_client.cc:336: Error reporting task backlog information: IOError: 
[2022-01-10 13:57:27,567 I 7819 8135] raylet_client.cc:336: Error reporting task backlog information: IOError: 
[2022-01-10 13:57:28,568 I 7819 8135] raylet_client.cc:336: Error reporting task backlog information: IOError: 
[2022-01-10 13:57:28,796 W 7819 8136] metric_exporter.cc:206: Export metrics to agent failed: IOError: . This won't affect Ray, but you can lose metrics from the cluster.
[2022-01-10 13:57:29,568 I 7819 8135] raylet_client.cc:336: Error reporting task backlog information: IOError: 
[2022-01-10 13:57:30,568 I 7819 8135] raylet_client.cc:336: Error reporting task backlog information: IOError: 
[2022-01-10 13:57:31,569 I 7819 8135] raylet_client.cc:336: Error reporting task backlog information: IOError: 
[2022-01-10 13:57:32,569 I 7819 8135] raylet_client.cc:336: Error reporting task backlog information: IOError: 
[2022-01-10 13:57:33,569 I 7819 8135] raylet_client.cc:336: Error reporting task backlog information: IOError: 
[2022-01-10 13:57:34,569 I 7819 8135] raylet_client.cc:336: Error reporting task backlog information: IOError: 
[2022-01-10 13:57:35,570 I 7819 8135] raylet_client.cc:336: Error reporting task backlog information: IOError: 
[2022-01-10 13:57:36,570 I 7819 8135] raylet_client.cc:336: Error reporting task backlog information: IOError: 
[2022-01-10 13:57:37,570 I 7819 8135] raylet_client.cc:336: Error reporting task backlog information: IOError: 
[2022-01-10 13:57:38,571 I 7819 8135] raylet_client.cc:336: Error reporting task backlog information: IOError: 
[2022-01-10 13:57:38,812 W 7819 8136] metric_exporter.cc:206: Export metrics to agent failed: IOError: . This won't affect Ray, but you can lose metrics from the cluster.
[2022-01-10 13:57:39,401 W 7819 8021] gcs_server_address_updater.cc:61: [301] Failed to get the gcs server address from raylet 301 times in a row. If it keeps failing to obtain the address, the worker might crash. Connection status IOError: 
[2022-01-10 13:57:39,571 I 7819 8135] raylet_client.cc:336: Error reporting task backlog information: IOError: 
[2022-01-10 13:57:40,572 I 7819 8135] raylet_client.cc:336: Error reporting task backlog information: IOError: 
[2022-01-10 13:57:41,572 I 7819 8135] raylet_client.cc:336: Error reporting task backlog information: IOError: 
[2022-01-10 13:57:42,572 I 7819 8135] raylet_client.cc:336: Error reporting task backlog information: IOError: 
[2022-01-10 13:57:43,572 I 7819 8135] raylet_client.cc:336: Error reporting task backlog information: IOError: 
[2022-01-10 13:57:44,573 I 7819 8135] raylet_client.cc:336: Error reporting task backlog information: IOError: 
[2022-01-10 13:57:45,573 I 7819 8135] raylet_client.cc:336: Error reporting task backlog information: IOError: 
[2022-01-10 13:57:46,573 I 7819 8135] raylet_client.cc:336: Error reporting task backlog information: IOError: 
[2022-01-10 13:57:47,574 I 7819 8135] raylet_client.cc:336: Error reporting task backlog information: IOError: 
[2022-01-10 13:57:48,574 I 7819 8135] raylet_client.cc:336: Error reporting task backlog information: IOError: 
[2022-01-10 13:57:48,828 W 7819 8136] metric_exporter.cc:206: Export metrics to agent failed: IOError: . This won't affect Ray, but you can lose metrics from the cluster.
[2022-01-10 13:57:49,574 I 7819 8135] raylet_client.cc:336: Error reporting task backlog information: IOError: 
[2022-01-10 13:57:50,575 I 7819 8135] raylet_client.cc:336: Error reporting task backlog information: IOError: 
[2022-01-10 13:57:51,575 I 7819 8135] raylet_client.cc:336: Error reporting task backlog information: IOError: 
[2022-01-10 13:57:52,576 I 7819 8135] raylet_client.cc:336: Error reporting task backlog information: IOError: 
[2022-01-10 13:57:53,576 I 7819 8135] raylet_client.cc:336: Error reporting task backlog information: IOError: 
[2022-01-10 13:57:54,576 I 7819 8135] raylet_client.cc:336: Error reporting task backlog information: IOError: 
[2022-01-10 13:57:55,577 I 7819 8135] raylet_client.cc:336: Error reporting task backlog information: IOError: 
[2022-01-10 13:57:56,577 I 7819 8135] raylet_client.cc:336: Error reporting task backlog information: IOError: 
[2022-01-10 13:57:57,577 I 7819 8135] raylet_client.cc:336: Error reporting task backlog information: IOError: 
[2022-01-10 13:57:58,578 I 7819 8135] raylet_client.cc:336: Error reporting task backlog information: IOError: 
[2022-01-10 13:57:58,845 W 7819 8136] metric_exporter.cc:206: Export metrics to agent failed: IOError: . This won't affect Ray, but you can lose metrics from the cluster.
[2022-01-10 13:57:59,578 I 7819 8135] raylet_client.cc:336: Error reporting task backlog information: IOError: 
[2022-01-10 13:58:00,578 I 7819 8135] raylet_client.cc:336: Error reporting task backlog information: IOError: 
[2022-01-10 13:58:01,579 I 7819 8135] raylet_client.cc:336: Error reporting task backlog information: IOError: 
[2022-01-10 13:58:02,579 I 7819 8135] raylet_client.cc:336: Error reporting task backlog information: IOError: 
[2022-01-10 13:58:03,579 I 7819 8135] raylet_client.cc:336: Error reporting task backlog information: IOError: 
[2022-01-10 13:58:04,579 I 7819 8135] raylet_client.cc:336: Error reporting task backlog information: IOError: 
[2022-01-10 13:58:05,579 I 7819 8135] raylet_client.cc:336: Error reporting task backlog information: IOError: 
[2022-01-10 13:58:06,579 I 7819 8135] raylet_client.cc:336: Error reporting task backlog information: IOError: 
[2022-01-10 13:58:07,579 I 7819 8135] raylet_client.cc:336: Error reporting task backlog information: IOError: 
[2022-01-10 13:58:08,579 I 7819 8135] raylet_client.cc:336: Error reporting task backlog information: IOError: 
[2022-01-10 13:58:08,859 W 7819 8136] metric_exporter.cc:206: Export metrics to agent failed: IOError: . This won't affect Ray, but you can lose metrics from the cluster.
[2022-01-10 13:58:09,579 I 7819 8135] raylet_client.cc:336: Error reporting task backlog information: IOError: 
[2022-01-10 13:58:10,579 I 7819 8135] raylet_client.cc:336: Error reporting task backlog information: IOError: 
[2022-01-10 13:58:11,580 I 7819 8135] raylet_client.cc:336: Error reporting task backlog information: IOError: 
[2022-01-10 13:58:12,580 I 7819 8135] raylet_client.cc:336: Error reporting task backlog information: IOError: 
[2022-01-10 13:58:13,580 I 7819 8135] raylet_client.cc:336: Error reporting task backlog information: IOError: 
[2022-01-10 13:58:14,580 I 7819 8135] raylet_client.cc:336: Error reporting task backlog information: IOError: 
[2022-01-10 13:58:15,580 I 7819 8135] raylet_client.cc:336: Error reporting task backlog information: IOError: 
[2022-01-10 13:58:16,581 I 7819 8135] raylet_client.cc:336: Error reporting task backlog information: IOError: 
[2022-01-10 13:58:17,581 I 7819 8135] raylet_client.cc:336: Error reporting task backlog information: IOError: 
[2022-01-10 13:58:18,581 I 7819 8135] raylet_client.cc:336: Error reporting task backlog information: IOError: 
[2022-01-10 13:58:18,871 W 7819 8136] metric_exporter.cc:206: Export metrics to agent failed: IOError: . This won't affect Ray, but you can lose metrics from the cluster.
[2022-01-10 13:58:19,582 I 7819 8135] raylet_client.cc:336: Error reporting task backlog information: IOError: 
[2022-01-10 13:58:20,582 I 7819 8135] raylet_client.cc:336: Error reporting task backlog information: IOError: 
[2022-01-10 13:58:21,582 I 7819 8135] raylet_client.cc:336: Error reporting task backlog information: IOError: 
[2022-01-10 13:58:22,583 I 7819 8135] raylet_client.cc:336: Error reporting task backlog information: IOError: 
[2022-01-10 13:58:23,583 I 7819 8135] raylet_client.cc:336: Error reporting task backlog information: IOError: 
[2022-01-10 13:58:24,584 I 7819 8135] raylet_client.cc:336: Error reporting task backlog information: IOError: 
[2022-01-10 13:58:25,584 I 7819 8135] raylet_client.cc:336: Error reporting task backlog information: IOError: 
[2022-01-10 13:58:26,584 I 7819 8135] raylet_client.cc:336: Error reporting task backlog information: IOError: 
[2022-01-10 13:58:27,584 I 7819 8135] raylet_client.cc:336: Error reporting task backlog information: IOError: 
[2022-01-10 13:58:28,584 I 7819 8135] raylet_client.cc:336: Error reporting task backlog information: IOError: 
[2022-01-10 13:58:28,885 W 7819 8136] metric_exporter.cc:206: Export metrics to agent failed: IOError: . This won't affect Ray, but you can lose metrics from the cluster.
[2022-01-10 13:58:29,585 I 7819 8135] raylet_client.cc:336: Error reporting task backlog information: IOError: 
[2022-01-10 13:58:30,585 I 7819 8135] raylet_client.cc:336: Error reporting task backlog information: IOError: 
[2022-01-10 13:58:31,586 I 7819 8135] raylet_client.cc:336: Error reporting task backlog information: IOError: 
[2022-01-10 13:58:32,586 I 7819 8135] raylet_client.cc:336: Error reporting task backlog information: IOError: 
[2022-01-10 13:58:33,586 I 7819 8135] raylet_client.cc:336: Error reporting task backlog information: IOError: 
[2022-01-10 13:58:34,586 I 7819 8135] raylet_client.cc:336: Error reporting task backlog information: IOError: 
[2022-01-10 13:58:35,586 I 7819 8135] raylet_client.cc:336: Error reporting task backlog information: IOError: 
[2022-01-10 13:58:36,587 I 7819 8135] raylet_client.cc:336: Error reporting task backlog information: IOError: 
[2022-01-10 13:58:37,587 I 7819 8135] raylet_client.cc:336: Error reporting task backlog information: IOError: 
[2022-01-10 13:58:38,587 I 7819 8135] raylet_client.cc:336: Error reporting task backlog information: IOError: 
[2022-01-10 13:58:38,900 W 7819 8136] metric_exporter.cc:206: Export metrics to agent failed: IOError: . This won't affect Ray, but you can lose metrics from the cluster.
[2022-01-10 13:58:39,588 I 7819 8135] raylet_client.cc:336: Error reporting task backlog information: IOError: 
[2022-01-10 13:58:40,588 I 7819 8135] raylet_client.cc:336: Error reporting task backlog information: IOError: 
[2022-01-10 13:58:41,588 I 7819 8135] raylet_client.cc:336: Error reporting task backlog information: IOError: 
[2022-01-10 13:58:42,588 I 7819 8135] raylet_client.cc:336: Error reporting task backlog information: IOError: 
[2022-01-10 13:58:43,588 I 7819 8135] raylet_client.cc:336: Error reporting task backlog information: IOError: 
[2022-01-10 13:58:44,589 I 7819 8135] raylet_client.cc:336: Error reporting task backlog information: IOError: 
[2022-01-10 13:58:45,589 I 7819 8135] raylet_client.cc:336: Error reporting task backlog information: IOError: 
[2022-01-10 13:58:46,589 I 7819 8135] raylet_client.cc:336: Error reporting task backlog information: IOError: 
[2022-01-10 13:58:47,590 I 7819 8135] raylet_client.cc:336: Error reporting task backlog information: IOError: 
[2022-01-10 13:58:48,590 I 7819 8135] raylet_client.cc:336: Error reporting task backlog information: IOError: 
[2022-01-10 13:58:48,915 W 7819 8136] metric_exporter.cc:206: Export metrics to agent failed: IOError: . This won't affect Ray, but you can lose metrics from the cluster.
[2022-01-10 13:58:49,590 I 7819 8135] raylet_client.cc:336: Error reporting task backlog information: IOError: 
[2022-01-10 13:58:50,591 I 7819 8135] raylet_client.cc:336: Error reporting task backlog information: IOError: 
[2022-01-10 13:58:51,591 I 7819 8135] raylet_client.cc:336: Error reporting task backlog information: IOError: 
[2022-01-10 13:58:52,591 I 7819 8135] raylet_client.cc:336: Error reporting task backlog information: IOError: 
[2022-01-10 13:58:53,591 I 7819 8135] raylet_client.cc:336: Error reporting task backlog information: IOError: 
[2022-01-10 13:58:54,592 I 7819 8135] raylet_client.cc:336: Error reporting task backlog information: IOError: 
[2022-01-10 13:58:55,592 I 7819 8135] raylet_client.cc:336: Error reporting task backlog information: IOError: 
[2022-01-10 13:58:56,592 I 7819 8135] raylet_client.cc:336: Error reporting task backlog information: IOError: 
[2022-01-10 13:58:57,593 I 7819 8135] raylet_client.cc:336: Error reporting task backlog information: IOError: 
[2022-01-10 13:58:58,593 I 7819 8135] raylet_client.cc:336: Error reporting task backlog information: IOError: 
[2022-01-10 13:58:58,930 W 7819 8136] metric_exporter.cc:206: Export metrics to agent failed: IOError: . This won't affect Ray, but you can lose metrics from the cluster.
[2022-01-10 13:58:59,593 I 7819 8135] raylet_client.cc:336: Error reporting task backlog information: IOError: 
[2022-01-10 13:59:00,594 I 7819 8135] raylet_client.cc:336: Error reporting task backlog information: IOError: 
[2022-01-10 13:59:01,594 I 7819 8135] raylet_client.cc:336: Error reporting task backlog information: IOError: 
[2022-01-10 13:59:02,595 I 7819 8135] raylet_client.cc:336: Error reporting task backlog information: IOError: 
[2022-01-10 13:59:03,595 I 7819 8135] raylet_client.cc:336: Error reporting task backlog information: IOError: 
[2022-01-10 13:59:04,595 I 7819 8135] raylet_client.cc:336: Error reporting task backlog information: IOError: 
[2022-01-10 13:59:05,595 I 7819 8135] raylet_client.cc:336: Error reporting task backlog information: IOError: 
[2022-01-10 13:59:06,596 I 7819 8135] raylet_client.cc:336: Error reporting task backlog information: IOError: 
[2022-01-10 13:59:07,596 I 7819 8135] raylet_client.cc:336: Error reporting task backlog information: IOError: 
[2022-01-10 13:59:08,596 I 7819 8135] raylet_client.cc:336: Error reporting task backlog information: IOError: 
[2022-01-10 13:59:08,946 W 7819 8136] metric_exporter.cc:206: Export metrics to agent failed: IOError: . This won't affect Ray, but you can lose metrics from the cluster.
[2022-01-10 13:59:09,596 I 7819 8135] raylet_client.cc:336: Error reporting task backlog information: IOError: 
[2022-01-10 13:59:10,597 I 7819 8135] raylet_client.cc:336: Error reporting task backlog information: IOError: 
[2022-01-10 13:59:11,597 I 7819 8135] raylet_client.cc:336: Error reporting task backlog information: IOError: 
[2022-01-10 13:59:12,597 I 7819 8135] raylet_client.cc:336: Error reporting task backlog information: IOError: 
[2022-01-10 13:59:13,597 I 7819 8135] raylet_client.cc:336: Error reporting task backlog information: IOError: 
[2022-01-10 13:59:14,598 I 7819 8135] raylet_client.cc:336: Error reporting task backlog information: IOError: 
[2022-01-10 13:59:15,598 I 7819 8135] raylet_client.cc:336: Error reporting task backlog information: IOError: 
[2022-01-10 13:59:16,599 I 7819 8135] raylet_client.cc:336: Error reporting task backlog information: IOError: 
[2022-01-10 13:59:17,599 I 7819 8135] raylet_client.cc:336: Error reporting task backlog information: IOError: 
[2022-01-10 13:59:18,599 I 7819 8135] raylet_client.cc:336: Error reporting task backlog information: IOError: 
[2022-01-10 13:59:18,960 W 7819 8136] metric_exporter.cc:206: Export metrics to agent failed: IOError: . This won't affect Ray, but you can lose metrics from the cluster.
[2022-01-10 13:59:19,599 I 7819 8135] raylet_client.cc:336: Error reporting task backlog information: IOError: 
[2022-01-10 13:59:20,600 I 7819 8135] raylet_client.cc:336: Error reporting task backlog information: IOError: 
[2022-01-10 13:59:21,600 I 7819 8135] raylet_client.cc:336: Error reporting task backlog information: IOError: 
[2022-01-10 13:59:22,600 I 7819 8135] raylet_client.cc:336: Error reporting task backlog information: IOError: 
[2022-01-10 13:59:23,600 I 7819 8135] raylet_client.cc:336: Error reporting task backlog information: IOError: 
[2022-01-10 13:59:24,601 I 7819 8135] raylet_client.cc:336: Error reporting task backlog information: IOError: 
[2022-01-10 13:59:25,601 I 7819 8135] raylet_client.cc:336: Error reporting task backlog information: IOError: 
[2022-01-10 13:59:26,601 I 7819 8135] raylet_client.cc:336: Error reporting task backlog information: IOError: 
[2022-01-10 13:59:27,602 I 7819 8135] raylet_client.cc:336: Error reporting task backlog information: IOError: 
[2022-01-10 13:59:28,602 I 7819 8135] raylet_client.cc:336: Error reporting task backlog information: IOError: 
[2022-01-10 13:59:28,976 W 7819 8136] metric_exporter.cc:206: Export metrics to agent failed: IOError: . This won't affect Ray, but you can lose metrics from the cluster.
[2022-01-10 13:59:29,602 I 7819 8135] raylet_client.cc:336: Error reporting task backlog information: IOError: 
[2022-01-10 13:59:30,602 I 7819 8135] raylet_client.cc:336: Error reporting task backlog information: IOError: 
[2022-01-10 13:59:31,603 I 7819 8135] raylet_client.cc:336: Error reporting task backlog information: IOError: 
[2022-01-10 13:59:32,603 I 7819 8135] raylet_client.cc:336: Error reporting task backlog information: IOError: 
[2022-01-10 13:59:33,603 I 7819 8135] raylet_client.cc:336: Error reporting task backlog information: IOError: 
[2022-01-10 13:59:34,603 I 7819 8135] raylet_client.cc:336: Error reporting task backlog information: IOError: 
[2022-01-10 13:59:35,604 I 7819 8135] raylet_client.cc:336: Error reporting task backlog information: IOError: 
[2022-01-10 13:59:36,604 I 7819 8135] raylet_client.cc:336: Error reporting task backlog information: IOError: 
[2022-01-10 13:59:37,604 I 7819 8135] raylet_client.cc:336: Error reporting task backlog information: IOError: 
[2022-01-10 13:59:38,605 I 7819 8135] raylet_client.cc:336: Error reporting task backlog information: IOError: 
[2022-01-10 13:59:38,991 W 7819 8136] metric_exporter.cc:206: Export metrics to agent failed: IOError: . This won't affect Ray, but you can lose metrics from the cluster.
[2022-01-10 13:59:39,605 I 7819 8135] raylet_client.cc:336: Error reporting task backlog information: IOError: 
[2022-01-10 13:59:40,605 I 7819 8135] raylet_client.cc:336: Error reporting task backlog information: IOError: 
[2022-01-10 13:59:41,605 I 7819 8135] raylet_client.cc:336: Error reporting task backlog information: IOError: 
[2022-01-10 13:59:42,606 I 7819 8135] raylet_client.cc:336: Error reporting task backlog information: IOError: 
[2022-01-10 13:59:43,606 I 7819 8135] raylet_client.cc:336: Error reporting task backlog information: IOError: 
[2022-01-10 13:59:44,607 I 7819 8135] raylet_client.cc:336: Error reporting task backlog information: IOError: 
[2022-01-10 13:59:45,607 I 7819 8135] raylet_client.cc:336: Error reporting task backlog information: IOError: 
[2022-01-10 13:59:46,608 I 7819 8135] raylet_client.cc:336: Error reporting task backlog information: IOError: 
[2022-01-10 13:59:47,608 I 7819 8135] raylet_client.cc:336: Error reporting task backlog information: IOError: 
[2022-01-10 13:59:48,608 I 7819 8135] raylet_client.cc:336: Error reporting task backlog information: IOError: 
[2022-01-10 13:59:49,005 W 7819 8136] metric_exporter.cc:206: Export metrics to agent failed: IOError: . This won't affect Ray, but you can lose metrics from the cluster.
[2022-01-10 13:59:49,609 I 7819 8135] raylet_client.cc:336: Error reporting task backlog information: IOError: 
[2022-01-10 13:59:50,609 I 7819 8135] raylet_client.cc:336: Error reporting task backlog information: IOError: 
[2022-01-10 13:59:51,609 I 7819 8135] raylet_client.cc:336: Error reporting task backlog information: IOError: 
[2022-01-10 13:59:52,609 I 7819 8135] raylet_client.cc:336: Error reporting task backlog information: IOError: 
[2022-01-10 13:59:53,609 I 7819 8135] raylet_client.cc:336: Error reporting task backlog information: IOError: 
[2022-01-10 13:59:54,609 I 7819 8135] raylet_client.cc:336: Error reporting task backlog information: IOError: 
[2022-01-10 13:59:55,609 I 7819 8135] raylet_client.cc:336: Error reporting task backlog information: IOError: 
[2022-01-10 13:59:56,609 I 7819 8135] raylet_client.cc:336: Error reporting task backlog information: IOError: 
[2022-01-10 13:59:57,610 I 7819 8135] raylet_client.cc:336: Error reporting task backlog information: IOError: 
[2022-01-10 13:59:58,610 I 7819 8135] raylet_client.cc:336: Error reporting task backlog information: IOError: 
[2022-01-10 13:59:59,014 W 7819 8136] metric_exporter.cc:206: Export metrics to agent failed: IOError: . This won't affect Ray, but you can lose metrics from the cluster.
[2022-01-10 13:59:59,610 I 7819 8135] raylet_client.cc:336: Error reporting task backlog information: IOError: 
[2022-01-10 14:00:00,610 I 7819 8135] raylet_client.cc:336: Error reporting task backlog information: IOError: 
[2022-01-10 14:00:01,610 I 7819 8135] raylet_client.cc:336: Error reporting task backlog information: IOError: 
[2022-01-10 14:00:02,610 I 7819 8135] raylet_client.cc:336: Error reporting task backlog information: IOError: 
[2022-01-10 14:00:03,610 I 7819 8135] raylet_client.cc:336: Error reporting task backlog information: IOError: 
[2022-01-10 14:00:04,611 I 7819 8135] raylet_client.cc:336: Error reporting task backlog information: IOError: 
[2022-01-10 14:00:05,611 I 7819 8135] raylet_client.cc:336: Error reporting task backlog information: IOError: 
[2022-01-10 14:00:06,611 I 7819 8135] raylet_client.cc:336: Error reporting task backlog information: IOError: 
[2022-01-10 14:00:07,612 I 7819 8135] raylet_client.cc:336: Error reporting task backlog information: IOError: 
[2022-01-10 14:00:08,612 I 7819 8135] raylet_client.cc:336: Error reporting task backlog information: IOError: 
[2022-01-10 14:00:09,024 W 7819 8136] metric_exporter.cc:206: Export metrics to agent failed: IOError: . This won't affect Ray, but you can lose metrics from the cluster.
[2022-01-10 14:00:09,612 I 7819 8135] raylet_client.cc:336: Error reporting task backlog information: IOError: 
[2022-01-10 14:00:10,612 I 7819 8135] raylet_client.cc:336: Error reporting task backlog information: IOError: 
[2022-01-10 14:00:11,612 I 7819 8135] raylet_client.cc:336: Error reporting task backlog information: IOError: 
[2022-01-10 14:00:12,613 I 7819 8135] raylet_client.cc:336: Error reporting task backlog information: IOError: 
[2022-01-10 14:00:13,613 I 7819 8135] raylet_client.cc:336: Error reporting task backlog information: IOError: 
[2022-01-10 14:00:14,613 I 7819 8135] raylet_client.cc:336: Error reporting task backlog information: IOError: 
[2022-01-10 14:00:15,614 I 7819 8135] raylet_client.cc:336: Error reporting task backlog information: IOError: 
[2022-01-10 14:00:16,614 I 7819 8135] raylet_client.cc:336: Error reporting task backlog information: IOError: 
[2022-01-10 14:00:17,614 I 7819 8135] raylet_client.cc:336: Error reporting task backlog information: IOError: 
[2022-01-10 14:00:18,615 I 7819 8135] raylet_client.cc:336: Error reporting task backlog information: IOError: 
[2022-01-10 14:00:19,038 W 7819 8136] metric_exporter.cc:206: Export metrics to agent failed: IOError: . This won't affect Ray, but you can lose metrics from the cluster.
[2022-01-10 14:00:19,615 I 7819 8135] raylet_client.cc:336: Error reporting task backlog information: IOError: 
[2022-01-10 14:00:20,615 I 7819 8135] raylet_client.cc:336: Error reporting task backlog information: IOError: 
[2022-01-10 14:00:21,616 I 7819 8135] raylet_client.cc:336: Error reporting task backlog information: IOError: 
[2022-01-10 14:00:22,616 I 7819 8135] raylet_client.cc:336: Error reporting task backlog information: IOError: 
[2022-01-10 14:00:23,616 I 7819 8135] raylet_client.cc:336: Error reporting task backlog information: IOError: 
[2022-01-10 14:00:24,616 I 7819 8135] raylet_client.cc:336: Error reporting task backlog information: IOError: 
[2022-01-10 14:00:25,617 I 7819 8135] raylet_client.cc:336: Error reporting task backlog information: IOError: 
[2022-01-10 14:00:26,617 I 7819 8135] raylet_client.cc:336: Error reporting task backlog information: IOError: 
[2022-01-10 14:00:27,617 I 7819 8135] raylet_client.cc:336: Error reporting task backlog information: IOError: 
[2022-01-10 14:00:28,618 I 7819 8135] raylet_client.cc:336: Error reporting task backlog information: IOError: 
[2022-01-10 14:00:29,052 W 7819 8136] metric_exporter.cc:206: Export metrics to agent failed: IOError: . This won't affect Ray, but you can lose metrics from the cluster.
[2022-01-10 14:00:29,618 I 7819 8135] raylet_client.cc:336: Error reporting task backlog information: IOError: 
[2022-01-10 14:00:30,618 I 7819 8135] raylet_client.cc:336: Error reporting task backlog information: IOError: 
[2022-01-10 14:00:31,618 I 7819 8135] raylet_client.cc:336: Error reporting task backlog information: IOError: 
[2022-01-10 14:00:32,618 I 7819 8135] raylet_client.cc:336: Error reporting task backlog information: IOError: 
[2022-01-10 14:00:33,618 I 7819 8135] raylet_client.cc:336: Error reporting task backlog information: IOError: 
[2022-01-10 14:00:34,618 I 7819 8135] raylet_client.cc:336: Error reporting task backlog information: IOError: 
[2022-01-10 14:00:35,618 I 7819 8135] raylet_client.cc:336: Error reporting task backlog information: IOError: 
[2022-01-10 14:00:36,618 I 7819 8135] raylet_client.cc:336: Error reporting task backlog information: IOError: 
[2022-01-10 14:00:37,619 I 7819 8135] raylet_client.cc:336: Error reporting task backlog information: IOError: 
[2022-01-10 14:00:38,619 I 7819 8135] raylet_client.cc:336: Error reporting task backlog information: IOError: 
[2022-01-10 14:00:39,062 W 7819 8136] metric_exporter.cc:206: Export metrics to agent failed: IOError: . This won't affect Ray, but you can lose metrics from the cluster.
[2022-01-10 14:00:39,619 I 7819 8135] raylet_client.cc:336: Error reporting task backlog information: IOError: 
[2022-01-10 14:00:40,620 I 7819 8135] raylet_client.cc:336: Error reporting task backlog information: IOError: 
[2022-01-10 14:00:41,620 I 7819 8135] raylet_client.cc:336: Error reporting task backlog information: IOError: 
[2022-01-10 14:00:42,620 I 7819 8135] raylet_client.cc:336: Error reporting task backlog information: IOError: 
[2022-01-10 14:00:43,620 I 7819 8135] raylet_client.cc:336: Error reporting task backlog information: IOError: 
[2022-01-10 14:00:44,620 I 7819 8135] raylet_client.cc:336: Error reporting task backlog information: IOError: 
[2022-01-10 14:00:45,621 I 7819 8135] raylet_client.cc:336: Error reporting task backlog information: IOError: 
[2022-01-10 14:00:46,621 I 7819 8135] raylet_client.cc:336: Error reporting task backlog information: IOError: 
[2022-01-10 14:00:47,621 I 7819 8135] raylet_client.cc:336: Error reporting task backlog information: IOError: 
[2022-01-10 14:00:48,621 I 7819 8135] raylet_client.cc:336: Error reporting task backlog information: IOError: 
[2022-01-10 14:00:49,077 W 7819 8136] metric_exporter.cc:206: Export metrics to agent failed: IOError: . This won't affect Ray, but you can lose metrics from the cluster.
[2022-01-10 14:00:49,622 I 7819 8135] raylet_client.cc:336: Error reporting task backlog information: IOError: 
[2022-01-10 14:00:50,622 I 7819 8135] raylet_client.cc:336: Error reporting task backlog information: IOError: 
[2022-01-10 14:00:51,623 I 7819 8135] raylet_client.cc:336: Error reporting task backlog information: IOError: 
[2022-01-10 14:00:52,623 I 7819 8135] raylet_client.cc:336: Error reporting task backlog information: IOError: 
[2022-01-10 14:00:53,623 I 7819 8135] raylet_client.cc:336: Error reporting task backlog information: IOError: 
[2022-01-10 14:00:54,624 I 7819 8135] raylet_client.cc:336: Error reporting task backlog information: IOError: 
[2022-01-10 14:00:55,624 I 7819 8135] raylet_client.cc:336: Error reporting task backlog information: IOError: 
[2022-01-10 14:00:56,624 I 7819 8135] raylet_client.cc:336: Error reporting task backlog information: IOError: 
[2022-01-10 14:00:57,625 I 7819 8135] raylet_client.cc:336: Error reporting task backlog information: IOError: 
[2022-01-10 14:00:58,625 I 7819 8135] raylet_client.cc:336: Error reporting task backlog information: IOError: 
[2022-01-10 14:00:59,091 W 7819 8136] metric_exporter.cc:206: Export metrics to agent failed: IOError: . This won't affect Ray, but you can lose metrics from the cluster.
[2022-01-10 14:00:59,625 I 7819 8135] raylet_client.cc:336: Error reporting task backlog information: IOError: 
[2022-01-10 14:01:00,625 I 7819 8135] raylet_client.cc:336: Error reporting task backlog information: IOError: 
[2022-01-10 14:01:01,626 I 7819 8135] raylet_client.cc:336: Error reporting task backlog information: IOError: 
[2022-01-10 14:01:02,626 I 7819 8135] raylet_client.cc:336: Error reporting task backlog information: IOError: 
[2022-01-10 14:01:03,626 I 7819 8135] raylet_client.cc:336: Error reporting task backlog information: IOError: 
[2022-01-10 14:01:04,626 I 7819 8135] raylet_client.cc:336: Error reporting task backlog information: IOError: 
[2022-01-10 14:01:05,626 I 7819 8135] raylet_client.cc:336: Error reporting task backlog information: IOError: 
[2022-01-10 14:01:06,626 I 7819 8135] raylet_client.cc:336: Error reporting task backlog information: IOError: 
[2022-01-10 14:01:07,626 I 7819 8135] raylet_client.cc:336: Error reporting task backlog information: IOError: 
[2022-01-10 14:01:08,626 I 7819 8135] raylet_client.cc:336: Error reporting task backlog information: IOError: 
[2022-01-10 14:01:09,102 W 7819 8136] metric_exporter.cc:206: Export metrics to agent failed: IOError: . This won't affect Ray, but you can lose metrics from the cluster.
[2022-01-10 14:01:09,627 I 7819 8135] raylet_client.cc:336: Error reporting task backlog information: IOError: 
[2022-01-10 14:01:10,627 I 7819 8135] raylet_client.cc:336: Error reporting task backlog information: IOError: 
[2022-01-10 14:01:11,627 I 7819 8135] raylet_client.cc:336: Error reporting task backlog information: IOError: 
[2022-01-10 14:01:12,627 I 7819 8135] raylet_client.cc:336: Error reporting task backlog information: IOError: 
[2022-01-10 14:01:13,627 I 7819 8135] raylet_client.cc:336: Error reporting task backlog information: IOError: 
[2022-01-10 14:01:14,627 I 7819 8135] raylet_client.cc:336: Error reporting task backlog information: IOError: 
[2022-01-10 14:01:15,627 I 7819 8135] raylet_client.cc:336: Error reporting task backlog information: IOError: 
[2022-01-10 14:01:16,628 I 7819 8135] raylet_client.cc:336: Error reporting task backlog information: IOError: 
[2022-01-10 14:01:17,628 I 7819 8135] raylet_client.cc:336: Error reporting task backlog information: IOError: 
[2022-01-10 14:01:18,628 I 7819 8135] raylet_client.cc:336: Error reporting task backlog information: IOError: 
[2022-01-10 14:01:19,114 W 7819 8136] metric_exporter.cc:206: Export metrics to agent failed: IOError: . This won't affect Ray, but you can lose metrics from the cluster.
[2022-01-10 14:01:19,628 I 7819 8135] raylet_client.cc:336: Error reporting task backlog information: IOError: 
[2022-01-10 14:01:20,628 I 7819 8135] raylet_client.cc:336: Error reporting task backlog information: IOError: 
[2022-01-10 14:01:21,628 I 7819 8135] raylet_client.cc:336: Error reporting task backlog information: IOError: 
[2022-01-10 14:01:22,629 I 7819 8135] raylet_client.cc:336: Error reporting task backlog information: IOError: 
[2022-01-10 14:01:23,629 I 7819 8135] raylet_client.cc:336: Error reporting task backlog information: IOError: 
[2022-01-10 14:01:24,629 I 7819 8135] raylet_client.cc:336: Error reporting task backlog information: IOError: 
[2022-01-10 14:01:25,630 I 7819 8135] raylet_client.cc:336: Error reporting task backlog information: IOError: 
[2022-01-10 14:01:26,630 I 7819 8135] raylet_client.cc:336: Error reporting task backlog information: IOError: 
[2022-01-10 14:01:27,630 I 7819 8135] raylet_client.cc:336: Error reporting task backlog information: IOError: 
[2022-01-10 14:01:28,630 I 7819 8135] raylet_client.cc:336: Error reporting task backlog information: IOError: 
[2022-01-10 14:01:29,128 W 7819 8136] metric_exporter.cc:206: Export metrics to agent failed: IOError: . This won't affect Ray, but you can lose metrics from the cluster.
[2022-01-10 14:01:29,631 I 7819 8135] raylet_client.cc:336: Error reporting task backlog information: IOError: 
[2022-01-10 14:01:30,631 I 7819 8135] raylet_client.cc:336: Error reporting task backlog information: IOError: 
[2022-01-10 14:01:31,631 I 7819 8135] raylet_client.cc:336: Error reporting task backlog information: IOError: 
[2022-01-10 14:01:32,632 I 7819 8135] raylet_client.cc:336: Error reporting task backlog information: IOError: 
[2022-01-10 14:01:33,632 I 7819 8135] raylet_client.cc:336: Error reporting task backlog information: IOError: 
[2022-01-10 14:01:34,632 I 7819 8135] raylet_client.cc:336: Error reporting task backlog information: IOError: 
[2022-01-10 14:01:35,632 I 7819 8135] raylet_client.cc:336: Error reporting task backlog information: IOError: 
[2022-01-10 14:01:36,633 I 7819 8135] raylet_client.cc:336: Error reporting task backlog information: IOError: 
[2022-01-10 14:01:37,633 I 7819 8135] raylet_client.cc:336: Error reporting task backlog information: IOError: 
[2022-01-10 14:01:38,633 I 7819 8135] raylet_client.cc:336: Error reporting task backlog information: IOError: 
[2022-01-10 14:01:39,142 W 7819 8136] metric_exporter.cc:206: Export metrics to agent failed: IOError: . This won't affect Ray, but you can lose metrics from the cluster.
[2022-01-10 14:01:39,633 I 7819 8135] raylet_client.cc:336: Error reporting task backlog information: IOError: 
[2022-01-10 14:01:40,634 I 7819 8135] raylet_client.cc:336: Error reporting task backlog information: IOError: 
[2022-01-10 14:01:41,634 I 7819 8135] raylet_client.cc:336: Error reporting task backlog information: IOError: 
[2022-01-10 14:01:42,634 I 7819 8135] raylet_client.cc:336: Error reporting task backlog information: IOError: 
[2022-01-10 14:01:43,634 I 7819 8135] raylet_client.cc:336: Error reporting task backlog information: IOError: 
[2022-01-10 14:01:44,634 I 7819 8135] raylet_client.cc:336: Error reporting task backlog information: IOError: 
[2022-01-10 14:01:45,634 I 7819 8135] raylet_client.cc:336: Error reporting task backlog information: IOError: 
[2022-01-10 14:01:46,635 I 7819 8135] raylet_client.cc:336: Error reporting task backlog information: IOError: 
[2022-01-10 14:01:47,635 I 7819 8135] raylet_client.cc:336: Error reporting task backlog information: IOError: 
[2022-01-10 14:01:48,635 I 7819 8135] raylet_client.cc:336: Error reporting task backlog information: IOError: 
[2022-01-10 14:01:49,152 W 7819 8136] metric_exporter.cc:206: Export metrics to agent failed: IOError: . This won't affect Ray, but you can lose metrics from the cluster.
[2022-01-10 14:01:49,635 I 7819 8135] raylet_client.cc:336: Error reporting task backlog information: IOError: 
[2022-01-10 14:01:50,635 I 7819 8135] raylet_client.cc:336: Error reporting task backlog information: IOError: 
[2022-01-10 14:01:51,635 I 7819 8135] raylet_client.cc:336: Error reporting task backlog information: IOError: 
[2022-01-10 14:01:52,635 I 7819 8135] raylet_client.cc:336: Error reporting task backlog information: IOError: 
[2022-01-10 14:01:53,635 I 7819 8135] raylet_client.cc:336: Error reporting task backlog information: IOError: 
[2022-01-10 14:01:54,635 I 7819 8135] raylet_client.cc:336: Error reporting task backlog information: IOError: 
[2022-01-10 14:01:55,635 I 7819 8135] raylet_client.cc:336: Error reporting task backlog information: IOError: 
[2022-01-10 14:01:56,635 I 7819 8135] raylet_client.cc:336: Error reporting task backlog information: IOError: 
[2022-01-10 14:01:57,635 I 7819 8135] raylet_client.cc:336: Error reporting task backlog information: IOError: 
[2022-01-10 14:01:58,636 I 7819 8135] raylet_client.cc:336: Error reporting task backlog information: IOError: 
[2022-01-10 14:01:59,160 W 7819 8136] metric_exporter.cc:206: Export metrics to agent failed: IOError: . This won't affect Ray, but you can lose metrics from the cluster.
[2022-01-10 14:01:59,636 I 7819 8135] raylet_client.cc:336: Error reporting task backlog information: IOError: 
[2022-01-10 14:02:00,636 I 7819 8135] raylet_client.cc:336: Error reporting task backlog information: IOError: 
[2022-01-10 14:02:01,636 I 7819 8135] raylet_client.cc:336: Error reporting task backlog information: IOError: 
[2022-01-10 14:02:02,636 I 7819 8135] raylet_client.cc:336: Error reporting task backlog information: IOError: 
[2022-01-10 14:02:03,636 I 7819 8135] raylet_client.cc:336: Error reporting task backlog information: IOError: 
[2022-01-10 14:02:04,636 I 7819 8135] raylet_client.cc:336: Error reporting task backlog information: IOError: 
[2022-01-10 14:02:05,636 I 7819 8135] raylet_client.cc:336: Error reporting task backlog information: IOError: 
[2022-01-10 14:02:06,636 I 7819 8135] raylet_client.cc:336: Error reporting task backlog information: IOError: 
[2022-01-10 14:02:07,636 I 7819 8135] raylet_client.cc:336: Error reporting task backlog information: IOError: 
[2022-01-10 14:02:08,636 I 7819 8135] raylet_client.cc:336: Error reporting task backlog information: IOError: 
[2022-01-10 14:02:09,167 W 7819 8136] metric_exporter.cc:206: Export metrics to agent failed: IOError: . This won't affect Ray, but you can lose metrics from the cluster.
[2022-01-10 14:02:09,636 I 7819 8135] raylet_client.cc:336: Error reporting task backlog information: IOError: 
[2022-01-10 14:02:10,636 I 7819 8135] raylet_client.cc:336: Error reporting task backlog information: IOError: 
[2022-01-10 14:02:11,636 I 7819 8135] raylet_client.cc:336: Error reporting task backlog information: IOError: 
[2022-01-10 14:02:12,637 I 7819 8135] raylet_client.cc:336: Error reporting task backlog information: IOError: 
[2022-01-10 14:02:13,637 I 7819 8135] raylet_client.cc:336: Error reporting task backlog information: IOError: 
[2022-01-10 14:02:14,637 I 7819 8135] raylet_client.cc:336: Error reporting task backlog information: IOError: 
[2022-01-10 14:02:15,637 I 7819 8135] raylet_client.cc:336: Error reporting task backlog information: IOError: 
[2022-01-10 14:02:16,637 I 7819 8135] raylet_client.cc:336: Error reporting task backlog information: IOError: 
[2022-01-10 14:02:17,637 I 7819 8135] raylet_client.cc:336: Error reporting task backlog information: IOError: 
[2022-01-10 14:02:18,637 I 7819 8135] raylet_client.cc:336: Error reporting task backlog information: IOError: 
[2022-01-10 14:02:19,174 W 7819 8136] metric_exporter.cc:206: Export metrics to agent failed: IOError: . This won't affect Ray, but you can lose metrics from the cluster.
[2022-01-10 14:02:19,637 I 7819 8135] raylet_client.cc:336: Error reporting task backlog information: IOError: 
[2022-01-10 14:02:20,637 I 7819 8135] raylet_client.cc:336: Error reporting task backlog information: IOError: 
[2022-01-10 14:02:21,637 I 7819 8135] raylet_client.cc:336: Error reporting task backlog information: IOError: 
[2022-01-10 14:02:22,637 I 7819 8135] raylet_client.cc:336: Error reporting task backlog information: IOError: 
[2022-01-10 14:02:23,637 I 7819 8135] raylet_client.cc:336: Error reporting task backlog information: IOError: 
[2022-01-10 14:02:24,637 I 7819 8135] raylet_client.cc:336: Error reporting task backlog information: IOError: 
[2022-01-10 14:02:25,637 I 7819 8135] raylet_client.cc:336: Error reporting task backlog information: IOError: 
[2022-01-10 14:02:26,638 I 7819 8135] raylet_client.cc:336: Error reporting task backlog information: IOError: 
[2022-01-10 14:02:27,638 I 7819 8135] raylet_client.cc:336: Error reporting task backlog information: IOError: 
[2022-01-10 14:02:28,638 I 7819 8135] raylet_client.cc:336: Error reporting task backlog information: IOError: 
[2022-01-10 14:02:29,182 W 7819 8136] metric_exporter.cc:206: Export metrics to agent failed: IOError: . This won't affect Ray, but you can lose metrics from the cluster.
[2022-01-10 14:02:29,638 I 7819 8135] raylet_client.cc:336: Error reporting task backlog information: IOError: 
[2022-01-10 14:02:30,638 I 7819 8135] raylet_client.cc:336: Error reporting task backlog information: IOError: 
[2022-01-10 14:02:31,638 I 7819 8135] raylet_client.cc:336: Error reporting task backlog information: IOError: 
[2022-01-10 14:02:32,638 I 7819 8135] raylet_client.cc:336: Error reporting task backlog information: IOError: 
[2022-01-10 14:02:33,638 I 7819 8135] raylet_client.cc:336: Error reporting task backlog information: IOError: 
[2022-01-10 14:02:34,639 I 7819 8135] raylet_client.cc:336: Error reporting task backlog information: IOError: 
[2022-01-10 14:02:35,639 I 7819 8135] raylet_client.cc:336: Error reporting task backlog information: IOError: 
[2022-01-10 14:02:36,639 I 7819 8135] raylet_client.cc:336: Error reporting task backlog information: IOError: 
[2022-01-10 14:02:37,639 I 7819 8135] raylet_client.cc:336: Error reporting task backlog information: IOError: 
[2022-01-10 14:02:38,467 E 7819 8021] gcs_server_address_updater.cc:76: Failed to receive the GCS address for 600 times without success. The worker will exit ungracefully. It is because GCS has died. It could be because there was an issue that kills GCS, such as high memory usage triggering OOM killer to kill GCS. Cluster will be highly likely unavailable if you see this log. Please check the log from gcs_server.err.
