[2022-01-10 13:52:38,192 I 7812 7812] core_worker.cc:132: Constructing CoreWorkerProcess. pid: 7812
[2022-01-10 13:52:38,293 I 7812 7812] grpc_server.cc:112: worker server started, listening on port 46227.
[2022-01-10 13:52:38,296 I 7812 7812] core_worker.cc:479: Initializing worker at address: 131.215.21.210:46227, worker ID b746884856e5dd31b3bb327889090d5865d99001ef0f6f0d4805edac, raylet 390f8b42bb448f3e70d662490a796dfa7cb7f119dc88d150775106ab
[2022-01-10 13:52:38,406 I 7812 7812] io_service_pool.cc:35: IOServicePool is running with 1 io_service.
[2022-01-10 13:52:38,436 I 7812 8068] accessor.cc:560: Received notification for node id = 390f8b42bb448f3e70d662490a796dfa7cb7f119dc88d150775106ab, IsAlive = 1
[2022-01-10 13:52:39,297 W 7812 7958] gcs_server_address_updater.cc:61: [1] Failed to get the gcs server address from raylet 1 times in a row. If it keeps failing to obtain the address, the worker might crash. Connection status IOError: 
[2022-01-10 13:52:40,297 I 7812 8068] raylet_client.cc:336: Error reporting task backlog information: IOError: 
[2022-01-10 13:52:40,408 I 7812 8068] raylet_client.cc:336: Error reporting task backlog information: IOError: 
[2022-01-10 13:52:41,408 I 7812 8068] raylet_client.cc:336: Error reporting task backlog information: IOError: 
[2022-01-10 13:52:42,408 I 7812 8068] raylet_client.cc:336: Error reporting task backlog information: IOError: 
[2022-01-10 13:52:43,408 I 7812 8068] raylet_client.cc:336: Error reporting task backlog information: IOError: 
[2022-01-10 13:52:44,408 I 7812 8068] raylet_client.cc:336: Error reporting task backlog information: IOError: 
[2022-01-10 13:52:45,408 I 7812 8068] raylet_client.cc:336: Error reporting task backlog information: IOError: 
[2022-01-10 13:52:46,408 I 7812 8068] raylet_client.cc:336: Error reporting task backlog information: IOError: 
[2022-01-10 13:52:47,408 I 7812 8068] raylet_client.cc:336: Error reporting task backlog information: IOError: 
[2022-01-10 13:52:48,408 I 7812 8068] raylet_client.cc:336: Error reporting task backlog information: IOError: 
[2022-01-10 13:52:48,413 W 7812 8070] metric_exporter.cc:206: Export metrics to agent failed: IOError: . This won't affect Ray, but you can lose metrics from the cluster.
[2022-01-10 13:52:49,408 I 7812 8068] raylet_client.cc:336: Error reporting task backlog information: IOError: 
[2022-01-10 13:52:50,408 I 7812 8068] raylet_client.cc:336: Error reporting task backlog information: IOError: 
[2022-01-10 13:52:51,408 I 7812 8068] raylet_client.cc:336: Error reporting task backlog information: IOError: 
[2022-01-10 13:52:52,408 I 7812 8068] raylet_client.cc:336: Error reporting task backlog information: IOError: 
[2022-01-10 13:52:53,408 I 7812 8068] raylet_client.cc:336: Error reporting task backlog information: IOError: 
[2022-01-10 13:52:54,408 I 7812 8068] raylet_client.cc:336: Error reporting task backlog information: IOError: 
[2022-01-10 13:52:55,408 I 7812 8068] raylet_client.cc:336: Error reporting task backlog information: IOError: 
[2022-01-10 13:52:56,409 I 7812 8068] raylet_client.cc:336: Error reporting task backlog information: IOError: 
[2022-01-10 13:52:57,409 I 7812 8068] raylet_client.cc:336: Error reporting task backlog information: IOError: 
[2022-01-10 13:52:58,409 I 7812 8068] raylet_client.cc:336: Error reporting task backlog information: IOError: 
[2022-01-10 13:52:58,420 W 7812 8070] metric_exporter.cc:206: Export metrics to agent failed: IOError: . This won't affect Ray, but you can lose metrics from the cluster.
[2022-01-10 13:52:59,409 I 7812 8068] raylet_client.cc:336: Error reporting task backlog information: IOError: 
[2022-01-10 13:53:00,409 I 7812 8068] raylet_client.cc:336: Error reporting task backlog information: IOError: 
[2022-01-10 13:53:01,409 I 7812 8068] raylet_client.cc:336: Error reporting task backlog information: IOError: 
[2022-01-10 13:53:02,409 I 7812 8068] raylet_client.cc:336: Error reporting task backlog information: IOError: 
[2022-01-10 13:53:03,409 I 7812 8068] raylet_client.cc:336: Error reporting task backlog information: IOError: 
[2022-01-10 13:53:04,409 I 7812 8068] raylet_client.cc:336: Error reporting task backlog information: IOError: 
[2022-01-10 13:53:05,409 I 7812 8068] raylet_client.cc:336: Error reporting task backlog information: IOError: 
[2022-01-10 13:53:06,409 I 7812 8068] raylet_client.cc:336: Error reporting task backlog information: IOError: 
[2022-01-10 13:53:07,409 I 7812 8068] raylet_client.cc:336: Error reporting task backlog information: IOError: 
[2022-01-10 13:53:08,409 I 7812 8068] raylet_client.cc:336: Error reporting task backlog information: IOError: 
[2022-01-10 13:53:08,427 W 7812 8070] metric_exporter.cc:206: Export metrics to agent failed: IOError: . This won't affect Ray, but you can lose metrics from the cluster.
[2022-01-10 13:53:09,409 I 7812 8068] raylet_client.cc:336: Error reporting task backlog information: IOError: 
[2022-01-10 13:53:10,409 I 7812 8068] raylet_client.cc:336: Error reporting task backlog information: IOError: 
[2022-01-10 13:53:11,410 I 7812 8068] raylet_client.cc:336: Error reporting task backlog information: IOError: 
[2022-01-10 13:53:12,410 I 7812 8068] raylet_client.cc:336: Error reporting task backlog information: IOError: 
[2022-01-10 13:53:13,410 I 7812 8068] raylet_client.cc:336: Error reporting task backlog information: IOError: 
[2022-01-10 13:53:14,410 I 7812 8068] raylet_client.cc:336: Error reporting task backlog information: IOError: 
[2022-01-10 13:53:15,410 I 7812 8068] raylet_client.cc:336: Error reporting task backlog information: IOError: 
[2022-01-10 13:53:16,410 I 7812 8068] raylet_client.cc:336: Error reporting task backlog information: IOError: 
[2022-01-10 13:53:17,410 I 7812 8068] raylet_client.cc:336: Error reporting task backlog information: IOError: 
[2022-01-10 13:53:18,410 I 7812 8068] raylet_client.cc:336: Error reporting task backlog information: IOError: 
[2022-01-10 13:53:18,435 W 7812 8070] metric_exporter.cc:206: Export metrics to agent failed: IOError: . This won't affect Ray, but you can lose metrics from the cluster.
[2022-01-10 13:53:19,410 I 7812 8068] raylet_client.cc:336: Error reporting task backlog information: IOError: 
[2022-01-10 13:53:20,410 I 7812 8068] raylet_client.cc:336: Error reporting task backlog information: IOError: 
[2022-01-10 13:53:21,410 I 7812 8068] raylet_client.cc:336: Error reporting task backlog information: IOError: 
[2022-01-10 13:53:22,410 I 7812 8068] raylet_client.cc:336: Error reporting task backlog information: IOError: 
[2022-01-10 13:53:23,411 I 7812 8068] raylet_client.cc:336: Error reporting task backlog information: IOError: 
[2022-01-10 13:53:24,411 I 7812 8068] raylet_client.cc:336: Error reporting task backlog information: IOError: 
[2022-01-10 13:53:25,411 I 7812 8068] raylet_client.cc:336: Error reporting task backlog information: IOError: 
[2022-01-10 13:53:26,411 I 7812 8068] raylet_client.cc:336: Error reporting task backlog information: IOError: 
[2022-01-10 13:53:27,411 I 7812 8068] raylet_client.cc:336: Error reporting task backlog information: IOError: 
[2022-01-10 13:53:28,411 I 7812 8068] raylet_client.cc:336: Error reporting task backlog information: IOError: 
[2022-01-10 13:53:28,443 W 7812 8070] metric_exporter.cc:206: Export metrics to agent failed: IOError: . This won't affect Ray, but you can lose metrics from the cluster.
[2022-01-10 13:53:29,411 I 7812 8068] raylet_client.cc:336: Error reporting task backlog information: IOError: 
[2022-01-10 13:53:30,411 I 7812 8068] raylet_client.cc:336: Error reporting task backlog information: IOError: 
[2022-01-10 13:53:31,411 I 7812 8068] raylet_client.cc:336: Error reporting task backlog information: IOError: 
[2022-01-10 13:53:32,411 I 7812 8068] raylet_client.cc:336: Error reporting task backlog information: IOError: 
[2022-01-10 13:53:33,411 I 7812 8068] raylet_client.cc:336: Error reporting task backlog information: IOError: 
[2022-01-10 13:53:34,411 I 7812 8068] raylet_client.cc:336: Error reporting task backlog information: IOError: 
[2022-01-10 13:53:35,411 I 7812 8068] raylet_client.cc:336: Error reporting task backlog information: IOError: 
[2022-01-10 13:53:36,411 I 7812 8068] raylet_client.cc:336: Error reporting task backlog information: IOError: 
[2022-01-10 13:53:37,412 I 7812 8068] raylet_client.cc:336: Error reporting task backlog information: IOError: 
[2022-01-10 13:53:38,412 I 7812 8068] raylet_client.cc:336: Error reporting task backlog information: IOError: 
[2022-01-10 13:53:38,451 W 7812 8070] metric_exporter.cc:206: Export metrics to agent failed: IOError: . This won't affect Ray, but you can lose metrics from the cluster.
[2022-01-10 13:53:39,412 I 7812 8068] raylet_client.cc:336: Error reporting task backlog information: IOError: 
[2022-01-10 13:53:40,412 I 7812 8068] raylet_client.cc:336: Error reporting task backlog information: IOError: 
[2022-01-10 13:53:41,412 I 7812 8068] raylet_client.cc:336: Error reporting task backlog information: IOError: 
[2022-01-10 13:53:42,412 I 7812 8068] raylet_client.cc:336: Error reporting task backlog information: IOError: 
[2022-01-10 13:53:43,412 I 7812 8068] raylet_client.cc:336: Error reporting task backlog information: IOError: 
[2022-01-10 13:53:44,412 I 7812 8068] raylet_client.cc:336: Error reporting task backlog information: IOError: 
[2022-01-10 13:53:45,412 I 7812 8068] raylet_client.cc:336: Error reporting task backlog information: IOError: 
[2022-01-10 13:53:46,412 I 7812 8068] raylet_client.cc:336: Error reporting task backlog information: IOError: 
[2022-01-10 13:53:47,412 I 7812 8068] raylet_client.cc:336: Error reporting task backlog information: IOError: 
[2022-01-10 13:53:48,412 I 7812 8068] raylet_client.cc:336: Error reporting task backlog information: IOError: 
[2022-01-10 13:53:48,459 W 7812 8070] metric_exporter.cc:206: Export metrics to agent failed: IOError: . This won't affect Ray, but you can lose metrics from the cluster.
[2022-01-10 13:53:49,412 I 7812 8068] raylet_client.cc:336: Error reporting task backlog information: IOError: 
[2022-01-10 13:53:50,412 I 7812 8068] raylet_client.cc:336: Error reporting task backlog information: IOError: 
[2022-01-10 13:53:51,413 I 7812 8068] raylet_client.cc:336: Error reporting task backlog information: IOError: 
[2022-01-10 13:53:52,413 I 7812 8068] raylet_client.cc:336: Error reporting task backlog information: IOError: 
[2022-01-10 13:53:53,413 I 7812 8068] raylet_client.cc:336: Error reporting task backlog information: IOError: 
[2022-01-10 13:53:54,413 I 7812 8068] raylet_client.cc:336: Error reporting task backlog information: IOError: 
[2022-01-10 13:53:55,413 I 7812 8068] raylet_client.cc:336: Error reporting task backlog information: IOError: 
[2022-01-10 13:53:56,413 I 7812 8068] raylet_client.cc:336: Error reporting task backlog information: IOError: 
[2022-01-10 13:53:57,413 I 7812 8068] raylet_client.cc:336: Error reporting task backlog information: IOError: 
[2022-01-10 13:53:58,413 I 7812 8068] raylet_client.cc:336: Error reporting task backlog information: IOError: 
[2022-01-10 13:53:58,466 W 7812 8070] metric_exporter.cc:206: Export metrics to agent failed: IOError: . This won't affect Ray, but you can lose metrics from the cluster.
[2022-01-10 13:53:59,413 I 7812 8068] raylet_client.cc:336: Error reporting task backlog information: IOError: 
[2022-01-10 13:54:00,413 I 7812 8068] raylet_client.cc:336: Error reporting task backlog information: IOError: 
[2022-01-10 13:54:01,413 I 7812 8068] raylet_client.cc:336: Error reporting task backlog information: IOError: 
[2022-01-10 13:54:02,413 I 7812 8068] raylet_client.cc:336: Error reporting task backlog information: IOError: 
[2022-01-10 13:54:03,413 I 7812 8068] raylet_client.cc:336: Error reporting task backlog information: IOError: 
[2022-01-10 13:54:04,413 I 7812 8068] raylet_client.cc:336: Error reporting task backlog information: IOError: 
[2022-01-10 13:54:05,413 I 7812 8068] raylet_client.cc:336: Error reporting task backlog information: IOError: 
[2022-01-10 13:54:06,414 I 7812 8068] raylet_client.cc:336: Error reporting task backlog information: IOError: 
[2022-01-10 13:54:07,414 I 7812 8068] raylet_client.cc:336: Error reporting task backlog information: IOError: 
[2022-01-10 13:54:08,414 I 7812 8068] raylet_client.cc:336: Error reporting task backlog information: IOError: 
[2022-01-10 13:54:08,474 W 7812 8070] metric_exporter.cc:206: Export metrics to agent failed: IOError: . This won't affect Ray, but you can lose metrics from the cluster.
[2022-01-10 13:54:09,414 I 7812 8068] raylet_client.cc:336: Error reporting task backlog information: IOError: 
[2022-01-10 13:54:10,414 I 7812 8068] raylet_client.cc:336: Error reporting task backlog information: IOError: 
[2022-01-10 13:54:11,414 I 7812 8068] raylet_client.cc:336: Error reporting task backlog information: IOError: 
[2022-01-10 13:54:12,414 I 7812 8068] raylet_client.cc:336: Error reporting task backlog information: IOError: 
[2022-01-10 13:54:13,414 I 7812 8068] raylet_client.cc:336: Error reporting task backlog information: IOError: 
[2022-01-10 13:54:14,414 I 7812 8068] raylet_client.cc:336: Error reporting task backlog information: IOError: 
[2022-01-10 13:54:15,414 I 7812 8068] raylet_client.cc:336: Error reporting task backlog information: IOError: 
[2022-01-10 13:54:16,414 I 7812 8068] raylet_client.cc:336: Error reporting task backlog information: IOError: 
[2022-01-10 13:54:17,414 I 7812 8068] raylet_client.cc:336: Error reporting task backlog information: IOError: 
[2022-01-10 13:54:18,414 I 7812 8068] raylet_client.cc:336: Error reporting task backlog information: IOError: 
[2022-01-10 13:54:18,482 W 7812 8070] metric_exporter.cc:206: Export metrics to agent failed: IOError: . This won't affect Ray, but you can lose metrics from the cluster.
[2022-01-10 13:54:19,415 I 7812 8068] raylet_client.cc:336: Error reporting task backlog information: IOError: 
[2022-01-10 13:54:20,415 I 7812 8068] raylet_client.cc:336: Error reporting task backlog information: IOError: 
[2022-01-10 13:54:21,415 I 7812 8068] raylet_client.cc:336: Error reporting task backlog information: IOError: 
[2022-01-10 13:54:22,415 I 7812 8068] raylet_client.cc:336: Error reporting task backlog information: IOError: 
[2022-01-10 13:54:23,415 I 7812 8068] raylet_client.cc:336: Error reporting task backlog information: IOError: 
[2022-01-10 13:54:24,415 I 7812 8068] raylet_client.cc:336: Error reporting task backlog information: IOError: 
[2022-01-10 13:54:25,415 I 7812 8068] raylet_client.cc:336: Error reporting task backlog information: IOError: 
[2022-01-10 13:54:26,415 I 7812 8068] raylet_client.cc:336: Error reporting task backlog information: IOError: 
[2022-01-10 13:54:27,415 I 7812 8068] raylet_client.cc:336: Error reporting task backlog information: IOError: 
[2022-01-10 13:54:28,415 I 7812 8068] raylet_client.cc:336: Error reporting task backlog information: IOError: 
[2022-01-10 13:54:28,489 W 7812 8070] metric_exporter.cc:206: Export metrics to agent failed: IOError: . This won't affect Ray, but you can lose metrics from the cluster.
[2022-01-10 13:54:29,415 I 7812 8068] raylet_client.cc:336: Error reporting task backlog information: IOError: 
[2022-01-10 13:54:30,415 I 7812 8068] raylet_client.cc:336: Error reporting task backlog information: IOError: 
[2022-01-10 13:54:31,416 I 7812 8068] raylet_client.cc:336: Error reporting task backlog information: IOError: 
[2022-01-10 13:54:32,416 I 7812 8068] raylet_client.cc:336: Error reporting task backlog information: IOError: 
[2022-01-10 13:54:33,416 I 7812 8068] raylet_client.cc:336: Error reporting task backlog information: IOError: 
[2022-01-10 13:54:34,416 I 7812 8068] raylet_client.cc:336: Error reporting task backlog information: IOError: 
[2022-01-10 13:54:35,416 I 7812 8068] raylet_client.cc:336: Error reporting task backlog information: IOError: 
[2022-01-10 13:54:36,416 I 7812 8068] raylet_client.cc:336: Error reporting task backlog information: IOError: 
[2022-01-10 13:54:37,416 I 7812 8068] raylet_client.cc:336: Error reporting task backlog information: IOError: 
[2022-01-10 13:54:38,416 I 7812 8068] raylet_client.cc:336: Error reporting task backlog information: IOError: 
[2022-01-10 13:54:38,496 W 7812 8070] metric_exporter.cc:206: Export metrics to agent failed: IOError: . This won't affect Ray, but you can lose metrics from the cluster.
[2022-01-10 13:54:39,416 I 7812 8068] raylet_client.cc:336: Error reporting task backlog information: IOError: 
[2022-01-10 13:54:40,416 I 7812 8068] raylet_client.cc:336: Error reporting task backlog information: IOError: 
[2022-01-10 13:54:41,416 I 7812 8068] raylet_client.cc:336: Error reporting task backlog information: IOError: 
[2022-01-10 13:54:42,416 I 7812 8068] raylet_client.cc:336: Error reporting task backlog information: IOError: 
[2022-01-10 13:54:43,416 I 7812 8068] raylet_client.cc:336: Error reporting task backlog information: IOError: 
[2022-01-10 13:54:44,417 I 7812 8068] raylet_client.cc:336: Error reporting task backlog information: IOError: 
[2022-01-10 13:54:45,417 I 7812 8068] raylet_client.cc:336: Error reporting task backlog information: IOError: 
[2022-01-10 13:54:46,417 I 7812 8068] raylet_client.cc:336: Error reporting task backlog information: IOError: 
[2022-01-10 13:54:47,417 I 7812 8068] raylet_client.cc:336: Error reporting task backlog information: IOError: 
[2022-01-10 13:54:48,417 I 7812 8068] raylet_client.cc:336: Error reporting task backlog information: IOError: 
[2022-01-10 13:54:48,504 W 7812 8070] metric_exporter.cc:206: Export metrics to agent failed: IOError: . This won't affect Ray, but you can lose metrics from the cluster.
[2022-01-10 13:54:49,417 I 7812 8068] raylet_client.cc:336: Error reporting task backlog information: IOError: 
[2022-01-10 13:54:50,417 I 7812 8068] raylet_client.cc:336: Error reporting task backlog information: IOError: 
[2022-01-10 13:54:51,417 I 7812 8068] raylet_client.cc:336: Error reporting task backlog information: IOError: 
[2022-01-10 13:54:52,417 I 7812 8068] raylet_client.cc:336: Error reporting task backlog information: IOError: 
[2022-01-10 13:54:53,417 I 7812 8068] raylet_client.cc:336: Error reporting task backlog information: IOError: 
[2022-01-10 13:54:54,417 I 7812 8068] raylet_client.cc:336: Error reporting task backlog information: IOError: 
[2022-01-10 13:54:55,418 I 7812 8068] raylet_client.cc:336: Error reporting task backlog information: IOError: 
[2022-01-10 13:54:56,418 I 7812 8068] raylet_client.cc:336: Error reporting task backlog information: IOError: 
[2022-01-10 13:54:57,418 I 7812 8068] raylet_client.cc:336: Error reporting task backlog information: IOError: 
[2022-01-10 13:54:58,418 I 7812 8068] raylet_client.cc:336: Error reporting task backlog information: IOError: 
[2022-01-10 13:54:58,511 W 7812 8070] metric_exporter.cc:206: Export metrics to agent failed: IOError: . This won't affect Ray, but you can lose metrics from the cluster.
[2022-01-10 13:54:59,418 I 7812 8068] raylet_client.cc:336: Error reporting task backlog information: IOError: 
[2022-01-10 13:55:00,418 I 7812 8068] raylet_client.cc:336: Error reporting task backlog information: IOError: 
[2022-01-10 13:55:01,418 I 7812 8068] raylet_client.cc:336: Error reporting task backlog information: IOError: 
[2022-01-10 13:55:02,418 I 7812 8068] raylet_client.cc:336: Error reporting task backlog information: IOError: 
[2022-01-10 13:55:03,418 I 7812 8068] raylet_client.cc:336: Error reporting task backlog information: IOError: 
[2022-01-10 13:55:04,418 I 7812 8068] raylet_client.cc:336: Error reporting task backlog information: IOError: 
[2022-01-10 13:55:05,418 I 7812 8068] raylet_client.cc:336: Error reporting task backlog information: IOError: 
[2022-01-10 13:55:06,418 I 7812 8068] raylet_client.cc:336: Error reporting task backlog information: IOError: 
[2022-01-10 13:55:07,419 I 7812 8068] raylet_client.cc:336: Error reporting task backlog information: IOError: 
[2022-01-10 13:55:08,419 I 7812 8068] raylet_client.cc:336: Error reporting task backlog information: IOError: 
[2022-01-10 13:55:08,519 W 7812 8070] metric_exporter.cc:206: Export metrics to agent failed: IOError: . This won't affect Ray, but you can lose metrics from the cluster.
[2022-01-10 13:55:09,419 I 7812 8068] raylet_client.cc:336: Error reporting task backlog information: IOError: 
[2022-01-10 13:55:10,419 I 7812 8068] raylet_client.cc:336: Error reporting task backlog information: IOError: 
[2022-01-10 13:55:11,419 I 7812 8068] raylet_client.cc:336: Error reporting task backlog information: IOError: 
[2022-01-10 13:55:12,419 I 7812 8068] raylet_client.cc:336: Error reporting task backlog information: IOError: 
[2022-01-10 13:55:13,419 I 7812 8068] raylet_client.cc:336: Error reporting task backlog information: IOError: 
[2022-01-10 13:55:14,419 I 7812 8068] raylet_client.cc:336: Error reporting task backlog information: IOError: 
[2022-01-10 13:55:15,419 I 7812 8068] raylet_client.cc:336: Error reporting task backlog information: IOError: 
[2022-01-10 13:55:16,419 I 7812 8068] raylet_client.cc:336: Error reporting task backlog information: IOError: 
[2022-01-10 13:55:17,419 I 7812 8068] raylet_client.cc:336: Error reporting task backlog information: IOError: 
[2022-01-10 13:55:18,419 I 7812 8068] raylet_client.cc:336: Error reporting task backlog information: IOError: 
[2022-01-10 13:55:18,527 W 7812 8070] metric_exporter.cc:206: Export metrics to agent failed: IOError: . This won't affect Ray, but you can lose metrics from the cluster.
[2022-01-10 13:55:19,420 I 7812 8068] raylet_client.cc:336: Error reporting task backlog information: IOError: 
[2022-01-10 13:55:20,420 I 7812 8068] raylet_client.cc:336: Error reporting task backlog information: IOError: 
[2022-01-10 13:55:21,420 I 7812 8068] raylet_client.cc:336: Error reporting task backlog information: IOError: 
[2022-01-10 13:55:22,420 I 7812 8068] raylet_client.cc:336: Error reporting task backlog information: IOError: 
[2022-01-10 13:55:23,420 I 7812 8068] raylet_client.cc:336: Error reporting task backlog information: IOError: 
[2022-01-10 13:55:24,420 I 7812 8068] raylet_client.cc:336: Error reporting task backlog information: IOError: 
[2022-01-10 13:55:25,420 I 7812 8068] raylet_client.cc:336: Error reporting task backlog information: IOError: 
[2022-01-10 13:55:26,420 I 7812 8068] raylet_client.cc:336: Error reporting task backlog information: IOError: 
[2022-01-10 13:55:27,420 I 7812 8068] raylet_client.cc:336: Error reporting task backlog information: IOError: 
[2022-01-10 13:55:28,420 I 7812 8068] raylet_client.cc:336: Error reporting task backlog information: IOError: 
[2022-01-10 13:55:28,534 W 7812 8070] metric_exporter.cc:206: Export metrics to agent failed: IOError: . This won't affect Ray, but you can lose metrics from the cluster.
[2022-01-10 13:55:29,420 I 7812 8068] raylet_client.cc:336: Error reporting task backlog information: IOError: 
[2022-01-10 13:55:30,420 I 7812 8068] raylet_client.cc:336: Error reporting task backlog information: IOError: 
[2022-01-10 13:55:31,421 I 7812 8068] raylet_client.cc:336: Error reporting task backlog information: IOError: 
[2022-01-10 13:55:32,421 I 7812 8068] raylet_client.cc:336: Error reporting task backlog information: IOError: 
[2022-01-10 13:55:33,421 I 7812 8068] raylet_client.cc:336: Error reporting task backlog information: IOError: 
[2022-01-10 13:55:34,421 I 7812 8068] raylet_client.cc:336: Error reporting task backlog information: IOError: 
[2022-01-10 13:55:35,421 I 7812 8068] raylet_client.cc:336: Error reporting task backlog information: IOError: 
[2022-01-10 13:55:36,421 I 7812 8068] raylet_client.cc:336: Error reporting task backlog information: IOError: 
[2022-01-10 13:55:37,421 I 7812 8068] raylet_client.cc:336: Error reporting task backlog information: IOError: 
[2022-01-10 13:55:38,421 I 7812 8068] raylet_client.cc:336: Error reporting task backlog information: IOError: 
[2022-01-10 13:55:38,542 W 7812 8070] metric_exporter.cc:206: Export metrics to agent failed: IOError: . This won't affect Ray, but you can lose metrics from the cluster.
[2022-01-10 13:55:39,421 I 7812 8068] raylet_client.cc:336: Error reporting task backlog information: IOError: 
[2022-01-10 13:55:40,421 I 7812 8068] raylet_client.cc:336: Error reporting task backlog information: IOError: 
[2022-01-10 13:55:41,421 I 7812 8068] raylet_client.cc:336: Error reporting task backlog information: IOError: 
[2022-01-10 13:55:42,422 I 7812 8068] raylet_client.cc:336: Error reporting task backlog information: IOError: 
[2022-01-10 13:55:43,422 I 7812 8068] raylet_client.cc:336: Error reporting task backlog information: IOError: 
[2022-01-10 13:55:44,422 I 7812 8068] raylet_client.cc:336: Error reporting task backlog information: IOError: 
[2022-01-10 13:55:45,422 I 7812 8068] raylet_client.cc:336: Error reporting task backlog information: IOError: 
[2022-01-10 13:55:46,422 I 7812 8068] raylet_client.cc:336: Error reporting task backlog information: IOError: 
[2022-01-10 13:55:47,422 I 7812 8068] raylet_client.cc:336: Error reporting task backlog information: IOError: 
[2022-01-10 13:55:48,422 I 7812 8068] raylet_client.cc:336: Error reporting task backlog information: IOError: 
[2022-01-10 13:55:48,549 W 7812 8070] metric_exporter.cc:206: Export metrics to agent failed: IOError: . This won't affect Ray, but you can lose metrics from the cluster.
[2022-01-10 13:55:49,422 I 7812 8068] raylet_client.cc:336: Error reporting task backlog information: IOError: 
[2022-01-10 13:55:50,422 I 7812 8068] raylet_client.cc:336: Error reporting task backlog information: IOError: 
[2022-01-10 13:55:51,423 I 7812 8068] raylet_client.cc:336: Error reporting task backlog information: IOError: 
[2022-01-10 13:55:52,423 I 7812 8068] raylet_client.cc:336: Error reporting task backlog information: IOError: 
[2022-01-10 13:55:53,423 I 7812 8068] raylet_client.cc:336: Error reporting task backlog information: IOError: 
[2022-01-10 13:55:54,423 I 7812 8068] raylet_client.cc:336: Error reporting task backlog information: IOError: 
[2022-01-10 13:55:55,424 I 7812 8068] raylet_client.cc:336: Error reporting task backlog information: IOError: 
[2022-01-10 13:55:56,424 I 7812 8068] raylet_client.cc:336: Error reporting task backlog information: IOError: 
[2022-01-10 13:55:57,424 I 7812 8068] raylet_client.cc:336: Error reporting task backlog information: IOError: 
[2022-01-10 13:55:58,424 I 7812 8068] raylet_client.cc:336: Error reporting task backlog information: IOError: 
[2022-01-10 13:55:58,561 W 7812 8070] metric_exporter.cc:206: Export metrics to agent failed: IOError: . This won't affect Ray, but you can lose metrics from the cluster.
[2022-01-10 13:55:59,425 I 7812 8068] raylet_client.cc:336: Error reporting task backlog information: IOError: 
[2022-01-10 13:56:00,425 I 7812 8068] raylet_client.cc:336: Error reporting task backlog information: IOError: 
[2022-01-10 13:56:01,425 I 7812 8068] raylet_client.cc:336: Error reporting task backlog information: IOError: 
[2022-01-10 13:56:02,426 I 7812 8068] raylet_client.cc:336: Error reporting task backlog information: IOError: 
[2022-01-10 13:56:03,426 I 7812 8068] raylet_client.cc:336: Error reporting task backlog information: IOError: 
[2022-01-10 13:56:04,426 I 7812 8068] raylet_client.cc:336: Error reporting task backlog information: IOError: 
[2022-01-10 13:56:05,427 I 7812 8068] raylet_client.cc:336: Error reporting task backlog information: IOError: 
[2022-01-10 13:56:06,427 I 7812 8068] raylet_client.cc:336: Error reporting task backlog information: IOError: 
[2022-01-10 13:56:07,427 I 7812 8068] raylet_client.cc:336: Error reporting task backlog information: IOError: 
[2022-01-10 13:56:08,427 I 7812 8068] raylet_client.cc:336: Error reporting task backlog information: IOError: 
[2022-01-10 13:56:08,574 W 7812 8070] metric_exporter.cc:206: Export metrics to agent failed: IOError: . This won't affect Ray, but you can lose metrics from the cluster.
[2022-01-10 13:56:09,427 I 7812 8068] raylet_client.cc:336: Error reporting task backlog information: IOError: 
[2022-01-10 13:56:10,428 I 7812 8068] raylet_client.cc:336: Error reporting task backlog information: IOError: 
[2022-01-10 13:56:11,428 I 7812 8068] raylet_client.cc:336: Error reporting task backlog information: IOError: 
[2022-01-10 13:56:12,428 I 7812 8068] raylet_client.cc:336: Error reporting task backlog information: IOError: 
[2022-01-10 13:56:13,428 I 7812 8068] raylet_client.cc:336: Error reporting task backlog information: IOError: 
[2022-01-10 13:56:14,428 I 7812 8068] raylet_client.cc:336: Error reporting task backlog information: IOError: 
[2022-01-10 13:56:15,429 I 7812 8068] raylet_client.cc:336: Error reporting task backlog information: IOError: 
[2022-01-10 13:56:16,429 I 7812 8068] raylet_client.cc:336: Error reporting task backlog information: IOError: 
[2022-01-10 13:56:17,429 I 7812 8068] raylet_client.cc:336: Error reporting task backlog information: IOError: 
[2022-01-10 13:56:18,429 I 7812 8068] raylet_client.cc:336: Error reporting task backlog information: IOError: 
[2022-01-10 13:56:18,585 W 7812 8070] metric_exporter.cc:206: Export metrics to agent failed: IOError: . This won't affect Ray, but you can lose metrics from the cluster.
[2022-01-10 13:56:19,429 I 7812 8068] raylet_client.cc:336: Error reporting task backlog information: IOError: 
[2022-01-10 13:56:20,430 I 7812 8068] raylet_client.cc:336: Error reporting task backlog information: IOError: 
[2022-01-10 13:56:21,430 I 7812 8068] raylet_client.cc:336: Error reporting task backlog information: IOError: 
[2022-01-10 13:56:22,430 I 7812 8068] raylet_client.cc:336: Error reporting task backlog information: IOError: 
[2022-01-10 13:56:23,430 I 7812 8068] raylet_client.cc:336: Error reporting task backlog information: IOError: 
[2022-01-10 13:56:24,431 I 7812 8068] raylet_client.cc:336: Error reporting task backlog information: IOError: 
[2022-01-10 13:56:25,431 I 7812 8068] raylet_client.cc:336: Error reporting task backlog information: IOError: 
[2022-01-10 13:56:26,431 I 7812 8068] raylet_client.cc:336: Error reporting task backlog information: IOError: 
[2022-01-10 13:56:27,431 I 7812 8068] raylet_client.cc:336: Error reporting task backlog information: IOError: 
[2022-01-10 13:56:28,432 I 7812 8068] raylet_client.cc:336: Error reporting task backlog information: IOError: 
[2022-01-10 13:56:28,598 W 7812 8070] metric_exporter.cc:206: Export metrics to agent failed: IOError: . This won't affect Ray, but you can lose metrics from the cluster.
[2022-01-10 13:56:29,432 I 7812 8068] raylet_client.cc:336: Error reporting task backlog information: IOError: 
[2022-01-10 13:56:30,432 I 7812 8068] raylet_client.cc:336: Error reporting task backlog information: IOError: 
[2022-01-10 13:56:31,432 I 7812 8068] raylet_client.cc:336: Error reporting task backlog information: IOError: 
[2022-01-10 13:56:32,432 I 7812 8068] raylet_client.cc:336: Error reporting task backlog information: IOError: 
[2022-01-10 13:56:33,432 I 7812 8068] raylet_client.cc:336: Error reporting task backlog information: IOError: 
[2022-01-10 13:56:34,432 I 7812 8068] raylet_client.cc:336: Error reporting task backlog information: IOError: 
[2022-01-10 13:56:35,432 I 7812 8068] raylet_client.cc:336: Error reporting task backlog information: IOError: 
[2022-01-10 13:56:36,432 I 7812 8068] raylet_client.cc:336: Error reporting task backlog information: IOError: 
[2022-01-10 13:56:37,432 I 7812 8068] raylet_client.cc:336: Error reporting task backlog information: IOError: 
[2022-01-10 13:56:38,433 I 7812 8068] raylet_client.cc:336: Error reporting task backlog information: IOError: 
[2022-01-10 13:56:38,608 W 7812 8070] metric_exporter.cc:206: Export metrics to agent failed: IOError: . This won't affect Ray, but you can lose metrics from the cluster.
[2022-01-10 13:56:39,433 I 7812 8068] raylet_client.cc:336: Error reporting task backlog information: IOError: 
[2022-01-10 13:56:40,433 I 7812 8068] raylet_client.cc:336: Error reporting task backlog information: IOError: 
[2022-01-10 13:56:41,433 I 7812 8068] raylet_client.cc:336: Error reporting task backlog information: IOError: 
[2022-01-10 13:56:42,434 I 7812 8068] raylet_client.cc:336: Error reporting task backlog information: IOError: 
[2022-01-10 13:56:43,434 I 7812 8068] raylet_client.cc:336: Error reporting task backlog information: IOError: 
[2022-01-10 13:56:44,434 I 7812 8068] raylet_client.cc:336: Error reporting task backlog information: IOError: 
[2022-01-10 13:56:45,434 I 7812 8068] raylet_client.cc:336: Error reporting task backlog information: IOError: 
[2022-01-10 13:56:46,434 I 7812 8068] raylet_client.cc:336: Error reporting task backlog information: IOError: 
[2022-01-10 13:56:47,435 I 7812 8068] raylet_client.cc:336: Error reporting task backlog information: IOError: 
[2022-01-10 13:56:48,435 I 7812 8068] raylet_client.cc:336: Error reporting task backlog information: IOError: 
[2022-01-10 13:56:48,619 W 7812 8070] metric_exporter.cc:206: Export metrics to agent failed: IOError: . This won't affect Ray, but you can lose metrics from the cluster.
[2022-01-10 13:56:49,435 I 7812 8068] raylet_client.cc:336: Error reporting task backlog information: IOError: 
[2022-01-10 13:56:50,435 I 7812 8068] raylet_client.cc:336: Error reporting task backlog information: IOError: 
[2022-01-10 13:56:51,435 I 7812 8068] raylet_client.cc:336: Error reporting task backlog information: IOError: 
[2022-01-10 13:56:52,436 I 7812 8068] raylet_client.cc:336: Error reporting task backlog information: IOError: 
[2022-01-10 13:56:53,436 I 7812 8068] raylet_client.cc:336: Error reporting task backlog information: IOError: 
[2022-01-10 13:56:54,436 I 7812 8068] raylet_client.cc:336: Error reporting task backlog information: IOError: 
[2022-01-10 13:56:55,436 I 7812 8068] raylet_client.cc:336: Error reporting task backlog information: IOError: 
[2022-01-10 13:56:56,436 I 7812 8068] raylet_client.cc:336: Error reporting task backlog information: IOError: 
[2022-01-10 13:56:57,436 I 7812 8068] raylet_client.cc:336: Error reporting task backlog information: IOError: 
[2022-01-10 13:56:58,437 I 7812 8068] raylet_client.cc:336: Error reporting task backlog information: IOError: 
[2022-01-10 13:56:58,629 W 7812 8070] metric_exporter.cc:206: Export metrics to agent failed: IOError: . This won't affect Ray, but you can lose metrics from the cluster.
[2022-01-10 13:56:59,437 I 7812 8068] raylet_client.cc:336: Error reporting task backlog information: IOError: 
[2022-01-10 13:57:00,437 I 7812 8068] raylet_client.cc:336: Error reporting task backlog information: IOError: 
[2022-01-10 13:57:01,437 I 7812 8068] raylet_client.cc:336: Error reporting task backlog information: IOError: 
[2022-01-10 13:57:02,437 I 7812 8068] raylet_client.cc:336: Error reporting task backlog information: IOError: 
[2022-01-10 13:57:03,437 I 7812 8068] raylet_client.cc:336: Error reporting task backlog information: IOError: 
[2022-01-10 13:57:04,437 I 7812 8068] raylet_client.cc:336: Error reporting task backlog information: IOError: 
[2022-01-10 13:57:05,437 I 7812 8068] raylet_client.cc:336: Error reporting task backlog information: IOError: 
[2022-01-10 13:57:06,437 I 7812 8068] raylet_client.cc:336: Error reporting task backlog information: IOError: 
[2022-01-10 13:57:07,437 I 7812 8068] raylet_client.cc:336: Error reporting task backlog information: IOError: 
[2022-01-10 13:57:08,437 I 7812 8068] raylet_client.cc:336: Error reporting task backlog information: IOError: 
[2022-01-10 13:57:08,638 W 7812 8070] metric_exporter.cc:206: Export metrics to agent failed: IOError: . This won't affect Ray, but you can lose metrics from the cluster.
[2022-01-10 13:57:09,438 I 7812 8068] raylet_client.cc:336: Error reporting task backlog information: IOError: 
[2022-01-10 13:57:10,438 I 7812 8068] raylet_client.cc:336: Error reporting task backlog information: IOError: 
[2022-01-10 13:57:11,438 I 7812 8068] raylet_client.cc:336: Error reporting task backlog information: IOError: 
[2022-01-10 13:57:12,438 I 7812 8068] raylet_client.cc:336: Error reporting task backlog information: IOError: 
[2022-01-10 13:57:13,439 I 7812 8068] raylet_client.cc:336: Error reporting task backlog information: IOError: 
[2022-01-10 13:57:14,439 I 7812 8068] raylet_client.cc:336: Error reporting task backlog information: IOError: 
[2022-01-10 13:57:15,439 I 7812 8068] raylet_client.cc:336: Error reporting task backlog information: IOError: 
[2022-01-10 13:57:16,439 I 7812 8068] raylet_client.cc:336: Error reporting task backlog information: IOError: 
[2022-01-10 13:57:17,439 I 7812 8068] raylet_client.cc:336: Error reporting task backlog information: IOError: 
[2022-01-10 13:57:18,440 I 7812 8068] raylet_client.cc:336: Error reporting task backlog information: IOError: 
[2022-01-10 13:57:18,650 W 7812 8070] metric_exporter.cc:206: Export metrics to agent failed: IOError: . This won't affect Ray, but you can lose metrics from the cluster.
[2022-01-10 13:57:19,440 I 7812 8068] raylet_client.cc:336: Error reporting task backlog information: IOError: 
[2022-01-10 13:57:20,440 I 7812 8068] raylet_client.cc:336: Error reporting task backlog information: IOError: 
[2022-01-10 13:57:21,440 I 7812 8068] raylet_client.cc:336: Error reporting task backlog information: IOError: 
[2022-01-10 13:57:22,441 I 7812 8068] raylet_client.cc:336: Error reporting task backlog information: IOError: 
[2022-01-10 13:57:23,441 I 7812 8068] raylet_client.cc:336: Error reporting task backlog information: IOError: 
[2022-01-10 13:57:24,441 I 7812 8068] raylet_client.cc:336: Error reporting task backlog information: IOError: 
[2022-01-10 13:57:25,441 I 7812 8068] raylet_client.cc:336: Error reporting task backlog information: IOError: 
[2022-01-10 13:57:26,442 I 7812 8068] raylet_client.cc:336: Error reporting task backlog information: IOError: 
[2022-01-10 13:57:27,442 I 7812 8068] raylet_client.cc:336: Error reporting task backlog information: IOError: 
[2022-01-10 13:57:28,442 I 7812 8068] raylet_client.cc:336: Error reporting task backlog information: IOError: 
[2022-01-10 13:57:28,664 W 7812 8070] metric_exporter.cc:206: Export metrics to agent failed: IOError: . This won't affect Ray, but you can lose metrics from the cluster.
[2022-01-10 13:57:29,442 I 7812 8068] raylet_client.cc:336: Error reporting task backlog information: IOError: 
[2022-01-10 13:57:30,443 I 7812 8068] raylet_client.cc:336: Error reporting task backlog information: IOError: 
[2022-01-10 13:57:31,443 I 7812 8068] raylet_client.cc:336: Error reporting task backlog information: IOError: 
[2022-01-10 13:57:32,443 I 7812 8068] raylet_client.cc:336: Error reporting task backlog information: IOError: 
[2022-01-10 13:57:33,444 I 7812 8068] raylet_client.cc:336: Error reporting task backlog information: IOError: 
[2022-01-10 13:57:34,444 I 7812 8068] raylet_client.cc:336: Error reporting task backlog information: IOError: 
[2022-01-10 13:57:35,444 I 7812 8068] raylet_client.cc:336: Error reporting task backlog information: IOError: 
[2022-01-10 13:57:36,445 I 7812 8068] raylet_client.cc:336: Error reporting task backlog information: IOError: 
[2022-01-10 13:57:37,445 I 7812 8068] raylet_client.cc:336: Error reporting task backlog information: IOError: 
[2022-01-10 13:57:38,445 I 7812 8068] raylet_client.cc:336: Error reporting task backlog information: IOError: 
[2022-01-10 13:57:38,679 W 7812 8070] metric_exporter.cc:206: Export metrics to agent failed: IOError: . This won't affect Ray, but you can lose metrics from the cluster.
[2022-01-10 13:57:39,339 W 7812 7958] gcs_server_address_updater.cc:61: [301] Failed to get the gcs server address from raylet 301 times in a row. If it keeps failing to obtain the address, the worker might crash. Connection status IOError: 
[2022-01-10 13:57:39,445 I 7812 8068] raylet_client.cc:336: Error reporting task backlog information: IOError: 
[2022-01-10 13:57:40,446 I 7812 8068] raylet_client.cc:336: Error reporting task backlog information: IOError: 
[2022-01-10 13:57:41,446 I 7812 8068] raylet_client.cc:336: Error reporting task backlog information: IOError: 
[2022-01-10 13:57:42,446 I 7812 8068] raylet_client.cc:336: Error reporting task backlog information: IOError: 
[2022-01-10 13:57:43,446 I 7812 8068] raylet_client.cc:336: Error reporting task backlog information: IOError: 
[2022-01-10 13:57:44,447 I 7812 8068] raylet_client.cc:336: Error reporting task backlog information: IOError: 
[2022-01-10 13:57:45,447 I 7812 8068] raylet_client.cc:336: Error reporting task backlog information: IOError: 
[2022-01-10 13:57:46,447 I 7812 8068] raylet_client.cc:336: Error reporting task backlog information: IOError: 
[2022-01-10 13:57:47,448 I 7812 8068] raylet_client.cc:336: Error reporting task backlog information: IOError: 
[2022-01-10 13:57:48,448 I 7812 8068] raylet_client.cc:336: Error reporting task backlog information: IOError: 
[2022-01-10 13:57:48,693 W 7812 8070] metric_exporter.cc:206: Export metrics to agent failed: IOError: . This won't affect Ray, but you can lose metrics from the cluster.
[2022-01-10 13:57:49,448 I 7812 8068] raylet_client.cc:336: Error reporting task backlog information: IOError: 
[2022-01-10 13:57:50,449 I 7812 8068] raylet_client.cc:336: Error reporting task backlog information: IOError: 
[2022-01-10 13:57:51,449 I 7812 8068] raylet_client.cc:336: Error reporting task backlog information: IOError: 
[2022-01-10 13:57:52,449 I 7812 8068] raylet_client.cc:336: Error reporting task backlog information: IOError: 
[2022-01-10 13:57:53,450 I 7812 8068] raylet_client.cc:336: Error reporting task backlog information: IOError: 
[2022-01-10 13:57:54,450 I 7812 8068] raylet_client.cc:336: Error reporting task backlog information: IOError: 
[2022-01-10 13:57:55,451 I 7812 8068] raylet_client.cc:336: Error reporting task backlog information: IOError: 
[2022-01-10 13:57:56,451 I 7812 8068] raylet_client.cc:336: Error reporting task backlog information: IOError: 
[2022-01-10 13:57:57,451 I 7812 8068] raylet_client.cc:336: Error reporting task backlog information: IOError: 
[2022-01-10 13:57:58,451 I 7812 8068] raylet_client.cc:336: Error reporting task backlog information: IOError: 
[2022-01-10 13:57:58,709 W 7812 8070] metric_exporter.cc:206: Export metrics to agent failed: IOError: . This won't affect Ray, but you can lose metrics from the cluster.
[2022-01-10 13:57:59,452 I 7812 8068] raylet_client.cc:336: Error reporting task backlog information: IOError: 
[2022-01-10 13:58:00,452 I 7812 8068] raylet_client.cc:336: Error reporting task backlog information: IOError: 
[2022-01-10 13:58:01,452 I 7812 8068] raylet_client.cc:336: Error reporting task backlog information: IOError: 
[2022-01-10 13:58:02,453 I 7812 8068] raylet_client.cc:336: Error reporting task backlog information: IOError: 
[2022-01-10 13:58:03,452 I 7812 8068] raylet_client.cc:336: Error reporting task backlog information: IOError: 
[2022-01-10 13:58:04,453 I 7812 8068] raylet_client.cc:336: Error reporting task backlog information: IOError: 
[2022-01-10 13:58:05,453 I 7812 8068] raylet_client.cc:336: Error reporting task backlog information: IOError: 
[2022-01-10 13:58:06,453 I 7812 8068] raylet_client.cc:336: Error reporting task backlog information: IOError: 
[2022-01-10 13:58:07,453 I 7812 8068] raylet_client.cc:336: Error reporting task backlog information: IOError: 
[2022-01-10 13:58:08,453 I 7812 8068] raylet_client.cc:336: Error reporting task backlog information: IOError: 
[2022-01-10 13:58:08,719 W 7812 8070] metric_exporter.cc:206: Export metrics to agent failed: IOError: . This won't affect Ray, but you can lose metrics from the cluster.
[2022-01-10 13:58:09,453 I 7812 8068] raylet_client.cc:336: Error reporting task backlog information: IOError: 
[2022-01-10 13:58:10,453 I 7812 8068] raylet_client.cc:336: Error reporting task backlog information: IOError: 
[2022-01-10 13:58:11,453 I 7812 8068] raylet_client.cc:336: Error reporting task backlog information: IOError: 
[2022-01-10 13:58:12,453 I 7812 8068] raylet_client.cc:336: Error reporting task backlog information: IOError: 
[2022-01-10 13:58:13,454 I 7812 8068] raylet_client.cc:336: Error reporting task backlog information: IOError: 
[2022-01-10 13:58:14,454 I 7812 8068] raylet_client.cc:336: Error reporting task backlog information: IOError: 
[2022-01-10 13:58:15,454 I 7812 8068] raylet_client.cc:336: Error reporting task backlog information: IOError: 
[2022-01-10 13:58:16,455 I 7812 8068] raylet_client.cc:336: Error reporting task backlog information: IOError: 
[2022-01-10 13:58:17,455 I 7812 8068] raylet_client.cc:336: Error reporting task backlog information: IOError: 
[2022-01-10 13:58:18,455 I 7812 8068] raylet_client.cc:336: Error reporting task backlog information: IOError: 
[2022-01-10 13:58:18,732 W 7812 8070] metric_exporter.cc:206: Export metrics to agent failed: IOError: . This won't affect Ray, but you can lose metrics from the cluster.
[2022-01-10 13:58:19,456 I 7812 8068] raylet_client.cc:336: Error reporting task backlog information: IOError: 
[2022-01-10 13:58:20,456 I 7812 8068] raylet_client.cc:336: Error reporting task backlog information: IOError: 
[2022-01-10 13:58:21,456 I 7812 8068] raylet_client.cc:336: Error reporting task backlog information: IOError: 
[2022-01-10 13:58:22,456 I 7812 8068] raylet_client.cc:336: Error reporting task backlog information: IOError: 
[2022-01-10 13:58:23,457 I 7812 8068] raylet_client.cc:336: Error reporting task backlog information: IOError: 
[2022-01-10 13:58:24,457 I 7812 8068] raylet_client.cc:336: Error reporting task backlog information: IOError: 
[2022-01-10 13:58:25,457 I 7812 8068] raylet_client.cc:336: Error reporting task backlog information: IOError: 
[2022-01-10 13:58:26,458 I 7812 8068] raylet_client.cc:336: Error reporting task backlog information: IOError: 
[2022-01-10 13:58:27,458 I 7812 8068] raylet_client.cc:336: Error reporting task backlog information: IOError: 
[2022-01-10 13:58:28,458 I 7812 8068] raylet_client.cc:336: Error reporting task backlog information: IOError: 
[2022-01-10 13:58:28,746 W 7812 8070] metric_exporter.cc:206: Export metrics to agent failed: IOError: . This won't affect Ray, but you can lose metrics from the cluster.
[2022-01-10 13:58:29,459 I 7812 8068] raylet_client.cc:336: Error reporting task backlog information: IOError: 
[2022-01-10 13:58:30,459 I 7812 8068] raylet_client.cc:336: Error reporting task backlog information: IOError: 
[2022-01-10 13:58:31,459 I 7812 8068] raylet_client.cc:336: Error reporting task backlog information: IOError: 
[2022-01-10 13:58:32,460 I 7812 8068] raylet_client.cc:336: Error reporting task backlog information: IOError: 
[2022-01-10 13:58:33,460 I 7812 8068] raylet_client.cc:336: Error reporting task backlog information: IOError: 
[2022-01-10 13:58:34,460 I 7812 8068] raylet_client.cc:336: Error reporting task backlog information: IOError: 
[2022-01-10 13:58:35,460 I 7812 8068] raylet_client.cc:336: Error reporting task backlog information: IOError: 
[2022-01-10 13:58:36,461 I 7812 8068] raylet_client.cc:336: Error reporting task backlog information: IOError: 
[2022-01-10 13:58:37,461 I 7812 8068] raylet_client.cc:336: Error reporting task backlog information: IOError: 
[2022-01-10 13:58:38,462 I 7812 8068] raylet_client.cc:336: Error reporting task backlog information: IOError: 
[2022-01-10 13:58:38,760 W 7812 8070] metric_exporter.cc:206: Export metrics to agent failed: IOError: . This won't affect Ray, but you can lose metrics from the cluster.
[2022-01-10 13:58:39,462 I 7812 8068] raylet_client.cc:336: Error reporting task backlog information: IOError: 
[2022-01-10 13:58:40,462 I 7812 8068] raylet_client.cc:336: Error reporting task backlog information: IOError: 
[2022-01-10 13:58:41,462 I 7812 8068] raylet_client.cc:336: Error reporting task backlog information: IOError: 
[2022-01-10 13:58:42,463 I 7812 8068] raylet_client.cc:336: Error reporting task backlog information: IOError: 
[2022-01-10 13:58:43,463 I 7812 8068] raylet_client.cc:336: Error reporting task backlog information: IOError: 
[2022-01-10 13:58:44,464 I 7812 8068] raylet_client.cc:336: Error reporting task backlog information: IOError: 
[2022-01-10 13:58:45,464 I 7812 8068] raylet_client.cc:336: Error reporting task backlog information: IOError: 
[2022-01-10 13:58:46,464 I 7812 8068] raylet_client.cc:336: Error reporting task backlog information: IOError: 
[2022-01-10 13:58:47,464 I 7812 8068] raylet_client.cc:336: Error reporting task backlog information: IOError: 
[2022-01-10 13:58:48,465 I 7812 8068] raylet_client.cc:336: Error reporting task backlog information: IOError: 
[2022-01-10 13:58:48,773 W 7812 8070] metric_exporter.cc:206: Export metrics to agent failed: IOError: . This won't affect Ray, but you can lose metrics from the cluster.
[2022-01-10 13:58:49,465 I 7812 8068] raylet_client.cc:336: Error reporting task backlog information: IOError: 
[2022-01-10 13:58:50,465 I 7812 8068] raylet_client.cc:336: Error reporting task backlog information: IOError: 
[2022-01-10 13:58:51,466 I 7812 8068] raylet_client.cc:336: Error reporting task backlog information: IOError: 
[2022-01-10 13:58:52,466 I 7812 8068] raylet_client.cc:336: Error reporting task backlog information: IOError: 
[2022-01-10 13:58:53,466 I 7812 8068] raylet_client.cc:336: Error reporting task backlog information: IOError: 
[2022-01-10 13:58:54,467 I 7812 8068] raylet_client.cc:336: Error reporting task backlog information: IOError: 
[2022-01-10 13:58:55,467 I 7812 8068] raylet_client.cc:336: Error reporting task backlog information: IOError: 
[2022-01-10 13:58:56,468 I 7812 8068] raylet_client.cc:336: Error reporting task backlog information: IOError: 
[2022-01-10 13:58:57,468 I 7812 8068] raylet_client.cc:336: Error reporting task backlog information: IOError: 
[2022-01-10 13:58:58,468 I 7812 8068] raylet_client.cc:336: Error reporting task backlog information: IOError: 
[2022-01-10 13:58:58,787 W 7812 8070] metric_exporter.cc:206: Export metrics to agent failed: IOError: . This won't affect Ray, but you can lose metrics from the cluster.
[2022-01-10 13:58:59,468 I 7812 8068] raylet_client.cc:336: Error reporting task backlog information: IOError: 
[2022-01-10 13:59:00,469 I 7812 8068] raylet_client.cc:336: Error reporting task backlog information: IOError: 
[2022-01-10 13:59:01,469 I 7812 8068] raylet_client.cc:336: Error reporting task backlog information: IOError: 
[2022-01-10 13:59:02,469 I 7812 8068] raylet_client.cc:336: Error reporting task backlog information: IOError: 
[2022-01-10 13:59:03,469 I 7812 8068] raylet_client.cc:336: Error reporting task backlog information: IOError: 
[2022-01-10 13:59:04,470 I 7812 8068] raylet_client.cc:336: Error reporting task backlog information: IOError: 
[2022-01-10 13:59:05,470 I 7812 8068] raylet_client.cc:336: Error reporting task backlog information: IOError: 
[2022-01-10 13:59:06,470 I 7812 8068] raylet_client.cc:336: Error reporting task backlog information: IOError: 
[2022-01-10 13:59:07,470 I 7812 8068] raylet_client.cc:336: Error reporting task backlog information: IOError: 
[2022-01-10 13:59:08,470 I 7812 8068] raylet_client.cc:336: Error reporting task backlog information: IOError: 
[2022-01-10 13:59:08,802 W 7812 8070] metric_exporter.cc:206: Export metrics to agent failed: IOError: . This won't affect Ray, but you can lose metrics from the cluster.
[2022-01-10 13:59:09,471 I 7812 8068] raylet_client.cc:336: Error reporting task backlog information: IOError: 
[2022-01-10 13:59:10,471 I 7812 8068] raylet_client.cc:336: Error reporting task backlog information: IOError: 
[2022-01-10 13:59:11,472 I 7812 8068] raylet_client.cc:336: Error reporting task backlog information: IOError: 
[2022-01-10 13:59:12,472 I 7812 8068] raylet_client.cc:336: Error reporting task backlog information: IOError: 
[2022-01-10 13:59:13,472 I 7812 8068] raylet_client.cc:336: Error reporting task backlog information: IOError: 
[2022-01-10 13:59:14,472 I 7812 8068] raylet_client.cc:336: Error reporting task backlog information: IOError: 
[2022-01-10 13:59:15,472 I 7812 8068] raylet_client.cc:336: Error reporting task backlog information: IOError: 
[2022-01-10 13:59:16,473 I 7812 8068] raylet_client.cc:336: Error reporting task backlog information: IOError: 
[2022-01-10 13:59:17,473 I 7812 8068] raylet_client.cc:336: Error reporting task backlog information: IOError: 
[2022-01-10 13:59:18,473 I 7812 8068] raylet_client.cc:336: Error reporting task backlog information: IOError: 
[2022-01-10 13:59:18,817 W 7812 8070] metric_exporter.cc:206: Export metrics to agent failed: IOError: . This won't affect Ray, but you can lose metrics from the cluster.
[2022-01-10 13:59:19,474 I 7812 8068] raylet_client.cc:336: Error reporting task backlog information: IOError: 
[2022-01-10 13:59:20,474 I 7812 8068] raylet_client.cc:336: Error reporting task backlog information: IOError: 
[2022-01-10 13:59:21,475 I 7812 8068] raylet_client.cc:336: Error reporting task backlog information: IOError: 
[2022-01-10 13:59:22,475 I 7812 8068] raylet_client.cc:336: Error reporting task backlog information: IOError: 
[2022-01-10 13:59:23,475 I 7812 8068] raylet_client.cc:336: Error reporting task backlog information: IOError: 
[2022-01-10 13:59:24,475 I 7812 8068] raylet_client.cc:336: Error reporting task backlog information: IOError: 
[2022-01-10 13:59:25,476 I 7812 8068] raylet_client.cc:336: Error reporting task backlog information: IOError: 
[2022-01-10 13:59:26,476 I 7812 8068] raylet_client.cc:336: Error reporting task backlog information: IOError: 
[2022-01-10 13:59:27,476 I 7812 8068] raylet_client.cc:336: Error reporting task backlog information: IOError: 
[2022-01-10 13:59:28,477 I 7812 8068] raylet_client.cc:336: Error reporting task backlog information: IOError: 
[2022-01-10 13:59:28,833 W 7812 8070] metric_exporter.cc:206: Export metrics to agent failed: IOError: . This won't affect Ray, but you can lose metrics from the cluster.
[2022-01-10 13:59:29,477 I 7812 8068] raylet_client.cc:336: Error reporting task backlog information: IOError: 
[2022-01-10 13:59:30,477 I 7812 8068] raylet_client.cc:336: Error reporting task backlog information: IOError: 
[2022-01-10 13:59:31,478 I 7812 8068] raylet_client.cc:336: Error reporting task backlog information: IOError: 
[2022-01-10 13:59:32,478 I 7812 8068] raylet_client.cc:336: Error reporting task backlog information: IOError: 
[2022-01-10 13:59:33,478 I 7812 8068] raylet_client.cc:336: Error reporting task backlog information: IOError: 
[2022-01-10 13:59:34,479 I 7812 8068] raylet_client.cc:336: Error reporting task backlog information: IOError: 
[2022-01-10 13:59:35,479 I 7812 8068] raylet_client.cc:336: Error reporting task backlog information: IOError: 
[2022-01-10 13:59:36,479 I 7812 8068] raylet_client.cc:336: Error reporting task backlog information: IOError: 
[2022-01-10 13:59:37,480 I 7812 8068] raylet_client.cc:336: Error reporting task backlog information: IOError: 
[2022-01-10 13:59:38,480 I 7812 8068] raylet_client.cc:336: Error reporting task backlog information: IOError: 
[2022-01-10 13:59:38,847 W 7812 8070] metric_exporter.cc:206: Export metrics to agent failed: IOError: . This won't affect Ray, but you can lose metrics from the cluster.
[2022-01-10 13:59:39,480 I 7812 8068] raylet_client.cc:336: Error reporting task backlog information: IOError: 
[2022-01-10 13:59:40,481 I 7812 8068] raylet_client.cc:336: Error reporting task backlog information: IOError: 
[2022-01-10 13:59:41,481 I 7812 8068] raylet_client.cc:336: Error reporting task backlog information: IOError: 
[2022-01-10 13:59:42,481 I 7812 8068] raylet_client.cc:336: Error reporting task backlog information: IOError: 
[2022-01-10 13:59:43,482 I 7812 8068] raylet_client.cc:336: Error reporting task backlog information: IOError: 
[2022-01-10 13:59:44,482 I 7812 8068] raylet_client.cc:336: Error reporting task backlog information: IOError: 
[2022-01-10 13:59:45,483 I 7812 8068] raylet_client.cc:336: Error reporting task backlog information: IOError: 
[2022-01-10 13:59:46,483 I 7812 8068] raylet_client.cc:336: Error reporting task backlog information: IOError: 
[2022-01-10 13:59:47,483 I 7812 8068] raylet_client.cc:336: Error reporting task backlog information: IOError: 
[2022-01-10 13:59:48,483 I 7812 8068] raylet_client.cc:336: Error reporting task backlog information: IOError: 
[2022-01-10 13:59:48,862 W 7812 8070] metric_exporter.cc:206: Export metrics to agent failed: IOError: . This won't affect Ray, but you can lose metrics from the cluster.
[2022-01-10 13:59:49,484 I 7812 8068] raylet_client.cc:336: Error reporting task backlog information: IOError: 
[2022-01-10 13:59:50,484 I 7812 8068] raylet_client.cc:336: Error reporting task backlog information: IOError: 
[2022-01-10 13:59:51,484 I 7812 8068] raylet_client.cc:336: Error reporting task backlog information: IOError: 
[2022-01-10 13:59:52,484 I 7812 8068] raylet_client.cc:336: Error reporting task backlog information: IOError: 
[2022-01-10 13:59:53,484 I 7812 8068] raylet_client.cc:336: Error reporting task backlog information: IOError: 
[2022-01-10 13:59:54,484 I 7812 8068] raylet_client.cc:336: Error reporting task backlog information: IOError: 
[2022-01-10 13:59:55,484 I 7812 8068] raylet_client.cc:336: Error reporting task backlog information: IOError: 
[2022-01-10 13:59:56,484 I 7812 8068] raylet_client.cc:336: Error reporting task backlog information: IOError: 
[2022-01-10 13:59:57,485 I 7812 8068] raylet_client.cc:336: Error reporting task backlog information: IOError: 
[2022-01-10 13:59:58,485 I 7812 8068] raylet_client.cc:336: Error reporting task backlog information: IOError: 
[2022-01-10 13:59:58,870 W 7812 8070] metric_exporter.cc:206: Export metrics to agent failed: IOError: . This won't affect Ray, but you can lose metrics from the cluster.
[2022-01-10 13:59:59,485 I 7812 8068] raylet_client.cc:336: Error reporting task backlog information: IOError: 
[2022-01-10 14:00:00,485 I 7812 8068] raylet_client.cc:336: Error reporting task backlog information: IOError: 
[2022-01-10 14:00:01,485 I 7812 8068] raylet_client.cc:336: Error reporting task backlog information: IOError: 
[2022-01-10 14:00:02,485 I 7812 8068] raylet_client.cc:336: Error reporting task backlog information: IOError: 
[2022-01-10 14:00:03,485 I 7812 8068] raylet_client.cc:336: Error reporting task backlog information: IOError: 
[2022-01-10 14:00:04,486 I 7812 8068] raylet_client.cc:336: Error reporting task backlog information: IOError: 
[2022-01-10 14:00:05,486 I 7812 8068] raylet_client.cc:336: Error reporting task backlog information: IOError: 
[2022-01-10 14:00:06,486 I 7812 8068] raylet_client.cc:336: Error reporting task backlog information: IOError: 
[2022-01-10 14:00:07,486 I 7812 8068] raylet_client.cc:336: Error reporting task backlog information: IOError: 
[2022-01-10 14:00:08,486 I 7812 8068] raylet_client.cc:336: Error reporting task backlog information: IOError: 
[2022-01-10 14:00:08,885 W 7812 8070] metric_exporter.cc:206: Export metrics to agent failed: IOError: . This won't affect Ray, but you can lose metrics from the cluster.
[2022-01-10 14:00:09,487 I 7812 8068] raylet_client.cc:336: Error reporting task backlog information: IOError: 
[2022-01-10 14:00:10,487 I 7812 8068] raylet_client.cc:336: Error reporting task backlog information: IOError: 
[2022-01-10 14:00:11,487 I 7812 8068] raylet_client.cc:336: Error reporting task backlog information: IOError: 
[2022-01-10 14:00:12,487 I 7812 8068] raylet_client.cc:336: Error reporting task backlog information: IOError: 
[2022-01-10 14:00:13,488 I 7812 8068] raylet_client.cc:336: Error reporting task backlog information: IOError: 
[2022-01-10 14:00:14,488 I 7812 8068] raylet_client.cc:336: Error reporting task backlog information: IOError: 
[2022-01-10 14:00:15,488 I 7812 8068] raylet_client.cc:336: Error reporting task backlog information: IOError: 
[2022-01-10 14:00:16,488 I 7812 8068] raylet_client.cc:336: Error reporting task backlog information: IOError: 
[2022-01-10 14:00:17,489 I 7812 8068] raylet_client.cc:336: Error reporting task backlog information: IOError: 
[2022-01-10 14:00:18,489 I 7812 8068] raylet_client.cc:336: Error reporting task backlog information: IOError: 
[2022-01-10 14:00:18,900 W 7812 8070] metric_exporter.cc:206: Export metrics to agent failed: IOError: . This won't affect Ray, but you can lose metrics from the cluster.
[2022-01-10 14:00:19,489 I 7812 8068] raylet_client.cc:336: Error reporting task backlog information: IOError: 
[2022-01-10 14:00:20,490 I 7812 8068] raylet_client.cc:336: Error reporting task backlog information: IOError: 
[2022-01-10 14:00:21,490 I 7812 8068] raylet_client.cc:336: Error reporting task backlog information: IOError: 
[2022-01-10 14:00:22,490 I 7812 8068] raylet_client.cc:336: Error reporting task backlog information: IOError: 
[2022-01-10 14:00:23,490 I 7812 8068] raylet_client.cc:336: Error reporting task backlog information: IOError: 
[2022-01-10 14:00:24,491 I 7812 8068] raylet_client.cc:336: Error reporting task backlog information: IOError: 
[2022-01-10 14:00:25,492 I 7812 8068] raylet_client.cc:336: Error reporting task backlog information: IOError: 
[2022-01-10 14:00:26,492 I 7812 8068] raylet_client.cc:336: Error reporting task backlog information: IOError: 
[2022-01-10 14:00:27,492 I 7812 8068] raylet_client.cc:336: Error reporting task backlog information: IOError: 
[2022-01-10 14:00:28,492 I 7812 8068] raylet_client.cc:336: Error reporting task backlog information: IOError: 
[2022-01-10 14:00:28,916 W 7812 8070] metric_exporter.cc:206: Export metrics to agent failed: IOError: . This won't affect Ray, but you can lose metrics from the cluster.
[2022-01-10 14:00:29,493 I 7812 8068] raylet_client.cc:336: Error reporting task backlog information: IOError: 
[2022-01-10 14:00:30,493 I 7812 8068] raylet_client.cc:336: Error reporting task backlog information: IOError: 
[2022-01-10 14:00:31,493 I 7812 8068] raylet_client.cc:336: Error reporting task backlog information: IOError: 
[2022-01-10 14:00:32,494 I 7812 8068] raylet_client.cc:336: Error reporting task backlog information: IOError: 
[2022-01-10 14:00:33,494 I 7812 8068] raylet_client.cc:336: Error reporting task backlog information: IOError: 
[2022-01-10 14:00:34,494 I 7812 8068] raylet_client.cc:336: Error reporting task backlog information: IOError: 
[2022-01-10 14:00:35,494 I 7812 8068] raylet_client.cc:336: Error reporting task backlog information: IOError: 
[2022-01-10 14:00:36,494 I 7812 8068] raylet_client.cc:336: Error reporting task backlog information: IOError: 
[2022-01-10 14:00:37,494 I 7812 8068] raylet_client.cc:336: Error reporting task backlog information: IOError: 
[2022-01-10 14:00:38,495 I 7812 8068] raylet_client.cc:336: Error reporting task backlog information: IOError: 
[2022-01-10 14:00:38,926 W 7812 8070] metric_exporter.cc:206: Export metrics to agent failed: IOError: . This won't affect Ray, but you can lose metrics from the cluster.
[2022-01-10 14:00:39,495 I 7812 8068] raylet_client.cc:336: Error reporting task backlog information: IOError: 
[2022-01-10 14:00:40,495 I 7812 8068] raylet_client.cc:336: Error reporting task backlog information: IOError: 
[2022-01-10 14:00:41,495 I 7812 8068] raylet_client.cc:336: Error reporting task backlog information: IOError: 
[2022-01-10 14:00:42,496 I 7812 8068] raylet_client.cc:336: Error reporting task backlog information: IOError: 
[2022-01-10 14:00:43,496 I 7812 8068] raylet_client.cc:336: Error reporting task backlog information: IOError: 
[2022-01-10 14:00:44,496 I 7812 8068] raylet_client.cc:336: Error reporting task backlog information: IOError: 
[2022-01-10 14:00:45,496 I 7812 8068] raylet_client.cc:336: Error reporting task backlog information: IOError: 
[2022-01-10 14:00:46,497 I 7812 8068] raylet_client.cc:336: Error reporting task backlog information: IOError: 
[2022-01-10 14:00:47,497 I 7812 8068] raylet_client.cc:336: Error reporting task backlog information: IOError: 
[2022-01-10 14:00:48,497 I 7812 8068] raylet_client.cc:336: Error reporting task backlog information: IOError: 
[2022-01-10 14:00:48,942 W 7812 8070] metric_exporter.cc:206: Export metrics to agent failed: IOError: . This won't affect Ray, but you can lose metrics from the cluster.
[2022-01-10 14:00:49,498 I 7812 8068] raylet_client.cc:336: Error reporting task backlog information: IOError: 
[2022-01-10 14:00:50,498 I 7812 8068] raylet_client.cc:336: Error reporting task backlog information: IOError: 
[2022-01-10 14:00:51,499 I 7812 8068] raylet_client.cc:336: Error reporting task backlog information: IOError: 
[2022-01-10 14:00:52,499 I 7812 8068] raylet_client.cc:336: Error reporting task backlog information: IOError: 
[2022-01-10 14:00:53,499 I 7812 8068] raylet_client.cc:336: Error reporting task backlog information: IOError: 
[2022-01-10 14:00:54,500 I 7812 8068] raylet_client.cc:336: Error reporting task backlog information: IOError: 
[2022-01-10 14:00:55,500 I 7812 8068] raylet_client.cc:336: Error reporting task backlog information: IOError: 
[2022-01-10 14:00:56,500 I 7812 8068] raylet_client.cc:336: Error reporting task backlog information: IOError: 
[2022-01-10 14:00:57,500 I 7812 8068] raylet_client.cc:336: Error reporting task backlog information: IOError: 
[2022-01-10 14:00:58,501 I 7812 8068] raylet_client.cc:336: Error reporting task backlog information: IOError: 
[2022-01-10 14:00:58,957 W 7812 8070] metric_exporter.cc:206: Export metrics to agent failed: IOError: . This won't affect Ray, but you can lose metrics from the cluster.
[2022-01-10 14:00:59,501 I 7812 8068] raylet_client.cc:336: Error reporting task backlog information: IOError: 
[2022-01-10 14:01:00,501 I 7812 8068] raylet_client.cc:336: Error reporting task backlog information: IOError: 
[2022-01-10 14:01:01,501 I 7812 8068] raylet_client.cc:336: Error reporting task backlog information: IOError: 
[2022-01-10 14:01:02,502 I 7812 8068] raylet_client.cc:336: Error reporting task backlog information: IOError: 
[2022-01-10 14:01:03,502 I 7812 8068] raylet_client.cc:336: Error reporting task backlog information: IOError: 
[2022-01-10 14:01:04,502 I 7812 8068] raylet_client.cc:336: Error reporting task backlog information: IOError: 
[2022-01-10 14:01:05,502 I 7812 8068] raylet_client.cc:336: Error reporting task backlog information: IOError: 
[2022-01-10 14:01:06,502 I 7812 8068] raylet_client.cc:336: Error reporting task backlog information: IOError: 
[2022-01-10 14:01:07,502 I 7812 8068] raylet_client.cc:336: Error reporting task backlog information: IOError: 
[2022-01-10 14:01:08,502 I 7812 8068] raylet_client.cc:336: Error reporting task backlog information: IOError: 
[2022-01-10 14:01:08,968 W 7812 8070] metric_exporter.cc:206: Export metrics to agent failed: IOError: . This won't affect Ray, but you can lose metrics from the cluster.
[2022-01-10 14:01:09,502 I 7812 8068] raylet_client.cc:336: Error reporting task backlog information: IOError: 
[2022-01-10 14:01:10,503 I 7812 8068] raylet_client.cc:336: Error reporting task backlog information: IOError: 
[2022-01-10 14:01:11,503 I 7812 8068] raylet_client.cc:336: Error reporting task backlog information: IOError: 
[2022-01-10 14:01:12,503 I 7812 8068] raylet_client.cc:336: Error reporting task backlog information: IOError: 
[2022-01-10 14:01:13,503 I 7812 8068] raylet_client.cc:336: Error reporting task backlog information: IOError: 
[2022-01-10 14:01:14,503 I 7812 8068] raylet_client.cc:336: Error reporting task backlog information: IOError: 
[2022-01-10 14:01:15,503 I 7812 8068] raylet_client.cc:336: Error reporting task backlog information: IOError: 
[2022-01-10 14:01:16,503 I 7812 8068] raylet_client.cc:336: Error reporting task backlog information: IOError: 
[2022-01-10 14:01:17,504 I 7812 8068] raylet_client.cc:336: Error reporting task backlog information: IOError: 
[2022-01-10 14:01:18,504 I 7812 8068] raylet_client.cc:336: Error reporting task backlog information: IOError: 
[2022-01-10 14:01:18,978 W 7812 8070] metric_exporter.cc:206: Export metrics to agent failed: IOError: . This won't affect Ray, but you can lose metrics from the cluster.
[2022-01-10 14:01:19,504 I 7812 8068] raylet_client.cc:336: Error reporting task backlog information: IOError: 
[2022-01-10 14:01:20,504 I 7812 8068] raylet_client.cc:336: Error reporting task backlog information: IOError: 
[2022-01-10 14:01:21,505 I 7812 8068] raylet_client.cc:336: Error reporting task backlog information: IOError: 
[2022-01-10 14:01:22,505 I 7812 8068] raylet_client.cc:336: Error reporting task backlog information: IOError: 
[2022-01-10 14:01:23,506 I 7812 8068] raylet_client.cc:336: Error reporting task backlog information: IOError: 
[2022-01-10 14:01:24,506 I 7812 8068] raylet_client.cc:336: Error reporting task backlog information: IOError: 
[2022-01-10 14:01:25,506 I 7812 8068] raylet_client.cc:336: Error reporting task backlog information: IOError: 
[2022-01-10 14:01:26,507 I 7812 8068] raylet_client.cc:336: Error reporting task backlog information: IOError: 
[2022-01-10 14:01:27,507 I 7812 8068] raylet_client.cc:336: Error reporting task backlog information: IOError: 
[2022-01-10 14:01:28,507 I 7812 8068] raylet_client.cc:336: Error reporting task backlog information: IOError: 
[2022-01-10 14:01:28,992 W 7812 8070] metric_exporter.cc:206: Export metrics to agent failed: IOError: . This won't affect Ray, but you can lose metrics from the cluster.
[2022-01-10 14:01:29,507 I 7812 8068] raylet_client.cc:336: Error reporting task backlog information: IOError: 
[2022-01-10 14:01:30,508 I 7812 8068] raylet_client.cc:336: Error reporting task backlog information: IOError: 
[2022-01-10 14:01:31,508 I 7812 8068] raylet_client.cc:336: Error reporting task backlog information: IOError: 
[2022-01-10 14:01:32,508 I 7812 8068] raylet_client.cc:336: Error reporting task backlog information: IOError: 
[2022-01-10 14:01:33,508 I 7812 8068] raylet_client.cc:336: Error reporting task backlog information: IOError: 
[2022-01-10 14:01:34,509 I 7812 8068] raylet_client.cc:336: Error reporting task backlog information: IOError: 
[2022-01-10 14:01:35,509 I 7812 8068] raylet_client.cc:336: Error reporting task backlog information: IOError: 
[2022-01-10 14:01:36,509 I 7812 8068] raylet_client.cc:336: Error reporting task backlog information: IOError: 
[2022-01-10 14:01:37,509 I 7812 8068] raylet_client.cc:336: Error reporting task backlog information: IOError: 
[2022-01-10 14:01:38,510 I 7812 8068] raylet_client.cc:336: Error reporting task backlog information: IOError: 
[2022-01-10 14:01:39,005 W 7812 8070] metric_exporter.cc:206: Export metrics to agent failed: IOError: . This won't affect Ray, but you can lose metrics from the cluster.
[2022-01-10 14:01:39,510 I 7812 8068] raylet_client.cc:336: Error reporting task backlog information: IOError: 
[2022-01-10 14:01:40,510 I 7812 8068] raylet_client.cc:336: Error reporting task backlog information: IOError: 
[2022-01-10 14:01:41,510 I 7812 8068] raylet_client.cc:336: Error reporting task backlog information: IOError: 
[2022-01-10 14:01:42,510 I 7812 8068] raylet_client.cc:336: Error reporting task backlog information: IOError: 
[2022-01-10 14:01:43,511 I 7812 8068] raylet_client.cc:336: Error reporting task backlog information: IOError: 
[2022-01-10 14:01:44,511 I 7812 8068] raylet_client.cc:336: Error reporting task backlog information: IOError: 
[2022-01-10 14:01:45,511 I 7812 8068] raylet_client.cc:336: Error reporting task backlog information: IOError: 
[2022-01-10 14:01:46,511 I 7812 8068] raylet_client.cc:336: Error reporting task backlog information: IOError: 
[2022-01-10 14:01:47,511 I 7812 8068] raylet_client.cc:336: Error reporting task backlog information: IOError: 
[2022-01-10 14:01:48,511 I 7812 8068] raylet_client.cc:336: Error reporting task backlog information: IOError: 
[2022-01-10 14:01:49,016 W 7812 8070] metric_exporter.cc:206: Export metrics to agent failed: IOError: . This won't affect Ray, but you can lose metrics from the cluster.
[2022-01-10 14:01:49,511 I 7812 8068] raylet_client.cc:336: Error reporting task backlog information: IOError: 
[2022-01-10 14:01:50,512 I 7812 8068] raylet_client.cc:336: Error reporting task backlog information: IOError: 
[2022-01-10 14:01:51,512 I 7812 8068] raylet_client.cc:336: Error reporting task backlog information: IOError: 
[2022-01-10 14:01:52,512 I 7812 8068] raylet_client.cc:336: Error reporting task backlog information: IOError: 
[2022-01-10 14:01:53,512 I 7812 8068] raylet_client.cc:336: Error reporting task backlog information: IOError: 
[2022-01-10 14:01:54,512 I 7812 8068] raylet_client.cc:336: Error reporting task backlog information: IOError: 
[2022-01-10 14:01:55,512 I 7812 8068] raylet_client.cc:336: Error reporting task backlog information: IOError: 
[2022-01-10 14:01:56,512 I 7812 8068] raylet_client.cc:336: Error reporting task backlog information: IOError: 
[2022-01-10 14:01:57,512 I 7812 8068] raylet_client.cc:336: Error reporting task backlog information: IOError: 
[2022-01-10 14:01:58,512 I 7812 8068] raylet_client.cc:336: Error reporting task backlog information: IOError: 
[2022-01-10 14:01:59,023 W 7812 8070] metric_exporter.cc:206: Export metrics to agent failed: IOError: . This won't affect Ray, but you can lose metrics from the cluster.
[2022-01-10 14:01:59,512 I 7812 8068] raylet_client.cc:336: Error reporting task backlog information: IOError: 
[2022-01-10 14:02:00,512 I 7812 8068] raylet_client.cc:336: Error reporting task backlog information: IOError: 
[2022-01-10 14:02:01,512 I 7812 8068] raylet_client.cc:336: Error reporting task backlog information: IOError: 
[2022-01-10 14:02:02,512 I 7812 8068] raylet_client.cc:336: Error reporting task backlog information: IOError: 
[2022-01-10 14:02:03,513 I 7812 8068] raylet_client.cc:336: Error reporting task backlog information: IOError: 
[2022-01-10 14:02:04,513 I 7812 8068] raylet_client.cc:336: Error reporting task backlog information: IOError: 
[2022-01-10 14:02:05,513 I 7812 8068] raylet_client.cc:336: Error reporting task backlog information: IOError: 
[2022-01-10 14:02:06,513 I 7812 8068] raylet_client.cc:336: Error reporting task backlog information: IOError: 
[2022-01-10 14:02:07,513 I 7812 8068] raylet_client.cc:336: Error reporting task backlog information: IOError: 
[2022-01-10 14:02:08,513 I 7812 8068] raylet_client.cc:336: Error reporting task backlog information: IOError: 
[2022-01-10 14:02:09,030 W 7812 8070] metric_exporter.cc:206: Export metrics to agent failed: IOError: . This won't affect Ray, but you can lose metrics from the cluster.
[2022-01-10 14:02:09,513 I 7812 8068] raylet_client.cc:336: Error reporting task backlog information: IOError: 
[2022-01-10 14:02:10,513 I 7812 8068] raylet_client.cc:336: Error reporting task backlog information: IOError: 
[2022-01-10 14:02:11,513 I 7812 8068] raylet_client.cc:336: Error reporting task backlog information: IOError: 
[2022-01-10 14:02:12,513 I 7812 8068] raylet_client.cc:336: Error reporting task backlog information: IOError: 
[2022-01-10 14:02:13,513 I 7812 8068] raylet_client.cc:336: Error reporting task backlog information: IOError: 
[2022-01-10 14:02:14,513 I 7812 8068] raylet_client.cc:336: Error reporting task backlog information: IOError: 
[2022-01-10 14:02:15,513 I 7812 8068] raylet_client.cc:336: Error reporting task backlog information: IOError: 
[2022-01-10 14:02:16,514 I 7812 8068] raylet_client.cc:336: Error reporting task backlog information: IOError: 
[2022-01-10 14:02:17,514 I 7812 8068] raylet_client.cc:336: Error reporting task backlog information: IOError: 
[2022-01-10 14:02:18,514 I 7812 8068] raylet_client.cc:336: Error reporting task backlog information: IOError: 
[2022-01-10 14:02:19,037 W 7812 8070] metric_exporter.cc:206: Export metrics to agent failed: IOError: . This won't affect Ray, but you can lose metrics from the cluster.
[2022-01-10 14:02:19,514 I 7812 8068] raylet_client.cc:336: Error reporting task backlog information: IOError: 
[2022-01-10 14:02:20,514 I 7812 8068] raylet_client.cc:336: Error reporting task backlog information: IOError: 
[2022-01-10 14:02:21,514 I 7812 8068] raylet_client.cc:336: Error reporting task backlog information: IOError: 
[2022-01-10 14:02:22,514 I 7812 8068] raylet_client.cc:336: Error reporting task backlog information: IOError: 
[2022-01-10 14:02:23,514 I 7812 8068] raylet_client.cc:336: Error reporting task backlog information: IOError: 
[2022-01-10 14:02:24,514 I 7812 8068] raylet_client.cc:336: Error reporting task backlog information: IOError: 
[2022-01-10 14:02:25,514 I 7812 8068] raylet_client.cc:336: Error reporting task backlog information: IOError: 
[2022-01-10 14:02:26,515 I 7812 8068] raylet_client.cc:336: Error reporting task backlog information: IOError: 
[2022-01-10 14:02:27,515 I 7812 8068] raylet_client.cc:336: Error reporting task backlog information: IOError: 
[2022-01-10 14:02:28,515 I 7812 8068] raylet_client.cc:336: Error reporting task backlog information: IOError: 
[2022-01-10 14:02:29,045 W 7812 8070] metric_exporter.cc:206: Export metrics to agent failed: IOError: . This won't affect Ray, but you can lose metrics from the cluster.
[2022-01-10 14:02:29,515 I 7812 8068] raylet_client.cc:336: Error reporting task backlog information: IOError: 
[2022-01-10 14:02:30,515 I 7812 8068] raylet_client.cc:336: Error reporting task backlog information: IOError: 
[2022-01-10 14:02:31,515 I 7812 8068] raylet_client.cc:336: Error reporting task backlog information: IOError: 
[2022-01-10 14:02:32,515 I 7812 8068] raylet_client.cc:336: Error reporting task backlog information: IOError: 
[2022-01-10 14:02:33,515 I 7812 8068] raylet_client.cc:336: Error reporting task backlog information: IOError: 
[2022-01-10 14:02:34,515 I 7812 8068] raylet_client.cc:336: Error reporting task backlog information: IOError: 
[2022-01-10 14:02:35,515 I 7812 8068] raylet_client.cc:336: Error reporting task backlog information: IOError: 
[2022-01-10 14:02:36,515 I 7812 8068] raylet_client.cc:336: Error reporting task backlog information: IOError: 
[2022-01-10 14:02:37,515 I 7812 8068] raylet_client.cc:336: Error reporting task backlog information: IOError: 
[2022-01-10 14:02:38,407 E 7812 7958] gcs_server_address_updater.cc:76: Failed to receive the GCS address for 600 times without success. The worker will exit ungracefully. It is because GCS has died. It could be because there was an issue that kills GCS, such as high memory usage triggering OOM killer to kill GCS. Cluster will be highly likely unavailable if you see this log. Please check the log from gcs_server.err.
