[2022-01-12 10:28:14,367 I 147391 147391] core_worker.cc:132: Constructing CoreWorkerProcess. pid: 147391
[2022-01-12 10:28:14,441 I 147391 147391] grpc_server.cc:112: worker server started, listening on port 32845.
[2022-01-12 10:28:14,444 I 147391 147391] core_worker.cc:479: Initializing worker at address: 131.215.21.210:32845, worker ID 3ad6485579babc37b2f273b7f96dd898ef64d79712a40a7088c5290c, raylet 3dc93f62d2b0db0a2513094bf0bee3cedaeac169882d3acc838b81ef
[2022-01-12 10:28:14,555 I 147391 147391] io_service_pool.cc:35: IOServicePool is running with 1 io_service.
[2022-01-12 10:28:14,555 I 147391 147637] accessor.cc:560: Received notification for node id = 3dc93f62d2b0db0a2513094bf0bee3cedaeac169882d3acc838b81ef, IsAlive = 1
[2022-01-12 10:47:36,562 W 147391 147499] gcs_server_address_updater.cc:61: [1] Failed to get the gcs server address from raylet 1 times in a row. If it keeps failing to obtain the address, the worker might crash. Connection status IOError: 
[2022-01-12 10:47:37,562 I 147391 147637] raylet_client.cc:336: Error reporting task backlog information: IOError: 
[2022-01-12 10:47:37,669 I 147391 147637] raylet_client.cc:336: Error reporting task backlog information: IOError: 
[2022-01-12 10:47:38,670 I 147391 147637] raylet_client.cc:336: Error reporting task backlog information: IOError: 
[2022-01-12 10:47:39,670 I 147391 147637] raylet_client.cc:336: Error reporting task backlog information: IOError: 
[2022-01-12 10:47:40,670 I 147391 147637] raylet_client.cc:336: Error reporting task backlog information: IOError: 
[2022-01-12 10:47:41,671 I 147391 147637] raylet_client.cc:336: Error reporting task backlog information: IOError: 
[2022-01-12 10:47:42,671 I 147391 147637] raylet_client.cc:336: Error reporting task backlog information: IOError: 
[2022-01-12 10:47:43,672 I 147391 147637] raylet_client.cc:336: Error reporting task backlog information: IOError: 
[2022-01-12 10:47:44,672 I 147391 147637] raylet_client.cc:336: Error reporting task backlog information: IOError: 
[2022-01-12 10:47:45,418 W 147391 147638] metric_exporter.cc:206: Export metrics to agent failed: IOError: . This won't affect Ray, but you can lose metrics from the cluster.
[2022-01-12 10:47:45,672 I 147391 147637] raylet_client.cc:336: Error reporting task backlog information: IOError: 
[2022-01-12 10:47:46,672 I 147391 147637] raylet_client.cc:336: Error reporting task backlog information: IOError: 
[2022-01-12 10:47:47,673 I 147391 147637] raylet_client.cc:336: Error reporting task backlog information: IOError: 
[2022-01-12 10:47:48,673 I 147391 147637] raylet_client.cc:336: Error reporting task backlog information: IOError: 
[2022-01-12 10:47:49,673 I 147391 147637] raylet_client.cc:336: Error reporting task backlog information: IOError: 
[2022-01-12 10:47:50,674 I 147391 147637] raylet_client.cc:336: Error reporting task backlog information: IOError: 
[2022-01-12 10:47:51,674 I 147391 147637] raylet_client.cc:336: Error reporting task backlog information: IOError: 
[2022-01-12 10:47:52,674 I 147391 147637] raylet_client.cc:336: Error reporting task backlog information: IOError: 
[2022-01-12 10:47:53,675 I 147391 147637] raylet_client.cc:336: Error reporting task backlog information: IOError: 
[2022-01-12 10:47:54,675 I 147391 147637] raylet_client.cc:336: Error reporting task backlog information: IOError: 
[2022-01-12 10:47:55,435 W 147391 147638] metric_exporter.cc:206: Export metrics to agent failed: IOError: . This won't affect Ray, but you can lose metrics from the cluster.
[2022-01-12 10:47:55,675 I 147391 147637] raylet_client.cc:336: Error reporting task backlog information: IOError: 
[2022-01-12 10:47:56,675 I 147391 147637] raylet_client.cc:336: Error reporting task backlog information: IOError: 
[2022-01-12 10:47:57,675 I 147391 147637] raylet_client.cc:336: Error reporting task backlog information: IOError: 
[2022-01-12 10:47:58,675 I 147391 147637] raylet_client.cc:336: Error reporting task backlog information: IOError: 
[2022-01-12 10:47:59,676 I 147391 147637] raylet_client.cc:336: Error reporting task backlog information: IOError: 
[2022-01-12 10:48:00,676 I 147391 147637] raylet_client.cc:336: Error reporting task backlog information: IOError: 
[2022-01-12 10:48:01,676 I 147391 147637] raylet_client.cc:336: Error reporting task backlog information: IOError: 
[2022-01-12 10:48:02,676 I 147391 147637] raylet_client.cc:336: Error reporting task backlog information: IOError: 
[2022-01-12 10:48:03,677 I 147391 147637] raylet_client.cc:336: Error reporting task backlog information: IOError: 
[2022-01-12 10:48:04,677 I 147391 147637] raylet_client.cc:336: Error reporting task backlog information: IOError: 
[2022-01-12 10:48:05,448 W 147391 147638] metric_exporter.cc:206: Export metrics to agent failed: IOError: . This won't affect Ray, but you can lose metrics from the cluster.
[2022-01-12 10:48:05,677 I 147391 147637] raylet_client.cc:336: Error reporting task backlog information: IOError: 
[2022-01-12 10:48:06,677 I 147391 147637] raylet_client.cc:336: Error reporting task backlog information: IOError: 
[2022-01-12 10:48:07,677 I 147391 147637] raylet_client.cc:336: Error reporting task backlog information: IOError: 
[2022-01-12 10:48:08,678 I 147391 147637] raylet_client.cc:336: Error reporting task backlog information: IOError: 
[2022-01-12 10:48:09,678 I 147391 147637] raylet_client.cc:336: Error reporting task backlog information: IOError: 
[2022-01-12 10:48:10,678 I 147391 147637] raylet_client.cc:336: Error reporting task backlog information: IOError: 
[2022-01-12 10:48:11,679 I 147391 147637] raylet_client.cc:336: Error reporting task backlog information: IOError: 
[2022-01-12 10:48:12,679 I 147391 147637] raylet_client.cc:336: Error reporting task backlog information: IOError: 
[2022-01-12 10:48:13,679 I 147391 147637] raylet_client.cc:336: Error reporting task backlog information: IOError: 
[2022-01-12 10:48:14,680 I 147391 147637] raylet_client.cc:336: Error reporting task backlog information: IOError: 
[2022-01-12 10:48:15,464 W 147391 147638] metric_exporter.cc:206: Export metrics to agent failed: IOError: . This won't affect Ray, but you can lose metrics from the cluster.
[2022-01-12 10:48:15,680 I 147391 147637] raylet_client.cc:336: Error reporting task backlog information: IOError: 
[2022-01-12 10:48:16,680 I 147391 147637] raylet_client.cc:336: Error reporting task backlog information: IOError: 
[2022-01-12 10:48:17,680 I 147391 147637] raylet_client.cc:336: Error reporting task backlog information: IOError: 
[2022-01-12 10:48:18,681 I 147391 147637] raylet_client.cc:336: Error reporting task backlog information: IOError: 
[2022-01-12 10:48:19,681 I 147391 147637] raylet_client.cc:336: Error reporting task backlog information: IOError: 
[2022-01-12 10:48:20,681 I 147391 147637] raylet_client.cc:336: Error reporting task backlog information: IOError: 
[2022-01-12 10:48:21,681 I 147391 147637] raylet_client.cc:336: Error reporting task backlog information: IOError: 
[2022-01-12 10:48:22,682 I 147391 147637] raylet_client.cc:336: Error reporting task backlog information: IOError: 
[2022-01-12 10:48:23,682 I 147391 147637] raylet_client.cc:336: Error reporting task backlog information: IOError: 
[2022-01-12 10:48:24,682 I 147391 147637] raylet_client.cc:336: Error reporting task backlog information: IOError: 
[2022-01-12 10:48:25,481 W 147391 147638] metric_exporter.cc:206: Export metrics to agent failed: IOError: . This won't affect Ray, but you can lose metrics from the cluster.
[2022-01-12 10:48:25,683 I 147391 147637] raylet_client.cc:336: Error reporting task backlog information: IOError: 
[2022-01-12 10:48:26,683 I 147391 147637] raylet_client.cc:336: Error reporting task backlog information: IOError: 
[2022-01-12 10:48:27,683 I 147391 147637] raylet_client.cc:336: Error reporting task backlog information: IOError: 
[2022-01-12 10:48:28,684 I 147391 147637] raylet_client.cc:336: Error reporting task backlog information: IOError: 
[2022-01-12 10:48:29,684 I 147391 147637] raylet_client.cc:336: Error reporting task backlog information: IOError: 
[2022-01-12 10:48:30,684 I 147391 147637] raylet_client.cc:336: Error reporting task backlog information: IOError: 
[2022-01-12 10:48:31,684 I 147391 147637] raylet_client.cc:336: Error reporting task backlog information: IOError: 
[2022-01-12 10:48:32,685 I 147391 147637] raylet_client.cc:336: Error reporting task backlog information: IOError: 
[2022-01-12 10:48:33,685 I 147391 147637] raylet_client.cc:336: Error reporting task backlog information: IOError: 
[2022-01-12 10:48:34,685 I 147391 147637] raylet_client.cc:336: Error reporting task backlog information: IOError: 
[2022-01-12 10:48:35,498 W 147391 147638] metric_exporter.cc:206: Export metrics to agent failed: IOError: . This won't affect Ray, but you can lose metrics from the cluster.
[2022-01-12 10:48:35,686 I 147391 147637] raylet_client.cc:336: Error reporting task backlog information: IOError: 
[2022-01-12 10:48:36,686 I 147391 147637] raylet_client.cc:336: Error reporting task backlog information: IOError: 
[2022-01-12 10:48:37,686 I 147391 147637] raylet_client.cc:336: Error reporting task backlog information: IOError: 
[2022-01-12 10:48:38,687 I 147391 147637] raylet_client.cc:336: Error reporting task backlog information: IOError: 
[2022-01-12 10:48:39,687 I 147391 147637] raylet_client.cc:336: Error reporting task backlog information: IOError: 
[2022-01-12 10:48:40,687 I 147391 147637] raylet_client.cc:336: Error reporting task backlog information: IOError: 
[2022-01-12 10:48:41,687 I 147391 147637] raylet_client.cc:336: Error reporting task backlog information: IOError: 
[2022-01-12 10:48:42,688 I 147391 147637] raylet_client.cc:336: Error reporting task backlog information: IOError: 
[2022-01-12 10:48:43,688 I 147391 147637] raylet_client.cc:336: Error reporting task backlog information: IOError: 
[2022-01-12 10:48:44,688 I 147391 147637] raylet_client.cc:336: Error reporting task backlog information: IOError: 
[2022-01-12 10:48:45,516 W 147391 147638] metric_exporter.cc:206: Export metrics to agent failed: IOError: . This won't affect Ray, but you can lose metrics from the cluster.
[2022-01-12 10:48:45,688 I 147391 147637] raylet_client.cc:336: Error reporting task backlog information: IOError: 
[2022-01-12 10:48:46,689 I 147391 147637] raylet_client.cc:336: Error reporting task backlog information: IOError: 
[2022-01-12 10:48:47,689 I 147391 147637] raylet_client.cc:336: Error reporting task backlog information: IOError: 
[2022-01-12 10:48:48,689 I 147391 147637] raylet_client.cc:336: Error reporting task backlog information: IOError: 
[2022-01-12 10:48:49,690 I 147391 147637] raylet_client.cc:336: Error reporting task backlog information: IOError: 
[2022-01-12 10:48:50,690 I 147391 147637] raylet_client.cc:336: Error reporting task backlog information: IOError: 
[2022-01-12 10:48:51,690 I 147391 147637] raylet_client.cc:336: Error reporting task backlog information: IOError: 
[2022-01-12 10:48:52,690 I 147391 147637] raylet_client.cc:336: Error reporting task backlog information: IOError: 
[2022-01-12 10:48:53,691 I 147391 147637] raylet_client.cc:336: Error reporting task backlog information: IOError: 
[2022-01-12 10:48:54,691 I 147391 147637] raylet_client.cc:336: Error reporting task backlog information: IOError: 
[2022-01-12 10:48:55,533 W 147391 147638] metric_exporter.cc:206: Export metrics to agent failed: IOError: . This won't affect Ray, but you can lose metrics from the cluster.
[2022-01-12 10:48:55,691 I 147391 147637] raylet_client.cc:336: Error reporting task backlog information: IOError: 
[2022-01-12 10:48:56,691 I 147391 147637] raylet_client.cc:336: Error reporting task backlog information: IOError: 
[2022-01-12 10:48:57,692 I 147391 147637] raylet_client.cc:336: Error reporting task backlog information: IOError: 
[2022-01-12 10:48:58,692 I 147391 147637] raylet_client.cc:336: Error reporting task backlog information: IOError: 
[2022-01-12 10:48:59,692 I 147391 147637] raylet_client.cc:336: Error reporting task backlog information: IOError: 
[2022-01-12 10:49:00,693 I 147391 147637] raylet_client.cc:336: Error reporting task backlog information: IOError: 
[2022-01-12 10:49:01,693 I 147391 147637] raylet_client.cc:336: Error reporting task backlog information: IOError: 
[2022-01-12 10:49:02,693 I 147391 147637] raylet_client.cc:336: Error reporting task backlog information: IOError: 
[2022-01-12 10:49:03,693 I 147391 147637] raylet_client.cc:336: Error reporting task backlog information: IOError: 
[2022-01-12 10:49:04,694 I 147391 147637] raylet_client.cc:336: Error reporting task backlog information: IOError: 
[2022-01-12 10:49:05,550 W 147391 147638] metric_exporter.cc:206: Export metrics to agent failed: IOError: . This won't affect Ray, but you can lose metrics from the cluster.
[2022-01-12 10:49:05,694 I 147391 147637] raylet_client.cc:336: Error reporting task backlog information: IOError: 
[2022-01-12 10:49:06,694 I 147391 147637] raylet_client.cc:336: Error reporting task backlog information: IOError: 
[2022-01-12 10:49:07,695 I 147391 147637] raylet_client.cc:336: Error reporting task backlog information: IOError: 
[2022-01-12 10:49:08,695 I 147391 147637] raylet_client.cc:336: Error reporting task backlog information: IOError: 
[2022-01-12 10:49:09,695 I 147391 147637] raylet_client.cc:336: Error reporting task backlog information: IOError: 
[2022-01-12 10:49:10,696 I 147391 147637] raylet_client.cc:336: Error reporting task backlog information: IOError: 
[2022-01-12 10:49:11,696 I 147391 147637] raylet_client.cc:336: Error reporting task backlog information: IOError: 
[2022-01-12 10:49:12,696 I 147391 147637] raylet_client.cc:336: Error reporting task backlog information: IOError: 
[2022-01-12 10:49:13,697 I 147391 147637] raylet_client.cc:336: Error reporting task backlog information: IOError: 
[2022-01-12 10:49:14,697 I 147391 147637] raylet_client.cc:336: Error reporting task backlog information: IOError: 
[2022-01-12 10:49:15,568 W 147391 147638] metric_exporter.cc:206: Export metrics to agent failed: IOError: . This won't affect Ray, but you can lose metrics from the cluster.
[2022-01-12 10:49:15,697 I 147391 147637] raylet_client.cc:336: Error reporting task backlog information: IOError: 
[2022-01-12 10:49:16,697 I 147391 147637] raylet_client.cc:336: Error reporting task backlog information: IOError: 
[2022-01-12 10:49:17,698 I 147391 147637] raylet_client.cc:336: Error reporting task backlog information: IOError: 
[2022-01-12 10:49:18,698 I 147391 147637] raylet_client.cc:336: Error reporting task backlog information: IOError: 
[2022-01-12 10:49:19,699 I 147391 147637] raylet_client.cc:336: Error reporting task backlog information: IOError: 
[2022-01-12 10:49:20,699 I 147391 147637] raylet_client.cc:336: Error reporting task backlog information: IOError: 
[2022-01-12 10:49:21,699 I 147391 147637] raylet_client.cc:336: Error reporting task backlog information: IOError: 
[2022-01-12 10:49:22,700 I 147391 147637] raylet_client.cc:336: Error reporting task backlog information: IOError: 
[2022-01-12 10:49:23,700 I 147391 147637] raylet_client.cc:336: Error reporting task backlog information: IOError: 
[2022-01-12 10:49:24,701 I 147391 147637] raylet_client.cc:336: Error reporting task backlog information: IOError: 
[2022-01-12 10:49:25,584 W 147391 147638] metric_exporter.cc:206: Export metrics to agent failed: IOError: . This won't affect Ray, but you can lose metrics from the cluster.
[2022-01-12 10:49:25,701 I 147391 147637] raylet_client.cc:336: Error reporting task backlog information: IOError: 
[2022-01-12 10:49:26,701 I 147391 147637] raylet_client.cc:336: Error reporting task backlog information: IOError: 
[2022-01-12 10:49:27,701 I 147391 147637] raylet_client.cc:336: Error reporting task backlog information: IOError: 
[2022-01-12 10:49:28,701 I 147391 147637] raylet_client.cc:336: Error reporting task backlog information: IOError: 
[2022-01-12 10:49:29,702 I 147391 147637] raylet_client.cc:336: Error reporting task backlog information: IOError: 
[2022-01-12 10:49:30,702 I 147391 147637] raylet_client.cc:336: Error reporting task backlog information: IOError: 
[2022-01-12 10:49:31,702 I 147391 147637] raylet_client.cc:336: Error reporting task backlog information: IOError: 
[2022-01-12 10:49:32,703 I 147391 147637] raylet_client.cc:336: Error reporting task backlog information: IOError: 
[2022-01-12 10:49:33,703 I 147391 147637] raylet_client.cc:336: Error reporting task backlog information: IOError: 
[2022-01-12 10:49:34,703 I 147391 147637] raylet_client.cc:336: Error reporting task backlog information: IOError: 
[2022-01-12 10:49:35,599 W 147391 147638] metric_exporter.cc:206: Export metrics to agent failed: IOError: . This won't affect Ray, but you can lose metrics from the cluster.
[2022-01-12 10:49:35,703 I 147391 147637] raylet_client.cc:336: Error reporting task backlog information: IOError: 
[2022-01-12 10:49:36,704 I 147391 147637] raylet_client.cc:336: Error reporting task backlog information: IOError: 
[2022-01-12 10:49:37,704 I 147391 147637] raylet_client.cc:336: Error reporting task backlog information: IOError: 
[2022-01-12 10:49:38,704 I 147391 147637] raylet_client.cc:336: Error reporting task backlog information: IOError: 
[2022-01-12 10:49:39,705 I 147391 147637] raylet_client.cc:336: Error reporting task backlog information: IOError: 
[2022-01-12 10:49:40,705 I 147391 147637] raylet_client.cc:336: Error reporting task backlog information: IOError: 
[2022-01-12 10:49:41,705 I 147391 147637] raylet_client.cc:336: Error reporting task backlog information: IOError: 
[2022-01-12 10:49:42,705 I 147391 147637] raylet_client.cc:336: Error reporting task backlog information: IOError: 
[2022-01-12 10:49:43,706 I 147391 147637] raylet_client.cc:336: Error reporting task backlog information: IOError: 
[2022-01-12 10:49:44,706 I 147391 147637] raylet_client.cc:336: Error reporting task backlog information: IOError: 
[2022-01-12 10:49:45,615 W 147391 147638] metric_exporter.cc:206: Export metrics to agent failed: IOError: . This won't affect Ray, but you can lose metrics from the cluster.
[2022-01-12 10:49:45,706 I 147391 147637] raylet_client.cc:336: Error reporting task backlog information: IOError: 
[2022-01-12 10:49:46,706 I 147391 147637] raylet_client.cc:336: Error reporting task backlog information: IOError: 
[2022-01-12 10:49:47,707 I 147391 147637] raylet_client.cc:336: Error reporting task backlog information: IOError: 
[2022-01-12 10:49:48,707 I 147391 147637] raylet_client.cc:336: Error reporting task backlog information: IOError: 
[2022-01-12 10:49:49,707 I 147391 147637] raylet_client.cc:336: Error reporting task backlog information: IOError: 
[2022-01-12 10:49:50,708 I 147391 147637] raylet_client.cc:336: Error reporting task backlog information: IOError: 
[2022-01-12 10:49:51,708 I 147391 147637] raylet_client.cc:336: Error reporting task backlog information: IOError: 
[2022-01-12 10:49:52,708 I 147391 147637] raylet_client.cc:336: Error reporting task backlog information: IOError: 
[2022-01-12 10:49:53,708 I 147391 147637] raylet_client.cc:336: Error reporting task backlog information: IOError: 
[2022-01-12 10:49:54,709 I 147391 147637] raylet_client.cc:336: Error reporting task backlog information: IOError: 
[2022-01-12 10:49:55,629 W 147391 147638] metric_exporter.cc:206: Export metrics to agent failed: IOError: . This won't affect Ray, but you can lose metrics from the cluster.
[2022-01-12 10:49:55,709 I 147391 147637] raylet_client.cc:336: Error reporting task backlog information: IOError: 
[2022-01-12 10:49:56,709 I 147391 147637] raylet_client.cc:336: Error reporting task backlog information: IOError: 
[2022-01-12 10:49:57,710 I 147391 147637] raylet_client.cc:336: Error reporting task backlog information: IOError: 
[2022-01-12 10:49:58,710 I 147391 147637] raylet_client.cc:336: Error reporting task backlog information: IOError: 
[2022-01-12 10:49:59,710 I 147391 147637] raylet_client.cc:336: Error reporting task backlog information: IOError: 
[2022-01-12 10:50:00,710 I 147391 147637] raylet_client.cc:336: Error reporting task backlog information: IOError: 
[2022-01-12 10:50:01,711 I 147391 147637] raylet_client.cc:336: Error reporting task backlog information: IOError: 
[2022-01-12 10:50:02,711 I 147391 147637] raylet_client.cc:336: Error reporting task backlog information: IOError: 
[2022-01-12 10:50:03,711 I 147391 147637] raylet_client.cc:336: Error reporting task backlog information: IOError: 
[2022-01-12 10:50:04,712 I 147391 147637] raylet_client.cc:336: Error reporting task backlog information: IOError: 
[2022-01-12 10:50:05,646 W 147391 147638] metric_exporter.cc:206: Export metrics to agent failed: IOError: . This won't affect Ray, but you can lose metrics from the cluster.
[2022-01-12 10:50:05,712 I 147391 147637] raylet_client.cc:336: Error reporting task backlog information: IOError: 
[2022-01-12 10:50:06,712 I 147391 147637] raylet_client.cc:336: Error reporting task backlog information: IOError: 
[2022-01-12 10:50:07,712 I 147391 147637] raylet_client.cc:336: Error reporting task backlog information: IOError: 
[2022-01-12 10:50:08,713 I 147391 147637] raylet_client.cc:336: Error reporting task backlog information: IOError: 
[2022-01-12 10:50:09,713 I 147391 147637] raylet_client.cc:336: Error reporting task backlog information: IOError: 
[2022-01-12 10:50:10,713 I 147391 147637] raylet_client.cc:336: Error reporting task backlog information: IOError: 
[2022-01-12 10:50:11,714 I 147391 147637] raylet_client.cc:336: Error reporting task backlog information: IOError: 
[2022-01-12 10:50:12,714 I 147391 147637] raylet_client.cc:336: Error reporting task backlog information: IOError: 
[2022-01-12 10:50:13,714 I 147391 147637] raylet_client.cc:336: Error reporting task backlog information: IOError: 
[2022-01-12 10:50:14,715 I 147391 147637] raylet_client.cc:336: Error reporting task backlog information: IOError: 
[2022-01-12 10:50:15,663 W 147391 147638] metric_exporter.cc:206: Export metrics to agent failed: IOError: . This won't affect Ray, but you can lose metrics from the cluster.
[2022-01-12 10:50:15,715 I 147391 147637] raylet_client.cc:336: Error reporting task backlog information: IOError: 
[2022-01-12 10:50:16,715 I 147391 147637] raylet_client.cc:336: Error reporting task backlog information: IOError: 
[2022-01-12 10:50:17,715 I 147391 147637] raylet_client.cc:336: Error reporting task backlog information: IOError: 
[2022-01-12 10:50:18,715 I 147391 147637] raylet_client.cc:336: Error reporting task backlog information: IOError: 
[2022-01-12 10:50:19,716 I 147391 147637] raylet_client.cc:336: Error reporting task backlog information: IOError: 
[2022-01-12 10:50:20,716 I 147391 147637] raylet_client.cc:336: Error reporting task backlog information: IOError: 
[2022-01-12 10:50:21,716 I 147391 147637] raylet_client.cc:336: Error reporting task backlog information: IOError: 
[2022-01-12 10:50:22,716 I 147391 147637] raylet_client.cc:336: Error reporting task backlog information: IOError: 
[2022-01-12 10:50:23,717 I 147391 147637] raylet_client.cc:336: Error reporting task backlog information: IOError: 
[2022-01-12 10:50:24,717 I 147391 147637] raylet_client.cc:336: Error reporting task backlog information: IOError: 
[2022-01-12 10:50:25,679 W 147391 147638] metric_exporter.cc:206: Export metrics to agent failed: IOError: . This won't affect Ray, but you can lose metrics from the cluster.
[2022-01-12 10:50:25,717 I 147391 147637] raylet_client.cc:336: Error reporting task backlog information: IOError: 
[2022-01-12 10:50:26,717 I 147391 147637] raylet_client.cc:336: Error reporting task backlog information: IOError: 
[2022-01-12 10:50:27,718 I 147391 147637] raylet_client.cc:336: Error reporting task backlog information: IOError: 
[2022-01-12 10:50:28,718 I 147391 147637] raylet_client.cc:336: Error reporting task backlog information: IOError: 
[2022-01-12 10:50:29,718 I 147391 147637] raylet_client.cc:336: Error reporting task backlog information: IOError: 
[2022-01-12 10:50:30,718 I 147391 147637] raylet_client.cc:336: Error reporting task backlog information: IOError: 
[2022-01-12 10:50:31,719 I 147391 147637] raylet_client.cc:336: Error reporting task backlog information: IOError: 
[2022-01-12 10:50:32,719 I 147391 147637] raylet_client.cc:336: Error reporting task backlog information: IOError: 
[2022-01-12 10:50:33,719 I 147391 147637] raylet_client.cc:336: Error reporting task backlog information: IOError: 
[2022-01-12 10:50:34,719 I 147391 147637] raylet_client.cc:336: Error reporting task backlog information: IOError: 
[2022-01-12 10:50:35,696 W 147391 147638] metric_exporter.cc:206: Export metrics to agent failed: IOError: . This won't affect Ray, but you can lose metrics from the cluster.
[2022-01-12 10:50:35,720 I 147391 147637] raylet_client.cc:336: Error reporting task backlog information: IOError: 
[2022-01-12 10:50:36,720 I 147391 147637] raylet_client.cc:336: Error reporting task backlog information: IOError: 
[2022-01-12 10:50:37,720 I 147391 147637] raylet_client.cc:336: Error reporting task backlog information: IOError: 
[2022-01-12 10:50:38,720 I 147391 147637] raylet_client.cc:336: Error reporting task backlog information: IOError: 
[2022-01-12 10:50:39,720 I 147391 147637] raylet_client.cc:336: Error reporting task backlog information: IOError: 
[2022-01-12 10:50:40,721 I 147391 147637] raylet_client.cc:336: Error reporting task backlog information: IOError: 
[2022-01-12 10:50:41,721 I 147391 147637] raylet_client.cc:336: Error reporting task backlog information: IOError: 
[2022-01-12 10:50:42,721 I 147391 147637] raylet_client.cc:336: Error reporting task backlog information: IOError: 
[2022-01-12 10:50:43,721 I 147391 147637] raylet_client.cc:336: Error reporting task backlog information: IOError: 
[2022-01-12 10:50:44,722 I 147391 147637] raylet_client.cc:336: Error reporting task backlog information: IOError: 
[2022-01-12 10:50:45,712 W 147391 147638] metric_exporter.cc:206: Export metrics to agent failed: IOError: . This won't affect Ray, but you can lose metrics from the cluster.
[2022-01-12 10:50:45,722 I 147391 147637] raylet_client.cc:336: Error reporting task backlog information: IOError: 
[2022-01-12 10:50:46,722 I 147391 147637] raylet_client.cc:336: Error reporting task backlog information: IOError: 
[2022-01-12 10:50:47,723 I 147391 147637] raylet_client.cc:336: Error reporting task backlog information: IOError: 
[2022-01-12 10:50:48,723 I 147391 147637] raylet_client.cc:336: Error reporting task backlog information: IOError: 
[2022-01-12 10:50:49,723 I 147391 147637] raylet_client.cc:336: Error reporting task backlog information: IOError: 
[2022-01-12 10:50:50,723 I 147391 147637] raylet_client.cc:336: Error reporting task backlog information: IOError: 
[2022-01-12 10:50:51,724 I 147391 147637] raylet_client.cc:336: Error reporting task backlog information: IOError: 
[2022-01-12 10:50:52,724 I 147391 147637] raylet_client.cc:336: Error reporting task backlog information: IOError: 
[2022-01-12 10:50:53,724 I 147391 147637] raylet_client.cc:336: Error reporting task backlog information: IOError: 
[2022-01-12 10:50:54,724 I 147391 147637] raylet_client.cc:336: Error reporting task backlog information: IOError: 
[2022-01-12 10:50:55,725 I 147391 147637] raylet_client.cc:336: Error reporting task backlog information: IOError: 
[2022-01-12 10:50:55,727 W 147391 147638] metric_exporter.cc:206: Export metrics to agent failed: IOError: . This won't affect Ray, but you can lose metrics from the cluster.
[2022-01-12 10:50:56,725 I 147391 147637] raylet_client.cc:336: Error reporting task backlog information: IOError: 
[2022-01-12 10:50:57,725 I 147391 147637] raylet_client.cc:336: Error reporting task backlog information: IOError: 
[2022-01-12 10:50:58,726 I 147391 147637] raylet_client.cc:336: Error reporting task backlog information: IOError: 
[2022-01-12 10:50:59,726 I 147391 147637] raylet_client.cc:336: Error reporting task backlog information: IOError: 
[2022-01-12 10:51:00,726 I 147391 147637] raylet_client.cc:336: Error reporting task backlog information: IOError: 
[2022-01-12 10:51:01,727 I 147391 147637] raylet_client.cc:336: Error reporting task backlog information: IOError: 
[2022-01-12 10:51:02,727 I 147391 147637] raylet_client.cc:336: Error reporting task backlog information: IOError: 
[2022-01-12 10:51:03,728 I 147391 147637] raylet_client.cc:336: Error reporting task backlog information: IOError: 
[2022-01-12 10:51:04,728 I 147391 147637] raylet_client.cc:336: Error reporting task backlog information: IOError: 
[2022-01-12 10:51:05,728 I 147391 147637] raylet_client.cc:336: Error reporting task backlog information: IOError: 
[2022-01-12 10:51:05,742 W 147391 147638] metric_exporter.cc:206: Export metrics to agent failed: IOError: . This won't affect Ray, but you can lose metrics from the cluster.
[2022-01-12 10:51:06,728 I 147391 147637] raylet_client.cc:336: Error reporting task backlog information: IOError: 
[2022-01-12 10:51:07,729 I 147391 147637] raylet_client.cc:336: Error reporting task backlog information: IOError: 
[2022-01-12 10:51:08,729 I 147391 147637] raylet_client.cc:336: Error reporting task backlog information: IOError: 
[2022-01-12 10:51:09,729 I 147391 147637] raylet_client.cc:336: Error reporting task backlog information: IOError: 
[2022-01-12 10:51:10,730 I 147391 147637] raylet_client.cc:336: Error reporting task backlog information: IOError: 
[2022-01-12 10:51:11,730 I 147391 147637] raylet_client.cc:336: Error reporting task backlog information: IOError: 
[2022-01-12 10:51:12,730 I 147391 147637] raylet_client.cc:336: Error reporting task backlog information: IOError: 
[2022-01-12 10:51:13,730 I 147391 147637] raylet_client.cc:336: Error reporting task backlog information: IOError: 
[2022-01-12 10:51:14,731 I 147391 147637] raylet_client.cc:336: Error reporting task backlog information: IOError: 
[2022-01-12 10:51:15,731 I 147391 147637] raylet_client.cc:336: Error reporting task backlog information: IOError: 
[2022-01-12 10:51:15,756 W 147391 147638] metric_exporter.cc:206: Export metrics to agent failed: IOError: . This won't affect Ray, but you can lose metrics from the cluster.
[2022-01-12 10:51:16,731 I 147391 147637] raylet_client.cc:336: Error reporting task backlog information: IOError: 
[2022-01-12 10:51:17,731 I 147391 147637] raylet_client.cc:336: Error reporting task backlog information: IOError: 
[2022-01-12 10:51:18,732 I 147391 147637] raylet_client.cc:336: Error reporting task backlog information: IOError: 
[2022-01-12 10:51:19,732 I 147391 147637] raylet_client.cc:336: Error reporting task backlog information: IOError: 
[2022-01-12 10:51:20,732 I 147391 147637] raylet_client.cc:336: Error reporting task backlog information: IOError: 
[2022-01-12 10:51:21,733 I 147391 147637] raylet_client.cc:336: Error reporting task backlog information: IOError: 
[2022-01-12 10:51:22,733 I 147391 147637] raylet_client.cc:336: Error reporting task backlog information: IOError: 
[2022-01-12 10:51:23,733 I 147391 147637] raylet_client.cc:336: Error reporting task backlog information: IOError: 
[2022-01-12 10:51:24,733 I 147391 147637] raylet_client.cc:336: Error reporting task backlog information: IOError: 
[2022-01-12 10:51:25,734 I 147391 147637] raylet_client.cc:336: Error reporting task backlog information: IOError: 
[2022-01-12 10:51:25,769 W 147391 147638] metric_exporter.cc:206: Export metrics to agent failed: IOError: . This won't affect Ray, but you can lose metrics from the cluster.
[2022-01-12 10:51:26,734 I 147391 147637] raylet_client.cc:336: Error reporting task backlog information: IOError: 
[2022-01-12 10:51:27,734 I 147391 147637] raylet_client.cc:336: Error reporting task backlog information: IOError: 
[2022-01-12 10:51:28,735 I 147391 147637] raylet_client.cc:336: Error reporting task backlog information: IOError: 
[2022-01-12 10:51:29,735 I 147391 147637] raylet_client.cc:336: Error reporting task backlog information: IOError: 
[2022-01-12 10:51:30,735 I 147391 147637] raylet_client.cc:336: Error reporting task backlog information: IOError: 
[2022-01-12 10:51:31,735 I 147391 147637] raylet_client.cc:336: Error reporting task backlog information: IOError: 
[2022-01-12 10:51:32,736 I 147391 147637] raylet_client.cc:336: Error reporting task backlog information: IOError: 
[2022-01-12 10:51:33,736 I 147391 147637] raylet_client.cc:336: Error reporting task backlog information: IOError: 
[2022-01-12 10:51:34,736 I 147391 147637] raylet_client.cc:336: Error reporting task backlog information: IOError: 
[2022-01-12 10:51:35,737 I 147391 147637] raylet_client.cc:336: Error reporting task backlog information: IOError: 
[2022-01-12 10:51:35,784 W 147391 147638] metric_exporter.cc:206: Export metrics to agent failed: IOError: . This won't affect Ray, but you can lose metrics from the cluster.
[2022-01-12 10:51:36,737 I 147391 147637] raylet_client.cc:336: Error reporting task backlog information: IOError: 
[2022-01-12 10:51:37,737 I 147391 147637] raylet_client.cc:336: Error reporting task backlog information: IOError: 
[2022-01-12 10:51:38,738 I 147391 147637] raylet_client.cc:336: Error reporting task backlog information: IOError: 
[2022-01-12 10:51:39,738 I 147391 147637] raylet_client.cc:336: Error reporting task backlog information: IOError: 
[2022-01-12 10:51:40,739 I 147391 147637] raylet_client.cc:336: Error reporting task backlog information: IOError: 
[2022-01-12 10:51:41,739 I 147391 147637] raylet_client.cc:336: Error reporting task backlog information: IOError: 
[2022-01-12 10:51:42,739 I 147391 147637] raylet_client.cc:336: Error reporting task backlog information: IOError: 
[2022-01-12 10:51:43,739 I 147391 147637] raylet_client.cc:336: Error reporting task backlog information: IOError: 
[2022-01-12 10:51:44,740 I 147391 147637] raylet_client.cc:336: Error reporting task backlog information: IOError: 
[2022-01-12 10:51:45,740 I 147391 147637] raylet_client.cc:336: Error reporting task backlog information: IOError: 
[2022-01-12 10:51:45,797 W 147391 147638] metric_exporter.cc:206: Export metrics to agent failed: IOError: . This won't affect Ray, but you can lose metrics from the cluster.
[2022-01-12 10:51:46,740 I 147391 147637] raylet_client.cc:336: Error reporting task backlog information: IOError: 
[2022-01-12 10:51:47,740 I 147391 147637] raylet_client.cc:336: Error reporting task backlog information: IOError: 
[2022-01-12 10:51:48,741 I 147391 147637] raylet_client.cc:336: Error reporting task backlog information: IOError: 
[2022-01-12 10:51:49,741 I 147391 147637] raylet_client.cc:336: Error reporting task backlog information: IOError: 
[2022-01-12 10:51:50,741 I 147391 147637] raylet_client.cc:336: Error reporting task backlog information: IOError: 
[2022-01-12 10:51:51,741 I 147391 147637] raylet_client.cc:336: Error reporting task backlog information: IOError: 
[2022-01-12 10:51:52,742 I 147391 147637] raylet_client.cc:336: Error reporting task backlog information: IOError: 
[2022-01-12 10:51:53,742 I 147391 147637] raylet_client.cc:336: Error reporting task backlog information: IOError: 
[2022-01-12 10:51:54,742 I 147391 147637] raylet_client.cc:336: Error reporting task backlog information: IOError: 
[2022-01-12 10:51:55,742 I 147391 147637] raylet_client.cc:336: Error reporting task backlog information: IOError: 
[2022-01-12 10:51:55,809 W 147391 147638] metric_exporter.cc:206: Export metrics to agent failed: IOError: . This won't affect Ray, but you can lose metrics from the cluster.
[2022-01-12 10:51:56,743 I 147391 147637] raylet_client.cc:336: Error reporting task backlog information: IOError: 
[2022-01-12 10:51:57,743 I 147391 147637] raylet_client.cc:336: Error reporting task backlog information: IOError: 
[2022-01-12 10:51:58,743 I 147391 147637] raylet_client.cc:336: Error reporting task backlog information: IOError: 
[2022-01-12 10:51:59,743 I 147391 147637] raylet_client.cc:336: Error reporting task backlog information: IOError: 
[2022-01-12 10:52:00,744 I 147391 147637] raylet_client.cc:336: Error reporting task backlog information: IOError: 
[2022-01-12 10:52:01,744 I 147391 147637] raylet_client.cc:336: Error reporting task backlog information: IOError: 
[2022-01-12 10:52:02,744 I 147391 147637] raylet_client.cc:336: Error reporting task backlog information: IOError: 
[2022-01-12 10:52:03,744 I 147391 147637] raylet_client.cc:336: Error reporting task backlog information: IOError: 
[2022-01-12 10:52:04,745 I 147391 147637] raylet_client.cc:336: Error reporting task backlog information: IOError: 
[2022-01-12 10:52:05,745 I 147391 147637] raylet_client.cc:336: Error reporting task backlog information: IOError: 
[2022-01-12 10:52:05,822 W 147391 147638] metric_exporter.cc:206: Export metrics to agent failed: IOError: . This won't affect Ray, but you can lose metrics from the cluster.
[2022-01-12 10:52:06,745 I 147391 147637] raylet_client.cc:336: Error reporting task backlog information: IOError: 
[2022-01-12 10:52:07,745 I 147391 147637] raylet_client.cc:336: Error reporting task backlog information: IOError: 
[2022-01-12 10:52:08,746 I 147391 147637] raylet_client.cc:336: Error reporting task backlog information: IOError: 
[2022-01-12 10:52:09,746 I 147391 147637] raylet_client.cc:336: Error reporting task backlog information: IOError: 
[2022-01-12 10:52:10,746 I 147391 147637] raylet_client.cc:336: Error reporting task backlog information: IOError: 
[2022-01-12 10:52:11,746 I 147391 147637] raylet_client.cc:336: Error reporting task backlog information: IOError: 
[2022-01-12 10:52:12,747 I 147391 147637] raylet_client.cc:336: Error reporting task backlog information: IOError: 
[2022-01-12 10:52:13,747 I 147391 147637] raylet_client.cc:336: Error reporting task backlog information: IOError: 
[2022-01-12 10:52:14,747 I 147391 147637] raylet_client.cc:336: Error reporting task backlog information: IOError: 
[2022-01-12 10:52:15,747 I 147391 147637] raylet_client.cc:336: Error reporting task backlog information: IOError: 
[2022-01-12 10:52:15,836 W 147391 147638] metric_exporter.cc:206: Export metrics to agent failed: IOError: . This won't affect Ray, but you can lose metrics from the cluster.
[2022-01-12 10:52:16,747 I 147391 147637] raylet_client.cc:336: Error reporting task backlog information: IOError: 
[2022-01-12 10:52:17,747 I 147391 147637] raylet_client.cc:336: Error reporting task backlog information: IOError: 
[2022-01-12 10:52:18,748 I 147391 147637] raylet_client.cc:336: Error reporting task backlog information: IOError: 
[2022-01-12 10:52:19,748 I 147391 147637] raylet_client.cc:336: Error reporting task backlog information: IOError: 
[2022-01-12 10:52:20,748 I 147391 147637] raylet_client.cc:336: Error reporting task backlog information: IOError: 
[2022-01-12 10:52:21,748 I 147391 147637] raylet_client.cc:336: Error reporting task backlog information: IOError: 
[2022-01-12 10:52:22,748 I 147391 147637] raylet_client.cc:336: Error reporting task backlog information: IOError: 
[2022-01-12 10:52:23,748 I 147391 147637] raylet_client.cc:336: Error reporting task backlog information: IOError: 
[2022-01-12 10:52:24,749 I 147391 147637] raylet_client.cc:336: Error reporting task backlog information: IOError: 
[2022-01-12 10:52:25,749 I 147391 147637] raylet_client.cc:336: Error reporting task backlog information: IOError: 
[2022-01-12 10:52:25,846 W 147391 147638] metric_exporter.cc:206: Export metrics to agent failed: IOError: . This won't affect Ray, but you can lose metrics from the cluster.
[2022-01-12 10:52:26,749 I 147391 147637] raylet_client.cc:336: Error reporting task backlog information: IOError: 
[2022-01-12 10:52:27,749 I 147391 147637] raylet_client.cc:336: Error reporting task backlog information: IOError: 
[2022-01-12 10:52:28,749 I 147391 147637] raylet_client.cc:336: Error reporting task backlog information: IOError: 
[2022-01-12 10:52:29,749 I 147391 147637] raylet_client.cc:336: Error reporting task backlog information: IOError: 
[2022-01-12 10:52:30,749 I 147391 147637] raylet_client.cc:336: Error reporting task backlog information: IOError: 
[2022-01-12 10:52:31,749 I 147391 147637] raylet_client.cc:336: Error reporting task backlog information: IOError: 
[2022-01-12 10:52:32,750 I 147391 147637] raylet_client.cc:336: Error reporting task backlog information: IOError: 
[2022-01-12 10:52:33,750 I 147391 147637] raylet_client.cc:336: Error reporting task backlog information: IOError: 
[2022-01-12 10:52:34,750 I 147391 147637] raylet_client.cc:336: Error reporting task backlog information: IOError: 
[2022-01-12 10:52:35,750 I 147391 147637] raylet_client.cc:336: Error reporting task backlog information: IOError: 
[2022-01-12 10:52:35,856 W 147391 147638] metric_exporter.cc:206: Export metrics to agent failed: IOError: . This won't affect Ray, but you can lose metrics from the cluster.
[2022-01-12 10:52:36,635 W 147391 147499] gcs_server_address_updater.cc:61: [301] Failed to get the gcs server address from raylet 301 times in a row. If it keeps failing to obtain the address, the worker might crash. Connection status IOError: 
[2022-01-12 10:52:36,750 I 147391 147637] raylet_client.cc:336: Error reporting task backlog information: IOError: 
[2022-01-12 10:52:37,750 I 147391 147637] raylet_client.cc:336: Error reporting task backlog information: IOError: 
[2022-01-12 10:52:38,750 I 147391 147637] raylet_client.cc:336: Error reporting task backlog information: IOError: 
[2022-01-12 10:52:39,751 I 147391 147637] raylet_client.cc:336: Error reporting task backlog information: IOError: 
[2022-01-12 10:52:40,751 I 147391 147637] raylet_client.cc:336: Error reporting task backlog information: IOError: 
[2022-01-12 10:52:41,751 I 147391 147637] raylet_client.cc:336: Error reporting task backlog information: IOError: 
[2022-01-12 10:52:42,751 I 147391 147637] raylet_client.cc:336: Error reporting task backlog information: IOError: 
[2022-01-12 10:52:43,751 I 147391 147637] raylet_client.cc:336: Error reporting task backlog information: IOError: 
[2022-01-12 10:52:44,752 I 147391 147637] raylet_client.cc:336: Error reporting task backlog information: IOError: 
[2022-01-12 10:52:45,752 I 147391 147637] raylet_client.cc:336: Error reporting task backlog information: IOError: 
[2022-01-12 10:52:45,865 W 147391 147638] metric_exporter.cc:206: Export metrics to agent failed: IOError: . This won't affect Ray, but you can lose metrics from the cluster.
[2022-01-12 10:52:46,752 I 147391 147637] raylet_client.cc:336: Error reporting task backlog information: IOError: 
[2022-01-12 10:52:47,753 I 147391 147637] raylet_client.cc:336: Error reporting task backlog information: IOError: 
[2022-01-12 10:52:48,753 I 147391 147637] raylet_client.cc:336: Error reporting task backlog information: IOError: 
[2022-01-12 10:52:49,753 I 147391 147637] raylet_client.cc:336: Error reporting task backlog information: IOError: 
[2022-01-12 10:52:50,753 I 147391 147637] raylet_client.cc:336: Error reporting task backlog information: IOError: 
[2022-01-12 10:52:51,754 I 147391 147637] raylet_client.cc:336: Error reporting task backlog information: IOError: 
[2022-01-12 10:52:52,754 I 147391 147637] raylet_client.cc:336: Error reporting task backlog information: IOError: 
[2022-01-12 10:52:53,754 I 147391 147637] raylet_client.cc:336: Error reporting task backlog information: IOError: 
[2022-01-12 10:52:54,754 I 147391 147637] raylet_client.cc:336: Error reporting task backlog information: IOError: 
[2022-01-12 10:52:55,755 I 147391 147637] raylet_client.cc:336: Error reporting task backlog information: IOError: 
[2022-01-12 10:52:55,878 W 147391 147638] metric_exporter.cc:206: Export metrics to agent failed: IOError: . This won't affect Ray, but you can lose metrics from the cluster.
[2022-01-12 10:52:56,755 I 147391 147637] raylet_client.cc:336: Error reporting task backlog information: IOError: 
[2022-01-12 10:52:57,755 I 147391 147637] raylet_client.cc:336: Error reporting task backlog information: IOError: 
[2022-01-12 10:52:58,755 I 147391 147637] raylet_client.cc:336: Error reporting task backlog information: IOError: 
[2022-01-12 10:52:59,755 I 147391 147637] raylet_client.cc:336: Error reporting task backlog information: IOError: 
[2022-01-12 10:53:00,755 I 147391 147637] raylet_client.cc:336: Error reporting task backlog information: IOError: 
[2022-01-12 10:53:01,755 I 147391 147637] raylet_client.cc:336: Error reporting task backlog information: IOError: 
[2022-01-12 10:53:02,756 I 147391 147637] raylet_client.cc:336: Error reporting task backlog information: IOError: 
[2022-01-12 10:53:03,756 I 147391 147637] raylet_client.cc:336: Error reporting task backlog information: IOError: 
[2022-01-12 10:53:04,756 I 147391 147637] raylet_client.cc:336: Error reporting task backlog information: IOError: 
[2022-01-12 10:53:05,756 I 147391 147637] raylet_client.cc:336: Error reporting task backlog information: IOError: 
[2022-01-12 10:53:05,889 W 147391 147638] metric_exporter.cc:206: Export metrics to agent failed: IOError: . This won't affect Ray, but you can lose metrics from the cluster.
[2022-01-12 10:53:06,756 I 147391 147637] raylet_client.cc:336: Error reporting task backlog information: IOError: 
[2022-01-12 10:53:07,756 I 147391 147637] raylet_client.cc:336: Error reporting task backlog information: IOError: 
[2022-01-12 10:53:08,756 I 147391 147637] raylet_client.cc:336: Error reporting task backlog information: IOError: 
[2022-01-12 10:53:09,756 I 147391 147637] raylet_client.cc:336: Error reporting task backlog information: IOError: 
[2022-01-12 10:53:10,756 I 147391 147637] raylet_client.cc:336: Error reporting task backlog information: IOError: 
[2022-01-12 10:53:11,757 I 147391 147637] raylet_client.cc:336: Error reporting task backlog information: IOError: 
[2022-01-12 10:53:12,757 I 147391 147637] raylet_client.cc:336: Error reporting task backlog information: IOError: 
[2022-01-12 10:53:13,757 I 147391 147637] raylet_client.cc:336: Error reporting task backlog information: IOError: 
[2022-01-12 10:53:14,757 I 147391 147637] raylet_client.cc:336: Error reporting task backlog information: IOError: 
[2022-01-12 10:53:15,757 I 147391 147637] raylet_client.cc:336: Error reporting task backlog information: IOError: 
[2022-01-12 10:53:15,898 W 147391 147638] metric_exporter.cc:206: Export metrics to agent failed: IOError: . This won't affect Ray, but you can lose metrics from the cluster.
[2022-01-12 10:53:16,758 I 147391 147637] raylet_client.cc:336: Error reporting task backlog information: IOError: 
[2022-01-12 10:53:17,758 I 147391 147637] raylet_client.cc:336: Error reporting task backlog information: IOError: 
[2022-01-12 10:53:18,758 I 147391 147637] raylet_client.cc:336: Error reporting task backlog information: IOError: 
[2022-01-12 10:53:19,758 I 147391 147637] raylet_client.cc:336: Error reporting task backlog information: IOError: 
[2022-01-12 10:53:20,758 I 147391 147637] raylet_client.cc:336: Error reporting task backlog information: IOError: 
[2022-01-12 10:53:21,758 I 147391 147637] raylet_client.cc:336: Error reporting task backlog information: IOError: 
[2022-01-12 10:53:22,758 I 147391 147637] raylet_client.cc:336: Error reporting task backlog information: IOError: 
[2022-01-12 10:53:23,758 I 147391 147637] raylet_client.cc:336: Error reporting task backlog information: IOError: 
[2022-01-12 10:53:24,758 I 147391 147637] raylet_client.cc:336: Error reporting task backlog information: IOError: 
[2022-01-12 10:53:25,759 I 147391 147637] raylet_client.cc:336: Error reporting task backlog information: IOError: 
[2022-01-12 10:53:25,907 W 147391 147638] metric_exporter.cc:206: Export metrics to agent failed: IOError: . This won't affect Ray, but you can lose metrics from the cluster.
[2022-01-12 10:53:26,759 I 147391 147637] raylet_client.cc:336: Error reporting task backlog information: IOError: 
[2022-01-12 10:53:27,759 I 147391 147637] raylet_client.cc:336: Error reporting task backlog information: IOError: 
[2022-01-12 10:53:28,759 I 147391 147637] raylet_client.cc:336: Error reporting task backlog information: IOError: 
[2022-01-12 10:53:29,759 I 147391 147637] raylet_client.cc:336: Error reporting task backlog information: IOError: 
[2022-01-12 10:53:30,759 I 147391 147637] raylet_client.cc:336: Error reporting task backlog information: IOError: 
[2022-01-12 10:53:31,759 I 147391 147637] raylet_client.cc:336: Error reporting task backlog information: IOError: 
[2022-01-12 10:53:32,760 I 147391 147637] raylet_client.cc:336: Error reporting task backlog information: IOError: 
[2022-01-12 10:53:33,760 I 147391 147637] raylet_client.cc:336: Error reporting task backlog information: IOError: 
[2022-01-12 10:53:34,760 I 147391 147637] raylet_client.cc:336: Error reporting task backlog information: IOError: 
[2022-01-12 10:53:35,760 I 147391 147637] raylet_client.cc:336: Error reporting task backlog information: IOError: 
[2022-01-12 10:53:35,919 W 147391 147638] metric_exporter.cc:206: Export metrics to agent failed: IOError: . This won't affect Ray, but you can lose metrics from the cluster.
[2022-01-12 10:53:36,761 I 147391 147637] raylet_client.cc:336: Error reporting task backlog information: IOError: 
[2022-01-12 10:53:37,761 I 147391 147637] raylet_client.cc:336: Error reporting task backlog information: IOError: 
[2022-01-12 10:53:38,761 I 147391 147637] raylet_client.cc:336: Error reporting task backlog information: IOError: 
[2022-01-12 10:53:39,761 I 147391 147637] raylet_client.cc:336: Error reporting task backlog information: IOError: 
[2022-01-12 10:53:40,762 I 147391 147637] raylet_client.cc:336: Error reporting task backlog information: IOError: 
[2022-01-12 10:53:41,762 I 147391 147637] raylet_client.cc:336: Error reporting task backlog information: IOError: 
[2022-01-12 10:53:42,762 I 147391 147637] raylet_client.cc:336: Error reporting task backlog information: IOError: 
[2022-01-12 10:53:43,762 I 147391 147637] raylet_client.cc:336: Error reporting task backlog information: IOError: 
[2022-01-12 10:53:44,762 I 147391 147637] raylet_client.cc:336: Error reporting task backlog information: IOError: 
[2022-01-12 10:53:45,763 I 147391 147637] raylet_client.cc:336: Error reporting task backlog information: IOError: 
[2022-01-12 10:53:45,933 W 147391 147638] metric_exporter.cc:206: Export metrics to agent failed: IOError: . This won't affect Ray, but you can lose metrics from the cluster.
[2022-01-12 10:53:46,763 I 147391 147637] raylet_client.cc:336: Error reporting task backlog information: IOError: 
[2022-01-12 10:53:47,763 I 147391 147637] raylet_client.cc:336: Error reporting task backlog information: IOError: 
[2022-01-12 10:53:48,764 I 147391 147637] raylet_client.cc:336: Error reporting task backlog information: IOError: 
[2022-01-12 10:53:49,764 I 147391 147637] raylet_client.cc:336: Error reporting task backlog information: IOError: 
[2022-01-12 10:53:50,764 I 147391 147637] raylet_client.cc:336: Error reporting task backlog information: IOError: 
[2022-01-12 10:53:51,765 I 147391 147637] raylet_client.cc:336: Error reporting task backlog information: IOError: 
[2022-01-12 10:53:52,765 I 147391 147637] raylet_client.cc:336: Error reporting task backlog information: IOError: 
[2022-01-12 10:53:53,765 I 147391 147637] raylet_client.cc:336: Error reporting task backlog information: IOError: 
[2022-01-12 10:53:54,765 I 147391 147637] raylet_client.cc:336: Error reporting task backlog information: IOError: 
[2022-01-12 10:53:55,766 I 147391 147637] raylet_client.cc:336: Error reporting task backlog information: IOError: 
[2022-01-12 10:53:55,947 W 147391 147638] metric_exporter.cc:206: Export metrics to agent failed: IOError: . This won't affect Ray, but you can lose metrics from the cluster.
[2022-01-12 10:53:56,766 I 147391 147637] raylet_client.cc:336: Error reporting task backlog information: IOError: 
[2022-01-12 10:53:57,766 I 147391 147637] raylet_client.cc:336: Error reporting task backlog information: IOError: 
[2022-01-12 10:53:58,766 I 147391 147637] raylet_client.cc:336: Error reporting task backlog information: IOError: 
[2022-01-12 10:53:59,767 I 147391 147637] raylet_client.cc:336: Error reporting task backlog information: IOError: 
[2022-01-12 10:54:00,767 I 147391 147637] raylet_client.cc:336: Error reporting task backlog information: IOError: 
[2022-01-12 10:54:01,767 I 147391 147637] raylet_client.cc:336: Error reporting task backlog information: IOError: 
[2022-01-12 10:54:02,767 I 147391 147637] raylet_client.cc:336: Error reporting task backlog information: IOError: 
[2022-01-12 10:54:03,768 I 147391 147637] raylet_client.cc:336: Error reporting task backlog information: IOError: 
[2022-01-12 10:54:04,768 I 147391 147637] raylet_client.cc:336: Error reporting task backlog information: IOError: 
[2022-01-12 10:54:05,768 I 147391 147637] raylet_client.cc:336: Error reporting task backlog information: IOError: 
[2022-01-12 10:54:05,961 W 147391 147638] metric_exporter.cc:206: Export metrics to agent failed: IOError: . This won't affect Ray, but you can lose metrics from the cluster.
[2022-01-12 10:54:06,768 I 147391 147637] raylet_client.cc:336: Error reporting task backlog information: IOError: 
[2022-01-12 10:54:07,769 I 147391 147637] raylet_client.cc:336: Error reporting task backlog information: IOError: 
[2022-01-12 10:54:08,769 I 147391 147637] raylet_client.cc:336: Error reporting task backlog information: IOError: 
[2022-01-12 10:54:09,769 I 147391 147637] raylet_client.cc:336: Error reporting task backlog information: IOError: 
[2022-01-12 10:54:10,769 I 147391 147637] raylet_client.cc:336: Error reporting task backlog information: IOError: 
[2022-01-12 10:54:11,769 I 147391 147637] raylet_client.cc:336: Error reporting task backlog information: IOError: 
[2022-01-12 10:54:12,770 I 147391 147637] raylet_client.cc:336: Error reporting task backlog information: IOError: 
[2022-01-12 10:54:13,770 I 147391 147637] raylet_client.cc:336: Error reporting task backlog information: IOError: 
[2022-01-12 10:54:14,770 I 147391 147637] raylet_client.cc:336: Error reporting task backlog information: IOError: 
[2022-01-12 10:54:15,771 I 147391 147637] raylet_client.cc:336: Error reporting task backlog information: IOError: 
[2022-01-12 10:54:15,977 W 147391 147638] metric_exporter.cc:206: Export metrics to agent failed: IOError: . This won't affect Ray, but you can lose metrics from the cluster.
[2022-01-12 10:54:16,771 I 147391 147637] raylet_client.cc:336: Error reporting task backlog information: IOError: 
[2022-01-12 10:54:17,771 I 147391 147637] raylet_client.cc:336: Error reporting task backlog information: IOError: 
[2022-01-12 10:54:18,771 I 147391 147637] raylet_client.cc:336: Error reporting task backlog information: IOError: 
[2022-01-12 10:54:19,772 I 147391 147637] raylet_client.cc:336: Error reporting task backlog information: IOError: 
[2022-01-12 10:54:20,772 I 147391 147637] raylet_client.cc:336: Error reporting task backlog information: IOError: 
[2022-01-12 10:54:21,772 I 147391 147637] raylet_client.cc:336: Error reporting task backlog information: IOError: 
[2022-01-12 10:54:22,772 I 147391 147637] raylet_client.cc:336: Error reporting task backlog information: IOError: 
[2022-01-12 10:54:23,773 I 147391 147637] raylet_client.cc:336: Error reporting task backlog information: IOError: 
[2022-01-12 10:54:24,773 I 147391 147637] raylet_client.cc:336: Error reporting task backlog information: IOError: 
[2022-01-12 10:54:25,773 I 147391 147637] raylet_client.cc:336: Error reporting task backlog information: IOError: 
[2022-01-12 10:54:25,993 W 147391 147638] metric_exporter.cc:206: Export metrics to agent failed: IOError: . This won't affect Ray, but you can lose metrics from the cluster.
[2022-01-12 10:54:26,773 I 147391 147637] raylet_client.cc:336: Error reporting task backlog information: IOError: 
[2022-01-12 10:54:27,774 I 147391 147637] raylet_client.cc:336: Error reporting task backlog information: IOError: 
[2022-01-12 10:54:28,774 I 147391 147637] raylet_client.cc:336: Error reporting task backlog information: IOError: 
[2022-01-12 10:54:29,774 I 147391 147637] raylet_client.cc:336: Error reporting task backlog information: IOError: 
[2022-01-12 10:54:30,775 I 147391 147637] raylet_client.cc:336: Error reporting task backlog information: IOError: 
[2022-01-12 10:54:31,775 I 147391 147637] raylet_client.cc:336: Error reporting task backlog information: IOError: 
[2022-01-12 10:54:32,775 I 147391 147637] raylet_client.cc:336: Error reporting task backlog information: IOError: 
[2022-01-12 10:54:33,775 I 147391 147637] raylet_client.cc:336: Error reporting task backlog information: IOError: 
[2022-01-12 10:54:34,776 I 147391 147637] raylet_client.cc:336: Error reporting task backlog information: IOError: 
[2022-01-12 10:54:35,776 I 147391 147637] raylet_client.cc:336: Error reporting task backlog information: IOError: 
[2022-01-12 10:54:36,009 W 147391 147638] metric_exporter.cc:206: Export metrics to agent failed: IOError: . This won't affect Ray, but you can lose metrics from the cluster.
[2022-01-12 10:54:36,776 I 147391 147637] raylet_client.cc:336: Error reporting task backlog information: IOError: 
[2022-01-12 10:54:37,777 I 147391 147637] raylet_client.cc:336: Error reporting task backlog information: IOError: 
[2022-01-12 10:54:38,777 I 147391 147637] raylet_client.cc:336: Error reporting task backlog information: IOError: 
[2022-01-12 10:54:39,777 I 147391 147637] raylet_client.cc:336: Error reporting task backlog information: IOError: 
[2022-01-12 10:54:40,777 I 147391 147637] raylet_client.cc:336: Error reporting task backlog information: IOError: 
[2022-01-12 10:54:41,777 I 147391 147637] raylet_client.cc:336: Error reporting task backlog information: IOError: 
[2022-01-12 10:54:42,778 I 147391 147637] raylet_client.cc:336: Error reporting task backlog information: IOError: 
[2022-01-12 10:54:43,778 I 147391 147637] raylet_client.cc:336: Error reporting task backlog information: IOError: 
[2022-01-12 10:54:44,778 I 147391 147637] raylet_client.cc:336: Error reporting task backlog information: IOError: 
[2022-01-12 10:54:45,779 I 147391 147637] raylet_client.cc:336: Error reporting task backlog information: IOError: 
[2022-01-12 10:54:46,027 W 147391 147638] metric_exporter.cc:206: Export metrics to agent failed: IOError: . This won't affect Ray, but you can lose metrics from the cluster.
[2022-01-12 10:54:46,779 I 147391 147637] raylet_client.cc:336: Error reporting task backlog information: IOError: 
[2022-01-12 10:54:47,779 I 147391 147637] raylet_client.cc:336: Error reporting task backlog information: IOError: 
[2022-01-12 10:54:48,780 I 147391 147637] raylet_client.cc:336: Error reporting task backlog information: IOError: 
[2022-01-12 10:54:49,780 I 147391 147637] raylet_client.cc:336: Error reporting task backlog information: IOError: 
[2022-01-12 10:54:50,780 I 147391 147637] raylet_client.cc:336: Error reporting task backlog information: IOError: 
[2022-01-12 10:54:51,780 I 147391 147637] raylet_client.cc:336: Error reporting task backlog information: IOError: 
[2022-01-12 10:54:52,781 I 147391 147637] raylet_client.cc:336: Error reporting task backlog information: IOError: 
[2022-01-12 10:54:53,781 I 147391 147637] raylet_client.cc:336: Error reporting task backlog information: IOError: 
[2022-01-12 10:54:54,781 I 147391 147637] raylet_client.cc:336: Error reporting task backlog information: IOError: 
[2022-01-12 10:54:55,781 I 147391 147637] raylet_client.cc:336: Error reporting task backlog information: IOError: 
[2022-01-12 10:54:56,043 W 147391 147638] metric_exporter.cc:206: Export metrics to agent failed: IOError: . This won't affect Ray, but you can lose metrics from the cluster.
[2022-01-12 10:54:56,781 I 147391 147637] raylet_client.cc:336: Error reporting task backlog information: IOError: 
[2022-01-12 10:54:57,782 I 147391 147637] raylet_client.cc:336: Error reporting task backlog information: IOError: 
[2022-01-12 10:54:58,782 I 147391 147637] raylet_client.cc:336: Error reporting task backlog information: IOError: 
[2022-01-12 10:54:59,782 I 147391 147637] raylet_client.cc:336: Error reporting task backlog information: IOError: 
[2022-01-12 10:55:00,783 I 147391 147637] raylet_client.cc:336: Error reporting task backlog information: IOError: 
[2022-01-12 10:55:01,783 I 147391 147637] raylet_client.cc:336: Error reporting task backlog information: IOError: 
[2022-01-12 10:55:02,783 I 147391 147637] raylet_client.cc:336: Error reporting task backlog information: IOError: 
[2022-01-12 10:55:03,783 I 147391 147637] raylet_client.cc:336: Error reporting task backlog information: IOError: 
[2022-01-12 10:55:04,784 I 147391 147637] raylet_client.cc:336: Error reporting task backlog information: IOError: 
[2022-01-12 10:55:05,784 I 147391 147637] raylet_client.cc:336: Error reporting task backlog information: IOError: 
[2022-01-12 10:55:06,059 W 147391 147638] metric_exporter.cc:206: Export metrics to agent failed: IOError: . This won't affect Ray, but you can lose metrics from the cluster.
[2022-01-12 10:55:06,784 I 147391 147637] raylet_client.cc:336: Error reporting task backlog information: IOError: 
[2022-01-12 10:55:07,784 I 147391 147637] raylet_client.cc:336: Error reporting task backlog information: IOError: 
[2022-01-12 10:55:08,784 I 147391 147637] raylet_client.cc:336: Error reporting task backlog information: IOError: 
[2022-01-12 10:55:09,784 I 147391 147637] raylet_client.cc:336: Error reporting task backlog information: IOError: 
[2022-01-12 10:55:10,784 I 147391 147637] raylet_client.cc:336: Error reporting task backlog information: IOError: 
[2022-01-12 10:55:11,784 I 147391 147637] raylet_client.cc:336: Error reporting task backlog information: IOError: 
[2022-01-12 10:55:12,784 I 147391 147637] raylet_client.cc:336: Error reporting task backlog information: IOError: 
[2022-01-12 10:55:13,785 I 147391 147637] raylet_client.cc:336: Error reporting task backlog information: IOError: 
[2022-01-12 10:55:14,785 I 147391 147637] raylet_client.cc:336: Error reporting task backlog information: IOError: 
[2022-01-12 10:55:15,785 I 147391 147637] raylet_client.cc:336: Error reporting task backlog information: IOError: 
[2022-01-12 10:55:16,068 W 147391 147638] metric_exporter.cc:206: Export metrics to agent failed: IOError: . This won't affect Ray, but you can lose metrics from the cluster.
[2022-01-12 10:55:16,785 I 147391 147637] raylet_client.cc:336: Error reporting task backlog information: IOError: 
[2022-01-12 10:55:17,785 I 147391 147637] raylet_client.cc:336: Error reporting task backlog information: IOError: 
[2022-01-12 10:55:18,785 I 147391 147637] raylet_client.cc:336: Error reporting task backlog information: IOError: 
[2022-01-12 10:55:19,786 I 147391 147637] raylet_client.cc:336: Error reporting task backlog information: IOError: 
[2022-01-12 10:55:20,786 I 147391 147637] raylet_client.cc:336: Error reporting task backlog information: IOError: 
[2022-01-12 10:55:21,786 I 147391 147637] raylet_client.cc:336: Error reporting task backlog information: IOError: 
[2022-01-12 10:55:22,786 I 147391 147637] raylet_client.cc:336: Error reporting task backlog information: IOError: 
[2022-01-12 10:55:23,787 I 147391 147637] raylet_client.cc:336: Error reporting task backlog information: IOError: 
[2022-01-12 10:55:24,787 I 147391 147637] raylet_client.cc:336: Error reporting task backlog information: IOError: 
[2022-01-12 10:55:25,787 I 147391 147637] raylet_client.cc:336: Error reporting task backlog information: IOError: 
[2022-01-12 10:55:26,082 W 147391 147638] metric_exporter.cc:206: Export metrics to agent failed: IOError: . This won't affect Ray, but you can lose metrics from the cluster.
[2022-01-12 10:55:26,787 I 147391 147637] raylet_client.cc:336: Error reporting task backlog information: IOError: 
[2022-01-12 10:55:27,787 I 147391 147637] raylet_client.cc:336: Error reporting task backlog information: IOError: 
[2022-01-12 10:55:28,788 I 147391 147637] raylet_client.cc:336: Error reporting task backlog information: IOError: 
[2022-01-12 10:55:29,788 I 147391 147637] raylet_client.cc:336: Error reporting task backlog information: IOError: 
[2022-01-12 10:55:30,788 I 147391 147637] raylet_client.cc:336: Error reporting task backlog information: IOError: 
[2022-01-12 10:55:31,788 I 147391 147637] raylet_client.cc:336: Error reporting task backlog information: IOError: 
[2022-01-12 10:55:32,788 I 147391 147637] raylet_client.cc:336: Error reporting task backlog information: IOError: 
[2022-01-12 10:55:33,789 I 147391 147637] raylet_client.cc:336: Error reporting task backlog information: IOError: 
[2022-01-12 10:55:34,789 I 147391 147637] raylet_client.cc:336: Error reporting task backlog information: IOError: 
[2022-01-12 10:55:35,789 I 147391 147637] raylet_client.cc:336: Error reporting task backlog information: IOError: 
[2022-01-12 10:55:36,096 W 147391 147638] metric_exporter.cc:206: Export metrics to agent failed: IOError: . This won't affect Ray, but you can lose metrics from the cluster.
[2022-01-12 10:55:36,790 I 147391 147637] raylet_client.cc:336: Error reporting task backlog information: IOError: 
[2022-01-12 10:55:37,790 I 147391 147637] raylet_client.cc:336: Error reporting task backlog information: IOError: 
[2022-01-12 10:55:38,790 I 147391 147637] raylet_client.cc:336: Error reporting task backlog information: IOError: 
[2022-01-12 10:55:39,790 I 147391 147637] raylet_client.cc:336: Error reporting task backlog information: IOError: 
[2022-01-12 10:55:40,791 I 147391 147637] raylet_client.cc:336: Error reporting task backlog information: IOError: 
[2022-01-12 10:55:41,791 I 147391 147637] raylet_client.cc:336: Error reporting task backlog information: IOError: 
[2022-01-12 10:55:42,791 I 147391 147637] raylet_client.cc:336: Error reporting task backlog information: IOError: 
[2022-01-12 10:55:43,792 I 147391 147637] raylet_client.cc:336: Error reporting task backlog information: IOError: 
[2022-01-12 10:55:44,792 I 147391 147637] raylet_client.cc:336: Error reporting task backlog information: IOError: 
[2022-01-12 10:55:45,792 I 147391 147637] raylet_client.cc:336: Error reporting task backlog information: IOError: 
[2022-01-12 10:55:46,110 W 147391 147638] metric_exporter.cc:206: Export metrics to agent failed: IOError: . This won't affect Ray, but you can lose metrics from the cluster.
[2022-01-12 10:55:46,793 I 147391 147637] raylet_client.cc:336: Error reporting task backlog information: IOError: 
[2022-01-12 10:55:47,793 I 147391 147637] raylet_client.cc:336: Error reporting task backlog information: IOError: 
[2022-01-12 10:55:48,793 I 147391 147637] raylet_client.cc:336: Error reporting task backlog information: IOError: 
[2022-01-12 10:55:49,793 I 147391 147637] raylet_client.cc:336: Error reporting task backlog information: IOError: 
[2022-01-12 10:55:50,794 I 147391 147637] raylet_client.cc:336: Error reporting task backlog information: IOError: 
[2022-01-12 10:55:51,794 I 147391 147637] raylet_client.cc:336: Error reporting task backlog information: IOError: 
[2022-01-12 10:55:52,794 I 147391 147637] raylet_client.cc:336: Error reporting task backlog information: IOError: 
[2022-01-12 10:55:53,795 I 147391 147637] raylet_client.cc:336: Error reporting task backlog information: IOError: 
[2022-01-12 10:55:54,795 I 147391 147637] raylet_client.cc:336: Error reporting task backlog information: IOError: 
[2022-01-12 10:55:55,795 I 147391 147637] raylet_client.cc:336: Error reporting task backlog information: IOError: 
[2022-01-12 10:55:56,125 W 147391 147638] metric_exporter.cc:206: Export metrics to agent failed: IOError: . This won't affect Ray, but you can lose metrics from the cluster.
[2022-01-12 10:55:56,795 I 147391 147637] raylet_client.cc:336: Error reporting task backlog information: IOError: 
[2022-01-12 10:55:57,796 I 147391 147637] raylet_client.cc:336: Error reporting task backlog information: IOError: 
[2022-01-12 10:55:58,796 I 147391 147637] raylet_client.cc:336: Error reporting task backlog information: IOError: 
[2022-01-12 10:55:59,796 I 147391 147637] raylet_client.cc:336: Error reporting task backlog information: IOError: 
[2022-01-12 10:56:00,797 I 147391 147637] raylet_client.cc:336: Error reporting task backlog information: IOError: 
[2022-01-12 10:56:01,797 I 147391 147637] raylet_client.cc:336: Error reporting task backlog information: IOError: 
[2022-01-12 10:56:02,797 I 147391 147637] raylet_client.cc:336: Error reporting task backlog information: IOError: 
[2022-01-12 10:56:03,797 I 147391 147637] raylet_client.cc:336: Error reporting task backlog information: IOError: 
[2022-01-12 10:56:04,798 I 147391 147637] raylet_client.cc:336: Error reporting task backlog information: IOError: 
[2022-01-12 10:56:05,798 I 147391 147637] raylet_client.cc:336: Error reporting task backlog information: IOError: 
[2022-01-12 10:56:06,138 W 147391 147638] metric_exporter.cc:206: Export metrics to agent failed: IOError: . This won't affect Ray, but you can lose metrics from the cluster.
[2022-01-12 10:56:06,798 I 147391 147637] raylet_client.cc:336: Error reporting task backlog information: IOError: 
[2022-01-12 10:56:07,798 I 147391 147637] raylet_client.cc:336: Error reporting task backlog information: IOError: 
[2022-01-12 10:56:08,799 I 147391 147637] raylet_client.cc:336: Error reporting task backlog information: IOError: 
[2022-01-12 10:56:09,799 I 147391 147637] raylet_client.cc:336: Error reporting task backlog information: IOError: 
[2022-01-12 10:56:10,799 I 147391 147637] raylet_client.cc:336: Error reporting task backlog information: IOError: 
[2022-01-12 10:56:11,799 I 147391 147637] raylet_client.cc:336: Error reporting task backlog information: IOError: 
[2022-01-12 10:56:12,799 I 147391 147637] raylet_client.cc:336: Error reporting task backlog information: IOError: 
[2022-01-12 10:56:13,800 I 147391 147637] raylet_client.cc:336: Error reporting task backlog information: IOError: 
[2022-01-12 10:56:14,800 I 147391 147637] raylet_client.cc:336: Error reporting task backlog information: IOError: 
[2022-01-12 10:56:15,800 I 147391 147637] raylet_client.cc:336: Error reporting task backlog information: IOError: 
[2022-01-12 10:56:16,150 W 147391 147638] metric_exporter.cc:206: Export metrics to agent failed: IOError: . This won't affect Ray, but you can lose metrics from the cluster.
[2022-01-12 10:56:16,801 I 147391 147637] raylet_client.cc:336: Error reporting task backlog information: IOError: 
[2022-01-12 10:56:17,801 I 147391 147637] raylet_client.cc:336: Error reporting task backlog information: IOError: 
[2022-01-12 10:56:18,801 I 147391 147637] raylet_client.cc:336: Error reporting task backlog information: IOError: 
[2022-01-12 10:56:19,801 I 147391 147637] raylet_client.cc:336: Error reporting task backlog information: IOError: 
[2022-01-12 10:56:20,802 I 147391 147637] raylet_client.cc:336: Error reporting task backlog information: IOError: 
[2022-01-12 10:56:21,802 I 147391 147637] raylet_client.cc:336: Error reporting task backlog information: IOError: 
[2022-01-12 10:56:22,802 I 147391 147637] raylet_client.cc:336: Error reporting task backlog information: IOError: 
[2022-01-12 10:56:23,803 I 147391 147637] raylet_client.cc:336: Error reporting task backlog information: IOError: 
[2022-01-12 10:56:24,803 I 147391 147637] raylet_client.cc:336: Error reporting task backlog information: IOError: 
[2022-01-12 10:56:25,803 I 147391 147637] raylet_client.cc:336: Error reporting task backlog information: IOError: 
[2022-01-12 10:56:26,164 W 147391 147638] metric_exporter.cc:206: Export metrics to agent failed: IOError: . This won't affect Ray, but you can lose metrics from the cluster.
[2022-01-12 10:56:26,804 I 147391 147637] raylet_client.cc:336: Error reporting task backlog information: IOError: 
[2022-01-12 10:56:27,804 I 147391 147637] raylet_client.cc:336: Error reporting task backlog information: IOError: 
[2022-01-12 10:56:28,804 I 147391 147637] raylet_client.cc:336: Error reporting task backlog information: IOError: 
[2022-01-12 10:56:29,805 I 147391 147637] raylet_client.cc:336: Error reporting task backlog information: IOError: 
[2022-01-12 10:56:30,805 I 147391 147637] raylet_client.cc:336: Error reporting task backlog information: IOError: 
[2022-01-12 10:56:31,805 I 147391 147637] raylet_client.cc:336: Error reporting task backlog information: IOError: 
[2022-01-12 10:56:32,805 I 147391 147637] raylet_client.cc:336: Error reporting task backlog information: IOError: 
[2022-01-12 10:56:33,806 I 147391 147637] raylet_client.cc:336: Error reporting task backlog information: IOError: 
[2022-01-12 10:56:34,806 I 147391 147637] raylet_client.cc:336: Error reporting task backlog information: IOError: 
[2022-01-12 10:56:35,806 I 147391 147637] raylet_client.cc:336: Error reporting task backlog information: IOError: 
[2022-01-12 10:56:36,178 W 147391 147638] metric_exporter.cc:206: Export metrics to agent failed: IOError: . This won't affect Ray, but you can lose metrics from the cluster.
[2022-01-12 10:56:36,807 I 147391 147637] raylet_client.cc:336: Error reporting task backlog information: IOError: 
[2022-01-12 10:56:37,807 I 147391 147637] raylet_client.cc:336: Error reporting task backlog information: IOError: 
[2022-01-12 10:56:38,807 I 147391 147637] raylet_client.cc:336: Error reporting task backlog information: IOError: 
[2022-01-12 10:56:39,807 I 147391 147637] raylet_client.cc:336: Error reporting task backlog information: IOError: 
[2022-01-12 10:56:40,808 I 147391 147637] raylet_client.cc:336: Error reporting task backlog information: IOError: 
[2022-01-12 10:56:41,808 I 147391 147637] raylet_client.cc:336: Error reporting task backlog information: IOError: 
[2022-01-12 10:56:42,808 I 147391 147637] raylet_client.cc:336: Error reporting task backlog information: IOError: 
[2022-01-12 10:56:43,809 I 147391 147637] raylet_client.cc:336: Error reporting task backlog information: IOError: 
[2022-01-12 10:56:44,809 I 147391 147637] raylet_client.cc:336: Error reporting task backlog information: IOError: 
[2022-01-12 10:56:45,809 I 147391 147637] raylet_client.cc:336: Error reporting task backlog information: IOError: 
[2022-01-12 10:56:46,193 W 147391 147638] metric_exporter.cc:206: Export metrics to agent failed: IOError: . This won't affect Ray, but you can lose metrics from the cluster.
[2022-01-12 10:56:46,810 I 147391 147637] raylet_client.cc:336: Error reporting task backlog information: IOError: 
[2022-01-12 10:56:47,810 I 147391 147637] raylet_client.cc:336: Error reporting task backlog information: IOError: 
[2022-01-12 10:56:48,810 I 147391 147637] raylet_client.cc:336: Error reporting task backlog information: IOError: 
[2022-01-12 10:56:49,811 I 147391 147637] raylet_client.cc:336: Error reporting task backlog information: IOError: 
[2022-01-12 10:56:50,811 I 147391 147637] raylet_client.cc:336: Error reporting task backlog information: IOError: 
[2022-01-12 10:56:51,811 I 147391 147637] raylet_client.cc:336: Error reporting task backlog information: IOError: 
[2022-01-12 10:56:52,812 I 147391 147637] raylet_client.cc:336: Error reporting task backlog information: IOError: 
[2022-01-12 10:56:53,812 I 147391 147637] raylet_client.cc:336: Error reporting task backlog information: IOError: 
[2022-01-12 10:56:54,812 I 147391 147637] raylet_client.cc:336: Error reporting task backlog information: IOError: 
[2022-01-12 10:56:55,812 I 147391 147637] raylet_client.cc:336: Error reporting task backlog information: IOError: 
[2022-01-12 10:56:56,209 W 147391 147638] metric_exporter.cc:206: Export metrics to agent failed: IOError: . This won't affect Ray, but you can lose metrics from the cluster.
[2022-01-12 10:56:56,813 I 147391 147637] raylet_client.cc:336: Error reporting task backlog information: IOError: 
[2022-01-12 10:56:57,813 I 147391 147637] raylet_client.cc:336: Error reporting task backlog information: IOError: 
[2022-01-12 10:56:58,813 I 147391 147637] raylet_client.cc:336: Error reporting task backlog information: IOError: 
[2022-01-12 10:56:59,813 I 147391 147637] raylet_client.cc:336: Error reporting task backlog information: IOError: 
[2022-01-12 10:57:00,814 I 147391 147637] raylet_client.cc:336: Error reporting task backlog information: IOError: 
[2022-01-12 10:57:01,814 I 147391 147637] raylet_client.cc:336: Error reporting task backlog information: IOError: 
[2022-01-12 10:57:02,814 I 147391 147637] raylet_client.cc:336: Error reporting task backlog information: IOError: 
[2022-01-12 10:57:03,814 I 147391 147637] raylet_client.cc:336: Error reporting task backlog information: IOError: 
[2022-01-12 10:57:04,815 I 147391 147637] raylet_client.cc:336: Error reporting task backlog information: IOError: 
[2022-01-12 10:57:05,815 I 147391 147637] raylet_client.cc:336: Error reporting task backlog information: IOError: 
[2022-01-12 10:57:06,223 W 147391 147638] metric_exporter.cc:206: Export metrics to agent failed: IOError: . This won't affect Ray, but you can lose metrics from the cluster.
[2022-01-12 10:57:06,815 I 147391 147637] raylet_client.cc:336: Error reporting task backlog information: IOError: 
[2022-01-12 10:57:07,816 I 147391 147637] raylet_client.cc:336: Error reporting task backlog information: IOError: 
[2022-01-12 10:57:08,816 I 147391 147637] raylet_client.cc:336: Error reporting task backlog information: IOError: 
[2022-01-12 10:57:09,816 I 147391 147637] raylet_client.cc:336: Error reporting task backlog information: IOError: 
[2022-01-12 10:57:10,817 I 147391 147637] raylet_client.cc:336: Error reporting task backlog information: IOError: 
[2022-01-12 10:57:11,817 I 147391 147637] raylet_client.cc:336: Error reporting task backlog information: IOError: 
[2022-01-12 10:57:12,817 I 147391 147637] raylet_client.cc:336: Error reporting task backlog information: IOError: 
[2022-01-12 10:57:13,817 I 147391 147637] raylet_client.cc:336: Error reporting task backlog information: IOError: 
[2022-01-12 10:57:14,817 I 147391 147637] raylet_client.cc:336: Error reporting task backlog information: IOError: 
[2022-01-12 10:57:15,818 I 147391 147637] raylet_client.cc:336: Error reporting task backlog information: IOError: 
[2022-01-12 10:57:16,237 W 147391 147638] metric_exporter.cc:206: Export metrics to agent failed: IOError: . This won't affect Ray, but you can lose metrics from the cluster.
[2022-01-12 10:57:16,818 I 147391 147637] raylet_client.cc:336: Error reporting task backlog information: IOError: 
[2022-01-12 10:57:17,818 I 147391 147637] raylet_client.cc:336: Error reporting task backlog information: IOError: 
[2022-01-12 10:57:18,818 I 147391 147637] raylet_client.cc:336: Error reporting task backlog information: IOError: 
[2022-01-12 10:57:19,819 I 147391 147637] raylet_client.cc:336: Error reporting task backlog information: IOError: 
[2022-01-12 10:57:20,819 I 147391 147637] raylet_client.cc:336: Error reporting task backlog information: IOError: 
[2022-01-12 10:57:21,819 I 147391 147637] raylet_client.cc:336: Error reporting task backlog information: IOError: 
[2022-01-12 10:57:22,819 I 147391 147637] raylet_client.cc:336: Error reporting task backlog information: IOError: 
[2022-01-12 10:57:23,820 I 147391 147637] raylet_client.cc:336: Error reporting task backlog information: IOError: 
[2022-01-12 10:57:24,820 I 147391 147637] raylet_client.cc:336: Error reporting task backlog information: IOError: 
[2022-01-12 10:57:25,820 I 147391 147637] raylet_client.cc:336: Error reporting task backlog information: IOError: 
[2022-01-12 10:57:26,253 W 147391 147638] metric_exporter.cc:206: Export metrics to agent failed: IOError: . This won't affect Ray, but you can lose metrics from the cluster.
[2022-01-12 10:57:26,820 I 147391 147637] raylet_client.cc:336: Error reporting task backlog information: IOError: 
[2022-01-12 10:57:27,821 I 147391 147637] raylet_client.cc:336: Error reporting task backlog information: IOError: 
[2022-01-12 10:57:28,821 I 147391 147637] raylet_client.cc:336: Error reporting task backlog information: IOError: 
[2022-01-12 10:57:29,821 I 147391 147637] raylet_client.cc:336: Error reporting task backlog information: IOError: 
[2022-01-12 10:57:30,821 I 147391 147637] raylet_client.cc:336: Error reporting task backlog information: IOError: 
[2022-01-12 10:57:31,822 I 147391 147637] raylet_client.cc:336: Error reporting task backlog information: IOError: 
[2022-01-12 10:57:32,822 I 147391 147637] raylet_client.cc:336: Error reporting task backlog information: IOError: 
[2022-01-12 10:57:33,822 I 147391 147637] raylet_client.cc:336: Error reporting task backlog information: IOError: 
[2022-01-12 10:57:34,823 I 147391 147637] raylet_client.cc:336: Error reporting task backlog information: IOError: 
[2022-01-12 10:57:35,704 E 147391 147499] gcs_server_address_updater.cc:76: Failed to receive the GCS address for 600 times without success. The worker will exit ungracefully. It is because GCS has died. It could be because there was an issue that kills GCS, such as high memory usage triggering OOM killer to kill GCS. Cluster will be highly likely unavailable if you see this log. Please check the log from gcs_server.err.
