[2022-01-12 10:28:13,779 I 147326 147326] io_service_pool.cc:35: IOServicePool is running with 1 io_service.
[2022-01-12 10:28:13,779 I 147326 147326] store_runner.cc:30: Allowing the Plasma store to use up to 8.59146GB of memory.
[2022-01-12 10:28:13,779 I 147326 147326] store_runner.cc:46: Starting object store with directory /dev/shm, fallback /home/reza/Dropbox/Prog/MERA/temp/, and huge page support disabled
[2022-01-12 10:28:13,779 I 147326 147356] dlmalloc.cc:146: create_and_mmap_buffer(8591507464, /dev/shm/plasmaXXXXXX)
[2022-01-12 10:28:13,780 I 147326 147326] grpc_server.cc:112: ObjectManager server started, listening on port 39591.
[2022-01-12 10:28:13,784 I 147326 147326] node_manager.cc:302: Initializing NodeManager with ID 3dc93f62d2b0db0a2513094bf0bee3cedaeac169882d3acc838b81ef
[2022-01-12 10:28:13,785 I 147326 147326] grpc_server.cc:112: NodeManager server started, listening on port 46387.
[2022-01-12 10:28:13,789 I 147326 147368] agent_manager.cc:85: Monitor agent process with pid 147367, register timeout 30000ms.
[2022-01-12 10:28:13,789 I 147326 147326] raylet.cc:103: Raylet of id, 3dc93f62d2b0db0a2513094bf0bee3cedaeac169882d3acc838b81ef started. Raylet consists of node_manager and object_manager. node_manager address: 131.215.21.210:46387 object_manager address: 131.215.21.210:39591 hostname: 131.215.21.210
[2022-01-12 10:28:13,790 I 147326 147326] accessor.cc:560: Received notification for node id = 3dc93f62d2b0db0a2513094bf0bee3cedaeac169882d3acc838b81ef, IsAlive = 1
[2022-01-12 10:28:13,888 I 147326 147326] worker_pool.cc:418: Started worker process of 1 worker(s) with pid 147387
[2022-01-12 10:28:13,888 I 147326 147326] worker_pool.cc:418: Started worker process of 1 worker(s) with pid 147388
[2022-01-12 10:28:13,889 I 147326 147326] worker_pool.cc:418: Started worker process of 1 worker(s) with pid 147389
[2022-01-12 10:28:13,889 I 147326 147326] worker_pool.cc:418: Started worker process of 1 worker(s) with pid 147390
[2022-01-12 10:28:13,891 I 147326 147326] worker_pool.cc:418: Started worker process of 1 worker(s) with pid 147391
[2022-01-12 10:28:13,900 I 147326 147326] worker_pool.cc:418: Started worker process of 1 worker(s) with pid 147392
[2022-01-12 10:28:13,901 I 147326 147326] worker_pool.cc:418: Started worker process of 1 worker(s) with pid 147393
[2022-01-12 10:28:13,915 I 147326 147326] worker_pool.cc:418: Started worker process of 1 worker(s) with pid 147394
[2022-01-12 10:28:13,923 I 147326 147326] worker_pool.cc:418: Started worker process of 1 worker(s) with pid 147395
[2022-01-12 10:28:13,936 I 147326 147326] worker_pool.cc:418: Started worker process of 1 worker(s) with pid 147396
[2022-01-12 10:28:13,942 I 147326 147326] worker_pool.cc:418: Started worker process of 1 worker(s) with pid 147397
[2022-01-12 10:28:13,952 I 147326 147326] worker_pool.cc:418: Started worker process of 1 worker(s) with pid 147401
[2022-01-12 10:28:14,489 I 147326 147356] object_store.cc:35: Object store current usage 8e-09 / 8.59146 GB.
[2022-01-12 10:28:14,676 I 147326 147326] node_manager.cc:541: New job has started. Job id 01000000 Driver pid 147214 is dead: 0 driver address: 131.215.21.210
[2022-01-12 10:28:14,844 I 147326 147326] agent_manager.cc:36: HandleRegisterAgent, ip: 131.215.21.210, port: 53952, pid: 147367
[2022-01-12 10:38:13,861 I 147326 147326] node_manager.cc:620: Sending Python GC request to 13 local workers to clean up Python cyclic references.
